1675526294691614
1675526294691834
1675526294691910
1675526294691986
1675526294692063
1675526294694620
1675526294694696
1675526294695699
1675526294696696
1675526294697775
1675526294698845
1675526294699844
1675526294700914
1675526294700990
1675526294701066
1675526294701213
1675526294702000
1675526294702998
1675526294704066
1675526294705138
1675526294707482
1675526294707558
1675526294710259
1675526294710407
1675526294710483
1675526294710568
1675526294710645
1675526294710721
1675526294710798
1675526294710944
1675526294711021
1675526294711098
1675526294711174
1675526294711251
1675526294711399
1675526294711475
1675526294711551
1675526294714180
1675526294714256
1675526294715258
1675526294716256
1675526294717406
1675526294718476
1675526294719546
1675526294720544
1675526294720692
1675526294720768
1675526294720844
1675526294721630
1675526294721706
1675526294721782
1675526294722710
1675526294723993
1675526294725068
1675526294727841
1675526294727917
1675526294728915
1675526294729011
1675526294729089
1675526294729166
1675526294729243
1675526294729958
1675526294730035
1675526294730111
1675526294730260
1675526294731045
1675526294731121
1675526294731198
1675526294732055
1675526294735986
1675526294736134
1675526294737061
1675526294738133
1675526294739139
1675526294740280
1675526294741348
1675526294741424
1675526294742424
1675526294743423
1675526294745912
1675526294746981
1675526294748051
1675526294748127
1675526294750828
1675526294750905
1675526294750981
1675526294751057
1675526294751205
1675526294751281
1675526294751366
1675526294751442
1675526294751519
1675526294751595
1675526294751743
1675526294751819
1675526294751895
1675526294751971
1675526294752047
1675526294754674
1675526294754751
1675526294754906
1675526294754982
1675526294755059
1675526294755135
1675526294755211
1675526294755296
1675526294755443
1675526294755804
1675526294756801
1675526294757871
1675526294759012
1675526294760083
1675526294761081
1675526294762575
1675526294762652
1675526294762728
1675526294763656
1675526294764655
1675526294765727
1675526294766797
1675526294767867
1675526294772132
1675526294772209
1675526294772285
1675526294772361
1675526294772438
1675526294772585
1675526294772662
1675526294772738
1675526294772815
1675526294772892
1675526294773040
1675526294773118
1675526294773194
1675526294773270
1675526294774196
1675526294775197
1675526294776274
1675526294777345
1675526294778344
1675526294779414
1675526294780835
1675526294780911
1675526294780988
1675526294781845
1675526294782913
1675526294786892
1675526294787890
1675526294788038
1675526294788965
1675526294789042
1675526294789118
1675526294789265
1675526294789350
1675526294790065
1675526294790142
1675526294790218
1675526294790294
1675526294791081
1675526294791157
1675526294791305
1675526294792587
1675526294792664
1675526294792741
1675526294792817
1675526294793673
1675526294794671
1675526294795767
1675526294796765
1675526294797844
1675526294800689
1675526294800836
1675526294800913
1675526294800989
1675526294801774
1675526294802846
1675526294803844
1675526294804915
1675526294805915
1675526294806982
1675526294807982
1675526294809050
1675526294809126
1675526294809203
1675526294809350
1675526294811915
1675526294812063
1675526294812140
1675526294812215
1675526294812292
1675526294812369
1675526294812516
1675526294812592
1675526294812668
1675526294812744
1675526294812821
1675526294812898
1675526294813046
1675526294813123
1675526294814050
1675526294819374
1675526294820452
1675526294820528
1675526294820605
1675526294820752
1675526294820829
1675526294821544
1675526294821621
1675526294821697
1675526294822553
1675526294822629
1675526294823628
1675526294824697
1675526294825698
1675526294826696
1675526294827836
1675526294828907
1675526294828992
1675526294829069
1675526294829146
1675526294831703
1675526294831780
1675526294831856
1675526294832004
1675526294832080
1675526294832156
1675526294832233
1675526294832310
1675526294832386
1675526294832535
1675526294832611
1675526294832759
1675526294833828
1675526294834909
1675526294835907
1675526294839886
1675526294840955
1675526294841102
1675526294841178
1675526294842034
1675526294842111
1675526294843110
1675526294844177
1675526294845206
1675526294846278
1675526294847350
1675526294848349
1675526294851188
1675526294851264
1675526294851349
1675526294851427
1675526294851504
1675526294851580
1675526294851727
1675526294851803
1675526294851880
1675526294851956
1675526294852032
1675526294852180
1675526294852257
1675526294852332
1675526294852410
1675526294854756
1675526294855834
1675526294856904
1675526294857910
1675526294858981
1675526294860050
1675526294861120
1675526294862119
1675526294863186
1675526294866969
1675526294868040
1675526294868117
1675526294869044
1675526294869192
1675526294869269
1675526294870551
1675526294870628
1675526294870703
1675526294870851
1675526294870948
1675526294871024
1675526294871102
1675526294871178
1675526294871611
1675526294871687
1675526294875805
1675526294875952
1675526294876029
1675526294876105
1675526294876181
1675526294876257
1675526294876404
1675526294876481
1675526294876556
1675526294876634
1675526294876933
1675526294877930
1675526294878998
1675526294880067
1675526294880143
1675526294881070
1675526294881218
1675526294881294
1675526294881370
1675526294882156
1675526294884927
1675526294885074
1675526294886003
1675526294887071
1675526294888140
1675526294888217
1675526294889152
1675526294889229
1675526294889377
1675526294889453
1675526294890239
1675526294890316
1675526294890392
1675526294890469
1675526294890545
1675526294891684
1675526294891832
1675526294892760
1675526294893829
1675526294894902
1675526294895830
1675526294896900
1675526294899891
1675526294899968
1675526294900045
1675526294900121
1675526294900907
1675526294900983
1675526294901060
1675526294901987
1675526294903056
1675526294904055
1675526294905056
1675526294906125
1675526294907194
1675526294908193
1675526294908269
1675526294911110
1675526294911195
1675526294911271
1675526294911348
1675526294911424
1675526294911571
1675526294911648
1675526294911723
1675526294911800
1675526294911877
1675526294912026
1675526294912104
1675526294912181
1675526294912257
1675526294916374
1675526294916449
1675526294916526
1675526294917391
1675526294918459
1675526294919528
1675526294920525
1675526294920672
1675526294920749
1675526294920824
1675526294921611
1675526294922680
1675526294922756
1675526294923683
1675526294924753
1675526294925824
1675526294928733
1675526294928809
1675526294928885
1675526294928969
1675526294929756
1675526294929832
1675526294929980
1675526294930057
1675526294930842
1675526294930918
1675526294930994
1675526294931071
1675526294931218
1675526294933703
1675526294933781
1675526294933928
1675526294934005
1675526294934790
1675526294935791
1675526294936869
1675526294938008
1675526294939079
1675526294940078
1675526294941145
1675526294941222
1675526294942220
1675526294942296
1675526294943294
1675526294945642
1675526294948408
1675526294948485
1675526294948561
1675526294948708
1675526294948785
1675526294948861
1675526294949583
1675526294949660
1675526294949736
1675526294949812
1675526294950598
1675526294950745
1675526294950821
1675526294950897
1675526294950974
1675526294953460
1675526294953536
1675526294953612
1675526294953688
1675526294953765
1675526294954480
1675526294955623
1675526294956631
1675526294957701
1675526294958843
1675526294959841
1675526294960910
1675526294960986
1675526294961133
1675526294961990
1675526294963270
1675526294967391
1675526294968459
1675526294968536
1675526294968612
1675526294968760
1675526294968835
1675526294969481
1675526294969636
1675526294969713
1675526294969790
1675526294970574
1675526294970652
1675526294970728
1675526294970875
1675526294970951
1675526294973439
1675526294973516
1675526294973663
1675526294974518
1675526294975589
1675526294976588
1675526294977657
1675526294978726
1675526294979742
1675526294980882
1675526294981951
1675526294983021
1675526294985369
1675526294988210
1675526294988286
1675526294988434
1675526294988511
1675526294989296
1675526294989373
1675526294989449
1675526294989527
1675526294990312
1675526294990459
1675526294990536
1675526294990621
1675526294990697
1675526294991412
1675526294991489
1675526294994188
1675526294994264
1675526294994411
1675526294994488
1675526294994565
1675526294994641
1675526294994717
1675526294994794
1675526294994943
1675526294995020
1675526294995240
1675526294996309
1675526294997386
1675526294998385
1675526294999525
1675526295000948
1675526295001024
1675526295001102
1675526295001249
1675526295002033
1675526295003032
1675526295004100
1675526295005140
1675526295006210
1675526295007350
1675526295011606
1675526295011683
1675526295011831
1675526295011854
1675526295012002
1675526295012080
1675526295012156
1675526295012232
1675526295012309
1675526295012456
1675526295012533
1675526295012610
1675526295012686
1675526295012762
1675526295012910
1675526295013767
1675526295014835
1675526295015836
1675526295016907
1675526295017984
1675526295020471
1675526295020547
1675526295020624
1675526295021623
1675526295021700
1675526295021776
1675526295021923
1675526295022708
1675526295022785
1675526295027331
1675526295027552
1675526295028621
1675526295028698
1675526295028846
1675526295028922
1675526295029019
1675526295029806
1675526295029882
1675526295029959
1675526295030035
1675526295030821
1675526295030969
1675526295031045
1675526295031121
1675526295033536
1675526295033683
1675526295033760
1675526295033836
1675526295034691
1675526295035765
1675526295036834
1675526295037844
1675526295038982
1675526295040051
1675526295041474
1675526295041549
1675526295042477
1675526295043615
1675526295047528
1675526295047606
1675526295048604
1675526295048751
1675526295048828
1675526295048905
1675526295049689
1675526295049765
1675526295049842
1675526295049999
1675526295050075
1675526295050790
1675526295050867
1675526295050943
1675526295051020
1675526295053578
1675526295053653
1675526295053730
1675526295053807
1675526295053882
1675526295054031
1675526295054107
1675526295054184
1675526295054615
1675526295055686
1675526295056836
1675526295057833
1675526295058902
1675526295059972
1675526295061043
1675526295062326
1675526295062403
1675526295063399
1675526295067261
1675526295068262
1675526295068409
1675526295068486
1675526295068561
1675526295069348
1675526295069424
1675526295069500
1675526295069586
1675526295070373
1675526295070521
1675526295070597
1675526295070673
1675526295070750
1675526295071465
1675526295074374
1675526295074450
1675526295074526
1675526295074603
1675526295074679
1675526295074827
1675526295075405
1675526295076474
1675526295077544
1675526295078551
1675526295079621
1675526295080692
1675526295080768
1675526295080844
1675526295080920
1675526295081990
1675526295082065
1675526295082994
1675526295084062
1675526295088038
1675526295088115
1675526295088192
1675526295089048
1675526295089125
1675526295089272
1675526295089357
1675526295090143
1675526295090219
1675526295090296
1675526295090373
1675526295090449
1675526295091164
1675526295091241
1675526295092238
1675526295095080
1675526295095156
1675526295095232
1675526295096089
1675526295097229
1675526295098297
1675526295099365
1675526295100372
1675526295100449
1675526295100596
1675526295101451
1675526295102521
1675526295103520
1675526295106008
1675526295107078
1675526295108146
1675526295108223
1675526295110921
1675526295110998
1675526295111074
1675526295111150
1675526295111298
1675526295111375
1675526295111459
1675526295111536
1675526295111613
1675526295111689
1675526295111836
1675526295111914
1675526295111990
1675526295112066
1675526295112143
1675526295114772
1675526295114848
1675526295114997
1675526295115073
1675526295115150
1675526295115226
1675526295115943
1675526295117022
1675526295118021
1675526295119090
1675526295120160
1675526295120236
1675526295121164
1675526295121311
1675526295121388
1675526295124085
1675526295124162
1675526295125161
1675526295126159
1675526295127299
1675526295128368
1675526295128444
1675526295128521
1675526295129457
1675526295129534
1675526295129611
1675526295129687
1675526295132313
1675526295132390
1675526295132467
1675526295132543
1675526295132691
1675526295132768
1675526295133480
1675526295133557
1675526295133632
1675526295133710
1675526295134494
1675526295135564
1675526295136640
1675526295137639
1675526295138778
1675526295140131
1675526295141130
1675526295142198
1675526295143268
1675526295144336
1675526295148239
1675526295148316
1675526295148392
1675526295148540
1675526295148616
1675526295149402
1675526295149478
1675526295149555
1675526295149652
1675526295150437
1675526295150514
1675526295150590
1675526295150738
1675526295150815
1675526295151529
1675526295154294
1675526295154371
1675526295154448
1675526295154595
1675526295154671
1675526295154748
1675526295154825
1675526295154903
1675526295155406
1675526295156411
1675526295157552
1675526295158621
1675526295159691
1675526295160688
1675526295161757
1675526295163177
1675526295163253
1675526295164322
1675526295168110
1675526295168257
1675526295168334
1675526295169190
1675526295169267
1675526295169344
1675526295169491
1675526295169576
1675526295170222
1675526295170369
1675526295170445
1675526295170522
1675526295171306
1675526295171383
1675526295171460
1675526295174230
1675526295174306
1675526295174382
1675526295174458
1675526295174535
1675526295174611
1675526295174758
1675526295175270
1675526295176277
1675526295177347
1675526295178415
1675526295179485
1675526295180625
1675526295180701
1675526295181630
1675526295182982
1675526295183059
1675526295183135
1675526295183992
1675526295185062
1675526295187898
1675526295188046
1675526295188122
1675526295188978
1675526295189063
1675526295189140
1675526295189286
1675526295190071
1675526295190148
1675526295190223
1675526295190300
1675526295191086
1675526295191162
1675526295191309
1675526295191385
1675526295194011
1675526295194088
1675526295194945
1675526295196014
1675526295197084
1675526295198091
1675526295199161
1675526295200232
1675526295200309
1675526295200385
1675526295200462
1675526295201247
1675526295201323
1675526295201471
1675526295202327
1675526295204741
1675526295207583
1675526295207660
1675526295208659
1675526295208736
1675526295208812
1675526295208898
1675526295208974
1675526295209689
1675526295209765
1675526295209842
1675526295209990
1675526295210777
1675526295210853
1675526295210930
1675526295211007
1675526295213563
1675526295213639
1675526295214567
1675526295215709
1675526295216707
1675526295217777
1675526295218855
1675526295219853
1675526295220922
1675526295220999
1675526295221074
1675526295222002
1675526295223000
1675526295223148
1675526295224075
1675526295226492
1675526295229333
1675526295229409
1675526295229486
1675526295229562
1675526295229710
1675526295229786
1675526295229871
1675526295229947
1675526295230024
1675526295230386
1675526295230462
1675526295230539
1675526295230686
1675526295231472
1675526295231548
1675526295234315
1675526295234393
1675526295234469
1675526295234617
1675526295234694
1675526295234770
1675526295234846
1675526295234932
1675526295235080
1675526295235370
1675526295236439
1675526295237507
1675526295238648
1675526295239715
1675526295240713
1675526295243551
1675526295243627
1675526295243704
1675526295244702
1675526295245773
1675526295246770
1675526295247839
1675526295247915
1675526295248923
1675526295248999
1675526295249076
1675526295249152
1675526295249229
1675526295251782
1675526295251860
1675526295251936
1675526295252083
1675526295252159
1675526295252235
1675526295252311
1675526295252388
1675526295252536
1675526295252967
1675526295253965
1675526295255048
1675526295256116
1675526295257185
1675526295258182
1675526295261092
1675526295261168
1675526295261245
1675526295261321
1675526295261469
1675526295262111
1675526295262259
1675526295263186
1675526295264325
1675526295265401
1675526295266471
1675526295267468
1675526295270315
1675526295270391
1675526295270468
1675526295270544
1675526295270621
1675526295270768
1675526295270845
1675526295270921
1675526295270998
1675526295271357
1675526295271433
1675526295271510
1675526295271657
1675526295272442
1675526295272519
1675526295273943
1675526295274953
1675526295276093
1675526295277164
1675526295278232
1675526295279231
1675526295280301
1675526295280377
1675526295281376
1675526295282374
1675526295284719
1675526295287562
1675526295288631
1675526295288707
1675526295288785
1675526295288861
1675526295289008
1675526295289683
1675526295289759
1675526295289836
1675526295289983
1675526295290768
1675526295290845
1675526295290921
1675526295290997
1675526295291073
1675526295294982
1675526295295060
1675526295295136
1675526295295213
1675526295295289
1675526295296003
1675526295297074
1675526295298080
1675526295299219
1675526295300289
1675526295300365
1675526295300514
1675526295301370
1675526295301447
1675526295302373
1675526295303441
1675526295304511
1675526295306857
1675526295307926
1675526295308002
1675526295308078
1675526295310849
1675526295310926
1675526295311011
1675526295311088
1675526295311164
1675526295311240
1675526295311388
1675526295311464
1675526295311540
1675526295311617
1675526295311693
1675526295311842
1675526295311918
1675526295311995
1675526295312071
1675526295314839
