1675526171343807
1675526171346549
1675526171346623
1675526171346696
1675526171346770
1675526171347597
1675526171347670
1675526171347744
1675526171347859
1675526171348661
1675526171348738
1675526171348888
1675526171349759
1675526171349836
1675526171350779
1675526171352153
1675526171353168
1675526171353246
1675526171355990
1675526171356067
1675526171356145
1675526171356222
1675526171356372
1675526171356449
1675526171357116
1675526171358189
1675526171359223
1675526171359365
1675526171360330
1675526171362662
1675526171365474
1675526171365616
1675526171365690
1675526171366585
1675526171366659
1675526171366732
1675526171366806
1675526171366948
1675526171367640
1675526171367714
1675526171367797
1675526171367872
1675526171368818
1675526171368895
1675526171369840
1675526171371143
1675526171374175
1675526171374253
1675526171374330
1675526171374407
1675526171374485
1675526171375211
1675526171376296
1675526171377311
1675526171378409
1675526171379509
1675526171380892
1675526171380966
1675526171383915
1675526171383989
1675526171384062
1675526171384136
1675526171384279
1675526171384352
1675526171384974
1675526171386006
1675526171386080
1675526171387044
1675526171387187
1675526171387260
1675526171387334
1675526171388127
1675526171388279
1675526171389448
1675526171389590
1675526171389664
1675526171392472
1675526171392546
1675526171392619
1675526171393583
1675526171393726
1675526171393799
1675526171394694
1675526171397162
1675526171399532
1675526171399610
1675526171399688
1675526171401855
1675526171402950
1675526171403027
1675526171403105
1675526171403977
1675526171406650
1675526171406727
1675526171406805
1675526171406882
1675526171406959
1675526171407686
1675526171407764
