1675526297332045
1675526297333043
1675526297334041
1675526297335109
1675526297337528
1675526297338598
1675526297339667
1675526297339744
1675526297339820
1675526297342668
1675526297342744
1675526297342820
1675526297342967
1675526297343044
1675526297343120
1675526297343197
1675526297343273
1675526297343420
1675526297343495
1675526297343573
1675526297343650
1675526297343725
1675526297343873
1675526297343949
1675526297347716
1675526297348725
1675526297348803
1675526297349800
1675526297349949
1675526297350025
1675526297350102
1675526297350958
1675526297351955
1675526297352032
1675526297352108
1675526297353034
1675526297354102
1675526297358079
1675526297359148
1675526297360216
1675526297360292
1675526297360378
1675526297360456
1675526297361240
1675526297361317
1675526297361464
1675526297361541
1675526297361617
1675526297362331
1675526297363894
1675526297364042
1675526297364117
1675526297364974
1675526297366067
1675526297367064
1675526297368133
1675526297369130
1675526297369287
1675526297369363
1675526297371848
1675526297371924
1675526297372071
1675526297372928
1675526297373996
1675526297375065
1675526297376070
1675526297377210
1675526297378207
1675526297381116
1675526297381264
1675526297381340
1675526297381416
1675526297381492
1675526297381578
1675526297381654
1675526297382156
1675526297382232
1675526297382380
1675526297382456
1675526297382532
1675526297383247
1675526297383395
1675526297383471
1675526297386100
1675526297386248
1675526297386324
1675526297386400
1675526297386476
1675526297386552
1675526297386709
1675526297386786
1675526297387217
1675526297388287
1675526297389355
1675526297389432
1675526297389508
1675526297390364
1675526297391433
1675526297394272
1675526297394348
1675526297395345
1675526297396352
1675526297397421
1675526297398491
1675526297399560
1675526297399645
1675526297399722
1675526297400649
1675526297400725
1675526297400802
1675526297400949
1675526297401663
1675526297401740
1675526297404650
1675526297404726
1675526297404802
1675526297404878
1675526297404954
1675526297405741
1675526297406739
1675526297407808
1675526297408887
1675526297409955
1675526297410031
1675526297411523
1675526297411600
1675526297411677
1675526297411753
1675526297411900
1675526297412615
1675526297412691
1675526297412768
1675526297413623
1675526297418987
1675526297419062
1675526297420061
1675526297420137
1675526297420236
1675526297420312
1675526297421097
1675526297421173
1675526297421250
1675526297421326
1675526297421402
1675526297422188
1675526297422265
1675526297422341
1675526297422417
1675526297423202
1675526297423279
1675526297423355
1675526297424281
1675526297425279
1675526297428131
1675526297428278
1675526297429206
1675526297429282
1675526297429429
1675526297429506
1675526297430291
1675526297431360
1675526297432429
1675526297433428
1675526297434497
1675526297435566
1675526297436637
1675526297437636
1675526297440482
1675526297440560
1675526297440650
1675526297440727
1675526297440803
1675526297440950
1675526297441594
1675526297441670
1675526297441746
1675526297441822
1675526297441970
1675526297442684
1675526297442760
1675526297442837
1675526297442984
1675526297445468
1675526297445545
1675526297446627
1675526297447636
1675526297448706
1675526297449774
1675526297449850
1675526297449927
1675526297450074
1675526297450859
1675526297451929
1675526297452006
1675526297452082
1675526297452939
1675526297455427
1675526297456575
1675526297457573
1675526297458641
1675526297459782
1675526297462631
1675526297462707
1675526297462783
1675526297462860
1675526297462936
1675526297463012
1675526297463159
1675526297463236
1675526297463312
1675526297463388
1675526297463465
1675526297463541
1675526297463689
1675526297463765
1675526297463842
1675526297466566
1675526297467716
1675526297468786
1675526297468862
1675526297469861
1675526297469937
1675526297470014
1675526297470161
1675526297470946
1675526297472016
1675526297473014
1675526297474081
1675526297475150
1675526297476296
1675526297477295
1675526297479850
1675526297479926
1675526297480012
1675526297480089
1675526297480945
1675526297483786
1675526297483863
1675526297483939
1675526297484016
1675526297484092
1675526297484239
1675526297484315
1675526297484391
1675526297484467
1675526297484543
1675526297484833
1675526297485839
1675526297485988
1675526297486923
1675526297488135
1675526297490904
1675526297490980
1675526297491128
1675526297491204
1675526297491279
1675526297491994
1675526297492071
1675526297493068
1675526297494136
1675526297495134
1675526297496210
1675526297497278
1675526297500190
1675526297500267
1675526297500353
1675526297501210
1675526297501286
1675526297501362
1675526297501438
1675526297502294
1675526297502370
1675526297502446
1675526297502522
1675526297502599
1675526297503314
1675526297503390
1675526297503466
1675526297506239
1675526297506316
1675526297506392
1675526297506477
1675526297507333
1675526297508331
1675526297509470
1675526297509617
1675526297509693
1675526297509769
1675526297510554
1675526297511624
1675526297511700
1675526297511847
1675526297512704
1675526297516562
1675526297517632
1675526297518701
1675526297519769
1675526297519855
1675526297519931
1675526297520857
1675526297520934
1675526297521010
1675526297521866
1675526297521943
1675526297524710
1675526297524786
1675526297524863
1675526297525011
1675526297525087
1675526297525810
1675526297526880
1675526297527948
1675526297529016
1675526297529103
1675526297530029
1675526297530177
1675526297530253
1675526297530329
1675526297531186
1675526297532538
1675526297533536
1675526297534604
1675526297538581
1675526297539648
1675526297539725
1675526297539871
1675526297539949
1675526297540025
1675526297540740
1675526297540825
1675526297540902
1675526297540979
1675526297541834
1675526297541911
1675526297541987
1675526297542064
1675526297542141
1675526297544626
1675526297544702
1675526297544778
1675526297544926
1675526297545002
1675526297545078
1675526297545729
1675526297546729
1675526297547805
1675526297548802
1675526297548950
1675526297549026
1675526297549953
1675526297550030
1675526297550958
1675526297552381
1675526297552458
1675526297556436
1675526297557506
1675526297558502
1675526297559641
1675526297559718
1675526297559794
1675526297560649
1675526297560757
1675526297560834
1675526297560911
1675526297561767
1675526297561844
1675526297561920
1675526297561997
1675526297562073
1675526297564631
1675526297564707
1675526297564784
1675526297564860
1675526297564936
1675526297565800
1675526297566727
1675526297567794
1675526297568870
1675526297569938
1675526297570015
1675526297570091
1675526297570167
1675526297571023
1675526297572020
1675526297573370
1675526297574439
1675526297575508
1675526297576506
1675526297579343
1675526297579419
1675526297579567
1675526297579642
1675526297579719
1675526297580441
1675526297580590
1675526297580666
1675526297580743
1675526297581456
1675526297581603
1675526297581680
1675526297581754
1675526297581832
1675526297582617
1675526297585457
1675526297585533
1675526297585609
1675526297585708
1675526297585792
1675526297586507
1675526297587655
1675526297588724
1675526297589721
1675526297589798
1675526297589874
1675526297590021
1675526297590806
1675526297591804
1675526297591952
1675526297594296
1675526297595365
1675526297596441
1675526297597439
1675526297600350
1675526297600426
1675526297600574
1675526297600660
1675526297601445
1675526297601521
1675526297601598
1675526297601674
1675526297601821
1675526297602534
1675526297602611
1675526297602687
1675526297602764
1675526297603549
1675526297604616
1675526297607444
1675526297608515
1675526297608662
1675526297609661
1675526297609747
1675526297609824
1675526297609900
1675526297609975
1675526297610762
1675526297611762
1675526297612831
1675526297613971
1675526297614968
1675526297615992
1675526297619971
1675526297620048
1675526297620975
1675526297621052
1675526297621129
1675526297621205
1675526297621361
1675526297622077
1675526297622153
1675526297622229
1675526297622376
1675526297623090
1675526297623167
1675526297625938
1675526297626085
1675526297626161
1675526297626237
1675526297626313
1675526297626389
1675526297626536
1675526297627039
1675526297628178
1675526297629256
1675526297629333
1675526297629409
1675526297630336
1675526297631335
1675526297632404
1675526297635246
1675526297635323
1675526297636273
1675526297636350
1675526297637347
1675526297638487
1675526297639486
1675526297639562
1675526297639639
1675526297639715
1675526297640580
1675526297640656
1675526297640733
1675526297640880
1675526297641664
1675526297644433
1675526297644581
1675526297644657
1675526297644733
1675526297644810
1675526297644886
1675526297645600
1675526297646715
1675526297647714
1675526297648783
1675526297649851
1675526297649937
1675526297650085
1675526297650161
1675526297650875
1675526297652299
1675526297652446
1675526297652523
1675526297652599
1675526297653454
1675526297657429
1675526297658498
1675526297659637
1675526297659783
1675526297659860
1675526297659937
1675526297660722
1675526297660807
1675526297660884
1675526297661031
1675526297661816
1675526297661893
1675526297661969
1675526297662046
1675526297662121
1675526297664610
1675526297664687
1675526297664834
1675526297664910
1675526297664986
1675526297665063
1675526297665139
1675526297665720
1675526297666853
1675526297667924
1675526297668994
1675526297669141
1675526297669218
1675526297670004
1675526297670152
1675526297672642
1675526297673642
1675526297674782
1675526297684205
1675526297684285
1675526297684362
1675526297684439
1675526297684587
1675526297684664
1675526297684756
1675526297684833
1675526297684910
1675526297684986
1675526297685133
1675526297685211
1675526297685287
1675526297685362
1675526297685439
1675526297685586
1675526297685663
1675526297685742
1675526297685817
1675526297685966
1675526297686042
1675526297686119
1675526297686221
1675526297687007
1675526297688145
1675526297689213
1675526297689289
1675526297690216
1675526297690294
1675526297691362
1675526297692786
1675526297693855
1675526297694854
1675526297695931
1675526297698842
1675526297698920
1675526297699918
1675526297699994
1675526297700079
1675526297700227
1675526297701014
1675526297701090
1675526297701166
1675526297701243
1675526297701320
1675526297702034
1675526297702182
1675526297702259
1675526297702335
1675526297704963
1675526297705039
1675526297705186
1675526297705262
1675526297706059
1675526297707135
1675526297708204
1675526297709202
1675526297709349
1675526297710348
1675526297710424
1675526297710500
1675526297711357
1675526297711433
1675526297712359
1675526297714775
1675526297718685
1675526297719754
1675526297719830
1675526297719906
1675526297720054
1675526297720849
1675526297720926
1675526297721002
1675526297721078
1675526297721865
1675526297722012
1675526297722089
1675526297722165
1675526297722881
1675526297722958
1675526297726799
1675526297726874
1675526297726951
1675526297727878
1675526297728875
1675526297729023
1675526297729107
1675526297729184
1675526297730040
1675526297730116
1675526297731043
1675526297732110
1675526297733108
1675526297734248
1675526297736670
1675526297737809
1675526297738808
1675526297739876
1675526297739952
1675526297742720
1675526297742797
1675526297742945
1675526297743030
1675526297743107
1675526297743183
1675526297743260
1675526297743336
1675526297743413
1675526297743490
1675526297743637
1675526297743714
1675526297743791
1675526297743868
1675526297743944
1675526297746716
1675526297746793
1675526297746940
1675526297747016
1675526297747100
1675526297747816
1675526297748955
1675526297749031
1675526297749108
1675526297750034
1675526297750111
1675526297751109
1675526297752106
1675526297752253
1675526297752330
1675526297756093
1675526297757162
1675526297758160
1675526297759299
1675526297759375
1675526297759459
1675526297759537
1675526297760392
1675526297760469
1675526297760545
1675526297760621
1675526297761477
1675526297761554
1675526297761701
1675526297761777
1675526297764335
1675526297764411
1675526297764559
1675526297765485
1675526297766490
1675526297767629
1675526297768708
1675526297769778
1675526297769854
1675526297769929
1675526297770858
1675526297771854
1675526297773208
1675526297774351
1675526297778189
1675526297779328
1675526297779406
1675526297779482
1675526297780339
1675526297780415
1675526297780491
1675526297780567
1675526297780652
1675526297781438
1675526297781515
1675526297781591
1675526297781668
1675526297782454
1675526297782529
1675526297785370
1675526297785447
1675526297785523
1675526297785670
1675526297785753
1675526297785830
1675526297785907
1675526297786408
1675526297787550
1675526297788557
1675526297788633
1675526297789632
1675526297789709
1675526297789785
1675526297789862
1675526297792065
1675526297792142
1675526297793069
1675526297794208
1675526297795207
1675526297799185
1675526297800254
1675526297800330
1675526297801329
1675526297801404
1675526297801490
1675526297801637
1675526297802282
1675526297802428
1675526297802505
1675526297802581
1675526297802657
1675526297803373
1675526297803450
1675526297803597
1675526297806300
1675526297806377
1675526297807303
1675526297808370
1675526297809367
1675526297809444
1675526297809600
1675526297809676
1675526297810463
1675526297810610
1675526297811609
1675526297811685
1675526297812611
1675526297812687
1675526297813685
1675526297816179
1675526297817249
1675526297818317
1675526297819386
1675526297819463
1675526297819539
1675526297820395
1675526297820480
1675526297820556
1675526297823255
1675526297823332
1675526297823408
1675526297823556
1675526297823632
1675526297823709
1675526297823785
1675526297823861
1675526297823937
1675526297824014
1675526297824303
1675526297825373
1675526297826520
1675526297827517
1675526297828607
1675526297831520
1675526297831597
1675526297831674
1675526297831750
1675526297831898
1675526297832612
1675526297833608
1675526297834677
1675526297835747
1675526297836888
1675526297837885
1675526297838954
1675526297839950
1675526297840028
1675526297840175
1675526297844229
1675526297844377
1675526297844453
1675526297844529
1675526297844606
1675526297844682
1675526297844757
1675526297844834
1675526297844982
1675526297845058
1675526297845134
1675526297845281
1675526297846428
1675526297847425
1675526297848496
1675526297848645
1675526297849509
1675526297849657
1675526297849733
1675526297849810
1675526297852082
1675526297852159
1675526297852236
1675526297853091
1675526297857141
1675526297858137
1675526297859207
1675526297859283
1675526297860281
1675526297860357
1675526297860433
1675526297860581
1675526297860666
1675526297861381
1675526297861457
1675526297861533
1675526297861610
1675526297862324
1675526297862400
1675526297865240
1675526297865316
1675526297865463
1675526297865540
1675526297865616
1675526297865699
1675526297865775
1675526297865852
1675526297865999
1675526297866084
1675526297866303
1675526297867371
1675526297868441
1675526297869509
1675526297869586
1675526297872358
1675526297873496
1675526297873573
1675526297873649
1675526297874505
1675526297875574
1675526297876580
1675526297877720
1675526297878717
1675526297879787
1675526297879873
1675526297879950
1675526297880025
1675526297880812
1675526297880889
1675526297883732
1675526297883880
1675526297883956
1675526297884032
1675526297884109
1675526297884185
1675526297884261
1675526297884337
1675526297884769
1675526297885845
1675526297886914
1675526297887992
1675526297889062
1675526297890131
1675526297893042
1675526297893119
1675526297893195
1675526297893272
1675526297893348
1675526297893496
1675526297894069
1675526297895138
1675526297896214
1675526297897210
1675526297898278
1675526297901189
1675526297901265
1675526297901351
1675526297901427
1675526297901504
1675526297901580
1675526297902153
1675526297902300
1675526297902376
1675526297902452
1675526297902528
1675526297903173
1675526297903320
1675526297903396
1675526297903472
1675526297906104
1675526297907173
1675526297908243
1675526297909321
1675526297909398
1675526297909474
1675526297909550
1675526297910265
1675526297910412
1675526297911340
1675526297912409
1675526297912485
1675526297912562
1675526297914764
1675526297915841
1675526297916837
1675526297917975
1675526297918973
1675526297921884
1675526297921970
1675526297922046
1675526297922193
1675526297922270
1675526297922345
1675526297922422
1675526297922498
1675526297922574
1675526297922933
1675526297923010
1675526297923086
1675526297923163
1675526297923311
1675526297923954
1675526297926868
1675526297927936
1675526297929012
1675526297929089
1675526297929166
1675526297930022
1675526297930098
1675526297930174
1675526297931030
1675526297932098
1675526297933168
1675526297934165
1675526297935163
1675526297936239
1675526297937238
1675526297938802
1675526297939799
1675526297939875
1675526297939960
1675526297940036
1675526297940113
1675526297940828
1675526297940904
1675526297940981
1675526297941057
1675526297945097
1675526297945174
1675526297945250
1675526297945398
1675526297945474
1675526297945550
1675526297945627
1675526297945710
1675526297945787
1675526297946227
1675526297947225
1675526297948292
1675526297949289
1675526297949437
1675526297949513
1675526297950368
1675526297951436
1675526297951512
1675526297952510
1675526297952586
1675526297954857
1675526297955932
1675526297958914
