1675526518106476
1675526518106550
1675526518106691
1675526518106771
1675526518106850
1675526518107001
1675526518107151
1675526518109752
1675526518111198
1675526518111276
1675526518115320
1675526518115398
1675526518115485
1675526518115562
1675526518115712
1675526518115790
1675526518115867
1675526518115945
1675526518116743
1675526518119285
1675526518119359
1675526518121763
1675526518124713
1675526518124788
1675526518124862
1675526518125005
1675526518125079
1675526518125153
1675526518125237
1675526518125380
1675526518125453
1675526518125528
1675526518125602
1675526518125744
1675526518125819
1675526518125893
1675526518126036
1675526518127269
1675526518128718
1675526518131319
1675526518132696
1675526518132774
1675526518132851
1675526518135236
1675526518135394
1675526518135473
1675526518136632
1675526518139278
1675526518139352
1675526518139427
1675526518141761
1675526518144711
1675526518144786
1675526518144860
1675526518145003
1675526518145077
1675526518145151
1675526518145225
1675526518145368
1675526518145442
1675526518145537
1675526518145611
1675526518145685
1675526518145828
1675526518145902
1675526518145976
1675526518147412
1675526518147491
1675526518147641
1675526518147718
1675526518147796
1675526518147873
1675526518147951
1675526518148100
1675526518151204
1675526518155033
1675526518155119
1675526518155197
1675526518155347
1675526518155425
1675526518155502
1675526518156445
1675526518157902
1675526518160512
1675526518161889
1675526518162032
1675526518162106
1675526518166087
1675526518166161
1675526518166235
1675526518166378
1675526518166452
1675526518166535
1675526518166609
1675526518166685
1675526518166838
1675526518166916
1675526518166993
1675526518167071
1675526518167149
1675526518167299
1675526518167377
1675526518167454
1675526518170054
1675526518170133
1675526518171435
1675526518174035
1675526518174113
1675526518174200
1675526518174350
1675526518174428
1675526518175442
1675526518175520
1675526518176888
1675526518177031
1675526518179569
1675526518182041
1675526518184924
1675526518185067
1675526518185142
1675526518185216
1675526518185290
1675526518185433
1675526518185507
1675526518185589
1675526518185663
1675526518185737
1675526518185880
1675526518185954
1675526518186028
1675526518186170
1675526518186245
1675526518187556
1675526518187634
1675526518187712
1675526518190021
1675526518192547
1675526518193923
1675526518194073
1675526518194151
1675526518196543
1675526518196621
1675526518196701
1675526518196844
1675526518196918
1675526518197952
1675526518199397
1675526518202003
1675526518202147
1675526518202221
1675526518202295
1675526518204973
1675526518205047
1675526518205121
1675526518205264
1675526518205338
1675526518205421
1675526518205496
1675526518205570
1675526518205713
1675526518205787
1675526518205861
1675526518205935
1675526518206078
1675526518207560
1675526518207638
1675526518207715
1675526518207866
1675526518207944
1675526518211265
1675526518212713
1675526518212791
1675526518212877
1675526518214180
1675526518216808
1675526518216883
1675526518217026
1675526518217100
1675526518218202
1675526518219647
1675526518219790
1675526518223562
1675526518223636
1675526518223711
1675526518223785
1675526518223928
1675526518224001
1675526518224075
1675526518227573
1675526518227652
1675526518227803
1675526518227881
1675526518227959
1675526518228037
1675526518228115
1675526518228265
1675526518228343
1675526518228421
1675526518228499
1675526518228576
1675526518231393
1675526518231543
1675526518231621
1675526518232779
1675526518232939
1675526518233018
1675526518233095
1675526518233173
1675526518234333
1675526518234411
1675526518234488
1675526518236933
1675526518238310
1675526518239825
1675526518243941
1675526518244084
1675526518244158
1675526518244232
1675526518244306
1675526518244449
1675526518244532
1675526518244605
1675526518244681
1675526518244755
1675526518244897
1675526518244972
1675526518245321
1675526518245396
1675526518245470
1675526518245612
1675526518245686
1675526518247985
1675526518251669
1675526518253045
1675526518253196
1675526518253274
1675526518255667
1675526518255819
1675526518255896
1675526518257064
1675526518257142
1675526518259672
1675526518261047
1675526518265231
1675526518265310
1675526518265388
1675526518265465
1675526518265615
1675526518265693
1675526518265770
1675526518265847
1675526518265925
1675526518266020
1675526518266171
1675526518266249
1675526518266327
1675526518266405
1675526518266555
1675526518267872
1675526518267946
1675526518268021
1675526518268163
1675526518268237
1675526518268311
1675526518268385
1675526518268528
1675526518268602
1675526518270321
1675526518274170
1675526518274313
1675526518274388
1675526518274461
1675526518274535
1675526518275568
1675526518277054
1675526518277132
1675526518279663
1675526518281040
1675526518285229
1675526518285308
1675526518285386
1675526518285464
1675526518285614
1675526518285692
1675526518285790
1675526518285868
1675526518285946
1675526518286024
1675526518286173
1675526518286251
1675526518286329
1675526518286407
1675526518286557
1675526518286635
1675526518286729
1675526518289202
1675526518289277
1675526518290585
1675526518294703
1675526518294778
1675526518294929
1675526518295003
1675526518295078
1675526518295152
1675526518295226
1675526518295369
1675526518295443
1675526518296065
1675526518297553
1675526518300224
1675526518301527
1675526518301678
1675526518305721
1675526518305799
1675526518305949
1675526518306027
1675526518306114
1675526518306192
1675526518306269
1675526518306347
1675526518306497
1675526518306575
1675526518306656
1675526518306800
1675526518306874
1675526518306949
1675526518307092
1675526518307166
1675526518309707
1675526518312179
1675526518313554
1675526518313697
1675526518313781
1675526518316183
1675526518316326
1675526518316399
1675526518316473
1675526518316548
1675526518317559
1675526518320161
1675526518320311
1675526518321542
1675526518321693
1675526518321770
1675526518325739
1675526518325816
1675526518325894
1675526518325971
1675526518326057
1675526518326208
1675526518326285
1675526518326363
1675526518326441
1675526518326518
1675526518326670
1675526518326745
1675526518326819
1675526518326893
1675526518327036
1675526518327179
1675526518327253
1675526518330957
1675526518332332
1675526518332407
1675526518334957
1675526518335031
1675526518335105
1675526518335248
1675526518336350
1675526518337840
1675526518339288
1675526518341958
1675526518342036
1675526518342113
1675526518342191
1675526518344791
1675526518344941
1675526518345019
1675526518345097
1675526518345175
1675526518345261
1675526518345339
1675526518345488
1675526518345566
1675526518345644
1675526518345722
1675526518345799
1675526518345949
1675526518347431
1675526518347574
1675526518349976
1675526518351352
1675526518351427
1675526518354033
1675526518354176
1675526518354250
1675526518354332
1675526518354407
1675526518354481
1675526518357985
1675526518358063
1675526518358141
1675526518360453
1675526518361830
1675526518361908
1675526518361986
1675526518365959
1675526518366037
1675526518366115
1675526518366193
1675526518366343
1675526518366421
1675526518366507
1675526518366585
1675526518366734
1675526518366808
1675526518366883
1675526518367026
1675526518367100
1675526518367174
1675526518367318
1675526518369929
1675526518372470
1675526518373779
1675526518373922
1675526518373996
1675526518376399
1675526518376543
1675526518376626
1675526518376690
1675526518377782
1675526518379303
1675526518379382
1675526518381911
1675526518381988
1675526518382138
1675526518382216
1675526518384816
1675526518384894
1675526518384972
1675526518385121
1675526518385200
1675526518385277
1675526518385354
1675526518385441
1675526518385519
1675526518385597
1675526518385675
1675526518385825
1675526518385902
1675526518387671
1675526518387750
1675526518387827
1675526518387904
1675526518387983
1675526518388133
1675526518388210
1675526518390090
1675526518392547
1675526518395294
1675526518395381
1675526518395532
1675526518395610
1675526518395687
1675526518395764
1675526518395842
1675526518395992
1675526518397959
1675526518398033
1675526518399342
1675526518401953
1675526518402026
1675526518402101
1675526518402175
1675526518404579
1675526518404653
1675526518404736
1675526518404811
1675526518404953
1675526518405027
1675526518405101
1675526518405175
1675526518405935
1675526518406078
1675526518407336
1675526518407414
1675526518407492
1675526518407570
1675526518409812
1675526518413708
1675526518413785
1675526518413863
1675526518413949
1675526518414027
1675526518414176
1675526518415046
1675526518415196
1675526518417691
1675526518417765
1675526518417839
1675526518419079
1675526518421687
1675526518421762
1675526518421836
1675526518424581
1675526518424655
1675526518424729
1675526518424872
1675526518424965
1675526518425040
1675526518425114
1675526518425188
1675526518425330
1675526518425404
1675526518425478
1675526518425551
1675526518425694
1675526518427149
1675526518427291
1675526518430928
1675526518432304
1675526518432447
1675526518434918
1675526518434992
1675526518435075
1675526518436314
1675526518438923
1675526518439001
1675526518440306
1675526518444420
1675526518444570
1675526518444647
1675526518444725
1675526518444803
1675526518444880
1675526518445030
1675526518445108
1675526518445185
1675526518445263
1675526518445340
1675526518445427
1675526518445577
1675526518445655
1675526518445805
1675526518445883
1675526518445961
1675526518446111
1675526518446189
1675526518446266
1675526518447323
1675526518451165
1675526518452542
1675526518452685
1675526518452759
1675526518455162
1675526518455237
1675526518455388
1675526518455463
1675526518456565
1675526518458062
1675526518460664
1675526518463193
1675526518463271
1675526518463348
1675526518463426
1675526518466097
1675526518466175
1675526518466253
1675526518466330
1675526518466408
1675526518466557
1675526518466635
1675526518466738
1675526518466812
1675526518466886
1675526518466960
1675526518467103
1675526518467177
1675526518467251
1675526518467393
1675526518467604
1675526518470145
1675526518470287
1675526518470361
1675526518471532
1675526518474276
1675526518474350
1675526518474492
1675526518474575
1675526518474649
1675526518474724
1675526518474797
1675526518474940
1675526518476830
1675526518476909
1675526518478284
1675526518480810
1675526518483557
1675526518483635
1675526518483785
1675526518483863
1675526518483940
1675526518484018
1675526518484096
1675526518484181
1675526518484332
1675526518484410
1675526518487684
1675526518487828
1675526518487902
1675526518487976
1675526518488050
1675526518488193
1675526518488267
1675526518489027
1675526518490540
1675526518493151
1675526518493293
1675526518493368
1675526518493442
1675526518494553
1675526518494696
1675526518494770
1675526518497196
1675526518497274
1675526518497352
1675526518499663
1675526518501038
1675526518505223
1675526518505301
1675526518505378
1675526518505529
1675526518505607
1675526518505685
1675526518505763
1675526518505840
1675526518505932
1675526518506082
1675526518506160
1675526518506238
1675526518506315
1675526518506465
1675526518506543
1675526518506696
1675526518506700
1675526518506842
1675526518506917
1675526518506990
1675526518508092
1675526518511930
1675526518513308
1675526518513451
1675526518513538
1675526518515940
1675526518516014
1675526518516157
1675526518516230
1675526518517310
1675526518519921
1675526518521298
1675526518525480
1675526518525554
1675526518525629
1675526518525702
1675526518525845
1675526518525919
1675526518525994
1675526518526068
1675526518526155
1675526518526298
1675526518526373
1675526518526447
1675526518526521
1675526518526674
1675526518526750
1675526518526893
1675526518529434
1675526518529508
1675526518531912
1675526518533288
1675526518533431
1675526518533504
1675526518533578
1675526518533722
1675526518535928
1675526518536002
1675526518536145
1675526518537344
1675526518539945
1675526518541319
1675526518541397
1675526518545435
1675526518545586
1675526518545663
1675526518545741
1675526518545818
1675526518545896
1675526518545974
1675526518546124
1675526518546202
1675526518546289
1675526518546367
1675526518546445
1675526518546595
1675526518546675
1675526518547914
1675526518548057
1675526518548132
1675526518548206
1675526518551707
1675526518553083
1675526518553156
1675526518553231
1675526518555704
1675526518555778
1675526518555852
1675526518555934
1675526518557049
1675526518557199
1675526518559657
1675526518561032
1675526518565218
1675526518565295
1675526518565373
1675526518565451
1675526518565601
1675526518565678
1675526518565757
1675526518565834
1675526518565912
1675526518565990
1675526518566139
1675526518566239
1675526518566317
1675526518566396
1675526518566545
1675526518569167
1675526518569310
1675526518569385
1675526518569458
1675526518569533
1675526518569675
1675526518569749
1675526518569823
1675526518571678
1675526518573054
1675526518573197
1675526518573271
1675526518574530
1675526518574674
1675526518574748
1675526518577194
1675526518577272
1675526518579657
1675526518581034
1675526518581185
1675526518585227
1675526518585306
1675526518585383
1675526518585461
1675526518585611
1675526518585689
1675526518585766
1675526518585844
1675526518585931
1675526518586008
1675526518586158
1675526518586236
1675526518586314
1675526518586392
1675526518586541
1675526518586693
1675526518586768
1675526518589171
1675526518589245
1675526518590553
1675526518590696
1675526518594674
1675526518594748
1675526518594822
1675526518594905
1675526518595048
1675526518595122
1675526518595196
1675526518595270
1675526518595344
1675526518595486
1675526518596040
1675526518597555
1675526518599077
1675526518601677
1675526518601754
1675526518601832
1675526518605658
1675526518605808
1675526518605886
1675526518605971
1675526518606049
1675526518606127
1675526518606203
1675526518606354
1675526518606431
1675526518606509
1675526518606663
1675526518606737
1675526518606812
1675526518607023
1675526518610933
1675526518612311
1675526518612385
1675526518614925
1675526518614999
1675526518615082
1675526518616321
1675526518616395
1675526518616537
1675526518617774
1675526518619297
1675526518619375
1675526518621905
1675526518621983
1675526518622133
1675526518622211
1675526518622289
1675526518624530
1675526518624608
1675526518624758
1675526518624836
1675526518624923
1675526518625001
1675526518625079
1675526518627426
1675526518627569
1675526518627644
1675526518627718
1675526518627792
1675526518627866
1675526518628009
1675526518628083
1675526518628157
1675526518628231
1675526518628375
1675526518632695
1675526518632770
1675526518632852
1675526518632927
1675526518635194
1675526518636570
1675526518636679
1675526518636759
1675526518638064
1675526518639581
1675526518643477
1675526518643555
1675526518643705
1675526518643783
1675526518643860
1675526518643938
1675526518644016
1675526518647578
1675526518647662
1675526518647736
1675526518647810
1675526518647953
1675526518648028
1675526518648102
1675526518648176
1675526518648319
1675526518648393
1675526518648467
1675526518648541
1675526518651286
1675526518651360
1675526518652667
1675526518652810
1675526518652884
1675526518652967
1675526518655300
1675526518655375
1675526518655518
1675526518656689
1675526518658212
1675526518660812
1675526518662186
1675526518662264
1675526518662414
1675526518662491
1675526518662569
1675526518666320
1675526518666398
1675526518666476
1675526518666553
1675526518666730
1675526518666805
1675526518666878
1675526518666953
1675526518667095
1675526518667170
1675526518667244
1675526518667318
1675526518667461
1675526518667671
1675526518669185
1675526518669259
1675526518671800
1675526518673176
1675526518673250
1675526518673393
1675526518675804
1675526518675878
1675526518675952
1675526518677191
1675526518679796
1675526518679874
1675526518681177
1675526518685366
1675526518685444
1675526518685522
1675526518685599
1675526518685677
1675526518685827
1675526518685904
1675526518685982
1675526518686060
1675526518686147
1675526518686297
1675526518686375
1675526518686453
1675526518686529
1675526518686682
1675526518686826
1675526518686900
1675526518686974
1675526518687048
1675526518688151
1675526518689665
1675526518692273
1675526518692415
1675526518692490
1675526518693660
1675526518696276
1675526518696419
1675526518696493
1675526518696568
1675526518696684
1675526518697702
1675526518700301
1675526518701677
1675526518701828
1675526518701905
1675526518705801
1675526518705878
1675526518705957
1675526518706107
1675526518706184
1675526518706263
1675526518706361
1675526518706439
1675526518706517
1675526518706594
1675526518706744
1675526518706818
1675526518706892
1675526518707035
1675526518707177
1675526518707321
1675526518707395
1675526518707469
1675526518709805
1675526518712277
1675526518712421
1675526518716262
1675526518716414
1675526518716488
1675526518716562
1675526518716636
1675526518716761
1675526518716840
1675526518716918
1675526518716996
1675526518717146
1675526518717657
1675526518720256
1675526518721702
1675526518721780
1675526518721857
1675526518724530
1675526518724608
1675526518724694
1675526518724773
1675526518724850
1675526518724928
1675526518725077
1675526518725155
1675526518725233
1675526518725310
1675526518725820
1675526518725898
1675526518727177
