1675526046006746
1675526046006824
1675526046006902
1675526046006978
1675526046007057
1675526046010542
1675526046010619
1675526046010698
1675526046010774
1675526046010866
1675526046011017
1675526046012100
1675526046012229
1675526046012307
1675526046012385
1675526046012463
1675526046012613
1675526046012689
1675526046015023
1675526046015174
1675526046015254
1675526046015331
1675526046015409
1675526046015485
1675526046015563
1675526046016491
1675526046016568
1675526046016646
1675526046019302
1675526046020772
1675526046023424
1675526046024716
1675526046026423
1675526046026499
1675526046026577
1675526046026726
1675526046026803
1675526046026881
1675526046026958
1675526046027040
1675526046030539
1675526046030634
1675526046030713
1675526046030790
1675526046030868
1675526046030945
1675526046033474
1675526046033552
1675526046033630
1675526046033706
1675526046033857
1675526046033938
1675526046034014
1675526046034091
1675526046034999
1675526046035076
1675526046035154
1675526046036531
1675526046038001
1675526046038079
1675526046039501
1675526046041020
1675526046041096
1675526046042516
1675526046043991
1675526046044067
1675526046044146
1675526046044297
1675526046045488
1675526046045615
1675526046046985
1675526046047063
1675526046049705
1675526046050942
1675526046051070
1675526046051149
1675526046053961
1675526046054091
1675526046054169
1675526046054246
1675526046054323
1675526046054400
1675526046054479
1675526046054631
1675526046054707
1675526046054786
1675526046054863
1675526046055518
1675526046055596
1675526046055683
1675526046055762
1675526046055838
1675526046059367
1675526046060710
1675526046063447
1675526046064741
1675526046066324
1675526046066474
1675526046066555
