1675525572622493
1675525572623528
1675525572623671
1675525572624638
1675525572624712
1675525572624786
1675525572625615
1675525572628501
1675525572628644
1675525572628718
1675525572628792
1675525572628934
1675525572629008
1675525572629083
1675525572629157
1675525572629241
1675525572629383
1675525572629457
1675525572629600
1675525572630704
1675525572631733
1675525572632750
1675525572634273
1675525572634351
1675525572634428
1675525572634506
1675525572635379
1675525572636396
1675525572637483
1675525572638499
1675525572639516
1675525572640613
1675525572644832
1675525572644909
1675525572644988
1675525572645066
1675525572645145
1675525572645295
1675525572645372
1675525572645883
1675525572645961
1675525572646038
1675525572646189
1675525572646266
1675525572646993
1675525572647072
1675525572648015
1675525572648103
1675525572649120
1675525572650136
1675525572651154
1675525572652243
1675525572655066
1675525572655143
1675525572655222
1675525572656165
1675525572657183
1675525572658270
1675525572659288
1675525572660376
1675525572661400
1675525572662563
1675525572663581
1675525572664680
1675525572667570
1675525572667648
1675525572667727
1675525572667804
1675525572667882
1675525572667959
1675525572668688
1675525572668766
1675525572668843
1675525572669714
1675525572670803
1675525572671827
1675525572672987
1675525572673065
1675525572674008
1675525572675540
1675525572676630
1675525572677647
1675525572678734
1675525572679751
1675525572680839
1675525572681934
1675525572683024
1675525572683100
1675525572685849
1675525572685926
1675525572686005
1675525572686082
1675525572686158
1675525572686237
1675525572686315
1675525572686401
1675525572686553
1675525572686631
1675525572686853
1675525572686931
1675525572687008
1675525572687158
1675525572687886
1675525572692155
1675525572692232
1675525572692310
1675525572692459
1675525572692538
1675525572692616
1675525572693271
1675525572693349
1675525572693434
1675525572694306
1675525572695393
1675525572696409
1675525572697425
1675525572698513
1675525572699529
1675525572700616
1675525572701592
1675525572702680
1675525572702758
1675525572703703
1675525572706520
1675525572706599
1675525572706677
1675525572706755
1675525572706843
1675525572706993
1675525572707071
1675525572707655
1675525572708670
1675525572708748
1675525572709693
1675525572710782
1675525572711806
1675525572713328
1675525572713406
1675525572714350
1675525572715440
1675525572716528
1675525572717473
1675525572718561
1675525572722490
1675525572722569
1675525572722718
1675525572723520
1675525572723599
1675525572723748
1675525572724547
1675525572724625
1675525572724775
1675525572725647
1675525572725725
1675525572725874
1675525572725953
1675525572726679
1675525572726758
1675525572730950
1675525572731037
1675525572731115
1675525572731192
1675525572731271
1675525572731356
1675525572732012
1675525572733031
1675525572733108
1675525572733258
1675525572733336
1675525572734137
1675525572734215
1675525572735159
1675525572736250
1675525572737193
1675525572738282
1675525572739379
1675525572740396
1675525572741415
1675525572743951
1675525572745040
1675525572745118
1675525572746062
1675525572746140
1675525572746290
1675525572746367
1675525572746445
1675525572747101
1675525572751449
1675525572751528
1675525572751605
1675525572751755
1675525572751842
1675525572752499
1675525572752649
1675525572752726
1675525572753600
1675525572753678
1675525572753755
1675525572754554
1675525572755641
1675525572756730
1675525572757747
1675525572758836
1675525572759923
1675525572760939
1675525572761890
1675525572763053
1675525572765883
1675525572766034
1675525572766112
1675525572766190
1675525572766267
1675525572766346
1675525572766423
1675525572766500
1675525572766578
1675525572766728
1675525572767023
1675525572768039
1675525572768116
1675525572769061
1675525572770150
1675525572773046
1675525572773147
1675525572773224
1675525572773303
1675525572774103
1675525572775191
1675525572776207
1675525572777297
1675525572778242
1675525572779331
1675525572780418
1675525572781442
1675525572782459
1675525572783474
1675525572786295
1675525572786373
1675525572786450
1675525572786537
1675525572786615
1675525572786765
1675525572786842
1675525572786920
1675525572787360
1675525572788376
1675525572788455
1675525572789472
1675525572790490
1675525572791515
1675525572792534
1675525572795430
1675525572795509
1675525572795586
1675525572796531
1675525572797487
1675525572798575
1675525572799591
1675525572800608
1675525572801626
1675525572802643
1675525572802793
1675525572803667
1675525572806701
1675525572806781
1675525572806858
1675525572806934
1675525572807013
1675525572807091
1675525572807168
1675525572807247
1675525572807405
1675525572807484
1675525572807561
1675525572807711
1675525572807789
1675525572807866
1675525572807944
1675525572810547
1675525572810624
1675525572810701
1675525572810780
1675525572811587
1675525572812676
1675525572812753
1675525572813696
1675525572814709
1675525572815809
1675525572816823
1675525572817839
1675525572818927
1675525572819942
1675525572820958
1675525572823492
1675525572823570
1675525572824513
1675525572824662
1675525572825606
1675525572825684
1675525572825761
1675525572825911
1675525572826566
1675525572826716
1675525572830841
1675525572830920
1675525572831068
1675525572831804
1675525572832820
1675525572832970
1675525572833047
1675525572833991
1675525572835007
1675525572836022
1675525572837109
1675525572838124
1675525572839142
1675525572840157
1675525572841173
1675525572842296
1675525572843275
1675525572843349
1675525572844318
1675525572845423
1675525572848312
1675525572848386
1675525572848459
1675525572848534
1675525572848609
1675525572848751
1675525572848826
1675525572848900
1675525572848973
1675525572849322
1675525572849396
1675525572852180
1675525572852268
1675525572853215
1675525572853293
1675525572853442
1675525572853520
1675525572853598
1675525572854326
1675525572855341
1675525572856430
1675525572857520
1675525572858536
1675525572859625
1675525572860714
1675525572863541
1675525572863618
1675525572863696
1675525572864649
1675525572864728
1675525572864805
1675525572865750
1675525572865828
1675525572865905
1675525572865982
1675525572866783
1675525572866861
1675525572866939
1675525572867883
1675525572868901
1675525572871728
1675525572871806
1675525572872823
1675525572872900
1675525572872987
1675525572873065
1675525572873866
1675525572873943
1675525572874022
1675525572874966
1675525572877859
1675525572878948
1675525572879964
1675525572881123
1675525572882172
1675525572883188
1675525572883266
1675525572883343
1675525572883493
1675525572884293
1675525572884380
1675525572884531
1675525572885330
1675525572885407
1675525572885485
1675525572885636
1675525572885714
1675525572886439
1675525572886517
1675525572886595
1675525572887832
1675525572887910
1675525572888856
1675525572888934
1675525572889951
1675525572892780
1675525572892869
1675525572892946
1675525572893024
1675525572893825
1675525572894915
1675525572895932
1675525572897021
1675525572898111
1675525572899128
1675525572900217
1675525572901234
1675525572902262
1675525572903279
1675525572904297
1675525572907268
1675525572907418
1675525572907507
1675525572907585
1675525572907663
1675525572907740
1675525572907820
1675525572908331
1675525572908409
1675525572908487
1675525572909432
1675525572910449
1675525572911474
1675525572912493
1675525572913657
1675525572915034
1675525572916051
1675525572917215
1675525572918241
1675525572919187
1675525572920205
1675525572921374
1675525572922320
1675525572925143
1675525572925294
1675525572925371
1675525572925449
1675525572925526
1675525572925605
1675525572925755
1675525572926267
1675525572926346
1675525572926423
1675525572926501
1675525572927251
1675525572927330
1675525572927408
1675525572927486
1675525572931617
1675525572931699
1675525572931776
1675525572931854
1675525572931933
1675525572932009
1675525572932596
1675525572932674
1675525572932824
1675525572933698
1675525572933849
1675525572934723
1675525572935754
1675525572936843
1675525572937863
1675525572938881
1675525572939972
1675525572940989
1675525572942087
1675525572943106
1675525572946075
1675525572946153
1675525572946231
1675525572946308
1675525572946459
1675525572946536
1675525572946614
1675525572947127
1675525572948157
1675525572949175
1675525572950266
1675525572951283
1675525572952742
1675525572952894
1675525572952972
1675525572953918
1675525572954936
1675525572955954
1675525572957045
1675525572958061
1675525572959079
1675525572963351
1675525572963430
1675525572963508
1675525572963595
1675525572963673
1675525572964403
1675525572965423
1675525572965573
1675525572965650
1675525572965728
1675525572965806
1675525572966536
1675525572966613
1675525572966691
1675525572966768
1675525572967499
1675525572968589
1675525572968665
1675525572969613
1675525572970712
1675525572973539
1675525572973616
1675525572973695
1675525572973845
1675525572973923
1675525572974000
1675525572974654
1675525572975672
1675525572976761
1675525572977778
1675525572978868
1675525572979884
1675525572982545
1675525572983563
1675525572984653
1675525572984740
1675525572985687
1675525572985765
1675525572985842
1675525572985920
1675525572985998
1675525572986800
1675525572989696
1675525572989774
1675525572989851
1675525572989930
1675525572990007
1675525572990086
1675525572990815
1675525572991767
1675525572992858
1675525572992945
1675525572993023
1675525572993897
1675525572993974
1675525572994992
1675525572996081
1675525573000350
1675525573000428
1675525573000506
1675525573001386
1675525573002475
1675525573002554
1675525573003500
1675525573003578
1675525573003655
1675525573004601
1675525573004689
1675525573005707
1675525573005784
1675525573005862
1675525573005940
1675525573006018
1675525573006674
1675525573006824
1675525573007841
1675525573007920
1675525573009371
1675525573010387
1675525573011413
1675525573012429
1675525573012579
1675525573013524
1675525573014695
1675525573018817
1675525573018895
1675525573018973
1675525573019916
1675525573020935
1675525573022031
1675525573023121
1675525573023199
1675525573023276
1675525573024147
1675525573025236
1675525573025313
1675525573025391
1675525573025541
1675525573026267
1675525573028087
1675525573028165
1675525573028242
1675525573029115
1675525573029192
1675525573030208
1675525573031225
1675525573032249
1675525573033411
1675525573033489
1675525573033566
1675525573033643
1675525573034443
1675525573035532
1675525573036550
1675525573039009
1675525573040037
1675525573041123
1675525573042168
1675525573043259
1675525573046081
1675525573046157
1675525573046236
1675525573046314
1675525573046391
1675525573046468
1675525573046547
1675525573046625
1675525573047137
1675525573047287
1675525573047365
1675525573047442
1675525573047530
1675525573048186
1675525573048265
1675525573051083
1675525573051161
1675525573051239
1675525573051317
1675525573052124
1675525573053212
1675525573053290
1675525573053366
1675525573054240
1675525573055327
1675525573056343
1675525573057433
1675525573058448
1675525573059483
1675525573060572
1675525573063396
1675525573063474
1675525573063624
1675525573064496
1675525573064573
1675525573065516
1675525573065666
1675525573065745
1675525573065822
1675525573066621
1675525573067710
1675525573068725
1675525573069814
1675525573070757
1675525573071861
1675525573073313
1675525573073391
1675525573073468
1675525573074341
1675525573075429
1675525573076445
1675525573077462
1675525573081730
1675525573082673
1675525573082750
1675525573082899
1675525573082978
1675525573083778
1675525573083856
1675525573083933
1675525573084826
1675525573084904
1675525573084982
1675525573085924
1675525573086003
1675525573086081
1675525573086158
1675525573086236
1675525573086891
1675525573087979
1675525573088923
1675525573089001
1675525573091868
1675525573091944
1675525573092842
1675525573092916
1675525573093068
1675525573093142
1675525573093901
1675525573093975
1675525573094873
1675525573095976
1675525573097011
1675525573098046
1675525573099081
1675525573101883
1675525573102972
1675525573103050
1675525573103129
1675525573103206
1675525573104006
1675525573105097
1675525573105185
1675525573105263
1675525573106063
1675525573106141
1675525573106291
1675525573106367
1675525573106446
1675525573107174
1675525573108695
1675525573108773
1675525573108850
1675525573108928
1675525573109006
1675525573109733
1675525573110821
1675525573111839
1675525573112865
1675525573112943
1675525573117209
1675525573117287
1675525573117365
1675525573118238
1675525573118315
1675525573118392
1675525573119265
1675525573120352
1675525573121375
1675525573122390
1675525573123478
1675525573123556
1675525573123633
1675525573123783
1675525573124592
1675525573124668
1675525573125613
1675525573125691
1675525573125841
1675525573125918
1675525573128595
1675525573128672
1675525573128749
1675525573128828
1675525573128905
1675525573129054
1675525573129133
1675525573129643
1675525573130660
1675525573131679
1675525573132777
1675525573132855
1675525573133799
1675525573134814
1675525573135829
1675525573138792
1675525573139809
1675525573140825
1675525573141921
1675525573142937
1675525573143015
1675525573144031
1675525573145047
1675525573145197
1675525573145274
1675525573146073
1675525573149046
1675525573149124
1675525573149273
1675525573149352
1675525573149429
1675525573149507
1675525573150089
1675525573151105
1675525573152198
1675525573153286
1675525573153364
1675525573153442
1675525573154313
1675525573155329
1675525573156346
1675525573158948
1675525573159975
1675525573161063
1675525573162086
1675525573163101
1675525573163251
1675525573164195
1675525573165284
1675525573168033
1675525573168111
1675525573168188
1675525573168266
1675525573168343
1675525573168494
1675525573168572
1675525573168650
1675525573168728
1675525573168815
1675525573168893
1675525573169042
1675525573169121
1675525573169198
1675525573170142
1675525573174406
1675525573174483
1675525573174561
1675525573174639
1675525573174716
1675525573175517
1675525573176532
1675525573177621
1675525573178637
1675525573179652
1675525573180748
1675525573181774
1675525573182861
1675525573183878
1675525573183955
1675525573184032
1675525573184906
1675525573184983
1675525573185062
1675525573185213
1675525573186446
1675525573186524
1675525573186600
1675525573187472
1675525573188488
1675525573188566
1675525573192768
1675525573192847
1675525573192925
1675525573193076
1675525573193153
1675525573193881
1675525573194898
1675525573195984
1675525573197073
1675525573198017
1675525573199105
1675525573200121
1675525573201209
1675525573202232
1675525573203248
1675525573203325
1675525573204279
1675525573205293
1675525573205373
1675525573205451
1675525573206757
1675525573206834
1675525573206912
1675525573207063
1675525573207140
1675525573207217
1675525573207874
1675525573207950
1675525573208896
1675525573213240
1675525573213317
1675525573213395
1675525573213481
1675525573213560
1675525573213709
1675525573213788
1675525573214226
1675525573215316
1675525573216332
1675525573217420
1675525573218364
1675525573219451
1675525573220540
1675525573221598
1675525573222615
1675525573223632
1675525573224648
1675525573225739
1675525573225824
1675525573228573
1675525573228652
1675525573228730
1675525573228808
1675525573228884
1675525573228963
1675525573229040
1675525573229117
1675525573229268
1675525573229346
1675525573229567
1675525573230657
1675525573231682
1675525573232771
1675525573232849
1675525573235692
1675525573235772
1675525573235849
1675525573236722
1675525573237811
1675525573238828
1675525573239916
1675525573240934
1675525573241958
1675525573243047
1675525573243125
1675525573243201
1675525573244075
1675525573245092
1675525573245170
1675525573247990
1675525573248076
1675525573248226
1675525573248305
1675525573248382
1675525573248460
1675525573248538
1675525573248688
1675525573248766
1675525573249133
1675525573250150
1675525573251239
1675525573252257
1675525573253273
1675525573253350
1675525573254801
1675525573255816
1675525573256841
1675525573257928
1675525573258943
1675525573260032
1675525573261119
1675525573262112
1675525573263217
1675525573263291
1675525573266047
1675525573266122
1675525573266196
1675525573266339
1675525573266413
1675525573266487
1675525573266562
1675525573267117
1675525573268164
1675525573268238
1675525573269274
1675525573270240
1675525573271275
1675525573272327
1675525573273363
1675525573274812
1675525573274886
1675525573275851
1675525573276955
1675525573277992
1675525573281896
1675525573282987
1675525573283066
1675525573283142
1675525573283230
1675525573283958
1675525573284037
1675525573284982
1675525573285059
1675525573285211
1675525573285288
1675525573286089
1675525573286167
1675525573286246
1675525573286323
1675525573290304
1675525573290382
1675525573290532
1675525573290610
1675525573290688
1675525573290774
1675525573290851
1675525573290930
1675525573291080
1675525573291158
1675525573291237
1675525573291389
1675525573292495
1675525573293532
1675525573293606
1675525573294642
1675525573295676
1675525573296645
1675525573297680
1675525573298784
1675525573302765
1675525573302854
1675525573302933
1675525573303009
1675525573303811
1675525573304900
1675525573304979
1675525573305057
1675525573305857
