1675525874915686
1675525874915764
1675525874915841
1675525874915939
1675525874916737
1675525874917754
1675525874918771
1675525874918849
1675525874918999
1675525874919077
1675525874919804
1675525874919881
1675525874919959
1675525874925090
1675525874925167
1675525874925318
1675525874925396
1675525874926195
1675525874926273
1675525874926359
1675525874926437
1675525874927235
1675525874928321
1675525874929340
1675525874929418
1675525874930438
1675525874931455
1675525874932542
1675525874933560
1675525874934648
1675525874935951
1675525874936102
1675525874936180
1675525874938924
1675525874939002
1675525874939089
1675525874939167
1675525874939318
1675525874940044
1675525874940122
1675525874940275
1675525874940353
1675525874940429
1675525874941084
1675525874941162
1675525874941240
1675525874941318
1675525874942118
1675525874944938
1675525874945016
1675525874945166
1675525874945252
1675525874945329
1675525874945409
1675525874945993
1675525874946141
1675525874946220
1675525874946297
1675525874947098
1675525874947174
1675525874948119
1675525874949206
1675525874950368
1675525874954198
1675525874955287
1675525874955438
1675525874955515
1675525874956395
1675525874956545
1675525874956623
1675525874956701
1675525874957428
1675525874958517
1675525874958595
1675525874958745
1675525874958823
1675525874959550
1675525874962441
1675525874962593
1675525874962670
1675525874963540
1675525874964628
1675525874965645
1675525874965732
1675525874965810
1675525874965887
1675525874966687
1675525874966837
1675525874966915
1675525874967786
1675525874968802
1675525874971220
1675525874972382
1675525874973398
1675525874976217
1675525874976296
1675525874976373
1675525874976450
1675525874976602
1675525874977266
1675525874978355
1675525874978433
1675525874979375
1675525874979453
1675525874979531
1675525874979609
1675525874980412
1675525874980563
1675525874980641
1675525874983313
1675525874983463
1675525874984407
1675525874985495
1675525874985573
1675525874985650
1675525874985737
1675525874986536
1675525874986614
1675525874986691
1675525874986769
1675525874987566
1675525874988584
1675525874992507
1675525874993523
1675525874994611
1675525874995625
1675525874995704
1675525874995782
1675525874996725
1675525874996803
1675525874997745
1675525874998782
1675525874999870
1675525874999948
1675525875002692
1675525875002771
1675525875002849
1675525875002925
1675525875003003
1675525875003081
1675525875003159
1675525875003309
1675525875003386
1675525875003464
1675525875003832
1675525875003910
1675525875004779
1675525875004866
1675525875005810
1675525875008699
1675525875008777
1675525875008855
1675525875008932
1675525875009010
1675525875009160
1675525875009743
1675525875010762
1675525875011777
1675525875012863
1675525875013878
1675525875014895
1675525875015910
1675525875015987
1675525875016940
1675525875019828
1675525875019906
1675525875019983
1675525875020061
1675525875020139
1675525875020291
1675525875020369
1675525875020446
1675525875020524
1675525875020601
1675525875020896
1675525875020975
1675525875021052
1675525875021852
1675525875022940
1675525875025478
1675525875025556
1675525875025634
1675525875026578
1675525875026656
1675525875026733
1675525875026811
1675525875027540
1675525875028554
1675525875029642
1675525875033831
1675525875033908
1675525875033986
1675525875034930
1675525875035007
1675525875035085
1675525875035892
1675525875036042
1675525875036120
1675525875036196
1675525875036275
1675525875036929
1675525875038018
1675525875039033
1675525875039111
1675525875039261
1675525875040060
1675525875040137
1675525875040290
1675525875040367
1675525875043974
1675525875045061
1675525875045147
1675525875045225
1675525875046096
1675525875046174
1675525875046252
1675525875046329
1675525875047128
1675525875047279
1675525875048220
1675525875050702
1675525875051717
1675525875052805
1675525875053821
1675525875054908
1675525875057651
1675525875057729
1675525875057816
1675525875057967
1675525875058767
1675525875058845
1675525875058923
1675525875059073
1675525875059151
1675525875059804
1675525875059882
1675525875059960
1675525875060038
1675525875060917
1675525875060995
1675525875063743
1675525875063821
1675525875063899
1675525875063986
1675525875064064
1675525875064791
1675525875064869
1675525875065813
1675525875065962
1675525875066040
1675525875066118
1675525875066195
1675525875066921
1675525875067937
1675525875069024
1675525875072862
1675525875073950
1675525875074965
1675525875076052
1675525875076136
1675525875076215
1675525875077086
1675525875078101
1675525875079188
1675525875079266
1675525875079342
1675525875080504
1675525875080655
1675525875080733
1675525875080810
1675525875080888
1675525875084571
1675525875084649
1675525875085664
1675525875085742
1675525875085828
1675525875085906
1675525875086705
1675525875086783
1675525875086933
1675525875087804
1675525875088820
1675525875089908
1675525875090926
1675525875091941
1675525875094399
1675525875095414
1675525875095492
1675525875095569
1675525875096514
1675525875099329
1675525875099416
1675525875099567
1675525875099645
1675525875099724
1675525875099801
1675525875099878
1675525875100341
1675525875100419
1675525875100568
1675525875100646
1675525875101445
1675525875102460
1675525875103547
1675525875104563
1675525875107523
1675525875107601
1675525875107687
1675525875107765
1675525875107842
1675525875107921
1675525875107999
1675525875108148
1675525875108226
1675525875108448
1675525875109536
1675525875110556
1675525875111643
1675525875112657
1675525875113819
1675525875116566
1675525875116644
1675525875116721
1675525875116808
1675525875116885
1675525875117035
1675525875117620
1675525875118709
1675525875118787
1675525875118864
1675525875119736
1675525875119814
1675525875119891
1675525875119969
1675525875120045
1675525875122578
1675525875122656
1675525875122733
1675525875123604
1675525875124702
1675525875124779
1675525875125721
1675525875125800
1675525875125878
1675525875126028
1675525875126106
1675525875126833
1675525875127848
1675525875128935
1675525875131233
1675525875132268
1675525875133370
1675525875134406
1675525875137222
1675525875137296
1675525875137392
1675525875137466
1675525875138294
1675525875138367
1675525875139264
1675525875139338
1675525875139482
1675525875139556
1675525875139629
1675525875140354
1675525875140433
1675525875140511
1675525875140590
1675525875144199
1675525875145286
1675525875145364
1675525875145451
1675525875145528
1675525875146328
1675525875146406
1675525875146556
1675525875146633
1675525875147432
1675525875148591
1675525875149607
1675525875149685
1675525875150701
1675525875151716
1675525875154532
1675525875154610
1675525875155623
1675525875155701
1675525875155788
1675525875155939
1675525875156738
1675525875156816
1675525875156893
1675525875157837
1675525875158851
1675525875158929
1675525875161675
1675525875161753
1675525875161829
1675525875161981
1675525875162058
1675525875162136
1675525875162718
1675525875163879
1675525875164977
1675525875165993
1675525875166071
1675525875166148
1675525875166299
1675525875166375
1675525875167104
1675525875169561
1675525875173389
1675525875174476
1675525875175562
1675525875175641
1675525875176657
1675525875176735
1675525875176813
1675525875177683
1675525875178779
1675525875178858
1675525875178935
1675525875179807
1675525875179885
1675525875179963
1675525875180041
1675525875182718
1675525875182796
1675525875182874
1675525875183024
1675525875183101
1675525875183179
1675525875183258
1675525875183335
1675525875183413
1675525875183571
1675525875183793
1675525875184881
1675525875184959
1675525875185038
1675525875185909
1675525875188797
1675525875188948
1675525875189024
1675525875189103
1675525875189902
1675525875190991
1675525875192006
1675525875193094
1675525875194179
1675525875195194
1675525875196362
1675525875196440
1675525875196518
1675525875197316
1675525875198839
1675525875198990
1675525875199067
1675525875199869
1675525875199946
1675525875200097
1675525875200206
1675525875200285
1675525875201014
1675525875205202
1675525875205279
1675525875205358
1675525875205452
1675525875205602
1675525875206258
1675525875206335
1675525875206486
1675525875206563
1675525875206641
1675525875207367
1675525875208384
1675525875209470
1675525875210563
1675525875211650
1675525875212736
1675525875213824
1675525875214839
1675525875215926
1675525875216015
1675525875217175
1675525875220283
1675525875220361
1675525875220439
1675525875220589
1675525875220667
1675525875220744
1675525875220821
1675525875220900
1675525875221050
1675525875221129
1675525875221279
1675525875222365
1675525875223382
1675525875224469
1675525875225504
1675525875226954
1675525875227032
1675525875227109
1675525875227187
1675525875227265
1675525875227992
1675525875229081
1675525875234390
1675525875234467
1675525875235412
1675525875235490
1675525875235640
1675525875235718
1675525875236518
1675525875236596
1675525875236683
1675525875237555
1675525875238642
1675525875238720
1675525875238798
1675525875239741
1675525875239820
1675525875239970
1675525875240048
1675525875240778
1675525875240928
1675525875241006
1675525875243679
1675525875243829
1675525875243907
1675525875244777
1675525875244864
1675525875244942
1675525875245812
1675525875245963
1675525875246040
1675525875246118
1675525875246917
1675525875246995
1675525875247938
1675525875249024
1675525875250111
1675525875252645
1675525875253732
1675525875254820
1675525875255836
1675525875255914
1675525875256939
1675525875257017
1675525875261207
1675525875261284
1675525875261433
1675525875261512
1675525875261590
1675525875261667
1675525875261745
1675525875261894
1675525875261971
1675525875262049
1675525875262127
1675525875262278
1675525875263366
1675525875264454
1675525875265479
1675525875265557
1675525875265635
1675525875266578
1675525875266654
1675525875266733
1675525875269478
1675525875269556
1675525875269633
1675525875269711
1675525875270511
1675525875271599
1675525875272613
1675525875273701
1675525875274789
1675525875275804
1675525875275905
1675525875275983
1675525875278728
1675525875278805
1675525875278883
1675525875278960
1675525875279037
1675525875279116
1675525875279194
1675525875279848
1675525875279926
1675525875280003
1675525875280081
1675525875280159
1675525875280859
1675525875281947
1675525875284846
1675525875284925
1675525875285940
1675525875286017
1675525875286095
1675525875286173
1675525875286250
1675525875286978
1675525875288066
1675525875289082
1675525875290169
1675525875291204
1675525875292295
1675525875293309
1675525875295766
1675525875295844
1675525875296803
1675525875299691
1675525875299768
1675525875299845
1675525875299996
1675525875300074
1675525875300151
1675525875300304
1675525875300382
1675525875300822
1675525875300899
1675525875300977
1675525875301055
1675525875301204
1675525875301860
1675525875301938
1675525875304692
1675525875304770
1675525875304848
1675525875304998
1675525875305075
1675525875305153
1675525875305736
1675525875305886
1675525875305964
1675525875306042
1675525875306119
1675525875306847
1675525875306924
1675525875307866
1675525875308953
1675525875312856
1675525875313953
1675525875314969
1675525875316056
1675525875316208
1675525875316286
1675525875317084
1675525875318170
1675525875319187
1675525875319265
1675525875319416
1675525875320504
1675525875320654
1675525875320732
1675525875321603
1675525875325428
1675525875325578
1675525875325666
1675525875325745
1675525875325823
1675525875326550
1675525875326627
1675525875326705
1675525875327576
1675525875328662
1675525875329679
1675525875329829
1675525875330773
1675525875331789
1675525875332874
1675525875335260
1675525875335338
1675525875336352
1675525875336441
1675525875336519
1675525875339191
1675525875339269
1675525875339347
1675525875339424
1675525875339576
1675525875339653
1675525875340237
1675525875340388
1675525875340466
1675525875340544
1675525875340622
1675525875341348
1675525875342435
1675525875343450
1675525875344546
1675525875345922
1675525875345999
1675525875346078
1675525875346228
1675525875346305
1675525875347032
1675525875347110
1675525875347187
1675525875350870
1675525875351957
1675525875352973
1675525875354058
1675525875355072
1675525875355150
1675525875356166
1675525875356253
1675525875356330
1675525875356408
1675525875357207
1675525875357285
1675525875357363
1675525875358306
1675525875358383
1675525875362433
1675525875362584
1675525875362661
1675525875362739
1675525875362817
1675525875362895
1675525875363045
1675525875363123
1675525875363209
1675525875363286
1675525875363581
1675525875364596
1675525875364675
1675525875365692
1675525875365770
1675525875365847
1675525875365925
1675525875366003
1675525875366731
1675525875369117
1675525875370132
1675525875374102
1675525875375262
1675525875376276
1675525875376363
1675525875376441
1675525875376518
1675525875377318
1675525875378333
1675525875378483
1675525875379499
1675525875379576
1675525875379654
1675525875379732
1675525875380540
1675525875380615
1675525875383364
1675525875383439
1675525875383512
1675525875383587
1675525875384426
1675525875385461
1675525875385536
1675525875385678
1675525875385752
1675525875385826
1675525875386518
1675525875386661
1675525875386735
1675525875387633
1675525875388668
1675525875391432
1675525875392521
1675525875393538
1675525875394625
1675525875395715
1675525875395802
1675525875395880
1675525875396029
1675525875396108
1675525875396764
1675525875397852
1675525875398867
1675525875398946
1675525875399024
1675525875400260
1675525875400338
1675525875400487
1675525875400566
1675525875401221
1675525875405121
1675525875405200
1675525875405287
1675525875405365
1675525875406164
1675525875406315
1675525875406392
1675525875406470
1675525875406548
1675525875407275
1675525875408291
1675525875409378
1675525875410548
1675525875411562
1675525875413949
1675525875415036
1675525875416195
1675525875416274
1675525875418969
1675525875419048
1675525875419125
1675525875419203
1675525875419280
1675525875420079
1675525875420157
1675525875420238
1675525875420387
1675525875421114
1675525875421192
1675525875421270
1675525875421348
1675525875421497
1675525875422150
1675525875424896
1675525875424982
1675525875425133
1675525875425211
1675525875425289
1675525875425367
1675525875426021
1675525875426099
1675525875426177
1675525875426327
1675525875427126
1675525875428142
1675525875429228
1675525875430273
1675525875431360
1675525875435259
1675525875436348
1675525875436435
1675525875436513
1675525875436590
1675525875436668
1675525875437396
1675525875438485
1675525875438563
1675525875439507
1675525875439585
1675525875442292
1675525875442370
1675525875442448
1675525875442598
1675525875443471
1675525875444486
1675525875445574
1675525875445662
1675525875445740
1675525875445817
1675525875446617
1675525875446695
1675525875446771
1675525875446923
1675525875447721
1675525875450264
1675525875451352
1675525875452441
1675525875453527
1675525875454542
1675525875455630
1675525875455707
1675525875458451
1675525875458538
1675525875458616
1675525875458695
1675525875458773
1675525875458850
1675525875458928
1675525875459584
1675525875459662
1675525875459740
1675525875459817
1675525875459895
1675525875460610
1675525875460683
1675525875461717
1675525875465971
1675525875466114
1675525875466198
1675525875466271
1675525875466346
1675525875466420
1675525875466563
1675525875467049
1675525875467124
1675525875468158
1675525875469194
1675525875470309
1675525875471330
1675525875472345
1675525875473433
1675525875474449
1675525875475539
1675525875476625
1675525875476713
1675525875477946
1675525875479034
1675525875479111
1675525875481860
1675525875481937
1675525875482016
1675525875482166
1675525875482243
1675525875482321
1675525875482398
1675525875482476
1675525875482625
1675525875482703
1675525875482782
1675525875482860
1675525875483958
1675525875484974
1675525875485052
1675525875487796
1675525875487875
1675525875487954
1675525875488032
1675525875488182
1675525875488836
1675525875489923
1675525875491012
1675525875492027
1675525875493043
1675525875494131
1675525875495146
1675525875498032
1675525875498117
1675525875498195
1675525875499141
1675525875499219
1675525875499296
1675525875499374
1675525875500197
1675525875500275
1675525875500353
1675525875500432
1675525875500582
1675525875501237
1675525875502324
1675525875503339
1675525875506152
1675525875506302
1675525875506389
1675525875506467
1675525875506544
1675525875506621
1675525875506699
1675525875506849
1675525875507287
1675525875508302
1675525875509388
1675525875509466
1675525875510414
1675525875511429
1675525875512515
1675525875514970
1675525875515046
1675525875516062
1675525875516148
1675525875516226
1675525875516376
1675525875517102
1675525875517180
1675525875518123
1675525875518201
1675525875520950
1675525875521028
1675525875521178
1675525875521256
1675525875521334
1675525875521412
1675525875522067
1675525875523083
1675525875524099
1675525875525124
1675525875525202
1675525875526216
1675525875526294
1675525875526371
1675525875526449
1675525875528904
1675525875529991
1675525875531008
1675525875532095
1675525875533110
1675525875534195
1675525875535211
1675525875538099
1675525875538176
1675525875538254
1675525875538352
1675525875539078
1675525875539228
1675525875539306
