1675526512824087
1675526512826422
1675526512828892
1675526512830265
1675526512830340
1675526512830426
1675526512830568
1675526512831328
1675526512832771
1675526512832845
1675526512832919
1675526512832993
1675526512834235
1675526512835754
1675526512838350
1675526512841233
1675526512841310
1675526512841386
1675526512841466
1675526512841616
1675526512841694
1675526512841780
1675526512841858
1675526512841935
1675526512842013
1675526512842162
1675526512842312
1675526512843908
1675526512843983
1675526512844057
1675526512844199
1675526512844274
1675526512844348
1675526512846476
1675526512849219
1675526512849294
1675526512849367
1675526512849451
1675526512850346
1675526512850422
1675526512853302
1675526512853377
1675526512854310
1675526512854461
1675526512855762
1675526512857278
1675526512857356
1675526512860241
1675526512860319
1675526512860468
1675526512860547
1675526512860623
1675526512860701
1675526512860788
1675526512860866
1675526512861303
1675526512861453
1675526512861531
1675526512861609
1675526512861686
1675526512862772
1675526512862849
1675526512862927
1675526512863004
1675526512864286
1675526512868055
1675526512869430
1675526512869573
1675526512869648
1675526512869731
1675526512870968
1675526512872139
1675526512872212
1675526512872287
1675526512874592
1675526512875821
1675526512877340
1675526512878498
1675526512881383
1675526512881461
1675526512881610
1675526512881688
1675526512881764
1675526512881842
1675526512881921
1675526512882006
1675526512882156
1675526512882234
1675526512882311
1675526512882388
1675526512883043
1675526512883120
1675526512883196
1675526512883274
1675526512883351
1675526512883502
1675526512884076
1675526512886545
1675526512889356
1675526512889430
1675526512889574
1675526512889671
1675526512890429
1675526512891872
1675526512891947
1675526512892979
1675526512894306
1675526512895824
1675526512898498
1675526512899944
1675526512900093
1675526512900171
1675526512900248
1675526512900327
1675526512900405
1675526512901130
1675526512904012
1675526512904095
1675526512904169
1675526512904244
1675526512904318
1675526512904460
1675526512904535
1675526512904608
1675526512904683
1675526512904825
1675526512904898
1675526512906889
1675526512907032
1675526512907106
1675526512909437
1675526512909580
1675526512909654
1675526512909737
1675526512909812
1675526512910912
1675526512910986
1675526512912361
1675526512913463
1675526512915894
1675526512917341
1675526512917419
1675526512920236
1675526512920313
1675526512920390
1675526512920541
1675526512920619
1675526512920696
1675526512920774
1675526512920860
1675526512921298
1675526512921592
1675526512921670
1675526512921747
1675526512921825
1675526512921974
1675526512922774
1675526512922851
1675526512924145
1675526512927921
1675526512929366
1675526512929439
1675526512929514
1675526512930481
1675526512931857
1675526512931938
1675526512932014
1675526512932087
1675526512933327
1675526512934447
1675526512935821
1675526512937341
1675526512938502
1675526512939949
1675526512940098
1675526512940176
1675526512940253
1675526512940332
1675526512940409
1675526512941135
1675526512945389
1675526512945473
1675526512945547
1675526512945622
1675526512945764
1675526512945840
1675526512945913
1675526512945987
1675526512946131
1675526512946205
1675526512946279
1675526512946353
1675526512946496
1675526512946570
1675526512948971
1675526512950344
1675526512950420
1675526512950510
1675526512950653
1675526512952987
1675526512953061
1675526512953204
1675526512954304
1675526512954455
1675526512955830
1675526512956989
1675526512958363
1675526512959450
1675526512962268
1675526512962347
1675526512962425
1675526512962503
1675526512962653
1675526512962740
1675526512962817
1675526512962894
1675526512962973
1675526512963050
1675526512963200
1675526512963279
1675526512963356
1675526512963434
1675526512963511
1675526512964771
1675526512966283
1675526512968819
1675526512968893
1675526512969858
1675526512971233
1675526512971315
1675526512971390
1675526512972697
1675526512972841
1675526512973869
1675526512976185
1675526512977562
1675526512980591
1675526512980669
1675526512980748
1675526512980826
1675526512980975
1675526512981054
1675526512981132
1675526512981209
1675526512981286
1675526512981373
1675526512981738
1675526512981816
1675526512981965
1675526512982043
1675526512982842
1675526512984135
1675526512984278
1675526512984351
1675526512985588
1675526512988195
1675526512989433
1675526512989575
1675526512989650
1675526512990957
1675526512992127
1675526512992210
1675526512992284
1675526512993521
1675526512996110
1675526512997412
1675526513000374
1675526513000524
1675526513000602
1675526513000680
1675526513000757
1675526513000835
1675526513000985
1675526513001062
1675526513001140
1675526513001509
1675526513001587
1675526513001674
1675526513001752
1675526513002551
1675526513003927
1675526513004002
1675526513004075
1675526513004150
1675526513004293
1675526513005396
1675526513005470
1675526513006504
1675526513006578
1675526513008912
1675526513010355
1675526513010428
1675526513010572
1675526513010654
1675526513011893
1675526513011966
1675526513012931
1675526513014229
1675526513015747
1675526513016833
1675526513019362
1675526513022104
1675526513022182
1675526513022260
1675526513022337
1675526513022414
1675526513022565
1675526513022641
1675526513022719
1675526513022807
1675526513022885
1675526513022963
1675526513023111
1675526513023188
1675526513023267
1675526513023345
1675526513023638
1675526513023717
1675526513023794
1675526513026201
1675526513027576
1675526513030593
1675526513030666
1675526513030810
1675526513030884
1675526513030978
1675526513031053
1675526513031128
1675526513031201
1675526513031755
1675526513031829
1675526513033065
1675526513033209
1675526513034587
1675526513035745
1675526513037192
1675526513037270
1675526513040156
1675526513040234
1675526513040312
1675526513040461
1675526513040546
1675526513040625
1675526513040702
1675526513040780
1675526513041217
1675526513041293
1675526513041445
1675526513041523
1675526513042683
1675526513042760
1675526513042837
1675526513044195
1675526513047968
1675526513049344
1675526513049417
1675526513049561
1675526513049643
1675526513050882
1675526513052393
1675526513053494
1675526513053569
1675526513053712
1675526513054879
1675526513056398
1675526513056476
1675526513057489
1675526513058863
1675526513058941
1675526513060028
1675526513062914
1675526513062992
1675526513063070
1675526513063157
1675526513063235
1675526513063384
1675526513063462
1675526513063538
1675526513063616
1675526513063694
1675526513063772
1675526513063922
1675526513063995
1675526513064070
1675526513064143
1675526513064355
1675526513064429
1675526513066967
1675526513069437
1675526513070887
1675526513070961
1675526513071035
1675526513071177
1675526513072348
1675526513072491
1675526513073454
1675526513076035
1675526513078488
1675526513080007
1675526513080084
1675526513080162
1675526513080239
1675526513080317
1675526513080395
1675526513081120
1675526513081206
1675526513083875
1675526513083952
1675526513084095
1675526513084168
1675526513084242
1675526513084315
1675526513084390
1675526513084463
1675526513084607
1675526513084680
1675526513086465
1675526513088936
1675526513090242
1675526513090315
1675526513090391
1675526513090473
1675526513090617
1675526513091787
1675526513091861
1675526513092892
1675526513092967
1675526513094163
1675526513095608
1675526513096696
1675526513099220
1675526513101961
1675526513102039
1675526513102190
1675526513102268
1675526513102345
1675526513102423
1675526513102510
1675526513102587
1675526513102664
1675526513102743
1675526513102891
1675526513102971
1675526513103048
1675526513103126
1675526513103204
1675526513104547
1675526513104621
1675526513104696
1675526513104837
1675526513107103
1675526513109437
1675526513110744
1675526513110825
1675526513110900
1675526513111042
1675526513112212
1675526513112355
1675526513112429
1675526513113734
1675526513116395
1675526513116473
1675526513116551
1675526513118719
1675526513121533
1675526513121611
1675526513121688
1675526513121766
1675526513121915
1675526513122003
1675526513122081
1675526513122159
1675526513122237
1675526513122313
1675526513122391
1675526513122542
1675526513122620
1675526513122698
1675526513123996
1675526513124070
1675526513124212
1675526513124286
1675526513126552
1675526513128887
1675526513130194
1675526513130345
1675526513130421
1675526513130495
1675526513130569
1675526513131738
1675526513131812
1675526513132844
1675526513132988
1675526513134088
1675526513135609
1675526513138207
1675526513139581
1675526513139730
1675526513139808
1675526513139885
1675526513139962
1675526513140699
1675526513140777
1675526513143444
1675526513143594
1675526513143673
1675526513143750
1675526513143852
1675526513143927
1675526513144001
1675526513144076
1675526513144217
1675526513144292
1675526513146148
1675526513147521
1675526513149101
1675526513149176
1675526513149259
1675526513150224
1675526513150367
1675526513150439
1675526513150513
1675526513152983
1675526513154126
1675526513154200
1675526513155507
1675526513156951
1675526513157025
1675526513159977
1675526513160120
1675526513160194
1675526513160267
1675526513160341
1675526513160423
1675526513160567
1675526513161121
1675526513161263
1675526513161337
1675526513161411
1675526513161485
1675526513163614
1675526513163689
1675526513163877
1675526513164031
1675526513167854
1675526513169301
1675526513169379
1675526513169457
1675526513170688
1675526513171877
1675526513171955
1675526513172033
1675526513174326
1675526513175769
1675526513177280
1675526513178861
1675526513178935
1675526513179967
1675526513180042
1675526513180185
1675526513180259
1675526513180333
1675526513181024
1675526513185387
1675526513185464
1675526513185551
1675526513185702
1675526513185780
1675526513185857
1675526513185935
1675526513186012
1675526513186162
1675526513186239
1675526513186317
1675526513186395
1675526513186474
1675526513186551
1675526513186700
1675526513186778
1675526513188947
1675526513190391
1675526513190478
1675526513190556
1675526513190634
1675526513191864
1675526513192013
1675526513192955
1675526513194395
1675526513195839
1675526513198512
1675526513201324
1675526513201399
1675526513201542
1675526513201615
1675526513201688
1675526513201762
1675526513201906
1675526513201987
1675526513202063
1675526513202137
1675526513202211
1675526513202354
1675526513202497
1675526513203802
1675526513203942
1675526513204021
1675526513204099
1675526513204970
1675526513206417
1675526513207432
1675526513208878
1675526513208954
1675526513210043
1675526513211352
1675526513211431
1675526513211508
1675526513212522
1675526513213912
1675526513213986
1675526513215430
1675526513216530
1675526513216674
1675526513219007
1675526513221819
1675526513221892
1675526513222036
1675526513222109
1675526513222183
1675526513222258
1675526513222408
1675526513222483
1675526513222557
1675526513222631
1675526513222774
1675526513222847
1675526513222922
1675526513222994
1675526513223138
1675526513224320
1675526513224465
1675526513228237
1675526513229612
1675526513229754
1675526513229829
1675526513229903
1675526513229985
1675526513231155
1675526513232187
1675526513232261
1675526513232405
1675526513232479
1675526513233648
1675526513236183
1675526513236262
1675526513238716
1675526513241675
1675526513241752
1675526513241830
1675526513241908
1675526513241985
1675526513242062
1675526513242221
1675526513242299
1675526513242377
1675526513242455
1675526513242533
1675526513242611
1675526513242762
1675526513242838
1675526513244061
1675526513244205
1675526513244279
1675526513246749
1675526513249219
1675526513250527
1675526513250601
1675526513250673
1675526513250826
1675526513253091
1675526513253164
1675526513253239
1675526513254304
1675526513254454
1675526513255828
1675526513256986
1675526513259439
1675526513262325
1675526513262476
1675526513262553
1675526513262631
1675526513262709
1675526513262786
1675526513262864
1675526513262959
1675526513263109
1675526513263187
1675526513263263
1675526513263341
1675526513263418
1675526513263567
1675526513263645
1675526513263869
1675526513264013
1675526513266484
1675526513267516
1675526513268824
1675526513270542
1675526513270615
1675526513270689
1675526513270773
1675526513270915
1675526513270990
1675526513271612
1675526513271687
1675526513274089
1675526513276689
1675526513276768
1675526513279366
1675526513279444
1675526513279522
1675526513279599
1675526513280397
1675526513283212
1675526513283363
1675526513283440
1675526513283527
1675526513283604
1675526513283682
1675526513283760
1675526513283909
1675526513283983
1675526513284057
1675526513284199
1675526513284274
1675526513284690
1675526513287367
1675526513289698
1675526513289840
1675526513290940
1675526513291084
1675526513292459
1675526513292541
1675526513292616
1675526513293512
1675526513295887
1675526513297264
1675526513300224
1675526513300302
1675526513300452
1675526513300530
1675526513300608
1675526513300685
1675526513300762
1675526513300913
1675526513301352
1675526513301430
1675526513301508
1675526513301593
1675526513301672
1675526513304257
1675526513304331
1675526513304404
1675526513304479
1675526513304621
1675526513304695
1675526513304768
1675526513304843
1675526513304986
1675526513305059
1675526513306845
1675526513306918
1675526513309183
1675526513310558
1675526513310582
1675526513310725
1675526513310798
1675526513312037
1675526513312111
1675526513313554
1675526513316100
1675526513317115
1675526513318490
1675526513321449
1675526513321527
1675526513321678
1675526513321755
1675526513321833
1675526513321911
1675526513321988
1675526513322074
1675526513322223
1675526513322301
1675526513322379
1675526513322457
1675526513322535
1675526513322685
1675526513322762
1675526513323989
1675526513324062
1675526513324137
1675526513326609
1675526513329080
1675526513330590
1675526513330665
1675526513330808
1675526513330892
1675526513330965
1675526513331039
1675526513332142
1675526513332216
1675526513332289
1675526513333459
1675526513336034
1675526513337265
1675526513338569
1675526513339728
1675526513339806
1675526513341037
1675526513341114
1675526513341192
1675526513341340
1675526513341428
1675526513344021
1675526513344096
1675526513344170
1675526513344243
1675526513344387
1675526513344461
1675526513344535
1675526513344609
1675526513344683
1675526513344825
1675526513344898
1675526513344973
1675526513345047
1675526513347584
1675526513348959
1675526513349041
1675526513350142
1675526513351517
1675526513354087
1675526513354165
1675526513354243
1675526513355186
1675526513356489
1675526513356566
1675526513358012
1675526513358090
1675526513359103
1675526513359253
1675526513360195
1675526513363006
1675526513363084
1675526513363168
1675526513363319
1675526513363397
1675526513363474
1675526513363550
1675526513363628
1675526513363706
1675526513363859
1675526513363934
1675526513364008
1675526513364562
1675526513364636
1675526513364709
1675526513367110
1675526513368484
1675526513369995
1675526513370079
1675526513370222
1675526513371048
1675526513372150
1675526513373456
1675526513373530
1675526513374952
1675526513376111
1675526513378565
1675526513381383
1675526513381461
1675526513381538
1675526513381687
1675526513381764
1675526513381842
1675526513381920
1675526513382007
1675526513382085
1675526513382235
1675526513382313
1675526513382391
1675526513382468
1675526513383915
1675526513383991
1675526513384065
1675526513384139
1675526513384282
1675526513386479
1675526513387785
1675526513390802
1675526513390876
1675526513390949
1675526513391032
1675526513391174
1675526513391248
1675526513391321
1675526513391877
1675526513394378
1675526513395610
1675526513397057
1675526513400088
1675526513400166
1675526513400244
1675526513400393
1675526513400471
1675526513400548
1675526513400626
1675526513400704
1675526513401224
1675526513401373
1675526513401451
1675526513401529
1675526513402329
1675526513403632
1675526513403710
1675526513403862
1675526513405168
1675526513405244
1675526513406687
1675526513409224
1675526513409298
1675526513409372
1675526513409514
1675526513409589
1675526513410627
1675526513412139
1675526513412214
1675526513412287
1675526513413662
1675526513416185
1675526513416262
1675526513417494
1675526513420527
1675526513420605
1675526513420682
1675526513420760
1675526513420909
1675526513420987
1675526513421063
1675526513421141
1675526513421229
1675526513421595
1675526513421672
1675526513421750
1675526513421900
1675526513421978
1675526513424544
1675526513424620
1675526513424694
1675526513424767
1675526513424911
1675526513424984
1675526513425058
1675526513425132
1675526513427057
1675526513428500
1675526513429541
1675526513430987
1675526513431061
1675526513431136
1675526513431210
1675526513432653
1675526513432726
1675526513432801
1675526513432945
1675526513433018
1675526513433708
1675526513436177
1675526513438993
1675526513439071
1675526513439220
1675526513440089
1675526513440177
1675526513440256
1675526513443000
1675526513443078
1675526513443155
1675526513443233
1675526513443383
1675526513443460
1675526513443538
1675526513443615
1675526513443693
1675526513444055
1675526513444196
1675526513446601
1675526513449075
1675526513450519
1675526513450614
1675526513450689
