1675526526027607
1675526526027684
1675526526028986
1675526526032024
1675526526032098
1675526526032241
1675526526032315
1675526526032389
1675526526032463
1675526526032606
1675526526032680
1675526526035971
1675526526037277
1675526526038798
1675526526038872
1675526526041775
1675526526041852
1675526526042002
1675526526042080
1675526526042158
1675526526042235
1675526526042314
1675526526042391
1675526526042541
1675526526042619
1675526526042697
1675526526042774
1675526526042852
1675526526043290
1675526526043376
1675526526043454
1675526526045908
1675526526047282
1675526526047359
1675526526047509
1675526526047586
1675526526048744
1675526526050221
1675526526050364
1675526526050438
1675526526051744
1675526526055652
1675526526057026
1675526526057101
1675526526057175
1675526526059769
1675526526061000
1675526526061150
1675526526061229
1675526526061307
1675526526061384
1675526526062616
1675526526062766
1675526526062844
1675526526062922
1675526526062999
1675526526063149
1675526526063226
1675526526063304
1675526526063381
1675526526065548
1675526526065635
1675526526065713
1675526526067016
1675526526067094
1675526526067243
1675526526068545
1675526526070034
1675526526070108
1675526526070252
1675526526070326
1675526526070400
1675526526071501
1675526526075410
1675526526076786
1675526526076860
1675526526078236
1675526526079768
1675526526079847
1675526526079997
1675526526080075
1675526526080153
1675526526082823
1675526526082901
1675526526082979
1675526526083057
1675526526083134
1675526526083283
1675526526083361
1675526526083439
1675526526083517
1675526526085397
1675526526086771
1675526526088227
1675526526088377
1675526526088455
1675526526089742
1675526526089885
1675526526089959
1675526526090032
1675526526091476
1675526526091551
1675526526091625
1675526526091768
1675526526091842
1675526526091916
1675526526095483
1675526526095626
1675526526099400
1675526526100787
1675526526100866
1675526526100943
1675526526101094
1675526526101172
1675526526102403
1675526526102481
1675526526102631
1675526526102708
1675526526102786
1675526526102863
1675526526102941
1675526526103019
1675526526105116
1675526526106638
1675526526106716
1675526526106875
1675526526106953
1675526526107030
1675526526109488
1675526526109631
1675526526109705
1675526526111015
1675526526111089
1675526526112535
1675526526115145
1675526526116522
1675526526116665
1675526526118041
1675526526118115
1675526526118189
1675526526119540
1675526526119628
1675526526119706
1675526526119784
1675526526122528
1675526526122606
1675526526122683
1675526526122833
1675526526122910
1675526526122988
1675526526123066
1675526526123143
1675526526123293
1675526526123371
1675526526123449
1675526526123526
1675526526124036
1675526526124122
1675526526124200
1675526526124349
1675526526125509
1675526526125659
1675526526127035
1675526526127113
1675526526127190
1675526526128495
1675526526130055
1675526526130130
1675526526130203
1675526526130346
1675526526131516
1675526526135423
1675526526136798
1675526526138264
1675526526138338
1675526526139764
1675526526139842
1675526526139992
1675526526140070
1675526526140148
1675526526141451
1675526526141601
1675526526141679
1675526526141757
1675526526141834
1675526526141912
1675526526142062
1675526526142861
1675526526145533
1675526526148286
1675526526148364
1675526526148441
1675526526148591
1675526526149736
1675526526149879
1675526526149952
1675526526150027
1675526526151266
1675526526151340
1675526526151483
1675526526151557
1675526526155193
1675526526156568
1675526526158013
1675526526159475
1675526526159636
1675526526159714
1675526526159791
1675526526162535
1675526526162613
1675526526162763
1675526526162841
1675526526162918
1675526526162996
1675526526163073
1675526526163151
1675526526163301
1675526526163379
1675526526165185
1675526526166561
1675526526166639
1675526526168022
1675526526168100
1675526526168249
1675526526168327
1675526526169551
1675526526169625
1675526526169699
1675526526171007
1675526526172519
1675526526175196
1675526526176573
1675526526178018
1675526526178093
1675526526178236
1675526526178310
1675526526179552
1675526526179640
1675526526179718
1675526526179797
1675526526182546
1675526526182624
1675526526182701
1675526526182852
1675526526182929
1675526526183007
1675526526183085
1675526526183162
1675526526183240
1675526526183389
1675526526183467
1675526526183545
1675526526184056
1675526526185512
1675526526187031
1675526526187110
1675526526187188
1675526526188490
1675526526190056
1675526526190130
1675526526190204
1675526526190347
1675526526190422
1675526526191524
1675526526191667
1675526526191741
1675526526195446
1675526526196755
1675526526196898
1675526526198284
1675526526199791
1675526526199870
1675526526199948
1675526526200026
1675526526200176
1675526526202774
1675526526202851
1675526526203002
1675526526203080
1675526526203158
1675526526203236
1675526526203313
1675526526203463
1675526526203540
1675526526203618
1675526526205436
1675526526206812
1675526526206890
1675526526208266
1675526526208344
1675526526208494
1675526526209782
1675526526209856
1675526526209931
1675526526210073
1675526526211245
1675526526211387
1675526526211461
1675526526211535
1675526526211678
1675526526215312
1675526526216490
1675526526216633
1675526526218008
1675526526218151
1675526526218225
1675526526219554
1675526526219632
1675526526219710
1675526526219788
1675526526222531
1675526526222608
1675526526222686
1675526526222837
1675526526222987
1675526526223065
1675526526223215
1675526526223301
1675526526223380
1675526526223457
1675526526225191
1675526526226568
1675526526228015
1675526526228093
1675526526228242
1675526526229542
1675526526229617
1675526526229759
1675526526230999
1675526526231141
1675526526232516
1675526526235193
1675526526236498
1675526526238023
1675526526238166
1675526526239613
1675526526239757
1675526526239831
1675526526239905
1675526526242514
1675526526242657
1675526526242731
1675526526242804
1675526526242878
1675526526243021
1675526526243095
1675526526243169
1675526526243243
1675526526243386
1675526526243470
1675526526243544
1675526526244030
1675526526244104
1675526526244247
1675526526244321
1675526526245491
1675526526245634
1675526526247010
1675526526247084
1675526526247227
1675526526248533
1675526526249991
1675526526250135
1675526526250209
1675526526250283
1675526526251529
1675526526255439
1675526526256814
1675526526256888
1675526526259400
1675526526260777
1675526526260855
1675526526260933
1675526526262381
1675526526262459
1675526526262537
1675526526262687
1675526526262765
1675526526262843
1675526526262920
1675526526265234
1675526526265332
1675526526266782
1675526526266860
1675526526266938
1675526526267016
1675526526267166
1675526526269479
1675526526270789
1675526526270863
1675526526271006
1675526526272246
1675526526272389
1675526526272463
1675526526272537
1675526526275007
1675526526276521
1675526526276619
1675526526279159
1675526526280559
1675526526280637
1675526526280715
1675526526283532
1675526526283610
1675526526283760
1675526526283838
1675526526283916
1675526526283994
1675526526284072
1675526526284149
1675526526284299
1675526526284377
1675526526284455
1675526526284541
1675526526285052
1675526526286500
1675526526286650
1675526526286728
1675526526286805
1675526526289189
1675526526290511
1675526526290654
1675526526292028
1675526526292103
1675526526292246
1675526526292320
1675526526294790
1675526526296233
1675526526296376
1675526526296459
1675526526298929
1675526526300271
1675526526303305
1675526526303383
1675526526303461
1675526526303611
1675526526303688
1675526526303766
1675526526303844
1675526526303921
1675526526303999
1675526526304149
1675526526304227
1675526526304305
1675526526304382
1675526526304470
1675526526304620
1675526526305922
1675526526307297
1675526526307375
1675526526307453
1675526526307531
1675526526308762
1675526526310311
1675526526310385
1675526526310459
1675526526310533
1675526526310676
1675526526311778
1675526526314522
1675526526316035
1675526526316118
1675526526316192
1675526526316266
1675526526316409
1675526526318743
1675526526320269
1675526526320420
1675526526320497
1675526526320575
1675526526320653
1675526526321883
1675526526322034
1675526526322111
1675526526322188
1675526526322266
1675526526322343
1675526526322429
1675526526326037
1675526526326115
1675526526326193
1675526526326271
1675526526327501
1675526526329018
1675526526330552
1675526526330626
1675526526330701
1675526526330844
1675526526332015
1675526526332157
1675526526332231
1675526526335933
1675526526337309
1675526526338763
1675526526341783
1675526526341862
1675526526341939
1675526526342089
1675526526342167
1675526526342245
1675526526342323
1675526526342401
1675526526342478
1675526526342628
1675526526342706
1675526526342783
1675526526343293
1675526526343371
1675526526344747
1675526526346278
1675526526346356
1675526526346434
1675526526346511
1675526526349044
1675526526350510
1675526526350584
1675526526350727
1675526526350801
1675526526351972
1675526526354786
1675526526356231
1675526526356374
1675526526356448
1675526526358918
1675526526360271
1675526526363310
1675526526363389
1675526526363466
1675526526363544
1675526526363694
1675526526363771
1675526526363849
1675526526363926
1675526526364003
1675526526364081
1675526526364231
1675526526364308
1675526526364385
1675526526364463
1675526526364612
1675526526364762
1675526526364848
1675526526364998
1675526526365076
1675526526366308
1675526526366386
1675526526366463
1675526526366541
1675526526366691
1675526526368930
1675526526370265
1675526526371778
1675526526371853
1675526526371995
1675526526372069
1675526526375634
1675526526377010
1675526526377162
1675526526377236
1675526526379687
1675526526381062
1675526526381140
1675526526381218
1675526526381296
1675526526382672
1675526526382750
1675526526382828
1675526526382906
1675526526383056
1675526526383133
1675526526383210
1675526526385306
1675526526388049
1675526526388136
1675526526388214
1675526526388292
1675526526389518
1675526526389661
1675526526389735
1675526526391109
1675526526391252
1675526526391326
1675526526391401
1675526526391544
1675526526391618
1675526526391692
1675526526391766
1675526526396498
1675526526396641
1675526526396724
1675526526399127
1675526526400557
1675526526400635
1675526526403523
1675526526403672
1675526526403750
1675526526403828
1675526526403906
1675526526403983
1675526526404061
1675526526404211
1675526526404289
1675526526404366
1675526526404444
1675526526404521
1675526526405040
1675526526406487
1675526526406636
1675526526406714
1675526526406792
1675526526406869
1675526526409110
1675526526410504
1675526526410648
1675526526412024
1675526526412098
1675526526414638
1675526526416015
1675526526417528
1675526526417603
1675526526417745
1675526526417769
1675526526419010
1675526526422063
1675526526422142
1675526526422220
1675526526422297
1675526526422447
1675526526422525
1675526526422602
1675526526422681
1675526526422758
1675526526422835
1675526526422985
1675526526423062
1675526526423140
1675526526423506
1675526526425035
1675526526426484
1675526526426634
1675526526426712
1675526526426790
1675526526428023
1675526526429539
1675526526429614
1675526526429757
1675526526430994
1675526526431137
1675526526431211
1675526526432519
1675526526435128
1675526526436502
1675526526438015
1675526526438100
1675526526439479
1675526526439630
1675526526439708
1675526526439785
1675526526442530
1675526526442608
1675526526442686
1675526526442837
1675526526442914
1675526526442992
1675526526443069
1675526526443147
1675526526443225
1675526526443302
1675526526443380
1675526526443467
1675526526445131
1675526526446506
1675526526448025
1675526526448102
1675526526448180
1675526526449549
1675526526449623
1675526526449697
1675526526451006
1675526526451148
1675526526451222
1675526526451296
1675526526451371
1675526526455280
1675526526456724
1675526526456877
1675526526459351
1675526526460773
1675526526460851
1675526526460930
1675526526461079
1675526526462385
1675526526462463
1675526526462541
1675526526462692
1675526526462769
1675526526462847
1675526526462924
1675526526463002
1675526526465028
1675526526467773
1675526526467860
1675526526467938
1675526526468088
1675526526468165
1675526526468243
1675526526469257
1675526526469422
1675526526470797
1675526526470875
1675526526470952
1675526526472256
1675526526475000
1675526526476520
1675526526476598
1675526526476748
1675526526479131
1675526526480536
1675526526480611
1675526526480685
1675526526483565
1675526526483639
1675526526483713
1675526526483856
1675526526483931
1675526526484005
1675526526484078
1675526526484152
1675526526484295
1675526526484369
1675526526484443
1675526526484517
1675526526484661
1675526526484743
1675526526484887
1675526526485030
1675526526485104
1675526526485246
1675526526486553
1675526526486627
1675526526486701
1675526526486844
1675526526489110
1675526526490502
1675526526490645
1675526526492021
1675526526492164
1675526526492238
1675526526492312
1675526526492395
1675526526494798
1675526526496243
1675526526496385
1675526526498857
1675526526500278
1675526526501998
1675526526502072
1675526526502146
1675526526502289
1675526526502363
1675526526502437
1675526526502511
1675526526502654
1675526526502728
1675526526502802
1675526526506037
1675526526506112
1675526526506186
1675526526506329
1675526526507500
1675526526507643
1675526526509018
1675526526512066
1675526526512144
1675526526512222
1675526526512299
1675526526512377
1675526526512527
1675526526512605
1675526526514628
1675526526516003
1675526526517530
1675526526517608
1675526526517685
1675526526518989
1675526526522048
1675526526522122
1675526526522196
1675526526522338
1675526526522413
1675526526522487
1675526526522561
1675526526522703
1675526526522777
1675526526522852
1675526526522925
1675526526523068
1675526526523151
1675526526523500
1675526526525012
1675526526526526
1675526526526600
1675526526526674
1675526526526817
1675526526529150
1675526526530546
1675526526530625
1675526526532001
1675526526532151
1675526526534753
1675526526536274
1675526526537793
1675526526537870
1675526526539253
1675526526539405
1675526526539480
1675526526542296
1675526526542370
1675526526542444
1675526526542587
1675526526542661
1675526526542735
1675526526542810
1675526526542952
1675526526543026
1675526526543101
1675526526543175
1675526526543317
1675526526543802
1675526526543885
1675526526545260
1675526526546772
1675526526546846
1675526526546919
1675526526549400
1675526526550778
1675526526550857
1675526526551007
1675526526552310
1675526526552388
1675526526552466
1675526526554994
1675526526556513
1675526526556591
1675526526556741
1675526526559147
1675526526560542
1675526526560617
1675526526562131
1675526526562273
1675526526562347
1675526526562421
1675526526562495
1675526526562638
1675526526562712
1675526526562786
1675526526562860
1675526526563003
1675526526564787
1675526526567532
1675526526567606
1675526526567688
1675526526567831
1675526526567905
1675526526567979
1675526526569012
1675526526571989
1675526526572140
1675526526572218
1675526526572296
1675526526572373
1675526526572450
1675526526572600
1675526526572678
1675526526574774
1675526526576294
1675526526578894
1675526526580245
1675526526583267
1675526526583341
1675526526583484
1675526526583558
1675526526583632
1675526526583775
1675526526583849
1675526526583923
1675526526583997
1675526526584139
1675526526584214
1675526526584288
1675526526584774
1675526526586286
1675526526586360
1675526526586447
1675526526587755
1675526526589268
1675526526589342
1675526526590718
1675526526590868
1675526526590946
1675526526591024
1675526526591102
1675526526592261
1675526526595009
1675526526596529
1675526526596607
1675526526596684
1675526526599211
1675526526600535
1675526526600621
1675526526600696
1675526526603509
1675526526603652
1675526526603726
1675526526603800
1675526526603874
1675526526604017
1675526526604091
1675526526604165
1675526526604239
1675526526604381
1675526526604455
1675526526604529
1675526526604603
1675526526604745
1675526526604827
1675526526605039
1675526526605113
1675526526606488
1675526526606631
1675526526606705
1675526526606779
1675526526606921
1675526526609187
1675526526610562
1675526526610641
1675526526612017
1675526526612095
1675526526612245
1675526526614705
1675526526616008
1675526526617536
1675526526617614
1675526526617691
1675526526617841
1675526526617919
1675526526619005
1675526526622051
1675526526622125
1675526526622199
1675526526622342
1675526526622416
1675526526622490
1675526526622564
1675526526622706
1675526526622780
1675526526622854
1675526526624786
1675526526626231
1675526526626374
1675526526626448
1675526526627755
1675526526629266
1675526526629340
1675526526630777
1675526526630855
1675526526631005
1675526526631083
1675526526632242
1675526526632393
1675526526634994
1675526526636515
1675526526638036
1675526526639522
1675526526639666
1675526526639741
1675526526639814
1675526526642493
1675526526642637
1675526526642711
1675526526642785
1675526526642929
1675526526643003
1675526526643077
1675526526643151
1675526526643294
1675526526643369
1675526526643442
1675526526643516
1675526526645176
1675526526646553
1675526526647997
1675526526648140
1675526526648213
1675526526649548
1675526526649627
1675526526649705
1675526526651008
1675526526651159
