1675526507543391
1675526507543473
1675526507543550
1675526507543699
1675526507543779
1675526507543857
1675526507543938
1675526507546886
1675526507548188
1675526507548317
1675526507548395
1675526507549708
1675526507551216
1675526507552742
1675526507552820
1675526507552898
1675526507552975
1675526507554235
1675526507555760
1675526507557235
1675526507557383
1675526507557463
1675526507558655
1675526507558806
1675526507560183
1675526507563207
1675526507563359
1675526507563440
1675526507563517
1675526507563596
1675526507563671
1675526507563753
1675526507563902
1675526507563981
1675526507564058
1675526507564136
1675526507564217
1675526507564294
1675526507564875
1675526507564954
1675526507565043
1675526507565120
1675526507565272
1675526507565352
1675526507565429
1675526507565506
1675526507567695
1675526507567823
1675526507569264
1675526507570765
1675526507572186
1675526507572243
1675526507573678
1675526507573806
1675526507576367
1675526507577713
1675526507579179
1675526507579307
1675526507580690
1675526507580842
1675526507580922
1675526507580998
1675526507583754
1675526507583810
1675526507583888
1675526507584039
1675526507584116
1675526507584193
1675526507584271
1675526507584347
1675526507584428
1675526507584579
1675526507585168
1675526507586663
1675526507586791
1675526507588211
1675526507588288
1675526507588371
1675526507589684
1675526507591213
1675526507592807
1675526507592960
1675526507593040
1675526507593116
1675526507593196
1675526507593272
1675526507596980
1675526507597133
1675526507597221
1675526507597298
1675526507598433
1675526507599923
1675526507602961
1675526507603039
1675526507603188
1675526507603266
1675526507603342
1675526507603421
1675526507603498
1675526507603647
1675526507603726
1675526507603804
1675526507603881
1675526507603959
1675526507604408
1675526507604561
1675526507607085
1675526507608436
1675526507608514
1675526507609934
1675526507611477
1675526507612957
1675526507613109
1675526507613188
1675526507613266
1675526507614527
1675526507615999
1675526507617400
1675526507618907
1675526507619036
1675526507619135
1675526507620455
1675526507620577
1675526507620654
1675526507623465
1675526507623612
1675526507623692
1675526507623769
1675526507623847
1675526507623923
1675526507624072
1675526507624149
1675526507624228
1675526507624307
1675526507624386
1675526507624539
1675526507624914
1675526507625065
1675526507626461
1675526507627982
1675526507629454
1675526507632156
1675526507633477
1675526507633555
1675526507634977
1675526507635055
1675526507636479
1675526507637975
1675526507638124
1675526507638202
1675526507639513
1675526507639570
1675526507640960
1675526507641038
1675526507641115
1675526507641192
1675526507641340
1675526507643977
1675526507644055
1675526507644133
1675526507644208
1675526507644358
1675526507644436
1675526507644513
1675526507644592
1675526507644668
1675526507644820
1675526507646733
1675526507648217
1675526507648367
1675526507648446
1675526507649755
1675526507651179
1675526507652723
1675526507652780
1675526507652928
1675526507653005
1675526507653088
1675526507654228
1675526507655772
1675526507657243
1675526507657371
1675526507657449
1675526507658760
1675526507660162
1675526507660313
1675526507661861
1675526507661917
1675526507661995
1675526507662145
1675526507662223
1675526507662299
1675526507662380
1675526507664720
1675526507664777
1675526507664854
1675526507665003
1675526507665085
1675526507665162
1675526507666240
1675526507667724
1675526507667801
1675526507669219
1675526507670757
1675526507672179
1675526507672307
1675526507672385
1675526507673696
1675526507673824
1675526507673903
1675526507675214
1675526507676738
1675526507676815
1675526507678235
1675526507678313
1675526507679738
1675526507679825
1675526507682737
1675526507682889
1675526507682970
1675526507683046
1675526507683123
1675526507683201
1675526507683282
1675526507683431
1675526507683508
1675526507683587
1675526507683664
1675526507683743
1675526507685691
1675526507685843
1675526507685923
1675526507686009
1675526507686086
1675526507686164
1675526507686243
1675526507686393
1675526507686470
1675526507687261
1675526507687339
1675526507687419
1675526507688733
1675526507688861
1675526507691476
1675526507693005
1675526507693083
1675526507693233
1675526507695658
1675526507697210
1675526507697267
1675526507697345
1675526507697493
1675526507698683
1675526507698836
1675526507700209
1675526507700338
1675526507703252
1675526507703309
1675526507703458
1675526507703535
1675526507703616
1675526507703693
1675526507703774
1675526507703923
1675526507704009
1675526507704088
1675526507704165
1675526507705918
1675526507707467
1675526507707523
1675526507708961
1675526507710624
1675526507711975
1675526507713576
1675526507713655
1675526507713805
1675526507713882
1675526507713959
1675526507714039
1675526507716365
1675526507719159
1675526507719287
1675526507719365
1675526507720709
1675526507720787
1675526507720934
1675526507723733
1675526507723812
1675526507723890
1675526507724041
1675526507724117
1675526507724199
1675526507724275
1675526507724355
1675526507724433
1675526507724583
1675526507724670
1675526507724748
1675526507726494
1675526507727963
1675526507728019
1675526507729455
1675526507730973
1675526507732448
1675526507732576
1675526507732653
1675526507733970
1675526507736635
1675526507737966
1675526507738043
1675526507739462
1675526507739615
1675526507740955
1675526507741038
1675526507741116
1675526507741193
1675526507741271
1675526507743976
1675526507744031
1675526507744181
1675526507744257
1675526507744338
1675526507744416
1675526507744494
1675526507744570
1675526507744719
1675526507744798
1675526507744876
1675526507746561
1675526507747965
1675526507749507
1675526507749564
1675526507752079
1675526507753483
1675526507753562
1675526507754983
1675526507755136
1675526507756436
1675526507757929
1675526507758055
1675526507758134
1675526507759445
1675526507760968
1675526507761045
1675526507761136
1675526507761211
1675526507761361
1675526507763992
1675526507764120
1675526507764199
1675526507764276
1675526507764357
1675526507764434
1675526507764520
1675526507764669
1675526507764746
1675526507764824
1675526507764902
1675526507764981
1675526507765058
1675526507765431
1675526507766986
1675526507767043
1675526507767120
1675526507768505
1675526507769975
1675526507771503
1675526507773098
1675526507773154
1675526507773303
1675526507773380
1675526507773463
1675526507773541
1675526507777199
1675526507777277
1675526507777354
1675526507778676
1675526507780202
1675526507783270
1675526507783326
1675526507783402
1675526507783553
1675526507783636
1675526507783712
1675526507783790
1675526507783867
1675526507783948
1675526507784098
1675526507784177
1675526507784255
1675526507784334
1675526507785968
1675526507787436
1675526507787565
1675526507787643
1675526507788952
1675526507789080
1675526507790502
1675526507791996
1675526507793519
1675526507793596
1675526507793674
1675526507793824
1675526507796192
1675526507797667
1675526507797815
1675526507797894
1675526507797971
1675526507799183
1675526507799311
1675526507800766
1675526507800847
1675526507800925
1675526507801003
1675526507802334
1675526507802462
1675526507802540
1675526507802617
1675526507802699
1675526507802776
1675526507802858
1675526507805193
1675526507805251
1675526507805399
1675526507805483
1675526507805562
1675526507805640
1675526507805718
1675526507805868
1675526507806706
1675526507808197
1675526507809718
1675526507811265
1675526507812741
1675526507812818
1675526507812967
1675526507814208
1675526507815676
1675526507817198
1675526507818738
1675526507818795
1675526507820230
1675526507820286
1675526507823245
1675526507823301
1675526507823450
1675526507823527
1675526507823609
1675526507823686
1675526507823764
1675526507823914
1675526507823992
1675526507824070
1675526507824149
1675526507824226
1675526507827164
1675526507828507
1675526507829976
1675526507830103
1675526507830185
1675526507831486
1675526507832958
1675526507833014
1675526507833090
1675526507833239
1675526507833317
1675526507835718
1675526507837189
1675526507837317
1675526507838681
1675526507838808
1675526507840228
1675526507840314
1675526507843233
1675526507843311
1675526507843461
1675526507843539
1675526507843616
1675526507843697
1675526507843773
1675526507843851
1675526507844001
1675526507844079
1675526507844156
1675526507844233
1675526507844671
1675526507846182
1675526507847724
1675526507847782
1675526507847932
1675526507849245
1675526507850779
1675526507852196
1675526507852253
1675526507853692
1675526507853820
1675526507855184
1675526507856727
1675526507856782
1675526507856931
1675526507858242
1675526507858298
1675526507859733
1675526507862755
1675526507862852
1675526507862930
1675526507863007
1675526507863085
1675526507863233
1675526507863311
1675526507863387
1675526507863465
1675526507863544
1675526507863696
1675526507863774
1675526507864361
1675526507864440
1675526507864593
1675526507864671
1675526507864748
1675526507864839
1675526507864916
1675526507867240
1675526507867296
1675526507868756
1675526507871474
1675526507873002
1675526507873079
1675526507873157
1675526507873310
1675526507873387
1675526507875767
1675526507877167
1675526507877295
1675526507877372
1675526507878689
1675526507880217
1675526507880295
1675526507883217
1675526507883345
1675526507883423
1675526507883500
1675526507883580
1675526507883732
1675526507883809
1675526507883886
1675526507883964
1675526507884042
1675526507884191
1675526507884270
1675526507884711
1675526507884788
1675526507886192
1675526507887715
1675526507887792
1675526507887871
1675526507889238
1675526507889315
1675526507890771
1675526507892243
1675526507892320
1675526507892468
1675526507892549
1675526507893668
1675526507893821
1675526507896438
1675526507897780
1675526507897837
1675526507899171
1675526507899249
1675526507900771
1675526507900776
1675526507900925
1675526507901002
1675526507902315
1675526507902392
1675526507902471
1675526507902620
1675526507902697
1675526507902774
1675526507902851
1675526507903810
1675526507903963
1675526507904043
1675526507907988
1675526507908117
1675526507908195
1675526507908271
1675526507909533
1675526507909609
1675526507910974
1675526507912443
1675526507912571
1675526507912650
1675526507913963
1675526507914092
1675526507914170
1675526507915487
1675526507918232
1675526507919708
1675526507919793
1675526507919943
1675526507920021
1675526507922764
1675526507922841
1675526507922918
1675526507922996
1675526507923146
1675526507923224
1675526507923301
1675526507923381
1675526507923459
1675526507923537
1675526507923688
1675526507923769
1675526507924356
1675526507924443
1675526507924595
1675526507924673
1675526507924752
1675526507924831
1675526507924909
1675526507924991
1675526507925783
1675526507928770
1675526507928826
1675526507928903
1675526507931475
1675526507933014
1675526507933071
1675526507933147
1675526507935781
1675526507937254
1675526507937330
1675526507937409
1675526507938654
1675526507938805
1675526507940227
1675526507940284
1675526507943250
1675526507943327
1675526507943405
1675526507943555
1675526507943632
1675526507943712
1675526507943789
1675526507943866
1675526507944015
1675526507944103
1675526507944183
1675526507944696
1675526507946188
1675526507947729
1675526507947786
1675526507947935
1675526507949247
1675526507950774
1675526507952191
1675526507952247
1675526507952396
1675526507953708
1675526507953785
1675526507953863
1675526507956355
1675526507957658
1675526507957786
1675526507959206
1675526507960694
1675526507960821
1675526507960899
1675526507960976
1675526507963732
1675526507963859
1675526507963937
1675526507964014
1675526507964095
1675526507964172
1675526507964253
1675526507964402
1675526507964481
1675526507964570
1675526507964648
1675526507964725
1675526507966486
1675526507968010
1675526507968086
1675526507969401
1675526507970975
1675526507972448
1675526507972526
1675526507972675
1675526507972753
1675526507973939
1675526507975461
1675526507977006
1675526507977063
1675526507978506
1675526507979973
1675526507982988
1675526507983140
1675526507983219
1675526507983296
1675526507983373
1675526507983453
1675526507983530
1675526507983682
1675526507983760
1675526507983837
1675526507983917
1675526507983995
1675526507984433
1675526507984586
1675526507984671
1675526507984748
1675526507985967
1675526507987509
1675526507987565
1675526507988999
1675526507989128
1675526507991723
1675526507993249
1675526507993327
1675526507993404
1675526507993558
1675526507995992
1675526507997518
1675526507997596
1675526507997673
1675526507997758
1675526507998952
1675526508000805
1675526508000810
1675526508000813
1675526508003468
1675526508003545
1675526508003625
1675526508003775
1675526508003852
1675526508003932
1675526508004008
1675526508004086
1675526508004162
1675526508004314
1675526508004393
1675526508004480
1675526508004995
1675526508006504
1675526508007903
1675526508008052
1675526508009418
1675526508010959
1675526508012433
1675526508012583
1675526508012663
1675526508013974
1675526508014101
1675526508014180
1675526508014256
1675526508015519
1675526508018175
1675526508019494
1675526508022466
1675526508022544
1675526508022622
1675526508022771
1675526508022848
1675526508022926
1675526508023003
1675526508023082
1675526508023234
1675526508023311
1675526508023390
1675526508023467
1675526508023976
1675526508024124
1675526508024204
1675526508026730
1675526508028196
1675526508028253
1675526508029689
1675526508031208
1675526508032683
1675526508032811
1675526508032890
1675526508032967
1675526508033047
1675526508034255
1675526508035725
1675526508037249
1675526508037326
1675526508037405
1675526508038787
1675526508038844
1675526508040156
1675526508040283
1675526508040361
1675526508041808
1675526508041938
1675526508042016
1675526508042093
1675526508042171
1675526508042324
1675526508042401
1675526508044675
1675526508044803
1675526508044880
1675526508044957
1675526508045035
1675526508045121
1675526508045270
1675526508045347
1675526508045424
1675526508045502
1675526508046233
1675526508047705
1675526508047856
1675526508049227
1675526508051961
1675526508053502
1675526508053558
1675526508053708
1675526508056268
1675526508057723
1675526508057870
1675526508059247
1675526508060650
1675526508060801
1675526508060882
1675526508060958
1675526508063715
1675526508063771
1675526508063920
1675526508063996
1675526508064074
1675526508064151
1675526508064229
1675526508064379
1675526508064457
1675526508064538
1675526508064617
1675526508066377
1675526508067718
1675526508069242
1675526508069320
1675526508070652
1675526508072178
1675526508072256
1675526508072404
1675526508072482
1675526508073738
1675526508073795
1675526508073875
1675526508076408
1675526508077685
1675526508077839
1675526508079208
1675526508080778
1675526508080783
1675526508080862
1675526508080942
1675526508083702
1675526508083780
1675526508083929
1675526508084007
1675526508084083
1675526508084161
1675526508084238
1675526508084389
1675526508084467
1675526508084544
1675526508084622
1675526508084699
1675526508086467
1675526508087990
1675526508088069
1675526508088217
1675526508089457
1675526508089514
1675526508090953
1675526508092429
1675526508092581
1675526508092660
1675526508093970
1675526508095443
1675526508096987
1675526508097117
1675526508098480
1675526508098605
1675526508098693
1675526508098768
1675526508100030
1675526508101586
1675526508101736
1675526508101818
1675526508101894
1675526508101971
1675526508102048
1675526508102129
1675526508104467
1675526508104524
1675526508104673
1675526508104750
1675526508104832
1675526508104909
1675526508104995
1675526508105071
1675526508107116
1675526508108462
1675526508109955
1675526508111480
1675526508113005
1675526508113082
1675526508113161
1675526508113310
1675526508114427
1675526508115905
1675526508117449
1675526508118971
1675526508119049
1675526508119126
1675526508120505
1675526508120582
1675526508120660
1675526508122096
1675526508122223
1675526508122302
1675526508122378
1675526508122456
1675526508122534
1675526508122614
1675526508124968
1675526508125045
1675526508125124
1675526508125201
1675526508125283
1675526508125433
1675526508125518
1675526508126470
1675526508127960
1675526508128088
1675526508129458
1675526508131027
1675526508132565
1675526508132693
1675526508132772
1675526508132848
1675526508132930
1675526508133083
1675526508136740
1675526508136894
1675526508138191
1675526508139682
1675526508142708
1675526508142836
1675526508142914
1675526508142991
1675526508143068
1675526508143145
1675526508143295
1675526508143372
1675526508143449
1675526508143527
1675526508143605
1675526508143685
1675526508144269
1675526508146903
1675526508148244
1675526508148302
1675526508148387
1675526508149770
1675526508151277
1675526508152746
1675526508152874
1675526508152952
1675526508153028
1675526508153107
1675526508155492
1675526508156910
1675526508157038
1675526508158455
1675526508158532
1675526508158610
1675526508158758
1675526508158835
1675526508159988
1675526508162961
1675526508163039
1675526508163189
1675526508163268
1675526508163345
1675526508163423
1675526508163500
1675526508163649
1675526508163731
1675526508163807
1675526508163884
1675526508163961
1675526508164618
1675526508164696
