1675526510181864
1675526510183310
1675526510186055
1675526510187364
1675526510187439
1675526510188882
1675526510190354
1675526510190432
1675526510190583
1675526510190661
1675526510193406
1675526510193484
1675526510193561
1675526510193639
1675526510193717
1675526510193867
1675526510193945
1675526510194022
1675526510194100
1675526510194177
1675526510194327
1675526510194405
1675526510196018
1675526510197394
1675526510197472
1675526510198847
1675526510198997
1675526510199075
1675526510200380
1675526510200454
1675526510200528
1675526510200671
1675526510201842
1675526510203356
1675526510204869
1675526510206384
1675526510206458
1675526510206532
1675526510207848
1675526510207922
1675526510209367
1675526510212368
1675526510212447
1675526510212524
1675526510212674
1675526510212752
1675526510212830
1675526510212908
1675526510212986
1675526510213136
1675526510213214
1675526510213291
1675526510213874
1675526510216546
1675526510217858
1675526510219593
1675526510219671
1675526510219749
1675526510219826
1675526510219904
1675526510220053
1675526510220128
1675526510220955
1675526510221098
1675526510221172
1675526510221246
1675526510222486
1675526510223999
1675526510224073
1675526510226614
1675526510227997
1675526510230855
1675526510231005
1675526510231083
1675526510231161
1675526510231238
1675526510231316
1675526510233844
1675526510233921
1675526510234071
1675526510234149
1675526510234227
1675526510234305
1675526510234382
1675526510234533
1675526510234610
1675526510236500
1675526510237876
1675526510239324
1675526510239474
1675526510239552
1675526510240815
1675526510240958
1675526510241032
1675526510241107
1675526510241181
1675526510242351
1675526510246262
1675526510247568
1675526510249082
1675526510249225
1675526510250713
1675526510250874
1675526510250952
1675526510251030
1675526510251108
1675526510251186
1675526510255157
1675526510255235
1675526510255313
1675526510255391
1675526510255541
1675526510255618
1675526510255696
1675526510255773
1675526510255850
1675526510255928
1675526510256078
1675526510256163
1675526510256241
1675526510256319
1675526510256469
1675526510256546
1675526510256696
1675526510256773
1675526510256851
1675526510256928
1675526510258087
1675526510258165
1675526510259613
1675526510261149
1675526510261223
1675526510261297
1675526510262603
1675526510266523
1675526510267898
1675526510267972
1675526510268047
1675526510269355
1675526510272374
1675526510272452
1675526510272530
1675526510272608
1675526510272757
1675526510272835
1675526510272912
1675526510272991
1675526510273069
1675526510273219
1675526510273296
1675526510276265
1675526510277641
1675526510277720
1675526510279094
1675526510279243
1675526510282098
1675526510282241
1675526510282316
1675526510282390
1675526510282464
1675526510282607
1675526510282681
1675526510282755
1675526510282829
1675526510283588
1675526510286267
1675526510287582
1675526510287725
1675526510289102
1675526510292158
1675526510292236
1675526510292314
1675526510292392
1675526510292469
1675526510292619
1675526510292697
1675526510292774
1675526510292852
1675526510292929
1675526510293079
1675526510293589
1675526510293739
1675526510293826
1675526510296280
1675526510297656
1675526510297734
1675526510297811
1675526510299117
1675526510299195
1675526510300614
1675526510300688
1675526510300831
1675526510300905
1675526510303242
1675526510304619
1675526510306132
1675526510306206
1675526510307583
1675526510307734
1675526510307809
1675526510310281
1675526510311584
1675526510311734
1675526510311812
1675526510311890
1675526510311967
1675526510313341
1675526510313419
1675526510313497
1675526510313574
1675526510313652
1675526510313802
1675526510313880
1675526510313957
1675526510314052
1675526510316078
1675526510316228
1675526510317606
1675526510317756
1675526510319132
1675526510320622
1675526510320697
1675526510320771
1675526510320914
1675526510320988
1675526510323254
1675526510325863
1675526510327376
1675526510327450
1675526510328826
1675526510330351
1675526510330503
1675526510330580
1675526510330658
1675526510330736
1675526510333335
1675526510333485
1675526510333562
1675526510333640
1675526510333718
1675526510333795
1675526510333945
1675526510334022
1675526510334099
1675526510334177
1675526510334254
1675526510336009
1675526510337384
1675526510338830
1675526510338981
1675526510339058
1675526510340346
1675526510340490
1675526510340564
1675526510340638
1675526510341876
1675526510341951
1675526510342024
1675526510342167
1675526510343337
1675526510346014
1675526510347388
1675526510347470
1675526510348845
1675526510350343
1675526510350494
1675526510350571
1675526510350649
1675526510352095
1675526510352173
1675526510352251
1675526510352329
1675526510352407
1675526510352556
1675526510352634
1675526510352711
1675526510354593
1675526510357338
1675526510357498
1675526510357576
1675526510357653
1675526510357731
1675526510357809
1675526510360046
1675526510361354
1675526510361496
1675526510361570
1675526510362878
1675526510362952
1675526510365630
1675526510367074
1675526510367216
1675526510367290
1675526510369693
1675526510371149
1675526510371227
1675526510374117
1675526510374195
1675526510374345
1675526510374422
1675526510374500
1675526510374578
1675526510374655
1675526510374804
1675526510374882
1675526510374959
1675526510375037
1675526510375115
1675526510375265
1675526510375343
1675526510375430
1675526510375653
1675526510375731
1675526510375808
1675526510377110
1675526510377188
1675526510377338
1675526510378568
1675526510378718
1675526510380095
1675526510380238
1675526510380311
1675526510380386
1675526510381625
1675526510381699
1675526510383075
1675526510385899
1675526510387344
1675526510387486
1675526510389989
1675526510391368
1675526510391445
1675526510391596
1675526510392971
1675526510393049
1675526510393199
1675526510393276
1675526510393354
1675526510393432
1675526510393509
1675526510393659
1675526510397124
1675526510397211
1675526510397288
1675526510397366
1675526510397516
1675526510398604
1675526510400120
1675526510400194
1675526510400268
1675526510401576
1675526510401719
1675526510401793
1675526510401867
1675526510403107
1675526510404621
1675526510406065
1675526510406208
1675526510407594
1675526510407669
1675526510409046
1675526510410765
1675526510410844
1675526510410922
1675526510410999
1675526510411149
1675526510411227
1675526510413612
1675526510413690
1675526510413840
1675526510413918
1675526510413996
1675526510414073
1675526510414151
1675526510414237
1675526510416261
1675526510417636
1675526510417714
1675526510417791
1675526510419094
1675526510420585
1675526510420729
1675526510420803
1675526510420877
1675526510423211
1675526510425887
1675526510427331
1675526510428844
1675526510428917
1675526510430419
1675526510430508
1675526510430586
1675526510430664
1675526510430742
1675526510431974
1675526510432124
1675526510432201
1675526510432278
1675526510432356
1675526510432433
1675526510432511
1675526510434894
1675526510434971
1675526510435050
1675526510435127
1675526510435277
1675526510435363
1675526510436378
1675526510437824
1675526510437974
1675526510438052
1675526510438130
1675526510439360
1675526510440854
1675526510440998
1675526510441072
1675526510441146
1675526510442385
1675526510446228
1675526510447604
1675526510447747
1675526510449124
1675526510452158
1675526510452237
1675526510452315
1675526510452393
1675526510452470
1675526510452548
1675526510452626
1675526510452776
1675526510452854
1675526510452931
1675526510453009
1675526510453663
1675526510453741
1675526510455116
1675526510456636
1675526510456714
1675526510456800
1675526510456877
1675526510458108
1675526510458185
1675526510459634
1675526510461099
1675526510461242
1675526510461316
1675526510461390
1675526510461464
1675526510462566
1675526510462709
1675526510466550
1675526510467858
1675526510468001
1675526510468075
1675526510469323
1675526510472234
1675526510472385
1675526510472462
1675526510472612
1675526510472690
1675526510472767
1675526510472845
1675526510472923
1675526510473072
1675526510473151
1675526510473228
1675526510473306
1675526510473384
1675526510476415
1675526510479090
1675526510479261
1675526510479339
1675526510479417
1675526510482127
1675526510482202
1675526510482345
1675526510482419
1675526510482494
1675526510482567
1675526510482711
1675526510483608
1675526510486287
1675526510487595
1675526510487737
1675526510487811
1675526510490303
1675526510491618
1675526510491696
1675526510491773
1675526510491851
1675526510494667
1675526510494746
1675526510494823
1675526510494900
1675526510494978
1675526510495127
1675526510495205
1675526510495283
1675526510495360
1675526510495438
1675526510495516
1675526510495665
1675526510495751
1675526510495829
1675526510495979
1675526510496129
1675526510496206
1675526510496284
1675526510497587
1675526510497737
1675526510497814
1675526510499118
1675526510500608
1675526510500751
1675526510500826
1675526510500900
1675526510503304
1675526510504610
1675526510506131
1675526510506205
1675526510507580
1675526510507723
1675526510507797
1675526510507871
1675526510510287
1675526510511591
1675526510511741
1675526510511819
1675526510511896
1675526510513199
1675526510513421
1675526510513498
1675526510513648
1675526510513726
1675526510513813
1675526510516125
1675526510516202
1675526510517576
1675526510517727
1675526510517805
1675526510520318
1675526510521623
1675526510521972
1675526510522115
1675526510522189
1675526510523084
1675526510523227
1675526510523301
1675526510523375
1675526510525847
1675526510527374
1675526510527448
1675526510528824
1675526510530345
1675526510530488
1675526510530562
1675526510530636
1675526510530710
1675526510533389
1675526510533463
1675526510533537
1675526510533679
1675526510533754
1675526510533828
1675526510533902
1675526510534045
1675526510534128
1675526510534202
1675526510536059
1675526510537366
1675526510538879
1675526510538952
1675526510539095
1675526510540393
1675526510540467
1675526510540541
1675526510540684
1675526510543019
1675526510545626
1675526510547139
1675526510547213
1675526510549751
1675526510551137
1675526510551212
1675526510554163
1675526510554237
1675526510554311
1675526510554385
1675526510554528
1675526510554602
1675526510554676
1675526510554749
1675526510554893
1675526510555035
1675526510555109
1675526510555252
1675526510555601
1675526510557114
1675526510562717
1675526510562723
1675526510562727
1675526510562730
1675526510562733
1675526510562736
1675526510562889
1675526510562967
1675526510563117
1675526510563195
1675526510563417
1675526510565873
1675526510567321
1675526510567471
1675526510567550
1675526510570077
1675526510571402
1675526510571476
1675526510571550
1675526510574362
1675526510574505
1675526510574579
1675526510574653
1675526510574727
1675526510574869
1675526510574943
1675526510575017
1675526510575091
1675526510575233
1675526510575307
1675526510575861
1675526510577372
1675526510577456
1675526510577530
1675526510577673
1675526510580070
1675526510581373
1675526510581451
1675526510581529
1675526510581679
1675526510582837
1675526510582988
1675526510583065
1675526510583142
1675526510583220
1675526510585602
1675526510587120
1675526510587197
1675526510588651
1675526510590095
1675526510590238
1675526510590312
1675526510593124
1675526510593198
1675526510593341
1675526510593415
1675526510593489
1675526510593563
1675526510593706
1675526510593780
1675526510593854
1675526510593928
1675526510595851
1675526510597362
1675526510597444
1675526510597518
1675526510597661
1675526510597735
1675526510599992
1675526510601369
1675526510601447
1675526510601597
1675526510602827
1675526510602977
1675526510604353
1675526510605872
1675526510607389
1675526510607467
1675526510607545
1675526510607623
1675526510610035
1675526510611408
1675526510611486
1675526510611564
1675526510614375
1675526510614453
1675526510614603
1675526510614681
1675526510614759
1675526510614837
1675526510614915
1675526510614992
1675526510615141
1675526510615219
1675526510615296
1675526510615375
1675526510615460
1675526510615610
1675526510615688
1675526510615910
1675526510615988
1675526510617360
1675526510617438
1675526510617587
1675526510618818
1675526510620323
1675526510620466
1675526510620540
1675526510620614
1675526510623015
1675526510625624
1675526510627067
1675526510628588
1675526510630134
1675526510630212
1675526510630290
1675526510633110
1675526510633187
1675526510633337
1675526510633415
1675526510633492
1675526510633570
1675526510633647
1675526510633797
1675526510633875
1675526510633952
1675526510635832
1675526510637352
1675526510637438
1675526510637588
1675526510637667
1675526510639979
1675526510641356
1675526510641498
1675526510641572
1675526510642878
1675526510642952
1675526510643095
1675526510643169
1675526510645640
1675526510647083
1675526510647225
1675526510648599
1675526510650065
1675526510650225
1675526510650303
1675526510653119
1675526510653197
1675526510653346
1675526510653424
1675526510653502
1675526510653579
1675526510653657
1675526510653735
1675526510653885
1675526510653962
1675526510654040
1675526510654621
1675526510656067
1675526510656218
1675526510657600
1675526510657678
1675526510657828
1675526510657906
1675526510660275
1675526510661583
1675526510661726
1675526510661800
1675526510663106
1675526510665850
1675526510667362
1675526510667436
1675526510667579
1675526510667653
1675526510670068
1675526510671372
1675526510671460
1675526510671539
1675526510674354
1675526510674432
1675526510674582
1675526510674660
1675526510674737
1675526510674814
1675526510674892
1675526510675042
1675526510675120
1675526510675197
1675526510675275
1675526510675353
1675526510675503
1675526510675868
1675526510677322
1675526510677473
1675526510677550
1675526510678853
1675526510680318
1675526510680461
1675526510680535
1675526510680609
1675526510680753
1675526510681854
1675526510681929
1675526510683373
1675526510685979
1675526510687353
1675526510687496
1675526510688871
1675526510690350
1675526510690429
1675526510690579
1675526510690656
1675526510693399
1675526510693478
1675526510693555
1675526510693633
1675526510693711
1675526510693860
1675526510693937
1675526510694015
1675526510694092
1675526510694170
1675526510695978
1675526510697351
1675526510697447
1675526510698893
1675526510698971
1675526510699048
1675526510700335
1675526510700478
1675526510700552
1675526510700626
1675526510701863
1675526510701937
1675526510702080
1675526510702154
1675526510703323
1675526510704835
1675526510706349
1675526510706492
1675526510706574
1675526510707883
1675526510709325
1675526510712360
1675526510712439
1675526510712516
1675526510712667
1675526510712744
1675526510712822
1675526510712899
1675526510712977
1675526510713127
1675526510713205
1675526510713282
1675526510713359
1675526510713437
1675526510716258
1675526510717631
1675526510717709
1675526510719083
1675526510719233
1675526510719311
1675526510719388
1675526510720591
1675526510720734
1675526510720808
1675526510720882
1675526510721024
1675526510722125
1675526510725964
1675526510727340
1675526510728853
1675526510728937
1675526510730353
1675526510730431
1675526510730509
1675526510730587
1675526510730736
1675526510733336
1675526510733486
1675526510733564
1675526510733641
1675526510733719
1675526510733797
1675526510733875
1675526510734025
1675526510734103
1675526510734180
1675526510734266
1675526510734343
1675526510734854
1675526510734933
1675526510735083
1675526510735160
1675526510735238
1675526510736396
1675526510736546
1675526510736624
1675526510737853
1675526510739372
1675526510740849
1675526510740991
1675526510741065
1675526510741140
1675526510742330
1675526510746236
1675526510747611
1675526510747754
1675526510747828
1675526510750211
1675526510751586
1675526510751735
1675526510751813
1675526510751890
1675526510751968
1675526510753124
1675526510753202
1675526510753279
1675526510753429
1675526510753506
1675526510754601
1675526510756119
1675526510756197
1675526510757571
1675526510757721
1675526510757798
1675526510757876
1675526510760250
1675526510761625
1675526510761699
1675526510761842
1675526510761916
1675526510763085
1675526510763228
1675526510763301
1675526510765839
1675526510767360
1675526510767435
1675526510768811
1675526510770353
1675526510770431
1675526510770509
1675526510770659
1675526510773402
1675526510773479
1675526510773557
1675526510773635
1675526510773712
1675526510773862
1675526510773940
1675526510774017
1675526510774095
1675526510774181
1675526510775988
1675526510777362
1675526510778879
1675526510778957
1675526510779034
1675526510780322
1675526510780465
1675526510780539
1675526510780614
1675526510781853
1675526510781927
1675526510783371
1675526510785978
1675526510787353
1675526510787427
1675526510789996
1675526510791374
1675526510791452
1675526510791530
1675526510794416
1675526510794494
1675526510794572
1675526510794650
1675526510794728
1675526510794877
1675526510794954
1675526510795032
1675526510795110
1675526510795187
1675526510795265
1675526510795415
1675526510795501
1675526510795868
1675526510797386
1675526510797464
1675526510797542
1675526510797620
1675526510798850
1675526510800352
1675526510800426
1675526510800568
1675526510800642
1675526510801814
1675526510803395
1675526510804837
1675526510806350
1675526510806424
1675526510806508
