1675526502269119
1675526502270627
1675526502270701
1675526502270775
1675526502270918
1675526502270992
1675526502272093
1675526502273606
1675526502275117
1675526502276629
1675526502276703
1675526502278077
1675526502279588
1675526502279739
1675526502279815
1675526502281102
1675526502284134
1675526502284212
1675526502284289
1675526502284440
1675526502284517
1675526502284595
1675526502284672
1675526502284749
1675526502284899
1675526502284977
1675526502285054
1675526502285132
1675526502285210
1675526502285660
1675526502285738
1675526502285816
1675526502285893
1675526502287124
1675526502287201
1675526502287351
1675526502288582
1675526502290100
1675526502290178
1675526502290337
1675526502290413
1675526502290487
1675526502295349
1675526502296861
1675526502296935
1675526502297018
1675526502298324
1675526502298467
1675526502298541
1675526502299847
1675526502299990
1675526502300064
1675526502300138
1675526502301380
1675526502304411
1675526502304489
1675526502304567
1675526502304644
1675526502304721
1675526502304871
1675526502304948
1675526502305899
1675526502307344
1675526502307493
1675526502307571
1675526502308873
1675526502310319
1675526502310413
1675526502310487
1675526502310631
1675526502310705
1675526502311874
1675526502313386
1675526502316061
1675526502318531
1675526502319905
1675526502322889
1675526502322976
1675526502323053
1675526502323131
1675526502323281
1675526502323358
1675526502323437
1675526502323515
1675526502323593
1675526502323743
1675526502323821
1675526502323898
1675526502324408
1675526502324487
1675526502324564
1675526502324642
1675526502324719
1675526502325886
1675526502327332
1675526502327482
1675526502327559
1675526502328861
1675526502328938
1675526502330315
1675526502330390
1675526502330533
1675526502330607
1675526502335542
1675526502336848
1675526502338360
1675526502338434
1675526502339878
1675526502339951
1675526502340047
1675526502340121
1675526502341370
1675526502344402
1675526502344480
1675526502344557
1675526502344635
1675526502344786
1675526502344863
1675526502344941
1675526502345019
1675526502345097
1675526502345174
1675526502345323
1675526502345401
1675526502345840
1675526502347366
1675526502347444
1675526502347522
1675526502348823
1675526502348973
1675526502350349
1675526502350450
1675526502350528
1675526502350606
1675526502350683
1675526502355513
1675526502356886
1675526502358332
1675526502358482
1675526502358560
1675526502358637
1675526502358724
1675526502359881
1675526502359959
1675526502360037
1675526502360186
1675526502361371
1675526502364389
1675526502364463
1675526502364537
1675526502364680
1675526502364755
1675526502364828
1675526502364904
1675526502365046
1675526502365120
1675526502365194
1675526502365892
1675526502367336
1675526502367479
1675526502367552
1675526502368858
1675526502370371
1675526502370451
1675526502370529
1675526502370607
1675526502371837
1675526502371987
1675526502372064
1675526502372142
1675526502373373
1675526502375973
1675526502377348
1675526502380028
1675526502381373
1675526502381448
1675526502381591
1675526502381665
1675526502384342
1675526502384485
1675526502384559
1675526502384632
1675526502384706
1675526502384849
1675526502384923
1675526502384997
1675526502385071
1675526502385898
1675526502387341
1675526502387494
1675526502387569
1675526502387643
1675526502387717
1675526502388818
1675526502390362
1675526502390442
1675526502390592
1675526502390670
1675526502390748
1675526502395504
1675526502396878
1675526502398325
1675526502398475
1675526502398552
1675526502398630
1675526502399871
1675526502399950
1675526502400028
1675526502400178
1675526502401364
1675526502404380
1675526502404455
1675526502404529
1675526502404672
1675526502404746
1675526502404819
1675526502404893
1675526502404967
1675526502405041
1675526502405184
1675526502405258
1675526502405341
1675526502405895
1675526502405970
1675526502406044
1675526502406118
1675526502407358
1675526502407501
1675526502408876
1675526502408950
1675526502410442
1675526502410520
1675526502410598
1675526502410748
1675526502415509
1675526502416883
1675526502418327
1675526502418487
1675526502418565
1675526502419866
1675526502419944
1675526502420094
1675526502420173
1675526502421368
1675526502424385
1675526502424460
1675526502424534
1675526502424677
1675526502424752
1675526502424825
1675526502424899
1675526502425042
1675526502425116
1675526502425884
1675526502427326
1675526502427469
1675526502427543
1675526502428849
1675526502430372
1675526502430452
1675526502430530
1675526502430608
1675526502430758
1675526502431844
1675526502431995
1675526502433370
1675526502436040
1675526502437413
1675526502438858
1675526502440388
1675526502440463
1675526502440537
1675526502440680
1675526502441850
1675526502441993
1675526502442066
1675526502443509
1675526502443583
1675526502443657
1675526502443800
1675526502443874
1675526502443948
1675526502444022
1675526502446149
1675526502448893
1675526502448976
1675526502449050
1675526502449124
1675526502449267
1675526502449341
1675526502450370
1675526502450522
1675526502450600
1675526502450678
1675526502450756
1675526502455514
1675526502456889
1675526502458335
1675526502458486
1675526502459861
1675526502459939
1675526502460025
1675526502460103
1675526502461373
1675526502463023
1675526502463097
1675526502463171
1675526502463314
1675526502463388
1675526502463462
1675526502463536
1675526502463679
1675526502464506
1675526502464580
1675526502465886
1675526502465961
1675526502466105
1675526502466188
1675526502468591
1675526502468733
1675526502471593
1675526502471743
1675526502471821
1675526502471899
1675526502471977
1675526502472055
1675526502472204
1675526502473148
1675526502475749
1675526502477123
1675526502478641
1675526502478720
1675526502478798
1675526502480121
1675526502480199
1675526502480277
1675526502480425
1675526502481595
1675526502481738
1675526502484620
1675526502484694
1675526502484837
1675526502484911
1675526502484985
1675526502485060
1675526502485202
1675526502485276
1675526502485350
1675526502485424
1675526502486122
1675526502487632
1675526502487705
1675526502487779
1675526502487922
1675526502489089
1675526502490578
1675526502490728
1675526502490806
1675526502490884
1675526502492113
1675526502492191
1675526502492267
1675526502496018
1675526502497392
1675526502498838
1675526502498996
1675526502499074
1675526502499152
1675526502500382
1675526502500456
1675526502500599
1675526502500672
1675526502500747
1675526502501847
1675526502501989
1675526502502063
1675526502503369
1675526502503443
1675526502503586
1675526502503659
1675526502503733
1675526502504843
1675526502506355
1675526502507867
1675526502507940
1675526502508014
1675526502508157
1675526502509327
1675526502509468
1675526502510874
1675526502510953
1675526502511030
1675526502511108
1675526502516012
1675526502518534
1675526502519908
1675526502519986
1675526502521388
1675526502521462
1675526502521536
1675526502521679
1675526502521753
1675526502524359
1675526502524502
1675526502524576
1675526502524650
1675526502524724
1675526502524866
1675526502524940
1675526502525014
1675526502525088
1675526502525162
1675526502525304
1675526502525387
1675526502525462
1675526502525880
1675526502525953
1675526502526096
1675526502526170
1675526502526244
1675526502527345
1675526502528858
1675526502528931
1675526502529075
1675526502530367
1675526502530447
1675526502530597
1675526502530675
1675526502535506
1675526502536888
1675526502538335
1675526502538485
1675526502539860
1675526502539937
1675526502540015
1675526502540164
1675526502541347
1675526502544362
1675526502544504
1675526502544578
1675526502544653
1675526502544727
1675526502544869
1675526502544944
1675526502545839
1675526502547357
1675526502547432
1675526502547574
1675526502547648
1675526502548818
1675526502548961
1675526502550366
1675526502550445
1675526502550523
1675526502550601
1675526502550678
1675526502551905
1675526502551984
1675526502555732
1675526502557106
1675526502558623
1675526502560087
1675526502560237
1675526502560314
1675526502560389
1675526502561630
1675526502561705
1675526502564656
1675526502564730
1675526502564804
1675526502564879
1675526502565022
1675526502565095
1675526502565169
1675526502565242
1675526502565385
1675526502565459
1675526502566091
1675526502567602
1675526502567745
1675526502567819
1675526502567893
1675526502569131
1675526502570586
1675526502570737
1675526502570814
1675526502570891
1675526502572121
1675526502573569
1675526502575159
1675526502576608
1675526502578056
1675526502578205
1675526502579661
1675526502579739
1675526502579817
1675526502581090
1675526502584109
1675526502584252
1675526502584326
1675526502584401
1675526502584475
1675526502584616
1675526502584691
1675526502584765
1675526502584839
1675526502584982
1675526502585056
1675526502585130
1675526502585213
1675526502585628
1675526502587138
1675526502587213
1675526502587287
1675526502588592
1675526502590103
1675526502590177
1675526502590346
1675526502590368
1675526502590520
1675526502595350
1675526502596868
1675526502596946
1675526502597023
1675526502598326
1675526502598413
1675526502598563
1675526502599866
1675526502599944
1675526502600021
1675526502600099
1675526502601366
1675526502604387
1675526502604461
1675526502604536
1675526502604679
1675526502604753
1675526502604827
1675526502604901
1675526502605042
1675526502605117
1675526502605885
1675526502608491
1675526502609866
1675526502610008
1675526502610082
1675526502611527
1675526502611605
1675526502611683
1675526502611760
1675526502611838
1675526502611916
1675526502612066
1675526502612142
1675526502614381
1675526502614458
1675526502614535
1675526502615858
1675526502619752
1675526502621094
1675526502621238
1675526502621312
1675526502621386
1675526502624131
1675526502624206
1675526502624280
1675526502624422
1675526502624497
1675526502624570
1675526502624644
1675526502624787
1675526502624861
1675526502624935
1675526502625017
1675526502625639
1675526502627083
1675526502628596
1675526502630245
1675526502630319
1675526502630373
1675526502630525
1675526502630603
1675526502630680
1675526502630758
1675526502630837
1675526502635377
1675526502638120
1675526502638198
1675526502638276
1675526502639586
1675526502639735
1675526502639813
1675526502641096
1675526502642746
1675526502642820
1675526502642963
1675526502643037
1675526502643111
1675526502643185
1675526502643327
1675526502643401
1675526502645598
1675526502645741
1675526502645815
1675526502645889
1675526502645972
1675526502646115
1675526502646188
1675526502646262
1675526502646404
1675526502647095
1675526502647238
1675526502647312
1675526502648619
1675526502648693
1675526502650136
1675526502650210
1675526502650284
1675526502650366
1675526502650518
1675526502655349
1675526502656877
1675526502656955
1675526502657032
1675526502658336
1675526502659854
1675526502659932
1675526502660010
1675526502660160
1675526502662506
1675526502663883
1675526502663956
1675526502664099
1675526502664173
1675526502664247
1675526502665348
1675526502665491
1675526502665573
1675526502665647
1675526502666885
1675526502666959
1675526502667034
1675526502669504
1675526502670846
1675526502670989
1675526502671064
1675526502671138
1675526502672377
1675526502672451
1675526502672594
1675526502672667
1675526502673838
1675526502675349
1675526502676870
1675526502676944
1675526502679482
1675526502680901
1675526502680975
1675526502681049
1675526502682492
1675526502682566
1675526502682708
1675526502682781
1675526502682856
1675526502682930
1675526502683074
1675526502683968
1675526502684111
1675526502685348
1675526502685432
1675526502685575
1675526502688113
1675526502688187
1675526502688329
1675526502688403
1675526502688477
1675526502689646
1675526502689721
1675526502689795
1675526502689937
1675526502691096
1675526502695134
1675526502696580
1675526502696731
1675526502696808
1675526502698118
1675526502698197
1675526502699642
1675526502699720
1675526502699797
1675526502701135
1675526502704154
1675526502704229
1675526502704304
1675526502704446
1675526502704520
1675526502704594
1675526502704668
1675526502704741
1675526502704884
1675526502704958
1675526502705040
1675526502705114
1675526502705256
1675526502705604
1675526502707114
1675526502708557
1675526502710272
1675526502710366
1675526502710446
1675526502710524
1675526502710601
1675526502710679
1675526502715368
1675526502718110
1675526502718188
1675526502719636
1675526502719722
1675526502719800
1675526502719877
1675526502719955
1675526502721097
1675526502724116
1675526502724259
1675526502724333
1675526502724407
1675526502724482
1675526502724625
1675526502724699
1675526502724773
1675526502724847
1675526502724921
1675526502725063
1675526502725146
1675526502725220
1675526502725637
1675526502727079
1675526502728592
1675526502728666
1675526502728808
1675526502730113
1675526502730187
1675526502730261
1675526502730368
1675526502731603
1675526502731681
1675526502733128
1675526502735727
1675526502737100
1675526502738629
1675526502740075
1675526502740225
1675526502740302
1675526502740382
1675526502740457
1675526502741627
1675526502741701
1675526502743076
1675526502743218
1675526502743292
1675526502743366
1675526502743509
1675526502744610
1675526502746121
1675526502747631
1675526502747714
1675526502747789
1675526502747862
1675526502748006
1675526502749107
1675526502749181
1675526502750588
1675526502750738
1675526502750816
1675526502750894
1675526502750971
1675526502755730
1675526502757103
1675526502758695
1675526502758773
1675526502760076
1675526502760248
1675526502760348
1675526502760424
1675526502761595
1675526502761739
1675526502764618
1675526502764761
1675526502764835
1675526502764910
1675526502764984
1675526502765058
1675526502765201
1675526502765275
1675526502765349
1675526502765423
1675526502765565
1675526502765648
1675526502765722
1675526502766140
1675526502766215
1675526502766289
1675526502767596
1675526502767670
1675526502769183
1675526502769256
1675526502770625
1675526502770700
1675526502770843
1675526502770917
1675526502772086
1675526502773598
1675526502775111
1675526502776564
1675526502778076
1675526502778219
1675526502779593
1675526502779668
1675526502779811
1675526502781096
1675526502784054
1675526502784132
1675526502785363
1675526502785514
1675526502785591
1675526502785669
1675526502785746
1675526502785824
1675526502785901
1675526502786061
1675526502788157
1675526502788235
1675526502788312
1675526502788390
1675526502789621
1675526502789699
1675526502789849
1675526502789927
1675526502791122
1675526502791196
1675526502792643
1675526502792716
1675526502794093
1675526502795603
1675526502797116
1675526502797205
1675526502797280
1675526502798586
1675526502800098
1675526502800310
1675526502800373
1675526502800453
1675526502801610
1675526502801688
1675526502803351
1675526502803429
1675526502803506
1675526502803584
1675526502803661
1675526502803811
1675526502803889
1675526502803975
1675526502806070
1675526502806220
1675526502807594
1675526502807671
1675526502807821
1675526502807899
1675526502809129
1675526502810635
1675526502810709
1675526502810783
1675526502810926
1675526502815788
1675526502818258
1675526502819634
1675526502819708
1675526502821095
1675526502821173
1675526502821323
1675526502821401
1675526502824143
1675526502824220
1675526502824298
1675526502824376
1675526502824453
1675526502824603
1675526502824680
1675526502824758
1675526502824836
1675526502824914
1675526502824991
1675526502825067
1675526502825226
1675526502825593
1675526502825742
1675526502827118
1675526502828636
1675526502828714
1675526502830090
1675526502830240
1675526502830318
1675526502830417
1675526502830561
1675526502835226
1675526502836601
1675526502838112
1675526502838186
1675526502838329
1675526502839577
1675526502839721
1675526502839794
1675526502841090
1675526502844122
1675526502844200
1675526502844277
1675526502844427
1675526502844504
1675526502844582
1675526502844660
1675526502844738
1675526502844815
1675526502844965
1675526502845619
1675526502847138
1675526502847226
1675526502847304
1675526502847381
1675526502848611
1675526502848688
1675526502850135
1675526502850212
1675526502850290
1675526502850369
1675526502851609
1675526502851682
1675526502853124
1675526502855729
1675526502857104
1675526502858616
1675526502858691
1675526502860074
1675526502860216
1675526502860290
1675526502860372
1675526502860524
1675526502861609
1675526502861687
1675526502864647
1675526502864725
1675526502864803
1675526502864880
1675526502865031
1675526502865108
1675526502865185
1675526502866128
1675526502867575
1675526502867743
1675526502867821
1675526502867899
1675526502869129
1675526502870640
1675526502870714
1675526502870788
1675526502870931
1675526502871005
1675526502872105
1675526502873616
1675526502875060
1675526502876641
1675526502876715
1675526502878090
1675526502879601
1675526502879684
1675526502879828
1675526502881091
1675526502884122
1675526502884200
1675526502884350
1675526502884428
1675526502884506
1675526502884583
1675526502884661
1675526502884810
1675526502884888
1675526502884965
1675526502885042
1675526502885121
1675526502885199
1675526502887086
1675526502887236
1675526502887314
1675526502887392
1675526502887468
1675526502887547
1675526502887697
1675526502887774
1675526502887852
1675526502888650
