1675526153913700
1675526153914571
1675526153915665
1675526153915743
1675526153916758
1675526153916835
1675526153916912
1675526153916990
1675526153917067
1675526153917793
1675526153920610
1675526153920688
1675526153920775
1675526153920925
1675526153921003
1675526153921080
1675526153921157
1675526153921235
1675526153921313
1675526153921390
1675526153921540
1675526153921618
1675526153921695
1675526153921772
1675526153921850
1675526153923586
1675526153923735
1675526153923813
1675526153924701
1675526153925796
1675526153926810
1675526153927896
1675526153928983
1675526153929997
1675526153930075
1675526153930225
1675526153931095
1675526153931173
1675526153933556
1675526153936304
1675526153936454
1675526153936531
1675526153936609
1675526153936687
1675526153937424
1675526153937502
1675526153937580
1675526153937730
1675526153937807
1675526153938534
1675526153939548
1675526153940634
1675526153940713
1675526153940863
1675526153942095
1675526153942173
1675526153942250
1675526153943192
1675526153943269
1675526153944286
1675526153945310
1675526153945388
1675526153946434
1675526153950615
1675526153950689
1675526153950763
1675526153950837
1675526153950979
1675526153951053
1675526153951126
1675526153951750
1675526153952715
1675526153953816
1675526153954917
1675526153955958
1675526153956034
1675526153957010
1675526153957153
1675526153957227
1675526153957300
1675526153958127
1675526153958201
1675526153958343
1675526153959513
1675526153959587
1675526153959661
1675526153960625
1675526153960699
1675526153963444
1675526153963518
1675526153963660
1675526153963734
1675526153963817
1675526153964578
1675526153965613
1675526153966718
1675526153967821
1675526153968855
1675526153969886
1675526153970987
1675526153972021
1675526153973533
1675526153976467
1675526153976546
1675526153976624
1675526153976701
1675526153976778
1675526153976928
1675526153977016
1675526153977094
1675526153977605
1675526153977682
1675526153977831
1675526153977909
1675526153978707
1675526153978784
1675526153979727
1675526153982615
1675526153982693
1675526153982842
1675526153982920
1675526153982997
1675526153983075
1675526153983730
1675526153984769
1675526153985866
1675526153986881
1675526153988039
1675526153989128
1675526153990504
1675526153990581
1675526153993475
1675526153994563
1675526153995579
1675526153996683
1675526153996757
1675526153996831
1675526153996973
1675526153997047
1675526153997806
1675526153997891
1675526153998034
1675526153998108
1675526153998182
1675526153998871
1675526153999971
1675526154002783
1675526154002857
1675526154002930
1675526154003004
1675526154003147
1675526154003220
1675526154003294
1675526154003368
1675526154003510
1675526154003859
1675526154004901
1675526154005993
1675526154007025
1675526154008058
1675526154010526
1675526154010600
1675526154010742
1675526154010816
1675526154014586
1675526154015597
1675526154016698
1675526154016840
1675526154016914
1675526154016988
1675526154017817
1675526154017891
1675526154017974
1675526154018871
1675526154018945
1675526154019910
1675526154019984
1675526154020126
1675526154020200
1675526154021232
1675526154021306
1675526154021449
1675526154022277
1675526154024748
1675526154025821
1675526154026909
1675526154027924
1675526154029011
1675526154030035
1675526154030113
1675526154031129
1675526154031207
1675526154031284
1675526154034891
1675526154034968
1675526154035962
1675526154036036
1675526154036180
1675526154037008
1675526154039821
1675526154039963
1675526154040037
1675526154040111
1675526154040185
1675526154040268
1675526154040411
1675526154040485
1675526154040558
1675526154040633
1675526154040776
1675526154040850
1675526154040924
1675526154040997
1675526154041139
1675526154041487
1675526154041561
1675526154041635
1675526154041709
1675526154041852
1675526154041926
1675526154042557
1675526154043589
1675526154043663
1675526154044628
1675526154048415
1675526154049430
1675526154049580
1675526154050525
1675526154050602
1675526154050680
1675526154050757
1675526154050906
1675526154051562
1675526154052649
1675526154055108
1675526154056128
1675526154056215
1675526154057157
1675526154057235
1675526154060128
1675526154060205
1675526154060355
1675526154060432
1675526154060510
1675526154060588
1675526154060665
1675526154061248
1675526154062265
1675526154062343
1675526154062420
1675526154062570
1675526154063368
1675526154063455
1675526154064400
1675526154067205
1675526154067280
1675526154067422
1675526154068249
1675526154069352
1675526154069426
1675526154070389
1675526154070463
1675526154071565
1675526154072599
1675526154075069
1675526154076118
1675526154076192
1675526154077294
1675526154077379
1675526154080057
1675526154080200
1675526154080274
1675526154080348
1675526154080421
1675526154080564
1675526154080637
1675526154080711
1675526154080785
1675526154080927
1675526154081001
1675526154081075
1675526154081149
1675526154081291
1675526154081365
1675526154084049
1675526154084192
1675526154084266
1675526154085230
1675526154086324
1675526154087339
1675526154088427
1675526154089442
1675526154090530
1675526154090608
1675526154090686
1675526154092928
1675526154095762
1675526154095840
1675526154096857
1675526154096934
1675526154097021
1675526154097099
1675526154097898
1675526154097975
1675526154098053
1675526154098130
1675526154098280
1675526154098934
1675526154099012
1675526154100027
1675526154100105
1675526154102852
1675526154102930
1675526154103007
1675526154103085
1675526154103162
1675526154103320
1675526154103975
1675526154105063
1675526154106123
1675526154107156
1675526154108188
1675526154109358
1675526154110733
1675526154110876
1675526154110950
1675526154114791
1675526154115843
1675526154115986
1675526154116951
1675526154117025
1675526154117098
1675526154117181
1675526154118009
1675526154118083
1675526154118157
1675526154118299
1675526154118374
1675526154119065
1675526154120234
1675526154120308
1675526154122984
1675526154123127
1675526154123200
1675526154123274
1675526154123348
1675526154123490
1675526154124113
1675526154125167
1675526154126180
1675526154126331
1675526154127273
1675526154129661
1675526154129739
1675526154129816
1675526154130687
1675526154130765
1675526154134661
1675526154135742
1675526154135816
1675526154136780
1675526154136923
1675526154136997
1675526154137071
1675526154137155
1675526154137846
1675526154137988
1675526154138062
1675526154138959
1675526154139993
1675526154140067
1675526154140140
1675526154142887
1675526154142961
1675526154143104
1675526154143177
1675526154143251
1675526154143325
1675526154143948
1675526154144981
1675526154146009
1675526154147098
1675526154148257
1675526154149270
1675526154150576
1675526154150654
1675526154150731
1675526154151675
1675526154151753
1675526154155663
1675526154155741
1675526154155819
1675526154156763
1675526154156841
1675526154156918
1675526154156995
1675526154157807
1675526154157885
1675526154157962
1675526154158039
1675526154158116
1675526154158915
1675526154158992
1675526154159070
1675526154161744
1675526154161822
1675526154161899
1675526154162049
1675526154162127
1675526154162204
1675526154162281
1675526154162359
1675526154162447
1675526154162813
1675526154163900
1675526154164989
1675526154166011
1675526154167098
1675526154169987
1675526154170064
1675526154170214
1675526154170291
1675526154171089
1675526154171166
1675526154172108
1675526154173268
1675526154174284
1675526154175371
1675526154176474
1675526154176552
1675526154179369
1675526154179448
1675526154179525
1675526154179602
1675526154179680
1675526154179757
1675526154179835
1675526154180489
1675526154180566
1675526154180643
1675526154180721
1675526154180798
1675526154181597
1675526154182684
1675526154185079
1675526154185157
1675526154186180
1675526154186257
1675526154190010
1675526154190088
1675526154190237
1675526154190315
1675526154190393
1675526154191119
1675526154192206
1675526154193293
1675526154194451
1675526154195543
1675526154196509
1675526154196583
1675526154199404
1675526154199478
1675526154199551
1675526154199625
1675526154199698
1675526154199840
1675526154199914
1675526154199988
1675526154200061
1675526154200410
1675526154200483
1675526154200557
1675526154203371
1675526154203445
1675526154203519
1675526154203593
1675526154203675
1675526154204435
1675526154205515
1675526154206548
1675526154207649
1675526154208681
1675526154209784
1675526154211159
1675526154211233
1675526154215143
1675526154215217
1675526154216249
1675526154216398
1675526154216476
1675526154217276
1675526154217354
1675526154217442
1675526154217520
1675526154218391
1675526154218469
1675526154218547
1675526154218624
1675526154218774
1675526154219428
1675526154222320
1675526154222470
1675526154222548
1675526154222625
1675526154222703
1675526154222780
1675526154223436
1675526154224451
1675526154225598
1675526154226614
1675526154227702
1675526154230232
1675526154230310
1675526154230387
1675526154230465
1675526154234075
1675526154235091
1675526154236112
1675526154236190
1675526154236340
1675526154237211
1675526154237288
1675526154237366
1675526154237443
1675526154237541
1675526154238268
1675526154238346
1675526154238423
1675526154238501
1675526154239299
1675526154242188
1675526154242338
1675526154242416
1675526154242494
1675526154242571
1675526154242648
1675526154242726
1675526154242875
1675526154242953
1675526154243319
1675526154244343
1675526154245437
1675526154246525
1675526154247541
1675526154250071
1675526154250149
1675526154250226
1675526154250304
1675526154251175
1675526154251252
1675526154255368
1675526154256389
1675526154256540
1675526154256617
1675526154257489
1675526154257639
1675526154257726
1675526154257804
1675526154257882
1675526154258608
1675526154259624
1675526154259702
1675526154259779
1675526154260721
1675526154260799
1675526154260876
1675526154261026
1675526154261753
1675526154264208
1675526154266810
1675526154267968
1675526154269055
1675526154270092
1675526154270169
1675526154270247
1675526154270325
1675526154271051
1675526154271129
1675526154272142
1675526154273517
1675526154274605
1675526154275628
1675526154275705
1675526154276647
1675526154276724
1675526154279610
1675526154279688
1675526154279766
1675526154279852
1675526154279930
1675526154280007
1675526154280157
1675526154280234
1675526154280312
1675526154280389
1675526154280466
1675526154280543
1675526154280621
1675526154280699
1675526154280848
1675526154283591
1675526154283668
1675526154283747
1675526154283824
1675526154283910
1675526154284709
1675526154285731
1675526154286818
1675526154287761
1675526154288848
1675526154289862
1675526154289940
1675526154290954
1675526154291032
1675526154293415
1675526154296234
1675526154296383
1675526154296461
1675526154296538
1675526154296616
1675526154297279
1675526154297357
1675526154297434
1675526154297512
1675526154298311
1675526154299396
1675526154300410
1675526154300488
1675526154300565
1675526154300642
1675526154303241
1675526154303318
1675526154303467
1675526154304266
1675526154305281
1675526154305358
1675526154306317
1675526154307403
1675526154308418
1675526154309505
1675526154310520
1675526154310598
1675526154311901
1675526154311979
1675526154314869
1675526154315964
1675526154316042
1675526154316982
1675526154317132
1675526154317209
1675526154317287
1675526154317365
1675526154318028
1675526154318106
1675526154318183
1675526154318261
1675526154319060
1675526154319138
1675526154320151
1675526154323038
1675526154323116
1675526154323194
1675526154323271
1675526154323348
1675526154323499
1675526154323576
1675526154323654
1675526154324093
1675526154325118
1675526154326160
1675526154327175
1675526154328262
1675526154330649
1675526154330727
1675526154330804
1675526154330882
1675526154334493
1675526154335587
1675526154335665
1675526154335815
1675526154336687
1675526154336765
1675526154336842
1675526154336920
1675526154337728
1675526154337806
1675526154337883
1675526154338032
1675526154338110
1675526154338763
1675526154338914
1675526154341662
1675526154341812
1675526154341889
1675526154341966
1675526154342044
1675526154342121
1675526154342270
1675526154342348
1675526154342858
1675526154343884
1675526154344972
1675526154346039
1675526154347056
1675526154348143
1675526154349228
1675526154352117
1675526154352195
1675526154352273
1675526154352350
1675526154352427
1675526154352578
1675526154353161
1675526154354320
1675526154355335
1675526154356406
1675526154356492
1675526154359171
1675526154359245
1675526154359388
1675526154359461
1675526154359535
1675526154359609
1675526154359752
1675526154359826
1675526154360379
1675526154360453
1675526154360526
1675526154360600
1675526154360742
1675526154361432
1675526154361506
1675526154362752
1675526154363783
1675526154364884
1675526154365890
1675526154367048
1675526154369868
1675526154369946
1675526154370023
1675526154370173
1675526154370972
1675526154371985
1675526154373072
1675526154374157
1675526154375244
1675526154376290
1675526154376364
1675526154379115
1675526154379190
1675526154379332
1675526154379407
1675526154379480
1675526154379554
1675526154380175
1675526154380249
1675526154380392
1675526154380466
1675526154380539
1675526154381229
1675526154381372
1675526154382611
1675526154383645
1675526154386255
1675526154387354
1675526154388369
1675526154389456
1675526154390470
1675526154390621
1675526154390698
1675526154391785
1675526154393160
1675526154394174
1675526154395261
1675526154396323
1675526154396398
1675526154396471
1675526154399214
1675526154399288
1675526154399362
1675526154399516
1675526154399590
1675526154399664
1675526154399738
1675526154399880
1675526154399953
1675526154400027
1675526154400101
1675526154400243
1675526154400316
1675526154400390
1675526154400464
1675526154403208
1675526154403282
1675526154403356
1675526154403498
1675526154403594
1675526154403669
1675526154404290
1675526154405323
1675526154406389
1675526154407421
1675526154408521
1675526154409554
1675526154410586
1675526154412030
1675526154412104
1675526154414985
1675526154416080
1675526154416155
1675526154416229
1675526154417125
1675526154417208
1675526154417282
1675526154417355
1675526154418184
1675526154418257
1675526154419221
1675526154420322
1675526154420396
1675526154420469
1675526154420543
1675526154421645
1675526154421718
1675526154422684
1675526154425510
1675526154425584
1675526154425658
1675526154425743
1675526154426570
1675526154427602
1675526154428703
1675526154429736
1675526154430768
1675526154430910
1675526154430984
1675526154433182
1675526154435968
1675526154436046
1675526154436123
1675526154437066
1675526154437144
1675526154437221
1675526154437299
1675526154437387
1675526154438114
1675526154438192
1675526154438269
1675526154438347
1675526154439218
1675526154439369
1675526154440314
1675526154443135
1675526154443212
1675526154443290
1675526154443368
1675526154443517
1675526154443595
1675526154443672
1675526154443750
1675526154443835
1675526154444203
1675526154445219
1675526154446342
1675526154447375
1675526154448407
1675526154449507
1675526154450882
1675526154450956
1675526154451098
1675526154451172
1675526154454944
1675526154455990
1675526154456134
1675526154456207
1675526154457103
1675526154457189
1675526154457263
1675526154457337
1675526154457410
1675526154458169
1675526154458243
1675526154458316
1675526154458390
1675526154459217
1675526154460318
1675526154461761
1675526154461835
1675526154461910
1675526154462052
1675526154462811
1675526154465458
1675526154466510
1675526154467613
1675526154468646
1675526154469680
1675526154469823
1675526154469897
1675526154470862
1675526154471896
1675526154475717
1675526154475792
1675526154476756
1675526154476830
1675526154476904
1675526154477047
1675526154479587
1675526154479661
1675526154479746
1675526154479820
1675526154479894
1675526154480037
1675526154480111
1675526154480185
1675526154480259
1675526154480401
1675526154480749
1675526154480822
1675526154480896
1675526154480969
1675526154481797
1675526154483104
1675526154484137
1675526154485238
1675526154486324
1675526154489290
1675526154490306
1675526154490456
1675526154490533
1675526154490611
1675526154490688
1675526154491416
1675526154492431
1675526154493588
1675526154494675
1675526154495689
1675526154497269
1675526154497343
1675526154497417
1675526154497491
1675526154497645
1675526154498336
1675526154501150
1675526154501224
1675526154501298
1675526154501372
1675526154501514
1675526154501588
1675526154501662
1675526154501736
1675526154502221
1675526154503253
1675526154507263
1675526154508278
1675526154509365
1675526154510379
1675526154510468
1675526154510618
1675526154511488
1675526154511565
1675526154511643
1675526154513952
1675526154514968
1675526154517910
1675526154517985
1675526154518059
1675526154518132
1675526154518274
1675526154518349
1675526154518423
1675526154518497
1675526154518570
1675526154518723
1675526154518935
1675526154519077
1675526154519151
1675526154519223
1675526154519298
1675526154521837
1675526154521980
1675526154522053
1675526154522127
1675526154522202
1675526154522344
1675526154522417
1675526154522970
1675526154524002
1675526154525035
1675526154525117
1675526154526181
1675526154527284
1675526154528316
1675526154529349
1675526154530658
1675526154530801
1675526154530875
1675526154530949
1675526154534789
1675526154534931
