1675526565591506
1675526565591649
1675526565591723
1675526565591798
1675526565594163
1675526565595394
1675526565595544
1675526565595622
1675526565595700
1675526565599384
1675526565600903
1675526565600981
1675526565601131
1675526565601208
1675526565602368
1675526565603967
1675526565604045
1675526565604122
1675526565604220
1675526565605391
1675526565605535
1675526565605609
1675526565608421
1675526565608496
1675526565608639
1675526565608712
1675526565608786
1675526565608860
1675526565609003
1675526565609077
1675526565609151
1675526565609233
1675526565609923
1675526565609997
1675526565611441
1675526565611515
1675526565614248
1675526565615409
1675526565615560
1675526565615637
1675526565615715
1675526565616945
1675526565617023
1675526565617101
1675526565618404
1675526565619923
1675526565621370
1675526565621529
1675526565621607
1675526565624138
1675526565625378
1675526565625521
1675526565625595
1675526565628409
1675526565628551
1675526565628625
1675526565628699
1675526565628774
1675526565628916
1675526565628990
1675526565629064
1675526565629138
1675526565629280
1675526565629364
1675526565629918
1675526565630062
1675526565631438
1675526565631512
1675526565631655
1675526565631729
1675526565634188
1675526565635422
1675526565635500
1675526565635578
1675526565635728
1675526565636887
1675526565637037
1675526565637114
1675526565639713
1675526565640954
1675526565642401
1675526565642552
1675526565642629
1675526565642706
1675526565643939
1675526565644016
1675526565644094
1675526565644174
1675526565645412
1675526565645555
1675526565645629
1675526565645704
1675526565646940
1675526565647015
1675526565647089
1675526565647240
1675526565647315
1675526565648416
1675526565649928
