1675526292048863
1675526292048949
1675526292049026
1675526292049102
1675526292049179
1675526292049327
1675526292049403
1675526292049479
1675526292049839
1675526292050907
1675526292051974
1675526292053042
1675526292054040
1675526292056526
1675526292056605
1675526292057674
1675526292059096
1675526292059182
1675526292060178
1675526292061248
1675526292062387
1675526292063386
1675526292064455
1675526292064531
1675526292067378
1675526292067458
1675526292067534
1675526292067610
1675526292067758
1675526292067834
1675526292067910
1675526292067987
1675526292068134
1675526292068166
1675526292068458
1675526292068535
1675526292069534
1675526292070604
1675526292071603
1675526292074515
1675526292074663
1675526292075591
1675526292075668
1675526292075815
1675526292075891
1675526292076678
1675526292076755
1675526292076831
1675526292077687
1675526292078765
1675526292081108
1675526292085363
1675526292085440
1675526292085516
1675526292085592
1675526292085668
1675526292085744
1675526292085892
1675526292085969
1675526292086045
1675526292086122
1675526292086482
1675526292086590
1675526292086667
1675526292086744
1675526292086830
1675526292087473
1675526292087550
1675526292087626
1675526292087774
1675526292088560
1675526292090974
1675526292093534
1675526292094604
1675526292095674
1675526292095750
1675526292096751
1675526292096828
1675526292097825
1675526292097901
1675526292100601
1675526292100688
1675526292101685
1675526292102755
1675526292103823
1675526292103899
1675526292103975
1675526292106747
1675526292106823
1675526292106900
1675526292106976
1675526292107124
1675526292107200
1675526292107277
1675526292107353
1675526292107430
1675526292107577
1675526292107663
1675526292107741
1675526292107817
1675526292108887
1675526292108964
1675526292111731
1675526292112728
1675526292113939
1675526292114937
1675526292115084
1675526292115160
1675526292116017
1675526292116093
1675526292117094
1675526292117170
1675526292118098
1675526292119528
1675526292119604
1675526292123580
1675526292123656
1675526292124654
1675526292124731
1675526292124807
1675526292124883
1675526292125031
1675526292125675
1675526292125752
1675526292125828
1675526292125904
1675526292126762
1675526292126838
1675526292126915
1675526292127000
1675526292128069
1675526292128145
1675526292129213
1675526292131979
1675526292133118
1675526292134188
1675526292134264
1675526292135191
1675526292135338
1675526292135414
1675526292135491
1675526292136276
1675526292137349
1675526292137425
1675526292138424
1675526292139724
1675526292143769
1675526292143845
1675526292143993
1675526292144069
1675526292144854
1675526292145001
1675526292145078
1675526292145155
1675526292145941
1675526292146017
1675526292146094
1675526292146170
1675526292146246
1675526292146964
1675526292147111
1675526292148400
1675526292149470
1675526292153307
1675526292154375
1675526292155444
1675526292155521
1675526292155668
1675526292155745
1675526292156531
1675526292156610
1675526292157538
1675526292157615
1675526292158684
1675526292159752
1675526292161103
1675526292164155
1675526292164240
1675526292164317
1675526292164393
1675526292164470
1675526292164547
1675526292164624
1675526292164700
1675526292165272
1675526292165349
1675526292165425
1675526292165502
1675526292165578
1675526292166293
1675526292166369
1675526292167728
1675526292167804
1675526292167889
1675526292167966
1675526292168043
1675526292168119
1675526292168266
1675526292168839
1675526292169909
1675526292173883
1675526292174882
1675526292174958
1675526292175035
1675526292175111
1675526292175967
1675526292176044
1675526292177044
1675526292177121
1675526292177205
1675526292178133
1675526292179202
1675526292181690
1675526292185875
1675526292186022
1675526292186098
1675526292186175
1675526292186251
1675526292186327
1675526292186475
1675526292186551
1675526292186659
1675526292186737
1675526292186813
1675526292186962
1675526292187047
1675526292187124
1675526292187272
1675526292188058
1675526292189127
1675526292190195
1675526292192683
1675526292194106
1675526292195248
1675526292195324
1675526292195401
1675526292195477
1675526292196262
1675526292197404
1675526292197481
1675526292198410
1675526292199488
1675526292203320
1675526292203397
1675526292204466
1675526292204542
1675526292204619
1675526292204695
1675526292205834
1675526292205911
1675526292206059
1675526292206135
1675526292206212
1675526292206288
1675526292206365
1675526292206942
1675526292208010
1675526292208108
1675526292210734
1675526292210810
1675526292210887
1675526292211814
1675526292212883
1675526292214021
1675526292215019
1675526292215095
1675526292215171
1675526292216097
1675526292217522
1675526292217599
1675526292218597
1675526292218673
1675526292221302
1675526292221387
1675526292222458
1675526292223527
1675526292224596
1675526292224672
1675526292224749
1675526292224896
1675526292225681
1675526292225758
1675526292225834
1675526292225910
1675526292226058
1675526292226727
1675526292226804
1675526292228086
1675526292228163
1675526292228248
1675526292229177
1675526292231804
1675526292232872
1675526292233941
1675526292235009
1675526292235085
1675526292235162
1675526292236088
1675526292237158
1675526292237306
1675526292239859
1675526292239935
1675526292240012
1675526292240088
1675526292240872
1675526292241949
1675526292243018
1675526292244158
1675526292245580
1675526292245657
1675526292245733
1675526292245881
1675526292245957
1675526292246033
1675526292246110
1675526292246757
1675526292246834
1675526292246910
1675526292249607
1675526292249684
1675526292249760
1675526292249845
1675526292249921
1675526292250708
1675526292251706
1675526292252774
1675526292253915
1675526292254983
1675526292255060
1675526292255987
1675526292257114
1675526292259882
1675526292260030
1675526292260107
1675526292260183
1675526292260968
1675526292262037
1675526292264816
1675526292264964
1675526292265040
1675526292265116
1675526292265193
1675526292265269
1675526292265417
1675526292265494
1675526292265924
1675526292266001
1675526292266077
1675526292266224
1675526292266301
1675526292267018
1675526292267095
1675526292268304
1675526292269454
1675526292270524
1675526292273081
1675526292274151
1675526292275149
1675526292275226
1675526292275302
1675526292276229
1675526292276305
1675526292277376
1675526292277452
1675526292277528
1675526292280085
1675526292280163
1675526292280239
1675526292281238
1675526292281322
1675526292282320
1675526292283318
1675526292284388
1675526292285881
1675526292286029
1675526292286105
1675526292286181
1675526292286257
1675526292286334
1675526292286482
1675526292286578
1675526292286655
1675526292286947
1675526292289859
1675526292289935
1675526292290020
1675526292290097
1675526292290173
1675526292290250
1675526292290326
1675526292290474
1675526292290550
1675526292290627
1675526292290988
1675526292292056
1675526292293124
1675526292294121
1675526292295261
1675526292299447
1675526292299524
1675526292299672
1675526292299756
1675526292299833
1675526292299909
1675526292299985
1675526292300062
1675526292300635
1675526292301704
1675526292302702
1675526292303913
1675526292304911
1675526292305058
1675526292305134
1675526292305210
1675526292305995
1675526292306071
1675526292306218
1675526292306303
1675526292308510
1675526292311350
1675526292311427
1675526292311503
1675526292311579
1675526292311655
1675526292312441
1675526292313579
1675526292313656
1675526292314653
1675526292314729
1675526292314805
1675526292315662
1675526292315738
1675526292315814
1675526292316751
1675526292318102
1675526292319242
1675526292319318
1675526292323219
1675526292324217
1675526292324364
1675526292324440
1675526292324517
1675526292325301
1675526292325377
1675526292325524
1675526292325601
1675526292325677
1675526292326391
1675526292326468
1675526292326552
1675526292326665
1675526292326742
1675526292327742
1675526292328881
1675526292332714
1675526292333713
1675526292334853
1675526292334929
1675526292335005
1675526292335861
1675526292336932
1675526292337008
1675526292337084
1675526292337161
1675526292338087
1675526292339376
1675526292339453
1675526292342362
1675526292343429
1675526292343505
1675526292344502
1675526292344578
1675526292344654
1675526292344802
1675526292344879
1675526292345593
1675526292345669
1675526292345746
1675526292345822
1675526292346609
1675526292346756
1675526292346780
1675526292347993
1675526292348070
1675526292349067
1675526292351552
1675526292352620
1675526292353689
1675526292354757
1675526292354833
1675526292355831
1675526292355908
1675526292356873
1675526292359570
1675526292359647
1675526292359795
1675526292359871
1675526292359956
1675526292360670
1675526292361739
1675526292362808
1675526292364300
1675526292364377
1675526292364453
1675526292365310
1675526292365457
1675526292365534
1675526292365610
1675526292365687
1675526292366401
1675526292366477
1675526292370615
1675526292370692
1675526292370778
1675526292370854
1675526292371002
1675526292371079
1675526292371724
1675526292371800
1675526292372728
1675526292373869
1675526292374938
1675526292375015
1675526292375092
1675526292375948
1675526292376025
1675526292377027
1675526292377103
1675526292379447
1675526292382225
1675526292383365
1675526292384363
1675526292384440
1675526292384587
1675526292384664
1675526292384740
1675526292385456
1675526292386813
1675526292386892
1675526292386969
1675526292387116
1675526292387192
1675526292387269
1675526292387346
1675526292387848
1675526292387937
1675526292388014
1675526292388091
1675526292388947
1675526292392918
1675526292393988
1675526292395127
1675526292395204
1675526292395280
1675526292396208
1675526292397290
1675526292397367
1675526292397443
1675526292398370
1675526292399439
1675526292400719
1675526292403711
1675526292403787
1675526292403934
1675526292404011
1675526292404087
1675526292404802
1675526292404879
1675526292404955
1675526292405103
1675526292405179
1675526292405967
1675526292406043
1675526292406120
1675526292406196
1675526292407007
1675526292409851
1675526292409936
1675526292410013
1675526292410161
1675526292410237
1675526292410313
1675526292410389
1675526292410465
1675526292410542
1675526292410690
1675526292410981
1675526292412120
1675526292413189
1675526292414187
1675526292415325
1675526292416680
1675526292417750
1675526292417834
1675526292417911
1675526292420609
1675526292420756
1675526292421683
1675526292422750
1675526292423889
1675526292423965
1675526292424963
1675526292425039
1675526292425116
1675526292425263
1675526292426049
1675526292426125
1675526292426201
1675526292427067
1675526292427152
1675526292428505
1675526292428582
1675526292428659
1675526292431427
1675526292432567
1675526292433637
1675526292434705
1675526292434853
1675526292434930
1675526292435716
1675526292435863
1675526292435939
1675526292436798
1675526292436946
1675526292437022
1675526292439303
1675526292439380
1675526292443352
1675526292443428
1675526292444355
1675526292444431
1675526292444508
1675526292444585
1675526292445370
1675526292445517
1675526292445594
1675526292445671
1675526292445747
1675526292446461
1675526292446538
1675526292446616
1675526292446711
1675526292447851
1675526292447928
1675526292448925
1675526292451269
1675526292452408
1675526292453406
1675526292454404
1675526292455472
1675526292456825
1675526292456902
1675526292457050
1675526292457905
1675526292460746
1675526292460822
1675526292460899
1675526292460985
1675526292461771
1675526292462840
1675526292463911
1675526292463987
1675526292464063
1675526292464990
1675526292465066
1675526292465143
1675526292465219
1675526292465933
1675526292466010
1675526292468851
1675526292468928
1675526292469005
1675526292469082
1675526292469168
1675526292469316
1675526292469392
1675526292469964
1675526292470961
1675526292472030
1675526292473099
1675526292474098
1675526292475592
1675526292475669
1675526292476669
1675526292476746
1675526292476823
1675526292477678
1675526292480516
1675526292480593
1675526292481529
1675526292482526
1675526292483595
1675526292484663
1675526292484739
1675526292484888
1675526292484964
1675526292485750
1675526292487247
1675526292487323
1675526292487399
1675526292487476
1675526292487552
1675526292487628
1675526292487775
1675526292487851
1675526292487947
1675526292488025
1675526292490298
1675526292490375
1675526292490452
1675526292491308
1675526292492376
1675526292493374
1675526292494514
1675526292495585
1675526292495661
1675526292495738
1675526292496667
1675526292497737
1675526292500363
1675526292500439
1675526292501375
1675526292502444
1675526292503513
1675526292504653
1675526292507494
1675526292507570
1675526292507647
1675526292507723
1675526292507799
1675526292507875
1675526292508022
1675526292508099
1675526292508176
1675526292508252
1675526292508613
1675526292508690
1675526292508775
1675526292508851
1675526292509637
1675526292512479
1675526292513546
1675526292514544
1675526292514692
1675526292515691
1675526292515767
1675526292515844
1675526292516795
1675526292517793
1675526292517870
1675526292517946
1675526292518874
1675526292520227
1675526292523286
1675526292523363
1675526292523439
1675526292524296
1675526292524373
1675526292524449
1675526292524526
1675526292524602
1675526292525388
1675526292525465
1675526292525541
1675526292525688
1675526292526472
1675526292526549
1675526292526645
1675526292529413
1675526292529499
1675526292529575
1675526292529652
1675526292529728
1675526292529875
1675526292529952
1675526292530453
1675526292531521
1675526292532592
1675526292533661
1675526292534730
1675526292537641
1675526292537718
1675526292537794
1675526292537942
1675526292538019
1675526292538104
1675526292538677
1675526292539745
1675526292540885
1675526292541883
1675526292542952
1675526292545862
1675526292545938
1675526292546014
1675526292546091
1675526292546167
1675526292546243
1675526292546320
1675526292546468
1675526292546901
1675526292546978
1675526292547063
1675526292547991
1675526292548067
1675526292549418
1675526292549495
1675526292550421
1675526292551490
1675526292552559
1675526292555396
1675526292555473
1675526292555549
1675526292555625
1675526292555772
1675526292556416
1675526292557489
1675526292558557
1675526292559634
1675526292559782
1675526292560709
1675526292563193
1675526292564191
1675526292567104
1675526292567180
1675526292567257
1675526292567404
1675526292567480
1675526292567557
1675526292567634
1675526292567710
1675526292567858
1675526292567934
1675526292568010
1675526292568096
1675526292568173
1675526292568250
1675526292568397
1675526292571095
1675526292572165
1675526292573235
1675526292574375
1675526292575443
1675526292575520
1675526292576518
1675526292576596
1675526292577524
1675526292577601
1675526292578599
1675526292579949
1675526292580034
1675526292583014
1675526292584084
1675526292584161
1675526292584237
1675526292584314
1675526292584461
1675526292585106
1675526292585182
1675526292585259
1675526292585335
1675526292586191
1675526292586267
1675526292586415
1675526292586491
1675526292586571
1675526292587650
1675526292587727
1675526292587804
1675526292587881
1675526292588667
1675526292592713
1675526292593782
1675526292594851
1675526292594927
1675526292595924
1675526292596001
1675526292597074
1675526292597151
1675526292598079
1675526292599502
1675526292599579
1675526292603561
1675526292603637
1675526292603714
1675526292604640
1675526292604717
1675526292604793
1675526292604869
1675526292605724
1675526292605801
1675526292605949
1675526292606025
1675526292606101
1675526292606818
1675526292606894
1675526292607963
1675526292609244
1675526292609329
1675526292609406
1675526292609482
1675526292609558
1675526292611974
1675526292613044
1675526292614183
1675526292614260
1675526292615259
1675526292615335
1675526292615412
1675526292615488
1675526292616273
1675526292617419
1675526292618771
1675526292621678
1675526292622829
1675526292623897
1675526292623973
1675526292624050
1675526292624977
1675526292625054
1675526292625202
1675526292625278
1675526292625354
1675526292626069
1675526292626217
1675526292626293
1675526292626369
1675526292627157
1675526292629924
1675526292630001
1675526292630098
1675526292630175
1675526292630960
1675526292632029
1675526292633098
1675526292634167
1675526292635236
1675526292636730
1675526292636808
1675526292636885
1675526292636961
1675526292637037
1675526292637823
1675526292637900
1675526292642085
1675526292642162
1675526292642247
1675526292642395
1675526292643181
1675526292644250
1675526292644326
1675526292644403
1675526292644479
1675526292645335
1675526292645412
1675526292645488
1675526292645564
1675526292645641
1675526292646356
1675526292646432
1675526292646509
1675526292646658
1675526292647453
1675526292647530
1675526292648881
1675526292648958
1675526292649034
1675526292649110
1675526292652942
1675526292654009
1675526292655006
1675526292655153
1675526292655229
1675526292656084
1675526292657156
1675526292657233
1675526292658230
1675526292659581
1675526292659666
1675526292662576
1675526292663715
1675526292663792
1675526292663868
1675526292664725
1675526292664801
1675526292664877
1675526292664954
1675526292665810
1675526292665887
1675526292665963
1675526292666110
1675526292666827
1675526292666903
1675526292667050
1675526292668269
1675526292669339
1675526292672108
1675526292672256
1675526292673182
1675526292674248
