1675525713322322
1675525713323268
1675525713323346
1675525713325727
1675525713328615
1675525713328691
1675525713328788
1675525713328863
1675525713329006
1675525713329081
1675525713329705
1675525713329779
1675525713329853
1675525713329926
1675525713330756
1675525713330830
1675525713330904
1675525713331046
1675525713331876
1675525713333322
1675525713333396
1675525713333470
1675525713333552
1675525713333695
1675525713333770
1675525713334483
1675525713334561
1675525713335507
1675525713338257
1675525713339348
1675525713340439
1675525713341527
1675525713341605
1675525713341683
1675525713341834
1675525713342561
1675525713344012
1675525713344090
1675525713344180
1675525713348168
1675525713348242
1675525713348386
1675525713348460
1675525713348534
1675525713349228
1675525713349302
1675525713349445
1675525713350413
1675525713351518
1675525713351661
1675525713351735
1675525713352635
1675525713352709
1675525713352784
1675525713353907
1675525713354050
1675525713355069
1675525713357966
1675525713359056
1675525713360219
1675525713361237
1675525713361316
1675525713361466
1675525713362339
1675525713362416
1675525713362494
1675525713363365
1675525713363443
1675525713363593
1675525713365827
1675525713368654
1675525713368728
1675525713368802
1675525713368876
1675525713369019
1675525713369093
1675525713369167
1675525713369241
1675525713369728
1675525713369804
1675525713369878
1675525713369952
1675525713370782
1675525713371816
1675525713371960
1675525713373338
1675525713373421
1675525713373495
1675525713373639
1675525713373713
1675525713374489
1675525713378328
1675525713378479
1675525713379425
1675525713380588
1675525713381608
1675525713381759
1675525713381837
1675525713381914
1675525713382788
1675525713384094
1675525713387132
1675525713387227
1675525713387305
1675525713388178
1675525713388256
1675525713388405
1675525713388483
1675525713388561
1675525713389363
1675525713389441
1675525713389518
1675525713390462
1675525713391551
1675525713391629
1675525713391707
1675525713393158
1675525713393236
1675525713393322
1675525713393400
1675525713394205
1675525713395298
1675525713397975
1675525713399064
1675525713400080
1675525713401168
1675525713401246
1675525713402263
1675525713402340
1675525713403645
1675525713403724
1675525713403801
1675525713403879
1675525713407712
1675525713407801
1675525713407880
1675525713407958
1675525713408830
1675525713408907
1675525713409058
1675525713409136
1675525713409214
1675525713409942
1675525713410020
1675525713410965
1675525713411043
1675525713411195
1675525713412067
1675525713413445
1675525713413523
1675525713413610
1675525713413688
1675525713416467
1675525713417572
1675525713417714
1675525713418683
1675525713419788
1675525713420962
1675525713421997
1675525713422071
1675525713422214
1675525713423181
1675525713424472
1675525713427510
1675525713427588
1675525713427666
1675525713427754
1675525713428557
1675525713428635
1675525713428713
1675525713428792
1675525713428942
1675525713429743
1675525713430759
1675525713431849
1675525713431927
1675525713432005
1675525713432949
1675525713434400
1675525713434478
1675525713434557
1675525713434635
1675525713437392
1675525713437470
1675525713437548
1675525713438421
1675525713439581
1675525713440672
1675525713441835
1675525713441913
1675525713441991
1675525713442069
1675525713442869
1675525713442947
1675525713443965
1675525713446505
1675525713449327
1675525713449406
1675525713449496
1675525713449575
1675525713449725
1675525713449803
1675525713449881
1675525713449960
1675525713450037
1675525713450115
1675525713450485
1675525713450635
1675525713450712
1675525713451586
1675525713451664
1675525713454486
1675525713454564
1675525713454642
1675525713454729
1675525713454879
1675525713454957
1675525713455034
1675525713455546
1675525713456713
1675525713460762
1675525713461780
1675525713461858
1675525713462008
1675525713462086
1675525713462164
1675525713462892
1675525713462970
1675525713463048
1675525713465293
1675525713466332
1675525713469222
1675525713469300
1675525713469451
1675525713469529
1675525713469606
1675525713469684
1675525713469762
1675525713469840
1675525713470279
1675525713471441
1675525713471519
1675525713471669
1675525713472545
1675525713472623
1675525713473568
1675525713474961
1675525713475040
1675525713475117
1675525713477650
1675525713478811
1675525713479903
1675525713480993
1675525713482156
1675525713482233
1675525713482383
1675525713482461
1675525713484847
1675525713484925
1675525713485003
1675525713486020
1675525713487036
1675525713487127
1675525713488430
1675525713488581
1675525713488659
1675525713488736
1675525713488814
1675525713488893
1675525713489626
1675525713489704
1675525713490723
1675525713491812
1675525713496078
1675525713496157
1675525713496234
1675525713496312
1675525713496389
1675525713496478
1675525713496629
1675525713496706
1675525713497219
1675525713498309
1675525713499327
1675525713499404
1675525713500421
1675525713501438
1675525713501516
1675525713501665
1675525713502611
1675525713503987
1675525713506952
1675525713508116
1675525713508194
1675525713508281
1675525713508360
1675525713509160
1675525713509239
1675525713509317
1675525713509394
1675525713509544
1675525713510200
1675525713511362
1675525713511440
1675525713511590
1675525713512463
1675525713513840
1675525713513918
1675525713513996
1675525713514178
1675525713514989
1675525713517809
1675525713517887
1675525713518978
1675525713520070
1675525713521158
1675525713521310
1675525713522262
1675525713522344
1675525713522422
1675525713523440
1675525713523518
1675525713523596
1675525713525770
1675525713528662
1675525713528814
1675525713528901
1675525713528979
1675525713529057
1675525713529135
1675525713529212
1675525713529869
1675525713529947
1675525713530024
1675525713530102
1675525713530901
1675525713531051
1675525713531996
1675525713532073
1675525713534822
1675525713534900
1675525713535050
1675525713535136
1675525713535213
1675525713535868
1675525713537029
1675525713538117
1675525713539142
1675525713540232
1675525713541612
1675525713541763
1675525713541841
1675525713544600
1675525713544679
1675525713544756
1675525713544834
1675525713544912
1675525713545714
1675525713546898
1675525713547917
1675525713547995
1675525713548146
1675525713548223
1675525713549099
1675525713549178
1675525713550125
1675525713551502
1675525713551581
1675525713551658
1675525713552533
1675525713555356
1675525713555434
1675525713555584
1675525713555665
1675525713556548
1675525713557565
1675525713558654
1675525713559816
1675525713560832
1675525713561922
1675525713562000
1675525713563232
1675525713563310
1675525713563387
1675525713563537
1675525713563615
1675525713567308
1675525713567386
1675525713567463
1675525713568336
1675525713568423
1675525713568501
1675525713568652
1675525713569452
1675525713569530
1675525713569608
1675525713569686
1675525713569763
1675525713570564
1675525713570642
1675525713570792
1675525713573399
1675525713573477
1675525713573555
1675525713573633
1675525713573783
1675525713573872
1675525713573951
1675525713574028
1675525713574106
1675525713574479
1675525713575570
1675525713576588
1675525713579052
1675525713581948
1675525713582026
1675525713582176
1675525713582253
1675525713583127
1675525713584174
1675525713585268
1675525713586359
1675525713587391
1675525713587542
1675525713588489
1675525713588567
1675525713589872
1675525713589950
1675525713590101
1675525713590179
1675525713592856
1675525713593005
1675525713593084
1675525713593161
1675525713593239
1675525713593317
1675525713593467
1675525713593545
1675525713593994
1675525713595052
1675525713596070
1675525713598535
1675525713601357
1675525713601435
1675525713601513
1675525713601663
1675525713602391
1675525713602541
1675525713602619
1675525713603492
1675525713603572
1675525713603649
1675525713604597
1675525713605615
1675525713606807
1675525713609629
1675525713609707
1675525713609785
1675525713609863
1675525713609941
1675525713610092
1675525713610169
1675525713610248
1675525713610688
1675525713611705
1675525713611855
1675525713611932
1675525713612010
1675525713613100
1675525713613178
1675525713613270
1675525713613348
1675525713614252
1675525713616717
1675525713617880
1675525713617957
1675525713618903
1675525713619994
1675525713622886
1675525713622964
1675525713623042
1675525713623119
1675525713623197
1675525713623347
1675525713623931
1675525713624987
1675525713626158
1675525713627197
1675525713628304
1675525713631187
1675525713631262
1675525713631407
1675525713631481
1675525713631555
1675525713631630
1675525713631773
1675525713631847
1675525713631921
1675525713632270
1675525713632344
1675525713635210
1675525713635289
1675525713635386
1675525713635464
1675525713635542
1675525713636344
1675525713637437
1675525713638454
1675525713639616
1675525713640707
1675525713641725
1675525713643176
1675525713643254
1675525713643332
1675525713643409
1675525713643487
1675525713646062
1675525713646141
1675525713647252
1675525713647330
1675525713648349
1675525713648500
1675525713648578
1675525713648656
1675525713648733
1675525713649462
1675525713649540
1675525713649618
1675525713650493
1675525713651658
1675525713651736
1675525713652969
1675525713653047
1675525713653124
1675525713653220
1675525713654456
1675525713655548
1675525713656718
1675525713660627
1675525713661790
1675525713661940
1675525713662018
1675525713662096
1675525713662174
1675525713662901
1675525713662979
1675525713665245
1675525713666349
1675525713669237
1675525713669312
1675525713669395
1675525713669470
1675525713669614
1675525713669689
1675525713669762
1675525713669837
1675525713670324
1675525713671360
1675525713671434
1675525713671577
1675525713672406
1675525713673511
1675525713673585
1675525713674843
1675525713674923
1675525713676013
1675525713678850
1675525713679000
1675525713679950
1675525713680968
1675525713681119
1675525713682136
1675525713682214
1675525713682364
1675525713682443
1675525713683243
1675525713684339
1675525713685646
1675525713688612
1675525713688690
1675525713688841
1675525713688918
1675525713689005
1675525713689086
1675525713689165
1675525713689242
1675525713689683
1675525713689835
1675525713689913
1675525713689991
1675525713690069
1675525713690871
1675525713690949
1675525713693698
1675525713693776
1675525713693854
1675525713693932
1675525713694083
1675525713694173
1675525713694253
1675525713694331
1675525713694845
1675525713695935
1675525713696953
1675525713699417
1675525713700506
1675525713701596
1675525713704421
1675525713704499
1675525713704577
1675525713704655
1675525713704733
1675525713704883
1675525713705467
1675525713706496
1675525713707586
1675525713707664
1675525713708609
1675525713711648
1675525713711727
1675525713711805
1675525713711883
1675525713711961
1675525713712113
1675525713712190
1675525713712268
1675525713712708
1675525713712786
1675525713712863
1675525713713809
1675525713714920
1675525713716011
1675525713717173
1675525713719492
1675525713722531
1675525713722610
1675525713722688
1675525713722765
1675525713722843
1675525713722993
1675525713723576
1675525713723655
1675525713723733
1675525713723883
1675525713724760
1675525713725778
1675525713726879
1675525713728041
1675525713728118
1675525713729493
1675525713729571
1675525713729721
1675525713729799
1675525713729877
1675525713729955
1675525713733858
1675525713733936
1675525713734014
1675525713734091
1675525713734247
1675525713734325
1675525713734403
1675525713734502
1675525713734580
1675525713734946
1675525713735962
1675525713737051
1675525713738217
1675525713739235
1675525713740615
1675525713741706
1675525713741783
1675525713741934
1675525713744541
1675525713744691
1675525713744769
1675525713744847
1675525713745720
1675525713746903
1675525713747922
1675525713748000
1675525713748079
1675525713749024
1675525713749103
1675525713749181
1675525713749258
1675525713749336
1675525713750136
1675525713751514
1675525713751592
1675525713751670
1675525713751748
1675525713752549
1675525713753998
1675525713754087
1675525713754173
1675525713755048
1675525713756215
1675525713758676
1675525713759766
1675525713760857
1675525713761947
1675525713762025
1675525713763475
1675525713763553
1675525713763630
1675525713763708
1675525713763858
1675525713763936
1675525713767844
1675525713767932
1675525713768010
1675525713768088
1675525713768166
1675525713768966
1675525713769044
1675525713769122
1675525713769272
1675525713770072
1675525713770150
1675525713770228
1675525713770306
1675525713770384
1675525713771112
1675525713771190
1675525713771268
1675525713772149
1675525713772299
1675525713773243
1675525713774626
1675525713774705
1675525713777596
1675525713778685
1675525713779848
1675525713780941
1675525713782033
1675525713782110
1675525713782188
1675525713783061
1675525713784328
1675525713785561
1675525713788523
1675525713788614
1675525713788764
1675525713788842
1675525713788920
1675525713788998
1675525713789075
1675525713789229
1675525713789308
1675525713789750
1675525713790768
1675525713791930
1675525713792009
1675525713792088
1675525713793105
1675525713794340
1675525713794419
1675525713794506
1675525713794585
1675525713795460
1675525713798355
1675525713799444
1675525713800461
1675525713801549
1675525713801627
1675525713801705
1675525713801783
1675525713802800
1675525713802878
1675525713802955
1675525713805205
1675525713808101
1675525713808252
1675525713808347
1675525713808425
1675525713809226
1675525713809304
1675525713809382
1675525713809461
1675525713809539
1675525713810267
1675525713810345
1675525713810422
1675525713812816
1675525713812897
1675525713812975
1675525713814212
1675525713814364
1675525713814443
1675525713814481
1675525713814562
1675525713814714
1675525713814792
1675525713815378
1675525713816541
1675525713817632
1675525713820096
1675525713821115
1675525713821193
1675525713822209
1675525713822359
1675525713823591
1675525713823668
1675525713827719
1675525713827796
1675525713827885
1675525713827963
1675525713828766
1675525713828844
1675525713828922
1675525713829072
1675525713829149
1675525713829877
1675525713830967
1675525713832128
1675525713832278
1675525713832357
1675525713832436
1675525713833525
1675525713833603
1675525713833681
1675525713834573
1675525713836024
1675525713837114
1675525713838205
1675525713839221
1675525713840315
1675525713843283
1675525713843363
1675525713843441
1675525713843519
1675525713843596
1675525713843674
1675525713843824
1675525713843901
1675525713844343
1675525713845432
1675525713846541
1675525713847633
1675525713848869
1675525713851620
1675525713851698
1675525713851776
1675525713851927
1675525713852004
1675525713852082
1675525713852160
1675525713852237
1675525713852315
1675525713852465
1675525713852543
1675525713852695
1675525713853857
1675525713856548
1675525713856699
1675525713856778
1675525713857651
1675525713857802
1675525713858819
1675525713859980
1675525713861287
1675525713861365
1675525713861443
1675525713861521
1675525713862392
1675525713862471
1675525713863488
1675525713863565
1675525713865965
1675525713867012
1675525713868049
1675525713868123
1675525713868198
1675525713870947
1675525713871022
1675525713871165
1675525713871239
1675525713871314
1675525713871388
1675525713871531
1675525713871605
1675525713871679
1675525713871753
1675525713872034
1675525713872108
1675525713872206
1675525713873174
1675525713873317
1675525713874511
1675525713874594
1675525713875611
1675525713879587
1675525713880681
1675525713881772
1675525713881850
1675525713881928
1675525713882078
1675525713882157
1675525713882886
1675525713883975
1675525713884053
1675525713886456
1675525713889203
1675525713889283
1675525713889363
1675525713889441
1675525713889591
1675525713889669
1675525713889747
1675525713889825
1675525713889902
1675525713889980
1675525713890348
1675525713891436
1675525713891514
1675525713891592
1675525713892609
1675525713893779
1675525713893929
1675525713894007
1675525713894957
1675525713895976
1675525713898434
1675525713899522
1675525713900538
1675525713901627
1675525713901705
1675525713903008
1675525713903086
1675525713903163
1675525713907067
1675525713907145
1675525713908162
1675525713908250
1675525713908328
1675525713908406
1675525713909206
1675525713909284
1675525713910228
1675525713911317
1675525713911395
1675525713911473
1675525713912492
1675525713912570
1675525713913875
1675525713913954
1675525713914032
1675525713916860
1675525713916935
1675525713917988
1675525713918063
1675525713919030
1675525713920135
1675525713921170
1675525713921243
1675525713922347
1675525713922422
1675525713922566
1675525713923465
1675525713923539
1675525713925928
1675525713928824
1675525713928902
1675525713929052
1675525713929130
1675525713929218
1675525713929297
1675525713929375
1675525713929453
1675525713929892
1675525713929970
1675525713930120
1675525713930198
1675525713931070
1675525713931148
1675525713931225
1675525713933830
1675525713933907
1675525713933985
1675525713934062
1675525713934141
1675525713934249
1675525713934328
1675525713934405
1675525713934918
1675525713936082
1675525713937172
1675525713938262
1675525713940723
1675525713941812
1675525713941891
1675525713941969
1675525713944645
1675525713944723
1675525713944802
1675525713944879
1675525713944957
1675525713945049
