1675526302619128
1675526302619206
1675526302620149
1675526302621238
1675526302622255
1675526302623344
1675526302624359
1675526302625435
1675526302627839
1675526302629010
1675526302629097
1675526302629171
1675526302629245
1675526302631788
1675526302631862
1675526302632006
1675526302632080
1675526302632837
1675526302632980
1675526302633054
1675526302633129
1675526302633203
1675526302634030
1675526302634105
1675526302634179
1675526302634253
1675526302635057
1675526302635138
1675526302637958
1675526302638035
1675526302638113
1675526302638984
1675526302639134
1675526302639212
1675526302640156
1675526302641172
1675526302642261
1675526302643422
1675526302644439
1675526302645493
1675526302645643
1675526302646586
1675526302648983
1675526302651947
1675526302652096
1675526302652175
1675526302652253
1675526302652330
1675526302652408
1675526302652485
1675526302653067
1675526302653145
1675526302653222
1675526302653301
1675526302654100
1675526302654178
1675526302655196
1675526302655271
1675526302658030
1675526302658173
1675526302659138
1675526302659212
1675526302659286
1675526302659360
1675526302660257
1675526302661291
1675526302662325
1675526302663495
1675526302664529
1675526302665630
1675526302665709
1675526302665787
1675526302666660
1675526302669194
1675526302672026
1675526302672177
1675526302672255
1675526302672333
1675526302672411
1675526302673211
1675526302673289
1675526302673367
1675526302673445
1675526302673595
1675526302674250
1675526302674329
1675526302674480
1675526302674558
1675526302674636
1675526302677063
1675526302677148
1675526302677291
1675526302677364
1675526302677439
1675526302678130
1675526302678204
1675526302679305
1675526302679379
1675526302679453
