1675525575321479
1675525575321553
1675525575321696
1675525575324239
1675525575324383
1675525575324465
1675525575324540
1675525575324614
1675525575324688
1675525575324831
1675525575324905
1675525575324980
1675525575325054
1675525575325197
1675525575330846
1675525575330924
1675525575331002
1675525575331080
1675525575331230
1675525575334268
1675525575334345
1675525575334445
1675525575341448
1675525575341523
1675525575341666
1675525575341740
1675525575341815
1675525575341889
1675525575342032
1675525575342106
1675525575342180
1675525575342255
1675525575342398
1675525575342472
1675525575342615
1675525575342690
1675525575342764
1675525575349704
1675525575349783
1675525575349861
1675525575349939
1675525575350016
1675525575350167
1675525575350245
1675525575350323
1675525575350401
1675525575350479
1675525575350557
1675525575350707
1675525575352156
1675525575352233
1675525575352311
1675525575361339
1675525575361424
1675525575361499
1675525575361573
1675525575361648
1675525575361791
1675525575361865
1675525575361939
1675525575362014
1675525575362088
1675525575362163
1675525575362306
1675525575362380
1675525575362454
1675525575362528
1675525575364934
1675525575365007
1675525575365091
1675525575365166
1675525575365308
1675525575365382
1675525575365456
1675525575365530
1675525575375400
1675525575375479
1675525575375557
1675525575375635
1675525575375786
1675525575375864
1675525575375942
1675525575376020
1675525575376097
1675525575376247
1675525575376334
1675525575376412
1675525575376491
1675525575377796
1675525575381617
1675525575381760
1675525575381834
1675525575381908
1675525575381982
1675525575382126
1675525575382201
1675525575382275
1675525575382349
1675525575382492
