1675525686925905
1675525686925983
1675525686926061
1675525686926138
1675525686926217
1675525686926367
1675525686929736
1675525686929741
1675525686929744
1675525686929747
1675525686929750
1675525686929753
1675525686929755
1675525686929759
1675525686929771
1675525686929774
1675525686929777
1675525686929780
1675525686929783
1675525686931156
1675525686931235
1675525686933721
1675525686935156
1675525686935237
1675525686935315
1675525686935394
1675525686935546
1675525686936673
1675525686936752
1675525686939341
1675525686940658
1675525686942155
1675525686944750
1675525686944755
1675525686944758
1675525686944761
1675525686944763
1675525686946122
1675525686946202
1675525686949086
1675525686949174
1675525686949252
1675525686949331
1675525686949482
1675525686949560
1675525686949637
1675525686949727
1675525686949806
1675525686952971
1675525686954402
1675525686954481
1675525686954559
1675525686956007
1675525686956099
1675525686956177
1675525686956255
1675525686956335
1675525686956412
1675525686956491
1675525686958884
1675525686958975
1675525686959053
1675525686961548
1675525686963977
1675525686965462
1675525686965548
1675525686965699
1675525686965777
1675525686965856
1675525686965934
1675525686966011
1675525686968540
1675525686968619
1675525686968698
1675525686968775
1675525686968854
1675525686968930
1675525686969010
1675525686969099
1675525686969251
1675525686969329
1675525686969406
1675525686973726
1675525686975162
1675525686975243
1675525686975321
1675525686975399
1675525686975477
1675525686976624
1675525686976703
1675525686976782
1675525686979295
1675525686981736
1675525686984432
1675525686984549
1675525686984629
1675525686984707
1675525686984859
1675525686984938
1675525686987452
1675525686987548
1675525686987627
1675525686987705
1675525686987854
1675525686987933
1675525686988011
1675525686988089
1675525686988167
1675525686988246
1675525686988396
1675525686988483
1675525686990212
1675525686990216
1675525686990218
1675525686990222
1675525686990224
1675525686990228
1675525686990231
1675525686992796
1675525686995542
1675525686995623
1675525686995700
1675525686995779
1675525686995857
1675525686995936
1675525686998169
1675525686999449
1675525687001036
1675525687003615
1675525687005038
1675525687005119
1675525687005197
1675525687008049
1675525687008128
1675525687008207
1675525687008285
1675525687008363
1675525687008514
1675525687008593
1675525687008671
1675525687008748
1675525687008826
1675525687008912
1675525687009064
1675525687009157
1675525687009237
1675525687009494
1675525687013354
1675525687014760
1675525687014849
1675525687014923
1675525687016324
1675525687016483
1675525687016558
1675525687016633
1675525687016706
1675525687016782
1675525687016925
1675525687019028
1675525687021782
1675525687021861
1675525687024338
1675525687027276
1675525687027355
1675525687027435
1675525687027513
1675525687027664
1675525687027742
1675525687027820
1675525687027898
1675525687027976
1675525687028054
1675525687028205
1675525687028290
1675525687028783
1675525687028863
1675525687028941
1675525687033906
1675525687036798
1675525687036878
1675525687036956
1675525687037034
1675525687037185
1675525687037262
1675525687037340
1675525687037418
1675525687038186
1675525687039687
1675525687041197
1675525687042692
1675525687046883
1675525687046887
1675525687046891
1675525687046894
1675525687046897
1675525687046899
1675525687046903
1675525687046904
1675525687046984
1675525687049777
1675525687049856
1675525687049935
1675525687050012
1675525687050090
1675525687050241
1675525687050320
1675525687050407
1675525687050485
1675525687050563
1675525687050641
1675525687050720
1675525687051276
1675525687051356
1675525687053917
1675525687055282
1675525687055361
1675525687055440
1675525687055518
1675525687055596
1675525687056798
1675525687058286
1675525687058366
1675525687060947
1675525687063362
1675525687064802
1675525687064881
1675525687064959
1675525687065036
1675525687067707
1675525687067798
1675525687067877
1675525687068028
1675525687068106
1675525687068184
1675525687068263
1675525687068341
1675525687068419
1675525687068570
1675525687068590
1675525687069292
1675525687073223
1675525687074529
1675525687074609
1675525687074686
1675525687074765
1675525687076153
1675525687076233
1675525687076311
1675525687076388
1675525687076467
1675525687076545
1675525687076623
1675525687079026
1675525687079105
1675525687081716
1675525687083000
1675525687084528
1675525687084607
1675525687084685
1675525687084762
1675525687084913
1675525687087113
1675525687087118
1675525687087196
1675525687089957
1675525687090048
1675525687090199
1675525687090277
1675525687090356
1675525687090434
1675525687090522
1675525687090599
1675525687090678
1675525687090831
1675525687090908
1675525687093860
1675525687095408
1675525687095488
1675525687095572
1675525687095668
1675525687095747
1675525687095826
1675525687095904
1675525687098439
1675525687098533
1675525687101217
1675525687102531
1675525687106672
1675525687106677
1675525687106679
1675525687106683
1675525687106686
1675525687106689
1675525687106691
1675525687106694
1675525687106774
1675525687109659
1675525687109739
1675525687109817
1675525687109969
1675525687110047
1675525687110124
1675525687110214
1675525687110292
1675525687110370
1675525687110520
1675525687110598
1675525687110676
1675525687113541
1675525687114951
1675525687115045
1675525687116652
1675525687116732
1675525687116811
1675525687116962
1675525687117040
1675525687117119
1675525687117197
1675525687119326
1675525687121837
1675525687124535
1675525687124613
1675525687124693
1675525687124782
1675525687124860
1675525687124947
1675525687127124
1675525687127130
1675525687127133
1675525687127136
1675525687127214
1675525687128574
1675525687128667
1675525687128747
1675525687128836
1675525687128989
1675525687129067
1675525687130136
1675525687134128
1675525687134133
1675525687134136
1675525687136951
1675525687137048
1675525687137128
1675525687137207
1675525687137358
1675525687137436
1675525687137513
1675525687137591
1675525687138526
1675525687138540
1675525687138692
1675525687141228
1675525687143839
1675525687145058
1675525687145151
1675525687145303
1675525687145383
1675525687145461
1675525687149279
1675525687149283
1675525687149287
1675525687149289
1675525687149292
1675525687149295
1675525687149298
1675525687149309
1675525687149312
1675525687153200
1675525687154548
1675525687154628
1675525687154706
1675525687156007
1675525687156104
1675525687156184
1675525687156262
1675525687158688
1675525687160038
1675525687161451
1675525687164133
1675525687164214
1675525687167048
1675525687167148
1675525687167227
1675525687167305
1675525687167384
1675525687167462
1675525687167540
1675525687167689
1675525687167767
1675525687167848
1675525687167925
1675525687168003
1675525687168091
1675525687170045
1675525687170124
1675525687170203
1675525687170353
1675525687170439
1675525687170517
1675525687170595
1675525687170673
1675525687170750
1675525687170828
1675525687170983
1675525687173951
1675525687176914
1675525687176995
1675525687177073
1675525687177151
1675525687177302
1675525687177382
1675525687177460
1675525687178384
1675525687181106
1675525687183737
1675525687187754
1675525687187759
1675525687187763
1675525687187765
1675525687187769
1675525687187772
1675525687187773
1675525687187776
1675525687187780
1675525687187783
1675525687187786
1675525687189165
1675525687189245
1675525687189323
1675525687189417
1675525687190629
1675525687193249
1675525687194583
1675525687194673
1675525687194753
1675525687194903
1675525687194981
1675525687196128
1675525687196208
1675525687196287
1675525687196365
1675525687196443
1675525687198819
1675525687200165
1675525687200243
1675525687201623
1675525687203130
1675525687207348
1675525687207353
1675525687207357
1675525687207360
1675525687207363
1675525687207365
1675525687207368
1675525687207371
1675525687207374
1675525687207376
1675525687208798
1675525687208877
1675525687208956
1675525687209034
1675525687209121
1675525687210277
1675525687210357
1675525687214253
1675525687215700
1675525687215779
1675525687215859
1675525687215936
1675525687216014
1675525687217066
1675525687217157
1675525687217236
1675525687218575
1675525687221278
1675525687222756
1675525687225495
1675525687225521
1675525687225523
1675525687225527
1675525687225530
1675525687225533
1675525687225536
1675525687225538
1675525687225613
1675525687228282
1675525687228358
1675525687228432
1675525687228505
1675525687228648
1675525687228723
1675525687229882
1675525687229970
1675525687230053
1675525687230129
1675525687230203
1675525687230278
1675525687230422
1675525687233822
1675525687235167
1675525687235247
1675525687235325
1675525687235403
1675525687235482
1675525687236622
1675525687239319
1675525687239418
1675525687240757
1675525687244635
1675525687244649
1675525687244653
1675525687244656
1675525687246027
1675525687246107
1675525687246186
1675525687249048
1675525687249127
1675525687249205
1675525687249284
1675525687249361
1675525687249441
1675525687249518
1675525687249668
1675525687249747
1675525687249825
1675525687249911
1675525687249989
1675525687252946
1675525687254290
1675525687254371
1675525687255905
1675525687255985
1675525687256063
1675525687256214
1675525687256292
1675525687256370
1675525687256448
1675525687256525
1675525687258547
1675525687261297
1675525687261376
1675525687261477
1675525687263961
1675525687266777
1675525687266858
1675525687266936
1675525687267014
1675525687267092
1675525687267241
1675525687267321
1675525687267398
1675525687267477
1675525687267555
1675525687267634
1675525687267790
1675525687268276
1675525687268357
1675525687268446
1675525687273478
1675525687274906
1675525687274985
1675525687275063
1675525687275141
1675525687276439
1675525687276534
1675525687276686
1675525687276765
1675525687276843
1675525687276922
1675525687279193
1675525687281702
1675525687284322
1675525687284416
1675525687284504
1675525687284584
1675525687284734
1675525687284812
1675525687286986
1675525687286990
1675525687286992
1675525687286996
1675525687288538
1675525687288618
1675525687288696
1675525687288773
1675525687288852
1675525687288930
1675525687289080
1675525687289159
1675525687291326
1675525687291423
1675525687291574
1675525687291652
1675525687291732
1675525687291810
1675525687291888
1675525687291965
1675525687293992
1675525687296911
1675525687296991
1675525687297070
1675525687297163
1675525687297314
1675525687297393
1675525687297471
1675525687298315
1675525687298406
1675525687300986
1675525687303507
1675525687304875
1675525687304956
1675525687305035
1675525687305112
1675525687305190
1675525687307901
1675525687307980
1675525687308059
1675525687308137
1675525687308215
1675525687308293
1675525687308444
1675525687308532
1675525687309383
1675525687313258
1675525687314622
1675525687314701
1675525687316286
1675525687316365
1675525687316444
1675525687316522
1675525687316599
1675525687316750
1675525687316828
1675525687316906
1675525687319066
1675525687319160
1675525687320566
1675525687323221
1675525687324652
1675525687324733
1675525687324811
1675525687324889
1675525687327217
1675525687327222
1675525687327225
1675525687327228
1675525687327307
1675525687330078
1675525687330174
1675525687330325
1675525687330403
1675525687330482
1675525687330559
1675525687330648
1675525687330726
1675525687330805
1675525687332798
1675525687334064
1675525687334159
1675525687335569
1675525687335662
1675525687335741
1675525687335893
1675525687335972
1675525687338233
1675525687339658
1675525687341150
1675525687342635
1675525687345448
1675525687345556
1675525687345636
1675525687345726
1675525687345805
1675525687345956
1675525687346035
1675525687347161
1675525687347240
1675525687347319
1675525687347470
1675525687347548
1675525687347625
1675525687347704
1675525687347783
1675525687348785
1675525687348865
1675525687348951
1675525687349030
1675525687349109
1675525687349259
1675525687349336
1675525687355232
1675525687355237
1675525687355239
1675525687355243
1675525687355246
1675525687355323
1675525687356673
1675525687356752
1675525687359212
1675525687359293
1675525687360564
1675525687363300
1675525687364651
1675525687364733
1675525687364811
1675525687367673
1675525687367752
1675525687367832
1675525687367910
1675525687367987
1675525687368066
1675525687368144
1675525687368295
1675525687368373
1675525687368452
1675525687368528
1675525687368606
1675525687368695
1675525687368787
1675525687369194
1675525687373042
1675525687374318
1675525687374411
1675525687374562
1675525687374640
1675525687376025
1675525687376106
1675525687376185
1675525687376336
1675525687376414
1675525687376492
1675525687378884
1675525687378975
1675525687381508
1675525687382871
1675525687386978
1675525687386984
1675525687386986
1675525687386989
1675525687386992
1675525687386995
1675525687386998
1675525687387000
1675525687387002
1675525687387006
1675525687388449
1675525687388529
1675525687388607
1675525687388685
1675525687388772
1675525687389819
1675525687389912
1675525687393800
1675525687396656
1675525687396736
1675525687396815
1675525687396893
1675525687396972
1675525687397049
1675525687397136
1675525687399231
1675525687399311
1675525687400576
1675525687403328
1675525687404623
1675525687404742
1675525687404821
1675525687404899
1675525687407674
1675525687407753
1675525687407833
1675525687407911
1675525687407989
1675525687408068
1675525687408219
1675525687408296
1675525687408373
1675525687408451
1675525687408529
1675525687408607
1675525687409281
1675525687409369
1675525687409448
1675525687409525
1675525687409604
1675525687409681
1675525687409832
1675525687414452
1675525687417074
1675525687417169
1675525687417271
1675525687417496
1675525687417575
1675525687417653
1675525687417804
1675525687418650
1675525687421293
1675525687423784
1675525687426586
1675525687426680
1675525687426759
1675525687426836
1675525687426987
1675525687427067
1675525687427145
1675525687427223
1675525687427301
1675525687427451
1675525687427529
1675525687427608
1675525687429231
1675525687429236
1675525687429238
1675525687433037
1675525687434399
1675525687434477
1675525687434551
1675525687435952
1675525687436043
1675525687436118
1675525687436261
1675525687436335
1675525687436410
1675525687436485
1675525687436628
1675525687438697
1675525687440039
1675525687440115
1675525687441428
1675525687443942
1675525687446656
1675525687446736
1675525687446815
1675525687446893
1675525687447044
1675525687447123
1675525687447202
1675525687447280
1675525687447358
1675525687447509
1675525687449388
1675525687449394
1675525687449397
1675525687449399
1675525687449401
1675525687449414
1675525687449418
1675525687453110
1675525687455882
1675525687455974
1675525687456053
1675525687456133
1675525687456211
1675525687456288
1675525687456366
1675525687458543
1675525687459913
1675525687461412
1675525687464005
1675525687464010
1675525687466923
1675525687467013
1675525687467093
1675525687467180
1675525687467332
1675525687467410
1675525687467488
1675525687467566
1675525687467717
1675525687467793
1675525687467872
1675525687467950
1675525687468045
1675525687469686
1675525687469690
1675525687469694
1675525687469697
1675525687469722
1675525687469724
1675525687469728
1675525687469730
1675525687469734
1675525687474898
1675525687474902
1675525687474906
1675525687474909
1675525687474987
1675525687476287
1675525687476366
1675525687476445
1675525687476596
1675525687476674
1675525687478943
1675525687480246
1675525687481753
1675525687484390
1675525687484395
1675525687484398
1675525687484550
1675525687485777
1675525687485858
1675525687485936
1675525687488798
1675525687488877
1675525687488955
1675525687489033
1675525687489111
1675525687489189
1675525687489267
1675525687489357
1675525687489509
1675525687489587
1675525687489665
1675525687489743
1675525687489822
1675525687492780
1675525687493999
1675525687495668
1675525687495748
1675525687495827
1675525687495976
1675525687496055
1675525687496133
1675525687496211
1675525687496289
1675525687499623
1675525687499628
1675525687499632
1675525687501030
1675525687503641
1675525687505008
1675525687505100
1675525687505179
1675525687505257
1675525687505336
1675525687507738
1675525687507743
1675525687507747
1675525687507748
1675525687507751
1675525687507755
1675525687507845
1675525687509061
1675525687509152
1675525687514539
1675525687514618
1675525687514698
1675525687514849
1675525687514927
1675525687515005
1675525687516001
1675525687516081
1675525687516159
1675525687516236
1675525687518693
1675525687521164
1675525687523661
1675525687526549
1675525687526628
1675525687526852
1675525687526930
1675525687527008
1675525687527086
1675525687527164
1675525687527315
1675525687527393
1675525687527471
1675525687527549
1675525687527627
1675525687529458
1675525687529550
1675525687529701
1675525687529780
1675525687529869
1675525687529947
1675525687530024
1675525687530102
1675525687530253
1675525687530330
1675525687530408
1675525687533360
1675525687534701
1675525687534799
1675525687534878
1675525687534957
1675525687536246
1675525687536326
1675525687538956
1675525687540245
1675525687541707
1675525687544359
1675525687544364
1675525687545786
1675525687545866
1675525687545944
1675525687546023
1675525687546100
1675525687548790
