1675526161920112
1675526161921200
1675526161923586
1675526161924609
1675526161925708
1675526161926795
1675526161926872
1675526161928032
1675526161928110
1675526161930709
1675526161930859
1675526161931803
1675526161932963
1675526161933977
1675526161935068
1675526161935146
1675526161935224
1675526161939266
1675526161939416
1675526161939493
1675526161939597
1675526161939675
1675526161939752
1675526161939829
1675526161939907
1675526161939985
1675526161940134
1675526161940212
1675526161940289
1675526161940366
1675526161940444
1675526161941531
1675526161942546
1675526161943631
1675526161946020
1675526161946098
1675526161946187
1675526161948931
1675526161949080
1675526161949158
1675526161949236
1675526161949313
1675526161949391
1675526161950044
1675526161951060
1675526161951138
1675526161952154
1675526161953240
1675526161954727
1675526161954801
1675526161955766
1675526161955909
1675526161955992
1675526161956067
1675526161956140
1675526161958609
1675526161958683
1675526161958826
1675526161958900
1675526161958974
1675526161959047
1675526161959670
1675526161960771
1675526161961804
1675526161964266
1675526161967083
1675526161967233
1675526161967311
1675526161967398
1675526161967476
1675526161967553
1675526161968135
1675526161969222
1675526161969299
1675526161970316
1675526161971403
1675526161973931
1675526161976630
1675526161976780
1675526161976858
1675526161976936
1675526161977014
1675526161977091
1675526161977168
1675526161977327
1675526161977405
1675526161977482
1675526161977850
1675526161977928
1675526161978005
1675526161978082
1675526161978883
1675526161981701
1675526161981779
1675526161981856
1675526161982007
1675526161982084
1675526161982163
1675526161982240
1675526161982750
1675526161983921
1675526161985011
1675526161986025
1675526161987113
1675526161988487
1675526161988564
1675526161988641
1675526161991386
1675526161991464
1675526161992479
1675526161993637
1675526161994692
1675526161994843
1675526161995787
1675526161995865
1675526161995942
1675526161996030
1675526161996108
1675526161996835
1675526161996913
1675526161997063
1675526161998150
1675526161998228
1675526161998378
1675526161998455
1675526161999686
1675526162000846
1675526162001861
1675526162004250
1675526162005336
1675526162006422
1675526162006500
1675526162006586
1675526162007817
1675526162007895
1675526162007972
1675526162008050
1675526162008920
1675526162011665
1675526162011743
1675526162011820
1675526162012763
1675526162013851
1675526162014903
1675526162014981
1675526162015058
1675526162016001
1675526162016079
1675526162016165
1675526162016244
1675526162018772
1675526162018850
1675526162019000
1675526162019077
1675526162019154
1675526162019232
1675526162019958
1675526162020036
1675526162022204
1675526162026197
1675526162026275
1675526162027217
1675526162027295
1675526162027373
1675526162027462
1675526162027540
1675526162028266
1675526162029281
1675526162030728
1675526162031743
1675526162034561
1675526162034638
1675526162034716
1675526162035586
1675526162035736
1675526162035814
1675526162035892
1675526162036763
1675526162036841
1675526162036918
1675526162037004
1675526162037155
1675526162037808
1675526162037959
1675526162038037
1675526162040709
1675526162040858
1675526162040936
1675526162041013
1675526162041090
1675526162041168
1675526162041318
1675526162041828
1675526162042843
1675526162043930
1675526162044996
1675526162047822
1675526162047900
1675526162047978
1675526162048056
1675526162048134
1675526162048283
1675526162048865
1675526162050024
1675526162051039
1675526162053495
1675526162054625
1675526162054699
1675526162057442
1675526162057517
1675526162057591
1675526162057665
1675526162057748
1675526162057891
1675526162057965
1675526162058039
1675526162058113
1675526162058256
1675526162058330
1675526162058404
1675526162058479
1675526162058621
1675526162058696
1675526162059934
1675526162060008
1675526162061039
1675526162063440
1675526162064560
1675526162065586
1675526162066674
1675526162066752
1675526162069568
1675526162069645
1675526162069723
1675526162069801
1675526162069878
1675526162069956
1675526162070682
1675526162071771
1675526162071848
1675526162072792
1675526162073878
1675526162075198
1675526162075341
1675526162075436
1675526162075510
1675526162076269
1675526162077782
1675526162077857
1675526162077999
1675526162078073
1675526162078147
1675526162078221
1675526162078363
1675526162078985
1675526162080017
1675526162081051
1675526162084925
1675526162086013
1675526162087030
1675526162087116
1675526162087266
1675526162087344
1675526162088503
1675526162088581
1675526162088658
1675526162089529
1675526162092418
1675526162093577
1675526162094640
1675526162094715
1675526162094789
1675526162095688
1675526162095762
1675526162095836
1675526162095978
1675526162096748
1675526162096823
1675526162096966
1675526162097040
1675526162099645
1675526162099719
1675526162099862
1675526162099936
1675526162100010
1675526162100083
1675526162100226
1675526162100300
1675526162100374
1675526162100791
1675526162100934
1675526162103265
1675526162104343
1675526162105432
1675526162106521
1675526162107899
1675526162107976
1675526162108054
1675526162108131
1675526162108209
1675526162110451
1675526162111467
1675526162112553
1675526162113567
1675526162114623
1675526162117572
1675526162117645
1675526162117720
1675526162117803
1675526162117877
1675526162118020
1675526162118094
1675526162118167
1675526162118241
1675526162118383
1675526162118457
1675526162118531
1675526162119084
1675526162119158
1675526162120122
1675526162121292
1675526162123626
1675526162124707
1675526162126155
1675526162126315
1675526162127258
1675526162127336
1675526162127413
1675526162127491
1675526162129949
1675526162131036
1675526162131113
1675526162131191
1675526162132062
1675526162133150
1675526162134301
1675526162135335
1675526162135409
1675526162136854
1675526162136928
1675526162137014
1675526162137088
1675526162137231
1675526162137305
1675526162137379
1675526162139645
1675526162139788
1675526162139862
1675526162139936
1675526162140009
1675526162140838
1675526162140912
1675526162141877
1675526162142911
1675526162145417
1675526162146433
1675526162146520
1675526162146671
1675526162146749
1675526162149278
1675526162149355
1675526162149433
1675526162149583
1675526162149660
1675526162150459
1675526162151476
1675526162152563
1675526162153578
1675526162154710
1675526162156223
1675526162156297
1675526162156370
1675526162156524
1675526162156598
1675526162156672
1675526162156745
1675526162159216
1675526162159290
1675526162159433
1675526162159506
1675526162159580
1675526162159654
1675526162159796
1675526162159870
1675526162159944
1675526162160293
1675526162161326
1675526162165217
1675526162166244
1675526162166394
1675526162167337
1675526162167415
1675526162167493
1675526162167571
1675526162169812
1675526162170828
1675526162173723
1675526162174776
1675526162174919
1675526162174993
1675526162175068
1675526162175896
1675526162175970
1675526162176044
1675526162176129
1675526162176204
1675526162176964
1675526162177038
1675526162177112
1675526162177186
1675526162178427
1675526162178501
1675526162178643
1675526162178717
1675526162179476
1675526162180647
1675526162181818
1675526162183194
1675526162184277
1675526162185294
1675526162186330
1675526162187491
1675526162187569
1675526162188801
1675526162188951
1675526162191842
1675526162191920
1675526162191998
1675526162192870
1675526162193959
1675526162195069
1675526162195144
1675526162195287
1675526162196114
1675526162196257
1675526162196331
1675526162196415
1675526162197175
1675526162197318
1675526162197391
1675526162198562
1675526162198636
1675526162198711
1675526162200017
1675526162200160
1675526162204207
1675526162205241
1675526162206275
1675526162206348
1675526162206491
1675526162207320
1675526162207462
1675526162207547
1675526162207621
1675526162208723
1675526162211673
1675526162211747
1675526162212711
1675526162213880
1675526162214868
1675526162214942
1675526162215085
1675526162215914
1675526162216056
1675526162216130
1675526162216204
1675526162217032
1675526162217106
1675526162217203
1675526162217277
1675526162220021
1675526162220096
1675526162220169
1675526162220244
1675526162220386
1675526162220459
1675526162220533
1675526162220606
1675526162220749
1675526162220823
1675526162221103
1675526162223368
1675526162224414
1675526162225503
1675526162226529
1675526162227978
1675526162228056
1675526162228134
1675526162228211
1675526162230598
1675526162230675
1675526162231619
1675526162232705
1675526162233792
1675526162234843
1675526162234917
1675526162234991
1675526162235065
1675526162239042
1675526162239116
1675526162239200
1675526162239274
1675526162239416
1675526162239490
1675526162239564
1675526162239638
1675526162239780
1675526162239854
1675526162239928
1675526162240002
1675526162240145
1675526162241178
1675526162242212
1675526162243312
1675526162245792
1675526162245870
1675526162248554
1675526162248632
1675526162248782
1675526162248859
1675526162248936
1675526162249014
1675526162249091
1675526162249675
1675526162250689
1675526162250766
1675526162251782
1675526162254302
1675526162254377
1675526162255343
1675526162255417
1675526162255490
1675526162255576
1675526162256403
1675526162259214
1675526162259287
1675526162259361
1675526162259505
1675526162259579
1675526162259652
1675526162259726
1675526162259868
1675526162259942
1675526162260016
1675526162260297
1675526162261329
1675526162265140
1675526162266155
1675526162266244
1675526162266394
1675526162267268
1675526162267345
1675526162267422
1675526162268653
1675526162268731
1675526162269817
1675526162270832
1675526162270982
1675526162273439
1675526162274436
1675526162274579
1675526162275544
1675526162275618
1675526162275692
1675526162275776
1675526162275919
1675526162278461
1675526162278535
1675526162278609
1675526162278683
1675526162278825
1675526162278899
1675526162278973
1675526162279047
1675526162279189
1675526162279263
1675526162279543
1675526162280644
1675526162281746
1675526162284202
1675526162286959
1675526162287108
1675526162287186
1675526162287263
1675526162287341
1675526162288067
1675526162289081
1675526162290168
1675526162292623
1675526162295581
1675526162295724
1675526162295797
1675526162295872
1675526162295946
1675526162296089
1675526162296163
1675526162296659
1675526162296802
1675526162296876
1675526162296950
1675526162297708
1675526162297851
1675526162297925
1675526162297999
1675526162299100
1675526162299174
1675526162300138
1675526162302677
1675526162303777
1675526162304782
1675526162307744
1675526162307822
1675526162307910
1675526162307988
1675526162308065
1675526162308143
1675526162308293
1675526162308804
1675526162309819
1675526162310980
1675526162313365
1675526162314436
1675526162317319
1675526162317461
1675526162317535
1675526162317609
1675526162317684
1675526162317826
1675526162317911
1675526162317985
1675526162318059
1675526162318132
1675526162318275
1675526162318348
1675526162318422
1675526162318496
1675526162319461
1675526162320769
1675526162320912
1675526162321876
1675526162325742
1675526162325821
1675526162326908
1675526162326986
1675526162327075
1675526162327153
1675526162327952
1675526162328030
1675526162329047
1675526162330064
1675526162331514
1675526162331591
1675526162334464
1675526162334538
1675526162334681
1675526162335509
1675526162335652
1675526162335726
1675526162335800
1675526162335874
1675526162336577
1675526162336720
1675526162336794
1675526162336868
1675526162337627
1675526162337770
1675526162337844
1675526162340589
1675526162340663
1675526162340736
1675526162340810
1675526162340952
1675526162341026
1675526162341100
1675526162341174
1675526162341317
1675526162341672
1675526162342705
1675526162343739
1675526162344921
1675526162347739
1675526162347816
1675526162347894
1675526162347972
1675526162348049
1675526162348127
1675526162348276
1675526162348787
1675526162349802
1675526162352259
1675526162355028
1675526162355102
1675526162355198
1675526162356163
1675526162356237
1675526162356379
1675526162356453
1675526162357212
1675526162357354
1675526162357428
1675526162357502
1675526162357576
1675526162358334
1675526162358407
1675526162358481
1675526162359720
1675526162360753
1675526162363155
1675526162364205
1675526162365294
1675526162366382
1675526162366460
1675526162367691
1675526162367769
1675526162367847
1675526162367924
1675526162369370
1675526162370459
1675526162371475
1675526162371553
1675526162371631
1675526162372573
1675526162373661
1675526162374715
1675526162374799
1675526162376108
1675526162376182
1675526162376325
1675526162376399
1675526162376472
1675526162378944
1675526162379018
1675526162379092
1675526162379234
1675526162379308
1675526162379382
1675526162380003
1675526162381173
1675526162383508
1675526162386008
1675526162386096
1675526162387041
1675526162387191
1675526162387269
1675526162387346
1675526162388219
1675526162389306
1675526162391910
1675526162391987
1675526162393074
1675526162394096
1675526162395200
1675526162395274
1675526162395348
1675526162398092
1675526162398166
1675526162398250
1675526162398324
1675526162398467
1675526162398541
1675526162398615
1675526162398689
1675526162398832
1675526162398906
1675526162398980
1675526162399055
1675526162399129
1675526162399271
1675526162400235
1675526162401541
1675526162404261
1675526162405349
1675526162406448
1675526162406526
1675526162407541
1675526162407619
1675526162407697
1675526162407774
1675526162410158
1675526162411319
1675526162412335
1675526162413422
1675526162414453
1675526162415554
1675526162418363
1675526162418438
1675526162418512
1675526162418586
1675526162418669
1675526162418812
1675526162418886
1675526162418960
1675526162419034
1675526162419177
1675526162419251
1675526162419324
1675526162419398
1675526162419541
1675526162419615
1675526162420853
1675526162421885
1675526162424369
1675526162425403
1675526162426437
1675526162426521
1675526162426664
1675526162427491
1675526162427634
1675526162427708
1675526162430315
1675526162431416
1675526162431490
1675526162431563
1675526162432459
1675526162433492
1675526162436294
1675526162436372
1675526162436522
1675526162436599
1675526162436677
1675526162436764
1675526162436842
1675526162436919
1675526162437358
1675526162437509
1675526162437586
1675526162437664
1675526162438464
1675526162439481
1675526162440568
1675526162441943
1675526162444935
1675526162446038
1675526162446112
1675526162446187
1675526162447083
1675526162447166
1675526162447241
1675526162447383
1675526162447458
1675526162448149
1675526162449183
1675526162450284
1675526162451591
1675526162454564
1675526162454639
1675526162454713
1675526162455610
1675526162455684
1675526162455828
1675526162455901
1675526162455975
1675526162456676
1675526162456818
1675526162456892
1675526162456966
1675526162457793
1675526162457868
1675526162457942
1675526162460686
1675526162460761
1675526162460835
1675526162460909
1675526162461051
1675526162461125
1675526162461198
1675526162461272
1675526162461415
1675526162461840
1675526162462873
1675526162463906
1675526162466427
1675526162467462
1675526162467536
1675526162467610
1675526162468779
1675526162469949
1675526162470023
1675526162470987
1675526162474849
1675526162475000
1675526162475077
1675526162475155
1675526162475233
1675526162476043
1675526162476120
1675526162477064
1675526162477142
1675526162477291
1675526162477370
1675526162477448
1675526162479905
1675526162479983
1675526162480061
1675526162480210
1675526162480287
1675526162481085
1675526162482101
1675526162484538
1675526162485639
1675526162486682
1675526162486824
1675526162486899
1675526162488138
1675526162488212
1675526162488285
1675526162489180
1675526162490693
1675526162490767
1675526162491799
1675526162492901
1675526162493935
1675526162495067
1675526162495146
1675526162495224
1675526162497970
1675526162498079
1675526162498157
1675526162498235
1675526162498313
1675526162498463
1675526162498540
1675526162498618
1675526162498695
1675526162498773
1675526162498850
1675526162499073
1675526162500088
1675526162503916
1675526162504960
1675526162506131
1675526162506205
1675526162507180
1675526162507255
1675526162508494
1675526162508568
1675526162508642
1675526162509539
1675526162512417
1675526162512560
1675526162513524
1675526162514558
1675526162515718
1675526162515797
1675526162515875
1675526162515952
1675526162516751
1675526162516829
1675526162516915
1675526162517065
1675526162519595
1675526162519674
1675526162519751
1675526162519829
1675526162519978
1675526162520056
1675526162520134
1675526162520211
1675526162520289
1675526162520654
1675526162520732
1675526162523045
1675526162524062
1675526162525166
1675526162527508
1675526162527583
1675526162527725
1675526162527799
1675526162529927
1675526162530961
1675526162531035
1675526162534925
1675526162535003
1675526162535081
1675526162535158
1675526162535308
1675526162535963
1675526162536041
1675526162536190
1675526162536268
1675526162537077
1675526162537154
1675526162537232
1675526162537309
1675526162539982
1675526162540060
1675526162540137
1675526162540215
1675526162540294
1675526162540371
1675526162541026
1675526162542113
1675526162543128
1675526162545924
1675526162546067
1675526162546141
1675526162546977
1675526162547120
1675526162547194
