1675526569730488
1675526569730566
1675526569731853
1675526569734877
1675526569735020
1675526569735094
1675526569735168
1675526569735242
1675526569735316
1675526569735459
1675526569735533
1675526569735608
1675526569736367
1675526569737879
1675526569739329
1675526569739472
1675526569739546
1675526569739621
1675526569740858
1675526569741001
1675526569741075
1675526569741149
1675526569741223
1675526569742375
1675526569743895
1675526569743973
1675526569746500
1675526569747876
1675526569749395
1675526569749473
1675526569750858
1675526569750936
1675526569751085
1675526569751163
1675526569753549
1675526569756361
1675526569756504
1675526569756579
1675526569756653
1675526569756727
1675526569756870
1675526569756943
1675526569757018
1675526569757091
1675526569757234
1675526569757308
1675526569757391
1675526569757876
1675526569759388
1675526569759462
1675526569759536
1675526569760842
1675526569760985
1675526569761059
1675526569761133
1675526569762380
1675526569763891
1675526569766498
1675526569767872
1675526569769383
1675526569769458
1675526569769531
1675526569770848
1675526569770991
1675526569771065
1675526569771139
1675526569772375
1675526569775407
1675526569775485
1675526569775562
1675526569775640
1675526569775790
1675526569775868
1675526569775945
1675526569776023
1675526569776101
1675526569776251
1675526569776329
1675526569776415
1675526569776854
1675526569778373
1675526569778451
1675526569778600
1675526569778678
1675526569781061
1675526569782392
1675526569782467
1675526569782610
1675526569782684
1675526569786319
1675526569787626
1675526569789138
1675526569789212
1675526569789286
1675526569790601
1675526569790745
1675526569790819
1675526569790892
1675526569792160
