1675526567658941
1675526567659018
1675526567661330
1675526567662717
1675526567662860
1675526567662934
1675526567663008
1675526567664247
1675526567664321
1675526567664395
1675526567666865
1675526567668240
1675526567669683
1675526567669835
1675526567669910
1675526567671217
1675526567671291
1675526567671465
1675526567671544
1675526567672705
1675526567672855
1675526567672933
1675526567675752
1675526567675830
1675526567675908
1675526567675986
1675526567676137
1675526567676214
1675526567676292
1675526567677243
1675526567677321
1675526567678698
1675526567678848
1675526567680224
1675526567681801
1675526567681945
1675526567682019
1675526567682093
1675526567682236
1675526567682310
1675526567686976
1675526567689723
1675526567689797
1675526567689940
1675526567691179
1675526567691331
1675526567691405
1675526567691478
1675526567692712
1675526567692790
1675526567692941
1675526567695756
1675526567695833
1675526567695911
1675526567695989
1675526567696139
1675526567696217
1675526567696295
1675526567696372
1675526567696449
1675526567696527
1675526567696686
1675526567696764
1675526567697202
1675526567697353
1675526567697430
1675526567697508
1675526567698739
1675526567698817
1675526567700191
1675526567701703
1675526567701847
1675526567701921
1675526567701995
1675526567702069
1675526567705704
1675526567707216
1675526567708679
1675526567708822
1675526567708897
1675526567711368
1675526567712703
1675526567712854
1675526567712932
1675526567715748
1675526567715825
1675526567715903
1675526567715981
1675526567716131
1675526567716208
1675526567716286
1675526567716363
1675526567717232
1675526567718689
1675526567718838
1675526567718916
1675526567718994
1675526567719071
1675526567721384
