1675525904311874
1675525904311948
1675525904312708
1675525904316907
1675525904316985
1675525904317929
1675525904318078
1675525904318156
1675525904319027
1675525904320053
1675525904321141
1675525904321219
1675525904321296
1675525904321446
1675525904322173
1675525904323258
1675525904324225
1675525904325330
1675525904326364
1675525904327399
1675525904330353
1675525904330428
1675525904330502
1675525904330576
1675525904330719
1675525904330804
1675525904330878
1675525904330953
1675525904331027
1675525904331169
1675525904331243
1675525904331387
1675525904331530
1675525904332838
1675525904332912
1675525904333886
1675525904334902
1675525904334980
1675525904335924
1675525904337012
1675525904337090
1675525904337176
1675525904338047
1675525904340789
1675525904340866
1675525904341882
1675525904341961
1675525904342037
1675525904342909
1675525904344023
1675525904345058
1675525904346091
1675525904347057
1675525904348571
1675525904348646
1675525904348721
1675525904348863
1675525904348946
1675525904349020
1675525904349641
1675525904349716
1675525904349790
1675525904349933
1675525904353812
1675525904353890
1675525904353968
1675525904354046
1675525904354195
1675525904354274
1675525904354351
1675525904354429
1675525904354868
1675525904354946
1675525904355971
1675525904356986
1675525904357064
1675525904357935
1675525904359021
1675525904360109
1675525904361123
1675525904362210
1675525904362288
1675525904364599
1675525904367415
1675525904367489
1675525904367562
1675525904367706
1675525904367780
1675525904367854
1675525904368486
1675525904368561
1675525904368635
1675525904368778
1675525904368852
1675525904369543
1675525904370578
1675525904371683
1675525904371757
1675525904374606
