1675525700122301
1675525700122379
1675525700122529
1675525700122607
1675525700122685
1675525700122763
1675525700123489
1675525700124505
1675525700125583
1675525700126687
1675525700127722
1675525700128835
1675525700129870
1675525700129944
1675525700130088
1675525700132699
1675525700133734
1675525700133807
1675525700133951
1675525700134918
1675525700134991
1675525700135064
1675525700135139
1675525700135896
1675525700135975
1675525700136052
1675525700136996
1675525700138021
1675525700139110
1675525700139188
1675525700142005
1675525700142083
1675525700142161
1675525700142239
1675525700142317
1675525700143044
1675525700144131
1675525700145147
1675525700146192
1675525700147364
1675525700148398
1675525700149434
1675525700152319
1675525700152406
1675525700152549
1675525700152624
1675525700152698
1675525700153388
1675525700154422
1675525700154565
1675525700154640
1675525700154714
1675525700155593
1675525700155672
1675525700155822
1675525700155900
1675525700155978
1675525700158507
1675525700158585
1675525700158673
1675525700158823
1675525700158901
1675525700158977
1675525700159560
1675525700159639
1675525700159789
1675525700159868
1675525700159946
1675525700160674
1675525700160752
1675525700160831
1675525700160909
1675525700163440
1675525700164530
1675525700164607
1675525700165572
1675525700166610
1675525700167646
1675525700168819
1675525700169855
1675525700169929
1675525700170003
1675525700170901
1675525700171936
1675525700172969
1675525700174073
1675525700174147
1675525700176833
1675525700176907
1675525700177051
1675525700177125
1675525700177210
1675525700177285
1675525700177359
1675525700180037
1675525700180111
1675525700180185
1675525700180259
1675525700180402
1675525700180476
1675525700180550
1675525700180624
1675525700181112
1675525700182147
1675525700183250
1675525700184353
1675525700185371
1675525700186414
1675525700187448
1675525700188552
1675525700189587
1675525700189661
1675525700189735
1675525700192003
1675525700194818
1675525700194893
1675525700195036
1675525700195110
1675525700195184
1675525700195258
1675525700195404
1675525700195917
1675525700195994
1675525700196095
1675525700196172
1675525700196972
1675525700197988
1675525700199076
1675525700199155
1675525700200604
1675525700200754
1675525700200832
1675525700200910
1675525700201710
1675525700202726
1675525700208076
1675525700209111
1675525700209185
1675525700209328
1675525700209415
1675525700210177
1675525700210251
1675525700210394
1675525700211223
1675525700212259
1675525700213431
1675525700214465
1675525700214539
1675525700214681
1675525700214756
1675525700215546
1675525700215623
1675525700215702
1675525700215779
1675525700215929
1675525700218181
1675525700219196
1675525700219347
1675525700219425
1675525700219502
1675525700220377
1675525700220455
1675525700224569
1675525700225711
1675525700226747
1675525700227781
1675525700228952
1675525700229988
1675525700230063
1675525700230206
1675525700230280
1675525700231048
1675525700232083
1675525700233116
1675525700234218
1675525700234293
1675525700235259
1675525700235324
1675525700235404
1675525700235555
1675525700235632
1675525700236288
1675525700239251
1675525700239329
1675525700239407
1675525700239557
1675525700239635
1675525700239723
1675525700239801
1675525700239878
1675525700239956
1675525700240032
1675525700240183
1675525700240261
1675525700242217
1675525700242297
1675525700242373
1675525700242452
1675525700242530
1675525700242682
1675525700243336
1675525700244429
1675525700244507
1675525700245537
1675525700246643
1675525700247748
1675525700248783
1675525700249819
1675525700249962
1675525700252776
1675525700252850
1675525700253815
1675525700253890
1675525700253964
1675525700254931
1675525700255006
1675525700255148
1675525700255222
1675525700256071
1675525700256180
1675525700257125
1675525700258214
1675525700259230
1675525700259307
1675525700262126
1675525700262203
1675525700262281
1675525700262359
1675525700262509
1675525700262585
1675525700262664
1675525700263175
1675525700264263
1675525700265300
1675525700266336
1675525700267381
1675525700268417
1675525700271304
1675525700271381
1675525700271524
1675525700272492
1675525700273527
1675525700274562
1675525700274636
1675525700274710
1675525700274853
1675525700274927
1675525700275696
1675525700275774
1675525700275852
1675525700276002
1675525700276744
1675525700279564
1675525700279642
1675525700279720
1675525700279871
1675525700279949
1675525700280027
1675525700280104
1675525700280182
1675525700280331
1675525700280773
1675525700281789
1675525700282806
1675525700283965
1675525700285054
1675525700286057
1675525700288545
1675525700289650
1675525700289792
1675525700289867
1675525700290694
1675525700293578
1675525700294681
1675525700294756
1675525700294830
1675525700294904
1675525700295681
1675525700295832
1675525700295910
1675525700295988
1675525700296065
1675525700296791
1675525700296878
1675525700296956
1675525700297898
1675525700298987
1675525700300436
1675525700300514
1675525700300664
1675525700300742
1675525700300819
1675525700300898
1675525700301626
1675525700302641
1675525700303802
1675525700309028
1675525700309102
1675525700309176
1675525700309330
1675525700309405
1675525700310167
1675525700310241
1675525700311208
1675525700312243
1675525700313416
1675525700314519
1675525700314662
1675525700314735
1675525700314810
1675525700315623
1675525700315702
1675525700315780
1675525700315857
1675525700316009
1675525700316673
1675525700319563
1675525700319640
1675525700319719
1675525700319869
1675525700319946
1675525700320024
1675525700320101
1675525700320758
1675525700320836
1675525700321780
1675525700322941
1675525700323958
1675525700325119
1675525700326134
1675525700328539
1675525700329652
1675525700329727
1675525700329801
1675525700330697
1675525700333582
1675525700333657
1675525700334622
1675525700334696
1675525700334839
1675525700334913
1675525700335784
1675525700335859
1675525700336001
1675525700336075
1675525700336149
1675525700336840
1675525700337967
1675525700340854
1675525700340999
1675525700341072
1675525700341147
1675525700341221
1675525700341364
1675525700341920
1675525700343091
1675525700344125
1675525700345160
1675525700346354
1675525700347444
1675525700348534
1675525700349551
1675525700352443
1675525700352538
1675525700352616
1675525700352694
1675525700352844
1675525700353573
1675525700354662
1675525700354739
1675525700354817
1675525700354894
1675525700355045
1675525700355713
1675525700358598
1675525700358672
1675525700358814
1675525700358890
1675525700358964
1675525700359046
1675525700359120
1675525700359263
1675525700359338
1675525700359411
1675525700359693
1675525700359767
1675525700359841
1675525700359982
1675525700360745
1675525700363628
1675525700363702
1675525700363776
1675525700363919
1675525700363993
1675525700364682
1675525700365715
1675525700366804
1675525700367822
1675525700368982
1675525700369999
1675525700370149
1675525700370228
1675525700371099
1675525700372116
1675525700375009
1675525700375088
1675525700375165
1675525700375318
1675525700375392
1675525700375467
1675525700375542
1675525700376110
1675525700377147
1675525700378181
1675525700379354
1675525700379428
1675525700382109
1675525700382182
1675525700382326
1675525700382401
1675525700383162
1675525700384197
1675525700385323
1675525700386414
1675525700387432
1675525700388522
1675525700389538
1675525700389626
1675525700392448
1675525700392527
1675525700392605
1675525700392755
1675525700393555
1675525700394643
1675525700394721
1675525700394798
1675525700394949
1675525700395027
1675525700395736
1675525700395812
1675525700395886
1675525700395960
1675525700396790
1675525700398244
1675525700398319
1675525700398462
1675525700398536
1675525700398610
1675525700399302
1675525700399376
1675525700399518
1675525700399593
1675525700400354
1675525700404541
1675525700404683
1675525700404757
1675525700405690
1675525700406781
1675525700407797
1675525700408823
1675525700409983
1675525700410060
1675525700410211
1675525700410288
1675525700411088
1675525700412176
1675525700413264
1675525700414279
1675525700414357
1675525700414507
1675525700414585
1675525700415458
1675525700415533
1675525700416841
1675525700416916
1675525700417000
1675525700417143
1675525700419823
1675525700419897
1675525700420040
1675525700420114
1675525700420189
1675525700420263
1675525700420406
1675525700420479
1675525700420896
1675525700422067
1675525700423172
1675525700424206
1675525700425391
1675525700426426
1675525700427471
1675525700429946
1675525700430020
1675525700430985
1675525700433868
1675525700433943
1675525700434017
1675525700434913
1675525700434986
1675525700435061
1675525700435203
1675525700435978
1675525700436053
1675525700436127
1675525700436202
1675525700436345
1675525700437114
1675525700438148
1675525700439183
1675525700442069
1675525700442211
1675525700442286
1675525700442360
1675525700442435
1675525700442578
1675525700442653
1675525700443206
1675525700444240
1675525700445346
1675525700446443
1675525700447531
1675525700448622
1675525700449727
1675525700452621
1675525700452698
1675525700452776
1675525700452926
1675525700453655
1675525700454743
1675525700454822
1675525700454900
1675525700454978
1675525700455127
1675525700455930
1675525700456005
1675525700456079
1675525700456153
1675525700456984
1675525700458441
1675525700459613
1675525700459688
1675525700459762
1675525700459835
1675525700459909
1675525700460669
1675525700460744
1675525700461711
1675525700466979
1675525700467997
1675525700469086
1675525700469164
1675525700469241
1675525700470113
1675525700470191
1675525700470278
1675525700471149
1675525700472236
1675525700473252
1675525700474267
1675525700474418
1675525700475366
1675525700475440
1675525700475516
1675525700475659
1675525700475733
1675525700476425
1675525700476500
1675525700478015
1675525700478090
1675525700478164
1675525700478267
1675525700479028
1675525700479171
1675525700479245
1675525700483364
1675525700483439
1675525700483513
1675525700483586
1675525700483730
1675525700483803
1675525700483878
1675525700484434
1675525700485475
1675525700485553
1675525700485631
1675525700486504
1675525700487602
1675525700488691
1675525700489781
1675525700490798
1675525700490876
1675525700491891
1675525700491969
1675525700492913
1675525700495921
1675525700495995
1675525700496069
1675525700496142
1675525700496285
1675525700496359
1675525700496432
1675525700496507
1675525700496932
1675525700498037
1675525700499073
1675525700499147
1675525700500114
1675525700503001
1675525700503077
1675525700503151
1675525700503294
1675525700504054
1675525700505088
1675525700506197
1675525700507214
1675525700508375
1675525700509390
1675525700510480
1675525700510569
1675525700511515
1675525700511593
1675525700512968
1675525700513046
1675525700514134
1675525700514211
1675525700514290
1675525700515161
1675525700515313
1675525700515386
1675525700515462
1675525700515535
1675525700519448
1675525700519590
1675525700519665
1675525700519748
1675525700519822
1675525700519896
1675525700520040
1675525700520113
1675525700520187
1675525700520261
1675525700520404
1675525700520547
1675525700521720
1675525700522825
1675525700523859
1675525700525031
1675525700526045
1675525700527135
1675525700528151
1675525700529322
1675525700530628
1675525700531644
1675525700534463
1675525700534542
1675525700534620
1675525700534770
1675525700534848
1675525700535498
1675525700535640
1675525700535715
1675525700535789
1675525700536688
1675525700536762
1675525700536836
1675525700536910
1675525700537753
1675525700538789
1675525700541741
1675525700541814
1675525700541957
1675525700542032
1675525700542106
1675525700542179
1675525700542323
1675525700542810
1675525700543844
1675525700545018
1675525700546053
1675525700547214
1675525700548233
1675525700549322
1675525700549409
1675525700550859
1675525700551009
1675525700551954
1675525700552971
1675525700554059
1675525700554137
1675525700555082
1675525700555159
1675525700555236
1675525700559367
1675525700559441
1675525700559584
1675525700559657
1675525700559732
1675525700559807
1675525700559889
1675525700560032
1675525700560106
1675525700560180
1675525700560254
1675525700560468
1675525700560542
1675525700560616
1675525700560759
1675525700561521
1675525700561595
1675525700561668
1675525700562566
1675525700563532
1675525700566192
1675525700567231
1675525700568289
1675525700569325
1675525700569399
1675525700570367
1675525700571401
1675525700575648
1675525700575723
1675525700575798
1675525700575872
1675525700575946
1675525700576089
1675525700576163
1675525700576238
1675525700576313
1675525700576456
1675525700576669
1675525700577717
1675525700578822
1675525700578896
1675525700579861
1675525700579937
1675525700580011
1675525700580910
1675525700581944
1675525700582979
1675525700585439
1675525700589273
1675525700589423
1675525700589501
1675525700589579
1675525700589656
1675525700590385
1675525700590474
1675525700591490
1675525700592579
1675525700593597
1675525700594685
1675525700594763
1675525700594841
1675525700594919
1675525700595701
1675525700598588
1675525700598663
1675525700598806
1675525700598880
1675525700598954
1675525700599028
1675525700599103
1675525700599254
1675525700599329
1675525700599402
1675525700599477
1675525700599553
1675525700599697
1675525700599772
1675525700599846
1675525700602459
1675525700602602
1675525700602677
1675525700603506
1675525700604614
1675525700605618
1675525700606782
1675525700607797
1675525700608899
1675525700609916
1675525700609994
1675525700610072
1675525700610946
1675525700612035
1675525700613195
1675525700615985
1675525700616060
1675525700616134
1675525700616207
1675525700616351
1675525700616426
1675525700616499
1675525700616573
1675525700617061
1675525700618188
1675525700619225
1675525700619300
1675525700619374
1675525700622125
1675525700622200
1675525700622274
1675525700622417
1675525700622491
1675525700623182
1675525700624219
1675525700625401
1675525700626418
1675525700627437
1675525700628526
1675525700629542
1675525700629629
1675525700630647
1675525700631665
1675525700634271
1675525700634350
1675525700634500
1675525700634577
1675525700635378
1675525700635453
1675525700635527
1675525700635601
1675525700639587
1675525700639661
1675525700639737
1675525700639811
1675525700639954
1675525700640045
1675525700640119
1675525700640193
1675525700640267
1675525700640340
1675525700640482
1675525700640557
1675525700640633
1675525700640707
1675525700640849
1675525700640923
1675525700641822
1675525700642856
1675525700643961
1675525700644995
1675525700648944
1675525700649032
1675525700650050
1675525700650127
1675525700650205
1675525700650282
1675525700651082
1675525700652243
1675525700653257
1675525700654346
1675525700654424
1675525700654501
1675525700657226
1675525700657301
1675525700657375
1675525700657448
1675525700657590
1675525700657673
1675525700658366
1675525700659401
1675525700659475
1675525700659618
1675525700659692
1675525700659766
1675525700660458
1675525700660532
1675525700660675
1675525700663355
1675525700663430
1675525700664395
1675525700664469
1675525700665471
1675525700666631
1675525700667656
1675525700668673
1675525700669763
1675525700669840
1675525700670929
1675525700671944
1675525700672960
1675525700674048
1675525700675063
1675525700677968
1675525700678045
1675525700678190
1675525700678265
1675525700678339
1675525700678413
1675525700679173
1675525700679261
1675525700679336
1675525700679410
1675525700679484
1675525700680656
1675525700680730
1675525700680804
1675525700681703
1675525700682739
1675525700683912
1675525700684947
1675525700685989
1675525700687077
1675525700688165
1675525700690985
1675525700691063
1675525700691152
1675525700691229
1675525700692029
1675525700693190
1675525700694207
1675525700694285
1675525700694435
1675525700695310
1675525700698059
1675525700698202
1675525700698277
1675525700698351
1675525700698425
1675525700698499
1675525700698642
1675525700699127
1675525700699209
1675525700699352
1675525700700317
1675525700700391
1675525700700465
1675525700701363
1675525700702396
1675525700704938
1675525700705982
1675525700707142
1675525700708157
1675525700709245
1675525700709322
1675525700710267
1675525700710344
1675525700710422
1675525700711378
1675525700715581
1675525700715727
1675525700715801
1675525700715875
1675525700715949
1675525700716092
1675525700716165
1675525700716240
1675525700716314
1675525700716457
1675525700716531
1675525700716674
1675525700716817
1675525700716890
1675525700716964
1675525700717048
1675525700717809
1675525700718914
1675525700718988
1675525700719062
1675525700721675
1675525700721820
1675525700721894
1675525700721969
1675525700722042
1675525700722117
1675525700722259
1675525700722882
1675525700723919
1675525700724954
1675525700725990
1675525700727172
1675525700728207
1675525700729241
1675525700729314
1675525700732130
1675525700733166
1675525700734200
1675525700734342
1675525700734416
1675525700735323
1675525700735403
1675525700735481
1675525700735559
1675525700735638
1675525700736436
1675525700737454
1675525700738989
1675525700739067
1675525700739144
1675525700740015
1675525700740093
1675525700740171
1675525700740321
1675525700740398
1675525700741198
1675525700742215
1675525700746486
1675525700747522
