1675525585680103
1675525585680253
1675525585680331
1675525585680409
1675525585680487
1675525585680565
1675525585680643
1675525585680794
1675525585680871
1675525585688011
1675525585688086
1675525585688160
1675525585688303
1675525585688378
1675525585688451
1675525585695224
1675525585695311
1675525585695389
1675525585695468
1675525585695545
1675525585695623
1675525585695773
1675525585695852
1675525585695929
1675525585696007
1675525585696085
1675525585696235
1675525585696313
1675525585696391
1675525585696470
1675525585700230
1675525585700308
1675525585700467
1675525585700544
1675525585700622
1675525585700700
1675525585700778
1675525585702708
1675525585710949
1675525585711023
1675525585711097
1675525585711240
1675525585711314
1675525585711389
1675525585711464
1675525585711608
1675525585711682
1675525585711756
1675525585711838
1675525585711912
1675525585712055
1675525585712130
1675525585712263
1675525585718114
1675525585718192
1675525585718270
1675525585718419
1675525585718497
1675525585718575
1675525585718652
1675525585718730
1675525585718809
1675525585718959
1675525585719037
1675525585719124
1675525585719203
1675525585719353
1675525585720515
1675525585720665
1675525585720743
1675525585720821
1675525585720899
1675525585720977
1675525585726082
1675525585726156
1675525585726300
1675525585726374
1675525585732140
1675525585732266
1675525585732345
1675525585732431
1675525585732509
1675525585732588
1675525585732738
1675525585732816
1675525585732894
1675525585732972
1675525585733050
1675525585733200
1675525585733278
1675525585733356
1675525585736680
1675525585736758
1675525585736836
1675525585736913
1675525585737064
1675525585737150
1675525585742342
1675525585742486
