1675525744590095
1675525744592924
1675525744593004
1675525744593081
1675525744593159
1675525744593237
1675525744593388
1675525744593466
1675525744593544
1675525744593622
1675525744593700
1675525744593850
1675525744593927
1675525744594005
1675525744594082
1675525744594161
1675525744595877
1675525744595964
1675525744596038
1675525744597010
1675525744598045
1675525744599221
1675525744600258
1675525744601363
1675525744602469
1675525744603574
1675525744603649
1675525744603723
1675525744603797
1675525744606009
1675525744608902
1675525744608980
1675525744609131
1675525744609219
1675525744609297
1675525744609376
1675525744609959
1675525744610110
1675525744610188
1675525744610265
1675525744611065
1675525744612082
1675525744613170
1675525744613247
1675525744613325
1675525744615975
1675525744616049
1675525744617155
1675525744618191
1675525744618274
1675525744618348
1675525744618491
1675525744619252
1675525744619327
1675525744620429
1675525744621465
1675525744622502
1675525744623606
1675525744623681
1675525744626167
1675525744628990
1675525744629067
1675525744629218
1675525744629295
1675525744629374
1675525744629463
1675525744630048
1675525744630198
1675525744630276
1675525744630354
1675525744631228
1675525744631305
1675525744631383
1675525744631534
1675525744632261
1675525744635084
1675525744635235
1675525744635342
1675525744635416
1675525744635492
1675525744635567
1675525744636270
1675525744637308
1675525744638483
1675525744639517
1675525744640691
1675525744641727
1675525744642830
1675525744642904
1675525744644145
1675525744644220
1675525744644294
1675525744645191
1675525744648111
1675525744648190
1675525744648268
1675525744648346
1675525744649235
1675525744649315
