1675526018312786
1675526018312865
1675526018312943
1675526018313094
1675526018313172
1675526018313250
1675526018313328
1675526018314126
1675526018314204
1675526018314282
1675526018314370
1675526018314520
1675526018314598
1675526018315180
1675526018316267
1675526018317282
1675526018318445
1675526018320762
1675526018323605
1675526018323679
1675526018323823
1675526018323897
1675526018323971
1675526018324045
1675526018324668
1675526018325839
1675526018325923
1675526018325998
1675526018328607
1675526018328750
1675526018328824
1675526018328898
1675526018329728
1675526018329803
1675526018329877
1675526018329951
1675526018330849
1675526018331883
1675526018333075
1675526018333153
1675526018335394
1675526018338287
1675526018338374
1675526018338452
1675526018338602
1675526018338680
1675526018338758
1675526018339485
1675526018339562
1675526018339640
1675526018340510
1675526018341526
1675526018342618
1675526018342697
1675526018342841
1675526018345112
1675526018347993
1675526018348068
1675526018348169
1675526018349066
1675526018349141
1675526018349214
1675526018349358
1675526018350185
1675526018350328
1675526018350402
1675526018350476
1675526018350549
1675526018351239
1675526018351382
1675526018352417
1675526018353737
1675526018353815
1675526018353893
1675526018353980
1675526018355356
1675526018355434
1675526018355511
1675526018356455
1675526018357615
1675526018358633
1675526018361236
1675526018363986
1675526018364061
1675526018364135
1675526018364278
1675526018364353
1675526018365043
1675526018365117
1675526018366153
1675526018368301
1675526018368379
1675526018371194
1675526018371268
1675526018371410
1675526018371485
1675526018371559
1675526018371633
1675526018371776
1675526018371850
1675526018371924
1675526018371998
1675526018372072
1675526018372283
1675526018375187
1675526018375265
1675526018375359
1675526018375437
1675526018375515
1675526018375664
1675526018376320
1675526018377408
1675526018378498
1675526018380957
1675526018383793
1675526018383937
1675526018384013
1675526018384086
1675526018384161
1675526018384991
1675526018385065
1675526018386100
1675526018386191
1675526018387294
1675526018390043
1675526018390187
1675526018390261
1675526018390335
1675526018390409
1675526018390483
1675526018390626
1675526018390700
1675526018390774
1675526018391260
1675526018392298
1675526018392372
1675526018393731
1675526018394822
1675526018395920
1675526018395998
1675526018397230
1675526018398317
1675526018399406
1675526018402223
1675526018402301
1675526018402379
1675526018402457
1675526018402534
1675526018402612
1675526018402760
1675526018403316
1675526018404422
1675526018405456
1675526018407933
1675526018410829
1675526018410905
1675526018410980
1675526018411124
1675526018411198
1675526018411272
1675526018411346
1675526018411490
1675526018411564
1675526018411982
1675526018412057
1675526018412199
1675526018413085
1675526018413164
1675526018414182
1675526018415484
1675526018415572
1675526018416948
1675526018418036
1675526018420496
1675526018421512
1675526018422682
1675526018422757
1675526018422831
1675526018425235
1675526018425309
1675526018428125
1675526018428199
1675526018428273
1675526018428347
1675526018429246
1675526018429321
1675526018429414
1675526018429489
1675526018430318
1675526018430392
1675526018430467
1675526018430610
1675526018430684
1675526018431444
1675526018431587
1675526018432924
1675526018433003
1675526018433081
1675526018433231
1675526018433310
1675526018433388
1675526018433465
1675526018433551
1675526018433628
1675526018435585
1675526018435663
1675526018435740
1675526018436612
1675526018437700
1675526018441528
1675526018441606
1675526018442696
1675526018442772
1675526018442846
1675526018442920
1675526018444022
1675526018445057
1675526018445131
1675526018446175
1675526018448720
1675526018448795
1675526018448938
1675526018449013
1675526018449773
1675526018449916
1675526018449989
1675526018450064
1675526018452606
1675526018452732
1675526018452812
1675526018452964
1675526018453042
1675526018453699
1675526018454861
1675526018455899
1675526018457059
1675526018458437
1675526018458516
1675526018460110
1675526018460187
1675526018460338
1675526018461211
1675526018462300
1675526018462378
1675526018462528
1675526018462606
1675526018465017
1675526018466190
1675526018467362
1675526018468397
1675526018468484
1675526018469519
1675526018469594
1675526018472340
1675526018472414
1675526018472488
1675526018472562
1675526018472710
1675526018472789
1675526018472867
1675526018472944
1675526018473022
1675526018473100
1675526018473249
1675526018475058
1675526018475135
1675526018476162
1675526018476241
1675526018476318
1675526018477261
1675526018478352
1675526018482183
1675526018482261
1675526018482412
1675526018482490
1675526018483265
1675526018483339
1675526018484578
1675526018485750
1675526018485824
1675526018485898
1675526018488644
1675526018488676
1675526018488820
1675526018488894
1675526018489655
1675526018489797
1675526018489872
1675526018489945
1675526018490845
1675526018490919
1675526018490993
1675526018491067
1675526018491895
1675526018491969
1675526018493002
1675526018494307
1675526018495826
1675526018495917
1675526018497005
1675526018498020
1675526018500550
1675526018501710
1675526018502896
1675526018503039
1675526018503113
1675526018503187
1675526018503262
1675526018506006
1675526018506080
1675526018506154
1675526018507052
1675526018508086
1675526018509258
1675526018509342
1675526018509416
1675526018509489
1675526018510318
1675526018510392
1675526018510465
1675526018510608
1675526018511709
1675526018511783
1675526018511926
1675526018512000
1675526018513363
1675526018513442
1675526018513519
1675526018514392
1675526018515553
1675526018515643
1675526018516586
1675526018519333
1675526018519410
1675526018519489
1675526018519639
1675526018520511
1675526018521601
1675526018522695
1675526018522770
1675526018524080
1675526018524154
1675526018525119
1675526018525261
1675526018528144
1675526018528219
1675526018529196
1675526018529270
1675526018529344
1675526018529418
1675526018530314
1675526018530388
1675526018530531
1675526018531496
1675526018532529
1675526018532603
1675526018532710
1675526018533871
1675526018535465
1675526018535543
1675526018535620
1675526018535698
1675526018536507
1675526018537666
1675526018541420
1675526018542585
1675526018542683
1675526018542758
1675526018542833
1675526018544965
1675526018545998
1675526018546141
1675526018546214
1675526018546288
1675526018549032
1675526018549106
1675526018549180
1675526018549254
1675526018549339
1675526018550032
1675526018550175
1675526018550248
1675526018550322
1675526018550396
1675526018551156
1675526018551230
1675526018551303
1675526018553975
1675526018554054
1675526018554132
1675526018554210
1675526018554360
1675526018554438
1675526018554516
1675526018554605
1675526018555116
1675526018556202
1675526018557364
1675526018558379
1675526018559682
1675526018561346
1675526018562506
1675526018562585
1675526018562688
1675526018562763
1675526018562838
1675526018563669
1675526018564776
1675526018565810
1675526018565952
1675526018568641
1675526018568715
1675526018568789
1675526018569687
1675526018569761
1675526018569835
1675526018572576
1675526018572650
1675526018572778
1675526018572857
1675526018572934
1675526018573012
1675526018573091
1675526018573675
1675526018574761
1675526018575921
1675526018576080
1675526018576159
1675526018577246
1675526018578334
1675526018581225
1675526018581303
1675526018581453
1675526018582324
1675526018582402
1675526018582479
1675526018582557
1675526018582634
1675526018583469
1675526018584504
1675526018585675
1675526018585749
1675526018586931
1675526018589949
1675526018590024
1675526018590099
1675526018590241
1675526018590316
1675526018590390
1675526018590464
1675526018590537
1675526018590680
1675526018591097
1675526018591171
1675526018591314
1675526018592143
1675526018592286
1675526018592360
1675526018593585
1675526018593663
1675526018594754
1675526018595844
1675526018595922
1675526018597152
1675526018598312
1675526018600984
1675526018602072
1675526018602150
1675526018602300
1675526018602378
1675526018603155
1675526018603299
1675526018605840
1675526018605915
1675526018606959
1675526018607994
1675526018609166
1675526018609240
1675526018610546
1675526018610620
1675526018610763
1675526018610838
1675526018610912
1675526018610985
1675526018611059
1675526018611201
1675526018611276
1675526018611693
1675526018614589
1675526018614668
1675526018614758
1675526018614836
1675526018614915
1675526018615064
1675526018615142
1675526018615723
1675526018615802
1675526018616814
1675526018617900
1675526018621730
1675526018621808
1675526018621886
1675526018622827
1675526018622970
1675526018623044
1675526018625314
1675526018625432
1675526018626467
1675526018629349
1675526018629423
1675526018629497
1675526018629641
1675526018629716
1675526018629790
1675526018629864
1675526018630487
1675526018630561
1675526018630704
1675526018631532
1675526018632717
1675526018632796
1675526018632875
1675526018635268
1675526018638155
1675526018638233
1675526018638311
1675526018638389
1675526018638466
1675526018639193
1675526018640353
1675526018641368
1675526018642457
1675526018642535
1675526018642613
1675526018642763
1675526018643865
1675526018645445
1675526018645519
1675526018646572
1675526018647674
1675526018648775
1675526018648850
1675526018649814
1675526018649957
1675526018650031
1675526018650105
1675526018652576
1675526018652649
1675526018652712
1675526018652793
1675526018652943
1675526018653021
1675526018655192
1675526018655271
1675526018656371
1675526018657388
1675526018658547
1675526018659851
1675526018661441
1675526018662603
1675526018662684
1675526018662760
1675526018662835
1675526018663732
1675526018664767
1675526018665941
1675526018668754
1675526018668828
1675526018668901
1675526018668975
1675526018669812
1675526018669886
1675526018672707
1675526018672786
1675526018672864
1675526018672942
1675526018673020
1675526018673170
1675526018673248
1675526018673325
1675526018673403
1675526018673480
1675526018673558
1675526018673708
1675526018673786
1675526018673864
1675526018674310
1675526018674388
1675526018675479
1675526018675557
1675526018675634
1675526018676506
1675526018676584
1675526018677673
1675526018681429
1675526018682516
1675526018682676
1675526018682750
1675526018682825
1675526018682899
1675526018683864
1675526018684899
1675526018684987
1675526018686090
1675526018686165
1675526018688842
1675526018688984
1675526018689058
1675526018689132
1675526018689961
1675526018690036
1675526018690110
1675526018690184
1675526018691082
1675526018692115
1675526018692257
1675526018693219
1675526018695755
1675526018698654
1675526018698733
1675526018698812
1675526018698889
1675526018698967
1675526018699697
1675526018700715
1675526018700865
1675526018700943
1675526018701888
1675526018701966
1675526018702045
1675526018702976
1675526018704353
1675526018707303
1675526018707447
1675526018708354
1675526018708497
1675526018708572
1675526018709539
1675526018709613
1675526018709687
1675526018709830
1675526018710589
1675526018710664
1675526018710738
1675526018710881
1675526018710955
1675526018711646
1675526018713150
1675526018713229
1675526018713307
1675526018713395
1675526018715707
1675526018715785
1675526018715862
1675526018716733
1675526018717891
1675526018720348
1675526018723230
1675526018723305
1675526018723379
1675526018723453
1675526018723596
1675526018724289
1675526018725391
1675526018725534
1675526018726499
1675526018727884
1675526018728918
1675526018728992
1675526018729134
1675526018731810
1675526018731885
1675526018732027
1675526018732101
1675526018732175
1675526018732249
1675526018732391
1675526018732465
1675526018732539
1675526018732613
1675526018732928
1675526018733007
1675526018734044
1675526018735132
1675526018735210
1675526018736440
1675526018738031
1675526018739046
1675526018740132
1675526018741148
1675526018742308
1675526018743713
1675526018743788
1675526018746669
1675526018746743
1675526018746886
1675526018747852
1675526018748885
1675526018748970
1675526018749045
1675526018749118
1675526018750015
1675526018750089
1675526018750232
1675526018750306
1675526018750379
1675526018751070
1675526018751212
1675526018752518
1675526018752592
1675526018752716
1675526018752796
1675526018755110
1675526018755261
1675526018756215
1675526018757304
1675526018758392
1675526018759695
1675526018759772
1675526018759850
1675526018761368
1675526018762531
1675526018762610
1675526018762761
1675526018762836
1675526018762910
1675526018763606
1675526018764778
1675526018768549
1675526018768623
1675526018768722
1675526018769688
1675526018769762
1675526018769836
1675526018772511
1675526018772585
1675526018772704
1675526018772784
1675526018772863
1675526018772940
1675526018773018
1675526018773095
1675526018773537
1675526018774625
1675526018775787
1675526018775865
1675526018775953
1675526018777114
1675526018778202
1675526018780660
1675526018781821
1675526018781899
1675526018782838
1675526018782981
1675526018785317
1675526018785391
1675526018785465
1675526018788210
1675526018788285
1675526018788359
1675526018789325
1675526018789470
1675526018789563
1675526018789637
1675526018789711
1675526018790539
1675526018790613
1675526018790687
1675526018790761
1675526018790905
1675526018791597
1675526018791671
1675526018794524
1675526018794603
1675526018794681
1675526018794758
1675526018794836
1675526018794914
1675526018795002
1675526018795659
1675526018795737
1675526018795815
1675526018795894
1675526018796840
1675526018798142
1675526018800815
1675526018801903
1675526018801982
1675526018802059
1675526018802922
1675526018802997
1675526018803140
1675526018803214
1675526018805755
1675526018805850
1675526018806883
1675526018807916
1675526018809019
1675526018809093
1675526018811906
1675526018811980
1675526018812054
1675526018812128
1675526018812203
1675526018812345
1675526018812418
1675526018812493
1675526018812567
1675526018812948
1675526018813026
1675526018814126
1675526018815143
1675526018816518
1675526018816596
1675526018818115
1675526018819203
1675526018820292
1675526018820370
1675526018821460
1675526018822548
1675526018822701
1675526018822776
1675526018822850
1675526018825321
1675526018825395
1675526018826433
1675526018826519
1675526018827623
1675526018828656
1675526018831332
1675526018831474
1675526018831548
1675526018831622
1675526018831696
1675526018831839
1675526018831913
1675526018831987
1675526018832060
1675526018832941
1675526018833019
1675526018833098
1675526018833175
1675526018833264
1675526018834067
1675526018835156
1675526018836316
1675526018836393
1675526018837336
1675526018838713
1675526018841672
1675526018841822
1675526018842836
1675526018842910
1675526018843053
1675526018843128
1675526018843889
1675526018844992
1675526018846094
1675526018848576
1675526018851460
1675526018851535
1675526018851677
1675526018851751
1675526018851825
1675526018851900
1675526018852043
1675526018852117
1675526018852191
1675526018852265
1675526018852408
1675526018852483
1675526018852557
1675526018852631
1675526018852723
1675526018853970
1675526018855129
1675526018856147
1675526018857309
1675526018858686
1675526018859847
1675526018862757
1675526018862833
1675526018862907
1675526018863050
1675526018863124
1675526018863198
1675526018863824
1675526018864925
1675526018867396
1675526018868570
1675526018871324
1675526018871398
1675526018871540
1675526018871614
1675526018871688
1675526018871762
1675526018871904
1675526018871978
1675526018872052
1675526018872401
1675526018872475
1675526018872617
1675526018872711
1675526018873585
1675526018874602
1675526018875981
1675526018876070
1675526018876148
1675526018877091
1675526018879978
1675526018880057
1675526018880135
1675526018880212
1675526018881013
1675526018882172
1675526018882250
1675526018882327
1675526018883244
1675526018883318
1675526018884557
1675526018885728
1675526018885802
1675526018888624
1675526018888699
1675526018888773
1675526018888847
1675526018889745
1675526018889819
1675526018889962
1675526018890035
1675526018890796
1675526018891828
1675526018891970
1675526018892992
1675526018893070
1675526018895454
1675526018896902
1675526018896980
1675526018897067
1675526018897939
1675526018900541
1675526018901702
1675526018901781
1675526018902724
1675526018902868
1675526018902942
1675526018905483
1675526018906517
1675526018906591
1675526018907624
1675526018908727
1675526018908802
1675526018910245
1675526018910319
1675526018910417
1675526018910492
1675526018910566
1675526018910640
1675526018910782
1675526018911337
1675526018911479
1675526018911553
1675526018914159
1675526018914237
1675526018914387
1675526018914465
1675526018914542
1675526018914620
1675526018914698
1675526018914848
1675526018914935
1675526018915012
1675526018915090
1675526018915314
1675526018915464
1675526018916407
1675526018917424
1675526018921321
1675526018922480
1675526018922557
1675526018922635
1675526018922783
1675526018922858
1675526018923824
1675526018924926
1675526018925068
1675526018926044
1675526018926118
1675526018928862
1675526018928937
1675526018929011
1675526018929085
1675526018929159
1675526018929988
1675526018930062
1675526018930136
1675526018931102
1675526018932205
1675526018932279
