1675526031513652
1675526031513731
1675526031513809
1675526031514608
1675526031514687
1675526031514765
1675526031517509
1675526031517584
1675526031517727
1675526031517802
1675526031517876
1675526031517950
1675526031518093
1675526031518578
1675526031519760
1675526031520796
1675526031521829
1675526031522931
1675526031523967
1675526031524041
1675526031525008
1675526031527977
1675526031528056
1675526031528134
1675526031528211
1675526031529010
1675526031529088
1675526031530102
1675526031531116
1675526031531194
1675526031532218
1675526031532296
1675526031535040
1675526031535119
1675526031535197
1675526031535275
1675526031535352
1675526031535430
1675526031535580
1675526031535655
1675526031535729
1675526031535803
1675526031535946
1675526031536158
1675526031537263
1675526031538296
1675526031539341
1675526031543252
1675526031543326
1675526031544293
1675526031544368
1675526031544442
1675526031545339
1675526031545413
1675526031546401
1675526031547490
1675526031548579
1675526031549668
1675526031550756
1675526031551920
1675526031554665
1675526031554743
1675526031554830
1675526031554909
1675526031554987
1675526031555065
1675526031555214
1675526031555292
1675526031555370
1675526031555447
1675526031555596
1675526031555671
1675526031555745
1675526031555819
1675526031555963
1675526031558574
1675526031559608
1675526031560712
1675526031561618
1675526031562721
1675526031563757
1675526031563831
1675526031563974
1675526031564048
1675526031564808
1675526031564951
1675526031565025
1675526031565099
1675526031565894
1675526031568355
1675526031571247
1675526031572334
1675526031572412
1675526031572489
1675526031572579
1675526031573450
1675526031573601
1675526031573677
1675526031573756
