1675525882839430
1675525882839516
1675525882839591
1675525882839666
1675525882839808
1675525882839883
1675525882839957
1675525882840032
1675525882843688
1675525882843834
1675525882843908
1675525882843982
1675525882844056
1675525882844201
1675525882844275
1675525882844349
1675525882844424
1675525882844507
1675525882844651
1675525882844725
1675525882844799
1675525882844874
1675525882845021
1675525882845164
1675525882845238
1675525882845313
1675525882845458
1675525882847937
1675525882848014
1675525882848154
1675525882848233
1675525882848311
1675525882848389
1675525882850433
1675525882851824
1675525882851903
1675525882851981
1675525882853294
1675525882853446
1675525882855918
1675525882858668
1675525882858812
1675525882858885
1675525882858961
1675525882859035
1675525882859178
1675525882859253
1675525882862775
1675525882862919
1675525882863002
1675525882863078
1675525882863152
1675525882863294
1675525882863368
1675525882863444
1675525882863519
1675525882865315
1675525882867801
1675525882869164
1675525882869316
1675525882869395
1675525882869473
1675525882871800
1675525882871879
1675525882871958
1675525882872118
1675525882872197
1675525882876769
1675525882879667
1675525882879810
1675525882879885
1675525882879960
1675525882880034
1675525882880177
1675525882880251
1675525882880327
1675525882880401
1675525882880545
1675525882880619
1675525882880695
1675525882880768
1675525882882367
1675525882882441
1675525882882516
1675525882882591
1675525882883628
1675525882883775
1675525882886327
1675525882887711
1675525882887785
1675525882887859
1675525882888002
1675525882890326
1675525882891711
1675525882891790
1675525882891868
1675525882894270
1675525882895660
1675525882898478
1675525882898557
1675525882898709
1675525882898786
1675525882898865
1675525882898943
1675525882899021
1675525882899099
1675525882902732
1675525882902810
1675525882902888
1675525882902966
1675525882903044
1675525882903122
1675525882903274
1675525882903361
1675525882903438
1675525882903517
1675525882903594
1675525882903672
1675525882905278
1675525882907820
1675525882909152
1675525882909295
1675525882909369
1675525882911785
1675525882911860
1675525882912003
1675525882912078
1675525882913188
1675525882913264
1675525882915757
1675525882917142
1675525882917285
1675525882917360
1675525882921278
1675525882921429
1675525882921507
1675525882921586
1675525882921664
1675525882921742
1675525882921820
1675525882921971
1675525882922048
1675525882922126
1675525882922204
1675525882922282
1675525882922441
1675525882922522
1675525882922674
1675525882922753
1675525882922831
1675525882922909
1675525882923060
1675525882925382
1675525882927782
1675525882929185
1675525882929260
1675525882929335
1675525882929478
1675525882929552
1675525882931765
1675525882931909
1675525882931992
1675525882936814
1675525882939680
1675525882939759
1675525882939910
1675525882939989
1675525882940067
1675525882940145
1675525882940224
1675525882940374
1675525882940453
1675525882940531
1675525882940610
1675525882940688
1675525882940766
1675525882942297
1675525882942384
1675525882942463
1675525882943705
1675525882943783
1675525882943860
1675525882946260
1675525882946410
1675525882947649
1675525882947800
1675525882947878
1675525882947957
1675525882950247
1675525882951626
1675525882951773
1675525882951847
1675525882955502
1675525882956975
1675525882957049
1675525882957124
1675525882961050
1675525882961203
1675525882961281
1675525882961359
1675525882961436
1675525882961515
1675525882961593
1675525882961743
1675525882961822
1675525882961901
1675525882961979
1675525882962057
1675525882962210
1675525882962300
1675525882962454
1675525882962532
1675525882962610
1675525882962688
1675525882962839
1675525882962916
1675525882963937
1675525882966552
1675525882967936
1675525882968015
1675525882968095
1675525882968169
1675525882970519
1675525882970593
1675525882972735
1675525882972825
1675525882972969
1675525882973043
1675525882973465
1675525882976088
1675525882977401
1675525882977545
1675525882977620
1675525882981566
1675525882981646
1675525882981724
1675525882981801
1675525882981954
1675525882982031
1675525882982109
1675525882982185
1675525882982276
1675525882982354
1675525882982505
1675525882982953
1675525882983031
1675525882985570
1675525882986955
1675525882988396
1675525882988540
1675525882988615
1675525882988689
1675525882989939
1675525882991396
1675525882991539
1675525882994027
1675525882996509
1675525882999453
1675525882999532
1675525882999610
1675525882999688
1675525882999839
1675525882999918
1675525882999996
1675525883000075
1675525883000153
1675525883000231
1675525883000382
1675525883000461
1675525883000540
1675525883002069
1675525883002147
1675525883002225
1675525883002312
1675525883002392
1675525883003413
1675525883003562
1675525883006034
1675525883007454
1675525883007533
1675525883007610
1675525883010051
1675525883010126
1675525883010270
1675525883011448
1675525883011522
1675525883012904
1675525883013048
1675525883015603
1675525883016933
1675525883017008
1675525883021061
1675525883021140
1675525883021218
1675525883021368
1675525883021447
1675525883021525
1675525883021603
1675525883021680
1675525883021759
1675525883021909
1675525883021988
1675525883022065
1675525883022144
1675525883022297
1675525883022383
1675525883022535
1675525883022613
1675525883022691
1675525883023938
1675525883026553
1675525883027937
1675525883028016
1675525883028134
1675525883029449
1675525883032149
1675525883033465
1675525883033540
1675525883033614
1675525883033688
1675525883033833
1675525883034961
1675525883035036
1675525883035110
1675525883037533
1675525883037677
1675525883037752
1675525883037827
1675525883040255
1675525883040407
1675525883040486
1675525883040563
1675525883040642
1675525883040720
1675525883040798
1675525883040950
1675525883044070
1675525883044156
1675525883044234
1675525883044312
1675525883044462
1675525883044540
1675525883044618
1675525883044696
1675525883045429
1675525883049638
1675525883049713
1675525883049857
1675525883049932
1675525883050006
1675525883050081
1675525883050224
1675525883050298
1675525883050382
1675525883052042
1675525883053422
1675525883056040
1675525883057428
1675525883057503
1675525883057647
1675525883061565
1675525883061646
1675525883061797
1675525883061875
1675525883061953
1675525883062030
1675525883062108
1675525883062185
1675525883062335
1675525883062422
1675525883062500
1675525883062945
1675525883063024
1675525883064408
1675525883067045
1675525883068416
1675525883068560
1675525883068635
1675525883071053
1675525883071128
1675525883071272
1675525883072450
1675525883072525
1675525883072599
1675525883075021
1675525883076417
1675525883080553
1675525883080706
1675525883080784
1675525883080862
1675525883080939
1675525883081018
1675525883081168
1675525883081247
1675525883081326
1675525883081403
1675525883081481
1675525883081649
1675525883081803
1675525883081881
1675525883082035
1675525883083432
1675525883083510
1675525883083588
1675525883083738
1675525883083816
1675525883083895
1675525883083973
1675525883084050
1675525883086086
1675525883087397
1675525883087548
1675525883090202
1675525883090277
1675525883090352
1675525883091391
1675525883094080
1675525883094174
1675525883094249
1675525883095429
1675525883098312
1675525883098465
1675525883098543
1675525883098621
1675525883098700
1675525883098778
1675525883098856
1675525883098933
1675525883099011
1675525883102062
1675525883102141
1675525883102219
1675525883102297
1675525883102384
1675525883102536
1675525883102614
1675525883102691
1675525883103427
1675525883106044
1675525883106122
1675525883107436
1675525883107514
1675525883107592
1675525883110060
1675525883110135
1675525883110209
1675525883111457
1675525883111532
1675525883112916
1675525883116926
1675525883119705
1675525883119780
1675525883119855
1675525883119999
1675525883120074
1675525883120148
1675525883120222
1675525883120365
1675525883120439
1675525883120515
1675525883120589
1675525883120732
1675525883120806
1675525883123848
1675525883123923
1675525883124007
1675525883124082
1675525883124226
1675525883124300
1675525883124374
1675525883124449
1675525883124523
1675525883124666
1675525883126326
1675525883127710
1675525883127785
1675525883127859
1675525883130328
1675525883130406
1675525883131647
1675525883131799
1675525883133194
1675525883135808
1675525883137194
1675525883137273
1675525883141316
1675525883141392
1675525883141466
1675525883141609
1675525883141683
1675525883141758
1675525883141833
1675525883141976
1675525883142050
1675525883142124
1675525883142270
1675525883142346
1675525883142429
1675525883142504
1675525883142651
1675525883142794
1675525883142869
1675525883142944
1675525883143018
1675525883145293
1675525883146682
1675525883148159
1675525883148310
1675525883148388
1675525883148466
1675525883149707
1675525883152319
1675525883152397
1675525883152484
1675525883153650
1675525883155177
1675525883157938
1675525883158018
1675525883158129
1675525883158205
1675525883158279
1675525883158353
1675525883163178
1675525883163252
1675525883163328
1675525883163472
1675525883163546
1675525883163620
1675525883163695
1675525883163778
1675525883163921
1675525883163995
1675525883164071
1675525883164145
1675525883164290
1675525883165675
1675525883168444
1675525883168524
1675525883168602
1675525883168752
1675525883168831
1675525883168909
1675525883169929
1675525883170007
1675525883172549
1675525883172637
1675525883172715
1675525883176344
1675525883177655
1675525883177806
1675525883177885
1675525883177963
1675525883181834
1675525883181908
1675525883181983
1675525883182127
1675525883182202
1675525883182276
1675525883182350
1675525883182493
1675525883182569
1675525883182652
1675525883182726
1675525883183148
1675525883184667
1675525883187286
1675525883187429
1675525883188662
1675525883188813
1675525883191288
1675525883191438
1675525883192678
1675525883192757
1675525883195300
1675525883196687
1675525883196765
1675525883196915
1675525883197002
1675525883200815
1675525883200961
1675525883201035
1675525883201110
1675525883201184
1675525883201259
1675525883201402
1675525883201477
1675525883201551
1675525883201625
1675525883201770
1675525883201846
1675525883201920
1675525883202063
1675525883202139
1675525883203667
1675525883203811
1675525883203885
1675525883203960
1675525883204034
1675525883204177
1675525883204251
1675525883206325
1675525883207710
1675525883207785
1675525883207859
1675525883208002
1675525883208058
1675525883210339
1675525883211653
1675525883211796
1675525883211880
1675525883213194
1675525883213270
1675525883213345
1675525883215827
1675525883217211
1675525883217285
1675525883221346
1675525883221424
1675525883221503
1675525883221583
1675525883221660
1675525883221810
1675525883221888
1675525883221966
1675525883222044
1675525883222130
1675525883222282
1675525883222360
1675525883222659
1675525883222737
1675525883222887
1675525883222965
1675525883225292
1675525883227834
1675525883229160
1675525883229304
1675525883229379
1675525883229455
1675525883231802
1675525883231876
1675525883232020
1675525883236789
1675525883239671
1675525883239823
1675525883239901
1675525883239980
1675525883240057
1675525883240135
1675525883240213
1675525883240363
1675525883240440
1675525883240519
1675525883240597
1675525883240675
1675525883240753
1675525883241201
1675525883241279
1675525883241365
1675525883243835
1675525883243913
1675525883243991
1675525883244070
1675525883245163
1675525883247994
1675525883248076
1675525883248220
1675525883248294
1675525883248368
1675525883248444
1675525883250447
1675525883251832
1675525883251906
1675525883251981
1675525883257021
1675525883257164
1675525883257238
1675525883259964
1675525883260042
1675525883260120
1675525883260200
1675525883260278
1675525883260428
1675525883260505
1675525883260584
1675525883260662
1675525883260740
1675525883260892
1675525883260969
1675525883261047
1675525883262585
1675525883262663
1675525883262741
1675525883262819
1675525883266297
1675525883267679
1675525883267757
1675525883267836
1675525883270335
1675525883270409
1675525883271723
1675525883271866
1675525883271941
1675525883272016
1675525883274291
1675525883275672
1675525883279795
1675525883279948
1675525883280026
1675525883280103
1675525883280181
1675525883280258
1675525883280408
1675525883280487
1675525883280564
1675525883280644
1675525883280721
1675525883280872
1675525883280953
1675525883281031
1675525883281183
1675525883282785
1675525883282871
1675525883282950
1675525883283101
1675525883283179
1675525883283256
1675525883283335
1675525883285442
1675525883288203
1675525883288278
1675525883288353
1675525883288496
1675525883288572
1675525883288646
1675525883289688
1675525883292308
1675525883292383
1675525883294805
1675525883296190
1675525883300326
1675525883300404
1675525883300482
1675525883300633
1675525883300711
1675525883300788
1675525883300866
1675525883300944
1675525883301095
1675525883301173
1675525883301251
1675525883301329
1675525883301409
1675525883301633
1675525883301792
1675525883301870
1675525883304271
1675525883304349
1675525883304499
1675525883305661
1675525883308339
1675525883308413
1675525883308488
1675525883308562
1675525883309668
1675525883312288
1675525883312363
1675525883312437
1675525883312581
1675525883314790
1675525883316185
1675525883320326
1675525883320405
1675525883320483
1675525883320633
1675525883320711
1675525883320789
1675525883320867
1675525883320945
1675525883321023
1675525883321173
1675525883321252
1675525883321331
1675525883321410
1675525883321561
1675525883321639
1675525883323179
1675525883323257
1675525883323335
1675525883323487
1675525883323564
1675525883323643
1675525883323720
1675525883323798
1675525883323876
1675525883324028
1675525883324105
1675525883325785
1675525883327167
1675525883327319
1675525883329769
1675525883329913
1675525883329996
1675525883330072
1675525883331183
1675525883333803
1675525883333878
1675525883333953
1675525883336299
1675525883337684
1675525883337760
1675525883337903
1675525883337977
1675525883338077
1675525883340410
1675525883340489
1675525883340638
1675525883340716
1675525883340811
1675525883340892
1675525883340970
1675525883341047
1675525883343157
1675525883343307
1675525883343385
1675525883343462
1675525883345787
1675525883347170
1675525883347322
1675525883347400
1675525883347478
1675525883349787
1675525883349862
1675525883350005
1675525883350087
1675525883351198
1675525883352648
1675525883356504
1675525883359313
1675525883359393
1675525883359471
1675525883359549
1675525883359627
1675525883359706
1675525883359857
1675525883363195
1675525883363273
1675525883363351
1675525883363428
1675525883363506
1675525883363592
1675525883363742
1675525883363821
1675525883363899
1675525883363977
1675525883364054
1675525883367040
1675525883367118
1675525883368415
1675525883368559
1675525883368634
1675525883368708
1675525883369953
1675525883370027
1675525883372514
1675525883372657
1675525883372752
1675525883372828
1675525883376485
1675525883379464
1675525883379542
1675525883379620
1675525883379699
1675525883379777
1675525883379926
1675525883380004
1675525883380083
1675525883380161
1675525883380239
1675525883380389
1675525883380467
1675525883380544
1675525883382084
1675525883382162
1675525883382239
1675525883382318
1675525883382396
1675525883383417
1675525883386033
1675525883387416
1675525883387494
1675525883390008
1675525883390151
1675525883391396
1675525883394017
1675525883394091
1675525883394234
1675525883394309
1675525883395432
1675525883395507
1675525883399535
1675525883399613
1675525883399764
1675525883399841
1675525883399919
1675525883399997
1675525883400076
1675525883400226
1675525883400304
1675525883400382
1675525883400461
1675525883400539
1675525883400688
1675525883400768
1675525883401002
1675525883401082
1675525883401160
1675525883402471
1675525883402550
1675525883402627
1675525883405023
1675525883406407
1675525883409396
1675525883409547
1675525883409625
1675525883409704
1675525883409782
1675525883409860
1675525883410010
1675525883412047
1675525883412134
1675525883412212
1675525883415774
1675525883417157
1675525883417307
1675525883420185
1675525883420260
1675525883420403
1675525883420477
1675525883420552
1675525883420627
1675525883420771
1675525883420845
1675525883420919
1675525883420994
1675525883421137
1675525883422807
1675525883422882
1675525883423026
1675525883423100
1675525883423174
1675525883424213
1675525883426766
1675525883428157
1675525883428235
1675525883428314
1675525883429626
1675525883432315
1675525883432394
1675525883432473
1675525883436034
1675525883437416
1675525883437503
1675525883437655
1675525883437733
1675525883441558
1675525883441633
1675525883441777
1675525883441851
1675525883441925
1675525883441999
1675525883442143
1675525883442217
1675525883442291
1675525883442366
1675525883442509
1675525883442585
1675525883442660
1675525883442812
1675525883442889
1675525883445576
1675525883445651
1675525883445725
1675525883445868
1675525883445942
1675525883446017
1675525883446092
1675525883446235
1675525883446933
1675525883447008
1675525883449534
1675525883449685
1675525883449763
1675525883449841
1675525883449928
1675525883452039
1675525883453421
1675525883453573
1675525883453651
1675525883456047
