1675525579462667
1675525579462794
1675525579462872
1675525579464125
1675525579464202
1675525579464280
1675525579464356
1675525579465620
1675525579465749
1675525579465828
1675525579465905
1675525579465986
1675525579468323
1675525579469689
1675525579469768
1675525579471133
1675525579471189
1675525579471268
1675525579472653
1675525579474179
1675525579475602
1675525579475730
1675525579477152
1675525579478686
1675525579478814
1675525579480120
1675525579481663
1675525579483136
1675525579483265
1675525579483344
1675525579483420
1675525579483498
1675525579486157
1675525579486285
1675525579486364
1675525579486453
1675525579486533
1675525579486611
1675525579486689
1675525579486842
1675525579487626
1675525579489195
1675525579489253
1675525579489330
1675525579490647
1675525579493441
1675525579494842
1675525579494920
1675525579495069
1675525579497686
1675525579499113
1675525579499277
1675525579499356
1675525579499434
1675525579499511
1675525579500669
1675525579502197
1675525579502274
1675525579505217
1675525579505275
1675525579505352
1675525579505430
1675525579505584
1675525579505661
1675525579505744
1675525579505820
1675525579505898
1675525579505983
1675525579507861
1675525579509401
1675525579509480
1675525579509629
1675525579509708
1675525579513396
1675525579514922
1675525579515000
1675525579516366
1675525579516494
1675525579517915
1675525579519431
1675525579519487
1675525579519564
1675525579522073
1675525579523419
1675525579526411
1675525579526539
1675525579526617
1675525579526694
1675525579526773
1675525579526851
1675525579526928
1675525579527081
1675525579527158
1675525579527237
1675525579527314
1675525579527395
1675525579527836
1675525579529436
1675525579529516
