1675525752868274
1675525752869632
1675525752869712
1675525752869790
1675525752874292
1675525752874297
1675525752874300
1675525752874380
1675525752874459
1675525752877895
1675525752877900
1675525752877979
1675525752879283
1675525752879379
1675525752879531
1675525752879609
1675525752886764
1675525752886768
1675525752886772
1675525752886774
1675525752886777
1675525752886780
1675525752886783
1675525752886785
1675525752886788
1675525752886791
1675525752886794
1675525752886873
1675525752886961
1675525752887040
1675525752887118
1675525752888961
1675525752889042
1675525752889120
1675525752889198
1675525752889276
1675525752889365
1675525752893078
1675525752893083
1675525752893086
1675525752895574
1675525752905297
1675525752905304
1675525752905307
1675525752905339
1675525752905342
1675525752905345
1675525752905348
1675525752905350
1675525752905353
1675525752905356
1675525752905359
1675525752905361
1675525752905364
1675525752905441
1675525752908257
1675525752908333
1675525752908408
1675525752908481
1675525752908556
1675525752908642
1675525752908785
1675525752908859
1675525752908933
1675525752909007
1675525752909081
1675525752909232
1675525752914308
1675525752914312
1675525752914315
1675525752914318
1675525752914321
1675525752914324
1675525752914470
1675525752916899
1675525752923945
1675525752923961
1675525752923965
1675525752923967
1675525752923970
1675525752923973
1675525752923976
1675525752924055
1675525752924207
1675525752926517
1675525752926522
1675525752926525
1675525752926528
1675525752926530
1675525752926533
1675525752926536
1675525752926539
1675525752926627
1675525752933789
1675525752933794
1675525752933797
1675525752933800
1675525752933803
1675525752933806
