1675526026231346
1675526026231496
1675526026235254
1675526026235332
1675526026235419
1675526026235497
1675526026235576
1675526026235653
1675526026239992
1675526026240070
1675526026240148
1675526026240226
1675526026240304
1675526026244996
1675526026245074
1675526026245153
1675526026245231
1675526026245381
1675526026245459
1675526026245537
1675526026245623
1675526026245701
1675526026245779
1675526026245928
1675526026246006
1675526026246083
1675526026246234
1675526026247538
1675526026252090
1675526026252240
1675526026252318
1675526026254561
1675526026254639
1675526026254790
1675526026254867
1675526026254945
1675526026261633
1675526026261712
1675526026261790
1675526026261867
1675526026261945
1675526026262096
1675526026262174
1675526026262251
1675526026262328
1675526026262406
1675526026265730
1675526026265879
1675526026265957
1675526026266035
1675526026266113
1675526026266190
1675526026266278
1675526026266429
1675526026266506
1675526026266584
1675526026266662
1675526026266739
1675526026266889
1675526026266966
1675526026267044
1675526026267193
1675526026269512
1675526026269590
1675526026274139
1675526026274290
1675526026274367
1675526026274445
1675526026274531
1675526026275476
1675526026275626
1675526026284004
1675526026284082
1675526026284231
1675526026284310
1675526026284387
1675526026284464
1675526026284542
1675526026284691
1675526026284769
1675526026284847
1675526026284924
1675526026285074
1675526026285151
1675526026285238
1675526026285389
1675526026285467
1675526026285545
1675526026285622
1675526026293864
1675526026293943
1675526026294093
1675526026294171
1675526026294249
1675526026294326
1675526026294404
1675526026294482
1675526026294559
1675526026294709
1675526026295220
1675526026295379
1675526026303973
1675526026304051
1675526026304128
1675526026304207
1675526026304356
1675526026304434
1675526026304512
1675526026304590
1675526026304667
1675526026304745
1675526026304895
1675526026304973
1675526026305051
1675526026305200
1675526026305278
1675526026305364
1675526026305514
1675526026305593
1675526026305670
1675526026305748
1675526026305825
1675526026305904
1675526026306054
1675526026306131
1675526026313933
1675526026314012
1675526026314090
1675526026314239
1675526026314317
1675526026314395
1675526026315265
1675526026315352
1675526026315430
1675526026315508
1675526026323814
1675526026323893
1675526026324043
1675526026324121
1675526026324199
1675526026324276
1675526026324354
1675526026324504
1675526026324582
1675526026324660
1675526026324738
1675526026324888
1675526026324966
1675526026325053
1675526026325203
1675526026327732
1675526026327883
1675526026327960
1675526026328038
1675526026328116
1675526026328193
1675526026328342
1675526026328419
1675526026328497
1675526026328574
1675526026328652
1675526026330256
1675526026336107
1675526026336184
1675526026336274
1675526026336352
1675526026336429
1675526026338598
1675526026344885
1675526026344963
1675526026345113
1675526026345191
1675526026345268
1675526026345346
1675526026345424
1675526026345573
1675526026345650
1675526026345728
1675526026345806
1675526026345957
1675526026346043
1675526026346122
1675526026346199
1675526026352083
1675526026352234
1675526026352312
1675526026352390
1675526026352468
1675526026352545
1675526026352623
1675526026352700
1675526026352849
1675526026352928
1675526026353005
1675526026353083
1675526026354605
1675526026354692
1675526026354770
1675526026354848
1675526026354926
1675526026362937
1675526026363015
1675526026363093
1675526026363171
1675526026363248
1675526026363326
1675526026363404
1675526026363481
1675526026363631
1675526026363709
1675526026366889
1675526026366968
1675526026367058
1675526026367136
1675526026367285
1675526026367363
1675526026367440
1675526026367518
1675526026367595
1675526026370492
1675526026370642
1675526026376710
1675526026376788
1675526026376866
1675526026377016
1675526026377093
1675526026377171
1675526026377248
1675526026377349
1675526026377427
1675526026377504
1675526026381914
1675526026381992
1675526026382069
1675526026382219
1675526026382296
1675526026382374
1675526026382451
1675526026382529
1675526026382607
1675526026382757
1675526026382835
1675526026382913
1675526026383063
1675526026386895
1675526026386973
1675526026387124
1675526026387202
1675526026387280
1675526026387357
1675526026387435
1675526026387584
1675526026387662
1675526026387739
1675526026387817
1675526026387966
1675526026388044
1675526026389348
1675526026395555
1675526026395633
1675526026395734
1675526026395812
1675526026395962
1675526026396039
1675526026396117
1675526026396194
1675526026399081
1675526026399159
1675526026405230
1675526026405308
1675526026405386
1675526026405536
1675526026405613
1675526026405691
1675526026405768
1675526026405846
1675526026405934
1675526026406085
1675526026406163
1675526026406241
1675526026406319
1675526026406468
1675526026407701
1675526026407779
1675526026407928
1675526026408006
1675526026408083
1675526026415017
1675526026415095
1675526026415173
1675526026415322
1675526026415400
1675526026415486
1675526026415564
1675526026415642
1675526026415721
1675526026415798
1675526026417460
1675526026424744
1675526026424821
1675526026424971
1675526026425048
1675526026425199
1675526026425277
1675526026425355
1675526026425433
1675526026425510
1675526026425661
1675526026425748
1675526026425825
1675526026425903
1675526026426053
1675526026426130
1675526026428733
1675526026428811
1675526026428888
1675526026429038
1675526026429116
1675526026429193
1675526026429270
1675526026434546
1675526026434623
1675526026434701
1675526026434779
1675526026434865
1675526026435880
1675526026435958
1675526026436035
1675526026442239
1675526026442317
1675526026442395
1675526026442472
1675526026442550
1675526026442700
1675526026442778
1675526026442856
1675526026442933
1675526026443011
1675526026443088
1675526026443239
1675526026443326
1675526026443475
1675526026443553
1675526026446155
1675526026446232
1675526026446310
1675526026446387
1675526026446466
1675526026446615
1675526026446693
1675526026446771
1675526026446848
1675526026446926
1675526026448590
1675526026454442
1675526026454520
1675526026454607
1675526026454757
1675526026454835
1675526026454913
1675526026454991
1675526026460480
1675526026460558
1675526026460636
1675526026460786
1675526026460864
1675526026460942
1675526026465489
1675526026465567
1675526026465645
1675526026465722
1675526026465800
1675526026465889
1675526026465967
1675526026466117
1675526026466195
1675526026466272
1675526026466349
1675526026466499
1675526026466577
1675526026470124
1675526026470201
1675526026470279
1675526026470357
1675526026470436
1675526026470585
1675526026470663
1675526026473696
1675526026473782
1675526026473860
1675526026475020
1675526026475099
1675526026475176
1675526026475254
1675526026475331
1675526026483522
1675526026483601
1675526026483751
1675526026483828
1675526026483906
1675526026483984
1675526026484062
1675526026484211
1675526026484289
1675526026484375
1675526026484452
1675526026484603
1675526026484897
1675526026484975
1675526026485053
1675526026485131
1675526026485280
1675526026488603
1675526026488681
1675526026492151
1675526026492230
1675526026494616
1675526026494694
1675526026494772
1675526026494849
1675526026494938
1675526026502018
1675526026502168
1675526026502246
1675526026502323
1675526026502401
1675526026502479
1675526026502629
1675526026502707
1675526026502786
1675526026502864
1675526026502941
1675526026503092
1675526026503170
1675526026503320
1675526026503398
1675526026504937
1675526026505015
1675526026505093
1675526026505170
1675526026505248
1675526026505398
1675526026505474
1675526026505553
1675526026505630
1675526026505708
1675526026505786
1675526026505936
1675526026506014
1675526026507533
1675526026512314
1675526026512392
1675526026512482
1675526026514723
1675526026514801
1675526026514951
1675526026515028
1675526026515106
1675526026523108
1675526026523186
1675526026523264
1675526026523414
1675526026523491
1675526026523568
1675526026523646
1675526026523724
1675526026523875
1675526026523953
1675526026524039
1675526026525486
1675526026525564
1675526026525641
1675526026525719
1675526026525869
1675526026532794
1675526026532873
1675526026532950
1675526026533028
1675526026533105
1675526026533183
1675526026533261
1675526026533339
1675526026535220
1675526026535298
1675526026535404
1675526026535483
1675526026535561
1675526026543656
1675526026543734
1675526026543812
1675526026543962
1675526026544040
1675526026544117
1675526026544195
1675526026544273
1675526026544350
1675526026544500
1675526026544578
1675526026544655
1675526026544733
1675526026544891
1675526026544968
1675526026549731
1675526026549810
1675526026549960
1675526026550038
1675526026550116
1675526026550193
1675526026550271
1675526026550349
1675526026550427
1675526026550576
1675526026550655
1675526026553253
1675526026553331
1675526026553409
1675526026555876
1675526026555954
1675526026556032
1675526026556110
1675526026556260
1675526026556338
1675526026564458
1675526026564536
1675526026564614
1675526026564764
1675526026564842
1675526026564920
1675526026564997
1675526026565075
1675526026565226
1675526026565304
1675526026565392
1675526026565470
1675526026565548
1675526026565698
1675526026565776
1675526026565853
1675526026566003
1675526026566080
1675526026566158
1675526026566236
1675526026566314
1675526026569568
1675526026569646
1675526026575628
1675526026575706
1675526026575785
1675526026575872
1675526026575950
1675526026576100
1675526026576178
1675526026576255
1675526026579146
1675526026579223
1675526026584156
1675526026584307
1675526026584385
1675526026584463
1675526026584540
1675526026584617
1675526026584767
1675526026584844
1675526026584922
1675526026585009
1675526026585087
1675526026585237
1675526026585315
1675526026585393
1675526026585470
1675526026588866
1675526026588944
1675526026589093
1675526026589171
1675526026589249
1675526026589326
1675526026591352
1675526026591431
1675526026601287
1675526026601440
1675526026601533
1675526026601611
1675526026601689
1675526026601767
1675526026601845
1675526026601994
1675526026602072
1675526026602150
1675526026602228
1675526026602378
1675526026602455
1675526026602533
1675526026602611
1675526026602760
1675526026602838
1675526026605369
1675526026605456
1675526026605534
1675526026605684
1675526026605762
1675526026605839
1675526026605917
1675526026605995
1675526026606144
1675526026607882
1675526026613810
1675526026613888
1675526026613966
1675526026614044
1675526026614121
1675526026619901
1675526026619980
1675526026620140
1675526026620219
1675526026620297
1675526026620375
1675526026620452
1675526026620602
1675526026620680
1675526026620757
1675526026623861
1675526026624011
1675526026624088
1675526026624165
1675526026624243
1675526026624320
1675526026624471
1675526026624549
1675526026624635
1675526026624713
1675526026624791
1675526026624941
1675526026625018
1675526026625096
1675526026625245
1675526026627916
1675526026627994
1675526026628072
1675526026628149
1675526026628226
1675526026628377
1675526026628454
1675526026628531
1675526026630415
1675526026637788
1675526026637866
1675526026637943
1675526026638021
1675526026638098
1675526026638248
1675526026638326
1675526026638403
1675526026644036
1675526026644114
1675526026644191
1675526026644269
1675526026644347
1675526026644498
1675526026644576
1675526026644655
1675526026644741
1675526026644819
1675526026644969
1675526026645047
1675526026647718
1675526026647797
1675526026647875
1675526026647952
1675526026648102
1675526026648180
1675526026648257
1675526026648335
1675526026654904
1675526026654982
1675526026655134
1675526026655212
1675526026655299
1675526026655376
1675526026655454
1675526026655532
1675526026655609
1675526026657346
1675526026664672
1675526026664750
1675526026664828
1675526026664906
1675526026664983
1675526026665061
1675526026665211
1675526026665288
1675526026665366
1675526026665443
1675526026665532
1675526026665682
1675526026665759
1675526026665838
1675526026665988
1675526026666138
1675526026666216
1675526026666294
1675526026666372
1675526026666449
1675526026670935
1675526026671013
1675526026671091
1675526026674489
1675526026674567
1675526026674645
1675526026674742
1675526026674820
1675526026679228
1675526026679306
1675526026679457
1675526026679535
1675526026679614
1675526026684376
1675526026684454
1675526026684531
1675526026684609
1675526026684758
1675526026684836
1675526026684914
1675526026684992
1675526026685070
1675526026685166
1675526026685244
1675526026685393
1675526026685471
1675526026685548
1675526026685698
1675526026686856
1675526026686934
1675526026687012
1675526026687090
1675526026690485
1675526026690564
1675526026695470
1675526026695549
1675526026695627
1675526026695705
1675526026695793
1675526026695871
1675526026696022
1675526026701869
1675526026701947
1675526026702025
1675526026702103
1675526026702251
1675526026702330
1675526026702408
1675526026702486
1675526026702563
1675526026702713
1675526026702791
1675526026702869
1675526026709007
1675526026709093
1675526026709243
1675526026709322
1675526026709400
1675526026709557
1675526026709636
1675526026709713
1675526026709791
1675526026709868
1675526026709946
1675526026710095
1675526026710173
1675526026710251
1675526026711484
1675526026715238
1675526026715316
1675526026715402
1675526026715480
1675526026715558
1675526026715635
1675526026715714
1675526026721126
1675526026721276
1675526026721354
1675526026721431
1675526026721509
1675526026721587
1675526026721736
1675526026721813
1675526026724851
1675526026724928
1675526026725006
1675526026725092
1675526026725243
1675526026725321
1675526026725399
1675526026725476
1675526026725553
1675526026725703
1675526026729823
1675526026729902
1675526026735531
1675526026735609
1675526026735759
1675526026735837
1675526026735915
1675526026739021
1675526026739170
1675526026739259
1675526026739338
1675526026743021
1675526026743099
1675526026743177
1675526026743255
1675526026743333
1675526026743482
1675526026743560
1675526026743637
1675526026743714
1675526026743792
1675526026743942
1675526026744020
1675526026744097
1675526026744175
1675526026744334
1675526026747006
1675526026747084
1675526026747161
1675526026747239
1675526026747316
1675526026747467
1675526026747544
1675526026747622
1675526026747700
1675526026747777
1675526026747927
1675526026748004
1675526026749458
1675526026754222
1675526026754299
1675526026754385
1675526026754463
1675526026754541
1675526026754691
1675526026754769
1675526026760339
1675526026760418
1675526026760496
1675526026760573
1675526026760723
1675526026760801
1675526026767441
1675526026767592
1675526026767670
1675526026767748
1675526026767825
1675526026767913
1675526026767991
1675526026768141
1675526026768219
1675526026768296
1675526026768373
1675526026768451
1675526026768601
1675526026768679
1675526026769990
1675526026770068
1675526026774761
1675526026774838
1675526026774915
1675526026774994
1675526026775072
1675526026775160
1675526026775310
1675526026775388
1675526026780800
1675526026780878
1675526026781028
1675526026781105
1675526026781183
1675526026781261
1675526026784727
1675526026784804
1675526026784882
1675526026784959
1675526026785109
1675526026785187
1675526026785264
1675526026785349
1675526026785427
1675526026785505
1675526026785583
1675526026785733
1675526026785811
1675526026785888
1675526026785966
1675526026787195
1675526026791820
1675526026791971
1675526026792048
1675526026800127
1675526026800278
1675526026800358
1675526026800436
1675526026800528
1675526026800606
1675526026800684
1675526026800834
1675526026800912
1675526026800990
1675526026801068
1675526026804104
1675526026804182
1675526026804332
1675526026804410
1675526026804488
1675526026804566
1675526026804643
1675526026804794
1675526026804872
1675526026804958
1675526026805035
1675526026805113
1675526026805191
1675526026805341
1675526026805562
1675526026805640
1675526026805791
1675526026805868
1675526026805946
1675526026808113
1675526026814323
1675526026814400
1675526026814478
1675526026814555
1675526026814633
1675526026814734
1675526026814812
1675526026814889
1675526026816700
1675526026824026
1675526026824106
1675526026824184
1675526026824262
1675526026824412
1675526026824490
1675526026824567
1675526026824645
1675526026824722
1675526026824873
1675526026824951
1675526026825028
1675526026825116
1675526026825267
1675526026825344
1675526026825494
1675526026825572
1675526026825721
1675526026825799
1675526026825877
1675526026825955
1675526026826033
1675526026826110
1675526026831376
1675526026831454
1675526026831532
1675526026831609
1675526026836451
1675526026836555
1675526026836633
1675526026836711
1675526026836789
1675526026836866
1675526026836944
1675526026841278
1675526026841356
1675526026841434
1675526026841511
1675526026841661
1675526026841739
1675526026841817
1675526026841895
1675526026841972
1675526026846084
1675526026846174
1675526026846252
1675526026846402
1675526026846480
1675526026846557
1675526026846634
1675526026846712
1675526026846862
1675526026846939
1675526026848605
1675526026854520
1675526026854599
1675526026854678
1675526026854827
1675526026854905
1675526026854983
1675526026855072
1675526026855150
1675526026860635
