1675525750798916
1675525750798990
1675525750799131
1675525750802980
1675525750803054
1675525750803139
1675525750803213
1675525750803356
1675525750803431
1675525750803505
1675525750803579
1675525750804065
1675525750805102
1675525750806205
1675525750807309
1675525750808346
1675525750809362
1675525750810454
1675525750811473
1675525750812562
1675525750813580
1675525750813677
1675525750813756
1675525750814917
1675525750817956
1675525750818034
1675525750818184
1675525750818977
1675525750819120
1675525750819195
1675525750819269
1675525750819343
1675525750820035
1675525750820178
1675525750820252
1675525750820326
1675525750821226
1675525750821311
1675525750821385
1675525750823997
1675525750824141
1675525750824214
1675525750824289
1675525750824363
1675525750824506
1675525750824580
1675525750824655
1675525750824728
1675525750824802
1675525750824944
1675525750825019
1675525750825095
1675525750826267
1675525750827382
1675525750829969
1675525750831006
1675525750832041
1675525750833146
1675525750833221
1675525750833295
1675525750834194
1675525750834268
1675525750835234
1675525750839430
1675525750839507
1675525750839650
1675525750839725
1675525750839798
1675525750839872
1675525750839964
1675525750840039
1675525750840527
1675525750841631
1675525750841773
1675525750841848
1675525750842677
1675525750842821
1675525750843789
1675525750843863
1675525750844830
1675525750845865
1675525750846900
1675525750847934
1675525750850449
1675525750851469
1675525750852498
1675525750855395
1675525750855473
1675525750855551
1675525750855701
1675525750855777
1675525750856580
1675525750857599
1675525750857677
1675525750858622
1675525750858774
1675525750858848
1675525750858923
1675525750859686
