1675525912589164
1675525912589237
1675525912589381
1675525912590140
1675525912590214
1675525912593003
1675525912593081
1675525912593158
1675525912593237
1675525912593314
1675525912593392
1675525912593542
1675525912593629
1675525912594068
1675525912595085
1675525912596246
1675525912597335
1675525912598351
1675525912599440
1675525912599517
1675525912600823
1675525912601912
1675525912601992
1675525912605766
1675525912605909
1675525912605983
1675525912606880
1675525912606955
1675525912607929
1675525912608004
1675525912608078
1675525912608222
1675525912608295
1675525912609056
1675525912609130
1675525912609271
1675525912609346
1675525912610107
1675525912612931
1675525912613008
1675525912613087
1675525912613165
1675525912613315
1675525912614042
1675525912615141
1675525912616230
1675525912617319
1675525912618408
1675525912619494
1675525912619644
1675525912619721
1675525912621888
1675525912622038
1675525912622112
1675525912623009
1675525912626852
1675525912626996
1675525912628030
1675525912628104
1675525912628178
1675525912628330
1675525912628405
1675525912629096
1675525912629170
1675525912629312
1675525912629386
1675525912630147
1675525912630221
1675525912630363
1675525912631259
1675525912632706
1675525912632784
1675525912632935
1675525912633808
1675525912634824
1675525912635913
1675525912638739
1675525912639755
1675525912639832
1675525912639982
1675525912640856
1675525912642026
1675525912643042
1675525912644132
1675525912645219
1675525912646235
1675525912649052
1675525912649129
1675525912649207
1675525912649357
1675525912649435
1675525912649512
1675525912649609
1675525912649687
1675525912650198
1675525912650276
1675525912650426
1675525912650503
1675525912650581
