1675525564698766
1675525564698840
1675525564698913
1675525564699056
1675525564701601
1675525564701676
1675525564701819
1675525564701902
1675525564709849
1675525564709928
1675525564710079
1675525564710156
1675525564710234
1675525564710312
1675525564710390
1675525564710539
1675525564710618
1675525564710696
1675525564710773
1675525564710851
1675525564711001
1675525564711079
1675525564712313
1675525564712399
1675525564712477
1675525564712555
1675525564712632
1675525564720116
1675525564720191
1675525564720334
1675525564720408
1675525564720483
1675525564720557
1675525564720631
1675525564720774
1675525564727105
1675525564727256
1675525564727334
1675525564727412
1675525564727512
1675525564727590
1675525564727668
1675525564727746
1675525564731073
1675525564731151
1675525564731229
1675525564731306
1675525564731457
1675525564731534
1675525564731612
1675525564731689
1675525564731767
1675525564731917
1675525564731995
1675525564732072
1675525564732158
1675525564732236
1675525564732387
1675525564735782
1675525564735860
1675525564735938
1675525564736088
1675525564736166
1675525564736244
1675525564736322
1675525564736400
1675525564736550
1675525564736628
1675525564740281
1675525564740356
1675525564740430
1675525564750858
1675525564751009
1675525564751087
1675525564751165
1675525564751242
1675525564751321
1675525564751399
1675525564751549
1675525564751627
1675525564751705
1675525564751782
1675525564751933
1675525564752010
1675525564752088
1675525564753321
1675525564753399
1675525564753485
1675525564753563
1675525564753641
1675525564753719
1675525564753869
1675525564762562
1675525564762637
1675525564762711
1675525564762785
1675525564762928
1675525564763003
1675525564763077
1675525564763151
1675525564763225
1675525564763369
1675525564763443
1675525564763526
1675525564763600
1675525564764909
1675525564769872
1675525564770015
1675525564770089
1675525564770164
1675525564770238
1675525564770381
1675525564770455
1675525564770530
1675525564770604
1675525564770748
1675525564770822
1675525564770896
1675525564771039
1675525564771122
1675525564771196
1675525564779200
1675525564779351
1675525564779428
1675525564779506
1675525564779584
1675525564779662
1675525564779812
1675525564779890
1675525564779968
1675525564780046
1675525564780123
1675525564780274
1675525564780352
1675525564781655
1675525564788921
1675525564789065
1675525564789139
1675525564789213
1675525564789287
1675525564789430
1675525564789504
1675525564789579
1675525564789654
1675525564789797
1675525564789871
1675525564789945
1675525564790089
1675525564790163
1675525564790236
1675525564792644
1675525564792727
1675525564792801
1675525564792944
1675525564793018
1675525564793093
1675525564793167
1675525564793309
1675525564802949
1675525564803101
1675525564803179
1675525564803257
1675525564803335
1675525564803413
1675525564803491
1675525564803641
1675525564803720
1675525564804385
1675525564809597
1675525564809672
1675525564809746
1675525564809821
1675525564809964
1675525564810038
1675525564810113
1675525564810187
1675525564810262
1675525564810405
1675525564810479
1675525564810553
1675525564810696
1675525564810770
1675525564810845
1675525564820003
1675525564820155
1675525564820233
1675525564820312
1675525564820389
1675525564820467
1675525564820617
1675525564820695
1675525564820773
1675525564820851
1675525564820929
1675525564821079
1675525564821157
1675525564821380
1675525564821458
1675525564829764
1675525564829848
1675525564829923
1675525564829997
1675525564830141
1675525564830215
1675525564830290
1675525564830364
1675525564830507
1675525564830581
1675525564830656
1675525564830730
1675525564830873
1675525564830947
1675525564833218
1675525564833362
1675525564833436
1675525564833518
1675525564833593
1675525564833667
1675525564842468
1675525564842546
1675525564842625
1675525564842774
1675525564842853
1675525564842931
1675525564843009
1675525564843087
1675525564843237
1675525564843315
1675525564843393
1675525564843471
1675525564843837
1675525564843925
1675525564849019
1675525564849093
1675525564849237
1675525564849311
1675525564849386
1675525564849460
1675525564849603
1675525564849677
1675525564849751
1675525564849826
1675525564849969
1675525564850043
1675525564850117
1675525564850259
1675525564850334
1675525564858260
1675525564858339
1675525564858417
1675525564858495
1675525564858573
1675525564858723
1675525564858801
1675525564858879
1675525564858958
1675525564859035
1675525564859186
1675525564859263
1675525564859341
1675525564859419
1675525564860652
1675525564860729
1675525564868814
1675525564868958
1675525564869033
1675525564869107
1675525564869251
1675525564869325
1675525564869399
1675525564869473
1675525564869617
1675525564869691
1675525564869765
1675525564869839
1675525564869983
1675525564870057
1675525564870200
1675525564878049
1675525564878146
1675525564878225
1675525564878375
1675525564878453
1675525564878531
1675525564878609
1675525564878687
1675525564878765
1675525564878915
1675525564878994
1675525564879071
1675525564879150
1675525564879300
1675525564880535
1675525564880613
1675525564880763
1675525564880850
1675525564888783
1675525564888926
1675525564889001
1675525564889075
1675525564889149
1675525564889224
1675525564889298
1675525564889441
1675525564889515
1675525564889589
1675525564889664
1675525564889807
1675525564889881
1675525564889955
1675525564890098
1675525564892376
1675525564892450
1675525564892524
1675525564892598
1675525564892672
1675525564892815
1675525564892889
1675525564892963
1675525564893037
1675525564893111
1675525564902593
1675525564902671
1675525564902749
1675525564902827
1675525564902977
1675525564903055
1675525564903141
1675525564903220
1675525564903297
1675525564903809
1675525564903959
1675525564910085
1675525564910159
1675525564910234
1675525564910308
1675525564910451
1675525564910525
1675525564910600
1675525564910674
1675525564910818
1675525564910892
1675525564910967
1675525564911051
1675525564911194
1675525564911269
1675525564911343
1675525564912515
1675525564912658
1675525564912733
1675525564912807
1675525564912950
1675525564920503
1675525564920654
1675525564920732
1675525564920809
1675525564920887
1675525564920964
1675525564922919
1675525564923006
1675525564923084
1675525564923162
1675525564930015
1675525564930091
1675525564930234
1675525564930308
1675525564930382
1675525564930456
1675525564930599
1675525564930674
1675525564930748
1675525564930822
1675525564930965
1675525564931039
1675525564931113
1675525564931196
1675525564931339
1675525564941718
1675525564941797
1675525564941875
1675525564941953
1675525564942030
1675525564942181
1675525564942259
1675525564942336
1675525564942414
1675525564942491
1675525564942641
1675525564942719
1675525564942797
1675525564942947
1675525564943034
1675525564943112
1675525564943189
1675525564951481
1675525564951560
1675525564951710
1675525564951788
1675525564951866
1675525564951944
1675525564952022
1675525564952172
1675525564952250
1675525564952328
1675525564952406
1675525564952556
1675525564952634
1675525564952720
1675525564953955
1675525564954032
1675525564954110
1675525564954188
1675525564954338
1675525564962978
1675525564963122
1675525564963196
1675525564963270
1675525564963345
1675525564963488
1675525564963562
1675525564963636
1675525564963710
1675525564963853
1675525564965447
1675525564970502
1675525564970580
1675525564970658
1675525564970809
1675525564970887
1675525564970964
1675525564971042
1675525564971121
1675525564971271
1675525564971349
1675525564971427
1675525564971504
1675525564971654
1675525564971732
1675525564971809
1675525564982304
1675525564982378
1675525564982452
1675525564982595
1675525564982669
1675525564982743
1675525564982818
1675525564982960
1675525564983035
1675525564983109
1675525564983184
1675525564983326
1675525564983400
1675525564983543
1675525564983687
1675525564983761
1675525564983844
1675525564983919
1675525564983993
1675525564984136
1675525564984211
1675525564990928
1675525564991080
1675525564991158
1675525564991235
1675525564991313
1675525564991391
1675525564991470
1675525564991620
1675525564991698
1675525564991776
1675525564991854
1675525564991940
1675525564992091
1675525564992168
1675525564994486
1675525564994564
1675525564994641
1675525564994720
1675525564994870
1675525565002729
1675525565002803
1675525565002946
1675525565003021
1675525565003095
1675525565003169
1675525565003313
1675525565003387
1675525565003483
1675525565003557
1675525565003631
1675525565006243
1675525565006319
1675525565006393
1675525565011295
1675525565011373
1675525565011451
1675525565011529
1675525565011607
1675525565011758
1675525565011835
1675525565011914
1675525565011992
1675525565012069
1675525565012155
1675525565012306
1675525565012384
1675525565012462
1675525565013697
1675525565013775
1675525565013853
1675525565013931
1675525565023009
1675525565023084
1675525565023158
1675525565023301
1675525565023376
1675525565023450
1675525565023524
1675525565023669
1675525565023751
1675525565023826
1675525565025410
1675525565029273
1675525565029423
1675525565029501
1675525565029579
1675525565029657
1675525565029735
1675525565029886
1675525565029964
1675525565030042
1675525565030119
1675525565030197
1675525565030347
1675525565030425
1675525565030512
1675525565030590
1675525565038664
1675525565038738
1675525565038812
1675525565038956
1675525565039030
1675525565039105
1675525565039179
1675525565039322
1675525565039396
1675525565039471
1675525565039545
1675525565041060
1675525565041134
1675525565049335
1675525565049424
1675525565049503
1675525565049581
1675525565049659
1675525565049809
1675525565049887
1675525565049965
1675525565050043
1675525565050121
1675525565050199
1675525565050349
1675525565050427
1675525565050577
1675525565050655
1675525565052973
1675525565053123
1675525565053209
1675525565053288
1675525565053365
1675525565053443
1675525565053521
1675525565053671
1675525565053749
1675525565062295
1675525565062373
1675525565062451
1675525565062529
1675525565062607
1675525565062685
1675525565062836
1675525565062913
1675525565062991
1675525565063078
1675525565063156
1675525565067141
1675525565067216
1675525565067290
1675525565067365
1675525565067508
1675525565067582
1675525565074247
1675525565074321
1675525565074464
1675525565074539
1675525565074613
1675525565074687
1675525565074830
1675525565074904
1675525565074987
1675525565075062
1675525565075205
1675525565075280
1675525565075354
1675525565075497
1675525565077750
1675525565077829
1675525565087064
1675525565087139
1675525565087213
1675525565087287
1675525565087430
1675525565087505
1675525565087579
1675525565087654
1675525565087805
1675525565087879
1675525565087954
1675525565088028
1675525565088171
1675525565088315
1675525565088389
1675525565090933
1675525565091008
1675525565091151
1675525565091225
1675525565091300
1675525565091374
1675525565091518
1675525565091592
1675525565091666
1675525565091747
1675525565091891
1675525565091965
1675525565092039
1675525565092182
1675525565092256
1675525565101292
1675525565101443
1675525565101522
1675525565101599
1675525565101677
1675525565101756
1675525565101833
1675525565101911
1675525565101989
1675525565102139
1675525565102226
1675525565102305
1675525565103755
1675525565109890
1675525565109964
1675525565110107
1675525565110182
1675525565110256
1675525565110330
1675525565110473
1675525565110547
1675525565110622
1675525565110696
1675525565110839
1675525565110913
1675525565110987
1675525565111070
1675525565111213
1675525565119142
1675525565119286
1675525565119360
1675525565119434
1675525565119508
1675525565119651
1675525565119726
1675525565119800
1675525565119875
1675525565120018
1675525565120092
1675525565122772
1675525565122846
1675525565122920
1675525565123003
1675525565123078
1675525565123221
1675525565132361
1675525565132436
1675525565132510
1675525565132654
1675525565132728
1675525565132802
1675525565132877
1675525565133021
1675525565133095
1675525565133169
1675525565133243
1675525565133385
1675525565133460
1675525565133542
1675525565134784
1675525565134858
1675525565135002
1675525565135076
1675525565135150
1675525565135225
1675525565135368
1675525565135441
1675525565135515
1675525565135589
1675525565142666
1675525565142745
1675525565142823
1675525565142901
1675525565143051
1675525565143150
1675525565143228
1675525565143306
1675525565143384
1675525565147565
1675525565147644
1675525565147723
1675525565147800
1675525565147879
1675525565147956
1675525565153587
1675525565153665
1675525565153742
1675525565153820
1675525565153898
1675525565154049
1675525565154135
1675525565154213
1675525565154291
1675525565154368
1675525565154446
1675525565154596
1675525565154674
1675525565154751
1675525565154829
1675525565159261
1675525565159336
1675525565159479
1675525565159553
1675525565162715
1675525565162859
1675525565162933
1675525565163016
1675525565163091
1675525565169916
1675525565169995
1675525565170073
1675525565170224
1675525565170302
1675525565170380
1675525565170458
1675525565170536
1675525565170614
1675525565170764
1675525565170843
1675525565170921
1675525565171071
1675525565171149
1675525565171235
1675525565172468
1675525565172546
1675525565172623
1675525565172701
1675525565172779
1675525565172930
1675525565173007
1675525565173085
1675525565182967
1675525565183041
1675525565183115
1675525565183258
1675525565183332
1675525565183407
1675525565183481
1675525565183576
1675525565183719
1675525565183794
1675525565183868
1675525565187899
1675525565187978
1675525565188129
1675525565188207
1675525565188284
1675525565188362
1675525565195081
1675525565195159
1675525565195238
1675525565195315
1675525565195393
1675525565195543
1675525565195630
1675525565195708
1675525565195786
1675525565195863
1675525565195941
1675525565196092
1675525565199773
1675525565199847
1675525565199921
1675525565199996
1675525565200139
1675525565203232
1675525565203306
1675525565203449
1675525565203523
1675525565209411
1675525565209498
1675525565209576
1675525565209654
1675525565209732
1675525565209810
1675525565209961
1675525565210039
1675525565210117
1675525565210195
1675525565210345
1675525565210423
1675525565210501
1675525565210579
1675525565210729
1675525565217626
1675525565217770
1675525565217852
1675525565217927
1675525565218001
1675525565218075
1675525565218218
1675525565218292
1675525565218367
1675525565218441
1675525565218584
1675525565218658
1675525565218733
1675525565218876
1675525565221145
1675525565221219
1675525565221293
1675525565221368
1675525565229343
1675525565229494
1675525565229572
1675525565229650
1675525565229728
1675525565229806
1675525565229955
1675525565230033
1675525565230111
1675525565230189
1675525565230340
1675525565230418
1675525565230495
1675525565230573
1675525565230724
1675525565238716
1675525565238800
1675525565238875
1675525565238949
1675525565239092
1675525565239166
1675525565239241
1675525565239314
1675525565239458
1675525565239532
1675525565239606
1675525565239680
1675525565241197
1675525565241271
1675525565241346
1675525565241420
1675525565241563
1675525565249484
1675525565249563
1675525565249713
1675525565249791
1675525565249869
1675525565249947
1675525565250025
1675525565250102
1675525565250253
1675525565250331
1675525565250409
1675525565250488
1675525565250637
1675525565250715
1675525565250792
1675525565258782
1675525565258866
1675525565258940
1675525565259014
1675525565259157
1675525565259232
1675525565259306
1675525565259380
1675525565259523
1675525565259598
1675525565259672
1675525565259815
1675525565261194
1675525565261268
1675525565261343
1675525565268397
1675525565268475
1675525565268561
1675525565268639
1675525565268717
1675525565268867
1675525565268946
1675525565269023
1675525565269101
1675525565269179
1675525565269329
1675525565269407
1675525565269485
1675525565269563
1675525565269713
1675525565273402
1675525565273480
1675525565273557
1675525565273643
1675525565273721
1675525565273871
1675525565273949
1675525565274027
1675525565274105
1675525565274182
1675525565274333
1675525565278991
1675525565279135
1675525565279209
1675525565279283
1675525565283544
1675525565283618
1675525565283693
1675525565283836
1675525565283875
1675525565289582
1675525565289660
1675525565289811
1675525565289890
1675525565289968
1675525565290046
1675525565290124
1675525565290275
1675525565290353
1675525565290430
1675525565290508
1675525565290587
1675525565290737
1675525565290815
1675525565290893
1675525565294375
1675525565294454
1675525565294532
1675525565294610
1675525565294760
1675525565294838
1675525565294916
1675525565303389
1675525565303532
1675525565303606
1675525565303680
1675525565303754
1675525565303897
1675525565303971
1675525565304046
1675525565304120
1675525565304204
1675525565305789
1675525565311942
1675525565312020
1675525565312099
1675525565312249
1675525565312327
1675525565312404
1675525565312482
1675525565312560
1675525565312638
1675525565312715
1675525565312793
1675525565312943
1675525565313021
1675525565313099
1675525565313186
1675525565314419
1675525565314497
1675525565314575
1675525565322584
1675525565322658
1675525565322802
1675525565322876
1675525565322950
1675525565323024
1675525565323168
1675525565323242
1675525565323316
1675525565323390
1675525565323533
1675525565326284
