1675526563521672
1675526563521749
1675526563522826
1675526563525504
1675526563525579
1675526563525653
1675526563526893
1675526563529434
1675526563530876
1675526563532457
1675526563532539
1675526563532693
1675526563532772
1675526563532850
1675526563532928
1675526563536468
1675526563536546
1675526563536695
1675526563536773
1675526563536851
1675526563536928
1675526563537943
1675526563538020
1675526563538097
1675526563540483
1675526563540561
1675526563540648
1675526563541880
1675526563541957
1675526563542035
1675526563542113
1675526563542263
1675526563543386
1675526563545998
1675526563547374
1675526563549986
1675526563550060
1675526563552909
1675526563552987
1675526563553065
1675526563553143
1675526563553221
1675526563553308
1675526563553458
1675526563553536
1675526563553613
1675526563554340
1675526563554491
1675526563558535
1675526563558613
1675526563558690
1675526563558768
1675526563558845
1675526563558995
1675526563559073
1675526563559150
1675526563559228
1675526563559305
1675526563559401
1675526563559551
1675526563559629
1675526563559851
1675526563559928
1675526563560079
1675526563560157
1675526563560234
1675526563561322
1675526563561472
1675526563561550
1675526563561627
1675526563561705
1675526563563953
1675526563566493
1675526563567871
1675526563570488
1675526563570563
1675526563570637
1675526563571877
1675526563571951
1675526563572093
1675526563572168
1675526563572242
1675526563573338
1675526563576011
1675526563576088
1675526563576167
1675526563576245
1675526563576395
1675526563577409
1675526563577487
1675526563577574
1675526563577651
1675526563577729
1675526563579971
1675526563581347
1675526563581497
1675526563581575
1675526563581652
1675526563582872
