1675526286771127
1675526286771204
1675526286771354
1675526286771431
1675526286771509
1675526286771587
1675526286772241
1675526286772391
1675526286772469
1675526286774826
1675526286774968
1675526286775042
1675526286779496
1675526286779578
1675526286779721
1675526286783492
1675526286783566
1675526286783640
1675526286783714
1675526286783857
1675526286783931
1675526286784004
1675526286784078
1675526286784245
1675526286784325
1675526286784403
1675526286784481
1675526286784559
1675526286790689
1675526286790788
1675526286790867
1675526286790944
1675526286791022
1675526286791172
1675526286791250
1675526286791327
1675526286791405
1675526286791482
1675526286791632
1675526286791710
1675526286791787
1675526286791865
1675526286792014
1675526286792092
1675526286792169
1675526286792328
1675526286793488
1675526286793638
1675526286797168
1675526286797311
1675526286800671
1675526286800746
1675526286800820
1675526286800962
1675526286804603
1675526286804754
1675526286804832
1675526286804909
1675526286804987
1675526286805065
1675526286805143
1675526286805230
1675526286805308
1675526286805457
1675526286805535
1675526286807054
1675526286813113
1675526286813190
1675526286813268
1675526286813345
1675526286813422
1675526286813572
1675526286813650
1675526286813728
1675526286813805
1675526286813882
1675526286815621
1675526286820292
1675526286820435
1675526286820509
1675526286820583
1675526286820657
1675526286820799
1675526286820873
1675526286824096
1675526286824170
1675526286824241
1675526286824320
1675526286824472
1675526286824550
1675526286824627
1675526286824706
1675526286827524
1675526286827611
1675526286827689
1675526286827767
1675526286827917
1675526286831018
1675526286831097
1675526286831246
1675526286831324
1675526286831401
1675526286833494
1675526286833572
1675526286833649
1675526286833727
1675526286835950
1675526286840607
1675526286840680
1675526286840762
1675526286840837
1675526286840911
1675526286841054
1675526286841128
1675526286846911
1675526286847062
1675526286847140
1675526286847217
1675526286847294
1675526286847372
1675526286847521
1675526286847599
1675526286847677
1675526286847754
1675526286847832
1675526286847991
1675526286848069
1675526286848147
1675526286850384
1675526286850462
1675526286850539
1675526286850689
1675526286850766
1675526286850844
1675526286850922
1675526286852873
1675526286852951
1675526286853028
1675526286853106
1675526286855243
1675526286859696
1675526286859781
1675526286859856
1675526286859998
1675526286860072
1675526286862063
1675526286862206
1675526286862280
1675526286862354
1675526286862427
1675526286867166
1675526286867309
1675526286867383
1675526286867457
1675526286867531
1675526286867673
1675526286867747
1675526286867830
1675526286867905
1675526286867979
1675526286868121
1675526286868195
1675526286868269
1675526286873203
1675526286873277
1675526286873420
1675526286873494
1675526286873567
1675526286873641
1675526286873784
1675526286873857
1675526286873931
1675526286874005
1675526286875685
1675526286882822
1675526286882901
1675526286882978
1675526286883056
1675526286883206
1675526286883284
1675526286883362
1675526286883439
1675526286883516
1675526286883593
1675526286888841
1675526286888984
1675526286889057
1675526286889131
1675526286889205
1675526286889357
1675526286889432
1675526286889506
1675526286889580
1675526286890270
1675526286890345
1675526286893908
1675526286893983
1675526286894125
1675526286894236
1675526286894316
1675526286896341
1675526286902546
1675526286902623
1675526286902701
1675526286902850
1675526286902937
1675526286903015
1675526286903093
1675526286903170
1675526286903247
1675526286903397
1675526286903475
1675526286903552
1675526286907566
1675526286907640
1675526286907783
1675526286907857
1675526286907931
1675526286908005
1675526286908147
1675526286908222
1675526286908305
1675526286908379
1675526286908522
1675526286908596
1675526286908739
1675526286908813
1675526286908887
1675526286913613
1675526286913756
1675526286913830
1675526286913903
1675526286913977
1675526286914120
1675526286914240
1675526286914245
1675526286914397
1675526286914483
1675526286916076
1675526286923284
1675526286923434
1675526286923512
1675526286923590
1675526286923667
1675526286923745
1675526286923894
1675526286923972
1675526286924049
1675526286924127
1675526286924207
1675526286924624
1675526286924698
1675526286924842
1675526286924936
1675526286925011
1675526286931929
1675526286932073
1675526286932148
1675526286932222
1675526286932296
1675526286932438
1675526286932512
1675526286932585
1675526286932659
1675526286932802
1675526286933221
1675526286933365
1675526286937979
1675526286938130
1675526286938224
1675526286938302
1675526286940467
1675526286940545
1675526286940695
1675526286940772
1675526286945540
1675526286945684
1675526286945758
1675526286945832
1675526286945906
1675526286946049
1675526286946123
1675526286946197
1675526286946270
1675526286946413
1675526286946499
1675526286946572
1675526286946716
1675526286946789
1675526286947959
1675526286948033
1675526286952558
1675526286952700
1675526286952774
1675526286952848
1675526286952922
1675526286953065
1675526286953139
1675526286953213
1675526286953287
1675526286957421
1675526286957509
1675526286957587
1675526286960907
1675526286960984
1675526286961062
1675526286961211
1675526286961289
1675526286965963
1675526286966037
1675526286966110
1675526286966253
1675526286966327
1675526286966401
1675526286966474
1675526286966617
1675526286966690
1675526286966773
1675526286966847
1675526286966990
1675526286967064
1675526286967138
1675526286969400
1675526286969543
1675526286969616
1675526286969690
1675526286973047
1675526286973121
1675526286973263
1675526286973337
1675526286973411
1675526286973553
1675526286973627
1675526286975472
1675526286981459
1675526286981537
1675526286981687
1675526286981765
1675526286981843
1675526286981921
1675526286981998
1675526286982148
1675526286982226
1675526286982303
1675526286984109
1675526286984187
1675526286984262
1675526286984337
1675526286984480
1675526286984563
1675526286984638
1675526286991146
1675526286991289
1675526286991362
1675526286991437
1675526286991511
1675526286991653
1675526286991727
1675526286991801
1675526286992492
1675526286992565
1675526286992708
1675526286992782
1675526286996189
1675526286996267
1675526286996354
1675526286996505
1675526286996583
1675526286999686
1675526286999764
1675526287004718
1675526287004792
1675526287004866
1675526287004940
1675526287005082
1675526287005156
1675526287005231
1675526287005305
1675526287005447
1675526287005521
1675526287005595
1675526287005678
1675526287005821
1675526287007059
1675526287013223
1675526287013365
1675526287013439
1675526287013513
1675526287013587
1675526287013730
1675526287013804
1675526287013878
1675526287015687
1675526287022895
1675526287022973
1675526287023051
1675526287023201
1675526287023288
1675526287023366
1675526287023444
1675526287023521
1675526287023599
1675526287023678
1675526287023755
1675526287023833
1675526287025799
1675526287025873
1675526287025947
1675526287026021
1675526287026164
1675526287026238
1675526287026312
1675526287026386
1675526287026469
1675526287026613
1675526287026687
1675526287026761
1675526287030673
1675526287030748
1675526287030823
1675526287030897
1675526287031039
1675526287031113
1675526287031188
1675526287031261
1675526287031404
1675526287031478
1675526287035600
1675526287035675
1675526287035764
1675526287035839
1675526287039061
1675526287039135
1675526287044066
1675526287044140
1675526287044252
1675526287044332
1675526287044410
1675526287044488
1675526287044566
1675526287044644
1675526287044793
1675526287044871
1675526287044950
1675526287045099
1675526287045186
1675526287045264
1675526287045342
1675526287045492
1675526287051260
1675526287051338
1675526287051417
1675526287051566
1675526287051644
1675526287051722
1675526287051799
1675526287056176
1675526287056251
1675526287056394
1675526287056468
1675526287056542
1675526287056626
1675526287056700
1675526287059646
1675526287059720
1675526287063284
1675526287063358
1675526287063501
1675526287063575
1675526287063649
1675526287063791
1675526287063864
1675526287063938
1675526287070442
1675526287070520
1675526287070671
1675526287070748
1675526287070846
1675526287070924
1675526287071002
1675526287071079
1675526287071157
1675526287071307
1675526287071385
1675526287071462
1675526287071540
1675526287071690
1675526287074358
1675526287074501
1675526287074575
1675526287074649
1675526287074724
1675526287077946
1675526287078030
1675526287081730
1675526287081804
1675526287081946
1675526287082020
1675526287086480
1675526287086631
1675526287086709
1675526287086786
1675526287086864
1675526287086941
1675526287087091
1675526287087169
1675526287087247
1675526287087324
1675526287087402
1675526287087488
1675526287087638
1675526287087716
1675526287088945
1675526287089022
1675526287093924
1675526287094075
1675526287094152
1675526287094250
1675526287094328
1675526287094478
1675526287094556
1675526287094634
1675526287096298
1675526287103581
1675526287103731
1675526287109755
1675526287109763
1675526287109766
1675526287109769
1675526287109772
1675526287109775
1675526287109778
1675526287109781
1675526287109784
1675526287109786
1675526287109789
1675526287109792
1675526287109795
1675526287109798
1675526287109801
1675526287109803
1675526287109821
1675526287109824
1675526287111410
1675526287111485
1675526287111628
1675526287111701
1675526287111775
1675526287111849
1675526287111992
1675526287112066
1675526287112140
1675526287112214
1675526287113862
1675526287113937
1675526287118477
1675526287118556
1675526287118648
1675526287120960
1675526287121038
1675526287121116
1675526287121193
1675526287121343
1675526287125952
1675526287126030
1675526287126108
1675526287126258
1675526287126336
1675526287126413
1675526287126491
1675526287126569
1675526287126647
1675526287126797
1675526287126884
1675526287128332
1675526287133093
1675526287133172
1675526287133249
1675526287133399
1675526287133476
1675526287133554
1675526287133631
1675526287133709
1675526287140109
1675526287140252
1675526287140325
1675526287140399
1675526287140474
1675526287140617
1675526287141521
1675526287141595
1675526287141670
1675526287141812
1675526287145614
1675526287145693
1675526287145770
1675526287145921
1675526287145999
1675526287146076
1675526287146154
1675526287146231
1675526287146381
1675526287146459
1675526287146536
1675526287146614
1675526287146700
1675526287146851
1675526287146928
1675526287152766
1675526287152916
1675526287152994
1675526287153071
1675526287153149
1675526287153227
1675526287153377
1675526287153454
1675526287153532
1675526287153610
1675526287153687
1675526287153837
1675526287153914
1675526287154000
1675526287154151
1675526287159980
1675526287160054
1675526287160128
1675526287160202
1675526287160345
1675526287161240
1675526287161383
1675526287167555
1675526287167633
1675526287167711
1675526287167862
1675526287167939
1675526287168017
1675526287168095
1675526287168181
1675526287168259
1675526287168409
1675526287168487
1675526287168564
1675526287168642
1675526287168791
1675526287169950
1675526287170100
1675526287170178
1675526287176207
1675526287176282
1675526287176356
1675526287176430
1675526287176573
1675526287176647
1675526287176739
1675526287176814
1675526287176888
1675526287177030
1675526287178612
1675526287178686
1675526287184836
1675526287184915
1675526287184993
1675526287185070
1675526287185148
1675526287185298
1675526287185376
1675526287185453
1675526287185531
1675526287185609
1675526287185695
1675526287185846
1675526287185923
1675526287186001
1675526287186151
1675526287186229
1675526287192066
1675526287192144
1675526287192294
1675526287192372
1675526287192449
1675526287192527
1675526287192605
1675526287192755
1675526287197035
1675526287197109
1675526287197211
1675526287197354
1675526287200579
1675526287200653
1675526287200728
1675526287200870
1675526287200944
1675526287206691
1675526287206770
1675526287206847
1675526287206997
1675526287207075
1675526287207152
1675526287207230
1675526287207307
1675526287207385
1675526287207543
1675526287207621
1675526287207699
1675526287207776
1675526287207925
1675526287209083
1675526287209160
1675526287214207
1675526287214281
1675526287214355
1675526287214430
1675526287214572
1675526287214646
1675526287214720
1675526287214794
1675526287216581
1675526287223852
1675526287223927
1675526287224001
1675526287224143
1675526287224244
1675526287224323
1675526287224401
1675526287224479
1675526287224557
1675526287224635
1675526287224712
1675526287224862
1675526287224940
1675526287225017
1675526287225096
1675526287225245
1675526287225332
1675526287225410
1675526287225487
1675526287231544
1675526287231621
1675526287231699
1675526287231777
1675526287231854
1675526287231933
1675526287232010
1675526287232088
1675526287232237
1675526287232315
1675526287232392
1675526287232831
1675526287232980
1675526287238742
1675526287238817
1675526287238891
1675526287239033
1675526287240135
1675526287240210
1675526287240353
1675526287245300
1675526287245451
1675526287245529
1675526287245607
1675526287245684
1675526287245762
1675526287245912
1675526287245989
1675526287246067
1675526287246154
1675526287246232
1675526287246383
1675526287247686
1675526287252805
1675526287252883
1675526287252961
1675526287253111
1675526287253189
1675526287253267
1675526287253345
1675526287253422
1675526287253500
1675526287255255
1675526287259847
1675526287259990
1675526287260073
1675526287262477
1675526287262552
1675526287262626
1675526287262768
1675526287262842
1675526287262916
1675526287262991
1675526287266478
1675526287266629
1675526287266707
1675526287266785
1675526287266862
1675526287266940
1675526287267017
1675526287267168
1675526287267254
1675526287267332
1675526287267410
1675526287267488
1675526287267638
1675526287267716
1675526287267793
1675526287272632
1675526287272710
1675526287272788
1675526287272938
1675526287273016
1675526287273093
1675526287273171
1675526287273248
1675526287273326
1675526287273484
1675526287273562
1675526287273640
1675526287279701
1675526287279775
1675526287279850
1675526287279993
1675526287281025
1675526287281099
1675526287281173
1675526287284871
1675526287284949
1675526287285026
1675526287285104
1675526287285254
1675526287285333
1675526287285421
1675526287285499
1675526287285577
1675526287285654
1675526287290702
1675526287290852
1675526287290930
1675526287291007
1675526287291086
1675526287291163
1675526287293189
1675526287293339
1675526287293417
1675526287293495
1675526287293572
1675526287295737
1675526287295821
1675526287300553
1675526287300627
1675526287300702
1675526287300844
1675526287300918
1675526287300992
1675526287304392
1675526287304472
1675526287304549
1675526287304627
1675526287304776
1675526287304854
1675526287304932
1675526287305009
1675526287305087
1675526287306833
1675526287306911
1675526287307061
1675526287307139
1675526287307217
1675526287312982
1675526287313060
1675526287313138
1675526287313216
1675526287313293
1675526287313442
1675526287313520
1675526287313598
1675526287313675
1675526287315355
1675526287319945
1675526287320029
1675526287320103
1675526287320177
1675526287320320
1675526287322311
1675526287322385
1675526287322528
1675526287322602
1675526287322676
1675526287327276
1675526287327354
1675526287327504
1675526287327581
1675526287327659
1675526287327737
1675526287327814
1675526287327902
1675526287327980
1675526287328130
1675526287328207
1675526287328285
1675526287328363
1675526287330747
1675526287330825
1675526287330974
1675526287331052
1675526287333219
1675526287333296
1675526287333374
1675526287335617
1675526287342602
1675526287342745
1675526287342841
1675526287342916
1675526287342990
1675526287343063
1675526287343206
1675526287343280
1675526287343354
1675526287343428
1675526287343503
1675526287346619
1675526287346697
1675526287346775
1675526287346852
1675526287346930
1675526287347080
1675526287347158
1675526287347245
1675526287347323
1675526287347400
1675526287347478
1675526287347628
1675526287353752
1675526287353830
1675526287353907
1675526287353985
1675526287354135
1675526287354215
1675526287354289
1675526287354363
1675526287354506
1675526287354580
1675526287354654
1675526287354736
1675526287356179
1675526287363297
1675526287363372
1675526287363515
1675526287363589
1675526287363663
1675526287363737
1675526287363879
1675526287363953
1675526287364027
1675526287364101
1675526287370510
1675526287370587
1675526287370665
1675526287370743
1675526287370830
1675526287370980
1675526287371058
1675526287371136
1675526287371213
1675526287371291
1675526287371441
1675526287371878
1675526287374498
1675526287374572
1675526287374715
1675526287374789
1675526287374863
1675526287378083
1675526287378157
1675526287384183
1675526287384236
1675526287384390
1675526287384467
1675526287384545
1675526287384622
1675526287384700
1675526287384778
1675526287384928
1675526287385005
1675526287385083
1675526287385233
1675526287385310
1675526287385388
1675526287390288
1675526287390366
1675526287390443
1675526287390530
1675526287390608
1675526287390758
1675526287390835
1675526287390913
1675526287390991
1675526287391068
1675526287391218
1675526287391296
1675526287391374
