1675526159192443
1675526159192520
1675526159192599
1675526159192675
1675526159192753
1675526159192915
1675526159193070
1675526159198378
1675526159198433
1675526159198510
1675526159198658
1675526159200917
1675526159202366
1675526159202422
1675526159203787
1675526159203864
1675526159207671
1675526159209090
1675526159209146
1675526159209294
1675526159212031
1675526159212131
1675526159212209
1675526159212286
1675526159212435
1675526159212513
1675526159212590
1675526159212670
1675526159212748
1675526159212827
1675526159212981
1675526159213059
1675526159213136
1675526159213577
1675526159217398
1675526159218797
1675526159218874
1675526159220303
1675526159220379
1675526159221803
1675526159222050
1675526159222055
1675526159222133
1675526159227078
1675526159230043
1675526159230195
1675526159230274
1675526159230351
1675526159230429
1675526159230505
1675526159230583
1675526159230732
1675526159230808
1675526159230900
1675526159230977
1675526159231056
1675526159231491
1675526159231642
1675526159231719
1675526159231796
1675526159231900
1675526159237947
1675526159239296
1675526159239373
1675526159239522
1675526159240821
1675526159242412
1675526159242489
1675526159242568
1675526159242728
1675526159242804
1675526159242883
1675526159247846
1675526159247903
1675526159247979
1675526159250862
1675526159250919
1675526159250996
1675526159251074
1675526159251226
1675526159251303
1675526159251381
1675526159251458
1675526159251537
1675526159251686
1675526159251775
1675526159251852
1675526159252341
1675526159252420
1675526159252500
1675526159252578
1675526159252656
1675526159257460
1675526159258753
1675526159258880
1675526159260247
1675526159261787
1675526159262190
1675526159262195
1675526159262198
1675526159268157
1675526159269556
1675526159269633
1675526159269782
1675526159269860
1675526159269936
1675526159272606
1675526159272683
1675526159272761
1675526159272838
1675526159272991
1675526159273069
1675526159273145
1675526159273223
1675526159273301
1675526159273379
1675526159273528
1675526159273615
1675526159273694
1675526159277677
1675526159279098
1675526159279154
1675526159279303
1675526159280617
1675526159282037
1675526159282115
1675526159282192
1675526159282343
1675526159287348
1675526159290320
1675526159290469
1675526159290548
1675526159290625
1675526159290711
1675526159290790
1675526159290867
1675526159290946
1675526159291097
1675526159291177
1675526159291762
1675526159291907
1675526159291984
1675526159292061
1675526159292137
1675526159297093
1675526159298564
1675526159298716
1675526159298796
1675526159301182
1675526159302567
1675526159302645
1675526159302794
1675526159304090
1675526159304167
1675526159307957
1675526159309304
1675526159309381
1675526159309530
1675526159309612
1675526159312352
1675526159312429
1675526159312507
1675526159312584
1675526159312735
1675526159312815
1675526159312902
1675526159312978
1675526159313056
1675526159313136
1675526159313214
1675526159313364
1675526159313445
1675526159313522
1675526159313601
1675526159313826
1675526159317706
1675526159319107
1675526159319184
1675526159319261
1675526159320505
1675526159322203
1675526159322219
1675526159322222
1675526159322302
1675526159327322
1675526159330359
1675526159330416
1675526159330566
1675526159330643
1675526159330723
1675526159330799
1675526159330878
1675526159330955
1675526159331107
1675526159331187
1675526159331265
1675526159331772
1675526159331862
1675526159331991
1675526159332072
1675526159332149
1675526159333311
1675526159337281
1675526159338824
1675526159338881
1675526159338958
1675526159341463
1675526159342830
1675526159342908
1675526159343059
1675526159347970
1675526159349321
1675526159349398
1675526159349499
1675526159349576
1675526159352349
1675526159352405
1675526159352484
1675526159352562
1675526159352714
1675526159352791
1675526159352871
1675526159352948
1675526159353026
1675526159353176
1675526159353256
1675526159353337
1675526159353415
1675526159353493
1675526159353580
1675526159357475
1675526159358823
1675526159358900
1675526159360319
1675526159361861
1675526159361985
1675526159362064
1675526159362141
1675526159362219
1675526159363299
1675526159363356
1675526159367285
1675526159370306
1675526159370362
1675526159370439
1675526159370525
1675526159370679
1675526159370756
1675526159370834
1675526159370911
1675526159370987
1675526159371065
1675526159371216
1675526159371294
1675526159371806
1675526159372071
1675526159372076
1675526159372154
1675526159372230
1675526159378186
1675526159379528
1675526159379657
1675526159379735
1675526159379811
1675526159381068
1675526159381124
1675526159382572
1675526159382628
1675526159387677
1675526159389022
1675526159389150
1675526159389227
1675526159392054
1675526159392135
1675526159392213
1675526159392290
1675526159392440
1675526159392529
1675526159392606
1675526159392687
1675526159392764
1675526159392844
1675526159392921
1675526159393075
1675526159393155
1675526159393233
1675526159393311
1675526159393606
1675526159397474
1675526159398817
1675526159398873
1675526159400307
1675526159401829
1675526159401908
1675526159402062
1675526159402139
1675526159403275
1675526159407362
1675526159410325
1675526159410453
1675526159410531
1675526159410607
1675526159410685
1675526159410835
1675526159410911
1675526159410989
1675526159411066
1675526159411796
1675526159411852
1675526159411981
1675526159412059
1675526159413318
1675526159413395
1675526159417254
1675526159418778
1675526159418905
1675526159418983
1675526159419060
1675526159421443
1675526159422787
1675526159422843
1675526159422992
1675526159424302
1675526159428195
1675526159431112
1675526159431170
1675526159431246
1675526159431395
1675526159431475
1675526159431553
1675526159431631
1675526159431708
1675526159431858
1675526159432144
1675526159432149
1675526159432152
1675526159432669
1675526159432746
1675526159432822
1675526159432975
1675526159433052
1675526159433138
1675526159433215
1675526159433293
1675526159433370
1675526159438100
1675526159438156
1675526159438233
1675526159438382
1675526159440824
1675526159442353
1675526159442409
1675526159442486
1675526159447454
1675526159448797
1675526159448853
1675526159451783
1675526159451907
1675526159451984
1675526159452062
1675526159452138
1675526159452291
1675526159452371
1675526159452450
1675526159452527
1675526159452605
1675526159452683
1675526159452831
1675526159452913
1675526159452990
1675526159453359
1675526159453437
1675526159457295
1675526159458817
1675526159458894
1675526159459042
1675526159461463
1675526159462846
1675526159462903
1675526159462980
1675526159467913
1675526159469261
1675526159469389
1675526159469468
1675526159469545
1675526159472276
1675526159472427
1675526159472508
1675526159472584
1675526159472673
1675526159472750
1675526159472829
1675526159472905
1675526159473058
1675526159473137
1675526159473214
1675526159473293
1675526159477478
1675526159478752
1675526159478904
1675526159480271
1675526159480400
1675526159481818
1675526159481907
1675526159481987
1675526159482087
1675526159482165
1675526159483308
1675526159483385
1675526159487316
1675526159490284
1675526159490412
1675526159490490
1675526159490567
1675526159490649
1675526159490798
1675526159490875
1675526159490952
1675526159491030
1675526159491109
1675526159491188
1675526159491848
1675526159492186
1675526159492190
1675526159492193
1675526159492196
1675526159498200
1675526159499543
1675526159499599
1675526159499749
1675526159501062
1675526159501119
1675526159502551
1675526159502629
1675526159502779
1675526159507699
1675526159509043
1675526159509101
1675526159509178
1675526159512033
1675526159512110
1675526159512259
1675526159512336
1675526159512413
1675526159512490
1675526159512566
1675526159512714
1675526159512794
1675526159512871
1675526159512948
1675526159513025
1675526159513103
1675526159513254
1675526159513562
1675526159513710
1675526159517491
1675526159518782
1675526159518909
1675526159520328
1675526159520405
1675526159521824
1675526159521903
1675526159522054
1675526159522132
1675526159528243
1675526159529519
1675526159529670
1675526159529750
1675526159529827
1675526159529914
1675526159532566
1675526159532644
1675526159532722
1675526159532876
1675526159532953
1675526159533033
1675526159533110
1675526159533192
1675526159533269
1675526159533421
1675526159533499
1675526159533576
1675526159537737
1675526159539015
1675526159539166
1675526159539256
1675526159541694
1675526159543066
1675526159543143
1675526159543221
1675526159544531
1675526159547300
1675526159548899
1675526159548977
1675526159549055
1675526159549205
1675526159549282
1675526159549361
1675526159549438
1675526159551956
1675526159552034
1675526159552121
1675526159552203
1675526159552281
1675526159552430
1675526159552507
1675526159552584
1675526159552660
1675526159552740
1675526159552891
1675526159552967
1675526159553117
1675526159554424
1675526159554576
1675526159558493
1675526159558645
1675526159558724
1675526159558809
1675526159561193
1675526159562591
1675526159562668
1675526159562745
1675526159567696
1675526159569039
1675526159569167
1675526159569244
1675526159572123
1675526159572128
1675526159572205
1675526159572355
1675526159572436
1675526159572512
1675526159572594
1675526159572680
1675526159572758
1675526159572907
1675526159572985
1675526159573570
1675526159577445
1675526159578788
1675526159578915
1675526159580281
1675526159580408
1675526159581826
1675526159581907
1675526159582060
1675526159582137
1675526159588177
1675526159589525
1675526159589612
1675526159589689
1675526159589842
1675526159589919
1675526159592538
1675526159592690
1675526159592769
1675526159592846
1675526159592924
1675526159593001
1675526159593082
1675526159593231
1675526159593309
1675526159593386
1675526159593463
1675526159593542
1675526159597684
1675526159599030
1675526159599158
1675526159599235
1675526159601674
1675526159603036
1675526159603093
1675526159603243
1675526159603319
1675526159604580
1675526159604636
1675526159604713
1675526159607101
1675526159608518
1675526159611542
1675526159611620
1675526159611706
1675526159611858
1675526159611907
1675526159612057
1675526159612136
1675526159612216
1675526159612294
1675526159612371
1675526159612521
1675526159612599
1675526159612676
1675526159612762
1675526159612840
1675526159613063
1675526159613140
1675526159618159
1675526159619559
1675526159619636
1675526159619785
1675526159619868
1675526159621111
1675526159621188
1675526159622603
1675526159622680
1675526159627659
1675526159629059
1675526159629136
1675526159629214
1675526159632198
1675526159632204
1675526159632282
1675526159632360
1675526159632448
1675526159632528
1675526159632604
1675526159632685
1675526159632836
1675526159632913
1675526159632990
1675526159633068
1675526159633147
1675526159633299
1675526159633519
1675526159637458
1675526159638858
1675526159638935
1675526159640353
1675526159640430
1675526159640516
1675526159640593
1675526159641782
1675526159641859
1675526159641979
1675526159642055
1675526159648162
1675526159649563
1675526159649639
1675526159649717
1675526159649869
1675526159649946
1675526159652597
1675526159652653
1675526159652802
1675526159652880
1675526159652968
1675526159653044
1675526159653123
1675526159653199
1675526159653350
1675526159653429
1675526159653506
1675526159657619
1675526159659086
1675526159659142
1675526159659219
1675526159661602
1675526159663021
1675526159663149
1675526159663226
1675526159664538
1675526159667254
1675526159668974
1675526159669030
1675526159669179
1675526159669255
1675526159669337
1675526159669412
1675526159669491
1675526159672062
1675526159672068
1675526159672070
1675526159672148
1675526159672228
1675526159672306
1675526159672382
1675526159672534
1675526159672624
1675526159672703
1675526159672782
1675526159672862
1675526159673083
1675526159677966
1675526159680805
1675526159680933
1675526159681011
1675526159681087
1675526159681170
1675526159682342
1675526159682399
1675526159682548
1675526159687352
1675526159688776
1675526159688862
1675526159691778
1675526159691855
1675526159691978
1675526159692055
1675526159692135
1675526159692283
1675526159692359
1675526159692438
1675526159692515
1675526159692593
1675526159692743
1675526159692820
1675526159692899
1675526159692978
1675526159693353
1675526159697337
1675526159698805
1675526159698932
1675526159699010
1675526159701376
1675526159702850
1675526159702927
1675526159703005
1675526159704312
1675526159708148
1675526159709552
1675526159709630
1675526159709709
1675526159709859
1675526159709935
1675526159711194
1675526159711250
1675526159711326
1675526159711405
1675526159711556
1675526159711632
1675526159711712
1675526159711788
1675526159711866
1675526159712264
1675526159713644
1675526159713772
1675526159717810
1675526159717888
1675526159718037
1675526159719331
1675526159719407
1675526159720862
1675526159722412
1675526159722490
1675526159722567
1675526159722718
1675526159722794
1675526159722876
1675526159727783
1675526159727911
1675526159727987
1675526159730799
1675526159730926
1675526159731004
1675526159731080
1675526159731160
1675526159731309
1675526159731398
1675526159731476
1675526159731554
1675526159731632
1675526159731708
1675526159731861
1675526159732277
1675526159732426
1675526159732503
1675526159732580
1675526159733797
1675526159737641
1675526159739057
1675526159739113
1675526159739190
1675526159741628
1675526159742955
1675526159743034
1675526159743111
1675526159747971
1675526159749321
1675526159749398
1675526159749476
1675526159749552
1675526159749703
1675526159752334
1675526159752411
1675526159752489
1675526159752641
1675526159752718
1675526159752800
1675526159752876
1675526159752965
1675526159753042
1675526159753123
1675526159753274
1675526159753353
1675526159753429
1675526159753506
1675526159753584
1675526159757341
1675526159758808
1675526159758937
1675526159759014
1675526159761382
1675526159762672
1675526159762728
1675526159762805
1675526159767813
1675526159769032
1675526159769087
1675526159769237
1675526159769314
1675526159772021
1675526159772173
1675526159772254
1675526159772332
1675526159772414
1675526159772491
1675526159772573
1675526159772649
1675526159772802
1675526159772880
1675526159772961
1675526159777266
1675526159778808
1675526159778864
1675526159778941
1675526159779088
1675526159781345
1675526159782766
1675526159782895
1675526159782973
1675526159784282
1675526159788177
1675526159789718
1675526159789773
1675526159789851
1675526159790000
1675526159790081
1675526159790169
1675526159790249
1675526159792655
1675526159792734
1675526159792812
1675526159792960
1675526159793037
1675526159793115
1675526159793192
1675526159793273
1675526159793350
1675526159793499
1675526159793577
1675526159793654
1675526159798065
1675526159798142
1675526159798229
1675526159798378
1675526159800813
1675526159802355
1675526159802412
1675526159802489
1675526159802636
1675526159807359
1675526159808778
1675526159808906
1675526159811820
1675526159811905
1675526159811986
1675526159812137
1675526159812213
1675526159812292
1675526159812378
1675526159812457
1675526159812533
1675526159812684
1675526159812762
1675526159812839
1675526159813280
1675526159813357
1675526159817245
1675526159818770
1675526159818848
1675526159818996
1675526159819073
1675526159821439
1675526159822767
1675526159822847
1675526159822935
1675526159827886
1675526159829286
1675526159829437
1675526159829517
1675526159829595
1675526159832354
1675526159832410
1675526159832487
1675526159832635
1675526159832714
1675526159832790
1675526159832870
1675526159832948
1675526159833097
1675526159833173
1675526159833261
1675526159833341
1675526159833417
1675526159833496
1675526159837447
1675526159838848
1675526159838926
1675526159839004
1675526159841370
1675526159842789
1675526159842916
1675526159842995
1675526159843071
1675526159844332
1675526159844460
1675526159848126
1675526159849554
1675526159849682
1675526159849759
1675526159849836
1675526159849918
1675526159852574
1675526159852653
1675526159852731
1675526159852880
1675526159852956
1675526159853035
1675526159853112
1675526159853193
1675526159853270
1675526159853423
1675526159853500
1675526159853587
1675526159853664
1675526159853742
1675526159853892
1675526159857658
1675526159859057
1675526159859134
1675526159859282
1675526159861648
1675526159863067
1675526159863221
1675526159863302
1675526159868104
1675526159869447
1675526159869575
1675526159869653
1675526159869740
1675526159869822
1675526159872267
1675526159872395
1675526159872472
1675526159872549
1675526159872697
1675526159872776
1675526159872852
1675526159872933
1675526159873012
1675526159873092
1675526159873246
1675526159873324
1675526159877885
1675526159878012
1675526159878110
1675526159878187
1675526159879382
1675526159880923
1675526159882448
1675526159882525
1675526159882603
1675526159887536
1675526159889013
1675526159889069
1675526159890558
1675526159890707
1675526159890787
1675526159890864
1675526159890942
1675526159891019
1675526159891112
1675526159891187
1675526159891338
1675526159892054
1675526159892131
1675526159892209
1675526159892285
1675526159892365
1675526159897184
1675526159899896
1675526159900024
1675526159900102
1675526159901415
1675526159901542
1675526159901620
1675526159901697
1675526159902926
1675526159903053
