1675526491700799
1675526491702322
1675526491702399
1675526491702477
1675526491706283
1675526491707700
1675526491707828
1675526491707906
1675526491709220
1675526491709347
1675526491710645
1675526491710722
1675526491710799
1675526491712166
1675526491713651
1675526491713799
1675526491713879
1675526491713956
1675526491715168
1675526491715319
1675526491715400
1675526491716765
1675526491716915
1675526491716993
1675526491717070
1675526491717146
1675526491717227
1675526491717378
1675526491717455
1675526491719670
1675526491719727
1675526491719876
1675526491719952
1675526491720031
1675526491720107
1675526491720187
1675526491720263
1675526491720412
1675526491721199
1675526491722676
1675526491722826
1675526491725432
1675526491726959
1675526491727036
1675526491727115
1675526491728501
1675526491731242
1675526491732516
1675526491734060
1675526491734117
1675526491735561
1675526491735689
1675526491735767
1675526491735844
1675526491735922
1675526491737186
1675526491737264
1675526491737414
1675526491737493
1675526491737570
1675526491737652
1675526491737729
1675526491741269
1675526491741397
1675526491741476
1675526491742785
1675526491742913
1675526491742990
1675526491744301
1675526491745858
1675526491747328
1675526491747457
1675526491747534
1675526491747610
1675526491747692
1675526491748772
1675526491750314
1675526491751784
1675526491753336
1675526491754805
1675526491755112
1675526491757803
1675526491757955
1675526491758036
1675526491758113
1675526491758191
1675526491758267
1675526491758419
1675526491758498
1675526491758574
1675526491758652
1675526491758728
1675526491758808
1675526491758959
1675526491759267
1675526491760812
1675526491762284
1675526491762412
1675526491762490
1675526491762567
1675526491766297
1675526491767719
1675526491767847
1675526491767925
1675526491769115
1675526491769243
1675526491770667
1675526491772141
1675526491772289
1675526491772369
1675526491772455
1675526491773719
1675526491775192
1675526491775321
1675526491775399
1675526491778140
1675526491778218
1675526491778369
1675526491778447
1675526491778525
1675526491778605
1675526491778682
1675526491778759
1675526491778909
1675526491778986
1675526491779067
1675526491779154
1675526491779667
1675526491781181
1675526491782705
1675526491782783
1675526491782933
1675526491784175
1675526491785660
1675526491787205
1675526491787262
1675526491787338
1675526491787487
1675526491788696
1675526491791472
1675526491792765
1675526491792842
1675526491793000
1675526491794267
1675526491794421
1675526491795939
1675526491795995
1675526491796147
1675526491796226
1675526491796303
1675526491796382
1675526491796461
1675526491798805
1675526491798862
1675526491798939
1675526491799088
1675526491799169
1675526491799247
1675526491800280
1675526491801805
1675526491801883
1675526491802031
1675526491802109
1675526491803346
1675526491804821
1675526491806264
1675526491806392
1675526491806471
1675526491807782
1675526491807910
1675526491807989
1675526491809303
1675526491810828
1675526491812301
1675526491813854
1675526491813910
1675526491815366
1675526491815422
1675526491815572
1675526491818257
1675526491818385
1675526491818467
1675526491818544
1675526491818625
1675526491818778
1675526491818855
1675526491818935
1675526491819013
1675526491819090
1675526491821067
1675526491822550
1675526491822627
1675526491822776
1675526491825309
1675526491826856
1675526491826912
1675526491826989
1675526491827138
1675526491828332
1675526491829874
1675526491831274
1675526491831351
1675526491832773
1675526491832850
1675526491834271
1675526491837327
1675526491837385
1675526491837462
1675526491837610
1675526491837689
1675526491837768
1675526491837845
1675526491837923
1675526491838002
1675526491838151
1675526491838229
1675526491838306
1675526491838958
1675526491839038
1675526491839116
1675526491839194
1675526491839272
1675526491839360
1675526491839510
1675526491841801
1675526491841857
1675526491842012
1675526491842089
1675526491842170
1675526491843302
1675526491846067
1675526491847472
1675526491847550
1675526491848968
1675526491849046
1675526491850410
1675526491851875
1675526491852002
1675526491852101
1675526491852177
1675526491853435
1675526491854962
1675526491855039
1675526491855116
1675526491856556
1675526491856686
1675526491856763
1675526491856840
1675526491856920
1675526491856997
1675526491857146
1675526491858104
1675526491858182
1675526491858259
1675526491859523
1675526491860999
1675526491861151
1675526491862517
1675526491862644
1675526491862722
1675526491865340
1675526491868061
1675526491868139
1675526491868216
1675526491868365
1675526491868443
1675526491868520
1675526491869601
1675526491869659
1675526491871097
1675526491871155
1675526491872522
1675526491874013
1675526491875546
1675526491875623
1675526491875700
1675526491875849
1675526491875926
1675526491878560
1675526491878688
1675526491878766
1675526491878843
1675526491878924
1675526491879001
1675526491879081
1675526491879231
1675526491879317
1675526491881299
1675526491882640
1675526491882768
1675526491884142
1675526491884295
1675526491885665
1675526491887208
1675526491887264
1675526491887413
1675526491887490
1675526491888748
1675526491890223
1675526491891693
1675526491891821
1675526491891900
1675526491891986
1675526491892065
1675526491893146
1675526491894672
1675526491894750
1675526491896317
1675526491896375
1675526491896451
1675526491896600
1675526491896682
1675526491896759
1675526491896836
1675526491899126
1675526491899253
1675526491899331
1675526491899408
1675526491899494
1675526491899571
1675526491899725
1675526491900672
1675526491902163
1675526491902291
1675526491906157
1675526491907627
1675526491907684
1675526491908999
1675526491909127
1675526491909206
1675526491910521
1675526491912048
1675526491913538
1675526491913666
1675526491913756
1675526491913833
1675526491915146
1675526491915151
1675526491918109
1675526491918166
1675526491918316
1675526491918393
1675526491918471
1675526491918548
1675526491918628
1675526491918704
1675526491918856
1675526491918938
1675526491919015
1675526491919096
1675526491919184
1675526491920754
1675526491922173
1675526491923696
1675526491923773
1675526491923927
1675526491925169
1675526491926659
1675526491926737
1675526491926815
1675526491926967
1675526491927045
1675526491928181
1675526491929705
1675526491931178
1675526491932719
1675526491932776
1675526491934211
1675526491935682
1675526491935739
1675526491935886
1675526491935964
1675526491936041
1675526491938682
1675526491938810
1675526491938888
1675526491938964
1675526491939043
1675526491939195
1675526491939272
1675526491939351
1675526491941443
1675526491942806
1675526491942884
1675526491942961
1675526491944327
1675526491945872
1675526491947273
1675526491947351
1675526491947429
1675526491947577
1675526491948766
1675526491950297
1675526491951841
1675526491951897
1675526491951974
1675526491953357
1675526491954826
1675526491955145
1675526491957779
1675526491957906
1675526491957985
1675526491958062
1675526491958139
1675526491958216
1675526491958365
1675526491958446
1675526491958523
1675526491958601
1675526491958681
1675526491958759
1675526491958908
1675526491960848
1675526491960904
1675526491960989
1675526491961139
1675526491961217
1675526491961294
1675526491961372
1675526491961449
1675526491962306
1675526491962362
1675526491962438
1675526491966247
1675526491967724
1675526491967801
1675526491967878
1675526491969190
1675526491969317
1675526491970612
1675526491972163
1675526491972220
1675526491973657
1675526491975247
1675526491975252
1675526491975402
1675526491978212
1675526491978289
1675526491978368
1675526491978517
1675526491978594
1675526491978675
1675526491978751
1675526491978832
1675526491978910
1675526491979636
1675526491981165
1675526491981243
1675526491981322
1675526491982691
1675526491982768
1675526491982851
1675526491984167
1675526491985731
1675526491988739
1675526491988794
1675526491988871
1675526491989020
1675526491989098
1675526491989175
1675526491989253
1675526491991473
1675526491992828
1675526491992905
1675526491994325
1675526491994402
1675526491995954
1675526491996010
1675526491996160
1675526491996238
1675526491996316
1675526491996392
1675526491996474
1675526491998814
1675526491998891
1675526491998970
1675526491999048
1675526491999126
1675526491999283
1675526491999360
1675526492001528
1675526492002994
1675526492003051
1675526492004417
1675526492005920
1675526492007467
1675526492007525
1675526492007601
1675526492008983
1675526492010453
1675526492010581
1675526492011947
1675526492013415
1675526492013472
1675526492013558
1675526492013707
1675526492015240
1675526492015245
1675526492016558
1675526492016686
1675526492016764
1675526492016841
1675526492016919
1675526492016997
1675526492017148
1675526492019419
1675526492019496
1675526492019575
1675526492019723
1675526492019800
1675526492019888
1675526492019965
1675526492022168
1675526492023517
1675526492023594
1675526492026285
1675526492027706
1675526492027763
1675526492027911
1675526492029224
1675526492029280
1675526492030716
1675526492032182
1675526492032238
1675526492032315
1675526492033698
1675526492035180
1675526492035237
1675526492035389
1675526492038220
1675526492038276
1675526492038353
1675526492038432
1675526492038582
1675526492038659
1675526492038739
1675526492038816
1675526492038895
1675526492039044
1675526492039122
1675526492040867
1675526492042288
1675526492043842
1675526492043920
1675526492043998
1675526492044074
1675526492045363
1675526492046831
1675526492046958
1675526492047036
1675526492047113
1675526492047195
1675526492048275
1675526492048331
1675526492051016
1675526492052413
1675526492053959
1675526492055426
1675526492055517
1675526492055595
1675526492058457
1675526492058534
1675526492058613
1675526492058690
1675526492058840
1675526492058920
1675526492058997
1675526492059077
1675526492059155
1675526492059232
1675526492059963
1675526492061383
1675526492061511
1675526492061591
1675526492062914
1675526492065672
1675526492067147
1675526492067297
1675526492067375
1675526492067453
1675526492067530
1675526492068671
1675526492070196
1675526492071738
1675526492071794
1675526492071873
1675526492071951
1675526492073213
1675526492074632
1675526492077681
1675526492077810
1675526492077889
1675526492077967
1675526492078115
1675526492078196
1675526492078274
1675526492078352
1675526492078429
1675526492078509
1675526492078659
1675526492078737
1675526492078814
1675526492079329
1675526492079406
1675526492079555
1675526492079634
1675526492079723
1675526492079800
1675526492079878
1675526492079956
1675526492082218
1675526492082274
1675526492082352
1675526492082501
1675526492084966
1675526492086317
1675526492087792
1675526492087869
1675526492088018
1675526492089283
1675526492090809
1675526492092350
1675526492092408
1675526492092486
1675526492092635
1675526492092713
1675526492093851
1675526492095241
1675526492095368
1675526492095447
1675526492096941
1675526492097090
1675526492097170
1675526492097248
1675526492097326
1675526492097403
1675526492097485
1675526492097636
1675526492100865
1675526492103731
1675526492103788
1675526492103865
1675526492104015
1675526492104095
1675526492104172
1675526492105164
1675526492106634
1675526492106785
1675526492106865
1675526492106942
1675526492107020
1675526492108159
1675526492108312
1675526492109680
1675526492112454
1675526492113748
1675526492115327
1675526492115405
1675526492115483
1675526492115632
1675526492115708
1675526492116966
1675526492117023
1675526492117100
1675526492117249
1675526492117327
1675526492117404
1675526492117484
1675526492117561
1675526492118473
1675526492118560
1675526492118638
1675526492122377
1675526492125224
1675526492125301
1675526492125379
1675526492126622
1675526492126773
1675526492126853
1675526492126929
1675526492128186
1675526492130908
1675526492132134
1675526492133674
1675526492133730
1675526492133884
1675526492135246
1675526492135251
1675526492138187
1675526492138315
1675526492138393
1675526492138470
1675526492138553
1675526492138630
1675526492138779
1675526492138857
1675526492138935
1675526492139014
1675526492139093
1675526492139170
1675526492139323
1675526492139618
1675526492141177
1675526492141234
1675526492142670
1675526492142797
1675526492145414
1675526492146938
1675526492147016
1675526492147093
1675526492147243
1675526492148436
1675526492151123
1675526492152396
1675526492152548
1675526492153915
1675526492154042
1675526492155464
1675526492155550
1675526492155628
1675526492155705
1675526492158462
1675526492158589
1675526492158667
1675526492158744
1675526492158823
1675526492158900
1675526492159049
1675526492159128
1675526492159204
1675526492159282
1675526492159359
1675526492159948
1675526492161441
1675526492161529
1675526492161607
1675526492161685
1675526492161763
1675526492162959
1675526492164428
1675526492165986
1675526492168904
1675526492168961
1675526492169109
1675526492169188
1675526492169265
1675526492169342
1675526492169421
1675526492170389
1675526492171912
1675526492173464
1675526492173520
1675526492175256
1675526492177929
1675526492177986
1675526492178063
1675526492178213
1675526492178290
1675526492178367
1675526492178446
1675526492178523
1675526492178601
1675526492178750
1675526492178828
1675526492178908
1675526492180659
1675526492182209
1675526492182265
1675526492182343
1675526492182491
1675526492184877
1675526492186215
1675526492187688
1675526492187766
1675526492187914
1675526492187992
1675526492189235
1675526492190656
1675526492192150
1675526492192228
1675526492192306
1675526492192458
1675526492192544
1675526492193683
1675526492195155
1675526492195284
1675526492195362
1675526492198172
1675526492198299
1675526492198378
1675526492198455
1675526492198604
1675526492198685
1675526492198762
1675526492198839
1675526492198917
1675526492198995
1675526492199148
1675526492199237
1675526492199673
1675526492199749
1675526492199827
1675526492199905
1675526492201192
1675526492202667
1675526492202744
1675526492205422
1675526492206916
1675526492207043
1675526492207120
1675526492208431
1675526492209977
1675526492212643
1675526492213919
1675526492214020
1675526492215421
1675526492215500
1675526492215578
1675526492215727
1675526492215804
1675526492218438
1675526492218565
1675526492218643
1675526492218720
1675526492218798
1675526492218874
1675526492219023
1675526492219100
1675526492219874
1675526492221416
1675526492222886
1675526492223013
1675526492223091
1675526492225658
1675526492227081
1675526492227159
1675526492228577
1675526492228728
1675526492228808
1675526492228885
1675526492228963
1675526492231244
1675526492232588
1675526492234008
1675526492234136
1675526492235521
1675526492235617
1675526492235695
1675526492235845
1675526492238535
1675526492238663
1675526492238741
1675526492238817
1675526492238896
1675526492239046
1675526492239122
1675526492239203
1675526492239279
1675526492239357
1675526492239506
1675526492241242
1675526492242589
1675526492242676
1675526492244095
1675526492244172
1675526492245617
1675526492247017
1675526492247096
1675526492247175
1675526492248559
1675526492250030
1675526492251553
1675526492251630
1675526492251708
1675526492251859
1675526492251937
1675526492253064
1675526492254591
1675526492257540
1675526492257619
1675526492257698
1675526492257847
1675526492257924
1675526492258004
1675526492258084
1675526492258165
1675526492258243
1675526492258393
1675526492258474
1675526492258551
1675526492258631
1675526492259066
1675526492259216
1675526492259295
1675526492259384
1675526492260539
1675526492262017
1675526492262094
1675526492263513
1675526492266182
1675526492267525
1675526492267653
1675526492267730
1675526492269043
1675526492269169
1675526492269247
1675526492270560
1675526492272083
1675526492272161
1675526492273585
1675526492273672
1675526492275102
1675526492275182
1675526492277993
1675526492278119
1675526492278197
1675526492278274
1675526492278423
1675526492278501
1675526492278577
1675526492278658
1675526492278737
1675526492278815
1675526492278965
1675526492279043
1675526492280731
1675526492282030
1675526492283573
1675526492283629
1675526492283779
1675526492283856
1675526492285046
1675526492285196
1675526492286564
1675526492286691
1675526492286769
1675526492286846
1675526492287986
1675526492288113
1675526492288192
1675526492290754
1675526492292293
1675526492292350
1675526492292499
1675526492293816
1675526492295344
1675526492295421
1675526492295499
1675526492298333
1675526492298411
1675526492298561
1675526492298640
1675526492298716
1675526492298795
1675526492298872
1675526492298951
1675526492299103
1675526492299182
1675526492301046
1675526492302514
1675526492302646
1675526492302724
1675526492305284
1675526492306810
1675526492306892
1675526492306971
1675526492307119
1675526492308310
1675526492309836
1675526492311310
1675526492312854
1675526492312910
1675526492312991
1675526492314270
1675526492314403
1675526492317297
1675526492317427
1675526492317504
1675526492317581
1675526492317659
1675526492317735
1675526492317815
1675526492317964
1675526492318041
1675526492318120
1675526492318197
1675526492318276
1675526492318932
1675526492319009
1675526492319089
1675526492319174
1675526492319323
1675526492319401
1675526492319480
1675526492321764
1675526492321841
1675526492321996
1675526492323316
1675526492323393
