1675526281484148
1675526281484230
1675526281485453
1675526281486523
1675526281486605
1675526281486687
1675526281486769
1675526281488904
1675526281491266
1675526281494165
1675526281494248
1675526281494330
1675526281494412
1675526281494504
1675526281494587
1675526281494669
1675526281494751
1675526281494833
1675526281494915
1675526281495303
1675526281495386
1675526281496835
1675526281496918
1675526281497000
1675526281497082
1675526281497164
1675526281497932
1675526281500375
1675526281503198
1675526281503289
1675526281504284
1675526281504366
1675526281504449
1675526281506739
1675526281506821
1675526281508196
1675526281508279
1675526281510792
1675526281512064
1675526281512146
1675526281513141
1675526281513224
1675526281513306
1675526281516048
1675526281516131
1675526281516222
1675526281516304
1675526281516387
1675526281516470
1675526281516552
1675526281516634
1675526281516717
1675526281516799
1675526281516881
1675526281516964
1675526281517046
1675526281517129
1675526281517211
1675526281518586
1675526281520039
1675526281521112
1675526281522442
1675526281523512
1675526281524963
1675526281525046
1675526281525128
1675526281526047
1675526281527423
1675526281527506
1675526281531240
1675526281534211
1675526281534293
1675526281534375
1675526281534457
1675526281534539
1675526281534621
1675526281534703
1675526281534794
1675526281534876
1675526281534959
1675526281535270
1675526281535352
1675526281536804
1675526281536886
1675526281536968
1675526281537049
1675526281537132
1675526281537213
1675526281537905
1675526281540419
1675526281543209
1675526281543291
1675526281543374
1675526281544300
1675526281544382
1675526281544464
1675526281545687
1675526281545769
1675526281546763
1675526281546845
1675526281548219
1675526281550810
1675526281552207
1675526281552289
1675526281553285
1675526281553367
1675526281553449
1675526281554825
1675526281554907
1675526281554999
1675526281555081
1675526281555162
1675526281555245
1675526281555327
1675526281555944
1675526281556027
1675526281558698
1675526281558781
1675526281558863
1675526281559781
1675526281562295
1675526281563672
1675526281563754
1675526281563836
1675526281564755
1675526281566216
1675526281566299
1675526281566381
1675526281567301
1675526281569740
1675526281572186
1675526281572269
1675526281575093
1675526281575176
1675526281575259
1675526281575341
1675526281575423
1675526281575506
1675526281575588
1675526281575671
1675526281575753
1675526281575855
1675526281575937
1675526281576020
1675526281576102
1675526281576184
1675526281576266
1675526281579090
1675526281579172
1675526281579254
1675526281579336
1675526281579419
1675526281579501
1675526281579583
1675526281579665
1675526281580129
1675526281581225
1675526281582536
1675526281584218
1675526281584300
1675526281584382
1675526281584465
1675526281584547
1675526281585312
1675526281586383
1675526281586465
1675526281589051
1675526281589133
1675526281590128
1675526281592669
1675526281595567
1675526281595650
1675526281595732
1675526281595823
1675526281595905
1675526281595987
1675526281596069
1675526281596152
1675526281596235
1675526281596316
1675526281596399
1675526281596481
1675526281596565
1675526281596647
1675526281596730
1675526281598030
1675526281598112
1675526281598194
1675526281600637
1675526281602067
1675526281603140
1675526281604594
1675526281604677
1675526281604759
1675526281604842
1675526281606068
1675526281607141
1675526281607223
1675526281607305
1675526281609667
1675526281611045
1675526281614099
1675526281614182
1675526281614265
1675526281614347
1675526281614452
1675526281614535
1675526281614617
1675526281614699
1675526281614782
1675526281614864
1675526281615176
1675526281615259
1675526281615341
1675526281615423
1675526281616266
1675526281617564
1675526281617646
1675526281619098
1675526281621687
1675526281621770
1675526281623079
1675526281624149
1675526281624232
1675526281624314
1675526281625537
1675526281625620
1675526281626691
1675526281626774
1675526281630428
1675526281632897
1675526281632980
1675526281635797
1675526281635879
1675526281635962
1675526281636044
1675526281636126
1675526281636218
1675526281636300
1675526281636383
1675526281636466
1675526281636548
1675526281636630
1675526281636712
1675526281636794
1675526281636877
1675526281636959
1675526281638334
1675526281638416
1675526281638498
1675526281638580
1675526281640870
1675526281643433
1675526281646338
1675526281646420
1675526281646503
1675526281646586
1675526281646668
1675526281646751
1675526281646833
1675526281646916
1675526281646998
1675526281647385
1675526281647468
1675526281651132
1675526281654101
1675526281654183
1675526281654265
1675526281654347
1675526281654438
1675526281654521
1675526281654603
1675526281654685
1675526281654768
1675526281655155
1675526281655238
1675526281655320
1675526281656542
1675526281656625
1675526281656707
1675526281656789
1675526281657633
1675526281660146
1675526281662662
1675526281662745
1675526281664055
1675526281664138
1675526281664220
1675526281664302
1675526281664385
1675526281665531
1675526281665612
1675526281666687
1675526281666770
1675526281669133
1675526281670585
1675526281673585
1675526281673667
1675526281673750
1675526281673832
1675526281673914
1675526281674005
1675526281674088
1675526281674170
1675526281674252
1675526281674640
1675526281674723
1675526281674805
1675526281674888
1675526281676036
1675526281676118
1675526281676201
1675526281677196
1675526281678573
1675526281681158
1675526281683674
1675526281684974
1675526281685066
1675526281685149
1675526281685992
1675526281687292
1675526281687374
1675526281687457
1675526281687539
1675526281691115
1675526281693960
1675526281694042
1675526281694125
1675526281694207
1675526281694289
1675526281694371
1675526281694454
1675526281694536
1675526281694627
1675526281695015
1675526281695097
1675526281695181
1675526281696555
1675526281696637
1675526281696720
1675526281696802
1675526281696884
1675526281696966
1675526281697048
1675526281697664
1675526281697746
1675526281697828
1675526281700418
1675526281700501
1675526281700591
1675526281700674
1675526281701526
1675526281701609
1675526281702909
1675526281704056
1675526281704138
1675526281704221
1675526281705444
1675526281705526
1675526281706976
1675526281707059
1675526281709498
1675526281712065
1675526281714957
1675526281715041
1675526281715131
1675526281715214
1675526281715296
1675526281715378
1675526281715460
1675526281715542
1675526281715625
1675526281715707
1675526281715790
1675526281716024
1675526281716106
1675526281716188
1675526281717106
1675526281718405
1675526281720997
1675526281722451
1675526281722542
1675526281723537
1675526281724913
1675526281724996
1675526281725078
1675526281725160
1675526281726003
1675526281727453
1675526281727535
1675526281727618
1675526281730056
1675526281732421
1675526281732504
1675526281735323
1675526281735405
1675526281735487
1675526281735580
1675526281735662
1675526281735745
1675526281735827
1675526281735909
1675526281735991
1675526281736074
1675526281736156
1675526281736393
1675526281736475
1675526281736557
1675526281736639
1675526281737787
1675526281737869
1675526281740386
1675526281742749
1675526281744055
1675526281744137
1675526281744219
1675526281744301
1675526281745596
1675526281746664
1675526281746748
1675526281746830
1675526281746912
1675526281750409
1675526281752907
1675526281752990
1675526281755809
1675526281755892
1675526281755974
1675526281756056
1675526281756158
1675526281756241
1675526281756323
1675526281756405
1675526281756487
1675526281756571
1675526281756654
1675526281756736
1675526281756820
1675526281756903
1675526281756985
1675526281758284
1675526281758367
1675526281758449
1675526281759824
1675526281760894
1675526281762288
1675526281765332
1675526281765415
1675526281765497
1675526281765579
1675526281765662
1675526281766429
1675526281766511
1675526281768875
1675526281771391
1675526281774290
1675526281774373
1675526281774455
1675526281774537
1675526281774619
1675526281774702
1675526281774794
1675526281774877
1675526281774959
1675526281775420
1675526281775503
1675526281775585
1675526281776959
1675526281777042
1675526281777124
1675526281777205
1675526281777288
1675526281777370
1675526281777452
1675526281778068
1675526281781913
1675526281782984
1675526281783075
1675526281784299
1675526281784381
1675526281784464
1675526281784546
1675526281785844
1675526281785926
1675526281786920
1675526281787002
1675526281787084
1675526281789295
1675526281791666
1675526281793040
1675526281793122
1675526281793204
1675526281793287
1675526281793377
1675526281794146
1675526281794228
1675526281794310
1675526281794392
1675526281796905
1675526281796988
1675526281797070
1675526281797152
1675526281797233
1675526281797315
1675526281797397
1675526281798012
1675526281801743
1675526281803194
1675526281804266
1675526281804357
1675526281804439
1675526281806800
1675526281806882
1675526281808179
1675526281808261
1675526281810776
1675526281812079
1675526281813152
1675526281813234
1675526281813316
1675526281813398
1675526281816069
1675526281816151
1675526281816233
1675526281816316
1675526281816406
1675526281816489
1675526281816571
1675526281816653
1675526281816736
1675526281816818
1675526281816900
1675526281816982
1675526281817066
1675526281817149
1675526281817231
1675526281818530
1675526281818612
1675526281818694
1675526281820069
1675526281821146
1675526281822228
1675526281823527
1675526281823610
1675526281825215
1675526281825297
1675526281825379
1675526281825462
1675526281826305
1675526281826388
1675526281826470
1675526281827315
1675526281831043
1675526281832347
1675526281832430
1675526281833423
1675526281833506
1675526281833597
1675526281836338
1675526281836420
1675526281836503
1675526281836585
1675526281836667
1675526281836749
1675526281836831
1675526281836913
1675526281836995
1675526281837077
1675526281837389
1675526281837471
1675526281842501
1675526281842583
1675526281842665
1675526281843821
1675526281843903
1675526281843985
1675526281844905
1675526281846204
1675526281846286
1675526281846368
1675526281846450
1675526281847291
1675526281849650
1675526281851991
1675526281854812
1675526281854896
1675526281854978
1675526281855061
1675526281855143
1675526281855233
1675526281855316
1675526281855398
1675526281855480
1675526281855562
1675526281855644
1675526281855727
1675526281855886
1675526281855968
1675526281856050
1675526281857348
1675526281857431
1675526281859871
1675526281862286
1675526281863587
1675526281863670
1675526281863761
1675526281864679
1675526281864761
1675526281866059
1675526281866141
1675526281867135
1675526281869499
1675526281871912
1675526281874661
1675526281874744
1675526281874826
1675526281874908
1675526281874991
1675526281875073
1675526281875155
1675526281875237
1675526281875328
1675526281875411
1675526281875493
1675526281875575
1675526281875810
1675526281875893
1675526281875975
1675526281878718
1675526281878800
1675526281878882
1675526281878964
1675526281879047
1675526281879129
1675526281879211
1675526281879751
1675526281882122
1675526281883592
1675526281883674
1675526281884668
1675526281884750
1675526281886049
1675526281886131
1675526281886214
1675526281887131
1675526281890786
1675526281892068
1675526281893140
1675526281893222
1675526281893305
1675526281896051
1675526281896133
1675526281896216
1675526281896332
1675526281896413
1675526281896497
1675526281896579
1675526281896661
1675526281896743
1675526281897130
1675526281897213
1675526281897295
1675526281898214
1675526281898296
1675526281899596
1675526281899679
1675526281899761
1675526281899843
1675526281902137
1675526281902229
1675526281903226
1675526281904526
1675526281904608
1675526281904690
1675526281904772
1675526281907134
1675526281908584
1675526281908665
1675526281908747
1675526281911110
1675526281913928
1675526281914011
1675526281914093
1675526281914176
1675526281914258
1675526281914348
1675526281914430
1675526281914513
1675526281915054
1675526281915136
1675526281915218
1675526281915300
1675526281916599
1675526281916681
1675526281916764
1675526281917682
1675526281917765
1675526281917847
1675526281920137
1675526281922807
1675526281923879
1675526281923969
1675526281924051
1675526281924133
1675526281926424
1675526281926507
1675526281926588
1675526281927812
1675526281930405
1675526281932818
1675526281932900
1675526281935716
1675526281935798
1675526281935880
1675526281935963
1675526281936044
1675526281936126
1675526281936216
1675526281936298
1675526281936381
1675526281936464
1675526281936546
1675526281936628
1675526281936710
1675526281936792
1675526281936874
1675526281939691
1675526281939774
1675526281939855
1675526281939938
1675526281940020
1675526281940102
1675526281940184
1675526281940807
1675526281940890
1675526281943260
1675526281944712
1675526281944795
1675526281944877
1675526281944959
1675526281945042
1675526281946187
1675526281946271
1675526281947264
1675526281950919
1675526281952224
1675526281953294
1675526281953376
1675526281953459
1675526281954842
1675526281954925
1675526281955007
1675526281955089
1675526281955171
1675526281955254
1675526281955335
1675526281955876
1675526281955957
1675526281958700
1675526281958783
1675526281958865
1675526281959785
1675526281962148
1675526281964970
1675526281965051
1675526281965143
1675526281965225
1675526281965308
1675526281965391
1675526281966006
1675526281966088
1675526281966170
1675526281967089
1675526281969525
1675526281970823
1675526281971897
1675526281974789
1675526281974871
1675526281974954
1675526281975036
1675526281975118
1675526281975208
1675526281975290
1675526281975372
1675526281975454
1675526281975536
1675526281975618
1675526281975700
1675526281975783
1675526281975942
1675526281976025
1675526281977323
1675526281977406
1675526281977488
1675526281979928
1675526281982294
1675526281983669
1675526281983763
1675526281983845
1675526281984763
1675526281986286
1675526281986368
1675526281986451
1675526281986533
1675526281987452
1675526281987533
1675526281992533
1675526281992615
1675526281992697
1675526281993618
1675526281993701
1675526281995073
1675526281995156
1675526281995247
1675526281995329
1675526281995411
1675526281995493
1675526281995576
1675526281995658
1675526281999468
1675526281999552
1675526281999635
1675526281999717
1675526281999800
1675526281999882
1675526281999966
1675526282000048
1675526282000129
1675526282000212
1675526282000308
1675526282000544
1675526282003068
1675526282004443
1675526282004526
1675526282004608
1675526282004690
1675526282007053
1675526282007136
1675526282007218
1675526282007300
1675526282009512
1675526282012027
1675526282014922
1675526282015004
1675526282015086
1675526282015178
1675526282015260
1675526282015343
1675526282015425
1675526282015507
1675526282015588
1675526282015672
1675526282015755
1675526282015837
1675526282016071
1675526282016153
1675526282016235
1675526282017457
1675526282017540
1675526282017622
1675526282021516
1675526282022596
1675526282023971
1675526282024054
1675526282024136
1675526282024218
1675526282024300
1675526282025446
1675526282026513
1675526282026597
1675526282026679
1675526282029040
1675526282031383
1675526282034279
1675526282034361
1675526282034444
1675526282034526
1675526282034629
1675526282034711
1675526282034793
1675526282034876
1675526282034958
1675526282035042
1675526282035428
1675526282036500
1675526282037797
1675526282037879
1675526282037961
1675526282038043
1675526282041614
1675526282044127
1675526282044210
1675526282044292
1675526282045600
1675526282045683
1675526282045765
1675526282046684
1675526282046766
1675526282048067
1675526282050661
1675526282053032
1675526282053115
1675526282053198
1675526282055943
1675526282056025
1675526282056108
1675526282056190
1675526282056272
1675526282056354
1675526282056446
1675526282056529
1675526282056611
1675526282056693
1675526282056776
1675526282056858
1675526282056942
1675526282057024
1675526282057106
1675526282058405
1675526282058487
1675526282058569
1675526282058651
1675526282059949
1675526282061020
1675526282061103
1675526282062283
1675526282065326
1675526282065409
1675526282065491
1675526282065573
1675526282065655
1675526282065738
1675526282066428
1675526282066511
1675526282068874
1675526282071241
1675526282074062
1675526282074145
1675526282074227
1675526282074309
1675526282074391
1675526282074482
1675526282074564
1675526282074645
1675526282074728
1675526282074810
1675526282075122
1675526282075204
1675526282076275
1675526282077574
1675526282077656
1675526282077738
1675526282077821
1675526282077903
1675526282081382
1675526282082833
1675526282082916
1675526282083919
1675526282084001
1675526282085301
1675526282085383
1675526282086376
1675526282086459
1675526282087832
1675526282087914
1675526282087996
1675526282090357
1675526282092805
1675526282092888
1675526282092970
1675526282095711
1675526282095794
1675526282095876
1675526282095968
1675526282096050
1675526282096132
1675526282096214
1675526282096297
1675526282096379
1675526282096461
1675526282096543
1675526282096625
1675526282096708
1675526282096790
1675526282096873
1675526282098172
1675526282098255
1675526282098336
1675526282100774
1675526282103139
1675526282104590
1675526282104673
1675526282104755
1675526282104837
1675526282107127
1675526282107209
1675526282107291
1675526282109651
1675526282111991
