1675525734241640
1675525734242728
1675525734242804
1675525734242879
1675525734242953
1675525734245309
1675525734245390
1675525734245468
1675525734246653
1675525734246749
1675525734248151
1675525734248245
1675525734248323
1675525734250779
1675525734250784
1675525734252229
1675525734254880
1675525734256240
1675525734256316
1675525734256390
1675525734258754
1675525734258759
1675525734258834
1675525734260235
1675525734262886
1675525734262891
1675525734262894
1675525734262897
1675525734262900
1675525734262902
1675525734262905
1675525734263011
1675525734263016
1675525734263259
1675525734265761
1675525734265767
1675525734265846
1675525734265925
1675525734266076
1675525734267229
1675525734267308
1675525734267387
1675525734269755
1675525734269836
1675525734272304
1675525734274836
1675525734276235
1675525734276311
1675525734276386
1675525734277735
1675525734277811
1675525734277885
1675525734277959
1675525734278033
1675525734279240
1675525734281932
1675525734281937
1675525734281940
1675525734282015
1675525734282090
1675525734282164
1675525734282238
1675525734287308
1675525734287313
1675525734287316
1675525734287330
1675525734287333
1675525734287336
1675525734287339
1675525734287342
1675525734287344
1675525734287347
1675525734287350
1675525734287353
1675525734287355
1675525734287358
1675525734287433
1675525734287577
1675525734288708
1675525734290203
1675525734294059
1675525734295478
1675525734295554
1675525734299543
1675525734299548
1675525734299551
1675525734299554
1675525734299557
1675525734299559
1675525734299562
1675525734299707
1675525734300902
1675525734300993
1675525734301068
1675525734305039
1675525734305044
1675525734305047
1675525734305063
1675525734305067
