1675525577391661
1675525577392676
1675525577394072
1675525577394150
1675525577394301
1675525577394379
1675525577394455
1675525577396626
1675525577398075
1675525577398153
1675525577400686
1675525577402063
1675525577402141
1675525577402219
1675525577402297
1675525577403168
1675525577404545
1675525577404622
1675525577405650
1675525577408615
1675525577408693
1675525577408773
1675525577408922
1675525577409001
1675525577409079
1675525577409157
1675525577409235
1675525577409313
1675525577409390
1675525577409540
1675525577409618
1675525577409696
1675525577411001
1675525577412161
1675525577413546
1675525577413696
1675525577413773
1675525577413851
1675525577416166
1675525577417614
1675525577417691
1675525577417769
1675525577419075
1675525577420163
1675525577421613
1675525577421692
1675525577422636
1675525577423939
1675525577424017
1675525577424095
1675525577426925
1675525577427003
1675525577427081
1675525577427231
1675525577427308
1675525577427386
1675525577427464
1675525577427541
1675525577427691
1675525577427769
1675525577427847
1675525577427998
1675525577430530
1675525577431762
1675525577431912
1675525577431990
1675525577432870
1675525577433020
1675525577435262
1675525577436566
1675525577438086
1675525577439133
1675525577439211
1675525577440156
1675525577441605
1675525577444496
1675525577444646
1675525577444725
1675525577444802
1675525577444880
1675525577444957
1675525577445107
1675525577445194
1675525577445634
1675525577445712
1675525577445790
1675525577445867
1675525577445945
1675525577447033
1675525577447111
1675525577448560
1675525577448710
1675525577448790
1675525577451127
1675525577452230
1675525577453538
1675525577453681
1675525577453755
1675525577453838
