1675526504905875
1675526504905953
1675526504906030
1675526504906108
1675526504906185
1675526504906335
1675526504906413
1675526504908506
1675526504909743
1675526504909817
1675526504915095
1675526504915169
1675526504915243
1675526504915318
1675526504915461
1675526504916493
1675526504916576
1675526504916650
1675526504919109
1675526504920485
1675526504920562
1675526504920641
1675526504924610
1675526504924687
1675526504924838
1675526504924916
1675526504924993
1675526504925070
1675526504925148
1675526504925298
1675526504925374
1675526504925454
1675526504925539
1675526504925617
1675526504925767
1675526504925845
1675526504925995
1675526504926072
1675526504926150
1675526504926227
1675526504926377
1675526504926455
1675526504928584
1675526504929961
1675526504930103
1675526504931479
1675526504934087
1675526504936971
1675526504937087
1675526504937168
1675526504937246
1675526504937323
1675526504937402
1675526504937552
1675526504937630
1675526504937708
1675526504939586
1675526504940964
1675526504941042
1675526504941192
1675526504942497
1675526504942575
1675526504942652
1675526504942730
1675526504945121
1675526504945198
1675526504945276
1675526504946580
1675526504946658
1675526504946808
1675526504946886
1675526504946963
1675526504947061
1675526504947137
1675526504947211
1675526504950573
1675526504950647
1675526504950790
1675526504950864
1675526504953061
1675526504954446
1675526504955959
1675526504956033
1675526504956176
1675526504956250
1675526504956324
1675526504958601
1675526504959977
1675526504963009
1675526504963085
1675526504963164
1675526504963242
1675526504963320
1675526504963471
1675526504963548
1675526504963626
1675526504963713
1675526504963791
1675526504963869
1675526504965675
1675526504965826
1675526504965904
1675526504965982
1675526504966060
1675526504966136
1675526504966287
1675526504968184
1675526504970932
1675526504971075
1675526504973547
1675526504974922
1675526504975066
1675526504975148
1675526504975222
1675526504976460
1675526504976535
1675526504976678
1675526504979110
1675526504980485
1675526504980562
1675526504984603
1675526504984683
1675526504984760
1675526504984910
1675526504984987
1675526504985066
1675526504985143
1675526504985221
1675526504985307
1675526504985458
1675526504986111
1675526504986188
1675526504986266
1675526504986343
1675526504986493
1675526504986571
1675526504986648
1675526504988940
1675526504989083
1675526504990460
1675526504993069
1675526504994447
1675526504996029
1675526504996172
1675526504996255
1675526504996329
1675526504996472
1675526504996547
1675526504996620
1675526504999975
1675526505002794
1675526505002872
1675526505002950
1675526505003028
1675526505003106
1675526505003255
1675526505003333
1675526505003410
1675526505003487
1675526505003566
1675526505005311
1675526505005461
1675526505005539
1675526505005617
1675526505005695
1675526505006711
1675526505006789
1675526505008181
1675526505010858
1675526505010932
1675526505011006
1675526505011080
1675526505011153
1675526505014858
1675526505014932
1675526505015006
1675526505015101
1675526505016202
1675526505016277
1675526505016352
1675526505018823
1675526505020199
1675526505020349
1675526505020427
1675526505021801
1675526505021952
1675526505022029
1675526505022107
1675526505022185
1675526505022262
1675526505022411
1675526505022489
1675526505025822
1675526505025973
1675526505026050
1675526505026128
1675526505026206
1675526505026284
1675526505027223
1675526505027297
1675526505027440
1675526505028680
1675526505030194
1675526505034101
1675526505035614
1675526505035689
1675526505035762
1675526505035905
1675526505035989
1675526505036063
1675526505036137
1675526505036210
1675526505038267
1675526505040937
1675526505041087
1675526505041165
1675526505041243
1675526505041321
1675526505041471
1675526505045145
1675526505045222
1675526505045300
1675526505045377
1675526505045455
1675526505045614
1675526505045692
1675526505045770
1675526505045847
1675526505045925
1675526505046074
1675526505046152
1675526505046447
1675526505046524
1675526505046674
1675526505046752
1675526505049123
1675526505050498
1675526505050574
1675526505053113
1675526505054487
1675526505056144
1675526505056288
1675526505056362
1675526505056436
1675526505056510
1675526505056653
1675526505056727
1675526505058713
1675526505061458
1675526505061533
1675526505061676
1675526505061749
1675526505061823
1675526505061898
1675526505062932
1675526505063073
1675526505065967
1675526505066041
1675526505066184
1675526505066258
1675526505066332
1675526505066406
1675526505066549
1675526505066623
1675526505068602
1675526505069978
1675526505071427
1675526505071577
1675526505071655
1675526505074110
1675526505075558
1675526505075708
1675526505075795
1675526505075873
1675526505075950
1675526505076028
1675526505080831
1675526505080974
1675526505081047
1675526505081121
1675526505084893
1675526505084968
1675526505085042
1675526505085116
1675526505085258
1675526505085332
1675526505085406
1675526505085480
1675526505085631
1675526505086322
1675526505086396
1675526505086539
1675526505086613
1675526505086687
1675526505086761
1675526505090344
1675526505090419
1675526505092887
1675526505094195
1675526505095913
1675526505095986
1675526505096130
1675526505096204
1675526505096278
1675526505096360
1675526505096434
1675526505098460
1675526505101207
1675526505101285
1675526505101435
1675526505101514
1675526505101591
1675526505101669
1675526505105352
1675526505105429
1675526505105579
1675526505105657
1675526505105735
1675526505105813
1675526505105890
1675526505105976
1675526505106125
1675526505106204
1675526505106282
1675526505106359
1675526505106726
1675526505106804
1675526505108194
1675526505109714
1675526505109792
1675526505109943
1675526505110020
1675526505113628
1675526505115005
1675526505115083
1675526505115160
1675526505115247
1675526505116479
1675526505116558
1675526505116635
1675526505119131
1675526505120507
1675526505120582
1675526505123256
1675526505123330
1675526505123405
1675526505123479
1675526505123621
1675526505123696
1675526505123770
1675526505123844
1675526505123987
1675526505124069
1675526505125994
1675526505126068
1675526505126142
1675526505126285
1675526505126359
1675526505126434
1675526505126508
1675526505127454
1675526505128976
1675526505129055
1675526505129133
1675526505130435
1675526505130586
1675526505133112
1675526505134487
1675526505134583
1675526505136104
1675526505136182
1675526505136259
1675526505136337
1675526505136415
1675526505136564
1675526505136643
1675526505138933
1675526505139075
1675526505141754
1675526505141827
1675526505141902
1675526505142045
1675526505142119
1675526505142193
1675526505142276
1675526505142350
1675526505145576
1675526505145718
1675526505145791
1675526505145866
1675526505145940
1675526505146083
1675526505146980
1675526505147091
1675526505147096
1675526505148474
1675526505149923
1675526505153892
1675526505155195
1675526505155345
1675526505155444
1675526505155521
1675526505156681
1675526505156831
1675526505156910
1675526505159396
1675526505160703
1675526505160845
1675526505160920
1675526505160994
1675526505161068
1675526505164840
1675526505164983
1675526505165056
1675526505165131
1675526505165274
1675526505165357
1675526505165431
1675526505165505
1675526505165579
1675526505165722
1675526505165796
1675526505165869
1675526505166218
1675526505166293
1675526505166435
1675526505166509
1675526505168894
1675526505170199
1675526505170277
1675526505171723
1675526505173172
1675526505175997
1675526505176075
1675526505176224
1675526505176302
1675526505176381
1675526505176459
1675526505176536
1675526505179729
1675526505181106
1675526505181184
1675526505181261
1675526505181340
1675526505185094
1675526505185244
1675526505185322
1675526505185399
1675526505185488
1675526505185568
1675526505185645
1675526505186445
1675526505186523
1675526505186673
1675526505186749
1675526505186828
1675526505189117
1675526505190424
1675526505190567
1675526505190642
1675526505193112
1675526505194487
1675526505194561
1675526505196074
1675526505196157
1675526505196232
1675526505196374
1675526505196448
1675526505196524
1675526505196597
1675526505198757
1675526505201502
1675526505201580
1675526505201659
1675526505201737
1675526505201815
1675526505201965
1675526505204203
1675526505204354
1675526505204432
1675526505204519
1675526505204597
1675526505204675
1675526505204753
1675526505204901
1675526505206998
1675526505207080
1675526505207154
1675526505207228
1675526505207302
1675526505207375
1675526505209572
1675526505209715
1675526505210952
1675526505213628
1675526505214934
1675526505215085
1675526505215161
1675526505215234
1675526505216472
1675526505216546
1675526505216688
1675526505219107
1675526505220484
1675526505220560
1675526505220639
1675526505224608
1675526505224686
1675526505224836
1675526505224914
1675526505224991
1675526505225069
1675526505225155
1675526505225233
1675526505225310
1675526505225388
1675526505225466
1675526505226121
1675526505226198
1675526505226276
1675526505226354
1675526505226432
1675526505226510
1675526505226660
1675526505228920
1675526505229070
1675526505230445
1675526505233118
1675526505234501
1675526505234579
1675526505236100
1675526505236178
1675526505236256
1675526505236334
1675526505236484
1675526505236562
1675526505241391
1675526505241465
1675526505241538
1675526505241683
1675526505241757
1675526505241831
1675526505242727
1675526505242799
1675526505242884
1675526505242959
1675526505245363
1675526505245437
1675526505245511
1675526505245654
1675526505246756
1675526505246830
1675526505246904
1675526505246979
1675526505248177
1675526505250851
1675526505250929
1675526505251080
1675526505251157
1675526505253398
1675526505254709
1675526505254788
1675526505256237
1675526505256315
1675526505256392
1675526505256470
1675526505258839
1675526505260213
1675526505260287
1675526505261801
1675526505261944
1675526505262018
1675526505262092
1675526505262166
1675526505262308
1675526505262383
1675526505265823
1675526505265966
1675526505266039
1675526505266114
1675526505266188
1675526505266331
1675526505267235
1675526505267314
1675526505268690
1675526505270210
1675526505270288
1675526505272819
1675526505274193
1675526505275785
1675526505275935
1675526505276013
1675526505276100
1675526505276178
1675526505276256
1675526505278503
1675526505281246
1675526505281320
1675526505281394
1675526505281468
1675526505281610
1675526505281684
1675526505285320
1675526505285463
1675526505285537
1675526505285610
1675526505285754
1675526505285828
1675526505285911
1675526505285985
1675526505286059
1675526505286201
1675526505286276
1675526505286351
1675526505286493
1675526505286705
1675526505286778
1675526505286921
1675526505288243
1675526505289692
1675526505289770
1675526505289920
1675526505293604
1675526505294980
1675526505295079
1675526505295156
1675526505295234
1675526505296465
1675526505296542
1675526505296692
1675526505296770
1675526505296847
1675526505299129
1675526505300505
1675526505304618
1675526505304692
1675526505304835
1675526505304909
1675526505304983
1675526505305056
1675526505305139
1675526505305282
1675526505305356
1675526505306047
1675526505306190
1675526505306262
1675526505306337
1675526505306411
1675526505306555
1675526505310071
1675526505310149
1675526505310298
1675526505311457
1675526505311535
1675526505314064
1675526505315583
1675526505315669
1675526505315747
1675526505315897
1675526505315974
1675526505316052
1675526505320835
1675526505320910
1675526505321052
1675526505321126
1675526505321199
1675526505324835
1675526505324910
1675526505325053
1675526505325127
1675526505325201
1675526505325275
1675526505325426
1675526505325500
1675526505325573
1675526505325649
1675526505325791
1675526505326207
1675526505326350
1675526505326423
1675526505326498
1675526505326572
1675526505328817
1675526505330192
1675526505332862
1675526505334240
1675526505335905
1675526505335982
1675526505336069
1675526505336220
1675526505336298
1675526505336374
1675526505336453
1675526505338439
1675526505339815
1675526505342696
1675526505342839
1675526505342913
1675526505342987
1675526505343061
1675526505343204
1675526505343278
1675526505343352
1675526505343426
1675526505343509
1675526505345363
1675526505345436
1675526505345510
1675526505345653
1675526505345727
1675526505346692
1675526505346835
1675526505346910
1675526505348237
1675526505349685
1675526505349834
1675526505353585
1675526505354959
1675526505355037
1675526505355186
1675526505356426
1675526505356575
1675526505356654
1675526505356731
1675526505359086
1675526505360462
1675526505363277
1675526505363420
1675526505363494
1675526505363568
1675526505363642
1675526505363785
1675526505363859
1675526505363933
1675526505364007
1675526505364150
1675526505365946
1675526505366088
1675526505366163
1675526505366237
1675526505366311
1675526505366453
1675526505367456
1675526505370124
1675526505370202
1675526505370282
1675526505371440
1675526505371591
1675526505371669
1675526505374123
1675526505375571
1675526505375721
1675526505375809
1675526505375887
1675526505375964
1675526505376042
1675526505376120
1675526505380832
1675526505380907
1675526505381049
1675526505381125
1675526505381199
1675526505382231
1675526505382305
1675526505382379
1675526505382522
1675526505382596
1675526505384860
1675526505384944
1675526505385018
1675526505386325
1675526505386469
1675526505386543
1675526505386617
1675526505386691
1675526505386834
1675526505390330
1675526505390408
1675526505392863
1675526505394237
1675526505395901
1675526505395979
1675526505396127
1675526505396206
1675526505396292
1675526505396370
1675526505396448
1675526505398473
1675526505401217
1675526505401292
1675526505401435
1675526505401509
1675526505401583
1675526505401657
1675526505405360
1675526505405435
1675526505405509
1675526505405651
1675526505405726
1675526505405800
1675526505405883
1675526505405957
1675526505406099
1675526505406173
1675526505406247
1675526505406321
1675526505406464
1675526505406538
1675526505406682
1675526505406756
1675526505408170
1675526505409763
1675526505409841
1675526505409919
1675526505413598
1675526505414975
1675526505415061
1675526505415139
1675526505415217
1675526505416447
1675526505416597
1675526505416675
1675526505419118
1675526505420494
1675526505420568
1675526505424614
1675526505424687
1675526505424831
1675526505424905
1675526505424979
1675526505425054
1675526505425196
1675526505425278
1675526505425353
1675526505426044
1675526505426187
1675526505426261
1675526505426335
1675526505426409
1675526505426552
1675526505426627
1675526505428910
1675526505429054
1675526505430430
1675526505430573
1675526505433113
1675526505434421
1675526505434495
1675526505435961
1675526505436035
1675526505436109
1675526505436251
1675526505436325
1675526505439834
1675526505442723
1675526505442800
1675526505442879
1675526505443029
1675526505443106
1675526505443184
1675526505443261
1675526505443339
1675526505443416
1675526505443565
1675526505443661
1675526505445327
1675526505445476
1675526505445554
1675526505445631
1675526505448248
1675526505448322
1675526505448396
1675526505448470
1675526505448613
1675526505448687
1675526505448760
1675526505448835
1675526505449732
1675526505453572
1675526505454946
1675526505455098
1675526505455173
1675526505456481
1675526505456555
1675526505456629
1675526505456772
1675526505459107
1675526505460482
1675526505460560
1675526505460637
1675526505464607
1675526505464757
1675526505464834
1675526505464913
1675526505464990
1675526505465068
1675526505465226
1675526505465304
1675526505465382
1675526505465460
1675526505466115
1675526505466193
1675526505466271
1675526505466348
1675526505466424
1675526505466575
1675526505470128
1675526505470206
1675526505471509
1675526505471585
1675526505471663
1675526505474118
1675526505475572
1675526505475723
1675526505475800
1675526505475878
1675526505475956
1675526505476034
1675526505476183
1675526505480822
1675526505480965
1675526505481039
1675526505482347
1675526505482421
1675526505482563
1675526505482638
1675526505482712
1675526505482785
1675526505482868
1675526505485204
1675526505485278
1675526505485421
1675526505485495
1675526505485569
1675526505485643
1675526505485785
1675526505486682
1675526505489395
1675526505489473
1675526505490705
1675526505490855
1675526505490934
1675526505493390
1675526505494765
1675526505494851
1675526505494929
1675526505496232
1675526505496310
1675526505496387
1675526505496536
1675526505498837
1675526505500212
1675526505501929
1675526505502004
1675526505502078
1675526505502221
1675526505502294
1675526505502369
1675526505502443
1675526505502586
1675526505505819
1675526505505893
1675526505506036
1675526505506110
1675526505506184
1675526505506258
1675526505507225
1675526505507299
1675526505508677
1675526505508820
1675526505510195
1675526505512803
1675526505514247
1675526505515825
1675526505515899
1675526505515975
1675526505516126
1675526505516201
1675526505516275
1675526505519889
1675526505519966
1675526505522710
1675526505522853
1675526505522928
1675526505523002
1675526505523075
1675526505523355
1675526505523429
1675526505523573
1675526505523646
1675526505523721
1675526505523795
1675526505525734
1675526505525809
1675526505525883
1675526505526024
1675526505526100
1675526505526174
1675526505526248
