1675526520744035
1675526520744185
1675526520744263
1675526520744340
1675526520745427
1675526520745577
1675526520746951
1675526520748399
1675526520750001
1675526520750079
1675526520751455
1675526520751533
1675526520752908
1675526520753058
1675526520753136
1675526520754462
1675526520754536
1675526520754610
1675526520757494
1675526520757568
1675526520757642
1675526520757716
1675526520757858
1675526520757933
1675526520758024
1675526520758099
1675526520758927
1675526520759071
1675526520760446
1675526520760588
1675526520760662
1675526520763133
1675526520764461
1675526520764539
1675526520764617
1675526520764767
1675526520768447
1675526520771117
1675526520772491
1675526520773983
1675526520774066
1675526520774141
1675526520774215
1675526520775589
1675526520775663
1675526520775806
1675526520775880
1675526520775954
1675526520776028
1675526520776102
1675526520778437
1675526520778581
1675526520778655
1675526520778729
1675526520778803
1675526520778945
1675526520779027
1675526520779102
1675526520779930
1675526520781443
1675526520782956
1675526520783029
1675526520783104
1675526520783246
1675526520784468
1675526520784546
1675526520788442
1675526520789961
1675526520790039
1675526520790116
1675526520791418
1675526520792938
1675526520793098
1675526520793176
1675526520794433
1675526520794575
1675526520794649
1675526520797464
1675526520797538
1675526520797681
1675526520797756
1675526520797829
1675526520797903
1675526520798046
1675526520798120
1675526520798194
1675526520798954
1675526520800466
1675526520800549
1675526520800624
1675526520800766
1675526520801938
1675526520803456
1675526520803536
1675526520803614
1675526520803692
1675526520803842
1675526520804929
1675526520805079
1675526520805157
1675526520808908
1675526520810211
1675526520811659
1675526520813249
1675526520813335
1675526520813434
1675526520813509
1675526520813584
1675526520814686
1675526520814829
1675526520814903
1675526520816210
1675526520816284
1675526520816427
1675526520816501
1675526520816575
1675526520817677
1675526520819189
1675526520819263
1675526520820707
1675526520820789
1675526520820864
1675526520822171
1675526520823702
1675526520823845
1675526520823919
1675526520823993
1675526520824067
1675526520825169
1675526520826682
1675526520829358
1675526520830734
1675526520832176
1675526520832319
1675526520833667
1675526520833817
1675526520833917
1675526520833995
1675526520835227
1675526520835305
1675526520835383
1675526520835533
1675526520835610
1675526520838211
1675526520838288
1675526520838366
1675526520838516
1675526520838593
1675526520838671
1675526520838749
1675526520838827
1675526520838977
1675526520839063
1675526520839141
1675526520839219
1675526520839729
1675526520839808
1675526520839885
1675526520841188
1675526520841338
1675526520842713
1675526520842791
1675526520844204
1675526520844278
1675526520844352
1675526520849356
1675526520850664
1675526520850807
1675526520850889
1675526520852196
1675526520852270
1675526520852344
1675526520853676
1675526520853827
1675526520853905
1675526520853983
1675526520855216
1675526520855294
1675526520855371
1675526520855521
1675526520855598
1675526520856685
1675526520856835
1675526520858212
1675526520859669
1675526520861190
1675526520861340
1675526520861418
1675526520861496
1675526520861573
1675526520862732
1675526520862810
1675526520864223
1675526520864298
1675526520864372
1675526520864515
1675526520864590
1675526520865692
1675526520868437
1675526520871185
1675526520872707
1675526520872781
1675526520872856
1675526520874204
1675526520874282
1675526520874432
1675526520877178
1675526520877328
1675526520877407
1675526520877484
1675526520877562
1675526520877639
1675526520877716
1675526520877866
1675526520877944
1675526520878021
1675526520878108
1675526520878186
1675526520878697
1675526520880215
1675526520881732
1675526520881810
1675526520881888
1675526520883191
1675526520883341
1675526520883426
1675526520883501
1675526520883575
1675526520888443
1675526520889956
1675526520890030
1675526520890173
1675526520892652
1675526520894032
1675526520894111
1675526520894188
1675526520897004
1675526520897081
1675526520897159
1675526520897238
1675526520897316
1675526520897393
1675526520897471
1675526520897548
1675526520897698
1675526520897775
1675526520897853
1675526520898435
1675526520899960
1675526520900037
1675526520900115
1675526520901417
1675526520901567
1675526520902941
1675526520903091
1675526520903169
1675526520903246
1675526520904432
1675526520904576
1675526520908422
1675526520909936
1675526520910079
1675526520910153
1675526520910227
1675526520912640
1675526520913962
1675526520914041
1675526520917002
1675526520917079
1675526520917157
1675526520917235
1675526520917313
1675526520917463
1675526520917541
1675526520917618
1675526520917696
1675526520917774
1675526520917852
1675526520918433
1675526520919955
1675526520920041
1675526520920120
1675526520921422
1675526520922943
1675526520923021
1675526520923099
1675526520923249
1675526520924432
1675526520924575
1675526520925952
1675526520926026
1675526520926169
1675526520926243
1675526520926317
1675526520928583
1675526520929958
1675526520932574
1675526520933970
1675526520934048
1675526520935568
1675526520935646
1675526520935796
1675526520935874
1675526520935951
1675526520936029
1675526520936107
1675526520936256
1675526520936334
1675526520937062
1675526520939954
1675526520940032
1675526520940110
1675526520940197
1675526520940347
1675526520940425
1675526520941441
1675526520942961
1675526520943039
1675526520943117
1675526520943195
1675526520944454
1675526520944528
1675526520948441
1675526520949953
1675526520950028
1675526520951404
1675526520951547
1675526520951621
1675526520952937
1675526520953012
1675526520953154
1675526520953228
1675526520954471
1675526520955918
1675526520956069
1675526520956147
1675526520956224
1675526520956302
1675526520958976
1675526520959054
1675526520959132
1675526520959282
1675526520959359
1675526520959437
1675526520959523
1675526520959601
1675526520959679
1675526520959829
1675526520959907
1675526520960488
1675526520960566
1675526520961942
1675526520963465
1675526520963469
1675526520963612
1675526520963686
1675526520963760
1675526520968630
1675526520969938
1675526520971451
1675526520971546
1675526520971690
1675526520972930
1675526520973073
1675526520973147
1675526520973221
1675526520974470
1675526520977502
1675526520977580
1675526520977658
1675526520977735
1675526520977813
1675526520977962
1675526520978040
1675526520978118
1675526520978195
1675526520978929
1675526520980447
1675526520980526
1675526520981902
1675526520983561
1675526520983705
1675526520983779
1675526520983853
1675526520983995
1675526520984070
1675526520985104
1675526520985178
1675526520988953
1675526520991700
1675526520991843
1675526520993220
1675526520993303
1675526520993377
1675526520993529
1675526520994689
1675526520994840
1675526520994918
1675526520997733
1675526520997811
1675526520997889
1675526520997966
1675526520998116
1675526520998194
1675526520998272
1675526520999215
1675526520999293
1675526521000669
1675526521000827
1675526521000905
1675526521000983
1675526521001061
1675526521002221
1675526521003728
1675526521003802
1675526521003876
1675526521004019
1675526521008819
1675526521010194
1675526521011706
1675526521011780
1675526521013156
1675526521013299
1675526521013373
1675526521013462
1675526521014696
1675526521014774
1675526521017739
1675526521017817
1675526521017894
1675526521017972
1675526521018122
1675526521018200
1675526521018278
1675526521018356
1675526521018434
1675526521018511
1675526521018662
1675526521018740
1675526521018817
1675526521019193
1675526521020712
1675526521020790
1675526521022165
1675526521023746
1675526521023820
1675526521023894
1675526521023968
1675526521024112
1675526521025216
1675526521026660
1675526521029338
1675526521030713
1675526521030788
1675526521030931
1675526521032239
1675526521033684
1675526521033836
1675526521033913
1675526521033991
1675526521035224
1675526521035302
1675526521035381
1675526521035531
1675526521035608
1675526521038207
1675526521038285
1675526521038363
1675526521038513
1675526521038591
1675526521038668
1675526521038746
1675526521039700
1675526521039778
1675526521041225
1675526521041303
1675526521041380
1675526521042684
1675526521042835
1675526521042913
1675526521044183
1675526521044326
1675526521045701
1675526521045775
1675526521045918
1675526521048459
1675526521049903
1675526521050046
1675526521050128
1675526521051437
1675526521051511
1675526521052954
1675526521053028
1675526521053102
1675526521053244
1675526521054472
1675526521054551
1675526521054628
1675526521057445
1675526521057596
1675526521057674
1675526521057752
1675526521057830
1675526521057908
1675526521057994
1675526521058939
1675526521059089
1675526521060463
1675526521060540
1675526521060618
1675526521063146
1675526521064471
1675526521064546
1675526521064619
1675526521064762
1675526521064836
1675526521068472
1675526521071078
1675526521072453
1675526521072596
1675526521073962
1675526521074041
1675526521074191
1675526521074269
1675526521076941
1675526521077090
1675526521077168
1675526521077245
1675526521077323
1675526521077401
1675526521077479
1675526521077628
1675526521077706
1675526521077783
1675526521077861
1675526521077938
1675526521078601
1675526521078679
1675526521078756
1675526521078834
1675526521078985
1675526521079062
1675526521081447
1675526521081524
1675526521081675
1675526521082978
1675526521083056
1675526521083134
1675526521083212
1675526521084466
1675526521088445
1675526521089959
1675526521090042
1675526521090116
1675526521092585
1675526521093965
1675526521094044
1675526521095637
1675526521095787
1675526521095865
1675526521095942
1675526521096021
1675526521096098
1675526521096176
1675526521096326
1675526521098422
1675526521098572
1675526521099947
1675526521100033
1675526521100112
1675526521101415
1675526521101565
1675526521102940
1675526521103090
1675526521103167
1675526521103246
1675526521104501
1675526521104644
1675526521104718
1675526521105958
1675526521106032
1675526521108571
1675526521109947
1675526521111459
1675526521111555
1675526521111629
1675526521112938
1675526521113081
1675526521113155
1675526521113229
1675526521114467
1675526521116058
1675526521116136
1675526521116286
1675526521116364
1675526521116441
1675526521116519
1675526521116597
1675526521116747
1675526521118916
1675526521119074
1675526521119152
1675526521119230
1675526521119308
1675526521120468
1675526521120545
1675526521120623
1675526521123076
1675526521124403
1675526521124553
1675526521124631
1675526521124709
1675526521125939
1675526521126016
1675526521128542
1675526521129988
1675526521131443
1675526521131521
1675526521132966
1675526521133045
1675526521133123
1675526521133201
1675526521134456
1675526521137476
1675526521137550
1675526521137624
1675526521137767
1675526521137840
1675526521137914
1675526521137988
1675526521138130
1675526521138204
1675526521138287
1675526521138362
1675526521138505
1675526521138922
1675526521140434
1675526521140577
1675526521140652
1675526521143123
1675526521144470
1675526521144548
1675526521144626
1675526521144704
1675526521144854
1675526521148463
1675526521149909
1675526521150059
1675526521150145
1675526521150224
1675526521151454
1675526521151531
1675526521152905
1675526521153054
1675526521153132
1675526521153210
1675526521154468
1675526521154543
1675526521157494
1675526521157568
1675526521157642
1675526521157716
1675526521157859
1675526521157933
1675526521158015
1675526521158089
1675526521158985
1675526521160429
1675526521160572
1675526521161948
1675526521163460
1675526521163539
1675526521163690
1675526521163768
1675526521163846
1675526521164936
1675526521166457
1675526521166535
1675526521169134
1675526521171590
1675526521172981
1675526521175960
1675526521176035
1675526521176177
1675526521176251
1675526521176325
1675526521176399
1675526521176542
1675526521176616
1675526521176690
1675526521176764
1675526521176907
1675526521176981
1675526521177466
1675526521177539
1675526521178915
1675526521180438
1675526521180581
1675526521181957
1675526521182032
1675526521183614
1675526521183692
1675526521183770
1675526521183848
1675526521183998
1675526521184076
1675526521188765
1675526521191436
1675526521191585
1675526521191664
1675526521192966
1675526521193044
1675526521193131
1675526521193280
1675526521194464
1675526521194538
1675526521197490
1675526521197564
1675526521197638
1675526521197712
1675526521197855
1675526521197929
1675526521198004
1675526521198078
1675526521198221
1675526521198295
1675526521198369
1675526521198443
1675526521198936
1675526521199079
1675526521199153
1675526521199228
1675526521200466
1675526521200540
1675526521200682
1675526521201920
1675526521202063
1675526521203460
1675526521203539
1675526521203690
1675526521203767
1675526521203845
1675526521208606
1675526521209980
1675526521211436
1675526521211586
1675526521211664
1675526521212967
1675526521213044
1675526521213122
1675526521213200
1675526521214452
1675526521217473
1675526521217546
1675526521217689
1675526521217763
1675526521217837
1675526521217911
1675526521217985
1675526521218128
1675526521218964
1675526521220410
1675526521220553
1675526521220627
1675526521223098
1675526521224469
1675526521224547
1675526521224625
1675526521224775
1675526521224852
1675526521225940
1675526521226090
1675526521226167
1675526521226245
1675526521228628
1675526521230003
1675526521231458
1675526521232905
1675526521233056
1675526521233134
1675526521233211
1675526521234465
1675526521236114
1675526521236189
1675526521236264
1675526521236338
1675526521236481
1675526521236555
1675526521236629
1675526521236703
1675526521238967
1675526521239041
1675526521239123
1675526521240431
1675526521240575
1675526521240649
1675526521240724
1675526521240798
1675526521243134
1675526521244463
1675526521244541
1675526521244691
1675526521244769
1675526521248450
1675526521249970
1675526521250047
1675526521250126
1675526521251429
1675526521251527
1675526521252902
1675526521253052
1675526521253130
1675526521253208
1675526521254464
1675526521257484
1675526521257559
1675526521257633
1675526521257775
1675526521257849
1675526521257923
1675526521257997
1675526521258140
1675526521258214
1675526521258289
1675526521258371
1675526521258926
1675526521260439
1675526521260513
1675526521261958
1675526521263401
1675526521263532
1675526521263611
1675526521263761
1675526521263839
1675526521268604
1675526521269981
1675526521271429
1675526521271579
1675526521271657
1675526521272959
1675526521273045
1675526521273123
1675526521273201
1675526521274456
1675526521277477
1675526521277551
1675526521277694
1675526521277769
1675526521277844
1675526521277918
1675526521277992
1675526521278136
1675526521278210
1675526521278284
1675526521278358
1675526521278500
1675526521278927
1675526521280439
1675526521281952
1675526521282027
1675526521283530
1675526521283609
1675526521283687
1675526521283765
1675526521283843
1675526521284931
1675526521285081
1675526521285159
1675526521286463
1675526521289135
1675526521290438
1675526521291959
1675526521293430
1675526521293574
1675526521293649
1675526521293724
1675526521293797
1675526521294969
1675526521295043
1675526521295117
1675526521295259
1675526521296430
1675526521296573
1675526521296647
1675526521297953
1675526521299466
1675526521299540
1675526521300916
1675526521301068
1675526521301143
1675526521301217
1675526521301291
1675526521302460
1675526521302535
1675526521303918
1675526521304062
1675526521304136
1675526521304210
1675526521309080
1675526521310455
1675526521311970
1675526521312044
1675526521313452
1675526521313531
1675526521313617
1675526521313695
1675526521315000
1675526521315078
1675526521315228
1675526521315306
1675526521317979
1675526521318058
1675526521318136
1675526521318214
1675526521318291
1675526521318441
1675526521318519
1675526521318596
1675526521318674
1675526521318751
1675526521318837
1675526521318914
1675526521319498
1675526521319576
1675526521320950
1675526521321028
1675526521321177
1675526521322482
1675526521322559
1675526521323915
1675526521324057
1675526521324131
1675526521325439
1675526521326954
1675526521328399
1675526521329982
1675526521330064
1675526521330138
1675526521332611
1675526521333891
1675526521334041
1675526521336933
1675526521337084
1675526521337162
1675526521337239
1675526521337317
1675526521337395
1675526521337545
1675526521337622
1675526521337700
1675526521337778
1675526521338433
1675526521339963
1675526521340042
1675526521340119
1675526521341424
1675526521342945
1675526521343023
1675526521343101
1675526521343250
1675526521344434
1675526521344508
1675526521344651
1675526521345958
1675526521348635
1675526521349943
1675526521351455
1675526521351598
1675526521351680
1675526521352989
1675526521353063
1675526521353137
1675526521353211
1675526521355623
1675526521356926
1675526521357076
1675526521357154
1675526521357231
1675526521357309
1675526521359984
1675526521360062
1675526521360140
1675526521360217
1675526521360367
1675526521360453
1675526521360531
1675526521361475
1675526521363141
1675526521363219
1675526521363369
1675526521363449
1675526521363524
1675526521363598
1675526521363742
1675526521363816
1675526521364575
1675526521364649
1675526521368489
1675526521373746
