1675526538666071
1675526538668407
1675526538669510
1675526538670818
1675526538670892
1675526538671035
1675526538671109
1675526538673856
1675526538673931
1675526538674005
1675526538674079
1675526538674220
1675526538674304
1675526538674378
1675526538674453
1675526538674527
1675526538674669
1675526538674744
1675526538674887
1675526538675030
1675526538675104
1675526538675213
1675526538676306
1675526538676456
1675526538676534
1675526538676611
1675526538678925
1675526538679004
1675526538680028
1675526538680178
1675526538680256
1675526538682424
1675526538683872
1675526538683950
1675526538684891
1675526538687452
1675526538688897
1675526538689930
1675526538690004
1675526538690147
1675526538692413
1675526538692488
1675526538695367
1675526538695445
1675526538695546
1675526538695624
1675526538695702
1675526538695780
1675526538695858
1675526538695936
1675526538696086
1675526538696163
1675526538696240
1675526538696318
1675526538696396
1675526538696546
1675526538698859
1675526538700379
1675526538700458
1675526538700536
1675526538700694
1675526538700771
1675526538701932
1675526538702009
1675526538702952
1675526538704400
1675526538704478
1675526538706921
1675526538709327
1675526538710636
1675526538710710
1675526538713661
1675526538713736
1675526538713810
1675526538713884
1675526538714027
1675526538714109
1675526538714183
1675526538714257
1675526538714331
1675526538714474
1675526538714685
1675526538714828
1675526538714902
1675526538714976
1675526538715804
1675526538718190
1675526538719495
1675526538719573
1675526538719651
1675526538719801
1675526538719878
1675526538722069
1675526538723446
1675526538724533
1675526538724611
1675526538724688
1675526538727120
1675526538728496
