1675526278842051
1675526278848854
1675526278849001
1675526278849078
1675526278849154
1675526278849231
1675526278849307
1675526278849454
1675526278849531
1675526278849617
1675526278849694
1675526278849770
1675526278849917
1675526278849994
1675526278850070
1675526278850218
1675526278850294
1675526278850443
1675526278850519
1675526278851729
1675526278851806
1675526278851882
1675526278852029
1675526278855574
1675526278859188
1675526278859274
1675526278863131
1675526278863279
1675526278863356
1675526278863433
1675526278863510
1675526278863586
1675526278863733
1675526278863809
1675526278863886
1675526278863962
1675526278864039
1675526278864186
1675526278864263
1675526278864339
1675526278866683
1675526278866769
1675526278866846
1675526278870179
1675526278870256
1675526278870332
1675526278870408
1675526278874187
1675526278874264
1675526278874341
1675526278874417
1675526278874493
1675526278874570
1675526278874646
1675526278874794
1675526278874870
1675526278874946
1675526278875032
1675526278875109
1675526278876601
1675526278881631
1675526278881779
1675526278881856
1675526278881932
1675526278882008
1675526278882085
1675526278882161
1675526278882308
1675526278882385
1675526278882462
1675526278882558
1675526278882636
1675526278882783
1675526278884081
1675526278886566
1675526278891243
1675526278891320
1675526278891396
1675526278891544
1675526278891620
1675526278892619
1675526278892696
1675526278892772
1675526278892849
1675526278892997
1675526278894138
1675526278897829
1675526278897909
1675526278901881
1675526278901980
1675526278902057
1675526278902133
1675526278902210
1675526278902286
1675526278902362
1675526278902509
1675526278902588
1675526278902665
1675526278902742
1675526278902818
1675526278902965
1675526278905874
1675526278905950
1675526278906026
1675526278906103
1675526278906189
1675526278906266
1675526278906414
1675526278906491
1675526278906567
1675526278906644
1675526278906791
1675526278906868
1675526278906945
1675526278909429
1675526278909506
1675526278909583
1675526278913347
1675526278913423
1675526278913499
1675526278913576
1675526278913660
1675526278913808
1675526278913885
1675526278913961
1675526278915809
1675526278920911
1675526278920988
1675526278921064
1675526278921141
1675526278921217
1675526278921293
1675526278921370
1675526278921517
1675526278921593
1675526278921670
1675526278924864
1675526278924950
1675526278925027
1675526278925104
1675526278925180
1675526278925256
1675526278925403
1675526278927322
1675526278932424
1675526278932500
1675526278932649
1675526278932726
1675526278932803
1675526278932879
1675526278932956
1675526278933032
1675526278933108
1675526278933193
1675526278933341
1675526278934833
1675526278934909
1675526278937324
1675526278942430
1675526278942506
1675526278942656
1675526278942733
1675526278942809
1675526278942885
1675526278943033
1675526278943110
1675526278943186
1675526278943262
1675526278943338
1675526278943494
1675526278943572
1675526278943719
1675526278943795
1675526278943943
1675526278947490
1675526278947566
1675526278951041
1675526278951117
1675526278951194
1675526278951270
1675526278952338
1675526278952414
1675526278952564
1675526278952641
1675526278952717
1675526278956143
1675526278960817
1675526278960893
1675526278960969
1675526278961117
1675526278961194
1675526278963757
1675526278963833
1675526278963910
1675526278963987
1675526278964134
1675526278964211
1675526278964287
1675526278964363
1675526278964440
1675526278964587
1675526278964672
1675526278964749
1675526278964826
1675526278964973
1675526278965049
1675526278967391
1675526278967467
1675526278967614
1675526278970878
1675526278970954
1675526278971102
1675526278972243
1675526278972319
1675526278972395
1675526278972472
1675526278972622
1675526278976036
1675526278980716
1675526278980793
1675526278980869
1675526278981017
1675526278981093
1675526278984712
1675526278984789
1675526278984865
1675526278984942
1675526278985089
1675526278985166
1675526278985242
1675526278985318
1675526278985394
1675526278985543
1675526278985628
1675526278985705
1675526278985781
1675526278985928
1675526278987210
1675526278991961
1675526278992038
1675526278992185
1675526278992262
1675526278992338
1675526278992415
1675526278992491
1675526278992641
1675526278992717
1675526278992793
1675526278994427
1675526278994513
1675526278994661
1675526279000474
1675526279000622
1675526279000698
1675526279000775
1675526279000851
1675526279000928
1675526279004474
1675526279004551
1675526279004627
1675526279004703
1675526279004779
1675526279004926
1675526279005003
1675526279005079
1675526279005164
1675526279005241
1675526279006944
1675526279012044
1675526279012120
1675526279012196
1675526279012344
1675526279012420
1675526279012497
1675526279012647
1675526279012723
1675526279012800
1675526279014436
1675526279016919
1675526279023228
1675526279023304
1675526279023390
1675526279023467
1675526279023543
1675526279023691
1675526279023767
1675526279023843
1675526279023920
1675526279024066
1675526279024143
1675526279024219
1675526279024366
1675526279024443
1675526279024590
1675526279024667
1675526279024814
1675526279024890
1675526279024975
1675526279025051
1675526279025128
1675526279025204
1675526279025352
1675526279025428
1675526279025505
1675526279030748
1675526279030825
1675526279030901
1675526279031049
1675526279031126
1675526279031202
1675526279031279
1675526279031355
1675526279032069
1675526279032154
1675526279032302
1675526279032378
1675526279034722
1675526279037204
1675526279042305
1675526279042381
1675526279042458
1675526279042534
1675526279042604
1675526279042756
1675526279042835
1675526279042912
1675526279042990
1675526279043068
1675526279043218
1675526279043305
1675526279043383
1675526279043461
1675526279044694
1675526279044772
1675526279047231
1675526279052280
1675526279052430
1675526279052508
1675526279052588
1675526279052662
1675526279052805
1675526279052879
1675526279052953
1675526279053026
1675526279053169
1675526279053252
1675526279056068
1675526279060724
1675526279060799
1675526279060942
1675526279061016
1675526279061090
1675526279065760
1675526279065911
1675526279065990
1675526279066067
1675526279066146
1675526279066223
1675526279066373
1675526279066450
1675526279066528
1675526279066614
1675526279066693
1675526279066842
1675526279066920
1675526279066998
1675526279068228
1675526279071909
1675526279071987
1675526279072065
1675526279072142
1675526279072221
1675526279072371
1675526279072449
1675526279072527
1675526279079104
1675526279079178
1675526279079262
1675526279083090
1675526279083169
1675526279083320
1675526279083398
1675526279083475
1675526279083553
1675526279083630
1675526279083780
1675526279083858
1675526279083936
1675526279084014
1675526279084092
1675526279084242
1675526279089221
1675526279089300
1675526279089386
1675526279089464
1675526279089543
1675526279089693
1675526279089771
1675526279089848
1675526279089926
1675526279091662
1675526279091740
1675526279091890
1675526279091967
1675526279094072
1675526279094150
1675526279094228
1675526279094306
1675526279096545
1675526279101185
1675526279101263
1675526279101341
1675526279101490
1675526279101568
1675526279101645
1675526279101724
1675526279101801
1675526279105068
1675526279105143
1675526279105285
1675526279105359
1675526279105434
1675526279105508
1675526279105651
1675526279105724
1675526279105807
1675526279105881
1675526279107528
1675526279113601
1675526279113680
1675526279113830
1675526279113908
1675526279113986
1675526279114064
1675526279114142
1675526279114291
1675526279114369
1675526279114446
1675526279114524
1675526279114601
1675526279114751
1675526279114839
1675526279116070
1675526279116149
1675526279121127
1675526279121277
1675526279121355
1675526279121433
1675526279121511
1675526279121589
1675526279121738
1675526279121816
1675526279121894
1675526279121972
1675526279122049
1675526279122199
1675526279122494
1675526279122581
1675526279122656
1675526279122799
1675526279122873
1675526279125072
1675526279127544
1675526279132343
1675526279132418
1675526279132492
1675526279132587
1675526279132740
1675526279132818
1675526279132896
1675526279132974
1675526279134855
1675526279137313
1675526279142441
1675526279142519
1675526279142669
1675526279142743
1675526279142818
1675526279142892
1675526279143034
1675526279143108
1675526279143182
1675526279143256
1675526279143399
1675526279143473
1675526279143547
1675526279143690
1675526279143765
1675526279148972
1675526279149056
1675526279149131
1675526279149204
1675526279149278
1675526279149420
1675526279149494
1675526279149568
1675526279149642
1675526279149785
1675526279149859
1675526279149933
1675526279150075
1675526279150149
1675526279151591
1675526279151665
1675526279151739
1675526279151821
1675526279151964
1675526279152039
1675526279155325
1675526279160305
1675526279160383
1675526279160461
1675526279160610
1675526279160688
1675526279160767
1675526279165477
1675526279165556
1675526279165633
1675526279165711
1675526279165789
1675526279165939
1675526279166029
1675526279166107
1675526279166184
1675526279166261
1675526279166339
1675526279167928
1675526279171676
1675526279171754
1675526279171904
1675526279171982
1675526279172059
1675526279172137
1675526279172215
1675526279172293
1675526279172443
1675526279172521
1675526279174219
1675526279180248
1675526279180323
1675526279180466
1675526279180540
1675526279180614
1675526279180687
1675526279185295
1675526279185369
1675526279185443
1675526279185586
1675526279185660
1675526279185734
1675526279185808
1675526279185951
1675526279186025
1675526279186109
1675526279186183
1675526279186327
1675526279187702
1675526279192498
1675526279192582
1675526279192735
1675526279192813
1675526279192891
1675526279192969
1675526279193046
1675526279193124
1675526279193274
1675526279193352
1675526279193863
1675526279199921
1675526279200019
1675526279200097
1675526279200175
1675526279200325
1675526279200402
1675526279203942
1675526279204016
1675526279204159
1675526279204233
1675526279204306
1675526279204381
1675526279204524
1675526279204598
1675526279204672
1675526279204746
1675526279204889
1675526279204972
1675526279205046
1675526279205189
1675526279207522
1675526279207598
1675526279207671
1675526279207745
1675526279210966
1675526279211109
1675526279211183
1675526279211257
1675526279212358
1675526279212433
1675526279212587
1675526279212668
1675526279212747
1675526279214925
1675526279217382
1675526279222361
1675526279222511
1675526279222591
1675526279222595
1675526279222738
1675526279222812
1675526279222886
1675526279222960
1675526279223034
1675526279223177
1675526279223251
1675526279223325
1675526279223399
1675526279223542
1675526279223624
1675526279223699
1675526279223841
1675526279223915
1675526279226318
1675526279230774
1675526279230917
1675526279230992
1675526279231066
1675526279232304
1675526279232447
1675526279232521
1675526279232661
1675526279232813
1675526279232891
1675526279232969
1675526279234945
1675526279235023
1675526279239929
1675526279240007
1675526279240084
1675526279240162
1675526279240240
1675526279240390
1675526279243864
1675526279243939
1675526279244012
1675526279244086
1675526279244229
1675526279244303
1675526279244377
1675526279244451
1675526279244535
1675526279244678
1675526279246326
1675526279249890
1675526279249964
1675526279250106
1675526279251207
1675526279251350
1675526279251424
1675526279251498
1675526279251571
1675526279256360
1675526279261409
1675526279261487
1675526279261565
1675526279261715
1675526279261803
1675526279261882
1675526279261960
1675526279262038
1675526279262115
1675526279262265
1675526279262343
1675526279262421
1675526279267504
1675526279267578
1675526279267651
1675526279267794
1675526279267868
1675526279267942
1675526279268016
1675526279268159
1675526279268243
1675526279268317
1675526279268391
1675526279268534
1675526279268608
1675526279268682
1675526279269920
1675526279269994
1675526279270137
1675526279271580
1675526279271654
1675526279271727
1675526279271801
1675526279271944
1675526279272018
1675526279272092
1675526279277781
1675526279277860
1675526279281396
1675526279281474
1675526279281625
1675526279281702
1675526279281780
1675526279281858
1675526279281935
1675526279282014
1675526279285199
1675526279285274
1675526279285348
1675526279285490
1675526279285564
1675526279285638
1675526279285720
1675526279289835
1675526279289978
1675526279290052
1675526279293813
1675526279293964
1675526279294042
1675526279294119
1675526279294197
1675526279294274
1675526279294424
1675526279294502
1675526279294580
1675526279294658
1675526279294736
1675526279294814
1675526279296345
1675526279301397
1675526279301475
1675526279301625
1675526279301703
1675526279301781
1675526279301858
1675526279301936
1675526279302014
1675526279302164
1675526279302242
1675526279302320
1675526279302398
1675526279302757
1675526279302831
1675526279302905
1675526279302989
1675526279303132
1675526279305328
1675526279308891
1675526279308965
1675526279311432
1675526279311575
1675526279311649
1675526279311723
1675526279311797
1675526279311940
1675526279312014
1675526279312088
1675526279312163
1675526279313957
1675526279316414
1675526279324062
1675526279324136
1675526279324210
1675526279324285
1675526279324427
1675526279324501
1675526279324576
1675526279324650
1675526279324793
1675526279324867
1675526279324940
1675526279325083
1675526279325157
1675526279325231
1675526279325373
1675526279325447
1675526279325529
1675526279325604
1675526279325747
1675526279325821
1675526279325895
1675526279331649
1675526279331723
1675526279331798
1675526279331872
1675526279332014
1675526279332089
1675526279332163
1675526279332237
1675526279332379
1675526279332453
1675526279334031
1675526279336570
1675526279341691
1675526279341768
1675526279341846
1675526279341996
1675526279342074
1675526279342152
1675526279342229
1675526279342307
1675526279342385
1675526279342535
1675526279342630
1675526279342705
1675526279342779
1675526279343127
1675526279343201
1675526279343284
1675526279343358
1675526279345692
1675526279349258
1675526279349332
1675526279349474
1675526279349548
1675526279353251
1675526279353326
1675526279353400
1675526279353473
1675526279353616
1675526279353690
1675526279353763
1675526279353837
1675526279353980
1675526279355707
1675526279359268
1675526279359343
1675526279359416
1675526279362092
1675526279362235
1675526279362309
1675526279362382
1675526279362457
1675526279362531
1675526279362610
1675526279362689
1675526279362839
1675526279362917
1675526279362995
1675526279365736
1675526279365896
1675526279368209
1675526279371893
1675526279371972
1675526279372122
1675526279372200
1675526279372278
1675526279372355
1675526279372433
1675526279372586
1675526279372661
1675526279372735
1675526279379105
1675526279379179
1675526279379253
1675526279379327
1675526279381956
1675526279382099
1675526279382173
1675526279382247
1675526279382321
1675526279382463
1675526279382582
1675526279382662
1675526279382741
1675526279382818
1675526279382896
1675526279382974
1675526279384711
1675526279384789
1675526279384866
1675526279384944
1675526279385031
1675526279385181
1675526279385259
1675526279385337
1675526279385415
1675526279385492
1675526279390680
1675526279390830
1675526279390908
1675526279390985
1675526279391063
1675526279391141
1675526279391218
1675526279391368
1675526279392095
1675526279392173
1675526279392259
1675526279392410
1675526279393592
1675526279396199
1675526279399765
1675526279399839
1675526279399913
1675526279399987
1675526279400130
1675526279403741
1675526279403819
1675526279403897
1675526279404047
1675526279404125
1675526279404203
1675526279404281
1675526279404368
1675526279404447
1675526279404525
1675526279404675
1675526279406195
1675526279409802
1675526279409879
1675526279409957
1675526279410034
1675526279410112
1675526279413737
1675526279413811
1675526279413886
1675526279413960
1675526279414103
1675526279414177
1675526279414260
1675526279416183
1675526279421247
1675526279421390
1675526279421465
1675526279421539
1675526279421613
1675526279421755
1675526279421829
1675526279421904
1675526279421977
1675526279422120
1675526279422194
1675526279422268
1675526279422580
1675526279422732
1675526279422819
1675526279422897
1675526279422975
1675526279425215
1675526279427672
1675526279432363
1675526279432441
1675526279432519
1675526279432598
1675526279432673
1675526279432816
1675526279432890
1675526279432964
1675526279433038
1675526279433730
1675526279439829
1675526279439981
1675526279440055
1675526279440130
1675526279440204
1675526279440278
1675526279443800
1675526279443878
1675526279444028
1675526279444105
1675526279444183
1675526279444260
1675526279444338
1675526279444488
1675526279444565
1675526279444643
1675526279444721
1675526279444808
1675526279444959
1675526279447413
1675526279447491
1675526279447569
1675526279447719
1675526279450893
1675526279450972
1675526279451122
1675526279451199
1675526279452212
1675526279452363
1675526279452440
1675526279452518
1675526279456091
1675526279460747
1675526279460830
1675526279460904
1675526279461047
1675526279461121
1675526279465758
1675526279465908
1675526279465986
1675526279466063
1675526279466141
1675526279466219
1675526279466368
1675526279466446
1675526279466523
1675526279466600
