1675526499626232
1675526499626309
1675526499626459
1675526499626537
1675526499626623
1675526499628863
1675526499628941
1675526499630387
1675526499630465
1675526499630543
1675526499630620
1675526499630770
1675526499630848
1675526499630926
1675526499631004
1675526499634375
1675526499634449
1675526499634524
1675526499634667
1675526499635768
1675526499637232
1675526499639841
1675526499639915
1675526499640058
1675526499640132
1675526499640205
1675526499641231
1675526499643834
1675526499645279
1675526499645357
1675526499645435
1675526499645513
1675526499645590
1675526499646821
1675526499646972
1675526499647049
1675526499647136
1675526499647214
1675526499647292
1675526499649747
1675526499649824
1675526499649902
1675526499649979
1675526499650129
1675526499650208
1675526499650285
1675526499651239
1675526499653841
1675526499655216
1675526499656734
1675526499659332
1675526499659410
1675526499659496
1675526499659647
1675526499659725
1675526499660811
1675526499663341
1675526499664717
1675526499664860
1675526499666373
1675526499666447
1675526499666521
1675526499666663
1675526499666737
1675526499666811
1675526499666885
1675526499667028
1675526499667102
1675526499670336
1675526499670410
1675526499670553
1675526499670627
1675526499670701
1675526499670774
1675526499670917
1675526499671762
1675526499671836
1675526499674309
1675526499675687
1675526499675830
1675526499677206
1675526499680223
1675526499680366
1675526499680440
1675526499680523
1675526499680597
1675526499680671
1675526499680813
1675526499680888
1675526499684118
1675526499685495
1675526499685573
1675526499685651
1675526499685800
1675526499685878
1675526499689557
1675526499689707
1675526499689785
1675526499689863
1675526499689940
1675526499690026
1675526499690104
1675526499690254
1675526499690331
1675526499690409
1675526499690487
1675526499690997
1675526499691075
1675526499693557
1675526499693700
1675526499695007
1675526499695082
1675526499695156
1675526499695299
1675526499696468
1675526499699075
1675526499699157
1675526499699232
1675526499700471
1675526499700545
1675526499700688
1675526499700762
1675526499703038
1675526499704487
1675526499704565
1675526499706155
1675526499706233
1675526499706310
1675526499706389
1675526499706466
1675526499706545
1675526499706694
1675526499706781
1675526499708733
1675526499711482
1675526499711556
1675526499711700
1675526499711774
1675526499711848
1675526499711922
1675526499712066
1675526499712140
1675526499712213
1675526499714069
1675526499716541
1675526499717984
1675526499719635
1675526499719709
1675526499719791
1675526499719866
1675526499720008
1675526499720082
1675526499720156
1675526499723463
1675526499726206
1675526499726349
1675526499726423
1675526499726497
1675526499726571
1675526499726714
1675526499726788
1675526499726862
1675526499728990
1675526499729065
1675526499729147
1675526499729222
1675526499729296
1675526499729439
1675526499729513
1675526499729586
1675526499729660
1675526499730352
1675526499730494
1675526499731669
1675526499731819
1675526499731897
1675526499734209
1675526499735586
1675526499736963
1675526499740862
1675526499740949
1675526499741027
1675526499741105
1675526499741182
1675526499741276
1675526499742241
1675526499744782
1675526499744925
1675526499744999
1675526499748838
1675526499748912
1675526499749055
1675526499749130
1675526499749203
1675526499749278
1675526499749421
1675526499749505
1675526499751739
1675526499751817
1675526499751895
1675526499751973
1675526499752123
1675526499752201
1675526499752279
1675526499754303
1675526499754453
1675526499755683
1675526499755834
1675526499757210
1675526499759953
1675526499760031
1675526499760181
1675526499760267
1675526499760344
1675526499760422
1675526499765061
1675526499765204
1675526499765278
1675526499769118
1675526499769193
1675526499769267
1675526499769341
1675526499769484
1675526499769558
1675526499769632
1675526499769707
1675526499769849
1675526499769924
1675526499770006
1675526499770080
1675526499770223
1675526499770504
1675526499770578
1675526499770652
1675526499770795
1675526499770869
1675526499771958
1675526499773477
1675526499776076
1675526499778602
1675526499780121
1675526499780199
1675526499780276
1675526499780354
1675526499780452
1675526499780529
1675526499780680
1675526499780757
1675526499784078
1675526499784221
1675526499785458
1675526499785600
1675526499785674
1675526499785748
1675526499785891
1675526499789592
1675526499789666
1675526499789809
1675526499789883
1675526499789957
1675526499790040
1675526499790114
1675526499790257
1675526499790331
1675526499790405
1675526499790480
1675526499790622
1675526499790970
1675526499791113
1675526499792457
1675526499793976
1675526499794055
1675526499795428
1675526499796947
1675526499799762
1675526499799840
1675526499799926
1675526499800004
1675526499800082
1675526499800232
1675526499800309
1675526499803474
1675526499803617
1675526499806361
1675526499806435
1675526499806578
1675526499806652
1675526499806726
1675526499806800
1675526499807766
1675526499807840
1675526499807914
1675526499807996
1675526499810466
1675526499810609
1675526499810684
1675526499810758
1675526499810833
1675526499810976
1675526499811050
1675526499811124
1675526499811814
1675526499814487
1675526499814637
1675526499814715
1675526499815946
1675526499816096
1675526499819850
1675526499819936
1675526499820014
1675526499820092
1675526499820242
1675526499820320
1675526499821282
1675526499821357
1675526499823828
1675526499825203
1675526499825345
1675526499825419
1675526499825494
1675526499825636
1675526499826737
1675526499826811
1675526499826954
1675526499827037
1675526499829371
1675526499829445
1675526499829519
1675526499829593
1675526499830762
1675526499830836
1675526499830910
1675526499831053
1675526499831127
1675526499832245
1675526499833692
1675526499836291
1675526499838816
1675526499840191
1675526499840341
1675526499840427
1675526499841708
1675526499841852
1675526499841926
1675526499844330
1675526499847212
1675526499847354
1675526499847428
1675526499847502
1675526499847576
1675526499847719
1675526499847793
1675526499847867
1675526499847942
1675526499848084
1675526499848159
1675526499848242
1675526499849961
1675526499850104
1675526499850178
1675526499850252
1675526499850326
1675526499850469
1675526499850543
1675526499850617
1675526499850691
1675526499850833
1675526499851402
1675526499854001
1675526499856745
1675526499856823
1675526499856900
1675526499856987
1675526499859369
1675526499859447
1675526499859525
1675526499859603
1675526499859681
1675526499860768
1675526499860845
1675526499860923
1675526499863343
1675526499864718
1675526499868832
1675526499868906
1675526499869049
1675526499869123
1675526499869197
1675526499869281
1675526499869356
1675526499869430
1675526499871760
1675526499871839
1675526499871917
1675526499872066
1675526499872143
1675526499872221
1675526499872299
1675526499872377
1675526499874401
1675526499874479
1675526499875709
1675526499877228
1675526499880261
1675526499880351
1675526499880430
1675526499880507
1675526499880585
1675526499880734
1675526499880812
1675526499880890
1675526499880967
1675526499884092
1675526499885467
1675526499885610
1675526499885684
1675526499885758
1675526499885832
1675526499887069
1675526499887212
1675526499887297
1675526499887372
1675526499887446
1675526499887589
1675526499889992
1675526499890066
1675526499890140
1675526499890283
1675526499890357
1675526499890431
1675526499890506
1675526499891446
1675526499894119
1675526499894197
1675526499896583
1675526499897959
1675526499899486
1675526499899564
1675526499899642
1675526499899791
1675526499899869
1675526499903369
1675526499904746
1675526499904820
1675526499904894
1675526499905037
1675526499908810
1675526499908953
1675526499909027
1675526499909101
1675526499909174
1675526499909317
1675526499909399
1675526499909473
1675526499909548
1675526499909690
1675526499909764
1675526499910316
1675526499910459
1675526499910533
1675526499910608
1675526499910751
1675526499910824
1675526499911885
1675526499913189
1675526499917084
1675526499917162
1675526499918464
1675526499920159
1675526499920310
1675526499920388
1675526499920466
1675526499920544
1675526499920621
1675526499920699
1675526499923951
1675526499925326
1675526499925470
1675526499925544
1675526499925618
1675526499930897
1675526499930971
1675526499931044
1675526499931118
1675526499931305
1675526499931383
1675526499931461
1675526499931538
1675526499931616
1675526499931693
1675526499931844
1675526499931922
1675526499932000
1675526499932150
1675526499932227
1675526499934828
1675526499934905
1675526499935055
1675526499936214
1675526499938813
1675526499938900
1675526499938978
1675526499940209
1675526499940360
1675526499940438
1675526499940515
1675526499940593
1675526499944124
1675526499946940
1675526499947082
1675526499947157
1675526499947231
1675526499947374
1675526499947448
1675526499947522
1675526499947596
1675526499947748
1675526499947823
1675526499949610
1675526499949684
1675526499949827
1675526499949901
1675526499949975
1675526499951008
1675526499951082
1675526499951157
1675526499952456
1675526499953970
1675526499955483
1675526499956996
1675526499959809
1675526499959884
1675526499959968
1675526499960042
1675526499960186
1675526499960260
1675526499960334
1675526499964905
1675526499964984
1675526499965062
1675526499965139
1675526499968891
1675526499968968
1675526499969046
1675526499969124
1675526499969202
1675526499969351
1675526499969429
1675526499969515
1675526499969593
1675526499969671
1675526499969748
1675526499969898
1675526499971758
1675526499971832
1675526499971907
1675526499972049
1675526499972123
1675526499972197
1675526499972272
1675526499974401
1675526499975708
1675526499977220
1675526499979966
1675526499980119
1675526499980193
1675526499980267
1675526499980341
1675526499980484
1675526499981378
1675526499981456
1675526499985354
1675526499985431
1675526499985581
1675526499985659
1675526499985736
1675526499986751
1675526499986829
1675526499986906
1675526499987056
1675526499989376
1675526499989454
1675526499989532
1675526499989610
1675526499989760
1675526499990775
1675526499990853
1675526499990931
1675526499992256
1675526499994866
1675526499994940
1675526499995014
1675526499995157
1675526499997352
1675526499998727
1675526499998870
1675526500000254
1675526500000329
1675526500000403
1675526500000546
1675526500002889
1675526500004265
1675526500007223
1675526500007373
1675526500007451
1675526500007529
1675526500007606
1675526500007684
1675526500007834
1675526500007912
1675526500007989
1675526500008067
1675526500008153
1675526500008230
1675526500009964
1675526500010114
1675526500010192
1675526500010269
1675526500010347
1675526500010424
1675526500010574
1675526500010652
1675526500011374
1675526500013983
1675526500016523
1675526500017830
1675526500020714
1675526500020856
1675526500020939
1675526500021013
1675526500021087
1675526500021161
1675526500021306
1675526500021385
1675526500023409
1675526500024712
1675526500024861
1675526500024939
1675526500028908
1675526500028986
1675526500029063
1675526500029141
1675526500029291
1675526500029369
1675526500029456
1675526500029534
1675526500029611
1675526500029689
1675526500030200
1675526500030351
1675526500030428
1675526500030505
1675526500030583
1675526500031721
1675526500031865
1675526500034404
1675526500035711
1675526500037223
1675526500037297
1675526500038741
1675526500038824
1675526500038898
1675526500038972
1675526500040210
1675526500040353
1675526500040428
1675526500044123
1675526500045498
1675526500045576
1675526500045654
1675526500045805
1675526500049625
1675526500049703
1675526500049780
1675526500049858
1675526500050009
1675526500050096
1675526500050173
1675526500050251
1675526500050329
1675526500050407
1675526500050557
1675526500050995
1675526500051072
1675526500052456
1675526500055132
1675526500055206
1675526500055350
1675526500055424
1675526500056525
1675526500059132
1675526500059206
1675526500059301
1675526500059376
1675526500059450
1675526500060482
1675526500060557
1675526500063111
1675526500064485
1675526500068600
1675526500068749
1675526500068827
1675526500068905
1675526500068983
1675526500069061
1675526500069211
1675526500069288
1675526500071517
1675526500071601
1675526500071675
1675526500071749
1675526500071824
1675526500071967
1675526500072041
1675526500072115
1675526500072189
1675526500074113
1675526500076584
1675526500077960
1675526500080705
1675526500080780
1675526500080923
1675526500080997
1675526500081071
1675526500081153
1675526500081305
1675526500084628
1675526500084706
1675526500084783
1675526500086086
1675526500086237
1675526500086314
1675526500086392
1675526500086470
1675526500086547
1675526500086697
1675526500089226
1675526500089304
1675526500089382
1675526500089460
1675526500089547
1675526500089625
1675526500089775
1675526500089853
1675526500089931
1675526500090008
1675526500090086
1675526500090236
1675526500090314
1675526500090392
1675526500091762
1675526500094507
1675526500094582
1675526500097121
1675526500097195
1675526500098501
1675526500100160
1675526500100303
1675526500100377
1675526500100451
1675526500100525
1675526500100668
1675526500100742
1675526500104088
1675526500104163
1675526500105470
1675526500105613
1675526500105687
1675526500105761
1675526500105835
1675526500107006
1675526500107080
1675526500107162
1675526500109702
1675526500109776
1675526500109918
1675526500109993
1675526500110067
1675526500110140
1675526500113615
1675526500113693
1675526500113771
1675526500113849
1675526500114000
1675526500115014
1675526500115092
1675526500116468
1675526500119067
1675526500119226
1675526500119304
1675526500119381
1675526500120469
1675526500120619
1675526500120696
1675526500123129
1675526500124505
1675526500128620
1675526500128694
1675526500128837
1675526500128911
1675526500128985
1675526500129059
1675526500129203
1675526500129277
1675526500129359
1675526500129433
1675526500129575
1675526500129993
1675526500130067
1675526500130140
1675526500134117
1675526500134196
1675526500134346
1675526500134424
1675526500134501
1675526500134578
1675526500134656
1675526500134805
1675526500134883
1675526500136619
1675526500138001
1675526500139449
1675526500139600
1675526500139677
1675526500142100
1675526500142251
1675526500143481
1675526500147665
1675526500147743
1675526500147821
1675526500147899
1675526500147977
1675526500148055
1675526500148205
1675526500148282
1675526500148360
1675526500148446
1675526500148524
1675526500148674
1675526500148969
1675526500149047
1675526500149196
1675526500151637
1675526500151711
1675526500151786
1675526500151928
1675526500152003
1675526500154066
1675526500155511
1675526500156955
1675526500157098
1675526500159570
1675526500159653
1675526500159796
1675526500159870
1675526500159944
1675526500160978
1675526500161120
1675526500163603
1675526500164979
1675526500165057
1675526500169096
1675526500169246
1675526500169324
1675526500169401
1675526500169479
1675526500169556
1675526500169634
1675526500169793
1675526500169871
1675526500169949
1675526500170026
1675526500170104
1675526500170471
1675526500170549
1675526500170626
1675526500170776
1675526500171970
1675526500174577
1675526500174652
1675526500174795
1675526500175964
1675526500178570
1675526500178713
1675526500180096
1675526500180239
1675526500180313
1675526500180387
1675526500180460
1675526500180603
1675526500184117
1675526500184195
1675526500185498
1675526500185575
1675526500185653
1675526500185802
1675526500185880
1675526500186966
1675526500187117
1675526500187194
1675526500187281
1675526500189953
1675526500190103
1675526500190180
1675526500190258
1675526500190336
1675526500190413
1675526500190563
1675526500190641
1675526500191500
1675526500194108
1675526500194182
1675526500196588
1675526500197965
1675526500199546
1675526500199689
1675526500199784
1675526500199859
1675526500199934
1675526500200077
1675526500204837
1675526500204916
1675526500205065
1675526500205143
1675526500205221
1675526500207748
1675526500207826
1675526500207904
1675526500207981
1675526500208131
1675526500208209
1675526500208286
1675526500208374
1675526500208452
1675526500208530
1675526500208679
1675526500208757
1675526500211927
1675526500212005
1675526500212083
1675526500212160
1675526500212238
1675526500212387
1675526500212465
1675526500212542
1675526500214346
1675526500215722
1675526500217241
1675526500217329
1675526500220214
1675526500220364
1675526500220442
1675526500220520
1675526500220597
1675526500220675
1675526500220825
1675526500220903
1675526500220980
1675526500224085
1675526500225461
1675526500225604
1675526500225678
1675526500225753
1675526500225827
1675526500226947
1675526500227090
1675526500229972
1675526500230115
1675526500230189
1675526500230263
1675526500230337
1675526500230479
1675526500230553
1675526500230627
1675526500230702
1675526500231448
1675526500234047
1675526500235494
1675526500235572
1675526500236945
1675526500239554
1675526500239704
1675526500239781
1675526500239859
1675526500240944
1675526500241094
1675526500243575
1675526500244952
1675526500245095
1675526500249072
1675526500249216
1675526500249290
1675526500249364
1675526500249506
1675526500249580
1675526500249654
1675526500249736
1675526500249811
1675526500249954
