1675526299975892
1675526299976963
1675526299979297
1675526299980755
1675526299982361
1675526299982444
1675526299982527
1675526299982609
1675526299982691
1675526299982773
1675526299984907
1675526299984989
1675526299987756
1675526299987839
1675526299987920
1675526299988003
1675526299988086
1675526299988168
1675526299988250
1675526299988342
1675526299988424
1675526299988506
1675526299990336
1675526299991708
1675526299991791
1675526299991873
1675526299991956
1675526299992797
1675526299994247
1675526299994329
1675526299994411
1675526299995710
1675526300000809
1675526300003700
1675526300003782
1675526300003873
1675526300003956
1675526300004039
1675526300004121
1675526300004203
1675526300004818
1675526300004901
1675526300006200
1675526300006281
1675526300009248
1675526300009331
1675526300009413
1675526300009495
1675526300009577
1675526300009660
1675526300009742
1675526300009832
1675526300009915
1675526300009997
1675526300010079
1675526300010162
1675526300010321
1675526300010404
1675526300010486
1675526300013227
1675526300013309
1675526300013391
1675526300013474
1675526300013556
1675526300013638
1675526300013720
1675526300013802
1675526300014728
1675526300015798
1675526300015880
1675526300017254
1675526300017389
1675526300019834
1675526300021209
1675526300022355
1675526300023729
1675526300023812
1675526300023893
1675526300025192
1675526300025274
1675526300026267
1675526300029135
1675526300029217
1675526300029311
1675526300029392
1675526300029475
1675526300029558
1675526300029639
1675526300030179
1675526300030261
1675526300031560
1675526300031642
1675526300031724
1675526300032644
1675526300033941
1675526300034024
1675526300034106
1675526300034189
1675526300035488
1675526300036568
1675526300040200
1675526300041576
1675526300041659
1675526300041740
1675526300041823
1675526300043124
1675526300043205
1675526300044582
1675526300045728
1675526300045810
1675526300045892
1675526300047115
1675526300047197
1675526300047301
1675526300047384
1675526300048236
1675526300051129
1675526300051212
1675526300051293
1675526300051376
1675526300051458
1675526300051541
1675526300051624
1675526300052238
1675526300052320
1675526300052402
1675526300052485
1675526300053633
1675526300053715
1675526300055090
1675526300055173
1675526300060203
1675526300061579
1675526300061661
1675526300061743
1675526300063117
1675526300063200
1675526300063282
1675526300064584
1675526300065730
1675526300067103
1675526300067186
1675526300067267
1675526300067394
1675526300068236
1675526300071133
1675526300071215
1675526300071307
1675526300071389
1675526300071471
1675526300071553
1675526300071635
1675526300071718
1675526300072180
1675526300072263
1675526300072344
1675526300073568
1675526300073650
1675526300073733
1675526300075107
1675526300075190
1675526300076184
1675526300076266
1675526300080198
1675526300081725
1675526300081807
1675526300081889
1675526300081971
1675526300082053
1675526300082820
1675526300085331
1675526300087999
1675526300088081
1675526300088163
1675526300088246
1675526300088328
1675526300088410
1675526300088492
1675526300088574
1675526300088667
1675526300088749
1675526300089442
1675526300089524
1675526300090595
1675526300093490
1675526300093573
1675526300093654
1675526300093737
1675526300093819
1675526300093900
1675526300093982
1675526300094064
1675526300094984
1675526300096435
1675526300100338
1675526300101722
1675526300101804
1675526300101888
1675526300101970
1675526300103192
1675526300103274
1675526300103357
1675526300104276
1675526300105727
1675526300105809
1675526300105891
1675526300105973
1675526300106817
1675526300109737
1675526300109819
1675526300109903
1675526300110005
1675526300110088
1675526300110170
1675526300110252
1675526300110334
1675526300110416
1675526300111335
1675526300111417
1675526300112411
1675526300112492
1675526300112575
1675526300112656
1675526300112739
1675526300114951
1675526300121191
1675526300121273
1675526300122279
1675526300123578
1675526300123661
1675526300123743
1675526300123825
1675526300125123
1675526300125205
1675526300128076
1675526300128157
1675526300128241
1675526300128323
1675526300128405
1675526300128487
1675526300128568
1675526300128652
1675526300129191
1675526300129284
1675526300129366
1675526300129448
1675526300129530
1675526300130602
1675526300130684
1675526300130766
1675526300132216
1675526300132299
1675526300132381
1675526300132464
1675526300132546
1675526300132628
1675526300133320
1675526300136060
1675526300136143
1675526300136233
1675526300136316
1675526300139971
1675526300141345
1675526300141427
1675526300142420
1675526300143870
1675526300143952
1675526300144035
1675526300145336
1675526300145418
1675526300148381
1675526300148465
1675526300148547
1675526300148628
1675526300148711
1675526300148802
1675526300148885
1675526300149881
1675526300150953
1675526300153845
1675526300153927
1675526300154009
1675526300154091
1675526300154173
1675526300154254
1675526300154336
1675526300154418
1675526300154954
1675526300155036
1675526300156334
1675526300160241
1675526300161628
1675526300161711
1675526300161793
1675526300162712
1675526300164090
1675526300164173
1675526300164254
1675526300164337
1675526300165713
1675526300165795
1675526300165878
1675526300165960
1675526300166802
1675526300166884
1675526300166966
1675526300167963
1675526300170716
1675526300170799
1675526300170881
1675526300170963
1675526300171045
1675526300171127
1675526300171209
1675526300171292
1675526300171830
1675526300171913
1675526300171995
1675526300172077
1675526300172159
1675526300172925
1675526300175741
1675526300176812
1675526300179366
1675526300180741
1675526300181813
1675526300183187
1675526300183269
1675526300183351
1675526300183432
1675526300184730
1675526300185801
1675526300185883
1675526300187386
1675526300187468
1675526300187551
1675526300187634
1675526300187717
1675526300188484
1675526300191239
1675526300191321
1675526300191403
1675526300191485
1675526300191568
1675526300191650
1675526300191732
1675526300192347
1675526300192430
1675526300192511
1675526300193732
1675526300193815
1675526300193897
1675526300193979
1675526300195203
1675526300195286
1675526300195379
1675526300196298
1675526300200107
1675526300201481
1675526300201563
1675526300201644
1675526300202943
1675526300203025
1675526300203107
1675526300204480
1675526300204562
1675526300205556
1675526300207007
1675526300207090
1675526300207172
1675526300208072
1675526300210977
1675526300211060
1675526300211143
1675526300211225
1675526300211307
1675526300211390
1675526300211473
1675526300211555
1675526300212094
1675526300212176
1675526300212258
1675526300212340
1675526300213485
1675526300213568
1675526300214943
1675526300216471
1675526300220366
1675526300221741
1675526300221825
1675526300221907
1675526300222826
1675526300224200
1675526300224282
1675526300225810
1675526300225892
1675526300225974
1675526300226967
1675526300227050
1675526300227133
1675526300227216
1675526300228366
1675526300228448
1675526300228538
1675526300228621
1675526300228703
1675526300231217
1675526300231299
1675526300231382
1675526300231464
1675526300232308
1675526300232390
1675526300232472
1675526300232554
1675526300233702
1675526300235229
1675526300240338
1675526300241714
1675526300241796
1675526300241887
1675526300241968
1675526300242814
1675526300244191
1675526300245716
1675526300245799
1675526300246795
1675526300246877
1675526300246959
1675526300249749
1675526300249832
1675526300249914
1675526300249996
1675526300250078
1675526300250161
1675526300250242
1675526300250347
1675526300250430
1675526300250512
1675526300250594
1675526300250676
1675526300250835
1675526300253730
1675526300253812
1675526300253894
1675526300253977
1675526300254059
1675526300254141
1675526300254223
1675526300254838
1675526300254919
1675526300256219
1675526300256310
1675526300256393
1675526300260050
1675526300261501
1675526300261583
1675526300262578
1675526300263950
1675526300264033
1675526300265482
1675526300265564
1675526300266557
1675526300266640
1675526300268001
1675526300268083
1675526300268165
1675526300268247
1675526300268338
1675526300270548
1675526300272077
1675526300272159
1675526300272241
1675526300272323
1675526300272405
1675526300272487
1675526300272569
1675526300273185
1675526300275701
1675526300278444
1675526300278526
1675526300279596
1675526300280968
1675526300281050
1675526300282054
1675526300283506
1675526300283588
1675526300283670
1675526300283753
1675526300285128
1675526300285212
1675526300285294
1675526300286213
1675526300286295
1675526300286377
1675526300287297
1675526300290115
1675526300290197
1675526300290278
1675526300290361
1675526300290452
1675526300290534
1675526300290616
1675526300290699
1675526300290781
1675526300290863
1675526300291250
1675526300291333
1675526300292330
1675526300293705
1675526300293787
1675526300293869
1675526300293951
1675526300295099
1675526300301421
1675526300301503
1675526300301594
1675526300302515
1675526300303814
1675526300303897
1675526300303980
1675526300304062
1675526300304144
1675526300305363
1675526300305447
1675526300305529
1675526300306447
1675526300307521
1675526300308969
1675526300309051
1675526300309132
1675526300309215
1675526300309306
1675526300309388
1675526300309470
1675526300311983
1675526300312066
1675526300312148
1675526300312229
1675526300312311
1675526300312392
1675526300312475
1675526300312556
1675526300312639
1675526300313101
1675526300313183
1675526300313264
1675526300315854
1675526300315944
1675526300316940
1675526300320663
1675526300322116
1675526300322198
1675526300322280
1675526300323578
1675526300323660
1675526300324657
1675526300326108
1675526300329102
1675526300329184
1675526300329267
1675526300329349
1675526300329430
1675526300329513
1675526300329605
1675526300329688
1675526300329768
1675526300329852
1675526300329934
1675526300330245
1675526300330328
1675526300331627
1675526300331709
1675526300331791
1675526300331874
1675526300333097
1675526300333179
1675526300333262
1675526300335701
1675526300337075
1675526300339678
1675526300341130
1675526300342578
1675526300342661
1675526300342744
1675526300342826
1675526300345189
1675526300345271
1675526300346493
1675526300346576
1675526300346658
1675526300347543
1675526300347627
1675526300349004
1675526300349087
1675526300349169
1675526300349261
1675526300350485
1675526300351558
1675526300351641
1675526300351723
1675526300352643
1675526300353943
1675526300354026
1675526300354108
1675526300354191
1675526300355488
1675526300355569
1675526300360591
1675526300361813
1675526300361895
1675526300361978
1675526300362069
1675526300362912
1675526300364366
1675526300365437
1675526300366734
1675526300366816
1675526300366898
1675526300366979
1675526300367828
1675526300370723
1675526300370805
1675526300370887
1675526300370969
1675526300371052
1675526300371134
1675526300371217
1675526300371307
1675526300371391
1675526300371473
1675526300371861
1675526300371943
1675526300372026
1675526300372108
1675526300372190
1675526300373260
1675526300373342
1675526300374716
1675526300375788
1675526300375870
1675526300375953
1675526300377253
1675526300377389
1675526300379834
1675526300381133
1675526300381215
1675526300381298
1675526300382219
1675526300383596
1675526300383678
1675526300383760
1675526300385060
1675526300385142
1675526300386213
1675526300387290
1675526300390112
1675526300390195
1675526300390277
1675526300390359
1675526300390474
1675526300390556
1675526300390638
1675526300391179
1675526300391261
1675526300394080
1675526300394164
1675526300394246
1675526300394328
1675526300394410
1675526300394491
1675526300394574
1675526300395188
1675526300396562
1675526300400394
1675526300401691
1675526300401784
1675526300401866
1675526300401948
1675526300402793
1675526300404241
1675526300404324
1675526300404407
1675526300405704
1675526300405787
1675526300405869
1675526300406789
1675526300407852
1675526300410748
1675526300410830
1675526300410912
1675526300410994
1675526300411087
1675526300411169
1675526300411251
1675526300411332
1675526300411416
1675526300411498
1675526300411580
1675526300411662
1675526300412354
1675526300412436
1675526300412518
1675526300412600
1675526300413442
1675526300413524
1675526300413606
1675526300414525
1675526300415833
1675526300415914
1675526300421018
1675526300421101
1675526300422324
1675526300422406
1675526300423856
1675526300424926
1675526300425008
1675526300425091
1675526300426314
1675526300429361
1675526300429444
1675526300429525
1675526300429607
1675526300429690
1675526300429781
1675526300429864
1675526300429945
1675526300430027
1675526300430109
1675526300430191
1675526300430426
1675526300431875
1675526300431958
1675526300432040
1675526300432122
1675526300432203
1675526300433350
1675526300434420
1675526300434503
1675526300435876
1675526300435966
1675526300437391
1675526300439903
1675526300441355
1675526300441437
1675526300442813
1675526300442894
1675526300442977
1675526300445416
1675526300445499
1675526300446875
1675526300446957
1675526300447039
1675526300447923
1675526300449378
1675526300449461
1675526300449552
1675526300449635
1675526300449717
1675526300452309
1675526300452392
1675526300452475
1675526300452556
1675526300452639
1675526300452721
1675526300452803
1675526300452885
1675526300453424
1675526300454874
1675526300454956
1675526300456335
1675526300460204
1675526300461595
1675526300461677
1675526300461760
1675526300462680
1675526300464132
1675526300464213
1675526300464295
1675526300467117
1675526300467200
1675526300467310
1675526300467393
1675526300467476
1675526300467559
1675526300467641
1675526300467723
1675526300467804
1675526300468202
1675526300468285
1675526300468367
1675526300469592
1675526300471195
1675526300471277
1675526300471359
1675526300472355
1675526300472438
1675526300472520
1675526300472602
1675526300475120
1675526300476189
1675526300478678
1675526300481192
1675526300482717
1675526300482809
1675526300482891
1675526300482973
1675526300483056
1675526300483138
1675526300485350
1675526300485432
1675526300486733
1675526300486815
1675526300486897
1675526300486979
1675526300491094
1675526300491177
1675526300491259
1675526300491341
1675526300491423
1675526300491515
1675526300491597
1675526300491679
1675526300491761
1675526300491843
1675526300491925
1675526300492006
1675526300492089
1675526300492172
1675526300492254
1675526300492336
1675526300492418
1675526300492501
1675526300493343
1675526300494718
1675526300496245
1675526300496336
1675526300496418
1675526300496500
1675526300500051
1675526300501503
1675526300501585
1675526300501666
1675526300502966
1675526300503049
1675526300503131
1675526300503213
1675526300504436
1675526300505583
1675526300505664
1675526300506963
1675526300507044
1675526300507136
1675526300507218
1675526300507305
1675526300508453
1675526300508536
1675526300508617
1675526300508701
1675526300509619
1675526300510995
1675526300512063
1675526300514957
1675526300515039
1675526300515121
1675526300515203
1675526300515286
1675526300515368
1675526300515458
1675526300516453
1675526300520346
1675526300521722
1675526300521804
1675526300521886
1675526300523183
1675526300523266
1675526300523348
1675526300524343
1675526300525715
1675526300525797
1675526300528693
1675526300528776
1675526300528859
1675526300528941
1675526300529047
1675526300529128
1675526300529211
1675526300529293
1675526300529375
1675526300529457
1675526300529539
1675526300529850
1675526300529932
1675526300530015
1675526300531239
1675526300531322
1675526300532317
1675526300533692
1675526300533775
1675526300533858
1675526300535241
1675526300540344
1675526300541718
1675526300541802
1675526300541884
1675526300541966
1675526300542808
1675526300544257
1675526300545708
1675526300545791
1675526300546788
1675526300546869
1675526300547922
1675526300550744
1675526300550827
1675526300550909
1675526300551000
1675526300551082
1675526300551165
1675526300551247
1675526300551328
1675526300551412
1675526300551876
1675526300551959
1675526300552041
1675526300553189
1675526300553271
1675526300553353
1675526300553436
1675526300553517
1675526300554741
1675526300554823
1675526300555826
1675526300555908
1675526300555990
1675526300560790
1675526300562241
1675526300562323
1675526300562406
1675526300562488
1675526300562570
1675526300564785
1675526300565930
1675526300567228
1675526300570124
1675526300570205
1675526300570288
1675526300570371
1675526300570463
1675526300570545
1675526300570628
1675526300570710
1675526300570791
1675526300570874
1675526300571719
1675526300571802
1675526300571885
1675526300571967
1675526300572811
1675526300572893
1675526300572975
1675526300575339
1675526300576713
1675526300576795
1675526300579291
1675526300581728
1675526300583101
1675526300583183
1675526300583266
1675526300583348
1675526300583431
1675526300584578
1675526300585649
1675526300585729
1675526300585813
1675526300588456
1675526300588539
1675526300588621
1675526300588704
1675526300588787
1675526300588879
1675526300588961
1675526300589043
1675526300589583
1675526300590959
1675526300594008
1675526300594091
1675526300594174
1675526300594256
1675526300594339
1675526300594422
1675526300594503
1675526300595041
1675526300600053
1675526300601352
1675526300601435
1675526300601527
1675526300602445
1675526300603743
1675526300603825
