1675525890753777
1675525890753862
1675525890753954
1675525890754038
1675525890754122
1675525890754206
1675525890754289
1675525890754373
1675525890754457
1675525890754540
1675525890754624
1675525890755256
1675525890755340
1675525890756744
1675525890758233
1675525890759717
1675525890759804
1675525890761210
1675525890761306
1675525890761390
1675525890761475
1675525890762729
1675525890762812
1675525890762896
1675525890764227
1675525890765711
1675525890767195
1675525890767279
1675525890767363
1675525890768694
1675525890770255
1675525890771740
1675525890771824
1675525890771908
1675525890771999
1675525890774728
1675525890774812
1675525890774895
1675525890774980
1675525890775064
1675525890775148
1675525890775232
1675525890775316
1675525890775400
1675525890775484
1675525890775568
1675525890776196
1675525890779003
1675525890780487
1675525890781971
1675525890782064
1675525890782148
1675525890782233
1675525890785964
1675525890787448
1675525890788932
1675525890789016
1675525890790497
1675525890790581
1675525890790664
1675525890791991
1675525890792075
1675525890792159
1675525890792242
1675525890792326
1675525890794979
1675525890795070
1675525890795154
1675525890795239
1675525890795322
1675525890795406
1675525890795490
1675525890795573
1675525890795658
1675525890795742
1675525890795826
1675525890795909
1675525890796461
1675525890796545
1675525890796628
1675525890799159
1675525890800490
1675525890801985
1675525890802069
1675525890802153
1675525890802238
1675525890805974
1675525890807460
1675525890808944
1675525890809027
1675525890810432
1675525890811994
1675525890812078
1675525890812161
1675525890812244
1675525890812328
1675525890814982
1675525890815066
1675525890815158
1675525890815243
1675525890815326
1675525890815409
1675525890815493
1675525890815576
1675525890815660
1675525890815743
1675525890816448
1675525890817998
1675525890818084
1675525890819492
1675525890819575
1675525890820984
1675525890822470
1675525890822556
1675525890822648
1675525890822733
1675525890822816
1675525890823993
1675525890824076
1675525890825500
1675525890826987
1675525890828477
1675525890829962
1675525890830046
1675525890831446
1675525890831530
1675525890831614
1675525890833103
1675525890833186
1675525890833270
1675525890833377
1675525890833460
1675525890833544
1675525890833643
1675525890835985
1675525890836069
1675525890836152
1675525890836237
1675525890838696
1675525890840181
1675525890840265
1675525890840349
1675525890841755
1675525890841839
1675525890841947
1675525890842031
1675525890843211
1675525890845932
1675525890847437
1675525890848997
1675525890849081
1675525890850511
1675525890850596
1675525890850680
1675525890853489
1675525890853573
1675525890853656
1675525890853741
1675525890853825
1675525890853908
1675525890853992
1675525890854076
1675525890854169
1675525890854252
1675525890854336
1675525890854420
1675525890856454
1675525890856539
1675525890856622
1675525890856706
1675525890856789
1675525890856873
1675525890856956
1675525890857039
1675525890857123
1675525890857211
1675525890857295
1675525890857379
1675525890857472
1675525890857947
1675525890858031
1675525890860696
1675525890862182
1675525890862265
1675525890862350
1675525890862434
1675525890862517
1675525890866179
1675525890867447
1675525890867531
1675525890868940
1675525890870500
1675525890872062
1675525890872146
1675525890872239
1675525890872322
1675525890872405
1675525890872490
1675525890872574
1675525890872657
1675525890874998
1675525890875082
1675525890875166
1675525890875247
1675525890875331
1675525890875415
1675525890875499
1675525890876440
1675525890878002
1675525890879490
1675525890879582
1675525890879666
1675525890880994
1675525890882481
1675525890882565
1675525890882649
1675525890882735
1675525890883991
1675525890885478
1675525890886964
1675525890889691
1675525890891103
1675525890891187
1675525890894068
1675525890894152
1675525890894237
1675525890894334
1675525890894417
1675525890894502
1675525890894586
1675525890894669
1675525890894753
1675525890894837
1675525890894920
1675525890895003
1675525890895087
1675525890895170
1675525890895568
1675525890897054
1675525890898616
1675525890900102
1675525890900196
1675525890901613
1675525890901697
1675525890901781
1675525890903112
1675525890905840
1675525890907379
1675525890908867
1675525890908951
1675525890910359
1675525890910443
1675525890911853
1675525890911937
1675525890912020
1675525890912105
1675525890912189
1675525890914840
1675525890914936
1675525890915020
1675525890915105
1675525890915189
1675525890915273
1675525890915358
1675525890915441
1675525890915525
1675525890915609
1675525890915692
1675525890915775
1675525890916328
1675525890916412
1675525890916495
1675525890917851
1675525890919337
1675525890919433
1675525890920841
1675525890922324
1675525890922408
1675525890922492
1675525890923819
1675525890926563
1675525890927976
1675525890929460
1675525890929544
1675525890930946
1675525890931030
1675525890931116
1675525890933941
1675525890934025
1675525890934111
1675525890934204
1675525890934288
1675525890934371
1675525890934455
1675525890934538
1675525890934622
1675525890934705
1675525890934789
1675525890934872
1675525890935501
1675525890935584
1675525890936993
1675525890938501
1675525890939989
1675525890940073
1675525890940157
1675525890940249
1675525890940332
1675525890941430
1675525890941514
1675525890941599
1675525890942950
1675525890943033
1675525890943117
1675525890944446
1675525890945931
1675525890947457
1675525890948942
1675525890950434
1675525890951993
1675525890952077
1675525890952161
1675525890952253
1675525890952336
1675525890954989
1675525890955073
1675525890955156
1675525890955240
1675525890955324
1675525890955407
1675525890955492
1675525890955575
1675525890955658
1675525890956443
1675525890959252
1675525890960740
1675525890960823
1675525890962235
1675525890962330
1675525890962414
1675525890962497
1675525890964915
1675525890966321
1675525890967820
1675525890967904
1675525890967989
1675525890969317
1675525890969401
1675525890969486
1675525890970817
1675525890972380
1675525890972464
1675525890972549
1675525890972632
1675525890972738
1675525890975317
1675525890975401
1675525890975486
1675525890975569
1675525890975652
1675525890975738
1675525890975822
1675525890975905
1675525890975989
1675525890976072
1675525890976156
1675525890976241
1675525890976870
1675525890976954
1675525890977037
1675525890979545
1675525890980870
1675525890982355
1675525890982439
1675525890982524
1675525890982609
1675525890982693
1675525890986277
1675525890987610
1675525890989100
1675525890990580
1675525890990664
1675525890990747
1675525890992249
1675525890992333
1675525890992416
1675525890992520
1675525890992605
1675525890992688
1675525890992772
1675525890995114
1675525890995198
1675525890995281
1675525890995365
1675525890995449
1675525890995533
1675525890995617
1675525890996560
1675525890998130
1675525890999614
1675525890999699
1675525890999783
1675525891001058
1675525891002619
1675525891002702
1675525891002786
1675525891002870
1675525891004119
1675525891005605
1675525891007087
1675525891008619
1675525891010106
1675525891011591
1675525891011678
1675525891011762
1675525891014566
1675525891014650
1675525891014736
1675525891014829
1675525891014913
1675525891014996
1675525891015079
1675525891015163
1675525891015246
1675525891015330
1675525891015413
1675525891015496
1675525891016128
1675525891016212
1675525891017617
1675525891019106
1675525891020589
1675525891022072
1675525891022156
1675525891022248
1675525891022333
1675525891023582
1675525891026329
1675525891027589
1675525891029073
1675525891029157
1675525891029241
1675525891030569
1675525891030653
1675525891030738
1675525891033634
1675525891033717
1675525891033802
1675525891033885
1675525891033970
1675525891034063
1675525891034147
1675525891034232
1675525891034316
1675525891034399
1675525891034484
1675525891034567
1675525891035198
1675525891035281
1675525891035366
1675525891035450
1675525891035534
1675525891035617
1675525891036714
1675525891039370
1675525891040697
1675525891040790
1675525891042193
1675525891042277
1675525891042362
1675525891042445
1675525891042530
1675525891046349
1675525891046432
1675525891049076
1675525891050580
1675525891050664
1675525891052067
1675525891052152
1675525891052237
1675525891052320
1675525891052404
1675525891055065
1675525891055149
1675525891055234
1675525891055317
1675525891055401
1675525891055486
1675525891055569
1675525891055653
1675525891055738
1675525891055821
1675525891056609
1675525891058074
1675525891059568
1675525891061054
1675525891061139
1675525891061223
1675525891062561
1675525891062645
1675525891062730
1675525891062815
1675525891064069
1675525891065631
1675525891067133
1675525891067221
1675525891068626
1675525891070108
1675525891070192
1675525891071602
1675525891071686
1675525891071770
1675525891074577
1675525891074661
1675525891074753
1675525891074837
1675525891074919
1675525891075004
1675525891075088
1675525891075171
1675525891075254
1675525891075338
1675525891076120
1675525891078852
1675525891080335
1675525891080419
1675525891081821
1675525891081906
1675525891081990
1675525891082074
1675525891085822
1675525891087384
1675525891088868
1675525891090353
1675525891090436
1675525891090520
1675525891090605
1675525891091870
1675525891091954
1675525891092038
1675525891092122
1675525891092206
1675525891094862
1675525891094946
1675525891095029
1675525891095114
1675525891095207
1675525891095291
1675525891095375
1675525891095458
1675525891095542
1675525891095626
1675525891095709
1675525891095793
1675525891096501
1675525891096585
1675525891096669
1675525891096753
1675525891096836
1675525891096920
1675525891099173
1675525891101832
1675525891101930
1675525891102014
1675525891102099
1675525891102184
1675525891102267
1675525891103368
1675525891106016
1675525891107356
1675525891108841
1675525891110323
1675525891110406
1675525891111816
1675525891111899
1675525891111985
1675525891112069
1675525891112152
1675525891114827
1675525891114911
1675525891114995
1675525891115079
1675525891115163
1675525891115247
1675525891115330
1675525891115413
1675525891115497
1675525891116361
1675525891117848
1675525891119331
1675525891119415
1675525891119499
1675525891119584
1675525891120834
1675525891122328
1675525891122411
1675525891122495
1675525891122578
1675525891123828
1675525891123912
1675525891125318
1675525891126879
1675525891126963
1675525891129543
1675525891130871
1675525891130955
1675525891133855
1675525891133939
1675525891134022
1675525891134108
1675525891134200
1675525891134284
1675525891134367
1675525891134451
1675525891134534
1675525891134619
1675525891134702
1675525891134785
1675525891135339
1675525891135426
1675525891136835
1675525891139552
1675525891140882
1675525891140966
1675525891141051
1675525891141134
1675525891142337
1675525891142421
1675525891142505
1675525891142588
1675525891142672
1675525891146253
1675525891147591
1675525891149072
1675525891149156
1675525891150585
1675525891150669
1675525891153630
1675525891153714
1675525891153798
1675525891153882
1675525891153966
1675525891154061
1675525891154144
1675525891154229
1675525891154313
1675525891154396
1675525891154481
1675525891154564
1675525891156599
1675525891156683
1675525891156767
1675525891156851
1675525891156935
1675525891157018
1675525891157104
1675525891157195
1675525891157278
1675525891159318
1675525891160879
1675525891162361
1675525891162445
1675525891162528
1675525891162613
1675525891165027
1675525891166358
1675525891167849
1675525891167933
1675525891169340
1675525891169426
1675525891169510
1675525891170840
1675525891172324
1675525891172409
1675525891172503
1675525891172586
1675525891172670
1675525891173999
1675525891174083
1675525891174166
1675525891174250
1675525891174334
1675525891174417
1675525891174500
1675525891174584
1675525891175446
1675525891175687
1675525891178388
1675525891181117
1675525891181201
1675525891181293
1675525891181378
1675525891182631
1675525891182716
1675525891182801
1675525891184055
1675525891185618
1675525891187106
1675525891188592
1675525891190079
1675525891190162
1675525891191568
1675525891191651
1675525891191736
1675525891191820
1675525891194630
1675525891194724
1675525891194808
1675525891194892
1675525891194976
1675525891195059
1675525891195143
1675525891195227
1675525891195311
1675525891195396
1675525891196108
1675525891198836
1675525891200318
1675525891200402
1675525891201808
1675525891201893
1675525891201978
1675525891202070
1675525891205806
1675525891207371
1675525891208856
1675525891208941
1675525891210351
1675525891210435
1675525891210519
1675525891211852
1675525891211936
1675525891212020
1675525891212105
1675525891212188
1675525891214841
1675525891214928
1675525891215012
1675525891215104
1675525891215188
1675525891215272
1675525891215356
1675525891215440
1675525891215523
1675525891215607
1675525891215690
1675525891216479
1675525891216563
1675525891216646
1675525891216731
1675525891216815
1675525891216899
1675525891219316
1675525891219401
1675525891219493
1675525891220821
1675525891222381
1675525891222465
1675525891222550
1675525891222633
1675525891223808
1675525891226531
1675525891227843
1675525891229323
1675525891229406
1675525891229491
1675525891230817
1675525891232458
1675525891232542
1675525891232625
1675525891232717
1675525891232802
1675525891232886
1675525891232970
1675525891233055
1675525891233994
1675525891234077
1675525891234161
1675525891234245
1675525891234328
1675525891235503
1675525891238155
1675525891240806
1675525891240890
1675525891240975
1675525891241058
1675525891241151
1675525891242323
1675525891242407
1675525891242492
1675525891242575
1675525891243824
1675525891243909
1675525891246479
1675525891247831
1675525891249313
1675525891249397
1675525891250878
1675525891252363
1675525891252447
1675525891252531
1675525891252615
1675525891252720
1675525891255371
1675525891255455
1675525891255539
1675525891255622
1675525891255706
1675525891255790
1675525891255873
1675525891255957
1675525891256040
1675525891256123
1675525891256831
1675525891259560
1675525891261120
1675525891261204
1675525891262611
1675525891262704
1675525891262787
1675525891264117
1675525891265606
1675525891267089
1675525891268569
1675525891268653
1675525891270060
1675525891270144
1675525891270228
1675525891271557
1675525891271640
1675525891271725
1675525891271809
1675525891274615
1675525891274698
1675525891274790
1675525891274874
1675525891274958
1675525891275042
1675525891275126
1675525891275209
1675525891275293
1675525891275376
1675525891275460
1675525891275543
1675525891276102
1675525891276186
1675525891276270
1675525891278853
1675525891280336
1675525891281818
1675525891281910
1675525891281994
1675525891282078
1675525891285811
1675525891287378
1675525891288861
1675525891290350
1675525891290433
1675525891290517
1675525891291849
1675525891291933
1675525891292017
1675525891292101
1675525891292185
1675525891294832
1675525891294916
1675525891295008
1675525891295092
1675525891295176
1675525891295259
1675525891295343
1675525891295428
1675525891295511
1675525891295596
1675525891296306
1675525891297838
1675525891299322
1675525891299405
1675525891299491
1675525891300820
1675525891300904
1675525891302313
1675525891302430
1675525891302514
1675525891302598
1675525891302682
1675525891303858
1675525891306510
1675525891307843
1675525891309329
1675525891309414
1675525891310819
1675525891313860
1675525891313944
1675525891314027
1675525891314112
1675525891314196
1675525891314279
1675525891314370
1675525891314454
1675525891314537
1675525891314621
1675525891314705
1675525891314789
1675525891315342
1675525891316823
1675525891318311
1675525891319871
1675525891319954
1675525891320037
1675525891321368
1675525891321451
1675525891322861
1675525891322945
1675525891324364
1675525891325852
1675525891327376
1675525891328860
1675525891330349
1675525891330433
1675525891330517
1675525891330601
1675525891331856
1675525891331941
1675525891332025
1675525891332110
1675525891332194
1675525891333445
1675525891333529
1675525891333613
1675525891333705
1675525891333788
1675525891333872
1675525891336446
1675525891336529
1675525891336613
1675525891336697
1675525891336780
1675525891336864
1675525891336948
1675525891337031
1675525891337116
1675525891337207
1675525891337291
1675525891339318
1675525891339401
1675525891340816
1675525891342457
1675525891342541
1675525891342624
1675525891342709
1675525891342793
1675525891342877
1675525891345143
1675525891347839
1675525891347924
1675525891349328
1675525891350811
1675525891350895
1675525891350980
1675525891351064
1675525891351147
1675525891352487
1675525891352571
1675525891352654
1675525891352739
1675525891352823
1675525891352907
1675525891352991
1675525891355334
1675525891355418
1675525891355502
1675525891355585
1675525891355670
1675525891355754
1675525891356852
1675525891358379
1675525891359862
1675525891361356
1675525891361439
1675525891361523
1675525891361608
1675525891362860
1675525891362944
1675525891363028
1675525891364362
1675525891365849
1675525891367369
1675525891367453
1675525891367537
1675525891368868
1675525891370357
1675525891371841
1675525891371929
1675525891372020
1675525891372105
1675525891372189
1675525891373442
1675525891373526
