1675525718604880
1675525718604958
1675525718607293
1675525718607373
1675525718607452
1675525718608766
1675525718608859
1675525718608938
1675525718612623
1675525718612627
1675525718612631
1675525718612634
1675525718612636
1675525718612639
1675525718613092
1675525718613245
1675525718617542
1675525718617547
1675525718617550
1675525718617553
1675525718617555
1675525718617634
1675525718619053
1675525718619131
1675525718619227
1675525718621594
1675525718621675
1675525718621753
1675525718621831
1675525718624074
1675525718626552
1675525718626558
1675525718626561
1675525718628052
1675525718628132
1675525718628210
1675525718628288
1675525718633187
1675525718633192
1675525718633195
1675525718633209
1675525718633212
1675525718633215
1675525718633218
1675525718633220
1675525718633223
1675525718633226
1675525718634662
1675525718634742
1675525718634820
1675525718638372
1675525718638376
1675525718638455
1675525718638534
1675525718638612
1675525718638690
1675525718640942
1675525718644696
1675525718644701
1675525718644704
1675525718644778
1675525718644854
1675525718647176
1675525718647180
1675525718651257
1675525718651262
1675525718651266
1675525718651268
1675525718651271
1675525718651274
1675525718651277
1675525718651280
1675525718651371
1675525718651450
1675525718651529
1675525718651608
1675525718655223
1675525718655227
1675525718655230
1675525718655233
1675525718655236
1675525718655239
1675525718655242
1675525718655244
1675525718655247
1675525718655326
1675525718657763
1675525718657842
1675525718657931
1675525718659162
1675525718659242
1675525718661706
1675525718661862
1675525718664197
1675525718664351
1675525718666677
1675525718666681
1675525718666761
1675525718666839
1675525718668133
1675525718668213
1675525718668364
1675525718668442
1675525718673291
1675525718673307
1675525718673311
1675525718673314
1675525718673317
1675525718673319
1675525718673322
1675525718673325
1675525718673328
1675525718673330
1675525718673333
1675525718674785
1675525718674865
1675525718674943
1675525718675022
1675525718678422
1675525718678426
1675525718678514
1675525718678593
1675525718679893
1675525718681415
1675525718681494
1675525718681572
1675525718681723
1675525718685083
1675525718685163
1675525718686535
1675525718691744
1675525718691749
1675525718691752
1675525718691753
1675525718691757
1675525718691760
1675525718691771
1675525718691775
1675525718691776
1675525718691914
1675525718691918
1675525718693367
1675525718693446
1675525718693525
1675525718693603
1675525718694663
1675525718694743
1675525718694821
1675525718698356
1675525718698361
1675525718698440
1675525718698592
1675525718699803
1675525718701211
1675525718701308
1675525718704904
1675525718704985
1675525718705063
1675525718706374
1675525718708827
1675525718708830
1675525718708834
1675525718708837
1675525718708840
1675525718712899
1675525718712904
1675525718712908
1675525718712911
1675525718712940
1675525718712943
1675525718712946
1675525718712949
1675525718712951
1675525718713031
1675525718713109
1675525718713187
1675525718715377
1675525718715381
1675525718715385
1675525718715387
1675525718715390
1675525718717918
1675525718717923
1675525718718001
1675525718718090
1675525718719253
1675525718721927
1675525718722298
1675525718724409
1675525718724490
1675525718724568
1675525718726817
1675525718726898
1675525718728336
1675525718728414
1675525718728493
1675525718728571
1675525718728649
1675525718732161
1675525718732166
1675525718732183
1675525718732187
1675525718732190
1675525718732192
1675525718732271
1675525718732350
1675525718734908
1675525718734988
1675525718735068
1675525718738517
1675525718738521
1675525718738525
1675525718738676
1675525718739910
1675525718745077
1675525718745081
1675525718745093
1675525718745097
1675525718745100
1675525718745101
1675525718745105
1675525718745267
1675525718746548
1675525718749070
1675525718749075
1675525718749078
1675525718749081
1675525718749159
1675525718751734
1675525718751739
1675525718751742
1675525718751821
1675525718751910
1675525718751989
1675525718752068
1675525718752146
1675525718755599
1675525718755603
1675525718755607
1675525718755610
1675525718755613
1675525718755615
1675525718755694
1675525718758145
1675525718758224
1675525718758303
1675525718758381
1675525718759536
1675525718759624
1675525718761050
1675525718761129
1675525718764721
1675525718764801
1675525718764879
1675525718764957
1675525718766163
1675525718771306
1675525718771312
1675525718771315
1675525718771317
1675525718771320
1675525718771323
1675525718771326
1675525718771329
1675525718771343
1675525718771346
1675525718771349
1675525718771428
1675525718771507
1675525718776449
1675525718776453
1675525718776457
1675525718776460
1675525718776463
1675525718776465
1675525718776468
1675525718776471
1675525718776474
1675525718776476
1675525718776479
1675525718776491
1675525718777918
1675525718777997
1675525718778075
1675525718781590
1675525718781596
1675525718781599
1675525718781602
1675525718784062
1675525718786601
1675525718786605
1675525718786684
1675525718788040
1675525718788119
1675525718788198
1675525718788276
1675525718793258
1675525718793264
1675525718793267
1675525718793270
1675525718793273
1675525718793275
1675525718793278
1675525718793280
1675525718793284
1675525718793287
1675525718793289
1675525718793367
1675525718794663
1675525718794742
1675525718794820
1675525718798343
1675525718798358
1675525718798439
1675525718798518
1675525718799801
1675525718799881
1675525718801519
1675525718801598
1675525718801677
1675525718801755
1675525718804888
1675525718804970
1675525718806256
1675525718808826
1675525718808832
1675525718808836
1675525718808839
1675525718808868
1675525718811799
1675525718811877
1675525718811956
1675525718812035
1675525718812114
1675525718812265
1675525718812343
1675525718812421
1675525718815438
1675525718815443
1675525718816954
1675525718818390
1675525718818470
1675525718818549
1675525718818627
1675525718821063
1675525718821142
1675525718823470
1675525718824916
1675525718824996
1675525718825074
1675525718828582
1675525718828587
1675525718828590
1675525718828593
1675525718828672
1675525718830038
1675525718834138
1675525718834143
1675525718834146
1675525718834149
1675525718834167
1675525718834171
1675525718834174
1675525718834176
1675525718834178
1675525718834182
1675525718834185
1675525718834187
1675525718834190
1675525718834193
1675525718834196
1675525718835551
1675525718835630
1675525718835709
1675525718835788
1675525718838183
1675525718838354
1675525718838433
1675525718838513
1675525718840638
1675525718842057
1675525718842136
1675525718844621
1675525718844702
1675525718844791
1675525718847101
1675525718851095
1675525718851099
1675525718851103
1675525718851106
1675525718851108
1675525718851111
1675525718851144
1675525718851220
1675525718851295
1675525718851369
1675525718851512
1675525718852517
1675525718852606
1675525718852680
1675525718855099
1675525718855103
1675525718855178
1675525718857629
1675525718857705
1675525718858962
1675525718859053
1675525718859196
1675525718859281
1675525718861661
1675525718861666
1675525718861742
1675525718861817
1675525718864147
1675525718866561
1675525718866566
1675525718866569
1675525718866644
1675525718867961
1675525718868125
1675525718868199
1675525718868274
1675525718873150
1675525718873155
1675525718873171
1675525718873174
1675525718873176
1675525718873180
1675525718873182
1675525718873184
1675525718873188
1675525718873267
1675525718874460
1675525718874557
1675525718874638
1675525718874788
1675525718878155
1675525718878311
1675525718878462
1675525718878541
1675525718879710
1675525718881160
1675525718881240
1675525718884853
1675525718884934
1675525718885013
1675525718885091
1675525718886212
1675525718891463
1675525718891468
1675525718891471
1675525718891474
1675525718891476
1675525718891478
1675525718891482
1675525718891485
1675525718891501
1675525718891582
1675525718891661
1675525718891739
1675525718895525
1675525718895530
1675525718895533
1675525718895536
1675525718895539
1675525718895542
1675525718895544
1675525718895547
1675525718895550
1675525718895552
1675525718895554
1675525718895558
1675525718897959
1675525718898040
1675525718898119
1675525718898197
1675525718899410
1675525718901934
1675525718902015
1675525718904510
1675525718904589
1675525718904667
1675525718907048
1675525718908421
1675525718908501
1675525718908581
1675525718908731
1675525718912211
1675525718912234
1675525718912237
1675525718912240
1675525718912243
1675525718912322
1675525718912475
1675525718912628
1675525718912707
1675525718912785
1675525718913641
1675525718918752
1675525718918757
1675525718918760
1675525718918763
1675525718918766
1675525718918769
1675525718918782
1675525718918785
1675525718920134
1675525718922717
1675525718922722
1675525718922725
1675525718922727
1675525718922731
1675525718925200
1675525718925204
1675525718925283
1675525718927746
1675525718927751
1675525718927829
1675525718927908
1675525718930273
1675525718930289
1675525718930292
1675525718935283
1675525718935287
1675525718935290
1675525718935293
1675525718935296
1675525718935299
1675525718935301
1675525718935303
1675525718935307
1675525718935310
1675525718937869
1675525718939206
1675525718939299
1675525718939377
1675525718941811
1675525718941816
1675525718941895
1675525718944391
1675525718944470
1675525718946818
1675525718946823
1675525718951953
1675525718951959
1675525718951962
1675525718951965
1675525718951968
1675525718951971
1675525718951974
1675525718951976
1675525718951979
1675525718951998
1675525718952076
1675525718954846
1675525718954933
1675525718955012
1675525718955090
1675525718955168
1675525718955318
1675525718955397
1675525718955475
1675525718955553
1675525718955631
1675525718955709
1675525718955788
1675525718958549
1675525718958554
1675525718958642
1675525718958720
1675525718960007
1675525718961510
1675525718961589
1675525718965221
1675525718965226
1675525718965229
1675525718965309
1675525718966660
1675525718966740
1675525718971845
1675525718971850
1675525718971853
1675525718971855
1675525718971859
1675525718971870
1675525718971874
1675525718971876
1675525718971878
1675525718971882
1675525718971962
1675525718972041
1675525718973254
1675525718974761
1675525718974841
1675525718974920
1675525718974998
1675525718978446
1675525718978451
1675525718978604
1675525718978683
1675525718979911
1675525718982449
1675525718982453
1675525718982457
1675525718982460
1675525718984985
1675525718985066
1675525718987473
1675525718987553
1675525718987632
1675525718988910
1675525718988990
1675525718994074
1675525718994078
1675525718994082
1675525718994085
1675525718994117
1675525718994121
1675525718994123
1675525718994126
1675525718994129
1675525718994131
1675525718994134
1675525718994137
1675525718994140
1675525718994143
1675525718995505
1675525718995586
1675525718999310
1675525718999314
1675525718999318
1675525718999320
1675525718999332
1675525718999335
1675525719000784
1675525719004699
1675525719004703
1675525719004781
1675525719004860
1675525719004938
1675525719007193
1675525719007273
1675525719009853
1675525719009858
1675525719009861
1675525719009863
1675525719009866
1675525719009944
1675525719016409
1675525719016416
1675525719016419
1675525719016422
1675525719016425
1675525719016428
1675525719016430
1675525719016432
1675525719016437
1675525719016440
1675525719016442
1675525719016445
1675525719016448
1675525719016451
1675525719016454
1675525719016456
1675525719017788
1675525719017868
1675525719017946
1675525719018025
1675525719021579
1675525719021585
1675525719021588
1675525719024175
1675525719026599
1675525719026603
1675525719026607
1675525719026685
1675525719028040
1675525719028119
1675525719028198
1675525719028276
1675525719033246
1675525719033251
1675525719033253
1675525719033257
1675525719033260
1675525719033263
1675525719033265
1675525719033268
1675525719033271
1675525719033350
1675525719034639
1675525719034718
1675525719034798
1675525719038286
1675525719038367
1675525719038446
1675525719038534
1675525719039746
1675525719042220
1675525719042226
1675525719042229
1675525719042232
1675525719042310
1675525719044817
1675525719044896
1675525719047250
1675525719047623
1675525719049739
1675525719049743
1675525719049746
1675525719049749
1675525719049752
1675525719054921
1675525719054926
1675525719054929
1675525719054932
1675525719054935
1675525719054938
1675525719054940
1675525719054943
1675525719054946
1675525719054949
1675525719057539
1675525719058921
1675525719058926
1675525719059076
1675525719059155
1675525719061569
1675525719061661
1675525719064042
1675525719066474
1675525719066479
1675525719066481
1675525719066560
1675525719066640
1675525719068964
1675525719068968
1675525719068971
1675525719068974
1675525719068977
1675525719072961
1675525719072966
1675525719072969
1675525719072972
1675525719072984
1675525719072988
1675525719072990
1675525719072993
1675525719072996
1675525719073140
1675525719073214
1675525719073288
1675525719078096
1675525719078101
1675525719078104
1675525719078107
1675525719078109
1675525719078112
1675525719078115
1675525719078118
1675525719078129
1675525719078353
1675525719078496
1675525719080632
1675525719082058
1675525719084585
1675525719084665
1675525719084744
1675525719087093
1675525719087174
1675525719088541
1675525719088621
1675525719088699
1675525719088777
1675525719092318
1675525719092323
1675525719092340
1675525719092343
1675525719092346
1675525719092349
1675525719092351
1675525719092430
1675525719092510
1675525719092588
1675525719096198
1675525719096201
1675525719096206
1675525719096286
1675525719098702
1675525719098707
1675525719098710
1675525719101186
1675525719101200
1675525719101203
1675525719101206
1675525719101286
1675525719102660
1675525719102740
1675525719105182
1675525719105187
1675525719105190
1675525719107689
1675525719107770
1675525719107922
1675525719110214
1675525719110295
1675525719112915
1675525719112920
1675525719112934
1675525719112937
1675525719112940
1675525719112943
1675525719112946
1675525719112948
1675525719113100
1675525719117830
1675525719117834
1675525719117837
1675525719117840
1675525719117920
1675525719117998
1675525719118076
1675525719119286
1675525719119365
1675525719121846
1675525719121926
1675525719124401
1675525719124483
1675525719124561
1675525719126843
1675525719126848
1675525719132006
1675525719132011
1675525719132014
1675525719132017
1675525719132020
1675525719132023
1675525719132027
1675525719132029
1675525719132032
1675525719132069
1675525719132072
1675525719132075
1675525719135966
1675525719135970
1675525719135973
1675525719135976
1675525719135979
1675525719135982
1675525719135984
1675525719135988
1675525719135990
1675525719135993
1675525719138439
1675525719138444
1675525719138523
1675525719138610
1675525719141106
1675525719141186
1675525719142411
1675525719144955
1675525719144961
1675525719145113
1675525719145191
1675525719147450
1675525719147455
1675525719147607
1675525719148895
1675525719148988
1675525719149067
1675525719154107
1675525719154111
1675525719154126
1675525719154129
1675525719154131
1675525719154135
1675525719154138
1675525719154140
1675525719154143
1675525719154146
1675525719154149
1675525719154211
1675525719155585
1675525719155664
1675525719159359
1675525719159363
1675525719159366
1675525719159369
1675525719159382
1675525719159534
1675525719164379
1675525719164384
1675525719164387
1675525719164390
1675525719164392
1675525719164471
1675525719165756
1675525719170960
1675525719170965
1675525719170968
1675525719170971
1675525719170973
1675525719170976
1675525719170979
1675525719170991
1675525719170994
1675525719171073
1675525719171151
1675525719172429
1675525719172508
1675525719172586
1675525719172664
1675525719174950
1675525719175032
1675525719175112
1675525719175190
1675525719175268
1675525719177465
1675525719177545
1675525719178910
1675525719178999
1675525719181507
1675525719181588
1675525719183997
1675525719186477
1675525719186482
1675525719186561
1675525719188985
1675525719188990
1675525719188993
1675525719188996
1675525719189075
1675525719192973
1675525719192977
1675525719192979
1675525719192983
1675525719192994
1675525719192998
1675525719193000
1675525719193002
1675525719193006
1675525719193085
1675525719193164
1675525719193315
1675525719198085
1675525719198090
1675525719198093
1675525719198096
1675525719198099
1675525719198101
1675525719198103
1675525719198107
1675525719198118
1675525719198121
1675525719198124
1675525719198275
1675525719198354
1675525719199558
1675525719201050
1675525719201129
1675525719204639
1675525719204644
1675525719204797
1675525719206010
1675525719208566
1675525719208570
1675525719208574
1675525719208576
1675525719208664
1675525719211155
1675525719211236
1675525719211314
1675525719211466
1675525719212541
1675525719212621
1675525719212699
1675525719212778
1675525719216170
1675525719216175
1675525719216253
1675525719217586
1675525719217683
1675525719221724
1675525719221729
1675525719221742
1675525719221745
1675525719221748
1675525719221750
1675525719221830
1675525719224207
1675525719224361
1675525719226696
1675525719226701
1675525719228547
1675525719228626
1675525719228705
1675525719228783
1675525719233397
1675525719233402
