1675526007737236
1675526007737314
1675526007738441
1675526007738516
1675526007738589
1675526007739828
1675526007740862
1675526007740936
1675526007741019
1675526007743765
1675526007743840
1675526007743913
1675526007744056
1675526007744130
1675526007744889
1675526007744964
1675526007745107
1675526007745181
1675526007745255
1675526007745946
1675526007747120
1675526007748213
1675526007748291
1675526007750680
1675526007752139
1675526007752292
1675526007752369
1675526007753312
1675526007753389
1675526007754404
1675526007755491
1675526007755642
1675526007758172
1675526007758248
1675526007758322
1675526007758466
1675526007759296
1675526007759439
1675526007760407
1675526007760481
1675526007760564
1675526007761803
1675526007762838
1675526007764009
1675526007764083
1675526007764157
1675526007766764
1675526007766838
1675526007766981
1675526007767054
1675526007767128
1675526007767202
1675526007767345
1675526007767971
1675526007768045
1675526007768119
1675526007768201
1675526007769030
1675526007770133
1675526007770207
1675526007771172
1675526007773645
1675526007776459
1675526007777492
1675526007777566
1675526007777640
1675526007778583
1675526007778661
1675526007779678
1675526007780765
1675526007780843
1675526007780921
1675526007783316
1675526007786207
1675526007786285
1675526007786363
1675526007786441
1675526007786518
1675526007786669
1675526007786747
1675526007786824
1675526007786902
1675526007786979
1675526007787057
1675526007787207
1675526007787284
1675526007787362
1675526007788324
1675526007789852
1675526007789927
1675526007790894
1675526007791997
1675526007793442
1675526007794477
1675526007794551
1675526007797024
1675526007798107
1675526007798182
1675526007798256
1675526007800525
1675526007800599
1675526007800742
1675526007803419
1675526007803493
1675526007803645
1675526007804475
1675526007804617
1675526007804691
1675526007804767
1675526007804841
1675526007805668
1675526007805743
1675526007805817
1675526007806713
1675526007807785
1675526007809162
1675526007809241
1675526007809319
1675526007810835
1675526007810912
1675526007810999
1675526007811077
1675526007811876
1675526007812964
1675526007814052
1675526007815139
1675526007817670
1675526007821930
1675526007822005
1675526007822080
1675526007822222
1675526007822296
1675526007822371
1675526007822445
1675526007822588
1675526007822662
1675526007823098
1675526007823173
1675526007824208
1675526007824352
1675526007824426
1675526007824500
1675526007824573
1675526007825265
1675526007827787
1675526007827867
1675526007829171
1675526007829249
1675526007830266
1675526007830416
1675526007830494
1675526007832807
1675526007833982
1675526007834997
1675526007837453
1675526007840422
1675526007840565
1675526007840639
1675526007840713
1675526007840787
1675526007841479
1675526007841622
1675526007841696
1675526007842592
1675526007843694
1675526007843768
1675526007843911
1675526007843985
1675526007845175
1675526007845318
1675526007845392
1675526007845466
1675526007845540
1675526007845614
1675526007846236
1675526007846379
1675526007846453
1675526007846527
1675526007850525
1675526007850605
1675526007850684
1675526007850762
1675526007850839
1675526007850989
1675526007851077
1675526007851154
1675526007851232
1675526007851309
1675526007851387
1675526007851682
1675526007852769
1675526007853856
1675526007856313
1675526007859130
1675526007859205
1675526007859348
1675526007859423
1675526007859497
1675526007860257
1675526007860399
1675526007860482
1675526007860556
1675526007861455
1675526007862489
1675526007865303
1675526007865377
1675526007865451
1675526007865595
1675526007865669
1675526007865743
1675526007866436
1675526007867607
1675526007867681
1675526007868659
1675526007870037
1675526007870114
1675526007870201
1675526007871146
1675526007873605
1675526007873683
1675526007874772
1675526007874850
1675526007874928
1675526007877097
1675526007877175
1675526007878241
1675526007878316
1675526007881059
1675526007881133
1675526007881208
1675526007881351
1675526007881425
1675526007882126
1675526007883229
1675526007883372
1675526007884337
1675526007884411
1675526007884485
1675526007887232
1675526007887306
1675526007887380
1675526007887454
1675526007887597
1675526007887671
1675526007887818
1675526007888261
1675526007888412
1675526007888490
1675526007889450
1675526007890825
1675526007890903
1675526007893361
1675526007894524
1675526007894601
1675526007896989
1675526007898139
1675526007898213
1675526007900889
1675526007901032
1675526007901106
1675526007901181
1675526007901255
1675526007901329
1675526007902089
1675526007903137
1675526007904239
1675526007904313
1675526007904455
1675526007907064
1675526007907139
1675526007907213
1675526007907355
1675526007907429
1675526007907503
1675526007907577
1675526007907719
1675526007907782
1675526007908153
1675526007908231
1675526007908381
1675526007909191
1675526007910567
1675526007910645
1675526007910722
1675526007911594
1675526007914052
1675526007915068
1675526007917598
1675526007917677
1675526007917759
1675526007918659
1675526007921541
1675526007921616
1675526007921690
1675526007921833
1675526007921908
1675526007921997
1675526007922689
1675526007923724
1675526007923867
1675526007923941
1675526007924016
1675526007925255
1675526007925329
1675526007925403
1675526007925546
1675526007925619
1675526007925693
1675526007926386
1675526007927557
1675526007930243
1675526007930322
1675526007930410
1675526007930561
1675526007930639
1675526007931438
1675526007932527
1675526007933615
1675526007934776
1675526007934854
1675526007936084
1675526007939054
1675526007939128
1675526007939202
1675526007939276
1675526007939419
1675526007940111
1675526007940185
1675526007941230
1675526007942263
1675526007943364
1675526007946178
1675526007946253
1675526007946327
1675526007946470
1675526007946544
1675526007946618
1675526007946692
1675526007946835
1675526007946909
1675526007947258
1675526007947332
1675526007948369
1675526007948448
1675526007949620
1675526007950708
1675526007950786
1675526007953170
1675526007954185
1675526007956644
1675526007957754
1675526007957830
1675526007959139
1675526007959213
1675526007960247
1675526007960388
1675526007960462
1675526007963137
1675526007963214
1675526007964315
1675526007964400
1675526007964474
1675526007964549
1675526007964691
1675526007965454
1675526007965529
1675526007965671
1675526007965745
1675526007965819
1675526007966510
1675526007966585
1675526007966727
1675526007967932
1675526007968010
1675526007968088
1675526007968238
1675526007968324
1675526007970493
1675526007970571
1675526007970650
1675526007971593
1675526007972682
1675526007975140
1675526007977901
1675526007978045
1675526007978119
1675526007978194
1675526007978268
1675526007978958
1675526007980131
1675526007980206
1675526007980280
1675526007982505
1675526007983606
1675526007983749
1675526007986425
1675526007986500
1675526007986643
1675526007986717
1675526007986792
1675526007986866
1675526007987487
1675526007987630
1675526007987704
1675526007988661
1675526007989833
1675526007991007
1675526007992313
1675526007995273
1675526007995348
1675526007995421
1675526007995564
1675526007995638
1675526007995712
1675526007996403
1675526007997575
1675526007997650
1675526007998730
1675526007998808
1675526008000041
1675526008000119
1675526008000196
1675526008003016
1675526008003094
1675526008003180
1675526008004124
1675526008004275
1675526008004353
1675526008004430
1675526008005229
1675526008005306
1675526008005384
1675526008005461
1675526008005611
1675526008006337
1675526008007424
1675526008008819
1675526008008893
1675526008008968
1675526008009111
1675526008010368
1675526008010511
1675526008010585
1675526008011549
1675526008012583
1675526008013755
1675526008017526
1675526008017602
1675526008017792
1675526008017796
1675526008018595
1675526008019755
1675526008021057
1675526008021135
1675526008021213
1675526008021362
1675526008022174
1675526008024992
1675526008025070
1675526008025220
1675526008025298
1675526008025377
1675526008025455
1675526008025532
1675526008025610
1675526008025760
1675526008025838
1675526008026208
1675526008026285
1675526008027300
1675526008027450
1675526008028436
1675526008029819
1675526008029893
1675526008030860
1675526008032304
1675526008033410
1675526008034511
1675526008034585
1675526008037055
1675526008038076
1675526008038154
1675526008038232
1675526008039392
1675526008040552
1675526008040629
1675526008043443
1675526008043520
1675526008043607
1675526008044476
1675526008044554
1675526008044632
1675526008044781
1675526008044859
1675526008045658
1675526008045736
1675526008045813
1675526008045891
1675526008046689
1675526008047848
1675526008047923
1675526008049163
1675526008050747
1675526008050891
1675526008050978
1675526008051943
1675526008052979
1675526008054080
1675526008055183
1675526008057869
1675526008058021
1675526008058100
1675526008058177
1675526008058255
1675526008059055
1675526008060577
1675526008060655
1675526008060733
1675526008061603
1675526008062765
1675526008063790
1675526008063868
1675526008064018
1675526008066549
1675526008066627
1675526008066705
1675526008066782
1675526008067654
1675526008067767
1675526008067912
1675526008068741
1675526008069776
1675526008071152
1675526008071225
1675526008071299
1675526008073771
1675526008074814
1675526008077287
1675526008077361
1675526008078381
1675526008078455
1675526008079696
1675526008079772
1675526008080736
1675526008080810
1675526008080953
1675526008083628
1675526008083702
1675526008083846
1675526008083920
1675526008084816
1675526008084890
1675526008084975
1675526008085049
1675526008085123
1675526008085887
1675526008085961
1675526008086034
1675526008086108
1675526008086251
1675526008086941
1675526008089820
1675526008089898
1675526008089976
1675526008090127
1675526008090204
1675526008090282
1675526008090359
1675526008090447
1675526008090959
1675526008092048
1675526008093209
1675526008094584
1675526008094661
1675526008097263
1675526008097413
1675526008098334
1675526008098478
1675526008098553
1675526008099519
1675526008100622
1675526008100765
1675526008100839
1675526008103037
1675526008107093
1675526008107236
1675526008107310
1675526008107384
1675526008107458
1675526008107600
1675526008107674
1675526008107785
1675526008107865
1675526008108305
1675526008108383
1675526008108460
1675526008108538
1675526008109341
1675526008110431
1675526008110509
1675526008111680
1675526008111758
1675526008112918
1675526008114296
1675526008114447
1675526008114524
1675526008115395
1675526008116555
1675526008117573
1675526008117651
1675526008118864
1675526008119008
1675526008121959
1675526008122035
1675526008122109
1675526008122251
1675526008122288
1675526008123048
1675526008123124
1675526008124157
1675526008124231
1675526008124373
1675526008124448
1675526008125207
1675526008125350
1675526008125424
1675526008125498
1675526008126668
1675526008127793
1675526008127873
1675526008130689
1675526008130840
1675526008130929
1675526008131008
1675526008131086
1675526008131742
1675526008131896
1675526008132915
1675526008134003
1675526008135090
1675526008137470
1675526008139073
1675526008139150
1675526008139225
1675526008139300
1675526008140196
1675526008140271
1675526008141238
1675526008141327
1675526008144140
1675526008144215
1675526008144358
1675526008144432
1675526008144506
1675526008144579
1675526008145204
1675526008145347
1675526008145421
1675526008145495
1675526008145569
1675526008146399
1675526008146473
1675526008146547
1675526008146621
1675526008149073
1675526008149152
1675526008149302
1675526008149380
1675526008150179
1675526008150258
1675526008151273
1675526008153730
1675526008154891
1675526008157276
1675526008157354
1675526008158335
1675526008158413
1675526008159644
1675526008159796
1675526008159874
1675526008160760
1675526008160839
1675526008163726
1675526008163804
1675526008163881
1675526008163959
1675526008164760
1675526008164838
1675526008164915
1675526008165065
1675526008165143
1675526008165943
1675526008166023
1675526008166967
1675526008168116
1675526008168190
1675526008168276
1675526008170542
1675526008173424
1675526008173497
1675526008173640
1675526008173714
1675526008173788
1675526008174479
1675526008174553
1675526008175517
1675526008176686
1675526008177721
1675526008179085
1675526008179164
1675526008182052
1675526008182131
1675526008182220
1675526008182298
1675526008183171
1675526008183251
1675526008184267
1675526008184344
1675526008184423
1675526008184500
1675526008184578
1675526008185303
1675526008185381
1675526008187837
1675526008187912
1675526008187987
1675526008189224
1675526008190259
1675526008190346
1675526008190421
1675526008192756
1675526008193861
1675526008195032
1675526008197368
1675526008200244
1675526008200323
1675526008200474
1675526008200552
1675526008200629
1675526008200707
1675526008201434
1675526008202593
1675526008203609
1675526008203688
1675526008203775
1675526008204717
1675526008207604
1675526008207682
1675526008207762
1675526008207837
1675526008207912
1675526008207985
1675526008208128
1675526008208201
1675526008208275
1675526008208349
1675526008208492
1675526008208565
1675526008208639
1675526008208713
1675526008208866
1675526008209214
1675526008209288
1675526008210253
1675526008210327
1675526008210401
1675526008211365
1675526008212469
1675526008213638
1675526008215015
1675526008216117
1675526008217288
1675526008218365
1675526008218443
1675526008219677
1675526008222641
1675526008222732
1675526008222811
1675526008222889
1675526008223762
1675526008223912
1675526008223990
1675526008224068
1675526008224145
1675526008224948
1675526008225025
1675526008225103
1675526008227418
1675526008227496
1675526008227574
1675526008228554
1675526008229929
1675526008230012
1675526008230981
1675526008233730
1675526008233804
1675526008233878
1675526008234777
1675526008235878
1675526008236021
1675526008238652
1675526008238731
1675526008238809
1675526008238887
1675526008238964
1675526008239763
1675526008240924
1675526008241002
1675526008241955
1675526008244771
1675526008244921
1675526008245000
1675526008245077
1675526008245155
1675526008245233
1675526008245310
1675526008245460
1675526008245537
1675526008245975
1675526008246054
1675526008246131
1675526008247434
1675526008247583
1675526008247661
1675526008248518
1675526008248593
1675526008249696
1675526008250730
1675526008250803
1675526008253409
1675526008254442
1675526008255614
1675526008256786
1675526008257882
1675526008259331
1675526008259409
1675526008259487
1675526008262308
1675526008262386
1675526008262463
1675526008262567
1675526008263442
1675526008263521
1675526008263598
1675526008264470
1675526008264620
1675526008264697
1675526008264775
1675526008264853
1675526008265654
1675526008265732
1675526008265810
1675526008267039
1675526008267117
1675526008268187
1675526008268262
1675526008268345
1675526008270684
1675526008270758
1675526008270832
1675526008271798
1675526008274270
1675526008274344
1675526008276816
1675526008277868
1675526008277947
1675526008278025
1675526008280267
1675526008280417
1675526008280494
1675526008283167
1675526008283317
1675526008284270
1675526008284348
1675526008284427
1675526008284505
1675526008284583
1675526008285382
1675526008285460
1675526008285610
1675526008285688
1675526008286488
1675526008287576
1675526008288900
1675526008288976
1675526008290558
1675526008290701
1675526008290776
1675526008291619
1675526008292790
1675526008293893
1675526008294994
1675526008295068
1675526008295143
1675526008297793
1675526008297873
1675526008298025
1675526008298102
1675526008298181
1675526008298981
1675526008301727
1675526008301878
1675526008302895
1675526008302972
1675526008304069
1675526008304147
1675526008304225
1675526008304302
1675526008304381
1675526008305109
1675526008305186
1675526008305264
1675526008307648
1675526008310541
1675526008310614
1675526008310689
1675526008310832
1675526008310906
1675526008310981
1675526008311055
1675526008311617
1675526008312719
1675526008313822
1675526008316294
1675526008319231
1675526008319311
1675526008319388
1675526008320260
1675526008320338
1675526008320415
1675526008320564
1675526008320643
1675526008321442
1675526008322459
1675526008323619
1675526008326432
1675526008326464
1675526008326615
1675526008326693
1675526008326771
1675526008326848
1675526008326926
1675526008327004
1675526008327153
1675526008327231
1675526008327308
1675526008327385
1675526008328039
1675526008328114
1675526008328188
1675526008328263
1675526008328407
1675526008328489
1675526008328564
1675526008329187
1675526008330358
1675526008331392
1675526008333933
1675526008336815
1675526008336889
1675526008337876
1675526008337955
1675526008338033
1675526008338111
1675526008338262
1675526008338990
1675526008340078
1675526008341166
1675526008341324
1675526008343924
1675526008344003
1675526008344081
1675526008344158
1675526008344308
1675526008345035
1675526008347917
1675526008347991
1675526008348066
1675526008348209
1675526008348284
1675526008348358
1675526008348432
1675526008348575
1675526008349062
1675526008350173
1675526008350248
1675526008352722
1675526008355537
1675526008355612
1675526008355686
1675526008355760
1675526008356657
1675526008357833
1675526008357915
1675526008357993
1675526008358936
1675526008359014
1675526008360030
1675526008361404
