1675526489060455
1675526489060529
1675526489060603
1675526489060677
1675526489060818
1675526489060892
1675526489060976
1675526489061050
1675526489061124
1675526489061267
1675526489061341
1675526489061826
1675526489061900
1675526489062043
1675526489062117
1675526489063293
1675526489067193
1675526489068568
1675526489068719
1675526489068796
1675526489071253
1675526489071331
1675526489071417
1675526489073745
1675526489075054
1675526489075129
1675526489077670
1675526489077812
1675526489077886
1675526489080358
1675526489080432
1675526489080506
1675526489080579
1675526489080722
1675526489080796
1675526489080870
1675526489080943
1675526489085682
1675526489085770
1675526489085920
1675526489085998
1675526489086076
1675526489086154
1675526489086231
1675526489086381
1675526489086460
1675526489086537
1675526489086615
1675526489086692
1675526489086843
1675526489088218
1675526489089594
1675526489089673
1675526489089750
1675526489091061
1675526489091211
1675526489091288
1675526489093690
1675526489093833
1675526489095073
1675526489097680
1675526489097824
1675526489097898
1675526489100574
1675526489100648
1675526489100791
1675526489100865
1675526489100939
1675526489101013
1675526489101156
1675526489101238
1675526489101313
1675526489101387
1675526489101461
1675526489101603
1675526489103227
1675526489103306
1675526489103383
1675526489103534
1675526489103611
1675526489104554
1675526489107226
1675526489107304
1675526489107382
1675526489108612
1675526489108690
1675526489108777
1675526489108855
1675526489108933
1675526489111244
1675526489111322
1675526489111399
1675526489111477
1675526489111554
1675526489113736
1675526489115112
1675526489115186
1675526489117724
1675526489117799
1675526489117873
1675526489120551
1675526489120693
1675526489120778
1675526489120852
1675526489120926
1675526489121069
1675526489121142
1675526489121216
1675526489121290
1675526489121433
1675526489121507
1675526489121581
1675526489121655
1675526489123224
1675526489124600
1675526489127201
1675526489128576
1675526489128654
1675526489128741
1675526489131198
1675526489131275
1675526489132586
1675526489132666
1675526489135194
1675526489135272
1675526489135422
1675526489135499
1675526489137668
1675526489140557
1675526489140708
1675526489140785
1675526489140863
1675526489140941
1675526489141018
1675526489141116
1675526489141194
1675526489141344
1675526489141421
1675526489141499
1675526489141577
1675526489141655
1675526489141805
1675526489143381
1675526489143455
1675526489143529
1675526489143603
1675526489143746
1675526489143821
1675526489143895
1675526489148421
1675526489148505
1675526489148579
1675526489149818
1675526489151332
1675526489151406
1675526489153950
1675526489154027
1675526489155331
1675526489157933
1675526489158011
1675526489158088
1675526489158238
1675526489158316
1675526489160846
1675526489160923
1675526489161001
1675526489161087
1675526489161165
1675526489161243
1675526489161391
1675526489161470
1675526489161547
1675526489161625
1675526489161702
1675526489161780
1675526489163541
1675526489163615
1675526489165951
1675526489167328
1675526489167402
1675526489169943
1675526489170017
1675526489170101
1675526489170244
1675526489170317
1675526489171351
1675526489173949
1675526489174027
1675526489176412
1675526489177861
1675526489177938
1675526489178016
1675526489181983
1675526489182061
1675526489182139
1675526489182216
1675526489182366
1675526489182444
1675526489182551
1675526489182627
1675526489182701
1675526489182775
1675526489182918
1675526489182992
1675526489183066
1675526489183210
1675526489183284
1675526489183427
1675526489183501
1675526489185905
1675526489188446
1675526489189822
1675526489189896
1675526489190039
1675526489191286
1675526489191428
1675526489191502
1675526489193936
1675526489194014
1675526489195317
1675526489195466
1675526489197926
1675526489198005
1675526489198155
1675526489198232
1675526489198310
1675526489200550
1675526489200627
1675526489200777
1675526489200855
1675526489200941
1675526489201019
1675526489201097
1675526489204466
1675526489204540
1675526489204614
1675526489204757
1675526489204831
1675526489204905
1675526489204979
1675526489205122
1675526489205196
1675526489205270
1675526489206920
1675526489208296
1675526489208439
1675526489210921
1675526489211064
1675526489211137
1675526489211211
1675526489211284
1675526489213444
1675526489214821
1675526489214899
1675526489217427
1675526489217504
1675526489221401
1675526489221551
1675526489221629
1675526489221707
1675526489221784
1675526489221862
1675526489221949
1675526489222099
1675526489222176
1675526489222254
1675526489222331
1675526489222409
1675526489222561
1675526489222842
1675526489222916
1675526489222990
1675526489223133
1675526489223207
1675526489224311
1675526489226918
1675526489227061
1675526489228298
1675526489228450
1675526489228525
1675526489228599
1675526489228672
1675526489229840
1675526489229914
1675526489229988
1675526489232456
1675526489233801
1675526489233951
1675526489236410
1675526489237858
1675526489237936
1675526489238014
1675526489238091
1675526489241988
1675526489242075
1675526489242153
1675526489242231
1675526489242309
1675526489242386
1675526489242539
1675526489242613
1675526489242687
1675526489242761
1675526489242904
1675526489242978
1675526489243326
1675526489247444
1675526489248819
1675526489248893
1675526489249036
1675526489251379
1675526489251522
1675526489251596
1675526489252799
1675526489255402
1675526489255480
1675526489255630
1675526489257943
1675526489260832
1675526489260910
1675526489261060
1675526489261137
1675526489261215
1675526489261292
1675526489261371
1675526489261521
1675526489261607
1675526489261685
1675526489261763
1675526489261841
1675526489261917
1675526489262068
1675526489262145
1675526489263545
1675526489263688
1675526489263762
1675526489263835
1675526489263910
1675526489264053
1675526489264126
1675526489264201
1675526489267287
1675526489271203
1675526489271277
1675526489271351
1675526489271426
1675526489271568
1675526489271642
1675526489273652
1675526489275101
1675526489277701
1675526489277779
1675526489277857
1675526489279161
1675526489279311
1675526489279389
1675526489279466
1675526489279544
1675526489279642
1675526489279720
1675526489283227
1675526489283301
1675526489283376
1675526489283518
1675526489283593
1675526489283666
1675526489283740
1675526489283883
1675526489283957
1675526489284031
1675526489285679
1675526489287055
1675526489287197
1675526489288572
1675526489288655
1675526489288799
1675526489288873
1675526489288946
1675526489290048
1675526489290191
1675526489292660
1675526489294037
1675526489295558
1675526489299671
1675526489299749
1675526489299899
1675526489299976
1675526489300054
1675526489300132
1675526489300210
1675526489300305
1675526489300383
1675526489300534
1675526489300611
1675526489303730
1675526489303805
1675526489303879
1675526489304021
1675526489304095
1675526489304169
1675526489304243
1675526489304386
1675526489305078
1675526489305152
1675526489307624
1675526489309070
1675526489309154
1675526489309297
1675526489311631
1675526489311775
1675526489311849
1675526489311923
1675526489313089
1675526489313168
1675526489315696
1675526489318153
1675526489320970
1675526489321048
1675526489321126
1675526489321204
1675526489321354
1675526489321431
1675526489321518
1675526489321596
1675526489321674
1675526489321751
1675526489321901
1675526489321978
1675526489322056
1675526489322133
1675526489322283
1675526489323541
1675526489323615
1675526489323758
1675526489323832
1675526489327331
1675526489328708
1675526489328782
1675526489328865
1675526489331273
1675526489331347
1675526489331490
1675526489331564
1675526489332711
1675526489335315
1675526489335393
1675526489337706
1675526489340597
1675526489340675
1675526489340753
1675526489340902
1675526489340980
1675526489341058
1675526489341136
1675526489341222
1675526489341300
1675526489341450
1675526489341528
1675526489341606
1675526489341683
1675526489341833
1675526489341911
1675526489343190
1675526489343267
1675526489343418
1675526489345656
1675526489347031
1675526489347181
1675526489351219
1675526489351297
1675526489351384
1675526489351462
1675526489351539
1675526489351617
1675526489351767
1675526489351845
1675526489353667
1675526489355041
1675526489355184
1675526489357792
1675526489360536
1675526489360679
1675526489360754
1675526489360827
1675526489360971
1675526489361045
1675526489361129
1675526489361204
1675526489361278
1675526489361420
1675526489361494
1675526489361568
1675526489363217
1675526489363296
1675526489363374
1675526489363451
1675526489363529
1675526489366991
1675526489368295
1675526489368446
1675526489370901
1675526489371051
1675526489371138
1675526489371217
1675526489373485
1675526489374792
1675526489374935
1675526489377405
1675526489377479
1675526489380363
1675526489380437
1675526489380512
1675526489380586
1675526489380728
1675526489380803
1675526489380877
1675526489380951
1675526489381093
1675526489381177
1675526489381251
1675526489381326
1675526489381468
1675526489383157
1675526489383235
1675526489383385
1675526489383463
1675526489383541
1675526489383618
1675526489383696
1675526489383846
1675526489383924
1675526489384002
1675526489385520
1675526489389418
1675526489389506
1675526489389584
1675526489389662
1675526489390965
1675526489391043
1675526489393455
1675526489393529
1675526489394836
1675526489394910
1675526489397449
1675526489400333
1675526489400407
1675526489400550
1675526489400625
1675526489400699
1675526489400773
1675526489400856
1675526489400999
1675526489401074
1675526489401148
1675526489401221
1675526489401364
1675526489401438
1675526489401854
1675526489401928
1675526489402002
1675526489402145
1675526489403303
1675526489405904
1675526489406054
1675526489407285
1675526489410031
1675526489410121
1675526489410271
1675526489410348
1675526489410426
1675526489410504
1675526489410582
1675526489413931
1675526489414005
1675526489414148
1675526489416552
1675526489417860
1675526489417934
1675526489418009
1675526489421987
1675526489422061
1675526489422135
1675526489422233
1675526489422308
1675526489422451
1675526489422525
1675526489422576
1675526489422729
1675526489422807
1675526489422884
1675526489422962
1675526489423040
1675526489423189
1675526489423340
1675526489427164
1675526489428541
1675526489428692
1675526489428770
1675526489431161
1675526489431312
1675526489431389
1675526489431467
1675526489433730
1675526489435036
1675526489435186
1675526489435264
1675526489437719
1675526489437797
1675526489437875
1675526489440330
1675526489440408
1675526489440486
1675526489440563
1675526489440714
1675526489440874
1675526489440952
1675526489441030
1675526489443102
1675526489443177
1675526489443250
1675526489443393
1675526489443467
1675526489443541
1675526489443616
1675526489443758
1675526489443833
1675526489446922
1675526489448298
1675526489448440
1675526489450980
1675526489451064
1675526489451138
1675526489451212
1675526489453447
1675526489454825
1675526489454903
1675526489457505
1675526489457656
1675526489460040
1675526489460190
1675526489460268
1675526489460345
1675526489460423
1675526489460501
1675526489460650
1675526489460728
1675526489463920
1675526489464063
1675526489464138
1675526489464212
1675526489464286
1675526489464429
1675526489464503
1675526489464577
1675526489464651
1675526489465343
1675526489465417
1675526489467958
1675526489468031
1675526489468174
1675526489469344
1675526489469418
1675526489469503
1675526489469646
1675526489470817
1675526489470961
1675526489471035
1675526489473449
1675526489473527
1675526489477210
1675526489480099
1675526489480176
1675526489480254
1675526489480331
1675526489480481
1675526489480558
1675526489480636
1675526489480714
1675526489480802
1675526489480880
1675526489481030
1675526489481108
1675526489481546
1675526489481696
1675526489481774
1675526489481852
1675526489481930
1675526489484164
1675526489484307
1675526489485547
1675526489488157
1675526489489601
1675526489489676
1675526489489750
1675526489491067
1675526489491209
1675526489491283
1675526489493685
1675526489493836
1675526489495069
1675526489495147
1675526489497674
1675526489497825
1675526489497902
1675526489500574
1675526489500652
1675526489500802
1675526489500880
1675526489500958
1675526489501035
1675526489501122
1675526489501200
1675526489501350
1675526489501428
1675526489501505
1675526489501582
1675526489501660
1675526489503378
1675526489504550
1675526489504693
1675526489504767
1675526489504842
1675526489504984
1675526489505058
1675526489505132
1675526489505206
1675526489508577
1675526489508652
1675526489508726
1675526489509827
1675526489511341
1675526489511415
1675526489511489
1675526489511632
1675526489511706
1675526489513989
1675526489514063
1675526489516467
1675526489517843
1675526489517917
1675526489517991
1675526489520802
1675526489520955
1675526489521029
1675526489521103
1675526489521178
1675526489521320
1675526489521394
1675526489521469
1675526489521542
1675526489521685
1675526489521759
1675526489521832
1675526489521907
1675526489523452
1675526489526053
1675526489527357
1675526489531471
1675526489531560
1675526489531638
1675526489531788
1675526489531866
1675526489531943
1675526489532021
1675526489532099
1675526489532820
1675526489535428
1675526489535572
1675526489537976
1675526489540789
1675526489540932
1675526489541007
1675526489541081
1675526489541223
1675526489541307
1675526489541382
1675526489541456
1675526489541599
1675526489541741
1675526489541815
1675526489541958
1675526489542032
1675526489542175
1675526489542249
1675526489543446
1675526489543597
1675526489547203
1675526489548578
1675526489548656
1675526489548806
1675526489550118
1675526489550197
1675526489552720
1675526489554097
1675526489555541
1675526489555684
1675526489559731
1675526489559804
1675526489559947
1675526489560022
1675526489560096
1675526489560170
1675526489560312
1675526489560386
1675526489560461
1675526489560534
1675526489560629
1675526489560772
1675526489563809
1675526489563887
1675526489563965
1675526489564115
1675526489564192
1675526489564270
1675526489564348
1675526489564425
1675526489564575
1675526489567536
1675526489568840
1675526489568918
1675526489568996
1675526489571451
1675526489571538
1675526489571616
1675526489572834
1675526489574348
1675526489574421
1675526489576961
1675526489579843
1675526489579919
1675526489579993
1675526489580136
1675526489580210
1675526489580284
1675526489580358
1675526489580432
1675526489580506
1675526489580649
1675526489580733
1675526489580807
1675526489584030
1675526489584181
1675526489584259
1675526489584337
1675526489584414
1675526489584492
1675526489584643
1675526489584720
1675526489585303
1675526489585381
1675526489587909
1675526489588059
1675526489588137
1675526489588215
1675526489589312
1675526489589462
1675526489589540
1675526489589617
1675526489590849
1675526489590927
1675526489593483
1675526489593558
1675526489594865
1675526489597472
1675526489600354
1675526489600428
1675526489600502
1675526489600644
1675526489600718
1675526489600792
1675526489600878
1675526489600952
1675526489601095
1675526489601169
1675526489601243
1675526489601316
1675526489601460
1675526489601808
1675526489601952
1675526489602026
1675526489603309
1675526489604828
1675526489607430
1675526489608806
1675526489608957
1675526489609035
1675526489611440
1675526489611518
1675526489611667
1675526489611746
1675526489612823
1675526489615431
1675526489615505
1675526489617909
1675526489620861
1675526489620935
1675526489621009
1675526489621084
1675526489621158
1675526489621300
1675526489621375
1675526489621449
1675526489621533
1675526489621607
1675526489621750
1675526489621824
1675526489621898
1675526489621972
1675526489622046
1675526489623653
1675526489623731
1675526489623809
1675526489623887
1675526489623965
1675526489624043
1675526489628731
1675526489628809
1675526489628887
1675526489628977
1675526489630066
1675526489632705
1675526489632856
1675526489632934
1675526489634022
1675526489635613
1675526489639724
1675526489639803
1675526489639880
1675526489640030
1675526489640108
1675526489640186
1675526489640264
1675526489640341
1675526489640491
1675526489640579
1675526489640657
1675526489640734
1675526489641100
1675526489641178
1675526489641255
1675526489641333
1675526489641482
1675526489643737
1675526489645046
1675526489647654
1675526489647797
1675526489649105
1675526489649179
1675526489649253
1675526489649328
1675526489650576
1675526489650650
1675526489653230
1675526489653308
1675526489654539
1675526489657214
1675526489660106
1675526489660183
1675526489660261
1675526489660339
1675526489660489
1675526489660566
1675526489660644
1675526489660722
1675526489660799
1675526489660949
1675526489661036
1675526489661114
1675526489661191
1675526489661558
1675526489661708
1675526489661786
1675526489661863
1675526489661940
1675526489664201
1675526489664276
1675526489667981
1675526489669289
1675526489669432
1675526489669506
1675526489670815
1675526489670889
1675526489671043
1675526489671118
1675526489673445
1675526489673596
1675526489676054
1675526489677357
1675526489677435
1675526489681476
1675526489681554
1675526489681632
1675526489681782
1675526489681860
1675526489681938
1675526489682015
1675526489682092
1675526489682242
1675526489682330
