1675526156551169
1675526156553408
1675526156553630
1675526156553780
1675526156554011
1675526156554089
1675526156554310
1675526156554388
1675526156554682
1675526156554759
1675526156556997
1675526156558224
1675526156558445
1675526156558667
1675526156558745
1675526156558967
1675526156559763
1675526156560921
1675526156561071
1675526156563346
1675526156564730
1675526156567255
1675526156567477
1675526156567627
1675526156567849
1675526156568360
1675526156569589
1675526156572622
1675526156572844
1675526156573066
1675526156573216
1675526156573437
1675526156573659
1675526156573809
1675526156574031
1675526156574109
1675526156574340
1675526156574490
1675526156575217
1675526156575294
1675526156576668
1675526156577756
1675526156577977
1675526156578199
1675526156579139
1675526156580297
1675526156581669
1675526156581747
1675526156582042
1675526156585503
1675526156586876
1675526156587097
1675526156587976
1675526156589347
1675526156589569
1675526156590438
1675526156590660
1675526156590882
1675526156593338
1675526156593560
1675526156593782
1675526156594004
1675526156594226
1675526156594445
1675526156594595
1675526156594817
1675526156594895
1675526156595116
1675526156595203
1675526156595425
1675526156595575
1675526156595796
1675526156595873
1675526156596095
1675526156596245
1675526156596466
1675526156596543
1675526156596981
1675526156599865
1675526156599943
1675526156600165
1675526156600315
1675526156600538
1675526156600615
1675526156600929
1675526156601079
1675526156601083
1675526156603472
1675526156605995
1675526156607224
1675526156607446
1675526156607667
1675526156607889
1675526156608327
1675526156609629
1675526156610714
1675526156610935
1675526156611085
1675526156611163
1675526156612175
1675526156612262
1675526156612557
1675526156612635
1675526156612929
1675526156613007
1675526156615030
1675526156615252
1675526156616121
1675526156617567
1675526156617716
1675526156617937
1675526156618591
1675526156620034
1675526156621118
1675526156621340
1675526156621490
1675526156621721
1675526156623567
1675526156626166
1675526156627395
1675526156627619
1675526156627841
1675526156627991
1675526156628500
1675526156629875
1675526156630098
1675526156630967
1675526156631189
1675526156631338
1675526156632352
1675526156632574
1675526156632795
1675526156632883
1675526156633105
1675526156633182
1675526156633404
1675526156633553
1675526156633774
1675526156636300
1675526156636522
1675526156636671
1675526156637398
1675526156637548
1675526156637625
1675526156637919
1675526156638429
1675526156639802
1675526156639952
1675526156641262
1675526156643865
1675526156646319
1675526156647839
1675526156647988
1675526156648210
1675526156648791
1675526156651675
1675526156651897
1675526156652047
1675526156652268
1675526156652493
1675526156652570
1675526156652793
1675526156653014
1675526156653236
1675526156653328
1675526156653550
1675526156653628
1675526156653849
1675526156654071
1675526156654220
1675526156655235
1675526156656680
1675526156657694
1675526156657916
1675526156658138
1675526156659008
1675526156660092
1675526156661467
1675526156661688
1675526156661911
1675526156664088
1675526156665463
1675526156667052
1675526156667274
1675526156667496
1675526156668079
1675526156668229
1675526156669532
1675526156670618
1675526156670840
1675526156670989
1675526156673444
1675526156673666
1675526156673888
1675526156674110
1675526156674260
1675526156674494
1675526156674572
1675526156674794
1675526156674871
1675526156675093
1675526156677114
1675526156677264
1675526156678348
1675526156678570
1675526156678793
1675526156678871
1675526156679884
1675526156680897
1675526156681118
1675526156681340
1675526156683364
1675526156685683
1675526156686985
1675526156687207
1675526156688078
1675526156688299
1675526156688449
1675526156689533
1675526156690619
1675526156690841
1675526156691062
1675526156693375
1675526156693525
1675526156693818
1675526156693968
1675526156694189
1675526156694412
1675526156694498
1675526156694719
1675526156694798
1675526156695019
1675526156695602
1675526156696905
1675526156697055
1675526156698500
1675526156698723
1675526156698946
1675526156699023
1675526156699605
1675526156700762
1675526156703144
1675526156707037
1675526156707187
1675526156707418
1675526156708144
1675526156709374
1675526156712401
1675526156712625
1675526156712846
1675526156713068
1675526156713217
1675526156713439
1675526156713661
1675526156713811
1675526156714033
1675526156714254
1675526156714404
1675526156714626
1675526156714847
1675526156714933
1675526156715154
1675526156716455
1675526156716677
1675526156716755
1675526156716977
1675526156717054
1675526156717275
1675526156717424
1675526156717646
1675526156717723
1675526156717944
1675526156718021
1675526156718602
1675526156719904
1675526156721350
1675526156721436
1675526156721658
1675526156721735
1675526156723978
1675526156726504
1675526156727805
1675526156727954
1675526156728176
1675526156728902
1675526156731786
1675526156732007
1675526156732228
1675526156732476
1675526156732555
1675526156732850
1675526156732999
1675526156733095
1675526156733390
1675526156733467
1675526156734338
1675526156736792
1675526156738308
1675526156738529
1675526156738679
1675526156738901
1675526156739770
1675526156739848
1675526156740861
1675526156741083
1675526156741952
1675526156743258
1675526156745855
1675526156748763
1675526156748985
1675526156749134
1675526156749356
1675526156749577
1675526156749800
1675526156749877
1675526156750171
1675526156750970
1675526156751119
1675526156751341
1675526156753939
1675526156754090
1675526156754311
1675526156754533
1675526156754755
1675526156754841
1675526156755064
1675526156755142
1675526156755363
1675526156755440
1675526156756094
1675526156757540
1675526156757618
1675526156757839
1675526156758997
1675526156759219
1675526156759297
1675526156760094
1675526156761251
1675526156763577
1675526156765977
1675526156767224
1675526156767435
1675526156767646
1675526156768335
1675526156769778
1675526156769989
1675526156770885
1675526156771096
1675526156771307
1675526156773858
1675526156773936
1675526156774230
1675526156774380
1675526156774601
1675526156774824
1675526156775047
1675526156775134
1675526156775356
1675526156775434
1675526156775655
1675526156775733
1675526156777324
1675526156777402
1675526156777623
1675526156778781
1675526156778930
1675526156779080
1675526156779806
1675526156781253
1675526156781475
1675526156781625
1675526156783865
1675526156786186
1675526156787490
1675526156787713
1675526156787863
1675526156788589
1675526156791406
1675526156791628
1675526156791850
1675526156791999
1675526156792222
1675526156792444
1675526156792618
1675526156792839
1675526156792918
1675526156793212
1675526156793289
1675526156793519
1675526156793741
1675526156793891
1675526156794113
1675526156795200
1675526156795278
1675526156796364
1675526156797450
1675526156797527
1675526156798829
1675526156798978
1675526156799200
1675526156800286
1675526156800436
1675526156801379
1675526156803693
1675526156805007
1675526156806452
1675526156807535
1675526156807757
1675526156807979
1675526156808633
1675526156810007
1675526156813058
1675526156813280
1675526156813430
1675526156813652
1675526156813874
1675526156814025
1675526156814248
1675526156814470
1675526156814619
1675526156814779
1675526156814928
1675526156815079
1675526156815302
1675526156816462
1675526156818056
1675526156818206
1675526156818428
1675526156818506
1675526156818801
1675526156820610
1675526156820760
1675526156820981
1675526156825458
1675526156826760
1675526156827847
1675526156827933
1675526156829309
1675526156830396
1675526156830474
1675526156830767
1675526156833298
1675526156833448
1675526156833670
1675526156833892
1675526156834042
1675526156834265
1675526156834487
1675526156834709
1675526156834859
1675526156835081
1675526156835158
1675526156835389
1675526156835467
1675526156835761
1675526156835839
1675526156836060
1675526156836137
1675526156836360
1675526156836510
1675526156838749
1675526156838827
1675526156839048
1675526156839126
1675526156839347
1675526156839497
1675526156839864
1675526156842317
1675526156843703
1675526156843925
1675526156846382
1675526156846603
1675526156847475
1675526156847697
1675526156847847
1675526156848789
1675526156849012
1675526156850388
1675526156850610
1675526156850760
1675526156851487
1675526156851709
1675526156851787
1675526156852008
1675526156852540
1675526156852619
1675526156852841
1675526156855008
1675526156857750
1675526156857901
1675526156858123
1675526156858344
1675526156858855
1675526156860230
1675526156860451
1675526156860673
1675526156861327
1675526156863715
1675526156865018
1675526156866680
1675526156867706
1675526156867928
1675526156868150
1675526156868300
1675526156868522
1675526156868816
1675526156871487
1675526156871710
1675526156871931
1675526156872081
1675526156872303
1675526156872549
1675526156874574
1675526156874725
1675526156874947
1675526156875168
1675526156875255
1675526156875477
1675526156875554
1675526156875776
1675526156875854
1675526156876147
1675526156876224
1675526156876446
1675526156877029
1675526156877033
1675526156878118
1675526156878195
1675526156878273
1675526156879361
1675526156880448
1675526156885355
1675526156886606
1675526156887692
1675526156887913
1675526156888999
1675526156890088
1675526156890238
1675526156892840
1675526156893063
1675526156893284
1675526156893507
1675526156893584
1675526156893878
1675526156894028
1675526156894250
1675526156894472
1675526156894693
1675526156894852
1675526156895074
1675526156895151
1675526156895445
1675526156895522
1675526156895744
1675526156895822
1675526156896044
1675526156896914
1675526156896991
1675526156897933
1675526156898011
1675526156898233
1675526156900330
1675526156900408
1675526156901639
1675526156901869
1675526156904275
1675526156905218
1675526156906592
1675526156909622
1675526156909843
1675526156910065
1675526156910214
1675526156910437
1675526156910731
1675526156910953
1675526156911102
1675526156911324
1675526156911402
1675526156911768
1675526156911845
1675526156913159
1675526156913163
1675526156913457
1675526156913607
1675526156913829
1675526156914627
1675526156915713
1675526156917161
1675526156917310
1675526156917532
1675526156918185
1675526156918335
1675526156918484
1675526156920939
1675526156921089
1675526156921312
1675526156921542
1675526156921619
1675526156921913
1675526156923290
1675526156925888
1675526156927119
1675526156927341
1675526156928211
1675526156928433
1675526156929590
1675526156930675
1675526156930897
1675526156931119
1675526156933647
1675526156933870
1675526156934019
1675526156934251
1675526156934472
1675526156934621
1675526156934773
1675526156934994
1675526156935792
1675526156937166
1675526156937387
1675526156938618
1675526156938768
1675526156938989
1675526156939714
1675526156940801
1675526156942175
1675526156944706
1675526156947303
1675526156947391
1675526156947686
1675526156948701
1675526156948922
1675526156951590
1675526156951812
1675526156952035
1675526156952256
1675526156952406
1675526156952630
1675526156952853
1675526156953002
1675526156953152
1675526156953374
1675526156953451
1675526156953672
1675526156953761
1675526156953984
1675526156954133
1675526156955289
1675526156955367
1675526156955444
1675526156955737
1675526156955815
1675526156956900
1675526156956978
1675526156957992
1675526156958069
1675526156958290
1675526156958368
1675526156959093
1675526156961763
1675526156961994
1675526156964378
1675526156965465
1675526156966840
1675526156969726
1675526156969948
1675526156970169
1675526156970319
1675526156970540
1675526156970763
1675526156970913
1675526156971135
1675526156971357
1675526156971506
1675526156971945
1675526156972023
1675526156972253
1675526156973270
1675526156973274
1675526156974790
1675526156977318
1675526156977540
1675526156977762
1675526156977911
1675526156978495
1675526156979795
1675526156981241
1675526156981463
1675526156981684
1675526156982410
1675526156984869
1675526156987397
1675526156987630
1675526156988787
1675526156989010
1675526156989087
1675526156989885
1675526156992775
1675526156992998
1675526156993220
1675526156993441
1675526156993591
1675526156993812
1675526156994034
1675526156994184
1675526156994262
1675526156994556
1675526156994633
1675526156994864
1675526156994941
1675526156995235
1675526156995313
1675526156995534
1675526156995612
1675526156996337
1675526156999223
1675526156999445
1675526156999667
1675526156999744
1675526156999966
1675526157000044
1675526157000411
1675526157000488
1675526157004169
1675526157006561
1675526157007863
1675526157008086
1675526157008236
1675526157008457
1675526157010911
1675526157011133
1675526157011356
1675526157011506
1675526157011727
1675526157011949
1675526157012099
1675526157012321
1675526157012399
1675526157012684
1675526157012757
1675526157013116
1675526157013190
1675526157013264
1675526157014365
1675526157014439
1675526157016019
1675526157016092
1675526157017124
1675526157017336
1675526157017410
1675526157018167
1675526157018241
1675526157020917
1675526157021128
1675526157021339
1675526157021550
1675526157021644
1675526157023502
1675526157026033
1675526157027406
1675526157027556
1675526157027777
1675526157028503
1675526157030022
1675526157030244
1675526157030466
1675526157031121
1675526157031343
1675526157031565
1675526157033878
1675526157034100
1675526157034322
1675526157034555
1675526157034633
1675526157034855
1675526157034932
1675526157035153
1675526157037537
1675526157037759
1675526157037909
1675526157038922
1675526157039143
1675526157039365
1675526157039949
1675526157041395
1675526157041545
1675526157041767
1675526157043937
1675526157045476
1675526157048363
1675526157048585
1675526157048806
1675526157049028
1675526157049250
1675526157049401
1675526157049624
1675526157050566
1675526157050787
1675526157051008
1675526157053400
1675526157053621
1675526157053845
1675526157053994
1675526157054216
1675526157054303
1675526157054527
1675526157054677
1675526157055621
1675526157056854
1675526157058373
1675526157058595
1675526157058817
1675526157058967
1675526157059476
1675526157060924
1675526157063451
1675526157065978
1675526157067354
1675526157067576
1675526157067798
1675526157068461
1675526157071417
1675526157071639
1675526157071789
1675526157072011
1675526157072232
1675526157072382
1675526157072608
1675526157072830
1675526157073052
1675526157073201
1675526157073423
1675526157075372
1675526157075522
1675526157075743
1675526157075965
1675526157076052
1675526157076274
1675526157076351
1675526157076573
1675526157076723
1675526157076945
1675526157077598
1675526157077676
1675526157078905
1675526157078983
1675526157078987
1675526157080502
1675526157080580
1675526157080657
1675526157081598
1675526157081676
1675526157081762
1675526157084075
1675526157086962
1675526157087111
1675526157087333
1675526157088058
1675526157088208
1675526157090446
1675526157090668
1675526157090889
1675526157092046
1675526157092268
1675526157092417
1675526157092641
1675526157092719
1675526157092941
1675526157093101
1675526157093323
1675526157093400
1675526157095854
1675526157096076
1675526157097017
1675526157097239
1675526157098108
1675526157098330
1675526157099414
1675526157100858
1675526157101080
1675526157101230
1675526157101451
1675526157103476
1675526157106001
1675526157108750
1675526157108900
1675526157109121
1675526157109342
1675526157109565
1675526157109715
1675526157109937
1675526157110159
1675526157110957
1675526157111106
1675526157111328
1675526157113782
1675526157113932
1675526157114155
1675526157114376
1675526157114597
1675526157114683
1675526157114907
1675526157114985
1675526157115206
1675526157115284
1675526157115505
1675526157115654
1675526157116236
1675526157116314
1675526157117400
1675526157117404
1675526157117697
1675526157118638
1675526157118715
1675526157118937
1675526157120166
1675526157121188
1675526157121265
1675526157123650
1675526157126102
1675526157127329
1675526157127551
1675526157127772
1675526157128425
1675526157131311
1675526157131461
1675526157131682
1675526157131904
1675526157132055
1675526157132277
1675526157132500
1675526157132722
1675526157132810
1675526157133032
1675526157133110
1675526157133332
1675526157133769
1675526157133847
1675526157134068
1675526157135228
1675526157136387
1675526157137402
1675526157137622
1675526157138782
1675526157138932
1675526157139155
1675526157140312
1675526157140533
1675526157141412
1675526157141562
1675526157141784
1675526157143809
1675526157146406
1675526157147711
1675526157147861
1675526157148083
1675526157148304
1675526157148742
1675526157151628
1675526157151779
1675526157152001
1675526157152223
1675526157152445
1675526157152621
1675526157152709
1675526157152933
1675526157153083
1675526157153305
1675526157153383
1675526157153604
1675526157155194
1675526157156640
1675526157156862
1675526157157733
1675526157157955
1675526157158032
1675526157159192
1675526157160207
1675526157161658
1675526157161880
1675526157162052
1675526157163142
1675526157164231
1675526157166757
1675526157167987
1675526157168210
1675526157168431
1675526157168652
1675526157171037
1675526157171259
1675526157171482
1675526157171631
1675526157171854
1675526157172078
1675526157172156
1675526157172379
1675526157172540
1675526157172762
1675526157172839
