1675526023587724
1675526023589161
1675526023591955
1675526023593393
1675526023594901
1675526023596420
1675526023596569
1675526023596647
1675526023596723
1675526023596800
1675526023597882
1675526023599391
1675526023602194
1675526023603702
1675526023603788
1675526023606663
1675526023606739
1675526023606895
1675526023606971
1675526023607048
1675526023607126
1675526023607202
1675526023607351
1675526023607432
1675526023607508
1675526023607586
1675526023607662
1675526023607812
1675526023609760
1675526023609837
1675526023609923
1675526023610001
1675526023610077
1675526023610155
1675526023610305
1675526023610381
1675526023610458
1675526023612469
1675526023613979
1675526023614057
1675526023614134
1675526023615465
1675526023615543
1675526023616909
1675526023616985
1675526023617064
1675526023617148
1675526023618443
1675526023619951
1675526023620027
1675526023622683
1675526023624195
1675526023624272
1675526023624350
1675526023627227
1675526023627307
1675526023627384
1675526023627461
1675526023627538
1675526023627615
1675526023627764
1675526023627842
1675526023627932
1675526023628009
1675526023628085
1675526023628663
1675526023630175
1675526023632972
1675526023634486
1675526023634564
1675526023634642
1675526023635946
1675526023636023
1675526023636171
1675526023636249
1675526023637400
1675526023638911
1675526023642851
1675526023645960
1675526023646037
1675526023646187
1675526023646264
1675526023646341
1675526023646418
1675526023646494
1675526023646643
1675526023646720
1675526023646797
1675526023646874
1675526023647596
1675526023647672
1675526023647751
1675526023647898
1675526023647976
1675526023648065
1675526023648142
1675526023648219
1675526023649014
1675526023649091
1675526023649240
1675526023654465
1675526023654543
1675526023654692
1675526023655989
1675526023656067
1675526023656143
1675526023656219
1675526023657446
1675526023657523
1675526023658960
1675526023665533
1675526023665915
1675526023665992
1675526023666070
1675526023666148
1675526023666296
1675526023666373
1675526023666450
1675526023666527
1675526023666606
1675526023666685
1675526023666760
1675526023666910
1675526023667567
1675526023667644
1675526023667721
1675526023667820
1675526023667897
1675526023667975
1675526023668051
1675526023674215
1675526023674293
1675526023674369
1675526023674519
1675526023675690
1675526023675768
1675526023675847
1675526023677213
1675526023677290
1675526023677367
1675526023678732
1675526023678810
1675526023680189
1675526023681622
1675526023683201
1675526023683278
1675526023686223
1675526023686301
1675526023686380
1675526023686456
1675526023686533
1675526023686610
1675526023686689
1675526023686837
1675526023686914
1675526023686991
1675526023687068
1675526023687146
1675526023687811
1675526023687888
1675526023688036
1675526023688113
1675526023688191
1675526023688267
1675526023693066
1675526023694576
1675526023694653
1675526023694730
1675526023694807
1675526023697400
1675526023697477
1675526023697556
1675526023697704
1675526023697781
1675526023698947
1675526023702955
1675526023705977
1675526023706057
1675526023706134
1675526023706210
1675526023706287
1675526023706363
1675526023706442
1675526023706589
1675526023706666
1675526023706743
1675526023706820
1675526023706897
1675526023708913
1675526023708989
1675526023709075
1675526023709222
1675526023709300
1675526023709378
1675526023709455
1675526023709531
1675526023712901
1675526023714406
1675526023715925
1675526023716005
1675526023716082
1675526023716230
1675526023717452
1675526023718887
1675526023722971
1675526023724481
1675526023724519
1675526023724598
1675526023724748
1675526023724824
1675526023727421
1675526023727499
1675526023727576
1675526023727724
1675526023727801
1675526023727878
1675526023727955
1675526023728032
1675526023728180
1675526023728258
1675526023728335
1675526023728410
1675526023729077
1675526023729154
1675526023729230
1675526023729308
1675526023729385
1675526023729461
1675526023729609
1675526023730549
1675526023733443
1675526023733520
1675526023733669
1675526023734962
1675526023736410
1675526023736487
1675526023736638
1675526023736715
1675526023736802
1675526023737956
1675526023738034
1675526023739398
1675526023739476
1675526023742206
1675526023743714
1675526023743791
1675526023746665
1675526023746743
1675526023746891
1675526023746968
1675526023747044
1675526023747121
1675526023747199
1675526023747346
1675526023747433
1675526023747510
1675526023747585
1675526023748237
1675526023752172
1675526023753685
1675526023753762
1675526023755124
1675526023755273
1675526023755350
1675526023756718
1675526023756795
1675526023756871
1675526023756949
1675526023758242
1675526023759684
1675526023762419
1675526023763933
1675526023764082
1675526023764159
1675526023764236
1675526023766972
1675526023767048
1675526023767127
1675526023767204
1675526023767281
1675526023767430
1675526023767507
1675526023767585
1675526023767662
1675526023767738
1675526023767887
1675526023767973
1675526023768416
1675526023768493
1675526023768569
1675526023768647
1675526023772459
1675526023773967
1675526023775484
1675526023775563
1675526023776863
1675526023776944
1675526023777094
1675526023777171
1675526023778394
1675526023779902
1675526023781482
1675526023782858
1675526023784443
1675526023784521
1675526023784598
1675526023784675
1675526023784753
1675526023787492
1675526023787570
1675526023787647
1675526023787724
1675526023787800
1675526023787878
1675526023787955
1675526023788103
1675526023788181
1675526023788258
1675526023788343
1675526023788421
1675526023788498
1675526023788943
1675526023792952
1675526023794387
1675526023794464
1675526023794540
1675526023794689
1675526023795992
1675526023796070
1675526023796147
1675526023796223
1675526023796300
1675526023797382
1675526023798888
1675526023800413
1675526023801923
1675526023803438
1675526023803587
1675526023806464
1675526023806541
1675526023806617
1675526023806695
1675526023806843
1675526023806920
1675526023806996
1675526023807072
1675526023807150
1675526023807297
1675526023807377
1675526023807457
1675526023807546
1675526023807915
1675526023807992
1675526023808069
1675526023808146
1675526023808294
1675526023811948
1675526023813458
1675526023813535
1675526023814972
1675526023816415
1675526023816565
1675526023816643
1675526023816719
1675526023817944
1675526023819382
1675526023822188
1675526023823698
1675526023823775
1675526023826722
1675526023826798
1675526023826877
1675526023826954
1675526023827031
1675526023827106
1675526023827260
1675526023827335
1675526023827413
1675526023827490
1675526023827568
1675526023827644
1675526023828152
1675526023829672
1675526023829751
1675526023831192
1675526023832702
1675526023834142
1675526023835724
1675526023835804
1675526023835881
1675526023837185
1675526023837262
1675526023838697
1675526023842636
1675526023844145
1675526023844222
1675526023844300
1675526023844448
1675526023844535
1675526023847198
1675526023847275
1675526023847352
1675526023847501
1675526023847577
1675526023847654
1675526023847730
1675526023847809
1675526023847886
1675526023847963
1675526023848039
1675526023848189
1675526023848841
1675526023848919
1675526023848994
1675526023849080
1675526023849158
1675526023849308
1675526023849384
1675526023854183
1675526023854260
1675526023854338
1675526023854415
1675526023854492
1675526023855722
1675526023855798
1675526023855877
1675526023857173
1675526023857251
1675526023857327
1675526023857405
1675526023858650
1675526023858799
1675526023860236
1675526023862886
1675526023864610
1675526023864688
1675526023864765
1675526023864842
1675526023864919
1675526023864996
1675526023865073
1675526023867476
1675526023867555
1675526023867631
1675526023867709
1675526023867785
1675526023867872
1675526023867948
1675526023868097
1675526023872684
1675526023874199
1675526023874276
1675526023874424
1675526023875697
1675526023875846
1675526023875922
1675526023877146
1675526023877222
1675526023878661
1675526023880171
1675526023881757
1675526023883195
1675526023883282
1675526023886185
1675526023886264
1675526023886341
1675526023886489
1675526023886567
1675526023886644
1675526023886720
1675526023886797
1675526023886873
1675526023886950
1675526023887098
1675526023887176
1675526023887830
1675526023887906
1675526023887984
1675526023888071
1675526023888149
1675526023888297
1675526023888374
1675526023888451
1675526023889318
1675526023893396
1675526023893474
1675526023894910
1675526023896505
1675526023896582
1675526023896658
1675526023896735
1675526023897885
1675526023899464
1675526023902197
1675526023903642
1675526023903719
1675526023903796
1675526023905309
1675526023905464
1675526023905542
1675526023905618
1675526023905696
1675526023905843
1675526023905919
1675526023908217
1675526023908294
1675526023908372
1675526023908449
1675526023908527
1675526023908675
1675526023908766
1675526023908844
1675526023908920
1675526023908997
1675526023912152
1675526023913659
1675526023916682
1675526023916760
1675526023916837
1675526023916985
1675526023917064
1675526023917140
1675526023917217
1675526023917294
1675526023917371
1675526023918163
1675526023919692
1675526023919769
1675526023922422
1675526023923938
1675526023924086
1675526023925533
1675526023925610
1675526023925689
1675526023925837
1675526023925914
1675526023925991
1675526023926068
1675526023928436
1675526023928513
1675526023928590
1675526023928667
1675526023928755
1675526023928831
1675526023928981
1675526023929059
1675526023929997
1675526023931511
1675526023932947
1675526023934463
1675526023934540
1675526023934617
1675526023935938
1675526023936015
1675526023936093
1675526023936241
1675526023937463
1675526023938900
1675526023942946
1675526023944527
1675526023944676
1675526023944754
1675526023944831
1675526023944908
1675526023944985
1675526023945062
1675526023947441
1675526023947518
1675526023947667
1675526023947743
1675526023947821
1675526023947898
1675526023947973
1675526023948051
1675526023948138
1675526023948215
1675526023948941
1675526023952950
1675526023954387
1675526023954464
1675526023955909
1675526023955985
1675526023956064
1675526023956212
1675526023956289
1675526023957441
1675526023957518
1675526023958884
1675526023962958
1675526023964466
1675526023964561
1675526023964638
1675526023964714
1675526023964791
1675526023966031
1675526023966109
1675526023966187
1675526023966334
1675526023966412
1675526023966489
1675526023966568
1675526023966644
1675526023968943
1675526023969020
1675526023969097
1675526023969173
1675526023969261
1675526023969338
1675526023969415
1675526023969565
1675526023969641
1675526023969718
1675526023972944
1675526023974460
1675526023974537
1675526023974614
1675526023975916
1675526023976066
1675526023976143
1675526023976219
1675526023977443
1675526023977591
1675526023978893
1675526023978970
1675526023979047
1675526023980410
1675526023981921
1675526023983504
1675526023983580
1675526023986457
1675526023986535
1675526023986612
1675526023986689
1675526023986767
1675526023986843
1675526023986992
1675526023987070
1675526023987147
1675526023987235
1675526023987314
1675526023987973
1675526023988050
1675526023991918
1675526023993435
1675526023993512
1675526023994947
1675526023995023
1675526023996468
1675526023996545
1675526023996622
1675526023996698
1675526023997924
1675526023999437
1675526024002230
1675526024003696
1675526024003773
1675526024005352
1675526024005468
1675526024005546
1675526024005622
1675526024005698
1675526024005776
1675526024005853
1675526024005931
1675526024008310
1675526024008388
1675526024008466
1675526024008543
1675526024008693
1675526024008771
1675526024008875
1675526024008952
1675526024009027
1675526024009105
1675526024009183
1675526024009260
1675526024013623
1675526024013701
1675526024015137
1675526024016719
1675526024016795
1675526024016872
1675526024018163
1675526024019675
1675526024022474
1675526024023981
1675526024024071
1675526024026970
1675526024027047
1675526024027123
1675526024027201
1675526024027278
1675526024027355
1675526024027433
1675526024027581
1675526024027658
1675526024027734
1675526024027812
1675526024027889
1675526024027966
1675526024028403
1675526024028480
1675526024028567
1675526024029939
1675526024031447
1675526024032957
1675526024034466
1675526024034542
1675526024034693
1675526024035994
1675526024036071
1675526024036148
1675526024036225
1675526024036302
1675526024037384
1675526024038964
1675526024040472
1675526024041985
1675526024043435
1675526024046452
1675526024046530
1675526024046607
1675526024046685
1675526024046762
1675526024046910
1675526024046987
1675526024047064
1675526024047141
1675526024047218
1675526024047367
1675526024047446
1675526024047522
1675526024048032
1675526024048109
1675526024048196
1675526024048344
1675526024048422
1675526024048499
1675526024053437
1675526024053516
1675526024054951
1675526024055028
1675526024055105
1675526024056482
1675526024056560
1675526024056638
1675526024056714
1675526024056791
1675526024057945
1675526024059451
1675526024062190
1675526024063623
1675526024063773
1675526024066724
1675526024066802
1675526024066880
1675526024066957
1675526024067034
1675526024067110
1675526024067189
1675526024067337
1675526024067413
1675526024067491
1675526024067569
1675526024067645
1675526024067722
1675526024068173
1675526024068257
1675526024072197
1675526024073635
1675526024075158
1675526024076676
1675526024076756
1675526024076905
1675526024078198
1675526024078275
1675526024079716
1675526024081151
1675526024082658
1675526024084164
1675526024084242
1675526024084391
1675526024084477
1675526024084555
1675526024087214
1675526024087291
1675526024087368
1675526024087446
1675526024087522
1675526024087671
1675526024087748
1675526024087823
1675526024087900
1675526024087976
1675526024088055
1675526024088131
1675526024088858
1675526024088936
1675526024089021
1675526024089098
1675526024089175
1675526024089253
1675526024094192
1675526024094269
1675526024094346
1675526024094423
1675526024094501
1675526024095662
1675526024095812
1675526024095889
1675526024095966
1675526024097193
1675526024097342
1675526024098635
1675526024098722
1675526024100162
1675526024102956
1675526024105905
1675526024105981
1675526024106060
1675526024106137
1675526024106284
1675526024106362
1675526024106440
1675526024106517
1675526024106593
1675526024106742
1675526024106820
1675526024106896
1675526024107409
1675526024107499
1675526024107575
1675526024107724
1675526024107801
1675526024108956
1675526024112893
1675526024114401
1675526024114478
1675526024114556
1675526024115990
1675526024116069
1675526024116145
1675526024116224
1675526024117440
1675526024118939
1675526024123991
1675526024124392
1675526024124472
1675526024124619
1675526024124698
1675526024124775
1675526024127443
1675526024127592
1675526024127669
1675526024127746
1675526024127823
1675526024127900
1675526024127977
1675526024128055
1675526024128204
1675526024128280
1675526024128356
1675526024128446
1675526024128523
1675526024128962
1675526024129038
1675526024129114
1675526024129193
1675526024130494
1675526024133144
1675526024134663
1675526024136189
1675526024136267
1675526024136344
1675526024136421
1675526024136569
1675526024137721
1675526024139158
1675526024141915
1675526024143430
1675526024146458
1675526024146535
1675526024146612
1675526024146691
1675526024146839
1675526024146916
1675526024146993
1675526024147070
1675526024147146
1675526024147223
1675526024147300
1675526024147448
1675526024147526
1675526024147891
1675526024148049
1675526024148127
1675526024148204
1675526024148281
1675526024151865
1675526024153448
1675526024154957
1675526024155034
1675526024155110
1675526024157994
1675526024158072
1675526024158148
1675526024158225
1675526024158301
1675526024158380
1675526024158456
1675526024158614
1675526024159409
1675526024162209
1675526024163642
1675526024163719
1675526024166672
1675526024166830
1675526024166906
1675526024166983
1675526024167061
1675526024167138
1675526024167285
1675526024167362
1675526024167441
1675526024167517
1675526024167594
1675526024167682
1675526024167832
1675526024168123
1675526024168274
1675526024168351
1675526024168429
1675526024172226
1675526024173733
1675526024173812
1675526024175191
1675526024175268
1675526024176643
1675526024176719
1675526024176868
1675526024178160
1675526024178238
1675526024179687
1675526024181197
1675526024182634
1675526024184141
1675526024184289
1675526024184366
1675526024184444
1675526024184520
1675526024187188
1675526024187338
1675526024187415
1675526024187492
1675526024187569
1675526024187647
1675526024187794
1675526024187872
1675526024187959
1675526024188036
1675526024188113
1675526024188696
1675526024188772
1675526024192712
1675526024194220
1675526024194298
1675526024195672
1675526024195753
1675526024195901
1675526024195978
1675526024197204
1675526024198641
1675526024202731
1675526024204243
1675526024204329
1675526024204405
1675526024204484
1675526024204561
1675526024207227
1675526024207306
1675526024207383
1675526024207461
1675526024207538
1675526024207615
1675526024207693
1675526024207842
1675526024207919
1675526024207998
1675526024208076
1675526024208154
1675526024208826
1675526024208975
1675526024209052
1675526024209130
1675526024209207
1675526024209284
1675526024209360
1675526024209438
1675526024214164
