1675526145980329
1675526145980407
1675526145981711
1675526145981861
1675526145982801
1675526145985612
1675526145986705
1675526145987737
1675526145988836
1675526145988979
1675526145989052
1675526145989126
1675526145989953
1675526145990038
1675526145990112
1675526145990186
1675526145991014
1675526145991087
1675526145991161
1675526145992057
1675526145993363
1675526145993437
1675526145993580
1675526145994405
1675526145998288
1675526145999376
1675526146000461
1675526146000539
1675526146000616
1675526146001495
1675526146001572
1675526146002586
1675526146002663
1675526146002741
1675526146002818
1675526146003616
1675526146006071
1675526146007158
1675526146010044
1675526146010121
1675526146010199
1675526146010276
1675526146010353
1675526146010503
1675526146010581
1675526146010670
1675526146010748
1675526146011115
1675526146011193
1675526146011270
1675526146011347
1675526146012145
1675526146012223
1675526146014967
1675526146015044
1675526146015122
1675526146015272
1675526146015349
1675526146015426
1675526146015504
1675526146016014
1675526146017099
1675526146018132
1675526146019233
1675526146020264
1675526146020339
1675526146021371
1675526146022472
1675526146023847
1675526146023990
1675526146024954
1675526146027716
1675526146027795
1675526146028810
1675526146028887
1675526146028965
1675526146029907
1675526146029994
1675526146030072
1675526146030149
1675526146031020
1675526146031098
1675526146031175
1675526146031253
1675526146031330
1675526146031985
1675526146034873
1675526146034951
1675526146035029
1675526146035106
1675526146035256
1675526146035333
1675526146035915
1675526146036961
1675526146038063
1675526146038206
1675526146039100
1675526146040202
1675526146040276
1675526146041718
1675526146041793
1675526146041866
1675526146042830
1675526146042904
1675526146043800
1675526146048078
1675526146048156
1675526146048233
1675526146049249
1675526146049340
1675526146049418
1675526146049496
1675526146050294
1675526146050371
1675526146050449
1675526146050598
1675526146050676
1675526146051330
1675526146051479
1675526146051556
1675526146051634
1675526146051711
1675526146052437
1675526146052515
1675526146053457
1675526146054841
1675526146054918
1675526146054995
1675526146058940
1675526146059973
1675526146060116
1675526146061079
1675526146061153
1675526146062187
1675526146063219
1675526146063362
1675526146063436
1675526146064331
1675526146064405
1675526146066753
1675526146066898
1675526146067940
1675526146070752
1675526146070827
1675526146070900
1675526146070974
1675526146071116
1675526146071191
1675526146071265
1675526146071338
1675526146071480
1675526146071554
1675526146071628
1675526146071702
1675526146071775
1675526146071918
1675526146071991
1675526146074741
1675526146074814
1675526146075780
1675526146076921
1675526146077937
1675526146079023
1675526146080181
1675526146081194
1675526146082280
1675526146082357
1675526146084670
1675526146087654
1675526146088686
1675526146088760
1675526146089725
1675526146089868
1675526146089892
1675526146090036
1675526146090110
1675526146090800
1675526146090874
1675526146091016
1675526146091090
1675526146091164
1675526146091855
1675526146091997
1675526146093371
1675526146093445
1675526146093588
1675526146093661
1675526146093735
1675526146093808
1675526146094449
1675526146095481
1675526146098221
1675526146099309
1675526146100323
1675526146100400
1675526146100477
1675526146101492
1675526146102506
1675526146102655
1675526146103598
1675526146104613
1675526146106986
1675526146110006
1675526146110080
1675526146110154
1675526146110238
1675526146110381
1675526146110455
1675526146110529
1675526146110603
1675526146111087
1675526146111161
1675526146112125
1675526146112199
1675526146112341
1675526146113168
1675526146114269
1675526146116601
1675526146117716
1675526146118747
1675526146121557
1675526146121641
1675526146121783
1675526146121857
1675526146121931
1675526146122004
1675526146122146
1675526146122631
1675526146123731
1675526146124832
1675526146125933
1675526146126918
1675526146127950
1675526146129119
1675526146131998
1675526146132072
1675526146132145
1675526146132230
1675526146132373
1675526146132447
1675526146132521
1675526146132595
1675526146132737
1675526146132811
1675526146132884
1675526146132959
1675526146133101
1675526146133174
1675526146133248
1675526146134963
1675526146135037
1675526146135180
1675526146135253
1675526146135336
1675526146135410
1675526146135553
1675526146135627
1675526146136043
1675526146137089
1675526146138190
1675526146139222
1675526146140254
1675526146140396
1675526146141361
1675526146142736
1675526146142810
1675526146142952
1675526146143026
1675526146143853
1675526146146704
1675526146147813
1675526146148846
1675526146148920
1675526146148994
1675526146149888
1675526146149962
1675526146150105
1675526146150179
1675526146150252
1675526146150942
1675526146151085
1675526146151159
1675526146152123
1675526146152197
1675526146153435
1675526146154480
1675526146157353
1675526146157430
1675526146158374
1675526146159462
1675526146160477
1675526146160627
1675526146160704
1675526146161573
1675526146162659
1675526146162737
1675526146163679
1675526146164837
1675526146167198
1675526146167272
1675526146170082
1675526146170167
1675526146170241
1675526146170316
1675526146170459
1675526146170533
1675526146170606
1675526146170680
1675526146170822
1675526146170896
1675526146171176
1675526146171249
1675526146171323
1675526146171397
1675526146172291
1675526146173665
1675526146173739
1675526146174712
1675526146175743
1675526146176858
1675526146180682
1675526146180760
1675526146180837
1675526146181779
1675526146181856
1675526146182799
1675526146182877
1675526146183891
1675526146184905
1675526146186134
1675526146188567
1675526146188641
1675526146188783
1675526146188869
1675526146189627
1675526146189701
1675526146189844
1675526146189918
1675526146192455
1675526146192528
1675526146192672
1675526146192745
1675526146192819
1675526146192893
1675526146193035
1675526146193109
1675526146193183
1675526146193256
1675526146193536
1675526146194712
1675526146195744
1675526146196756
1675526146197791
1675526146201699
1675526146201773
1675526146202737
1675526146203837
1675526146204870
1675526146205904
1675526146206997
1675526146208154
1675526146210970
1675526146211048
1675526146211126
1675526146211203
1675526146211291
1675526146211441
1675526146211519
1675526146211596
1675526146211673
1675526146211750
1675526146212044
1675526146212122
1675526146212200
1675526146214944
1675526146215023
1675526146215100
1675526146215250
1675526146215328
1675526146215406
1675526146216132
1675526146217100
1675526146218132
1675526146219164
1675526146220265
1675526146220339
1675526146220413
1675526146221309
1675526146222341
1675526146223784
1675526146224817
1675526146227643
1675526146227717
1675526146228680
1675526146228754
1675526146228897
1675526146229722
1675526146229820
1675526146229893
1675526146230037
1675526146230111
1675526146230803
1675526146230876
1675526146231019
1675526146231093
1675526146231782
1675526146233224
1675526146233366
1675526146233440
1675526146234334
1675526146238153
1675526146239242
1675526146240256
1675526146240343
1675526146240493
1675526146240571
1675526146241369
1675526146241446
1675526146242388
1675526146242465
1675526146242614
1675526146242692
1675526146243490
1675526146244575
1675526146246881
1675526146247025
1675526146249904
1675526146249978
1675526146250052
1675526146250137
1675526146250281
1675526146250354
1675526146250975
1675526146251049
1675526146251123
1675526146251266
1675526146252025
1675526146252099
1675526146252241
1675526146252315
1675526146252458
1675526146253489
1675526146253564
1675526146253638
1675526146253780
1675526146253863
1675526146254553
1675526146255586
1675526146256688
1675526146257723
1675526146258892
1675526146261637
1675526146261711
1675526146262676
1675526146263775
1675526146263849
1675526146263922
1675526146264818
1675526146265917
1675526146266994
1675526146268080
1675526146270981
1675526146271059
1675526146271209
1675526146271286
1675526146271364
1675526146271441
1675526146271520
1675526146271597
1675526146271747
1675526146271824
1675526146271902
1675526146272052
1675526146272201
1675526146272279
1675526146273149
1675526146277103
1675526146277186
1675526146278150
1675526146279183
1675526146280282
1675526146280357
1675526146280430
1675526146281393
1675526146282494
1675526146283663
1675526146286132
1675526146289015
1675526146289094
1675526146289171
1675526146289320
1675526146289398
1675526146290052
1675526146290140
1675526146290290
1675526146290367
1675526146290445
1675526146291171
1675526146291248
1675526146291326
1675526146291403
1675526146292273
1675526146295088
1675526146295238
1675526146295315
1675526146295393
1675526146295470
1675526146295547
1675526146296200
1675526146297275
1675526146298308
1675526146299408
1675526146300441
1675526146302021
1675526146302095
1675526146302169
1675526146302243
1675526146302385
1675526146303075
1675526146303149
1675526146304114
1675526146308364
1675526146308443
1675526146308520
1675526146308598
1675526146309407
1675526146309485
1675526146309563
1675526146309639
1675526146310583
1675526146310660
1675526146310737
1675526146310815
1675526146310893
1675526146311619
1675526146311696
1675526146311774
1675526146311851
1675526146312651
1675526146313737
1675526146314822
1675526146317326
1675526146320205
1675526146320347
1675526146320422
1675526146320495
1675526146321322
1675526146322353
1675526146322427
1675526146322501
1675526146323396
1675526146324497
1675526146325597
1675526146326683
1675526146327717
1675526146330597
1675526146330740
1675526146330824
1675526146330898
1675526146330971
1675526146331114
1675526146331188
1675526146331262
1675526146331336
1675526146331479
1675526146331690
1675526146331832
1675526146333206
1675526146333281
1675526146333354
1675526146333497
1675526146333571
1675526146333645
1675526146334274
1675526146335444
1675526146336476
1675526146337501
1675526146341759
1675526146341837
1675526146341914
1675526146341991
1675526146342142
1675526146342218
1675526146342297
1675526146342807
1675526146343891
1675526146344904
1675526146345991
1675526146347068
1675526146348178
1675526146349211
1675526146349285
1675526146349358
1675526146350254
1675526146350396
1675526146351701
1675526146351775
1675526146351917
1675526146354729
1675526146354871
1675526146354945
1675526146355019
1675526146355777
1675526146356892
1675526146357926
1675526146358968
1675526146360070
1675526146361102
1675526146362203
1675526146362276
1675526146363241
1675526146363314
1675526146364551
1675526146367642
1675526146367721
1675526146367798
1675526146368739
1675526146368817
1675526146368894
1675526146369763
1675526146369841
1675526146369942
1675526146370020
1675526146370098
1675526146370824
1675526146370902
1675526146370980
1675526146371129
1675526146372359
1675526146372437
1675526146372514
1675526146372591
1675526146372669
1675526146372818
1675526146372895
1675526146373406
1675526146373483
1675526146374435
1675526146378318
1675526146379350
1675526146380451
1675526146380525
1675526146380599
1675526146381493
1675526146381567
1675526146382531
1675526146382673
1675526146383635
1675526146386034
1675526146388871
1675526146388949
1675526146389027
1675526146389177
1675526146389266
1675526146389921
1675526146389998
1675526146390148
1675526146390225
1675526146391023
1675526146391101
1675526146391178
1675526146391256
1675526146391333
1675526146392059
1675526146393576
1675526146393654
1675526146393731
1675526146394601
1675526146395758
1675526146396711
1675526146397813
1675526146402130
1675526146402204
1675526146402277
1675526146402351
1675526146402494
1675526146402568
1675526146402642
1675526146403195
1675526146404226
1675526146405257
1675526146406358
1675526146407440
1675526146408473
1675526146409504
1675526146409598
1675526146410562
1675526146410705
1675526146410779
1675526146413522
1675526146413595
1675526146413669
1675526146413742
1675526146413885
1675526146413959
1675526146414032
1675526146414105
1675526146414248
1675526146414597
1675526146415628
1675526146416697
1675526146420532
1675526146420610
1675526146420688
1675526146420837
1675526146421635
1675526146421713
1675526146422654
1675526146422732
1675526146423745
1675526146424759
1675526146425846
1675526146426929
1675526146428236
1675526146429268
1675526146429342
1675526146429485
1675526146429568
1675526146432107
1675526146432181
1675526146432255
1675526146432329
1675526146432471
1675526146432545
1675526146432619
1675526146432693
1675526146432835
1675526146432909
1675526146432982
1675526146433056
1675526146433199
1675526146433273
1675526146434236
1675526146438152
1675526146439253
1675526146440285
1675526146440359
1675526146440502
1675526146441328
1675526146442497
1675526146442571
1675526146442645
1675526146442787
1675526146443547
1675526146445947
1675526146448811
1675526146448954
1675526146449029
1675526146449102
1675526146450008
1675526146450083
1675526146450156
1675526146450229
1675526146450372
1675526146451062
1675526146451135
1675526146451209
1675526146451352
1675526146452111
1675526146452185
1675526146454998
1675526146455072
1675526146455214
1675526146455288
1675526146455362
1675526146456060
1675526146457151
1675526146458252
1675526146459351
1675526146460451
1675526146460525
1675526146461489
1675526146463000
1675526146463074
1675526146463216
1675526146464042
1675526146466996
1675526146467074
1675526146468016
1675526146469173
1675526146469250
1675526146470275
1675526146470353
1675526146470430
1675526146470508
1675526146470585
1675526146471383
1675526146471460
1675526146471610
1675526146472480
1675526146472558
1675526146473860
1675526146474946
1675526146478939
1675526146480040
1675526146480114
1675526146480188
1675526146481095
1675526146481168
1675526146481243
1675526146481317
1675526146482143
1675526146482217
1675526146482291
1675526146483185
1675526146485655
1675526146486756
1675526146489637
1675526146489711
1675526146489785
1675526146489858
1675526146490002
1675526146490075
1675526146490159
1675526146490233
1675526146490719
1675526146490793
1675526146490866
1675526146490940
1675526146491766
1675526146491840
1675526146491914
1675526146494585
1675526146494659
1675526146494732
1675526146494806
1675526146494948
1675526146495022
1675526146495095
1675526146495177
1675526146495663
1675526146496696
1675526146497805
1675526146498836
1675526146499867
1675526146500968
1675526146501998
1675526146503304
1675526146503447
1675526146504409
1675526146507205
1675526146508363
1675526146508441
1675526146509382
1675526146509460
1675526146509561
1675526146509639
1675526146510366
1675526146510444
1675526146510521
1675526146510599
1675526146510748
1675526146511401
1675526146512485
1675526146512562
1675526146515375
1675526146515453
1675526146515531
1675526146516473
1675526146517456
1675526146517530
1675526146518506
1675526146519539
1675526146519613
1675526146520576
1675526146520661
1675526146522038
1675526146522112
1675526146523077
1675526146526959
1675526146527034
1675526146527998
1675526146529031
1675526146529105
1675526146529247
1675526146530006
1675526146530080
1675526146530164
1675526146530307
1675526146530380
1675526146531071
1675526146531145
1675526146531288
1675526146533963
1675526146534037
1675526146534180
1675526146534253
1675526146534327
1675526146534401
1675526146534543
1675526146534617
1675526146535033
1675526146536135
1675526146537069
1675526146538156
1675526146539171
1675526146540258
1675526146543147
1675526146543225
1675526146543303
1675526146543452
1675526146543530
1675526146543608
1675526146544117
1675526146545204
1675526146546219
1675526146547299
1675526146548331
1675526146551283
1675526146551369
1675526146551443
1675526146551517
1675526146551591
1675526146551734
1675526146551808
1675526146551881
1675526146551955
1675526146552098
1675526146552172
1675526146552246
1675526146552319
1675526146553420
1675526146554386
1675526146557257
1675526146557336
1675526146557424
1675526146558295
1675526146559383
1675526146560396
1675526146560546
1675526146561489
1675526146562575
1675526146563590
1675526146564678
1675526146564756
1675526146564834
1675526146567064
1675526146570016
1675526146570090
1675526146570164
1675526146570306
1675526146570389
1675526146570463
1675526146570538
1675526146570680
1675526146570754
1675526146570827
1675526146571108
1675526146571182
1675526146571257
1675526146571399
1675526146572160
1675526146574971
1675526146575044
1675526146575118
1675526146575261
1675526146575335
1675526146575417
1675526146576038
1675526146577083
1675526146578184
1675526146579284
1675526146580385
1675526146580459
1675526146581424
1675526146582456
1675526146582530
1675526146584930
1675526146587718
1675526146588807
1675526146588884
1675526146588962
1675526146589040
1675526146589848
1675526146589925
1675526146590003
1675526146590153
1675526146590230
1675526146590957
1675526146591034
1675526146591112
1675526146592055
1675526146592132
1675526146593364
1675526146593514
1675526146594456
1675526146598343
1675526146599375
1675526146600407
1675526146600491
1675526146600633
1675526146600707
1675526146601466
1675526146601607
1675526146602641
1675526146602715
1675526146603679
1675526146606078
1675526146607098
