1675525587751561
1675525587751704
1675525587751778
1675525587760783
1675525587760933
1675525587761010
1675525587761089
1675525587761168
1675525587761246
1675525587761323
1675525587761474
1675525587761551
1675525587761629
1675525587761707
1675525587761858
1675525587761946
1675525587762097
1675525587762175
1675525587762253
1675525587762331
1675525587762409
1675525587771196
1675525587771274
1675525587771352
1675525587771502
1675525587771580
1675525587771658
1675525587771736
1675525587771814
1675525587771892
1675525587772476
1675525587780235
1675525587780311
1675525587780385
1675525587780459
1675525587780602
1675525587780677
1675525587780750
1675525587780825
1675525587780968
1675525587781042
1675525587781117
1675525587781260
1675525587781334
1675525587781477
1675525587782648
1675525587782791
1675525587782874
1675525587782949
1675525587783023
1675525587783166
1675525587783240
1675525587783314
1675525587783388
1675525587783531
1675525587783606
1675525587783679
1675525587794542
1675525587794620
1675525587794771
1675525587794849
1675525587794926
1675525587795004
1675525587795094
1675525587795170
1675525587795313
1675525587795388
1675525587795461
1675525587795605
1675525587795679
1675525587796920
1675525587796994
1675525587797068
1675525587797142
1675525587797285
1675525587806221
1675525587806299
1675525587806377
1675525587806455
1675525587806614
1675525587806692
1675525587806770
1675525587806848
1675525587806926
1675525587807075
1675525587807153
1675525587807231
1675525587807309
1675525587807459
1675525587807536
1675525587807686
1675525587813681
1675525587813832
1675525587813910
1675525587813988
1675525587814147
1675525587814225
1675525587814302
1675525587814381
