1675525906383343
1675525906383494
1675525906383571
1675525906384814
1675525906384893
1675525906384970
1675525906385049
1675525906385858
1675525906388405
1675525906389936
1675525906391028
1675525906391115
1675525906391193
1675525906391343
1675525906391421
1675525906392080
1675525906394837
1675525906394915
1675525906394992
1675525906395070
1675525906395949
1675525906398414
1675525906401318
1675525906401396
1675525906401474
1675525906401553
1675525906401631
1675525906401718
1675525906401869
1675525906401947
1675525906402025
1675525906402393
1675525906402471
1675525906402550
1675525906402627
1675525906403794
1675525906403875
1675525906408905
1675525906411814
1675525906411892
1675525906411970
1675525906412123
1675525906412200
1675525906412288
1675525906412366
1675525906412880
1675525906412957
1675525906414050
1675525906415435
1675525906416891
1675525906416970
1675525906417048
1675525906419882
1675525906419961
1675525906420039
1675525906420116
1675525906420989
1675525906421140
1675525906421218
1675525906421306
1675525906422181
1675525906422259
1675525906422337
1675525906422415
1675525906423655
1675525906423807
1675525906423885
1675525906423963
1675525906424041
1675525906424119
1675525906424197
1675525906424347
1675525906425226
1675525906425306
1675525906425383
1675525906425469
1675525906430351
1675525906430505
1675525906431526
1675525906431604
1675525906431683
1675525906431833
1675525906432931
1675525906433009
1675525906433159
1675525906435484
1675525906437957
1675525906439343
1675525906440510
1675525906440588
1675525906440738
1675525906440825
1675525906442067
1675525906442145
1675525906442223
1675525906442302
1675525906442380
1675525906442457
1675525906442607
