1675526306758725
1675526306758807
1675526306758890
1675526306758981
1675526306759066
1675526306759148
1675526306759230
1675526306760528
1675526306762208
1675526306762291
1675526306762373
1675526306762455
1675526306763298
1675526306763381
1675526306763463
1675526306763545
1675526306764692
1675526306766219
1675526306766302
1675526306767308
1675526306767468
1675526306768767
1675526306771582
1675526306771665
1675526306771747
1675526306772665
1675526306774039
1675526306774121
1675526306774203
1675526306774286
1675526306777031
1675526306777113
1675526306777219
1675526306777302
1675526306777384
1675526306777475
1675526306777557
1675526306777639
1675526306777721
1675526306777804
1675526306777886
1675526306779644
1675526306781097
1675526306781179
1675526306782555
1675526306782637
1675526306783632
1675526306783714
1675526306783796
1675526306785098
1675526306785180
1675526306787650
1675526306789099
1675526306791616
1675526306791698
1675526306794442
1675526306794524
1675526306794607
1675526306794689
1675526306794771
1675526306794853
1675526306794936
1675526306795550
1675526306795633
1675526306795715
1675526306797089
1675526306797227
1675526306797318
1675526306797401
1675526306797483
1675526306797566
1675526306797648
1675526306799934
1675526306800015
1675526306801010
1675526306801092
1675526306802468
1675526306803921
1675526306804003
1675526306804085
1675526306804167
1675526306805467
1675526306806918
1675526306809507
1675526306810960
1675526306811043
1675526306811125
1675526306812423
1675526306812506
1675526306813502
1675526306813583
1675526306814806
1675526306817844
1675526306817928
1675526306818010
1675526306818091
1675526306818173
1675526306818255
1675526306818338
