1675526033582902
1675526033582980
1675526033583128
1675526033583204
1675526033583282
1675526033583359
1675526033583447
1675526033583525
1675526033583820
1675526033587601
1675526033588949
1675526033589006
1675526033590440
1675526033590497
1675526033593024
1675526033594444
1675526033594572
1675526033594650
1675526033595963
1675526033597487
1675526033600455
1675526033600583
1675526033600674
1675526033600751
1675526033600830
1675526033600907
1675526033600985
1675526033601136
1675526033601212
1675526033601290
1675526033601368
1675526033601446
1675526033601672
1675526033602984
1675526033603040
1675526033603117
1675526033603268
1675526033604506
1675526033604595
1675526033607087
1675526033608431
1675526033608559
1675526033608636
1675526033609948
1675526033610005
1675526033610152
1675526033610230
1675526033612691
1675526033613916
1675526033613993
1675526033615431
1675526033618157
1675526033619433
1675526033619586
1675526033619677
1675526033619753
1675526033622446
1675526033622528
1675526033622677
1675526033622754
1675526033622831
1675526033622908
1675526033622984
1675526033623134
1675526033623213
1675526033623290
1675526033623368
1675526033623445
1675526033623527
1675526033623678
1675526033624926
1675526033625004
1675526033627622
1675526033628917
1675526033628974
1675526033630408
1675526033630536
1675526033630615
1675526033633133
1675526033634444
1675526033634521
1675526033634598
1675526033635968
1675526033637465
1675526033637544
1675526033638650
1675526033641457
1675526033641513
1675526033641590
1675526033641739
1675526033641823
1675526033641900
1675526033641980
1675526033642060
1675526033642139
1675526033642218
1675526033642295
1675526033642373
1675526033643025
