1675525872278525
1675525872278600
1675525872279464
1675525872282215
1675525872282366
1675525872283311
1675525872283388
1675525872283467
1675525872284347
1675525872285438
1675525872286527
1675525872287545
1675525872288633
1675525872289696
1675525872290732
1675525872293551
1675525872293626
1675525872293700
1675525872293842
1675525872293917
1675525872293992
1675525872294066
1675525872294689
1675525872294763
1675525872294914
1675525872294988
1675525872295749
1675525872295893
1675525872298574
1675525872298649
1675525872298791
1675525872298865
1675525872298939
1675525872299013
1675525872299167
1675525872299242
1675525872299317
1675525872299392
1675525872299672
1675525872300708
1675525872301820
1675525872302923
1675525872303957
1675525872306774
1675525872307948
1675525872308021
1675525872308163
1675525872308239
1675525872309000
1675525872310089
1675525872311124
1675525872312228
1675525872313262
1675525872313336
1675525872316221
1675525872316364
1675525872316449
1675525872316523
1675525872316597
1675525872317288
1675525872318391
1675525872318465
1675525872318539
1675525872318614
1675525872318757
1675525872319424
1675525872320529
1675525872321566
1675525872322601
1675525872325418
1675525872325492
1675525872325634
1675525872326542
1675525872327647
1675525872327721
1675525872327795
1675525872328694
1675525872329757
1675525872329835
1675525872330782
1675525872331871
1675525872332889
1675525872335857
1675525872335935
1675525872336013
1675525872336090
1675525872336167
1675525872336246
1675525872336333
1675525872336483
1675525872336562
1675525872336640
1675525872336718
1675525872336941
1675525872337959
1675525872338037
1675525872338115
1675525872340854
1675525872341960
1675525872342995
1675525872343069
1675525872343212
1675525872343286
1675525872344045
1675525872345095
1675525872346199
1675525872347233
1675525872348267
1675525872348410
1675525872349328
1675525872351788
1675525872352807
1675525872355703
1675525872355781
1675525872355930
1675525872356009
1675525872356087
1675525872356163
1675525872356242
1675525872356392
1675525872356479
1675525872356557
1675525872356635
1675525872356712
1675525872356790
1675525872356868
1675525872357017
1675525872358684
1675525872358763
1675525872358841
1675525872358919
1675525872358996
1675525872359146
1675525872359771
1675525872360805
1675525872361910
1675525872362953
1675525872363989
1675525872365024
1675525872366126
1675525872367162
1675525872368266
1675525872369611
1675525872372580
1675525872372658
1675525872372737
1675525872373683
1675525872373761
1675525872373839
1675525872373917
1675525872373995
1675525872374722
1675525872374809
1675525872374888
1675525872374967
1675525872375766
1675525872376856
1675525872377872
1675525872380688
1675525872380830
1675525872380905
1675525872380980
1675525872381741
1675525872382845
1675525872382919
1675525872382992
1675525872383136
1675525872383896
1675525872383979
1675525872384947
1675525872385982
1675525872387086
1675525872388121
1675525872390976
1675525872391054
1675525872391133
1675525872391211
1675525872391361
1675525872392016
1675525872393105
1675525872393183
1675525872393261
1675525872393338
1675525872393488
1675525872394154
1675525872397045
1675525872397123
1675525872397272
1675525872397351
1675525872397428
1675525872398156
1675525872398234
1675525872398311
1675525872398389
1675525872398466
1675525872399216
1675525872400307
1675525872401324
1675525872402414
1675525872403574
1675525872404888
1675525872405905
1675525872406994
1675525872408011
1675525872408090
1675525872410824
1675525872411857
1675525872413029
1675525872413105
1675525872413179
1675525872413322
1675525872414082
1675525872414155
1675525872414231
1675525872414373
1675525872415135
1675525872415230
1675525872415305
1675525872415448
1675525872415522
1675525872417998
1675525872418071
1675525872418146
1675525872418220
1675525872418363
1675525872418437
1675525872418511
1675525872418585
1675525872418729
1675525872418803
1675525872418877
1675525872419097
1675525872420124
1675525872421141
1675525872422229
1675525872426205
1675525872427222
1675525872428311
1675525872428388
1675525872429424
1675525872429498
1675525872430466
1675525872431503
1675525872432606
1675525872433643
1675525872433717
1675525872436469
1675525872436543
1675525872436625
1675525872436700
1675525872436775
1675525872436917
1675525872436991
1675525872437546
1675525872437621
1675525872438587
1675525872438661
1675525872438735
1675525872441123
1675525872442211
1675525872442289
1675525872443233
1675525872443311
1675525872443461
1675525872444344
1675525872445433
1675525872446523
1675525872447612
1675525872450301
1675525872450375
1675525872450518
1675525872450593
1675525872451355
1675525872452459
1675525872452533
1675525872452607
1675525872453506
1675525872453580
1675525872454958
1675525872455102
1675525872455184
1675525872455260
1675525872455333
1675525872455408
1675525872455552
1675525872455625
1675525872456044
1675525872457148
1675525872461338
1675525872461416
1675525872461494
1675525872461644
1675525872461722
1675525872462377
1675525872462526
1675525872463472
1675525872464497
1675525872465588
1675525872466605
1675525872467695
1675525872467773
1675525872468717
1675525872468867
1675525872469711
1675525872472118
1675525872472192
1675525872473159
1675525872473233
1675525872476054
1675525872476197
1675525872476271
1675525872476345
1675525872476427
1675525872476502
1675525872476645
1675525872476720
1675525872476794
1675525872476868
1675525872477149
1675525872477223
1675525872478190
1675525872478333
1675525872478407
1675525872481051
1675525872481129
1675525872481207
1675525872481357
1675525872482084
1675525872482244
1675525872483188
1675525872483266
1675525872484212
1675525872485300
1675525872486388
1675525872487405
1675525872488493
1675525872489561
1675525872492037
1675525872493072
1675525872493215
1675525872495965
1675525872496108
1675525872496183
1675525872496257
1675525872496340
1675525872496483
1675525872496557
1675525872496632
1675525872496706
1675525872496848
1675525872496922
1675525872496997
1675525872497071
1675525872498038
1675525872498179
1675525872500976
1675525872501993
1675525872503080
1675525872503158
1675525872503236
1675525872503322
1675525872504121
1675525872504271
1675525872505216
1675525872506232
1675525872507393
1675525872508481
1675525872508559
1675525872508637
1675525872508713
1675525872509807
1675525872510895
1675525872512055
1675525872514876
1675525872514954
1675525872515030
1675525872515127
1675525872515205
1675525872515284
1675525872515362
1675525872515439
1675525872515951
1675525872516967
1675525872518056
1675525872518134
1675525872518213
1675525872519084
1675525872520247
1675525872522634
1675525872522713
1675525872522863
1675525872523662
1675525872527647
1675525872527725
1675525872527803
1675525872528748
1675525872529768
1675525872529846
1675525872530864
1675525872531879
1675525872532969
1675525872533046
1675525872533124
1675525872533996
1675525872534074
1675525872534224
1675525872534301
1675525872536835
1675525872536922
1675525872537000
1675525872537078
1675525872537156
1675525872537307
1675525872537384
1675525872537462
1675525872537540
1675525872537617
1675525872537767
1675525872537844
1675525872537922
1675525872538000
1675525872538078
1675525872540683
1675525872541771
1675525872542871
1675525872542949
1675525872543025
1675525872543898
1675525872544987
1675525872546003
1675525872547091
1675525872548109
1675525872549157
1675525872551542
1675525872552558
1675525872555521
1675525872555599
1675525872555677
1675525872555754
1675525872555832
1675525872555929
1675525872556007
1675525872556157
1675525872556235
1675525872556457
1675525872557544
1675525872558559
1675525872558710
1675525872558788
1675525872559733
1675525872562553
1675525872562704
1675525872562782
1675525872563581
1675525872563659
1675525872564675
1675525872565702
1675525872566790
1675525872567806
1675525872567883
1675525872568034
1675525872568111
1675525872568838
1675525872569892
1675525872571408
1675525872572511
1675525872572585
1675525872573550
1675525872573625
1675525872573699
1675525872573773
1675525872573846
1675525872574616
1675525872574690
1675525872578879
1675525872578953
1675525872579027
1675525872579162
1675525872579240
1675525872579319
1675525872579396
1675525872579474
1675525872579913
1675525872579992
1675525872580937
1675525872581953
1675525872583042
1675525872583120
1675525872583206
1675525872584077
1675525872585165
1675525872586181
1675525872587268
1675525872588284
1675525872589664
1675525872589742
1675525872592705
1675525872592783
1675525872592860
1675525872592938
1675525872593737
1675525872593815
1675525872593893
1675525872594042
1675525872594778
1675525872594928
1675525872595006
1675525872595084
1675525872595161
1675525872595888
1675525872595967
1675525872598713
1675525872598790
1675525872598867
1675525872598946
1675525872599024
1675525872599175
1675525872599254
1675525872599331
1675525872599771
1675525872600869
1675525872601956
1675525872602972
1675525872604061
1675525872605075
1675525872606163
1675525872607397
1675525872608557
1675525872609579
1675525872612469
1675525872612619
1675525872613565
1675525872613643
1675525872613721
1675525872613799
1675525872613947
1675525872614612
1675525872614690
1675525872614840
1675525872614918
1675525872615718
1675525872615796
1675525872618613
1675525872618690
1675525872618767
1675525872618846
1675525872618924
1675525872619652
1675525872620740
1675525872621756
1675525872622842
1675525872622920
1675525872623871
1675525872624959
1675525872625975
1675525872627062
1675525872628077
1675525872629384
1675525872629534
1675525872629611
1675525872629690
1675525872629767
1675525872632438
1675525872632516
1675525872632594
1675525872633537
1675525872633687
1675525872633765
1675525872633850
1675525872633929
1675525872634512
1675525872634662
1675525872635604
1675525872636692
1675525872637708
1675525872638794
1675525872638872
1675525872641259
1675525872642348
1675525872642426
1675525872643369
1675525872643446
1675525872644463
1675525872647205
1675525872648228
1675525872648305
1675525872648457
1675525872649330
1675525872650346
1675525872651433
1675525872652522
1675525872652600
1675525872653472
1675525872653549
1675525872653626
1675525872653705
1675525872654504
1675525872654654
1675525872657400
1675525872657550
1675525872657636
1675525872657713
1675525872657791
1675525872657869
1675525872657946
1675525872658097
1675525872658175
1675525872658253
1675525872658330
1675525872658408
1675525872658486
1675525872658636
1675525872658713
1675525872662688
1675525872662766
1675525872662844
1675525872662929
1675525872663801
1675525872664818
1675525872665905
1675525872666920
1675525872668008
1675525872668086
1675525872669029
1675525872670048
1675525872671064
1675525872672152
1675525872674971
1675525872675049
1675525872675126
1675525872675204
1675525872675354
1675525872675441
1675525872675519
1675525872675596
1675525872676036
1675525872677124
1675525872678141
1675525872678218
1675525872678368
1675525872680976
1675525872681054
1675525872681997
1675525872683084
1675525872683162
1675525872683312
1675525872683390
1675525872684117
1675525872684204
1675525872685146
1675525872686235
1675525872687251
1675525872688340
1675525872688418
1675525872688495
1675525872689658
1675525872690746
1675525872691761
1675525872694719
1675525872694796
1675525872694874
1675525872694951
1675525872695029
1675525872695107
1675525872695206
1675525872695357
1675525872695434
1675525872695512
1675525872695734
1675525872696822
1675525872697910
1675525872697988
1675525872698065
1675525872700739
1675525872701754
1675525872702842
1675525872703858
1675525872704947
1675525872705024
1675525872705101
1675525872705188
1675525872705265
1675525872705992
1675525872707081
1675525872708095
1675525872708173
1675525872708251
1675525872708328
1675525872709445
1675525872710533
1675525872713279
1675525872713358
1675525872713508
1675525872713585
1675525872713663
1675525872714461
1675525872714549
1675525872714627
1675525872714705
1675525872715505
1675525872715582
1675525872715732
1675525872715809
1675525872716610
1675525872717627
1675525872720519
1675525872720597
1675525872720674
1675525872720752
1675525872720830
1675525872721484
1675525872722644
1675525872723596
1675525872723747
1675525872724690
1675525872725851
1675525872726866
1675525872727954
1675525872728970
1675525872730313
1675525872731472
1675525872734146
1675525872734296
1675525872734374
1675525872734451
1675525872734529
1675525872734607
1675525872734685
1675525872734775
1675525872734925
1675525872735220
1675525872735369
1675525872735447
1675525872735524
1675525872735602
1675525872736401
1675525872739222
1675525872739301
1675525872739379
1675525872740322
1675525872741336
1675525872742424
1675525872742501
1675525872743443
1675525872743530
1675525872743608
1675525872744551
1675525872745637
1675525872746653
1675525872747741
1675525872747819
1675525872749159
1675525872749237
1675525872749315
1675525872749465
1675525872752066
1675525872752144
1675525872753160
1675525872753238
1675525872753316
1675525872753401
1675525872754202
1675525872754280
1675525872754357
1675525872754435
1675525872754585
1675525872755240
1675525872756328
1675525872757415
1675525872758431
1675525872759809
1675525872760898
1675525872761913
1675525872763000
1675525872763151
1675525872765824
1675525872766922
1675525872767938
1675525872768017
1675525872768095
1675525872768171
1675525872769044
1675525872770133
1675525872771150
1675525872772238
1675525872773254
1675525872773404
1675525872774346
1675525872777236
1675525872777313
1675525872777392
1675525872777541
1675525872777629
1675525872777707
1675525872777785
1675525872777863
1675525872777940
1675525872778090
1675525872778169
1675525872778247
1675525872778324
1675525872778401
1675525872778479
1675525872779714
1675525872779792
1675525872779870
1675525872780020
1675525872780747
1675525872781843
1675525872782930
1675525872783008
1675525872784024
1675525872785040
1675525872787859
1675525872787937
1675525872788015
1675525872788958
1675525872789978
1675525872790994
1675525872792082
1675525872793244
1675525872793322
1675525872796068
1675525872796146
1675525872796233
1675525872796311
1675525872796389
1675525872796468
1675525872796618
1675525872797201
1675525872798289
1675525872798367
1675525872798445
1675525872798521
1675525872799324
1675525872800339
1675525872801425
1675525872802944
1675525872803021
1675525872804037
1675525872805061
1675525872805138
1675525872806154
1675525872807170
1675525872808255
1675525872808334
1675525872811084
1675525872811163
1675525872812179
1675525872813194
1675525872813272
1675525872813422
1675525872813500
1675525872814298
1675525872814376
1675525872814454
1675525872814540
1675525872814618
1675525872815346
1675525872815424
1675525872815501
1675525872819591
1675525872819665
1675525872819740
1675525872819814
1675525872819888
1675525872819962
1675525872820654
1675525872821689
1675525872822792
1675525872822866
1675525872823833
1675525872824887
1675525872825922
1675525872827026
1675525872827993
1675525872828135
1675525872829164
1675525872829243
1675525872831556
1675525872834376
1675525872834454
1675525872834531
1675525872834609
1675525872834687
1675525872834838
1675525872834915
1675525872834992
1675525872835091
1675525872835169
1675525872835467
1675525872835545
1675525872835621
1675525872835700
1675525872836500
1675525872839321
1675525872839400
1675525872839478
1675525872839556
1675525872839633
1675525872839711
1675525872839859
1675525872839939
1675525872840449
1675525872841473
1675525872842562
1675525872842640
1675525872843582
1675525872844671
1675525872845687
1675525872848071
1675525872848222
1675525872849242
1675525872852057
1675525872852135
1675525872853150
1675525872853227
1675525872853305
1675525872853382
1675525872853459
1675525872854195
1675525872854272
1675525872854351
1675525872854429
1675525872855227
1675525872855377
1675525872855455
1675525872856327
1675525872857847
1675525872857925
1675525872858867
1675525872859955
1675525872860969
1675525872862129
1675525872863142
1675525872863221
1675525872864245
1675525872867061
1675525872867139
1675525872867217
1675525872868160
1675525872868238
1675525872868315
1675525872868466
1675525872869233
1675525872869311
1675525872870327
1675525872871344
1675525872872432
1675525872873447
1675525872873526
1675525872873675
1675525872877655
1675525872877805
1675525872877882
1675525872877959
1675525872878038
1675525872878115
1675525872878266
1675525872878776
1675525872878854
1675525872879800
1675525872880889
1675525872881976
1675525872883063
1675525872883212
1675525872883290
1675525872884090
1675525872885185
1675525872886275
1675525872887290
1675525872888666
1675525872888745
1675525872891711
1675525872892726
1675525872892877
1675525872892955
1675525872893032
1675525872893832
1675525872893910
1675525872893987
1675525872894064
1675525872894215
1675525872894868
1675525872894954
1675525872895104
1675525872895182
1675525872896053
1675525872898869
1675525872898947
1675525872899025
1675525872899104
1675525872899254
1675525872899332
1675525872899409
1675525872899486
1675525872899563
1675525872899642
1675525872899936
