1675525728028030
1675525728028173
1675525728028247
1675525728030614
1675525728032118
1675525728033628
1675525728033702
1675525728033778
1675525728033852
1675525728035118
1675525728036594
1675525728038122
1675525728038197
1675525728038271
1675525728040869
1675525728042288
1675525728042446
1675525728042520
1675525728045403
1675525728045481
1675525728045555
1675525728045698
1675525728045772
1675525728045846
1675525728045919
1675525728046062
1675525728046149
1675525728046223
1675525728046298
1675525728046373
1675525728046517
1675525728046877
1675525728046952
1675525728047025
1675525728047099
1675525728048373
1675525728049846
1675525728051344
1675525728052796
1675525728052878
1675525728053021
1675525728053095
1675525728054371
1675525728055869
1675525728057344
1675525728058789
1675525728058877
1675525728059022
1675525728060362
1675525728061844
1675525728063289
1675525728063377
1675525728063523
1675525728066372
1675525728066448
1675525728066523
1675525728066597
1675525728066672
1675525728066756
1675525728066898
1675525728066972
1675525728067046
1675525728067119
1675525728067263
1675525728067337
1675525728067876
1675525728067951
1675525728068025
1675525728068099
1675525728070596
1675525728072094
1675525728073621
1675525728073765
1675525728073840
1675525728075152
1675525728076615
1675525728078115
1675525728078190
1675525728079594
1675525728081095
1675525728082626
1675525728082704
1675525728082778
1675525728084055
1675525728084199
1675525728084273
1675525728084348
1675525728084422
1675525728087117
1675525728087194
1675525728087284
1675525728087358
1675525728087433
1675525728087507
1675525728087648
1675525728087724
1675525728087798
1675525728087872
1675525728088014
