1675525742520311
1675525742520314
1675525742520317
1675525742520320
1675525742520322
1675525742520325
1675525742520405
1675525742520492
1675525742522873
1675525742527536
1675525742527541
1675525742527621
1675525742527699
1675525742530032
1675525742530114
1675525742530193
1675525742536200
1675525742536205
1675525742536208
1675525742536211
1675525742536214
1675525742536216
1675525742536219
1675525742536231
1675525742536234
1675525742536237
1675525742536239
1675525742536242
1675525742537664
1675525742541243
1675525742541247
1675525742541251
1675525742541253
1675525742541256
1675525742543708
1675525742547390
1675525742547396
1675525742547476
1675525742547555
1675525742547647
1675525742547725
1675525742554961
1675525742554966
1675525742554969
1675525742554972
1675525742554975
1675525742554978
1675525742554981
1675525742554983
1675525742554986
1675525742554989
1675525742554991
1675525742554994
1675525742554997
1675525742554999
1675525742555010
1675525742555014
1675525742555016
1675525742555019
1675525742555022
1675525742555024
1675525742557427
1675525742557508
1675525742557587
1675525742560093
1675525742560097
1675525742560101
1675525742560179
1675525742560258
1675525742560336
1675525742562638
1675525742568606
1675525742568611
1675525742568614
1675525742568617
1675525742568619
1675525742568622
1675525742573645
1675525742573650
1675525742573653
1675525742573656
1675525742573659
1675525742573731
1675525742573736
1675525742573738
1675525742573741
1675525742573744
1675525742573756
1675525742573759
1675525742577288
1675525742577293
1675525742577372
1675525742577459
1675525742581034
1675525742581039
1675525742581043
1675525742581045
1675525742581048
1675525742581051
