1675526494340702
1675526494340778
1675526494340930
1675526494341008
1675526494343416
1675526494343472
1675526494343550
1675526494343626
1675526494343781
1675526494343858
1675526494343938
1675526494344015
1675526494344101
1675526494344179
1675526494344329
1675526494344406
1675526494344847
1675526494347754
1675526494347882
1675526494347960
1675526494349536
1675526494350717
1675526494352194
1675526494352347
1675526494353714
1675526494353841
1675526494355263
1675526494356736
1675526494356822
1675526494358252
1675526494361229
1675526494361305
1675526494361384
1675526494361533
1675526494361610
1675526494361690
1675526494361767
1675526494361847
1675526494362001
1675526494362079
1675526494362740
1675526494362890
1675526494362970
1675526494363047
1675526494364197
1675526494365672
1675526494365821
1675526494365901
1675526494365977
1675526494367240
1675526494368764
1675526494368821
1675526494370215
1675526494371742
1675526494373287
1675526494373343
1675526494373420
1675526494373568
1675526494374705
1675526494376172
1675526494376300
1675526494377718
1675526494380766
1675526494380844
1675526494380922
1675526494381000
1675526494381147
1675526494381225
1675526494381303
1675526494381382
1675526494381461
1675526494381612
1675526494381692
1675526494382201
1675526494382281
1675526494383726
1675526494383811
1675526494385232
1675526494386707
1675526494386854
1675526494386933
1675526494388243
1675526494388371
1675526494388449
1675526494388527
1675526494389712
1675526494391189
1675526494392734
1675526494392791
1675526494392940
1675526494398143
1675526494399488
1675526494402492
1675526494402620
1675526494402698
1675526494402775
1675526494402852
1675526494402928
1675526494403006
1675526494403154
1675526494403233
1675526494403312
1675526494403391
1675526494403468
1675526494403617
1675526494403694
1675526494403772
1675526494403921
1675526494404079
1675526494404157
1675526494405496
1675526494405551
1675526494406991
1675526494408469
1675526494408546
1675526494411244
1675526494412712
1675526494412840
1675526494412918
1675526494412995
1675526494414256
1675526494415780
1675526494415856
1675526494415936
1675526494417188
1675526494418731
1675526494418787
1675526494421773
1675526494421851
1675526494421929
1675526494422005
1675526494422154
1675526494422234
1675526494422312
1675526494422391
1675526494422467
1675526494423184
1675526494423261
1675526494423410
1675526494423488
1675526494424682
1675526494426204
1675526494426354
1675526494426433
1675526494426510
1675526494427772
1675526494429402
1675526494430772
1675526494430829
1675526494432268
1675526494432346
1675526494433711
1675526494433767
1675526494435217
1675526494436755
1675526494438225
1675526494438354
1675526494438432
1675526494441238
1675526494441366
1675526494441444
1675526494441522
1675526494441601
1675526494441751
1675526494441831
1675526494441912
1675526494441991
1675526494442719
1675526494442776
1675526494442924
1675526494443001
1675526494444191
1675526494445745
1675526494445801
1675526494445951
1675526494447263
1675526494448732
1675526494448859
1675526494450272
1675526494451693
1675526494453234
1675526494453291
1675526494453368
1675526494453516
1675526494453595
1675526494454730
1675526494456268
1675526494456326
1675526494457771
1675526494459298
1675526494459376
1675526494459454
1675526494459530
1675526494462216
1675526494462293
1675526494462371
1675526494462448
1675526494462598
1675526494462677
1675526494462754
1675526494462833
1675526494462911
1675526494463063
1675526494463144
1675526494463230
1675526494463306
1675526494463743
1675526494463823
1675526494463901
1675526494464051
1675526494465281
1675526494466752
1675526494466904
1675526494466985
1675526494468173
1675526494469720
1675526494471201
1675526494472747
1675526494472803
1675526494472951
1675526494474273
1675526494475738
1675526494475867
1675526494475943
1675526494477255
1675526494478725
1675526494478781
1675526494480225
1675526494480352
1675526494480430
1675526494480507
1675526494480584
1675526494481793
1675526494483268
1675526494483395
1675526494483474
1675526494483561
1675526494484694
1675526494486236
1675526494486293
1675526494486369
1675526494487756
1675526494489539
1675526494489544
1675526494490786
1675526494492259
1675526494492410
1675526494493710
1675526494493787
1675526494493864
1675526494495234
1675526494496705
1675526494498258
1675526494498315
1675526494499841
1675526494499918
1675526494500068
1675526494500146
1675526494500222
1675526494500304
1675526494500381
1675526494500459
1675526494502676
1675526494502828
1675526494502907
1675526494502984
1675526494503061
1675526494503138
1675526494503225
1675526494503375
1675526494504220
1675526494505743
1675526494505821
1675526494507240
1675526494508783
1675526494511515
1675526494512990
1675526494513142
1675526494513222
1675526494513300
1675526494514434
1675526494515973
1675526494516030
1675526494517472
1675526494519000
1675526494519077
1675526494522001
1675526494522129
1675526494522207
1675526494522283
1675526494522364
1675526494522441
1675526494522591
1675526494522668
1675526494522746
1675526494522825
1675526494522903
1675526494523485
1675526494523562
1675526494523644
1675526494524978
1675526494526501
1675526494526579
1675526494526662
1675526494527976
1675526494529414
1675526494530938
1675526494532482
1675526494532538
1675526494533974
1675526494534102
1675526494535521
1675526494535597
1675526494537018
1675526494538493
1675526494538645
1675526494538733
1675526494540172
1675526494540250
1675526494540328
1675526494540405
1675526494540488
1675526494540638
1675526494540716
1675526494540794
1675526494543007
1675526494543084
1675526494543163
1675526494543316
1675526494543393
1675526494543473
1675526494543550
1675526494544465
1675526494545930
1675526494546057
1675526494546141
1675526494547454
1675526494548979
1675526494550489
1675526494550618
1675526494551985
1675526494552112
1675526494553533
1675526494553610
1675526494553688
1675526494555006
1675526494556423
1675526494557948
1675526494560968
1675526494561045
1675526494561194
1675526494561271
1675526494561348
1675526494561425
1675526494561501
1675526494561651
1675526494561730
1675526494562494
1675526494562645
1675526494562725
1675526494563966
1675526494564043
1675526494564121
1675526494565430
1675526494565560
1675526494566980
1675526494567056
1675526494567139
1675526494568508
1675526494571230
1675526494572775
1675526494572832
1675526494572908
1675526494572987
1675526494574251
1675526494575793
1675526494575850
1675526494575926
1675526494576077
1675526494577213
1675526494578688
1675526494578841
1675526494581707
1675526494581834
1675526494581912
1675526494581989
1675526494582067
1675526494582218
1675526494582296
1675526494582376
1675526494582453
1675526494582534
1675526494582685
1675526494582763
1675526494582842
1675526494583277
1675526494583367
1675526494583444
1675526494583523
1675526494583673
1675526494584735
1675526494586204
1675526494586332
1675526494587754
1675526494587833
1675526494589412
1675526494593333
1675526494594551
1675526494596098
1675526494596175
1675526494596253
1675526494596329
1675526494596489
1675526494597627
1675526494599097
1675526494599225
1675526494599305
1675526494599386
1675526494600645
1675526494600702
1675526494600851
1675526494600930
1675526494602124
1675526494602278
1675526494602357
1675526494603601
1675526494603678
1675526494605096
1675526494606582
1675526494606732
1675526494606811
1675526494608127
1675526494609595
1675526494611123
1675526494612616
1675526494612744
1675526494612822
1675526494612898
1675526494614092
1675526494614169
1675526494615593
1675526494615670
1675526494617092
1675526494618635
1675526494618693
1675526494618774
1675526494621547
1675526494621674
1675526494621753
1675526494621829
1675526494621911
1675526494622062
1675526494622139
1675526494622217
1675526494623114
1675526494623194
1675526494623272
1675526494623424
1675526494624614
1675526494626139
1675526494626224
1675526494626302
1675526494626381
1675526494627642
1675526494629061
1675526494631795
1675526494633341
1675526494633468
1675526494633546
1675526494634861
1675526494636385
1675526494636461
1675526494636540
1675526494636617
1675526494637878
1675526494639473
1675526494639602
1675526494639679
1675526494639757
1675526494639834
1675526494639911
1675526494640061
1675526494642542
1675526494642599
1675526494642676
1675526494642825
1675526494642903
1675526494642979
1675526494643057
1675526494643134
1675526494643215
1675526494643366
1675526494643453
1675526494643531
1675526494646474
1675526494649578
1675526494649584
1675526494649586
1675526494649590
1675526494650690
1675526494652217
1675526494652293
1675526494653716
1675526494653869
1675526494653949
1675526494655279
1675526494656748
1675526494656875
1675526494658253
1675526494659878
1675526494659958
1675526494660107
1675526494660185
1675526494660261
1675526494660338
1675526494660415
1675526494660562
1675526494662778
1675526494662834
1675526494662911
1675526494663059
1675526494663137
1675526494663215
1675526494663293
1675526494663391
1675526494663473
1675526494664205
1675526494665675
1675526494665804
1675526494667245
1675526494667303
1675526494668738
1675526494668795
1675526494670236
1675526494670365
1675526494671728
1675526494673260
1675526494673337
1675526494673416
1675526494674786
1675526494676212
1675526494676269
1675526494676418
1675526494677730
1675526494679220
1675526494679329
1675526494679407
1675526494679558
1675526494679636
1675526494680771
1675526494680828
1675526494680982
1675526494681059
1675526494681138
1675526494682219
1675526494682275
1675526494683719
1675526494683776
1675526494683925
1675526494685236
1675526494686707
1675526494686835
1675526494686912
1675526494688290
1675526494689724
1675526494691196
1675526494692722
1675526494692801
1675526494692879
1675526494693028
1675526494694212
1675526494695738
1675526494697291
1675526494697348
1675526494698787
1675526494698844
1675526494698992
1675526494701750
1675526494701829
1675526494701977
1675526494702056
1675526494702132
1675526494702213
1675526494702291
1675526494702369
1675526494702519
1675526494702597
1675526494702675
1675526494702760
1675526494702837
1675526494703206
1675526494703283
1675526494703432
1675526494703514
1675526494703590
1675526494704717
1675526494706239
1675526494706317
1675526494707751
1675526494709404
1675526494713134
1675526494714503
1675526494715973
1675526494716100
1675526494716188
1675526494716265
1675526494716342
1675526494717481
1675526494719029
1675526494719106
1675526494719184
1675526494720452
1675526494720530
1675526494720608
1675526494720758
1675526494720835
1675526494721971
1675526494722099
1675526494723466
1675526494723593
1675526494723680
1675526494724996
1675526494726518
1675526494726596
1675526494726674
1675526494726751
1675526494728015
1675526494729594
1675526494730952
1675526494732495
1675526494732552
1675526494732630
1675526494732778
1675526494733968
1675526494735513
1675526494735570
1675526494737014
1675526494738538
1675526494738615
1675526494738693
1675526494741495
1675526494741623
1675526494741702
1675526494741779
1675526494741858
1675526494742008
1675526494742085
1675526494742162
1675526494742239
1675526494742317
1675526494742398
1675526494742984
1675526494743071
1675526494743148
1675526494743229
1675526494744516
1675526494745982
1675526494746110
1675526494746188
1675526494747502
1675526494751291
1675526494752635
1675526494754105
1675526494754161
1675526494754238
1675526494755554
1675526494755702
1675526494755781
1675526494759350
1675526494760751
1675526494760829
1675526494763699
1675526494763828
1675526494763905
1675526494763981
1675526494764060
1675526494764139
1675526494764220
1675526494764369
1675526494764446
1675526494764523
1675526494764605
1675526494764683
1675526494764763
1675526494764919
1675526494764996
1675526494765287
1675526494765366
1675526494766747
1675526494766874
1675526494766952
1675526494768195
1675526494769733
1675526494771205
1675526494772730
1675526494772808
1675526494772887
1675526494773037
1675526494774223
1675526494775744
1675526494775829
1675526494777249
1675526494778671
1675526494781712
1675526494781863
1675526494781943
1675526494782020
1675526494782096
1675526494782174
1675526494782252
1675526494782404
1675526494782482
1675526494782561
1675526494783291
1675526494783368
1675526494783446
1675526494783543
1675526494784682
1675526494786221
1675526494786277
1675526494786427
1675526494787739
1675526494789381
1675526494789386
1675526494790753
1675526494790830
1675526494792249
1675526494792402
1675526494792483
1675526494793723
1675526494795212
1675526494796736
1675526494798218
1675526494801220
1675526494801372
1675526494801451
1675526494801527
1675526494801605
1675526494801681
1675526494801835
1675526494801918
1675526494801994
1675526494802723
1675526494802781
1675526494802857
1675526494803006
1675526494803085
1675526494804224
1675526494805708
1675526494805859
1675526494807228
1675526494808754
1675526494810299
1675526494811700
1675526494813370
1675526494813498
1675526494813576
1675526494813653
1675526494813732
1675526494813808
1675526494814839
1675526494816310
1675526494816437
1675526494817862
1675526494820791
1675526494820847
1675526494820997
1675526494821074
1675526494821152
1675526494821229
1675526494821306
1675526494821383
1675526494821534
1675526494821615
1675526494823727
1675526494823808
1675526494823887
1675526494824036
1675526494824113
1675526494824190
1675526494824276
1675526494824360
1675526494824437
1675526494824585
1675526494825245
1675526494826785
1675526494826842
1675526494826923
1675526494828180
1675526494829744
1675526494831217
1675526494832742
1675526494832820
1675526494832898
1675526494834209
1675526494835730
1675526494835817
1675526494837239
1675526494838786
1675526494838864
1675526494838942
1675526494841684
1675526494841812
1675526494841891
1675526494841968
1675526494842046
1675526494842197
1675526494842274
1675526494843245
1675526494843322
1675526494843400
1675526494843476
1675526494844747
1675526494846269
1675526494846346
1675526494846425
1675526494847791
1675526494849387
1675526494850685
1675526494850812
1675526494852230
1675526494852307
1675526494852386
1675526494853698
1675526494853826
1675526494855244
1675526494856785
1675526494858255
1675526494858384
1675526494861217
1675526494861295
1675526494861373
1675526494861521
1675526494861598
1675526494861675
1675526494861752
1675526494861830
1675526494861979
1675526494862058
1675526494862138
1675526494862795
1675526494862876
1675526494862952
1675526494863031
1675526494863116
1675526494864269
1675526494865667
1675526494865819
1675526494867186
1675526494867336
1675526494868756
1675526494871479
1675526494872956
1675526494873108
1675526494873186
1675526494874495
1675526494876020
1675526494876099
1675526494876177
1675526494877489
1675526494879016
1675526494879093
1675526494879170
1675526494881954
1675526494882031
1675526494882180
1675526494882259
1675526494882336
1675526494882417
1675526494882493
1675526494882571
1675526494882722
1675526494882800
1675526494882877
1675526494883535
1675526494883614
1675526494884991
1675526494886531
1675526494886587
1675526494886739
1675526494886815
1675526494887951
1675526494888079
1675526494889547
1675526494890972
1675526494892498
1675526494892575
1675526494892653
1675526494894025
1675526494895501
1675526494896992
1675526494897120
1675526494898438
1675526494898515
1675526494900047
1675526494900199
1675526494900279
1675526494900356
1675526494900434
1675526494900511
1675526494900592
1675526494900743
1675526494903027
1675526494903084
1675526494903233
1675526494903310
1675526494903388
1675526494903465
1675526494903550
1675526494903703
1675526494904476
1675526494905949
1675526494906099
1675526494906178
1675526494907494
1675526494909018
1675526494910518
1675526494910599
1675526494912019
1675526494913493
1675526494913646
1675526494913725
1675526494913802
1675526494914935
1675526494916458
1675526494918002
1675526494920995
1675526494921051
1675526494921201
1675526494921277
1675526494921356
1675526494921432
1675526494921510
1675526494921659
1675526494921737
1675526494922528
1675526494922606
1675526494922684
1675526494922761
1675526494923952
1675526494925449
1675526494925577
1675526494926944
1675526494927072
1675526494927154
1675526494928470
1675526494931257
1675526494932731
1675526494932858
1675526494932936
1675526494933013
1675526494934271
1675526494935793
1675526494935850
1675526494935927
1675526494937311
1675526494938711
1675526494938788
1675526494938865
1675526494941727
1675526494941807
1675526494941955
1675526494942033
1675526494942110
1675526494942191
1675526494942268
1675526494942416
1675526494942496
1675526494942574
1675526494942653
1675526494942732
1675526494942881
1675526494943401
1675526494943483
1675526494943561
1675526494943638
1675526494943786
1675526494943864
1675526494946222
1675526494946350
1675526494946428
1675526494947738
1675526494949264
1675526494950797
1675526494952218
1675526494952274
1675526494953710
1675526494953838
1675526494955211
1675526494955340
1675526494957956
1675526494960977
1675526494961055
1675526494961133
1675526494961210
1675526494961359
1675526494961437
1675526494961514
1675526494961595
