1675525900170363
1675525900170437
1675525900170511
1675525900170654
1675525900170728
1675525900170802
1675525900171357
1675525900172391
1675525900173426
1675525900174529
1675525900175586
1675525900177972
1675525900178051
1675525900178129
1675525900179001
1675525900179088
1675525900182994
1675525900183072
1675525900183149
1675525900184021
1675525900185117
1675525900185193
1675525900185267
1675525900185342
1675525900186170
1675525900186244
1675525900186318
1675525900187216
1675525900187290
1675525900187364
1675525900188262
1675525900189591
1675525900189665
1675525900189808
1675525900190775
1675525900193454
1675525900193529
1675525900194632
1675525900195580
1675525900196671
1675525900197833
1675525900197912
1675525900197989
1675525900198859
1675525900198939
1675525900199088
1675525900199961
1675525900202296
1675525900205124
1675525900205199
1675525900205274
1675525900205347
1675525900206176
1675525900206251
1675525900206325
1675525900206467
1675525900207229
1675525900207304
1675525900207378
1675525900207521
1675525900207595
1675525900208356
1675525900208499
1675525900211257
1675525900211400
1675525900211474
1675525900211549
1675525900211623
1675525900211766
1675525900211839
1675525900211913
1675525900211988
1675525900212337
1675525900213440
1675525900214475
1675525900215516
1675525900216605
1675525900217622
1675525900218997
1675525900219084
1675525900219162
1675525900219240
1675525900222995
1675525900224154
1675525900225273
1675525900225347
1675525900225422
1675525900225497
1675525900226325
1675525900226401
1675525900226475
1675525900227374
1675525900227448
1675525900227592
1675525900227666
1675525900228436
1675525900228510
1675525900229751
1675525900233804
