1675526013023928
1675526013024015
1675526013025101
1675526013026118
1675526013026195
1675526013028580
1675526013029738
1675526013030177
1675526013032129
1675526013032279
1675526013032356
1675526013032434
1675526013034764
1675526013035870
1675526013036014
1675526013036911
1675526013037055
1675526013038374
1675526013039409
1675526013042291
1675526013042365
1675526013042508
1675526013042582
1675526013042656
1675526013042730
1675526013042873
1675526013042947
1675526013043021
1675526013043094
1675526013043202
1675526013043357
1675526013043437
1675526013043514
1675526013044539
1675526013045985
1675526013046063
1675526013046140
1675526013047087
1675526013049903
1675526013049981
1675526013051068
1675526013052084
1675526013052233
1675526013052311
1675526013052388
1675526013052468
1675526013053265
1675526013054367
1675526013055675
1675526013058704
1675526013058779
1675526013059812
1675526013059886
1675526013060028
1675526013060856
1675526013060999
1675526013061073
1675526013061147
1675526013061221
1675526013062051
1675526013062125
1675526013062199
1675526013062274
1675526013062417
1675526013064442
1675526013065829
1675526013065907
1675526013066852
1675526013068015
1675526013069175
1675526013070478
1675526013071495
1675526013071645
1675526013072949
1675526013073028
1675526013074005
1675526013075180
1675526013077586
1675526013080400
1675526013080543
1675526013080617
1675526013080701
1675526013080775
1675526013080849
1675526013081610
1675526013081684
1675526013081759
1675526013081832
1675526013081906
1675526013082666
1675526013082740
1675526013082815
1675526013082889
1675526013085440
1675526013085519
1675526013085669
1675526013085746
1675526013085833
1675526013085911
1675526013086494
1675526013086644
1675526013086723
1675526013087594
1675526013088682
1675526013091212
1675526013093928
1675526013094002
1675526013094076
1675526013094220
1675526013095049
1675526013096152
1675526013096226
1675526013097258
1675526013099606
1675526013099749
1675526013099823
1675526013102634
1675526013102708
1675526013102783
1675526013102857
1675526013103000
1675526013103074
1675526013103148
1675526013103212
1675526013103364
1675526013103660
1675526013104820
1675526013105982
1675526013106059
1675526013106145
1675526013108460
1675526013111350
1675526013111428
1675526013111506
1675526013111584
1675526013111662
1675526013111811
1675526013112467
1675526013112618
1675526013112695
1675526013113550
1675526013114724
1675526013117197
1675526013120079
1675526013120153
1675526013120235
1675526013120309
1675526013120383
1675526013121211
1675526013121285
1675526013121359
1675526013121502
1675526013122262
1675526013122336
1675526013122478
1675526013122552
1675526013122626
1675526013123352
1675526013124731
1675526013124809
1675526013125823
1675526013125909
1675526013127358
1675526013127436
1675526013128453
1675526013129542
1675526013129692
1675526013130707
1675526013131937
1675526013132014
1675526013132092
1675526013132170
1675526013133114
1675526013135798
1675526013135872
1675526013136016
1675526013137051
1675526013138117
1675526013139221
1675526013140392
1675526013140466
1675526013140540
1675526013141846
1675526013141988
1675526013142061
1675526013142137
1675526013142211
1675526013142354
1675526013142428
1675526013142501
1675526013144723
1675526013144878
1675526013144956
1675526013145065
1675526013145143
1675526013145799
1675526013145949
1675526013146967
1675526013148056
1675526013150588
1675526013151963
1675526013152041
1675526013152190
1675526013153062
1675526013155613
1675526013156715
1675526013159459
1675526013159602
1675526013159676
1675526013160518
1675526013160661
1675526013160735
1675526013160809
1675526013161705
1675526013161779
1675526013161853
1675526013161995
1675526013162069
1675526013164659
1675526013164738
1675526013164816
1675526013164893
1675526013164971
1675526013165049
1675526013165705
1675526013165793
1675526013166809
1675526013167970
1675526013169058
1675526013170434
1675526013170511
1675526013172102
1675526013172179
1675526013172257
1675526013172407
1675526013173208
1675526013174314
1675526013175485
1675526013177888
1675526013182207
1675526013182281
1675526013182364
1675526013182440
1675526013182583
1675526013182657
1675526013182731
1675526013182806
1675526013182949
1675526013183023
1675526013183097
1675526013183206
1675526013183287
1675526013184450
1675526013185609
1675526013186625
1675526013186703
1675526013187935
1675526013189608
1675526013189686
1675526013190702
1675526013191790
1675526013191940
1675526013192885
1675526013195583
1675526013195659
1675526013196761
1675526013196835
1675526013197800
1675526013198973
1675526013200349
1675526013200423
1675526013200498
1675526013200640
1675526013201415
1675526013201489
1675526013201632
1675526013201706
1675526013202604
1675526013202678
1675526013206825
1675526013206903
1675526013207055
1675526013207133
1675526013207212
1675526013207289
1675526013207366
1675526013207444
1675526013207595
1675526013207672
1675526013207758
1675526013207837
1675526013207915
1675526013207994
1675526013209082
1675526013210242
1675526013211618
1675526013211697
1675526013212644
1675526013212794
1675526013212872
1675526013215164
1675526013216336
1675526013216410
1675526013218812
1675526013219917
1675526013220002
1675526013222679
1675526013222822
1675526013222896
1675526013222970
1675526013223044
1675526013223207
1675526013223286
1675526013223365
1675526013223443
1675526013223521
1675526013223598
1675526013223822
1675526013224911
1675526013226144
1675526013226583
1675526013227469
1675526013228631
1675526013230079
1675526013230230
1675526013230308
1675526013230385
1675526013231186
1675526013231263
1675526013232353
1675526013232430
1675526013232508
1675526013232585
1675526013234823
1675526013235993
1675526013236067
1675526013238539
1675526013239586
1675526013239660
1675526013242474
1675526013242549
1675526013242624
1675526013242698
1675526013242840
1675526013242914
1675526013242989
1675526013243064
1675526013243217
1675526013243297
1675526013243374
1675526013243453
1675526013243531
1675526013243609
1675526013244780
1675526013246081
1675526013246159
1675526013247248
1675526013247327
1675526013248272
1675526013251087
1675526013251165
1675526013252180
1675526013252258
1675526013252335
1675526013252413
1675526013252490
1675526013253290
1675526013255836
1675526013257007
1675526013257101
1675526013259915
1675526013259990
1675526013260064
1675526013260138
1675526013260967
1675526013261042
1675526013261117
1675526013261192
1675526013261334
1675526013262231
1675526013262649
1675526013262722
1675526013262865
1675526013264955
1675526013265033
1675526013265129
1675526013265208
1675526013265285
1675526013265363
1675526013265441
1675526013266095
1675526013266173
1675526013267117
1675526013268276
1675526013270804
1675526013272252
1675526013272330
1675526013272407
1675526013273308
1675526013275768
1675526013276929
1675526013278099
1675526013280842
1675526013280992
1675526013281070
1675526013281148
1675526013281225
1675526013281303
1675526013281381
1675526013281531
1675526013281973
1675526013282050
1675526013282128
1675526013282205
1675526013284868
1675526013284942
1675526013285016
1675526013285115
1675526013285189
1675526013285881
1675526013286025
1675526013286991
1675526013287065
1675526013288031
1675526013289134
1675526013290441
1675526013290583
1675526013292027
1675526013292170
1675526013292244
1675526013292318
1675526013292392
1675526013293207
1675526013294317
1675526013297999
1675526013299158
1675526013300246
1675526013300324
1675526013300402
1675526013301275
1675526013302868
1675526013302946
1675526013303023
1675526013303101
1675526013303253
1675526013303328
1675526013305662
1675526013305806
1675526013305880
1675526013305968
1675526013306865
1675526013307899
1675526013309001
1675526013310103
1675526013310176
1675526013311484
1675526013311558
1675526013313002
1675526013313076
1675526013314012
1675526013315171
1675526013317627
1675526013320441
1675526013320519
1675526013320597
1675526013320685
1675526013320763
1675526013320913
1675526013321567
1675526013321644
1675526013321794
1675526013321872
1675526013321949
1675526013322676
1675526013322754
1675526013322831
1675526013322909
1675526013324028
1675526013324172
1675526013324246
1675526013324320
1675526013324402
1675526013324546
1675526013324621
1675526013325246
1675526013326280
1675526013326354
1675526013329236
1675526013329313
1675526013330072
1675526013331173
1675526013332210
1675526013332284
1675526013332358
1675526013332501
1675526013334730
1675526013337547
1675526013337641
1675526013337719
1675526013338736
1675526013339825
1675526013339903
1675526013340053
1675526013340131
1675526013341005
1675526013341083
1675526013341160
1675526013341237
1675526013342323
1675526013342401
1675526013342478
1675526013342556
1675526013343829
1675526013345009
1675526013346114
1675526013346258
1675526013347224
1675526013349765
1675526013349839
1675526013352653
1675526013352727
1675526013352802
1675526013352876
1675526013353019
1675526013353093
1675526013353709
1675526013354724
1675526013355956
1675526013358269
1675526013361167
1675526013361317
1675526013361395
1675526013361473
1675526013361551
1675526013361628
1675526013361706
1675526013361855
1675526013361933
1675526013362372
1675526013362449
1675526013362527
1675526013362604
1675526013362755
1675526013363402
1675526013366216
1675526013366303
1675526013366378
1675526013366521
1675526013366595
1675526013366669
1675526013367291
1675526013368463
1675526013369566
1675526013371973
1675526013372047
1675526013372121
1675526013372195
1675526013373347
1675526013374436
1675526013375524
1675526013376610
1675526013377921
1675526013381025
1675526013381102
1675526013381180
1675526013381258
1675526013381336
1675526013381413
1675526013381564
1675526013381642
1675526013382080
1675526013382158
1675526013382236
1675526013382314
1675526013382392
1675526013383118
1675526013383198
1675526013384445
1675526013384520
1675526013385486
1675526013386589
1675526013386663
1675526013387970
1675526013389072
1675526013391409
1675526013391484
1675526013392449
1675526013392592
1675526013394947
1675526013396036
1675526013398421
1675526013399438
1675526013399587
1675526013402346
1675526013402425
1675526013402574
1675526013402652
1675526013402730
1675526013402808
1675526013402887
1675526013403037
1675526013403114
1675526013403212
1675526013403290
1675526013403369
1675526013403448
1675526013404609
1675526013405698
1675526013407073
1675526013407163
1675526013408252
1675526013411069
1675526013411220
1675526013411298
1675526013411376
1675526013412249
1675526013412327
1675526013412405
1675526013412554
1675526013412632
1675526013413359
1675526013414462
1675526013415839
1675526013418857
1675526013419891
1675526013419974
1675526013420048
1675526013421014
1675526013421088
1675526013421231
1675526013421305
1675526013421379
1675526013422071
1675526013422214
1675526013422288
1675526013422362
1675526013424577
1675526013427464
1675526013427542
1675526013427620
1675526013427697
1675526013428594
1675526013429683
1675526013429761
1675526013430777
1675526013431938
1675526013432378
1675526013432456
1675526013433254
1675526013436209
1675526013436286
1675526013436428
1675526013436503
1675526013437399
1675526013438503
1675526013439606
1675526013439680
1675526013439764
1675526013440730
1675526013440804
1675526013440878
1675526013443644
1675526013443722
1675526013443799
1675526013443877
1675526013443955
1675526013444105
1675526013444183
1675526013444260
1675526013444337
1675526013444415
1675526013444492
1675526013444641
1675526013444667
1675526013445251
1675526013445328
1675526013446344
1675526013446494
1675526013447438
1675526013448600
1675526013451342
1675526013452427
1675526013452505
1675526013452583
1675526013452661
1675526013453523
1675526013455928
1675526013457029
1675526013457103
1675526013459789
1675526013459933
1675526013460007
1675526013460080
1675526013460978
1675526013461052
1675526013461127
1675526013461270
1675526013461344
1675526013462104
1675526013462589
1675526013462663
1675526013462737
1675526013462879
1675526013463500
1675526013464588
1675526013465689
1675526013467136
1675526013467213
1675526013468231
1675526013469320
1675526013472207
1675526013472285
1675526013472362
1675526013472441
1675526013472591
1675526013472669
1675526013472746
1675526013473393
1675526013475800
1675526013479849
1675526013479923
1675526013480012
1675526013480910
1675526013480984
1675526013481128
1675526013481202
1675526013481277
1675526013482034
1675526013482177
1675526013482252
1675526013482325
1675526013483280
1675526013483431
1675526013483509
1675526013484454
1675526013487341
1675526013487419
1675526013487506
1675526013487657
1675526013488383
1675526013489471
1675526013490486
1675526013491719
1675526013492158
1675526013492236
1675526013492963
1675526013493041
1675526013495728
1675526013495802
1675526013496768
1675526013496843
1675526013496916
1675526013497813
1675526013502075
1675526013502219
1675526013502293
1675526013502367
1675526013502441
1675526013502584
1675526013502658
1675526013502733
1675526013502807
1675526013502880
1675526013503025
1675526013503101
1675526013503208
1675526013503288
1675526013503366
1675526013503516
1675526013504397
1675526013504476
1675526013505420
1675526013506582
1675526013507956
1675526013510916
1675526013511066
1675526013512085
1675526013512164
1675526013512314
1675526013512391
1675526013513192
1675526013515736
1675526013515810
1675526013518622
1675526013519655
1675526013519738
1675526013519881
1675526013520778
1675526013520921
1675526013520995
1675526013521068
1675526013521142
1675526013521903
1675526013521976
1675526013522050
1675526013522124
1675526013523283
1675526013523434
1675526013523512
1675526013523590
1675526013524318
1675526013525921
1675526013525999
1675526013526944
1675526013527021
1675526013528109
1675526013529125
1675526013530284
1675526013531587
1675526013531665
1675526013531742
1675526013531892
1675526013534501
1675526013534575
1675526013534649
1675526013535546
1675526013535621
1675526013536740
1675526013537843
1675526013539150
1675526013540321
1675526013540396
1675526013540469
1675526013540611
1675526013543208
1675526013543361
1675526013543439
1675526013543517
1675526013543594
1675526013543672
1675526013544401
1675526013545562
1675526013546578
1675526013546665
1675526013547897
1675526013549057
1675526013550504
1675526013551520
1675526013551597
1675526013552685
1675526013552763
1675526013554986
1675526013556225
1675526013557464
1675526013558569
1675526013559605
1675526013559679
1675526013559753
1675526013562501
1675526013562585
1675526013562660
1675526013562803
1675526013562877
1675526013562951
1675526013563025
1675526013563203
1675526013563208
1675526013563359
1675526013563438
1675526013563518
1675526013563596
1675526013563673
1675526013563751
1675526013566494
1675526013566572
1675526013566674
1675526013566752
1675526013566830
1675526013566980
1675526013567058
1675526013567569
1675526013568730
1675526013571186
1675526013572275
1675526013572353
1675526013572503
1675526013572580
1675526013574695
1675526013575800
1675526013576836
1675526013578144
1675526013579323
1675526013582201
1675526013582275
1675526013582419
1675526013582493
1675526013582566
1675526013582641
1675526013582784
1675526013582858
1675526013582932
1675526013583007
1675526013583149
1675526013583225
1675526013583300
1675526013584401
1675526013585436
1675526013586820
1675526013586894
1675526013587859
1675526013589371
1675526013589445
1675526013590410
1675526013590553
1675526013591517
1675526013591591
1675526013592556
1675526013592630
1675526013592703
1675526013595017
1675526013597689
1675526013598782
1675526013599941
1675526013600029
1675526013600106
1675526013600980
1675526013601057
1675526013601135
1675526013603804
1675526013603878
1675526013603953
1675526013604097
1675526013604171
1675526013604245
1675526013604319
1675526013604461
1675526013604537
1675526013604611
1675526013604961
1675526013606009
1675526013606083
1675526013606227
1675526013607193
1675526013609531
1675526013612344
1675526013612418
1675526013612492
1675526013612635
1675526013612709
1675526013612782
1675526013612857
1675526013613425
1675526013614586
1675526013615602
1675526013618060
1675526013620885
1675526013620962
1675526013621040
1675526013621117
1675526013621195
1675526013621344
1675526013621422
1675526013621933
1675526013622010
1675526013622088
1675526013622166
1675526013622315
1675526013622972
1675526013623049
1675526013623202
1675526013624304
1675526013624386
1675526013625353
1675526013626524
1675526013626598
1675526013627837
1675526013628870
1675526013630041
1675526013631280
1675526013632452
1675526013632525
1675526013632600
1675526013634878
1675526013636038
1675526013636116
1675526013636265
1675526013638579
1675526013639680
1675526013639757
1675526013642573
1675526013642650
1675526013642728
1675526013642806
1675526013642884
1675526013643034
1675526013643112
1675526013643192
1675526013643268
1675526013643342
1675526013643416
1675526013643559
1675526013643703
1675526013644877
1675526013645995
1675526013647301
1675526013648472
1675526013651355
1675526013651429
1675526013651572
