1675526289408221
1675526289410586
1675526289411885
1675526289411967
1675526289412049
1675526289413426
1675526289415946
1675526289417396
1675526289418922
1675526289419028
1675526289419111
1675526289421476
1675526289421558
1675526289423011
1675526289423093
1675526289423176
1675526289423259
1675526289423341
1675526289423423
1675526289423505
1675526289423588
1675526289425877
1675526289425960
1675526289426042
1675526289426124
1675526289426216
1675526289426299
1675526289426381
1675526289427377
1675526289428448
1675526289429748
1675526289429830
1675526289429912
1675526289429994
1675526289431370
1675526289431453
1675526289431535
1675526289431617
1675526289432459
1675526289432541
1675526289436107
1675526289438785
1675526289438867
1675526289438949
1675526289439031
1675526289441317
1675526289442768
1675526289442850
1675526289442932
1675526289443014
1675526289443097
1675526289443179
1675526289443261
1675526289443343
1675526289445634
1675526289445717
1675526289445799
1675526289445902
1675526289445985
1675526289446067
1675526289446150
1675526289446232
1675526289448214
1675526289449514
1675526289449597
1675526289449679
1675526289449762
1675526289451136
1675526289451218
1675526289451300
1675526289451382
1675526289452227
1675526289452309
1675526289454735
1675526289455960
1675526289457414
1675526289458867
1675526289460014
1675526289461388
1675526289461470
1675526289461552
1675526289464425
1675526289464508
1675526289464590
1675526289464673
1675526289464755
1675526289464837
1675526289464919
1675526289465002
1675526289465094
1675526289465176
1675526289465258
1675526289465341
1675526289465880
1675526289468473
1675526289468632
1675526289471525
1675526289471607
1675526289471689
1675526289471772
1675526289471854
1675526289475380
1675526289477896
1675526289479270
1675526289479352
1675526289479443
1675526289482263
1675526289482345
1675526289482427
1675526289482509
1675526289482592
1675526289482674
1675526289482756
1675526289482838
1675526289482920
1675526289483003
1675526289483085
1675526289483395
1675526289484888
1675526289484971
1675526289485053
1675526289485145
1675526289485227
1675526289485309
1675526289485391
1675526289485473
1675526289487760
1675526289487842
1675526289487924
1675526289488007
1675526289488089
1675526289489235
1675526289490763
1675526289490846
1675526289491842
1675526289493294
1675526289493376
1675526289493466
1675526289495869
1675526289497245
1675526289498775
1675526289498857
1675526289501373
1675526289504269
1675526289504354
1675526289504437
1675526289504519
1675526289504602
1675526289504684
1675526289504766
1675526289504848
1675526289504930
1675526289505012
1675526289505103
1675526289505186
1675526289505267
1675526289505730
1675526289507256
1675526289507339
1675526289508336
1675526289510853
1675526289512227
1675526289512310
1675526289512392
1675526289512474
1675526289512556
1675526289513780
1675526289514880
1675526289516257
1675526289517792
1675526289517874
1675526289517957
1675526289518039
1675526289519261
1675526289520790
1675526289520873
1675526289521871
1675526289521954
1675526289524794
1675526289524877
1675526289524959
1675526289525042
1675526289525125
1675526289525207
1675526289525290
1675526289525381
1675526289525463
1675526289525545
1675526289525627
1675526289525710
1675526289526249
1675526289526332
1675526289527785
1675526289527867
1675526289527949
1675526289529248
1675526289530777
1675526289530860
1675526289531855
1675526289531938
1675526289535643
1675526289537026
1675526289538476
1675526289538558
1675526289538640
1675526289538722
1675526289541080
1675526289543897
1675526289543979
1675526289544061
1675526289544143
1675526289544227
1675526289544309
1675526289544412
1675526289544495
1675526289544577
1675526289544660
1675526289544751
1675526289544834
1675526289545372
1675526289545454
1675526289545536
1675526289545618
1675526289545701
1675526289547987
1675526289549362
1675526289549443
1675526289550895
1675526289550977
1675526289551061
1675526289551979
1675526289552061
1675526289553362
1675526289553452
1675526289554880
1675526289556405
1675526289557855
1675526289557937
1675526289558019
1675526289560533
1675526289561908
1675526289561990
1675526289562072
1675526289564891
1675526289564973
1675526289565056
1675526289565138
1675526289565221
1675526289565303
1675526289565394
1675526289565476
1675526289565559
1675526289565641
1675526289565723
1675526289566034
1675526289567410
1675526289568857
1675526289568940
1675526289570390
1675526289571460
1675526289571543
1675526289572918
1675526289573000
1675526289573082
1675526289575488
1675526289578011
1675526289579385
1675526289579467
1675526289579549
1675526289582369
1675526289582452
1675526289582534
1675526289582616
1675526289582698
1675526289582780
1675526289582862
1675526289582945
1675526289583027
1675526289583110
1675526289583192
1675526289583503
1675526289583606
1675526289584881
1675526289584964
1675526289586414
1675526289587866
1675526289587948
1675526289588030
1675526289590468
1675526289591918
1675526289592000
1675526289592082
1675526289593382
1675526289596022
1675526289597397
1675526289598849
1675526289598931
1675526289599022
1675526289600398
1675526289601468
1675526289604351
1675526289604434
1675526289604517
1675526289604600
1675526289604682
1675526289604764
1675526289604847
1675526289604929
1675526289605011
1675526289605094
1675526289605177
1675526289605259
1675526289607395
1675526289607486
1675526289607569
1675526289607651
1675526289607733
1675526289607815
1675526289607898
1675526289607980
1675526289608062
1675526289608526
1675526289609901
1675526289611354
1675526289611437
1675526289611519
1675526289611601
1675526289612521
1675526289613898
1675526289613988
1675526289615415
1675526289616867
1675526289618015
1675526289620456
1675526289621906
1675526289621988
1675526289622070
1675526289624888
1675526289624970
1675526289625052
1675526289625135
1675526289625217
1675526289625299
1675526289625382
1675526289625464
1675526289625555
1675526289625638
1675526289626027
1675526289627402
1675526289628853
1675526289628936
1675526289629018
1675526289630012
1675526289631385
1675526289631467
1675526289632916
1675526289632998
1675526289633080
1675526289633163
1675526289634426
1675526289635878
1675526289637414
1675526289637497
1675526289638491
1675526289638574
1675526289639872
1675526289639954
1675526289641480
1675526289641562
1675526289641644
1675526289641726
1675526289641809
1675526289642653
1675526289642735
1675526289642817
1675526289645412
1675526289645494
1675526289645584
1675526289645666
1675526289645748
1675526289645830
1675526289645912
1675526289645994
1675526289646077
1675526289647985
1675526289649358
1675526289650884
1675526289650966
1675526289651049
1675526289651968
1675526289654486
1675526289655861
1675526289657386
1675526289658466
1675526289658549
1675526289659848
1675526289662902
1675526289662984
1675526289663067
1675526289663148
1675526289663230
1675526289663312
1675526289663394
1675526289663477
1675526289663559
1675526289663641
1675526289663722
1675526289663805
1675526289664040
1675526289664131
1675526289665348
1675526289665431
1675526289665513
1675526289666889
1675526289667962
1675526289669412
1675526289669495
1675526289670871
1675526289670954
1675526289671037
1675526289671958
1675526289672040
1675526289673415
1675526289673497
1675526289676015
1675526289677397
1675526289678847
1675526289678929
1675526289679997
1675526289681371
1675526289681454
1675526289684354
1675526289684436
1675526289684518
1675526289684600
1675526289684683
1675526289684765
1675526289684847
1675526289684929
1675526289685011
1675526289685094
1675526289685184
1675526289685266
1675526289685348
1675526289685887
1675526289687413
1675526289688483
1675526289688566
1675526289689864
1675526289691393
1675526289691475
1675526289691558
1675526289691640
1675526289691722
1675526289695198
1675526289697714
1675526289699165
1675526289699257
1675526289699339
1675526289699421
1675526289699504
1675526289700650
1675526289700732
1675526289700814
1675526289701732
1675526289701815
1675526289704636
1675526289704719
1675526289704801
1675526289704883
1675526289704965
1675526289705047
1675526289705130
1675526289705221
1675526289705303
1675526289705385
1675526289706151
1675526289707602
1675526289707685
1675526289711489
1675526289712863
1675526289712945
1675526289713027
1675526289713109
1675526289713192
1675526289715486
1675526289718002
1675526289719377
1675526289719460
1675526289719551
1675526289720849
1675526289720932
1675526289721015
1675526289722007
1675526289722090
1675526289724881
1675526289724964
1675526289725046
1675526289725129
1675526289725211
1675526289725293
1675526289725375
1675526289725457
1675526289725539
1675526289725622
1675526289725730
1675526289725813
1675526289726353
1675526289726435
1675526289726517
1675526289727892
1675526289727975
1675526289728057
1675526289728977
1675526289730352
1675526289730434
1675526289732037
1675526289732120
1675526289732202
1675526289732284
1675526289732366
1675526289732456
1675526289735877
1675526289738619
1675526289738702
1675526289738785
1675526289738867
1675526289738949
1675526289741237
1675526289742764
1675526289742847
1675526289742929
1675526289743011
1675526289743094
1675526289743176
1675526289743259
1675526289743341
1675526289745640
1675526289745723
1675526289745805
1675526289745888
1675526289745970
1675526289746053
1675526289746135
1675526289747129
1675526289748199
1675526289749650
1675526289751254
1675526289751337
1675526289751419
1675526289751501
1675526289751583
1675526289752350
1675526289752442
1675526289755107
1675526289755189
1675526289756261
1675526289757635
1675526289759160
1675526289759241
1675526289759324
1675526289760241
1675526289761613
1675526289761695
1675526289761777
1675526289764656
1675526289764739
1675526289764822
1675526289764904
1675526289764996
1675526289765079
1675526289765162
1675526289765244
1675526289765326
1675526289765408
1675526289765490
1675526289765572
1675526289765654
1675526289765736
1675526289766123
1675526289767650
1675526289767732
1675526289770247
1675526289771546
1675526289771628
1675526289773011
1675526289775567
1675526289777017
1675526289778546
1675526289778628
1675526289780004
1675526289781077
1675526289782528
1675526289782610
1675526289782692
1675526289782774
1675526289782856
1675526289782937
1675526289783019
1675526289785406
1675526289785489
1675526289785580
1675526289785663
1675526289785746
1675526289785828
1675526289785910
1675526289785993
1675526289787975
1675526289789348
1675526289789430
1675526289789513
1675526289790889
1675526289790971
1675526289791054
1675526289791971
1675526289792053
1675526289793352
1675526289793442
1675526289795961
1675526289797261
1675526289798787
1675526289798870
1675526289801381
1675526289801464
1675526289804131
1675526289804213
1675526289804295
1675526289804427
1675526289804510
1675526289804593
1675526289804675
1675526289804757
1675526289804839
1675526289804930
1675526289805012
1675526289805095
1675526289805633
1675526289805715
1675526289807168
1675526289808240
1675526289809613
1675526289811137
1675526289811220
1675526289811303
1675526289811385
1675526289812229
1675526289813604
1675526289816251
1675526289817625
1675526289817718
1675526289819167
1675526289819250
1675526289820245
1675526289821542
1675526289821625
1675526289821707
1675526289821789
1675526289823165
1675526289823246
1675526289823329
1675526289823411
1675526289823494
1675526289823577
1675526289823658
1675526289823741
1675526289824212
1675526289824294
1675526289825642
1675526289828534
1675526289828616
1675526289828698
1675526289829999
1675526289831524
1675526289831607
1675526289831689
1675526289831771
1675526289831853
1675526289835346
1675526289837856
1675526289839153
1675526289839235
1675526289839327
1675526289839410
1675526289840631
1675526289840713
1675526289840796
1675526289841714
1675526289841796
1675526289844652
1675526289844734
1675526289844816
1675526289844898
1675526289844980
1675526289845063
1675526289845145
1675526289845227
1675526289845309
1675526289845400
1675526289845483
1675526289845565
1675526289847626
1675526289847708
1675526289847790
1675526289847873
1675526289847956
1675526289848038
1675526289848120
1675526289848202
1675526289848741
1675526289850116
1675526289851644
1675526289851727
1675526289851809
1675526289851899
1675526289853120
1675526289853203
1675526289854657
1675526289856110
1675526289857638
1675526289857721
1675526289860239
1675526289861615
1675526289861697
1675526289864660
1675526289864742
1675526289864825
1675526289864908
1675526289864990
1675526289865072
1675526289865175
1675526289865258
1675526289865341
1675526289865423
1675526289865506
1675526289866121
1675526289867648
1675526289867731
1675526289867814
1675526289870252
1675526289871629
1675526289871711
1675526289873162
1675526289873245
1675526289873327
1675526289874657
1675526289876118
1675526289877647
1675526289877729
1675526289877811
1675526289878730
1675526289880106
1675526289880188
1675526289883159
1675526289883241
1675526289883323
1675526289883406
1675526289883488
1675526289883570
1675526289883652
1675526289883734
1675526289883816
1675526289883907
1675526289883989
1675526289884072
1675526289884232
1675526289884335
1675526289885636
1675526289887162
1675526289887245
1675526289888240
1675526289888322
1675526289890686
1675526289892136
1675526289892218
1675526289892300
1675526289895959
1675526289897409
1675526289898866
1675526289898948
1675526289899030
1675526289900405
1675526289901474
1675526289904354
1675526289904498
1675526289904580
1675526289904663
1675526289904745
1675526289904827
1675526289904910
1675526289904992
1675526289905074
1675526289905156
1675526289905239
1675526289905330
1675526289905870
1675526289905953
1675526289906035
1675526289907409
1675526289907492
1675526289908487
1675526289909863
1675526289911540
1675526289911623
1675526289911706
1675526289911788
1675526289911870
1675526289912638
1675526289912720
1675526289915096
1675526289917850
1675526289917932
1675526289918014
1675526289920455
1675526289921754
1675526289921838
1675526289921920
1675526289922002
1675526289924736
1675526289924819
1675526289924901
1675526289924983
1675526289925066
1675526289925148
1675526289925231
1675526289925314
1675526289925405
1675526289925487
1675526289925569
1675526289926262
1675526289927787
1675526289927869
1675526289927952
1675526289928868
1675526289930242
1675526289931923
1675526289932005
1675526289932087
1675526289932169
1675526289932251
1675526289932334
1675526289935711
1675526289937170
1675526289939989
1675526289940071
1675526289940154
1675526289940236
1675526289940318
1675526289941084
1675526289943977
1675526289944059
1675526289944142
1675526289944224
1675526289944306
1675526289944457
1675526289944540
1675526289944623
1675526289944705
1675526289944795
1675526289944878
1675526289944961
1675526289945500
1675526289945583
1675526289948096
1675526289948179
1675526289949476
1675526289949559
1675526289951011
1675526289951093
1675526289951175
1675526289952094
1675526289952176
1675526289954578
1675526289956030
1675526289957492
1675526289958641
1675526289960016
1675526289960098
1675526289961623
1675526289961706
1675526289961788
1675526289961871
1675526289961954
1675526289962036
1675526289962727
1675526289962809
1675526289967002
1675526289967084
1675526289967167
1675526289967249
1675526289967342
1675526289967424
1675526289967506
1675526289967589
1675526289967671
1675526289967753
1675526289967836
1675526289967918
1675526289968000
1675526289968159
1675526289969533
1675526289971136
1675526289971218
1675526289971300
1675526289971382
1675526289971464
1675526289972240
1675526289972323
1675526289976026
1675526289978767
1675526289978849
1675526289978931
1675526289980229
1675526289981374
1675526289981457
1675526289982907
1675526289982990
1675526289983072
1675526289983154
1675526289983236
1675526289983318
1675526289983401
1675526289985778
1675526289985861
1675526289985943
1675526289986025
1675526289986107
1675526289987256
1675526289988402
1675526289988485
1675526289989784
1675526289991387
1675526289991469
1675526289991551
1675526289991633
1675526289991716
1675526289992484
1675526289995254
1675526289995346
1675526289997862
1675526289997945
1675526289999245
1675526289999327
1675526290000776
1675526290000858
1675526290000941
1675526290001860
1675526290001943
1675526290004728
1675526290004811
1675526290004894
1675526290004976
1675526290005059
1675526290005141
1675526290005246
1675526290005328
1675526290005410
1675526290005492
1675526290005574
1675526290005656
1675526290005739
1675526290006280
1675526290007730
1675526290007812
1675526290010406
1675526290011779
1675526290011861
1675526290011943
1675526290013242
1675526290015874
1675526290017261
1675526290018788
1675526290018871
1675526290020246
1675526290021392
1675526290021474
1675526290024292
1675526290024425
1675526290024508
1675526290024591
1675526290024673
1675526290024755
1675526290024837
1675526290024919
1675526290025001
1675526290025083
1675526290025175
1675526290025257
1675526290025796
1675526290025879
1675526290025960
1675526290027259
1675526290028406
1675526290028489
1675526290029788
1675526290031394
1675526290031477
1675526290031559
1675526290031641
1675526290031724
