1675526555242413
1675526555243788
1675526555243938
1675526555247977
1675526555248055
1675526555248133
1675526555248211
1675526555248362
1675526555248440
1675526555248517
1675526555248603
1675526555248681
1675526555248759
1675526555248909
1675526555248987
1675526555249064
1675526555249214
1675526555249291
1675526555249444
1675526555249522
1675526555249600
1675526555249678
1675526555250841
1675526555253438
1675526555255892
1675526555257338
1675526555257436
1675526555260108
1675526555260186
1675526555260338
1675526555260413
1675526555260487
1675526555260562
1675526555260636
1675526555263928
1675526555264002
1675526555266678
1675526555266821
1675526555266895
1675526555267037
1675526555267111
1675526555267185
1675526555267268
1675526555269397
1675526555269540
1675526555269614
1675526555269689
1675526555269831
1675526555269905
1675526555269979
1675526555270053
1675526555270804
1675526555273412
1675526555273486
1675526555273628
1675526555274799
1675526555277407
1675526555277482
1675526555278797
1675526555278940
1675526555279015
1675526555279088
1675526555279162
1675526555282642
1675526555284086
1675526555284160
1675526555284303
1675526555284377
1675526555288149
1675526555288292
1675526555288366
1675526555288440
1675526555288514
1675526555288657
1675526555288740
1675526555288814
1675526555288889
1675526555289032
1675526555289106
1675526555289180
1675526555289322
1675526555289396
1675526555289607
1675526555289681
1675526555289755
1675526555289829
1675526555291059
1675526555292572
1675526555295177
1675526555297651
1675526555299310
1675526555299384
1675526555299458
1675526555299532
1675526555299607
1675526555299750
1675526555299824
1675526555299898
1675526555303140
