1675526183763619
1675526183763695
1675526183763846
1675526183763934
1675526183764012
1675526183764090
1675526183764599
1675526183764749
1675526183764826
1675526183764903
1675526183765703
1675526183765781
1675526183765858
1675526183765936
1675526183768466
1675526183768545
1675526183769561
1675526183769637
1675526183769716
1675526183770607
1675526183771710
1675526183772744
1675526183773778
1675526183774879
1675526183774953
1675526183775027
1675526183775923
1675526183777024
1675526183778126
1675526183779364
1675526183780498
1675526183783249
1675526183783327
1675526183783477
1675526183783553
1675526183783641
1675526183784369
1675526183784447
1675526183784525
1675526183784602
1675526183784678
1675526183785407
1675526183785483
1675526183785562
1675526183785711
1675526183786583
1675526183789328
1675526183789406
1675526183789483
1675526183789561
1675526183789637
1675526183789724
1675526183789875
1675526183789953
1675526183790030
1675526183790398
1675526183790482
1675526183791447
1675526183792411
1675526183793444
1675526183794545
1675526183796949
1675526183798051
1675526183799082
1675526183800185
1675526183802956
1675526183803107
1675526183803196
1675526183803274
1675526183804146
1675526183804223
1675526183804373
1675526183804451
1675526183804528
1675526183805255
1675526183805333
1675526183805411
1675526183805487
1675526183805565
1675526183806293
1675526183809108
1675526183809257
1675526183809335
1675526183810216
1675526183811266
1675526183811341
1675526183812306
1675526183812448
1675526183813411
1675526183814580
1675526183815611
1675526183815685
1675526183815758
1675526183815902
1675526183816729
1675526183819133
1675526183819207
1675526183820171
1675526183823027
