1675526317109924
1675526317110081
1675526317112782
1675526317112858
1675526317112935
1675526317113082
1675526317113159
1675526317113873
1675526317114874
1675526317115022
1675526317115948
1675526317116025
1675526317116173
1675526317117030
1675526317118099
1675526317119244
1675526317120258
1675526317121696
1675526317121773
1675526317124616
1675526317124693
1675526317125691
1675526317125767
1675526317126836
1675526317126913
1675526317127910
1675526317127987
1675526317128063
1675526317128999
1675526317129076
1675526317129153
1675526317129229
1675526317129377
1675526317130030
1675526317131386
1675526317131463
1675526317131539
1675526317131615
1675526317134383
1675526317135452
1675526317135528
1675526317135604
1675526317135681
1675526317136606
1675526317137676
1675526317138674
1675526317139746
1675526317139822
1675526317140819
1675526317143388
1675526317146298
1675526317146375
1675526317146451
1675526317146527
1675526317146675
1675526317147318
1675526317147395
1675526317148393
1675526317148470
1675526317148617
1675526317148693
1675526317149514
1675526317149591
1675526317149738
1675526317150949
1675526317151036
1675526317151113
1675526317152039
1675526317153178
1675526317154246
1675526317155244
1675526317156382
1675526317160641
1675526317160717
1675526317160865
1675526317160942
1675526317161017
1675526317161094
1675526317161171
1675526317161743
1675526317162811
1675526317163958
1675526317164957
1675526317165105
1675526317165181
1675526317165257
1675526317166043
1675526317167110
1675526317167187
1675526317168185
1675526317168261
1675526317171008
1675526317171085
1675526317171163
1675526317171241
1675526317171319
1675526317171469
1675526317171493
1675526317171643
