1675525559414946
1675525559415025
1675525559415103
1675525559415253
1675525559415331
1675525559415409
1675525559415487
1675525559415565
1675525559415716
1675525559415794
1675525559415872
1675525559416054
1675525559421893
1675525559421967
1675525559422041
1675525559422115
1675525559422266
1675525559422341
1675525559422415
1675525559422489
1675525559422632
1675525559422707
1675525559422781
1675525559424366
1675525559424440
1675525559424583
1675525559424657
1675525559433721
1675525559433799
1675525559433877
1675525559434026
1675525559434105
1675525559434203
1675525559434281
1675525559434359
1675525559434437
1675525559434515
1675525559434666
1675525559434744
1675525559435183
1675525559435260
1675525559435338
1675525559435416
1675525559435566
1675525559435644
1675525559435722
1675525559435800
1675525559443572
1675525559443658
1675525559443737
1675525559443815
1675525559443965
1675525559444043
1675525559444120
1675525559444198
1675525559444276
1675525559444426
1675525559444504
1675525559451604
1675525559451748
1675525559451822
1675525559451897
1675525559451971
1675525559452114
1675525559457731
1675525559457809
1675525559457960
1675525559458038
1675525559458116
1675525559458193
1675525559458271
1675525559458422
1675525559458500
1675525559458578
1675525559458655
1675525559458734
1675525559458884
1675525559458962
1675525559459040
1675525559463377
1675525559463463
1675525559463613
1675525559463691
1675525559463769
1675525559463846
1675525559463924
1675525559464002
1675525559464151
1675525559464230
1675525559471467
1675525559471542
1675525559471616
1675525559471760
1675525559471834
1675525559471908
1675525559471983
1675525559472066
1675525559478602
1675525559478680
1675525559478758
1675525559478837
1675525559478988
1675525559479066
1675525559479143
1675525559479222
1675525559479299
1675525559479377
1675525559479526
1675525559479605
1675525559479683
1675525559479761
1675525559483091
1675525559483178
1675525559483256
1675525559483407
1675525559483486
1675525559485444
1675525559485595
1675525559493653
1675525559493727
1675525559493801
1675525559493876
1675525559494019
1675525559494094
1675525559494168
1675525559494242
1675525559494385
1675525559494459
1675525559494542
1675525559494616
1675525559494759
1675525559494834
1675525559494908
1675525559499754
1675525559499832
1675525559499910
1675525559499989
1675525559500139
1675525559500217
1675525559500295
1675525559500373
1675525559500451
1675525559500529
1675525559500607
1675525559500693
1675525559500843
1675525559500921
1675525559500999
1675525559503460
1675525559503538
1675525559503615
1675525559503693
1675525559503771
1675525559503921
1675525559503998
1675525559511534
1675525559511612
1675525559511763
1675525559511840
1675525559511918
1675525559512005
1675525559518728
1675525559518802
1675525559518945
1675525559519020
1675525559519094
1675525559519168
1675525559519312
1675525559519387
1675525559519461
1675525559519534
1675525559519679
1675525559519753
1675525559519897
1675525559519971
1675525559520045
1675525559523356
1675525559523499
1675525559523573
1675525559523648
1675525559523722
1675525559523866
1675525559523940
1675525559524014
1675525559530476
1675525559530556
1675525559530634
1675525559530711
1675525559530789
1675525559530867
1675525559531018
1675525559531096
1675525559533996
1675525559534146
1675525559534224
1675525559534302
1675525559534379
1675525559534457
1675525559534607
1675525559534685
1675525559534762
1675525559534840
1675525559544305
1675525559544448
1675525559544522
1675525559544596
1675525559544671
1675525559544814
1675525559544897
1675525559544971
1675525559545046
1675525559545120
1675525559545264
1675525559545338
1675525559545412
1675525559545555
1675525559551273
1675525559551351
1675525559551429
1675525559551580
1675525559551657
1675525559551735
1675525559556280
1675525559556424
1675525559556509
1675525559556584
1675525559556659
1675525559556803
1675525559556877
1675525559556952
1675525559557026
1675525559557100
1675525559557244
1675525559557318
1675525559557461
1675525559557536
1675525559557610
1675525559563377
1675525559563452
1675525559563595
1675525559563677
1675525559563751
1675525559563825
1675525559563969
1675525559564043
1675525559564117
1675525559564191
1675525559564334
1675525559564408
1675525559565854
1675525559573946
1675525559574025
1675525559574175
1675525559574253
1675525559574331
1675525559574409
1675525559574506
1675525559574585
1675525559574662
1675525559574812
1675525559574890
1675525559574968
1675525559575046
1675525559575196
1675525559575274
1675525559575351
1675525559575502
1675525559575580
1675525559585654
1675525559585798
1675525559585872
1675525559585946
1675525559586078
1675525559586157
1675525559586235
1675525559586313
1675525559586391
1675525559586541
1675525559586619
1675525559586697
1675525559586848
1675525559586926
1675525559588087
1675525559594085
1675525559594163
1675525559594241
1675525559594318
1675525559594468
1675525559594555
1675525559594634
1675525559594712
1675525559594789
1675525559594867
1675525559595017
1675525559595095
1675525559595173
1675525559595324
1675525559595401
1675525559595479
1675525559603408
1675525559603483
1675525559603558
1675525559603632
1675525559603775
1675525559603857
1675525559603932
1675525559604006
1675525559604080
1675525559604223
1675525559605874
1675525559615384
1675525559615463
1675525559615541
1675525559615619
1675525559615769
1675525559615847
1675525559615925
1675525559616005
1675525559616149
1675525559616223
1675525559616306
1675525559616381
1675525559616524
1675525559616598
1675525559616672
1675525559616815
1675525559616889
1675525559616963
1675525559617107
1675525559617180
1675525559621509
1675525559621584
1675525559621658
1675525559621732
1675525559621875
1675525559621950
1675525559622032
1675525559622106
1675525559622249
1675525559622324
1675525559622398
1675525559622472
1675525559629614
1675525559629693
1675525559629843
1675525559629921
1675525559629999
1675525559630077
1675525559630155
1675525559630305
1675525559630383
1675525559630460
1675525559630546
1675525559632069
1675525559640232
1675525559640307
1675525559640450
1675525559640525
1675525559640599
1675525559640674
1675525559640818
1675525559640892
1675525559640966
1675525559641040
1675525559641183
1675525559641257
1675525559641332
1675525559641474
1675525559641558
1675525559647303
1675525559647378
1675525559647522
1675525559647596
1675525559647670
1675525559647744
1675525559647819
1675525559647962
1675525559648036
1675525559648110
1675525559648254
1675525559648328
1675525559650803
1675525559650878
1675525559650951
1675525559651036
1675525559651110
1675525559657980
1675525559658054
1675525559658129
1675525559658203
1675525559658347
1675525559658421
1675525559658495
1675525559658569
1675525559658712
1675525559658786
1675525559658861
1675525559659004
1675525559659078
1675525559659152
1675525559659235
1675525559662602
1675525559662676
1675525559662751
1675525559662894
1675525559662968
1675525559663042
1675525559663117
1675525559663259
1675525559670630
1675525559670709
1675525559670787
1675525559670865
1675525559671016
1675525559671094
1675525559671171
1675525559675520
1675525559675670
1675525559675748
1675525559675826
1675525559675904
1675525559676053
1675525559676127
1675525559676201
1675525559676276
1675525559676419
1675525559676493
1675525559676636
1675525559676711
1675525559676785
1675525559676859
1675525559684824
1675525559684907
1675525559684982
1675525559685125
1675525559685200
1675525559685274
1675525559685348
1675525559685492
1675525559685566
1675525559685640
1675525559687229
1675525559694460
1675525559694539
1675525559694689
1675525559694767
1675525559694845
1675525559694923
1675525559695010
1675525559695088
1675525559695238
1675525559695316
1675525559695394
1675525559695471
1675525559695622
1675525559695699
1675525559695777
1675525559695855
1675525559696008
1675525559696083
1675525559696157
1675525559705216
1675525559705359
1675525559705434
1675525559705525
1675525559705601
1675525559705675
1675525559705818
1675525559705892
1675525559705999
1675525559706079
1675525559706157
1675525559706235
1675525559706313
1675525559706464
1675525559707769
1675525559714922
1675525559715073
1675525559715151
1675525559715229
1675525559715327
1675525559715405
1675525559715483
1675525559715560
1675525559715638
1675525559715716
1675525559715867
1675525559715944
1675525559716058
1675525559716133
1675525559717374
1675525559717448
1675525559723217
1675525559723292
1675525559723366
1675525559723440
1675525559723591
1675525559723666
1675525559723740
1675525559723814
1675525559723957
1675525559725609
1675525559735301
1675525559735444
1675525559735519
1675525559735593
1675525559735668
1675525559735810
1675525559735885
1675525559735991
1675525559736070
1675525559736149
1675525559736235
1675525559736385
1675525559736464
1675525559736541
1675525559736691
1675525559736769
1675525559736847
1675525559736925
1675525559737003
1675525559737153
1675525559737231
1675525559737309
1675525559737387
1675525559737465
1675525559737615
1675525559743971
1675525559744057
1675525559744207
1675525559744285
1675525559744363
1675525559744441
1675525559744519
1675525559744669
1675525559744747
1675525559744826
1675525559744903
1675525559746473
1675525559754777
1675525559754920
1675525559754994
1675525559755069
1675525559755143
1675525559755226
1675525559755369
1675525559755443
1675525559755517
1675525559755592
1675525559755735
1675525559755809
1675525559755883
1675525559755992
1675525559757230
1675525559757381
1675525559757459
1675525559766669
1675525559766744
1675525559766888
1675525559766962
1675525559767046
1675525559767120
1675525559767194
1675525559767338
1675525559767412
1675525559767486
1675525559767561
1675525559767703
1675525559767778
1675525559767921
1675525559767996
1675525559774317
1675525559774391
1675525559774465
1675525559774539
1675525559774683
1675525559774765
1675525559774839
1675525559774913
1675525559774987
1675525559775130
1675525559775204
1675525559775278
1675525559775421
1675525559775495
1675525559775638
1675525559775712
1675525559775855
1675525559783654
1675525559783733
1675525559783811
1675525559783961
1675525559784048
1675525559784126
1675525559784205
1675525559784283
1675525559784361
1675525559784511
1675525559790635
1675525559790710
1675525559790853
1675525559790927
1675525559791002
1675525559791076
1675525559795614
1675525559795757
1675525559795832
1675525559795906
1675525559795999
1675525559796079
1675525559796230
1675525559796307
1675525559796385
1675525559796463
1675525559796541
1675525559796692
1675525559796770
1675525559796848
1675525559796999
1675525559803859
1675525559803937
1675525559804015
1675525559804093
1675525559804171
1675525559804258
1675525559804409
1675525559804487
1675525559804565
1675525559804643
1675525559804721
1675525559804871
1675525559806245
1675525559814349
1675525559814492
1675525559814566
1675525559814641
1675525559814784
1675525559814858
1675525559814932
1675525559815007
1675525559815089
1675525559815233
1675525559815307
1675525559815381
1675525559815523
1675525559815598
1675525559815672
1675525559815815
1675525559815889
1675525559815996
1675525559816076
1675525559824167
1675525559824246
1675525559824324
1675525559824402
1675525559824480
1675525559824567
1675525559824717
1675525559824795
1675525559824873
1675525559824951
1675525559825029
1675525559825106
1675525559825258
1675525559826674
1675525559833817
1675525559833891
1675525559833965
1675525559834108
1675525559834183
1675525559834257
1675525559834331
1675525559834414
1675525559834557
1675525559834632
1675525559834706
1675525559834849
1675525559834923
1675525559834998
1675525559836212
1675525559836364
1675525559836442
1675525559844094
1675525559844172
1675525559844322
1675525559844400
1675525559844478
1675525559844555
1675525559844642
1675525559844721
1675525559844871
1675525559844949
1675525559851048
1675525559851191
1675525559851266
1675525559851340
1675525559851414
1675525559851557
1675525559854994
1675525559855068
1675525559855211
1675525559855285
1675525559855359
1675525559855434
1675525559855527
1675525559855670
1675525559855745
1675525559855818
1675525559855892
1675525559856077
1675525559856155
1675525559856233
1675525559856384
1675525559862308
1675525559862385
1675525559862464
1675525559862541
1675525559862691
1675525559862769
1675525559862847
1675525559862934
1675525559863012
1675525559863162
1675525559863240
1675525559863318
1675525559863396
1675525559864628
1675525559864706
1675525559864784
1675525559873976
1675525559874051
1675525559874125
1675525559874200
1675525559874343
1675525559874418
1675525559874493
1675525559874576
1675525559874719
1675525559874794
1675525559874868
1675525559875011
1675525559875154
1675525559875228
1675525559875302
1675525559875446
1675525559875520
1675525559875594
1675525559875668
1675525559885753
1675525559885832
1675525559885910
1675525559886060
1675525559886144
1675525559886218
1675525559886293
1675525559886367
1675525559886510
1675525559886584
1675525559886658
1675525559886802
1675525559886876
1675525559887019
1675525559887094
1675525559894441
1675525559894515
1675525559894589
1675525559894664
1675525559894807
1675525559894890
1675525559894964
1675525559895038
1675525559895181
1675525559895255
1675525559895329
1675525559895473
1675525559895546
1675525559895621
1675525559895764
1675525559895838
1675525559895912
1675525559896004
1675525559896149
1675525559904113
1675525559904188
1675525559904271
1675525559904346
1675525559904488
1675525559904563
1675525559904637
1675525559904711
1675525559904854
1675525559904928
1675525559905002
1675525559906472
1675525559915125
1675525559915199
1675525559915274
1675525559915417
1675525559915491
1675525559915565
1675525559915654
1675525559915728
1675525559915872
1675525559915946
1675525559916090
1675525559916165
1675525559916239
1675525559916312
1675525559916455
1675525559920918
1675525559920992
1675525559921066
1675525559921140
1675525559921215
1675525559921358
1675525559921432
1675525559921515
1675525559921589
1675525559921663
1675525559921737
1675525559921880
1675525559923397
1675525559923471
1675525559923545
1675525559923619
1675525559930043
1675525559930194
1675525559930273
1675525559930350
1675525559930573
1675525559935058
1675525559935137
1675525559935225
1675525559935303
1675525559935380
1675525559935531
1675525559935609
1675525559935687
1675525559935765
1675525559935843
1675525559935995
1675525559936071
1675525559944445
1675525559944588
1675525559944662
1675525559944736
1675525559944811
1675525559944953
1675525559945036
1675525559945111
1675525559945185
1675525559945259
1675525559945403
1675525559945477
1675525559945620
1675525559945694
1675525559945837
1675525559945911
1675525559954164
1675525559954243
1675525559954321
1675525559954399
1675525559954477
1675525559954626
1675525559954714
1675525559954792
1675525559954870
1675525559954948
1675525559955098
1675525559955176
1675525559955254
1675525559955404
1675525559955482
1675525559955559
1675525559963684
1675525559963759
1675525559963834
1675525559963977
1675525559964051
1675525559964125
1675525559964209
1675525559964284
1675525559964427
1675525559964502
1675525559970556
1675525559970706
1675525559970785
1675525559970863
1675525559970941
1675525559971019
1675525559974202
1675525559974280
1675525559974357
1675525559974435
1675525559974586
1675525559974664
1675525559974756
1675525559974833
1675525559974911
1675525559974990
1675525559983828
1675525559983902
1675525559983976
1675525559984120
1675525559984195
1675525559984269
1675525559984343
1675525559984486
1675525559984560
1675525559984634
1675525559984777
1675525559984851
1675525559984933
1675525559985008
1675525559985151
1675525559985225
1675525559985368
1675525559985442
1675525559985516
1675525559985590
1675525559985733
1675525559995533
1675525559995613
1675525559995764
1675525559995843
1675525559995920
1675525559996071
1675525559996145
1675525559996252
1675525559996327
1675525559996470
1675525559996545
1675525559996619
1675525559996693
1675525559996836
1675525559996910
1675525559996984
1675525559997127
1675525559997201
1675525560005574
1675525560005717
1675525560005791
1675525560005865
1675525560006010
1675525560006101
1675525560006179
1675525560006257
1675525560006335
1675525560006413
1675525560006564
1675525560006642
1675525560006719
1675525560007953
1675525560008103
1675525560008181
1675525560014181
1675525560014260
1675525560014338
1675525560014488
1675525560014567
1675525560014663
1675525560014741
1675525560014820
1675525560014898
1675525560014975
1675525560015126
1675525560015204
1675525560015280
1675525560015360
1675525560015511
1675525560021369
1675525560021443
1675525560021587
1675525560021661
1675525560021735
1675525560021809
1675525560021893
1675525560022037
1675525560022111
1675525560022185
1675525560022260
1675525560023843
1675525560023987
1675525560024061
1675525560024135
1675525560024209
1675525560030697
1675525560030776
1675525560030854
1675525560030932
1675525560031010
1675525560035707
1675525560035794
1675525560035872
1675525560035950
1675525560036044
1675525560036119
1675525560036193
1675525560036337
