1675526542810586
1675526542814480
1675526542815856
1675526542817302
1675526542818822
1675526542818909
1675526542818986
1675526542819064
1675526542820312
1675526542820455
1675526542823338
1675526542823412
1675526542823554
1675526542823628
1675526542823702
1675526542823776
1675526542823919
1675526542823992
1675526542824066
1675526542824140
1675526542824282
1675526542824844
1675526542824919
1675526542826292
1675526542826436
1675526542826510
1675526542827815
1675526542827958
1675526542829357
1675526542829435
1675526542829513
1675526542834491
1675526542835795
1675526542837314
1675526542837392
1675526542838840
1675526542838917
1675526542839004
1675526542839083
1675526542840347
1675526542840421
1675526542843373
1675526542843447
1675526542843522
1675526542843596
1675526542843739
1675526542843813
1675526542843887
1675526542843961
1675526542844103
1675526542844177
1675526542844799
1675526542846312
1675526542846396
1675526542846539
1675526542846613
1675526542846687
1675526542847788
1675526542847931
1675526542849346
1675526542849424
1675526542849502
1675526542850806
1675526542850954
1675526542851033
1675526542853560
1675526542855079
1675526542856598
1675526542856676
1675526542858060
1675526542858210
1675526542858288
1675526542859590
1675526542859665
1675526542861040
1675526542861183
1675526542861257
1675526542861332
1675526542861474
1675526542862576
1675526542862650
1675526542862792
1675526542862866
1675526542864036
1675526542865549
1675526542865632
1675526542865775
1675526542867081
1675526542868594
1675526542868667
1675526542868811
1675526542868885
1675526542868959
1675526542871213
1675526542872589
1675526542874034
1675526542874184
1675526542875560
1675526542875638
