1675526561455105
1675526561455183
1675526561455261
1675526561455338
1675526561455488
1675526561456216
1675526561459248
1675526561459327
1675526561459405
1675526561459482
1675526561459559
1675526561459710
1675526561459788
1675526561459865
1675526561459943
1675526561460029
1675526561460108
1675526561461843
1675526561461921
1675526561461999
1675526561462149
1675526561463237
1675526561463315
1675526561463393
1675526561463470
1675526561465819
1675526561467195
1675526561471103
1675526561472547
1675526561472690
1675526561472764
1675526561472848
1675526561472991
1675526561473065
1675526561473139
1675526561473213
1675526561475227
1675526561477972
1675526561478050
1675526561478128
1675526561478278
1675526561478356
1675526561478434
1675526561479448
1675526561479598
1675526561479676
1675526561479754
1675526561479840
1675526561482079
1675526561482157
1675526561482307
1675526561482385
1675526561482463
1675526561483477
1675526561483555
1675526561483632
1675526561483782
1675526561483857
1675526561484960
1675526561486474
1675526561486549
1675526561486623
1675526561490329
1675526561491715
1675526561491789
1675526561493234
1675526561493307
1675526561493382
1675526561493525
1675526561493599
1675526561495876
1675526561497179
1675526561497330
1675526561498849
1675526561498927
1675526561499004
1675526561499082
1675526561499232
1675526561499308
1675526561499406
1675526561499485
1675526561499561
1675526561502809
1675526561502960
1675526561503038
1675526561503115
1675526561503193
1675526561503270
1675526561503421
1675526561505362
1675526561506739
1675526561506813
1675526561506888
1675526561508195
1675526561508338
1675526561510820
1675526561512196
1675526561512339
1675526561512413
