1675525888112115
1675525888114939
1675525888115013
1675525888115088
1675525888115162
1675525888115305
1675525888115379
1675525888116001
1675525888117036
1675525888118139
1675525888119173
1675525888120335
1675525888123154
1675525888123232
1675525888123310
1675525888123387
1675525888123465
1675525888123623
1675525888124279
1675525888125370
1675525888126387
1675525888127475
1675525888128565
1675525888131447
1675525888131522
1675525888131597
1675525888131740
1675525888131814
1675525888131888
1675525888131962
1675525888132105
1675525888132179
1675525888132253
1675525888132336
1675525888132412
1675525888132555
1675525888132630
1675525888132704
1675525888135105
1675525888136139
1675525888137309
1675525888138344
1675525888139406
1675525888140509
1675525888141543
1675525888141617
1675525888141692
1675525888141835
1675525888145336
1675525888146448
1675525888147552
1675525888148617
1675525888148692
1675525888148766
1675525888151308
1675525888151451
1675525888151526
1675525888151600
1675525888151674
1675525888151747
1675525888151891
1675525888151965
1675525888152039
1675525888152113
1675525888153009
1675525888153093
1675525888153236
1675525888153310
1675525888153384
1675525888153458
1675525888153601
1675525888154088
1675525888155190
1675525888156292
1675525888157327
1675525888158444
1675525888159464
1675525888160554
1675525888161572
1675525888164320
1675525888164397
1675525888164484
1675525888165358
1675525888166446
1675525888167463
1675525888168549
1675525888168623
1675525888170069
1675525888170143
1675525888170217
1675525888170291
1675525888170434
1675525888170509
1675525888170583
1675525888170657
1675525888171145
1675525888171219
1675525888173974
1675525888174049
1675525888174123
1675525888174197
1675525888174272
1675525888175032
1675525888176066
1675525888177100
1675525888178205
1675525888179240
1675525888180329
1675525888181347
1675525888181497
1675525888181575
1675525888181653
1675525888183823
1675525888186651
1675525888186730
1675525888186880
1675525888186958
1675525888187757
1675525888187835
1675525888188833
1675525888188908
1675525888188982
1675525888189057
1675525888189200
1675525888189892
1675525888190995
1675525888191139
1675525888191213
1675525888195127
1675525888195211
1675525888195354
1675525888195428
1675525888195503
1675525888196193
1675525888197366
1675525888198438
1675525888199459
1675525888200620
1675525888201711
1675525888201789
1675525888201867
1675525888201945
1675525888202745
1675525888202823
1675525888205284
1675525888208187
1675525888208266
1675525888208417
1675525888208492
1675525888209254
1675525888209327
1675525888209470
1675525888209544
1675525888209618
1675525888210311
1675525888210454
1675525888210529
1675525888210601
1675525888211500
1675525888211574
1675525888214323
1675525888214413
1675525888214488
1675525888214563
1675525888214637
1675525888214779
1675525888214854
1675525888214928
1675525888215002
1675525888215145
1675525888215494
1675525888216529
1675525888217565
1675525888218676
1675525888219839
1675525888221216
1675525888221294
1675525888221384
1675525888225289
1675525888226305
1675525888227466
1675525888228557
1675525888228631
1675525888228774
1675525888229603
1675525888229747
1675525888229821
1675525888230720
1675525888230794
1675525888230867
1675525888230942
1675525888231840
1675525888231914
1675525888233163
1675525888236187
1675525888236261
1675525888237295
1675525888238330
1675525888239455
1675525888240472
1675525888240624
1675525888240702
1675525888241575
1675525888241653
1675525888241731
1675525888241809
1675525888242609
1675525888243769
1675525888246156
1675525888246254
1675525888248910
1675525888248984
1675525888249059
1675525888249201
1675525888249276
1675525888249350
1675525888249424
1675525888250046
1675525888250122
1675525888250265
1675525888250339
1675525888250413
1675525888251106
1675525888251249
1675525888251323
1675525888252434
1675525888252576
1675525888252652
1675525888252726
1675525888253555
1675525888255961
1675525888257064
1675525888258166
1675525888259242
1675525888260332
1675525888261349
1675525888261499
1675525888262443
1675525888262521
1675525888264909
1675525888269001
1675525888269084
1675525888269229
1675525888269303
1675525888269377
1675525888269450
1675525888269593
1675525888269668
1675525888270084
1675525888270228
1675525888270303
1675525888270377
1675525888271137
1675525888271280
1675525888271354
1675525888271428
1675525888271502
1675525888272271
1675525888272346
1675525888272420
1675525888273660
1675525888273734
1675525888274700
1675525888275801
1675525888279745
1675525888280762
1675525888280840
1675525888280990
1675525888281862
1675525888281939
1675525888282017
1675525888282889
1675525888283977
1675525888285001
1675525888286090
1675525888287105
1675525888289855
1675525888289997
1675525888290072
1675525888290147
1675525888290221
1675525888290364
1675525888290438
1675525888290512
1675525888290586
1675525888291004
1675525888291078
1675525888291152
1675525888293763
1675525888293846
1675525888293989
1675525888294064
1675525888294138
1675525888294829
1675525888295930
1675525888296965
1675525888298000
1675525888299096
1675525888300186
1675525888301275
1675525888301353
1675525888301503
1675525888301581
1675525888302523
1675525888302601
1675525888305504
1675525888305654
1675525888306599
1675525888307761
1675525888307838
1675525888308699
1675525888308842
1675525888308917
1675525888308991
1675525888309066
1675525888309826
1675525888310929
1675525888311004
1675525888311146
1675525888311221
1675525888313763
1675525888313847
1675525888313922
1675525888314065
1675525888314139
1675525888314830
1675525888316003
1675525888317038
1675525888318072
1675525888319168
1675525888320259
1675525888323079
1675525888323158
1675525888323236
1675525888323313
1675525888323391
1675525888323541
1675525888324133
1675525888325150
1675525888326238
1675525888327400
1675525888328488
1675525888331308
1675525888331383
1675525888331457
1675525888331531
1675525888331605
1675525888331748
1675525888331822
1675525888331897
1675525888331971
1675525888332114
1675525888332188
1675525888332271
1675525888332346
1675525888332420
1675525888332564
1675525888333938
1675525888334014
1675525888334155
1675525888334231
1675525888334305
1675525888334996
1675525888336100
1675525888336175
1675525888337140
1675525888338174
1675525888340904
1675525888340982
1675525888341140
1675525888342014
1675525888342091
1675525888343034
1675525888344125
1675525888345141
1675525888346302
1675525888347391
1675525888348755
1675525888348899
1675525888349864
1675525888349939
1675525888350013
1675525888350912
1675525888350986
1675525888351061
1675525888351213
1675525888351287
1675525888353626
1675525888353700
1675525888353843
1675525888354811
1675525888355845
1675525888356880
1675525888357984
1675525888359016
1675525888360106
1675525888361195
1675525888364016
1675525888364094
1675525888364243
1675525888364322
1675525888364409
1675525888364487
1675525888365142
1675525888366159
1675525888366237
1675525888367327
1675525888368343
1675525888369796
1675525888369871
1675525888369945
1675525888370088
1675525888370162
1675525888370236
1675525888370311
1675525888370454
1675525888370872
1675525888370955
1675525888373773
1675525888373848
1675525888373921
1675525888374065
1675525888374139
1675525888374900
1675525888376004
1675525888377039
1675525888378074
1675525888379169
1675525888380259
1675525888381277
1675525888382366
1675525888382443
1675525888385121
1675525888386159
1675525888386237
1675525888387181
1675525888388269
1675525888388347
1675525888389662
1675525888389805
1675525888389880
1675525888389954
1675525888390028
1675525888390171
1675525888390244
1675525888390318
1675525888390736
1675525888390880
1675525888395069
1675525888395161
1675525888395235
1675525888395379
1675525888395453
1675525888395527
1675525888395601
1675525888396157
1675525888396231
1675525888397197
1675525888398301
1675525888399312
1675525888400404
1675525888401493
1675525888401571
1675525888401649
1675525888401726
1675525888402536
1675525888404996
1675525888407814
1675525888408829
1675525888408973
1675525888409047
1675525888409121
1675525888409951
1675525888410025
1675525888410099
1675525888410172
1675525888410315
1675525888411076
1675525888411150
1675525888411292
1675525888411367
1675525888412138
1675525888413583
1675525888413658
1675525888413732
1675525888413806
1675525888413949
1675525888414024
1675525888414647
1675525888415681
1675525888419890
1675525888421053
1675525888421132
1675525888421209
1675525888421360
1675525888421437
1675525888422094
1675525888422180
1675525888423197
1675525888424213
1675525888425373
1675525888426461
1675525888427477
1675525888428561
1675525888428634
1675525888428779
1675525888428853
1675525888429887
1675525888429961
1675525888430105
1675525888431072
1675525888433957
1675525888434030
1675525888434113
1675525888434257
1675525888434332
1675525888435024
1675525888436059
1675525888437163
1675525888438198
1675525888439268
1675525888440372
1675525888441476
1675525888441550
1675525888441624
1675525888441699
1675525888442802
1675525888446921
1675525888446995
1675525888447971
1675525888448045
1675525888449051
1675525888449126
1675525888449200
1675525888449342
1675525888449418
1675525888450109
1675525888450183
1675525888450257
1675525888450401
1675525888451160
1675525888451234
1675525888454047
1675525888454190
1675525888454265
1675525888454347
1675525888454421
1675525888454566
1675525888454640
1675525888454714
1675525888454787
1675525888454930
1675525888455004
1675525888455148
1675525888456250
1675525888457286
1675525888458320
1675525888461192
1675525888461270
1675525888461348
1675525888461426
1675525888462237
1675525888462315
1675525888463333
1675525888464349
1675525888465437
1675525888466451
1675525888467540
1675525888470412
1675525888470557
1675525888470632
1675525888470706
1675525888470780
1675525888470922
1675525888470997
1675525888471551
1675525888471627
1675525888471709
1675525888471784
1675525888472614
1675525888473649
1675525888474683
1675525888477090
1675525888478193
1675525888479307
1675525888480324
1675525888481415
1675525888484234
1675525888484312
1675525888484390
1675525888484467
1675525888485268
1675525888486357
1675525888486443
1675525888486522
1675525888487393
1675525888487473
1675525888488492
1675525888488567
1675525888488641
1675525888488715
1675525888491329
1675525888491403
1675525888491477
1675525888491551
1675525888491693
1675525888491768
1675525888491842
1675525888491916
1675525888491998
1675525888492141
1675525888492215
1675525888492290
1675525888492364
1675525888493467
1675525888494501
1675525888498447
1675525888499540
1675525888500701
1675525888500779
1675525888501724
1675525888501801
1675525888501952
1675525888502030
1675525888502829
1675525888505302
1675525888506319
1675525888509177
1675525888509251
1675525888509326
1675525888509470
1675525888509543
1675525888509618
1675525888510242
1675525888510316
1675525888510391
1675525888510533
1675525888510608
1675525888511301
1675525888511376
1675525888511519
1675525888511603
1675525888514213
1675525888514288
1675525888514362
1675525888514504
1675525888514578
1675525888514653
1675525888514726
1675525888515281
1675525888516316
1675525888517419
1675525888518441
1675525888519534
1675525888520621
1675525888521640
1675525888523089
1675525888523110
1675525888526076
1675525888527094
1675525888528182
1675525888528260
1675525888528338
1675525888529241
1675525888529315
1675525888529459
1675525888529533
1675525888529607
1675525888530299
1675525888530374
1675525888530517
1675525888531414
1675525888531488
1675525888532943
1675525888533086
1675525888533161
1675525888533234
1675525888534064
1675525888535098
1675525888539311
1675525888539389
1675525888540334
1675525888540484
1675525888540562
1675525888541433
1675525888541511
1675525888541589
1675525888541738
1675525888541817
1675525888542482
1675525888543571
1675525888544589
1675525888545676
1675525888546837
1675525888547852
1675525888548921
1675525888550368
1675525888550442
1675525888550517
1675525888550591
1675525888550734
1675525888553347
1675525888553421
1675525888553495
1675525888553638
1675525888553721
1675525888553796
1675525888554421
1675525888555457
1675525888556559
1675525888557593
1675525888558665
1675525888559682
1675525888560773
1675525888561790
1675525888561940
1675525888563172
1675525888563251
1675525888563328
1675525888566147
1675525888567165
1675525888568333
1675525888568485
1675525888569316
1675525888569459
1675525888569533
1675525888569608
1675525888570438
1675525888570512
1675525888570586
1675525888570660
1675525888570803
1675525888571496
1675525888571570
1675525888574321
1675525888574396
1675525888574470
1675525888574553
1675525888574628
1675525888574770
1675525888574845
1675525888574918
1675525888574992
1675525888575135
1675525888575210
1675525888575284
1675525888575359
1675525888576463
1675525888577497
1675525888579845
1675525888580934
1675525888581012
1675525888581090
1675525888581970
1675525888585874
1675525888585953
1675525888586897
1675525888587047
1675525888587993
1675525888588071
1675525888589127
1675525888589200
1675525888589275
1675525888589349
1675525888589493
1675525888590186
1675525888591222
1675525888591296
1675525888591439
1675525888592552
1675525888592626
1675525888592701
1675525888592844
1675525888593605
1675525888597450
1675525888598591
1675525888599609
1675525888600698
1675525888600775
1675525888600854
1675525888600932
1675525888601803
1675525888601953
1675525888602031
1675525888602108
1675525888602918
1675525888603934
1675525888606393
1675525888606471
1675525888609179
1675525888609254
1675525888609328
1675525888609402
1675525888609545
1675525888609620
1675525888609693
1675525888609768
1675525888610254
1675525888610329
1675525888610403
1675525888610477
1675525888611315
1675525888611390
1675525888611464
1675525888612704
1675525888612779
1675525888612922
1675525888612996
1675525888613756
1675525888616232
1675525888617335
1675525888618368
1675525888619457
1675525888620475
1675525888621635
1675525888621713
1675525888625326
1675525888626497
1675525888627513
1675525888628600
1675525888628675
1675525888628750
1675525888631429
1675525888631503
1675525888631578
1675525888631721
1675525888631795
1675525888631870
1675525888631943
1675525888632087
1675525888632161
1675525888632235
1675525888632309
1675525888632392
1675525888632536
1675525888632611
1675525888632685
1675525888635159
1675525888636194
1675525888636268
1675525888637234
1675525888638337
1675525888639385
1675525888640401
1675525888641491
1675525888641568
1675525888641646
1675525888644248
1675525888645263
1675525888646361
1675525888647379
1675525888648486
1675525888648561
1675525888649940
1675525888650015
1675525888650158
1675525888650232
1675525888650307
1675525888650381
1675525888650524
1675525888651011
1675525888651154
1675525888651228
1675525888653772
1675525888653848
1675525888653933
1675525888654007
1675525888654151
1675525888654225
1675525888654300
1675525888654854
1675525888655890
1675525888656924
1675525888658027
1675525888659111
1675525888660148
1675525888661184
1675525888661258
1675525888663938
1675525888664013
1675525888664087
1675525888664180
1675525888665011
1675525888666044
1675525888666118
1675525888667083
1675525888668186
1675525888669745
1675525888669824
1675525888669901
1675525888669979
1675525888670056
1675525888670134
1675525888670791
1675525888670869
1675525888670947
1675525888671024
1675525888673493
1675525888673643
1675525888673721
1675525888674594
1675525888675609
1675525888676699
1675525888677787
1675525888678792
1675525888679895
1675525888680930
1675525888681963
1675525888682105
1675525888685677
1675525888686712
1675525888686855
1675525888686929
1675525888687834
1675525888688855
1675525888691741
1675525888691884
1675525888691958
1675525888692032
1675525888692106
1675525888692249
1675525888692322
1675525888692397
1675525888692471
1675525888692615
1675525888692689
1675525888692763
1675525888692837
1675525888692979
1675525888693062
1675525888694782
1675525888694856
1675525888694999
1675525888695072
1675525888695147
1675525888695838
1675525888695981
1675525888696947
1675525888697979
1675525888699016
1675525888700051
1675525888701153
1675525888701228
1675525888701302
1675525888702200
1675525888704621
1675525888707437
1675525888708487
1675525888708562
1675525888708636
1675525888708779
1675525888709539
1675525888709613
1675525888709757
1675525888710587
1675525888710731
1675525888710805
1675525888710879
1675525888711708
1675525888711782
1675525888711856
1675525888713105
1675525888713180
1675525888713254
1675525888714084
1675525888715118
1675525888719099
1675525888720118
1675525888720269
1675525888721214
1675525888721293
1675525888721370
1675525888721448
1675525888722247
1675525888722397
1675525888723415
1675525888724505
1675525888725531
1675525888726621
1675525888727926
1675525888728004
1675525888728995
1675525888729070
1675525888731817
1675525888731892
1675525888731967
1675525888732109
1675525888732183
1675525888732257
1675525888732331
1675525888732474
1675525888732548
1675525888732622
1675525888732705
1675525888732782
1675525888732926
1675525888733001
1675525888733966
1675525888736511
