1675526315041548
1675526315041627
1675526315041712
1675526315041790
1675526315042589
1675526315043965
1675526315046930
1675526315047008
1675526315047157
1675526315047236
1675526315047314
1675526315048114
1675526315049129
1675526315050212
1675526315051316
1675526315051459
1675526315051533
1675526315052360
1675526315054841
1675526315054915
1675526315057661
1675526315057735
1675526315057810
1675526315057884
1675526315058027
1675526315058100
1675526315058175
1675526315058729
1675526315059762
1675526315059836
1675526315060845
1675526315060923
1675526315061939
1675526315062017
1675526315062177
1675526315064347
1675526315067092
1675526315068179
1675526315069267
1675526315069417
1675526315069494
1675526315070285
1675526315070428
1675526315071462
1675526315071536
1675526315071610
1675526315071754
1675526315072513
1675526315073820
1675526315073894
1675526315073977
1675526315074941
1675526315075084
1675526315077828
1675526315077971
1675526315078045
1675526315078119
1675526315078193
1675526315078335
1675526315078409
1675526315078484
1675526315078557
1675526315078631
1675526315078774
1675526315078848
1675526315078922
1675526315079004
1675526315080039
1675526315081398
1675526315081477
1675526315081555
1675526315082427
1675526315084957
1675526315086045
1675526315088790
1675526315089949
1675526315090028
1675526315090999
1675526315091074
1675526315091217
1675526315092182
1675526315092256
1675526315093233
1675526315094266
1675526315094340
1675526315094415
1675526315095380
1675526315096688
1675526315096831
1675526315096906
1675526315099789
1675526315099863
1675526315099937
1675526315100011
1675526315100171
1675526315100828
1675526315100906
1675526315101922
1675526315102008
