1675526143337893
1675526143337971
1675526143338048
1675526143338126
1675526143338275
1675526143338858
1675526143339944
1675526143342763
1675526143343849
1675526143344948
1675526143345962
1675526143346040
1675526143346117
1675526143346266
1675526143347063
1675526143347141
1675526143348154
1675526143348232
1675526143348382
1675526143349181
1675526143350267
1675526143353019
1675526143353097
1675526143353174
1675526143353323
1675526143353410
1675526143353488
1675526143354071
1675526143355229
1675526143355306
1675526143356321
1675526143357697
1675526143357775
1675526143357852
1675526143358002
1675526143358801
1675526143361257
1675526143362346
1675526143363361
1675526143364448
1675526143365535
1675526143368361
1675526143368438
1675526143368588
1675526143368666
1675526143368743
1675526143368820
1675526143369473
1675526143370561
1675526143370639
1675526143370789
1675526143370866
1675526143373398
1675526143373476
1675526143373554
1675526143373631
1675526143373708
1675526143373803
1675526143373953
1675526143374031
1675526143374108
1675526143374185
1675526143374263
1675526143374340
1675526143374562
1675526143374639
1675526143374716
1675526143377390
1675526143377468
1675526143377546
1675526143377623
1675526143377700
1675526143377850
1675526143377936
1675526143378518
1675526143378596
1675526143379611
1675526143380626
1675526143383090
1675526143384250
1675526143385191
1675526143386351
1675526143386428
1675526143389173
1675526143389251
1675526143389328
1675526143389406
1675526143390277
1675526143390355
1675526143390445
1675526143391315
1675526143391399
1675526143391477
1675526143391554
1675526143391632
1675526143392431
1675526143393444
1675526143394531
1675526143396049
1675526143397137
1675526143397214
1675526143398229
1675526143398307
1675526143398384
1675526143398462
1675526143400925
1675526143401002
1675526143402026
1675526143403040
1675526143404127
1675526143405214
1675526143406302
1675526143407390
1675526143407540
1675526143408772
1675526143409859
1675526143409936
1675526143412758
1675526143412836
1675526143412913
1675526143412990
1675526143413077
1675526143413155
1675526143413232
1675526143413382
1675526143413459
1675526143413537
1675526143413831
1675526143414989
1675526143416077
1675526143416154
1675526143417169
1675526143418472
1675526143418622
1675526143418700
1675526143418778
1675526143422677
1675526143423701
1675526143424787
1675526143425802
1675526143425952
1675526143426030
1675526143426971
1675526143427049
1675526143428066
1675526143428143
1675526143428221
1675526143430532
1675526143430610
1675526143430688
1675526143430765
1675526143433442
1675526143433520
1675526143433607
1675526143433684
1675526143433762
1675526143433840
1675526143433917
1675526143434067
1675526143434506
1675526143435521
1675526143435671
1675526143435749
1675526143436620
1675526143437780
1675526143437858
1675526143439161
1675526143443247
1675526143444336
1675526143445371
1675526143446459
1675526143446537
1675526143447480
1675526143447630
1675526143447708
1675526143447785
1675526143448585
1675526143449601
1675526143451121
1675526143451198
1675526143451276
1675526143451434
1675526143451512
1675526143451589
1675526143451667
1675526143454204
1675526143454282
1675526143454361
1675526143455304
1675526143456320
1675526143456397
1675526143457412
1675526143457490
1675526143457567
1675526143458512
1675526143458590
1675526143458667
1675526143459537
1675526143460625
1675526143460703
1675526143464321
1675526143465429
1675526143465507
1675526143465585
1675526143466527
1675526143467615
1675526143470431
1675526143470509
1675526143470586
1675526143470664
1675526143470741
1675526143470891
1675526143470968
1675526143471489
1675526143471568
1675526143471645
1675526143471795
1675526143472604
1675526143472682
1675526143473623
1675526143474710
1675526143477531
1675526143477682
1675526143477759
1675526143477837
1675526143477914
1675526143477992
1675526143478069
1675526143478146
1675526143478585
1675526143481112
1675526143482172
1675526143483273
1675526143484249
1675526143485352
1675526143488303
1675526143488376
1675526143488519
1675526143488593
1675526143488667
1675526143488741
1675526143489363
1675526143490395
1675526143490537
1675526143490611
1675526143490685
1675526143493277
1675526143493357
1675526143493507
1675526143493596
1675526143493674
1675526143493751
1675526143493829
1675526143493907
1675526143493984
1675526143494135
1675526143494212
1675526143494289
1675526143494367
1675526143495527
1675526143496614
1675526143497990
1675526143498068
1675526143498146
1675526143498296
1675526143498382
1675526143498460
1675526143502007
1675526143503095
1675526143504108
1675526143505193
1675526143506351
1675526143507435
1675526143507513
1675526143507590
1675526143508533
1675526143509980
1675526143512947
1675526143513025
1675526143513103
1675526143513180
1675526143513268
1675526143513345
1675526143513495
1675526143513573
1675526143514010
1675526143515169
1675526143516183
1675526143516261
1675526143517276
1675526143517354
1675526143517431
1675526143518661
1675526143518739
1675526143519754
1675526143520840
1675526143520990
1675526143523672
1675526143524759
1675526143525846
1675526143525923
1675526143526072
1675526143526943
1675526143528030
1675526143528179
1675526143528256
1675526143529054
1675526143530141
1675526143530290
1675526143530368
1675526143531240
1675526143532689
1675526143532767
1675526143532854
1675526143532932
1675526143533010
1675526143534242
1675526143535401
1675526143535478
1675526143536492
1675526143536569
1675526143537510
1675526143537588
1675526143537737
1675526143537814
1675526143538613
1675526143540994
1675526143545182
1675526143545260
1675526143546214
1675526143546292
1675526143547305
1675526143547383
1675526143547460
1675526143547537
1675526143548408
1675526143548485
1675526143549427
1675526143550513
1675526143550591
1675526143550668
1675526143550745
1675526143551624
1675526143551702
1675526143551779
1675526143551865
1675526143552590
1675526143554038
1675526143554116
1675526143557075
1675526143557153
1675526143557230
1675526143557307
1675526143557384
1675526143558112
1675526143558190
1675526143559203
1675526143560290
1675526143561304
1675526143563691
1675526143564777
1675526143565800
1675526143568618
1675526143568695
1675526143568846
1675526143568923
1675526143569721
1675526143569798
1675526143570741
1675526143570819
1675526143570969
1675526143571046
1675526143571805
1675526143571883
1675526143572033
1675526143572111
1675526143572188
1675526143574799
1675526143574877
1675526143574955
1675526143575032
1675526143575902
1675526143575980
1675526143576057
1675526143576929
1675526143577007
1675526143578021
1675526143578098
1675526143578175
1675526143578253
1675526143578331
1675526143579130
1675526143580362
1675526143584487
1675526143585574
1675526143585651
1675526143585729
1675526143586599
1675526143587686
1675526143587763
1675526143587841
1675526143587918
1675526143588716
1675526143589875
1675526143590964
1675526143591042
1675526143591120
1675526143591198
1675526143592288
1675526143592377
1675526143595267
1675526143596353
1675526143596431
1675526143597446
1675526143597595
1675526143597673
1675526143597751
1675526143597828
1675526143598554
1675526143598632
1675526143598781
1675526143598858
1675526143601028
1675526143605073
1675526143606087
1675526143607124
1675526143608211
1675526143608289
1675526143608367
1675526143608445
1675526143608594
1675526143609249
1675526143609399
1675526143610413
1675526143610491
1675526143610569
1675526143610718
1675526143610796
1675526143611885
1675526143611964
1675526143612113
1675526143612203
1675526143612281
1675526143612359
1675526143613013
1675526143613091
1675526143613168
1675526143613246
1675526143617287
1675526143617365
1675526143617443
1675526143617592
1675526143617670
1675526143617747
1675526143617824
1675526143617902
1675526143618411
1675526143618498
1675526143619513
1675526143620527
1675526143623056
1675526143624070
1675526143625156
1675526143626315
1675526143629200
1675526143629279
1675526143629356
1675526143629434
1675526143630232
1675526143630310
1675526143630387
1675526143630536
1675526143631358
1675526143631372
1675526143631526
1675526143631605
1675526143632404
1675526143633420
1675526143634578
1675526143637396
1675526143637474
1675526143637551
1675526143637629
1675526143637778
1675526143638504
1675526143638581
1675526143639596
1675526143640611
1675526143640689
1675526143641649
1675526143644104
1675526143645191
1675526143648079
1675526143648156
1675526143648234
1675526143648384
1675526143648461
1675526143649116
1675526143650202
1675526143650280
1675526143650357
1675526143651299
1675526143651383
1675526143651461
1675526143651539
1675526143652276
1675526143652353
1675526143655170
1675526143655248
1675526143655325
1675526143656269
1675526143656346
1675526143656423
1675526143657366
1675526143657443
1675526143657521
1675526143658391
1675526143658469
1675526143659483
1675526143661874
1675526143665845
1675526143665931
1675526143666009
1675526143666087
1675526143666885
1675526143667971
1675526143668049
1675526143668127
1675526143668205
1675526143669003
1675526143670089
1675526143670167
1675526143671253
1675526143671331
1675526143671433
1675526143674034
1675526143674113
1675526143674199
1675526143674277
1675526143674354
1675526143674432
1675526143674509
1675526143674659
1675526143674737
1675526143674814
1675526143674892
1675526143675114
1675526143676128
1675526143676206
1675526143677221
1675526143678669
1675526143678747
1675526143678824
1675526143682733
1675526143683892
1675526143684906
1675526143685993
1675526143686070
1675526143686148
1675526143687018
1675526143687096
1675526143687246
1675526143688116
1675526143688193
1675526143690506
1675526143690583
1675526143690661
1675526143690738
1675526143690816
1675526143693357
1675526143693508
1675526143693585
1675526143693662
1675526143693740
1675526143694467
1675526143695554
1675526143696713
1675526143696790
1675526143697661
1675526143697811
1675526143697889
1675526143697966
1675526143698044
1675526143698770
1675526143700147
1675526143700234
1675526143701248
1675526143704141
1675526143705227
1675526143706315
1675526143707402
1675526143707479
1675526143707629
1675526143707707
1675526143708506
1675526143709521
1675526143710607
1675526143710685
1675526143710763
1675526143710841
1675526143712009
1675526143712097
1675526143712175
1675526143712253
1675526143714784
1675526143715872
1675526143715950
1675526143716028
1675526143716900
1675526143717988
1675526143718065
1675526143718143
1675526143720529
1675526143724789
1675526143725877
1675526143725954
1675526143726032
1675526143726910
1675526143726988
1675526143728075
1675526143728153
1675526143728230
1675526143728308
1675526143729105
1675526143730191
1675526143731206
1675526143731363
1675526143731437
1675526143731511
1675526143732339
1675526143732413
1675526143732487
1675526143735093
1675526143735245
1675526143735319
1675526143735393
1675526143735466
1675526143735539
1675526143735613
1675526143735755
1675526143735829
1675526143735903
1675526143736250
1675526143736324
1675526143737357
1675526143738662
1675526143738805
1675526143738879
1675526143738953
1675526143739732
1675526143743613
1675526143744701
1675526143745716
1675526143745794
1675526143745943
1675526143746815
1675526143747830
1675526143747908
1675526143748057
1675526143748135
1675526143749077
1675526143750165
1675526143750243
1675526143750393
1675526143750543
1675526143751517
1675526143751595
1675526143751672
1675526143752543
1675526143753631
1675526143754646
1675526143755735
1675526143756751
1675526143758127
1675526143758277
1675526143758355
1675526143758432
1675526143761180
1675526143761258
1675526143761387
1675526143761392
1675526143762238
1675526143763271
1675526143764305
1675526143765405
1675526143766438
1675526143767472
1675526143767614
1675526143767688
1675526143769954
1675526143770028
1675526143772779
1675526143772930
1675526143773007
1675526143773085
1675526143773162
1675526143773239
1675526143773327
1675526143773477
1675526143773554
1675526143773632
1675526143773710
1675526143773860
1675526143774949
1675526143776037
1675526143776115
1675526143778789
1675526143778939
1675526143779017
1675526143779095
1675526143779172
1675526143779250
1675526143779905
1675526143780929
1675526143781973
1675526143782989
1675526143784077
1675526143786535
1675526143787550
1675526143787628
1675526143787777
1675526143787855
1675526143790383
1675526143790461
1675526143790538
1675526143790688
1675526143790766
1675526143790844
1675526143791567
1675526143791651
1675526143791726
1675526143791800
1675526143792627
1675526143792700
1675526143792774
1675526143793669
1675526143794703
1675526143797721
1675526143797796
1675526143797870
1675526143797944
1675526143798086
1675526143798777
1675526143799810
1675526143800912
1675526143803333
1675526143804421
1675526143807310
1675526143807387
1675526143807465
1675526143808334
1675526143809421
1675526143810580
1675526143810658
1675526143810735
1675526143810813
1675526143811608
1675526143811751
1675526143811825
1675526143811899
1675526143811973
1675526143812671
1675526143814186
1675526143814261
1675526143815226
1675526143816327
1675526143816401
1675526143817775
1675526143817918
1675526143817992
1675526143818066
1675526143818140
1675526143818898
1675526143820002
1675526143821102
1675526143822123
1675526143824935
1675526143825018
1675526143825983
1675526143826058
1675526143827090
1675526143827164
1675526143828199
1675526143828272
1675526143829238
1675526143832183
1675526143832261
1675526143832339
1675526143832488
1675526143832566
1675526143832644
1675526143832721
1675526143832798
1675526143833246
1675526143834334
1675526143835494
1675526143836509
1675526143836587
1675526143837890
1675526143838041
1675526143838118
1675526143838196
1675526143840655
1675526143841733
1675526143842767
1675526143843802
1675526143844902
1675526143845936
1675526143847038
1675526143847191
1675526143847265
1675526143847340
1675526143848372
1675526143848514
1675526143848588
1675526143848662
1675526143848736
1675526143851374
1675526143851526
1675526143851604
1675526143851682
1675526143851759
1675526143851837
1675526143851915
1675526143852066
1675526143852153
1675526143852447
1675526143852597
1675526143852675
1675526143852752
1675526143852829
1675526143853556
1675526143856305
1675526143856382
1675526143856460
1675526143856537
1675526143857336
1675526143857414
1675526143857492
1675526143858363
1675526143858512
1675526143859464
1675526143861832
1675526143862934
1675526143865473
1675526143865546
1675526143866510
1675526143867544
1675526143867618
1675526143867761
1675526143867835
1675526143868594
1675526143869697
1675526143872609
1675526143872687
1675526143872765
1675526143872843
1675526143872929
1675526143873006
1675526143873084
1675526143873234
1675526143873529
1675526143874616
1675526143875704
1675526143875782
1675526143876726
1675526143876805
1675526143876883
1675526143881071
1675526143881150
1675526143881228
1675526143881305
1675526143881385
1675526143881480
1675526143881555
1675526143882110
1675526143883144
1675526143884246
1675526143885279
1675526143886312
1675526143887414
1675526143887487
1675526143887561
1675526143888526
1675526143889832
1675526143892969
1675526143893046
1675526143893125
1675526143893202
1675526143893290
1675526143893368
1675526143893518
1675526143893595
1675526143893672
1675526143893750
1675526143893827
1675526143894050
1675526143895066
1675526143896154
1675526143896232
1675526143897609
1675526143897686
1675526143897836
1675526143897913
1675526143898786
1675526143898873
1675526143901259
1675526143902318
1675526143903420
1675526143904522
1675526143907405
1675526143907479
1675526143907553
1675526143907695
1675526143908455
1675526143908528
1675526143909630
1675526143910664
1675526143910738
1675526143910881
1675526143910955
1675526143911037
1675526143911781
1675526143911855
1675526143911929
1675526143916045
1675526143916188
1675526143916261
1675526143916336
1675526143916409
1675526143916551
1675526143916625
1675526143917179
1675526143917253
1675526143918216
1675526143918290
1675526143919254
1675526143920295
1675526143922691
1675526143923780
1675526143926671
1675526143926748
1675526143926826
1675526143927696
1675526143927775
1675526143927925
1675526143928003
1675526143928800
1675526143929817
1675526143930978
1675526143931056
1675526143931133
1675526143931283
1675526143931377
1675526143932069
1675526143933377
1675526143933451
1675526143934483
1675526143935585
1675526143935659
1675526143938403
1675526143938477
1675526143938552
1675526143938625
1675526143938768
1675526143938842
1675526143938916
1675526143938989
1675526143939475
1675526143940517
1675526143941568
1675526143942669
1675526143943703
1675526143944736
1675526143947208
1675526143947283
1675526143950029
1675526143950103
1675526143950246
1675526143950320
1675526143951078
1675526143951152
1675526143951294
1675526143951385
1675526143951389
1675526143952165
1675526143952308
1675526143953205
1675526143954307
1675526143955340
1675526143956442
1675526143957750
1675526143957824
1675526143957967
1675526143958041
1675526143960376
1675526143961426
1675526143962529
1675526143963495
