1675526181695947
1675526181696021
1675526181696106
1675526181696180
1675526181696254
1675526181696396
1675526181696470
1675526181696544
1675526181696686
1675526181696829
1675526181696902
1675526181696976
1675526181698147
1675526181698221
1675526181698294
1675526181699258
1675526181701657
1675526181701799
1675526181703236
1675526181704394
1675526181704473
1675526181704551
1675526181704628
1675526181704777
1675526181708237
1675526181709323
1675526181711778
1675526181714674
1675526181714751
1675526181714829
1675526181714906
1675526181714984
1675526181715062
1675526181715211
1675526181715310
1675526181715388
1675526181715465
1675526181715687
1675526181715837
1675526181715915
1675526181715993
1675526181716863
1675526181718310
1675526181718387
1675526181718464
1675526181720846
1675526181721860
1675526181723281
1675526181724380
1675526181724455
1675526181724537
1675526181725775
1675526181725849
1675526181726811
1675526181729278
1675526181731746
1675526181731820
1675526181731894
1675526181732825
1675526181735645
1675526181735722
1675526181735800
1675526181735877
1675526181735955
1675526181736033
1675526181736183
1675526181736270
1675526181736348
1675526181736425
1675526181736503
1675526181736581
1675526181736804
1675526181736881
1675526181736959
1675526181739630
1675526181739708
1675526181739785
1675526181739862
1675526181739940
1675526181740089
1675526181740744
1675526181741829
1675526181742871
1675526181742945
1675526181743088
1675526181744258
1675526181744400
1675526181744474
1675526181745779
1675526181745854
1675526181746818
1675526181749355
1675526181749498
1675526181751760
1675526181751834
1675526181753142
1675526181754244
1675526181754318
1675526181754400
