1675526559382122
1675526559383385
1675526559384910
1675526559386388
1675526559387932
1675526559387989
1675526559388066
1675526559388214
1675526559390657
1675526559392198
1675526559392254
1675526559393700
1675526559393786
1675526559393865
1675526559395330
1675526559395387
1675526559395464
1675526559395614
1675526559395696
1675526559395772
1675526559395849
1675526559398133
1675526559398261
1675526559398338
1675526559398415
1675526559398497
1675526559398648
1675526559398725
1675526559398811
1675526559398888
1675526559399682
1675526559401173
1675526559401302
1675526559401380
1675526559402622
1675526559406699
1675526559408043
1675526559408100
1675526559409535
1675526559409663
1675526559411027
1675526559411155
1675526559411233
1675526559411309
1675526559411400
1675526559412542
1675526559414091
1675526559414168
1675526559414246
1675526559416974
1675526559417127
1675526559417207
1675526559417284
1675526559417362
1675526559417439
1675526559417590
1675526559417670
1675526559417747
1675526559417825
1675526559417902
1675526559418515
1675526559421257
1675526559422802
1675526559422859
1675526559423009
1675526559424320
1675526559424395
1675526559424546
1675526559424624
1675526559425756
1675526559427278
1675526559427335
1675526559427484
1675526559427561
1675526559428757
1675526559428909
1675526559432733
1675526559434155
1675526559437205
1675526559437286
1675526559437364
1675526559437441
1675526559437590
1675526559437669
1675526559437746
1675526559437823
1675526559437904
1675526559437983
1675526559438134
1675526559438213
1675526559438294
1675526559438662
1675526559438748
1675526559440160
1675526559441687
1675526559443158
1675526559443236
1675526559443385
1675526559446183
