1675525740450221
1675525740450300
1675525740451102
1675525740451179
1675525740452199
1675525740452277
1675525740452355
1675525740453301
1675525740453379
1675525740453530
1675525740454404
1675525740455422
1675525740456512
1675525740459242
1675525740459385
1675525740460292
1675525740460436
1675525740461472
1675525740462509
1675525740462583
1675525740462727
1675525740463557
1675525740463631
1675525740463775
1675525740464740
1675525740467537
1675525740467617
1675525740467695
1675525740467773
1675525740467852
1675525740468002
1675525740468093
1675525740468678
1675525740469698
1675525740470863
1675525740472026
1675525740473118
1675525740473270
1675525740473348
1675525740474222
1675525740475530
1675525740476695
1675525740477778
1675525740478815
1675525740481635
1675525740481709
1675525740481784
1675525740482765
1675525740482840
1675525740482984
1675525740483058
1675525740483819
1675525740483893
1675525740484037
1675525740485004
1675525740485079
1675525740485153
1675525740485226
1675525740486058
1675525740488912
1675525740488991
1675525740489142
1675525740489221
1675525740489313
1675525740489392
1675525740489976
1675525740491066
1675525740492155
1675525740493247
1675525740493325
1675525740493403
1675525740494276
1675525740495440
1675525740496458
1675525740498953
1675525740499991
1675525740501030
1675525740501104
1675525740503925
1675525740504017
1675525740504092
1675525740504167
1675525740504241
1675525740504384
1675525740504458
1675525740504532
1675525740505090
1675525740505165
1675525740505239
1675525740505314
1675525740505456
1675525740506150
1675525740506225
1675525740508975
1675525740509126
1675525740509256
1675525740510204
1675525740511223
1675525740511301
