1675526553170267
1675526553171621
1675526553171698
1675526553171777
1675526553173216
1675526553173273
1675526553173422
1675526553173501
1675526553173579
1675526553173655
1675526553173733
1675526553173882
1675526553173959
1675526553174046
1675526553177284
1675526553177435
1675526553178805
1675526553178932
1675526553179010
1675526553179087
1675526553179166
1675526553180347
1675526553181871
1675526553181948
1675526553182025
1675526553183340
1675526553185934
1675526553187335
1675526553188879
1675526553188937
1675526553189016
1675526553189166
1675526553189249
1675526553190328
1675526553190384
1675526553190534
1675526553193343
1675526553193400
1675526553193551
1675526553193628
1675526553193707
1675526553193784
1675526553193865
1675526553194018
1675526553194096
1675526553194182
1675526553194261
1675526553194338
1675526553194417
1675526553197253
1675526553198604
1675526553198681
1675526553200072
1675526553201547
1675526553201700
1675526553201779
1675526553201857
1675526553203118
1675526553205838
1675526553207361
1675526553207438
1675526553207525
1675526553207602
1675526553210160
1675526553211392
1675526553211469
1675526553214283
1675526553214411
1675526553214490
1675526553214568
1675526553214646
1675526553214795
1675526553214873
1675526553214950
1675526553215028
1675526553215107
1675526553215257
1675526553215853
1675526553217345
1675526553217473
1675526553217555
1675526553217632
1675526553218890
1675526553220311
1675526553222028
1675526553222084
1675526553222160
1675526553222310
1675526553222392
1675526553222469
1675526553222551
1675526553225822
1675526553228545
1675526553228632
1675526553230067
1675526553230196
1675526553233114
1675526553233191
1675526553233270
