1675526312969551
1675526312972395
1675526312972472
1675526312973479
1675526312973556
1675526312973633
1675526312973709
1675526312974495
1675526312975563
1675526312976562
1675526312979052
1675526312980120
1675526312981195
1675526312982196
1675526312985105
1675526312985253
1675526312985329
1675526312985405
1675526312985482
1675526312985568
1675526312985645
1675526312986218
1675526312986295
1675526312986371
1675526312986447
1675526312986596
1675526312987239
1675526312987386
1675526312987463
1675526312990092
1675526312990168
1675526312990282
1675526312990358
1675526312990435
1675526312990512
1675526312990597
1675526312991242
1675526312991319
1675526312992246
1675526312992323
1675526312993320
1675526312993396
1675526312993473
1675526312993620
1675526312994761
1675526312998805
1675526312999874
1675526313000945
1675526313002013
1675526313003082
1675526313003158
1675526313003256
1675526313004183
1675526313004260
1675526313004337
1675526313004413
1675526313005199
1675526313005347
1675526313005423
1675526313005499
1675526313006639
1675526313006716
1675526313007714
1675526313010486
1675526313010634
1675526313011561
1675526313012631
1675526313012715
1675526313012792
1675526313012869
1675526313013725
1675526313013801
1675526313013878
1675526313014735
1675526313017218
1675526313021123
1675526313022121
1675526313022269
1675526313023198
1675526313023274
1675526313023422
1675526313023499
1675526313024284
1675526313024368
1675526313024445
1675526313024521
1675526313025378
1675526313025454
1675526313025531
1675526313025608
1675526313026747
1675526313026895
1675526313026971
1675526313027827
1675526313031732
1675526313032729
1675526313032806
1675526313032882
1675526313033030
