1675526028878053
1675526028878130
1675526028878279
1675526028878356
1675526028878437
1675526028878514
1675526028878591
1675526028878671
1675526028878759
1675526028878909
1675526028879206
1675526028879356
1675526028879433
1675526028879511
1675526028879588
1675526028879665
1675526028879815
1675526028882167
1675526028883192
1675526028884593
1675526028886195
1675526028886273
1675526028887344
1675526028887421
1675526028887509
1675526028887660
1675526028890118
1675526028890175
1675526028892709
1675526028895219
1675526028898088
1675526028898168
1675526028898248
1675526028898399
1675526028898476
1675526028898559
1675526028898636
1675526028898718
1675526028898796
1675526028898947
1675526028899034
1675526028899112
1675526028899189
1675526028899266
1675526028899344
1675526028901746
1675526028904296
1675526028905592
1675526028906761
1675526028908229
1675526028908381
1675526028908461
1675526028908538
1675526028908616
1675526028908692
1675526028908771
1675526028908857
1675526028909781
1675526028909837
1675526028910830
1675526028911951
1675526028914675
1675526028914755
1675526028914908
1675526028914986
1675526028915855
1675526028915937
1675526028918752
1675526028918881
1675526028918959
1675526028919036
1675526028919113
1675526028919205
1675526028919282
1675526028919359
1675526028919438
1675526028919590
1675526028919887
1675526028923615
1675526028924963
1675526028926615
1675526028926695
1675526028926773
1675526028926924
1675526028927687
1675526028927817
1675526028927897
1675526028930459
1675526028930517
1675526028930667
1675526028931661
1675526028934138
1675526028936962
1675526028937044
1675526028937193
1675526028937272
1675526028937349
1675526028937426
1675526028937511
1675526028937662
1675526028937742
1675526028937819
1675526028937897
1675526028937974
1675526028938062
1675526028938140
1675526028939460
1675526028939614
1675526028939693
1675526028941005
1675526028941062
1675526028943661
1675526028946102
1675526028947636
1675526028947713
1675526028947791
1675526028947869
1675526028947947
1675526028948098
1675526028948175
1675526028949095
1675526028949223
1675526028950273
1675526028952999
1675526028954151
1675526028955266
1675526028958088
1675526028958166
1675526028958244
1675526028958397
1675526028958475
1675526028958556
1675526028958633
1675526028958710
1675526028958787
1675526028958943
1675526028959032
1675526028959110
1675526028959187
1675526028959623
1675526028959704
1675526028959781
1675526028962250
1675526028964727
1675526028966131
1675526028966208
1675526028966287
1675526028967284
1675526028968584
1675526028968662
1675526028968811
1675526028968891
1675526028969774
1675526028971073
1675526028972552
1675526028973728
1675526028976596
1675526028976725
1675526028976804
1675526028976881
1675526028976975
1675526028977124
1675526028977201
1675526028977279
1675526028977355
1675526028977435
1675526028977587
1675526028977737
1675526028979114
1675526028979241
1675526028979320
1675526028981703
1675526028984228
1675526028986703
1675526028989592
1675526028989743
1675526028989824
1675526028989900
1675526028989978
1675526028990056
1675526028990134
1675526028990282
1675526028990359
1675526028990436
1675526028992263
1675526028994739
1675526028997667
1675526028997723
1675526028997802
1675526028997951
1675526028998028
1675526028998105
1675526028998183
1675526028998260
1675526028998339
1675526028998492
1675526028998571
1675526028998650
1675526028998728
1675526028998807
1675526028998895
1675526029000613
1675526029000670
1675526029000748
1675526029000826
1675526029000975
1675526029001052
1675526029001134
1675526029001725
1675526029004200
1675526029006670
1675526029008110
1675526029008188
1675526029008266
1675526029008343
1675526029008421
1675526029008507
1675526029009590
1675526029009668
1675526029014841
1675526029014919
1675526029015067
1675526029015150
1675526029015898
1675526029017251
1675526029017329
1675526029017481
1675526029017560
1675526029017637
1675526029020275
1675526029020353
1675526029020431
1675526029020517
1675526029020595
1675526029020747
1675526029021336
1675526029023885
1675526029025230
1675526029025287
1675526029028223
1675526029028352
1675526029028430
1675526029028508
1675526029028585
1675526029028737
1675526029028813
1675526029028892
1675526029029339
1675526029029425
1675526029030742
1675526029031847
1675526029033198
1675526029036246
1675526029036400
1675526029036481
1675526029036557
1675526029036635
1675526029036713
1675526029036791
1675526029037293
1675526029037298
1675526029037301
1675526029037378
1675526029037459
1675526029037546
1675526029037623
1675526029038791
1675526029041289
1675526029042762
1675526029044232
1675526029047209
1675526029047266
1675526029047416
1675526029047495
1675526029047573
1675526029047648
1675526029048362
1675526029048439
1675526029049680
1675526029049808
1675526029049898
1675526029052356
1675526029054900
1675526029057721
1675526029057798
1675526029057876
1675526029057953
1675526029058102
1675526029058181
1675526029058258
1675526029058336
1675526029058413
1675526029058494
1675526029058645
1675526029058724
1675526029058804
1675526029058893
1675526029058970
1675526029059270
1675526029059349
1675526029059426
1675526029060371
1675526029062847
1675526029065324
1675526029066746
1675526029066801
1675526029066879
1675526029067889
1675526029069187
1675526029069264
1675526029069413
1675526029069491
1675526029073086
1675526029074505
1675526029074562
1675526029075555
1675526029078506
1675526029078638
1675526029078718
1675526029078796
1675526029078876
1675526029078956
1675526029079105
1675526029079184
1675526029079261
1675526029079338
1675526029079415
1675526029079495
1675526029079584
1675526029079732
1675526029079813
1675526029079963
1675526029081116
1675526029082541
1675526029084036
1675526029085082
1675526029086447
1675526029086601
1675526029086680
1675526029087556
1675526029087612
1675526029088927
1675526029089054
1675526029089132
1675526029090085
1675526029091485
1675526029094143
1675526029095193
1675526029098098
1675526029098179
1675526029098259
1675526029098337
1675526029098487
1675526029098565
1675526029098642
1675526029098719
1675526029098796
1675526029098945
1675526029099024
1675526029099250
1675526029100566
1675526029103219
1675526029105693
1675526029107277
1675526029107334
1675526029107483
1675526029107560
1675526029107637
1675526029108346
1675526029108404
1675526029108553
1675526029111169
1675526029111247
1675526029111324
1675526029112209
1675526029114678
1675526029117664
1675526029117720
1675526029117800
1675526029117878
1675526029117954
1675526029118102
1675526029118181
1675526029118258
1675526029118336
1675526029118412
1675526029118491
1675526029118568
1675526029118717
1675526029118795
1675526029118874
1675526029119170
1675526029119259
1675526029119338
1675526029119487
1675526029119564
1675526029119642
1675526029119719
1675526029120745
1675526029124670
1675526029124798
1675526029126109
1675526029126238
1675526029127231
1675526029128580
1675526029128658
1675526029128736
1675526029129746
1675526029131147
1675526029131224
1675526029132644
1675526029135618
1675526029135697
1675526029135847
1675526029135925
1675526029136002
1675526029136084
1675526029136161
1675526029136673
1675526029136813
1675526029136891
1675526029136973
1675526029137815
1675526029139215
1675526029139301
1675526029139379
1675526029140691
1675526029140820
1675526029141872
1675526029144293
1675526029145695
1675526029146862
1675526029149584
1675526029149712
1675526029149791
1675526029149868
1675526029149947
1675526029150023
1675526029150173
1675526029150254
1675526029150348
1675526029150426
1675526029150504
1675526029150943
1675526029152082
1675526029154654
1675526029158880
1675526029158936
1675526029159013
1675526029159166
1675526029159243
1675526029159323
1675526029159401
1675526029159478
1675526029159557
1675526029159709
1675526029159795
1675526029159873
1675526029159949
1675526029160030
1675526029160109
1675526029160188
1675526029160338
1675526029160418
1675526029161435
1675526029163987
1675526029166486
1675526029168019
1675526029168096
1675526029168175
1675526029168251
1675526029168400
1675526029168488
1675526029170821
1675526029170877
1675526029172002
1675526029174470
1675526029177408
1675526029177465
1675526029177542
1675526029177620
1675526029177770
1675526029177847
1675526029177927
1675526029178005
1675526029178083
1675526029178160
1675526029178309
1675526029178395
1675526029178472
1675526029178549
1675526029178627
1675526029179853
1675526029179983
1675526029180061
1675526029180137
1675526029180216
1675526029181353
1675526029181505
1675526029184000
1675526029186459
1675526029189371
1675526029189499
1675526029189577
1675526029189670
1675526029189748
1675526029189824
1675526029189902
1675526029190050
1675526029193211
1675526029194632
1675526029194689
1675526029194766
1675526029195782
1675526029198576
1675526029198705
1675526029198785
1675526029198862
1675526029198939
1675526029199016
1675526029199105
1675526029199257
1675526029199335
1675526029199412
1675526029199777
1675526029199858
1675526029202221
1675526029204774
1675526029206126
1675526029206183
1675526029206261
1675526029207358
1675526029210088
1675526029210145
1675526029210295
1675526029210372
1675526029210461
1675526029210539
1675526029210616
1675526029211266
1675526029213685
1675526029216587
1675526029216664
1675526029216814
1675526029216892
1675526029216972
1675526029217051
1675526029217201
1675526029217281
1675526029217359
1675526029217726
1675526029217808
1675526029219155
1675526029219211
1675526029221727
1675526029224222
1675526029225643
1675526029226674
1675526029228277
1675526029228355
1675526029228432
1675526029228581
1675526029228658
1675526029228739
1675526029228816
1675526029231090
1675526029231217
1675526029231295
1675526029231395
1675526029232231
1675526029234703
1675526029237608
1675526029237737
1675526029237815
1675526029237893
1675526029237971
1675526029238047
1675526029238128
1675526029238277
1675526029238354
1675526029238432
1675526029238509
1675526029238588
1675526029238669
1675526029238827
1675526029238904
1675526029240610
1675526029240764
1675526029240845
1675526029240921
1675526029240999
1675526029241076
1675526029241732
1675526029241789
1675526029244157
1675526029246707
1675526029249652
1675526029249732
1675526029249811
1675526029249888
1675526029249978
1675526029250054
1675526029250204
1675526029250283
1675526029250360
1675526029253421
1675526029254863
1675526029254920
1675526029254998
1675526029255147
1675526029255962
1675526029258903
1675526029258960
1675526029259037
1675526029259115
1675526029259265
1675526029259350
1675526029259431
1675526029259508
1675526029259589
1675526029259666
1675526029259746
1675526029261521
1675526029264016
1675526029265293
1675526029268335
1675526029268392
1675526029268542
1675526029268619
1675526029268697
1675526029268773
1675526029268851
1675526029268936
1675526029269525
1675526029269602
1675526029272040
1675526029273337
1675526029276360
1675526029276443
1675526029276521
1675526029276598
1675526029276675
1675526029276824
1675526029276900
1675526029276972
1675526029277124
1675526029277203
1675526029277280
1675526029277514
1675526029277662
1675526029277741
1675526029277818
1675526029278890
1675526029278946
1675526029281509
1675526029283987
1675526029286412
1675526029289409
1675526029289465
1675526029289542
1675526029289694
1675526029289772
1675526029289849
1675526029289927
1675526029290015
1675526029292066
1675526029294513
1675526029297528
1675526029297533
1675526029297536
1675526029297614
1675526029297693
1675526029297775
1675526029297853
1675526029297932
1675526029298082
1675526029298160
1675526029298237
1675526029298317
1675526029298395
1675526029298493
1675526029298570
1675526029299818
1675526029299895
1675526029300044
1675526029301344
1675526029303965
1675526029306437
1675526029307998
1675526029308075
1675526029308225
1675526029308303
1675526029308380
1675526029308458
1675526029308536
1675526029310815
1675526029310950
1675526029312002
1675526029314424
1675526029317352
1675526029317432
1675526029317581
1675526029317659
1675526029317735
1675526029317814
1675526029317891
1675526029317973
1675526029318126
1675526029318205
1675526029318285
1675526029318363
1675526029318444
1675526029318534
1675526029318612
1675526029319879
1675526029319959
1675526029322511
1675526029323809
1675526029324964
1675526029326388
1675526029326468
1675526029326547
1675526029326623
1675526029327442
1675526029328859
1675526029328917
1675526029329066
1675526029329144
1675526029330037
1675526029331322
1675526029331399
1675526029333968
1675526029335141
1675526029336491
1675526029336619
1675526029336697
1675526029336774
1675526029336856
1675526029339537
1675526029339666
1675526029339744
1675526029339823
1675526029339902
1675526029339979
1675526029340082
1675526029340601
1675526029343090
1675526029345615
1675526029348506
1675526029348589
1675526029348742
1675526029348820
1675526029348897
1675526029348975
1675526029349056
1675526029349133
1675526029349571
1675526029349721
1675526029349798
1675526029349875
1675526029352094
1675526029354623
1675526029357417
1675526029357546
1675526029357624
1675526029357701
1675526029357779
1675526029357931
1675526029358008
1675526029358087
1675526029358164
1675526029358241
1675526029358394
1675526029358472
1675526029358552
1675526029358631
1675526029358728
1675526029359095
1675526029359173
1675526029359250
1675526029359327
1675526029359405
1675526029359555
1675526029361702
1675526029364176
1675526029366738
1675526029369484
1675526029369541
1675526029369618
1675526029369697
1675526029369846
1675526029369923
1675526029370011
1675526029370088
1675526029370165
1675526029373337
1675526029374763
1675526029374840
1675526029374919
1675526029375788
1675526029378725
1675526029378803
1675526029378883
1675526029378962
1675526029379114
1675526029379192
1675526029379268
1675526029379346
1675526029379433
1675526029379513
1675526029379591
1675526029379743
1675526029379821
1675526029381420
1675526029382698
1675526029384175
1675526029384328
1675526029386820
1675526029386985
1675526029387063
1675526029387141
1675526029388028
1675526029389305
1675526029389383
1675526029389470
1675526029390842
1675526029390921
1675526029390998
1675526029391941
1675526029394410
1675526029397369
1675526029397425
1675526029397575
1675526029397656
1675526029397735
1675526029397813
1675526029397891
1675526029397969
1675526029398117
1675526029398194
1675526029398282
1675526029398359
1675526029398437
1675526029398519
1675526029398669
1675526029399893
1675526029399949
1675526029402515
1675526029403795
1675526029406473
1675526029406528
1675526029406678
1675526029407556
1675526029408855
1675526029408912
1675526029409063
1675526029409149
1675526029410342
1675526029410419
1675526029411842
1675526029414499
1675526029414576
1675526029414653
1675526029417353
1675526029417503
1675526029417582
1675526029417660
1675526029417738
1675526029417815
1675526029417894
1675526029417971
1675526029418049
1675526029418136
1675526029418286
1675526029418365
1675526029418515
1675526029419838
1675526029419917
1675526029421411
1675526029423975
1675526029425326
1675526029428375
1675526029428431
1675526029428512
1675526029428590
1675526029428742
1675526029428819
1675526029428898
1675526029429500
1675526029429574
1675526029430817
1675526029433492
1675526029434913
1675526029434969
1675526029435046
1675526029435939
1675526029436016
1675526029438839
1675526029438916
1675526029439066
1675526029439143
1675526029439220
1675526029439299
1675526029439376
1675526029439467
1675526029439544
1675526029439697
1675526029441481
1675526029442834
1675526029444310
1675526029444388
1675526029447296
1675526029447447
1675526029447528
1675526029447605
1675526029447683
1675526029447762
1675526029447840
1675526029448494
1675526029449914
1675526029449972
1675526029450048
1675526029451366
1675526029453912
1675526029456829
1675526029457445
1675526029457449
1675526029457453
1675526029457456
1675526029457459
1675526029457462
1675526029457464
1675526029457543
1675526029457626
1675526029457775
1675526029458363
1675526029458475
1675526029459548
1675526029463200
1675526029465750
1675526029467289
1675526029467346
1675526029467423
1675526029467503
1675526029467653
1675526029467730
1675526029468437
1675526029469732
1675526029469861
1675526029469939
1675526029471131
1675526029474983
1675526029475144
1675526029475224
1675526029475302
1675526029475381
1675526029476086
1675526029478935
1675526029479062
1675526029479141
1675526029479219
1675526029479297
1675526029479373
1675526029479523
1675526029479602
1675526029479678
1675526029479757
1675526029479834
1675526029479922
1675526029480575
1675526029480653
1675526029480729
1675526029480882
1675526029480959
1675526029481038
1675526029481115
1675526029481849
1675526029481926
1675526029484291
1675526029487032
1675526029487089
1675526029487168
1675526029487317
1675526029487395
1675526029487481
1675526029489638
1675526029489790
1675526029492162
1675526029494584
1675526029497488
1675526029497567
1675526029497645
1675526029497794
1675526029497871
1675526029497950
1675526029498026
1675526029498106
1675526029498184
1675526029498338
