1675526179624452
1675526179624539
1675526179624617
1675526179624766
1675526179625141
1675526179625220
1675526179626162
1675526179627247
1675526179627325
1675526179628338
1675526179629785
1675526179630870
1675526179630947
1675526179631025
1675526179631896
1675526179632983
1675526179634068
1675526179635172
1675526179636259
1675526179637273
1675526179640160
1675526179640310
1675526179640387
1675526179640464
1675526179640542
1675526179640619
1675526179641273
1675526179641350
1675526179641427
1675526179641504
1675526179641654
1675526179642308
1675526179642385
1675526179642471
1675526179642622
1675526179645173
1675526179645251
1675526179646264
1675526179646341
1675526179647283
1675526179648369
1675526179649455
1675526179650467
1675526179650545
1675526179650622
1675526179651563
1675526179651641
1675526179652582
1675526179653669
1675526179654692
1675526179659038
1675526179659112
1675526179659254
1675526179660080
1675526179660155
1675526179660298
1675526179660372
1675526179660446
1675526179661136
1675526179661279
1675526179661352
1675526179661426
1675526179662253
1675526179662327
1675526179662401
1675526179663308
1675526179664341
1675526179665397
1675526179666413
1675526179667500
1675526179669020
1675526179669098
1675526179669175
1675526179670116
1675526179670194
1675526179670271
1675526179670347
1675526179671146
1675526179676483
1675526179676559
1675526179677575
1675526179678602
1675526179679689
1675526179679766
1675526179679843
1675526179679920
1675526179679998
1675526179680724
1675526179680801
1675526179680878
1675526179681028
1675526179681681
1675526179681830
1675526179681908
1675526179681986
1675526179682783
1675526179683797
1675526179684891
1675526179687347
