1675525567343192
1675525567344280
1675525567345297
1675525567345375
1675525567346394
1675525567347482
1675525567351822
1675525567351900
1675525567351987
1675525567352065
1675525567352143
1675525567352799
1675525567353888
1675525567354904
1675525567355054
1675525567356080
1675525567357025
1675525567357102
1675525567358118
1675525567358197
1675525567358274
1675525567358352
1675525567358502
1675525567359158
1675525567359243
1675525567359322
1675525567362213
1675525567362292
1675525567362370
1675525567362447
1675525567362597
1675525567362675
1675525567363257
1675525567364274
1675525567365290
1675525567366453
1675525567367469
1675525567367547
1675525567370439
1675525567370517
1675525567370604
1675525567371476
1675525567372565
1675525567373582
1675525567374671
1675525567375713
1675525567375799
1675525567376744
1675525567377834
1675525567377911
1675525567380588
1675525567380739
1675525567380817
1675525567380895
1675525567380973
1675525567381051
1675525567381138
1675525567381216
1675525567381294
1675525567381371
1675525567381521
1675525567381744
1675525567382760
1675525567383849
1675525567384864
1675525567387760
1675525567387837
1675525567387915
1675525567387993
1675525567388071
1675525567388799
1675525567389889
1675525567389985
1675525567390931
1675525567392018
1675525567393105
1675525567394050
1675525567395139
1675525567395217
1675525567396168
1675525567399063
1675525567399141
1675525567399219
1675525567399297
1675525567399447
1675525567399525
1675525567399602
1675525567399680
1675525567399766
1675525567399844
1675525567400139
1675525567400217
1675525567400295
1675525567400373
1675525567401100
1675525567405006
1675525567405084
1675525567405234
1675525567405310
1675525567406120
1675525567406198
1675525567407141
1675525567407219
1675525567408234
1675525567408321
1675525567409265
1675525567410282
1675525567411370
1675525567412385
1675525567414846
1675525567417671
1675525567417749
1675525567417826
1675525567417904
1675525567417982
1675525567418709
1675525567418787
1675525567418938
1675525567419016
1675525567419818
1675525567419905
1675525567419983
1675525567420061
1675525567420138
1675525567420795
1675525567423616
1675525567423694
1675525567424712
1675525567425803
1675525567425881
1675525567425959
1675525567426037
1675525567426765
1675525567427926
1675525567428004
1675525567428082
1675525567428168
1675525567428896
1675525567429914
1675525567431077
1675525567433393
1675525567434554
1675525567435568
1675525567435647
1675525567438398
1675525567438476
1675525567438554
1675525567438630
1675525567438709
1675525567438786
1675525567438936
1675525567439015
1675525567439463
1675525567439539
1675525567439618
1675525567439696
1675525567440496
1675525567441585
1675525567442674
1675525567445205
1675525567446298
1675525567447313
1675525567447391
1675525567447469
1675525567448413
1675525567449427
1675525567449505
1675525567452325
1675525567452424
1675525567453296
1675525567454457
1675525567455472
1675525567455551
1675525567456504
1675525567457592
1675525567457670
1675525567457748
1675525567457825
1675525567458625
1675525567458703
1675525567458853
1675525567458931
1675525567461460
1675525567461611
1675525567461699
1675525567461776
1675525567461856
1675525567461934
1675525567462010
1675525567462161
1675525567462238
1675525567462316
1675525567462611
1675525567463626
1675525567464713
1675525567465804
1675525567466820
1675525567469496
1675525567469574
1675525567469724
1675525567469810
1675525567470538
1675525567471626
1675525567472641
1675525567473801
1675525567474817
1675525567475863
1675525567478758
1675525567478835
1675525567478914
1675525567478992
1675525567479068
1675525567479220
1675525567479297
1675525567479375
1675525567479453
1675525567479540
1675525567479906
1675525567479984
1675525567480060
1675525567480138
1675525567480938
1675525567483759
1675525567484777
1675525567485873
1675525567485950
1675525567486969
1675525567487985
1675525567488063
1675525567488212
1675525567488290
1675525567489018
1675525567490044
1675525567491132
1675525567492148
1675525567494606
1675525567495623
1675525567495776
1675525567498525
1675525567498675
1675525567498753
1675525567498830
1675525567498909
1675525567498986
1675525567499064
1675525567499141
1675525567499291
1675525567499586
1675525567499673
1675525567499750
1675525567499828
1675525567500627
1675525567500704
1675525567504612
1675525567504689
1675525567505633
1675525567505717
1675525567505795
1675525567506740
1675525567507755
1675525567507834
1675525567507911
1675525567507989
1675525567508066
1675525567508875
1675525567509818
1675525567510981
1675525567511997
1675525567514458
1675525567515547
1675525567518375
1675525567518453
1675525567518530
1675525567518608
1675525567518758
1675525567518835
1675525567518913
1675525567518991
1675525567519068
1675525567519218
1675525567519305
1675525567519384
1675525567519463
1675525567519540
1675525567519618
1675525567522367
1675525567522517
1675525567522595
1675525567522673
1675525567523473
1675525567524561
1675525567525575
1675525567526597
1675525567527757
1675525567527834
1675525567527912
1675525567527998
1675525567528726
1675525567528877
1675525567529748
1675525567532208
1675525567535029
1675525567536110
1675525567536185
1675525567537151
1675525567537227
1675525567537301
1675525567537376
1675525567538273
1675525567538347
1675525567538422
1675525567538496
1675525567539267
1675525567539341
1675525567539414
1675525567539559
1675525567542173
1675525567542247
1675525567542322
1675525567542396
1675525567543156
1675525567544260
1675525567545296
1675525567546406
1675525567547441
1675525567547514
1675525567547589
1675525567548487
1675525567548570
1675525567548713
1675525567549543
1675525567551884
1675525567552990
1675525567555869
1675525567555947
1675525567556025
1675525567556176
1675525567556977
1675525567557055
1675525567558001
1675525567558080
1675525567558157
1675525567558308
1675525567559108
1675525567559195
1675525567559273
1675525567559351
1675525567559429
1675525567562036
1675525567562114
1675525567563059
1675525567564149
1675525567565238
1675525567565317
1675525567566177
1675525567567267
1675525567567346
1675525567567424
1675525567568369
1675525567569386
1675525567570485
1675525567571430
1675525567573965
1675525567576742
1675525567576885
1675525567576959
1675525567577034
1675525567577863
1675525567577938
1675525567578012
1675525567578085
1675525567578229
1675525567578922
1675525567578996
1675525567579071
1675525567579214
1675525567579918
1675525567579992
1675525567582744
1675525567582818
1675525567582961
1675525567583034
1675525567583109
1675525567583183
1675525567583326
1675525567583813
1675525567584918
1675525567584992
1675525567585934
1675525567586085
1675525567587030
1675525567588120
1675525567588218
1675525567589526
1675525567589605
1675525567590623
1675525567591641
1675525567592731
1675525567593675
1675525567594762
1675525567595787
1675525567600047
1675525567600122
1675525567600196
1675525567600270
1675525567600413
1675525567600488
1675525567600562
1675525567600645
1675525567600719
1675525567600862
1675525567600936
1675525567601010
1675525567601084
1675525567601226
1675525567601301
1675525567601376
1675525567602205
1675525567603238
1675525567604204
1675525567605307
1675525567608121
1675525567608273
1675525567608350
1675525567608437
1675525567608515
1675525567608594
1675525567608671
1675525567608821
1675525567609260
1675525567610276
1675525567611364
1675525567612452
1675525567613468
1675525567614484
1675525567615497
1675525567618332
1675525567618476
1675525567618550
1675525567618624
1675525567618707
1675525567618851
1675525567618925
1675525567619410
1675525567619553
1675525567619627
1675525567619701
1675525567619775
1675525567620535
1675525567621570
1675525567622673
1675525567625216
1675525567626314
1675525567626393
1675525567627337
1675525567627415
1675525567627503
1675525567628304
1675525567629391
1675525567630480
1675525567630558
1675525567633306
1675525567633384
1675525567634329
1675525567635417
1675525567635495
1675525567636480
1675525567637584
1675525567637659
1675525567637733
1675525567637807
1675525567640422
1675525567640505
1675525567640579
1675525567640654
1675525567640797
1675525567640870
1675525567640943
1675525567641019
1675525567641162
1675525567641236
1675525567641517
1675525567642553
1675525567643587
1675525567644692
1675525567645658
1675525567646969
1675525567648058
1675525567648146
1675525567649164
1675525567650181
1675525567654088
1675525567655179
1675525567655257
1675525567655335
1675525567655412
1675525567656196
1675525567657231
1675525567657306
1675525567658272
1675525567658347
1675525567658422
1675525567658566
1675525567658639
1675525567659341
1675525567659416
1675525567662238
1675525567662382
1675525567662456
1675525567662530
1675525567662604
1675525567662747
1675525567662821
1675525567663376
1675525567664412
1675525567665447
1675525567666474
1675525567667578
1675525567667653
1675525567667727
1675525567667810
1675525567670426
1675525567670500
1675525567671465
1675525567672499
1675525567673604
1675525567674569
1675525567675604
1675525567675678
1675525567676701
1675525567677737
1675525567677881
1675525567677955
1675525567680638
1675525567680712
1675525567680786
1675525567680872
1675525567680946
1675525567681088
1675525567681163
1675525567681236
1675525567681310
1675525567681728
1675525567682762
1675525567683797
1675525567684901
1675525567685953
1675525567688776
1675525567688854
1675525567689005
1675525567689083
1675525567689160
1675525567689248
1675525567689832
1675525567690921
1675525567692009
1675525567693026
1675525567694043
1675525567695060
1675525567695210
1675525567696143
1675525567699034
1675525567699108
1675525567699251
1675525567699325
1675525567699399
1675525567699473
1675525567699617
1675525567699709
1675525567699783
1675525567699858
1675525567700140
1675525567700214
1675525567700288
1675525567700430
1675525567701192
1675525567704014
1675525567704157
1675525567705124
1675525567705197
1675525567705273
1675525567705416
1675525567705491
1675525567706156
1675525567707201
1675525567707275
1675525567708241
1675525567708384
1675525567709351
1675525567710385
1675525567711489
1675525567713965
1675525567715002
1675525567717896
1675525567718048
1675525567718126
1675525567718205
1675525567718283
1675525567718360
1675525567719016
1675525567719106
1675525567719183
1675525567719260
1675525567719339
1675525567720066
1675525567720144
1675525567720293
1675525567721093
1675525567723699
1675525567724788
1675525567725872
1675525567725947
1675525567726914
1675525567728017
1675525567728091
1675525567728164
1675525567728260
1675525567728953
1675525567731772
1675525567732878
1675525567733913
1675525567735014
1675525567735995
1675525567737030
1675525567737104
1675525567738140
1675525567738214
1675525567741033
1675525567741107
1675525567741250
1675525567741324
1675525567741398
1675525567741480
1675525567741555
1675525567741697
1675525567741771
1675525567741845
1675525567742126
1675525567743162
1675525567744197
1675525567745230
1675525567746263
1675525567749160
1675525567749238
1675525567749316
1675525567749394
1675525567749472
1675525567750200
1675525567750287
1675525567751304
1675525567752322
1675525567753412
1675525567754356
1675525567755445
1675525567755522
1675525567756510
1675525567758029
1675525567758104
1675525567758178
1675525567758321
1675525567758396
1675525567758470
1675525567759094
1675525567759169
1675525567759251
1675525567759394
1675525567763247
1675525567763391
1675525567763464
1675525567763539
1675525567763614
1675525567763756
1675525567764381
1675525567765416
1675525567765491
1675525567765633
1675525567765717
1675525567765793
1675525567766418
1675525567767454
1675525567767537
1675525567767681
1675525567768579
1675525567769615
1675525567770580
1675525567773058
1675525567774162
1675525567775196
1675525567775270
1675525567778051
1675525567778130
1675525567778280
1675525567778358
1675525567778436
1675525567778514
1675525567778592
1675525567779040
1675525567779117
1675525567779267
1675525567779346
1675525567780147
1675525567780225
1675525567780303
1675525567780380
1675525567782985
1675525567783063
1675525567784080
1675525567785099
1675525567785176
1675525567786199
1675525567787234
1675525567787378
1675525567788216
1675525567788359
1675525567788433
1675525567788507
1675525567789336
1675525567790370
1675525567792846
1675525567793949
1675525567794916
1675525567794988
1675525567795994
1675525567798883
1675525567798957
1675525567799100
1675525567799175
1675525567799248
1675525567799331
1675525567799475
1675525567799549
1675525567799622
1675525567799696
1675525567799977
1675525567800051
1675525567800194
1675525567801022
1675525567802127
1675525567805013
1675525567805157
1675525567806099
1675525567806177
1675525567807197
1675525567807275
1675525567808230
1675525567808309
1675525567809326
1675525567810271
1675525567811361
1675525567812450
1675525567813469
1675525567814559
1675525567816960
1675525567817036
1675525567818001
1675525567820891
1675525567821034
1675525567821109
1675525567821183
1675525567821257
1675525567821410
1675525567821485
1675525567821559
1675525567821633
1675525567821776
1675525567821851
1675525567821925
1675525567821999
1675525567822142
1675525567822217
1675525567824969
1675525567825043
1675525567826030
1675525567826109
1675525567826186
1675525567826264
1675525567827073
1675525567827223
1675525567828168
1675525567828246
1675525567829192
1675525567830281
1675525567831372
1675525567832391
1675525567833481
1675525567835941
1675525567838899
1675525567838973
1675525567839048
1675525567839191
1675525567839265
1675525567839338
1675525567839422
1675525567839496
1675525567839639
1675525567839713
1675525567839993
1675525567840067
1675525567840141
1675525567840215
1675525567841044
1675525567844964
1675525567845038
1675525567846025
1675525567846103
1675525567847121
1675525567847199
1675525567848145
1675525567848232
1675525567848310
1675525567849255
1675525567850200
1675525567851291
1675525567852309
1675525567853397
1675525567855794
1675525567855868
1675525567858828
1675525567858902
1675525567858976
1675525567859050
1675525567859193
1675525567859267
1675525567859342
1675525567859425
1675525567859569
1675525567859642
1675525567859922
1675525567859996
1675525567860070
1675525567860143
1675525567860904
1675525567864753
1675525567864896
1675525567865882
1675525567865960
1675525567866906
1675525567867995
1675525567868072
1675525567868151
1675525567868249
1675525567869050
1675525567870141
1675525567871158
1675525567872175
1675525567873192
1675525567874282
1675525567875588
1675525567875666
1675525567878630
1675525567878705
1675525567878779
1675525567878922
1675525567878996
1675525567879071
1675525567879145
1675525567879297
1675525567879372
1675525567879721
1675525567879795
1675525567879868
1675525567880012
1675525567880772
1675525567880847
1675525567883598
1675525567884702
1675525567884776
1675525567885734
1675525567885887
1675525567886833
1675525567887924
1675525567888002
1675525567888089
1675525567888963
1675525567890052
1675525567891070
1675525567892159
1675525567894551
1675525567895643
1675525567895722
1675525567898544
1675525567898618
1675525567898761
1675525567898835
1675525567898909
1675525567898984
1675525567899127
1675525567899201
1675525567899284
1675525567899634
1675525567899709
1675525567899851
1675525567899925
1675525567900686
1675525567900830
1675525567903514
1675525567903658
1675525567904625
1675525567904699
1675525567905667
1675525567905813
1675525567905892
1675525567906765
1675525567907783
1675525567907943
1675525567908021
1675525567908099
1675525567908900
1675525567909988
1675525567911007
1675525567913540
1675525567914556
1675525567915644
1675525567918538
1675525567918612
1675525567918685
1675525567918830
1675525567918904
1675525567918978
1675525567919052
1675525567919135
1675525567919279
1675525567919629
1675525567919703
1675525567919777
1675525567920676
1675525567921710
1675525567922815
1675525567925636
1675525567925718
1675525567926757
1675525567927794
1675525567927867
1675525567927942
1675525567928085
1675525567928846
1675525567929824
1675525567930928
1675525567931963
1675525567932997
1675525567934103
1675525567935139
1675525567937968
1675525567938046
1675525567938197
1675525567938275
1675525567938353
1675525567938430
1675525567939087
1675525567939164
1675525567939242
1675525567939320
1675525567939407
1675525567940136
1675525567942960
1675525567943038
1675525567943188
1675525567943266
1675525567943343
1675525567944070
1675525567945087
1675525567945237
1675525567945315
1675525567946199
1675525567947235
1675525567947378
1675525567947453
1675525567948351
1675525567949397
1675525567952218
1675525567953323
1675525567954358
1675525567955392
1675525567955535
1675525567955609
1675525567956529
1675525567957565
1675525567957639
1675525567957714
1675525567957857
1675525567959168
1675525567959242
1675525567959317
1675525567959460
1675525567959543
1675525567959617
1675525567960242
1675525567960316
1675525567960459
1675525567960533
1675525567964520
1675525567964594
1675525567964668
1675525567965564
1675525567965639
1675525567966675
1675525567967693
1675525567967771
1675525567967921
