1675525692201003
1675525692201696
1675525692201770
1675525692201913
1675525692203221
1675525692203297
1675525692203380
1675525692203455
1675525692203598
1675525692203673
1675525692204299
1675525692205404
1675525692208227
1675525692208301
1675525692208444
1675525692208518
1675525692208592
1675525692208666
1675525692209290
1675525692210395
1675525692211502
1675525692212538
1675525692213586
1675525692216052
1675525692217071
1675525692217149
1675525692221271
1675525692221422
1675525692221500
1675525692221577
1675525692221655
1675525692221732
1675525692221882
1675525692221960
1675525692222038
1675525692222116
1675525692222194
1675525692222417
1675525692223491
1675525692223566
1675525692223641
1675525692224539
1675525692225646
1675525692226752
1675525692227789
1675525692227864
1675525692229106
1675525692230143
1675525692230286
1675525692233080
1675525692233158
1675525692234106
1675525692235270
1675525692236362
1675525692237398
1675525692237476
1675525692237554
1675525692238573
1675525692239592
1675525692239743
1675525692240760
1675525692240838
1675525692242070
1675525692242148
1675525692245038
1675525692245182
1675525692245256
1675525692245331
1675525692245405
1675525692246167
1675525692247284
1675525692247358
1675525692247432
1675525692247575
1675525692248338
1675525692248412
1675525692248555
1675525692248629
1675525692249392
1675525692251804
1675525692254469
1675525692255487
1675525692256652
1675525692256730
1675525692257821
1675525692257899
1675525692257995
1675525692258870
1675525692259959
1675525692260037
1675525692264169
1675525692264245
1675525692264390
1675525692264464
1675525692264538
1675525692264613
1675525692264757
1675525692264831
1675525692264905
1675525692264979
1675525692265122
1675525692265196
1675525692265289
1675525692265366
1675525692265440
1675525692265584
1675525692265659
1675525692265733
1675525692266563
1675525692267668
1675525692269115
1675525692269189
1675525692269263
1675525692270164
1675525692271270
1675525692272375
1675525692273518
1675525692276342
1675525692276429
1675525692276507
1675525692276585
1675525692277458
1675525692277536
1675525692277685
1675525692277763
1675525692278566
1675525692279585
1675525692279663
1675525692280680
1675525692280758
1675525692280836
1675525692280913
1675525692283560
1675525692283634
1675525692283786
1675525692283861
1675525692283935
1675525692284627
1675525692285802
1675525692286837
1675525692286912
1675525692287879
1675525692288024
1675525692288097
1675525692288995
1675525692291406
1675525692295683
1675525692295763
1675525692295841
1675525692296860
1675525692296951
1675525692297029
1675525692297903
1675525692297981
1675525692299074
1675525692300092
1675525692300170
1675525692300321
1675525692300398
1675525692301274
1675525692301352
1675525692301430
1675525692301508
1675525692302309
1675525692302460
1675525692303389
1675525692304787
1675525692304930
1675525692305005
1675525692307824
1675525692307898
1675525692307974
1675525692308048
1675525692308191
1675525692308265
1675525692308340
1675525692308415
1675525692308558
1675525692308976
1675525692310014
1675525692311117
1675525692313589
1675525692317445
1675525692317524
1675525692317602
1675525692318476
1675525692319567
1675525692320586
1675525692320664
1675525692320814
1675525692320892
1675525692320971
1675525692321700
1675525692321778
1675525692321856
1675525692322802
1675525692322901
1675525692324212
1675525692324296
1675525692324440
1675525692325271
1675525692328227
1675525692328302
1675525692328377
1675525692328451
1675525692328526
1675525692328668
1675525692328742
1675525692329367
1675525692330403
1675525692331579
1675525692332686
1675525692333877
1675525692334915
1675525692336306
1675525692337481
1675525692337555
1675525692337629
1675525692340310
1675525692340385
1675525692340460
1675525692340534
1675525692340677
1675525692340751
1675525692341445
1675525692341519
1675525692341664
1675525692341738
1675525692341813
1675525692342643
1675525692342726
1675525692343665
1675525692344827
1675525692347724
1675525692347802
1675525692347880
1675525692348030
1675525692348108
1675525692348186
1675525692348771
1675525692349862
1675525692351027
1675525692352046
1675525692353129
1675525692354167
1675525692356644
1675525692359543
1675525692359618
1675525692359761
1675525692359835
1675525692359909
1675525692359983
1675525692360676
1675525692360819
1675525692360894
1675525692360967
1675525692361042
1675525692361803
1675525692362839
1675525692362935
1675525692363016
1675525692364395
1675525692365503
1675525692365582
1675525692366601
1675525692367691
1675525692367769
1675525692367921
1675525692367999
1675525692368077
1675525692368806
1675525692372642
1675525692372720
1675525692372798
1675525692373807
1675525692374983
1675525692376020
1675525692377193
1675525692377279
1675525692379551
1675525692379625
1675525692380593
1675525692380735
1675525692380809
1675525692383436
1675525692383514
1675525692383593
1675525692383673
1675525692383823
1675525692383901
1675525692383979
1675525692384057
1675525692384135
1675525692384285
1675525692384371
1675525692384452
1675525692384531
1675525692384608
1675525692384687
1675525692387007
1675525692387085
1675525692387163
1675525692388181
1675525692388259
1675525692390505
1675525692391668
1675525692395514
1675525692395660
1675525692396696
1675525692396772
1675525692396861
1675525692397832
1675525692397909
1675525692398052
1675525692398126
1675525692398888
1675525692400062
1675525692400137
1675525692400211
1675525692401179
1675525692402694
1675525692402769
1675525692402843
1675525692402936
1675525692403884
1675525692403962
1675525692406577
1675525692406655
1675525692406732
1675525692407755
1675525692407833
1675525692407911
1675525692407988
1675525692408067
1675525692408792
1675525692409956
1675525692412419
1675525692413483
1675525692414519
1675525692415693
1675525692418577
1675525692418652
1675525692418736
1675525692418879
1675525692419639
1675525692419713
1675525692420680
1675525692420824
1675525692420899
1675525692420972
1675525692421046
1675525692421806
1675525692421880
1675525692421954
1675525692424739
1675525692424819
1675525692424897
1675525692424976
1675525692425065
1675525692425793
1675525692425873
1675525692426963
1675525692427042
1675525692427120
1675525692427992
1675525692428070
1675525692428148
1675525692428301
1675525692429101
1675525692431638
1675525692432658
1675525692433804
1675525692435321
1675525692436357
1675525692437545
1675525692437620
1675525692437694
1675525692438592
1675525692439628
1675525692443948
1675525692444026
1675525692444178
1675525692444255
1675525692444333
1675525692444411
1675525692444488
1675525692444566
1675525692444716
1675525692444794
1675525692444874
1675525692444969
1675525692445047
1675525692445125
1675525692446143
1675525692447231
1675525692447382
1675525692447460
1675525692448333
1675525692448411
1675525692449717
1675525692450808
1675525692451826
1675525692454769
1675525692454843
1675525692455811
1675525692455885
1675525692456877
1675525692456952
1675525692457027
1675525692457993
1675525692458137
1675525692458211
1675525692459111
1675525692460148
1675525692460223
1675525692460297
1675525692461195
1675525692464093
1675525692464173
1675525692464252
1675525692464405
1675525692464482
1675525692464574
1675525692464652
1675525692464730
1675525692465244
1675525692466338
1675525692467502
1675525692467580
1675525692467658
1675525692468821
1675525692469914
1675525692471005
1675525692472168
1675525692474965
1675525692475039
1675525692475182
1675525692476014
1675525692477200
1675525692477274
1675525692477348
1675525692478250
1675525692479287
1675525692480460
1675525692480535
1675525692480608
1675525692483338
1675525692483417
1675525692483495
1675525692483573
1675525692483651
1675525692483729
1675525692483879
1675525692484391
1675525692485419
1675525692486583
1675525692487673
1675525692487751
1675525692488986
1675525692489064
1675525692489142
1675525692489219
1675525692491679
1675525692492770
1675525692493815
1675525692494921
1675525692495957
1675525692496993
1675525692497136
1675525692498173
1675525692499495
1675525692503810
1675525692503889
1675525692504039
1675525692504117
1675525692504195
1675525692504272
1675525692504350
1675525692504427
1675525692504578
1675525692504656
1675525692504734
1675525692504813
1675525692504894
1675525692505044
1675525692505122
1675525692505212
1675525692505290
1675525692505367
1675525692505444
1675525692505522
1675525692506468
1675525692506546
1675525692506624
1675525692506701
1675525692507575
1675525692507653
1675525692507803
1675525692507881
1675525692511352
1675525692512512
1675525692513591
1675525692514639
1675525692515676
1675525692516848
1675525692516922
1675525692517065
1675525692517894
1675525692519203
1675525692519346
1675525692522234
1675525692522308
1675525692522382
1675525692522525
1675525692522601
1675525692522676
1675525692522750
1675525692522928
1675525692523306
1675525692523384
1675525692523462
1675525692524407
1675525692525498
1675525692528324
1675525692528405
1675525692528555
1675525692528632
1675525692528710
1675525692529510
1675525692530526
1675525692531689
1675525692532853
1675525692533896
1675525692535073
1675525692536463
1675525692537499
1675525692537642
1675525692537717
1675525692540467
1675525692540543
1675525692540617
1675525692540692
1675525692540836
1675525692540911
1675525692541603
1675525692541678
1675525692541822
1675525692542789
1675525692542863
1675525692543810
1675525692543899
1675525692544994
1675525692546010
1675525692548904
1675525692548982
1675525692549133
1675525692549210
1675525692549290
1675525692549368
1675525692549446
1675525692549596
1675525692550035
1675525692551125
1675525692552215
1675525692553222
1675525692555699
1675525692556746
1675525692556821
1675525692557788
1675525692557931
1675525692560751
1675525692560826
1675525692560900
1675525692560974
1675525692561117
1675525692561190
1675525692561264
1675525692561820
1675525692561894
1675525692561968
1675525692562043
1675525692562936
1675525692563025
1675525692563177
1675525692564052
1675525692566805
1675525692566957
1675525692567035
1675525692567113
1675525692567987
1675525692568065
1675525692568216
1675525692569092
1675525692570111
1675525692571275
1675525692572296
1675525692574759
1675525692575933
1675525692578829
1675525692578903
1675525692579047
1675525692579121
1675525692579195
1675525692579887
1675525692579961
1675525692580105
1675525692580934
1675525692581077
1675525692581152
1675525692581227
1675525692581301
1675525692582129
1675525692582204
1675525692584969
1675525692585053
1675525692585127
1675525692585202
1675525692585345
1675525692586036
1675525692587141
1675525692587284
1675525692587358
1675525692588258
1675525692589293
1675525692591841
1675525692592902
1675525692593009
1675525692595691
1675525692595770
1675525692596861
1675525692596972
1675525692597051
1675525692597925
1675525692598003
1675525692599095
1675525692600115
1675525692600193
1675525692600345
1675525692600423
1675525692601296
1675525692601375
1675525692601452
1675525692602686
1675525692602764
1675525692603744
1675525692603887
1675525692605342
1675525692605418
1675525692606385
1675525692606528
1675525692607567
1675525692607642
1675525692607717
1675525692607860
1675525692607934
1675525692608694
1675525692612614
1675525692613657
1675525692614750
1675525692615769
1675525692616858
1675525692616936
1675525692618332
1675525692619351
1675525692620441
1675525692620519
1675525692620597
1675525692620747
1675525692620825
1675525692624716
1675525692624792
1675525692624936
1675525692625010
1675525692625084
1675525692625158
1675525692625301
1675525692625377
1675525692625451
1675525692625536
1675525692625611
1675525692625755
1675525692625830
1675525692625904
1675525692626941
1675525692627084
1675525692627158
1675525692628056
1675525692628130
1675525692629100
1675525692631577
1675525692632684
1675525692633891
1675525692636641
1675525692636792
1675525692636881
1675525692636960
1675525692637037
1675525692637838
1675525692637915
1675525692637993
1675525692638866
1675525692640032
1675525692640111
1675525692640189
1675525692641138
1675525692641216
1675525692641294
1675525692642455
1675525692643589
1675525692643663
1675525692644640
1675525692647460
1675525692647535
1675525692647609
1675525692647752
1675525692647827
1675525692648520
1675525692648593
1675525692649560
1675525692650734
1675525692651771
1675525692652806
1675525692655313
1675525692655391
1675525692658216
1675525692658295
1675525692658383
1675525692658461
1675525692658612
1675525692659267
1675525692660430
1675525692660508
1675525692660587
1675525692660737
1675525692660815
1675525692661470
1675525692661620
1675525692661698
1675525692661777
1675525692664391
1675525692664471
1675525692664548
1675525692664639
1675525692664719
1675525692665521
1675525692665599
1675525692666618
1675525692666696
1675525692667711
1675525692667861
1675525692667939
1675525692668017
1675525692668094
1675525692670193
1675525692671282
1675525692672299
1675525692673804
1675525692674982
1675525692676037
1675525692677212
1675525692677287
1675525692677361
1675525692678260
1675525692682451
1675525692682526
1675525692682669
1675525692682743
1675525692682817
1675525692682922
1675525692683001
1675525692683153
1675525692683231
1675525692683308
1675525692683386
1675525692683473
1675525692683551
1675525692683701
1675525692683779
1675525692683857
1675525692684658
1675525692685676
1675525692686838
1675525692686916
1675525692688149
1675525692688227
1675525692688378
1675525692688456
1675525692690918
1675525692692081
1675525692693107
1675525692694222
1675525692695327
1675525692696363
1675525692697538
1675525692697612
1675525692697686
1675525692700165
1675525692700240
1675525692700382
1675525692700456
1675525692700530
1675525692700604
1675525692700747
1675525692701851
1675525692701925
1675525692702068
1675525692702157
1675525692702231
1675525692702306
1675525692702941
1675525692703021
1675525692704112
1675525692705132
1675525692707952
1675525692708031
1675525692708110
1675525692708260
1675525692708338
1675525692709067
1675525692710158
1675525692711246
1675525692712263
1675525692714786
1675525692715893
1675525692716929
1675525692719817
1675525692719891
1675525692720035
1675525692720109
1675525692720870
1675525692721013
1675525692721088
1675525692721162
1675525692721992
1675525692723145
1675525692723223
1675525692724172
1675525692724251
1675525692725279
1675525692726297
1675525692729193
1675525692729272
1675525692729422
1675525692729500
1675525692729578
1675525692729655
1675525692729734
1675525692730392
1675525692731408
1675525692732569
1675525692733697
1675525692734802
1675525692737279
1675525692737353
1675525692737449
1675525692740200
1675525692740274
1675525692740350
1675525692740494
1675525692740568
1675525692741330
1675525692741404
1675525692741548
1675525692741622
1675525692741696
1675525692742387
1675525692742531
1675525692742605
1675525692742679
1675525692743553
1675525692746452
1675525692746596
1675525692746670
1675525692746745
1675525692746819
1675525692746963
1675525692747518
1675525692747661
1675525692747735
1675525692747810
1675525692747884
1675525692748645
1675525692749680
1675525692750715
1675525692753194
1675525692754300
1675525692757060
1675525692757135
1675525692757278
1675525692757352
1675525692757427
1675525692758257
1675525692758332
1675525692758406
1675525692759304
1675525692760340
1675525692760414
1675525692760558
1675525692760633
1675525692760707
1675525692761399
1675525692762845
1675525692762929
1675525692763009
1675525692763886
1675525692765050
1675525692767944
1675525692768023
1675525692768173
1675525692768251
1675525692768329
1675525692768407
1675525692769065
1675525692770155
1675525692771244
1675525692772333
1675525692773401
1675525692774505
1675525692775826
1675525692776931
1675525692777005
1675525692777079
1675525692779829
1675525692779903
1675525692779977
1675525692780051
1675525692780884
1675525692780958
1675525692781032
1675525692781175
1675525692781249
1675525692782011
1675525692782085
1675525692782228
1675525692783080
1675525692783231
1675525692783309
1675525692785915
1675525692785994
1675525692787083
1675525692787162
1675525692787240
1675525692787318
1675525692788119
1675525692788272
1675525692788349
1675525692789223
1675525692791685
1675525692794231
1675525692795339
1675525692796394
1675525692797571
1675525692798607
1675525692801428
1675525692801502
1675525692801645
1675525692801719
1675525692801793
1675525692801868
1675525692802011
1675525692802085
1675525692802159
1675525692802578
1675525692802721
1675525692802795
1675525692802869
1675525692803680
1675525692804771
1675525692807523
1675525692807674
1675525692807752
1675525692807830
1675525692807908
1675525692807986
1675525692808136
1675525692808215
1675525692808293
1675525692808372
1675525692808741
1675525692809830
1675525692812222
1675525692813309
1675525692814493
1675525692815530
1675525692818352
1675525692818426
1675525692818501
1675525692819398
1675525692819473
1675525692820440
1675525692820513
1675525692820657
1675525692820731
1675525692821493
1675525692821635
1675525692821710
1675525692821783
1675525692823143
1675525692823231
