1675525689566262
1675525689566267
1675525689566270
1675525689566273
1675525689566276
1675525689566279
1675525689566282
1675525689566284
1675525689566287
1675525689566290
1675525689566293
1675525689566295
1675525689566306
1675525689566310
1675525689566389
1675525689568786
1675525689572351
1675525689572356
1675525689578547
1675525689578552
1675525689578556
1675525689578558
1675525689578561
1675525689578564
1675525689578566
1675525689578569
1675525689578572
1675525689578575
1675525689578588
1675525689578678
1675525689581072
1675525689586115
1675525689586119
1675525689586123
1675525689586125
1675525689586128
1675525689586131
1675525689586134
1675525689586137
1675525689586139
1675525689586142
1675525689586145
1675525689586148
1675525689586150
1675525689586163
1675525689586316
1675525689589870
1675525689593503
1675525689593508
1675525689593660
1675525689595995
1675525689596000
1675525689596003
1675525689596006
1675525689596009
1675525689598539
1675525689598544
1675525689598620
1675525689602155
1675525689602160
1675525689602246
1675525689606131
1675525689606135
1675525689606139
1675525689606141
1675525689606144
1675525689606147
1675525689606149
1675525689606152
1675525689606155
1675525689606158
1675525689606160
1675525689606163
1675525689606166
1675525689606240
1675525689606315
1675525689608670
1675525689608675
1675525689608679
1675525689608681
1675525689608684
1675525689611115
1675525689614870
1675525689614876
1675525689614879
1675525689614882
1675525689614885
1675525689614887
1675525689614967
1675525689615046
1675525689615124
1675525689617730
1675525689617843
1675525689622467
1675525689622472
1675525689622475
1675525689622554
1675525689623983
1675525689624063
1675525689624141
1675525689624219
1675525689624297
1675525689624376
1675525689624454
1675525689624531
1675525689629016
1675525689629021
1675525689629024
1675525689629036
1675525689629040
1675525689629042
1675525689631587
1675525689635294
1675525689635299
1675525689635302
1675525689635305
1675525689635308
1675525689635310
1675525689635313
1675525689635316
1675525689635319
1675525689637773
1675525689637853
1675525689642733
1675525689642746
1675525689642750
1675525689642829
1675525689642907
1675525689643059
1675525689647917
1675525689647922
1675525689647925
1675525689647928
1675525689647931
1675525689647933
1675525689647936
1675525689647939
1675525689647942
1675525689647944
1675525689647947
1675525689647958
1675525689647961
1675525689647964
1675525689647966
1675525689650468
1675525689653984
1675525689653990
1675525689654069
1675525689654148
1675525689654226
1675525689656476
1675525689656481
1675525689656484
1675525689656487
1675525689656567
1675525689659068
1675525689659087
1675525689659168
1675525689662649
1675525689662654
1675525689662657
1675525689662736
1675525689662888
1675525689665621
1675525689665626
1675525689665777
1675525689665855
1675525689665933
1675525689666011
1675525689666089
1675525689666167
1675525689666246
1675525689666332
1675525689666411
1675525689666562
1675525689666641
1675525689669460
1675525689671933
1675525689674482
1675525689674487
1675525689674491
1675525689674493
1675525689674646
1675525689674725
1675525689674803
1675525689678369
1675525689678374
1675525689678377
1675525689678465
1675525689678543
1675525689681944
1675525689682026
1675525689685899
1675525689685904
1675525689685907
1675525689685910
1675525689685913
1675525689685916
1675525689685918
1675525689685921
1675525689685924
1675525689685927
1675525689685930
1675525689685932
1675525689685945
1675525689685948
1675525689686027
1675525689688398
1675525689690971
1675525689696046
1675525689696051
1675525689696054
1675525689696057
1675525689696059
1675525689696062
1675525689696065
1675525689696068
1675525689696070
1675525689696073
1675525689698532
1675525689698550
1675525689702120
1675525689702201
1675525689702280
1675525689707209
1675525689707214
1675525689707217
1675525689707220
1675525689707223
1675525689707225
1675525689707228
1675525689707231
1675525689707234
1675525689707236
1675525689707239
1675525689707242
1675525689707253
1675525689709690
1675525689713190
1675525689713352
1675525689718235
1675525689718240
1675525689718244
1675525689718246
1675525689718249
1675525689718252
1675525689718255
1675525689718258
1675525689718261
1675525689720800
1675525689725939
1675525689725944
1675525689725962
1675525689725965
1675525689725968
1675525689725970
1675525689725973
1675525689725976
1675525689725979
1675525689725981
1675525689725984
1675525689725987
1675525689725990
1675525689725992
1675525689725995
1675525689728548
1675525689728553
1675525689728556
1675525689728567
1675525689728570
1675525689728573
1675525689728576
1675525689728579
1675525689734615
1675525689734620
1675525689734623
1675525689734626
1675525689734629
1675525689734707
1675525689736147
1675525689736227
1675525689736304
1675525689736382
1675525689737579
1675525689742315
1675525689742320
1675525689742323
1675525689743767
1675525689743861
1675525689743940
1675525689744018
1675525689744097
1675525689744248
1675525689744326
1675525689744404
1675525689748848
1675525689748852
1675525689748855
1675525689748858
1675525689748861
1675525689748872
1675525689748876
1675525689751511
1675525689757583
1675525689757588
1675525689757591
1675525689757594
1675525689757597
1675525689757600
1675525689757603
1675525689757605
1675525689757608
1675525689757611
1675525689757614
1675525689757616
1675525689760086
1675525689765193
1675525689765198
1675525689765201
1675525689765204
1675525689765206
1675525689765209
1675525689765212
1675525689765214
1675525689765217
1675525689765220
1675525689765223
1675525689765226
1675525689765304
1675525689765382
1675525689766597
1675525689766676
1675525689766765
1675525689766844
1675525689769214
1675525689771624
1675525689775315
1675525689775320
1675525689775323
1675525689775326
1675525689775329
1675525689775331
1675525689775410
1675525689775489
1675525689779109
1675525689779114
1675525689779193
1675525689779271
1675525689779360
1675525689784213
1675525689784217
1675525689784220
1675525689784223
1675525689784226
1675525689784229
1675525689784231
1675525689784234
1675525689784237
1675525689784317
1675525689784396
1675525689784559
1675525689785730
1675525689785810
1675525689785888
1675525689785977
1675525689786056
1675525689789557
1675525689793135
1675525689793216
1675525689794594
1675525689794673
1675525689794752
1675525689794904
1675525689794982
1675525689798228
1675525689798233
1675525689798236
1675525689798315
1675525689800788
1675525689805865
1675525689805880
1675525689805884
1675525689805886
1675525689805889
1675525689805892
1675525689805895
1675525689805897
1675525689805900
1675525689805903
1675525689805906
1675525689805909
1675525689805911
1675525689805914
1675525689805917
1675525689808359
1675525689808364
1675525689808375
1675525689808378
1675525689810855
1675525689810931
1675525689815966
1675525689815971
1675525689815974
1675525689815977
1675525689815980
1675525689815983
1675525689815985
1675525689815988
1675525689815991
1675525689815994
1675525689816137
1675525689817476
1675525689822181
1675525689822188
1675525689822191
1675525689825116
1675525689825195
1675525689825273
1675525689825352
1675525689825430
1675525689825509
1675525689825659
1675525689825737
1675525689825815
1675525689825894
1675525689825971
1675525689826049
1675525689827655
1675525689827673
1675525689827677
1675525689830204
1675525689833780
1675525689833862
1675525689833942
1675525689834021
1675525689836272
1675525689836276
1675525689836279
1675525689836282
1675525689838779
1675525689838860
1675525689842333
1675525689842413
1675525689842492
1675525689842581
1675525689846251
1675525689846256
1675525689846259
1675525689846262
1675525689846265
1675525689846267
1675525689846270
1675525689846273
1675525689846276
1675525689846278
1675525689846281
1675525689846284
1675525689846287
1675525689846366
1675525689846445
1675525689848785
1675525689848791
1675525689848795
1675525689848797
1675525689848800
1675525689851421
1675525689857489
1675525689857494
1675525689857498
1675525689857501
1675525689857504
1675525689857506
1675525689857509
1675525689857512
1675525689857515
1675525689857518
1675525689857539
1675525689857620
1675525689860113
1675525689866233
1675525689866238
1675525689866241
1675525689866244
1675525689866246
1675525689866249
1675525689866252
1675525689866255
1675525689866258
1675525689866260
1675525689866263
1675525689866266
1675525689866268
1675525689868837
1675525689872344
1675525689872349
1675525689878449
1675525689878454
1675525689878458
1675525689878461
1675525689878463
1675525689878466
1675525689878469
1675525689878472
1675525689878474
1675525689878477
1675525689878480
1675525689880952
1675525689884888
1675525689884902
1675525689884906
1675525689884909
1675525689884911
1675525689884914
1675525689884917
1675525689884920
1675525689884922
1675525689884925
1675525689885005
1675525689885157
1675525689885308
1675525689885387
1675525689885466
1675525689886346
1675525689886426
1675525689886515
1675525689886666
1675525689888902
1675525689891485
1675525689897572
1675525689897577
1675525689897581
1675525689897583
1675525689897586
1675525689897589
1675525689897592
1675525689897595
1675525689897674
1675525689898972
1675525689899052
1675525689899203
1675525689905215
1675525689905220
1675525689905223
1675525689905225
1675525689905228
1675525689905231
1675525689905234
1675525689905236
1675525689905239
1675525689905242
1675525689905245
1675525689905248
1675525689905250
1675525689905253
1675525689905332
1675525689906606
1675525689906694
1675525689906773
1675525689906851
1675525689909135
1675525689911674
1675525689914236
1675525689914241
1675525689914245
1675525689914248
1675525689914402
1675525689914480
1675525689914558
1675525689914637
1675525689916743
1675525689916748
1675525689918044
1675525689921864
1675525689925816
1675525689925821
1675525689925824
1675525689925827
1675525689925830
1675525689925833
1675525689925836
1675525689925839
1675525689925843
1675525689925845
1675525689925848
1675525689925851
1675525689925854
1675525689925857
1675525689925860
1675525689925964
1675525689926044
1675525689928305
1675525689930756
1675525689930761
1675525689934553
1675525689934558
1675525689934561
1675525689934564
1675525689934567
1675525689934570
1675525689934648
1675525689934727
1675525689936014
1675525689937256
1675525689937336
1675525689943302
1675525689943307
1675525689943310
1675525689943313
1675525689943315
1675525689943394
1675525689947261
1675525689947267
1675525689947270
1675525689947273
1675525689947275
1675525689947278
1675525689947281
1675525689947284
1675525689947287
1675525689947290
1675525689947382
1675525689949830
1675525689953324
1675525689953329
1675525689953482
1675525689958409
1675525689958414
1675525689958417
1675525689958420
1675525689958423
1675525689958426
1675525689958428
1675525689958431
1675525689960991
1675525689966001
1675525689966006
1675525689966019
1675525689966023
1675525689966025
1675525689966028
1675525689966031
1675525689966033
1675525689966036
1675525689966039
1675525689966042
1675525689966044
1675525689966047
1675525689966050
1675525689966053
1675525689967596
1675525689967675
1675525689967754
1675525689967841
1675525689967920
1675525689968006
1675525689973688
1675525689973693
1675525689973696
1675525689973775
1675525689973854
1675525689975074
1675525689975167
1675525689975246
1675525689975324
1675525689975402
1675525689978685
1675525689978689
1675525689978769
1675525689981175
1675525689986230
1675525689986235
1675525689986238
1675525689986241
1675525689986244
1675525689986247
1675525689986249
1675525689986254
1675525689986256
1675525689986259
1675525689986262
1675525689986264
1675525689986267
1675525689986270
1675525689986349
1675525689988824
1675525689992335
1675525689992340
1675525689998555
1675525689998560
1675525689998563
1675525689998566
1675525689998568
1675525689998571
1675525689998574
1675525689998577
1675525689998580
1675525689998582
1675525690001030
1675525690005082
1675525690005087
1675525690005102
1675525690005105
1675525690005108
1675525690005111
1675525690005114
1675525690005116
1675525690005119
1675525690005122
1675525690005125
1675525690005203
1675525690005282
1675525690005360
1675525690005438
1675525690007470
1675525690007474
1675525690007477
1675525690007488
1675525690007568
1675525690010041
1675525690013578
1675525690013583
1675525690013663
1675525690013814
1675525690018646
1675525690018651
1675525690018654
1675525690018657
1675525690018660
1675525690018663
1675525690018667
1675525690018742
1675525690018887
1675525690021196
1675525690025165
1675525690025170
1675525690025173
1675525690025175
1675525690025178
1675525690025181
1675525690025184
1675525690025187
1675525690025189
1675525690025192
1675525690025195
1675525690025198
1675525690025273
1675525690025416
1675525690025490
1675525690028849
1675525690028853
1675525690028856
1675525690028859
1675525690028862
1675525690031339
1675525690037471
1675525690037476
1675525690037481
1675525690037484
1675525690037486
1675525690037489
1675525690037492
1675525690037495
1675525690037498
1675525690037585
1675525690038858
1675525690043663
1675525690043668
1675525690043671
1675525690043674
1675525690043677
1675525690043680
1675525690043682
1675525690043762
1675525690043914
1675525690043992
1675525690048727
1675525690048734
1675525690048737
1675525690048740
1675525690048743
1675525690048759
1675525690048762
1675525690048765
1675525690048768
1675525690048771
1675525690048773
1675525690051341
1675525690057458
1675525690057463
1675525690057466
1675525690057469
1675525690057472
1675525690057475
1675525690057477
1675525690057480
1675525690057483
1675525690057496
1675525690057499
1675525690057578
1675525690059925
1675525690066071
1675525690066076
1675525690066079
1675525690066082
1675525690066085
1675525690066088
1675525690066090
1675525690066093
1675525690066096
1675525690066099
1675525690066101
1675525690066104
1675525690066116
1675525690066119
1675525690069831
1675525690074710
1675525690074714
1675525690074717
1675525690074720
1675525690074723
1675525690074803
1675525690074882
1675525690074960
1675525690077097
1675525690077102
1675525690078600
1675525690078680
1675525690084844
1675525690084860
1675525690084864
1675525690084867
1675525690084869
1675525690084872
1675525690084875
1675525690084878
1675525690084880
1675525690084883
1675525690084963
1675525690085115
1675525690085193
1675525690085272
1675525690086399
1675525690086491
1675525690086570
1675525690086659
1675525690086737
1675525690086888
1675525690086966
1675525690089073
1675525690091581
1675525690096604
1675525690096613
1675525690096616
1675525690096619
1675525690096621
1675525690096624
1675525690096627
1675525690096629
1675525690096632
1675525690099021
1675525690102701
1675525690102706
1675525690102709
1675525690102788
1675525690102867
1675525690107724
1675525690107729
1675525690107732
1675525690107735
1675525690107738
1675525690107741
1675525690107743
1675525690107746
1675525690107749
1675525690107751
1675525690107754
1675525690107843
1675525690110313
1675525690113971
1675525690113976
1675525690113979
1675525690113982
1675525690114134
1675525690114295
1675525690114373
1675525690117905
1675525690117910
1675525690117913
1675525690117916
1675525690120432
1675525690125570
1675525690125575
1675525690125597
1675525690125601
1675525690125604
1675525690125606
1675525690125609
1675525690125612
1675525690125614
1675525690125617
1675525690125620
1675525690125623
1675525690125626
1675525690125704
1675525690125783
1675525690126984
1675525690127063
1675525690127141
1675525690127229
1675525690127307
1675525690128452
1675525690133226
1675525690133231
1675525690133234
1675525690138383
1675525690138388
1675525690138392
1675525690138395
1675525690138397
1675525690138400
1675525690138403
1675525690138407
1675525690138410
1675525690138489
1675525690138577
1675525690140872
1675525690144891
1675525690144895
1675525690144898
1675525690144901
1675525690144904
1675525690144907
1675525690144909
1675525690144912
1675525690144915
1675525690144918
1675525690144920
1675525690144999
1675525690145077
1675525690145156
1675525690145243
1675525690147361
1675525690147366
1675525690147369
1675525690147372
1675525690147374
1675525690149931
1675525690153464
1675525690153469
1675525690153622
1675525690153700
1675525690155881
1675525690155887
1675525690155890
1675525690155893
1675525690155895
1675525690158412
1675525690158493
1675525690160979
1675525690166064
1675525690166069
1675525690166072
1675525690166075
1675525690166077
1675525690166080
1675525690166083
1675525690166086
1675525690166089
1675525690166091
1675525690166094
1675525690166097
1675525690166100
1675525690166110
1675525690166190
1675525690168533
1675525690168614
1675525690172104
1675525690172184
1675525690174746
1675525690174751
1675525690174754
1675525690174757
1675525690174760
1675525690174839
1675525690174918
1675525690174996
1675525690178629
1675525690178633
1675525690178659
1675525690178739
1675525690182264
1675525690182345
1675525690182423
1675525690184912
1675525690184917
1675525690184920
1675525690184923
1675525690184926
1675525690184929
