1675525759083185
1675525759083280
1675525759083358
1675525759085708
1675525759086743
1675525759087780
1675525759088883
1675525759089919
1675525759091503
1675525759091577
1675525759091651
1675525759092551
1675525759092625
1675525759092768
1675525759096740
1675525759096818
1675525759096896
1675525759096982
1675525759097060
1675525759097789
1675525759097867
1675525759097944
1675525759098889
1675525759099979
1675525759101068
1675525759101146
1675525759101223
1675525759102099
1675525759102176
1675525759102326
1675525759102405
1675525759104595
1675525759107418
1675525759107505
1675525759107580
1675525759107727
1675525759108559
1675525759109665
1675525759110770
1675525759110913
1675525759111881
1675525759111955
1675525759112029
1675525759112104
1675525759112247
1675525759112940
1675525759115482
1675525759118380
1675525759118459
1675525759118548
1675525759118626
1675525759118777
1675525759118854
1675525759118932
1675525759119011
1675525759119089
1675525759119167
1675525759119463
1675525759119541
1675525759119619
1675525759120564
1675525759120642
1675525759121946
1675525759122024
1675525759122102
1675525759122188
1675525759122338
1675525759122994
1675525759123073
1675525759124059
1675525759124202
1675525759125170
1675525759129090
1675525759130197
1675525759131234
1675525759131308
1675525759131383
1675525759131526
1675525759132562
1675525759132637
1675525759132711
1675525759132796
1675525759136701
1675525759136852
1675525759136931
1675525759137009
1675525759137087
1675525759137888
1675525759137967
1675525759138046
1675525759139064
1675525759140081
1675525759141247
1675525759141325
1675525759141403
1675525759142492
1675525759143714
1675525759143799
1675525759145315
