1675525708043591
1675525708043665
1675525708046476
1675525708046482
1675525708046625
1675525708046699
1675525708046773
1675525708046846
1675525708046940
1675525708047015
1675525708047157
1675525708047231
1675525708047305
1675525708047379
1675525708047952
1675525708048027
1675525708048103
1675525708048176
1675525708048320
1675525708049444
1675525708053502
1675525708054949
1675525708055024
1675525708055167
1675525708056361
1675525708056452
1675525708057862
1675525708057949
1675525708058093
1675525708060668
1675525708062167
1675525708063698
1675525708063773
1675525708063847
1675525708063922
1675525708065274
1675525708065350
1675525708065424
1675525708065499
1675525708065641
1675525708065736
1675525708065811
1675525708065885
1675525708068134
1675525708068279
1675525708068353
1675525708068429
1675525708068502
1675525708068645
1675525708069653
1675525708071187
1675525708073020
1675525708073025
1675525708074187
1675525708075695
1675525708075772
1675525708075859
1675525708077197
1675525708077273
1675525708077347
1675525708077421
1675525708078691
1675525708082684
1675525708084199
1675525708084275
1675525708084418
1675525708084492
1675525708084566
1675525708087163
1675525708087253
1675525708087327
1675525708087402
1675525708087485
1675525708087560
1675525708087704
1675525708087778
1675525708087851
1675525708087925
1675525708088706
1675525708088782
1675525708088856
1675525708090189
1675525708091686
1675525708093183
1675525708094612
1675525708094751
1675525708094755
1675525708096197
1675525708096281
1675525708096356
1675525708097697
1675525708097772
1675525708097845
1675525708097989
1675525708099187
1675525708101937
1675525708103363
1675525708103519
1675525708103595
1675525708106405
1675525708106482
1675525708106556
1675525708106631
1675525708106774
1675525708106871
1675525708106945
1675525708107019
1675525708107093
1675525708107943
1675525708108019
1675525708109416
1675525708110917
1675525708113754
1675525708115135
1675525708115212
1675525708115355
1675525708116612
1675525708116767
1675525708116841
1675525708118115
1675525708118269
1675525708118344
1675525708119620
1675525708121165
1675525708122691
1675525708125665
1675525708125756
1675525708125831
1675525708125905
1675525708126048
1675525708126122
1675525708126196
1675525708126270
1675525708126344
1675525708126487
1675525708126560
1675525708126645
1675525708128706
1675525708128782
1675525708128857
1675525708128931
1675525708129006
1675525708129149
1675525708129223
1675525708129297
1675525708129372
1675525708129446
1675525708129587
1675525708129662
1675525708129745
1675525708130185
1675525708131666
1675525708133167
1675525708134686
1675525708134758
1675525708136190
1675525708136266
1675525708137698
1675525708137773
1675525708137848
1675525708137923
1675525708142916
1675525708145937
1675525708146013
1675525708146088
1675525708146162
1675525708146305
1675525708146378
1675525708146468
1675525708146542
1675525708146616
1675525708146759
1675525708146832
1675525708147448
1675525708147523
1675525708147597
1675525708148933
1675525708150417
1675525708151916
1675525708153416
1675525708154872
1675525708155019
1675525708155093
1675525708155166
1675525708156449
1675525708156525
1675525708157946
1675525708158022
1675525708158095
1675525708161915
1675525708163448
1675525708163523
1675525708163598
1675525708163670
1675525708166446
1675525708166522
1675525708166597
1675525708166671
1675525708166746
1675525708166820
1675525708166972
1675525708167047
1675525708167121
1675525708167195
1675525708167268
1675525708167410
1675525708167493
1675525708167938
1675525708168013
1675525708169417
1675525708170917
1675525708172456
1675525708173940
1675525708175448
1675525708175525
1675525708175599
1675525708176940
1675525708177016
1675525708178373
1675525708178522
1675525708178597
1675525708178670
1675525708181105
1675525708182601
1675525708184126
1675525708184202
1675525708184276
1675525708184419
1675525708184493
1675525708187163
1675525708187252
1675525708187327
1675525708187410
1675525708187485
1675525708187627
1675525708187702
1675525708187776
1675525708187849
1675525708187993
1675525708188702
1675525708188777
1675525708188852
1675525708190190
1675525708191684
1675525708193184
1675525708194689
1675525708194753
1675525708196195
1675525708196278
1675525708196354
1675525708197695
1675525708197770
1675525708197844
1675525708202917
1675525708205990
1675525708205994
1675525708206508
1675525708206513
1675525708206516
1675525708206519
1675525708206522
1675525708206525
1675525708206671
1675525708206745
1675525708206832
1675525708206906
1675525708207456
1675525708207531
1675525708207606
1675525708207748
1675525708207822
1675525708208946
1675525708210432
1675525708211940
1675525708212016
1675525708213445
1675525708213520
1675525708214949
1675525708215024
1675525708215167
1675525708215250
1675525708216359
1675525708216451
1675525708217848
1675525708219446
1675525708219522
1675525708219665
1675525708220934
1675525708222507
1675525708223947
1675525708224023
1675525708224165
1675525708224240
1675525708225589
1675525708225665
1675525708225739
1675525708225836
1675525708225910
1675525708225984
1675525708226127
1675525708226202
1675525708227061
1675525708228542
1675525708228723
1675525708230360
1675525708234438
1675525708234512
1675525708235949
1675525708236024
1675525708236098
1675525708236172
1675525708237440
1675525708239041
1675525708239046
1675525708239121
1675525708239568
1675525708240440
1675525708241918
1675525708243416
1675525708245103
1675525708245178
1675525708245253
1675525708245327
1675525708245470
1675525708245544
1675525708245619
1675525708245692
1675525708245766
1675525708247917
1675525708248007
1675525708248083
1675525708248157
1675525708248299
1675525708248374
1675525708248448
1675525708248522
1675525708248665
1675525708248739
1675525708249414
1675525708249503
1675525708250918
1675525708252441
1675525708253916
1675525708255454
1675525708255541
1675525708255616
1675525708256941
1675525708257015
1675525708258440
1675525708258515
1675525708261166
1675525708262667
1675525708264125
1675525708264200
1675525708264274
1675525708264418
1675525708264490
1675525708265698
1675525708265774
1675525708265849
1675525708265932
1675525708266006
1675525708267195
1675525708267335
1675525708268691
1675525708268766
1675525708270182
1675525708271612
1675525708271699
1675525708271844
1675525708273182
1675525708274612
1675525708274698
1675525708274825
1675525708276105
1675525708276195
1675525708277620
1675525708277699
1675525708277843
1675525708277916
1675525708279186
1675525708281932
1675525708283448
1675525708283523
1675525708283597
1675525708283670
1675525708286443
1675525708286519
1675525708286593
1675525708286735
1675525708286809
1675525708286882
1675525708286965
1675525708287110
1675525708287185
1675525708287258
1675525708287332
1675525708287406
1675525708288080
1675525708288155
1675525708288230
1675525708288304
1675525708288447
1675525708288521
1675525708289535
1675525708291066
1675525708295198
1675525708295273
1675525708295356
1675525708295431
1675525708296695
1675525708296772
1675525708296846
1675525708298198
1675525708298275
1675525708298349
1675525708299684
1675525708301167
1675525708302668
1675525708304128
1675525708304203
1675525708304348
1675525708304422
1675525708304496
1675525708307164
1675525708307253
1675525708307329
1675525708307402
1675525708307477
1675525708307620
1675525708307694
1675525708307769
1675525708307843
1675525708307985
1675525708308698
1675525708308772
1675525708310167
1675525708311682
1675525708313168
1675525708314612
1675525708314699
1675525708314798
1675525708316218
1675525708316293
1675525708317698
1675525708317772
1675525708317915
1675525708320416
1675525708321942
1675525708323441
1675525708323517
1675525708326441
1675525708326517
1675525708326660
1675525708326734
1675525708326808
1675525708326891
1675525708327034
1675525708327108
1675525708327182
1675525708327256
1675525708327330
1675525708327472
1675525708327917
1675525708329436
1675525708329511
1675525708330916
1675525708332416
1675525708333978
1675525708335376
1675525708335523
1675525708335598
1675525708335686
1675525708336945
1675525708337022
1675525708338370
1675525708338449
1675525708338594
1675525708338668
1675525708341237
1675525708342727
1675525708344197
1675525708344272
1675525708344346
1675525708344489
1675525708345773
1675525708345848
1675525708345924
1675525708346078
1675525708346153
1675525708346227
1675525708346300
1675525708348699
1675525708348774
1675525708348848
1675525708348991
1675525708350189
1675525708354236
1675525708355702
1675525708355777
1675525708355852
1675525708355926
1675525708356069
1675525708357189
1675525708358695
1675525708358771
1675525708358845
1675525708361416
1675525708362848
1675525708365944
1675525708366020
1675525708366164
1675525708366238
1675525708366312
1675525708366387
1675525708366461
1675525708366604
1675525708366678
1675525708366752
1675525708366826
1675525708366978
1675525708367066
1675525708368910
1675525708368986
1675525708369061
1675525708369135
1675525708369278
1675525708369353
1675525708369427
1675525708369501
1675525708369575
1675525708369718
1675525708370440
1675525708371937
1675525708372014
1675525708373436
1675525708374874
1675525708375020
1675525708375506
1675525708375512
1675525708376444
1675525708376519
1675525708377943
1675525708378019
1675525708378094
1675525708381936
1675525708383443
1675525708383518
1675525708386476
1675525708386552
1675525708386627
1675525708386701
1675525708386793
1675525708386936
1675525708387011
1675525708387084
1675525708387158
1675525708387870
1675525708387949
1675525708388092
1675525708388166
1675525708389457
1675525708389789
1675525708391224
1675525708392722
1675525708394362
1675525708395823
1675525708395898
1675525708395983
1675525708396126
1675525708396201
1675525708397322
1675525708397397
1675525708397540
1675525708398861
1675525708401562
1675525708403007
1675525708403152
1675525708404736
1675525708404812
1675525708404886
1675525708404960
1675525708405103
1675525708405177
1675525708405274
1675525708405348
1675525708407530
1675525708407611
1675525708407686
1675525708407830
1675525708407904
1675525708407978
1675525708408052
1675525708408194
1675525708410308
1675525708411791
1675525708413310
1675525708414792
1675525708414885
1675525708414960
1675525708416313
1675525708417744
1675525708417893
1675525708417968
1675525708418041
1675525708420474
1675525708422066
1675525708423570
1675525708423646
1675525708423789
1675525708425149
1675525708425294
1675525708425368
1675525708425443
1675525708425515
1675525708425590
1675525708425684
1675525708425827
1675525708428087
1675525708428163
1675525708428238
1675525708428381
1675525708428455
1675525708428528
1675525708428602
1675525708429478
1675525708429569
1675525708430972
1675525708432611
1675525708434386
1675525708435573
1675525708435649
1675525708435736
1675525708435878
1675525708437073
1675525708438572
1675525708438647
1675525708438722
1675525708442541
1675525708443993
1675525708444076
1675525708444223
1675525708444297
1675525708447067
1675525708447071
1675525708447215
1675525708447289
1675525708447362
1675525708447462
1675525708447536
1675525708447610
1675525708447752
1675525708447826
1675525708447899
1675525708447974
1675525708448574
1675525708448653
1675525708448728
1675525708450062
1675525708451541
1675525708453042
1675525708454487
1675525708454575
1675525708454752
1675525708455990
1675525708456146
1675525708457495
1675525708457644
1675525708457719
1675525708457794
1675525708461543
1675525708463062
1675525708463138
1675525708466037
1675525708466112
1675525708466187
1675525708466262
1675525708466405
1675525708466479
1675525708466553
1675525708466636
1675525708466710
1675525708466853
1675525708467574
1675525708467648
1675525708467723
1675525708467797
1675525708470306
1675525708471731
1675525708471822
1675525708473229
1675525708474792
1675525708474883
1675525708474957
1675525708476319
1675525708476394
1675525708477752
1675525708477897
1675525708477970
1675525708478046
1675525708478119
1675525708480560
1675525708482057
1675525708483487
1675525708483577
1675525708483720
1675525708486573
1675525708486578
1675525708486721
1675525708486795
1675525708486870
1675525708486944
1675525708487097
1675525708487171
1675525708487245
1675525708487319
1675525708487393
1675525708487535
1675525708487619
1675525708488140
1675525708488216
1675525708488291
1675525708488434
1675525708488507
1675525708488582
1675525708488657
1675525708489687
1675525708491181
1675525708493916
1675525708496759
1675525708496835
1675525708496910
1675525708497052
1675525708497126
1675525708497201
1675525708498237
1675525708498323
1675525708502311
1675525708503823
1675525708503899
1675525708503973
1675525708505383
1675525708505459
1675525708505602
1675525708505689
1675525708505764
1675525708505838
1675525708505912
1675525708508316
1675525708508392
1675525708508466
1675525708508540
1675525708509792
1675525708511291
1675525708512815
1675525708514320
1675525708514397
1675525708514471
1675525708515824
1675525708515900
1675525708515987
1675525708517323
1675525708517398
1675525708517542
1675525708518811
1675525708520362
1675525708521965
1675525708523324
1675525708523400
1675525708523474
1675525708526316
1675525708526393
1675525708526466
1675525708526610
1675525708526684
1675525708526758
1675525708526841
1675525708526915
1675525708527057
1675525708527132
1675525708527206
1675525708527280
1675525708527744
1675525708527824
1675525708527899
1675525708528042
1675525708529230
1675525708529320
1675525708530818
1675525708533567
1675525708535074
1675525708535149
1675525708535245
1675525708536537
1675525708536612
1675525708538068
1675525708538144
1675525708538218
1675525708538292
1675525708540814
1675525708542225
1675525708543737
1675525708543823
1675525708543967
1675525708546915
1675525708546920
1675525708546924
1675525708546999
1675525708547085
1675525708547228
1675525708547303
1675525708547377
1675525708547451
1675525708547594
1675525708547668
1675525708547743
1675525708548240
1675525708548395
1675525708548470
1675525708549808
1675525708551291
1675525708554070
1675525708555577
1675525708555653
1675525708555739
1675525708555883
1675525708556989
1675525708558613
1675525708558688
1675525708561315
1675525708562791
1675525708564453
1675525708564528
1675525708564672
1675525708564736
1675525708564811
1675525708564886
1675525708567286
1675525708567362
1675525708567437
1675525708567525
1675525708567599
1675525708567742
1675525708567816
1675525708567891
1675525708567965
1675525708568107
1675525708570057
1675525708571490
1675525708571576
1675525708571718
1675525708573765
1675525708573779
1675525708574505
1675525708574586
1675525708574791
1675525708576074
1675525708576150
1675525708577572
1675525708577648
1675525708577722
1675525708579066
1675525708579143
1675525708581815
1675525708583314
1675525708583390
1675525708584900
1675525708584976
1675525708585052
1675525708585195
1675525708585269
1675525708585343
1675525708585428
1675525708585502
1675525708586440
1675525708586515
1675525708587863
1675525708588017
1675525708588092
1675525708589441
1675525708594892
1675525708594968
1675525708595042
1675525708595116
1675525708596238
1675525708596392
1675525708596466
1675525708597753
1675525708597840
1675525708597985
1675525708598059
1675525708598133
1675525708600561
1675525708602057
1675525708603562
1675525708603638
1675525708605224
1675525708605230
1675525708605306
1675525708605448
1675525708605523
1675525708605597
1675525708605756
1675525708605760
1675525708608199
1675525708608276
1675525708608351
1675525708608424
1675525708608499
1675525708608642
1675525708608716
1675525708608791
1675525708608865
1675525708608939
1675525708609081
1675525708609155
1675525708609682
1675525708612570
1675525708612646
1675525708614060
1675525708615576
1675525708615651
1675525708615726
1675525708615869
1675525708617065
1675525708617141
1675525708618559
1675525708620041
1675525708622813
1675525708624462
1675525708624538
1675525708624613
1675525708624686
1675525708624806
1675525708624881
1675525708625023
1675525708627253
1675525708627399
1675525708627473
1675525708627547
1675525708627621
1675525708628820
1675525708628896
1675525708628970
1675525708630306
1675525708631790
1675525708633290
1675525708634814
1675525708634893
1675525708634967
1675525708636325
1675525708636401
1675525708637823
1675525708637898
1675525708637972
1675525708638046
1675525708638120
1675525708641793
1675525708643319
1675525708643396
1675525708643470
1675525708646222
1675525708646313
1675525708646387
1675525708646462
1675525708646537
1675525708646680
1675525708646754
1675525708646839
1675525708647835
1675525708647910
1675525708647985
1675525708648059
1675525708648201
1675525708648274
1675525708648349
1675525708648423
1675525708649362
1675525708653307
1675525708654781
1675525708654858
1675525708654933
1675525708656312
1675525708657745
1675525708657832
1675525708657975
1675525708658049
1675525708660611
1675525708662109
1675525708662184
1675525708663563
1675525708663639
1675525708663781
1675525708666562
1675525708666639
1675525708666713
1675525708666856
1675525708666930
1675525708667002
