1675525694840039
1675525694842574
1675525694842655
1675525694842805
1675525694842883
1675525694842978
1675525694843057
1675525694843789
1675525694844807
1675525694845969
1675525694846047
1675525694847138
1675525694847216
1675525694847294
1675525694847372
1675525694848174
1675525694850567
1675525694853219
1675525694853294
1675525694853369
1675525694854270
1675525694855399
1675525694856436
1675525694856578
1675525694856652
1675525694857620
1675525694861812
1675525694861954
1675525694862028
1675525694862102
1675525694862177
1675525694862251
1675525694862394
1675525694862469
1675525694862567
1675525694862646
1675525694862796
1675525694862955
1675525694863033
1675525694863110
1675525694863983
1675525694865072
1675525694866236
1675525694866314
1675525694867259
1675525694867337
1675525694868571
1675525694868721
1675525694868799
1675525694871336
1675525694872353
1675525694873476
1675525694874513
1675525694875558
1675525694876664
1675525694877701
1675525694880520
1675525694880595
1675525694880668
1675525694880811
1675525694880885
1675525694880959
1675525694883440
1675525694883520
1675525694883598
1675525694883677
1675525694883755
1675525694883905
1675525694883983
1675525694884072
1675525694884150
1675525694884228
1675525694884596
1675525694885687
1675525694885765
1675525694886784
1675525694886862
1675525694888096
1675525694888246
1675525694888324
1675525694890786
1675525694891949
1675525694892948
1675525694894053
1675525694895088
1675525694896133
1675525694896207
1675525694897174
1675525694899927
1675525694900001
1675525694900075
1675525694900217
1675525694900291
1675525694900365
1675525694901058
1675525694902504
1675525694902571
1675525694902651
1675525694902802
1675525694902881
1675525694902958
1675525694903045
1675525694903557
1675525694903635
1675525694904654
1675525694908849
1675525694908930
1675525694909007
1675525694909086
1675525694909236
1675525694910037
1675525694911055
1675525694912148
1675525694913233
1675525694913309
1675525694913384
1675525694914353
1675525694915405
1675525694916512
1675525694916586
1675525694917827
1675525694920852
1675525694920995
1675525694921069
1675525694921144
1675525694921217
1675525694921360
1675525694921434
1675525694921508
1675525694921928
1675525694923073
1675525694923152
1675525694923231
1675525694924114
1675525694925280
1675525694926297
1675525694929120
1675525694929198
1675525694929277
1675525694929355
1675525694929505
1675525694929582
1675525694929660
1675525694930172
1675525694931264
1675525694932282
1675525694933405
1675525694934442
1675525694935822
1675525694936867
1675525694937010
1675525694937084
1675525694939700
1675525694939775
1675525694939919
1675525694940749
1675525694940893
1675525694940967
1675525694941042
1675525694941115
1675525694941944
1675525694942019
1675525694942093
1675525694942236
1675525694942310
1675525694943015
1675525694943094
1675525694945846
1675525694945924
1675525694946002
1675525694946153
1675525694946231
1675525694946309
1675525694946386
1675525694946898
1675525694947048
1675525694947127
1675525694947205
1675525694948080
1675525694949172
1675525694950190
1675525694951362
1675525694953843
1675525694956732
1675525694956806
1675525694956949
1675525694957023
1675525694957097
1675525694957791
1675525694957866
1675525694958834
1675525694959941
1675525694960015
1675525694960089
1675525694960165
1675525694960993
1675525694961068
1675525694961151
1675525694962325
1675525694962399
1675525694963359
1675525694964521
1675525694965613
1675525694968510
1675525694968589
1675525694968667
1675525694968745
1675525694968823
1675525694969549
1675525694970716
1675525694971733
1675525694972814
1675525694973849
1675525694974897
1675525694976344
1675525694976419
1675525694976494
1675525694977393
1675525694980282
1675525694980357
1675525694980501
1675525694980575
1675525694980649
1675525694980723
1675525694981485
1675525694981560
1675525694981634
1675525694981708
1675525694982577
1675525694982592
1675525694982745
1675525694982823
1675525694983624
1675525694986520
1675525694986600
1675525694986678
1675525694986755
1675525694986833
1675525694986984
1675525694987063
1675525694987575
1675525694988739
1675525694988817
1675525694989763
1675525694990854
1675525694993299
1675525694996115
1675525694996190
1675525694996264
1675525694997163
1675525694998268
1675525694999304
1675525695000409
1675525695000552
1675525695000626
1675525695000700
1675525695001531
1675525695001605
1675525695001679
1675525695001753
1675525695001896
1675525695002856
1675525695002936
1675525695003014
1675525695003092
1675525695003893
1675525695006789
1675525695006868
1675525695007018
1675525695007096
1675525695007174
1675525695007252
1675525695007981
1675525695009000
1675525695010165
1675525695011258
1675525695012349
1675525695014785
1675525695017674
1675525695017817
1675525695017892
1675525695017966
1675525695018040
1675525695018872
1675525695019909
1675525695019984
1675525695020127
1675525695021096
1675525695021171
1675525695021245
1675525695021319
1675525695021463
1675525695022155
1675525695024973
1675525695025053
1675525695025131
1675525695026003
1675525695026081
1675525695026231
1675525695027177
1675525695027255
1675525695027332
1675525695028205
1675525695029294
1675525695031682
1675525695032697
1675525695035589
1675525695035734
1675525695036701
1675525695036789
1675525695036863
1675525695036938
1675525695037012
1675525695037773
1675525695038878
1675525695039915
1675525695040058
1675525695040132
1675525695041031
1675525695041105
1675525695041178
1675525695043804
1675525695043955
1675525695044033
1675525695044111
1675525695044198
1675525695045001
1675525695046164
1675525695046242
1675525695046320
1675525695047192
1675525695047270
1675525695050095
1675525695050173
1675525695050251
1675525695051125
1675525695052288
1675525695053374
1675525695054480
1675525695055586
1675525695056623
1675525695056777
1675525695056851
1675525695059052
1675525695061871
1675525695061945
1675525695062021
1675525695062095
1675525695062237
1675525695062311
1675525695062385
1675525695062459
1675525695062563
1675525695062643
1675525695062794
1675525695062945
1675525695063023
1675525695063110
1675525695063188
1675525695065866
1675525695065945
1675525695066023
1675525695066101
1675525695066178
1675525695066328
1675525695066406
1675525695066919
1675525695066996
1675525695067074
1675525695068093
1675525695069112
1675525695070201
1675525695072687
1675525695075589
1675525695076697
1675525695076841
1675525695076915
1675525695076989
1675525695077818
1675525695077892
1675525695077966
1675525695078934
1675525695080038
1675525695080113
1675525695080187
1675525695080261
1675525695081161
1675525695081235
1675525695082475
1675525695082568
1675525695083591
1675525695083669
1675525695084617
1675525695087439
1675525695087518
1675525695087597
1675525695087747
1675525695087824
1675525695087902
1675525695087980
1675525695088638
1675525695089656
1675525695090746
1675525695091837
1675525695092915
1675525695095334
1675525695096372
1675525695096446
1675525695099197
1675525695099272
1675525695100309
1675525695100451
1675525695100525
1675525695100599
1675525695100674
1675525695101435
1675525695101510
1675525695101585
1675525695101659
1675525695102490
1675525695102567
1675525695103524
1675525695103674
1675525695106422
1675525695106573
1675525695106651
1675525695106728
1675525695106806
1675525695106884
1675525695107614
1675525695107693
1675525695108711
1675525695109730
1675525695110895
1675525695113255
1675525695116214
1675525695116288
1675525695116383
1675525695117352
1675525695118389
1675525695119564
1675525695119638
1675525695120674
1675525695120817
1675525695120892
1675525695120966
1675525695121040
1675525695121733
1675525695121875
1675525695121949
1675525695123079
1675525695123230
1675525695123309
1675525695124206
1675525695127101
1675525695127179
1675525695127257
1675525695127335
1675525695127413
1675525695127563
1675525695127642
1675525695128153
1675525695129242
1675525695130332
1675525695131422
1675525695132442
1675525695134949
1675525695136126
1675525695136199
1675525695138976
1675525695139119
1675525695139193
1675525695139268
1675525695139342
1675525695140103
1675525695140177
1675525695140251
1675525695140325
1675525695140469
1675525695141161
1675525695141235
1675525695141310
1675525695141453
1675525695142215
1675525695145035
1675525695145123
1675525695145202
1675525695145353
1675525695145433
1675525695145512
1675525695146242
1675525695146320
1675525695146398
1675525695147343
1675525695148511
1675525695149601
1675525695150618
1675525695153134
1675525695153209
1675525695153283
1675525695155964
1675525695156050
1675525695156124
1675525695157094
1675525695157168
1675525695158135
1675525695159310
1675525695160347
1675525695160421
1675525695160564
1675525695160638
1675525695161399
1675525695161542
1675525695161617
1675525695162541
1675525695163796
1675525695163874
1675525695163960
1675525695164980
1675525695167873
1675525695167951
1675525695168029
1675525695168107
1675525695168258
1675525695168336
1675525695168413
1675525695168491
1675525695168932
1675525695170021
1675525695171111
1675525695173600
1675525695174620
1675525695175781
1675525695176817
1675525695179711
1675525695179862
1675525695179940
1675525695180017
1675525695180817
1675525695180898
1675525695180976
1675525695181053
1675525695181203
1675525695181859
1675525695181937
1675525695182087
1675525695182165
1675525695182955
1675525695183030
1675525695185858
1675525695185933
1675525695186007
1675525695186150
1675525695186226
1675525695186299
1675525695186373
1675525695186447
1675525695186591
1675525695186665
1675525695187017
1675525695187092
1675525695187235
1675525695188064
1675525695190545
1675525695191581
1675525695195600
1675525695196617
1675525695196695
1675525695196846
1675525695196924
1675525695197723
1675525695198740
1675525695199829
1675525695199907
1675525695199985
1675525695200063
1675525695200866
1675525695203714
1675525695203793
1675525695203871
1675525695204022
1675525695204112
1675525695204190
1675525695204919
1675525695205935
1675525695206013
1675525695207030
1675525695207108
1675525695208486
1675525695208564
1675525695209581
1675525695210674
1675525695211762
1675525695212912
1675525695213055
1675525695217043
1675525695217187
1675525695217272
1675525695217346
1675525695217420
1675525695217495
1675525695218257
1675525695219293
1675525695220468
1675525695220543
1675525695220617
1675525695220691
1675525695221522
1675525695221596
1675525695221670
1675525695221813
1675525695221887
1675525695222653
1675525695222805
1675525695223775
1675525695225083
1675525695225158
1675525695226194
1675525695229082
1675525695229225
1675525695229300
1675525695229374
1675525695229449
1675525695229593
1675525695229667
1675525695230154
1675525695231258
1675525695232295
1675525695233445
1675525695234489
1675525695235594
1675525695236699
1675525695236843
1675525695238153
1675525695241109
1675525695241184
1675525695241328
1675525695241402
1675525695241477
1675525695241551
1675525695241693
1675525695241767
1675525695241842
1675525695242191
1675525695242266
1675525695242357
1675525695243299
1675525695243377
1675525695243455
1675525695246205
1675525695246283
1675525695246361
1675525695246439
1675525695246590
1675525695247319
1675525695247470
1675525695248417
1675525695249436
1675525695250597
1675525695251689
1675525695254075
1675525695256975
1675525695257049
1675525695257193
1675525695257267
1675525695257342
1675525695258034
1675525695259141
1675525695260247
1675525695260390
1675525695260464
1675525695260538
1675525695261367
1675525695261442
1675525695261516
1675525695261590
1675525695262855
1675525695262942
1675525695263020
1675525695263098
1675525695263899
1675525695265061
1675525695266078
1675525695266228
1675525695268833
1675525695268911
1675525695269929
1675525695271019
1675525695272108
1675525695273239
1675525695274276
1675525695275381
1675525695276762
1675525695276870
1675525695279762
1675525695279837
1675525695279912
1675525695280054
1675525695280817
1675525695280891
1675525695281034
1675525695281108
1675525695281184
1675525695282013
1675525695283027
1675525695284117
1675525695285281
1675525695285359
1675525695285436
1675525695286755
1675525695286835
1675525695286914
1675525695287064
1675525695287142
1675525695287220
1675525695287298
1675525695287809
1675525695290561
1675525695291724
1675525695292738
1675525695293912
1675525695294948
1675525695296052
1675525695297087
1675525695297161
1675525695299509
1675525695302329
1675525695302473
1675525695302566
1675525695302645
1675525695302725
1675525695302803
1675525695302881
1675525695302959
1675525695303110
1675525695303187
1675525695303265
1675525695303344
1675525695303422
1675525695303571
1675525695303649
1675525695306337
1675525695306416
1675525695306567
1675525695306645
1675525695306723
1675525695306801
1675525695306878
1675525695306956
1675525695307106
1675525695307402
1675525695307552
1675525695308496
1675525695309587
1675525695310679
1675525695311769
1675525695313057
1675525695314248
1675525695317137
1675525695317212
1675525695317287
1675525695317429
1675525695317503
1675525695318197
1675525695318271
1675525695319377
1675525695319452
1675525695320421
1675525695320495
1675525695320569
1675525695320713
1675525695321474
1675525695321548
1675525695322860
1675525695322940
1675525695323960
1675525695324976
1675525695326065
1675525695327659
1675525695327737
1675525695327814
1675525695327892
1675525695327969
1675525695328697
1675525695332382
1675525695332460
1675525695333435
1675525695334538
1675525695335573
1675525695335659
1675525695336626
1675525695336701
1675525695336844
1675525695337673
1675525695339124
1675525695340162
1675525695340236
1675525695340378
1675525695340452
1675525695343080
1675525695343160
1675525695343239
1675525695343390
1675525695343468
1675525695343546
1675525695343639
1675525695343717
1675525695343795
1675525695344236
1675525695345326
1675525695346349
1675525695346500
1675525695346579
1675525695347451
1675525695348829
1675525695348979
1675525695349057
1675525695353037
1675525695353111
1675525695353186
1675525695354154
1675525695355203
1675525695356308
1675525695356383
1675525695356457
1675525695357356
1675525695358461
1675525695359976
1675525695360052
1675525695360126
1675525695361024
1675525695361098
1675525695361241
1675525695361316
1675525695365242
1675525695365321
1675525695365473
1675525695365561
1675525695365640
1675525695365718
1675525695365796
1675525695365874
1675525695366025
1675525695366321
1675525695366472
1675525695366550
1675525695367423
1675525695367501
1675525695368447
1675525695369609
1675525695372073
1675525695374815
1675525695375920
1675525695376011
1675525695377119
1675525695377193
1675525695377267
1675525695378165
1675525695378239
1675525695379277
1675525695380383
1675525695380459
1675525695380534
1675525695380608
1675525695380751
1675525695381512
1675525695384370
1675525695384448
1675525695384527
1675525695384615
1675525695384692
1675525695384771
1675525695384920
1675525695384998
1675525695385437
1675525695385515
1675525695386606
1675525695386684
1675525695387990
1675525695388067
1675525695389013
1675525695390175
1675525695394075
1675525695394149
1675525695395117
1675525695396230
1675525695396305
1675525695396379
1675525695397277
1675525695397351
1675525695398317
1675525695399491
1675525695400526
1675525695400601
1675525695400675
1675525695401849
1675525695401923
1675525695402067
1675525695404879
1675525695404958
1675525695405036
1675525695405125
1675525695405203
1675525695405931
1675525695406010
1675525695406160
1675525695407032
1675525695407110
1675525695407187
1675525695407265
1675525695408137
1675525695409226
1675525695410390
1675525695412843
1675525695412917
1675525695415666
1675525695416838
1675525695416941
1675525695417015
1675525695417090
1675525695417919
1675525695419024
1675525695420060
1675525695420203
1675525695420277
1675525695421245
1675525695421319
1675525695421393
1675525695421536
1675525695421610
1675525695422709
1675525695422788
1675525695422866
1675525695422953
1675525695423032
1675525695423109
1675525695423838
1675525695423916
1675525695424933
1675525695427610
1675525695427688
1675525695427766
1675525695427916
1675525695427994
1675525695428071
1675525695428656
1675525695429745
1675525695430836
1675525695433234
1675525695434238
1675525695435334
1675525695436499
1675525695436578
1675525695439350
1675525695439429
1675525695439579
1675525695439657
1675525695439735
1675525695439813
1675525695440469
1675525695440547
1675525695440625
1675525695440703
1675525695441504
1675525695441581
1675525695442632
1675525695442707
1675525695443813
1675525695446565
1675525695446708
1675525695446782
1675525695446856
1675525695446930
1675525695447073
1675525695447630
1675525695448802
1675525695449838
1675525695450942
1675525695452047
1675525695453160
1675525695454612
1675525695457594
1675525695457673
1675525695457751
1675525695457902
1675525695458705
1675525695459724
1675525695460886
1675525695460964
1675525695461042
1675525695461120
1675525695461270
1675525695461925
1675525695462003
1675525695462153
1675525695462231
1675525695464660
1675525695464813
1675525695464887
