1675526148624125
1675526148624708
1675526148625867
1675526148626954
1675526148628040
1675526148629127
1675526148630432
1675526148630510
1675526148630660
1675526148630738
1675526148630815
1675526148634507
1675526148635550
1675526148635693
1675526148636726
1675526148637759
1675526148638860
1675526148638934
1675526148639008
1675526148639904
1675526148639977
1675526148640051
1675526148640193
1675526148640952
1675526148642284
1675526148642363
1675526148642513
1675526148642590
1675526148642678
1675526148645279
1675526148645357
1675526148646372
1675526148646450
1675526148647464
1675526148648551
1675526148649635
1675526148649713
1675526148649790
1675526148649868
1675526148650666
1675526148650744
1675526148650821
1675526148651764
1675526148654110
1675526148657141
1675526148657215
1675526148657289
1675526148658185
1675526148658258
1675526148658333
1675526148659228
1675526148659302
1675526148659445
1675526148659518
1675526148660278
1675526148660352
1675526148660495
1675526148660569
1675526148660642
1675526148661743
1675526148662800
1675526148665408
1675526148666441
1675526148667542
1675526148668573
1675526148669605
1675526148669747
1675526148669821
1675526148670717
1675526148670791
1675526148674522
1675526148675538
1675526148675615
1675526148676630
1675526148676707
1675526148676785
1675526148679613
1675526148679691
1675526148679768
1675526148679846
1675526148679995
1675526148680073
1675526148680151
1675526148680228
1675526148680306
1675526148680672
1675526148680749
1675526148680827
1675526148680977
1675526148681776
1675526148681853
1675526148684606
1675526148684690
1675526148684764
1675526148684837
1675526148684911
1675526148685054
1675526148685127
1675526148685201
1675526148685618
1675526148685760
1675526148686724
1675526148687757
1675526148688789
1675526148688933
1675526148689898
1675526148691272
1675526148691346
1675526148691428
1675526148691571
1675526148694303
1675526148695391
1675526148695469
1675526148696412
1675526148696561
1675526148697505
1675526148698521
1675526148698670
1675526148698748
1675526148699619
1675526148699697
1675526148699774
1675526148699852
1675526148700001
1675526148700666
1675526148702106
1675526148702180
1675526148702323
1675526148706161
1675526148707194
1675526148707269
1675526148707411
1675526148707485
1675526148708244
1675526148708319
1675526148709351
1675526148709425
1675526148709499
1675526148710395
1675526148710470
1675526148710554
1675526148712793
1675526148712867
1675526148715679
1675526148716714
1675526148717883
1675526148718848
1675526148718922
1675526148718996
1675526148719070
1675526148719896
1675526148719970
1675526148720044
1675526148720186
1675526148720260
1675526148720950
1675526148721033
1675526148721108
1675526148722328
1675526148722407
1675526148722484
1675526148722562
1675526148726320
1675526148726398
1675526148726548
1675526148727418
1675526148728433
1675526148729519
1675526148729598
1675526148729675
1675526148730547
1675526148730697
1675526148730720
1675526148733055
1675526148735869
1675526148735943
1675526148736017
1675526148736912
1675526148737944
1675526148739046
1675526148739120
1675526148740084
1675526148740158
1675526148740231
1675526148740374
1675526148740448
1675526148741137
1675526148741211
1675526148741304
1675526148742499
1675526148742577
1675526148742655
1675526148742732
1675526148743532
1675526148746351
1675526148746428
1675526148746506
1675526148747449
1675526148748463
1675526148749550
1675526148749628
1675526148750498
1675526148750576
1675526148750654
1675526148751533
1675526148754027
1675526148756907
1675526148757050
1675526148757124
1675526148758020
1675526148758094
1675526148759058
1675526148759132
1675526148759206
1675526148759348
1675526148759422
1675526148760113
1675526148760186
1675526148760329
1675526148760402
1675526148761170
1675526148762572
1675526148762723
1675526148765615
1675526148765692
1675526148766636
1675526148767723
1675526148768881
1675526148768959
1675526148769901
1675526148769979
1675526148770056
1675526148770997
1675526148771075
1675526148771153
1675526148771230
1675526148773406
1675526148776358
1675526148776433
1675526148776506
1675526148777402
1675526148778436
1675526148778509
1675526148778652
1675526148779618
1675526148779691
1675526148779766
1675526148779839
1675526148779982
1675526148780675
1675526148780748
1675526148780822
1675526148781993
1675526148782071
1675526148782150
1675526148784612
1675526148785771
1675526148785849
1675526148786792
1675526148787879
1675526148788966
1675526148789982
1675526148790059
1675526148790137
1675526148790287
1675526148793803
1675526148794836
1675526148796007
1675526148796091
1675526148796166
1675526148797063
1675526148799946
1675526148800020
1675526148800094
1675526148800237
1675526148800311
1675526148800384
1675526148800458
1675526148800601
1675526148800674
1675526148800748
1675526148801028
1675526148801101
1675526148801175
1675526148801257
1675526148802169
1675526148803546
1675526148803620
1675526148803694
1675526148803837
1675526148803911
1675526148803985
1675526148804058
1675526148804680
1675526148805781
1675526148806814
1675526148809559
1675526148809633
1675526148809707
1675526148809780
1675526148810686
1675526148810760
1675526148810902
1675526148811729
1675526148812847
1675526148813862
1675526148816247
1675526148817263
1675526148820156
1675526148820306
1675526148820383
1675526148820461
1675526148820538
1675526148820616
1675526148820766
1675526148820844
1675526148820931
1675526148821009
1675526148821303
1675526148821381
1675526148822309
1675526148823479
1675526148824513
1675526148826982
1675526148828152
1675526148829185
1675526148832062
1675526148832141
1675526148832219
1675526148832296
1675526148832374
1675526148832524
1675526148832611
1675526148833122
1675526148834282
1675526148835298
1675526148836386
1675526148837401
1675526148838488
1675526148838566
1675526148841311
1675526148841389
1675526148841466
1675526148841544
1675526148841693
1675526148841771
1675526148841848
1675526148841928
1675526148842011
1675526148842086
1675526148842228
1675526148842302
1675526148842376
1675526148843477
1675526148844511
1675526148847461
1675526148848563
1675526148849596
1675526148849670
1675526148849812
1675526148849886
1675526148850645
1675526148850718
1675526148851750
1675526148852791
1675526148855124
1675526148856226
1675526148856300
1675526148859113
1675526148859187
1675526148859261
1675526148859404
1675526148859477
1675526148859551
1675526148860174
1675526148860248
1675526148860391
1675526148860464
1675526148860538
1675526148861229
1675526148861312
1675526148861454
1675526148861528
1675526148862569
1675526148863657
1675526148864671
1675526148868638
1675526148868716
1675526148869658
1675526148869808
1675526148869886
1675526148869964
1675526148870761
1675526148870839
1675526148871781
1675526148874263
1675526148875320
1675526148878201
1675526148878275
1675526148878418
1675526148878493
1675526148879252
1675526148879395
1675526148879469
1675526148879542
1675526148880369
1675526148880443
1675526148880517
1675526148880591
1675526148880733
1675526148881424
1675526148881498
1675526148884301
1675526148884379
1675526148884529
1675526148885400
1675526148886414
1675526148886492
1675526148886642
1675526148887512
1675526148888525
1675526148889613
1675526148889691
1675526148889768
1675526148890928
1675526148891005
1675526148891084
1675526148891161
1675526148894914
1675526148895948
1675526148896022
1675526148896096
1675526148896990
1675526148898159
1675526148899191
1675526148899265
1675526148900161
1675526148900235
1675526148900583
1675526148900726
1675526148900800
1675526148900874
1675526148901633
1675526148901776
1675526148901858
1675526148901917
1675526148904090
1675526148905106
1675526148906195
1675526148907209
1675526148908298
1675526148909673
1675526148909751
1675526148909829
1675526148910771
1675526148914744
1675526148915846
1675526148916879
1675526148916954
1675526148917096
1675526148917935
1675526148918010
1675526148919042
1675526148919116
1675526148919189
1675526148919263
1675526148920090
1675526148920165
1675526148922927
1675526148923006
1675526148923084
1675526148923161
1675526148923239
1675526148923389
1675526148923466
1675526148923544
1675526148923631
1675526148923709
1675526148923786
1675526148923937
1675526148924014
1675526148924092
1675526148925177
1675526148927922
1675526148928072
1675526148929016
1675526148929094
1675526148929171
1675526148930042
1675526148930192
1675526148930269
1675526148930346
1675526148931155
1675526148932230
1675526148934634
1675526148935738
1675526148935812
1675526148938626
1675526148938700
1675526148938774
1675526148938916
1675526148939676
1675526148939749
1675526148939892
1675526148939966
1675526148940040
1675526148940730
1675526148940872
1675526148940955
1675526148941784
1675526148942859
1675526148945401
1675526148946503
1675526148949249
1675526148949391
1675526148949465
1675526148949539
1675526148949613
1675526148950440
1675526148950514
1675526148950588
1675526148950731
1675526148951489
1675526148952573
1675526148953600
1675526148954689
1675526148955706
1675526148958237
1675526148961056
1675526148961133
1675526148961284
1675526148961361
1675526148961439
1675526148961516
1675526148961594
1675526148961745
1675526148961822
1675526148961907
1675526148961981
1675526148962055
1675526148962142
1675526148962285
1675526148962360
1675526148966136
1675526148966209
1675526148966283
1675526148967248
1675526148968349
1675526148969383
1675526148970416
1675526148970490
1675526148970632
1675526148970706
1675526148971466
1675526148973867
1675526148976831
1675526148976920
1675526148977070
1675526148977148
1675526148977946
1675526148978024
1675526148978967
1675526148979045
1675526148979195
1675526148979272
1675526148980071
1675526148980149
1675526148980226
1675526148980304
1675526148980381
1675526148982931
1675526148983074
1675526148983156
1675526148983230
1675526148983304
1675526148983377
1675526148983519
1675526148983593
1675526148984010
1675526148985111
1675526148986144
1675526148987178
1675526148988212
1675526148989315
1675526148990692
1675526148990766
1675526148990909
1675526148990982
1675526148994733
1675526148995821
1675526148995899
1675526148995976
1675526148996054
1675526148996852
1675526148997937
1675526148998014
1675526148998957
1675526148999106
1675526148999184
1675526148999261
1675526149000059
1675526149000136
1675526149000214
1675526149002982
1675526149003067
1675526149003142
1675526149003216
1675526149003289
1675526149003431
1675526149004055
1675526149005088
1675526149006121
1675526149007222
1675526149008256
1675526149009839
1675526149009913
1675526149009987
1675526149010129
1675526149010203
1675526149010894
1675526149010988
1675526149015235
1675526149015313
1675526149016256
1675526149016334
1675526149017348
1675526149018363
1675526149018440
1675526149018590
1675526149019461
1675526149019539
1675526149019616
1675526149019693
1675526149020491
1675526149020569
1675526149020718
1675526149020805
1675526149020883
1675526149021538
1675526149023947
1675526149025466
1675526149025544
1675526149026488
1675526149027575
1675526149028661
1675526149029676
1675526149029753
1675526149029831
1675526149030771
1675526149034603
1675526149035774
1675526149035849
1675526149036826
1675526149037859
1675526149038893
1675526149041845
1675526149041916
1675526149041996
1675526149042146
1675526149042224
1675526149042302
1675526149042379
1675526149042457
1675526149042606
1675526149042684
1675526149042761
1675526149042839
1675526149042917
1675526149043003
1675526149043081
1675526149044817
1675526149044895
1675526149044972
1675526149045049
1675526149045920
1675526149045998
1675526149046147
1675526149047017
1675526149048032
1675526149049117
1675526149050132
1675526149050283
1675526149050360
1675526149050438
1675526149050533
1675526149051549
1675526149054589
1675526149055622
1675526149055696
1675526149055839
1675526149056804
1675526149057837
1675526149058870
1675526149058944
1675526149059086
1675526149059914
1675526149060056
1675526149060130
1675526149060204
1675526149061031
1675526149061113
1675526149062414
1675526149065379
1675526149065529
1675526149066544
1675526149067631
1675526149068647
1675526149068725
1675526149069741
1675526149069818
1675526149069896
1675526149070837
1675526149070986
1675526149071064
1675526149071142
1675526149073260
1675526149076154
1675526149076229
1675526149077261
1675526149078363
1675526149078436
1675526149078510
1675526149079406
1675526149079480
1675526149079623
1675526149079697
1675526149079771
1675526149080460
1675526149080603
1675526149080677
1675526149080751
1675526149081784
1675526149081892
1675526149081990
1675526149082069
1675526149082147
1675526149085832
1675526149085981
1675526149086059
1675526149086136
1675526149087007
1675526149088095
1675526149089110
1675526149090197
1675526149090275
1675526149090352
1675526149091151
1675526149093599
1675526149096628
1675526149096703
1675526149096777
1675526149096850
1675526149097678
1675526149098712
1675526149098785
1675526149098928
1675526149099002
1675526149099761
1675526149099903
1675526149099977
1675526149100050
1675526149100810
1675526149100953
1675526149102281
1675526149102369
1675526149102519
1675526149102596
1675526149102673
1675526149102751
1675526149103407
1675526149106226
1675526149106303
1675526149107245
1675526149108331
1675526149109346
1675526149109424
1675526149109502
1675526149110445
1675526149110523
1675526149112868
1675526149116858
1675526149116932
1675526149117896
1675526149118928
1675526149119071
1675526149119145
1675526149120040
1675526149120114
1675526149120187
1675526149120261
1675526149121088
1675526149121162
1675526149121236
1675526149121378
1675526149121452
1675526149122419
1675526149122507
1675526149122585
1675526149125478
1675526149125555
1675526149126569
1675526149126647
1675526149127590
1675526149128677
1675526149128755
1675526149129697
1675526149129774
1675526149130789
1675526149130867
1675526149130945
1675526149131022
1675526149133209
1675526149135961
1675526149136111
1675526149137055
1675526149138068
1675526149139155
1675526149139232
1675526149139310
1675526149139459
1675526149139537
1675526149140191
1675526149140340
1675526149140418
1675526149140496
1675526149141295
1675526149141372
1675526149143801
1675526149146623
1675526149146697
1675526149146770
1675526149147667
1675526149148698
1675526149149799
1675526149149873
1675526149149947
1675526149150842
1675526149151911
1675526149154299
1675526149157188
1675526149157266
1675526149157343
1675526149157421
1675526149157498
1675526149158246
1675526149158325
1675526149158403
1675526149159273
1675526149159423
1675526149159500
1675526149159577
1675526149159655
1675526149160453
1675526149160531
1675526149163346
1675526149163420
1675526149163563
1675526149163637
1675526149163711
1675526149163784
1675526149163868
1675526149164011
1675526149164085
1675526149164159
1675526149164439
1675526149165472
1675526149166573
1675526149167605
1675526149168638
1675526149171521
1675526149171664
1675526149171737
1675526149171812
1675526149171972
1675526149172046
1675526149172669
1675526149173713
1675526149174746
1675526149175846
1675526149176878
1675526149179691
1675526149179765
1675526149179839
1675526149179912
1675526149180055
1675526149180129
1675526149180202
1675526149180276
1675526149180419
1675526149180767
1675526149180841
1675526149180915
1675526149180997
1675526149181140
1675526149181831
1675526149184230
1675526149185244
1675526149186331
1675526149188859
1675526149188937
1675526149189086
1675526149189958
1675526149190035
1675526149190112
1675526149190190
1675526149190989
1675526149191066
1675526149194778
1675526149194863
1675526149195828
1675526149195901
1675526149195975
1675526149196872
1675526149197906
1675526149199007
1675526149199081
1675526149199155
1675526149201764
1675526149201886
1675526149201961
1675526149202104
1675526149202178
1675526149202251
1675526149202325
1675526149202408
1675526149202551
1675526149202625
1675526149202698
1675526149202773
1675526149202915
1675526149202989
1675526149203953
1675526149206495
1675526149207528
1675526149207601
1675526149208634
1675526149209667
1675526149209741
1675526149209815
1675526149210711
1675526149210793
1675526149210867
1675526149213216
1675526149217116
1675526149217193
1675526149218208
1675526149218285
1675526149218363
1675526149218440
1675526149219239
1675526149219316
1675526149219466
1675526149219544
1675526149220414
1675526149220491
1675526149220569
1675526149220655
1675526149220733
1675526149221747
1675526149221825
1675526149221905
1675526149222049
1675526149222123
1675526149225622
1675526149226655
1675526149226797
1675526149227831
1675526149228864
1675526149229007
1675526149229970
1675526149230044
1675526149230118
1675526149230201
1675526149232448
1675526149235334
1675526149235408
1675526149236371
1675526149237540
1675526149238573
1675526149238647
1675526149238720
1675526149239616
1675526149239690
1675526149239833
1675526149239907
1675526149239980
1675526149240670
1675526149240813
1675526149240896
1675526149241994
1675526149242145
1675526149245107
1675526149246123
1675526149246272
1675526149246349
1675526149247221
1675526149248236
1675526149249324
1675526149249402
