1675526540736408
1675526540736486
1675526540737624
1675526540737753
1675526540737831
1675526540737917
1675526540740501
1675526540740557
1675526540740705
1675526540743324
1675526540744710
1675526540746179
1675526540747706
1675526540747783
1675526540747861
1675526540747939
1675526540748092
1675526540750474
1675526540751941
1675526540752069
1675526540753364
1675526540753451
1675526540756410
1675526540756467
1675526540756616
1675526540756693
1675526540756771
1675526540756848
1675526540756927
1675526540757076
1675526540757153
1675526540757232
1675526540757310
1675526540757388
1675526540757975
1675526540758052
1675526540758129
1675526540758214
1675526540759357
1675526540760905
1675526540760983
1675526540761060
1675526540762374
1675526540763896
1675526540765402
1675526540765480
1675526540766899
1675526540767049
1675526540768419
1675526540768547
1675526540769966
1675526540771385
1675526540771440
1675526540772886
1675526540774439
1675526540774519
1675526540774597
1675526540774673
1675526540774751
1675526540775889
1675526540776041
1675526540776120
1675526540776197
1675526540777457
1675526540777513
1675526540777590
1675526540777738
1675526540778933
1675526540780474
1675526540780532
1675526540780609
1675526540781870
1675526540781998
1675526540783364
1675526540786149
1675526540787643
1675526540787796
1675526540787875
1675526540787952
1675526540789211
1675526540790681
1675526540790808
1675526540790887
1675526540793448
1675526540794772
1675526540794858
1675526540797777
1675526540797928
1675526540798008
1675526540798084
1675526540798166
1675526540798243
1675526540798324
1675526540798476
1675526540798553
1675526540798630
1675526540798707
1675526540798785
1675526540798933
