1675526175483272
1675526175484287
1675526175485381
1675526175486478
1675526175487566
1675526175487644
1675526175490461
1675526175490539
1675526175490616
1675526175490693
1675526175490770
1675526175490848
1675526175490997
1675526175491075
1675526175491152
1675526175491230
1675526175491596
1675526175491673
1675526175492615
1675526175493711
1675526175494734
1675526175497623
1675526175497701
1675526175497778
1675526175497855
1675526175498581
1675526175499739
1675526175500825
1675526175501840
1675526175504224
1675526175505462
1675526175508135
1675526175508285
1675526175508363
1675526175508440
1675526175509253
1675526175509331
1675526175509408
1675526175509486
1675526175509563
1675526175510289
1675526175510366
1675526175510444
1675526175510594
1675526175511392
1675526175511470
1675526175514214
1675526175514292
1675526175514370
1675526175514447
1675526175515256
1675526175516361
1675526175517375
1675526175518462
1675526175518539
1675526175519481
1675526175520640
1675526175520790
1675526175520867
1675526175520945
1675526175521959
1675526175522038
1675526175523051
1675526175525804
1675526175526819
1675526175526969
1675526175527047
1675526175527928
1675526175528005
1675526175528083
1675526175528161
1675526175528959
1675526175529037
1675526175529187
1675526175529264
1675526175530062
1675526175530140
1675526175530218
1675526175531448
1675526175531525
1675526175531604
1675526175532544
1675526175533558
1675526175537466
1675526175537544
1675526175537694
1675526175537772
1675526175538571
1675526175539657
1675526175540673
1675526175540750
1675526175541765
1675526175542852
1675526175543867
1675526175546398
1675526175549286
1675526175549364
1675526175549442
1675526175549592
