1675525554130337
1675525554131352
1675525554131430
1675525554134254
1675525554134331
1675525554134410
1675525554135353
1675525554135431
1675525554136385
1675525554137473
1675525554138489
1675525554139577
1675525554140592
1675525554141753
1675525554142843
1675525554142921
1675525554142999
1675525554143077
1675525554145618
1675525554145696
1675525554145846
1675525554145923
1675525554146000
1675525554146078
1675525554146165
1675525554146749
1675525554147766
1675525554148853
1675525554149940
1675525554152761
1675525554152838
1675525554152917
1675525554152995
1675525554153834
1675525554154852
1675525554155940
1675525554156956
1675525554158045
1675525554159062
1675525554160077
1675525554161174
1675525554162190
1675525554162268
1675525554165091
1675525554165168
1675525554165246
1675525554165396
1675525554165474
1675525554165552
1675525554165629
1675525554165707
1675525554165855
1675525554165934
1675525554166012
1675525554166089
1675525554166167
1675525554166255
1675525554166406
1675525554169083
1675525554170169
1675525554170246
1675525554170397
1675525554170474
1675525554170552
1675525554171280
1675525554171356
1675525554172230
1675525554173318
1675525554174336
1675525554175352
1675525554175431
1675525554176374
1675525554177472
1675525554180004
1675525554180081
1675525554180233
1675525554180310
1675525554181038
1675525554182126
1675525554183142
1675525554183294
1675525554183371
1675525554183449
1675525554187427
1675525554187504
1675525554187582
1675525554187660
1675525554187737
1675525554187823
1675525554187974
1675525554188051
1675525554188129
1675525554188424
1675525554189441
1675525554190530
1675525554190607
1675525554191479
1675525554191557
1675525554192573
1675525554193669
1675525554194685
1675525554194764
1675525554195706
1675525554198024
1675525554199048
1675525554200063
1675525554200213
1675525554201229
1675525554204035
1675525554204111
1675525554204185
1675525554204328
1675525554204401
1675525554204477
1675525554204551
1675525554204694
1675525554204768
1675525554205049
1675525554205122
1675525554205197
1675525554205279
1675525554206109
1675525554207145
1675525554209965
1675525554210108
1675525554210182
1675525554210256
1675525554210330
1675525554211092
1675525554211166
1675525554211241
1675525554211315
1675525554212143
1675525554213180
1675525554214266
1675525554215302
1675525554216346
1675525554217451
1675525554220337
1675525554221441
1675525554222475
1675525554222549
1675525554223583
1675525554223680
1675525554223769
1675525554223846
1675525554223926
1675525554224581
1675525554224732
1675525554224810
1675525554224887
1675525554225760
1675525554225847
1675525554228601
1675525554228679
1675525554228756
1675525554229701
1675525554229780
1675525554229930
1675525554230730
1675525554230808
1675525554230958
1675525554231036
1675525554231836
1675525554232925
1675525554233972
1675525554234990
1675525554235068
1675525554239067
1675525554240084
1675525554240162
1675525554240238
1675525554240390
1675525554241189
1675525554241267
1675525554242210
1675525554242288
1675525554243305
1675525554243456
1675525554243534
1675525554243612
1675525554244347
1675525554244498
1675525554247247
1675525554247344
1675525554247422
1675525554247500
1675525554247576
1675525554248306
1675525554249395
1675525554250411
1675525554250490
1675525554250639
1675525554250718
1675525554251519
1675525554251597
1675525554252469
1675525554253558
1675525554256382
1675525554256460
1675525554257485
1675525554258502
1675525554259520
1675525554259598
1675525554260616
1675525554261633
1675525554262652
1675525554262730
1675525554262808
1675525554263756
1675525554263834
1675525554266584
1675525554266662
1675525554266812
1675525554266890
1675525554266968
1675525554267054
1675525554267131
1675525554267716
1675525554268733
1675525554269749
1675525554269826
1675525554270772
1675525554270922
1675525554271000
1675525554271872
1675525554274408
1675525554275423
1675525554276511
1675525554277527
1675525554278688
1675525554279705
1675525554280803
1675525554285001
1675525554285079
1675525554285158
1675525554285308
1675525554285386
1675525554285464
1675525554285541
1675525554285619
1675525554285697
1675525554285846
1675525554285924
1675525554286002
1675525554286080
1675525554286157
1675525554286306
1675525554286395
1675525554286473
1675525554286551
1675525554287134
1675525554287285
1675525554290032
1675525554290110
1675525554290188
1675525554290264
1675525554291065
1675525554291143
1675525554291293
1675525554292166
1675525554293182
1675525554294272
1675525554295290
1675525554296388
1675525554297405
1675525554298493
1675525554299510
1675525554302407
1675525554302485
1675525554302562
1675525554302640
1675525554303440
1675525554303518
1675525554303595
1675525554303680
1675525554303758
1675525554304487
1675525554304565
1675525554304642
1675525554305523
1675525554306610
1675525554307700
1675525554309293
1675525554310309
1675525554310387
1675525554310537
1675525554311409
1675525554311487
1675525554312431
1675525554313521
1675525554314543
1675525554315561
1675525554319828
1675525554319906
1675525554319984
1675525554320072
1675525554320150
1675525554320950
1675525554321027
1675525554322045
1675525554323062
1675525554323138
1675525554323217
1675525554323295
1675525554324103
1675525554324181
1675525554324259
1675525554324409
1675525554325208
1675525554325286
1675525554325364
1675525554325449
1675525554328127
1675525554328205
1675525554328283
1675525554329227
1675525554329305
1675525554330248
1675525554330326
1675525554330476
1675525554330555
1675525554331354
1675525554331431
1675525554332375
1675525554333464
1675525554334483
1675525554335571
1675525554338039
1675525554339057
1675525554340217
1675525554341233
1675525554344125
1675525554344203
1675525554344281
1675525554344358
1675525554344508
1675525554344586
1675525554344664
1675525554344742
1675525554344819
1675525554345186
1675525554345264
1675525554345414
1675525554345501
1675525554346300
1675525554346377
1675525554349127
1675525554350146
1675525554350296
1675525554350373
1675525554350450
1675525554351251
1675525554351327
1675525554352345
1675525554353362
1675525554354407
1675525554355497
1675525554356515
1675525554357531
1675525554358627
1675525554359716
1675525554362683
1675525554362760
1675525554362838
1675525554362916
1675525554362993
1675525554363071
1675525554363149
1675525554363668
1675525554363747
1675525554363824
1675525554363974
1675525554364052
1675525554364708
1675525554364858
1675525554364945
1675525554367622
1675525554368639
1675525554369728
1675525554369805
1675525554370749
1675525554370899
1675525554370977
1675525554371055
1675525554371854
1675525554372943
1675525554374036
1675525554375052
1675525554375130
1675525554376146
1675525554377163
1675525554379643
1675525554380730
1675525554380809
1675525554383631
1675525554383717
1675525554383795
1675525554383946
1675525554384024
1675525554384681
1675525554384759
1675525554384837
1675525554384914
1675525554385064
1675525554385720
1675525554385797
1675525554385875
1675525554385962
1675525554386834
1675525554389728
1675525554389806
1675525554389883
1675525554390826
1675525554390904
1675525554390981
1675525554391926
1675525554392942
1675525554394038
1675525554395054
1675525554396142
1675525554397231
1675525554398247
1675525554401139
1675525554402164
1675525554403254
1675525554403331
1675525554403410
1675525554403559
1675525554403638
1675525554404300
1675525554404377
1675525554404528
1675525554404606
1675525554405333
1675525554405410
1675525554405562
1675525554405639
1675525554408245
1675525554408322
1675525554408409
1675525554408487
1675525554409287
1675525554409365
1675525554409442
1675525554410387
1675525554410464
1675525554410542
1675525554410620
1675525554410697
1675525554411426
1675525554411504
1675525554412520
1675525554415343
1675525554415421
1675525554415499
1675525554415657
1675525554416456
1675525554417472
1675525554418560
1675525554419650
1675525554419726
1675525554420671
1675525554420749
1675525554421765
1675525554422782
1675525554422933
1675525554423009
1675525554424318
1675525554424395
1675525554424473
1675525554424623
1675525554425432
1675525554425510
1675525554425588
1675525554425666
1675525554426538
1675525554427554
1675525554430521
1675525554430599
1675525554430676
1675525554430826
1675525554431555
1675525554432644
1675525554433666
1675525554434756
1675525554435771
1675525554435922
1675525554436009
1675525554436881
1675525554437898
1675525554438984
1675525554440073
1675525554444339
1675525554444488
1675525554444568
1675525554444646
1675525554444722
1675525554444801
1675525554444879
1675525554444956
1675525554445034
1675525554445185
1675525554445262
1675525554445349
1675525554445499
1675525554446516
1675525554446594
1675525554447610
1675525554448625
1675525554449713
1675525554450801
1675525554450879
1675525554453628
1675525554453713
1675525554453856
1675525554453931
1675525554454005
1675525554454698
1675525554455664
1675525554456784
1675525554457820
1675525554458923
1675525554459959
1675525554460034
1675525554462853
1675525554462927
1675525554463001
1675525554463076
1675525554463150
1675525554463965
1675525554464039
1675525554464113
1675525554464187
1675525554464948
1675525554465021
1675525554465105
1675525554465249
1675525554466079
1675525554466152
1675525554470072
1675525554470146
1675525554470221
1675525554470295
1675525554471124
1675525554471199
1675525554472166
1675525554473202
1675525554474280
1675525554475299
1675525554475377
1675525554476395
1675525554477421
1675525554478509
1675525554479526
1675525554482350
1675525554482428
1675525554482506
1675525554482584
1675525554483457
1675525554483535
1675525554483612
1675525554483698
1675525554483849
1675525554484506
1675525554484584
1675525554484662
1675525554484740
1675525554487428
1675525554487506
1675525554487584
1675525554487662
1675525554487740
1675525554488396
1675525554489485
1675525554490574
1675525554490652
1675525554490730
1675525554490808
1675525554491536
1675525554492551
1675525554493720
1675525554494665
1675525554497633
1675525554498659
1675525554499677
1675525554499755
1675525554499833
1675525554500777
1675525554500856
1675525554501006
1675525554501808
1675525554502825
1675525554502902
1675525554502980
1675525554503860
1675525554506757
1675525554506835
1675525554506912
1675525554507063
1675525554507150
1675525554507227
1675525554507305
1675525554507818
1675525554508835
1675525554509925
1675525554510002
1675525554510080
1675525554510158
1675525554510308
1675525554510965
1675525554513865
1675525554514884
1675525554515035
1675525554515112
1675525554515984
1675525554517024
1675525554518113
1675525554519202
1675525554520220
1675525554521309
1675525554522400
1675525554523417
1675525554523495
1675525554523646
1675525554526255
1675525554526333
1675525554526483
1675525554526561
1675525554526638
1675525554526716
1675525554526794
1675525554526881
1675525554526958
1675525554527035
1675525554527114
1675525554527264
1675525554527342
1675525554527420
1675525554528438
1675525554531258
1675525554531336
1675525554531414
1675525554531491
1675525554531569
1675525554532371
1675525554533388
1675525554534483
1675525554534569
1675525554535515
1675525554536605
1675525554537623
1675525554538710
1675525554539727
1675525554540817
1675525554543720
1675525554543871
1675525554543949
1675525554544026
1675525554544105
1675525554544181
1675525554544259
1675525554544337
1675525554544487
1675525554544792
1675525554545880
1675525554546897
1675525554547985
1675525554549001
1675525554550019
1675525554552841
1675525554552918
1675525554552997
1675525554553147
1675525554553904
1675525554554993
1675525554555072
1675525554556017
1675525554557033
1675525554558121
1675525554559158
1675525554560174
1675525554563139
1675525554563218
1675525554563295
1675525554563374
1675525554563523
1675525554563601
1675525554564191
1675525554564268
1675525554564419
1675525554564497
1675525554564574
1675525554565158
1675525554565308
1675525554565386
1675525554565472
1675525554568152
1675525554569170
1675525554569248
1675525554570264
1675525554570343
1675525554570421
1675525554570499
1675525554571228
1675525554571306
1675525554572322
1675525554573339
1675525554574431
1675525554575449
1675525554576465
1675525554577554
1675525554579951
1675525554580969
1675525554583834
1675525554583913
1675525554584064
1675525554584142
1675525554584220
1675525554584297
1675525554584375
1675525554584452
1675525554584965
1675525554585043
1675525554585121
1675525554585199
1675525554585999
1675525554586077
1675525554586165
1675525554588842
1675525554588920
1675525554589070
1675525554589943
1675525554590021
1675525554590099
1675525554590177
1675525554590977
1675525554591056
1675525554591206
1675525554592078
1675525554593022
1675525554594048
1675525554595210
1675525554596226
1675525554599057
1675525554599208
1675525554600225
1675525554600302
1675525554600380
1675525554600458
1675525554601258
1675525554602347
1675525554602425
1675525554603369
1675525554603446
1675525554603524
1675525554603602
1675525554604410
1675525554604488
1675525554607237
1675525554607325
1675525554607475
1675525554607552
1675525554608354
1675525554609370
1675525554609520
1675525554609598
1675525554610399
1675525554610477
1675525554610555
1675525554610633
1675525554611433
1675525554612521
1675525554613539
1675525554616508
1675525554616586
1675525554616674
1675525554617618
1675525554618635
1675525554619724
1675525554620812
1675525554620890
1675525554621833
1675525554622921
1675525554623000
1675525554623076
1675525554623955
1675525554626849
1675525554626928
1675525554627006
1675525554627156
1675525554627234
1675525554627321
1675525554627399
1675525554627478
1675525554627916
1675525554629004
1675525554630092
1675525554630170
1675525554630248
1675525554631121
1675525554631199
1675525554633975
1675525554635064
1675525554635214
1675525554636085
1675525554637247
1675525554638264
1675525554639363
1675525554640380
1675525554641469
1675525554642485
1675525554643504
1675525554643582
1675525554643667
1675525554646343
1675525554646422
1675525554646500
1675525554646576
1675525554646727
1675525554646805
1675525554646883
1675525554646961
1675525554647039
1675525554647125
1675525554647275
1675525554647352
1675525554647431
1675525554648518
1675525554649536
1675525554652504
1675525554652581
1675525554652659
1675525554652738
1675525554652816
1675525554652966
1675525554653549
1675525554654568
1675525554655727
1675525554655806
1675525554656700
1675525554657861
1675525554658877
1675525554659967
1675525554660046
1675525554661425
1675525554661503
1675525554661580
1675525554662454
1675525554662531
1675525554663550
1675525554663628
1675525554663780
1675525554663858
1675525554663936
1675525554667769
1675525554667857
1675525554667935
1675525554668807
1675525554669896
1675525554669974
1675525554670052
1675525554670924
1675525554671074
1675525554672017
1675525554673034
1675525554674058
1675525554675148
1675525554675226
1675525554676171
1675525554677188
1675525554678277
1675525554679301
1675525554680317
1675525554681695
1675525554684700
1675525554684851
1675525554684929
1675525554685007
1675525554685085
1675525554685163
1675525554685313
1675525554685391
1675525554685469
1675525554685546
1675525554685624
1675525554685703
1675525554685854
1675525554685943
1675525554686021
1675525554688771
1675525554688849
1675525554688927
1675525554689799
1675525554689949
1675525554690027
1675525554690105
1675525554690182
1675525554690838
1675525554690916
1675525554690994
1675525554691865
1675525554692955
1675525554693908
1675525554695004
1675525554697537
1675525554698628
1675525554699646
1675525554700663
1675525554701679
1675525554702767
1675525554702845
1675525554703788
1675525554707981
1675525554708055
1675525554708129
1675525554708203
1675525554708277
1675525554708420
1675525554708493
1675525554708578
1675525554708652
1675525554708726
1675525554709075
1675525554709149
1675525554710113
1675525554710188
1675525554710262
1675525554710336
1675525554711097
1675525554711239
1675525554712206
1675525554713242
1675525554716145
1675525554716224
1675525554716302
1675525554717184
1675525554718272
1675525554719361
1675525554720377
1675525554720527
1675525554720605
1675525554721478
1675525554722566
1675525554722643
1675525554723516
1675525554723594
1675525554723747
1675525554726496
1675525554726574
1675525554726723
1675525554726802
1675525554726890
1675525554726968
1675525554727046
1675525554727124
1675525554727201
1675525554727567
1675525554728654
1675525554729670
1675525554730759
1675525554730837
1675525554730987
1675525554733592
1675525554733677
1675525554734622
1675525554734772
1675525554734850
1675525554734938
1675525554735738
1675525554736827
1675525554737914
1675525554739003
1675525554740093
1675525554741109
1675525554742197
1675525554743141
1675525554743291
1675525554746139
1675525554746219
1675525554746296
1675525554746374
1675525554746451
1675525554746530
1675525554746618
1675525554746696
1675525554747208
1675525554748223
1675525554749383
1675525554750326
1675525554750477
1675525554753224
1675525554753374
1675525554753452
1675525554754331
1675525554754410
1675525554755354
1675525554756442
1675525554757457
