1675525736314375
1675525736314448
1675525736314523
1675525736314665
1675525736315221
1675525736316394
1675525736317432
1675525736318523
1675525736319613
1675525736319691
1675525736320780
1675525736321806
1675525736322895
1675525736322973
1675525736323051
1675525736323128
1675525736323929
1675525736324943
1675525736326466
1675525736326544
1675525736326621
1675525736326698
1675525736326848
1675525736327543
1675525736327617
1675525736327690
1675525736331543
1675525736331629
1675525736331704
1675525736331847
1675525736331920
1675525736331994
1675525736332618
1675525736332693
1675525736333727
1675525736334901
1675525736335936
1675525736336998
1675525736338019
1675525736339109
1675525736340127
1675525736341361
1675525736342523
1675525736342612
1675525736342690
1675525736343564
1675525736343933
1675525736345023
1675525736346114
1675525736346193
1675525736346270
1675525736347130
1675525736350018
1675525736350160
1675525736350235
1675525736350310
1675525736350384
1675525736350527
1675525736350602
1675525736350686
1675525736350761
1675525736350835
1675525736350977
1675525736351053
1675525736351127
1675525736351201
1675525736351275
1675525736354026
1675525736354100
1675525736354173
1675525736355139
1675525736356242
1675525736357276
1675525736358294
1675525736359383
1675525736360408
1675525736360486
1675525736361430
1675525736362518
1675525736363534
1675525736364622
1675525736367584
1675525736367660
1675525736367803
1675525736367878
1675525736367952
1675525736368026
1675525736368169
1675525736368244
1675525736368662
1675525736369699
1675525736369786
1675525736369930
1675525736372544
1675525736372618
1675525736372692
1675525736372765
1675525736372909
1675525736372983
