1675526151266703
1675526151267789
1675526151268804
1675526151270064
1675526151272673
1675526151272747
1675526151272889
1675526151273853
1675526151273926
1675526151274891
1675526151274965
1675526151275930
1675526151276963
1675526151278064
1675526151279111
1675526151280212
1675526151281601
1675526151281675
1675526151281749
1675526151281822
1675526151284565
1675526151284638
1675526151284712
1675526151284854
1675526151284928
1675526151285002
1675526151285075
1675526151285217
1675526151285634
1675526151286667
1675526151287766
1675526151288936
1675526151291300
1675526151292387
1675526151293329
1675526151294415
1675526151297378
1675526151297456
1675526151297533
1675526151298403
1675526151298553
1675526151298630
1675526151299419
1675526151300522
1675526151300596
1675526151300671
1675526151300745
1675526151301572
1675526151301658
1675526151301733
1675526151304476
1675526151304550
1675526151304624
1675526151304698
1675526151304840
1675526151304914
1675526151304987
1675526151305061
1675526151305204
1675526151305278
1675526151305352
1675526151305427
1675526151305638
1675526151305712
1675526151305795
1675526151308060
1675526151309206
1675526151310240
1675526151311274
1675526151312375
1675526151313340
1675526151314373
1675526151314516
1675526151317192
1675526151318224
1675526151318298
1675526151318440
1675526151319315
1675526151320348
1675526151323160
1675526151323315
1675526151323390
1675526151323464
1675526151323538
1675526151323612
1675526151323754
1675526151323828
1675526151323901
1675526151323975
1675526151324255
1675526151324397
1675526151324470
1675526151325366
1675526151326398
1675526151329204
1675526151329283
1675526151330238
1675526151331324
1675526151332340
1675526151333497
1675526151333576
1675526151333726
1675526151335895
1675526151336910
1675526151340949
1675526151341024
1675526151341097
1675526151341172
1675526151341999
1675526151342073
1675526151342147
1675526151342221
1675526151342372
1675526151343063
1675526151343137
1675526151343211
1675526151343354
1675526151344182
1675526151344324
1675526151346932
1675526151347006
1675526151347080
1675526151347223
1675526151347297
1675526151347371
1675526151347991
1675526151349055
1675526151350163
1675526151351207
1675526151352240
1675526151353410
1675526151353484
1675526151354722
1675526151354796
1675526151354939
1675526151357683
1675526151357825
1675526151358789
1675526151358863
1675526151359863
1675526151360896
1675526151360969
1675526151361112
1675526151361186
1675526151361269
1675526151361960
1675526151362034
1675526151362177
1675526151362251
1675526151363011
1675526151365964
1675526151366038
1675526151366112
1675526151366254
1675526151366328
1675526151366402
1675526151366476
1675526151366618
1675526151366692
1675526151367040
1675526151368081
1675526151369203
1675526151370238
1675526151371340
1675526151373947
1675526151374021
1675526151374095
1675526151374990
1675526151375064
1675526151375138
1675526151379203
1675526151379281
1675526151379359
1675526151380376
1675526151380453
1675526151380531
1675526151381416
1675526151381494
1675526151381572
1675526151381649
1675526151381799
1675526151382455
1675526151382532
1675526151383547
1675526151383624
1675526151383701
1675526151383778
1675526151383855
1675526151384582
1675526151384660
1675526151385890
1675526151387050
1675526151389922
1675526151390065
1675526151391031
1675526151392132
1675526151393232
1675526151393306
1675526151394270
1675526151395302
1675526151395376
1675526151396340
1675526151397510
1675526151398884
1675526151401843
1675526151401917
1675526151401991
1675526151402065
1675526151402151
1675526151402294
1675526151402367
1675526151402921
1675526151402995
1675526151403068
1675526151403142
1675526151403968
1675526151404043
1675526151404117
1675526151405013
1675526151407483
1675526151407626
1675526151411372
1675526151412532
1675526151413547
1675526151413635
1675526151413785
1675526151413862
1675526151414662
1675526151415677
1675526151416764
1675526151417996
1675526151419243
1675526151420277
1675526151423229
1675526151423303
1675526151423446
1675526151423519
1675526151423593
1675526151423667
1675526151423809
1675526151423893
1675526151423968
1675526151424042
1675526151424184
1675526151424259
1675526151424333
1675526151424407
1675526151424549
1675526151427226
1675526151427300
1675526151427373
1675526151427516
1675526151427589
1675526151427663
1675526151427736
1675526151428290
1675526151428383
1675526151429351
1675526151430438
1675526151431455
1675526151432542
1675526151433556
1675526151434788
1675526151436090
1675526151436240
1675526151436318
1675526151437189
1675526151439964
1675526151440107
1675526151440181
1675526151440255
1675526151441015
1675526151441168
1675526151441243
1675526151441316
1675526151442076
1675526151442218
1675526151443182
1675526151443256
1675526151443330
1675526151443404
1675526151444231
1675526151445742
1675526151445815
1675526151445890
1675526151445963
1675526151446791
1675526151447825
1675526151448866
1675526151449929
1675526151454187
1675526151454265
1675526151454343
1675526151454421
1675526151454498
1675526151454647
1675526151454725
1675526151455307
1675526151456395
1675526151457412
1675526151458499
1675526151459579
1675526151460612
1675526151460686
1675526151461660
1675526151461734
1675526151461877
1675526151461951
1675526151462710
1675526151462784
1675526151465598
1675526151465741
1675526151465815
1675526151465888
1675526151465962
1675526151466104
1675526151466178
1675526151466252
1675526151466326
1675526151466468
1675526151466687
1675526151467789
1675526151470573
1675526151471661
1675526151472677
1675526151473764
1675526151473841
1675526151473919
1675526151474789
1675526151474866
1675526151474943
1675526151475957
1675526151476971
1675526151478058
1675526151480376
1675526151480450
1675526151483341
1675526151483415
1675526151483489
1675526151483563
1675526151483637
1675526151483710
1675526151483853
1675526151483927
1675526151484001
1675526151484075
1675526151484149
1675526151484291
1675526151484365
1675526151484439
1675526151484513
1675526151486846
1675526151487956
1675526151489108
1675526151490074
1675526151492546
1675526151493646
1675526151494611
1675526151495713
1675526151498595
1675526151498669
1675526151498743
1675526151498816
1675526151499618
1675526151500788
1675526151500862
1675526151500935
1675526151501009
1675526151501846
1675526151501921
1675526151501994
1675526151502137
1675526151502895
1675526151502969
1675526151505713
1675526151505787
1675526151505861
1675526151506003
1675526151506077
1675526151506151
1675526151506225
1675526151506367
1675526151506783
1675526151507818
1675526151508997
1675526151510070
1675526151511085
1675526151512174
1675526151513551
1675526151513629
1675526151514645
1675526151517609
1675526151517686
1675526151518631
1675526151519757
1675526151520790
1675526151520864
1675526151520938
1675526151521080
1675526151521840
1675526151521923
1675526151522887
1675526151522961
1675526151523103
1675526151523930
1675526151524072
1675526151525377
1675526151525451
1675526151525524
1675526151525667
1675526151526425
1675526151529204
1675526151530290
1675526151531378
1675526151532465
1675526151533480
1675526151533568
1675526151533646
1675526151534516
1675526151534667
1675526151534744
1675526151534822
1675526151536919
1675526151538007
1675526151539025
1675526151541838
1675526151541912
1675526151542055
1675526151542128
1675526151542202
1675526151542276
1675526151542418
1675526151542512
1675526151542587
1675526151542660
1675526151542940
1675526151543014
1675526151543088
1675526151543230
1675526151543989
1675526151546801
1675526151546875
1675526151547018
1675526151547092
1675526151547166
1675526151547240
1675526151547382
1675526151547867
1675526151548908
1675526151549042
1675526151550009
1675526151551041
1675526151552141
1675526151553175
1675526151554209
1675526151555516
1675526151555659
1675526151558609
1675526151558683
1675526151558826
1675526151558900
1675526151559707
1675526151560723
1675526151561810
1675526151561898
1675526151561976
1675526151562054
1675526151562131
1675526151562858
1675526151562936
1675526151563086
1675526151563164
1675526151565692
1675526151565770
1675526151565848
1675526151565997
1675526151566075
1675526151566152
1675526151566735
1675526151567823
1675526151568859
1675526151568938
1675526151569986
1675526151571020
1675526151572052
1675526151573496
1675526151573570
1675526151574534
1675526151574608
1675526151574682
1675526151577357
1675526151578389
1675526151579475
1675526151580508
1675526151580582
1675526151580725
1675526151580809
1675526151581636
1675526151581778
1675526151581852
1675526151581926
1675526151581999
1675526151582758
1675526151582832
1675526151582905
1675526151584212
1675526151584286
1675526151584428
1675526151584502
1675526151585260
1675526151585403
1675526151585477
1675526151586380
1675526151589060
1675526151590150
1675526151591308
1675526151592322
1675526151593410
1675526151593488
1675526151594431
1675526151595590
1675526151595668
1675526151598052
1675526151598130
1675526151600923
1675526151600996
1675526151601138
1675526151601213
1675526151601297
1675526151601370
1675526151601513
1675526151601586
1675526151602003
1675526151602076
1675526151602218
1675526151602292
1675526151603187
1675526151603261
1675526151603334
1675526151604503
1675526151604577
1675526151604651
1675526151604793
1675526151605552
1675526151608166
1675526151609245
1675526151610347
1675526151611447
1675526151612547
1675526151613579
1675526151614610
1675526151617420
1675526151617493
1675526151618593
1675526151618667
1675526151619667
1675526151620700
1675526151622212
1675526151622286
1675526151622360
1675526151622445
1675526151622519
1675526151622661
1675526151622736
1675526151622810
1675526151623295
1675526151623368
1675526151627546
1675526151627688
1675526151627761
1675526151627835
1675526151627909
1675526151628051
1675526151628125
1675526151628198
1675526151628272
1675526151628628
1675526151629726
1675526151630758
1675526151631927
1675526151632958
1675526151633031
1675526151633994
1675526151634137
1675526151636400
1675526151639226
1675526151640243
1675526151640320
1675526151640471
1675526151641413
1675526151641490
1675526151641568
1675526151641654
1675526151642452
1675526151643538
1675526151643616
1675526151643693
1675526151643770
1675526151643920
1675526151644573
1675526151646020
1675526151646098
1675526151647040
1675526151648126
1675526151649139
1675526151651815
1675526151652847
1675526151652920
1675526151653894
1675526151653968
1675526151654111
1675526151654185
1675526151657884
1675526151657958
1675526151658921
1675526151658995
1675526151660072
1675526151660146
1675526151661109
1675526151661250
1675526151661324
1675526151661399
1675526151662226
1675526151662300
1675526151662383
1675526151662458
1675526151662532
1675526151666436
1675526151666510
1675526151666584
1675526151666726
1675526151666800
1675526151666874
1675526151666947
1675526151667090
1675526151667164
1675526151667237
1675526151667311
1675526151667454
1675526151667528
1675526151667610
1675526151667684
1675526151668647
1675526151668721
1675526151669706
1675526151670794
1675526151671809
1675526151673256
1675526151674269
1675526151674419
1675526151674497
1675526151675366
1675526151678183
1675526151678260
1675526151678338
1675526151679278
1675526151680388
1675526151680462
1675526151681494
1675526151681568
1675526151681642
1675526151681716
1675526151682542
1675526151682616
1675526151683579
1675526151683653
1675526151683795
1675526151685101
1675526151686133
1675526151686207
1675526151686349
1675526151686423
1675526151686505
1675526151687196
1675526151690066
1675526151691225
1675526151691303
1675526151692245
1675526151693331
1675526151693408
1675526151693486
1675526151693563
1675526151694360
1675526151695519
1675526151696532
1675526151697620
1675526151699960
1675526151704279
1675526151704364
1675526151704439
1675526151704581
1675526151704655
1675526151704729
1675526151704803
1675526151704945
1675526151705019
1675526151705093
1675526151705166
1675526151705309
1675526151705383
1675526151705457
1675526151705531
1675526151705674
1675526151705748
1675526151705842
1675526151706533
1675526151707566
1675526151710501
1675526151711515
1675526151712601
1675526151713688
1675526151713765
1675526151713843
1675526151714712
1675526151714790
1675526151715876
1675526151716890
1675526151717977
1675526151719340
1675526151720374
1675526151723333
1675526151723407
1675526151723480
1675526151723554
1675526151723697
1675526151723770
1675526151723844
1675526151723918
1675526151723991
1675526151724065
1675526151724208
1675526151724281
1675526151724356
1675526151724430
1675526151724503
1675526151725948
1675526151726031
1675526151727065
1675526151728097
1675526151729176
1675526151730279
1675526151731311
1675526151734054
1675526151734128
1675526151735158
1675526151736259
1675526151737360
1675526151738323
1675526151739475
1675526151742358
1675526151742433
1675526151742575
1675526151742660
1675526151742733
1675526151742807
1675526151742881
1675526151743023
1675526151743098
1675526151743446
1675526151743520
1675526151743593
1675526151743736
1675526151743809
1675526151744500
1675526151747312
1675526151747385
1675526151747528
1675526151748355
1675526151748506
1675526151749453
1675526151750486
1675526151751587
1675526151752619
1675526151752693
1675526151753656
1675526151753730
1675526151755104
1675526151758051
1675526151758125
1675526151759120
1675526151760153
1675526151760295
1675526151760369
1675526151761265
1675526151761349
1675526151761422
1675526151761497
1675526151762391
1675526151762465
1675526151763428
1675526151763570
1675526151763645
1675526151764952
1675526151765026
1675526151765168
1675526151765242
1675526151765316
1675526151766005
1675526151767105
1675526151771292
1675526151772462
1675526151772539
1675526151773481
1675526151773560
1675526151773709
1675526151774579
1675526151774657
1675526151774735
1675526151774812
1675526151775610
1675526151776697
1675526151777710
1675526151778798
1675526151781215
1675526151781289
1675526151781363
1675526151783909
1675526151783983
1675526151784126
1675526151784200
1675526151784273
1675526151784347
1675526151784489
1675526151784563
1675526151784637
1675526151784711
1675526151784853
1675526151784928
1675526151785001
1675526151785075
1675526151785218
1675526151787959
1675526151788111
1675526151788185
1675526151788258
1675526151789101
1675526151790119
1675526151791133
1675526151792219
1675526151793234
1675526151794320
1675526151795408
1675526151795558
1675526151795636
1675526151796795
1675526151797881
1675526151800700
1675526151800777
1675526151800868
1675526151800946
1675526151801023
1675526151801173
1675526151801250
1675526151801831
1675526151801909
1675526151802058
1675526151802928
1675526151803005
1675526151803082
1675526151803951
1675526151804030
1675526151805477
1675526151805554
1675526151805632
1675526151806511
1675526151807597
1675526151808612
1675526151809773
1675526151812445
1675526151812523
1675526151813537
1675526151813614
1675526151813692
1675526151814561
1675526151815645
1675526151816730
1675526151817742
1675526151818827
1675526151821653
1675526151821727
1675526151821812
1675526151821954
1675526151822028
1675526151822102
1675526151822176
1675526151822797
1675526151822939
1675526151823013
1675526151823087
1675526151823913
1675526151823987
1675526151824060
1675526151826736
1675526151826809
1675526151826883
1675526151826957
1675526151827793
1675526151827867
1675526151828831
1675526151829867
1675526151830969
1675526151832070
1675526151833033
1675526151834477
1675526151834551
1675526151837430
1675526151837504
1675526151838534
1675526151839619
1675526151840707
1675526151840784
1675526151840862
1675526151841672
1675526151841822
1675526151841900
1675526151841977
1675526151842776
1675526151842927
1675526151843004
1675526151843082
1675526151845681
1675526151845759
1675526151845837
1675526151845914
1675526151845992
1675526151846142
1675526151846797
1675526151847884
1675526151848860
1675526151849974
1675526151851061
1675526151853375
1675526151854389
1675526151854466
1675526151854616
1675526151857360
1675526151857438
1675526151858379
1675526151859474
1675526151860488
1675526151860639
1675526151860717
1675526151860794
1675526151861592
1675526151861680
1675526151861758
1675526151861836
1675526151862562
1675526151862639
1675526151862718
1675526151864093
1675526151864171
1675526151864248
1675526151864325
1675526151864403
1675526151864553
1675526151864630
1675526151865141
1675526151865218
1675526151869405
1675526151869491
1675526151869642
1675526151870512
1675526151871597
1675526151872612
1675526151873699
1675526151873849
1675526151874719
1675526151874797
1675526151874946
1675526151875817
1675526151876832
1675526151879224
1675526151882184
1675526151882262
1675526151882339
1675526151882426
1675526151882577
1675526151882655
1675526151882732
1675526151883314
1675526151883392
1675526151883469
1675526151883546
1675526151884418
1675526151884495
1675526151884573
1675526151885442
1675526151887968
1675526151888982
1675526151892882
1675526151892959
1675526151893046
1675526151893124
1675526151893922
1675526151894072
1675526151895087
1675526151895165
1675526151896178
