1675526533955244
1675526533955395
1675526533955473
1675526533955550
1675526533955628
1675526533955715
1675526533955865
1675526533955943
1675526533958181
1675526533958258
1675526533958336
1675526533959638
1675526533959788
1675526533959865
1675526533959943
1675526533960021
1675526533962271
1675526533963647
1675526533965160
1675526533965234
1675526533967705
1675526533969020
1675526533970533
1675526533970608
1675526533970750
1675526533970823
1675526533970897
1675526533973141
1675526533974518
1675526533974668
1675526533974746
1675526533974824
1675526533974902
1675526533978652
1675526533978731
1675526533978808
1675526533978958
1675526533979045
1675526533979123
1675526533979201
1675526533979278
1675526533980077
1675526533980155
1675526533980232
1675526533980308
1675526533980458
1675526533981562
1675526533981640
1675526533985390
1675526533987920
1675526533989295
1675526533989373
1675526533989451
1675526533990763
1675526533990912
1675526533990990
1675526533991101
1675526533993438
1675526533993512
1675526533996259
1675526533996402
1675526533996476
1675526533996550
1675526533996692
1675526533996767
1675526533996841
1675526533996915
1675526533997058
1675526533997132
1675526533997215
1675526533997289
1675526533997773
1675526533997918
1675526534000525
1675526534000599
1675526534000672
1675526534000746
1675526534000890
1675526534001841
1675526534004371
1675526534005748
1675526534008492
1675526534008570
1675526534009803
1675526534009880
1675526534009967
1675526534010045
1675526534011269
1675526534011411
1675526534013881
1675526534013955
1675526534016835
1675526534016908
1675526534016983
1675526534017057
1675526534017200
1675526534017274
1675526534017348
1675526534017422
1675526534017564
1675526534017638
1675526534018281
1675526534018424
1675526534018498
1675526534019805
1675526534019879
1675526534020022
1675526534020096
1675526534022421
1675526534023798
1675526534023876
1675526534024026
1675526534025330
1675526534025407
1675526534027935
1675526534029310
1675526534033516
1675526534033599
1675526534033742
1675526534033816
1675526534033890
1675526534033964
1675526534034107
1675526534034181
1675526534034255
1675526534036314
1675526534036388
1675526534036462
1675526534036605
1675526534036679
1675526534036753
1675526534036827
1675526534036969
1675526534038901
1675526534039044
1675526534039118
1675526534040286
1675526534040430
1675526534040504
1675526534040578
1675526534040652
1675526534041843
1675526534044444
1675526534046899
1675526534048273
1675526534049936
1675526534050014
1675526534050092
1675526534050242
1675526534050336
1675526534050414
1675526534050491
1675526534053904
1675526534053979
1675526534054121
1675526534054195
1675526534055433
1675526534055507
1675526534055581
1675526534055724
1675526534055798
1675526534055871
1675526534056014
1675526534058279
1675526534058421
1675526534058504
1675526534058578
1675526534058652
1675526534058795
1675526534058869
1675526534058943
1675526534059017
1675526534059159
1675526534059781
1675526534059924
1675526534059997
1675526534060071
1675526534064934
1675526534066378
1675526534067754
1675526534070431
1675526534070515
1675526534070589
1675526534070663
1675526534070805
1675526534071772
1675526534071923
1675526534074446
1675526534074597
1675526534074747
1675526534074825
1675526534074903
1675526534075847
1675526534075925
1675526534076002
1675526534076080
1675526534076157
1675526534078404
1675526534079778
1675526534079928
1675526534080006
1675526534080084
1675526534081302
1675526534081376
1675526534081519
1675526534081593
1675526534083994
1675526534084136
1675526534084210
1675526534085311
1675526534087918
1675526534089295
1675526534089370
1675526534090752
1675526534090895
1675526534090969
1675526534091055
1675526534092288
1675526534095321
1675526534095398
1675526534095476
1675526534095553
1675526534095704
1675526534095781
1675526534095858
1675526534095936
1675526534096014
1675526534096165
1675526534097898
1675526534099281
1675526534099431
1675526534099508
1675526534100809
1675526534100887
1675526534100965
1675526534101114
1675526534104677
1675526534106051
1675526534108654
1675526534108728
1675526534108802
1675526534110176
1675526534110249
1675526534110323
1675526534110465
1675526534110548
1675526534110623
1675526534110697
1675526534114151
1675526534114230
1675526534114307
1675526534114457
1675526534114533
1675526534117060
1675526534117139
1675526534117216
1675526534117294
1675526534117445
1675526534117522
1675526534117600
1675526534117677
1675526534117763
1675526534117841
1675526534117991
1675526534119653
1675526534119731
1675526534119808
1675526534121112
1675526534121186
1675526534121259
1675526534121333
1675526534121477
1675526534122509
1675526534125116
1675526534127654
1675526534129030
1675526534129173
1675526534129256
1675526534130563
1675526534130636
1675526534130710
1675526534130854
1675526534130928
1675526534133139
1675526534136027
1675526534136177
1675526534136255
1675526534136332
1675526534136410
1675526534136487
1675526534136638
1675526534136715
1675526534136793
1675526534136880
1675526534136957
1675526534137035
1675526534138700
1675526534140145
1675526534140295
1675526534140373
1675526534140451
1675526534140528
1675526534140605
1675526534140755
1675526534143035
1675526534143109
1675526534143251
1675526534143325
1675526534144561
1675526534147177
1675526534148552
1675526534148625
1675526534150205
1675526534150280
1675526534150353
1675526534150495
1675526534150570
1675526534150644
1675526534150718
1675526534152780
1675526534155524
1675526534155674
1675526534155751
1675526534155830
1675526534155907
1675526534156005
1675526534156083
1675526534156233
1675526534156309
1675526534157035
1675526534159635
1675526534159786
1675526534159863
1675526534159941
1675526534161098
1675526534161171
1675526534161245
1675526534161320
1675526534164953
1675526534167424
1675526534168798
1675526534170524
1675526534170599
1675526534170672
1675526534170746
1675526534170889
1675526534170963
1675526534174402
1675526534174545
1675526534174620
1675526534174694
1675526534174768
1675526534174910
1675526534177309
1675526534177383
1675526534177526
1675526534177600
1675526534177683
1675526534177757
1675526534177832
1675526534177975
1675526534178049
1675526534178124
1675526534178197
1675526534178340
1675526534179920
1675526534179995
1675526534180137
1675526534180211
1675526534181311
1675526534181386
1675526534181529
1675526534185160
1675526534186545
1675526534188055
1675526534188129
1675526534188203
1675526534189509
1675526534189651
1675526534189725
1675526534189798
1675526534192194
1675526534193570
1675526534195220
1675526534195362
1675526534195436
1675526534195510
1675526534195584
1675526534195727
1675526534195810
1675526534199170
1675526534199245
1675526534199319
1675526534199462
1675526534200563
1675526534200637
1675526534200711
1675526534200853
1675526534200927
1675526534203215
1675526534204518
1675526534204668
1675526534206041
1675526534206119
1675526534208642
1675526534208730
1675526534208880
1675526534210039
1675526534210189
1675526534210266
1675526534211501
1675526534211644
1675526534214186
1675526534214260
1675526534214334
1675526534217012
1675526534217155
1675526534217229
1675526534217303
1675526534217446
1675526534217520
1675526534217604
1675526534217679
1675526534217753
1675526534217895
1675526534219682
1675526534219756
1675526534219898
1675526534219972
1675526534221044
1675526534221195
1675526534221274
1675526534222578
1675526534225177
1675526534227704
1675526534229079
1675526534229157
1675526534229244
1675526534230547
1675526534230625
1675526534230775
1675526534230852
1675526534230931
1675526534233212
1675526534234657
1675526534234799
1675526534234872
1675526534234946
1675526534235020
1675526534235163
1675526534235237
1675526534238671
1675526534238814
1675526534238897
1675526534238970
1675526534239045
1675526534239119
1675526534239262
1675526534239336
1675526534239409
1675526534240033
1675526534240107
1675526534240248
1675526534240323
1675526534241556
1675526534241635
1675526534245460
1675526534247916
1675526534249293
1675526534249379
1675526534249530
1675526534249608
1675526534250766
1675526534250916
1675526534250994
1675526534251088
1675526534252329
1675526534255283
1675526534255428
1675526534255502
1675526534255576
1675526534255650
1675526534255723
1675526534255798
1675526534255940
1675526534256032
1675526534256106
1675526534256180
1675526534257899
1675526534259275
1675526534259349
1675526534260795
1675526534260869
1675526534260943
1675526534261120
1675526534263433
1675526534264810
1675526534264888
1675526534264967
1675526534266270
1675526534267788
1675526534270399
1675526534270477
1675526534270627
1675526534270705
1675526534271795
1675526534271873
1675526534274401
1675526534274553
1675526534274630
1675526534274708
1675526534274785
1675526534275801
1675526534275879
1675526534275957
1675526534276034
1675526534276112
1675526534278433
1675526534279810
1675526534279888
1675526534279965
1675526534280043
1675526534281403
1675526534281477
1675526534281552
1675526534281626
1675526534285127
1675526534287670
1675526534289045
1675526534289119
1675526534289262
1675526534290569
1675526534290643
1675526534290726
1675526534290801
1675526534293140
1675526534294659
1675526534294738
1675526534294816
1675526534294966
1675526534295044
1675526534295121
1675526534295199
1675526534295276
1675526534300185
1675526534300263
1675526534300342
1675526534300492
1675526534300570
1675526534300669
1675526534300745
1675526534300823
1675526534300902
1675526534300979
1675526534301129
1675526534301203
1675526534301277
1675526534301419
1675526534301493
1675526534301636
1675526534301710
1675526534305415
1675526534306791
1675526534306934
1675526534308309
1675526534308392
1675526534308467
1675526534308610
1675526534309781
1675526534309924
1675526534309997
1675526534310071
1675526534312423
1675526534313800
1675526534315536
1675526534315614
1675526534315691
1675526534315769
1675526534315845
1675526534315924
1675526534316075
1675526534316160
1675526534318040
1675526534320783
1675526534320860
1675526534321018
1675526534321093
1675526534321167
1675526534321241
1675526534321315
1675526534323445
1675526534324821
1675526534324895
1675526534324969
1675526534326275
1675526534327789
1675526534327862
1675526534327946
1675526534330418
1675526534330492
1675526534330566
1675526534330709
1675526534331769
1675526534334801
1675526534334879
1675526534335029
1675526534335107
1675526534335184
1675526534335262
1675526534335341
1675526534335418
1675526534335569
1675526534335646
1675526534335733
1675526534336316
1675526534338916
1675526534338994
1675526534340441
1675526534340519
1675526534340597
1675526534340675
1675526534340825
1675526534340902
1675526534344273
1675526534346812
1675526534349557
1675526534349631
1675526534349706
1675526534349848
1675526534349930
1675526534350005
1675526534351047
1675526534351128
1675526534353658
1675526534353809
1675526534353886
1675526534356561
1675526534356640
1675526534356717
1675526534356867
1675526534356945
1675526534357023
1675526534357100
1675526534357178
1675526534357327
1675526534357414
1675526534357492
1675526534357570
1675526534359161
1675526534360681
1675526534360759
1675526534360837
1675526534360987
1675526534361066
1675526534361140
1675526534361284
1675526534361358
1675526534364583
1675526534367055
1675526534369801
1675526534369874
1675526534369958
1675526534370101
1675526534370175
1675526534370249
1675526534371259
1675526534373932
1675526534374010
1675526534376756
1675526534376907
1675526534376984
1675526534377135
1675526534377213
1675526534377290
1675526534377367
1675526534377445
1675526534377523
1675526534377609
1675526534377760
1675526534378271
1675526534380005
1675526534380082
1675526534380160
1675526534380237
1675526534380387
1675526534380464
1675526534380541
1675526534383863
1675526534384006
1675526534384080
1675526534385319
1675526534385393
1675526534387930
1675526534389315
1675526534389389
1675526534390902
1675526534390976
1675526534391124
1675526534391202
1675526534391280
1675526534391357
1675526534394894
1675526534395044
1675526534395122
1675526534395198
1675526534395277
1675526534395354
1675526534396295
1675526534396374
1675526534396459
1675526534398915
1675526534398993
1675526534399070
1675526534400445
1675526534400522
1675526534400600
1675526534400678
1675526534400827
1675526534400905
1675526534405649
1675526534405723
1675526534407030
1675526534409638
1675526534409780
1675526534409854
1675526534409938
1675526534410012
1675526534411048
1675526534411200
1675526534413655
1675526534413806
1675526534413884
1675526534415188
1675526534415266
1675526534415344
1675526534415421
1675526534415571
1675526534415647
1675526534415726
1675526534419547
1675526534419697
1675526534419783
1675526534419862
1675526534419939
1675526534420017
1675526534420094
1675526534420244
1675526534420322
1675526534420399
1675526534420477
1675526534420555
1675526534420632
1675526534420782
1675526534420858
1675526534422184
1675526534424655
1675526534426032
1675526534427555
1675526534427630
1675526534427704
1675526534430176
1675526534430250
1675526534430323
1675526534431517
1675526534431660
1675526534433039
1675526534433181
1675526534435858
1675526534435933
1675526534436075
1675526534436150
1675526534436224
1675526534436297
1675526534436395
1675526534436470
1675526534439694
1675526534439768
1675526534439842
1675526534439916
1675526534440058
1675526534441099
1675526534441172
1675526534441246
1675526534441321
1675526534442562
1675526534442635
1675526534444012
1675526534445523
1675526534447037
1675526534449656
1675526534449730
1675526534449872
1675526534449946
1675526534451048
1675526534451128
1675526534451279
1675526534452512
1675526534455545
1675526534455623
1675526534455772
1675526534455851
1675526534455929
1675526534456006
1675526534456083
1675526534456234
1675526534456320
1675526534456399
1675526534456477
1675526534456554
1675526534458145
1675526534459520
1675526534459671
1675526534459749
1675526534461055
1675526534461129
1675526534461272
1675526534464908
1675526534467377
1675526534468752
1675526534470469
1675526534470543
1675526534470626
1675526534470700
1675526534470773
1675526534470917
1675526534474365
1675526534474516
1675526534474594
1675526534474672
1675526534474750
1675526534474828
1675526534477284
1675526534477435
1675526534477513
1675526534477590
1675526534477669
1675526534477747
1675526534477833
1675526534477983
1675526534478062
1675526534479870
1675526534480020
1675526534480098
1675526534480176
1675526534481282
1675526534481433
1675526534481510
1675526534481588
1675526534481665
1675526534485131
1675526534487587
1675526534488891
1675526534489041
1675526534489127
1675526534490431
1675526534490508
1675526534490585
1675526534490664
1675526534493022
1675526534494398
1675526534494541
1675526534494616
1675526534494690
1675526534496065
1675526534496139
1675526534496214
1675526534496287
1675526534496430
1675526534496503
1675526534498914
1675526534498988
1675526534499131
1675526534499206
1675526534499280
1675526534499354
1675526534500387
1675526534500530
1675526534503000
1675526534504306
1675526534504384
1675526534504462
1675526534505766
1675526534505916
1675526534508372
1675526534508451
1675526534509692
1675526534509770
1675526534511161
1675526534511304
1675526534511378
1675526534513782
1675526534513856
1675526534516533
1675526534516607
1675526534516750
1675526534516824
1675526534516898
1675526534516972
1675526534517116
1675526534517190
1675526534518018
1675526534518170
1675526534518245
1675526534520648
1675526534520721
1675526534520795
1675526534520870
1675526534521044
1675526534522999
1675526534524376
1675526534526979
1675526534528281
1675526534528359
1675526534530023
1675526534530100
1675526534530178
1675526534530255
1675526534530341
1675526534530419
1675526534532528
1675526534535342
1675526534535416
1675526534535491
1675526534535564
1675526534535706
1675526534535780
1675526534535854
1675526534535928
1675526534536070
1675526534536898
1675526534537041
1675526534537115
1675526534537189
1675526534537270
1675526534537415
1675526534537489
1675526534537563
1675526534537637
1675526534539765
1675526534539908
1675526534539982
1675526534540056
1675526534540199
1675526534540273
1675526534540347
1675526534544866
1675526534546311
1675526534548850
1675526534548994
1675526534549076
1675526534549150
1675526534550389
1675526534550531
1675526534550605
1675526534550678
1675526534550752
1675526534550894
1675526534553062
1675526534555808
1675526534555886
1675526534555963
1675526534556113
1675526534556191
1675526534556268
1675526534556345
1675526534556432
1675526534556510
1675526534558388
1675526534559764
1675526534559915
1675526534559992
1675526534560070
1675526534560148
1675526534561296
1675526534561370
1675526534563909
1675526534563983
1675526534565292
1675526534565434
1675526534567902
1675526534569281
1675526534572283
1675526534572434
1675526534572510
1675526534572590
1675526534572667
1675526534572745
1675526534572895
1675526534575063
1675526534575141
1675526534575218
1675526534575295
1675526534575445
1675526534575524
1675526534575601
1675526534578921
1675526534578999
1675526534579101
1675526534579179
