1675525880198159
1675525880198236
1675525880198314
1675525880199693
1675525880199770
1675525880199848
1675525880199927
1675525880200005
1675525880202683
1675525880202762
1675525880202912
1675525880202990
1675525880203068
1675525880203145
1675525880203223
1675525880203311
1675525880203388
1675525880203467
1675525880204123
1675525880204200
1675525880205650
1675525880207103
1675525880208623
1675525880208702
1675525880208853
1675525880210157
1675525880211607
1675525880211756
1675525880213133
1675525880217140
1675525880218661
1675525880218747
1675525880218825
1675525880218903
1675525880218981
1675525880221725
1675525880221804
1675525880221881
1675525880221958
1675525880222037
1675525880222186
1675525880222265
1675525880222343
1675525880222419
1675525880222497
1675525880222574
1675525880222653
1675525880223170
1675525880223249
1675525880223327
1675525880224630
1675525880226150
1675525880227602
1675525880227752
1675525880227830
1675525880229134
1675525880229212
1675525880230660
1675525880232108
1675525880232259
1675525880233634
1675525880235152
1675525880236619
1675525880238148
1675525880238226
1675525880238304
1675525880238381
1675525880239685
1675525880239763
1675525880239840
1675525880239919
1675525880239996
1675525880242670
1675525880242748
1675525880242826
1675525880242975
1675525880243054
1675525880243131
1675525880243208
1675525880243297
1675525880244096
1675525880244246
1675525880246923
1675525880248370
1675525880248447
1675525880248598
1675525880249903
1675525880249981
1675525880251428
1675525880251505
1675525880251583
1675525880251661
1675525880251738
1675525880252898
1675525880254416
1675525880257173
1675525880258694
1675525880258773
1675525880258850
1675525880258928
1675525880259006
1675525880261679
1675525880261829
1675525880261906
1675525880261985
1675525880262063
1675525880262141
1675525880262217
1675525880262296
1675525880262374
1675525880262524
1675525880262610
1675525880263121
1675525880264643
1675525880266162
1675525880267611
1675525880267691
1675525880269138
1675525880269216
1675525880270664
1675525880272113
1675525880273634
1675525880275155
1675525880276621
1675525880278140
1675525880278218
1675525880278296
1675525880278382
1675525880279687
1675525880279766
1675525880279844
1675525880279920
1675525880279998
1675525880282745
1675525880282823
1675525880282901
1675525880282978
1675525880283056
1675525880283135
1675525880283212
1675525880283362
1675525880283439
1675525880283516
1675525880283604
1675525880283682
1675525880284121
1675525880284197
1675525880285645
1675525880287098
1675525880288621
1675525880288699
1675525880288849
1675525880288928
1675525880290160
1675525880291607
1675525880291757
1675525880291836
1675525880293140
1675525880294659
1675525880297419
1675525880300456
1675525880300534
1675525880300613
1675525880300691
1675525880300769
1675525880300919
1675525880300996
1675525880301074
1675525880301153
1675525880301231
1675525880301307
1675525880301386
1675525880301896
1675525880301974
1675525880302052
1675525880302152
1675525880302230
1675525880303390
1675525880304909
1675525880306358
1675525880307881
1675525880307960
1675525880309407
1675525880309489
1675525880310865
1675525880312385
1675525880312463
1675525880312540
1675525880313917
1675525880313995
1675525880314074
1675525880314161
1675525880316627
1675525880318147
1675525880318224
1675525880318303
1675525880319679
1675525880319757
1675525880319835
1675525880319913
1675525880319990
1675525880321436
1675525880321514
1675525880321591
1675525880321669
1675525880321747
1675525880321824
1675525880322775
1675525880324298
1675525880324376
1675525880324453
1675525880324531
1675525880327137
1675525880327215
1675525880327292
1675525880328669
1675525880328747
1675525880328824
1675525880328902
1675525880331360
1675525880332881
1675525880334400
1675525880337077
1675525880338610
1675525880338760
1675525880338838
1675525880338916
1675525880338992
1675525880341667
1675525880341816
1675525880341895
1675525880341972
1675525880342050
1675525880342127
1675525880342205
1675525880342283
1675525880342433
1675525880342510
1675525880342588
1675525880342674
1675525880343114
1675525880343263
1675525880343342
1675525880344645
1675525880347432
1675525880348881
1675525880348959
1675525880349037
1675525880350413
1675525880351934
1675525880352011
1675525880352089
1675525880352166
1675525880353398
1675525880354989
1675525880355150
1675525880356623
1675525880358141
1675525880358215
1675525880358290
1675525880359669
1675525880359743
1675525880359817
1675525880359892
1675525880360034
1675525880361275
1675525880361418
1675525880361494
1675525880361568
1675525880361641
1675525880361716
1675525880361799
1675525880364136
1675525880364210
1675525880366908
1675525880368422
1675525880368497
1675525880368571
1675525880369880
1675525880369954
1675525880371399
1675525880371474
1675525880371547
1675525880371623
1675525880372862
1675525880374377
1675525880375892
1675525880377390
1675525880378915
1675525880378993
1675525880379072
1675525880379148
1675525880379227
1675525880380389
1675525880380467
1675525880380545
1675525880380696
1675525880383373
1675525880383525
1675525880383603
1675525880383680
1675525880383758
1675525880383836
1675525880383924
1675525880384941
1675525880386390
1675525880386469
1675525880388000
1675525880388078
1675525880388158
1675525880389391
1675525880389467
1675525880390917
1675525880390994
1675525880391072
1675525880392377
1675525880396348
1675525880397872
1675525880397949
1675525880399406
1675525880399484
1675525880399561
1675525880399639
1675525880399790
1675525880401023
1675525880401100
1675525880401250
1675525880401329
1675525880401406
1675525880401483
1675525880401562
1675525880404093
1675525880404171
1675525880404249
1675525880404398
1675525880404486
1675525880404564
1675525880404642
1675525880404719
1675525880404797
1675525880404875
1675525880404953
1675525880405102
1675525880405182
1675525880408148
1675525880408226
1675525880408304
1675525880408381
1675525880409614
1675525880411136
1675525880411214
1675525880411302
1675525880412605
1675525880415352
1675525880416875
1675525880418396
1675525880418473
1675525880418552
1675525880418629
1675525880421447
1675525880421525
1675525880421603
1675525880421681
1675525880421758
1675525880421836
1675525880421915
1675525880422065
1675525880422152
1675525880422230
1675525880422885
1675525880424333
1675525880425853
1675525880427377
1675525880427455
1675525880428903
1675525880428982
1675525880429060
1675525880429138
1675525880430371
1675525880431893
1675525880431970
1675525880432048
1675525880433352
1675525880437373
1675525880438887
1675525880438960
1675525880439105
1675525880439179
1675525880439253
1675525880441932
1675525880442006
1675525880442081
1675525880442155
1675525880442299
1675525880442372
1675525880442447
1675525880442521
1675525880442595
1675525880442738
1675525880443382
1675525880444896
1675525880446342
1675525880447874
1675525880447952
1675525880448103
1675525880449410
1675525880450860
1675525880451010
1675525880452388
1675525880452466
1675525880453912
1675525880456661
1675525880458183
1675525880458262
1675525880458339
1675525880458435
1675525880459668
1675525880459748
1675525880459825
1675525880459903
1675525880459981
1675525880462730
1675525880462807
1675525880462886
1675525880462963
1675525880463041
1675525880463190
1675525880463268
1675525880463347
1675525880463424
1675525880463501
1675525880463587
1675525880463665
1675525880464104
1675525880464254
1675525880466861
1675525880468384
1675525880468462
1675525880468539
1675525880469844
1675525880471366
1675525880471517
1675525880472893
1675525880474414
1675525880475864
1675525880476015
1675525880477361
1675525880477447
1675525880478895
1675525880478974
1675525880479052
1675525880479202
1675525880479279
1675525880480583
1675525880480660
1675525880480738
1675525880480817
1675525880480895
1675525880480971
1675525880481049
1675525880483364
1675525880483514
1675525880483592
1675525880483677
1675525880483755
1675525880483834
1675525880484849
1675525880486369
1675525880487891
1675525880487969
1675525880488046
1675525880489423
1675525880489501
1675525880490875
1675525880490953
1675525880491104
1675525880491182
1675525880492413
1675525880492493
1675525880493875
1675525880496627
1675525880498150
1675525880498228
1675525880498306
1675525880501196
1675525880501274
1675525880501352
1675525880501430
1675525880501507
1675525880501586
1675525880501736
1675525880501814
1675525880501891
1675525880501969
1675525880502047
1675525880502639
1675525880502718
1675525880502795
1675525880504173
1675525880504250
1675525880505628
1675525880507150
1675525880508673
1675525880508750
1675525880508829
1675525880510135
1675525880511656
1675525880513104
1675525880517079
1675525880518673
1675525880518750
1675525880518838
1675525880518916
1675525880520290
1675525880520368
1675525880520446
1675525880520524
1675525880520601
1675525880520679
1675525880520829
1675525880523215
1675525880523291
1675525880523370
1675525880523447
1675525880523524
1675525880523676
1675525880523753
1675525880523839
1675525880523918
1675525880523996
1675525880524651
1675525880526099
1675525880527627
1675525880527707
1675525880527857
1675525880529162
1675525880529239
1675525880529318
1675525880530622
1675525880532143
1675525880532219
1675525880533595
1675525880535116
1675525880536648
1675525880538169
1675525880538247
1675525880538324
1675525880539771
1675525880539849
1675525880539926
1675525880540077
1675525880540155
1675525880540233
1675525880540311
1675525880541254
1675525880541332
1675525880541481
1675525880541558
1675525880544162
1675525880544249
1675525880546852
1675525880548372
1675525880548451
1675525880548600
1675525880549906
1675525880552796
1675525880552874
1675525880553023
1675525880553101
1675525880553179
1675525880553257
1675525880553334
1675525880558391
1675525880558468
1675525880558619
1675525880558706
1675525880558783
1675525880559872
1675525880560023
1675525880560100
1675525880560178
1675525880560254
1675525880562999
1675525880563079
1675525880563156
1675525880563234
1675525880563311
1675525880563389
1675525880563467
1675525880563617
1675525880563694
1675525880563782
1675525880563860
1675525880563937
1675525880564376
1675525880564453
1675525880565901
1675525880567354
1675525880568873
1675525880568950
1675525880569101
1675525880570405
1675525880571852
1675525880572003
1675525880573380
1675525880574901
1675525880576349
1675525880577882
1675525880577961
1675525880578038
1675525880581001
1675525880581079
1675525880581156
1675525880581233
1675525880581311
1675525880581389
1675525880581466
1675525880581616
1675525880581694
1675525880581772
1675525880581850
1675525880581927
1675525880582438
1675525880582538
1675525880582616
1675525880582692
1675525880582770
1675525880583858
1675525880584010
1675525880585388
1675525880586914
1675525880588362
1675525880588514
1675525880588591
1675525880589896
1675525880591416
1675525880591496
1675525880591573
1675525880592878
1675525880594406
1675525880595855
1675525880597379
1675525880598898
1675525880598975
1675525880599054
1675525880599131
1675525880601949
1675525880602028
1675525880602106
1675525880602183
1675525880602262
1675525880602339
1675525880602489
1675525880602567
1675525880602645
1675525880602731
1675525880602808
1675525880603391
1675525880603470
1675525880603547
1675525880604852
1675525880606372
1675525880607894
1675525880607973
1675525880608052
1675525880609354
1675525880609506
1675525880610882
1675525880610960
1675525880611037
1675525880612414
1675525880612500
1675525880613877
1675525880616627
1675525880618150
1675525880618228
1675525880618305
1675525880618382
1675525880619689
1675525880619767
1675525880619843
1675525880619921
1675525880620000
1675525880621161
1675525880621238
1675525880621316
1675525880622621
1675525880622707
1675525880622786
1675525880624163
1675525880624241
1675525880625617
1675525880625693
1675525880627145
1675525880628667
1675525880628745
1675525880628823
1675525880628900
1675525880630132
1675525880631653
1675525880633102
1675525880637150
1675525880638670
1675525880638757
1675525880638835
1675525880638912
1675525880641729
1675525880641807
1675525880641885
1675525880641963
1675525880642040
1675525880642118
1675525880642196
1675525880642347
1675525880642424
1675525880642503
1675525880642580
1675525880642658
1675525880643241
1675525880643400
1675525880643478
1675525880643556
1675525880643635
1675525880643711
1675525880643789
1675525880644733
1675525880648927
1675525880649005
1675525880649083
1675525880649161
1675525880649238
1675525880650399
1675525880651921
1675525880651999
1675525880652077
1675525880652163
1675525880653395
1675525880654914
1675525880656364
1675525880657886
1675525880657964
1675525880660927
1675525880661005
1675525880661156
1675525880661233
1675525880661310
1675525880661388
1675525880661466
1675525880661544
1675525880661621
1675525880661772
1675525880661858
1675525880661936
1675525880662377
1675525880662455
1675525880663904
1675525880663982
1675525880666657
1675525880668179
1675525880668256
1675525880668334
1675525880669639
1675525880671160
1675525880671238
1675525880671314
1675525880671392
1675525880672626
1675525880674158
1675525880675607
1675525880677107
1675525880678622
1675525880678764
1675525880678839
1675525880678913
1675525880680290
1675525880680363
1675525880680437
1675525880680513
1675525880680655
1675525880680729
1675525880680803
1675525880683139
1675525880683214
1675525880683366
1675525880683440
1675525880683513
1675525880684618
1675525880686137
1675525880686211
1675525880687651
1675525880687728
1675525880689105
1675525880689248
1675525880690627
1675525880690702
1675525880692147
1675525880693663
1675525880696412
1675525880697866
1675525880697960
1675525880699557
1675525880699635
1675525880699711
1675525880699790
1675525880699868
1675525880699946
1675525880700024
1675525880704000
1675525880704078
1675525880704157
1675525880704235
1675525880704313
1675525880704389
1675525880704540
1675525880704619
1675525880704705
1675525880704783
1675525880704861
1675525880704939
1675525880705016
1675525880705094
1675525880706621
1675525880708142
1675525880708220
1675525880708298
1675525880710899
1675525880712421
1675525880712499
1675525880713874
1675525880715393
1675525880716847
1675525880718378
1675525880718528
1675525880718605
1675525880718684
1675525880718761
1675525880719921
1675525880719999
1675525880720077
1675525880720153
1675525880722902
1675525880722979
1675525880723129
1675525880723207
1675525880723285
1675525880723362
1675525880723440
1675525880723538
1675525880723617
1675525880724344
1675525880725865
1675525880727388
1675525880727465
1675525880728915
1675525880728993
1675525880729071
1675525880729148
1675525880730380
1675525880731902
1675525880731980
1675525880732057
1675525880732135
1675525880733368
1675525880737425
1675525880740458
1675525880740538
1675525880740616
1675525880740693
1675525880740771
1675525880740920
1675525880740998
1675525880741077
1675525880741155
1675525880741231
1675525880741310
1675525880741388
1675525880741898
1675525880741977
1675525880742053
1675525880743368
1675525880744888
1675525880746410
1675525880747860
1675525880748012
1675525880748089
1675525880749392
1675525880749470
1675525880750918
1675525880750996
1675525880752374
1675525880752452
1675525880753901
1675525880756650
1675525880758099
1675525880758249
1675525880758336
1675525880759640
1675525880759718
1675525880759868
1675525880759946
1675525880760024
1675525880762698
1675525880762777
1675525880762927
1675525880763004
1675525880763082
1675525880763160
1675525880763237
1675525880763315
1675525880763391
1675525880763471
1675525880763565
1675525880763644
1675525880764154
1675525880764233
1675525880764311
1675525880764389
1675525880766848
1675525880768370
1675525880768521
1675525880768598
1675525880768676
1675525880769908
1675525880771356
1675525880771506
1675525880772882
1675525880774404
1675525880775858
1675525880777383
1675525880777463
1675525880780428
1675525880780505
1675525880780656
1675525880780734
1675525880780812
1675525880780889
1675525880780967
1675525880781045
1675525880781121
1675525880781272
1675525880781350
1675525880781428
1675525880781866
1675525880781952
1675525880783401
1675525880784851
1675525880786372
1675525880787895
1675525880787971
1675525880788050
1675525880789353
1675525880789503
1675525880790881
1675525880790959
1675525880791108
1675525880791186
1675525880792346
1675525880793866
1675525880796615
1675525880798147
1675525880798226
1675525880798304
1675525880799681
1675525880799758
1675525880799837
1675525880799914
1675525880799993
1675525880802739
1675525880802818
1675525880802895
1675525880802972
1675525880803050
1675525880803129
1675525880803279
1675525880803357
1675525880803443
1675525880803521
1675525880803598
1675525880803677
1675525880804116
1675525880804193
1675525880805643
1675525880807165
1675525880808615
1675525880808766
1675525880808843
1675525880810149
1675525880811670
1675525880811747
1675525880813125
1675525880813202
1675525880817141
1675525880818663
1675525880818741
1675525880818818
1675525880818897
1675525880818975
1675525880821723
1675525880821800
