1675526284129312
1675526284130381
1675526284134567
1675526284134643
1675526284134720
1675526284134805
1675526284134883
1675526284134959
1675526284135035
1675526284135182
1675526284135258
1675526284135335
1675526284135411
1675526284135487
1675526284135705
1675526284135782
1675526284136710
1675526284136787
1675526284137714
1675526284138784
1675526284139859
1675526284140938
1675526284144843
1675526284144992
1675526284145067
1675526284145144
1675526284145220
1675526284146006
1675526284146082
1675526284147008
1675526284148077
1675526284149075
1675526284150152
1675526284151221
1675526284152291
1675526284153290
1675526284154845
1675526284154935
1675526284155013
1675526284155089
1675526284155164
1675526284155313
1675526284155389
1675526284155465
1675526284155605
1675526284155610
1675526284157822
1675526284157972
1675526284158048
1675526284158125
1675526284158202
1675526284158915
1675526284159926
1675526284161008
1675526284162148
1675526284163146
1675526284164214
1675526284165354
1675526284166351
1675526284167421
1675526284168562
1675526284171267
1675526284172406
1675526284172484
1675526284172630
1675526284172707
1675526284173492
1675526284176335
1675526284176410
1675526284176496
1675526284176574
1675526284176650
1675526284176797
1675526284176874
1675526284176950
1675526284177026
1675526284177102
1675526284177250
1675526284177327
1675526284177403
1675526284177479
1675526284177556
1675526284179342
1675526284179419
1675526284180346
1675526284181493
1675526284182563
1675526284183560
1675526284184630
1675526284184706
1675526284185634
1675526284185781
1675526284186779
1675526284187847
1675526284188847
1675526284191334
1675526284192403
1675526284192480
1675526284192627
1675526284195329
1675526284195406
1675526284195491
1675526284195567
1675526284195715
1675526284195792
1675526284195868
1675526284195944
1675526284196020
1675526284196168
1675526284196245
1675526284196321
1675526284196397
1675526284196474
1675526284196621
1675526284199344
1675526284200343
1675526284201413
1675526284202562
1675526284203559
1675526284204629
1675526284204706
1675526284204783
1675526284204930
1675526284205005
1675526284205650
1675526284206718
1675526284207787
1675526284210285
1675526284211353
1675526284212350
1675526284212427
1675526284215266
1675526284215414
1675526284215499
1675526284215577
1675526284215653
1675526284215729
1675526284215805
1675526284215882
1675526284216029
1675526284216105
1675526284216181
1675526284216399
1675526284217397
1675526284218536
1675526284219559
1675526284222401
1675526284223470
1675526284224609
1675526284224694
1675526284224771
1675526284224847
1675526284225633
1675526284226701
1675526284227699
1675526284228839
1675526284229915
1675526284230913
1675526284231911
1675526284232980
1675526284235823
1675526284235899
1675526284235975
1675526284236052
1675526284236128
1675526284236283
1675526284236359
1675526284236435
1675526284236512
1675526284236589
1675526284236737
1675526284236813
1675526284236889
1675526284236966
1675526284237042
1675526284239778
1675526284239855
1675526284239932
1675526284240080
1675526284240157
1675526284240233
1675526284240886
1675526284241884
1675526284243025
1675526284244022
1675526284245020
1675526284245097
1675526284245172
1675526284246101
1675526284246177
1675526284247531
1675526284247608
1675526284248605
1675526284249718
1675526284250614
1675526284251718
1675526284252751
1675526284252846
1675526284252920
1675526284253817
1675526284258072
1675526284258146
1675526284258288
1675526284258362
1675526284258435
1675526284258509
1675526284258583
1675526284258725
1675526284258799
1675526284259148
1675526284260239
1675526284261258
1675526284262346
1675526284263372
1675526284264314
1675526284265404
1675526284265481
1675526284266426
1675526284266505
1675526284267448
1675526284269883
1675526284272837
1675526284272912
1675526284272987
1675526284273060
1675526284273203
1675526284273277
1675526284273351
1675526284273905
1675526284273988
1675526284274063
1675526284274137
1675526284274279
1675526284274969
1675526284275043
1675526284275118
1675526284277866
1675526284277940
1675526284278014
1675526284278088
1675526284278162
1675526284278305
1675526284278928
1675526284279965
1675526284281000
1675526284282043
1675526284283077
1675526284284179
1675526284285214
1675526284286316
1675526284287349
1675526284289782
1675526284292734
1675526284292808
1675526284292882
1675526284293026
1675526284293099
1675526284293789
1675526284293863
1675526284293937
1675526284294079
1675526284294850
1675526284294924
1675526284294998
1675526284295141
1675526284295214
1675526284295905
1675526284298790
1675526284298864
1675526284298937
1675526284299080
1675526284299154
1675526284299227
1675526284299297
1675526284299884
1675526284300900
1675526284302061
1675526284303087
1675526284304104
1675526284305191
1675526284305269
1675526284305346
1675526284306651
1675526284306728
1675526284306879
1675526284307750
1675526284308765
1675526284309835
1675526284310868
1675526284311971
1675526284316222
1675526284316297
1675526284316371
1675526284316456
1675526284316599
1675526284316672
1675526284316747
1675526284316821
1675526284316963
1675526284317037
1675526284317111
1675526284317185
1675526284317328
1675526284317402
1675526284317476
1675526284317550
1675526284317625
1675526284318383
1675526284319303
1675526284320401
1675526284324376
1675526284324454
1675526284324604
1675526284324681
1675526284324759
1675526284325487
1675526284325564
1675526284326509
1675526284327525
1675526284328613
1675526284329689
1675526284330722
1675526284331756
1675526284332792
1675526284332935
1675526284334324
1675526284334400
1675526284334474
1675526284334547
1675526284334692
1675526284334765
1675526284334839
1675526284335392
1675526284335467
1675526284335541
1675526284339680
1675526284339759
1675526284339837
1675526284339914
1675526284340786
1675526284341874
1675526284342907
1675526284343922
1675526284345010
1675526284345088
1675526284345166
1675526284346037
1675526284346115
1675526284347129
1675526284348145
1675526284349233
1675526284352122
1675526284352196
1675526284352270
1675526284353167
1675526284353239
1675526284353314
1675526284353408
1675526284353551
1675526284354242
1675526284354316
1675526284354390
1675526284354464
1675526284357075
1675526284357218
1675526284357292
1675526284357365
1675526284357439
1675526284357581
1675526284357655
1675526284357729
1675526284357803
1675526284357876
1675526284358028
1675526284358103
1675526284358177
1675526284359211
1675526284360314
1675526284364284
1675526284365371
1675526284365450
1675526284366392
1675526284366470
1675526284367485
1675526284368501
1675526284369601
1675526284370616
1675526284371704
1675526284372791
1675526284372878
1675526284373029
1675526284375703
1675526284375781
1675526284375860
1675526284375937
1675526284376088
1675526284376164
1675526284376242
1675526284376320
1675526284376398
1675526284376476
1675526284376625
1675526284376703
1675526284376781
1675526284377797
1675526284378894
1675526284382905
1675526284383938
1675526284384012
1675526284384085
1675526284385052
1675526284385194
1675526284385268
1675526284386097
1675526284387198
1675526284388231
1675526284389350
1675526284390384
1675526284391486
1675526284392520
1675526284395269
1675526284395366
1675526284395509
1675526284395583
1675526284395656
1675526284395730
1675526284395872
1675526284395946
1675526284396018
1675526284396094
1675526284396168
1675526284396310
1675526284396385
1675526284396458
1675526284396532
1675526284397976
1675526284398049
1675526284399024
1675526284400058
1675526284401092
1675526284402126
1675526284403230
1675526284404263
1675526284405296
1675526284406330
1675526284407637
1675526284411748
1675526284412837
1675526284412915
1675526284412993
1675526284413864
1675526284413942
1675526284414019
1675526284414107
1675526284414256
1675526284414913
1675526284414990
1675526284415067
1675526284415217
1675526284415945
1675526284416096
1675526284420168
1675526284420311
1675526284420385
1675526284420458
1675526284420533
1675526284420606
1675526284421229
1675526284422330
1675526284423371
1675526284424405
1675526284424479
1675526284424552
1675526284425448
1675526284425522
1675526284425596
1675526284426493
1675526284427526
1675526284428628
1675526284429691
1675526284430726
1675526284433609
1675526284433683
1675526284433756
1675526284433900
1675526284433983
1675526284434057
1675526284434131
1675526284434205
1675526284434691
1675526284434765
1675526284434839
1675526284434913
1675526284435055
1675526284436158
1675526284436231
1675526284436374
1675526284436447
1675526284436522
1675526284437212
1675526284438383
1675526284439447
1675526284440464
1675526284441482
1675526284445673
1675526284445822
1675526284445901
1675526284445979
1675526284446056
1675526284446135
1675526284446789
1675526284447804
1675526284448964
1675526284449954
1675526284451057
1675526284452091
1675526284453125
1675526284453278
1675526284453352
1675526284454179
1675526284454322
1675526284454395
1675526284454468
1675526284454543
1675526284455506
1675526284455650
1675526284455724
1675526284456619
1675526284460551
1675526284460630
1675526284461576
1675526284462664
1675526284463681
1675526284464780
1675526284465869
1675526284465946
1675526284466889
1675526284467978
1675526284471892
1675526284471966
1675526284472039
1675526284472937
1675526284473010
1675526284473085
1675526284473228
1675526284473302
1675526284474062
1675526284474135
1675526284474279
1675526284474360
1675526284476970
1675526284477044
1675526284477118
1675526284477262
1675526284477335
1675526284477409
1675526284477483
1675526284477626
1675526284477699
1675526284477773
1675526284477847
1675526284477921
1675526284478064
1675526284478139
1675526284478213
1675526284480955
1675526284481033
1675526284481976
1675526284483064
1675526284484082
1675526284484160
1675526284485248
1675526284485326
1675526284485403
1675526284486276
1675526284487291
1675526284488379
1675526284489408
1675526284490374
1675526284491408
1675526284492921
1675526284493005
1675526284493079
1675526284493153
1675526284493981
1675526284494055
1675526284494129
1675526284494272
1675526284495030
1675526284497914
1675526284497989
1675526284498062
1675526284498205
1675526284498280
1675526284498354
1675526284498976
1675526284500011
1675526284501038
1675526284502125
1675526284503141
1675526284504229
1675526284505245
1675526284505323
1675526284505473
1675526284508077
1675526284508154
1675526284509097
1675526284510170
1675526284511204
1675526284512308
1675526284513206
1675526284516225
1675526284516300
1675526284516383
1675526284516458
1675526284516532
1675526284516675
1675526284516749
1675526284516822
1675526284516896
1675526284517039
1675526284517112
1675526284517185
1675526284517260
1675526284517334
1675526284517477
1675526284519854
1675526284520888
1675526284521922
1675526284522964
1675526284523998
1675526284525101
1675526284525175
1675526284525247
1675526284526145
1675526284527179
1675526284529624
1675526284533810
1675526284533885
1675526284533959
1675526284534101
1675526284534175
1675526284534249
1675526284534323
1675526284534466
1675526284534562
1675526284534911
1675526284534985
1675526284535059
1675526284535133
1675526284535960
1675526284536034
1675526284536108
1675526284536182
1675526284536324
1675526284537016
1675526284537089
1675526284539801
1675526284540818
1675526284541977
1675526284542993
1675526284544090
1675526284545106
1675526284545185
1675526284545335
1675526284545413
1675526284546210
1675526284546288
1675526284547233
1675526284547309
1675526284548252
1675526284552319
1675526284552395
1675526284552472
1675526284553329
1675526284553476
1675526284553553
1675526284553639
1675526284553716
1675526284554431
1675526284554507
1675526284554584
1675526284554660
1675526284557289
1675526284557366
1675526284557513
1675526284557590
1675526284557666
1675526284557743
1675526284557819
1675526284557895
1675526284558043
1675526284558403
1675526284559490
1675526284560559
1675526284561626
1675526284562626
1675526284563766
1675526284566679
1675526284566756
1675526284566832
1675526284566908
1675526284567055
1675526284567841
1675526284568839
1675526284569910
1675526284570979
1675526284572048
1675526284572124
1675526284573063
1675526284576048
1675526284576125
1675526284576201
1675526284576348
1675526284576424
1675526284576501
1675526284576576
1675526284576653
1675526284576800
1675526284576877
1675526284576953
1675526284577030
1675526284577106
1675526284577254
1675526284578180
1675526284582099
1675526284583170
1675526284584241
1675526284584318
1675526284585245
1675526284585321
1675526284586392
1675526284587461
1675526284588531
1675526284589530
1675526284590600
1675526284591668
1675526284592668
1675526284595579
1675526284595655
1675526284595732
1675526284595818
1675526284595966
1675526284596043
1675526284596118
1675526284596196
1675526284596273
1675526284596349
1675526284596496
1675526284596572
1675526284596649
1675526284598570
1675526284598646
1675526284598722
1675526284598868
1675526284598945
1675526284599022
1675526284599106
1675526284599183
1675526284599694
1675526284600692
1675526284601760
1675526284602828
1675526284603825
1675526284604893
1675526284604969
1675526284606179
1675526284607247
1675526284608316
1675526284609350
1675526284612124
1675526284612271
1675526284613199
1675526284613285
1675526284613361
1675526284613438
1675526284613585
1675526284614228
1675526284614376
1675526284614453
1675526284614529
1675526284615314
1675526284615391
1675526284616389
1675526284616466
1675526284619383
1675526284620382
1675526284621451
1675526284622522
1675526284623530
1675526284624601
1675526284624677
1675526284624754
1675526284624830
1675526284624978
1675526284625621
1675526284626690
1675526284627761
1675526284630253
1675526284631322
1675526284632391
1675526284632468
1675526284635167
1675526284635243
1675526284635320
1675526284635406
1675526284635555
1675526284635631
1675526284635706
1675526284635783
1675526284635860
1675526284635935
1675526284636083
1675526284636160
1675526284636236
1675526284636312
1675526284636389
1675526284639230
1675526284639314
1675526284639392
1675526284640179
1675526284641328
1675526284642398
1675526284643466
1675526284644463
1675526284645531
1675526284645608
1675526284646608
1675526284646684
1675526284647754
1675526284650123
1675526284651120
1675526284652261
1675526284652409
1675526284655180
1675526284655256
1675526284655331
1675526284655419
1675526284655496
1675526284655644
1675526284655720
1675526284655796
1675526284655872
1675526284655949
1675526284656096
1675526284656172
1675526284656249
1675526284656324
1675526284656401
1675526284659240
1675526284659318
1675526284660247
1675526284661317
1675526284662405
1675526284663405
1675526284664475
1675526284665546
1675526284665622
1675526284665697
1675526284666555
1675526284667625
1675526284668694
1675526284669767
1675526284672255
1675526284672332
1675526284672408
1675526284672485
1675526284672561
1675526284675191
1675526284675289
1675526284675366
1675526284675442
1675526284675590
1675526284675667
1675526284675743
1675526284675820
1675526284675896
1675526284675973
1675526284676120
1675526284676197
1675526284676272
1675526284676349
1675526284676425
1675526284680200
1675526284681268
1675526284682418
1675526284683416
1675526284684486
1675526284684563
1675526284684710
1675526284685568
1675526284685645
1675526284686571
1675526284687639
1675526284690128
1675526284691126
1675526284692194
1675526284692271
1675526284695042
1675526284695189
1675526284695266
1675526284695351
1675526284695428
1675526284695504
1675526284695580
1675526284695728
1675526284695804
1675526284695881
1675526284695956
1675526284696176
1675526284696253
1675526284697180
1675526284698250
1675526284701047
1675526284702118
1675526284703187
1675526284704328
1675526284704413
1675526284705341
1675526284706409
1675526284707408
1675526284708477
1675526284709550
1675526284710620
1675526284713463
1675526284713540
1675526284713688
1675526284714544
1675526284714620
1675526284714697
1675526284714772
1675526284715558
1675526284715635
1675526284715791
1675526284715867
1675526284715943
1675526284718502
1675526284718578
1675526284718655
1675526284718731
1675526284718807
1675526284718884
1675526284719031
1675526284719106
1675526284719184
1675526284719268
1675526284719488
1675526284720555
1675526284721624
1675526284722631
1675526284723771
1675526284726613
1675526284726689
1675526284726766
1675526284726842
1675526284726919
1675526284727632
1675526284728701
1675526284729772
1675526284730840
1675526284731838
1675526284732978
1675526284733055
1675526284733203
1675526284733279
1675526284734074
1675526284735498
1675526284735646
1675526284735722
1675526284735799
1675526284735875
1675526284735951
1675526284736098
1675526284736175
1675526284736677
1675526284736754
1675526284742006
1675526284742082
1675526284743081
1675526284744149
1675526284744226
1675526284744310
1675526284745170
1675526284745246
1675526284745392
1675526284745469
1675526284745546
1675526284746331
1675526284746407
1675526284746484
1675526284747412
1675526284748409
1675526284749481
1675526284750551
1675526284751691
1675526284753184
1675526284753262
1675526284753347
1675526284754274
