1675526164565615
1675526164565688
1675526164565830
1675526164566659
1675526164569197
1675526164569340
1675526164570303
1675526164570378
1675526164570451
1675526164570525
1675526164571353
1675526164571427
1675526164571501
1675526164571653
1675526164575511
1675526164575660
1675526164575739
1675526164575816
1675526164575894
1675526164575971
1675526164576049
1675526164576199
1675526164576277
1675526164576354
1675526164576430
1675526164576509
1675526164576586
1675526164576736
1675526164576813
1675526164577694
1675526164578709
1675526164579797
1675526164580812
1675526164581901
1675526164584810
1675526164585843
1675526164585985
1675526164586950
1675526164587983
1675526164589016
1675526164590047
1675526164590191
1675526164590263
1675526164590338
1675526164591166
1675526164591251
1675526164591325
1675526164591399
1675526164591472
1675526164594069
1675526164594146
1675526164594225
1675526164594302
1675526164595100
1675526164595178
1675526164595328
1675526164595404
1675526164596203
1675526164597219
1675526164598305
1675526164599318
1675526164600416
1675526164601432
1675526164602512
1675526164605395
1675526164605469
1675526164605611
1675526164605686
1675526164605761
1675526164606451
1675526164607552
1675526164608585
1675526164609618
1675526164609692
1675526164610654
1675526164610797
1675526164610871
1675526164610954
1675526164611713
1675526164614647
1675526164614725
1675526164614803
1675526164614954
1675526164615030
1675526164615685
1675526164615835
1675526164615913
1675526164616785
1675526164617801
1675526164618888
1675526164619904
1675526164620990
1675526164625040
1675526164625127
1675526164625201
1675526164626097
1675526164626172
1675526164626245
1675526164626319
1675526164627080
1675526164628112
1675526164629142
1675526164630244
1675526164630318
1675526164630392
1675526164630465
1675526164631292
1675526164634138
1675526164634216
1675526164634303
1675526164634380
1675526164634459
1675526164634609
1675526164634687
1675526164634763
1675526164634842
1675526164634919
1675526164634996
1675526164635146
1675526164635225
1675526164635303
1675526164635379
1675526164638200
1675526164638277
1675526164639221
1675526164639307
1675526164640251
1675526164641264
1675526164642303
1675526164643405
1675526164644438
1675526164644511
1675526164645478
1675526164646580
1675526164647615
1675526164648649
1675526164649613
1675526164652546
1675526164652626
1675526164652704
1675526164652853
1675526164652940
1675526164653018
1675526164653096
1675526164653607
1675526164654694
1675526164654773
1675526164654850
1675526164654927
1675526164655726
1675526164655804
1675526164655882
1675526164658556
1675526164659571
1675526164660660
1675526164661672
1675526164662743
1675526164663796
1675526164664899
1675526164664972
1675526164665046
1675526164665120
1675526164665949
1675526164666022
1675526164666095
1675526164666925
1675526164667957
1675526164669539
1675526164669613
1675526164669686
1675526164670582
1675526164670657
1675526164670799
1675526164670882
1675526164671640
1675526164671713
1675526164671855
1675526164674571
1675526164674650
1675526164674727
1675526164674805
1675526164674954
1675526164675033
1675526164675110
1675526164675187
1675526164675626
1675526164675704
1675526164676720
1675526164677736
1675526164678762
1675526164679850
1675526164680793
1675526164684782
1675526164684855
1675526164685821
1675526164685895
1675526164686860
1675526164687894
1675526164688997
1675526164689962
1675526164690035
1675526164690110
1675526164691007
1675526164691080
1675526164691155
1675526164691307
1675526164692067
1675526164696345
1675526164696423
1675526164696501
1675526164696579
1675526164696655
1675526164696805
1675526164696884
1675526164696962
1675526164697038
1675526164697117
1675526164697268
1675526164697345
1675526164697422
1675526164698366
1675526164699463
1675526164700480
1675526164701567
1675526164702574
1675526164703608
1675526164704711
1675526164706155
1675526164706230
1675526164707263
1675526164708227
1675526164709328
1675526164710361
1675526164710435
1675526164710509
1675526164710583
1675526164710726
1675526164714526
1675526164714605
1675526164714682
1675526164714760
1675526164714837
1675526164714915
1675526164715065
1675526164715142
1675526164715579
1675526164715658
1675526164715735
1675526164715813
1675526164716612
1675526164717701
1675526164718717
1675526164719803
1675526164720827
1675526164721915
1675526164722975
1675526164724010
1675526164726962
1675526164727037
1675526164727111
1675526164727185
1675526164727327
1675526164728017
1675526164729050
1675526164730013
1675526164730087
1675526164730230
1675526164731055
1675526164731197
1675526164731282
1675526164732176
1675526164733200
1675526164736080
1675526164736154
1675526164736229
1675526164736370
1675526164736444
1675526164736519
1675526164737140
1675526164738171
1675526164739271
1675526164740238
1675526164741270
1675526164742334
1675526164745009
1675526164745096
1675526164746062
1675526164746136
1675526164747031
1675526164748063
1675526164749162
1675526164749236
1675526164750201
1675526164750275
1675526164754384
1675526164754527
1675526164754600
1675526164754674
1675526164754749
1675526164754891
1675526164754966
1675526164755048
1675526164755121
1675526164755195
1675526164755338
1675526164755413
1675526164755486
1675526164755560
1675526164755703
1675526164755777
1675526164755851
1675526164755925
1675526164756067
1675526164756142
1675526164758410
1675526164758484
1675526164759515
1675526164759598
1675526164760562
1675526164761596
1675526164762637
1675526164763740
1675526164764773
1675526164764846
1675526164765811
1675526164765885
1675526164766027
1675526164766787
1675526164767957
1675526164770769
1675526164770842
1675526164770916
1675526164770990
1675526164771141
1675526164771214
1675526164771288
1675526164771361
1675526164771847
1675526164772930
1675526164773962
1675526164774036
1675526164774110
1675526164775005
1675526164775149
1675526164777895
1675526164778038
1675526164778112
1675526164779009
1675526164780042
1675526164781083
1675526164782184
1675526164783160
1675526164784262
1675526164785294
1675526164785368
1675526164785441
1675526164785584
1675526164786344
1675526164787376
1675526164790321
1675526164790396
1675526164790470
1675526164790543
1675526164790686
1675526164790759
1675526164790843
1675526164791396
1675526164791471
1675526164791545
1675526164791619
1675526164792380
1675526164793412
1675526164794512
1675526164794587
1675526164796099
1675526164796172
1675526164796246
1675526164796320
1675526164797078
1675526164798112
1675526164799144
1675526164800200
1675526164801233
1675526164802332
1675526164806523
1675526164806601
1675526164806679
1675526164806828
1675526164807628
1675526164808643
1675526164809585
1675526164809734
1675526164810676
1675526164810754
1675526164810832
1675526164810982
1675526164811709
1675526164811794
1675526164811945
1675526164812022
1675526164812727
1675526164813760
1675526164813834
1675526164814797
1675526164816310
1675526164816385
1675526164816527
1675526164816601
1675526164816674
1675526164816747
1675526164816890
1675526164817305
1675526164818338
1675526164823701
1675526164823778
1675526164824795
1675526164824871
1675526164824950
1675526164825027
1675526164825826
1675526164825904
1675526164826775
1675526164827862
1675526164828950
1675526164829966
1675526164830908
1675526164831058
1675526164831136
1675526164831212
1675526164832020
1675526164832100
1675526164832178
1675526164832258
1675526164834937
1675526164835012
1675526164835086
1675526164835159
1675526164835302
1675526164835376
1675526164835450
1675526164836005
1675526164837040
1675526164838002
1675526164839038
1675526164840141
1675526164841183
1675526164843696
1675526164844782
1675526164844860
1675526164844937
1675526164845807
1675526164845957
1675526164846827
1675526164847843
1675526164848929
1675526164849943
1675526164852805
1675526164852879
1675526164852952
1675526164853095
1675526164853169
1675526164853253
1675526164853328
1675526164853471
1675526164853888
1675526164853962
1675526164854927
1675526164855001
1675526164855143
1675526164855217
1675526164855291
1675526164859129
1675526164860231
1675526164861262
1675526164862312
1675526164863276
1675526164864377
1675526164865420
1675526164865494
1675526164865568
1675526164865710
1675526164866468
1675526164866542
1675526164867505
1675526164868606
1675526164869639
1675526164869712
1675526164870676
1675526164870818
1675526164870893
1675526164870966
1675526164873697
1675526164873775
1675526164873861
1675526164873938
1675526164874090
1675526164874167
1675526164874245
1675526164874322
1675526164874399
1675526164874549
1675526164874626
1675526164874777
1675526164874854
1675526164874932
1675526164875876
1675526164877252
1675526164877329
1675526164877407
1675526164877493
1675526164877643
1675526164877719
1675526164878302
1675526164879461
1675526164880548
1675526164881563
1675526164885786
1675526164885861
1675526164885935
1675526164886077
1675526164886835
1675526164887936
1675526164888969
1675526164890002
1675526164890076
1675526164891050
1675526164891192
1675526164891266
1675526164891340
1675526164892166
1675526164893200
1675526164894232
1675526164894307
1675526164894449
1675526164895277
1675526164895420
1675526164896794
1675526164896868
1675526164897832
1675526164898933
1675526164899966
1675526164900939
1675526164905151
1675526164905301
1675526164905379
1675526164905455
1675526164905533
1675526164905611
1675526164905761
1675526164905838
1675526164906278
1675526164907296
1675526164908384
1675526164909397
1675526164909548
1675526164910491
1675526164910568
1675526164910655
1675526164910734
1675526164910810
1675526164911537
1675526164911616
1675526164913096
1675526164913170
1675526164914136
1675526164914211
1675526164914284
1675526164915183
1675526164915257
1675526164915400
1675526164915474
1675526164915547
1675526164920482
1675526164921524
1675526164922574
1675526164923605
1675526164924707
1675526164924782
1675526164924856
1675526164924929
1675526164925755
1675526164925830
1675526164926794
1675526164927894
1675526164928927
1675526164929959
1675526164930032
1675526164930175
1675526164931002
1675526164931152
1675526164931227
1675526164931301
1675526164933920
1675526164934071
1675526164934149
1675526164934227
1675526164934304
1675526164935032
1675526164935109
1675526164935186
1675526164935263
1675526164935341
1675526164936069
1675526164936146
1675526164937162
1675526164938199
1675526164939286
1675526164943082
1675526164944184
1675526164944258
1675526164945222
1675526164945297
1675526164945440
1675526164945514
1675526164946271
1675526164947373
1675526164948406
1675526164949370
1675526164949445
1675526164950407
1675526164950550
1675526164950633
1675526164951942
1675526164952016
1675526164952090
1675526164952261
1675526164952265
1675526164952998
1675526164953943
1675526164954093
1675526164955036
1675526164955114
1675526164959232
1675526164959310
1675526164959459
1675526164959536
1675526164959614
1675526164960280
1675526164961367
1675526164962455
1675526164963487
1675526164964450
1675526164964593
1675526164965558
1675526164965633
1675526164965707
1675526164965780
1675526164966607
1675526164967640
1675526164968672
1675526164969771
1675526164969845
1675526164971288
1675526164971372
1675526164971446
1675526164971519
1675526164971593
1675526164972301
1675526164972443
1675526164973408
1675526164974440
1675526164974514
1675526164978627
1675526164978769
1675526164978842
1675526164978916
1675526164979743
1675526164980776
1675526164981809
1675526164982912
1675526164983855
1675526164984944
1675526164985021
1675526164985966
1675526164986043
1675526164987058
1675526164988073
1675526164989160
1675526164990104
1675526164990180
1675526164990259
1675526164990408
1675526164992981
1675526164993124
1675526164993197
1675526164993280
1675526164993355
1675526164993430
1675526164993571
1675526164993645
1675526164993719
1675526164993792
1675526164993935
1675526164994009
1675526164994082
1675526164994156
1675526164994299
1675526164996971
1675526164997113
1675526164997188
1675526164997262
1675526164997344
1675526164998034
1675526164999133
1675526164999207
1675526165000170
1675526165001201
1675526165002261
1675526165003363
1675526165004396
1675526165005362
1675526165005435
1675526165008246
1675526165009346
1675526165009421
1675526165010384
1675526165010458
1675526165010542
1675526165010616
1675526165011443
1675526165012504
1675526165013470
1675526165014501
1675526165014644
1675526165014718
1675526165014792
1675526165017401
1675526165017544
1675526165017618
1675526165017691
1675526165018519
1675526165019551
1675526165020583
1675526165021623
1675526165022694
1675526165023711
1675526165024727
1675526165024804
1675526165024954
1675526165025826
1675526165025904
1675526165028721
1675526165028799
1675526165029742
1675526165029819
1675526165029969
1675526165030046
1675526165030122
1675526165030849
1675526165030936
1675526165031013
1675526165031091
1675526165031890
1675526165031968
1675526165032886
1675526165033921
1675526165036740
1675526165036813
1675526165036957
1675526165037030
1675526165037104
1675526165037930
1675526165038963
1675526165039996
1675526165041097
1675526165042142
1675526165043124
1675526165044159
1675526165045191
1675526165045334
1675526165046297
1675526165049178
1675526165049252
1675526165049326
1675526165050219
1675526165050294
1675526165050436
1675526165050510
1675526165051268
1675526165051410
1675526165051484
1675526165051568
1675526165051641
1675526165052345
1675526165052496
1675526165053438
1675526165054961
1675526165055038
1675526165055117
1675526165055195
1675526165055271
1675526165055349
1675526165056004
1675526165056082
1675526165056160
1675526165057032
1675526165061007
1675526165062103
1675526165063084
1675526165064118
1675526165065150
1675526165065293
1675526165065367
1675526165065440
1675526165066268
1675526165066343
1675526165067308
1675526165068341
1675526165069442
1675526165070475
1675526165070547
1675526165074787
1675526165074865
1675526165074953
1675526165075030
1675526165075108
1675526165075257
1675526165075335
1675526165075413
1675526165075490
1675526165075567
1675526165075717
1675526165075795
1675526165075872
1675526165075950
1675526165076028
1675526165076105
1675526165076904
1675526165077992
1675526165079029
1675526165080119
1675526165083940
1675526165084013
1675526165084978
1675526165085120
1675526165085194
1675526165085268
1675526165086096
1675526165087129
1675526165088161
1675526165089262
1675526165089337
1675526165090301
1675526165090375
1675526165090449
1675526165090532
1675526165093131
1675526165093209
1675526165093286
1675526165094229
1675526165094380
1675526165094457
1675526165094534
1675526165095332
1675526165095410
1675526165095487
1675526165096359
1675526165097447
1675526165098462
1675526165099549
1675526165100492
1675526165104433
1675526165105534
1675526165105608
1675526165105682
1675526165105824
1675526165106583
1675526165107615
1675526165108718
1675526165109752
1675526165109826
1675526165110791
1675526165110933
1675526165111007
1675526165113628
1675526165113707
1675526165113785
1675526165113872
1675526165114023
1675526165114100
1675526165114178
1675526165114255
1675526165114333
1675526165114699
1675526165114777
1675526165114854
1675526165115004
1675526165115080
1675526165115808
1675526165117258
1675526165117336
1675526165118351
1675526165119367
1675526165120462
1675526165121478
1675526165122518
1675526165123621
1675526165124654
1675526165124729
1675526165128842
1675526165128984
1675526165129058
1675526165129133
1675526165130028
1675526165130101
1675526165130176
1675526165130318
1675526165130392
1675526165131083
1675526165131175
1675526165132071
1675526165133115
1675526165134147
1675526165134290
1675526165134364
1675526165135260
1675526165135334
1675526165135408
1675526165135482
1675526165139254
1675526165139329
1675526165140293
1675526165141395
1675526165142400
1675526165143435
1675526165144479
1675526165144554
1675526165145519
1675526165145663
1675526165145736
1675526165145810
1675526165146637
1675526165147671
1675526165148705
1675526165151587
1675526165151730
1675526165151804
1675526165151878
1675526165151952
1675526165152095
1675526165152169
1675526165152242
1675526165152387
1675526165152461
1675526165152534
1675526165152746
1675526165153779
1675526165153853
1675526165154817
1675526165157837
1675526165157911
1675526165157985
1675526165158059
1675526165158201
1675526165158891
1675526165159924
1675526165161024
1675526165161930
1675526165163007
1675526165164095
1675526165165109
1675526165165259
1675526165165336
1675526165166207
1675526165167654
1675526165167803
1675526165168746
1675526165169688
1675526165169767
1675526165169917
1675526165170788
1675526165170867
1675526165170944
1675526165171030
1675526165175005
1675526165175080
1675526165175154
1675526165175297
1675526165175370
1675526165175444
1675526165175518
1675526165175661
1675526165175735
1675526165175808
1675526165175882
1675526165176025
1675526165176099
1675526165176172
1675526165176246
1675526165176328
1675526165176472
1675526165177162
1675526165178195
1675526165179296
1675526165183270
1675526165184303
1675526165185267
1675526165185341
1675526165185415
