1675526169271219
1675526169272275
1675526169272348
1675526169272422
1675526169273321
1675526169274490
1675526169275522
1675526169276624
1675526169277655
1675526169277798
1675526169282045
1675526169282119
1675526169282193
1675526169282266
1675526169282409
1675526169282482
1675526169283105
1675526169284171
1675526169285273
1675526169286306
1675526169287406
1675526169287480
1675526169287553
1675526169287627
1675526169288455
1675526169288529
1675526169288602
1675526169288745
1675526169288819
1675526169289510
1675526169290886
1675526169291918
1675526169292950
1675526169296949
1675526169297027
1675526169297177
1675526169297253
1675526169297331
1675526169298058
1675526169298136
1675526169298213
1675526169299083
1675526169300170
1675526169301255
1675526169302269
1675526169303352
1675526169304385
1675526169305485
1675526169308365
1675526169308516
1675526169308591
1675526169308665
1675526169308739
1675526169308882
1675526169308955
1675526169309029
1675526169309445
1675526169309587
1675526169309662
1675526169309736
1675526169309809
1675526169310568
1675526169310641
1675526169313346
1675526169313424
1675526169313512
1675526169313590
1675526169314389
1675526169315477
1675526169316492
1675526169317577
1675526169317655
1675526169318669
1675526169319683
1675526169320769
1675526169321855
1675526169321932
1675526169322803
1675526169324205
1675526169324348
1675526169325311
1675526169328131
1675526169328206
1675526169328280
1675526169328422
1675526169328496
1675526169328570
1675526169328644
1675526169328786
1675526169328860
1675526169329139
1675526169329213
1675526169329287
1675526169329429
1675526169330188
1675526169331289
1675526169334137
1675526169334224
1675526169335166
