(1675526540.736427) vcan0 2C0#5D8700630300A0F1
(1675526540.736486) vcan0 2C5#00DF1F003BE30070
(1675526540.737625) vcan0 0F5#00800080BF43F100
(1675526540.737754) vcan0 120#008000807FF95589
(1675526540.737832) vcan0 130#87FF1D0000F3FF11
(1675526540.737918) vcan0 150#0000FE0703F8F3C0
(1675526540.740501) vcan0 125#E53F80E4C1D0D734
(1675526540.740558) vcan0 010#000000002FB031F8
(1675526540.740706) vcan0 1D0#0000000000000061
(1675526540.743325) vcan0 008#1680CC2900800080
(1675526540.744711) vcan0 288#FEDFC03F00000080
(1675526540.746180) vcan0 260#D0FF005549E185B0
(1675526540.747706) vcan0 1B0#00C0A60000B0FBEC
(1675526540.747783) vcan0 1B5#FF00000000E0FFEF
(1675526540.747860) vcan0 1D8#363339343234D643
(1675526540.747939) vcan0 1E0#002C4BC180BD17E0
(1675526540.748091) vcan0 2C3#5D8700FFFF005450
(1675526540.750476) vcan0 010#000000002FB031F8
(1675526540.751942) vcan0 072#F000FF3F00788038
(1675526540.752069) vcan0 2A9#8C2600C2C0000084
(1675526540.753365) vcan0 008#1680DC1900800080
(1675526540.753452) vcan0 055#B5F7FF67B3009C80
(1675526540.756411) vcan0 065#3AE3FAE7008EFC01
(1675526540.756467) vcan0 070#000049A800E25B00
(1675526540.756616) vcan0 075#0000000000005458
(1675526540.756693) vcan0 080#FF4F8000C2002C00
(1675526540.756772) vcan0 0B0#39837CA200C239A3
(1675526540.756849) vcan0 0E0#627101F000802200
(1675526540.756928) vcan0 145#FD22DD80FCC810A1
(1675526540.757077) vcan0 210#10E100A0A869F74D
(1675526540.757154) vcan0 28C#004020000014BE90
(1675526540.757233) vcan0 2B5#4B0D566293A64F3B
(1675526540.757310) vcan0 340#4700000000000000
(1675526540.757388) vcan0 350#A200000000000080
(1675526540.757975) vcan0 0F5#00800080BF47E100
(1675526540.758053) vcan0 120#008000807FF85589
(1675526540.758129) vcan0 130#8FFD1D0000E3FF11
(1675526540.758215) vcan0 150#0000FF1703F8E3C0
(1675526540.759357) vcan0 125#E53F80E4C1D0D734
(1675526540.760906) vcan0 010#000000002FB031F8
(1675526540.760983) vcan0 1D0#0000000000000061
(1675526540.761060) vcan0 291#0000000000000000
(1675526540.762375) vcan0 008#1680EC0900800080
(1675526540.763896) vcan0 290#0000000000000000
(1675526540.765403) vcan0 072#F000FF3F0078A038
(1675526540.765480) vcan0 3B0#00D84A3C3B90C400
(1675526540.766900) vcan0 1B0#00C0A40000B0F9EC
(1675526540.767050) vcan0 1B5#FF00000000E0FFEF
(1675526540.768419) vcan0 1D8#363339343234D643
(1675526540.768547) vcan0 1E0#002C4B8180BD17E0
(1675526540.769967) vcan0 288#FEDFC03F00000080
(1675526540.771385) vcan0 010#000000002FB031F8
(1675526540.771440) vcan0 330#2800000000000000
(1675526540.772885) vcan0 008#1680FCF900800080
(1675526540.774440) vcan0 055#B5F7FF67B3009C80
(1675526540.774520) vcan0 065#3AE3F9E7008EFD01
(1675526540.774597) vcan0 070#000048A800E25B00
(1675526540.774674) vcan0 075#0000000000005458
(1675526540.774752) vcan0 080#FF4F8000C2002C00
(1675526540.775890) vcan0 0B0#39837CA200C239A3
(1675526540.776042) vcan0 0E0#627101F800800200
(1675526540.776120) vcan0 145#FD12DE80FCC810A1
(1675526540.776198) vcan0 260#D0FF005549E185B0
(1675526540.777458) vcan0 0F5#00800080BF4BD100
(1675526540.777513) vcan0 120#008000807FF85589
(1675526540.777591) vcan0 130#97FF1D0000D3FF11
(1675526540.777739) vcan0 150#0000FF2703F8D3C0
(1675526540.778934) vcan0 3CA#00000000550000C8
(1675526540.780475) vcan0 125#E53F80E4C1D0D734
(1675526540.780533) vcan0 010#000000002FB031F8
(1675526540.780609) vcan0 072#F000FF3F00788038
(1675526540.781871) vcan0 1D0#0000000000000061
(1675526540.781999) vcan0 210#10E100A0A869F745
(1675526540.783377) vcan0 008#16800CE900800080
(1675526540.786149) vcan0 1B0#00C0A20000B0F7EC
(1675526540.787644) vcan0 1B5#FF00000000E0FFEF
(1675526540.787797) vcan0 1D8#363339343234D643
(1675526540.787875) vcan0 1E0#00303BC180BD17E0
(1675526540.787953) vcan0 2C3#5D8700FFFF005450
(1675526540.789211) vcan0 3C8#5D87008E8824008E
(1675526540.790681) vcan0 010#000000002FB031F9
(1675526540.790808) vcan0 291#0000000000000000
(1675526540.790887) vcan0 2A9#8C2600DBC0000084
(1675526540.793449) vcan0 008#16801CD900800080
(1675526540.794772) vcan0 055#B5F7FF67B3009C80
(1675526540.794858) vcan0 065#38E3FAE7008EFD01
(1675526540.797778) vcan0 070#000048A800E25B00
(1675526540.797929) vcan0 075#0000000000005458
(1675526540.798009) vcan0 080#FF4F8000C2002C00
(1675526540.798085) vcan0 0B0#39837CA200C239A3
(1675526540.798166) vcan0 0E0#627101C00080E200
(1675526540.798244) vcan0 145#FD02DF80FCC810A1
(1675526540.798325) vcan0 072#F000FF3F0078A038
(1675526540.798477) vcan0 288#F1DFC03F00000080
(1675526540.798554) vcan0 28C#004020000014BE90
(1675526540.798631) vcan0 290#0000000000000000
(1675526540.798707) vcan0 2B5#4B0D566293A64F3B
(1675526540.798786) vcan0 2C0#5D8700630300A0F1
(1675526540.798934) vcan0 0F5#00800080BF4FC100
