(1675526504.905893) vcan0 072#F000FF3F008C8038
(1675526504.905954) vcan0 1B0#00C0000007B000FC
(1675526504.906030) vcan0 1B5#FF6DB66B07E0FFEF
(1675526504.906109) vcan0 1D0#0000000000000061
(1675526504.906186) vcan0 1D8#363339343234DB43
(1675526504.906336) vcan0 1E0#0010B34300B917E0
(1675526504.906414) vcan0 2C3#5D8700FFFF3E5450
(1675526504.908506) vcan0 0E0#E2730FE800802C00
(1675526504.909744) vcan0 210#42DC80A0A869EB45
(1675526504.909818) vcan0 008#6F889405678C0080
(1675526504.915097) vcan0 125#E51E78E4C1D0D735
(1675526504.915170) vcan0 010#000000002FB031F8
(1675526504.915243) vcan0 0F5#F2864D877F5F82B6
(1675526504.915319) vcan0 120#B98625877FEA5589
(1675526504.915461) vcan0 130#BF441EEB06924D12
(1675526504.916495) vcan0 150#1B07BC76B6F661C0
(1675526504.916576) vcan0 291#0000000000000000
(1675526504.916651) vcan0 2A9#8C26009BC0000084
(1675526504.919109) vcan0 072#F000FF3F008CA038
(1675526504.920485) vcan0 360#5D8700D2C364A001
(1675526504.920563) vcan0 008#3D88A4D1BD8C0080
(1675526504.920640) vcan0 055#DDF79428B2F79C80
(1675526504.924610) vcan0 065#B6E4B7F8DF8D9102
(1675526504.924688) vcan0 070#000027F875E24800
(1675526504.924839) vcan0 075#0000000000005458
(1675526504.924916) vcan0 080#82518000C2002C00
(1675526504.924993) vcan0 0B0#3983F2A2E5C139A3
(1675526504.925070) vcan0 145#FDC2D380FC4810A1
(1675526504.925148) vcan0 288#43DC30CF00000080
(1675526504.925298) vcan0 28C#000020000014FEA2
(1675526504.925374) vcan0 290#0000000000000000
(1675526504.925454) vcan0 2B5#4B8F006293A692B4
(1675526504.925540) vcan0 2C0#5D8700070100A0F1
(1675526504.925617) vcan0 2C5#1FD77D54F1E40070
(1675526504.925767) vcan0 3AF#0000000000000020
(1675526504.925846) vcan0 010#000000002FB031F9
(1675526504.925995) vcan0 1B0#00C0000003B000FC
(1675526504.926074) vcan0 1B5#FF72BA6E09E0FFEF
(1675526504.926150) vcan0 1D0#0000000000000A61
(1675526504.926227) vcan0 1D8#363339343234DB43
(1675526504.926378) vcan0 1E0#0014A34300B917E0
(1675526504.926455) vcan0 390#80FF051D022A554F
(1675526504.928584) vcan0 0E0#E27310F000800B00
(1675526504.929961) vcan0 260#D0FF00AA497487B0
(1675526504.930103) vcan0 350#A200000000000080
(1675526504.931479) vcan0 008#0888B4A60C8D0080
(1675526504.934087) vcan0 125#E57F78E4C1D0D735
(1675526504.936971) vcan0 010#000000002FB031F8
(1675526504.937088) vcan0 072#F000FF3F008C8038
(1675526504.937168) vcan0 0F5#0D8761877F6372B7
(1675526504.937246) vcan0 120#E28645877FE95589
(1675526504.937323) vcan0 130#C7471EF2067B4D12
(1675526504.937403) vcan0 150#2207C286BCF64AC0
(1675526504.937552) vcan0 210#42DC80A0A869EB4D
(1675526504.937630) vcan0 3C8#5D87008E882C008E
(1675526504.937708) vcan0 3D0#8B0F6100340680C3
(1675526504.939586) vcan0 008#D687C472638D0080
(1675526504.940965) vcan0 055#DEF79228B2F79C80
(1675526504.941043) vcan0 065#93E4B4F8D88D9002
(1675526504.941193) vcan0 070#000026F877E24600
(1675526504.942497) vcan0 075#0000000000005458
(1675526504.942576) vcan0 080#7F518000C2002C00
(1675526504.942652) vcan0 0B0#3B83E9A2E5C13BA3
(1675526504.942731) vcan0 145#FDB2D480FC4810A1
(1675526504.945121) vcan0 010#000000002FB031F8
(1675526504.945198) vcan0 1B0#00C0000006B000FC
(1675526504.945276) vcan0 1B5#FF76BF700BE0FFEF
(1675526504.946580) vcan0 1D0#0000000000000061
(1675526504.946658) vcan0 1D8#363339343234DB43
(1675526504.946809) vcan0 1E0#0014A30300B917E0
(1675526504.946886) vcan0 288#58DC30CF00000080
(1675526504.946963) vcan0 291#0000000000000000
(1675526504.947062) vcan0 2C3#5D8700FFFF3E5450
(1675526504.947137) vcan0 400#010100010204051A
(1675526504.947211) vcan0 405#5D870031002D3402
(1675526504.950574) vcan0 0E0#E2730CF80080EF00
(1675526504.950646) vcan0 072#F000FF3F008CA038
(1675526504.950790) vcan0 008#A287D447B28D0080
(1675526504.950865) vcan0 290#0000000000000000
(1675526504.953063) vcan0 125#E5E378E4C1D0D735
(1675526504.954447) vcan0 0F5#0C8764877F6762B7
(1675526504.955960) vcan0 120#EC8663877FE85589
(1675526504.956033) vcan0 130#CF4A1E1707455312
(1675526504.956176) vcan0 010#000000002FB031F8
(1675526504.956250) vcan0 150#4007C996C3F61CC0
(1675526504.956325) vcan0 2A9#8C260082C0000084
(1675526504.958601) vcan0 210#42DC80A0A869EB45
(1675526504.959977) vcan0 260#D0FF00AA497487B0
(1675526504.963009) vcan0 008#6E87E42AF38D0080
(1675526504.963086) vcan0 055#DFF79128B2F79C80
(1675526504.963164) vcan0 065#6BE4B0F8DD8D9102
(1675526504.963242) vcan0 070#000024F879E24500
(1675526504.963320) vcan0 075#0000000000005458
(1675526504.963472) vcan0 080#7B518000C2002C00
(1675526504.963549) vcan0 0B0#3F83E1A2E5C13FA3
(1675526504.963627) vcan0 145#FDA2D580FC4810A1
(1675526504.963714) vcan0 28C#000020000014FEA0
(1675526504.963791) vcan0 2B5#4B8F006293A68B7F
(1675526504.963870) vcan0 340#6C00000000000000
(1675526504.965676) vcan0 010#000000002FB031F8
(1675526504.965826) vcan0 072#F000FF3F00888038
(1675526504.965904) vcan0 1B0#00C0000000B000FC
(1675526504.965982) vcan0 1B5#FF7BC4720EE0FFEF
(1675526504.966061) vcan0 1D0#0000000000000061
(1675526504.966136) vcan0 1D8#363339343234DB43
(1675526504.966287) vcan0 1E0#0018934300B917E0
(1675526504.968185) vcan0 0E0#E27302C00080D900
(1675526504.970932) vcan0 008#3787F41E258E0080
(1675526504.971074) vcan0 288#81DC40BF00000080
(1675526504.973548) vcan0 125#E54679E4C1D0D735
(1675526504.974922) vcan0 010#000000002FB031F8
(1675526504.975066) vcan0 0F5#0D8762877F6B52B8
(1675526504.975148) vcan0 120#058773877FED5589
(1675526504.975223) vcan0 130#D74D1E1707354D12
(1675526504.976461) vcan0 150#4107CDA6CAF60BC0
(1675526504.976535) vcan0 291#0000000000000000
(1675526504.976678) vcan0 330#2800000000000000
(1675526504.979111) vcan0 072#F000FF3F0088A038
(1675526504.980486) vcan0 008#01870419508E0080
(1675526504.980562) vcan0 055#E0F78F28B2F79C80
(1675526504.984604) vcan0 065#53E47BF8E18D5B02
(1675526504.984684) vcan0 070#000021F87AE24300
(1675526504.984760) vcan0 075#0000000000005458
(1675526504.984910) vcan0 080#75518000C2002C00
(1675526504.984987) vcan0 0B0#4383DAA2E5C143A3
(1675526504.985067) vcan0 145#FD92D680FC4810A1
(1675526504.985144) vcan0 290#0000000000000000
(1675526504.985220) vcan0 2C0#5D8700050100A0F1
(1675526504.985308) vcan0 2C5#22D76F5F67E40070
(1675526504.985458) vcan0 010#000000002FB031F8
(1675526504.986111) vcan0 1B0#00C0000000B000FC
(1675526504.986188) vcan0 1B5#FF7FC97410E0FFEF
(1675526504.986266) vcan0 1D0#0000000000000061
(1675526504.986345) vcan0 1D8#363339343234DB43
(1675526504.986494) vcan0 1E0#001C834300B917E0
(1675526504.986572) vcan0 210#42DC80A0A869EB4D
(1675526504.986649) vcan0 2C3#5D8700FFFF3E5450
(1675526504.988940) vcan0 0E0#627306C80080B500
(1675526504.989084) vcan0 260#D0FF00AA497487B0
(1675526504.990461) vcan0 008#CA8614078A8E0080
(1675526504.993070) vcan0 125#E5AA79E4C1D0D735
(1675526504.994448) vcan0 010#000000002FB031F8
(1675526504.996030) vcan0 072#F000FF3F00888038
(1675526504.996173) vcan0 0F5#198771877F6F42B9
(1675526504.996255) vcan0 120#208774877FF25589
(1675526504.996329) vcan0 130#DF4A1E1B07214712
(1675526504.996472) vcan0 150#3F07E0B6D3F6FDC0
(1675526504.996547) vcan0 288#A6DC40BF00000080
(1675526504.996620) vcan0 2A9#8C26009BC0000084
(1675526504.999975) vcan0 008#9686240EA78E0080
(1675526505.002794) vcan0 055#E1F78D28B2F79C80
(1675526505.002872) vcan0 065#2CE47FF8DC8D7B02
(1675526505.002951) vcan0 070#000020F87CE24100
(1675526505.003029) vcan0 075#0000000000005458
(1675526505.003106) vcan0 080#71518000C2002C00
(1675526505.003256) vcan0 0B0#4783D9A2E5C147A3
(1675526505.003334) vcan0 145#FD82D780FC4810A1
(1675526505.003410) vcan0 28C#000020000014FE9F
(1675526505.003487) vcan0 2B5#4B8F006293A686A9
(1675526505.003567) vcan0 370#0723C0005C1BC735
(1675526505.005312) vcan0 010#000000002FB031F9
(1675526505.005461) vcan0 1D0#0000000000000A61
(1675526505.005539) vcan0 1B0#00C0000002B000FC
(1675526505.005618) vcan0 1B5#FF84CE7713E0FFEF
(1675526505.005696) vcan0 1D8#363339343234DB43
(1675526505.006712) vcan0 1E0#001C830300B917E0
(1675526505.006789) vcan0 291#0000000000000000
(1675526505.008182) vcan0 0E0#627312D000808900
(1675526505.010859) vcan0 072#F000FF3F0088A038
(1675526505.010933) vcan0 210#42DC80A0A869EB4D
(1675526505.011007) vcan0 3B0#00D819383AC0C400
(1675526505.011080) vcan0 008#5F863427B58E0080
(1675526505.011153) vcan0 290#0000000000000000
(1675526505.014858) vcan0 125#E50A7AE4C1D0D735
(1675526505.014933) vcan0 010#000000002FB031F8
(1675526505.015007) vcan0 0F5#08876C877F7332B9
(1675526505.015101) vcan0 120#2A8786877FF25589
(1675526505.016201) vcan0 130#E7471E2507074212
(1675526505.016278) vcan0 150#3707E8C6DDF6F5C0
(1675526505.016352) vcan0 3CA#00000000560000C8
(1675526505.018824) vcan0 360#5D8700D2C364A001
(1675526505.020199) vcan0 260#D0FF0055497487B0
(1675526505.020350) vcan0 350#A200000000000080
(1675526505.020426) vcan0 008#2D864442BC8E0080
(1675526505.021802) vcan0 055#E2F78A28B2F79C80
(1675526505.021953) vcan0 065#21E485F8E98D7A02
(1675526505.022029) vcan0 070#000020F87DE23F00
(1675526505.022108) vcan0 075#0000000000005458
(1675526505.022185) vcan0 080#69518000C2002C00
(1675526505.022263) vcan0 0B0#4B83CEA2E5C14BA3
(1675526505.022412) vcan0 145#FD72D880FC4810A1
(1675526505.022489) vcan0 288#EFDC40BF00000080
(1675526505.025823) vcan0 010#000000002FB031F8
(1675526505.025974) vcan0 072#F000FF3F00888038
(1675526505.026051) vcan0 1B0#00C0000003B000FC
(1675526505.026128) vcan0 1B5#FF88D27915E0FFEF
(1675526505.026207) vcan0 1D0#0000000000000061
(1675526505.026284) vcan0 1D8#363339343234DB43
(1675526505.027223) vcan0 1E0#0020734300B917E0
(1675526505.027297) vcan0 2C3#5D8700FFFF3E5450
(1675526505.027440) vcan0 390#80FF051D0226564F
(1675526505.028681) vcan0 0E0#627322D800805900
(1675526505.030194) vcan0 008#FD855463BC8E0080
(1675526505.034102) vcan0 125#E5697AE4C1D0D735
(1675526505.035614) vcan0 010#000000002FB031F8
(1675526505.035690) vcan0 210#42DC8020A869EB45
(1675526505.035762) vcan0 0F5#F7865D877F7722BA
(1675526505.035905) vcan0 120#368790877FF55589
(1675526505.035989) vcan0 130#EF421E3407E83C12
(1675526505.036063) vcan0 150#2E07FBD6E9F6EEC0
(1675526505.036137) vcan0 291#0000000000000000
(1675526505.036211) vcan0 2A9#8C260082C0000084
(1675526505.038267) vcan0 072#F000FF3F0088A038
(1675526505.040937) vcan0 008#CD8564BC838E0080
(1675526505.041088) vcan0 055#E3F78528B2F79C80
(1675526505.041165) vcan0 065#3FE491F80A8E8902
(1675526505.041243) vcan0 070#00001DF87CE23E00
(1675526505.041322) vcan0 075#0000000000005458
(1675526505.041472) vcan0 080#5D518000C2002C00
(1675526505.045144) vcan0 0B0#4F83CFA2E6C14FA3
(1675526505.045222) vcan0 145#FD62D980FC4810A1
(1675526505.045300) vcan0 28C#000020000014FE9D
(1675526505.045377) vcan0 290#0000000000000000
(1675526505.045456) vcan0 2B5#4B8F006293A67DB4
(1675526505.045615) vcan0 2C0#5D8700050100A0F1
(1675526505.045692) vcan0 2C5#23D768641CE40070
(1675526505.045770) vcan0 340#6C00000000000000
(1675526505.045847) vcan0 3AF#0000000000000020
(1675526505.045926) vcan0 010#000000002FB031F8
(1675526505.046074) vcan0 1B0#00C0000003B000FC
(1675526505.046152) vcan0 1B5#FF8DD77B17E0FFEF
(1675526505.046447) vcan0 1D0#0000000000000061
(1675526505.046525) vcan0 1D8#363339343234DB43
(1675526505.046675) vcan0 1E0#0024634300B917E0
(1675526505.046752) vcan0 288#18DD40BF00000080
(1675526505.049136) vcan0 0E0#62732DE000802E00
(1675526505.050498) vcan0 260#D0FF0055497487B0
(1675526505.050574) vcan0 008#A0857405578E0080
(1675526505.053113) vcan0 125#E5BC7AE4C1D0D735
(1675526505.054487) vcan0 0F5#1A8771877F7B12BA
(1675526505.056144) vcan0 120#558795877FF85589
(1675526505.056288) vcan0 130#F7391E4407C83712
(1675526505.056363) vcan0 010#000000002FB031F8
(1675526505.056436) vcan0 072#F000FF3F00888038
(1675526505.056511) vcan0 150#3B0709E7F5F6D1C0
(1675526505.056653) vcan0 330#2800000000000000
(1675526505.056727) vcan0 3C8#5D87008E882C008E
(1675526505.058714) vcan0 210#42DC80A0A869EB45
(1675526505.061459) vcan0 008#7785846D088E0080
(1675526505.061534) vcan0 055#E2F78128B2F79C80
(1675526505.061677) vcan0 065#76E486F81A8E7302
(1675526505.061748) vcan0 070#00001DF87AE23C00
(1675526505.061823) vcan0 075#0000000000005458
(1675526505.061899) vcan0 080#51518000C2002C00
(1675526505.062932) vcan0 0B0#5383D5A2E6C153A3
(1675526505.063074) vcan0 145#FD52DA80FC4810A1
(1675526505.065967) vcan0 010#000000002FB031F8
(1675526505.066042) vcan0 1B0#00C0000006B000FC
(1675526505.066184) vcan0 1B5#FF92DC7E1AE0FFEF
(1675526505.066259) vcan0 1D0#0000000000000061
(1675526505.066332) vcan0 1D8#363339343234DB43
(1675526505.066406) vcan0 1E0#0024630300B917E0
(1675526505.066550) vcan0 291#0000000000000000
(1675526505.066623) vcan0 2C3#5D8700FFFF3E5450
(1675526505.068603) vcan0 0E0#62732AE800801100
(1675526505.069979) vcan0 072#F000FF3F0088A038
(1675526505.071428) vcan0 008#508594F19C8D0080
(1675526505.071578) vcan0 290#0000000000000000
(1675526505.071655) vcan0 288#56DD50AF00000080
(1675526505.074110) vcan0 125#E5067BE4C1D0D735
(1675526505.075558) vcan0 010#000000002FB031F8
(1675526505.075709) vcan0 0F5#3A878F877F7F02BB
(1675526505.075795) vcan0 120#3F879A877FF85589
(1675526505.075873) vcan0 130#FF2E1E5507A73112
(1675526505.075951) vcan0 150#540715F702F7A8C0
(1675526505.076029) vcan0 2A9#8C26008AC0000084
(1675526505.080831) vcan0 260#D0FF0055497487B0
(1675526505.080974) vcan0 008#2C85A47F228D0080
(1675526505.081047) vcan0 055#E2F77D28B2F79C80
(1675526505.081122) vcan0 065#9EE46FF82E8E5C02
(1675526505.084894) vcan0 070#00001EF877E23C00
(1675526505.084968) vcan0 075#0000000000005458
(1675526505.085042) vcan0 080#46518000C2002C00
(1675526505.085117) vcan0 0B0#5783E4A2E4C157A3
(1675526505.085258) vcan0 145#FD42DB80FC4810A1
(1675526505.085333) vcan0 28C#000020000014FE9E
(1675526505.085406) vcan0 2B5#4B8F006293A67A7E
(1675526505.085481) vcan0 010#000000002FB031F9
(1675526505.085631) vcan0 072#F000FF3F00888038
(1675526505.086323) vcan0 1B0#00C0000005B000FC
(1675526505.086396) vcan0 1B5#FF96E1801CE0FFEF
(1675526505.086539) vcan0 1D0#0000000000000A61
(1675526505.086614) vcan0 1D8#363339343234DB43
(1675526505.086687) vcan0 1E0#0028534300B917E0
(1675526505.086762) vcan0 210#42DC80A0A869EB4D
(1675526505.090345) vcan0 0E0#627322F00080F900
(1675526505.090420) vcan0 008#0C85B4367C8C0080
(1675526505.092887) vcan0 125#E5497BE4C1D0D735
(1675526505.094195) vcan0 010#000000002FB031F8
(1675526505.095913) vcan0 0F5#4A879B877F43F2BC
(1675526505.095986) vcan0 120#498795877FFB5589
(1675526505.096131) vcan0 130#87281E5507972B12
(1675526505.096204) vcan0 150#6307230710F789C0
(1675526505.096278) vcan0 291#0000000000000000
(1675526505.096360) vcan0 288#7BDD50AF00000080
(1675526505.096435) vcan0 425#0000000000000000
(1675526505.098461) vcan0 072#F000FF3F0088A038
(1675526505.101207) vcan0 008#EC84C4DFE58B0080
(1675526505.101285) vcan0 055#E1F77A28B2F79C80
(1675526505.101434) vcan0 065#C8E463F82B8E5B02
(1675526505.101514) vcan0 070#00001EF876E23B00
(1675526505.101591) vcan0 075#0000000000005458
(1675526505.101670) vcan0 080#3F518000C2002C00
(1675526505.105353) vcan0 0B0#5B83EFA2E4C15BA3
(1675526505.105430) vcan0 145#FD32DC80FC4810A1
(1675526505.105580) vcan0 290#0000000000000000
(1675526505.105658) vcan0 2C0#5D8700070100A0F1
(1675526505.105736) vcan0 2C5#24D75F6DB6E40070
(1675526505.105814) vcan0 370#0723C0005C1BC735
(1675526505.105891) vcan0 3E0#000000D935808093
(1675526505.105977) vcan0 010#000000002FB031F8
(1675526505.106125) vcan0 1B0#00C0000004B000FC
(1675526505.106204) vcan0 1B5#FF9BE6821FE0FFEF
(1675526505.106283) vcan0 1D0#0000000000000061
(1675526505.106360) vcan0 1D8#363339343234DB43
(1675526505.106726) vcan0 1E0#002C434300B917E0
(1675526505.106804) vcan0 2C3#5D8700FFFF3E5450
(1675526505.108194) vcan0 0E0#627319F80080E200
(1675526505.109713) vcan0 210#67DC80A0A869EB45
(1675526505.109792) vcan0 260#D0FF00AA497487B0
(1675526505.109944) vcan0 350#A200000000000080
(1675526505.110020) vcan0 008#CE84D48B478B0080
(1675526505.113628) vcan0 125#E5837BE4C1D0D735
(1675526505.115006) vcan0 010#000000002FB031F8
(1675526505.115084) vcan0 072#F000FF3F00888038
(1675526505.115161) vcan0 0F5#5A879D877F47E2BC
(1675526505.115248) vcan0 120#5B8797877FFD5589
(1675526505.116479) vcan0 130#8F231E5807842612
(1675526505.116559) vcan0 150#780732171EF764C0
(1675526505.116636) vcan0 2A9#8C260093C0000084
(1675526505.119132) vcan0 360#5D8700D2C364A001
(1675526505.120508) vcan0 008#B184E431AF8A0080
(1675526505.120582) vcan0 055#E1F77928B2F79C80
(1675526505.123257) vcan0 065#CAE45CF8138E5702
(1675526505.123330) vcan0 070#00001EF876E23B00
(1675526505.123405) vcan0 075#0000000000005458
(1675526505.123479) vcan0 080#3C518000C2002C00
(1675526505.123621) vcan0 0B0#5F83F6A2E2C15FA3
(1675526505.123696) vcan0 145#FD22DD80FC4810A1
(1675526505.123770) vcan0 288#BCDD50AF00000080
(1675526505.123844) vcan0 28C#000020000014FEA1
(1675526505.123987) vcan0 2B5#4B8F006293A68079
(1675526505.124069) vcan0 340#6C00000000000000
(1675526505.125995) vcan0 010#000000002FB031F8
(1675526505.126068) vcan0 1B0#00C0000002B000FC
(1675526505.126143) vcan0 1B5#FFA0EB8521E0FFEF
(1675526505.126286) vcan0 1D0#0000000000000061
(1675526505.126359) vcan0 1D8#363339343234DB43
(1675526505.126435) vcan0 1E0#002C430300B917E0
(1675526505.126508) vcan0 291#0000000000000000
(1675526505.127454) vcan0 390#80FF051D0222574F
(1675526505.128977) vcan0 0E0#627318C00080C300
(1675526505.129055) vcan0 072#F000FF3F0088A038
(1675526505.129136) vcan0 3B0#00D819383AC0C400
(1675526505.130435) vcan0 008#9884F4DF0A8A0080
(1675526505.130586) vcan0 290#0000000000000000
(1675526505.133112) vcan0 125#E5B47BE4C1D0D735
(1675526505.134487) vcan0 010#000000002FB031F8
(1675526505.134583) vcan0 210#67DC80A0A869EB4D
(1675526505.136104) vcan0 0F5#5D879B877F4BD2BD
(1675526505.136183) vcan0 120#5787A4877FFE5589
(1675526505.136260) vcan0 130#97201E62076A2312
(1675526505.136338) vcan0 150#810740272CF74BC0
(1675526505.136415) vcan0 330#2800000000000000
(1675526505.136565) vcan0 3CA#00000000400000C8
(1675526505.136643) vcan0 3D0#8B0F6100340680C3
(1675526505.138934) vcan0 430#2A082A00000014A6
(1675526505.139075) vcan0 260#D0FF00AA497487B0
(1675526505.141755) vcan0 008#7F8404886B890080
(1675526505.141827) vcan0 055#E0F77828B2F79C80
(1675526505.141903) vcan0 065#BAE459F8FE8D5702
(1675526505.142045) vcan0 070#00001EF877E23A00
(1675526505.142121) vcan0 075#0000000000005458
(1675526505.142193) vcan0 080#3B518000C2002C00
(1675526505.142277) vcan0 0B0#6383F5A2E2C163A3
(1675526505.142350) vcan0 145#FD12DE80FC4810A1
(1675526505.145577) vcan0 010#000000002FB031F8
(1675526505.145719) vcan0 072#F000FF3F00888038
(1675526505.145791) vcan0 1B0#00C0000000B000FC
(1675526505.145867) vcan0 1B5#FFA5F08724E0FFEF
(1675526505.145940) vcan0 1D0#0000000000000061
(1675526505.146083) vcan0 1D8#363339343234DB43
(1675526505.146980) vcan0 1E0#0030334300B917E0
(1675526505.147091) vcan0 288#E1DD50AF00000080
(1675526505.147096) vcan0 2C3#5D8700FFFF3F5450
(1675526505.148474) vcan0 0E0#627313C80080A800
(1675526505.149922) vcan0 008#66841429D4880080
(1675526505.153893) vcan0 125#E5E37BE4C1D0D735
(1675526505.155196) vcan0 0F5#598796877F4FC2BE
(1675526505.155346) vcan0 120#7187AA877FFF5589
(1675526505.155444) vcan0 130#9F201E62075A1D12
(1675526505.155522) vcan0 010#000000002FB031F8
(1675526505.156682) vcan0 150#7F074C3739F73DC0
(1675526505.156832) vcan0 291#0000000000000000
(1675526505.156911) vcan0 2A9#8C26008AC0000084
(1675526505.159396) vcan0 072#F000FF3F0088A038
(1675526505.160703) vcan0 210#67DC80A0A869EB45
(1675526505.160846) vcan0 008#518424C53D880080
(1675526505.160920) vcan0 055#E1F77628B2F59C80
(1675526505.160995) vcan0 065#C0E459F8038E5802
(1675526505.161068) vcan0 070#00001EF876E23900
(1675526505.164840) vcan0 075#0000000000005458
(1675526505.164983) vcan0 080#36518000C2002C00
(1675526505.165057) vcan0 0B0#6783F2A2E2C167A3
(1675526505.165144) vcan0 145#FD02DF80FC4810A1
(1675526505.165274) vcan0 28C#000020000014FEA1
(1675526505.165358) vcan0 290#0000000000000000
(1675526505.165432) vcan0 2B5#4B90006293A6827A
(1675526505.165505) vcan0 2C0#5D8700070100A0F1
(1675526505.165579) vcan0 2C5#24D75E70C4E40070
(1675526505.165722) vcan0 3AF#0000000000000020
(1675526505.165797) vcan0 010#000000002FB031F9
(1675526505.165870) vcan0 1B0#00C0000000B000FC
(1675526505.166218) vcan0 1B5#FFAAF58926E0FFEF
(1675526505.166293) vcan0 1D0#0000000000000A61
(1675526505.166435) vcan0 1D8#363339343234DB43
(1675526505.166509) vcan0 1E0#0034234300B917E0
(1675526505.168895) vcan0 0E0#62730ED000808D00
(1675526505.170200) vcan0 260#D0FF00AA497487B0
(1675526505.170278) vcan0 008#3D843444C3870080
(1675526505.171723) vcan0 288#02DE609F00000080
(1675526505.173173) vcan0 125#E50D7CE4C1D0D735
(1675526505.175997) vcan0 010#000000002FB031F8
(1675526505.176076) vcan0 072#F000FF3F00888038
(1675526505.176225) vcan0 0F5#6387A7877F53B2BE
(1675526505.176303) vcan0 120#8387AF877FFF5589
(1675526505.176382) vcan0 130#A7201E71073B1812
(1675526505.176459) vcan0 150#7B07534745F731C0
(1675526505.176536) vcan0 3C8#5D87008E882C008E
(1675526505.179730) vcan0 008#288444C448870080
(1675526505.181106) vcan0 055#E1F77228B2F09C80
(1675526505.181184) vcan0 065#BFE458F8018E5802
(1675526505.181262) vcan0 070#00001EF872E23900
(1675526505.181340) vcan0 075#0000000000005458
(1675526505.185094) vcan0 080#2A518000C2002C00
(1675526505.185245) vcan0 0B0#6B83F4A2E2C16BA3
(1675526505.185323) vcan0 145#FDF2D080FC4810A1
(1675526505.185400) vcan0 010#000000002FB031F8
(1675526505.185488) vcan0 1B0#00C0000002B000FC
(1675526505.185569) vcan0 1B5#FFAEFA8C28E0FFEF
(1675526505.185645) vcan0 1D0#0000000000000061
(1675526505.186445) vcan0 1D8#363339343234DB43
(1675526505.186523) vcan0 1E0#0034230300B917E0
(1675526505.186674) vcan0 210#67DC8020A869EB4D
(1675526505.186748) vcan0 291#0000000000000000
(1675526505.186828) vcan0 2C3#5D8700FFFF3F5450
(1675526505.189117) vcan0 0E0#627308D800807300
(1675526505.190425) vcan0 072#F000FF3F0088A038
(1675526505.190567) vcan0 008#1884542AE3860080
(1675526505.190644) vcan0 290#0000000000000000
(1675526505.193112) vcan0 125#E5347CE4C1D0D735
(1675526505.194487) vcan0 010#000000002FB031F8
(1675526505.194561) vcan0 0F5#7A87B0877F57A2BF
(1675526505.196074) vcan0 120#7A87C0877FFC5589
(1675526505.196158) vcan0 130#AF201E8307191D12
(1675526505.196232) vcan0 150#8A075E5750F712C0
(1675526505.196374) vcan0 288#2FDE609F00000080
(1675526505.196449) vcan0 2A9#8C260093C0000084
(1675526505.196524) vcan0 400#000101010002031B
(1675526505.196598) vcan0 405#0000000000000022
(1675526505.198758) vcan0 260#D0FF0055497487B0
(1675526505.201502) vcan0 350#A200000000000080
(1675526505.201579) vcan0 008#0684649877860080
(1675526505.201659) vcan0 055#E1F76828B2E69C7F
(1675526505.201737) vcan0 065#C1E455F8008E5402
(1675526505.201815) vcan0 070#00001EF86AE23800
(1675526505.201966) vcan0 075#0000000000005458
(1675526505.204203) vcan0 080#11518000C2002C00
(1675526505.204354) vcan0 0B0#6B83F3A2E1C16BA3
(1675526505.204432) vcan0 145#FDE2D180FC4810A1
(1675526505.204519) vcan0 28C#000020000014FEA1
(1675526505.204597) vcan0 2B5#4B90006293A67F76
(1675526505.204676) vcan0 340#6C00000000000000
(1675526505.204753) vcan0 370#0723C0005C1BC735
(1675526505.204901) vcan0 010#000000002FB031F8
(1675526505.206999) vcan0 072#F000FF3F00888038
(1675526505.207081) vcan0 1B0#00C0000004B000FC
(1675526505.207155) vcan0 1B5#FFB3FF8E2BE0FFEF
(1675526505.207229) vcan0 1D0#0000000000000061
(1675526505.207303) vcan0 1D8#363339343234DB43
(1675526505.207375) vcan0 1E0#0038134300B917E0
(1675526505.209573) vcan0 0E0#E27302E000805900
(1675526505.209716) vcan0 210#67DC80A0A869EB4D
(1675526505.210953) vcan0 008#F68374FD13860080
(1675526505.213628) vcan0 125#E5587CE4C1D0D735
(1675526505.214934) vcan0 010#000000002FB031F8
(1675526505.215085) vcan0 291#0000000000000000
(1675526505.215161) vcan0 0F5#7E87B5877F5B92BF
(1675526505.215234) vcan0 120#8487BB877FF85589
(1675526505.216473) vcan0 130#B7201E8307092012
(1675526505.216546) vcan0 150#9607696759F7F6C0
(1675526505.216688) vcan0 330#2800000000000000
(1675526505.219108) vcan0 072#F000FF3F0088A038
(1675526505.220484) vcan0 360#5D8700D2C364A001
(1675526505.220560) vcan0 008#E6838463AE850080
(1675526505.220640) vcan0 055#E1F75D28B2D89C7E
(1675526505.224609) vcan0 065#C8E453F8048E5502
(1675526505.224687) vcan0 070#00001DF85FE23800
(1675526505.224837) vcan0 075#0000000000005458
(1675526505.224915) vcan0 080#F4508000C2002C00
(1675526505.224992) vcan0 0B0#6B83F4A2E2C16BA3
(1675526505.225069) vcan0 145#FDD2D280FC4810A1
(1675526505.225156) vcan0 288#47DE609F00000080
(1675526505.225234) vcan0 290#0000000000000000
(1675526505.225309) vcan0 2C0#5D8700050100A0F1
(1675526505.225389) vcan0 2C5#23D75C75C3E40070
(1675526505.225466) vcan0 010#000000002FB031F8
(1675526505.226121) vcan0 1B0#00C0000001B000FC
(1675526505.226199) vcan0 1B5#FFB804912DE0FFEF
(1675526505.226277) vcan0 1D0#0000000000000061
(1675526505.226355) vcan0 1D8#363339343234DB43
(1675526505.226433) vcan0 1E0#003C034300B917E0
(1675526505.226510) vcan0 2C3#5D8700FFFF3F5450
(1675526505.226661) vcan0 390#80FF051D021E584F
(1675526505.228921) vcan0 0E0#E2730AE800803100
(1675526505.229070) vcan0 260#D0FF0055497487B0
(1675526505.230446) vcan0 008#D68394B25F850080
(1675526505.233118) vcan0 125#E5797CE4C1D0D735
(1675526505.234502) vcan0 010#000000002FB031F8
(1675526505.234579) vcan0 072#F000FF3F00888038
(1675526505.236101) vcan0 0F5#7E87B7877F5F82C0
(1675526505.236178) vcan0 120#9A87C0877FFC5589
(1675526505.236256) vcan0 130#BF201E8B07F11D12
(1675526505.236335) vcan0 150#9C076E7761F7E0C0
(1675526505.236484) vcan0 210#67DC80A0A869EB45
(1675526505.236563) vcan0 2A9#8C26008AC0000084
(1675526505.241392) vcan0 008#C783A4E42C850080
(1675526505.241465) vcan0 055#E2F75128B2C89C7E
(1675526505.241539) vcan0 065#CAE44EF8038E4E02
(1675526505.241683) vcan0 070#00001DF853E23800
(1675526505.241757) vcan0 075#0000000000005458
(1675526505.241831) vcan0 080#D4508000C2002C00
(1675526505.242727) vcan0 0B0#6B83F5A2E2C16BA3
(1675526505.242800) vcan0 145#FDC2D380FC4810A1
(1675526505.242885) vcan0 28C#000020000014FEA1
(1675526505.242959) vcan0 2B5#4B90016293A67A68
(1675526505.245363) vcan0 010#000000002FB031F9
(1675526505.245437) vcan0 1B0#00C0000001B000FC
(1675526505.245511) vcan0 1B5#FFBD099330E0FFEF
(1675526505.245654) vcan0 1D0#0000000000000A61
(1675526505.246756) vcan0 1D8#363339343234DB43
(1675526505.246831) vcan0 1E0#003C030300B917E0
(1675526505.246904) vcan0 288#50DE609F00000080
(1675526505.246979) vcan0 291#0000000000000000
(1675526505.248178) vcan0 0E0#E2730CF000800F00
(1675526505.250851) vcan0 072#F000FF3F0088A038
(1675526505.250929) vcan0 3B0#00D819383AC0C400
(1675526505.251081) vcan0 008#B983B424EB840080
(1675526505.251158) vcan0 290#0000000000000000
(1675526505.253399) vcan0 125#E5977CE4C1D0D735
(1675526505.254709) vcan0 0F5#8987C1877F6372C1
(1675526505.254789) vcan0 120#9887C7877FFC5589
(1675526505.256238) vcan0 130#C7201E9A07D22312
(1675526505.256315) vcan0 010#000000002FB031F8
(1675526505.256392) vcan0 150#A607718767F7C6C0
(1675526505.256470) vcan0 3CA#00000000510000C8
(1675526505.258839) vcan0 210#67DC80A0A869EB45
(1675526505.260214) vcan0 260#D0FF0055497487B0
(1675526505.260287) vcan0 008#A983C456B9840080
(1675526505.261802) vcan0 055#E2F74828B2BB9C7E
(1675526505.261943) vcan0 065#C5E447F8FE8D4802
(1675526505.262018) vcan0 070#00001CF84BE23700
(1675526505.262093) vcan0 075#0000000000005458
(1675526505.262166) vcan0 080#BE508000C2002C00
(1675526505.262309) vcan0 0B0#6B83F4A2E2C16BA3
(1675526505.262384) vcan0 145#FDB2D480FC4810A1
(1675526505.265824) vcan0 010#000000002FB031F8
(1675526505.265966) vcan0 072#F000FF3F00888038
(1675526505.266039) vcan0 1B0#00C0000001B000FC
(1675526505.266114) vcan0 1B5#FFC20E9632E0FFEF
(1675526505.266187) vcan0 1D0#0000000000000061
(1675526505.266332) vcan0 1D8#363339343234DB43
(1675526505.267235) vcan0 1E0#0000F34300B917E0
(1675526505.267314) vcan0 2C3#5D8700FFFF3F5450
(1675526505.268690) vcan0 0E0#E2730DF80080EE00
(1675526505.270211) vcan0 008#9B83D47895840080
(1675526505.270288) vcan0 288#5CDE708F00000080
(1675526505.272820) vcan0 125#E5B67CE4C1D0D735
(1675526505.274194) vcan0 010#000000002FB031F8
(1675526505.275786) vcan0 291#0000000000000000
(1675526505.275936) vcan0 0F5#9087C4877F6762C1
(1675526505.276013) vcan0 120#9C87BD877FFA5589
(1675526505.276101) vcan0 130#CF1D1E9A07C21D12
(1675526505.276178) vcan0 150#A60771976DF7B6C0
(1675526505.276257) vcan0 2A9#8C260082C0000084
(1675526505.278504) vcan0 072#F000FF3F0088A038
(1675526505.281247) vcan0 008#8B83E4A36A840080
(1675526505.281321) vcan0 055#E2F74128B2B09C7F
(1675526505.281395) vcan0 065#BCE441F8FA8D3F02
(1675526505.281469) vcan0 070#00001CF844E23700
(1675526505.281610) vcan0 075#0000000000005458
(1675526505.281684) vcan0 080#AB508000C2002C00
(1675526505.285321) vcan0 0B0#6B83F3A2E2C16BA3
(1675526505.285464) vcan0 145#FDA2D580FC4810A1
(1675526505.285537) vcan0 28C#000020000014FEA1
(1675526505.285610) vcan0 290#0000000000000000
(1675526505.285754) vcan0 2B5#4B90026293A67360
(1675526505.285829) vcan0 2C0#5D8700050100A0F1
(1675526505.285911) vcan0 2C5#21D75B78C8E40070
(1675526505.285985) vcan0 340#6C00000000000000
(1675526505.286060) vcan0 3AF#0000000000000020
(1675526505.286202) vcan0 010#000000002FB031F8
(1675526505.286276) vcan0 1B0#00C0000001B000FC
(1675526505.286352) vcan0 1B5#FFC7139835E0FFEF
(1675526505.286493) vcan0 1D0#0000000000000061
(1675526505.286706) vcan0 1D8#363339343234DB43
(1675526505.286778) vcan0 1E0#0004E34300B917E0
(1675526505.286922) vcan0 210#67DC80A0A869EB4D
(1675526505.288243) vcan0 0E0#E27318C00080C300
(1675526505.289692) vcan0 260#D0FF0055497487B0
(1675526505.289770) vcan0 350#A200000000000080
(1675526505.289921) vcan0 008#8083F4BB4D840080
(1675526505.293604) vcan0 125#E5D27CE4C1D0D735
(1675526505.294981) vcan0 010#000000002FB031F8
(1675526505.295079) vcan0 072#F000FF3F00888038
(1675526505.295157) vcan0 0F5#9387C8877F6B52C2
(1675526505.295235) vcan0 120#AE87D4877FFA5589
(1675526505.296465) vcan0 130#D71D1EA507A71812
(1675526505.296542) vcan0 150#A80776A772F7A4C0
(1675526505.296693) vcan0 288#64DE708F00000080
(1675526505.296770) vcan0 330#2800000000000000
(1675526505.296847) vcan0 3C8#5D87008E882C008E
(1675526505.299130) vcan0 008#758304DA29840080
(1675526505.300505) vcan0 055#E2F73E28B2A99C7F
(1675526505.304619) vcan0 065#B0E43CF8F68D3D02
(1675526505.304692) vcan0 070#00001BF842E23600
(1675526505.304835) vcan0 075#0000000000005458
(1675526505.304910) vcan0 080#A4508000C2002C00
(1675526505.304983) vcan0 0B0#6B83F1A2E2C16BA3
(1675526505.305056) vcan0 145#FD92D680FC4810A1
(1675526505.305140) vcan0 370#0723C0005C1BC735
(1675526505.305283) vcan0 010#000000002FB031F8
(1675526505.305356) vcan0 1D0#0000000000000061
(1675526505.306047) vcan0 1B0#00C0000000B000FC
(1675526505.306191) vcan0 1B5#FFCC189A38E0FFEF
(1675526505.306264) vcan0 1D8#363339343234DB43
(1675526505.306338) vcan0 1E0#0004E30300B917E0
(1675526505.306412) vcan0 291#0000000000000000
(1675526505.306555) vcan0 2C3#5D8700FFFF3F5450
(1675526505.310072) vcan0 0E0#E27326C800809500
(1675526505.310149) vcan0 072#F000FF3F0088A038
(1675526505.310299) vcan0 210#67DC80A0A869EB45
(1675526505.311458) vcan0 008#698314FA05840080
(1675526505.311535) vcan0 290#0000000000000000
(1675526505.314064) vcan0 125#E5EA7CE4C1D0D735
(1675526505.315583) vcan0 010#000000002FB031F8
(1675526505.315670) vcan0 0F5#9287C6877F6F42C3
(1675526505.315748) vcan0 120#AF87D8877FF65589
(1675526505.315897) vcan0 130#DF1A1EB507871D12
(1675526505.315974) vcan0 150#A90778B775F793C0
(1675526505.316052) vcan0 2A9#8C26009BC0000084
(1675526505.320835) vcan0 360#5D8700D2C364A001
(1675526505.320910) vcan0 260#D0FF00AA497487B0
(1675526505.321052) vcan0 008#62832433C4830080
(1675526505.321134) vcan0 055#E2F73D28B2A79C80
(1675526505.321199) vcan0 065#B0E43AF8FC8D3D02
(1675526505.324836) vcan0 070#00001BF841E23600
(1675526505.324910) vcan0 075#0000000000005458
(1675526505.325053) vcan0 080#A0508000C2002C00
(1675526505.325137) vcan0 0B0#6B83EEA2E2C16BA3
(1675526505.325202) vcan0 145#FD82D780FC4810A1
(1675526505.325276) vcan0 288#68DE708F00000080
(1675526505.325426) vcan0 28C#000020000014FEA1
(1675526505.325501) vcan0 2B5#4B90026293A67262
(1675526505.325574) vcan0 010#000000002FB031F9
(1675526505.325650) vcan0 072#F000FF3F00888038
(1675526505.325791) vcan0 1B0#00C0000001B000FC
(1675526505.326207) vcan0 1B5#FFD11D9D3AE0FFEF
(1675526505.326351) vcan0 1D0#0000000000000A61
(1675526505.326423) vcan0 1D8#363339343234DB43
(1675526505.326499) vcan0 1E0#0008D34300B917E0
(1675526505.326572) vcan0 390#80FF051D021A594F
(1675526505.328818) vcan0 0E0#E2732FD000806C00
(1675526505.330192) vcan0 008#5983345E92830080
(1675526505.332863) vcan0 125#E5FE7CE4C1D0D735
(1675526505.334241) vcan0 010#000000002FB031F8
(1675526505.335906) vcan0 210#67DC8020A869EB4D
(1675526505.335983) vcan0 0F5#9687C5877F7332C3
(1675526505.336070) vcan0 120#B287D1877FF75589
(1675526505.336220) vcan0 130#E7181EB507772012
(1675526505.336299) vcan0 150#AD0779C779F77FC0
(1675526505.336375) vcan0 291#0000000000000000
(1675526505.336453) vcan0 3D0#8B0F6100340680C3
(1675526505.338440) vcan0 072#F000FF3F0088A038
(1675526505.339815) vcan0 008#558344A143830080
(1675526505.342696) vcan0 055#E2F73B28B2A59C80
(1675526505.342840) vcan0 065#BBE43CF8FC8D4102
(1675526505.342914) vcan0 070#00001BF83FE23600
(1675526505.342988) vcan0 075#0000000000005458
(1675526505.343061) vcan0 080#9B508000C2002C00
(1675526505.343204) vcan0 0B0#6B83EFA2E3C16BA3
(1675526505.343278) vcan0 145#FD72D880FC4810A1
(1675526505.343353) vcan0 290#0000000000000000
(1675526505.343426) vcan0 2C0#5D8700040100A0F1
(1675526505.343510) vcan0 2C5#1DD75A7DB2E40070
(1675526505.345363) vcan0 010#000000002FB031F8
(1675526505.345436) vcan0 1B0#00C0000001B000FC
(1675526505.345510) vcan0 1B5#FFD6229F3DE0FFEF
(1675526505.345653) vcan0 1D0#0000000000000061
(1675526505.345727) vcan0 1D8#363339343234DB43
(1675526505.346692) vcan0 1E0#000CC34300B917E0
(1675526505.346835) vcan0 288#85DE708F00000080
(1675526505.346910) vcan0 2C3#5D8700FFFF3F5450
(1675526505.348237) vcan0 0E0#E27331D800804A00
(1675526505.349686) vcan0 260#D0FF00AA497487B0
(1675526505.349834) vcan0 008#4E8354E9F3820080
(1675526505.353585) vcan0 125#E5067DE4C1D0D735
(1675526505.354959) vcan0 0F5#9B87C4877F7722C4
(1675526505.355037) vcan0 120#C987DB877FF85589
(1675526505.355186) vcan0 130#EF151EB507671B12
(1675526505.356427) vcan0 010#000000002FB031F8
(1675526505.356576) vcan0 072#F000FF3F00888038
(1675526505.356654) vcan0 150#B30783D77BF769C0
(1675526505.356731) vcan0 2A9#8C260082C0000084
(1675526505.359086) vcan0 210#67DC80A0A869EB45
(1675526505.360463) vcan0 008#4C83641BB3820080
(1675526505.363278) vcan0 055#E2F73928B2A59C80
(1675526505.363421) vcan0 065#D1E43CF80D8E4102
(1675526505.363495) vcan0 070#00001AF83EE23500
(1675526505.363568) vcan0 075#0000000000005458
(1675526505.363643) vcan0 080#97508000C2002C00
(1675526505.363785) vcan0 0B0#6B83F2A2E2C16BA3
(1675526505.363860) vcan0 145#FD62D980FC4810A1
(1675526505.363934) vcan0 28C#000020000014FEA1
(1675526505.364008) vcan0 2B5#4B90036293A67460
(1675526505.364151) vcan0 340#6C00000000000000
(1675526505.365946) vcan0 010#000000002FB031F8
(1675526505.366088) vcan0 1B0#00C0000001B000FC
(1675526505.366163) vcan0 1B5#FFDB27A23FE0FFEF
(1675526505.366237) vcan0 1D0#0000000000000061
(1675526505.366312) vcan0 1D8#363339343234DB43
(1675526505.366453) vcan0 1E0#000CC30300B917E0
(1675526505.367457) vcan0 291#0000000000000000
(1675526505.370125) vcan0 0E0#E2732FE000802C00
(1675526505.370202) vcan0 072#F000FF3F0088A038
(1675526505.370282) vcan0 3B0#00D8193C3AC0C400
(1675526505.371440) vcan0 008#478374754E820080
(1675526505.371592) vcan0 290#0000000000000000
(1675526505.371669) vcan0 288#8DDE807F00000080
(1675526505.374124) vcan0 125#E50B7DE4C1D0D735
(1675526505.375571) vcan0 010#000000002FB031F8
(1675526505.375721) vcan0 330#2800000000000000
(1675526505.375810) vcan0 0F5#A887D3877F7B12C4
(1675526505.375887) vcan0 120#BF87DD877FF35589
(1675526505.375965) vcan0 130#F7121EC407482012
(1675526505.376043) vcan0 150#B80784E77EF754C0
(1675526505.376120) vcan0 3CA#00000000520000C8
(1675526505.380832) vcan0 260#D0FF00AA497487B0
(1675526505.380908) vcan0 350#A200000000000080
(1675526505.381050) vcan0 008#458384B7FF810080
(1675526505.381141) vcan0 055#E1F73828B2A59C80
(1675526505.381199) vcan0 065#E6E438F8118E3702
(1675526505.382232) vcan0 070#00001AF83DE23500
(1675526505.382305) vcan0 075#0000000000005458
(1675526505.382379) vcan0 080#94508000C2002C00
(1675526505.382522) vcan0 0B0#6B83F5A2E3C16BA3
(1675526505.382597) vcan0 145#FD52DA80FC4810A1
(1675526505.384860) vcan0 010#000000002FB031F8
(1675526505.384944) vcan0 072#F000FF3F00888038
(1675526505.385018) vcan0 1B0#00C0000002B000FC
(1675526505.386326) vcan0 1B5#FFE02CA442E0FFEF
(1675526505.386469) vcan0 1D0#0000000000000061
(1675526505.386543) vcan0 1D8#363339343234DB43
(1675526505.386618) vcan0 1E0#0010B34300B917E0
(1675526505.386691) vcan0 210#50DD80A0A869EB4D
(1675526505.386835) vcan0 2C3#5D8700FFFF3F5450
(1675526505.390331) vcan0 0E0#E27331E800800A00
(1675526505.390408) vcan0 008#458394FEA8810080
(1675526505.392864) vcan0 125#E50E7DE4C1D0D735
(1675526505.394238) vcan0 010#000000002FB031F8
(1675526505.395901) vcan0 0F5#AF87D7877F7F02C5
(1675526505.395979) vcan0 120#B887DB877FF15589
(1675526505.396127) vcan0 130#FF0F1EC407381B12
(1675526505.396207) vcan0 150#C00783F780F73CC0
(1675526505.396292) vcan0 291#0000000000000000
(1675526505.396371) vcan0 288#89DE807F00000080
(1675526505.396448) vcan0 2A9#8C26009BC0000084
(1675526505.398473) vcan0 072#F000FF3F0088A038
(1675526505.401218) vcan0 008#4383A43F59810080
(1675526505.401293) vcan0 055#E1F73728B2A59C80
(1675526505.401436) vcan0 065#F0E431F80E8E3102
(1675526505.401509) vcan0 070#00001AF83CE23500
(1675526505.401584) vcan0 075#0000000000005458
(1675526505.401658) vcan0 080#92508000C2002C00
(1675526505.405361) vcan0 0B0#6B83F8A2E3C16BA3
(1675526505.405435) vcan0 145#FD42DB80FC4810A1
(1675526505.405509) vcan0 28C#000020000014FEA2
(1675526505.405652) vcan0 290#0000000000000000
(1675526505.405726) vcan0 2B5#4B91056293A6744E
(1675526505.405800) vcan0 2C0#5D8700040100A0F1
(1675526505.405883) vcan0 2C5#1BD75A7ED5E40070
(1675526505.405958) vcan0 370#0723C0005C1BC735
(1675526505.406100) vcan0 3AF#0000000000000020
(1675526505.406174) vcan0 3E0#000000D935808094
(1675526505.406248) vcan0 010#000000002FB031F9
(1675526505.406321) vcan0 1B0#00C0000001B000FC
(1675526505.406465) vcan0 1B5#FFE532A744E0FFEF
(1675526505.406539) vcan0 1D0#0000000000000A61
(1675526505.406683) vcan0 1D8#363339343234DB43
(1675526505.406756) vcan0 1E0#0014A34300B917E0
(1675526505.408169) vcan0 0E0#E27333F00080E800
(1675526505.409763) vcan0 210#50DD80A0A869EB4D
(1675526505.409841) vcan0 260#D0FF0055497487B0
(1675526505.409919) vcan0 008#4383B47018810080
(1675526505.413599) vcan0 125#E5117DE4C1D0D735
(1675526505.414975) vcan0 010#000000002FB031F8
(1675526505.415061) vcan0 072#F000FF3F00888038
(1675526505.415139) vcan0 0F5#B587E2877F43F2C6
(1675526505.415217) vcan0 120#D787F0877FF25589
(1675526505.416447) vcan0 130#870C1EC407281512
(1675526505.416597) vcan0 150#C4078B0782F728C0
(1675526505.416676) vcan0 3C8#5D87008E882C008E
(1675526505.419118) vcan0 360#5D8700D2C364A001
(1675526505.420495) vcan0 008#4083C496E6800080
(1675526505.420568) vcan0 055#E1F73628B2A59C80
(1675526505.424614) vcan0 065#FBE42BF80C8E2C02
(1675526505.424688) vcan0 070#00001BF83BE23500
(1675526505.424831) vcan0 075#0000000000005458
(1675526505.424905) vcan0 080#90508000C2002C00
(1675526505.424980) vcan0 0B0#6B83F9A2E3C16BA3
(1675526505.425054) vcan0 145#FD32DC80FC4810A1
(1675526505.425196) vcan0 288#9DDE807F00000080
(1675526505.425279) vcan0 010#000000002FB031F8
(1675526505.425353) vcan0 1D0#0000000000000061
(1675526505.426044) vcan0 1B0#00C0000001B000FC
(1675526505.426188) vcan0 1B5#FFEA37A947E0FFEF
(1675526505.426261) vcan0 1D8#363339343234DB43
(1675526505.426336) vcan0 1E0#0014A30300B917E0
(1675526505.426409) vcan0 291#0000000000000000
(1675526505.426553) vcan0 2C3#5D8700FFFF3F5450
(1675526505.426628) vcan0 390#80FF051D02165A6F
(1675526505.428911) vcan0 0E0#E27332F80080C900
(1675526505.429055) vcan0 072#F000FF3F0088A038
(1675526505.430430) vcan0 008#3E83D4BBB3800080
(1675526505.430573) vcan0 290#0000000000000000
(1675526505.433113) vcan0 125#E5147DE4C1D0D735
(1675526505.434422) vcan0 010#000000002FB031F8
(1675526505.434496) vcan0 210#50DD80A0A869EB45
(1675526505.435961) vcan0 0F5#B887E5877F47E2C6
(1675526505.436035) vcan0 120#C187F0877FF35589
(1675526505.436108) vcan0 130#8F0C1ED707051812
(1675526505.436251) vcan0 150#CB078B1783F711C0
(1675526505.436325) vcan0 2A9#8C260082C0000084
(1675526505.439834) vcan0 260#D0FF0055497487B0
(1675526505.442724) vcan0 008#3C83E4BBA5800080
(1675526505.442800) vcan0 055#E1F73528B2A19C80
(1675526505.442879) vcan0 065#FDE429F8068E2C02
(1675526505.443030) vcan0 070#00001AF839E23500
(1675526505.443108) vcan0 075#0000000000005458
(1675526505.443185) vcan0 080#8B508000C2002C00
(1675526505.443261) vcan0 0B0#6B83FBA2E2C16BA3
(1675526505.443340) vcan0 145#FD22DD80FC4810A1
(1675526505.443417) vcan0 28C#000020000014FEA3
(1675526505.443566) vcan0 2B5#4B91086293A67449
(1675526505.443662) vcan0 340#6C00000000000000
(1675526505.445328) vcan0 1B0#00C0000001B000FC
(1675526505.445476) vcan0 1B5#FFEF3CAC49E0FFEF
(1675526505.445554) vcan0 1D8#363339343234DB43
(1675526505.445631) vcan0 1E0#0018934300B917E0
(1675526505.448249) vcan0 010#000000002FB031F8
(1675526505.448322) vcan0 072#F000FF3F00888038
(1675526505.448396) vcan0 1D0#0000000000000061
(1675526505.448470) vcan0 288#A6DE807F00000080
(1675526505.448613) vcan0 400#000300030301001C
(1675526505.448688) vcan0 405#0000000000000023
(1675526505.448761) vcan0 581#FFFFFFFFFFFF0081
(1675526505.448835) vcan0 0E0#E2732EC00080AD00
(1675526505.449732) vcan0 008#3983F4C48F800080
(1675526505.453572) vcan0 125#E5197DE4C1D0D735
(1675526505.454947) vcan0 0F5#C187E5877F4BD2C7
(1675526505.455098) vcan0 120#C587E3877FF25589
(1675526505.455173) vcan0 130#970C1ED707F51812
(1675526505.456482) vcan0 150#D2078E2784F7FAC0
(1675526505.456556) vcan0 010#000000002FB031F8
(1675526505.456629) vcan0 291#0000000000000000
(1675526505.456772) vcan0 330#2800000000000000
(1675526505.459108) vcan0 072#F000FF3F0084A038
(1675526505.460482) vcan0 210#50DD80A0A869EB45
(1675526505.460561) vcan0 008#378304AE97800080
(1675526505.460638) vcan0 055#E0F72D28B29A9C7F
(1675526505.464608) vcan0 065#F8E428F8008E2B02
(1675526505.464757) vcan0 070#00001BF831E23500
(1675526505.464835) vcan0 075#0000000000005458
(1675526505.464913) vcan0 080#73508000C2002C00
(1675526505.464990) vcan0 0B0#6B83FAA2E2C16BA3
(1675526505.465068) vcan0 145#FD12DE80FC4810A1
(1675526505.465227) vcan0 290#0000000000000000
(1675526505.465305) vcan0 2C0#5D8700040100A0F1
(1675526505.465383) vcan0 2C5#18D75C81FCE40070
(1675526505.465461) vcan0 010#000000002FB031F8
(1675526505.466115) vcan0 1B0#00C0000001B000FC
(1675526505.466194) vcan0 1B5#FFF441AE4CE0FFEF
(1675526505.466272) vcan0 1D0#0000000000000061
(1675526505.466348) vcan0 1D8#363339343234DB43
(1675526505.466424) vcan0 1E0#001C834300B917E0
(1675526505.466575) vcan0 2C3#5D8700FFFF3F5450
(1675526505.470129) vcan0 0E0#E2732BC800809000
(1675526505.470206) vcan0 260#D0FF0055497487B0
(1675526505.471509) vcan0 350#A200000000000080
(1675526505.471586) vcan0 008#30831497A5800080
(1675526505.471664) vcan0 288#A1DE906F00000080
(1675526505.474119) vcan0 125#E5227DE4C1D0D735
(1675526505.475573) vcan0 010#000000002FB031F8
(1675526505.475723) vcan0 072#F000FF3F00848038
(1675526505.475801) vcan0 0F5#C587EB877F4FC2C8
(1675526505.475878) vcan0 120#DC87FB877FF75589
(1675526505.475956) vcan0 130#9F0F1ED707E51212
(1675526505.476034) vcan0 150#D9078F3785F7E3C0
(1675526505.476183) vcan0 2A9#8C26008AC0000084
(1675526505.480823) vcan0 008#2E83247BB3800080
(1675526505.480965) vcan0 055#E0F72628B28D9C7F
(1675526505.481040) vcan0 065#F3E427F8FD8D2B02
(1675526505.482348) vcan0 070#00001BF82AE23500
(1675526505.482422) vcan0 075#0000000000005458
(1675526505.482564) vcan0 080#5F508000C2002C00
(1675526505.482639) vcan0 0B0#6B83FAA2E2C16BA3
(1675526505.482712) vcan0 145#FD02DF80FC4810A1
(1675526505.482785) vcan0 28C#000020000014FEA3
(1675526505.482868) vcan0 2B5#4B910B6293A6744A
(1675526505.485204) vcan0 010#000000002FB031F9
(1675526505.485278) vcan0 1B0#00C0000001B000FC
(1675526505.485421) vcan0 1B5#FFF946B14EE0FFEF
(1675526505.485496) vcan0 1D0#0000000000000A61
(1675526505.485569) vcan0 1D8#363339343234DB43
(1675526505.485644) vcan0 1E0#001C830300B917E0
(1675526505.485785) vcan0 210#50DD8020A869EB4D
(1675526505.486682) vcan0 291#0000000000000000
(1675526505.489395) vcan0 0E0#E2732DD000806E00
(1675526505.489474) vcan0 072#F000FF3F0084A038
(1675526505.490705) vcan0 3B0#00D819383AC0C400
(1675526505.490855) vcan0 008#27833455D0800080
(1675526505.490935) vcan0 290#0000000000000000
(1675526505.493390) vcan0 125#E52D7DE4C1D0D735
(1675526505.494765) vcan0 010#000000002FB031F8
(1675526505.494851) vcan0 0F5#C587F3877F53B2C8
(1675526505.494929) vcan0 120#C487F5877FFA5589
(1675526505.496232) vcan0 130#A70F1EDC07D00F12
(1675526505.496311) vcan0 150#DE07904785F7CEC0
(1675526505.496387) vcan0 3CA#00000000530000C8
(1675526505.496536) vcan0 288#AADE906F00000080
(1675526505.498838) vcan0 260#D0FF00AA497487B0
(1675526505.500213) vcan0 008#23834425F4800080
(1675526505.501930) vcan0 055#E0F71F28B27F9C7E
(1675526505.502005) vcan0 065#ECE426F8FAAD2902
(1675526505.502078) vcan0 070#00001CF823E23500
(1675526505.502221) vcan0 075#0000000000005458
(1675526505.502294) vcan0 080#4C508000C2002C00
(1675526505.502369) vcan0 0B0#6B83F8A2E1C16BA3
(1675526505.502444) vcan0 145#FDF2D080FC4810A1
(1675526505.502586) vcan0 370#0723C0005C1BC735
(1675526505.505820) vcan0 010#000000002FB031F8
(1675526505.505893) vcan0 072#F000FF3F00848038
(1675526505.506037) vcan0 1B0#00C0000001B000FC
(1675526505.506110) vcan0 1B5#FFFE4BB351E0FFEF
(1675526505.506184) vcan0 1D0#0000000000000061
(1675526505.506258) vcan0 1D8#363339343234DB43
(1675526505.507226) vcan0 1E0#0020734300B917E0
(1675526505.507300) vcan0 2C3#5D8700FFFF405450
(1675526505.508677) vcan0 0E0#E27330D800804B00
(1675526505.508820) vcan0 210#50DD80A0A869EB45
(1675526505.510196) vcan0 008#1C8354050A810080
(1675526505.512804) vcan0 125#E5387DE4C1D0D735
(1675526505.514247) vcan0 010#000000002FB031F8
(1675526505.515825) vcan0 0F5#C987F4877F57A2C9
(1675526505.515899) vcan0 120#CE87F9877FF85589
(1675526505.515975) vcan0 130#AF0F1EDC07C00F12
(1675526505.516127) vcan0 150#DD078E5785F7BFC0
(1675526505.516202) vcan0 291#0000000000000000
(1675526505.516275) vcan0 2A9#8C260093C0000084
(1675526505.519890) vcan0 072#F000FF3F0084A038
(1675526505.519966) vcan0 360#5D8700D2C364A001
(1675526505.522711) vcan0 008#1A8364DA27810080
(1675526505.522854) vcan0 055#E0F71A28B2729C7E
(1675526505.522929) vcan0 065#E8E425F8FCAD2802
(1675526505.523002) vcan0 070#00001BF81DE23500
(1675526505.523077) vcan0 075#0000000000005458
(1675526505.523355) vcan0 080#3E508000C2002C00
(1675526505.523429) vcan0 0B0#6B83F7A2E1C16BA3
(1675526505.523574) vcan0 145#FDE2D180FC4810A1
(1675526505.523647) vcan0 288#AADE906F00000080
(1675526505.523722) vcan0 28C#000020000014FEA3
(1675526505.523796) vcan0 290#0000000000000000
(1675526505.525734) vcan0 2B5#4B910D6293A67447
(1675526505.525809) vcan0 2C0#5D8700040100A0F1
(1675526505.525883) vcan0 2C5#16D75C82F0E40070
(1675526505.526025) vcan0 340#6C00000000000000
(1675526505.526101) vcan0 3AF#0000000000000020
(1675526505.526175) vcan0 010#000000002FB031F8
(1675526505.526248) vcan0 1D0#0000000000000061
