(1675526302.619139) vcan0 390#80FF051D023E504F
(1675526302.619207) vcan0 125#E51580E4C1D0D735
(1675526302.620150) vcan0 350#A200000000000080
(1675526302.621239) vcan0 008#2D80449181800080
(1675526302.622256) vcan0 1B0#00C0000000B000FC
(1675526302.623345) vcan0 1B5#FF1D1A72A6E0FFEF
(1675526302.624359) vcan0 1D8#363339343234E043
(1675526302.625437) vcan0 1E0#001C830300B917E0
(1675526302.627840) vcan0 010#000000002FB031F8
(1675526302.629011) vcan0 210#13E080A0A869CF45
(1675526302.629097) vcan0 291#0000000000000000
(1675526302.629172) vcan0 330#2800000000000000
(1675526302.629246) vcan0 3D0#9C0F6100170480C3
(1675526302.631789) vcan0 055#EDF72428B2B29C80
(1675526302.631863) vcan0 065#67E524F801BE4102
(1675526302.632006) vcan0 070#000010F841E22000
(1675526302.632081) vcan0 075#0000000000005458
(1675526302.632837) vcan0 080#60508000C2002C00
(1675526302.632980) vcan0 008#2D80548F73800080
(1675526302.633054) vcan0 0B0#39830CA3E1C139A3
(1675526302.633145) vcan0 072#F000FF3F0078A038
(1675526302.633203) vcan0 145#F9A2D580FC4810A1
(1675526302.634030) vcan0 28C#000000000016FEA5
(1675526302.634104) vcan0 288#2FE0A05F00000080
(1675526302.634179) vcan0 0E0#62732EE000802D00
(1675526302.634253) vcan0 2B5#4B53326293A6775C
(1675526302.635058) vcan0 0F5#D28DD78D7F7332A3
(1675526302.635138) vcan0 120#F28DE78D7F075689
(1675526302.637958) vcan0 130#E70A1EE10D450712
(1675526302.638036) vcan0 150#DC0D11C8FFF74AC0
(1675526302.638114) vcan0 3CA#00000000D50000C8
(1675526302.638984) vcan0 125#E51580E4C1D0D735
(1675526302.639135) vcan0 010#000000002FB031F8
(1675526302.639212) vcan0 1D0#0000000000000861
(1675526302.640156) vcan0 260#D0FF00AA497487B0
(1675526302.641173) vcan0 290#0000000000000000
(1675526302.642262) vcan0 008#2D8064955D800080
(1675526302.643422) vcan0 1B0#00C0000001B000FC
(1675526302.644440) vcan0 1B5#FF262377AAE0FFEF
(1675526302.645494) vcan0 1D8#363339343234E043
(1675526302.645643) vcan0 1E0#0020734300B917E0
(1675526302.646586) vcan0 2C3#6B8700FFFFCE5450
(1675526302.648984) vcan0 010#000000002FB031F9
(1675526302.651948) vcan0 072#F000FF3F00788038
(1675526302.652096) vcan0 2A9#8C26008AC0000084
(1675526302.652175) vcan0 055#EDF72428B2B29C80
(1675526302.652253) vcan0 065#63E524F8FEBD4202
(1675526302.652330) vcan0 070#000010F842E22000
(1675526302.652409) vcan0 075#0000000000005458
(1675526302.652486) vcan0 080#60508000C2002C00
(1675526302.653068) vcan0 008#2D8074934F800080
(1675526302.653145) vcan0 0B0#39830CA3E1C139A3
(1675526302.653223) vcan0 145#F992D680FC4810A1
(1675526302.653303) vcan0 370#0720C000741BCB1F
(1675526302.654101) vcan0 0E0#627329E800801200
(1675526302.654179) vcan0 210#13E08020A869CF4D
(1675526302.655197) vcan0 0F5#D98DE08D7F7722A4
(1675526302.655272) vcan0 120#EF8DEF8D7F015689
(1675526302.658031) vcan0 130#EF0A1EE10D350712
(1675526302.658174) vcan0 150#DE0D0BD8FFF738C0
(1675526302.659138) vcan0 288#22E0A05F00000080
(1675526302.659212) vcan0 010#000000002FB031F8
(1675526302.659287) vcan0 125#E51580E4C1D0D735
(1675526302.659360) vcan0 1D0#0000000000000261
(1675526302.660258) vcan0 291#0000000000000000
(1675526302.661292) vcan0 008#2D80849240800080
(1675526302.662326) vcan0 072#F000FF3F0078A038
(1675526302.663495) vcan0 3B0#00D8193835A4C600
(1675526302.664530) vcan0 1B0#00C0000001B000FC
(1675526302.665630) vcan0 1B5#FF2F2C7BAFE0FFEF
(1675526302.665710) vcan0 1D8#363339343234E043
(1675526302.665787) vcan0 1E0#0024634300B917E0
(1675526302.666661) vcan0 010#000000002FB031F8
(1675526302.669194) vcan0 260#D0FF0055497487B0
(1675526302.672026) vcan0 055#EDF72428B2B29C80
(1675526302.672177) vcan0 065#62E524F8FFBD4202
(1675526302.672254) vcan0 070#000010F842E22000
(1675526302.672333) vcan0 075#0000000000005458
(1675526302.672411) vcan0 080#60508000C2002C00
(1675526302.673213) vcan0 008#2D80949032800080
(1675526302.673289) vcan0 0B0#39830BA3E1C139A3
(1675526302.673368) vcan0 145#F982D780FC4810A1
(1675526302.673445) vcan0 28C#000000000016FEA5
(1675526302.673595) vcan0 290#0000000000000000
(1675526302.674251) vcan0 2B5#4B53326293A6775D
(1675526302.674329) vcan0 0E0#627322F00080F900
(1675526302.674481) vcan0 2C0#6B8700160100A0F1
(1675526302.674559) vcan0 2C5#17DF6EBA66E50070
(1675526302.674637) vcan0 340#7A00000000000000
(1675526302.677063) vcan0 3AF#0000000000000020
(1675526302.677150) vcan0 0F5#CE8DD98D7F7B12A5
(1675526302.677292) vcan0 120#DD8DF08D7F025689
(1675526302.677365) vcan0 130#F70A1EE20D240412
(1675526302.677440) vcan0 150#E50D07E801F821C0
(1675526302.678131) vcan0 010#000000002FB031F8
(1675526302.678205) vcan0 072#F000FF3F00788038
(1675526302.679306) vcan0 1D0#0000000000000061
(1675526302.679379) vcan0 210#13E080A0A869CF45
(1675526302.679453) vcan0 125#E51580E4C1D0D735
