(1675526035.651811) vcan0 288#02E0B04F00000080
(1675526035.652420) vcan0 055#F7F71128B2A19C80
(1675526035.652494) vcan0 065#9EE511F8FFDD4302
(1675526035.652569) vcan0 070#000007F844E20F00
(1675526035.653467) vcan0 075#0000000000005458
(1675526035.653559) vcan0 080#2F508000C2002C00
(1675526035.656378) vcan0 0B0#528310A3E1C152A3
(1675526035.656452) vcan0 145#F972D880FC4810A1
(1675526035.656528) vcan0 28C#000000000018FEA6
(1675526035.656671) vcan0 2B5#4BB8266293A6795B
(1675526035.656743) vcan0 125#E5FC7FE5C1D0D735
(1675526035.656819) vcan0 010#008800002FB031F8
(1675526035.656892) vcan0 1D0#0000000000000261
(1675526035.656966) vcan0 291#0000000000000000
(1675526035.657109) vcan0 370#071FC0006A1BC71F
(1675526035.657459) vcan0 008#5F8074B000800080
(1675526035.658494) vcan0 072#F000FF3F00788038
(1675526035.659616) vcan0 0F5#B29DB59D7F7F02D5
(1675526035.660636) vcan0 120#F69DE49D7FF85589
(1675526035.660713) vcan0 130#FFFF1DD01D16FF11
(1675526035.660790) vcan0 150#B31DFFF7F9F733C0
(1675526035.661970) vcan0 290#0000000000000000
(1675526035.663132) vcan0 010#008800002FB031F8
(1675526035.664148) vcan0 2A9#8C260082C0000084
(1675526035.666540) vcan0 008#5F8084A000800080
(1675526035.667702) vcan0 0E0#E27307D000809400
(1675526035.668721) vcan0 1B0#00C0000003B000FC
(1675526035.669846) vcan0 1B5#FFBDA847D7E0FFEF
(1675526035.670881) vcan0 1D8#363339343234E043
(1675526035.673700) vcan0 1E0#003C034300B917E0
(1675526035.673775) vcan0 260#D0FF0055497487B0
(1675526035.673918) vcan0 055#F7F71128B2A19C80
(1675526035.673991) vcan0 065#A1E511F8FFDD4302
(1675526035.674066) vcan0 070#000007F844E20F00
(1675526035.674140) vcan0 075#0000000000005458
(1675526035.674283) vcan0 080#2F508000C2002C00
(1675526035.674357) vcan0 0B0#52830FA3E1C152A3
(1675526035.674439) vcan0 145#F962D980FC4810A1
(1675526035.674514) vcan0 010#008800002FB031F8
(1675526035.674587) vcan0 072#F000FF3F0078A038
(1675526035.674802) vcan0 125#E5FC7FE5C1D0D735
(1675526035.674876) vcan0 1D0#0000000000000061
(1675526035.674950) vcan0 210#12E080A0A869C545
(1675526035.675917) vcan0 288#F9DFC03F00000080
(1675526035.678801) vcan0 008#5F80949000800080
(1675526035.679900) vcan0 0F5#BE9DC19D7F43F2D7
(1675526035.679978) vcan0 120#E49DF69D7F015689
(1675526035.680996) vcan0 130#87FF1DD01D06FF11
(1675526035.681073) vcan0 150#BF1DFE07F9F717C0
(1675526035.681151) vcan0 3CA#00000000D40000C8
(1675526035.682023) vcan0 010#008800002FB031F8
(1675526035.683040) vcan0 291#0000000000000000
(1675526035.684131) vcan0 330#D300000000000000
(1675526035.684216) vcan0 425#0000000000000000
(1675526035.686603) vcan0 072#F000FF3F00788038
(1675526035.689416) vcan0 008#5F80A48000800080
(1675526035.689489) vcan0 0E0#E2730CD800806F00
(1675526035.690458) vcan0 1B0#00C0000003B000FC
(1675526035.690532) vcan0 1B5#FFD0BB51E1E0FFEF
(1675526035.690605) vcan0 1D8#363339343234E043
(1675526035.690681) vcan0 1E0#0000F34300B917E0
(1675526035.690822) vcan0 2C3#468700FFFF035450
(1675526035.691516) vcan0 055#F7F71128B2A19C80
(1675526035.692623) vcan0 065#A4E511F802DE4402
(1675526035.692696) vcan0 070#000007F843E20F00
(1675526035.692841) vcan0 075#0000000000005458
(1675526035.693670) vcan0 080#2F508000C2002C00
(1675526035.693813) vcan0 0B0#528310A3E1C152A3
(1675526035.693886) vcan0 145#F952DA80FC4810A1
(1675526035.693973) vcan0 28C#000000000018FEA6
(1675526035.696513) vcan0 010#008800002FB031F8
(1675526035.696587) vcan0 125#E5FC7FE5C1D0D735
(1675526035.696662) vcan0 1D0#0000000000000861
(1675526035.696805) vcan0 290#0000000000000000
(1675526035.696879) vcan0 2B5#4BB8266293A6795B
(1675526035.696953) vcan0 2C0#468700000000A0F1
(1675526035.697027) vcan0 2C5#1EE776EAA4E50070
(1675526035.697100) vcan0 340#8A00000000000000
(1675526035.697243) vcan0 3AF#0000000000000020
(1675526035.697590) vcan0 210#12E08020A869C54D
(1675526035.698627) vcan0 008#5F80B47000800080
(1675526035.699761) vcan0 0F5#AC9DBB9D7F47E2D9
(1675526035.699841) vcan0 120#F39DD59D7FFE5589
(1675526035.700856) vcan0 130#8FFF1DD01DF6FF11
(1675526035.703749) vcan0 150#B31DFE17F9F713C0
(1675526035.703837) vcan0 260#D0FF0055497487B0
(1675526035.703915) vcan0 288#F9DFC03F00000080
(1675526035.703994) vcan0 010#008800002FB031F8
(1675526035.704071) vcan0 072#F000FF3F0078A038
(1675526035.704871) vcan0 2A9#8C26009BC0000084
(1675526035.705960) vcan0 360#4C8700A9BD64A041
(1675526035.706979) vcan0 008#5F80C46000800080
(1675526035.708140) vcan0 0E0#E27309E000805200
(1675526035.709231) vcan0 1B0#00C0000003B000FC
(1675526035.710335) vcan0 1B5#FFE4CF5BEBE0FFEF
(1675526035.711644) vcan0 1D8#363339343234E043
(1675526035.711717) vcan0 1E0#0000F30300B917E0
(1675526035.714600) vcan0 055#F7F71128B2A19C80
(1675526035.714676) vcan0 065#A5E511F801DE4402
