(1675525906.383361) vcan0 28C#00002000002CFEA9
(1675525906.383494) vcan0 291#0000000000000000
(1675525906.383571) vcan0 2B5#4B2C2F6293A6ACB8
(1675525906.384815) vcan0 2C3#4F9E00FFFF9C5450
(1675525906.384894) vcan0 340#8F00000000000000
(1675525906.384970) vcan0 260#D0FF0055497487B0
(1675525906.385050) vcan0 072#F000FF3F00788038
(1675525906.385860) vcan0 360#519E004EC34BA001
(1675525906.388406) vcan0 290#0000000000000000
(1675525906.389937) vcan0 010#008000002FB031F9
(1675525906.391029) vcan0 1D0#0000000000000261
(1675525906.391116) vcan0 288#1AE050AF00000080
(1675525906.391193) vcan0 0F5#369129917F57A2E5
(1675525906.391342) vcan0 120#42912A917FFC5589
(1675525906.391421) vcan0 130#AF201E2211701D12
(1675525906.392081) vcan0 150#2911085817F869C0
(1675525906.394837) vcan0 0E0#627317C80080A400
(1675525906.394916) vcan0 390#80FF0500021E584F
(1675525906.394993) vcan0 008#09806C5D39800080
(1675525906.395070) vcan0 3C8#4F9E008E882C008E
(1675525906.395948) vcan0 125#E52F80E5C1D0D735
(1675525906.398415) vcan0 055#EAF75828B2479D80
(1675525906.401319) vcan0 065#B8E659F80ABE9E02
(1675525906.401396) vcan0 070#000019F89DE22000
(1675525906.401474) vcan0 075#0000000000005458
(1675525906.401554) vcan0 010#008000002FB031F8
(1675525906.401631) vcan0 072#F000FF3F0078A038
(1675525906.401718) vcan0 080#E7508000C2002C00
(1675525906.401869) vcan0 0B0#39830EA3DAC139A3
(1675525906.401948) vcan0 145#F9E2D180FC4810A1
(1675525906.402056) vcan0 1B0#00C0000003B000FC
(1675525906.402393) vcan0 008#09807C5B2B800080
(1675525906.402472) vcan0 1B5#FF35389D3DE0FFEF
(1675525906.402550) vcan0 1D8#363339343234E143
(1675525906.402627) vcan0 1E0#000CC30300B917E0
(1675525906.403794) vcan0 210#29E080A0AF69A04D
(1675525906.403876) vcan0 2A9#8C26008AC0000084
(1675525906.408906) vcan0 010#008000002FB031F8
(1675525906.411815) vcan0 1D0#0000000000000061
(1675525906.411892) vcan0 0F5#259137917F5B92E7
(1675525906.411970) vcan0 120#619125917FFA5589
(1675525906.412124) vcan0 130#B7201E3111512312
(1675525906.412200) vcan0 0E0#62731AD000808100
(1675525906.412288) vcan0 150#3311066815F84FC0
(1675525906.412366) vcan0 008#0B808C3440800080
(1675525906.412881) vcan0 291#0000000000000000
(1675525906.412957) vcan0 3CA#00000000550000C8
(1675525906.414051) vcan0 260#D0FF0055497487B0
(1675525906.415435) vcan0 288#02E050AF00000080
(1675525906.416891) vcan0 072#F000FF3F00788038
(1675525906.416971) vcan0 3B0#00D8593C6FC0C400
(1675525906.417048) vcan0 125#E52D80E5C1D0D735
(1675525906.419882) vcan0 055#EAF75828B2479D80
(1675525906.419962) vcan0 065#BDE658F807BE9C02
(1675525906.420039) vcan0 070#000019F89DE22000
(1675525906.420117) vcan0 075#0000000000005458
(1675525906.420989) vcan0 080#E8508000C2002C00
(1675525906.421141) vcan0 0B0#39830EA3DAC139A3
(1675525906.421219) vcan0 145#F9D2D280FC4810A1
(1675525906.421306) vcan0 010#008000002FB031F8
(1675525906.422181) vcan0 1B0#00C0000002B000FC
(1675525906.422260) vcan0 1B5#FF4043A342E0FFEF
(1675525906.422337) vcan0 1D8#363339343234E143
(1675525906.422415) vcan0 008#0B809C3232800080
(1675525906.423656) vcan0 1E0#0010B34300B917E0
(1675525906.423808) vcan0 28C#00002000002CFEA9
(1675525906.423885) vcan0 290#0000000000000000
(1675525906.423964) vcan0 2B5#4B2C2F6293A6AAB6
(1675525906.424041) vcan0 2C0#4F9E002B0000A0F1
(1675525906.424120) vcan0 2C3#4F9E00FFFF9C5450
(1675525906.424198) vcan0 2C5#4AD789B3BDE60070
(1675525906.424348) vcan0 330#2800000000000000
(1675525906.425227) vcan0 370#0727C0005C03CF1F
(1675525906.425307) vcan0 3AF#0000000000000020
(1675525906.425383) vcan0 3E0#000000D935808090
(1675525906.425469) vcan0 210#29E080A0AF69A04D
(1675525906.430352) vcan0 010#008000002FB031F8
(1675525906.430506) vcan0 072#F000FF3F0078A038
(1675525906.431526) vcan0 0F5#369142917F5F82E8
(1675525906.431604) vcan0 120#36913D917F015689
(1675525906.431684) vcan0 130#BF201E3D11352312
(1675525906.431834) vcan0 150#3711FF7714F83BC0
(1675525906.432931) vcan0 0E0#62731AD800806100
(1675525906.433009) vcan0 008#0B80AC1440800080
(1675525906.433159) vcan0 1D0#0000000000000061
(1675525906.435485) vcan0 125#E52B80E5C1D0D735
(1675525906.437957) vcan0 055#EAF75828B2479D80
(1675525906.439343) vcan0 065#BCE657F805BE9C02
(1675525906.440510) vcan0 070#000019F89EE22000
(1675525906.440589) vcan0 010#008000002FB031F8
(1675525906.440739) vcan0 075#0000000000005458
(1675525906.440826) vcan0 080#E8508000C2002C00
(1675525906.442068) vcan0 0B0#39830EA3DAC139A3
(1675525906.442145) vcan0 145#F9C2D380FC4810A1
(1675525906.442224) vcan0 1B0#00C0000002B000FC
(1675525906.442303) vcan0 1B5#FF4B4EA848E0FFEF
(1675525906.442381) vcan0 008#0D80BC1032800080
(1675525906.442458) vcan0 1D8#363339343234E143
(1675525906.442608) vcan0 1E0#0014A34300B917E0
