(1675525705.403278) vcan0 1D8#363339343234E043
(1675525705.403340) vcan0 1E0#0000F34300B917E0
(1675525705.403418) vcan0 2C3#528700FFFFF65450
(1675525705.403568) vcan0 010#008800002FB031F8
(1675525705.403647) vcan0 291#0000000000000000
(1675525705.403723) vcan0 330#A000000000000000
(1675525705.403801) vcan0 400#010102010102010C
(1675525705.403879) vcan0 425#0000000000000000
(1675525705.404102) vcan0 008#1680145900800080
(1675525705.405121) vcan0 072#F000FF3F00788038
(1675525705.406280) vcan0 0F5#DD92D7927F6762C9
(1675525705.407298) vcan0 120#2093EF927F065689
(1675525705.411184) vcan0 130#CFFD1D001350FA11
(1675525705.411265) vcan0 150#DA120B980BF877C0
(1675525705.412233) vcan0 581#FFFFFFFFFFFF0081
(1675525705.412305) vcan0 010#008800002FB031F8
(1675525705.412381) vcan0 1D0#0000000000000061
(1675525705.412455) vcan0 260#D0FF0055497487B0
(1675525705.413286) vcan0 008#1680244900800080
(1675525705.414322) vcan0 0E0#62733AD000806100
(1675525705.415494) vcan0 210#17E080A0A869CC45
(1675525705.416530) vcan0 055#F5F7FB27B2009C80
(1675525705.417568) vcan0 065#D6E4FBF700CEF401
(1675525705.417642) vcan0 070#000009F8F4E11500
(1675525705.417718) vcan0 075#0000000000005458
(1675525705.420283) vcan0 080#E44F8000C2002C00
(1675525705.420362) vcan0 0B0#3983F7A2E3C139A3
(1675525705.420440) vcan0 145#F952DA80FC4810A1
(1675525705.420591) vcan0 125#E52C80E4C1D0D735
(1675525705.420679) vcan0 288#1AE0708F00000080
(1675525705.421336) vcan0 1B0#00C0000001B000FC
(1675525705.421413) vcan0 1B5#FFC849287CE0FFEF
(1675525705.421490) vcan0 1D8#363339343234E043
(1675525705.421640) vcan0 1E0#0000F30300B917E0
(1675525705.422371) vcan0 010#008800002FB031F8
(1675525705.424256) vcan0 072#F000FF3F0078A038
(1675525705.424331) vcan0 2A9#8C260093C0000084
(1675525705.424410) vcan0 008#1680343900800080
(1675525705.425285) vcan0 290#0000000000000000
(1675525705.426374) vcan0 360#5C8700CDB564A041
(1675525705.427467) vcan0 0F5#D692DB927F6B52CA
(1675525705.428531) vcan0 120#129302937F0B5689
(1675525705.429568) vcan0 130#D7FA1D001340FF11
(1675525705.430671) vcan0 150#D8120AA80CF869C0
(1675525705.431777) vcan0 010#008800002FB031F8
(1675525705.431870) vcan0 1D0#0000000000000061
(1675525705.432838) vcan0 291#0000000000000000
(1675525705.432911) vcan0 390#80FF051902025F4F
(1675525705.433880) vcan0 008#1680442900800080
(1675525705.433954) vcan0 0E0#62733BD800804000
(1675525705.434920) vcan0 3C8#5287008E882C008E
(1675525705.437329) vcan0 072#F000FF3F00788038
(1675525705.437404) vcan0 055#F5F7FB27B2009C80
(1675525705.437476) vcan0 065#CFE4FAF7FDCDF301
(1675525705.440136) vcan0 070#000009F8F4E11500
(1675525705.440215) vcan0 075#0000000000005458
(1675525705.440293) vcan0 080#E44F8000C2002C00
(1675525705.440370) vcan0 0B0#3983F6A2E3C139A3
(1675525705.440447) vcan0 145#F942DB80FC4810A1
(1675525705.440598) vcan0 28C#000000000016BEA2
(1675525705.440676) vcan0 2B5#4B1F2B6293A6700F
(1675525705.440763) vcan0 3B0#00D8383839B4C400
(1675525705.440841) vcan0 125#E52C80E4C1D0D735
(1675525705.441208) vcan0 1B0#00C0000001B000FC
(1675525705.441287) vcan0 1B5#FFD4552E82E0FFEF
(1675525705.441364) vcan0 1D8#363339343234E043
(1675525705.441442) vcan0 1E0#0004E34300B917E0
(1675525705.442243) vcan0 2C3#528700FFFFF65450
(1675525705.442321) vcan0 010#008800002FB031F8
(1675525705.445145) vcan0 210#17E08020A869CC4D
(1675525705.445222) vcan0 260#D0FF00AA497487B0
(1675525705.445301) vcan0 3D0#990F6100C50580C3
(1675525705.445377) vcan0 008#1680541900800080
(1675525705.445455) vcan0 288#1EE0708F00000080
(1675525705.446183) vcan0 430#3D083D0000001586
(1675525705.447271) vcan0 350#A200000000000080
(1675525705.448279) vcan0 0F5#C192D9927F6F42CC
(1675525705.449257) vcan0 120#EA92FA927F0E5689
(1675525705.450292) vcan0 130#DFFA1DFA1237FD11
(1675525705.451469) vcan0 150#CD1209B80CF864C0
(1675525705.452506) vcan0 010#008800002FB031F8
(1675525705.452579) vcan0 072#F000FF3F0078A038
(1675525705.452724) vcan0 1D0#0000000000000061
(1675525705.453551) vcan0 008#1680640900800080
(1675525705.456372) vcan0 0E0#627339E000802200
(1675525705.457407) vcan0 055#F5F7FB27B2009C80
(1675525705.457482) vcan0 065#CDE4FAF7FBCDF301
(1675525705.457625) vcan0 070#000009F8F3E11500
(1675525705.457700) vcan0 075#0000000000005458
(1675525705.457775) vcan0 080#E44F8000C2002C00
(1675525705.458514) vcan0 0B0#3983F4A2E3C139A3
(1675525705.458589) vcan0 145#F932DC80FC4810A1
(1675525705.458732) vcan0 290#0000000000000000
(1675525705.458820) vcan0 2C0#528700F40000A0F1
(1675525705.459581) vcan0 2C5#00EF5CE2D2E40070
(1675525705.459654) vcan0 125#E52C80E4C1D0D735
(1675525705.460621) vcan0 1B0#00C0000003B000FC
(1675525705.460696) vcan0 1B5#FFE0613488E0FFEF
(1675525705.462143) vcan0 1D8#363339343234E043
(1675525705.462219) vcan0 1E0#0008D34300B917E0
(1675525705.462292) vcan0 010#008800002FB031F8
(1675525705.462367) vcan0 291#0000000000000000
(1675525705.462510) vcan0 2A9#8C26008AC0000084
(1675525705.463204) vcan0 008#168074F900800080
(1675525705.464240) vcan0 072#F000FF3F00788038
(1675525705.465412) vcan0 210#17E080A0A869CC4D
(1675525705.470690) vcan0 288#06E0807F00000080
(1675525705.470835) vcan0 0F5#CD92C7927F7332CD
(1675525705.470909) vcan0 120#ED92F0927F0B5689
(1675525705.471747) vcan0 130#E7FA1DF01231FA11
(1675525705.471891) vcan0 150#CA1207C80CF857C0
(1675525705.471966) vcan0 010#008800002FB031F9
(1675525705.472039) vcan0 1D0#0000000000000A61
(1675525705.472937) vcan0 260#D0FF00AA497487B0
(1675525705.473972) vcan0 008#168084DB0E800080
(1675525705.474047) vcan0 0E0#627334E800800700
(1675525705.475013) vcan0 055#F5F7FA27B2009C80
(1675525705.476050) vcan0 065#CDE4FBF7FECDF301
(1675525705.477154) vcan0 070#000009F8F3E11500
(1675525705.478187) vcan0 075#0000000000005458
(1675525705.478267) vcan0 080#E44F8000C2002C00
(1675525705.478344) vcan0 0B0#3983F4A2E3C139A3
(1675525705.478421) vcan0 145#F922DD80FC4810A1
(1675525705.478498) vcan0 28C#000000000016BEA2
(1675525705.479302) vcan0 2B5#4B1F2A6293A67010
(1675525705.479387) vcan0 340#7E00000000000000
(1675525705.480766) vcan0 370#0720C0007A1BC71F
(1675525705.480846) vcan0 125#E52C80E4C1D0D735
(1675525705.480923) vcan0 1B0#00C0000004B000FC
(1675525705.481002) vcan0 1B5#FFED6D3A8EE0FFEF
(1675525705.481078) vcan0 1D8#363339343234E043
(1675525705.481808) vcan0 1E0#0008D30300B917E0
(1675525705.481885) vcan0 2C3#528700FFFFF65450
(1675525705.482902) vcan0 010#008800002FB031F8
(1675525705.483054) vcan0 072#F000FF3F0078A038
(1675525705.487107) vcan0 330#9F00000000000000
(1675525705.487184) vcan0 008#168094CB0E800080
(1675525705.487337) vcan0 290#0000000000000000
(1675525705.488156) vcan0 0F5#E392D7927F7722CF
(1675525705.489262) vcan0 120#E392E9927F035689
(1675525705.490369) vcan0 130#EFFA1DE91228F411
(1675525705.491414) vcan0 150#DD1202D80CF834C0
(1675525705.492588) vcan0 010#008800002FB031F8
(1675525705.492664) vcan0 1D0#0000000000000061
(1675525705.492737) vcan0 210#17E080A0A869CC45
(1675525705.492812) vcan0 291#0000000000000000
(1675525705.493642) vcan0 008#1680A4BB0E800080
(1675525705.494677) vcan0 0E0#627332F00080E900
(1675525705.495781) vcan0 288#12E0807F00000080
(1675525705.496887) vcan0 072#F000FF3F00788038
(1675525705.496959) vcan0 055#F5F7FA27B2009C80
(1675525705.497960) vcan0 065#CBE4FBF700CEF301
(1675525705.498039) vcan0 070#000009F8F2E11500
(1675525705.498118) vcan0 075#0000000000005458
(1675525705.498197) vcan0 080#E44F8000C2002C00
(1675525705.499213) vcan0 0B0#3983F4A2E3C139A3
(1675525705.499292) vcan0 145#F912DE80FC4810A1
(1675525705.499452) vcan0 125#E52C80E4C1D0D735
(1675525705.502204) vcan0 1B0#00C0000005B000FC
(1675525705.502283) vcan0 1B5#FFF97A4094E0FFEF
(1675525705.502432) vcan0 1D8#363339343234E043
(1675525705.502512) vcan0 1E0#000CC34300B917E0
(1675525705.502588) vcan0 010#008800002FB031F8
(1675525705.502669) vcan0 260#D0FF00AA497487B0
(1675525705.502746) vcan0 2A9#8C260093C0000084
(1675525705.503404) vcan0 008#1680B4AB0E800080
(1675525705.504423) vcan0 0F5#CB92CF927F7B12D0
(1675525705.505514) vcan0 120#EE92EC927F0A5689
(1675525705.506530) vcan0 130#F7FA1DE91218EF11
(1675525705.507547) vcan0 150#CD1206E80BF834C0
(1675525705.508621) vcan0 3CA#00000000550000C8
(1675525705.509657) vcan0 010#008800002FB031F8
(1675525705.510695) vcan0 072#F000FF3F0078A038
(1675525705.512153) vcan0 1D0#0000000000000061
(1675525705.513190) vcan0 008#1680C49B0E800080
(1675525705.514226) vcan0 0E0#627330F80080CB00
(1675525705.517113) vcan0 210#17E080A0A869CC4D
(1675525705.517190) vcan0 055#F5F7FA27B2009C80
(1675525705.517262) vcan0 065#CEE4FAF7FFCDF301
(1675525705.517406) vcan0 070#000009F8F2E11500
(1675525705.518194) vcan0 075#0000000000005458
(1675525705.518274) vcan0 080#E44F8000C2002C00
(1675525705.518350) vcan0 0B0#3983F3A2E3C139A3
(1675525705.518430) vcan0 145#F902DF80FC4810A1
(1675525705.519230) vcan0 28C#000000000016BEA2
(1675525705.519307) vcan0 290#0000000000000000
(1675525705.519384) vcan0 2B5#4B1F2A6293A66F0F
(1675525705.519534) vcan0 2C0#528700F40000A0F1
(1675525705.519612) vcan0 125#E52A80E4C1D0D735
(1675525705.520279) vcan0 2C5#00EF5CE2CFE40070
(1675525705.520359) vcan0 3AF#0000000000000020
(1675525705.523255) vcan0 288#16E0807F00000080
(1675525705.523334) vcan0 1B0#00C0000004B000FC
(1675525705.523411) vcan0 1B5#FF0586469AE0FFEF
(1675525705.523562) vcan0 1D8#363339343234E043
(1675525705.523639) vcan0 1E0#0010B34300B917E0
(1675525705.523717) vcan0 2C3#528700FFFFF65450
(1675525705.523795) vcan0 010#008800002FB031F8
(1675525705.523872) vcan0 291#0000000000000000
(1675525705.524021) vcan0 405#0000000000000020
(1675525705.524318) vcan0 008#1680D48B0E800080
(1675525705.525408) vcan0 072#F000FF3F00788038
(1675525705.526424) vcan0 360#5C8700CDB564A041
(1675525705.527516) vcan0 0F5#C592CD927F7F02D2
(1675525705.528578) vcan0 120#0293E1927F0C5689
(1675525705.529559) vcan0 130#FFFA1DE91208EF11
(1675525705.531143) vcan0 150#C91209F80BF828C0
(1675525705.532179) vcan0 010#008800002FB031F8
(1675525705.532321) vcan0 1D0#0000000000000861
(1675525705.532395) vcan0 260#D0FF0055497487B0
(1675525705.532469) vcan0 390#80FF0519023A514F
(1675525705.533231) vcan0 008#1680E47B0E800080
(1675525705.534613) vcan0 0E0#627330C00080AB00
(1675525705.537300) vcan0 055#F5F7FA27B2009C80
(1675525705.537373) vcan0 065#D0E4FAF702CEF201
(1675525705.537448) vcan0 070#000009F8F1E11500
(1675525705.537592) vcan0 075#0000000000005458
(1675525705.538341) vcan0 080#E44F8000C2002C00
(1675525705.538415) vcan0 0B0#3983F4A2E3C139A3
(1675525705.538559) vcan0 145#F9F2D080FC4810A1
(1675525705.539390) vcan0 350#A200000000000080
(1675525705.539486) vcan0 125#E52A80E4C1D0D735
(1675525705.540455) vcan0 1B0#00C0000001B000FC
(1675525705.541493) vcan0 1B5#FF11924CA0E0FFEF
(1675525705.541635) vcan0 1D8#363339343234E043
(1675525705.541709) vcan0 1E0#0010B30300B917E0
(1675525705.541785) vcan0 010#008800002FB031F8
(1675525705.542545) vcan0 072#F000FF3F0078A038
(1675525705.543990) vcan0 210#17E080A0A869CC45
(1675525705.544066) vcan0 2A9#8C26008AC0000084
(1675525705.544139) vcan0 008#1680F46B0E800080
(1675525705.545036) vcan0 288#12E0807F00000080
(1675525705.546072) vcan0 290#0000000000000000
(1675525705.550115) vcan0 0F5#B392C7927F43F2D3
(1675525705.551152) vcan0 120#F892EC927F075689
(1675525705.551227) vcan0 130#87FA1DE912F8F411
(1675525705.551372) vcan0 150#BD1209080BF824C0
(1675525705.552221) vcan0 010#008800002FB031F9
(1675525705.552296) vcan0 1D0#0000000000000261
(1675525705.552369) vcan0 291#0000000000000000
(1675525705.553268) vcan0 008#1680045B0E800080
(1675525705.554303) vcan0 0E0#627331C800808A00
(1675525705.555476) vcan0 3C8#5287008E882C008E
(1675525705.556512) vcan0 072#F000FF3F00788038
(1675525705.557549) vcan0 055#F5F7FA27B2009C80
(1675525705.557623) vcan0 065#CFE4FAF700CEF101
(1675525705.557764) vcan0 070#000009F8F1E11500
(1675525705.557838) vcan0 075#0000000000005458
(1675525705.561776) vcan0 080#E44F8000C2002C00
(1675525705.561850) vcan0 0B0#3983F5A2E3C139A3
(1675525705.561924) vcan0 145#F9E2D180FC4810A1
(1675525705.562067) vcan0 28C#000000000016BEA2
(1675525705.562140) vcan0 2B5#4B1F2A6293A66F0D
(1675525705.562223) vcan0 340#7E00000000000000
(1675525705.562297) vcan0 125#E52A80E4C1D0D735
(1675525705.562373) vcan0 3B0#00D8383839B4C400
(1675525705.562516) vcan0 1B0#00C0000003B000FC
(1675525705.562589) vcan0 1B5#FF1E9E52A6E0FFEF
(1675525705.562663) vcan0 1D8#363339343234E043
(1675525705.562741) vcan0 1E0#0014A34300B917E0
(1675525705.562884) vcan0 2C3#528700FFFFF75450
(1675525705.562957) vcan0 010#008800002FB031F8
(1675525705.563032) vcan0 330#9F00000000000000
(1675525705.563105) vcan0 260#D0FF0055497487B0
(1675525705.563940) vcan0 008#1680144B0E800080
(1675525705.564974) vcan0 210#17E080A0A869CC4D
(1675525705.566078) vcan0 288#06E0906F00000080
(1675525705.567113) vcan0 0F5#C992CB927F47E2D5
(1675525705.571080) vcan0 120#EE92E7927F0B5689
(1675525705.571202) vcan0 130#8FFA1DE912E8F711
(1675525705.571280) vcan0 150#CA1206180BF807C0
(1675525705.572151) vcan0 010#008800002FB031F8
(1675525705.572230) vcan0 072#F000FF3F0078A038
(1675525705.572308) vcan0 1D0#0000000000000061
(1675525705.573180) vcan0 008#1680244900800080
(1675525705.574270) vcan0 0E0#62732BD000807000
(1675525705.575361) vcan0 055#F5F7F927B2009C80
(1675525705.576452) vcan0 065#CFE4FAF700CEF001
(1675525705.577398) vcan0 070#000009F8F0E11500
(1675525705.577474) vcan0 075#0000000000005458
(1675525705.578488) vcan0 080#E44F8000C2002C00
(1675525705.580007) vcan0 0B0#3983F4A2E3C139A3
(1675525705.580153) vcan0 145#F9D2D280FC4810A1
(1675525705.580227) vcan0 290#0000000000000000
(1675525705.580301) vcan0 2C0#528700F40000A0F1
(1675525705.580386) vcan0 2C5#00EF5BE2D0E40070
(1675525705.580461) vcan0 370#0720C0007A1BC71F
(1675525705.580605) vcan0 125#E52A80E4C1D0D735
(1675525705.580678) vcan0 3E0#000000D92E808090
(1675525705.581096) vcan0 1B0#00C0000003B000FC
(1675525705.581171) vcan0 1B5#FF2AAB59ACE0FFEF
(1675525705.585360) vcan0 1D8#363339343234E043
(1675525705.585504) vcan0 1E0#0018934300B917E0
(1675525705.585576) vcan0 010#008800002FB031F8
(1675525705.585652) vcan0 291#0000000000000000
(1675525705.585725) vcan0 2A9#8C260082C0000084
(1675525705.585868) vcan0 008#1680343900800080
(1675525705.586424) vcan0 072#F000FF3F00788038
(1675525705.587530) vcan0 0F5#B392C3927F4BD2D6
(1675525705.588550) vcan0 120#EC92F0927F025689
(1675525705.589639) vcan0 130#97FA1DE912D8FD11
(1675525705.590664) vcan0 150#BB1202280BF806C0
(1675525705.591682) vcan0 010#008800002FB031F8
(1675525705.591833) vcan0 1D0#0000000000000061
(1675525705.592850) vcan0 210#17E08020A869CC45
(1675525705.592929) vcan0 260#D0FF0055497487B0
(1675525705.593876) vcan0 008#1680442900800080
(1675525705.594026) vcan0 0E0#62732CD800804F00
(1675525705.595044) vcan0 288#0EE0906F00000080
(1675525705.596062) vcan0 055#F5F7F927B2009C80
(1675525705.598981) vcan0 065#CDE4F9F700CEF001
(1675525705.599056) vcan0 070#000009F8EFE11500
(1675525705.599199) vcan0 075#0000000000005458
(1675525705.599272) vcan0 080#E44F8000C2002C00
(1675525705.599346) vcan0 0B0#3983F4A2E3C139A3
(1675525705.599421) vcan0 145#F9C2D380FC4810A1
(1675525705.599495) vcan0 28C#000000000016BEA2
(1675525705.599646) vcan0 2B5#4B1F2A6293A66F0C
(1675525705.599722) vcan0 125#E52A80E4C1D0D735
(1675525705.600071) vcan0 1B0#00C0000003B000FC
(1675525705.601108) vcan0 1B5#FF36B75FB2E0FFEF
(1675525705.601182) vcan0 1D8#363339343234E043
(1675525705.601256) vcan0 1E0#0018930300B917E0
(1675525705.604005) vcan0 2C3#528700FFFFF75450
(1675525705.604079) vcan0 010#008800002FB031F8
(1675525705.604153) vcan0 072#F000FF3F0078A038
(1675525705.604297) vcan0 008#1680541900800080
(1675525705.605057) vcan0 290#0000000000000000
(1675525705.606092) vcan0 0F5#C192C5927F4FC2D8
(1675525705.607264) vcan0 120#CF92E1927F0A5689
(1675525705.608330) vcan0 130#9FFA1DE112D0FD11
(1675525705.609347) vcan0 150#C31205380BF8EEC0
(1675525705.610367) vcan0 010#008800002FB031F8
(1675525705.611463) vcan0 1D0#0000000000000861
(1675525705.612480) vcan0 291#0000000000000000
(1675525705.613570) vcan0 008#1680640900800080
(1675525705.614659) vcan0 0E0#627329E000803200
(1675525705.617047) vcan0 072#F000FF3F00788038
(1675525705.617138) vcan0 055#F5F7F927B2009C80
(1675525705.617205) vcan0 065#D0E4F9F700CEF001
(1675525705.619858) vcan0 070#000009F8EFE11500
(1675525705.619931) vcan0 075#0000000000005458
(1675525705.620006) vcan0 080#E44F8000C2002C00
(1675525705.620081) vcan0 0B0#3983F4A2E3C139A3
(1675525705.620222) vcan0 145#F9B2D480FC4810A1
(1675525705.620296) vcan0 210#17E080A0A869CC45
(1675525705.620371) vcan0 125#E52880E4C1D0D735
(1675525705.620927) vcan0 288#16E0906F00000080
(1675525705.621001) vcan0 1B0#00C0000003B000FC
(1675525705.621089) vcan0 1B5#FF42C365B8E0FFEF
(1675525705.621164) vcan0 1D8#363339343234E043
(1675525705.622062) vcan0 1E0#001C834300B917E0
(1675525705.622134) vcan0 010#008800002FB031F8
(1675525705.622210) vcan0 2A9#8C26009BC0000084
(1675525705.622352) vcan0 260#D0FF00AA497487B0
(1675525705.624830) vcan0 008#168074F900800080
(1675525705.626000) vcan0 360#5C8700CDB564A041
(1675525705.627037) vcan0 350#A200000000000080
(1675525705.628192) vcan0 0F5#BD92BD927F53B2D9
(1675525705.629212) vcan0 120#E692D5927F0B5689
(1675525705.630304) vcan0 130#A7FA1DE112C0FA11
(1675525705.631396) vcan0 150#BD1206480BF8E4C0
(1675525705.631546) vcan0 3CA#00000000560000C8
(1675525705.632491) vcan0 010#008800002FB031F9
(1675525705.632570) vcan0 072#F000FF3F0078A038
(1675525705.632658) vcan0 1D0#0000000000000261
(1675525705.632736) vcan0 390#80FF0519023A514F
(1675525705.633537) vcan0 008#168084E900800080
(1675525705.634555) vcan0 0E0#62732CE800800F00
(1675525705.637374) vcan0 055#F5F7F927B2009C80
(1675525705.637453) vcan0 065#D1E4F9F701CEEF01
(1675525705.637532) vcan0 070#000009F8EEE11500
(1675525705.637609) vcan0 075#0000000000005458
(1675525705.638462) vcan0 080#E44F8000C2002C00
(1675525705.638537) vcan0 0B0#3983F5A2E3C139A3
(1675525705.638611) vcan0 145#F9A2D580FC4810A1
(1675525705.638684) vcan0 28C#000000000016BEA2
(1675525705.639516) vcan0 290#0000000000000000
(1675525705.639590) vcan0 2B5#4B1F2A6293A66F0B
(1675525705.639664) vcan0 125#E52680E4C1D0D735
(1675525705.642346) vcan0 2C0#528700F50000A0F1
(1675525705.642497) vcan0 2C5#00EF5BE2D0E40070
(1675525705.642571) vcan0 340#7D00000000000000
(1675525705.642646) vcan0 3AF#0000000000000020
(1675525705.642720) vcan0 1B0#00C0000001B000FC
(1675525705.642795) vcan0 1B5#FF4FCF6BBEE0FFEF
(1675525705.642937) vcan0 1D8#363339343234E043
(1675525705.643011) vcan0 1E0#0020734300B917E0
(1675525705.643084) vcan0 2C3#528700FFFFF75450
(1675525705.643158) vcan0 010#008800002FB031F8
(1675525705.643302) vcan0 210#17E080A0A869CC4D
(1675525705.643378) vcan0 291#0000000000000000
(1675525705.643452) vcan0 330#9F00000000000000
(1675525705.643525) vcan0 3D0#990F6100C50580C3
(1675525705.643668) vcan0 008#168094D900800080
(1675525705.645939) vcan0 288#0EE0906F00000080
(1675525705.646973) vcan0 072#F000FF3F00788038
(1675525705.648037) vcan0 0F5#BD92B5927F57A2DB
(1675525705.649058) vcan0 120#F692E1927F065689
(1675525705.650147) vcan0 130#AFFA1DE112B0FA11
(1675525705.651166) vcan0 150#B91206580BF8D8C0
(1675525705.652182) vcan0 010#008800002FB031F8
(1675525705.652333) vcan0 1D0#0000000000000061
(1675525705.652411) vcan0 260#D0FF00AA497487B0
(1675525705.653285) vcan0 400#010102010101010D
(1675525705.657480) vcan0 008#1680A4C900800080
(1675525705.657558) vcan0 0E0#62732CF00080EF00
(1675525705.657636) vcan0 055#F5F7F927B2009C80
(1675525705.657714) vcan0 065#D1E4F9F700CEEE01
(1675525705.657865) vcan0 070#000009F8EEE11500
(1675525705.657944) vcan0 075#0000000000005458
(1675525705.658020) vcan0 080#E44F8000C2002C00
(1675525705.658576) vcan0 0B0#3983F5A2E3C139A3
(1675525705.658665) vcan0 145#F992D680FC4810A1
(1675525705.659700) vcan0 125#E52480E4C1D0D735
(1675525705.660736) vcan0 1B0#00C0000001B000FC
(1675525705.660810) vcan0 1B5#FF5BDB71C5E0FFEF
(1675525705.660954) vcan0 1D8#363339343234E043
(1675525705.661918) vcan0 1E0#0020730300B917E0
(1675525705.661992) vcan0 010#008800002FB031F8
(1675525705.662067) vcan0 072#F000FF3F0078A038
(1675525705.662965) vcan0 2A9#8C260082C0000084
(1675525705.664000) vcan0 008#1680B4B900800080
(1675525705.665037) vcan0 210#17E080A0A869CC4D
(1675525705.666073) vcan0 290#0000000000000000
(1675525705.668546) vcan0 288#06E0A05F00000080
(1675525705.671369) vcan0 0F5#B792B3927F5B92DD
(1675525705.671446) vcan0 120#D592F0927F095689
(1675525705.671525) vcan0 130#B7FA1DE112A0FA11
(1675525705.671612) vcan0 150#B51208680BF8CCC0
(1675525705.672485) vcan0 010#008800002FB031F8
(1675525705.672563) vcan0 1D0#0000000000000061
(1675525705.672640) vcan0 291#0000000000000000
(1675525705.673513) vcan0 008#1680C4A900800080
(1675525705.674602) vcan0 0E0#627329F80080D200
(1675525705.675618) vcan0 3C8#5287008E882C008E
(1675525705.676707) vcan0 072#F000FF3F00788038
(1675525705.677795) vcan0 055#F5F7F827B2009C80
(1675525705.677949) vcan0 065#D1E4F9F700CEEE01
(1675525705.678022) vcan0 070#000009F8EDE11500
(1675525705.678855) vcan0 075#0000000000005458
(1675525705.681748) vcan0 080#E44F8000C2002C00
(1675525705.681891) vcan0 0B0#3983F5A2E3C139A3
(1675525705.681966) vcan0 145#F982D780FC4810A1
(1675525705.682039) vcan0 28C#000000000016BEA2
(1675525705.682125) vcan0 125#E52180E4C1D0D735
(1675525705.682199) vcan0 2B5#4B1F2A6293A66F0A
(1675525705.682341) vcan0 370#0720C0007A1BC71F
(1675525705.682415) vcan0 3B0#00D8383839B4C400
(1675525705.682490) vcan0 1B0#00C0000002B000FC
(1675525705.682563) vcan0 1B5#FF67E877CBE0FFEF
(1675525705.682705) vcan0 1D8#363339343234E043
(1675525705.682780) vcan0 1E0#0024634300B917E0
(1675525705.682855) vcan0 2C3#528700FFFFF85450
(1675525705.682928) vcan0 260#D0FF00AA497487B0
(1675525705.683002) vcan0 010#008800002FB031F8
(1675525705.685751) vcan0 008#1680DC1900800080
(1675525705.686786) vcan0 0F5#AE92BB927F5F82DE
(1675525705.687974) vcan0 120#E692D5927F0D5689
(1675525705.688998) vcan0 130#BFFA1DC712AAF411
(1675525705.690016) vcan0 150#B41202780BF8BDC0
(1675525705.691043) vcan0 010#008800002FB031F8
(1675525705.692133) vcan0 072#F000FF3F0078A038
(1675525705.692212) vcan0 1D0#0000000000000061
(1675525705.693156) vcan0 210#17E080A0A869CC45
(1675525705.694321) vcan0 008#1980EC0600800080
(1675525705.694400) vcan0 0E0#627328C00080B300
(1675525705.695345) vcan0 288#0AE0A05F00000080
(1675525705.696436) vcan0 055#F5F7F827B2009C80
(1675525705.697453) vcan0 065#CDE4F8F7FFCDED01
(1675525705.697532) vcan0 070#000009F8EDE11500
(1675525705.700374) vcan0 075#0000000000005458
(1675525705.700449) vcan0 080#E44F8000C2002C00
(1675525705.700524) vcan0 0B0#3983F5A2E4C139A3
(1675525705.700598) vcan0 145#F972D880FC4810A1
(1675525705.700742) vcan0 290#0000000000000000
(1675525705.700815) vcan0 2C0#528700F40000A0F1
(1675525705.700897) vcan0 2C5#00EF5BE2CFE40070
(1675525705.700973) vcan0 125#E51E80E4C1D0D735
(1675525705.701047) vcan0 1B0#00C0000002B000FC
(1675525705.701398) vcan0 1B5#FF73F47DD1E0FFEF
(1675525705.701540) vcan0 1D8#363339343234E043
(1675525705.701613) vcan0 1E0#0028534300B917E0
(1675525705.704296) vcan0 010#008800002FB031F8
(1675525705.704440) vcan0 291#0000000000000000
(1675525705.704515) vcan0 2A9#8C26009BC0000084
(1675525705.704589) vcan0 008#1B80FCF400800080
(1675525705.705487) vcan0 072#F000FF3F00788038
(1675525705.706522) vcan0 0F5#AC92B5927F6372E0
(1675525705.707558) vcan0 120#EA92DB927F0F5689
(1675525705.708649) vcan0 130#C7F71DC7129AEF11
(1675525705.709688) vcan0 150#B01204880BF8B1C0
(1675525705.710722) vcan0 010#008800002FB031F9
(1675525705.711779) vcan0 1D0#0000000000000A61
(1675525705.712816) vcan0 260#D0FF00AA497487B0
(1675525705.713851) vcan0 008#1B800CCF15800080
(1675525705.713925) vcan0 0E0#627329C800809200
(1675525705.716332) vcan0 210#16E080A0A869CC4D
(1675525705.717368) vcan0 055#F5F7F827B2009C80
(1675525705.717442) vcan0 065#CCE4F8F7FDCDED01
(1675525705.717516) vcan0 070#000009F8ECE11500
(1675525705.720280) vcan0 075#0000000000005458
(1675525705.720356) vcan0 080#E44F8000C2002C00
(1675525705.720431) vcan0 0B0#3983F4A2E3C139A3
(1675525705.720505) vcan0 145#F962D980FC4810A1
(1675525705.720580) vcan0 28C#000000000016BEA2
(1675525705.720723) vcan0 2B5#4B1F2A6293A66F09
(1675525705.720796) vcan0 340#7D00000000000000
(1675525705.720871) vcan0 125#E51B80E4C1D0D735
(1675525705.720953) vcan0 350#A200000000000080
(1675525705.721096) vcan0 288#16E0A05F00000080
(1675525705.721310) vcan0 1B0#00C0000002B000FC
(1675525705.721453) vcan0 1B5#FF7F0083D7E0FFEF
(1675525705.721526) vcan0 1D8#363339343234E043
(1675525705.721601) vcan0 1E0#0028530300B917E0
(1675525705.721675) vcan0 2C3#528700FFFFF85450
(1675525705.724220) vcan0 010#008800002FB031F8
(1675525705.724298) vcan0 072#F000FF3F0078A038
(1675525705.724441) vcan0 330#9F00000000000000
(1675525705.724515) vcan0 008#1B801CBF15800080
(1675525705.725415) vcan0 290#0000000000000000
(1675525705.726453) vcan0 360#5C8700CDB564A041
(1675525705.727491) vcan0 0F5#B892B5927F6762E1
(1675525705.728638) vcan0 120#D792CF927F065689
(1675525705.729678) vcan0 130#CFFA1DC7128AEC11
(1675525705.730734) vcan0 150#B61204980BF89BC0
(1675525705.731771) vcan0 010#008800002FB031F8
(1675525705.731845) vcan0 1D0#0000000000000061
(1675525705.732948) vcan0 291#0000000000000000
(1675525705.733022) vcan0 390#80FF05190232536F
(1675525705.733989) vcan0 008#1B802CAF15800080
(1675525705.735300) vcan0 0E0#627330D000806B00
(1675525705.736335) vcan0 055#F5F7F827B2009C80
(1675525705.737372) vcan0 065#CBE4F8F7FFCDEC01
(1675525705.737447) vcan0 070#000009F8EBE11500
(1675525705.740291) vcan0 072#F000FF3F00788038
(1675525705.740370) vcan0 075#0000000000005458
(1675525705.740447) vcan0 080#E44F8000C2002C00
(1675525705.740525) vcan0 0B0#3983F4A2E3C139A3
(1675525705.740677) vcan0 145#F952DA80FC4810A1
(1675525705.740754) vcan0 125#E51B80E4C1D0D735
(1675525705.741349) vcan0 1B0#00C0000002B000FC
(1675525705.741426) vcan0 1B5#FF8C0C89DDE0FFEF
(1675525705.741505) vcan0 1D8#363339343234E043
(1675525705.741583) vcan0 1E0#002C434300B917E0
(1675525705.742385) vcan0 010#008800002FB031F8
(1675525705.742464) vcan0 210#16E08020A869CC45
(1675525705.742615) vcan0 260#D0FF0055497487B0
(1675525705.742691) vcan0 2A9#8C260082C0000084
(1675525705.743493) vcan0 008#1B803C9F15800080
(1675525705.746029) vcan0 288#06E0A05F00000080
(1675525705.747046) vcan0 0F5#AE92AE927F6B52E3
(1675525705.748088) vcan0 120#D192C1927F075689
(1675525705.749262) vcan0 130#D7FA1DC7127AEC11
(1675525705.750297) vcan0 150#AE1206A80BF893C0
(1675525705.751334) vcan0 3CA#00000000400000C8
(1675525705.752370) vcan0 010#008800002FB031F8
(1675525705.752453) vcan0 072#F000FF3F0078A038
(1675525705.752595) vcan0 1D0#0000000000000061
(1675525705.753426) vcan0 008#1B804C8F15800080
(1675525705.756245) vcan0 0E0#627334D800804700
(1675525705.757282) vcan0 055#F5F7F727B2009C80
(1675525705.757426) vcan0 065#CDE4F8F700CEEC01
(1675525705.757497) vcan0 070#000009F8EBE11500
(1675525705.757573) vcan0 075#0000000000005458
(1675525705.758350) vcan0 080#E44F8000C2002C00
(1675525705.758431) vcan0 0B0#3983F3A2E3C139A3
(1675525705.758580) vcan0 145#F942DB80FC4810A1
(1675525705.758661) vcan0 28C#000000000016BEA2
(1675525705.759460) vcan0 290#0000000000000000
(1675525705.759538) vcan0 2B5#4B1F2A6293A67008
(1675525705.759615) vcan0 125#E51B80E4C1D0D735
(1675525705.759693) vcan0 2C0#528700F40000A0F1
(1675525705.759787) vcan0 2C5#00EF5BE2CEE40070
(1675525705.760589) vcan0 3AF#0000000000000020
(1675525705.763409) vcan0 1B0#00C0000002B000FC
(1675525705.763488) vcan0 1B5#FF98188FE3E0FFEF
(1675525705.763564) vcan0 1D8#363339343234E043
(1675525705.763642) vcan0 1E0#0030334300B917E0
(1675525705.763721) vcan0 2C3#528700FFFFF85450
(1675525705.763796) vcan0 010#008800002FB031F8
(1675525705.763948) vcan0 291#0000000000000000
(1675525705.764025) vcan0 008#1B805C7F15800080
(1675525705.764465) vcan0 072#F000FF3F00788038
(1675525705.765482) vcan0 210#16E080A0A869CC4D
(1675525705.766571) vcan0 288#06E0B04F00000080
(1675525705.767589) vcan0 0F5#AE92AE927F6F42E4
(1675525705.768716) vcan0 120#D392CD927F0A5689
(1675525705.769826) vcan0 130#DFF71DC7126AEC11
(1675525705.770874) vcan0 150#AE1204B80BF883C0
(1675525705.775068) vcan0 260#D0FF0055497487B0
(1675525705.775143) vcan0 010#008800002FB031F8
(1675525705.775286) vcan0 008#1B806C6F15800080
(1675525705.775362) vcan0 1D0#0000000000000861
(1675525705.775435) vcan0 0E0#62733CE000801F00
(1675525705.775510) vcan0 405#0000000000000021
(1675525705.776133) vcan0 055#F5F7F727B2009C80
(1675525705.777167) vcan0 065#CEE4F8F702CEEB01
(1675525705.777309) vcan0 070#000009F8EAE11500
(1675525705.777385) vcan0 075#0000000000005458
(1675525705.778255) vcan0 080#E44F8000C2002C00
(1675525705.778335) vcan0 0B0#3983F4A2E3C139A3
(1675525705.778411) vcan0 145#F932DC80FC4810A1
(1675525705.778562) vcan0 370#0720C0007A1BC71F
(1675525705.779288) vcan0 125#E51B80E4C1D0D735
(1675525705.780459) vcan0 1B0#00C0000000B000FC
(1675525705.781479) vcan0 1B5#FFA42495E9E0FFEF
(1675525705.781628) vcan0 1D8#363339343234E043
(1675525705.781707) vcan0 1E0#0030330300B917E0
(1675525705.782581) vcan0 008#1B807C5F15800080
(1675525705.783888) vcan0 010#008800002FB031F8
(1675525705.784904) vcan0 072#F000FF3F0078A038
(1675525705.785055) vcan0 2A9#8C26008AC0000084
(1675525705.785997) vcan0 290#0000000000000000
(1675525705.789879) vcan0 0F5#A892A4927F7332E6
(1675525705.790984) vcan0 120#D992DB927F065689
(1675525705.791059) vcan0 130#E7F71DC4125DF111
(1675525705.791133) vcan0 150#A61202C80BF87BC0
(1675525705.792032) vcan0 010#008800002FB031F9
(1675525705.793138) vcan0 1D0#0000000000000261
(1675525705.793212) vcan0 210#16E080A0A869CC45
(1675525705.794197) vcan0 008#1B808C4F15800080
(1675525705.794273) vcan0 291#0000000000000000
(1675525705.794416) vcan0 0E0#627346E80080F500
(1675525705.795316) vcan0 288#0EE0B04F00000080
(1675525705.796422) vcan0 3C8#5287008E882C008E
(1675525705.797458) vcan0 055#F5F7F727B2009C80
(1675525705.797533) vcan0 065#CDE4F7F700CEEA01
(1675525705.797607) vcan0 070#000009F8EAE11500
(1675525705.800349) vcan0 072#F000FF3F00788038
(1675525705.800428) vcan0 075#0000000000005458
(1675525705.800505) vcan0 080#E44F8000C2002C00
(1675525705.800657) vcan0 0B0#3983F4A2E3C139A3
(1675525705.800734) vcan0 145#F922DD80FC4810A1
(1675525705.800812) vcan0 28C#000000000016BEA2
(1675525705.800890) vcan0 2B5#4B1F2A6293A66F07
(1675525705.800967) vcan0 125#E51E80E4C1D0D735
(1675525705.801053) vcan0 340#7D00000000000000
(1675525705.801204) vcan0 3B0#00D8383C39B0C600
(1675525705.801281) vcan0 1B0#00C0000001B000FC
(1675525705.801432) vcan0 1B5#FFB0319BEFE0FFEF
(1675525705.801511) vcan0 1D8#363339343234E043
(1675525705.801589) vcan0 1E0#0034234300B917E0
(1675525705.801739) vcan0 2C3#528700FFFFF85450
(1675525705.804340) vcan0 010#008800002FB031F8
(1675525705.804417) vcan0 260#D0FF0055497487B0
(1675525705.804495) vcan0 330#9F00000000000000
(1675525705.804574) vcan0 008#1B809C3F15800080
(1675525705.805447) vcan0 350#A200000000000080
(1675525705.806537) vcan0 0F5#A892A8927F7722E7
(1675525705.807554) vcan0 120#CF92DF927F0B5689
(1675525705.808616) vcan0 130#EFF71DC4124DF711
(1675525705.809790) vcan0 150#A81205D80BF869C0
(1675525705.810834) vcan0 010#008800002FB031F8
(1675525705.811868) vcan0 072#F000FF3F0078A038
(1675525705.811943) vcan0 1D0#0000000000000061
(1675525705.812910) vcan0 008#1B80AC4400800080
(1675525705.813945) vcan0 0E0#627346F00080D500
(1675525705.816421) vcan0 210#16E080A0A869CC45
(1675525705.817457) vcan0 055#F5F7F727B2009C80
(1675525705.817532) vcan0 065#CEE4F7F700CEEA01
(1675525705.817676) vcan0 070#000009F8E9E11500
(1675525705.820358) vcan0 075#0000000000005458
(1675525705.820437) vcan0 080#E44F8000C2002C00
(1675525705.820516) vcan0 0B0#3983F4A2E3C139A3
(1675525705.820593) vcan0 145#F912DE80FC4810A1
(1675525705.820744) vcan0 290#0000000000000000
(1675525705.820822) vcan0 2C0#528700F40000A0F1
(1675525705.820899) vcan0 2C5#00EF5BE1CEE40070
(1675525705.820988) vcan0 125#E52180E4C1D0D735
(1675525705.821065) vcan0 288#06E0B04F00000080
(1675525705.821434) vcan0 1B0#00C0000001B000FC
(1675525705.821510) vcan0 1B5#FFBC3DA1F5E0FFEF
(1675525705.821588) vcan0 1D8#363339343234E043
(1675525705.821666) vcan0 1E0#0038134300B917E0
(1675525705.822467) vcan0 010#008800002FB031F8
(1675525705.822544) vcan0 291#0000000000000000
(1675525705.825368) vcan0 2A9#8C260093C0000084
(1675525705.825445) vcan0 008#1B80BC3400800080
(1675525705.826534) vcan0 072#F000FF3F00788038
(1675525705.827551) vcan0 360#5C8700CCB164A041
(1675525705.828710) vcan0 0F5#A092A6927F7B12E9
(1675525705.829746) vcan0 120#CC92CD927F0B5689
(1675525705.830919) vcan0 130#F7F71DC4123DFD11
(1675525705.831956) vcan0 150#A31204E80BF85EC0
(1675525705.832040) vcan0 010#008800002FB031F8
(1675525705.832113) vcan0 1D0#0000000000000061
(1675525705.832187) vcan0 390#80FF0519022E544F
(1675525705.833018) vcan0 260#D0FF00AA497487B0
(1675525705.834122) vcan0 008#1B80CC2400800080
(1675525705.834265) vcan0 0E0#627344F80080B700
(1675525705.835165) vcan0 055#F5F7F727B2009C80
(1675525705.837709) vcan0 065#CBE4F7F700CEEA01
(1675525705.837852) vcan0 070#000009F8E9E11500
(1675525705.837959) vcan0 075#0000000000005458
(1675525705.838040) vcan0 080#E44F8000C2002C00
(1675525705.838770) vcan0 0B0#3983F4A2E3C139A3
(1675525705.838922) vcan0 145#F902DF80FC4810A1
(1675525705.839000) vcan0 28C#000000000016BEA2
(1675525705.839077) vcan0 2B5#4B1F2A6293A67006
(1675525705.842988) vcan0 125#E52680E4C1D0D735
(1675525705.843076) vcan0 1B0#00C0000002B000FC
(1675525705.843227) vcan0 1B5#FFC949A7FBE0FFEF
(1675525705.843305) vcan0 1D8#363339343234E043
(1675525705.843383) vcan0 1E0#0038130300B917E0
(1675525705.843460) vcan0 2C3#528700FFFFF95450
(1675525705.843539) vcan0 010#008800002FB031F8
(1675525705.843617) vcan0 072#F000FF3F0078A038
(1675525705.843766) vcan0 210#16E080A0A869CC4D
(1675525705.843846) vcan0 3D0#990F6100C50580C3
(1675525705.844068) vcan0 008#1B80DC1400800080
(1675525705.845160) vcan0 288#FEDFB04F00000080
(1675525705.846177) vcan0 290#0000000000000000
(1675525705.847192) vcan0 0F5#A692A4927F7F02EA
(1675525705.848275) vcan0 120#C392B1927F075689
(1675525705.849446) vcan0 130#FFF71DC3122EFD11
(1675525705.850482) vcan0 150#A51201F80BF84CC0
(1675525705.851541) vcan0 010#008800002FB031F8
(1675525705.852576) vcan0 1D0#0000000000000061
(1675525705.852650) vcan0 291#0000000000000000
(1675525705.853960) vcan0 008#1B80EC0400800080
(1675525705.854033) vcan0 0E0#627344C000809700
(1675525705.856923) vcan0 055#F5F7F627B2009C80
(1675525705.857067) vcan0 065#C9E4F7F7FECDE901
(1675525705.857141) vcan0 070#000009F8E8E11500
(1675525705.858126) vcan0 072#F000FF3F00788038
(1675525705.858203) vcan0 075#0000000000005458
(1675525705.858281) vcan0 080#E44F8000C2002C00
(1675525705.858358) vcan0 0B0#3983F3A2E3C139A3
(1675525705.859161) vcan0 145#F9F2D080FC4810A1
(1675525705.859238) vcan0 125#E52880E4C1D0D735
(1675525705.860331) vcan0 1B0#00C0000001B000FC
(1675525705.861347) vcan0 1B5#FFD555AD01E0FFEF
(1675525705.861439) vcan0 1D8#363339343234E043
(1675525705.861516) vcan0 1E0#003C034300B917E0
(1675525705.861595) vcan0 010#008800002FB031F8
(1675525705.862396) vcan0 2A9#8C26008AC0000084
(1675525705.863700) vcan0 260#D0FF00AA497487B0
(1675525705.863850) vcan0 008#1B80FCF400800080
(1675525705.864797) vcan0 210#16E080A0A869CC4D
(1675525705.868635) vcan0 288#FEDFC03F00000080
(1675525705.869809) vcan0 0F5#9A92A6927F43F2EC
(1675525705.870843) vcan0 120#C792B7927F105689
(1675525705.870918) vcan0 130#87F71DC3121EFD11
(1675525705.871886) vcan0 150#A01200080BF841C0
(1675525705.871959) vcan0 3CA#00000000510000C8
(1675525705.872034) vcan0 010#008800002FB031F9
(1675525705.872176) vcan0 072#F000FF3F0078A038
(1675525705.873004) vcan0 1D0#0000000000000A61
(1675525705.874053) vcan0 008#1B800CE400800080
(1675525705.874196) vcan0 0E0#627349C800807200
(1675525705.875163) vcan0 055#F5F7F627B2009C80
(1675525705.876200) vcan0 065#C8E4F7F7FFCDE801
(1675525705.877235) vcan0 070#000009F8E7E11500
(1675525705.878320) vcan0 075#0000000000005458
(1675525705.881073) vcan0 080#E44F8000C2002C00
(1675525705.881152) vcan0 0B0#3983F3A2E3C139A3
(1675525705.881303) vcan0 145#F9E2D180FC4810A1
(1675525705.881382) vcan0 28C#000000000016BEA2
(1675525705.881459) vcan0 290#0000000000000000
(1675525705.881537) vcan0 2B5#4B1F2A6293A66F05
(1675525705.881614) vcan0 125#E52A80E4C1D0D735
(1675525705.881692) vcan0 2C0#528700F50000A0F1
(1675525705.881842) vcan0 2C5#00EF5BE1CCE40070
(1675525705.881918) vcan0 340#7D00000000000000
(1675525705.882018) vcan0 370#0720C0007A1BC71F
(1675525705.882096) vcan0 3AF#0000000000000020
(1675525705.882174) vcan0 1B0#00C0000002B000FC
(1675525705.882251) vcan0 1B5#FFE161B307E0FFEF
(1675525705.882330) vcan0 1D8#363339343234E043
(1675525705.884143) vcan0 1E0#0000F34300B917E0
(1675525705.884220) vcan0 2C3#528700FFFFF95450
(1675525705.884297) vcan0 3E0#000000D92E808090
(1675525705.884376) vcan0 010#008800002FB031F8
(1675525705.884454) vcan0 291#0000000000000000
(1675525705.884530) vcan0 330#9F00000000000000
(1675525705.884681) vcan0 008#1980145600800080
(1675525705.885195) vcan0 072#F000FF3F00788038
(1675525705.886210) vcan0 0F5#8D9299927F47E2ED
(1675525705.887374) vcan0 120#CD92A6927F0C5689
(1675525705.888441) vcan0 130#8FF71DC3120EFF11
(1675525705.889488) vcan0 150#931200180AF83EC0
(1675525705.890522) vcan0 010#008800002FB031F8
(1675525705.891560) vcan0 1D0#0000000000000061
(1675525705.892732) vcan0 210#16E08020A869CC45
(1675525705.894044) vcan0 260#D0FF00AA497487B0
(1675525705.894117) vcan0 008#1680243B0E800080
(1675525705.894193) vcan0 0E0#627349D000805200
(1675525705.895093) vcan0 288#02E0C03F00000080
(1675525705.897966) vcan0 055#F5F7F627B2009C80
(1675525705.898046) vcan0 065#C7E4F6F7FFCDE701
(1675525705.898196) vcan0 070#000009F8E7E11500
(1675525705.898275) vcan0 075#0000000000005458
(1675525705.899076) vcan0 080#E44F8000C2002C00
(1675525705.899154) vcan0 0B0#3983F3A2E3C139A3
(1675525705.899231) vcan0 145#F9D2D280FC4810A1
(1675525705.899309) vcan0 125#E52F80E4C1D0D735
(1675525705.900192) vcan0 350#A200000000000080
(1675525705.901210) vcan0 1B0#00C0000002B000FC
(1675525705.901360) vcan0 1B5#FFED6DB90DE0FFEF
(1675525705.901440) vcan0 1D8#363339343234E043
(1675525705.901518) vcan0 1E0#0000F30300B917E0
(1675525705.902316) vcan0 010#008800002FB031F8
(1675525705.902395) vcan0 072#F000FF3F0078A038
(1675525705.903700) vcan0 2A9#8C260093C0000084
(1675525705.903780) vcan0 400#010101010108010E
(1675525705.903858) vcan0 008#1480342D0E800080
(1675525705.904875) vcan0 290#0000000000000000
(1675525705.905892) vcan0 0F5#959291927F4BD2EF
(1675525705.906910) vcan0 120#AA92CB927F0C5689
(1675525705.907997) vcan0 130#97F71DB91208FA11
(1675525705.909035) vcan0 150#931201280AF82EC0
(1675525705.911853) vcan0 010#008800002FB031F8
(1675525705.911939) vcan0 1D0#0000000000000061
(1675525705.912012) vcan0 291#0000000000000000
(1675525705.912911) vcan0 008#1480440F1C800080
(1675525705.913947) vcan0 0E0#627345D800803600
(1675525705.914982) vcan0 3C8#5287008E882C008E
(1675525705.916019) vcan0 072#F000FF3F00788038
(1675525705.917193) vcan0 210#16E080A0A869CC4D
(1675525705.917268) vcan0 055#F5F7F627B2009C80
(1675525705.917342) vcan0 065#C8E4F6F700CEE701
(1675525705.918260) vcan0 070#000009F8E6E11500
(1675525705.918336) vcan0 075#0000000000005458
(1675525705.918415) vcan0 080#E44F8000C2002C00
(1675525705.918495) vcan0 0B0#3983F2A2E3C139A3
(1675525705.918572) vcan0 145#F9C2D380FC4810A1
(1675525705.922477) vcan0 28C#000000000016BEA1
(1675525705.922555) vcan0 2B5#4B1F2A6293A66F03
(1675525705.922643) vcan0 125#E53280E4C1D0D735
(1675525705.922721) vcan0 3B0#00FC473839B0C400
(1675525705.922797) vcan0 288#06E0C03F00000080
(1675525705.922877) vcan0 1B0#00C0000001B000FC
(1675525705.923027) vcan0 1B5#FFF979BF13E0FFEF
(1675525705.923104) vcan0 1D8#363339343234E043
(1675525705.923181) vcan0 1E0#0004E34300B917E0
(1675525705.923259) vcan0 2C3#528700FFFFF95450
(1675525705.923337) vcan0 010#008800002FB031F8
(1675525705.923415) vcan0 260#D0FF0055497487B0
(1675525705.923640) vcan0 008#148054FF1C800080
(1675525705.924658) vcan0 360#5C8700CBB164A041
(1675525705.925748) vcan0 0F5#9A9295927F4FC2F0
(1675525705.926839) vcan0 120#A292C3927F095689
(1675525705.927934) vcan0 130#9FF71DB912F8F711
(1675525705.928971) vcan0 150#971205380AF81AC0
(1675525705.930085) vcan0 010#008800002FB031F8
(1675525705.931121) vcan0 072#F000FF3F0078A038
(1675525705.932499) vcan0 1D0#0000000000000861
(1675525705.932573) vcan0 390#80FF0519022E544F
(1675525705.933610) vcan0 008#148064EF1C800080
(1675525705.934645) vcan0 0E0#62733FE000801C00
(1675525705.937463) vcan0 055#F5F7F627B2009C80
(1675525705.937539) vcan0 065#C7E4F6F700CEE701
(1675525705.937612) vcan0 070#000009F8E6E11500
(1675525705.937755) vcan0 075#0000000000005458
(1675525705.937829) vcan0 080#E44F8000C2002C00
(1675525705.938623) vcan0 0B0#3983F2A2E3C139A3
(1675525705.938699) vcan0 145#F9B2D480FC4810A1
(1675525705.938777) vcan0 290#0000000000000000
(1675525705.938855) vcan0 2C0#528700F40000A0F1
(1675525705.939656) vcan0 2C5#00EF5AE1C9E40070
(1675525705.939746) vcan0 125#E53280E4C1D0D735
(1675525705.940691) vcan0 1B0#00C0000000B000FC
(1675525705.940843) vcan0 1B5#FF0586C519E0FFEF
(1675525705.940921) vcan0 1D8#363339343234E043
(1675525705.941796) vcan0 1E0#0008D34300B917E0
(1675525705.944686) vcan0 010#008800002FB031F8
(1675525705.944765) vcan0 210#16E080A0A869CC45
(1675525705.944843) vcan0 291#0000000000000000
(1675525705.944921) vcan0 2A9#8C26008AC0000084
(1675525705.944998) vcan0 008#148074DF1C800080
(1675525705.945729) vcan0 288#FEDFC03F00000080
(1675525705.946746) vcan0 072#F000FF3F00788038
(1675525705.947834) vcan0 0F5#919293927F53B2F2
(1675525705.948876) vcan0 120#BD92B7927F055689
(1675525705.949913) vcan0 130#A7F71DB912E8FA11
(1675525705.951087) vcan0 150#921201480AF80FC0
(1675525705.952135) vcan0 010#008800002FB031F9
(1675525705.952209) vcan0 1D0#0000000000000261
(1675525705.952285) vcan0 260#D0FF0055497487B0
(1675525705.953182) vcan0 008#148084CF1C800080
(1675525705.956140) vcan0 0E0#62733AE800800100
(1675525705.957174) vcan0 055#F5F7F527B2009C80
(1675525705.957247) vcan0 065#C7E4F6F700CEE601
(1675525705.957392) vcan0 070#000009F8E5E11500
(1675525705.958305) vcan0 075#0000000000005458
(1675525705.958448) vcan0 080#E44F8000C2002C00
(1675525705.958523) vcan0 0B0#3983F2A2E3C139A3
(1675525705.958596) vcan0 145#F9A2D580FC4810A1
(1675525705.958671) vcan0 28C#000000000016BEA1
(1675525705.959363) vcan0 2B5#4B1F2A6293A66F03
(1675525705.959508) vcan0 340#7D00000000000000
(1675525705.962259) vcan0 125#E53280E4C1D0D735
(1675525705.962348) vcan0 1B0#00C0000002B000FC
(1675525705.962492) vcan0 1B5#FF1192CB1FE0FFEF
(1675525705.962565) vcan0 1D8#363339343234E043
(1675525705.962638) vcan0 1E0#0008D30300B917E0
(1675525705.962713) vcan0 2C3#528700FFFFFA5450
(1675525705.962789) vcan0 010#008800002FB031F8
(1675525705.962930) vcan0 072#F000FF3F0078A038
(1675525705.963004) vcan0 330#9F00000000000000
(1675525705.963358) vcan0 008#148094BF1C800080
(1675525705.964393) vcan0 290#0000000000000000
(1675525705.965429) vcan0 210#16E080A0A869CC4D
(1675525705.966601) vcan0 288#22E0D02F00000080
(1675525705.967637) vcan0 0F5#8D928F927F57A2F3
(1675525705.968689) vcan0 120#B392A6927F095689
(1675525705.971166) vcan0 130#AFF71DB312DEF711
(1675525705.971239) vcan0 150#8E1201580AF803C0
(1675525705.972284) vcan0 010#008800002FB031F8
(1675525705.972360) vcan0 1D0#0000000000000061
(1675525705.972434) vcan0 291#0000000000000000
(1675525705.973334) vcan0 008#1480A4AF1C800080
(1675525705.974368) vcan0 0E0#62733CF00080DF00
(1675525705.978580) vcan0 055#F5F7F527B2009C80
(1675525705.978730) vcan0 065#C6E4F6F700CEE501
(1675525705.978809) vcan0 070#000009F8E5E11500
(1675525705.978887) vcan0 072#F000FF3F00788038
(1675525705.978964) vcan0 075#0000000000005458
(1675525705.979043) vcan0 080#E44F8000C2002C00
(1675525705.979120) vcan0 0B0#3983F2A2E3C139A3
(1675525705.979271) vcan0 145#F992D680FC4810A1
(1675525705.979349) vcan0 370#0720C0007A1BC71F
(1675525705.979716) vcan0 125#E53280E4C1D0D735
(1675525705.980734) vcan0 1B0#00C0000001B000FC
(1675525705.980820) vcan0 1B5#FF1D9ED125E0FFEF
(1675525705.980899) vcan0 1D8#363339343234E043
(1675525705.981772) vcan0 1E0#000CC34300B917E0
(1675525705.982858) vcan0 260#D0FF0055497487B0
(1675525705.982937) vcan0 010#008800002FB031F8
(1675525705.983014) vcan0 2A9#8C260082C0000084
(1675525705.983886) vcan0 008#1480B49F1C800080
(1675525705.984902) vcan0 350#A200000000000080
(1675525705.988975) vcan0 0F5#879289927F5B92F5
(1675525705.990014) vcan0 120#CA92A6927F0C5689
(1675525705.991050) vcan0 130#B7F71DB312CEF411
(1675525705.991125) vcan0 150#88120C680BF8F9C0
(1675525705.992091) vcan0 3CA#00000000520000C8
(1675525705.992165) vcan0 010#008800002FB031F8
(1675525705.992308) vcan0 072#F000FF3F0078A038
(1675525705.992382) vcan0 1D0#0000000000000061
(1675525705.993176) vcan0 210#16E080A0A869CC45
(1675525705.994280) vcan0 008#1280C49F0E800080
(1675525705.994423) vcan0 0E0#627340F80080BB00
(1675525705.995322) vcan0 288#1EE0D02F00000080
(1675525705.996837) vcan0 055#F5F7F527B2009C80
(1675525705.996912) vcan0 065#C3E4F5F7FECDE501
(1675525705.997878) vcan0 070#000009F8E4E11500
(1675525705.997970) vcan0 075#0000000000005458
(1675525705.998122) vcan0 080#E44F8000C2002C00
(1675525705.998201) vcan0 0B0#3983F2A2E3C139A3
(1675525705.999000) vcan0 145#F982D780FC4810A1
(1675525705.999076) vcan0 28C#000000000016BEA1
(1675525705.999156) vcan0 290#0000000000000000
(1675525705.999233) vcan0 2B5#4B1F2A6293A66F01
(1675525706.003280) vcan0 125#E53280E4C1D0D735
(1675525706.003359) vcan0 2C0#528700F40000A0F1
(1675525706.003448) vcan0 2C5#00EF5AE1C8E40070
(1675525706.003525) vcan0 3AF#0000000000000020
(1675525706.003603) vcan0 1B0#00C0000001B000FC
(1675525706.003682) vcan0 1B5#FF2AAAD72BE0FFEF
(1675525706.003832) vcan0 1D8#363339343234E043
(1675525706.003910) vcan0 1E0#0010B34300B917E0
(1675525706.003987) vcan0 2C3#528700FFFFFA5450
(1675525706.004066) vcan0 010#008800002FB031F8
(1675525706.004142) vcan0 291#0000000000000000
(1675525706.004224) vcan0 425#0000000000000000
(1675525706.004374) vcan0 008#1280D48F0E800080
(1675525706.005390) vcan0 072#F000FF3F00788038
(1675525706.006406) vcan0 0F5#859293927F5F82F6
(1675525706.007569) vcan0 120#C992AE927F0D5689
(1675525706.008625) vcan0 130#BFF71DB312BEFA11
(1675525706.009662) vcan0 150#8C120A780BF8E5C0
(1675525706.010706) vcan0 010#008800002FB031F8
(1675525706.011811) vcan0 1D0#0000000000000861
(1675525706.013119) vcan0 260#D0FF0055497487B0
(1675525706.014155) vcan0 008#1280E47815800080
(1675525706.014231) vcan0 0E0#627341C000809A00
(1675525706.016981) vcan0 210#16E080A0A869CC45
(1675525706.017054) vcan0 055#F5F7F527B2009C80
(1675525706.017135) vcan0 065#C4E4F5F700CEE401
(1675525706.018138) vcan0 070#000009F8E4E11500
(1675525706.018217) vcan0 075#0000000000005458
(1675525706.018294) vcan0 080#E44F8000C2002C00
(1675525706.018372) vcan0 0B0#3983F1A2E3C139A3
(1675525706.018450) vcan0 145#F972D880FC4810A1
(1675525706.019178) vcan0 125#E53280E4C1D0D735
(1675525706.020196) vcan0 288#12E0D02F00000080
(1675525706.021285) vcan0 1B0#00C0000001B000FC
(1675525706.021372) vcan0 1B5#FF36B6DD31E0FFEF
(1675525706.021451) vcan0 1D8#363339343234E043
(1675525706.021530) vcan0 1E0#0010B30300B917E0
(1675525706.022401) vcan0 010#008800002FB031F8
(1675525706.025226) vcan0 072#F000FF3F0078A038
(1675525706.025304) vcan0 2A9#8C26009BC0000084
(1675525706.025380) vcan0 405#D507B41247186701
(1675525706.025458) vcan0 008#1280F46815800080
(1675525706.026333) vcan0 360#5C8700CAB164A041
(1675525706.027422) vcan0 290#0000000000000000
