(1675525577.391679) vcan0 1B5#FF438923C7E0FFEF
(1675525577.392677) vcan0 072#F000FF3F0078A038
(1675525577.394073) vcan0 1D8#363339343234E043
(1675525577.394150) vcan0 1E0#0030334300B917E0
(1675525577.394301) vcan0 210#67E080A0AD69A145
(1675525577.394380) vcan0 2C3#669C00FFFF0E5450
(1675525577.394457) vcan0 3B0#00D8723C7DB8C400
(1675525577.396626) vcan0 010#000000002FB031F8
(1675525577.398076) vcan0 330#0000000000000000
(1675525577.398153) vcan0 0E0#627321E800801A00
(1675525577.400687) vcan0 008#54801435E6800080
(1675525577.402063) vcan0 0F5#179834987F4FC2B3
(1675525577.402141) vcan0 120#2F983B987FFB5589
(1675525577.402219) vcan0 130#9F071E2F187C0A12
(1675525577.402298) vcan0 150#2518E937F0F786C0
(1675525577.403168) vcan0 360#679C00D2BB43A001
(1675525577.404546) vcan0 125#E51080E4C1D0D735
(1675525577.404622) vcan0 055#F1F72528B2DA9C80
(1675525577.405651) vcan0 065#34E625F800CE6602
(1675525577.408615) vcan0 070#00000EF866E21500
(1675525577.408692) vcan0 075#0000000000005458
(1675525577.408774) vcan0 080#62508000C2002C00
(1675525577.408923) vcan0 0B0#39830FA3D9C139A3
(1675525577.409002) vcan0 145#F912DE80FC4810A1
(1675525577.409079) vcan0 290#0000000000000000
(1675525577.409163) vcan0 2C0#669C00000000A0F1
(1675525577.409237) vcan0 2C5#31CF81DD37E60070
(1675525577.409314) vcan0 010#000000002FB031F8
(1675525577.409391) vcan0 072#F000FF3F00788038
(1675525577.409540) vcan0 1D0#0000000000000061
(1675525577.409618) vcan0 390#80FF0500020E5C4F
(1675525577.409697) vcan0 288#D5DF906F00000080
(1675525577.411002) vcan0 008#4F80241CF4800080
(1675525577.412162) vcan0 260#D0FF00AA497487B0
(1675525577.413547) vcan0 1B0#00C0000002B000FC
(1675525577.413696) vcan0 1B5#FF53982ACFE0FFEF
(1675525577.413774) vcan0 1D8#363339343234E043
(1675525577.413851) vcan0 1E0#0030330300B917E0
(1675525577.416166) vcan0 010#000000002FB031F8
(1675525577.417615) vcan0 210#67E08020AD69A14D
(1675525577.417691) vcan0 291#0000000000000000
(1675525577.417770) vcan0 2A9#8C260093C0000084
(1675525577.419075) vcan0 0E0#627328F00080F300
(1675525577.420163) vcan0 008#4B8034F90A810080
(1675525577.421614) vcan0 0F5#1C981C987F53B2B5
(1675525577.421692) vcan0 072#F000FF3F0078A038
(1675525577.422637) vcan0 120#439831987FF95589
(1675525577.423939) vcan0 130#A70A1E2F186C0F12
(1675525577.424018) vcan0 150#1C18F047F1F77FC0
(1675525577.424095) vcan0 125#E51880E4C1D0D735
(1675525577.426926) vcan0 055#F1F72528B2DA9C80
(1675525577.427004) vcan0 065#34E625F800CE6602
(1675525577.427082) vcan0 070#00000EF866E21500
(1675525577.427231) vcan0 075#0000000000005458
(1675525577.427309) vcan0 080#63508000C2002C00
(1675525577.427387) vcan0 0B0#39830FA3D9C139A3
(1675525577.427463) vcan0 145#F902DF80FC4810A1
(1675525577.427541) vcan0 28C#00002000002EFEA8
(1675525577.427692) vcan0 2B5#4B56346293A68581
(1675525577.427769) vcan0 340#8300000000000000
(1675525577.427848) vcan0 010#000000002FB031F8
(1675525577.427998) vcan0 1D0#0000000000000061
(1675525577.430530) vcan0 008#488044F303810080
(1675525577.431762) vcan0 1B0#00C0000004B000FC
(1675525577.431913) vcan0 1B5#FF63A832D7E0FFEF
(1675525577.431991) vcan0 1D8#363339343234E043
(1675525577.432872) vcan0 1E0#0034234300B917E0
(1675525577.433021) vcan0 2C3#669C00FFFF0E5450
(1675525577.435262) vcan0 288#E9DFA05F00000080
(1675525577.436566) vcan0 290#0000000000000000
(1675525577.438086) vcan0 0E0#627334F80080C700
(1675525577.439133) vcan0 010#000000002FB031F8
(1675525577.439210) vcan0 072#F000FF3F00788038
(1675525577.440157) vcan0 3C8#669C008E882C008E
(1675525577.441605) vcan0 008#448054D218810080
(1675525577.444497) vcan0 260#D0FF00AA497487B0
(1675525577.444647) vcan0 0F5#1F9828987F57A2B7
(1675525577.444726) vcan0 120#39983E987FFC5589
(1675525577.444802) vcan0 130#AF0A1E2F185C0F12
(1675525577.444880) vcan0 150#2418F857F3F767C0
(1675525577.444958) vcan0 210#66E080A0AD69A145
(1675525577.445108) vcan0 125#E51B80E4C1D0D735
(1675525577.445194) vcan0 055#F1F72528B2DA9C80
(1675525577.445634) vcan0 065#34E625F800CE6602
(1675525577.445712) vcan0 070#00000EF867E21500
(1675525577.445790) vcan0 075#0000000000005458
(1675525577.445867) vcan0 080#63508000C2002C00
(1675525577.445946) vcan0 0B0#39830FA3D9C139A3
(1675525577.447033) vcan0 145#F9F2D080FC4810A1
(1675525577.447111) vcan0 370#0727C0005603CB1F
(1675525577.448561) vcan0 010#000000002FB031F9
(1675525577.448711) vcan0 1D0#0000000000000A61
(1675525577.448791) vcan0 291#0000000000000000
(1675525577.451127) vcan0 008#418064D30A810080
(1675525577.452230) vcan0 1B0#00C0000002B000FC
(1675525577.453538) vcan0 1B5#FF72B83ADFE0FFEF
(1675525577.453682) vcan0 072#F000FF3F0078A038
(1675525577.453755) vcan0 1D8#363339343234E043
(1675525577.453838) vcan0 1E0#0038134300B917E0
