(1675525757.012455) vcan0 2C5#00E763F00AE50070
(1675525757.012515) vcan0 350#A200000000000080
(1675525757.014942) vcan0 370#1720C000751BC71F
(1675525757.015024) vcan0 3E0#000000D92F808092
(1675525757.015101) vcan0 010#008800002FB031F8
(1675525757.015181) vcan0 072#F000FF3F0078A038
(1675525757.015257) vcan0 1D0#0000000000000261
(1675525757.016059) vcan0 008#1480442B00800080
(1675525757.017221) vcan0 1B0#00C0000004B000FC
(1675525757.018311) vcan0 1B5#FF35B6C4B3E0FFEF
(1675525757.018390) vcan0 1D8#363339343234E043
(1675525757.019334) vcan0 1E0#0004E34300B917E0
(1675525757.019412) vcan0 2C3#528700FFFFBE5450
(1675525757.020431) vcan0 0E0#627343C000809800
(1675525757.022964) vcan0 010#008800002FB031F8
(1675525757.027160) vcan0 291#0000000000000000
(1675525757.027306) vcan0 2A9#8C26009BC0000084
(1675525757.027380) vcan0 125#E52680E4C1D0D735
(1675525757.027475) vcan0 008#1480541B00800080
(1675525757.027548) vcan0 072#F000FF3F00788038
(1675525757.028242) vcan0 0F5#33A01FA07F6F42D9
(1675525757.028315) vcan0 120#4DA06DA07F145689
(1675525757.028459) vcan0 130#DFF71D5520CEF411
(1675525757.028533) vcan0 055#F6F7F627B2009C80
(1675525757.029292) vcan0 065#08E5F6F7FFEDD801
(1675525757.029435) vcan0 070#000008F8D8E10D00
(1675525757.029510) vcan0 075#0000000000005458
(1675525757.029583) vcan0 080#E84F8000C2002C00
(1675525757.029657) vcan0 0B0#5283FEA2D8C152A3
(1675525757.030489) vcan0 145#F922DD80FC4810A1
(1675525757.030562) vcan0 150#282013B80BF8FBC0
(1675525757.030637) vcan0 28C#000000000014BEA3
(1675525757.030780) vcan0 2B5#4BDE2E6293A62500
(1675525757.031544) vcan0 340#8600000000000000
(1675525757.037363) vcan0 010#008800002FB031F8
(1675525757.037454) vcan0 1D0#0000000000000861
(1675525757.037533) vcan0 210#29E080A0A869D145
(1675525757.037610) vcan0 288#43E0B04F00000080
(1675525757.037978) vcan0 008#1480640B00800080
(1675525757.038056) vcan0 1B0#00C0000004B000FC
(1675525757.038133) vcan0 1B5#FF4ACBCEBEE0FFEF
(1675525757.039008) vcan0 1D8#363339343234E043
(1675525757.039085) vcan0 1E0#0008D34300B917E0
(1675525757.039234) vcan0 290#0000000000000000
(1675525757.040182) vcan0 0E0#62733CC800807F00
(1675525757.041200) vcan0 260#D0FF0055497487B0
(1675525757.042291) vcan0 010#008800002FB031F8
(1675525757.042368) vcan0 072#F000FF3F0078A038
(1675525757.043379) vcan0 330#D100000000000000
(1675525757.045786) vcan0 125#E52680E4C1D0D735
(1675525757.048697) vcan0 008#148074FB00800080
(1675525757.048772) vcan0 0F5#08A024A07F7332DC
(1675525757.048915) vcan0 120#60A04BA07F0A5689
(1675525757.048990) vcan0 055#F6F7F627B2009C80
(1675525757.049064) vcan0 065#09E5F6F700EED801
(1675525757.049138) vcan0 070#000008F8D8E10D00
(1675525757.049764) vcan0 075#0000000000005458
(1675525757.049906) vcan0 080#E84F8000C2002C00
(1675525757.049980) vcan0 0B0#5283FDA2D8C152A3
(1675525757.050054) vcan0 130#E7F41D5520BEF711
(1675525757.050128) vcan0 145#F912DE80FC4810A1
(1675525757.050891) vcan0 150#162014C80CF8FDC0
(1675525757.051998) vcan0 010#008800002FB031F8
(1675525757.053069) vcan0 1D0#0000000000000061
(1675525757.053150) vcan0 291#0000000000000000
(1675525757.055540) vcan0 008#148084EB00800080
(1675525757.058444) vcan0 072#F000FF3F00788038
(1675525757.058522) vcan0 210#29E08020A869D14D
(1675525757.058600) vcan0 1B0#00C0000007B000FC
(1675525757.058750) vcan0 1B5#FF5FE0D9C8E0FFEF
(1675525757.058829) vcan0 1D8#363339343234E043
(1675525757.058907) vcan0 1E0#0008D30300B917E0
(1675525757.058983) vcan0 2C3#528700FFFFBF5450
(1675525757.059495) vcan0 288#37E0C03F00000080
(1675525757.060659) vcan0 0E0#627340D000805B00
(1675525757.061750) vcan0 010#008800002FB031F8
(1675525757.062766) vcan0 2A9#8C260082C0000084
(1675525757.062845) vcan0 405#2AF8C30947186701
(1675525757.063863) vcan0 3C8#5287008E882C008E
(1675525757.064899) vcan0 125#E52680E4C1D0D735
(1675525757.067376) vcan0 008#148094DB00800080
(1675525757.070192) vcan0 360#588700F0B164A041
(1675525757.070278) vcan0 0F5#21A01BA07F7722DE
(1675525757.070354) vcan0 120#60A041A07F115689
(1675525757.070497) vcan0 055#F6F7F627B2009C80
(1675525757.070571) vcan0 065#08E5F6F700EED801
(1675525757.070645) vcan0 070#000008F8D8E10D00
(1675525757.070720) vcan0 075#0000000000005458
(1675525757.070862) vcan0 080#E84F8000C2002C00
(1675525757.070937) vcan0 0B0#5283FEA2D7C152A3
(1675525757.071010) vcan0 130#EFF71D5520AEF711
(1675525757.071085) vcan0 145#F902DF80FC4810A1
(1675525757.071227) vcan0 150#1E2011D80CF8E5C0
(1675525757.071302) vcan0 28C#000000000014BEA3
(1675525757.071375) vcan0 290#0000000000000000
(1675525757.071451) vcan0 2B5#4BDE2E6293A62500
(1675525757.074206) vcan0 260#D0FF0055497487B0
(1675525757.074288) vcan0 2C0#528700000000A0F1
(1675525757.074377) vcan0 2C5#00E763F009E50070
