(1675525715.961842) vcan0 010#009000002FB031F8
(1675525715.962847) vcan0 291#0000000000000000
(1675525715.963963) vcan0 2A9#8C26009BC0000084
(1675525715.964999) vcan0 0F5#F88DD18D7F7F0296
(1675525715.965074) vcan0 120#F38DE18D7F105689
(1675525715.966383) vcan0 130#FFF41DF80DFEEF11
(1675525715.966457) vcan0 150#E40D60F862F812C0
(1675525715.967423) vcan0 125#E57A81E4C1D0D735
(1675525715.970243) vcan0 072#F000FF3F00788038
(1675525715.971351) vcan0 055#EDF70428B2839D83
(1675525715.971424) vcan0 065#83E5FDF70A8EFD01
(1675525715.971496) vcan0 070#000011F809E22000
(1675525715.972465) vcan0 075#0000000000005458
(1675525715.972608) vcan0 080#30518000C2002C00
(1675525715.972683) vcan0 0B0#39830DA3E0C139A3
(1675525715.972756) vcan0 145#F9E2D180FCC810A1
(1675525715.973522) vcan0 28C#000000000014FEA5
(1675525715.973600) vcan0 008#3381E0D615800080
(1675525715.973690) vcan0 010#009000002FB031F8
(1675525715.973768) vcan0 1D0#0000000000000861
(1675525715.973847) vcan0 210#23E080A0A869CE45
(1675525715.974651) vcan0 2B5#4B89326293A68D1B
(1675525715.974728) vcan0 340#9500000000000000
(1675525715.975961) vcan0 1B0#00C0000002B000FC
(1675525715.976038) vcan0 1B5#FF01B60125E0FFEF
(1675525715.976188) vcan0 1D8#363339343234D943
(1675525715.976267) vcan0 1E0#0028534300B917E0
(1675525715.980104) vcan0 290#0000000000000000
(1675525715.981197) vcan0 0E0#627340F00080DB00
(1675525715.982358) vcan0 008#3381F0C615800080
(1675525715.983423) vcan0 010#009000002FB031F8
(1675525715.983497) vcan0 072#F000FF3F0078A038
(1675525715.983572) vcan0 330#CA00000000000000
(1675525715.984474) vcan0 260#D0FF00AA497487B0
(1675525715.985588) vcan0 0F5#E68DD78D7F43F297
(1675525715.985731) vcan0 120#0C8EDD8D7F155689
(1675525715.985806) vcan0 130#87F71DF80DEEEC11
(1675525715.985882) vcan0 150#DE0D620861F808C0
(1675525715.986712) vcan0 125#E57781E4C1D0D735
(1675525715.988021) vcan0 288#28E1F00F00000080
(1675525715.990976) vcan0 055#EDF70628B2979D82
(1675525715.992079) vcan0 065#87E5FFF7068E0302
(1675525715.992154) vcan0 070#000011F80DE22000
(1675525715.992229) vcan0 075#0000000000005458
(1675525715.992303) vcan0 080#3B518000C2002C00
(1675525715.992377) vcan0 0B0#39830DA3DFC139A3
(1675525715.993145) vcan0 145#F9D2D280FCC810A1
(1675525715.993225) vcan0 008#338100B615800080
(1675525715.993303) vcan0 010#009000002FB031F8
(1675525715.993380) vcan0 1D0#0000000000000061
(1675525715.994202) vcan0 291#0000000000000000
(1675525715.995363) vcan0 1B0#00C0000003B000FC
(1675525715.995442) vcan0 1B5#FF0ABF0529E0FFEF
(1675525715.995519) vcan0 1D8#363339343234D943
(1675525715.995597) vcan0 1E0#0028530300B917E0
(1675525715.996685) vcan0 2C3#528700FFFFE35450
(1675525715.997774) vcan0 072#F000FF3F00788038
(1675525715.998790) vcan0 210#23E08020A869CE4D
(1675525716.001325) vcan0 0E0#62733EF80080BD00
(1675525716.002417) vcan0 008#308110BE00800080
(1675525716.003545) vcan0 010#009000002FB031F8
(1675525716.003690) vcan0 2A9#8C260082C0000084
(1675525716.004658) vcan0 0F5#E38DC98D7F47E299
(1675525716.005693) vcan0 120#FF8DD48D7F135689
(1675525716.005767) vcan0 130#8FF71DF80DDEEF11
(1675525716.005843) vcan0 150#D60D661860F800C0
(1675525716.008533) vcan0 125#E57581E4C1D0D735
(1675525716.008608) vcan0 360#5987000DB664A0C9
(1675525716.009646) vcan0 055#EDF70928B2A79D82
(1675525716.010822) vcan0 065#8DE502F8048E0802
(1675525716.011856) vcan0 070#000011F811E22000
(1675525716.011931) vcan0 075#0000000000005458
(1675525716.012074) vcan0 080#44518000C2002C00
(1675525716.014748) vcan0 0B0#39830EA3DFC139A3
(1675525716.014826) vcan0 145#F9C2D380FCC810A1
(1675525716.014976) vcan0 008#3081282E00800080
(1675525716.015054) vcan0 288#31E100FF00000080
(1675525716.015131) vcan0 010#009000002FB031F8
(1675525716.015209) vcan0 072#F000FF3F0078A038
(1675525716.015287) vcan0 1D0#0000000000000061
(1675525716.015438) vcan0 28C#000000000014FEA6
(1675525716.015515) vcan0 290#0000000000000000
(1675525716.015604) vcan0 2B5#4B89326293A6BC27
(1675525716.015685) vcan0 260#D0FF0055497487B0
(1675525716.015763) vcan0 1B0#00C0000002B000FC
(1675525716.015841) vcan0 1B5#FF13C80A2EE0FFEF
(1675525716.015991) vcan0 1D8#363339343234D943
(1675525716.016068) vcan0 1E0#002C434300B917E0
(1675525716.018746) vcan0 2C0#528700640100A0F1
(1675525716.018896) vcan0 2C5#1DE771B485E50070
(1675525716.018975) vcan0 390#80FF051D0226564F
(1675525716.019052) vcan0 3AF#0000000000000020
(1675525716.019130) vcan0 3C8#5287008E882C008E
(1675525716.019933) vcan0 0E0#627337C00080A400
(1675525716.021026) vcan0 008#2E81382000800080
(1675525716.022115) vcan0 010#009000002FB031F9
(1675525716.023265) vcan0 210#23E080A0A869CE4D
(1675525716.024302) vcan0 291#0000000000000000
(1675525716.024387) vcan0 350#A200000000000080
(1675525716.024530) vcan0 3D0#960F6100C50580C3
(1675525716.025359) vcan0 0F5#E38DCA8D7F4BD29A
(1675525716.025502) vcan0 120#FA8DEC8D7F0E5689
(1675525716.025576) vcan0 130#97FA1DF80DCEF411
(1675525716.026816) vcan0 150#D70D652860F8EFC0
(1675525716.026890) vcan0 3CA#00000000510000C8
(1675525716.026963) vcan0 125#E57281E4C1D0D735
(1675525716.027862) vcan0 072#F000FF3F00788038
(1675525716.031708) vcan0 055#EDF70B28B2B69D82
(1675525716.031784) vcan0 065#99E505F8078E0D02
(1675525716.031925) vcan0 070#000012F816E22000
(1675525716.031999) vcan0 075#0000000000005458
(1675525716.032762) vcan0 080#4C518000C2002C00
(1675525716.032859) vcan0 0B0#39830EA3DFC139A3
(1675525716.033011) vcan0 145#F9B2D480FCC810A1
(1675525716.033099) vcan0 008#2C8148040E800080
(1675525716.033901) vcan0 010#009000002FB031F8
(1675525716.033979) vcan0 1D0#0000000000000261
(1675525716.034057) vcan0 400#0101010201010119
(1675525716.035004) vcan0 1B0#00C0000001B000FC
(1675525716.035080) vcan0 1B5#FF1CD10E32E0FFEF
(1675525716.036101) vcan0 1D8#363339343234D943
(1675525716.036178) vcan0 1E0#0030334300B917E0
(1675525716.037412) vcan0 2C3#528700FFFFE35450
(1675525716.037490) vcan0 288#2DE100FF00000080
(1675525716.041469) vcan0 290#0000000000000000
(1675525716.041548) vcan0 0E0#62732EC800808D00
(1675525716.042636) vcan0 008#2C8158E61C800080
(1675525716.043756) vcan0 010#009000002FB031F8
(1675525716.043832) vcan0 072#F000FF3F0078A038
(1675525716.043974) vcan0 2A9#8C26008AC0000084
(1675525716.044819) vcan0 260#D0FF0055497487B0
(1675525716.044893) vcan0 0F5#E98DC78D7F4FC29B
(1675525716.045037) vcan0 120#108ED38D7F135689
(1675525716.046003) vcan0 130#9FFA1DF80DBEFA11
(1675525716.046077) vcan0 150#D80D63385FF8DEC0
(1675525716.047043) vcan0 125#E56F81E4C1D0D735
(1675525716.048215) vcan0 210#23E080A0A869CE45
(1675525716.050554) vcan0 055#EDF70E28B2C19D81
(1675525716.053520) vcan0 065#9BE509F8088E1302
(1675525716.053598) vcan0 070#000012F81BE22000
(1675525716.053676) vcan0 075#0000000000005458
(1675525716.053755) vcan0 080#4F518000C2002C00
(1675525716.053906) vcan0 0B0#39830FA3DFC139A3
(1675525716.053983) vcan0 145#F9A2D580FCC810A1
(1675525716.054060) vcan0 28C#000000000014FEA6
(1675525716.054139) vcan0 008#278168CC2B800080
(1675525716.054226) vcan0 2B5#4B89326293A6C731
(1675525716.054303) vcan0 340#9500000000000000
(1675525716.054453) vcan0 010#009000002FB031F8
(1675525716.054606) vcan0 1D0#0000000000000861
(1675525716.054684) vcan0 291#0000000000000000
(1675525716.054760) vcan0 370#0720C000761BC71F
(1675525716.054912) vcan0 1B0#00C0000001B000FC
(1675525716.057515) vcan0 1B5#FF25DA1337E0FFEF
(1675525716.057592) vcan0 1D8#363339343234D943
(1675525716.057668) vcan0 1E0#0030330300B917E0
(1675525716.058613) vcan0 072#F000FF3F00788038
(1675525716.059631) vcan0 3B0#00D86C383BB4C400
(1675525716.060791) vcan0 0E0#627327D000807400
(1675525716.061809) vcan0 288#31E100FF00000080
(1675525716.062904) vcan0 008#258178A940800080
(1675525716.063940) vcan0 010#009000002FB031F8
(1675525716.065123) vcan0 330#CA00000000000000
(1675525716.065198) vcan0 0F5#088EE08D7F53B29C
(1675525716.065273) vcan0 120#FA8DDD8D7F135689
(1675525716.065346) vcan0 130#A7FD1DF80DAEFD11
(1675525716.066313) vcan0 150#F40D63485FF8B2C0
(1675525716.067486) vcan0 125#E56981E4C1D0D735
(1675525716.071473) vcan0 055#EDF71228B2CA9D81
(1675525716.071549) vcan0 065#9EE50CF8038E1802
(1675525716.071623) vcan0 070#000012F821E22000
(1675525716.072591) vcan0 075#0000000000005458
(1675525716.072666) vcan0 080#57518000C2002C00
(1675525716.072807) vcan0 0B0#39830FA3DFC139A3
(1675525716.072866) vcan0 145#F992D680FCC810A1
(1675525716.072944) vcan0 290#0000000000000000
(1675525716.073674) vcan0 008#2381887E5D800080
(1675525716.073752) vcan0 010#009000002FB031F8
(1675525716.073842) vcan0 072#F000FF3F0078A038
(1675525716.073922) vcan0 1D0#0000000000000061
(1675525716.074074) vcan0 210#23E080A0A869CE4D
(1675525716.074731) vcan0 2C0#5287003C0100A0F1
(1675525716.074810) vcan0 2C5#2DE772B19CE50070
(1675525716.077629) vcan0 260#D0FF0055497487B0
(1675525716.077780) vcan0 1B0#00C0000005B000FC
(1675525716.077858) vcan0 1B5#FF2EE3173BE0FFEF
(1675525716.077937) vcan0 1D8#363339343234D943
(1675525716.078016) vcan0 1E0#0034234300B917E0
(1675525716.078093) vcan0 2C3#528700FFFFE35450
(1675525716.078749) vcan0 0E0#627323D800805800
(1675525716.079841) vcan0 008#1E81984F81800080
(1675525716.080933) vcan0 010#009000002FB031F8
(1675525716.082096) vcan0 291#0000000000000000
(1675525716.083175) vcan0 2A9#8C260093C0000084
(1675525716.086072) vcan0 0F5#028EE68D7F57A29D
(1675525716.086145) vcan0 120#088EE68D7F0E5689
(1675525716.086220) vcan0 130#AFFD1DF80D9EFF11
(1675525716.086294) vcan0 150#F40D5E585FF8A2C0
(1675525716.087125) vcan0 125#E55F81E4C1D0D735
(1675525716.087198) vcan0 288#1CE100FF00000080
(1675525716.088236) vcan0 072#F000FF3F00788038
(1675525716.089342) vcan0 055#EDF71628B2D89D82
(1675525716.090377) vcan0 065#95E50FF8028E1E02
(1675525716.091413) vcan0 070#000012F828E22000
(1675525716.092519) vcan0 075#0000000000005458
(1675525716.095334) vcan0 080#60518000C2002C00
(1675525716.095477) vcan0 0B0#39830FA3E0C139A3
(1675525716.095552) vcan0 145#F982D780FCC810A1
(1675525716.095625) vcan0 28C#000000000014FEA6
(1675525716.095701) vcan0 008#1781A814B3800080
(1675525716.095783) vcan0 010#009000002FB031F8
(1675525716.095927) vcan0 1D0#0000000000000061
(1675525716.096000) vcan0 2B5#4B89326293A6C73C
(1675525716.096076) vcan0 1B0#00C0000007B000FC
(1675525716.096149) vcan0 1B5#FF38EC1C40E0FFEF
(1675525716.096292) vcan0 1D8#363339343234D943
(1675525716.096366) vcan0 1E0#0038134300B917E0
(1675525716.096440) vcan0 210#23E080A0A869CE45
(1675525716.097476) vcan0 290#0000000000000000
(1675525716.098579) vcan0 0E0#627321E000803A00
(1675525716.100920) vcan0 008#1181B8DEDF800080
(1675525716.102024) vcan0 010#009000002FB031F9
(1675525716.103057) vcan0 072#F000FF3F0078A038
(1675525716.104233) vcan0 260#D0FF00AA497487B0
(1675525716.105267) vcan0 0F5#EA8DCE8D7F5B929E
(1675525716.106715) vcan0 120#078ED78D7F175689
(1675525716.106798) vcan0 130#B7FF1DF80D8EFF11
(1675525716.106873) vcan0 150#DB0D5B685FF8ABC0
(1675525716.107772) vcan0 125#E55081E4C1D0D735
(1675525716.108807) vcan0 360#5987000FB664A0C9
(1675525716.111627) vcan0 055#EDF71A28B2E79D82
(1675525716.111703) vcan0 065#80E513F8F7BD2502
(1675525716.111778) vcan0 070#000012F830E22000
(1675525716.111851) vcan0 075#0000000000005458
(1675525716.112750) vcan0 080#68518000C2002C00
(1675525716.112867) vcan0 0B0#39830EA3E0C139A3
(1675525716.113019) vcan0 145#F972D880FC4810A1
(1675525716.113097) vcan0 288#08E110EF00000080
(1675525716.113176) vcan0 008#0781C88F27810080
(1675525716.113907) vcan0 010#009000002FB031F8
(1675525716.113984) vcan0 1D0#0000000000000261
(1675525716.114063) vcan0 291#0000000000000000
(1675525716.114150) vcan0 350#A200000000000080
(1675525716.114951) vcan0 390#80FF051D0222576F
(1675525716.115030) vcan0 1B0#00C0000004B000FC
(1675525716.116263) vcan0 1B5#FF41F42044E0FFEF
(1675525716.116341) vcan0 1D8#363339343234D943
(1675525716.116418) vcan0 1E0#0038130300B917E0
(1675525716.116498) vcan0 2C3#528700FFFFE45450
(1675525716.117298) vcan0 072#F000FF3F00788038
(1675525716.121345) vcan0 0E0#627316E800802500
(1675525716.122434) vcan0 008#FC80D84B67810080
(1675525716.123496) vcan0 010#009000002FB031F8
(1675525716.123568) vcan0 210#23E080A0A869CE4D
(1675525716.123712) vcan0 2A9#8C26008AC0000084
(1675525716.124544) vcan0 0F5#E58DCA8D7F5F829F
(1675525716.125717) vcan0 120#F28DE68D7F195689
(1675525716.125790) vcan0 130#BFFF1DF20D84FD11
(1675525716.125882) vcan0 150#D80D57785FF89EC0
(1675525716.126781) vcan0 125#E53A81E4C1D0D735
(1675525716.129257) vcan0 055#EDF71F28B2F29D82
(1675525716.131939) vcan0 065#72E517F8F2BD2C02
(1675525716.132083) vcan0 070#000012F838E22000
(1675525716.132156) vcan0 075#0000000000005458
(1675525716.132230) vcan0 080#6F518000C2002C00
(1675525716.133151) vcan0 0B0#39830DA3E0C139A3
(1675525716.133229) vcan0 145#F962D980FC4810A1
(1675525716.133306) vcan0 28C#000000000014FEA5
(1675525716.133385) vcan0 008#F180E8F6B7810080
(1675525716.133535) vcan0 010#009000002FB031F8
(1675525716.134190) vcan0 072#F000FF3F0078A038
(1675525716.134268) vcan0 1D0#0000000000000861
(1675525716.134419) vcan0 290#0000000000000000
(1675525716.134498) vcan0 2B5#4B89326293A6C749
(1675525716.134597) vcan0 2C0#5287001A0100A0F1
(1675525716.135400) vcan0 260#D0FF00AA497487B0
(1675525716.138149) vcan0 1B0#00C0000001B000FC
(1675525716.138300) vcan0 1B5#FF4AFD2549E0FFEF
(1675525716.138377) vcan0 1D8#363339343234D943
(1675525716.138455) vcan0 1E0#003C034300B917E0
(1675525716.138534) vcan0 2C5#35E773AF84E50070
(1675525716.138612) vcan0 340#9500000000000000
(1675525716.138690) vcan0 3AF#0000000000000020
(1675525716.138840) vcan0 288#10E110EF00000080
(1675525716.138920) vcan0 3C8#5287008E882C008E
(1675525716.139287) vcan0 0E0#627307F000801400
(1675525716.140378) vcan0 008#E180F89F0D820080
(1675525716.141466) vcan0 010#009000002FB031F8
(1675525716.142629) vcan0 291#0000000000000000
(1675525716.143748) vcan0 330#CA00000000000000
(1675525716.144803) vcan0 0F5#EB8DD08D7F6372A0
(1675525716.146250) vcan0 120#008EE08D7F175689
(1675525716.146326) vcan0 130#C7FF1DF20D74FD11
(1675525716.146400) vcan0 150#DD0D5A885EF889C0
(1675525716.146543) vcan0 3CA#00000000520000C8
(1675525716.147371) vcan0 125#E52181E4C1D0D735
(1675525716.150260) vcan0 072#F000FF3F00788038
(1675525716.150403) vcan0 210#23E08020A869CE45
(1675525716.151372) vcan0 055#EDF72428B2009E82
(1675525716.151447) vcan0 065#69E51BF8F2BD3302
(1675525716.151520) vcan0 070#000012F840E22000
(1675525716.152489) vcan0 075#0000000000005458
(1675525716.152564) vcan0 080#75518000C2002C00
(1675525716.152710) vcan0 0B0#39830CA3E0C139A3
(1675525716.152785) vcan0 145#F952DA80FC4810A1
(1675525716.152862) vcan0 370#0720C000761BC71F
(1675525716.153604) vcan0 008#D180082C80820080
(1675525716.154767) vcan0 010#009000002FB031F8
(1675525716.154846) vcan0 1B0#00C0000001B000FC
(1675525716.155790) vcan0 1B5#FF5306294DE0FFEF
(1675525716.155868) vcan0 1D0#0000000000000061
(1675525716.157101) vcan0 1D8#363339343234D943
(1675525716.157179) vcan0 1E0#0000F34300B917E0
(1675525716.157329) vcan0 2C3#528700FFFFE45450
(1675525716.157407) vcan0 405#0000000000000027
(1675525716.161236) vcan0 290#0000000000000000
(1675525716.162328) vcan0 0E0#E27308F80080F300
(1675525716.162405) vcan0 288#04E110EF00000080
(1675525716.163397) vcan0 008#BC8018C5EC820080
(1675525716.164434) vcan0 260#D0FF00AA497487B0
(1675525716.165605) vcan0 0F5#F68DD58D7F6762A1
(1675525716.165680) vcan0 120#FC8DDD8D7F115689
(1675525716.165762) vcan0 130#CF011EF20D64FD11
(1675525716.165837) vcan0 010#009000002FB031F8
(1675525716.165912) vcan0 072#F000FF3F0078A038
(1675525716.166674) vcan0 150#E50D54985CF871C0
(1675525716.166749) vcan0 2A9#8C260093C0000084
(1675525716.167718) vcan0 125#E50181E4C1D0D735
(1675525716.170265) vcan0 055#EDF72928B2129E82
(1675525716.173155) vcan0 065#6AE51FF8F9BD4002
(1675525716.173235) vcan0 070#000012F84AE22000
(1675525716.173312) vcan0 075#0000000000005458
(1675525716.173462) vcan0 080#7B518000C2002C00
(1675525716.173541) vcan0 0B0#39830CA3E0C139A3
(1675525716.173619) vcan0 145#F942DB80FC4810A1
(1675525716.173696) vcan0 28C#000000000014FEA5
(1675525716.173772) vcan0 008#AA80285A58830080
(1675525716.173852) vcan0 2B5#4B89326293A6C75E
(1675525716.174303) vcan0 010#009000002FB031F8
(1675525716.174452) vcan0 1D0#0000000000000061
(1675525716.175397) vcan0 210#23E080A0A869CE45
(1675525716.175475) vcan0 1B0#00C0000004B000FC
(1675525716.175554) vcan0 1B5#FF5C0F2E52E0FFEF
(1675525716.175632) vcan0 1D8#363339343234D943
(1675525716.176793) vcan0 1E0#0000F30300B917E0
(1675525716.176870) vcan0 291#0000000000000000
(1675525716.177891) vcan0 072#F000FF3F00788038
(1675525716.178980) vcan0 3B0#00D86C3C3BB4C600
(1675525716.180070) vcan0 0E0#E27311C00080CA00
(1675525716.182896) vcan0 008#988038FEB6830080
(1675525716.182971) vcan0 010#009000002FB031F8
(1675525716.183941) vcan0 0F5#EA8DDF8D7F6B52A3
(1675525716.185115) vcan0 120#F68DF08D7F0F5689
(1675525716.185189) vcan0 130#D7011EF20D54FD11
(1675525716.186244) vcan0 150#E40D56A85AF862C0
(1675525716.187280) vcan0 125#E5DA80E4C1D0D735
(1675525716.187424) vcan0 288#F7E010EF00000080
(1675525716.189695) vcan0 055#EDF72F28B2289E83
(1675525716.190800) vcan0 065#7EE525F803BE4A02
(1675525716.191903) vcan0 070#000012F854E22000
(1675525716.192943) vcan0 075#0000000000005458
(1675525716.195767) vcan0 080#83518000C2002C00
(1675525716.195845) vcan0 0B0#39830DA3E0C139A3
(1675525716.195997) vcan0 008#868048B005840080
(1675525716.196074) vcan0 010#009000002FB031F9
(1675525716.196150) vcan0 072#F000FF3F0078A038
(1675525716.196229) vcan0 145#F932DC80FC4810A1
(1675525716.196307) vcan0 1D0#0000000000000261
(1675525716.196385) vcan0 290#0000000000000000
(1675525716.196535) vcan0 2C0#528700FF0000A0F1
(1675525716.196620) vcan0 2C5#45E772AC7CE50070
(1675525716.196698) vcan0 1B0#00C0000002B000FC
(1675525716.196777) vcan0 1B5#FF65183256E0FFEF
(1675525716.196854) vcan0 1D8#363339343234D943
(1675525716.196931) vcan0 1E0#0004E34300B917E0
(1675525716.197082) vcan0 260#D0FF0055497487B0
(1675525716.198748) vcan0 2C3#528700FFFFE45450
(1675525716.198826) vcan0 210#23E080A0A869CE4D
(1675525716.199843) vcan0 0E0#E2730BC80080B000
(1675525716.200933) vcan0 008#768058684D840080
(1675525716.201953) vcan0 010#009000002FB031F8
(1675525716.203041) vcan0 291#0000000000000000
(1675525716.204146) vcan0 2A9#8C26008AC0000084
(1675525716.204221) vcan0 350#A200000000000080
(1675525716.205258) vcan0 0F5#F58DE98D7F6F42A4
(1675525716.205333) vcan0 120#048EE88D7F0C5689
(1675525716.205486) vcan0 130#DF011EF20D44FD11
(1675525716.205559) vcan0 150#EF0D50B857F847C0
(1675525716.206594) vcan0 125#E5B380E4C1D0D735
(1675525716.207771) vcan0 072#F000FF3F00788038
(1675525716.210658) vcan0 360#5987000EB664A0C9
(1675525716.211696) vcan0 055#EDF73628B23C9E83
(1675525716.211769) vcan0 065#8BE52AF80CBE5002
(1675525716.211913) vcan0 070#000012F860E22000
(1675525716.211986) vcan0 075#0000000000005458
(1675525716.212865) vcan0 080#8D518000C2002C00
(1675525716.212948) vcan0 0B0#39830EA3E0C139A3
(1675525716.213097) vcan0 145#F922DD80FC4810A1
(1675525716.213175) vcan0 288#CEE020DF00000080
(1675525716.213253) vcan0 008#6680682E87840080
(1675525716.213982) vcan0 28C#000000000014FEA5
(1675525716.214061) vcan0 010#009000002FB031F8
(1675525716.214153) vcan0 1D0#0000000000000861
(1675525716.214232) vcan0 2B5#4B89326293A6C76C
(1675525716.215106) vcan0 340#9400000000000000
(1675525716.216413) vcan0 390#80FF051D021E584F
(1675525716.216492) vcan0 1B0#00C0000002B000FC
(1675525716.216641) vcan0 1B5#FF6E21375BE0FFEF
(1675525716.216719) vcan0 1D8#363339343234D943
(1675525716.216797) vcan0 1E0#0008D34300B917E0
(1675525716.220486) vcan0 290#0000000000000000
(1675525716.221573) vcan0 0E0#627300D000809B00
(1675525716.222664) vcan0 008#5680780AAB840080
(1675525716.223732) vcan0 010#009000002FB031F8
(1675525716.223877) vcan0 072#F000FF3F0078A038
(1675525716.223950) vcan0 210#23E080A0A869CE4D
(1675525716.224025) vcan0 330#CA00000000000000
(1675525716.224856) vcan0 3D0#950F6100C50580C3
(1675525716.224941) vcan0 260#D0FF0055497487B0
(1675525716.225014) vcan0 0F5#FD8DF18D7F7332A5
(1675525716.225090) vcan0 120#0D8EDA8D7F0F5689
(1675525716.225987) vcan0 130#E7011EF20D34FF11
(1675525716.226060) vcan0 150#F70D44C853F82FC0
(1675525716.227028) vcan0 125#E58F80E4C1D0D735
(1675525716.229505) vcan0 055#EDF73C28B2509E82
(1675525716.232252) vcan0 065#8FE52EF809BE5702
(1675525716.232326) vcan0 070#000013F86CE22000
(1675525716.232401) vcan0 075#0000000000005458
(1675525716.232475) vcan0 080#94518000C2002C00
(1675525716.232619) vcan0 0B0#39830FA3E0C139A3
(1675525716.232692) vcan0 145#F912DE80FC4810A1
(1675525716.233363) vcan0 008#488088F3C0840080
(1675525716.233442) vcan0 010#009000002FB031F8
(1675525716.233520) vcan0 1D0#0000000000000061
(1675525716.234474) vcan0 291#0000000000000000
(1675525716.235564) vcan0 1B0#00C0000001B000FC
(1675525716.235643) vcan0 1B5#FF772A3B5FE0FFEF
(1675525716.235720) vcan0 1D8#363339343234D943
(1675525716.236882) vcan0 1E0#0008D30300B917E0
(1675525716.236961) vcan0 2C3#528700FFFFE45450
(1675525716.237980) vcan0 288#CAE020DF00000080
(1675525716.238130) vcan0 072#F000FF3F00788038
(1675525716.239147) vcan0 0E0#627306D800807500
(1675525716.241824) vcan0 008#388098FAB9840080
(1675525716.242844) vcan0 010#009000002FB031F8
(1675525716.244018) vcan0 2A9#8C260082C0000084
(1675525716.245194) vcan0 0F5#068EF68D7F7722A6
(1675525716.245268) vcan0 120#1E8EDE8D7F0D5689
(1675525716.245341) vcan0 130#EF041EF70D1F0112
(1675525716.246312) vcan0 150#FE0D42D84EF818C0
(1675525716.249008) vcan0 125#E56E80E4C1D0D735
(1675525716.249151) vcan0 210#23E080A0A869CE45
(1675525716.250120) vcan0 055#EDF74428B25D9E81
(1675525716.251226) vcan0 065#8CE533F804BE6102
(1675525716.252329) vcan0 070#000013F878E22000
(1675525716.252405) vcan0 075#0000000000005458
(1675525716.252479) vcan0 080#94518000C2002C00
(1675525716.253884) vcan0 008#2B80A805AB840080
(1675525716.253961) vcan0 0B0#398310A3E0C139A3
(1675525716.254111) vcan0 145#F902DF80FC4810A1
(1675525716.254189) vcan0 010#009000002FB031F8
(1675525716.254266) vcan0 072#F000FF3F0078A038
(1675525716.254346) vcan0 1D0#0000000000000061
(1675525716.255002) vcan0 28C#000000000014FEA6
(1675525716.255080) vcan0 290#0000000000000000
(1675525716.255156) vcan0 1B0#00C0000001B000FC
(1675525716.255244) vcan0 1B5#FF80334064E0FFEF
(1675525716.257849) vcan0 1D8#363339343234D943
(1675525716.258000) vcan0 1E0#000CC34300B917E0
(1675525716.258078) vcan0 260#D0FF0055497487B0
(1675525716.258155) vcan0 2B5#4B8A326293A6C77D
(1675525716.258232) vcan0 2C0#528700EA0000A0F1
(1675525716.258310) vcan0 2C5#4CE773AB8FE50070
(1675525716.258460) vcan0 370#0720C000761BC71F
(1675525716.258537) vcan0 3AF#0000000000000020
(1675525716.258615) vcan0 3E0#000000D92F808090
(1675525716.258694) vcan0 3C8#5287008E882C008E
(1675525716.258987) vcan0 0E0#E27309E000805200
(1675525716.260004) vcan0 288#A5E020DF00000080
(1675525716.261169) vcan0 008#1B80B8228E840080
(1675525716.262185) vcan0 010#009000002FB031F9
(1675525716.263256) vcan0 291#0000000000000000
(1675525716.266152) vcan0 0F5#078E048E7F7B12A7
(1675525716.266296) vcan0 120#1A8E078E7F075689
(1675525716.266371) vcan0 130#F7071E070EFE0712
(1675525716.266444) vcan0 150#050E38E847F800C0
(1675525716.266518) vcan0 3CA#00000000530000C8
(1675525716.267211) vcan0 125#E55280E4C1D0D735
(1675525716.268313) vcan0 072#F000FF3F00788038
(1675525716.269417) vcan0 055#EDF74B28B2629E80
(1675525716.270520) vcan0 065#88E539F8FEBD6F02
(1675525716.271556) vcan0 070#000014F884E22000
(1675525716.271632) vcan0 075#0000000000005458
(1675525716.272734) vcan0 080#95518000C2002C00
(1675525716.272856) vcan0 0B0#398311A3E0C139A3
(1675525716.272860) vcan0 145#F9F2D080FC4810A1
(1675525716.273011) vcan0 008#0D80C8446A840080
(1675525716.275544) vcan0 010#009000002FB031F8
(1675525716.275647) vcan0 1D0#0000000000000261
(1675525716.275725) vcan0 210#23E080A0A869CE4D
(1675525716.275803) vcan0 1B0#00C0000002B000FC
(1675525716.275882) vcan0 1B5#FF893C4468E0FFEF
(1675525716.275961) vcan0 1D8#363339343234D943
(1675525716.276110) vcan0 1E0#0010B34300B917E0
(1675525716.276188) vcan0 2C3#528700FFFFE45450
(1675525716.276630) vcan0 290#0000000000000000
(1675525716.277794) vcan0 0E0#E27313E800802800
(1675525716.278884) vcan0 008#0280D87237840080
(1675525716.279974) vcan0 010#009000002FB031F8
(1675525716.280992) vcan0 072#F000FF3F0078A038
(1675525716.282154) vcan0 2A9#8C26009BC0000084
(1675525716.283251) vcan0 400#010100010204051A
(1675525716.286071) vcan0 260#D0FF0055497487B0
(1675525716.286147) vcan0 0F5#0C8E048E7F7F02A8
(1675525716.286232) vcan0 120#1A8E0B8E7F035689
(1675525716.286305) vcan0 130#FF0A1E0B0EEA0D12
(1675525716.286380) vcan0 150#080E33F841F8EDC0
(1675525716.287142) vcan0 125#E53C80E4C1D0D735
(1675525716.287215) vcan0 288#8DE020DF00000080
(1675525716.291067) vcan0 055#EDF75228B2689E81
(1675525716.291141) vcan0 065#86E542F8FEBD8002
(1675525716.292176) vcan0 070#000014F891E22000
(1675525716.292251) vcan0 075#0000000000005458
(1675525716.292325) vcan0 080#96518000C2002C00
(1675525716.292399) vcan0 0B0#398311A3E0C139A3
(1675525716.293243) vcan0 145#F9E2D180FC4810A1
(1675525716.293317) vcan0 28C#000000000014FEA6
(1675525716.293391) vcan0 008#0980EC15FE830080
(1675525716.293535) vcan0 010#009000002FB031F8
(1675525716.293609) vcan0 1D0#0000000000000861
(1675525716.294309) vcan0 291#0000000000000000
(1675525716.294383) vcan0 2B5#4B8A326293A6C79B
(1675525716.294458) vcan0 340#9400000000000000
(1675525716.294599) vcan0 350#A200000000000080
(1675525716.297143) vcan0 1B0#00C0000001B000FC
(1675525716.297217) vcan0 1B5#FF9246496DE0FFEF
(1675525716.297292) vcan0 1D8#363339343234DA43
(1675525716.297434) vcan0 1E0#0010B30300B917E0
(1675525716.298195) vcan0 072#F000FF3F00788038
(1675525716.298268) vcan0 210#23E08020A869CE45
(1675525716.299232) vcan0 3B0#00FC6C383BB4C400
(1675525716.300407) vcan0 0E0#E27318F000800300
(1675525716.301442) vcan0 008#1280FC2FCB830080
(1675525716.302544) vcan0 010#009000002FB031F8
(1675525716.303594) vcan0 330#CA00000000000000
(1675525716.304702) vcan0 0F5#158E0A8E7F43F2A9
(1675525716.306022) vcan0 120#248EF38D7F015689
(1675525716.306172) vcan0 130#870C1E0B0EDA1212
(1675525716.306249) vcan0 150#100E2A0839F8D5C0
(1675525716.309030) vcan0 125#E52880E4C1D0D735
(1675525716.309114) vcan0 360#5987000CB664A0C9
(1675525716.310206) vcan0 055#EDF75A28B26C9E80
(1675525716.311229) vcan0 065#87E54BF8FFBD8F02
(1675525716.312390) vcan0 070#000014F89EE22000
(1675525716.312469) vcan0 075#0000000000005458
(1675525716.312621) vcan0 080#96518000C2002C00
(1675525716.312700) vcan0 0B0#398310A3E0C139A3
(1675525716.313403) vcan0 145#F9D2D280FC4810A1
(1675525716.313546) vcan0 008#19800C677C830080
(1675525716.313621) vcan0 010#009000002FB031F8
(1675525716.313695) vcan0 072#F000FF3F0078A038
(1675525716.313769) vcan0 1D0#0000000000000061
(1675525716.314616) vcan0 288#60E030CF00000080
(1675525716.314718) vcan0 290#0000000000000000
(1675525716.317472) vcan0 2C0#528700D60000A0F1
(1675525716.317615) vcan0 2C5#59E773A986E50070
(1675525716.317691) vcan0 1B0#00C0000001B000FC
(1675525716.317764) vcan0 1B5#FF9C4F4D71E0FFEF
(1675525716.317839) vcan0 1D8#363339343234DA43
(1675525716.317981) vcan0 1E0#0014A34300B917E0
(1675525716.318055) vcan0 260#D0FF00AA497487B0
(1675525716.318130) vcan0 2C3#528700FFFFE55450
(1675525716.318204) vcan0 390#80FF051D021A594F
(1675525716.318693) vcan0 0E0#E2730FF80080EC00
(1675525716.319800) vcan0 008#1F801C834A830080
(1675525716.320974) vcan0 010#009000002FB031F8
(1675525716.322009) vcan0 210#23E080A0A869CE4D
(1675525716.323095) vcan0 291#0000000000000000
(1675525716.326004) vcan0 2A9#8C260082C0000084
(1675525716.326081) vcan0 0F5#1A8E148E7F47E2AB
(1675525716.326161) vcan0 120#118E118E7F065689
(1675525716.326238) vcan0 130#8F0F1E110EC41512
(1675525716.326388) vcan0 150#170E1F1832F8BEC0
(1675525716.327044) vcan0 125#E51A80E4C1D0D735
(1675525716.328207) vcan0 072#F000FF3F00788038
(1675525716.329225) vcan0 055#EDF76228B26F9E81
(1675525716.330314) vcan0 065#91E54FF803BE8E02
(1675525716.331404) vcan0 070#000015F8ACE22000
(1675525716.332423) vcan0 075#0000000000005458
(1675525716.335267) vcan0 080#97518000C2002C00
(1675525716.335342) vcan0 0B0#398310A3E0C139A3
(1675525716.335415) vcan0 145#F9C2D380FC4810A1
(1675525716.335490) vcan0 008#24802CAF09830080
(1675525716.335633) vcan0 28C#000000000014FEA6
(1675525716.335716) vcan0 010#009000002FB031F8
(1675525716.335791) vcan0 1D0#0000000000000061
(1675525716.335865) vcan0 2B5#4B8B316293A6C7AA
(1675525716.335939) vcan0 1B0#00C0000001B000FC
(1675525716.336082) vcan0 1B5#FFA5585276E0FFEF
(1675525716.336158) vcan0 1D8#363339343234DA43
(1675525716.336233) vcan0 1E0#0018934300B917E0
(1675525716.336307) vcan0 288#3FE030CF00000080
(1675525716.337481) vcan0 290#0000000000000000
(1675525716.338517) vcan0 0E0#E27308C00080D300
(1675525716.340996) vcan0 008#2B803CDAC8820080
(1675525716.342038) vcan0 010#009000002FB031F9
(1675525716.343231) vcan0 072#F000FF3F0078A038
(1675525716.344339) vcan0 0F5#2C8E288E7F4BD2AC
(1675525716.347154) vcan0 120#1D8E218E7F055689
(1675525716.347230) vcan0 130#970F1E210EA41B12
(1675525716.347319) vcan0 150#2A0E14282AF89BC0
(1675525716.347394) vcan0 260#D0FF00AA497487B0
(1675525716.347468) vcan0 125#E50E80E4C1D0D735
(1675525716.348161) vcan0 210#23E080A0A869CE45
(1675525716.349336) vcan0 055#EDF76428B2739E80
(1675525716.350372) vcan0 065#9EE559F807BEA302
(1675525716.351478) vcan0 070#000016F8B1E22000
(1675525716.352584) vcan0 075#0000000000005458
(1675525716.352726) vcan0 080#98518000C2002C00
(1675525716.355525) vcan0 0B0#39830FA3E0C139A3
(1675525716.355600) vcan0 145#F9B2D480FC4810A1
(1675525716.355674) vcan0 370#0720C000761BC71F
(1675525716.355817) vcan0 008#2F804C1579820080
(1675525716.355892) vcan0 010#009000002FB031F8
(1675525716.355965) vcan0 1D0#0000000000000261
(1675525716.356039) vcan0 291#0000000000000000
(1675525716.356124) vcan0 1B0#00C0000003B000FC
(1675525716.356266) vcan0 1B5#FFAE61577AE0FFEF
(1675525716.356341) vcan0 1D8#363339343234DA43
(1675525716.356415) vcan0 1E0#0018930300B917E0
(1675525716.356490) vcan0 2C3#528700FFFFE55450
(1675525716.356635) vcan0 072#F000FF3F00788038
(1675525716.357673) vcan0 0E0#E27311C80080AA00
(1675525716.358777) vcan0 288#1EE030CF00000080
(1675525716.361184) vcan0 008#34805C4138820080
(1675525716.362220) vcan0 010#009000002FB031F8
(1675525716.363321) vcan0 2A9#8C26009BC0000084
(1675525716.364356) vcan0 0F5#328E3A8E7F4FC2AD
(1675525716.365461) vcan0 120#2C8E188E7FFE5589
(1675525716.366836) vcan0 130#9F121E2C0E891B12
(1675525716.366911) vcan0 150#360E0E3823F87FC0
(1675525716.367053) vcan0 125#E50780E4C1D0D735
(1675525716.370979) vcan0 055#EDF76528B2769E80
(1675525716.372014) vcan0 065#A7E55FF80CBEAA02
(1675525716.372158) vcan0 070#000016F8B2E22000
(1675525716.372232) vcan0 075#0000000000005458
(1675525716.372306) vcan0 080#99518000C2002C00
(1675525716.372380) vcan0 0B0#39830EA3E0C139A3
(1675525716.373147) vcan0 145#F9A2D580FC4810A1
(1675525716.373226) vcan0 008#36806C78F0810080
(1675525716.373303) vcan0 28C#000000000014FEA6
(1675525716.373383) vcan0 010#009000002FB031F8
(1675525716.374184) vcan0 072#F000FF3F0078A038
(1675525716.374262) vcan0 1D0#0000000000000861
(1675525716.374416) vcan0 210#23E080A0A869CE45
(1675525716.374493) vcan0 290#0000000000000000
(1675525716.374571) vcan0 2B5#4B8B316293A6C7C3
(1675525716.377106) vcan0 2C0#528700C40000A0F1
(1675525716.377199) vcan0 1B0#00C0000003B000FC
(1675525716.377277) vcan0 1B5#FFB76A5B7FE0FFEF
(1675525716.377354) vcan0 1D8#363339343234DA43
(1675525716.377505) vcan0 1E0#001C834300B917E0
(1675525716.377584) vcan0 260#D0FF00AA497487B0
(1675525716.377661) vcan0 2C5#5FE773A899E50070
(1675525716.377739) vcan0 340#9400000000000000
(1675525716.377818) vcan0 3AF#0000000000000020
(1675525716.377967) vcan0 3C8#5287008E882C008E
(1675525716.378262) vcan0 0E0#E2731CD000807F00
(1675525716.379352) vcan0 008#3B807CA4AF810080
(1675525716.380516) vcan0 010#009000002FB031F8
(1675525716.381533) vcan0 291#0000000000000000
(1675525716.382624) vcan0 330#CA00000000000000
(1675525716.385527) vcan0 350#A200000000000080
(1675525716.385601) vcan0 425#0000000000000000
(1675525716.385685) vcan0 0F5#3C8E4C8E7F53B2AE
(1675525716.385761) vcan0 120#198E388E7F015689
(1675525716.385903) vcan0 130#A7151E380E6D2012
(1675525716.385979) vcan0 150#440E04481CF861C0
(1675525716.386051) vcan0 3CA#00000000540000C8
(1675525716.386610) vcan0 125#E50480E4C1D0D735
(1675525716.387713) vcan0 288#02E030CF00000080
(1675525716.388818) vcan0 072#F000FF3F00788038
(1675525716.389855) vcan0 055#EDF76628B2789E80
(1675525716.390890) vcan0 065#A5E561F808BEAB02
(1675525716.392068) vcan0 070#000016F8B3E22000
(1675525716.393518) vcan0 075#0000000000005458
(1675525716.393597) vcan0 080#99518000C2002C00
(1675525716.393675) vcan0 0B0#39830DA3E0C139A3
(1675525716.393753) vcan0 145#F992D680FC4810A1
(1675525716.393830) vcan0 008#3F808CB48B810080
(1675525716.393918) vcan0 010#009000002FB031F8
(1675525716.394069) vcan0 1D0#0000000000000061
(1675525716.394579) vcan0 1B0#00C0000003B000FC
(1675525716.395599) vcan0 1B5#FFC0736083E0FFEF
(1675525716.395750) vcan0 1D8#363339343234DA43
(1675525716.399876) vcan0 1E0#0020734300B917E0
(1675525716.399954) vcan0 2C3#528700FFFFE55450
(1675525716.400033) vcan0 210#24E080A0A869CE4D
(1675525716.400979) vcan0 290#0000000000000000
(1675525716.402071) vcan0 0E0#E2731AD800806100
(1675525716.403151) vcan0 008#41809CD459810080
(1675525716.403225) vcan0 010#009000002FB031F8
(1675525716.403369) vcan0 072#F000FF3F0078A038
(1675525716.404199) vcan0 2A9#8C260082C0000084
(1675525716.404343) vcan0 405#2AF8CB0B47186701
(1675525716.405311) vcan0 0F5#458E4A8E7F57A2AF
(1675525716.405408) vcan0 120#2F8E3E8E7FFF5589
(1675525716.405483) vcan0 130#AF181E3E0E572612
(1675525716.405557) vcan0 150#470E005816F84EC0
(1675525716.406386) vcan0 260#D0FF0055497487B0
(1675525716.407491) vcan0 125#E5FF7FE4C1D0D735
(1675525716.408940) vcan0 360#59870009B664A0C9
(1675525716.411897) vcan0 055#EDF76728B27A9E80
(1675525716.411973) vcan0 065#9AE562F8FEBDAD02
(1675525716.412118) vcan0 070#000017F8B5E22000
(1675525716.412190) vcan0 075#0000000000005458
(1675525716.412265) vcan0 080#96518000C2002C00
(1675525716.413015) vcan0 0B0#39830BA3E0C139A3
(1675525716.413095) vcan0 145#F982D780FC4810A1
(1675525716.413172) vcan0 008#4480ACF327810080
(1675525716.413249) vcan0 288#F5DF40BF00000080
(1675525716.413328) vcan0 28C#000000000014FEA6
(1675525716.414143) vcan0 010#009000002FB031F8
(1675525716.414222) vcan0 1D0#0000000000000061
(1675525716.414300) vcan0 291#0000000000000000
(1675525716.414378) vcan0 2B5#4B8B316293A6C7C7
(1675525716.415179) vcan0 390#80FF051D02165A4F
(1675525716.416774) vcan0 1B0#00C0000002B000FC
(1675525716.416851) vcan0 1B5#FFC97C6488E0FFEF
(1675525716.417002) vcan0 1D8#363339343234DA43
(1675525716.417080) vcan0 1E0#0020730300B917E0
(1675525716.417880) vcan0 072#F000FF3F00788038
(1675525716.418971) vcan0 3B0#00D86C383BB4C400
(1675525716.420134) vcan0 0E0#E27317E000804400
(1675525716.422901) vcan0 008#4480BCF218810080
(1675525716.422975) vcan0 010#009000002FB031F9
(1675525716.424013) vcan0 210#24E080A0A869CE4D
(1675525716.424087) vcan0 3D0#950F6100C50580C3
(1675525716.425081) vcan0 0F5#478E428E7F5B92B0
(1675525716.425154) vcan0 120#4F8E418E7FFE5589
(1675525716.425298) vcan0 130#B71D1E420E432612
(1675525716.426128) vcan0 150#450EFD6711F840C0
(1675525716.427300) vcan0 125#E5FC7FE4C1D0D735
(1675525716.428334) vcan0 430#3B083B0000001486
(1675525716.431016) vcan0 055#EDF76828B2789E80
(1675525716.432051) vcan0 065#89E564F8F8BDB102
(1675525716.432127) vcan0 070#000016F8B7E22000
(1675525716.432268) vcan0 075#0000000000005458
(1675525716.432344) vcan0 080#92518000C2002C00
(1675525716.432417) vcan0 0B0#398309A3E0C139A3
(1675525716.433155) vcan0 145#F972D880FC4810A1
(1675525716.437352) vcan0 008#4680CC13E6800080
(1675525716.437430) vcan0 290#0000000000000000
(1675525716.437581) vcan0 2C0#528700B20000A0F1
(1675525716.437671) vcan0 010#009000002FB031F8
(1675525716.437749) vcan0 072#F000FF3F0078A038
(1675525716.437827) vcan0 1D0#0000000000000261
(1675525716.437904) vcan0 2C5#67E773A78DE50070
(1675525716.437983) vcan0 1B0#00C0000001B000FC
(1675525716.438060) vcan0 1B5#FFD385698DE0FFEF
(1675525716.438210) vcan0 1D8#363339343234DA43
(1675525716.438287) vcan0 1E0#0024634300B917E0
(1675525716.438366) vcan0 260#D0FF0055497487B0
(1675525716.438446) vcan0 2C3#528700FFFFE55450
(1675525716.438523) vcan0 288#F5DF40BF00000080
(1675525716.438674) vcan0 0E0#E2731BE800802000
(1675525716.439619) vcan0 008#4B80DCFEE6800080
(1675525716.440780) vcan0 010#009000002FB031F8
(1675525716.441796) vcan0 291#0000000000000000
(1675525716.443001) vcan0 2A9#8C26009BC0000084
(1675525716.444123) vcan0 0F5#4F8E558E7F5F82B1
(1675525716.445570) vcan0 120#5D8E4E8E7FFD5589
(1675525716.445646) vcan0 130#BF201E4F0E262312
(1675525716.445720) vcan0 150#520EFD770CF823C0
(1675525716.446619) vcan0 125#E5F77FE4C1D0D735
(1675525716.449504) vcan0 072#F000FF3F00788038
(1675525716.449579) vcan0 210#24E08020A869CE45
(1675525716.450682) vcan0 055#EDF76928B2789E80
(1675525716.451718) vcan0 065#82E566F8F4BDB502
(1675525716.451796) vcan0 070#000016F8B9E22000
(1675525716.451938) vcan0 075#0000000000005458
(1675525716.452869) vcan0 080#8F518000C2002C00
(1675525716.452949) vcan0 0B0#398307A3E0C139A3
(1675525716.453100) vcan0 145#F962D980FC4810A1
(1675525716.453179) vcan0 008#4D80ECFBD7800080
(1675525716.453256) vcan0 28C#000000000014FEA6
(1675525716.453997) vcan0 2B5#4B8B316293A6C7D1
(1675525716.454074) vcan0 010#009000002FB031F8
(1675525716.454153) vcan0 1D0#0000000000000861
(1675525716.454230) vcan0 340#9400000000000000
(1675525716.455391) vcan0 370#0720C000761BC71F
(1675525716.455469) vcan0 1B0#00C0000003B000FC
(1675525716.455546) vcan0 1B5#FFDC8F6E91E0FFEF
(1675525716.455625) vcan0 1D8#363339343234DA43
(1675525716.455775) vcan0 1E0#0028534300B917E0
(1675525716.459463) vcan0 290#0000000000000000
(1675525716.460554) vcan0 0E0#E2732DF00080EE00
(1675525716.461642) vcan0 288#E1DF40BF00000080
(1675525716.462660) vcan0 008#5480FCDCDF800080
(1675525716.463725) vcan0 010#009000002FB031F8
(1675525716.464899) vcan0 072#F000FF3F0078A038
(1675525716.464974) vcan0 330#CA00000000000000
(1675525716.465056) vcan0 0F5#488E5F8E7F6372B3
(1675525716.465201) vcan0 120#6B8E5B8E7F065689
(1675525716.465962) vcan0 130#C7201E5B0E0A2312
(1675525716.466036) vcan0 150#530EF98709F812C0
(1675525716.466180) vcan0 260#D0FF0055497487B0
(1675525716.467282) vcan0 125#E5F27FE4C1D0D735
(1675525716.471337) vcan0 055#EDF76A28B2789E80
(1675525716.471413) vcan0 065#83E568F8FABDB802
(1675525716.471488) vcan0 070#000016F8BCE22000
(1675525716.472455) vcan0 075#0000000000005458
(1675525716.472597) vcan0 080#8E518000C2002C00
(1675525716.472672) vcan0 0B0#398307A3E0C139A3
(1675525716.472746) vcan0 145#F952DA80FC4810A1
(1675525716.473514) vcan0 008#5B800CB0F4800080
(1675525716.473591) vcan0 010#009000002FB031F8
(1675525716.473668) vcan0 1D0#0000000000000061
(1675525716.473759) vcan0 210#24E080A0A869CE4D
(1675525716.474636) vcan0 291#0000000000000000
(1675525716.474787) vcan0 350#A200000000000080
(1675525716.474865) vcan0 1B0#00C0000003B000FC
(1675525716.475739) vcan0 1B5#FFE5987296E0FFEF
(1675525716.477118) vcan0 1D8#363339343234DA43
(1675525716.477195) vcan0 1E0#0028530300B917E0
(1675525716.477346) vcan0 2C3#528700FFFFE55450
(1675525716.478293) vcan0 072#F000FF3F00788038
(1675525716.482274) vcan0 0E0#E27343F80080B800
(1675525716.483344) vcan0 008#64801C7218810080
(1675525716.483418) vcan0 010#009000002FB031F8
(1675525716.483494) vcan0 2A9#8C260082C0000084
(1675525716.484464) vcan0 0F5#528E598E7F6762B4
(1675525716.485502) vcan0 120#5E8E6A8E7F005689
(1675525716.485644) vcan0 130#CF201E5B0EFA1D12
(1675525716.485738) vcan0 150#550EF79705F800C0
(1675525716.486706) vcan0 125#E5E37FE4C1D0D735
(1675525716.487742) vcan0 288#EDDF40BF00000080
(1675525716.490216) vcan0 055#EDF76B28B2789E80
(1675525716.493012) vcan0 065#8DE569F800BEBB02
(1675525716.493090) vcan0 070#000016F8BEE22000
(1675525716.493242) vcan0 075#0000000000005458
(1675525716.493319) vcan0 080#8D518000C2002C00
(1675525716.493396) vcan0 0B0#398307A3E0C139A3
(1675525716.493474) vcan0 145#F942DB80FC4810A1
(1675525716.493552) vcan0 008#6A802C3F35810080
(1675525716.493631) vcan0 010#009000002FB031F8
(1675525716.493780) vcan0 072#F000FF3F0078A038
(1675525716.494076) vcan0 1D0#0000000000000061
(1675525716.494226) vcan0 28C#000000000014FEA5
(1675525716.494304) vcan0 290#0000000000000000
(1675525716.494392) vcan0 2B5#4B8C316293A6C7D7
(1675525716.495193) vcan0 2C0#528700A50000A0F1
(1675525716.495270) vcan0 2C5#69E773A783E50070
(1675525716.498022) vcan0 1B0#00C0000001B000FC
(1675525716.498101) vcan0 1B5#FFEEA1779BE0FFEF
(1675525716.498179) vcan0 1D8#363339343234DA43
(1675525716.498259) vcan0 1E0#002C434300B917E0
(1675525716.498336) vcan0 260#D0FF00AA497487B0
(1675525716.498415) vcan0 3AF#0000000000000020
(1675525716.498565) vcan0 3C8#5287008E882C008E
(1675525716.498643) vcan0 210#24E080A0A869CE45
(1675525716.499153) vcan0 0E0#E27342C000809900
(1675525716.500244) vcan0 008#74803CF367810080
(1675525716.501333) vcan0 010#009000002FB031F9
(1675525716.502420) vcan0 291#0000000000000000
(1675525716.503482) vcan0 0F5#5F8E668E7F6B52B5
(1675525716.504604) vcan0 120#5E8E6D8E7F015689
(1675525716.505709) vcan0 130#D7201E610EE41B12
(1675525716.507157) vcan0 150#620EF9A703F8E3C0
(1675525716.507232) vcan0 3CA#00000000550000C8
(1675525716.507307) vcan0 125#E5D07FE4C1D0D735
(1675525716.510125) vcan0 072#F000FF3F00788038
(1675525716.510200) vcan0 360#59870008B664A0C9
(1675525716.511236) vcan0 055#EDF76C28B2789E80
(1675525716.511378) vcan0 065#99E56AF807BEBD02
(1675525716.511455) vcan0 070#000016F8C0E22000
(1675525716.512422) vcan0 075#0000000000005458
(1675525716.512497) vcan0 080#8D518000C2002C00
(1675525716.512572) vcan0 0B0#398307A3E0C139A3
(1675525716.512714) vcan0 145#F932DC80FC4810A1
(1675525716.513613) vcan0 288#F1DF50AF00000080
(1675525716.513692) vcan0 008#7D804C99A8810080
(1675525716.513786) vcan0 010#009000002FB031F8
(1675525716.513863) vcan0 1D0#0000000000000261
(1675525716.513941) vcan0 390#80FF051D02125B4F
(1675525716.514669) vcan0 1B0#00C0000003B000FC
(1675525716.515976) vcan0 1B5#FFF8AB7C9FE0FFEF
(1675525716.516054) vcan0 1D8#363339343234DA43
(1675525716.516132) vcan0 1E0#0030334300B917E0
(1675525716.516211) vcan0 2C3#528700FFFFE65450
(1675525716.520115) vcan0 290#0000000000000000
(1675525716.521275) vcan0 0E0#E2733DC800807E00
(1675525716.522295) vcan0 008#88805C4BDB810080
(1675525716.523463) vcan0 010#009000002FB031F8
(1675525716.523537) vcan0 072#F000FF3F0078A038
(1675525716.524505) vcan0 210#24E080A0A869CE4D
(1675525716.524584) vcan0 2A9#8C26008AC0000084
(1675525716.524727) vcan0 0F5#738E6F8E7F6F42B6
(1675525716.525703) vcan0 120#678E698E7F005689
(1675525716.525779) vcan0 130#DF201E690ECC1D12
(1675525716.525852) vcan0 150#710EFBB700F8C4C0
(1675525716.525927) vcan0 260#D0FF00AA497487B0
(1675525716.526756) vcan0 125#E5B77FE4C1D0D735
(1675525716.529299) vcan0 055#EDF76D28B2789E80
(1675525716.532116) vcan0 065#ACE56BF80CBEBE02
(1675525716.532191) vcan0 070#000016F8C1E22000
(1675525716.532265) vcan0 075#0000000000005458
(1675525716.532339) vcan0 080#8E518000C2002C00
(1675525716.532482) vcan0 0B0#398308A3E0C139A3
(1675525716.533252) vcan0 145#F922DD80FC4810A1
(1675525716.533327) vcan0 008#93806CE02A820080
(1675525716.533402) vcan0 28C#000000000014FEA6
(1675525716.533545) vcan0 010#009000002FB031F8
(1675525716.534376) vcan0 1D0#0000000000000861
(1675525716.534528) vcan0 291#0000000000000000
(1675525716.534603) vcan0 2B5#4B8C316293A6C7D6
(1675525716.534677) vcan0 340#9400000000000000
(1675525716.534752) vcan0 400#000101010002031B
(1675525716.535445) vcan0 1B0#00C0000003B000FC
(1675525716.538404) vcan0 1B5#FF01B480A4E0FFEF
(1675525716.538480) vcan0 1D8#363339343234DA43
(1675525716.538554) vcan0 1E0#0030330300B917E0
(1675525716.538628) vcan0 288#EDDF50AF00000080
(1675525716.538769) vcan0 072#F000FF3F00788038
(1675525716.538843) vcan0 3B0#00D86C383BB4C402
(1675525716.539537) vcan0 0E0#E27337D000806400
(1675525716.540573) vcan0 008#9D807CA24E820080
(1675525716.541749) vcan0 010#009000002FB031F8
(1675525716.542891) vcan0 330#CA00000000000000
(1675525716.543928) vcan0 0F5#788E818E7F7332B7
(1675525716.545074) vcan0 120#658E7C8E7F015689
(1675525716.546520) vcan0 130#E7201E7E0EA72312
(1675525716.546593) vcan0 150#7C0EFAC7FEF7A9C0
(1675525716.546669) vcan0 125#E5A17FE4C1D0D735
(1675525716.549488) vcan0 210#24E080A0A869CE45
(1675525716.550660) vcan0 055#EDF76E28B27A9E80
(1675525716.551695) vcan0 065#BCE56CF811BEC002
(1675525716.551771) vcan0 070#000016F8C3E22000
(1675525716.551915) vcan0 075#0000000000005458
(1675525716.552910) vcan0 080#90518000C2002C00
(1675525716.552987) vcan0 0B0#398309A3E0C139A3
(1675525716.553061) vcan0 145#F912DE80FC4810A1
(1675525716.553204) vcan0 290#0000000000000000
(1675525716.553279) vcan0 008#A8808C468F820080
(1675525716.553972) vcan0 010#009000002FB031F8
(1675525716.554045) vcan0 072#F000FF3F0078A038
(1675525716.554131) vcan0 1D0#0000000000000061
(1675525716.554274) vcan0 2C0#5287009E0000A0F1
(1675525716.554347) vcan0 2C5#6EE773A7BBE50070
(1675525716.556890) vcan0 370#0720C000761BC71F
(1675525716.556965) vcan0 3E0#000000D92F808090
(1675525716.557038) vcan0 1B0#00C0000004B000FC
(1675525716.557182) vcan0 1B5#FF0ABD85A9E0FFEF
(1675525716.557257) vcan0 1D8#363339343234DA43
(1675525716.557330) vcan0 1E0#0034234300B917E0
(1675525716.557404) vcan0 260#D0FF00AA497487B0
(1675525716.557546) vcan0 2C3#528700FFFFE65450
(1675525716.558033) vcan0 0E0#E27339D800804200
(1675525716.559137) vcan0 288#D0DF50AF00000080
(1675525716.560171) vcan0 008#B3809C07B3820080
(1675525716.561207) vcan0 350#A200000000000080
(1675525716.562242) vcan0 010#009000002FB031F8
(1675525716.565197) vcan0 291#0000000000000000
(1675525716.565276) vcan0 2A9#8C260093C0000084
(1675525716.565354) vcan0 0F5#8C8E838E7F7722B8
(1675525716.565432) vcan0 120#8C8E8B8E7FFE5589
(1675525716.565510) vcan0 130#EF201E8B0E8A2312
(1675525716.566238) vcan0 150#870EF2D7FBF78EC0
(1675525716.567327) vcan0 125#E5887FE4C1D0D735
(1675525716.568346) vcan0 072#F000FF3F00788038
(1675525716.569437) vcan0 055#EDF77028B27E9E80
(1675525716.570601) vcan0 065#BCE56DF80BBEC102
(1675525716.571616) vcan0 070#000017F8C5E22000
(1675525716.573166) vcan0 075#0000000000005458
(1675525716.573245) vcan0 080#91518000C2002C00
(1675525716.573323) vcan0 0B0#398309A3E0C139A3
(1675525716.573402) vcan0 145#F902DF80FC4810A1
(1675525716.573551) vcan0 008#BC80ACD2CF820080
(1675525716.573644) vcan0 28C#000000000014FEA6
(1675525716.573722) vcan0 010#009000002FB031F8
(1675525716.574236) vcan0 1D0#0000000000000061
(1675525716.574314) vcan0 210#24E080A0A869CE45
(1675525716.574391) vcan0 2B5#4B8D316293A6C7D7
(1675525716.578511) vcan0 1B0#00C0000003B000FC
(1675525716.578662) vcan0 1B5#FF14C78AADE0FFEF
(1675525716.578740) vcan0 1D8#363339343234DA43
(1675525716.578819) vcan0 1E0#0038134300B917E0
(1675525716.579620) vcan0 290#0000000000000000
(1675525716.580785) vcan0 0E0#E2733BE000802000
(1675525716.581803) vcan0 008#C880BCA7DE820080
(1675525716.582894) vcan0 010#009000002FB031F9
(1675525716.583934) vcan0 072#F000FF3F0078A038
(1675525716.585110) vcan0 0F5#898E938E7F7B12BA
(1675525716.585186) vcan0 120#8D8E818E7F005689
(1675525716.585274) vcan0 130#F7231E8B0E7A2312
(1675525716.586242) vcan0 150#8E0EF6E7F8F777C0
(1675525716.586316) vcan0 260#D0FF00AA497487B0
(1675525716.587627) vcan0 125#E5757FE4C1D0D735
(1675525716.587770) vcan0 288#D9DF50AF00000080
