(1675525759.083201) vcan0 010#008800002FB031F8
(1675525759.083280) vcan0 1D0#0000000000000861
(1675525759.083359) vcan0 210#2FE080A0A869D04D
(1675525759.085709) vcan0 0E0#627309E000805200
(1675525759.086744) vcan0 290#0000000000000000
(1675525759.087781) vcan0 125#E53480E4C1D0D735
(1675525759.088884) vcan0 1B0#00C0000002B000FC
(1675525759.089921) vcan0 008#0680EC0B0E800080
(1675525759.091503) vcan0 1B5#FFB45C0BF0E0FFEF
(1675525759.091578) vcan0 1D8#363339343234DF43
(1675525759.091651) vcan0 1E0#0028534300B917E0
(1675525759.092551) vcan0 010#008800002FB031F8
(1675525759.092625) vcan0 072#F000FF3F0078A038
(1675525759.092768) vcan0 330#D700000000000000
(1675525759.096741) vcan0 260#D0FF0055497487B0
(1675525759.096818) vcan0 055#F7F7F727B2009C80
(1675525759.096896) vcan0 065#15E5F7F700DEE001
(1675525759.096983) vcan0 070#000007F8E0E10F00
(1675525759.097061) vcan0 075#0000000000005458
(1675525759.097790) vcan0 080#E94F8000C2002C00
(1675525759.097868) vcan0 0B0#5283FFA2E0C152A3
(1675525759.097945) vcan0 145#F952DA80FC4810A1
(1675525759.098889) vcan0 288#47E0807F00000080
(1675525759.099980) vcan0 008#0980FCF80E800080
(1675525759.101069) vcan0 0F5#CB9ADA9A7F63720D
(1675525759.101146) vcan0 120#0C9B149B7F095689
(1675525759.101223) vcan0 130#C7F71DEF1A6AF711
(1675525759.102100) vcan0 150#D21A1D8812F887C0
(1675525759.102176) vcan0 010#008800002FB031F8
(1675525759.102326) vcan0 1D0#0000000000000061
(1675525759.102405) vcan0 291#0000000000000000
(1675525759.104595) vcan0 3C8#5287008E882C008E
(1675525759.107419) vcan0 0E0#62730CE800802F00
(1675525759.107506) vcan0 350#A200000000000080
(1675525759.107580) vcan0 072#F000FF3F00788038
(1675525759.107727) vcan0 210#2FE08020A869D045
(1675525759.108560) vcan0 125#E53480E4C1D0D735
(1675525759.109665) vcan0 1B0#00C0000003B000FC
(1675525759.110770) vcan0 008#09800CE80E800080
(1675525759.110913) vcan0 1B5#FFC56D14F9E0FFEF
(1675525759.111881) vcan0 1D8#363339343234DF43
(1675525759.111955) vcan0 1E0#0028530300B917E0
(1675525759.112029) vcan0 2C3#528700FFFFAE5450
(1675525759.112105) vcan0 010#008800002FB031F8
(1675525759.112247) vcan0 2A9#8C260082C0000084
(1675525759.112940) vcan0 405#2AF81F0847186701
(1675525759.115482) vcan0 055#F7F7F727B2009C80
(1675525759.118380) vcan0 065#15E5F7F700DEE001
(1675525759.118459) vcan0 070#000007F8E0E10F00
(1675525759.118548) vcan0 075#0000000000005458
(1675525759.118626) vcan0 080#E84F8000C2002C00
(1675525759.118777) vcan0 0B0#5283FFA2E0C152A3
(1675525759.118854) vcan0 145#F942DB80FC4810A1
(1675525759.118932) vcan0 28C#000000000016BEA4
(1675525759.119011) vcan0 290#0000000000000000
(1675525759.119089) vcan0 2B5#4BCA306293A62C00
(1675525759.119167) vcan0 2C0#528700000000A0F1
(1675525759.119463) vcan0 2C5#00E765F016E50070
(1675525759.119541) vcan0 360#578700AEB564A041
(1675525759.119620) vcan0 3AF#0000000000000020
(1675525759.120564) vcan0 008#09801CD80E800080
(1675525759.120642) vcan0 0F5#BF9AC79A7F67620F
(1675525759.121947) vcan0 120#0F9B059B7F025689
(1675525759.122024) vcan0 130#CFF71DEF1A5AF111
(1675525759.122102) vcan0 150#C31A169812F886C0
(1675525759.122188) vcan0 010#008800002FB031F9
(1675525759.122339) vcan0 072#F000FF3F0078A038
(1675525759.122994) vcan0 1D0#0000000000000261
(1675525759.123074) vcan0 390#80FF051D020A5D4F
(1675525759.124059) vcan0 260#D0FF0055497487B0
(1675525759.124203) vcan0 288#5CE0807F00000080
(1675525759.125171) vcan0 0E0#627313F000800800
(1675525759.129091) vcan0 125#E53480E4C1D0D735
(1675525759.130197) vcan0 1B0#00C0000004B000FC
(1675525759.131234) vcan0 008#09802CC80E800080
(1675525759.131309) vcan0 1B5#FFD77F1C02E0FFEF
(1675525759.131383) vcan0 1D8#363339343234DF43
(1675525759.131526) vcan0 1E0#002C434300B917E0
(1675525759.132561) vcan0 010#008800002FB031F8
(1675525759.132639) vcan0 210#2FE080A0A869D14D
(1675525759.132712) vcan0 291#0000000000000000
(1675525759.132796) vcan0 3D0#940F6100C50580C3
(1675525759.136701) vcan0 055#F7F7F727B2009C80
(1675525759.136851) vcan0 065#14E5F7F700DEE001
(1675525759.136932) vcan0 070#000007F8E0E10F00
(1675525759.137010) vcan0 072#F000FF3F00788038
(1675525759.137087) vcan0 075#0000000000005458
(1675525759.137889) vcan0 080#E84F8000C2002C00
(1675525759.137968) vcan0 0B0#5283FFA2E0C152A3
(1675525759.138047) vcan0 145#F932DC80FC4810A1
(1675525759.139064) vcan0 008#09803CB80E800080
(1675525759.140081) vcan0 0F5#DA9ABF9A7F6B5212
(1675525759.141248) vcan0 120#199BFB9A7FFF5589
(1675525759.141326) vcan0 130#D7F71DEF1A4AEC11
(1675525759.141404) vcan0 150#CC1A18A812F86DC0
(1675525759.142492) vcan0 3CA#00000000550000C8
(1675525759.143715) vcan0 010#008800002FB031F8
(1675525759.143799) vcan0 1D0#0000000000000061
(1675525759.145315) vcan0 0E0#627314F80080E700
