(1675526551.091736) vcan0 288#02E0807F00000080
(1675526551.093194) vcan0 010#000000002FB031F8
(1675526551.093272) vcan0 072#F000FF3F00788038
(1675526551.094690) vcan0 330#2800000000000000
(1675526551.096222) vcan0 008#16807C7900800080
(1675526551.096298) vcan0 0E0#E27101D800808200
(1675526551.099161) vcan0 055#B3F7FF67B3009C80
(1675526551.099290) vcan0 065#38E3F8E7FF8DFC01
(1675526551.099368) vcan0 070#00004BA800E25B00
(1675526551.099445) vcan0 075#0000000000005458
(1675526551.099521) vcan0 080#FF4F8000C2002C00
(1675526551.099672) vcan0 0B0#39837BA200C239A3
(1675526551.099750) vcan0 145#FD52DA80FCC810A1
(1675526551.099827) vcan0 0F5#00800080BF7B1100
(1675526551.100725) vcan0 120#008000807FF85589
(1675526551.100803) vcan0 130#F7FF1D000013FF11
(1675526551.100879) vcan0 150#000000E803F813C0
(1675526551.102220) vcan0 125#E53F80E4C1D0D734
(1675526551.103744) vcan0 010#000000002FB031F8
(1675526551.103823) vcan0 1D0#0000000000000061
(1675526551.103901) vcan0 210#51E18020A869F645
(1675526551.103980) vcan0 291#0000000000000000
(1675526551.105168) vcan0 008#16808C6900800080
(1675526551.106643) vcan0 290#0000000000000000
(1675526551.108232) vcan0 072#F000FF3F0078A038
(1675526551.109693) vcan0 1B0#00C0950000B0DFEC
(1675526551.109845) vcan0 1B5#FF00000000E0FFEF
(1675526551.109923) vcan0 1D8#363339343234D943
(1675526551.110000) vcan0 1E0#00246B8180BD17E0
(1675526551.111260) vcan0 2C3#5D8700FFFF005450
(1675526551.112674) vcan0 010#000000002FB031F9
(1675526551.114141) vcan0 2A9#8C2600DBC0000084
(1675526551.115666) vcan0 008#16809C5900800080
(1675526551.118669) vcan0 0E0#E27101E000806200
(1675526551.118819) vcan0 055#B3F7FF67B3009C80
(1675526551.118901) vcan0 065#39E3F9E7008EFC01
(1675526551.118978) vcan0 070#00004BA800E25B00
(1675526551.119055) vcan0 075#0000000000005458
(1675526551.119131) vcan0 080#FF4F8000C2002C00
(1675526551.119280) vcan0 0B0#39837AA200C239A3
(1675526551.119359) vcan0 145#FD42DB80FCC810A1
(1675526551.119436) vcan0 288#FEDF807F00000080
(1675526551.119512) vcan0 28C#004020000016BE90
(1675526551.119589) vcan0 2B5#4B105B6293A64F3C
(1675526551.119670) vcan0 370#0724C000571BC700
(1675526551.120253) vcan0 0F5#00800080BF7F0100
(1675526551.120333) vcan0 120#008000807FF85589
(1675526551.120411) vcan0 130#FFFF1D000003FF11
(1675526551.120491) vcan0 150#000000F803F803C0
(1675526551.120589) vcan0 260#D0FF005549E185B0
(1675526551.121680) vcan0 125#E53F80E4C1D0D734
(1675526551.123156) vcan0 010#000000002FB031F8
(1675526551.123306) vcan0 072#F000FF3F00788038
(1675526551.124675) vcan0 1D0#0000000000000A61
(1675526551.126199) vcan0 008#1680AC4900800080
(1675526551.127728) vcan0 210#51E180A0A869F74D
(1675526551.129203) vcan0 1B0#00C0950000B0E0EC
(1675526551.130747) vcan0 1B5#FF00000000E0FFEF
(1675526551.130804) vcan0 1D8#363339343234DA43
(1675526551.130881) vcan0 1E0#00285BC180BD17E0
(1675526551.132145) vcan0 010#000000002FB031F8
(1675526551.133668) vcan0 291#0000000000000000
(1675526551.135158) vcan0 008#1680BC3900800080
(1675526551.136682) vcan0 0E0#E27101E800804200
(1675526551.136760) vcan0 055#B3F7FF67B3009C80
(1675526551.136847) vcan0 065#3AE3F9E7018EFC01
(1675526551.137010) vcan0 070#00004BA800E25B00
(1675526551.139714) vcan0 075#0000000000005458
(1675526551.139791) vcan0 080#FF4F8000C2002C00
(1675526551.139941) vcan0 0B0#39837BA200C239A3
(1675526551.140020) vcan0 145#FD32DC80FCC810A1
(1675526551.140097) vcan0 072#F000FF3F0078A038
(1675526551.140177) vcan0 290#0000000000000000
(1675526551.140255) vcan0 2C0#5D8700620300A0F1
(1675526551.140332) vcan0 2C5#00DF1F003AE30070
(1675526551.140482) vcan0 360#5D8700D29364A001
(1675526551.140561) vcan0 0F5#00800080BF43F100
(1675526551.140642) vcan0 120#008000807FFA5589
(1675526551.140719) vcan0 130#87FF1D0000F3FF11
(1675526551.141159) vcan0 150#0000FF0703F8F3C0
(1675526551.142667) vcan0 125#E53F80E4C1D0D734
(1675526551.142752) vcan0 288#F5DF807F00000080
(1675526551.144175) vcan0 010#000000002FB031F8
(1675526551.144324) vcan0 1D0#0000000000000061
(1675526551.144403) vcan0 390#80FF051D021A594F
(1675526551.145718) vcan0 008#1680CC2900800080
(1675526551.148509) vcan0 1B0#00C0950000B0E0EC
(1675526551.149908) vcan0 1B5#FF00000000E0FFEF
(1675526551.149986) vcan0 1D8#363339343234D943
(1675526551.150064) vcan0 1E0#002C4BC180BD17E0
(1675526551.150212) vcan0 2C3#5D8700FFFF005450
(1675526551.151400) vcan0 260#D0FF005549E285B0
(1675526551.152944) vcan0 010#000000002FB031F8
(1675526551.154467) vcan0 072#F000FF3F00788038
(1675526551.154543) vcan0 210#51E180A0A869F745
(1675526551.154622) vcan0 2A9#8C2600C2C0000084
(1675526551.155936) vcan0 008#1680DC1900800080
(1675526551.158942) vcan0 0E0#E27101F000802200
(1675526551.158998) vcan0 055#B3F7FF67B3009C80
