(1675526046.006762) vcan0 125#E5557FE5C1D0D734
(1675526046.006824) vcan0 010#008000002FB031F9
(1675526046.006902) vcan0 1D0#0000000000000A61
(1675526046.006978) vcan0 291#0000000000000000
(1675526046.007058) vcan0 390#80FF0500021E584F
(1675526046.010543) vcan0 055#B3F7FF67B3009C80
(1675526046.010619) vcan0 065#8CE309E8008E0602
(1675526046.010698) vcan0 070#00004BA800E25B00
(1675526046.010775) vcan0 072#F000FF3F00788038
(1675526046.010866) vcan0 075#0000000000005458
(1675526046.011017) vcan0 080#FF4F8000C2002C00
(1675526046.012101) vcan0 0B0#8D838FA200C28DA3
(1675526046.012230) vcan0 145#FD12DE80FCC810A1
(1675526046.012307) vcan0 28C#00402000001CBE96
(1675526046.012387) vcan0 2B5#4B19406293A6434B
(1675526046.012464) vcan0 340#3E00000000000000
(1675526046.012614) vcan0 3B0#00FC513843ACC400
(1675526046.012689) vcan0 260#D0FF00AA497487B0
(1675526046.015024) vcan0 1B0#00C0D00000B037ED
(1675526046.015174) vcan0 1B5#FF00000000E0FFEF
(1675526046.015255) vcan0 008#F180FC1E00800080
(1675526046.015331) vcan0 1D8#363339343234DC43
(1675526046.015409) vcan0 1E0#00303BC180BD17E0
(1675526046.015484) vcan0 2C3#468700FFFF005450
(1675526046.015563) vcan0 010#008000002FB031F8
(1675526046.016492) vcan0 210#EEE000A0A869BD45
(1675526046.016569) vcan0 330#0000000000000000
(1675526046.016647) vcan0 3D0#810F6100661780C3
(1675526046.019302) vcan0 0E0#627104C00080DF00
(1675526046.020773) vcan0 430#30082E0000001CA6
(1675526046.023424) vcan0 0F5#00800080BF4FC100
(1675526046.024717) vcan0 120#008000807FFB5589
(1675526046.026424) vcan0 008#F1800C0E00800080
(1675526046.026500) vcan0 130#9FFF1D0000C3FF11
(1675526046.026577) vcan0 150#0000FE37F0F7C3C0
(1675526046.026727) vcan0 125#E5557FE5C1D0D734
(1675526046.026804) vcan0 288#F9DF708F00000080
(1675526046.026882) vcan0 010#008000002FB031F8
(1675526046.026958) vcan0 072#F000FF3F0078A038
(1675526046.027040) vcan0 1D0#0000000000000061
(1675526046.030539) vcan0 055#B3F7FF67B3009C80
(1675526046.030634) vcan0 065#8CE309E8008E0602
(1675526046.030713) vcan0 070#00004BA800E25B00
(1675526046.030790) vcan0 075#0000000000005458
(1675526046.030869) vcan0 080#FF4F8000C2002C00
(1675526046.030945) vcan0 0B0#8D838FA200C28DA3
(1675526046.033475) vcan0 145#FD02DF80FCC810A1
(1675526046.033552) vcan0 290#0000000000000000
(1675526046.033630) vcan0 2C0#468700660300A0F1
(1675526046.033706) vcan0 2C5#00DF27008CE30070
(1675526046.033856) vcan0 370#071EC000421BC700
(1675526046.033938) vcan0 3E0#000000D92E808096
(1675526046.034015) vcan0 1B0#00C0D00000B037ED
(1675526046.034092) vcan0 1B5#FF00000000E0FFEF
(1675526046.035000) vcan0 008#F1801CFE00800080
(1675526046.035077) vcan0 1D8#363339343234DC43
(1675526046.035154) vcan0 1E0#00303B8180BD17E0
(1675526046.036531) vcan0 010#008000002FB031F8
(1675526046.038001) vcan0 291#0000000000000000
(1675526046.038079) vcan0 2A9#8C26008AC0000084
(1675526046.039501) vcan0 0E0#627104C80080BF00
(1675526046.041020) vcan0 072#F000FF3F00788038
(1675526046.041097) vcan0 210#EEE00020A869BD45
(1675526046.042516) vcan0 260#D0FF0055497487B0
(1675526046.043991) vcan0 0F5#00800080BF53B100
(1675526046.044067) vcan0 120#008000807FFB5589
(1675526046.044146) vcan0 008#F1802CEE00800080
(1675526046.044297) vcan0 130#A7FF1D0000B3FF11
(1675526046.045489) vcan0 150#0000FE47F0F7B3C0
(1675526046.045616) vcan0 125#E5557FE5C1D0D734
(1675526046.046986) vcan0 010#008000002FB031F8
(1675526046.047064) vcan0 1D0#0000000000000061
(1675526046.049704) vcan0 055#B4F7FF67B3009C80
(1675526046.050943) vcan0 065#8DE309E8008E0602
(1675526046.051070) vcan0 070#00004BA800E25B00
(1675526046.051149) vcan0 075#0000000000005458
(1675526046.053961) vcan0 080#FF4F8000C2002C00
(1675526046.054091) vcan0 0B0#8D838FA200C28DA3
(1675526046.054170) vcan0 145#FDF2D080FCC810A1
(1675526046.054246) vcan0 288#F1DF807F00000080
(1675526046.054323) vcan0 28C#00402000001CBE96
(1675526046.054400) vcan0 2B5#4B19406293A6434B
(1675526046.054480) vcan0 350#A200000000000080
(1675526046.054632) vcan0 1B0#00C0D00000B038ED
(1675526046.054708) vcan0 1B5#FF00000000E0FFEF
(1675526046.054786) vcan0 008#F1803CDE00800080
(1675526046.054863) vcan0 1D8#363339343234DC43
(1675526046.055518) vcan0 1E0#00342BC180BD17E0
(1675526046.055597) vcan0 2C3#468700FFFF005450
(1675526046.055683) vcan0 010#008000002FB031F8
(1675526046.055763) vcan0 072#F000FF3F0078A038
(1675526046.055838) vcan0 3C8#4687008E8824008E
(1675526046.059368) vcan0 290#0000000000000000
(1675526046.060710) vcan0 0E0#627104D000809F00
(1675526046.063448) vcan0 0F5#00800080BF57A100
(1675526046.064740) vcan0 120#008000807FFA5589
(1675526046.066324) vcan0 008#F1804CCE00800080
(1675526046.066474) vcan0 130#AFFF1D0000A3FF11
(1675526046.066556) vcan0 150#0000FB57F0F7A3C0
