(1675526304.688467) vcan0 125#E57582E4C1D0D735
(1675526304.688526) vcan0 291#0000000000000000
(1675526304.689461) vcan0 0F5#CB9089907F4FC272
(1675526304.690531) vcan0 120#F590AA907F1C5689
(1675526304.691600) vcan0 130#9F041EA8100B0112
(1675526304.691676) vcan0 150#A510C338BDF80EC0
(1675526304.692745) vcan0 072#F000FF3F0078A038
(1675526304.693958) vcan0 3B0#00D8193835B0C400
(1675526304.694033) vcan0 008#2F8238EC32800080
(1675526304.697017) vcan0 260#D0FF00AA497487B0
(1675526304.697096) vcan0 055#EDF71C28B2A39C80
(1675526304.697173) vcan0 065#7AE61CF801BE3302
(1675526304.697319) vcan0 070#000011F833E22000
(1675526304.697395) vcan0 075#0000000000005458
(1675526304.697473) vcan0 080#4B508000C2002C00
(1675526304.698116) vcan0 0B0#398313A3E0C139A3
(1675526304.698192) vcan0 010#000000002FB031F9
(1675526304.698268) vcan0 145#F922DD80FC4810A1
(1675526304.698353) vcan0 28C#000000000012FEA9
(1675526304.698429) vcan0 290#0000000000000000
(1675526304.699215) vcan0 2B5#4B90346293A6814B
(1675526304.699361) vcan0 2C0#6B87002A0100A0F1
(1675526304.699438) vcan0 2C5#15DF89BC7AE60070
(1675526304.699515) vcan0 330#2800000000000000
(1675526304.702070) vcan0 370#0720C000721BC71F
(1675526304.702147) vcan0 3AF#0000000000000020
(1675526304.702222) vcan0 3E0#000000D930808090
(1675526304.702370) vcan0 1B0#00C0000001B000FC
(1675526304.702447) vcan0 1B5#FF919C4A65E0FFEF
(1675526304.702523) vcan0 1D8#363339343234E043
(1675526304.702600) vcan0 1E0#0034234300B917E0
(1675526304.702676) vcan0 0E0#627349D000805200
(1675526304.703178) vcan0 210#50E080A0A869D24D
(1675526304.703254) vcan0 008#2F8248EB23800080
(1675526304.704188) vcan0 010#000000002FB031F8
(1675526304.705257) vcan0 072#F000FF3F00788038
(1675526304.706405) vcan0 1D0#0000000000000261
(1675526304.707404) vcan0 125#E57382E4C1D0D735
(1675526304.709822) vcan0 0F5#CF908D907F53B273
(1675526304.710962) vcan0 120#F490AB907F1D5689
(1675526304.713803) vcan0 130#A7041EAA10F90712
(1675526304.713880) vcan0 150#AB10C748BDF8F8C0
(1675526304.713956) vcan0 288#47E250AF00000080
(1675526304.714032) vcan0 008#2F8258CC32800080
(1675526304.714816) vcan0 055#EDF71C28B2A39C80
(1675526304.715885) vcan0 065#7CE61CF800BE3402
(1675526304.717032) vcan0 070#000011F833E22000
(1675526304.717108) vcan0 075#0000000000005458
(1675526304.717184) vcan0 010#000000002FB031F8
(1675526304.718111) vcan0 080#4B508000C2002C00
(1675526304.718199) vcan0 0B0#398314A3E0C139A3
(1675526304.718276) vcan0 145#F912DE80FC4810A1
(1675526304.718353) vcan0 291#0000000000000000
(1675526304.718429) vcan0 2A9#8C26009BC0000084
(1675526304.719143) vcan0 350#A200000000000080
(1675526304.722054) vcan0 1B0#00C0000000B000FC
(1675526304.722129) vcan0 1B5#FF9BA74F6AE0FFEF
(1675526304.722206) vcan0 072#F000FF3F0078A038
(1675526304.722352) vcan0 1D8#363339343234E043
(1675526304.722429) vcan0 0E0#62734BD800803000
(1675526304.723142) vcan0 1E0#0034230300B917E0
(1675526304.723219) vcan0 2C3#6B8700FFFFE55450
(1675526304.723295) vcan0 008#2B8268C032800080
(1675526304.724224) vcan0 260#D0FF00AA497487B0
(1675526304.725362) vcan0 290#0000000000000000
(1675526304.726364) vcan0 010#000000002FB031F8
(1675526304.727514) vcan0 1D0#0000000000000861
(1675526304.727592) vcan0 210#50E080A0A869D245
(1675526304.728730) vcan0 125#E57382E4C1D0D735
(1675526304.729870) vcan0 0F5#D3908D907F57A274
(1675526304.730936) vcan0 120#E090A5907F205689
(1675526304.733777) vcan0 130#AF071EAB10E80A12
(1675526304.733853) vcan0 150#AC10C358BCF8E7C0
(1675526304.734002) vcan0 008#2B8278B032800080
(1675526304.734928) vcan0 055#EDF71C28B2A39C80
(1675526304.735926) vcan0 065#7FE61CF803BE3402
(1675526304.737001) vcan0 070#000011F833E22000
(1675526304.738070) vcan0 010#000000002FB031F8
(1675526304.738148) vcan0 072#F000FF3F00788038
(1675526304.738296) vcan0 075#0000000000005458
(1675526304.738372) vcan0 080#4B508000C2002C00
(1675526304.738449) vcan0 0B0#398313A3E0C139A3
(1675526304.739102) vcan0 145#F902DF80FC4810A1
(1675526304.739180) vcan0 288#43E250AF00000080
(1675526304.739256) vcan0 28C#000000000012FEA9
(1675526304.739404) vcan0 2B5#4B91346293A6814B
(1675526304.740615) vcan0 340#8A00000000000000
(1675526304.741753) vcan0 1B0#00C0000001B000FC
(1675526304.741830) vcan0 1B5#FFA6B15470E0FFEF
(1675526304.741907) vcan0 1D8#363339343234E043
(1675526304.741984) vcan0 1E0#0038134300B917E0
(1675526304.742767) vcan0 0E0#62734BE000801000
(1675526304.742845) vcan0 008#2B82889240800080
(1675526304.746625) vcan0 010#000000002FB031F8
(1675526304.747697) vcan0 1D0#0000000000000061
(1675526304.747773) vcan0 125#E57082E4C1D0D735
(1675526304.747851) vcan0 291#0000000000000000
(1675526304.748779) vcan0 0F5#CF9094907F5B9276
(1675526304.749877) vcan0 120#F49096907F1F5689
