(1675526286.771145) vcan0 350#A200000000000080
(1675526286.771204) vcan0 288#02E020DF00000080
(1675526286.771354) vcan0 008#388034B364800080
(1675526286.771431) vcan0 1B0#00C0000001B000FC
(1675526286.771509) vcan0 1B5#FF78C31E18E0FFEF
(1675526286.771588) vcan0 1D8#363339343234E143
(1675526286.772242) vcan0 1E0#001C830300B917E0
(1675526286.772391) vcan0 010#000000002FB031F8
(1675526286.772470) vcan0 072#F000FF3F00788038
(1675526286.774826) vcan0 2A9#8C26009BC0000084
(1675526286.774968) vcan0 0E0#627332F80080C900
(1675526286.775043) vcan0 210#1EE08020A869D64D
(1675526286.779497) vcan0 125#E50780E4C1D0D735
(1675526286.779579) vcan0 008#3480448A81800080
(1675526286.779721) vcan0 260#D0FF00AA497487B0
(1675526286.783493) vcan0 0F5#F194FA947F53B258
(1675526286.783567) vcan0 120#249524957FFD5589
(1675526286.783641) vcan0 130#A7FD1D171587F411
(1675526286.783715) vcan0 150#FE140248FEF7A1C0
(1675526286.783858) vcan0 3CA#00000000520000C8
(1675526286.783931) vcan0 010#000000002FB031F8
(1675526286.784005) vcan0 1D0#0000000000000861
(1675526286.784078) vcan0 291#0000000000000000
(1675526286.784245) vcan0 055#F4F7FE27B21B9C80
(1675526286.784325) vcan0 065#5FE5FEF7FFCDFC01
(1675526286.784404) vcan0 070#00000AF8FCE11500
(1675526286.784481) vcan0 075#0000000000005458
(1675526286.784560) vcan0 080#FB4F8000C2002C00
(1675526286.790690) vcan0 0B0#39830BA3E1C139A3
(1675526286.790789) vcan0 145#F902DF80FC4810A1
(1675526286.790867) vcan0 28C#000000000012FEA5
(1675526286.790943) vcan0 290#0000000000000000
(1675526286.791023) vcan0 2B5#4BCD2F6293A6751A
(1675526286.791173) vcan0 2C0#6B8700000000A0F1
(1675526286.791251) vcan0 2C5#00DF70E661E50070
(1675526286.791328) vcan0 340#8700000000000000
(1675526286.791405) vcan0 3AF#0000000000000020
(1675526286.791483) vcan0 072#F000FF3F0078A038
(1675526286.791633) vcan0 3B0#00FC423839A4C400
(1675526286.791711) vcan0 008#3280546697800080
(1675526286.791787) vcan0 1B0#00C0000002B000FC
(1675526286.791865) vcan0 1B5#FF86D0251FE0FFEF
(1675526286.792015) vcan0 1D8#363339343234E143
(1675526286.792093) vcan0 1E0#0020734300B917E0
(1675526286.792170) vcan0 2C3#6B8700FFFFA35450
(1675526286.792329) vcan0 010#000000002FB031F8
(1675526286.793488) vcan0 0E0#627334C00080A700
(1675526286.793638) vcan0 288#06E030CF00000080
(1675526286.797169) vcan0 125#E50D80E4C1D0D735
(1675526286.797312) vcan0 008#2F80644BA5800080
(1675526286.800672) vcan0 0F5#EA94F3947F57A25A
(1675526286.800747) vcan0 120#249524957F095689
(1675526286.800820) vcan0 130#AFFD1D171577F711
(1675526286.800962) vcan0 150#F5140158FEF79AC0
(1675526286.804603) vcan0 010#000000002FB031F8
(1675526286.804754) vcan0 072#F000FF3F00788038
(1675526286.804832) vcan0 1D0#0000000000000061
(1675526286.804909) vcan0 210#1EE080A0A869D645
(1675526286.804987) vcan0 055#F4F7FE27B21D9C80
(1675526286.805065) vcan0 065#5DE5FEF7FECDFC01
(1675526286.805143) vcan0 070#00000AF8FBE11500
(1675526286.805231) vcan0 075#0000000000005458
(1675526286.805309) vcan0 080#FB4F8000C2002C00
(1675526286.805458) vcan0 0B0#39830BA3E1C139A3
(1675526286.805538) vcan0 145#F9F2D080FC4810A1
(1675526286.807054) vcan0 008#2D80742FB3800080
(1675526286.813113) vcan0 260#D0FF0055497487B0
(1675526286.813190) vcan0 1B0#00C0000001B000FC
(1675526286.813269) vcan0 1B5#FF93DE2C25E0FFEF
(1675526286.813345) vcan0 1D8#363339343234E143
(1675526286.813422) vcan0 1E0#0024634300B917E0
(1675526286.813572) vcan0 010#000000002FB031F9
(1675526286.813650) vcan0 291#0000000000000000
(1675526286.813728) vcan0 2A9#8C260082C0000084
(1675526286.813805) vcan0 290#0000000000000000
(1675526286.813882) vcan0 0E0#627331C800808A00
(1675526286.815621) vcan0 072#F000FF3F0078A038
(1675526286.820293) vcan0 125#E51280E4C1D0D735
(1675526286.820435) vcan0 288#0AE030CF00000080
(1675526286.820509) vcan0 008#2880840EC9800080
(1675526286.820584) vcan0 0F5#ED94FA947F5B925B
(1675526286.820657) vcan0 120#309517957F015689
(1675526286.820800) vcan0 130#B7FD1D171567F711
(1675526286.820874) vcan0 150#F4140468FEF78BC0
(1675526286.824097) vcan0 010#000000002FB031F8
(1675526286.824170) vcan0 1D0#0000000000000261
(1675526286.824241) vcan0 055#F4F7FE27B21D9C80
(1675526286.824321) vcan0 065#5AE5FEF7FECDFC01
(1675526286.824472) vcan0 070#00000AF8FBE11500
(1675526286.824550) vcan0 075#0000000000005458
(1675526286.824627) vcan0 080#FB4F8000C2002C00
(1675526286.824707) vcan0 0B0#39830AA3E1C139A3
(1675526286.827524) vcan0 145#F9E2D180FC4810A1
(1675526286.827612) vcan0 28C#000000000012FEA5
(1675526286.827689) vcan0 2B5#4BCD2F6293A6751A
(1675526286.827768) vcan0 210#1EE080A0A869D64D
(1675526286.827917) vcan0 008#28809405C2800080
(1675526286.831019) vcan0 1B0#00C0000002B000FC
(1675526286.831097) vcan0 1B5#FFA1EC332CE0FFEF
(1675526286.831246) vcan0 1D8#363339343234E043
(1675526286.831324) vcan0 1E0#0024630300B917E0
(1675526286.831402) vcan0 2C3#6B8700FFFFA35450
(1675526286.833494) vcan0 010#000000002FB031F8
(1675526286.833573) vcan0 072#F000FF3F00788038
(1675526286.833649) vcan0 330#A300000000000000
(1675526286.833727) vcan0 0E0#62732CD000806F00
(1675526286.835950) vcan0 360#6D8700D1A764A001
(1675526286.840608) vcan0 125#E51580E4C1D0D735
(1675526286.840681) vcan0 008#2880A404B3800080
(1675526286.840762) vcan0 260#D0FF0055497487B0
(1675526286.840838) vcan0 0F5#ED94FC947F5F825D
(1675526286.840911) vcan0 120#1F9510957FFF5589
(1675526286.841055) vcan0 130#BFFD1D171557FA11
(1675526286.841145) vcan0 150#EA140578FFF785C0
(1675526286.846911) vcan0 010#000000002FB031F8
(1675526286.847062) vcan0 1D0#0000000000000061
(1675526286.847141) vcan0 291#0000000000000000
(1675526286.847218) vcan0 390#80FF05190226564F
(1675526286.847295) vcan0 055#F4F7FE27B21D9C80
(1675526286.847372) vcan0 065#59E5FEF700CEFC01
(1675526286.847522) vcan0 070#00000AF8FBE11500
(1675526286.847600) vcan0 075#0000000000005458
(1675526286.847676) vcan0 080#FB4F8000C2002C00
(1675526286.847755) vcan0 0B0#39830AA3E1C139A3
(1675526286.847833) vcan0 145#F9D2D280FC4810A1
(1675526286.847991) vcan0 288#FEDF30CF00000080
(1675526286.848070) vcan0 290#0000000000000000
(1675526286.848148) vcan0 2C0#6B8700000000A0F1
(1675526286.850385) vcan0 2C5#00DF6FE65BE50070
(1675526286.850462) vcan0 072#F000FF3F0078A038
(1675526286.850539) vcan0 008#2880B41097800080
(1675526286.850688) vcan0 1B0#00C0000000B000FC
(1675526286.850767) vcan0 1B5#FFAFF93A33E0FFEF
(1675526286.850844) vcan0 1D8#363339343234E043
(1675526286.850923) vcan0 1E0#0028534300B917E0
(1675526286.852874) vcan0 010#000000002FB031F8
(1675526286.852951) vcan0 210#1EE080A0A869D64D
(1675526286.853029) vcan0 2A9#8C260082C0000084
(1675526286.853107) vcan0 0E0#62732AD800805100
(1675526286.855244) vcan0 350#A200000000000080
(1675526286.859696) vcan0 125#E51580E4C1D0D735
(1675526286.859782) vcan0 3C8#6B87008E886C008E
(1675526286.859856) vcan0 008#2880C41681800080
(1675526286.859998) vcan0 0F5#F094FA947F63725F
(1675526286.860072) vcan0 120#12950E957F035689
(1675526286.862063) vcan0 130#C7FD1D171547FF11
(1675526286.862207) vcan0 150#EE140188FFF771C0
(1675526286.862280) vcan0 010#000000002FB031F8
(1675526286.862354) vcan0 072#F000FF3F00788038
(1675526286.862427) vcan0 1D0#0000000000000861
(1675526286.867166) vcan0 055#F4F7FE27B21D9C80
(1675526286.867309) vcan0 065#56E5FEF7FECDFC01
(1675526286.867383) vcan0 070#00000AF8FBE11500
(1675526286.867457) vcan0 075#0000000000005458
(1675526286.867532) vcan0 080#FA4F8000C2002C00
(1675526286.867674) vcan0 0B0#39830AA3E1C139A3
(1675526286.867748) vcan0 145#F9C2D380FC4810A1
(1675526286.867831) vcan0 28C#000000000012FEA5
(1675526286.867905) vcan0 2B5#4BCD2F6293A6751A
(1675526286.867980) vcan0 340#8700000000000000
(1675526286.868121) vcan0 370#0720C000711BC71F
(1675526286.868195) vcan0 288#12E030CF00000080
(1675526286.868270) vcan0 008#2880D41473800080
(1675526286.873204) vcan0 260#D0FF0055497487B0
(1675526286.873277) vcan0 1B0#00C0000001B000FC
(1675526286.873420) vcan0 1B5#FFBC07403AE0FFEF
(1675526286.873494) vcan0 1D8#363339343234E143
(1675526286.873567) vcan0 1E0#002C434300B917E0
(1675526286.873641) vcan0 2C3#6B8700FFFFA45450
(1675526286.873785) vcan0 010#000000002FB031F8
(1675526286.873857) vcan0 291#0000000000000000
(1675526286.873931) vcan0 290#0000000000000000
(1675526286.874006) vcan0 0E0#627322E000803900
(1675526286.875686) vcan0 072#F000FF3F0078A038
(1675526286.882822) vcan0 210#1EE080A0A869D645
(1675526286.882902) vcan0 125#E51280E4C1D0D735
(1675526286.882979) vcan0 008#2880E42156800080
(1675526286.883058) vcan0 0F5#E894E6947F676260
(1675526286.883206) vcan0 120#179504957FFF5589
(1675526286.883284) vcan0 130#CFFD1D12153CFD11
(1675526286.883362) vcan0 150#E714079800F868C0
(1675526286.883440) vcan0 010#000000002FB031F8
(1675526286.883518) vcan0 1D0#0000000000000061
(1675526286.883593) vcan0 055#F4F7FE27B21D9C80
(1675526286.888841) vcan0 065#57E5FEF700CEFC01
(1675526286.888985) vcan0 070#00000AF8FBE11500
(1675526286.889057) vcan0 075#0000000000005458
(1675526286.889135) vcan0 080#FA4F8000C2002C00
(1675526286.889206) vcan0 0B0#39830AA3E1C139A3
(1675526286.889357) vcan0 145#F9B2D480FC4810A1
(1675526286.889433) vcan0 008#2880F42740800080
(1675526286.889506) vcan0 1B0#00C0000003B000FC
(1675526286.889580) vcan0 1B5#FFCA154740E0FFEF
(1675526286.890270) vcan0 1D8#363339343234E143
(1675526286.890345) vcan0 1E0#002C430300B917E0
(1675526286.893908) vcan0 010#000000002FB031F9
(1675526286.893983) vcan0 072#F000FF3F00788038
(1675526286.894126) vcan0 2A9#8C26009BC0000084
(1675526286.894236) vcan0 0E0#62731AE800802100
(1675526286.894317) vcan0 288#16E040BF00000080
(1675526286.896341) vcan0 125#E50F80E4C1D0D735
(1675526286.902546) vcan0 008#2880042532800080
(1675526286.902624) vcan0 260#D0FF00AA497487B0
(1675526286.902702) vcan0 0F5#EC94EA947F6B5262
(1675526286.902851) vcan0 120#21950E957F015689
(1675526286.902937) vcan0 130#D7FD1D12152CFD11
(1675526286.903015) vcan0 150#E51409A801F85AC0
(1675526286.903093) vcan0 3CA#00000000530000C8
(1675526286.903171) vcan0 010#000000002FB031F8
(1675526286.903248) vcan0 1D0#0000000000000261
(1675526286.903397) vcan0 210#1EE080A0A869D645
(1675526286.903475) vcan0 291#0000000000000000
(1675526286.903553) vcan0 055#F4F7FE27B21D9C80
(1675526286.907567) vcan0 065#57E5FEF700CEFC01
(1675526286.907640) vcan0 070#00000AF8FBE11500
(1675526286.907784) vcan0 075#0000000000005458
(1675526286.907858) vcan0 080#FA4F8000C2002C00
(1675526286.907931) vcan0 0B0#39830AA3E1C139A3
(1675526286.908005) vcan0 145#F9A2D580FC4810A1
(1675526286.908148) vcan0 28C#000000000012FEA5
(1675526286.908222) vcan0 290#0000000000000000
(1675526286.908305) vcan0 2B5#4BCD2F6293A6751A
(1675526286.908378) vcan0 2C0#6B8700010000A0F1
(1675526286.908522) vcan0 2C5#00DF6FE657E50070
(1675526286.908596) vcan0 3AF#0000000000000020
(1675526286.908740) vcan0 072#F000FF3F0078A038
(1675526286.908814) vcan0 3B0#00D8423839A4C400
(1675526286.908886) vcan0 008#2880142423800080
(1675526286.913614) vcan0 1B0#00C0000000B000FC
(1675526286.913757) vcan0 1B5#FFD8224E47E0FFEF
(1675526286.913830) vcan0 1D8#363339343234E143
(1675526286.913904) vcan0 1E0#0030334300B917E0
(1675526286.913978) vcan0 2C3#6B8700FFFFA45450
(1675526286.914120) vcan0 010#000000002FB031F8
(1675526286.914241) vcan0 330#A200000000000000
(1675526286.914246) vcan0 400#2401100101010309
(1675526286.914398) vcan0 405#2AF8718849186701
(1675526286.914483) vcan0 0E0#62731AF000800100
(1675526286.916076) vcan0 125#E50D80E4C1D0D735
(1675526286.923285) vcan0 288#0AE040BF00000080
(1675526286.923434) vcan0 008#288024290E800080
(1675526286.923513) vcan0 0F5#E694E6947F6F4264
(1675526286.923590) vcan0 120#269504957F025689
(1675526286.923667) vcan0 130#DFFD1D12151CFD11
(1675526286.923745) vcan0 150#E71405B802F848C0
(1675526286.923895) vcan0 010#000000002FB031F8
(1675526286.923972) vcan0 072#F000FF3F00788038
(1675526286.924050) vcan0 1D0#0000000000000061
(1675526286.924127) vcan0 055#F4F7FE27B21D9C80
(1675526286.924208) vcan0 065#56E5FEF700CEFC01
(1675526286.924625) vcan0 070#00000AF8FBE11500
(1675526286.924698) vcan0 075#0000000000005458
(1675526286.924843) vcan0 080#FA4F8000C2002C00
(1675526286.924937) vcan0 0B0#39830AA3E1C139A3
(1675526286.925011) vcan0 145#F992D680FC4810A1
(1675526286.931930) vcan0 210#1EE08020A869D64D
(1675526286.932074) vcan0 008#2880342700800080
(1675526286.932148) vcan0 260#D0FF00AA497487B0
(1675526286.932222) vcan0 1B0#00C0000002B000FC
(1675526286.932296) vcan0 1B5#FFE530554EE0FFEF
(1675526286.932438) vcan0 1D8#363339343234E143
(1675526286.932512) vcan0 1E0#0034234300B917E0
(1675526286.932586) vcan0 010#000000002FB031F8
(1675526286.932660) vcan0 291#0000000000000000
(1675526286.932803) vcan0 2A9#8C26008AC0000084
(1675526286.933221) vcan0 290#0000000000000000
(1675526286.933365) vcan0 0E0#627314F80080E700
(1675526286.937979) vcan0 072#F000FF3F0078A038
(1675526286.938130) vcan0 360#6D8700D1A764A001
(1675526286.938224) vcan0 125#E50A80E4C1D0D735
(1675526286.938302) vcan0 008#2880441700800080
(1675526286.940468) vcan0 0F5#DD94E2947F733266
(1675526286.940546) vcan0 120#0C9503957F055689
(1675526286.940696) vcan0 130#E7FD1D12150CFD11
(1675526286.940773) vcan0 150#E41409C803F83BC0
(1675526286.945540) vcan0 010#000000002FB031F8
(1675526286.945684) vcan0 1D0#0000000000000861
(1675526286.945759) vcan0 390#80FF0519021E584F
(1675526286.945833) vcan0 055#F4F7FE27B21D9C80
(1675526286.945907) vcan0 065#56E5FEF700CEFC01
(1675526286.946050) vcan0 070#00000AF8FBE11500
(1675526286.946123) vcan0 075#0000000000005458
(1675526286.946197) vcan0 080#FA4F8000C2002C00
(1675526286.946271) vcan0 0B0#39830AA3E1C139A3
(1675526286.946414) vcan0 145#F982D780FC4810A1
(1675526286.946499) vcan0 288#12E040BF00000080
(1675526286.946572) vcan0 28C#000000000012FEA5
(1675526286.946716) vcan0 2B5#4BCD2F6293A67519
(1675526286.946789) vcan0 340#8600000000000000
(1675526286.947959) vcan0 350#A200000000000080
(1675526286.948033) vcan0 008#2880540700800080
(1675526286.952559) vcan0 1B0#00C0000002B000FC
(1675526286.952701) vcan0 1B5#FFF33E5B55E0FFEF
(1675526286.952775) vcan0 1D8#363339343234E143
(1675526286.952848) vcan0 1E0#0034230300B917E0
(1675526286.952922) vcan0 2C3#6B8700FFFFA45450
(1675526286.953066) vcan0 010#000000002FB031F8
(1675526286.953140) vcan0 072#F000FF3F00788038
(1675526286.953213) vcan0 210#1EE080A0A869D645
(1675526286.953287) vcan0 3D0#970F6100170480C3
(1675526286.957422) vcan0 0E0#627314C00080C700
(1675526286.957510) vcan0 125#E50A80E4C1D0D735
(1675526286.957587) vcan0 008#288064F700800080
(1675526286.960908) vcan0 0F5#E294E2947F772267
(1675526286.960984) vcan0 120#0C95F3947F025689
(1675526286.961063) vcan0 130#EFFA1D0C1502F711
(1675526286.961212) vcan0 150#ED1407D803F822C0
(1675526286.961289) vcan0 260#D0FF00AA497487B0
(1675526286.965964) vcan0 010#000000002FB031F8
(1675526286.966037) vcan0 1D0#0000000000000061
(1675526286.966110) vcan0 291#0000000000000000
(1675526286.966253) vcan0 055#F4F7FE27B21D9C80
(1675526286.966327) vcan0 065#57E5FEF701CEFC01
(1675526286.966402) vcan0 070#00000AF8FBE11500
(1675526286.966475) vcan0 075#0000000000005458
(1675526286.966618) vcan0 080#FA4F8000C2002C00
(1675526286.966691) vcan0 0B0#398309A3E1C139A3
(1675526286.966773) vcan0 145#F972D880FC4810A1
(1675526286.966848) vcan0 290#0000000000000000
(1675526286.966991) vcan0 2C0#6B8700000000A0F1
(1675526286.967065) vcan0 2C5#00DF6FE656E50070
(1675526286.967138) vcan0 370#0720C000711BC71F
(1675526286.969401) vcan0 3E0#000000D930808090
(1675526286.969544) vcan0 072#F000FF3F0078A038
(1675526286.969617) vcan0 288#12E040BF00000080
(1675526286.969690) vcan0 008#288074E700800080
(1675526286.973047) vcan0 1B0#00C0000000B000FC
(1675526286.973120) vcan0 1B5#FF014B625BE0FFEF
(1675526286.973264) vcan0 1D8#363339343234E143
(1675526286.973337) vcan0 1E0#0038134300B917E0
(1675526286.973411) vcan0 010#000000002FB031F9
(1675526286.973554) vcan0 2A9#8C260093C0000084
(1675526286.973627) vcan0 0E0#627318C80080A300
(1675526286.975472) vcan0 210#1EE080A0A869D64D
(1675526286.981460) vcan0 125#E50A80E4C1D0D735
(1675526286.981537) vcan0 3C8#6B87008E886C008E
(1675526286.981687) vcan0 008#288084D700800080
(1675526286.981766) vcan0 0F5#E794E8947F7B1269
(1675526286.981843) vcan0 120#FA9410957F0C5689
(1675526286.981921) vcan0 130#F7FA1D0C15F2FD11
(1675526286.981998) vcan0 150#EB1407E804F814C0
(1675526286.982148) vcan0 010#000000002FB031F8
(1675526286.982227) vcan0 072#F000FF3F00788038
(1675526286.982305) vcan0 1D0#0000000000000261
(1675526286.984109) vcan0 055#F4F7FE27B21D9C80
(1675526286.984187) vcan0 065#56E5FEF700CEFC01
(1675526286.984262) vcan0 070#00000AF8FBE11500
(1675526286.984338) vcan0 075#0000000000005458
(1675526286.984480) vcan0 080#FA4F8000C2002C00
(1675526286.984563) vcan0 0B0#39830AA3E1C139A3
(1675526286.984638) vcan0 145#F962D980FC4810A1
(1675526286.991147) vcan0 28C#000000000012FEA5
(1675526286.991289) vcan0 2B5#4BCD2F6293A67518
(1675526286.991362) vcan0 008#288094C700800080
(1675526286.991437) vcan0 1B0#00C0000001B000FC
(1675526286.991512) vcan0 1B5#FF0E596962E0FFEF
(1675526286.991653) vcan0 1D8#363339343234E143
(1675526286.991728) vcan0 1E0#003C034300B917E0
(1675526286.991801) vcan0 260#D0FF00AA497487B0
(1675526286.992492) vcan0 2C3#6B8700FFFFA55450
(1675526286.992565) vcan0 010#000000002FB031F8
(1675526286.992709) vcan0 291#0000000000000000
(1675526286.992782) vcan0 330#A200000000000000
(1675526286.996189) vcan0 290#0000000000000000
(1675526286.996268) vcan0 0E0#627318D000808300
(1675526286.996355) vcan0 288#02E050AF00000080
(1675526286.996505) vcan0 072#F000FF3F0078A038
(1675526286.996583) vcan0 125#E50A80E4C1D0D735
(1675526286.999686) vcan0 008#2880A4B700800080
(1675526286.999764) vcan0 0F5#D994E4947F7F026B
(1675526287.004718) vcan0 120#FF941B957F075689
(1675526287.004792) vcan0 130#FFFD1D0815E6FA11
(1675526287.004867) vcan0 150#E81404F804F807C0
(1675526287.004941) vcan0 010#000000002FB031F8
(1675526287.005083) vcan0 1D0#0000000000000061
(1675526287.005157) vcan0 210#1EE080A0A869D645
(1675526287.005231) vcan0 055#F4F7FE27B21F9C80
(1675526287.005306) vcan0 065#5AE5FEF703CEFB01
(1675526287.005447) vcan0 070#00000AF8FBE11500
(1675526287.005521) vcan0 075#0000000000005458
(1675526287.005596) vcan0 080#FB4F8000C2002C00
(1675526287.005678) vcan0 0B0#39830AA3E1C139A3
(1675526287.005821) vcan0 145#F952DA80FC4810A1
(1675526287.007060) vcan0 008#2880B4A700800080
(1675526287.013223) vcan0 1B0#00C0000002B000FC
(1675526287.013367) vcan0 1B5#FF1C667069E0FFEF
(1675526287.013440) vcan0 1D8#363339343234E143
(1675526287.013513) vcan0 1E0#003C030300B917E0
(1675526287.013588) vcan0 010#000000002FB031F8
(1675526287.013730) vcan0 072#F000FF3F00788038
(1675526287.013805) vcan0 2A9#8C26008AC0000084
(1675526287.013879) vcan0 0E0#627310D800806B00
(1675526287.015687) vcan0 125#E50A80E4C1D0D735
(1675526287.022895) vcan0 288#12E050AF00000080
(1675526287.022973) vcan0 008#2880C49700800080
(1675526287.023052) vcan0 0F5#DA94D7947F43F26C
(1675526287.023201) vcan0 120#179510957FFF5589
(1675526287.023288) vcan0 130#87FD1D0815D6FA11
(1675526287.023366) vcan0 150#DE14040805F801C0
(1675526287.023445) vcan0 260#D0FF0055497487B0
(1675526287.023521) vcan0 3CA#00000000540000C8
(1675526287.023599) vcan0 010#000000002FB031F8
(1675526287.023678) vcan0 1D0#0000000000000861
(1675526287.023755) vcan0 291#0000000000000000
(1675526287.023834) vcan0 055#F4F7FE27B21F9C80
(1675526287.025800) vcan0 065#5BE5FDF701CEFB01
(1675526287.025874) vcan0 070#00000AF8FBE11500
(1675526287.025947) vcan0 075#0000000000005458
(1675526287.026021) vcan0 080#FB4F8000C2002C00
(1675526287.026164) vcan0 0B0#39830AA3E1C139A3
(1675526287.026238) vcan0 145#F942DB80FC4810A1
(1675526287.026313) vcan0 28C#000000000012FEA5
(1675526287.026386) vcan0 290#0000000000000000
(1675526287.026470) vcan0 2B5#4BCD2F6293A67518
(1675526287.026614) vcan0 2C0#6B8700000000A0F1
(1675526287.026688) vcan0 2C5#00DF6EE657E50070
(1675526287.026761) vcan0 340#8600000000000000
(1675526287.030673) vcan0 3AF#0000000000000020
(1675526287.030748) vcan0 072#F000FF3F0078A038
(1675526287.030823) vcan0 210#1EE080A0A869D64D
(1675526287.030897) vcan0 3B0#00D8423839A4C602
(1675526287.031039) vcan0 008#2880D48700800080
(1675526287.031113) vcan0 1B0#00C0000002B000FC
(1675526287.031189) vcan0 1B5#FF29747670E0FFEF
(1675526287.031260) vcan0 1D8#363339343234E043
(1675526287.031405) vcan0 1E0#0000F34300B917E0
(1675526287.031479) vcan0 2C3#6B8700FFFFA55450
(1675526287.035600) vcan0 010#000000002FB031F8
(1675526287.035676) vcan0 0E0#627302E000805900
(1675526287.035765) vcan0 350#A200000000000080
(1675526287.035839) vcan0 360#6D8700D1A764A001
(1675526287.039061) vcan0 125#E50780E4C1D0D735
(1675526287.039136) vcan0 008#2880ECF700800080
(1675526287.044066) vcan0 0F5#EA94D4947F47E26E
(1675526287.044141) vcan0 120#0C951D957FFF5589
(1675526287.044252) vcan0 130#8FFD1D0815C6FA11
(1675526287.044332) vcan0 150#E0140D1805F8EFC0
(1675526287.044410) vcan0 010#000000002FB031F8
(1675526287.044489) vcan0 072#F000FF3F00788038
(1675526287.044566) vcan0 1D0#0000000000000061
(1675526287.044645) vcan0 390#80FF0519021E584F
(1675526287.044794) vcan0 055#F4F7FE27B2219C80
(1675526287.044872) vcan0 065#5DE5FDF700CEFA01
(1675526287.044951) vcan0 070#00000AF8FCE11500
(1675526287.045099) vcan0 075#0000000000005458
(1675526287.045186) vcan0 080#FB4F8000C2002C00
(1675526287.045265) vcan0 0B0#39830AA3E1C139A3
(1675526287.045342) vcan0 145#F932DC80FC4810A1
(1675526287.045493) vcan0 288#16E050AF00000080
(1675526287.051260) vcan0 008#2B80FCE400800080
(1675526287.051339) vcan0 260#D0FF0055497487B0
(1675526287.051417) vcan0 1B0#00C0000004B000FC
(1675526287.051567) vcan0 1B5#FF37827D76E0FFEF
(1675526287.051644) vcan0 1D8#363339343234E143
(1675526287.051723) vcan0 1E0#0004E34300B917E0
(1675526287.051800) vcan0 010#000000002FB031F9
(1675526287.056177) vcan0 210#1EE080A0A869D64D
(1675526287.056251) vcan0 291#0000000000000000
(1675526287.056395) vcan0 2A9#8C260082C0000084
(1675526287.056468) vcan0 290#0000000000000000
(1675526287.056542) vcan0 0E0#627300E800803B00
(1675526287.056627) vcan0 072#F000FF3F0078A038
(1675526287.056700) vcan0 125#E50780E4C1D0D735
(1675526287.059647) vcan0 008#2B800CBF15800080
(1675526287.059721) vcan0 0F5#E294FA947F4BD270
(1675526287.063284) vcan0 120#1F9521957F035689
(1675526287.063359) vcan0 130#97FD1D0815B6FD11
(1675526287.063501) vcan0 150#F114092805F8CEC0
(1675526287.063575) vcan0 010#000000002FB031F8
(1675526287.063649) vcan0 1D0#0000000000000261
(1675526287.063791) vcan0 055#F4F7FE27B2249C80
(1675526287.063864) vcan0 065#63E5FDF704CEFA01
(1675526287.063939) vcan0 070#00000AF8FDE11500
(1675526287.070443) vcan0 075#0000000000005458
(1675526287.070520) vcan0 080#FC4F8000C2002C00
(1675526287.070672) vcan0 0B0#39830BA3E1C139A3
(1675526287.070748) vcan0 145#F922DD80FC4810A1
(1675526287.070847) vcan0 28C#000000000012FEA5
(1675526287.070925) vcan0 2B5#4BCD2F6293A67518
(1675526287.071003) vcan0 370#0720C000711BC71F
(1675526287.071080) vcan0 288#1AE050AF00000080
(1675526287.071158) vcan0 008#2D801CAD15800080
(1675526287.071307) vcan0 1B0#00C0000006B000FC
(1675526287.071385) vcan0 1B5#FF458F847DE0FFEF
(1675526287.071462) vcan0 1D8#363339343234E143
(1675526287.071540) vcan0 1E0#0004E30300B917E0
(1675526287.071690) vcan0 2C3#6B8700FFFFA55450
(1675526287.074358) vcan0 010#000000002FB031F8
(1675526287.074502) vcan0 072#F000FF3F00788038
(1675526287.074576) vcan0 330#A200000000000000
(1675526287.074650) vcan0 0E0#627306F000801500
(1675526287.074724) vcan0 210#1EE080A0A869D645
(1675526287.077946) vcan0 125#E50480E4C1D0D735
(1675526287.078030) vcan0 008#2D802C9D15800080
(1675526287.081730) vcan0 0F5#E294EF947F4FC271
(1675526287.081805) vcan0 120#249517957F035689
(1675526287.081947) vcan0 130#9FFD1D0815A6FD11
(1675526287.082021) vcan0 150#EC140A3805F8C3C0
(1675526287.086481) vcan0 260#D0FF0055497487B0
(1675526287.086631) vcan0 010#000000002FB031F8
(1675526287.086709) vcan0 1D0#0000000000000061
(1675526287.086786) vcan0 291#0000000000000000
(1675526287.086864) vcan0 055#F4F7FF27B22B9C81
(1675526287.086942) vcan0 065#62E5FDF701CEFA01
(1675526287.087091) vcan0 070#00000AF8FEE11500
(1675526287.087170) vcan0 075#0000000000005458
(1675526287.087248) vcan0 080#01508000C2002C00
(1675526287.087325) vcan0 0B0#39830BA3E1C139A3
(1675526287.087402) vcan0 145#F912DE80FC4810A1
(1675526287.087488) vcan0 290#0000000000000000
(1675526287.087638) vcan0 2C0#6B8700000000A0F1
(1675526287.087717) vcan0 2C5#00DF6EE663E50070
(1675526287.088946) vcan0 072#F000FF3F0078A038
(1675526287.089022) vcan0 008#2D803C8D15800080
(1675526287.093924) vcan0 1B0#00C0000001B000FC
(1675526287.094075) vcan0 1B5#FF529D8B84E0FFEF
(1675526287.094153) vcan0 1D8#363339343234E143
(1675526287.094250) vcan0 1E0#0008D34300B917E0
(1675526287.094328) vcan0 010#000000002FB031F8
(1675526287.094478) vcan0 2A9#8C26009BC0000084
(1675526287.094557) vcan0 0E0#62730AF80080F100
(1675526287.094634) vcan0 288#06E0609F00000080
(1675526287.096298) vcan0 125#E50480E4C1D0D735
(1675526287.103581) vcan0 3C8#6B87008E886C008E
(1675526287.103731) vcan0 008#2D804C7D15800080
(1675526287.109756) vcan0 0F5#E994F0947F53B273
(1675526287.109763) vcan0 120#129506957F085689
(1675526287.109768) vcan0 130#A7FD1D061598FF11
(1675526287.109772) vcan0 150#E914074805F8B6C0
(1675526287.109776) vcan0 010#000000002FB031F8
(1675526287.109779) vcan0 072#F000FF3F00788038
(1675526287.109783) vcan0 1D0#0000000000000861
(1675526287.109787) vcan0 210#1EE08020A869D645
(1675526287.109792) vcan0 055#F4F7FF27B2369C81
(1675526287.109796) vcan0 065#63E5FDF700CEFB01
(1675526287.109800) vcan0 070#00000AF800E21500
(1675526287.109804) vcan0 075#0000000000005458
(1675526287.109811) vcan0 080#06508000C2002C00
(1675526287.109815) vcan0 0B0#39830BA3E1C139A3
(1675526287.109819) vcan0 145#F902DF80FC4810A1
(1675526287.109824) vcan0 28C#000000000012FEA5
(1675526287.109828) vcan0 2B5#4BCD2F6293A67618
(1675526287.109832) vcan0 340#8600000000000000
(1675526287.111411) vcan0 008#2D805C6D15800080
(1675526287.111485) vcan0 260#D0FF00AA497487B0
(1675526287.111629) vcan0 1B0#00C0000001B000FC
(1675526287.111701) vcan0 1B5#FF60AA918BE0FFEF
(1675526287.111776) vcan0 1D8#363339343234E043
(1675526287.111850) vcan0 1E0#000CC34300B917E0
(1675526287.111992) vcan0 2C3#6B8700FFFFA65450
(1675526287.112067) vcan0 010#000000002FB031F8
(1675526287.112140) vcan0 291#0000000000000000
(1675526287.112214) vcan0 425#0000000000000000
(1675526287.113863) vcan0 0E0#62730AC00080D100
(1675526287.113937) vcan0 290#0000000000000000
(1675526287.118478) vcan0 072#F000FF3F0078A038
(1675526287.118557) vcan0 125#E50480E4C1D0D735
(1675526287.118649) vcan0 288#06E0609F00000080
(1675526287.120961) vcan0 008#2F806C4D23800080
(1675526287.121038) vcan0 0F5#ED94ED947F57A275
(1675526287.121116) vcan0 120#FF94F8947F085689
(1675526287.121193) vcan0 130#AFFD1D061588FF11
(1675526287.121343) vcan0 150#EE14025805F8A1C0
(1675526287.125953) vcan0 010#000000002FB031F8
(1675526287.126030) vcan0 1D0#0000000000000061
(1675526287.126108) vcan0 055#F4F7FF27B23E9C81
(1675526287.126259) vcan0 065#64E5FEF700CEFD01
(1675526287.126337) vcan0 070#00000AF800E21500
(1675526287.126413) vcan0 075#0000000000005458
(1675526287.126492) vcan0 080#07508000C2002C00
(1675526287.126569) vcan0 0B0#39830BA3E1C139A3
(1675526287.126647) vcan0 145#F9F2D080FC4810A1
(1675526287.126798) vcan0 350#A200000000000080
(1675526287.126885) vcan0 210#1EE080A0A869D64D
(1675526287.128332) vcan0 008#2F807C3D23800080
(1675526287.133093) vcan0 1B0#00C0000002B000FC
(1675526287.133172) vcan0 1B5#FF6DB89892E0FFEF
(1675526287.133249) vcan0 1D8#363339343234E143
(1675526287.133399) vcan0 1E0#000CC30300B917E0
(1675526287.133476) vcan0 010#000000002FB031F9
(1675526287.133555) vcan0 072#F000FF3F00788038
(1675526287.133631) vcan0 2A9#8C260082C0000084
(1675526287.133710) vcan0 0E0#627309C80080B200
(1675526287.140110) vcan0 360#6D8700D1A764A001
(1675526287.140252) vcan0 125#E50180E4C1D0D735
(1675526287.140325) vcan0 008#2F808C2D23800080
(1675526287.140399) vcan0 0F5#E494DF947F5B9277
(1675526287.140474) vcan0 120#0A95E2947F055689
(1675526287.140617) vcan0 130#B7FD1DFF1480FA11
(1675526287.141522) vcan0 150#E114046805F89EC0
(1675526287.141595) vcan0 260#D0FF00AA497487B0
(1675526287.141670) vcan0 3CA#00000000550000C8
(1675526287.141812) vcan0 010#000000002FB031F8
(1675526287.145614) vcan0 1D0#0000000000000261
(1675526287.145694) vcan0 291#0000000000000000
(1675526287.145770) vcan0 390#80FF051902165A6F
(1675526287.145921) vcan0 055#F4F7FF27B2459C81
(1675526287.145999) vcan0 065#65E5FEF700CEFE01
(1675526287.146076) vcan0 070#00000AF801E21500
(1675526287.146155) vcan0 075#0000000000005458
(1675526287.146231) vcan0 080#0A508000C2002C00
(1675526287.146381) vcan0 0B0#39830BA3E1C139A3
(1675526287.146460) vcan0 145#F9E2D180FC4810A1
(1675526287.146536) vcan0 288#06E0609F00000080
(1675526287.146614) vcan0 28C#000000000012FEA5
(1675526287.146701) vcan0 290#0000000000000000
(1675526287.146852) vcan0 2B5#4BCD2F6293A6761B
(1675526287.146928) vcan0 2C0#6B8700000000A0F1
(1675526287.152766) vcan0 2C5#00DF6FE664E50070
(1675526287.152916) vcan0 3AF#0000000000000020
(1675526287.152994) vcan0 072#F000FF3F0078A038
(1675526287.153071) vcan0 3B0#00D8423C39A4C400
(1675526287.153150) vcan0 008#2F809C0E32800080
(1675526287.153227) vcan0 1B0#00C0000002B000FC
(1675526287.153377) vcan0 1B5#FF7BC69F98E0FFEF
(1675526287.153454) vcan0 1D8#363339343234E143
(1675526287.153533) vcan0 1E0#0010B34300B917E0
(1675526287.153611) vcan0 2C3#6B8700FFFFA65450
(1675526287.153688) vcan0 010#000000002FB031F8
(1675526287.153838) vcan0 210#1EE080A0A869D645
(1675526287.153915) vcan0 330#A100000000000000
(1675526287.154001) vcan0 3D0#960F6100170480C3
(1675526287.154152) vcan0 0E0#627300D000809B00
(1675526287.159980) vcan0 430#2808280000001086
(1675526287.160054) vcan0 125#E50180E4C1D0D735
(1675526287.160127) vcan0 008#3280AC111C800080
(1675526287.160204) vcan0 0F5#EA94F1947F5F8278
(1675526287.160345) vcan0 120#139503957F075689
(1675526287.161241) vcan0 130#BFFD1DFF1470FA11
(1675526287.161383) vcan0 150#E314047804F88CC0
(1675526287.167556) vcan0 010#000000002FB031F8
(1675526287.167633) vcan0 072#F000FF3F00788038
(1675526287.167711) vcan0 1D0#0000000000000061
(1675526287.167863) vcan0 400#730101020201010A
(1675526287.167940) vcan0 405#6D870039002C3A02
(1675526287.168018) vcan0 055#F4F7FF27B24A9C81
(1675526287.168096) vcan0 065#66E5FFF701CE0002
(1675526287.168182) vcan0 070#00000AF802E21500
(1675526287.168259) vcan0 075#0000000000005458
(1675526287.168410) vcan0 080#0B508000C2002C00
(1675526287.168488) vcan0 0B0#39830BA3E1C139A3
(1675526287.168565) vcan0 145#F9D2D280FC4810A1
(1675526287.168643) vcan0 370#0720C000711BC71F
(1675526287.168791) vcan0 288#02E0609F00000080
(1675526287.169951) vcan0 008#3280BC011C800080
(1675526287.170100) vcan0 1B0#00C0000003B000FC
(1675526287.170179) vcan0 1B5#FF89D3A69FE0FFEF
(1675526287.176208) vcan0 1D8#363339343234E143
(1675526287.176283) vcan0 1E0#0014A34300B917E0
(1675526287.176356) vcan0 260#D0FF00AA497487B0
(1675526287.176431) vcan0 010#000000002FB031F8
(1675526287.176574) vcan0 291#0000000000000000
(1675526287.176647) vcan0 2A9#8C26009BC0000084
(1675526287.176739) vcan0 0E0#627300D800807B00
(1675526287.176815) vcan0 290#0000000000000000
(1675526287.176888) vcan0 072#F000FF3F0078A038
(1675526287.177031) vcan0 210#1EE080A0A869D64D
(1675526287.178613) vcan0 125#E50180E4C1D0D735
(1675526287.178686) vcan0 008#3480CCD932800080
(1675526287.184837) vcan0 0F5#E894DF947F63727A
(1675526287.184915) vcan0 120#129513957F065689
(1675526287.184994) vcan0 130#C7FD1DFF1460FA11
(1675526287.185071) vcan0 150#E814028804F877C0
(1675526287.185148) vcan0 010#000000002FB031F8
(1675526287.185299) vcan0 1D0#0000000000000861
(1675526287.185430) vcan0 055#F4F70028B2509C80
(1675526287.185454) vcan0 065#6AE5FFF703CE0002
(1675526287.185532) vcan0 070#00000AF803E21500
(1675526287.185611) vcan0 075#0000000000005458
(1675526287.185697) vcan0 080#0E508000C2002C00
(1675526287.185847) vcan0 0B0#39830BA3E1C139A3
(1675526287.185925) vcan0 145#F9C2D380FC4810A1
(1675526287.186002) vcan0 28C#000000000012FEA5
(1675526287.186153) vcan0 2B5#4BCE2F6293A6771E
(1675526287.186231) vcan0 340#8600000000000000
(1675526287.192068) vcan0 008#3480DCC932800080
(1675526287.192145) vcan0 1B0#00C0000003B000FC
(1675526287.192295) vcan0 1B5#FF96E1ACA6E0FFEF
(1675526287.192374) vcan0 1D8#363339343234E143
(1675526287.192451) vcan0 1E0#0014A30300B917E0
(1675526287.192530) vcan0 2C3#6B8700FFFFA65450
(1675526287.192606) vcan0 010#000000002FB031F8
(1675526287.192756) vcan0 072#F000FF3F00788038
(1675526287.197037) vcan0 0E0#E2730FE000804C00
(1675526287.197111) vcan0 288#0AE0708F00000080
(1675526287.197213) vcan0 125#E5FF7FE4C1D0D735
(1675526287.197355) vcan0 008#3680ECA940800080
(1675526287.200580) vcan0 0F5#E694E0947F67627C
(1675526287.200654) vcan0 120#0495FE947FF65589
(1675526287.200729) vcan0 130#CFFD1DFF1450FD11
(1675526287.200873) vcan0 150#DE14029804F871C0
(1675526287.200945) vcan0 260#D0FF0055497487B0
(1675526287.206692) vcan0 010#000000002FB031F8
(1675526287.206771) vcan0 1D0#0000000000000061
(1675526287.206848) vcan0 210#1EE080A0A869D645
(1675526287.206997) vcan0 291#0000000000000000
(1675526287.207076) vcan0 055#F4F70028B2539C80
(1675526287.207152) vcan0 065#6EE5FFF704CE0102
(1675526287.207230) vcan0 070#00000AF804E21500
(1675526287.207307) vcan0 075#0000000000005458
(1675526287.207385) vcan0 080#10508000C2002C00
(1675526287.207544) vcan0 0B0#39830CA3E1C139A3
(1675526287.207621) vcan0 145#F9B2D480FC4810A1
(1675526287.207699) vcan0 290#0000000000000000
(1675526287.207776) vcan0 2C0#6B8700000000A0F1
(1675526287.207926) vcan0 2C5#02DF6FE66BE50070
(1675526287.209084) vcan0 072#F000FF3F0078A038
(1675526287.209160) vcan0 008#3680FC8A4F800080
(1675526287.214208) vcan0 1B0#00C0000002B000FC
(1675526287.214281) vcan0 1B5#FFA4EEB3ADE0FFEF
(1675526287.214355) vcan0 1D8#363339343234E143
(1675526287.214430) vcan0 1E0#0018934300B917E0
(1675526287.214573) vcan0 010#000000002FB031F9
(1675526287.214647) vcan0 2A9#8C260082C0000084
(1675526287.214720) vcan0 0E0#E27313E800802800
(1675526287.214795) vcan0 350#A200000000000080
(1675526287.216582) vcan0 125#E5FF7FE4C1D0D735
(1675526287.223852) vcan0 288#02E0708F00000080
(1675526287.223928) vcan0 008#38800C8740800080
(1675526287.224001) vcan0 3C8#6B87008E886C008E
(1675526287.224143) vcan0 0F5#D994DD947F6B527D
(1675526287.224244) vcan0 120#FF94ED947F005689
(1675526287.224323) vcan0 130#D7FD1DFF1440FD11
(1675526287.224402) vcan0 150#E71402A803F858C0
(1675526287.224479) vcan0 010#000000002FB031F8
(1675526287.224557) vcan0 072#F000FF3F00788038
(1675526287.224636) vcan0 1D0#0000000000000261
(1675526287.224713) vcan0 055#F4F70128B2579C80
(1675526287.224862) vcan0 065#73E5FFF705CE0102
(1675526287.224941) vcan0 070#00000AF806E21500
(1675526287.225017) vcan0 075#0000000000005458
(1675526287.225096) vcan0 080#11508000C2002C00
(1675526287.225246) vcan0 0B0#39830CA3E1C139A3
(1675526287.225332) vcan0 145#F9A2D580FC4810A1
(1675526287.225411) vcan0 28C#000000000012FEA5
(1675526287.225487) vcan0 2B5#4BCE2F6293A6771F
(1675526287.231546) vcan0 210#1EE08020A869D64D
(1675526287.231621) vcan0 008#3B801C654F800080
(1675526287.231700) vcan0 1B0#00C0000002B000FC
(1675526287.231777) vcan0 1B5#FFB1FCBAB3E0FFEF
(1675526287.231854) vcan0 1D8#363339343234E143
(1675526287.231933) vcan0 1E0#001C834300B917E0
(1675526287.232011) vcan0 260#D0FF0055497487B0
(1675526287.232089) vcan0 2C3#6B8700FFFFA75450
(1675526287.232238) vcan0 010#000000002FB031F8
(1675526287.232316) vcan0 291#0000000000000000
(1675526287.232393) vcan0 330#A100000000000000
(1675526287.232831) vcan0 290#0000000000000000
(1675526287.232981) vcan0 0E0#E2730BF000801000
(1675526287.238744) vcan0 072#F000FF3F0078A038
(1675526287.238817) vcan0 360#6D8700D1A764A001
(1675526287.238891) vcan0 125#E5FD7FE4C1D0D735
(1675526287.239034) vcan0 008#3B802C554F800080
(1675526287.240135) vcan0 0F5#E494E2947F6F427F
(1675526287.240211) vcan0 120#E894CE947F075689
(1675526287.240353) vcan0 130#DFFD1DFF1430FF11
(1675526287.245301) vcan0 150#DD1404B802F852C0
(1675526287.245451) vcan0 010#000000002FB031F8
(1675526287.245530) vcan0 1D0#0000000000000061
(1675526287.245608) vcan0 390#80FF051902125B4F
(1675526287.245685) vcan0 055#F4F70128B2599C80
(1675526287.245762) vcan0 065#77E5FFF703CE0102
(1675526287.245913) vcan0 070#00000AF807E21500
(1675526287.245990) vcan0 075#0000000000005458
(1675526287.246067) vcan0 080#12508000C2002C00
(1675526287.246154) vcan0 0B0#39830CA3E1C139A3
(1675526287.246233) vcan0 145#F992D680FC4810A1
(1675526287.246384) vcan0 288#0EE0708F00000080
(1675526287.247686) vcan0 008#3B803C5440800080
(1675526287.252806) vcan0 1B0#00C0000001B000FC
(1675526287.252884) vcan0 1B5#FFBF09C1BAE0FFEF
(1675526287.252962) vcan0 1D8#363339343234E143
(1675526287.253111) vcan0 1E0#001C830300B917E0
(1675526287.253190) vcan0 010#000000002FB031F8
(1675526287.253266) vcan0 072#F000FF3F00788038
(1675526287.253346) vcan0 210#1EE080A0A869D64D
(1675526287.253422) vcan0 2A9#8C260082C0000084
(1675526287.253501) vcan0 0E0#627301F80080FA00
(1675526287.255256) vcan0 125#E5FA7FE4C1D0D735
(1675526287.259847) vcan0 008#3B804C4440800080
(1675526287.259990) vcan0 0F5#C194D5947F733281
(1675526287.260074) vcan0 120#ED9412957F095689
(1675526287.262477) vcan0 130#E7FA1DE81437FA11
(1675526287.262552) vcan0 150#D71406C802F848C0
(1675526287.262626) vcan0 260#D0FF0055497487B0
(1675526287.262769) vcan0 3CA#00000000560000C8
(1675526287.262842) vcan0 010#000000002FB031F8
(1675526287.262916) vcan0 1D0#0000000000000861
(1675526287.262991) vcan0 291#0000000000000000
(1675526287.266478) vcan0 055#F4F70228B25E9C80
(1675526287.266629) vcan0 065#71E5FFF7FDCD0202
(1675526287.266708) vcan0 070#00000AF808E21500
(1675526287.266785) vcan0 075#0000000000005458
(1675526287.266862) vcan0 080#16508000C2002C00
(1675526287.266940) vcan0 0B0#39830CA3E1C139A3
(1675526287.267018) vcan0 145#F982D780FC4810A1
(1675526287.267169) vcan0 28C#000000000012FEA5
(1675526287.267254) vcan0 290#0000000000000000
(1675526287.267333) vcan0 2B5#4BCE2F6293A67821
(1675526287.267411) vcan0 2C0#6B8700000000A0F1
(1675526287.267489) vcan0 2C5#03DF6FE575E50070
(1675526287.267639) vcan0 340#8600000000000000
(1675526287.267716) vcan0 370#0720C000711BC71F
(1675526287.267794) vcan0 3AF#0000000000000020
(1675526287.272632) vcan0 3E0#000000D930808090
(1675526287.272710) vcan0 072#F000FF3F0078A038
(1675526287.272788) vcan0 3B0#00D8423839A4C400
(1675526287.272939) vcan0 288#02E0708F00000080
(1675526287.273017) vcan0 008#3B805C3440800080
(1675526287.273094) vcan0 1B0#00C0000006B000FC
(1675526287.273171) vcan0 1B5#FFCD17C7C1E0FFEF
(1675526287.273249) vcan0 1D8#363339343234E043
(1675526287.273327) vcan0 1E0#0020734300B917E0
(1675526287.273485) vcan0 2C3#6B8700FFFFA75450
(1675526287.273562) vcan0 010#000000002FB031F8
(1675526287.273641) vcan0 0E0#62730AC00080D100
(1675526287.279701) vcan0 210#1EE080A0A869D645
(1675526287.279775) vcan0 125#E5FA7FE4C1D0D735
(1675526287.279850) vcan0 008#3B806C392B800080
(1675526287.279993) vcan0 0F5#D594D5947F772282
(1675526287.281025) vcan0 120#069503957F075689
(1675526287.281099) vcan0 130#EFFA1DE81427F411
(1675526287.281175) vcan0 150#D01402D801F83FC0
(1675526287.284871) vcan0 010#000000002FB031F8
(1675526287.284950) vcan0 072#F000FF3F00788038
(1675526287.285025) vcan0 1D0#0000000000000061
(1675526287.285104) vcan0 055#F4F70228B2629C81
(1675526287.285254) vcan0 065#71E500F8FFCD0302
(1675526287.285332) vcan0 070#00000AF809E21500
(1675526287.285422) vcan0 075#0000000000005458
(1675526287.285501) vcan0 080#18508000C2002C00
(1675526287.285577) vcan0 0B0#39830CA3E1C139A3
(1675526287.285654) vcan0 145#F972D880FC4810A1
(1675526287.290702) vcan0 008#3B807C292B800080
(1675526287.290853) vcan0 1B0#00C0000003B000FC
(1675526287.290931) vcan0 1B5#FFDA25CEC8E0FFEF
(1675526287.291008) vcan0 1D8#363339343234E143
(1675526287.291086) vcan0 1E0#0024634300B917E0
(1675526287.291164) vcan0 260#D0FF0055497487B0
(1675526287.293189) vcan0 010#000000002FB031F9
(1675526287.293339) vcan0 291#0000000000000000
(1675526287.293417) vcan0 2A9#8C26009BC0000084
(1675526287.293496) vcan0 0E0#627303C80080B800
(1675526287.293573) vcan0 290#0000000000000000
(1675526287.295737) vcan0 288#EDDF807F00000080
(1675526287.295821) vcan0 072#F000FF3F0078A038
(1675526287.300554) vcan0 125#E5FA7FE4C1D0D735
(1675526287.300628) vcan0 008#3B808C281C800080
(1675526287.300702) vcan0 0F5#E294DF947F7B1284
(1675526287.300844) vcan0 120#089510957F005689
(1675526287.300919) vcan0 130#F7FA1DE81417EF11
(1675526287.300992) vcan0 150#DC14FFE701F823C0
(1675526287.304393) vcan0 010#000000002FB031F8
(1675526287.304472) vcan0 1D0#0000000000000261
(1675526287.304550) vcan0 210#1EE080A0A869D645
(1675526287.304627) vcan0 055#F4F70328B2669C81
(1675526287.304777) vcan0 065#74E501F802CE0602
(1675526287.304854) vcan0 070#00000AF80BE21500
(1675526287.304933) vcan0 075#0000000000005458
(1675526287.305010) vcan0 080#19508000C2002C00
(1675526287.305088) vcan0 0B0#39830CA3E1C139A3
(1675526287.306834) vcan0 145#F962D980FC4810A1
(1675526287.306912) vcan0 28C#000000000012FEA5
(1675526287.307061) vcan0 2B5#4BCE2F6293A67826
(1675526287.307139) vcan0 350#A200000000000080
(1675526287.307218) vcan0 008#3B809C260E800080
(1675526287.312982) vcan0 1B0#00C0000002B000FC
(1675526287.313061) vcan0 1B5#FFE832D5CEE0FFEF
(1675526287.313143) vcan0 1D8#363339343234E143
(1675526287.313216) vcan0 1E0#0024630300B917E0
(1675526287.313293) vcan0 2C3#6B8700FFFFA75450
(1675526287.313443) vcan0 010#000000002FB031F8
(1675526287.313521) vcan0 072#F000FF3F00788038
(1675526287.313598) vcan0 330#A100000000000000
(1675526287.313675) vcan0 0E0#627300D000809B00
(1675526287.315354) vcan0 125#E5FA7FE4C1D0D735
(1675526287.319945) vcan0 288#FEDF807F00000080
(1675526287.320029) vcan0 008#3D80AC140E800080
(1675526287.320103) vcan0 0F5#C894D7947F7F0286
(1675526287.320176) vcan0 120#04950A957F0E5689
(1675526287.320321) vcan0 130#FFFD1DE81407EF11
(1675526287.322311) vcan0 150#D814FEF700F817C0
(1675526287.322385) vcan0 260#D0FF00AA497487B0
(1675526287.322529) vcan0 010#000000002FB031F8
(1675526287.322603) vcan0 1D0#0000000000000061
(1675526287.322676) vcan0 291#0000000000000000
(1675526287.327276) vcan0 055#F4F70328B2679C80
(1675526287.327355) vcan0 065#63E502F8F7CD0902
(1675526287.327504) vcan0 070#00000AF80CE21500
(1675526287.327582) vcan0 075#0000000000005458
(1675526287.327659) vcan0 080#1A508000C2002C00
(1675526287.327738) vcan0 0B0#39830CA3E1C139A3
(1675526287.327815) vcan0 145#F952DA80FC4810A1
(1675526287.327902) vcan0 290#0000000000000000
(1675526287.327980) vcan0 2C0#6B8700000000A0F1
(1675526287.328131) vcan0 2C5#06DF70E572E50070
(1675526287.328208) vcan0 072#F000FF3F0078A038
(1675526287.328286) vcan0 210#1EE080A0A869D64D
(1675526287.328363) vcan0 008#3D80BC1200800080
(1675526287.330748) vcan0 1B0#00C0000004B000FC
(1675526287.330826) vcan0 1B5#FFF540DCD5E0FFEF
(1675526287.330975) vcan0 1D8#363339343234E043
(1675526287.331052) vcan0 1E0#0028534300B917E0
(1675526287.333219) vcan0 010#000000002FB031F8
(1675526287.333296) vcan0 2A9#8C26008AC0000084
(1675526287.333374) vcan0 0E0#627300D800807B00
(1675526287.335617) vcan0 360#6D8700D1A764A001
(1675526287.342602) vcan0 125#E5FA7FE4C1D0D735
(1675526287.342746) vcan0 3C8#6B87008E886C008E
(1675526287.342841) vcan0 008#3D80CC0200800080
(1675526287.342917) vcan0 0F5#C994D5947F43F288
(1675526287.342991) vcan0 120#1095EF947F075689
(1675526287.343064) vcan0 130#87FD1DE814F7EF11
(1675526287.343206) vcan0 150#CF14020800F810C0
(1675526287.343281) vcan0 010#000000002FB031F8
(1675526287.343355) vcan0 072#F000FF3F00788038
(1675526287.343428) vcan0 1D0#0000000000000861
(1675526287.343504) vcan0 390#80FF051902125B4F
(1675526287.346620) vcan0 055#F4F70428B2679C80
(1675526287.346698) vcan0 065#54E502F8F3CD0B02
(1675526287.346775) vcan0 070#00000AF80EE21500
(1675526287.346852) vcan0 075#0000000000005458
(1675526287.346930) vcan0 080#1B508000C2002C00
(1675526287.347080) vcan0 0B0#39830BA3E1C139A3
(1675526287.347159) vcan0 145#F942DB80FC4810A1
(1675526287.347245) vcan0 288#FEDF807F00000080
(1675526287.347323) vcan0 28C#000000000012FEA5
(1675526287.347400) vcan0 2B5#4BCE2F6293A6782E
(1675526287.347479) vcan0 340#8600000000000000
(1675526287.347628) vcan0 008#3D80DCF200800080
(1675526287.353753) vcan0 1B0#00C0000000B000FC
(1675526287.353830) vcan0 1B5#FF034DE2DCE0FFEF
(1675526287.353907) vcan0 1D8#363339343234E143
(1675526287.353985) vcan0 1E0#002C434300B917E0
(1675526287.354136) vcan0 260#D0FF00AA497487B0
(1675526287.354216) vcan0 2C3#6B8700FFFFA75450
(1675526287.354289) vcan0 010#000000002FB031F8
(1675526287.354364) vcan0 210#1EE080A0A869D645
(1675526287.354507) vcan0 291#0000000000000000
(1675526287.354580) vcan0 3D0#960F6100170480C3
(1675526287.354654) vcan0 290#0000000000000000
(1675526287.354736) vcan0 0E0#627302E000805900
(1675526287.356180) vcan0 072#F000FF3F0078A038
(1675526287.363297) vcan0 125#E5FA7FE4C1D0D735
(1675526287.363372) vcan0 008#3D80ECE200800080
(1675526287.363515) vcan0 0F5#CE94CC947F47E289
(1675526287.363591) vcan0 120#FA9406957F045689
(1675526287.363663) vcan0 130#8FFD1DE814E7F411
(1675526287.363738) vcan0 150#D014011800F8FFC0
(1675526287.363879) vcan0 010#000000002FB031F8
(1675526287.363953) vcan0 1D0#0000000000000061
(1675526287.364028) vcan0 055#F4F70428B2679C80
(1675526287.364101) vcan0 065#51E504F8F9CD1002
(1675526287.370511) vcan0 070#00000AF80FE21500
(1675526287.370587) vcan0 075#0000000000005458
(1675526287.370666) vcan0 080#1B508000C2002C00
(1675526287.370744) vcan0 0B0#398309A3E1C139A3
(1675526287.370830) vcan0 145#F932DC80FC4810A1
(1675526287.370980) vcan0 370#0720C000711BC71F
(1675526287.371059) vcan0 288#FEDF807F00000080
(1675526287.371136) vcan0 008#3D80FCD200800080
(1675526287.371214) vcan0 1B0#00C0000001B000FC
(1675526287.371291) vcan0 1B5#FF115BE9E3E0FFEF
(1675526287.371441) vcan0 1D8#363339343234E043
(1675526287.371879) vcan0 1E0#002C430300B917E0
(1675526287.374498) vcan0 010#000000002FB031F9
(1675526287.374572) vcan0 072#F000FF3F00788038
(1675526287.374716) vcan0 2A9#8C260093C0000084
(1675526287.374790) vcan0 0E0#627302E800803900
(1675526287.374863) vcan0 210#1EE08020A869D64D
(1675526287.378083) vcan0 125#E5FA7FE4C1D0D735
(1675526287.378157) vcan0 008#3D800CC200800080
(1675526287.384183) vcan0 0F5#D594CE947F4BD28B
(1675526287.384236) vcan0 120#FA94FC947F015689
(1675526287.384390) vcan0 130#97FD1DE814D7FA11
(1675526287.384468) vcan0 150#CE14012800F8F1C0
(1675526287.384545) vcan0 260#D0FF00AA497487B0
(1675526287.384622) vcan0 3CA#00000000400000C8
(1675526287.384700) vcan0 010#000000002FB031F8
(1675526287.384779) vcan0 1D0#0000000000000261
(1675526287.384929) vcan0 291#0000000000000000
(1675526287.385005) vcan0 055#F4F70528B2679C80
(1675526287.385084) vcan0 065#55E506F8FFCD1702
(1675526287.385234) vcan0 070#00000AF811E21500
(1675526287.385310) vcan0 075#0000000000005458
(1675526287.385389) vcan0 080#1B508000C2002C00
(1675526287.390289) vcan0 0B0#398309A3E1C139A3
(1675526287.390367) vcan0 145#F922DD80FC4810A1
(1675526287.390443) vcan0 28C#000000000012FEA5
(1675526287.390530) vcan0 290#0000000000000000
(1675526287.390608) vcan0 2B5#4BCE2F6293A67835
(1675526287.390758) vcan0 2C0#6B8700000000A0F1
(1675526287.390835) vcan0 2C5#07DF70E554E50070
(1675526287.390913) vcan0 3AF#0000000000000020
(1675526287.390991) vcan0 072#F000FF3F0078A038
(1675526287.391068) vcan0 3B0#00D8423839A4C400
(1675526287.391219) vcan0 008#3D801C9D15800080
(1675526287.391296) vcan0 1B0#00C0000001B000FC
(1675526287.391374) vcan0 1B5#FF1E68F0E9E0FFEF
