(1675525744.590112) vcan0 070#000010F8DEE11D00
(1675525744.592924) vcan0 075#0000000000005458
(1675525744.593005) vcan0 080#D14F8000C2002C00
(1675525744.593082) vcan0 0B0#3C8314A3DEC13CA3
(1675525744.593159) vcan0 145#F9C2D380FCC810A1
(1675525744.593237) vcan0 28C#000000000014BEA9
(1675525744.593389) vcan0 290#0000000000000000
(1675525744.593466) vcan0 2B5#4B4C366293A6B000
(1675525744.593544) vcan0 2C0#528700BB0100A0F1
(1675525744.593623) vcan0 2C5#00E786C7E8E60070
(1675525744.593700) vcan0 288#49DF609F00000080
(1675525744.593851) vcan0 370#0720C0007A1BC71F
(1675525744.593927) vcan0 3AF#0000000000000020
(1675525744.594006) vcan0 0F5#B291C191BF4BD1D3
(1675525744.594083) vcan0 120#D991F3917FFC5589
(1675525744.594161) vcan0 130#97EF1DDF11E3E911
(1675525744.595877) vcan0 150#B911C627C2F709C0
(1675525744.595965) vcan0 3CA#00000000540000C8
(1675525744.596040) vcan0 3E0#000000D92E808090
(1675525744.597011) vcan0 008#0A81443400800080
(1675525744.598046) vcan0 010#009000002FB031F8
(1675525744.599221) vcan0 291#0000000000000000
(1675525744.600258) vcan0 0E0#E27333D000806800
(1675525744.601364) vcan0 1B0#00C0000001B000FC
(1675525744.602469) vcan0 1B5#FF1699FF38E0FFEF
(1675525744.603574) vcan0 1D8#363339343234D943
(1675525744.603650) vcan0 072#F000FF3F00788038
(1675525744.603724) vcan0 1E0#0030334300B917E0
(1675525744.603797) vcan0 2C3#528700FFFFB55450
(1675525744.606009) vcan0 125#E5407FE4C1D0D735
(1675525744.608902) vcan0 010#009000002FB031F8
(1675525744.608980) vcan0 1D0#0000000000000061
(1675525744.609136) vcan0 008#0A81542400800080
(1675525744.609220) vcan0 210#1DE080A0A869CC45
(1675525744.609298) vcan0 055#EEF7EE67B3009C80
(1675525744.609376) vcan0 065#D6E6EEF7F48DDE01
(1675525744.609959) vcan0 070#000010F8DFE11E00
(1675525744.610111) vcan0 075#0000000000005458
(1675525744.610188) vcan0 080#D14F8000C2002C00
(1675525744.610266) vcan0 0B0#3C8314A3DEC13CA3
(1675525744.611066) vcan0 145#F9B2D480FCC810A1
(1675525744.612083) vcan0 3C8#5287008E882C008E
(1675525744.613171) vcan0 0F5#AE91B991BF4FC1D4
(1675525744.613247) vcan0 120#DD91E6917FFA5589
(1675525744.613326) vcan0 130#9FF21DDF11D3EF11
(1675525744.615976) vcan0 150#B311C337C3F7FFC0
(1675525744.616049) vcan0 260#D0FF0055498585B0
(1675525744.617156) vcan0 288#45DF609F00000080
(1675525744.618191) vcan0 010#009000002FB031F9
(1675525744.618275) vcan0 072#F000FF3F0078A038
(1675525744.618348) vcan0 2A9#8C26009BC0000084
(1675525744.618491) vcan0 008#0A81641400800080
(1675525744.619252) vcan0 400#010100010204051A
(1675525744.619328) vcan0 290#0000000000000000
(1675525744.620429) vcan0 0E0#E27335D800804600
(1675525744.621465) vcan0 1B0#00C0000001B000FC
(1675525744.622503) vcan0 1B5#FF22A5053EE0FFEF
(1675525744.623606) vcan0 1D8#363339343234D943
(1675525744.623681) vcan0 1E0#0030330300B917E0
(1675525744.626167) vcan0 010#009000002FB031F8
(1675525744.628991) vcan0 125#E53D7FE4C1D0D735
(1675525744.629068) vcan0 1D0#0000000000000A61
(1675525744.629218) vcan0 008#0A81740400800080
(1675525744.629295) vcan0 291#0000000000000000
(1675525744.629375) vcan0 055#EEF7EE67B3009C80
(1675525744.629463) vcan0 065#D5E6EEF7F98DDF01
(1675525744.630049) vcan0 070#000010F8DFE11E00
(1675525744.630198) vcan0 075#0000000000005458
(1675525744.630277) vcan0 080#D14F8000C2002C00
(1675525744.630354) vcan0 0B0#3C8314A3DEC13CA3
(1675525744.631228) vcan0 145#F9A2D580FCC810A1
(1675525744.631306) vcan0 28C#000000000014BEA9
(1675525744.631384) vcan0 2B5#4B4C366293A6AD00
(1675525744.631535) vcan0 340#8C00000000000000
(1675525744.632262) vcan0 0F5#9D91BC91BF53B1D6
(1675525744.635084) vcan0 072#F000FF3F00788038
(1675525744.635235) vcan0 120#DB91D7917FFE5589
(1675525744.635342) vcan0 130#A7F21DDB11C7F411
(1675525744.635417) vcan0 150#AC11C247C3F7F6C0
(1675525744.635492) vcan0 210#1CE08020A869CC4D
(1675525744.635568) vcan0 3B0#00D86A383BB4C400
(1675525744.636270) vcan0 010#009000002FB031F8
(1675525744.637309) vcan0 330#BC00000000000000
(1675525744.638484) vcan0 008#0A8184F400800080
(1675525744.639517) vcan0 288#45DF609F00000080
(1675525744.640692) vcan0 360#5B87000BB664A0C9
(1675525744.641727) vcan0 0E0#E27338E000802300
(1675525744.642830) vcan0 1B0#00C0000003B000FC
(1675525744.642904) vcan0 1B5#FF2EB00B43E0FFEF
(1675525744.644146) vcan0 1D8#363339343234D943
(1675525744.644220) vcan0 1E0#0034234300B917E0
(1675525744.644294) vcan0 2C3#528700FFFFB55450
(1675525744.645191) vcan0 260#D0FF0055498685B0
(1675525744.648112) vcan0 010#009000002FB031F8
(1675525744.648191) vcan0 072#F000FF3F0078A038
(1675525744.648267) vcan0 125#E53D7FE4C1D0D735
(1675525744.648346) vcan0 008#0A8194E400800080
(1675525744.649236) vcan0 1D0#0000000000000061
(1675525744.649315) vcan0 390#80FF051D02065E4F
