(1675526319.180319) vcan0 0B0#39830BA3E1C139A3
(1675526319.180376) vcan0 125#E50A80E4C1D0D735
(1675526319.181616) vcan0 145#F9B2D480FC4810A1
(1675526319.181699) vcan0 008#3280F45D00800080
(1675526319.186220) vcan0 1B0#00C0000002B000FC
(1675526319.186294) vcan0 1B5#FF1E709187E0FFEF
(1675526319.186436) vcan0 1D8#363339343234E143
(1675526319.191262) vcan0 010#000000002FB031F9
(1675526319.191412) vcan0 072#F000FF3F00788038
(1675526319.191491) vcan0 1E0#002C430300B917E0
(1675526319.191569) vcan0 260#D0FF0055497487B0
(1675526319.191647) vcan0 2A9#8C260082C0000084
(1675526319.191723) vcan0 400#010502000103021F
(1675526319.191802) vcan0 405#0000000000000024
(1675526319.191952) vcan0 288#0EE0708F00000080
(1675526319.192029) vcan0 0E0#62732AE800801100
(1675526319.193621) vcan0 008#3280044D00800080
(1675526319.199679) vcan0 0F5#D394E0947F6B522E
(1675526319.199757) vcan0 120#039506957F055689
(1675526319.199845) vcan0 130#D7FF1DF3144CFF11
(1675526319.199922) vcan0 010#000000002FB031F8
(1675526319.200073) vcan0 150#E11404A807F85EC0
(1675526319.200150) vcan0 1D0#0000000000000261
(1675526319.200228) vcan0 291#0000000000000000
(1675526319.200306) vcan0 3CA#00000000540000C8
(1675526319.200382) vcan0 055#F4F70828B25E9C80
(1675526319.200460) vcan0 065#5FE507F800CE1702
(1675526319.200609) vcan0 070#00000AF818E21500
(1675526319.200688) vcan0 075#0000000000005458
(1675526319.200765) vcan0 080#16508000C2002C00
(1675526319.200917) vcan0 0B0#39830BA3E1C139A3
(1675526319.200993) vcan0 125#E50A80E4C1D0D735
(1675526319.202297) vcan0 145#F9A2D580FC4810A1
(1675526319.202376) vcan0 28C#000000000010FEA5
(1675526319.202452) vcan0 290#0000000000000000
(1675526319.202537) vcan0 2B5#4BA8306293A67634
(1675526319.202617) vcan0 2C0#6B8700000000A0F1
(1675526319.202694) vcan0 2C5#0ADF6EE45FE50070
(1675526319.202845) vcan0 3AF#0000000000000020
(1675526319.202922) vcan0 072#F000FF3F0078A038
(1675526319.203000) vcan0 210#21E080A0A869D74D
(1675526319.203077) vcan0 3B0#00D8333838A4C400
(1675526319.207192) vcan0 008#3280143D00800080
(1675526319.207269) vcan0 1B0#00C0000003B000FC
(1675526319.207347) vcan0 1B5#FF2B7E978EE0FFEF
(1675526319.207497) vcan0 1D8#363339343234E143
(1675526319.207575) vcan0 010#000000002FB031F8
(1675526319.207652) vcan0 1E0#0030334300B917E0
(1675526319.207731) vcan0 2C3#6B8700FFFF435450
(1675526319.207808) vcan0 330#B400000000000000
(1675526319.207957) vcan0 350#A200000000000080
(1675526319.209646) vcan0 360#6D8700D1A764A001
(1675526319.212118) vcan0 0E0#627329F00080F200
(1675526319.218285) vcan0 008#3280242D00800080
(1675526319.218359) vcan0 0F5#E094D1947F6F422F
(1675526319.218433) vcan0 120#0495FF947F035689
(1675526319.218576) vcan0 130#DFFF1DF3143CFF11
(1675526319.218650) vcan0 150#D71404B807F858C0
(1675526319.218724) vcan0 010#000000002FB031F8
(1675526319.218798) vcan0 072#F000FF3F00788038
(1675526319.218941) vcan0 1D0#0000000000000061
(1675526319.219014) vcan0 260#D0FF0055497487B0
(1675526319.219088) vcan0 055#F4F70828B25E9C80
(1675526319.219163) vcan0 065#5CE507F8FECD1802
(1675526319.219306) vcan0 070#00000AF818E21500
(1675526319.222251) vcan0 075#0000000000005458
(1675526319.222325) vcan0 080#17508000C2002C00
(1675526319.222408) vcan0 0B0#39830BA3E1C139A3
(1675526319.222552) vcan0 125#E50A80E4C1D0D735
(1675526319.222627) vcan0 145#F992D680FC4810A1
(1675526319.222700) vcan0 288#02E0708F00000080
(1675526319.222774) vcan0 390#80FF051902165A4F
(1675526319.222918) vcan0 008#3280341D00800080
(1675526319.226893) vcan0 1B0#00C0000002B000FC
(1675526319.226967) vcan0 1B5#FF398B9E95E0FFEF
(1675526319.227040) vcan0 1D8#363339343234E143
(1675526319.227183) vcan0 010#000000002FB031F8
(1675526319.227258) vcan0 1E0#0034234300B917E0
(1675526319.228288) vcan0 210#21E080A0A869D74D
(1675526319.228363) vcan0 291#0000000000000000
(1675526319.228506) vcan0 2A9#8C260082C0000084
(1675526319.228579) vcan0 290#0000000000000000
(1675526319.231909) vcan0 072#F000FF3F0078A038
(1675526319.231997) vcan0 0E0#627325F80080D600
(1675526319.234384) vcan0 008#3280440D00800080
(1675526319.239289) vcan0 0F5#D894D7947F733231
(1675526319.239441) vcan0 120#0E95ED947FFF5589
(1675526319.239520) vcan0 130#E7FF1DF3142CFF11
(1675526319.239595) vcan0 150#DB1402C806F844C0
(1675526319.239669) vcan0 010#000000002FB031F8
(1675526319.239744) vcan0 1D0#0000000000000861
(1675526319.239885) vcan0 055#F4F70828B25D9C80
(1675526319.239960) vcan0 065#5DE508F800CE1802
(1675526319.240035) vcan0 070#00000AF818E21500
(1675526319.240108) vcan0 075#0000000000005458
(1675526319.240251) vcan0 080#17508000C2002C00
(1675526319.240325) vcan0 0B0#39830AA3E1C139A3
(1675526319.240399) vcan0 125#E50A80E4C1D0D735
(1675526319.240543) vcan0 145#F982D780FC4810A1
