(1675525575.321495) vcan0 290#0000000000000000
(1675525575.321553) vcan0 2C0#669C00000000A0F1
(1675525575.321697) vcan0 2C5#67E785D821E60070
(1675525575.324240) vcan0 125#E57D80E4C1D0D735
(1675525575.324384) vcan0 370#2727C0007303CB1F
(1675525575.324466) vcan0 3E0#000000D934808092
(1675525575.324541) vcan0 1B0#00C0000004B000FC
(1675525575.324614) vcan0 1B5#FF88565F67E0FFEF
(1675525575.324689) vcan0 008#368000C900800080
(1675525575.324832) vcan0 1D8#363339343234DF43
(1675525575.324905) vcan0 1E0#0018934300B917E0
(1675525575.324981) vcan0 010#000000002FB031F8
(1675525575.325054) vcan0 1D0#0000000000000A61
(1675525575.325198) vcan0 210#08E080A0BB69BB4D
(1675525575.330847) vcan0 0F5#5FA052A07F6B520D
(1675525575.330924) vcan0 120#6DA055A07F125689
(1675525575.331003) vcan0 130#D7121E5520DE1512
(1675525575.331081) vcan0 008#368010B900800080
(1675525575.331231) vcan0 150#582028A82DF8DBC0
(1675525575.334269) vcan0 010#000000002FB031F8
(1675525575.334346) vcan0 072#F000FF3F00A0A038
(1675525575.334445) vcan0 260#D0FF0055497487B0
(1675525575.341449) vcan0 0E0#627346D000805500
(1675525575.341523) vcan0 288#74E030CF00000080
(1675525575.341667) vcan0 055#F7F73B28B2A49D80
(1675525575.341742) vcan0 065#1EE63BF8FEDDDA02
(1675525575.341816) vcan0 070#000009F8DAE20F00
(1675525575.341890) vcan0 075#0000000000005458
(1675525575.342032) vcan0 080#9B508000C2002C00
(1675525575.342106) vcan0 0B0#52831DA3E0C152A3
(1675525575.342181) vcan0 145#F9C2D380FC4810A1
(1675525575.342255) vcan0 28C#00000000002EFEA8
(1675525575.342398) vcan0 2B5#4BC31C6293A686E7
(1675525575.342473) vcan0 340#8C00000000000000
(1675525575.342616) vcan0 125#E57D80E4C1D0D735
(1675525575.342690) vcan0 1B0#00C0000002B000FC
(1675525575.342765) vcan0 1B5#FF9D6B6971E0FFEF
(1675525575.349704) vcan0 008#368020A900800080
(1675525575.349784) vcan0 1D8#363339343234DF43
(1675525575.349861) vcan0 1E0#0018930300B917E0
(1675525575.349940) vcan0 2C3#669C00FFFF1C5450
(1675525575.350017) vcan0 010#000000002FB031F8
(1675525575.350167) vcan0 1D0#0000000000000061
(1675525575.350246) vcan0 291#0000000000000000
(1675525575.350323) vcan0 290#0000000000000000
(1675525575.350401) vcan0 072#F000FF3F00A08038
(1675525575.350479) vcan0 210#08E08020BB69BB45
(1675525575.350558) vcan0 0F5#5BA05BA07F6F4210
(1675525575.350708) vcan0 120#52A055A07F105689
(1675525575.352156) vcan0 130#DF151E5520CE1212
(1675525575.352233) vcan0 008#3680309900800080
(1675525575.352311) vcan0 150#5B2025B82DF8C8C0
(1675525575.361339) vcan0 010#000000002FB031F8
(1675525575.361423) vcan0 2A9#8C260082C0000084
(1675525575.361500) vcan0 0E0#627344D800803700
(1675525575.361573) vcan0 055#F7F73B28B2A59D80
(1675525575.361649) vcan0 065#1CE63BF8FFDDDA02
(1675525575.361791) vcan0 070#000009F8DAE20F00
(1675525575.361866) vcan0 075#0000000000005458
(1675525575.361940) vcan0 080#9B508000C2002C00
(1675525575.362014) vcan0 0B0#52831DA3E0C152A3
(1675525575.362089) vcan0 145#F9B2D480FC4810A1
(1675525575.362163) vcan0 360#6D9C00D2B343A001
(1675525575.362307) vcan0 125#E57A80E4C1D0D735
(1675525575.362381) vcan0 1B0#00C0000001B000FC
(1675525575.362455) vcan0 1B5#FFB280737CE0FFEF
(1675525575.362529) vcan0 008#3680408900800080
(1675525575.364935) vcan0 1D8#363339343234DF43
(1675525575.365008) vcan0 1E0#001C834300B917E0
(1675525575.365091) vcan0 288#89E040BF00000080
(1675525575.365167) vcan0 350#A200000000000080
(1675525575.365309) vcan0 260#D0FF0055497487B0
(1675525575.365383) vcan0 010#000000002FB031F8
(1675525575.365456) vcan0 072#F000FF3F00A0A038
(1675525575.365530) vcan0 1D0#0000000000000061
(1675525575.375401) vcan0 390#80FF050002165A4F
(1675525575.375481) vcan0 0F5#6DA062A07F733212
(1675525575.375558) vcan0 120#7FA069A07F0F5689
(1675525575.375635) vcan0 130#E7121E6920AA1212
(1675525575.375787) vcan0 008#3680507900800080
(1675525575.375864) vcan0 150#67202AC82DF8ACC0
(1675525575.375943) vcan0 3CA#00000000540000C8
(1675525575.376020) vcan0 010#000000002FB031F8
(1675525575.376097) vcan0 210#08E080A0BB69BB45
(1675525575.376248) vcan0 291#0000000000000000
(1675525575.376335) vcan0 330#2800000000000000
(1675525575.376412) vcan0 3D0#970F6100D11480C3
(1675525575.376491) vcan0 0E0#627341E000801A00
(1675525575.377797) vcan0 055#F7F73B28B2A59D80
(1675525575.381617) vcan0 065#21E63BF802DEDA02
(1675525575.381760) vcan0 070#000009F8DAE20F00
(1675525575.381834) vcan0 075#0000000000005458
(1675525575.381909) vcan0 080#9B508000C2002C00
(1675525575.381982) vcan0 072#F000FF3F00A08038
(1675525575.382127) vcan0 0B0#52831DA3E0C152A3
(1675525575.382201) vcan0 145#F9A2D580FC4810A1
(1675525575.382275) vcan0 28C#00000000002EFEA7
(1675525575.382349) vcan0 290#0000000000000000
(1675525575.382493) vcan0 2B5#4BC31C6293A686E7
