(1675526015.668294) vcan0 150#84008097EDF3DFC0
(1675526015.668358) vcan0 360#468700ABC164A001
(1675526015.669500) vcan0 008#7BABC41900800080
(1675526015.671042) vcan0 0E0#E271F8F800800B00
(1675526015.672515) vcan0 010#008000002FB031F8
(1675526015.672644) vcan0 1D0#0000000000000061
(1675526015.672722) vcan0 390#80FF05000232534F
(1675526015.673984) vcan0 260#D0FF0055495A84B0
(1675526015.675463) vcan0 125#E54455E5C1D0D735
(1675526015.676965) vcan0 1B0#00C0000000B000EC
(1675526015.677094) vcan0 1B5#FF043B91A7E0FFEF
(1675526015.677174) vcan0 1D8#363339343234DE43
(1675526015.677250) vcan0 1E0#002C4B4100B917E0
(1675526015.678641) vcan0 055#BDF7EA27B2009C80
(1675526015.678771) vcan0 008#7BABD40900800080
(1675526015.678850) vcan0 065#D3E326E8FF8D1802
(1675526015.678928) vcan0 070#000041A8F3E15B00
(1675526015.679005) vcan0 075#0000000000005458
(1675526015.679081) vcan0 080#C84F8000C2002C00
(1675526015.679793) vcan0 0B0#3E84ACA2F2C13EA4
(1675526015.679871) vcan0 145#FDA2D580FCC810A1
(1675526015.682525) vcan0 288#89DE20DF00000080
(1675526015.682653) vcan0 010#008000002FB031F8
(1675526015.682730) vcan0 072#F000FF3F0078A038
(1675526015.682808) vcan0 210#24E180A0AA69CA45
(1675526015.682896) vcan0 2A9#8C260082C0000084
(1675526015.686429) vcan0 0F5#73809B807F6B5227
(1675526015.687727) vcan0 120#598084807FFB5589
(1675526015.687855) vcan0 130#D7071E7300E00112
(1675526015.687931) vcan0 150#870084A7EFF3CCC0
(1675526015.688008) vcan0 3CA#00000000530000C8
(1675526015.689198) vcan0 008#7BABE4F900800080
(1675526015.689351) vcan0 290#0000000000000000
(1675526015.690717) vcan0 0E0#E271FDC00080E600
(1675526015.692188) vcan0 010#008000002FB031F8
(1675526015.692317) vcan0 1D0#0000000000000861
(1675526015.692395) vcan0 291#0000000000000000
(1675526015.694864) vcan0 125#E54455E5C1D0D735
(1675526015.696215) vcan0 1B0#00C0000000B000EC
(1675526015.699260) vcan0 1B5#FF043B91A8E0FFEF
(1675526015.699318) vcan0 1D8#363339343234DE43
(1675526015.699402) vcan0 1E0#00303B4100B917E0
(1675526015.699551) vcan0 072#F000FF3F00788038
(1675526015.699630) vcan0 2C3#468700FFFF035450
(1675526015.699708) vcan0 3B0#00D8193849C0C402
(1675526015.699785) vcan0 055#BDF7EA27B2009C80
(1675526015.699863) vcan0 008#7BABF4E900800080
(1675526015.699939) vcan0 065#D3E327E8FF8D1A02
(1675526015.700018) vcan0 070#000041A8F3E15B00
(1675526015.700168) vcan0 075#0000000000005458
(1675526015.700247) vcan0 080#C84F8000C2002C00
(1675526015.700325) vcan0 0B0#3D84ABA2F3C13DA4
(1675526015.700403) vcan0 145#FD92D680FCC810A1
(1675526015.700480) vcan0 28C#00002000001CBE9A
(1675526015.701771) vcan0 2B5#4B614B6293A64E54
(1675526015.701829) vcan0 340#4800000000000000
(1675526015.701906) vcan0 370#071EC000461BC71F
(1675526015.703296) vcan0 010#008000002FB031F9
(1675526015.703728) vcan0 330#0000000000000000
(1675526015.704799) vcan0 260#D0FF0055495A84B0
(1675526015.706290) vcan0 0F5#78809B807F6F4227
(1675526015.706346) vcan0 120#59808A807FFF5589
(1675526015.707361) vcan0 130#DF071E7800CB0412
(1675526015.707490) vcan0 150#890084B7F1F3BAC0
(1675526015.708730) vcan0 210#24E180A0AA69CA4D
(1675526015.708859) vcan0 288#89DE20DF00000080
(1675526015.708937) vcan0 008#7BAB04D900800080
(1675526015.710251) vcan0 0E0#E271FDC80080C600
(1675526015.711794) vcan0 010#008000002FB031F8
(1675526015.711850) vcan0 072#F000FF3F0078A038
(1675526015.712843) vcan0 1D0#0000000000000261
(1675526015.715412) vcan0 125#E54255E5C1D0D735
(1675526015.716744) vcan0 1B0#00C0000000B000EC
(1675526015.719753) vcan0 1B5#FF043C92A8E0FFEF
(1675526015.719830) vcan0 1D8#363339343234DE43
(1675526015.719907) vcan0 1E0#00303B0100B917E0
(1675526015.719984) vcan0 055#BDF7EB27B2009C80
(1675526015.720135) vcan0 065#D2E328E8008E1A02
(1675526015.720213) vcan0 008#7BAB14C900800080
(1675526015.720290) vcan0 070#000041A8F3E15B00
(1675526015.720367) vcan0 075#0000000000005458
(1675526015.720443) vcan0 080#CA4F8000C2002C00
(1675526015.720525) vcan0 0B0#3D84ABA2F3C13DA4
(1675526015.720675) vcan0 145#FD82D780FCC810A1
(1675526015.720755) vcan0 290#0000000000000000
(1675526015.720834) vcan0 2C0#468700E50100A0F1
(1675526015.720918) vcan0 2C5#00D73300D5E30070
(1675526015.722388) vcan0 010#008000002FB031F8
(1675526015.723757) vcan0 291#0000000000000000
(1675526015.723850) vcan0 2A9#8C26009BC0000084
(1675526015.726418) vcan0 0F5#78809E807F733227
(1675526015.727696) vcan0 072#F000FF3F00788038
(1675526015.727847) vcan0 120#5D808A807FFF5589
(1675526015.727927) vcan0 130#E7071E7800BB0112
(1675526015.728006) vcan0 150#8B0082C7F3F3A8C0
(1675526015.729199) vcan0 008#7BAB24B900800080
(1675526015.730743) vcan0 0E0#E271FBD00080A800
(1675526015.731839) vcan0 288#7DDE30CF00000080
(1675526015.733307) vcan0 010#008000002FB031F8
(1675526015.733368) vcan0 1D0#0000000000000061
(1675526015.733446) vcan0 210#24E180A0AA69CA45
(1675526015.734833) vcan0 260#D0FF0055495A84B0
(1675526015.736306) vcan0 125#E53F55E5C1D0D735
(1675526015.736382) vcan0 1B0#00C0000000B000EC
(1675526015.736461) vcan0 1B5#FF053C92A8E0FFEF
(1675526015.737351) vcan0 1D8#363339343234DE43
(1675526015.737430) vcan0 1E0#00342B4100B917E0
(1675526015.738794) vcan0 2C3#468700FFFF035450
(1675526015.738852) vcan0 055#BDF7EB27B2009C80
(1675526015.738929) vcan0 008#7BAB34A900800080
(1675526015.739006) vcan0 065#D2E329E8FF8D1A02
(1675526015.739155) vcan0 070#000041A8F3E15B00
(1675526015.740365) vcan0 075#0000000000005458
(1675526015.740421) vcan0 080#C94F8000C2002C00
(1675526015.740572) vcan0 0B0#3D84ABA2F3C13DA4
(1675526015.740650) vcan0 145#FD72D880FCC810A1
(1675526015.740731) vcan0 28C#00002000001CBE9A
(1675526015.740806) vcan0 2B5#4B614A6293A64E55
(1675526015.741892) vcan0 010#008000002FB031F8
(1675526015.741971) vcan0 072#F000FF3F0078A038
(1675526015.746048) vcan0 0F5#78809E807F772227
(1675526015.747103) vcan0 120#5D808C807FFC5589
(1675526015.747181) vcan0 130#EF071E7800AB0112
(1675526015.748493) vcan0 150#8B0080D7F3F398C0
(1675526015.748622) vcan0 290#0000000000000000
(1675526015.748698) vcan0 008#7BAB4C1900800080
(1675526015.750011) vcan0 350#A200000000000080
(1675526015.751164) vcan0 0E0#E27102D900808000
(1675526015.752459) vcan0 010#008000002FB031F8
(1675526015.753946) vcan0 1D0#0000000000000061
(1675526015.754074) vcan0 291#0000000000000000
(1675526015.755444) vcan0 125#E53C55E5C1D0D734
(1675526015.758534) vcan0 1B0#00C0000000B000EC
(1675526015.758663) vcan0 072#F000FF3F00788038
(1675526015.758741) vcan0 1B5#FF053D92A8E0FFEF
(1675526015.758818) vcan0 1D8#363339343234DE43
(1675526015.758895) vcan0 1E0#00381B4100B917E0
(1675526015.758981) vcan0 210#15E18020AA69CA4D
(1675526015.759063) vcan0 288#7DDE30CF00000080
(1675526015.759215) vcan0 055#BDF7EB27B2009C80
(1675526015.759291) vcan0 008#7DAB5CF90E800080
(1675526015.759370) vcan0 065#D2E32AE8008E1B02
(1675526015.759445) vcan0 070#000041A8F3E15B00
(1675526015.759528) vcan0 075#0000000000005458
(1675526015.759751) vcan0 080#C94F8000C2002C00
(1675526015.761064) vcan0 0B0#3D84ABA2F3C13DA4
(1675526015.761139) vcan0 145#FD62D980FCC810A1
(1675526015.761218) vcan0 3C8#4687008E882C008E
(1675526015.762530) vcan0 010#008000002FB031F8
(1675526015.762657) vcan0 2A9#8C260082C0000084
(1675526015.764048) vcan0 260#D0FF00AA495A84B0
(1675526015.766654) vcan0 0F5#7B80A1807F7B1227
(1675526015.768008) vcan0 120#5D808C807FFF5589
(1675526015.768094) vcan0 130#F7041E7B00980412
(1675526015.768173) vcan0 150#8E0080E7F3F385C0
(1675526015.768248) vcan0 360#468700ABC164A001
(1675526015.769506) vcan0 008#7DAB6CE90E800080
(1675526015.770979) vcan0 0E0#E2710FE100805300
(1675526015.772500) vcan0 010#008000002FB031F8
(1675526015.772578) vcan0 072#F000FF3F0078A038
(1675526015.772656) vcan0 1D0#0000000000000861
(1675526015.772732) vcan0 390#80FF0500022A554F
(1675526015.775171) vcan0 125#E53C55E5C1D0D734
(1675526015.776468) vcan0 1B0#00C0000000B000EC
(1675526015.779563) vcan0 1B5#FF053D92A9E0FFEF
(1675526015.779618) vcan0 1D8#363339343234DE43
(1675526015.779767) vcan0 1E0#00381B0100B917E0
(1675526015.779845) vcan0 2C3#468700FFFF035450
(1675526015.779922) vcan0 055#BDF7EB27B2009C80
(1675526015.780008) vcan0 065#D0E32AE8FF8D1B02
(1675526015.780086) vcan0 008#82AB7CBF23800080
(1675526015.780161) vcan0 070#000041A8F4E15B00
(1675526015.780315) vcan0 075#0000000000005458
(1675526015.780391) vcan0 080#CB4F8000C2002C00
(1675526015.780468) vcan0 0B0#3D84ABA2F3C13DA4
(1675526015.780549) vcan0 145#FD52DA80FCC810A1
(1675526015.780627) vcan0 28C#00002000001CBE9A
(1675526015.780705) vcan0 290#0000000000000000
(1675526015.780854) vcan0 2B5#4B61496293A64E56
(1675526015.782116) vcan0 2C0#468700E60100A0F1
(1675526015.782270) vcan0 2C5#00D73300D2E30070
(1675526015.782352) vcan0 340#4800000000000000
(1675526015.782428) vcan0 3AF#0000000000000020
(1675526015.782506) vcan0 288#70DE30CF00000080
(1675526015.782584) vcan0 010#008000002FB031F9
(1675526015.782674) vcan0 210#15E180A0AA69CA45
(1675526015.783631) vcan0 291#0000000000000000
(1675526015.783763) vcan0 330#0000000000000000
(1675526015.783841) vcan0 3D0#820F6100661780C3
(1675526015.786459) vcan0 0F5#7B80A1807F7F0227
(1675526015.786613) vcan0 072#F000FF3F00788038
(1675526015.786693) vcan0 120#5D808C807FFD5589
(1675526015.787627) vcan0 130#FF071E7B00880412
(1675526015.787756) vcan0 150#8E007DF7F3F375C0
(1675526015.789052) vcan0 008#82AB8CA032800080
(1675526015.790526) vcan0 0E0#E27118E900802A00
(1675526015.792071) vcan0 010#008000002FB031F8
(1675526015.792127) vcan0 1D0#0000000000000261
(1675526015.794698) vcan0 260#D0FF00AA495B84B0
(1675526015.795994) vcan0 125#E53955E5C1D0D734
(1675526015.798964) vcan0 1B0#00C0000000B000EC
(1675526015.799094) vcan0 1B5#FF053D92A9E0FFEF
(1675526015.799172) vcan0 1D8#363339343234DE43
(1675526015.799250) vcan0 1E0#003C0B4100B917E0
(1675526015.799326) vcan0 055#BDF7EB27B2009C80
(1675526015.799476) vcan0 008#84AB9C8E32800080
(1675526015.799552) vcan0 065#D1E32AE8008E1B02
(1675526015.799632) vcan0 070#000041A8F4E15B00
(1675526015.799710) vcan0 075#0000000000005458
(1675526015.799788) vcan0 080#CA4F8000C2002C00
(1675526015.799865) vcan0 0B0#3D84ABA2F3C13DA4
(1675526015.800015) vcan0 145#FD42DB80FCC810A1
(1675526015.800168) vcan0 370#071EC000461BC71F
(1675526015.802744) vcan0 010#008000002FB031F8
(1675526015.804055) vcan0 072#F000FF3F0078A038
(1675526015.804134) vcan0 2A9#8C26008AC0000084
(1675526015.806625) vcan0 0F5#7B80A1807F43F227
(1675526015.809472) vcan0 120#608090807FFC5589
(1675526015.809600) vcan0 130#87071E7B0078FF11
(1675526015.809679) vcan0 150#8E007B07F2F365C0
(1675526015.809754) vcan0 210#15E180A0AA69CA45
(1675526015.809832) vcan0 288#74DE30CF00000080
(1675526015.809984) vcan0 3CA#00000000540000C8
(1675526015.810061) vcan0 290#0000000000000000
(1675526015.810142) vcan0 008#84ABAC7E32800080
(1675526015.810990) vcan0 0E0#E27118F100800A00
(1675526015.812514) vcan0 010#008000002FB031F8
(1675526015.812592) vcan0 1D0#0000000000000061
(1675526015.812669) vcan0 291#0000000000000000
(1675526015.815187) vcan0 125#E53955E5C1D0D734
(1675526015.816465) vcan0 1B0#00C0000000B000EC
(1675526015.819508) vcan0 072#F000FF3F00788038
(1675526015.819566) vcan0 1B5#FF063E92A9E0FFEF
(1675526015.819655) vcan0 1D8#363339343234DE43
(1675526015.819734) vcan0 1E0#0000FB4100B917E0
(1675526015.819813) vcan0 2C3#468700FFFF035450
(1675526015.819961) vcan0 3B0#00FC313C49C0C400
(1675526015.820039) vcan0 055#BDF7EB27B2009C80
(1675526015.820117) vcan0 008#84ABBC6040800080
(1675526015.820198) vcan0 065#D2E32AE8018E1B02
(1675526015.820275) vcan0 070#000041A8F3E15B00
(1675526015.820355) vcan0 075#0000000000005458
(1675526015.820507) vcan0 080#C94F8000C2002C00
(1675526015.820588) vcan0 0B0#3D84ABA2F3C13DA4
(1675526015.820671) vcan0 145#FD32DC80FCC810A1
(1675526015.820749) vcan0 28C#00002000001CBE9A
(1675526015.821046) vcan0 2B5#4B61496293A64E56
(1675526015.822493) vcan0 010#008000002FB031F8
(1675526015.824040) vcan0 260#D0FF00AA495B84B0
(1675526015.826654) vcan0 0F5#7E80A3807F47E227
(1675526015.827950) vcan0 120#608090807FFF5589
(1675526015.828077) vcan0 130#8F071E7E00650112
(1675526015.828154) vcan0 150#91007D17F1F352C0
(1675526015.829471) vcan0 008#84ABCC5040800080
(1675526015.830948) vcan0 0E0#E27110F90080F200
(1675526015.832102) vcan0 288#60DE40BF00000080
(1675526015.833488) vcan0 010#008000002FB031F8
(1675526015.833639) vcan0 072#F000FF3F0078A038
(1675526015.833720) vcan0 1D0#0000000000000061
(1675526015.833796) vcan0 210#15E180A0AA69CA4D
(1675526015.836184) vcan0 125#E53955E5C1D0D734
(1675526015.837481) vcan0 1B0#00C0000000B000EC
(1675526015.837607) vcan0 1B5#FF063E93A9E0FFEF
(1675526015.837686) vcan0 1D8#363339343234DE43
(1675526015.837763) vcan0 1E0#0000FB0100B917E0
(1675526015.840453) vcan0 055#BDF7EB27B2009C80
(1675526015.840582) vcan0 065#D2E32AE8008E1B02
(1675526015.840659) vcan0 008#84ABDC4040800080
(1675526015.840737) vcan0 070#000041A8F3E15B00
(1675526015.840814) vcan0 075#0000000000005458
(1675526015.840964) vcan0 080#C94F8000C2002C00
(1675526015.841041) vcan0 0B0#3D84ABA2F3C13DA4
(1675526015.841120) vcan0 145#FD22DD80FCC810A1
(1675526015.841200) vcan0 290#0000000000000000
(1675526015.841280) vcan0 2C0#468700E60100A0F1
(1675526015.841359) vcan0 2C5#00D73300D2E30070
(1675526015.841508) vcan0 350#A200000000000080
(1675526015.842023) vcan0 010#008000002FB031F8
(1675526015.842104) vcan0 291#0000000000000000
(1675526015.842181) vcan0 2A9#8C260093C0000084
(1675526015.845871) vcan0 0F5#7E80A3807F4BD227
(1675526015.847305) vcan0 072#F000FF3F00788038
(1675526015.847364) vcan0 120#608090807FFE5589
(1675526015.848802) vcan0 130#97071E7E00550112
(1675526015.848857) vcan0 150#91007627F0F342C0
(1675526015.849006) vcan0 008#84ABEC3040800080
(1675526015.850320) vcan0 0E0#E27109C10080D900
(1675526015.851795) vcan0 010#008000002FB031F8
(1675526015.851852) vcan0 1D0#0000000000000861
(1675526015.854369) vcan0 260#D0FF0055495C84B0
(1675526015.855778) vcan0 125#E53955E5C1D0D734
(1675526015.858739) vcan0 1B0#00C0000000B000EC
(1675526015.858868) vcan0 1B5#FF063E93A9E0FFEF
(1675526015.858946) vcan0 1D8#363339343234DE43
(1675526015.859022) vcan0 1E0#0004EB4100B917E0
(1675526015.859103) vcan0 210#15E180A0AA69CA4D
(1675526015.859252) vcan0 288#68DE40BF00000080
(1675526015.859280) vcan0 2C3#468700FFFF035450
(1675526015.859430) vcan0 055#BDF7EA27B2009C80
(1675526015.859507) vcan0 008#84ABFC2E32800080
(1675526015.859588) vcan0 065#D4E32AE8008E1A02
(1675526015.859667) vcan0 070#000041A8F3E15B00
(1675526015.859747) vcan0 075#0000000000005458
(1675526015.859827) vcan0 080#C94F8000C2002C00
(1675526015.859976) vcan0 0B0#3D84ABA2F3C13DA4
(1675526015.860059) vcan0 145#FD12DE80FCC810A1
(1675526015.861275) vcan0 28C#00002000001CBE9A
(1675526015.861331) vcan0 2B5#4B61486293A64E55
(1675526015.861480) vcan0 340#4800000000000000
(1675526015.862739) vcan0 010#008000002FB031F9
(1675526015.862866) vcan0 072#F000FF3F0078A038
(1675526015.862943) vcan0 330#0000000000000000
(1675526015.866621) vcan0 0F5#7E80A6807F4FC227
(1675526015.868041) vcan0 120#608093807FFE5589
(1675526015.868169) vcan0 130#9F071E7E0045FF11
(1675526015.868248) vcan0 150#92007937EFF331C0
(1675526015.868323) vcan0 360#468700ABC164A001
(1675526015.868401) vcan0 290#0000000000000000
(1675526015.869486) vcan0 008#84AB0C1E32800080
(1675526015.870959) vcan0 0E0#E27108C90080BA00
(1675526015.872559) vcan0 010#008000002FB031F8
(1675526015.872635) vcan0 1D0#0000000000000261
(1675526015.872714) vcan0 291#0000000000000000
(1675526015.872791) vcan0 390#80FF0500022A556F
(1675526015.875137) vcan0 125#E53655E5C1D0D734
(1675526015.876484) vcan0 1B0#00C0000000B000EC
(1675526015.879524) vcan0 072#F000FF3F00788038
(1675526015.879580) vcan0 1B5#FF063F93AAE0FFEF
(1675526015.879663) vcan0 1D8#363339343234DE43
(1675526015.879750) vcan0 1E0#0008DB4100B917E0
(1675526015.879898) vcan0 3C8#4687008E882C008E
(1675526015.879975) vcan0 055#BDF7EA27B2009C80
(1675526015.880055) vcan0 008#84AB1C241C800080
(1675526015.880130) vcan0 065#D5E329E8028E1A02
(1675526015.880213) vcan0 070#000041A8F3E15B00
(1675526015.880289) vcan0 075#0000000000005458
(1675526015.880438) vcan0 080#C74F8000C2002C00
(1675526015.880518) vcan0 0B0#3C84ACA2F2C13CA4
(1675526015.880594) vcan0 145#FD02DF80FCC810A1
(1675526015.882053) vcan0 288#6CDE40BF00000080
(1675526015.883475) vcan0 010#008000002FB031F8
(1675526015.883606) vcan0 210#15E18020AA69CA45
(1675526015.883684) vcan0 2A9#8C26008AC0000084
(1675526015.884995) vcan0 260#D0FF0055495B84B0
(1675526015.886467) vcan0 0F5#8180A6807F53B227
(1675526015.886554) vcan0 120#638093807FFF5589
(1675526015.886703) vcan0 130#A7041E8100320112
(1675526015.887645) vcan0 150#94007547EEF31FC0
(1675526015.888990) vcan0 008#84AB2C220E800080
(1675526015.890516) vcan0 0E0#E2710DD100809500
(1675526015.893187) vcan0 581#FFFFFFFFFFFF0081
(1675526015.894461) vcan0 010#008000002FB031F8
(1675526015.894589) vcan0 072#F000FF3F0078A038
(1675526015.894666) vcan0 1D0#0000000000000061
(1675526015.894743) vcan0 400#0102040101010104
(1675526015.896006) vcan0 405#3156590000000010
(1675526015.896063) vcan0 125#E53655E5C1D0D734
(1675526015.896142) vcan0 1B0#00C0000000B000EC
(1675526015.897149) vcan0 1B5#FF073F93AAE0FFEF
(1675526015.897207) vcan0 1D8#363339343234DE43
(1675526015.898517) vcan0 1E0#0008DB0100B917E0
(1675526015.898651) vcan0 2C3#468700FFFF035450
(1675526015.898728) vcan0 008#86AB3C100E800080
(1675526015.901541) vcan0 055#BDF7EA27B2009C80
(1675526015.901596) vcan0 065#D4E328E8008E1902
(1675526015.901745) vcan0 070#000041A8F3E15B00
(1675526015.901825) vcan0 075#0000000000005458
(1675526015.901903) vcan0 080#C84F8000C2002C00
(1675526015.901982) vcan0 0B0#3C84ACA2F2C13CA4
(1675526015.902060) vcan0 145#FDF2D080FCC810A1
(1675526015.902138) vcan0 28C#00002000001CBE9A
(1675526015.902285) vcan0 290#0000000000000000
(1675526015.902364) vcan0 2B5#4B61486293A64E53
(1675526015.902439) vcan0 2C0#468700E60100A0F1
(1675526015.902520) vcan0 2C5#00D73300D4E30070
(1675526015.902597) vcan0 370#071EC000461BC71F
(1675526015.902674) vcan0 3AF#0000000000000020
(1675526015.902830) vcan0 3E0#000000D92E808094
(1675526015.904157) vcan0 010#008000002FB031F8
(1675526015.905530) vcan0 291#0000000000000000
(1675526015.906997) vcan0 0F5#8180A6807F57A228
(1675526015.907126) vcan0 120#638095807FFF5589
(1675526015.907203) vcan0 130#AF041E8100220112
(1675526015.907280) vcan0 150#94007757EEF30FC0
(1675526015.907360) vcan0 288#68DE40BF00000080
(1675526015.908563) vcan0 008#86AB4C000E800080
(1675526015.908621) vcan0 072#F000FF3F00788038
(1675526015.908698) vcan0 210#15E180A0AA69CA4D
(1675526015.910015) vcan0 0E0#E27113D900806F00
(1675526015.912684) vcan0 010#008000002FB031F8
(1675526015.913983) vcan0 1D0#0000000000000061
(1675526015.915522) vcan0 260#D0FF0055495B84B0
(1675526015.915580) vcan0 125#E53655E5C1D0D734
(1675526015.916659) vcan0 1B0#00C0000000B000EC
(1675526015.918006) vcan0 1B5#FF074093AAE0FFEF
(1675526015.918062) vcan0 1D8#363339343234DE43
(1675526015.918140) vcan0 1E0#000CCB4100B917E0
(1675526015.918218) vcan0 055#BDF7EA27B2009C80
(1675526015.919676) vcan0 008#86AB5CF00E800080
(1675526015.919732) vcan0 065#D3E328E8008E1902
(1675526015.919811) vcan0 070#000041A8F3E15B00
(1675526015.919888) vcan0 075#0000000000005458
(1675526015.920037) vcan0 080#C84F8000C2002C00
(1675526015.920114) vcan0 0B0#3C84ACA2F3C13CA4
(1675526015.920192) vcan0 145#FDE2D180FCC810A1
(1675526015.922473) vcan0 010#008000002FB031F8
(1675526015.922551) vcan0 072#F000FF3F0078A038
(1675526015.922629) vcan0 2A9#8C260093C0000084
(1675526015.926424) vcan0 0F5#8180A8807F5B9228
(1675526015.927757) vcan0 120#638095807FFC5589
(1675526015.927835) vcan0 130#B7041E810012FF11
(1675526015.927913) vcan0 150#95007967EEF3FEC0
(1675526015.928061) vcan0 3CA#00000000550000C8
(1675526015.929250) vcan0 290#0000000000000000
(1675526015.929379) vcan0 008#86AB6CE00E800080
(1675526015.930750) vcan0 0E0#E27111E100805100
(1675526015.930827) vcan0 350#A200000000000080
(1675526015.931879) vcan0 288#70DE50AF00000080
(1675526015.933301) vcan0 010#008000002FB031F8
(1675526015.933369) vcan0 1D0#0000000000000861
(1675526015.933519) vcan0 210#15E180A0AA69CA45
(1675526015.933594) vcan0 291#0000000000000000
(1675526015.935955) vcan0 125#E53655E5C1D0D734
(1675526015.937303) vcan0 1B0#00C0000000B000EC
(1675526015.937380) vcan0 1B5#FF074093AAE0FFEF
(1675526015.937466) vcan0 1D8#363339343234DE43
(1675526015.937543) vcan0 072#F000FF3F00788038
(1675526015.940251) vcan0 1E0#0010BB4100B917E0
(1675526015.940381) vcan0 2C3#468700FFFF035450
(1675526015.940459) vcan0 3B0#00D8313849C0C400
(1675526015.940536) vcan0 055#BDF7EA27B2009C80
(1675526015.940613) vcan0 008#86AB7CD00E800080
(1675526015.940691) vcan0 065#D4E328E8008E1902
(1675526015.940839) vcan0 070#000041A8F3E15B00
(1675526015.940917) vcan0 075#0000000000005458
(1675526015.940993) vcan0 080#C84F8000C2002C00
(1675526015.941072) vcan0 0B0#3C84ACA2F3C13CA4
(1675526015.941148) vcan0 145#FDD2D280FCC810A1
(1675526015.941297) vcan0 28C#00002000001CBE9A
(1675526015.941374) vcan0 2B5#4B61476293A64E54
(1675526015.941455) vcan0 340#4800000000000000
(1675526015.941829) vcan0 010#008000002FB031F9
(1675526015.941906) vcan0 330#0000000000000000
(1675526015.944351) vcan0 260#D0FF00AA495C84B0
(1675526015.946881) vcan0 0F5#8380A8807F5F8228
(1675526015.948301) vcan0 120#638095807FFF5589
(1675526015.948358) vcan0 130#BF041E8300000112
(1675526015.948510) vcan0 150#96007B77EEF3EDC0
(1675526015.948591) vcan0 008#86AB8CC00E800080
(1675526015.950851) vcan0 0E0#E2710DE900803500
(1675526015.952275) vcan0 010#008000002FB031F8
(1675526015.953754) vcan0 072#F000FF3F0078A038
(1675526015.953905) vcan0 1D0#0000000000000261
(1675526015.955275) vcan0 125#E53655E5C1D0D734
(1675526015.958243) vcan0 1B0#00C0000000B000EC
(1675526015.958371) vcan0 1B5#FF074094AAE0FFEF
(1675526015.958450) vcan0 1D8#363339343234DE43
(1675526015.958541) vcan0 1E0#0010BB0100B917E0
(1675526015.958618) vcan0 210#15E180A0AA69CA4D
(1675526015.958693) vcan0 288#58DE50AF00000080
(1675526015.958843) vcan0 055#BDF7EA27B2009C80
(1675526015.958921) vcan0 065#D4E328E8008E1902
(1675526015.958997) vcan0 008#86AB9CB00E800080
(1675526015.959078) vcan0 070#000041A8F3E15B00
(1675526015.959154) vcan0 075#0000000000005458
(1675526015.959448) vcan0 080#C84F8000C2002C00
(1675526015.960735) vcan0 0B0#3C84ACA2F3C13CA4
(1675526015.960888) vcan0 145#FDC2D380FCC810A1
(1675526015.960968) vcan0 290#0000000000000000
(1675526015.961044) vcan0 2C0#468700E60100A0F1
(1675526015.961133) vcan0 2C5#00D73300D4E30070
(1675526015.962256) vcan0 010#008000002FB031F8
(1675526015.962334) vcan0 291#0000000000000000
(1675526015.962419) vcan0 2A9#8C26008AC0000084
(1675526015.966133) vcan0 0F5#8380A9807F637228
(1675526015.967560) vcan0 072#F000FF3F00788038
(1675526015.967638) vcan0 120#678097807FFE5589
(1675526015.967715) vcan0 130#C7041E8300F00112
(1675526015.967792) vcan0 150#96007387EEF3DDC0
(1675526015.969052) vcan0 360#468700ACC164A001
(1675526015.969181) vcan0 008#86ABACA00E800080
(1675526015.970549) vcan0 0E0#E2710BF100801700
(1675526015.972017) vcan0 010#008000002FB031F8
(1675526015.972146) vcan0 1D0#0000000000000061
(1675526015.973144) vcan0 390#80FF05000222574F
(1675526015.974554) vcan0 260#D0FF00AA495C84B0
(1675526015.976033) vcan0 125#E53655E5C1D0D734
(1675526015.976112) vcan0 1B0#00C0000000B000EC
(1675526015.977100) vcan0 1B5#FF084194ABE0FFEF
(1675526015.977159) vcan0 1D8#363339343234DE43
(1675526015.978524) vcan0 1E0#0014AB4100B917E0
(1675526015.978601) vcan0 2C3#468700FFFF035450
(1675526015.978680) vcan0 055#BDF7EA27B2009C80
(1675526015.978757) vcan0 008#86ABBC900E800080
(1675526015.978837) vcan0 065#D3E328E8FF8D1902
(1675526015.981478) vcan0 070#000041A8F3E15B00
(1675526015.981632) vcan0 075#0000000000005458
(1675526015.981712) vcan0 080#C94F8000C2002C00
(1675526015.981788) vcan0 0B0#3C84ABA2F3C13CA4
(1675526015.981868) vcan0 145#FDB2D480FCC810A1
(1675526015.981945) vcan0 28C#00002000001CBE9A
(1675526015.982023) vcan0 2B5#4B61476293A64E54
(1675526015.982174) vcan0 288#64DE50AF00000080
(1675526015.982251) vcan0 010#008000002FB031F8
(1675526015.982693) vcan0 072#F000FF3F0078A038
(1675526015.982783) vcan0 210#15E180A0AA69CA45
(1675526015.984021) vcan0 3D0#820F6100661780C3
(1675526015.986676) vcan0 0F5#8380A9807F676228
(1675526015.987969) vcan0 120#678097807FFE5589
(1675526015.988097) vcan0 130#CF041E8300E0FF11
(1675526015.988176) vcan0 150#96007B97EFF3CDC0
(1675526015.988253) vcan0 290#0000000000000000
(1675526015.989510) vcan0 008#86ABCC800E800080
(1675526015.990981) vcan0 0E0#E2710AF90080F800
(1675526015.992454) vcan0 010#008000002FB031F8
(1675526015.992583) vcan0 1D0#0000000000000061
(1675526015.992662) vcan0 291#0000000000000000
(1675526015.995162) vcan0 125#E53655E5C1D0D734
(1675526015.996499) vcan0 1B0#00C0000000B000EC
(1675526015.999471) vcan0 1B5#FF084194ABE0FFEF
(1675526015.999547) vcan0 1D8#363339343234DE43
(1675526015.999635) vcan0 072#F000FF3F00788038
(1675526015.999786) vcan0 1E0#00189B4100B917E0
(1675526015.999862) vcan0 3C8#4687008E882C008E
(1675526015.999940) vcan0 055#BDF7EA27B2009C80
(1675526016.000017) vcan0 008#86ABDC700E800080
(1675526016.000099) vcan0 065#D4E328E8008E1902
(1675526016.000174) vcan0 070#000041A8F3E15B00
(1675526016.000324) vcan0 075#0000000000005458
(1675526016.000402) vcan0 080#C84F8000C2002C00
(1675526016.000481) vcan0 0B0#3C84ABA2F3C13CA4
(1675526016.000558) vcan0 145#FDA2D580FCC810A1
(1675526016.000636) vcan0 370#071EC000461BC71F
(1675526016.002154) vcan0 010#008000002FB031F8
(1675526016.003545) vcan0 2A9#8C260082C0000084
(1675526016.004972) vcan0 260#D0FF00AA495D84B0
(1675526016.006498) vcan0 0F5#8580AB807F6B5228
(1675526016.006587) vcan0 120#678098807FFF5589
(1675526016.006665) vcan0 130#D7041E8500CE0112
(1675526016.007601) vcan0 150#980076A7EFF3BBC0
(1675526016.007730) vcan0 210#15E180A0AA69CA45
(1675526016.009042) vcan0 288#68DE50AF00000080
(1675526016.009099) vcan0 008#88ABEC5E0E800080
(1675526016.010533) vcan0 0E0#E2710CC10080D600
(1675526016.012004) vcan0 010#008000002FB031F8
(1675526016.012135) vcan0 072#F000FF3F0078A038
(1675526016.012212) vcan0 1D0#0000000000000861
(1675526016.015918) vcan0 125#E53355E5C1D0D734
(1675526016.017194) vcan0 1B0#00C0000000B000EC
(1675526016.017347) vcan0 1B5#FF084294ABE0FFEF
(1675526016.017426) vcan0 1D8#363339343234DE43
(1675526016.017502) vcan0 1E0#00189B0100B917E0
(1675526016.020212) vcan0 2C3#468700FFFF035450
(1675526016.020342) vcan0 055#BDF7EA27B2009C80
(1675526016.020420) vcan0 008#88ABFC4715800080
(1675526016.020496) vcan0 065#D2E328E8008E1902
(1675526016.020575) vcan0 070#000041A8F3E15B00
(1675526016.020650) vcan0 075#0000000000005458
(1675526016.020804) vcan0 080#C84F8000C2002C00
(1675526016.020882) vcan0 0B0#3C84ACA2F3C13CA4
(1675526016.020959) vcan0 145#FD92D680FCC810A1
(1675526016.021040) vcan0 28C#00002000001CBE9A
(1675526016.021119) vcan0 290#0000000000000000
(1675526016.021198) vcan0 2B5#4B61466293A64E54
(1675526016.021351) vcan0 2C0#468700E60100A0F1
(1675526016.021429) vcan0 2C5#00D73300D4E30070
(1675526016.021509) vcan0 340#4800000000000000
(1675526016.022715) vcan0 350#A200000000000080
(1675526016.022841) vcan0 3AF#0000000000000020
(1675526016.022928) vcan0 010#008000002FB031F9
(1675526016.023005) vcan0 291#0000000000000000
(1675526016.023086) vcan0 330#0000000000000000
(1675526016.026591) vcan0 0F5#8580AB807F6F4228
(1675526016.028011) vcan0 120#688098807FFD5589
(1675526016.028139) vcan0 072#F000FF3F00788038
(1675526016.028216) vcan0 130#DF041E8500BE0112
(1675526016.028293) vcan0 150#980079B7EFF3ABC0
(1675526016.029555) vcan0 008#88AB0C3715800080
(1675526016.031027) vcan0 0E0#E27113C90080AF00
(1675526016.032128) vcan0 288#68DE609F00000080
(1675526016.033495) vcan0 010#008000002FB031F8
(1675526016.033572) vcan0 1D0#0000000000000261
(1675526016.033651) vcan0 210#15E180A0AA69CA4D
(1675526016.034966) vcan0 260#D0FF00AA495D84B0
(1675526016.035094) vcan0 125#E53355E5C1D0D734
(1675526016.036467) vcan0 1B0#00C0000000B000EC
(1675526016.036595) vcan0 1B5#FF094294ABE0FFEF
(1675526016.036672) vcan0 1D8#363339343234DE43
(1675526016.036749) vcan0 1E0#001C8B4100B917E0
(1675526016.038009) vcan0 055#BEF7EB27B2009C80
(1675526016.038087) vcan0 008#88AB1C2715800080
(1675526016.038165) vcan0 065#D2E328E8FF8D1A02
(1675526016.038242) vcan0 070#000041A8F3E15B00
(1675526016.039128) vcan0 075#0000000000005458
(1675526016.040525) vcan0 080#C94F8000C2002C00
(1675526016.040679) vcan0 0B0#3C84ABA2F3C13CA4
(1675526016.040757) vcan0 145#FD82D780FCC810A1
(1675526016.042070) vcan0 010#008000002FB031F8
(1675526016.042126) vcan0 072#F000FF3F0078A038
(1675526016.042202) vcan0 2A9#8C26009BC0000084
(1675526016.045863) vcan0 0F5#8580AC807F733228
(1675526016.047277) vcan0 120#688098807FFF5589
(1675526016.047353) vcan0 130#E7041E8500AEFF11
(1675526016.047430) vcan0 150#990079C7EFF39AC0
(1675526016.048741) vcan0 3CA#00000000560000C8
(1675526016.048868) vcan0 290#0000000000000000
(1675526016.048947) vcan0 008#8BAB2C1415800080
(1675526016.050263) vcan0 0E0#E27116D100808C00
(1675526016.051739) vcan0 010#008000002FB031F8
(1675526016.051890) vcan0 1D0#0000000000000061
(1675526016.052812) vcan0 291#0000000000000000
(1675526016.055355) vcan0 125#E53355E5C1D0D734
(1675526016.056757) vcan0 1B0#00C0000000B000EC
(1675526016.056909) vcan0 072#F000FF3F00788038
(1675526016.059778) vcan0 1B5#FF094294ACE0FFEF
(1675526016.059836) vcan0 1D8#363339343234DE43
(1675526016.059987) vcan0 1E0#00207B4100B917E0
(1675526016.060075) vcan0 210#04E18020AA69CA4D
(1675526016.060152) vcan0 288#60DE609F00000080
(1675526016.060228) vcan0 055#BEF7EB27B2009C80
(1675526016.060307) vcan0 008#8BAB3CF623800080
(1675526016.060384) vcan0 065#D2E328E8008E1A02
(1675526016.060461) vcan0 070#000041A8F3E15B00
(1675526016.060611) vcan0 075#0000000000005458
(1675526016.060688) vcan0 080#C94F8000C2002C00
(1675526016.060767) vcan0 0B0#3C84ABA2F3C13CA4
(1675526016.060843) vcan0 145#FD72D880FCC810A1
(1675526016.060921) vcan0 28C#00002000001CBE9A
(1675526016.061073) vcan0 2B5#4B62466293A64E54
(1675526016.061226) vcan0 2C3#468700FFFF035450
(1675526016.061301) vcan0 3B0#00D8313849C0C400
(1675526016.062830) vcan0 010#008000002FB031F8
(1675526016.064318) vcan0 260#D0FF0055495D84B0
(1675526016.066813) vcan0 0F5#8680AC807F772228
(1675526016.068285) vcan0 120#68809A807FFF5589
(1675526016.068341) vcan0 130#EF041E86009DFF11
(1675526016.068419) vcan0 150#990076D7EFF38AC0
(1675526016.068495) vcan0 360#468700ACC164A001
(1675526016.068644) vcan0 008#8BAB4CE623800080
(1675526016.070875) vcan0 0E0#E27115D900806D00
(1675526016.072221) vcan0 010#008000002FB031F8
(1675526016.073745) vcan0 072#F000FF3F0078A038
(1675526016.073898) vcan0 1D0#0000000000000061
(1675526016.073978) vcan0 390#80FF0500021E584F
(1675526016.075289) vcan0 125#E53355E5C1D0D734
(1675526016.076759) vcan0 1B0#00C0000000B000EC
(1675526016.076887) vcan0 1B5#FF094395ACE0FFEF
(1675526016.076965) vcan0 1D8#363339343234DE43
(1675526016.077041) vcan0 1E0#00207B0100B917E0
(1675526016.079760) vcan0 055#BEF7EB27B2009C80
(1675526016.079841) vcan0 008#8DAB5CD423800080
(1675526016.079919) vcan0 065#D2E329E8008E1A02
(1675526016.080069) vcan0 070#000040A8F3E15B00
(1675526016.080146) vcan0 075#0000000000005458
(1675526016.080224) vcan0 080#C94F8000C2002C00
(1675526016.080300) vcan0 0B0#3C84ACA2F3C13CA4
(1675526016.080378) vcan0 145#FD62D980FCC810A1
(1675526016.080531) vcan0 290#0000000000000000
(1675526016.080605) vcan0 2C0#468700E50100A0F1
(1675526016.080684) vcan0 2C5#00D73300D3E30070
(1675526016.081267) vcan0 288#64DE609F00000080
(1675526016.082317) vcan0 010#008000002FB031F8
(1675526016.083736) vcan0 210#04E180A0AA69CA45
(1675526016.083863) vcan0 291#0000000000000000
(1675526016.083941) vcan0 2A9#8C260082C0000084
(1675526016.086391) vcan0 0F5#8680AC807F7B1228
(1675526016.087737) vcan0 072#F000FF3F00788038
(1675526016.087793) vcan0 120#68809A807FFD5589
(1675526016.087943) vcan0 130#F7041E86008DFF11
(1675526016.088019) vcan0 150#990075E7EFF37AC0
(1675526016.089235) vcan0 008#8DAB6CB532800080
(1675526016.090706) vcan0 0E0#E27115E100804D00
(1675526016.092232) vcan0 010#008000002FB031F8
(1675526016.092310) vcan0 1D0#0000000000000861
(1675526016.094890) vcan0 260#D0FF0055495D84B0
(1675526016.096294) vcan0 125#E53155E5C1D0D734
(1675526016.099269) vcan0 1B0#00C0000000B000EC
(1675526016.099347) vcan0 1B5#FF094395ACE0FFEF
(1675526016.099497) vcan0 1D8#363339343234DE43
(1675526016.099574) vcan0 1E0#00246B4100B917E0
(1675526016.099651) vcan0 2C3#468700FFFF035450
(1675526016.099752) vcan0 055#BEF7EB27B2009C80
(1675526016.099828) vcan0 008#8DAB7CA532800080
(1675526016.099909) vcan0 065#D2E329E8008E1A02
(1675526016.099986) vcan0 070#000040A8F4E15B00
(1675526016.100135) vcan0 075#0000000000005458
(1675526016.100215) vcan0 080#CA4F8000C2002C00
(1675526016.100296) vcan0 0B0#3C84ABA2F3C13CA4
(1675526016.100378) vcan0 145#FD52DA80FCC810A1
(1675526016.100456) vcan0 28C#00002000001CBE9A
(1675526016.100534) vcan0 2B5#4B62456293A64E54
(1675526016.101806) vcan0 340#4800000000000000
(1675526016.101885) vcan0 370#071EC000461BC71F
(1675526016.103255) vcan0 010#008000002FB031F9
(1675526016.103722) vcan0 072#F000FF3F0078A038
(1675526016.103728) vcan0 330#0000000000000000
(1675526016.105833) vcan0 0F5#8680AD807F7F0228
(1675526016.107238) vcan0 120#6A809A807FFF5589
(1675526016.107388) vcan0 130#FF041E86007DFF11
(1675526016.107469) vcan0 150#9A0075F7EFF369C0
(1675526016.108781) vcan0 210#04E180A0AA69CA4D
(1675526016.108837) vcan0 288#58DE609F00000080
(1675526016.108917) vcan0 290#0000000000000000
(1675526016.109066) vcan0 008#8FAB8C9332800080
(1675526016.110255) vcan0 0E0#E27118E900802A00
(1675526016.110332) vcan0 350#A200000000000080
(1675526016.111752) vcan0 010#008000002FB031F8
(1675526016.112797) vcan0 1D0#0000000000000261
(1675526016.112926) vcan0 291#0000000000000000
(1675526016.115370) vcan0 125#E53155E5C1D0D734
(1675526016.116774) vcan0 1B0#00C0000000B000EC
(1675526016.116852) vcan0 072#F000FF3F00788038
(1675526016.119771) vcan0 1B5#FF0A4395ACE0FFEF
(1675526016.119859) vcan0 1D8#363339343234DE43
(1675526016.119937) vcan0 1E0#00285B4100B917E0
(1675526016.120014) vcan0 3C8#4687008E882C008E
(1675526016.120162) vcan0 055#BEF7EA27B2009C80
(1675526016.120242) vcan0 065#D4E329E8018E1A02
(1675526016.120319) vcan0 008#8FAB9C8A2B800080
(1675526016.120399) vcan0 070#000040A8F3E15B00
(1675526016.120476) vcan0 075#0000000000005458
(1675526016.120625) vcan0 080#C84F8000C2002C00
(1675526016.120706) vcan0 0B0#3C84ACA2F3C13CA4
(1675526016.120784) vcan0 145#FD42DB80FCC810A1
(1675526016.122342) vcan0 010#008000002FB031F8
(1675526016.123782) vcan0 2A9#8C26009BC0000084
(1675526016.125258) vcan0 260#D0FF0055495E84B0
(1675526016.126729) vcan0 0F5#8780AD807F43F228
(1675526016.126859) vcan0 120#6A809B807FFF5589
(1675526016.126947) vcan0 130#87041E87006CFF11
(1675526016.127024) vcan0 150#9A007707EFF359C0
(1675526016.128219) vcan0 008#91ABAC782B800080
(1675526016.130894) vcan0 0E0#E2711EF100800400
(1675526016.132310) vcan0 288#5CDE708F00000080
(1675526016.132368) vcan0 010#008000002FB031F8
(1675526016.133813) vcan0 072#F000FF3F0078A038
(1675526016.133870) vcan0 1D0#0000000000000061
(1675526016.134019) vcan0 210#04E180A0AA69CA45
(1675526016.135277) vcan0 125#E52E55E5C1D0D734
(1675526016.136806) vcan0 1B0#00C0000000B000EC
(1675526016.136883) vcan0 1B5#FF0A4495ACE0FFEF
(1675526016.136961) vcan0 1D8#363339343234DE43
(1675526016.137038) vcan0 1E0#00285B0100B917E0
(1675526016.137185) vcan0 2C3#468700FFFF035450
(1675526016.139774) vcan0 055#BEF7EA27B2009C80
(1675526016.139904) vcan0 008#91ABBC5340800080
(1675526016.139981) vcan0 065#D2E328E8008E1A02
(1675526016.140057) vcan0 070#000040A8F3E15B00
(1675526016.140136) vcan0 075#0000000000005458
(1675526016.140288) vcan0 080#C94F8000C2002C00
(1675526016.140366) vcan0 0B0#3C84ACA2F3C13CA4
(1675526016.140442) vcan0 145#FD32DC80FCC810A1
(1675526016.140519) vcan0 28C#00002000001CBE9A
(1675526016.140598) vcan0 290#0000000000000000
(1675526016.140678) vcan0 2B5#4B62456293A64E54
(1675526016.140898) vcan0 2C0#468700E70100A0F1
(1675526016.142256) vcan0 2C5#00D73300D3E30070
(1675526016.142382) vcan0 3AF#0000000000000020
(1675526016.142462) vcan0 010#008000002FB031F8
(1675526016.143750) vcan0 291#0000000000000000
(1675526016.143900) vcan0 400#0101010102010205
(1675526016.143989) vcan0 405#D5079E9145186701
(1675526016.144067) vcan0 425#0000000000000000
(1675526016.146348) vcan0 0F5#8780B0807F47E228
(1675526016.147750) vcan0 072#F000FF3F00788038
(1675526016.147806) vcan0 120#6A809B807FFD5589
(1675526016.147955) vcan0 130#8F041E87005CFF11
(1675526016.148032) vcan0 150#9C007517EFF347C0
(1675526016.149292) vcan0 008#94ABCC4040800080
(1675526016.150816) vcan0 0E0#E27124F90080DE00
(1675526016.152234) vcan0 010#008000002FB031F8
(1675526016.152290) vcan0 1D0#0000000000000061
(1675526016.154919) vcan0 260#D0FF00AA495E84B0
(1675526016.156270) vcan0 125#E52E55E5C1D0D734
(1675526016.159214) vcan0 1B0#00C0000000B000EC
(1675526016.159341) vcan0 1B5#FF0A4495ADE0FFEF
(1675526016.159419) vcan0 1D8#363339343234DE43
(1675526016.159508) vcan0 1E0#002C4B4100B917E0
(1675526016.159586) vcan0 210#04E180A0AA69CA4D
(1675526016.159662) vcan0 288#58DE708F00000080
(1675526016.159811) vcan0 055#BEF7EB27B2009C80
(1675526016.159893) vcan0 008#94ABDC3E32800080
(1675526016.159969) vcan0 065#D2E328E8FF8D1A02
(1675526016.160051) vcan0 070#000040A8F4E15B00
(1675526016.160129) vcan0 075#0000000000005458
(1675526016.160210) vcan0 080#CA4F8000C2002C00
(1675526016.160364) vcan0 0B0#3C84ABA2F3C13CA4
(1675526016.160442) vcan0 145#FD22DD80FCC810A1
(1675526016.161890) vcan0 010#008000002FB031F8
(1675526016.163240) vcan0 072#F000FF3F0078A038
(1675526016.163297) vcan0 2A9#8C260082C0000084
(1675526016.165864) vcan0 360#468700ACC164A001
(1675526016.167284) vcan0 0F5#8780B0807F4BD228
(1675526016.167341) vcan0 120#6A809C807FFF5589
(1675526016.167490) vcan0 130#97041E87004CFF11
(1675526016.168768) vcan0 150#9C007327EEF337C0
(1675526016.168895) vcan0 3CA#00000000400000C8
(1675526016.168973) vcan0 290#0000000000000000
(1675526016.169050) vcan0 008#94ABEC2E32800080
(1675526016.170315) vcan0 0E0#E27121C10080C100
(1675526016.171789) vcan0 010#008000002FB031F8
(1675526016.171867) vcan0 1D0#0000000000000861
(1675526016.172912) vcan0 291#0000000000000000
(1675526016.174241) vcan0 390#80FF0500021A594F
(1675526016.175772) vcan0 125#E52E55E5C1D0D734
(1675526016.176924) vcan0 1B0#00C0000000B000EC
(1675526016.177001) vcan0 072#F000FF3F00788038
(1675526016.179691) vcan0 1B5#FF0A4595ADE0FFEF
(1675526016.179822) vcan0 1D8#363339343234DE43
(1675526016.179909) vcan0 1E0#00303B4100B917E0
(1675526016.179987) vcan0 2C3#468700FFFF035450
(1675526016.180065) vcan0 3B0#00D8313849C0C400
(1675526016.180141) vcan0 055#BEF7EB27B2009C80
(1675526016.180289) vcan0 008#94ABFC1E32800080
(1675526016.180367) vcan0 065#D2E328E8008E1A02
(1675526016.180444) vcan0 070#000040A8F3E15B00
(1675526016.180522) vcan0 075#0000000000005458
(1675526016.180599) vcan0 080#C94F8000C2002C00
(1675526016.180750) vcan0 0B0#3C84ABA2F3C13CA4
(1675526016.182754) vcan0 145#FD12DE80FCC810A1
(1675526016.182831) vcan0 28C#00002000001CBE9A
(1675526016.182908) vcan0 2B5#4B62446293A64E54
(1675526016.182986) vcan0 340#4800000000000000
(1675526016.183134) vcan0 288#54DE708F00000080
(1675526016.183215) vcan0 010#008000002FB031F9
(1675526016.183300) vcan0 210#04E180A0AA69CA45
(1675526016.183559) vcan0 330#0000000000000000
(1675526016.183565) vcan0 3D0#820F6100661780C3
(1675526016.184298) vcan0 260#D0FF00AA495F84B0
(1675526016.186891) vcan0 0F5#8880B1807F4FC228
(1675526016.188255) vcan0 120#6B809C807FFE5589
(1675526016.188313) vcan0 130#9F041E88003BFF11
(1675526016.188390) vcan0 150#9D006E37EEF326C0
(1675526016.188539) vcan0 430#3B083F0000001CA6
(1675526016.188616) vcan0 008#94AB0C1D23800080
(1675526016.190882) vcan0 0E0#E2711BC90080A700
(1675526016.192303) vcan0 010#008000002FB031F8
(1675526016.193808) vcan0 072#F000FF3F0078A038
(1675526016.193867) vcan0 1D0#0000000000000261
(1675526016.195304) vcan0 125#E52E55E5C1D0D734
(1675526016.196706) vcan0 1B0#00C0000000B000EC
(1675526016.196794) vcan0 1B5#FF0B4596ADE0FFEF
(1675526016.196872) vcan0 1D8#363339343234DE43
(1675526016.197020) vcan0 1E0#00303B0100B917E0
(1675526016.199763) vcan0 055#BEF7EB27B2009C80
(1675526016.199843) vcan0 008#94AB1CFE32800080
(1675526016.199920) vcan0 065#D2E329E8018E1A02
(1675526016.199997) vcan0 070#000040A8F3E15B00
(1675526016.200146) vcan0 075#0000000000005458
(1675526016.200227) vcan0 080#C94F8000C2002C00
(1675526016.200303) vcan0 0B0#3C84ACA2F3C13CA4
(1675526016.200382) vcan0 145#FD02DF80FCC810A1
(1675526016.200462) vcan0 290#0000000000000000
(1675526016.200540) vcan0 2C0#468700E60100A0F1
(1675526016.200622) vcan0 2C5#00D73300D3E30070
(1675526016.200922) vcan0 370#071EC000461BC71F
(1675526016.202209) vcan0 350#A200000000000080
(1675526016.202308) vcan0 3E0#000000D92E808094
(1675526016.203751) vcan0 010#008000002FB031F8
(1675526016.203903) vcan0 291#0000000000000000
(1675526016.203981) vcan0 2A9#8C26008AC0000084
(1675526016.206422) vcan0 0F5#8880B1807F53B228
(1675526016.207772) vcan0 120#6B809C807FFD5589
(1675526016.207827) vcan0 130#A7041E88002BFF11
(1675526016.207903) vcan0 072#F000FF3F00788038
(1675526016.207980) vcan0 150#9D007347EEF316C0
(1675526016.208130) vcan0 210#04E18020AA69CA45
(1675526016.209267) vcan0 288#50DE708F00000080
(1675526016.209344) vcan0 008#94AB2CEE32800080
(1675526016.210764) vcan0 0E0#E27119D100808900
(1675526016.212243) vcan0 010#008000002FB031F8
(1675526016.212322) vcan0 1D0#0000000000000061
(1675526016.214913) vcan0 260#D0FF00AA495F84B0
(1675526016.216205) vcan0 125#E52E55E5C1D0D734
(1675526016.219269) vcan0 1B0#00C0000000B000EC
(1675526016.219397) vcan0 1B5#FF0B4596ADE0FFEF
(1675526016.219476) vcan0 1D8#363339343234DE43
(1675526016.219553) vcan0 1E0#00342B4100B917E0
(1675526016.219631) vcan0 2C3#468700FFFF035450
(1675526016.219781) vcan0 055#BEF7EB27B2009C80
(1675526016.219858) vcan0 008#94AB3CED23800080
(1675526016.219937) vcan0 065#D2E329E8FF8D1A02
(1675526016.220014) vcan0 070#000040A8F4E15B00
(1675526016.220094) vcan0 075#0000000000005458
(1675526016.220172) vcan0 080#CA4F8000C2002C00
(1675526016.220325) vcan0 0B0#3B84ABA2F3C13BA4
(1675526016.220405) vcan0 145#FDF2D080FCC810A1
(1675526016.220484) vcan0 28C#00002000001CBE9A
(1675526016.220561) vcan0 2B5#4B62446293A64E54
(1675526016.221762) vcan0 010#008000002FB031F8
(1675526016.223285) vcan0 072#F000FF3F0078A038
(1675526016.225984) vcan0 0F5#8A80B2807F57A228
(1675526016.227280) vcan0 120#6B809D807FFF5589
(1675526016.227337) vcan0 130#AF041E8A0019FF11
(1675526016.227485) vcan0 150#9E006E57EDF305C0
(1675526016.228797) vcan0 290#0000000000000000
(1675526016.228854) vcan0 008#94AB4CDD23800080
(1675526016.230296) vcan0 0E0#E27117D900806B00
(1675526016.231765) vcan0 288#50DE807F00000080
(1675526016.231821) vcan0 010#008000002FB031F8
(1675526016.231970) vcan0 1D0#0000000000000061
(1675526016.232911) vcan0 210#04E180A0AA69CA4D
(1675526016.234225) vcan0 291#0000000000000000
(1675526016.235701) vcan0 125#E52C55E5C1D0D734
(1675526016.236883) vcan0 1B0#00C0000000B000EC
(1675526016.236971) vcan0 072#F000FF3F00788038
(1675526016.239767) vcan0 1B5#FF0B4696AEE0FFEF
(1675526016.239844) vcan0 1D8#363339343234DE43
(1675526016.239993) vcan0 1E0#00381B4100B917E0
(1675526016.240072) vcan0 3C8#4687008E882C008E
(1675526016.240146) vcan0 055#BEF7EA27B2009C80
(1675526016.240225) vcan0 008#94AB5CE20E800080
(1675526016.240303) vcan0 065#D4E329E8008E1A02
(1675526016.240384) vcan0 070#000040A8F3E15B00
(1675526016.240533) vcan0 075#0000000000005458
(1675526016.240611) vcan0 080#C84F8000C2002C00
(1675526016.240689) vcan0 0B0#3B84ACA2F3C13BA4
(1675526016.240768) vcan0 145#FDE2D180FCC810A1
(1675526016.242338) vcan0 010#008000002FB031F8
(1675526016.243743) vcan0 2A9#8C260093C0000084
(1675526016.245291) vcan0 260#D0FF0055496084B0
(1675526016.246760) vcan0 0F5#8A80B2807F5B9228
(1675526016.246818) vcan0 120#6B809D807FFF5589
(1675526016.246968) vcan0 130#B7041E8A0009FF11
(1675526016.247045) vcan0 150#9E007167EDF3F5C0
(1675526016.248235) vcan0 008#96AB6CD00E800080
(1675526016.249779) vcan0 0E0#E27117E100804B00
(1675526016.252381) vcan0 010#008000002FB031F8
(1675526016.253818) vcan0 072#F000FF3F0078A038
(1675526016.253895) vcan0 1D0#0000000000000861
(1675526016.255314) vcan0 125#E52C55E5C1D0D734
(1675526016.258291) vcan0 1B0#00C0000000B000EC
(1675526016.258373) vcan0 1B5#FF0C4696AEE0FFEF
(1675526016.258450) vcan0 1D8#363339343234DE43
(1675526016.258526) vcan0 1E0#00381B0100B917E0
(1675526016.258675) vcan0 210#04E180A0AA69CA4D
(1675526016.258756) vcan0 288#47DE807F00000080
(1675526016.258849) vcan0 2C3#468700FFFF035450
(1675526016.258929) vcan0 055#BEF7EA27B2009C80
(1675526016.259006) vcan0 008#96AB7CC00E800080
(1675526016.259083) vcan0 065#D3E328E8018E1902
(1675526016.259161) vcan0 070#000040A8F3E15B00
(1675526016.259382) vcan0 075#0000000000005458
(1675526016.262249) vcan0 080#C84F8000C2002C00
(1675526016.262379) vcan0 0B0#3B84ACA2F3C13BA4
(1675526016.262457) vcan0 145#FDD2D280FCC810A1
(1675526016.262533) vcan0 28C#00002000001CBE9A
(1675526016.262612) vcan0 290#0000000000000000
(1675526016.262760) vcan0 2B5#4B62446293A64E53
(1675526016.262836) vcan0 2C0#468700E60100A0F1
(1675526016.262914) vcan0 2C5#00D73300D3E30070
(1675526016.262992) vcan0 340#4800000000000000
(1675526016.263071) vcan0 3AF#0000000000000020
(1675526016.263160) vcan0 010#008000002FB031F9
(1675526016.263237) vcan0 291#0000000000000000
(1675526016.263369) vcan0 330#0000000000000000
(1675526016.266064) vcan0 0F5#8A80B4807F5F8228
(1675526016.267467) vcan0 072#F000FF3F00788038
(1675526016.267619) vcan0 120#6B809E807FFC5589
(1675526016.267698) vcan0 130#BF041E8A00F9FF11
(1675526016.267775) vcan0 150#9F006E77EDF3E4C0
(1675526016.268967) vcan0 360#468700ACC164A001
(1675526016.269118) vcan0 008#96AB8CB00E800080
(1675526016.270485) vcan0 0E0#E27116E900802C00
(1675526016.271954) vcan0 010#008000002FB031F8
(1675526016.272081) vcan0 1D0#0000000000000261
(1675526016.272160) vcan0 390#80FF050002165A4F
(1675526016.274600) vcan0 260#D0FF0055495F84B0
(1675526016.276024) vcan0 125#E52C55E5C1D0D734
(1675526016.279023) vcan0 1B0#00C0000000B000EC
(1675526016.279079) vcan0 1B5#FF0C4796AEE0FFEF
(1675526016.279230) vcan0 1D8#363339343234DE43
(1675526016.279307) vcan0 1E0#003C0B4100B917E0
(1675526016.279384) vcan0 055#BEF7EA27B2009C80
(1675526016.279461) vcan0 008#96AB9CA00E800080
(1675526016.279539) vcan0 065#D2E328E8FF8D1902
(1675526016.279692) vcan0 070#000040A8F3E15B00
(1675526016.279768) vcan0 075#0000000000005458
(1675526016.279851) vcan0 080#C94F8000C2002C00
(1675526016.279927) vcan0 0B0#3B84ACA2F3C13BA4
(1675526016.280005) vcan0 145#FDC2D380FCC810A1
(1675526016.281574) vcan0 288#4BDE807F00000080
(1675526016.282976) vcan0 010#008000002FB031F8
(1675526016.283127) vcan0 072#F000FF3F0078A038
(1675526016.283207) vcan0 210#04E180A0AA69CA45
(1675526016.283296) vcan0 2A9#8C26008AC0000084
(1675526016.285574) vcan0 0F5#8B80B4807F637228
(1675526016.286993) vcan0 120#6B809E807FFF5589
(1675526016.287127) vcan0 130#C7041E8B00E8FF11
(1675526016.288493) vcan0 150#A0007387EDF3D3C0
(1675526016.288621) vcan0 3CA#00000000510000C8
(1675526016.288698) vcan0 290#0000000000000000
(1675526016.288775) vcan0 008#96ABAC900E800080
(1675526016.289975) vcan0 0E0#E27113F100800F00
(1675526016.291130) vcan0 350#A200000000000080
(1675526016.292556) vcan0 010#008000002FB031F8
(1675526016.294037) vcan0 1D0#0000000000000061
(1675526016.294116) vcan0 291#0000000000000000
(1675526016.295536) vcan0 125#E52C55E5C1D0D734
