(1675525882.839450) vcan0 0F5#BF99AE997F53B274
(1675525882.839517) vcan0 120#E599D0997FFC5589
(1675525882.839592) vcan0 130#A70F1EC519D50412
(1675525882.839666) vcan0 0E0#627329F80080D200
(1675525882.839808) vcan0 055#F1F73528B21D9D80
(1675525882.839885) vcan0 065#9DE635F8FECD9202
(1675525882.839957) vcan0 070#00000FF891E21500
(1675525882.840032) vcan0 075#0000000000005458
(1675525882.843689) vcan0 080#8C508000C2002C00
(1675525882.843835) vcan0 0B0#398311A3D9C139A3
(1675525882.843907) vcan0 145#F9F2D080FC4810A1
(1675525882.843982) vcan0 150#B0192E4825F8EAC0
(1675525882.844056) vcan0 008#2D80481200800080
(1675525882.844202) vcan0 28C#00002000002CFEA9
(1675525882.844275) vcan0 290#0000000000000000
(1675525882.844349) vcan0 2B5#4B54366293A68AAA
(1675525882.844424) vcan0 2C0#4F9E00000000A0F1
(1675525882.844509) vcan0 2C5#4CD78BD09DE60070
(1675525882.844651) vcan0 340#8D00000000000000
(1675525882.844727) vcan0 370#0728C0005403CF1F
(1675525882.844800) vcan0 3AF#0000000000000020
(1675525882.844875) vcan0 3B0#00D8453C6EC0C600
(1675525882.845021) vcan0 3CA#00000000530000C8
(1675525882.845165) vcan0 3E0#000000D935808090
(1675525882.845239) vcan0 010#008000002FB031F9
(1675525882.845313) vcan0 125#E56E80E5C1D0D735
(1675525882.845458) vcan0 288#8DE0B04F00000080
(1675525882.847937) vcan0 210#67E080A0AC69A14D
(1675525882.848015) vcan0 1B0#00C0000001B000FC
(1675525882.848154) vcan0 1B5#FF5EB8C2F2E0FFEF
(1675525882.848233) vcan0 1D8#363339343234DF43
(1675525882.848311) vcan0 1E0#0020734300B917E0
(1675525882.848390) vcan0 2C3#4F9E00FFFFAD5450
(1675525882.850434) vcan0 008#2D80580200800080
(1675525882.851824) vcan0 010#008000002FB031F8
(1675525882.851943) vcan0 072#F000FF3F0080A038
(1675525882.851981) vcan0 1D0#0000000000000261
(1675525882.853294) vcan0 350#A200000000000080
(1675525882.853447) vcan0 260#D0FF00AA497487B0
(1675525882.855918) vcan0 0F5#C599B7997F57A277
(1675525882.858668) vcan0 120#EE99D0997F035689
(1675525882.858812) vcan0 130#AF0F1EC519C50412
(1675525882.858885) vcan0 0E0#627332C00080A900
(1675525882.858962) vcan0 150#B3192E5825F8D7C0
(1675525882.859035) vcan0 055#F1F73528B21D9D80
(1675525882.859179) vcan0 065#9CE635F801CE9202
(1675525882.859253) vcan0 070#00000FF891E21500
(1675525882.862776) vcan0 075#0000000000005458
(1675525882.862919) vcan0 080#8C508000C2002C00
(1675525882.863002) vcan0 0B0#398311A3D9C139A3
(1675525882.863079) vcan0 145#F9E2D180FC4810A1
(1675525882.863153) vcan0 008#2D8068F200800080
(1675525882.863294) vcan0 010#008000002FB031F8
(1675525882.863369) vcan0 291#0000000000000000
(1675525882.863444) vcan0 2A9#8C26009BC0000084
(1675525882.863520) vcan0 125#E56E80E5C1D0D735
(1675525882.865316) vcan0 072#F000FF3F00808038
(1675525882.867802) vcan0 1B0#00C0000002B000FC
(1675525882.869165) vcan0 1B5#FF6EC9CAFBE0FFEF
(1675525882.869317) vcan0 1D8#363339343234DF43
(1675525882.869396) vcan0 1E0#0024634300B917E0
(1675525882.869473) vcan0 290#0000000000000000
(1675525882.871801) vcan0 008#2D8078E200800080
(1675525882.871879) vcan0 288#89E0C03F00000080
(1675525882.871958) vcan0 010#008000002FB031F8
(1675525882.872118) vcan0 1D0#0000000000000061
(1675525882.872197) vcan0 210#67E08020AC69A145
(1675525882.876770) vcan0 0F5#BE99C5997F5B9279
(1675525882.879668) vcan0 120#F199C2997F015689
(1675525882.879810) vcan0 130#B70F1EC519B50412
(1675525882.879886) vcan0 0E0#627332C800808900
(1675525882.879960) vcan0 055#F1F73528B21D9D80
(1675525882.880036) vcan0 065#9CE635F8FFCD9102
(1675525882.880177) vcan0 070#00000FF891E21500
(1675525882.880251) vcan0 075#0000000000005458
(1675525882.880327) vcan0 080#8C508000C2002C00
(1675525882.880402) vcan0 0B0#398311A3D9C139A3
(1675525882.880545) vcan0 145#F9D2D280FC4810A1
(1675525882.880618) vcan0 150#BA19326825F8C0C0
(1675525882.880697) vcan0 28C#00002000002CFEA9
(1675525882.880769) vcan0 008#2D8088D200800080
(1675525882.882367) vcan0 2B5#4B54366293A689A9
(1675525882.882441) vcan0 010#008000002FB031F8
(1675525882.882516) vcan0 072#F000FF3F0080A038
(1675525882.882592) vcan0 330#0000000000000000
(1675525882.883628) vcan0 125#E56E80E5C1D0D735
(1675525882.883775) vcan0 260#D0FF00AA497487B0
(1675525882.886328) vcan0 1B0#00C0000002B000FC
(1675525882.887711) vcan0 1B5#FF7FD9D303E0FFEF
(1675525882.887785) vcan0 1D8#363339343234DF43
(1675525882.887859) vcan0 1E0#0024630300B917E0
(1675525882.888002) vcan0 2C3#4F9E00FFFFAE5450
(1675525882.890326) vcan0 008#2D8098C200800080
(1675525882.891712) vcan0 010#008000002FB031F8
(1675525882.891791) vcan0 1D0#0000000000000061
(1675525882.891868) vcan0 291#0000000000000000
(1675525882.894271) vcan0 288#95E0C03F00000080
(1675525882.895661) vcan0 072#F000FF3F00808038
(1675525882.898479) vcan0 210#67E080A0AC69A14D
(1675525882.898558) vcan0 0F5#B499B9997F5F827B
(1675525882.898710) vcan0 120#E099C5997FFC5589
(1675525882.898786) vcan0 130#BF0F1EC519A50412
(1675525882.898865) vcan0 0E0#627332D000806900
(1675525882.898944) vcan0 150#C0192D7825F8AAC0
(1675525882.899021) vcan0 055#F1F73528B21D9D80
(1675525882.899100) vcan0 065#9EE635F800CE9102
(1675525882.902732) vcan0 070#00000FF891E21500
(1675525882.902810) vcan0 075#0000000000005458
(1675525882.902888) vcan0 080#8B508000C2002C00
(1675525882.902967) vcan0 0B0#398311A3D9C139A3
(1675525882.903044) vcan0 145#F9C2D380FC4810A1
(1675525882.903123) vcan0 008#2D80A8B200800080
(1675525882.903274) vcan0 290#0000000000000000
(1675525882.903361) vcan0 2C0#4F9E00000000A0F1
(1675525882.903438) vcan0 2C5#4CD78BD09DE60070
(1675525882.903517) vcan0 010#008000002FB031F8
(1675525882.903595) vcan0 2A9#8C260082C0000084
(1675525882.903673) vcan0 125#E56E80E5C1D0D735
(1675525882.905279) vcan0 360#509E005EC34BA001
(1675525882.907821) vcan0 1B0#00C0000004B000FC
(1675525882.909153) vcan0 1B5#FF90EADB0BE0FFEF
(1675525882.909295) vcan0 1D8#363339343234DF43
(1675525882.909369) vcan0 1E0#0028534300B917E0
(1675525882.911785) vcan0 008#2D80B8A200800080
(1675525882.911861) vcan0 010#008000002FB031F8
(1675525882.912003) vcan0 072#F000FF3F0080A038
(1675525882.912078) vcan0 1D0#0000000000000861
(1675525882.913188) vcan0 390#80FF050002025F6F
(1675525882.913264) vcan0 260#D0FF0055497487B0
(1675525882.915757) vcan0 3C8#4F9E008E882C008E
(1675525882.917143) vcan0 0F5#D799C2997F63727D
(1675525882.917285) vcan0 120#D399D5997F045689
(1675525882.917360) vcan0 130#C70F1ED519850712
(1675525882.921278) vcan0 0E0#62732FD800804C00
(1675525882.921430) vcan0 055#F1F73528B21B9D80
(1675525882.921508) vcan0 065#A4E635F803CE9102
(1675525882.921587) vcan0 070#00000FF890E21500
(1675525882.921663) vcan0 075#0000000000005458
(1675525882.921743) vcan0 080#8B508000C2002C00
(1675525882.921820) vcan0 0B0#398311A3D9C139A3
(1675525882.921972) vcan0 145#F9B2D480FC4810A1
(1675525882.922048) vcan0 150#CD192D8825F88DC0
(1675525882.922127) vcan0 28C#00002000002CFEA9
(1675525882.922205) vcan0 008#2D80C89200800080
(1675525882.922284) vcan0 288#85E0C03F00000080
(1675525882.922441) vcan0 2B5#4B55366293A689A9
(1675525882.922522) vcan0 340#8D00000000000000
(1675525882.922675) vcan0 010#008000002FB031F9
(1675525882.922754) vcan0 210#67E080A0AC69A14D
(1675525882.922831) vcan0 291#0000000000000000
(1675525882.922910) vcan0 3D0#8A0F6100641B80C3
(1675525882.923061) vcan0 125#E56E80E5C1D0D735
(1675525882.925383) vcan0 072#F000FF3F00808038
(1675525882.927782) vcan0 1B0#00C0000006B000FC
(1675525882.929186) vcan0 1B5#FFA1FBE314E0FFEF
(1675525882.929261) vcan0 1D8#363339343234DF43
(1675525882.929336) vcan0 1E0#002C434300B917E0
(1675525882.929478) vcan0 290#0000000000000000
(1675525882.929551) vcan0 2C3#4F9E00FFFFAE5450
(1675525882.931765) vcan0 008#2D80D88200800080
(1675525882.931910) vcan0 010#008000002FB031F8
(1675525882.931993) vcan0 1D0#0000000000000261
(1675525882.936815) vcan0 0F5#B599C2997F67627F
(1675525882.939681) vcan0 120#E599EB997FFC5589
(1675525882.939759) vcan0 130#CF0F1EDD196D0D12
(1675525882.939910) vcan0 0E0#62732AE000803100
(1675525882.939989) vcan0 055#F1F73428B21B9D80
(1675525882.940068) vcan0 065#A6E635F801CE9002
(1675525882.940144) vcan0 070#00000FF890E21500
(1675525882.940224) vcan0 075#0000000000005458
(1675525882.940374) vcan0 080#8B508000C2002C00
(1675525882.940453) vcan0 0B0#398311A3D8C139A3
(1675525882.940531) vcan0 145#F9A2D580FC4810A1
(1675525882.940610) vcan0 150#CD192C9825F87DC0
(1675525882.940689) vcan0 370#0728C0005403CF1F
(1675525882.940766) vcan0 008#2D80E87200800080
(1675525882.942298) vcan0 350#A200000000000080
(1675525882.942385) vcan0 010#008000002FB031F8
(1675525882.942464) vcan0 072#F000FF3F0080A038
(1675525882.943706) vcan0 2A9#8C26009BC0000084
(1675525882.943784) vcan0 125#E56E80E5C1D0D735
(1675525882.943861) vcan0 260#D0FF0055497487B0
(1675525882.946261) vcan0 288#89E0C03F00000080
(1675525882.946411) vcan0 210#67E080A0AC69A145
(1675525882.947649) vcan0 1B0#00C0000006B000FC
(1675525882.947801) vcan0 1B5#FFB10CEC1CE0FFEF
(1675525882.947879) vcan0 1D8#363339343234DF43
(1675525882.947958) vcan0 1E0#002C430300B917E0
(1675525882.950248) vcan0 008#2D80F86200800080
(1675525882.951627) vcan0 010#008000002FB031F8
(1675525882.951774) vcan0 1D0#0000000000000061
(1675525882.951848) vcan0 291#0000000000000000
(1675525882.955501) vcan0 072#F000FF3F00808038
(1675525882.956977) vcan0 3B0#00D845386EC0C400
(1675525882.957050) vcan0 0F5#C299C5997F6B5281
(1675525882.957133) vcan0 120#019ADD997F015689
(1675525882.961050) vcan0 130#D70F1EDD195D1212
(1675525882.961203) vcan0 0E0#62732CE800800F00
(1675525882.961281) vcan0 055#F1F73428B21B9D80
(1675525882.961360) vcan0 065#A1E635F803CE9002
(1675525882.961437) vcan0 070#00000FF890E21500
(1675525882.961516) vcan0 075#0000000000005458
(1675525882.961593) vcan0 080#8A508000C2002C00
(1675525882.961743) vcan0 0B0#398311A3D8C139A3
(1675525882.961822) vcan0 145#F992D680FC4810A1
(1675525882.961902) vcan0 150#CA192DA825F870C0
(1675525882.961980) vcan0 28C#00002000002CFEA9
(1675525882.962057) vcan0 008#2D80085200800080
(1675525882.962211) vcan0 290#0000000000000000
(1675525882.962301) vcan0 2B5#4B55366293A689A8
(1675525882.962455) vcan0 2C0#4F9E00000000A0F1
(1675525882.962533) vcan0 2C5#4BD78BD0A3E60070
(1675525882.962610) vcan0 3AF#0000000000000020
(1675525882.962689) vcan0 010#008000002FB031F8
(1675525882.962840) vcan0 330#0000000000000000
(1675525882.962917) vcan0 3CA#00000000540000C8
(1675525882.963937) vcan0 125#E56E80E5C1D0D735
(1675525882.966552) vcan0 1B0#00C0000002B000FC
(1675525882.967936) vcan0 1B5#FFC21CF424E0FFEF
(1675525882.968016) vcan0 1D8#363339343234DF43
(1675525882.968095) vcan0 1E0#0030334300B917E0
(1675525882.968169) vcan0 2C3#4F9E00FFFFAE5450
(1675525882.970519) vcan0 008#2D80184200800080
(1675525882.970593) vcan0 288#99E0D02F00000080
(1675525882.972736) vcan0 010#008000002FB031F8
(1675525882.972825) vcan0 072#F000FF3F0080A038
(1675525882.972970) vcan0 1D0#0000000000000061
(1675525882.973044) vcan0 210#67E080A0AC69A145
(1675525882.973466) vcan0 260#D0FF0055497487B0
(1675525882.976088) vcan0 0F5#DA99D3997F6F4283
(1675525882.977402) vcan0 120#E899EA997F025689
(1675525882.977545) vcan0 130#DF0F1EDD194D1212
(1675525882.977620) vcan0 0E0#62732EF00080ED00
(1675525882.981566) vcan0 055#F1F73428B2199D80
(1675525882.981646) vcan0 065#A0E634F8FCCD9002
(1675525882.981725) vcan0 070#00000FF88FE21500
(1675525882.981801) vcan0 075#0000000000005458
(1675525882.981955) vcan0 080#8A508000C2002C00
(1675525882.982032) vcan0 0B0#398311A3D8C139A3
(1675525882.982109) vcan0 145#F982D780FC4810A1
(1675525882.982185) vcan0 150#CC1935B825F85EC0
(1675525882.982277) vcan0 008#2D80283200800080
(1675525882.982354) vcan0 010#008000002FB031F8
(1675525882.982506) vcan0 291#0000000000000000
(1675525882.982954) vcan0 2A9#8C260082C0000084
(1675525882.983031) vcan0 125#E56E80E5C1D0D735
(1675525882.985570) vcan0 072#F000FF3F00808038
(1675525882.986956) vcan0 1B0#00C0000007B000FC
(1675525882.988396) vcan0 1B5#FFD32DFC2DE0FFEF
(1675525882.988540) vcan0 1D8#363339343234DF43
(1675525882.988616) vcan0 1E0#0034234300B917E0
(1675525882.988690) vcan0 290#0000000000000000
(1675525882.989940) vcan0 008#2D80382200800080
(1675525882.991396) vcan0 010#008000002FB031F8
(1675525882.991540) vcan0 1D0#0000000000000861
(1675525882.994027) vcan0 288#A5E0D02F00000080
(1675525882.996510) vcan0 210#67E080A0AC69A14D
(1675525882.999454) vcan0 0F5#D299CD997F733285
(1675525882.999533) vcan0 120#EE99DD997FFA5589
(1675525882.999610) vcan0 130#E70F1EDD193D1212
(1675525882.999688) vcan0 0E0#62732CF80080CF00
(1675525882.999840) vcan0 150#BE1930C825F85CC0
(1675525882.999919) vcan0 055#F1F73428B2199D80
(1675525882.999996) vcan0 065#A3E634F801CE8F02
(1675525883.000076) vcan0 070#00000FF88FE21500
(1675525883.000153) vcan0 075#0000000000005458
(1675525883.000232) vcan0 080#8A508000C2002C00
(1675525883.000382) vcan0 0B0#398311A3D8C139A3
(1675525883.000462) vcan0 145#F972D880FC4810A1
(1675525883.000541) vcan0 28C#00002000002CFEA9
(1675525883.002069) vcan0 008#2D80481200800080
(1675525883.002147) vcan0 2B5#4B56366293A689A7
(1675525883.002225) vcan0 340#8D00000000000000
(1675525883.002313) vcan0 010#008000002FB031F9
(1675525883.002392) vcan0 072#F000FF3F0080A038
(1675525883.003413) vcan0 125#E56E80E5C1D0D735
(1675525883.003562) vcan0 260#D0FF00AA497487B0
(1675525883.006034) vcan0 360#509E005EC34BA001
(1675525883.007455) vcan0 1B0#00C0000006B000FC
(1675525883.007534) vcan0 1B5#FFE43E0535E0FFEF
(1675525883.007611) vcan0 1D8#363339343234DF43
(1675525883.010051) vcan0 1E0#0034230300B917E0
(1675525883.010126) vcan0 2C3#4F9E00FFFFAF5450
(1675525883.010270) vcan0 008#2D80580200800080
(1675525883.011449) vcan0 010#008000002FB031F8
(1675525883.011523) vcan0 1D0#0000000000000261
(1675525883.012904) vcan0 291#0000000000000000
(1675525883.013049) vcan0 390#80FF050002025F4F
(1675525883.015604) vcan0 072#F000FF3F00808038
(1675525883.016933) vcan0 0F5#099AD2997F772287
(1675525883.017009) vcan0 120#EB99DD997F065689
(1675525883.021062) vcan0 130#EF0F1EDD192D0F12
(1675525883.021140) vcan0 0E0#627332C00080A900
(1675525883.021219) vcan0 150#C71930D825F843C0
(1675525883.021368) vcan0 055#F1F73428B2199D80
(1675525883.021447) vcan0 065#A4E634F802CE8F02
(1675525883.021525) vcan0 070#00000FF88EE21500
(1675525883.021604) vcan0 075#0000000000005458
(1675525883.021680) vcan0 080#89508000C2002C00
(1675525883.021759) vcan0 0B0#398311A3D8C139A3
(1675525883.021910) vcan0 145#F962D980FC4810A1
(1675525883.021988) vcan0 290#0000000000000000
(1675525883.022066) vcan0 008#2D8068F200800080
(1675525883.022144) vcan0 288#9DE0D02F00000080
(1675525883.022298) vcan0 2C0#4F9E00000000A0F1
(1675525883.022383) vcan0 2C5#4BD78BD0A3E60070
(1675525883.022535) vcan0 010#008000002FB031F8
(1675525883.022613) vcan0 210#67E08020AC69A145
(1675525883.022692) vcan0 2A9#8C26008AC0000084
(1675525883.023938) vcan0 125#E56E80E5C1D0D735
(1675525883.026633) vcan0 1B0#00C000000AB000FC
(1675525883.027938) vcan0 1B5#FFF44E0D3DE0FFEF
(1675525883.028016) vcan0 1D8#363339343234DF43
(1675525883.028134) vcan0 1E0#0038134300B917E0
(1675525883.029449) vcan0 008#2D8078E200800080
(1675525883.032150) vcan0 350#A200000000000080
(1675525883.033466) vcan0 581#FFFFFFFFFFFF0081
(1675525883.033541) vcan0 010#008000002FB031F8
(1675525883.033615) vcan0 072#F000FF3F0080A038
(1675525883.033688) vcan0 1D0#0000000000000061
(1675525883.033833) vcan0 260#D0FF00AA497487B0
(1675525883.034962) vcan0 400#000300030301001C
(1675525883.035037) vcan0 405#0000000000000023
(1675525883.035111) vcan0 3C8#4F9E008E882C008E
(1675525883.037533) vcan0 0F5#CA99CD997F7B1289
(1675525883.037677) vcan0 120#F799E8997FFA5589
(1675525883.037752) vcan0 130#F70F1EE119190A12
(1675525883.037827) vcan0 0E0#62732EC800808D00
(1675525883.040256) vcan0 055#F1F73428B2199D80
(1675525883.040408) vcan0 065#A2E634F8FFCD8E02
(1675525883.040489) vcan0 070#00000FF88EE21500
(1675525883.040563) vcan0 075#0000000000005458
(1675525883.040642) vcan0 080#89508000C2002C00
(1675525883.040720) vcan0 0B0#398311A3D8C139A3
(1675525883.040799) vcan0 145#F952DA80FC4810A1
(1675525883.040950) vcan0 150#D31934E825F827C0
(1675525883.044071) vcan0 28C#00002000002CFEA9
(1675525883.044157) vcan0 008#2D8088D200800080
(1675525883.044234) vcan0 2B5#4B56366293A689A7
(1675525883.044313) vcan0 370#0728C0005403CF1F
(1675525883.044463) vcan0 125#E56E80E5C1D0D735
(1675525883.044540) vcan0 010#008000002FB031F8
(1675525883.044619) vcan0 291#0000000000000000
(1675525883.044696) vcan0 330#0000000000000000
(1675525883.045430) vcan0 288#99E0D02F00000080
(1675525883.049639) vcan0 1B0#00C000000BB000FC
(1675525883.049714) vcan0 1B5#FF055F1646E0FFEF
(1675525883.049858) vcan0 1D8#363339343234DF43
(1675525883.049933) vcan0 1E0#003C034300B917E0
(1675525883.050006) vcan0 072#F000FF3F007C8038
(1675525883.050082) vcan0 210#66E080A0AC69A14D
(1675525883.050225) vcan0 290#0000000000000000
(1675525883.050298) vcan0 2C3#4F9E00FFFFAF5450
(1675525883.050383) vcan0 008#2D8098C200800080
(1675525883.052042) vcan0 010#008000002FB031F8
(1675525883.053422) vcan0 1D0#0000000000000061
(1675525883.056041) vcan0 0F5#CA99C5997F7F028B
(1675525883.057429) vcan0 120#F599D8997FFA5589
(1675525883.057503) vcan0 130#FF0F1EE119090412
(1675525883.057648) vcan0 0E0#62732BD000807000
(1675525883.061565) vcan0 055#F1F73428B2199D80
(1675525883.061646) vcan0 065#A7E634F802CE8E02
(1675525883.061798) vcan0 070#00000FF88EE21500
(1675525883.061875) vcan0 075#0000000000005458
(1675525883.061954) vcan0 080#89508000C2002C00
(1675525883.062030) vcan0 0B0#398311A3D8C139A3
(1675525883.062109) vcan0 145#F942DB80FC4810A1
(1675525883.062186) vcan0 150#C71932F825F823C0
(1675525883.062335) vcan0 008#2D80A8B200800080
(1675525883.062423) vcan0 010#008000002FB031F8
(1675525883.062501) vcan0 072#F000FF3F007CA038
(1675525883.062946) vcan0 2A9#8C260093C0000084
(1675525883.063025) vcan0 125#E56E80E5C1D0D735
(1675525883.064407) vcan0 260#D0FF00AA497487B0
(1675525883.067046) vcan0 1B0#00C0000003B000FC
(1675525883.068416) vcan0 1B5#FF16701E4EE0FFEF
(1675525883.068561) vcan0 1D8#363339343234DF43
(1675525883.068636) vcan0 1E0#003C030300B917E0
(1675525883.071053) vcan0 008#2D80B8A200800080
(1675525883.071129) vcan0 288#89E0E01F00000080
(1675525883.071273) vcan0 010#008000002FB031F8
(1675525883.072451) vcan0 1D0#0000000000000861
(1675525883.072526) vcan0 210#66E080A0AC69A145
(1675525883.072599) vcan0 291#0000000000000000
(1675525883.075021) vcan0 072#F000FF3F007C8038
(1675525883.076417) vcan0 3B0#00D845386EC0C400
(1675525883.080553) vcan0 0F5#D599CA997F43F28E
(1675525883.080706) vcan0 120#059AF1997F015689
(1675525883.080784) vcan0 130#870F1EE119F90112
(1675525883.080862) vcan0 0E0#62732AD800805100
(1675525883.080940) vcan0 150#D419340825F806C0
(1675525883.081019) vcan0 055#F1F73428B2189D80
(1675525883.081168) vcan0 065#A6E634F800CE8E02
(1675525883.081248) vcan0 070#00000FF88EE21500
(1675525883.081326) vcan0 075#0000000000005458
(1675525883.081403) vcan0 080#88508000C2002C00
(1675525883.081482) vcan0 0B0#398311A3D8C139A3
(1675525883.081650) vcan0 145#F932DC80FC4810A1
(1675525883.081804) vcan0 28C#00002000002CFEA9
(1675525883.081881) vcan0 008#2D80C89200800080
(1675525883.082035) vcan0 290#0000000000000000
(1675525883.083432) vcan0 2B5#4B57366293A689A6
(1675525883.083511) vcan0 2C0#4F9E00000000A0F1
(1675525883.083588) vcan0 2C5#4AD78CD0A6E60070
(1675525883.083738) vcan0 340#8D00000000000000
(1675525883.083816) vcan0 3AF#0000000000000020
(1675525883.083895) vcan0 3CA#00000000550000C8
(1675525883.083974) vcan0 010#008000002FB031F9
(1675525883.084050) vcan0 125#E56E80E5C1D0D735
(1675525883.086087) vcan0 1B0#00C0000004B000FC
(1675525883.087397) vcan0 1B5#FF27812656E0FFEF
(1675525883.087548) vcan0 1D8#363339343234DF43
(1675525883.090203) vcan0 1E0#0000F34300B917E0
(1675525883.090277) vcan0 2C3#4F9E00FFFFAF5450
(1675525883.090354) vcan0 008#2D80D88200800080
(1675525883.091391) vcan0 010#008000002FB031F8
(1675525883.094085) vcan0 072#F000FF3F007CA038
(1675525883.094174) vcan0 1D0#0000000000000261
(1675525883.094249) vcan0 260#D0FF00AA497487B0
(1675525883.095429) vcan0 288#A1E0E01F00000080
(1675525883.098312) vcan0 210#66E080A0AC69A14D
(1675525883.098466) vcan0 0F5#D499D8997F47E290
(1675525883.098544) vcan0 120#EE99E5997FFB5589
(1675525883.098621) vcan0 130#8F0F1EE519E50412
(1675525883.098702) vcan0 0E0#62732CE000802F00
(1675525883.098780) vcan0 150#DA19301825F8F0C0
(1675525883.098857) vcan0 055#F1F73328B2169D80
(1675525883.098934) vcan0 065#A3E634F800CE8E02
(1675525883.099012) vcan0 070#00000FF88DE21500
(1675525883.102063) vcan0 075#0000000000005458
(1675525883.102141) vcan0 080#88508000C2002C00
(1675525883.102220) vcan0 0B0#398310A3D8C139A3
(1675525883.102298) vcan0 145#F922DD80FC4810A1
(1675525883.102385) vcan0 008#2D80E87200800080
(1675525883.102536) vcan0 010#008000002FB031F8
(1675525883.102615) vcan0 291#0000000000000000
(1675525883.102692) vcan0 2A9#8C26008AC0000084
(1675525883.103428) vcan0 125#E56E80E5C1D0D735
(1675525883.106045) vcan0 072#F000FF3F007C8038
(1675525883.106122) vcan0 360#509E005EC34BA001
(1675525883.107436) vcan0 1B0#00C0000004B000FC
(1675525883.107514) vcan0 1B5#FF38912F5FE0FFEF
(1675525883.107593) vcan0 1D8#363339343234DF43
(1675525883.110061) vcan0 1E0#0004E34300B917E0
(1675525883.110135) vcan0 290#0000000000000000
(1675525883.110209) vcan0 008#2D80F86200800080
(1675525883.111457) vcan0 010#008000002FB031F8
(1675525883.111531) vcan0 1D0#0000000000000061
(1675525883.112917) vcan0 390#80FF0500023A514F
(1675525883.116926) vcan0 0F5#E899D3997F4BD292
(1675525883.119706) vcan0 120#FC99E3997F075689
(1675525883.119780) vcan0 130#970F1EE519D50412
(1675525883.119855) vcan0 0E0#627331E800800A00
(1675525883.119999) vcan0 150#D319352825F8E7C0
(1675525883.120075) vcan0 055#F1F73328B2149D80
(1675525883.120148) vcan0 065#A7E634F8FECD8D02
(1675525883.120223) vcan0 070#00000FF88CE21500
(1675525883.120366) vcan0 075#0000000000005458
(1675525883.120440) vcan0 080#87508000C2002C00
(1675525883.120515) vcan0 0B0#398310A3D8C139A3
(1675525883.120590) vcan0 145#F912DE80FC4810A1
(1675525883.120732) vcan0 28C#00002000002CFEA9
(1675525883.120806) vcan0 008#2D80085200800080
(1675525883.123848) vcan0 288#99E0E01F00000080
(1675525883.123923) vcan0 2B5#4B57376293A689A6
(1675525883.124009) vcan0 010#008000002FB031F8
(1675525883.124083) vcan0 072#F000FF3F007CA038
(1675525883.124226) vcan0 210#66E080A0AC69A14D
(1675525883.124300) vcan0 330#0000000000000000
(1675525883.124374) vcan0 350#A200000000000080
(1675525883.124450) vcan0 3D0#8A0F6100641B80C3
(1675525883.124523) vcan0 125#E56E80E5C1D0D735
(1675525883.124666) vcan0 260#D0FF0055497487B0
(1675525883.126326) vcan0 1B0#00C0000003B000FC
(1675525883.127710) vcan0 1B5#FF48A23767E0FFEF
(1675525883.127786) vcan0 1D8#363339343234DF43
(1675525883.127860) vcan0 1E0#0004E30300B917E0
(1675525883.130329) vcan0 2C3#4F9E00FFFFB05450
(1675525883.130406) vcan0 008#2D80184200800080
(1675525883.131647) vcan0 010#008000002FB031F8
(1675525883.131800) vcan0 1D0#0000000000000061
(1675525883.133195) vcan0 291#0000000000000000
(1675525883.135809) vcan0 0F5#E199D4997F4FC294
(1675525883.137195) vcan0 072#F000FF3F007C8038
(1675525883.137273) vcan0 120#FC99F5997F025689
(1675525883.141316) vcan0 0E0#627335F00080E600
(1675525883.141393) vcan0 055#F1F73328B2129D80
(1675525883.141467) vcan0 065#A5E633F803CE8D02
(1675525883.141610) vcan0 070#00000FF88CE21500
(1675525883.141682) vcan0 075#0000000000005458
(1675525883.141759) vcan0 080#86508000C2002C00
(1675525883.141833) vcan0 0B0#398310A3D8C139A3
(1675525883.141976) vcan0 130#9F0F1EE519C50112
(1675525883.142051) vcan0 145#F902DF80FC4810A1
(1675525883.142125) vcan0 150#DE19323825F8CCC0
(1675525883.142271) vcan0 008#2D80283200800080
(1675525883.142346) vcan0 290#0000000000000000
(1675525883.142429) vcan0 2C0#4F9E00000000A0F1
(1675525883.142505) vcan0 2C5#4AD78CD0A6E60070
(1675525883.142651) vcan0 370#0728C0005403CF1F
(1675525883.142795) vcan0 3E0#000000D935808090
(1675525883.142869) vcan0 010#008000002FB031F8
(1675525883.142945) vcan0 2A9#8C260093C0000084
(1675525883.143019) vcan0 125#E56E80E5C1D0D735
(1675525883.145293) vcan0 288#99E0E01F00000080
(1675525883.146682) vcan0 210#66E080A0AC69A145
(1675525883.148159) vcan0 1B0#00C0000004B000FC
(1675525883.148309) vcan0 1B5#FF59B33F6FE0FFEF
(1675525883.148388) vcan0 1D8#363339343234DF43
(1675525883.148467) vcan0 1E0#0008D34300B917E0
(1675525883.149707) vcan0 008#2D80382200800080
(1675525883.152320) vcan0 010#008000002FB031F8
(1675525883.152398) vcan0 072#F000FF3F007CA038
(1675525883.152484) vcan0 1D0#0000000000000861
(1675525883.153650) vcan0 260#D0FF0055497487B0
(1675525883.155178) vcan0 3C8#4F9E008E882C008E
(1675525883.157938) vcan0 0F5#DD99D8997F53B296
(1675525883.158019) vcan0 120#D599EB997FFD5589
(1675525883.158130) vcan0 130#A70F1EE519B50112
(1675525883.158206) vcan0 0E0#627339F80080C200
(1675525883.158279) vcan0 150#D019324825F8CAC0
(1675525883.158354) vcan0 055#F1F73328B2149D80
(1675525883.163179) vcan0 065#A7E633F800CE8C02
(1675525883.163253) vcan0 070#00000FF88BE21500
(1675525883.163329) vcan0 075#0000000000005458
(1675525883.163473) vcan0 080#86508000C2002C00
(1675525883.163545) vcan0 0B0#398310A3D8C139A3
(1675525883.163621) vcan0 145#F9F2D080FC4810A1
(1675525883.163696) vcan0 28C#00002000002CFEA9
(1675525883.163779) vcan0 008#2D80481200800080
(1675525883.163922) vcan0 2B5#4B57376293A687A4
(1675525883.163995) vcan0 340#8E00000000000000
(1675525883.164071) vcan0 010#008000002FB031F9
(1675525883.164145) vcan0 291#0000000000000000
(1675525883.164290) vcan0 125#E57180E5C1D0D735
(1675525883.165676) vcan0 072#F000FF3F007C8038
(1675525883.168445) vcan0 1B0#00C0000001B000FC
(1675525883.168524) vcan0 1B5#FF6AC44878E0FFEF
(1675525883.168602) vcan0 1D8#363339343234DF43
(1675525883.168753) vcan0 1E0#000CC34300B917E0
(1675525883.168832) vcan0 290#0000000000000000
(1675525883.168909) vcan0 2C3#4F9E00FFFFB05450
(1675525883.169929) vcan0 008#2D80580200800080
(1675525883.170007) vcan0 288#A1E0F00F00000080
(1675525883.172549) vcan0 010#008000002FB031F8
(1675525883.172637) vcan0 1D0#0000000000000261
(1675525883.172716) vcan0 210#66E08020AC69A145
(1675525883.176345) vcan0 0F5#E099D7997F57A298
(1675525883.177656) vcan0 120#209AEE997FFA5589
(1675525883.177805) vcan0 130#AF0F1EE519A50112
(1675525883.177885) vcan0 0E0#62733CC000809F00
(1675525883.177963) vcan0 150#D4192C5825F8B6C0
(1675525883.181834) vcan0 055#F1F73228B2129D80
(1675525883.181908) vcan0 065#A2E633F8FECD8B02
(1675525883.181984) vcan0 070#00000FF88BE21500
(1675525883.182127) vcan0 075#0000000000005458
(1675525883.182202) vcan0 080#85508000C2002C00
(1675525883.182276) vcan0 0B0#398310A3D8C139A3
(1675525883.182351) vcan0 145#F9E2D180FC4810A1
(1675525883.182494) vcan0 008#2D8068F200800080
(1675525883.182570) vcan0 010#008000002FB031F8
(1675525883.182654) vcan0 072#F000FF3F007CA038
(1675525883.182728) vcan0 2A9#8C26008AC0000084
(1675525883.183148) vcan0 125#E57180E5C1D0D735
(1675525883.184668) vcan0 260#D0FF0055497487B0
(1675525883.187286) vcan0 1B0#00C0000001B000FC
(1675525883.187430) vcan0 1B5#FF7BD55080E0FFEF
(1675525883.188662) vcan0 1D8#363339343234DF43
(1675525883.188813) vcan0 1E0#000CC30300B917E0
(1675525883.191289) vcan0 008#2D8078E200800080
(1675525883.191438) vcan0 010#008000002FB031F8
(1675525883.192679) vcan0 1D0#0000000000000061
(1675525883.192757) vcan0 291#0000000000000000
(1675525883.195301) vcan0 288#95E0F00F00000080
(1675525883.196688) vcan0 072#F000FF3F007C8038
(1675525883.196765) vcan0 210#66E080A0AC69A14D
(1675525883.196916) vcan0 3B0#00D845386EC0C400
(1675525883.197002) vcan0 0F5#D099E2997F5B929A
(1675525883.200815) vcan0 120#079AE5997F005689
(1675525883.200961) vcan0 130#B70F1EE51995FF11
(1675525883.201036) vcan0 0E0#62733EC800807D00
(1675525883.201111) vcan0 150#D419386825F8A6C0
(1675525883.201184) vcan0 3CA#00000000560000C8
(1675525883.201260) vcan0 055#F1F73228B2129D80
(1675525883.201403) vcan0 065#A7E633F800CE8A02
(1675525883.201477) vcan0 070#00000FF88AE21500
(1675525883.201551) vcan0 075#0000000000005458
(1675525883.201626) vcan0 080#85508000C2002C00
(1675525883.201770) vcan0 0B0#398310A3D8C139A3
(1675525883.201847) vcan0 008#2D8088D200800080
(1675525883.201921) vcan0 145#F9D2D280FC4810A1
(1675525883.202063) vcan0 28C#00002000002CFEA9
(1675525883.202140) vcan0 290#0000000000000000
(1675525883.203668) vcan0 2B5#4B57376293A686A3
(1675525883.203811) vcan0 2C0#4F9E00000000A0F1
(1675525883.203885) vcan0 2C5#49D78CD0A6E60070
(1675525883.203960) vcan0 010#008000002FB031F8
(1675525883.204034) vcan0 330#0000000000000000
(1675525883.204177) vcan0 3AF#0000000000000020
(1675525883.204251) vcan0 125#E57180E5C1D0D735
(1675525883.206325) vcan0 360#509E005EC34BA001
(1675525883.207711) vcan0 1B0#00C0000005B000FC
(1675525883.207785) vcan0 1B5#FF8CE55888E0FFEF
(1675525883.207859) vcan0 1D8#363339343234DF43
(1675525883.208003) vcan0 1E0#0010B34300B917E0
(1675525883.208059) vcan0 2C3#4F9E00FFFFB15450
(1675525883.210340) vcan0 008#2D8098C200800080
(1675525883.211654) vcan0 010#008000002FB031F8
(1675525883.211796) vcan0 072#F000FF3F007CA038
(1675525883.211881) vcan0 1D0#0000000000000061
(1675525883.213195) vcan0 350#A200000000000080
(1675525883.213271) vcan0 390#80FF0500023A514F
(1675525883.213345) vcan0 260#D0FF00AA497487B0
(1675525883.215828) vcan0 0F5#EA99D8997F5F829C
(1675525883.217212) vcan0 120#F699EC997FFD5589
(1675525883.217285) vcan0 130#BF0F1EF319770112
(1675525883.221348) vcan0 0E0#627342D000805900
(1675525883.221424) vcan0 055#F1F73228B2129D80
(1675525883.221504) vcan0 065#AAE632F802CE8A02
(1675525883.221583) vcan0 070#00000FF88AE21500
(1675525883.221660) vcan0 075#0000000000005458
(1675525883.221810) vcan0 080#85508000C2002C00
(1675525883.221889) vcan0 0B0#398310A3D8C139A3
(1675525883.221967) vcan0 145#F9C2D380FC4810A1
(1675525883.222044) vcan0 150#E8192D7825F882C0
(1675525883.222131) vcan0 008#2D80A8B200800080
(1675525883.222283) vcan0 288#95E0F00F00000080
(1675525883.222361) vcan0 010#008000002FB031F8
(1675525883.222660) vcan0 210#66E080A0AC69A145
(1675525883.222737) vcan0 291#0000000000000000
(1675525883.222887) vcan0 2A9#8C260082C0000084
(1675525883.222965) vcan0 125#E57180E5C1D0D735
(1675525883.225292) vcan0 072#F000FF3F007C8038
(1675525883.227835) vcan0 1B0#00C0000004B000FC
(1675525883.229161) vcan0 1B5#FF9DF66191E0FFEF
(1675525883.229305) vcan0 1D8#363339343234DF43
(1675525883.229381) vcan0 1E0#0014A34300B917E0
(1675525883.229455) vcan0 290#0000000000000000
(1675525883.231802) vcan0 008#2D80B02200800080
(1675525883.231877) vcan0 010#008000002FB031F8
(1675525883.232020) vcan0 1D0#0000000000000861
(1675525883.236789) vcan0 0F5#EB99DC997F63729E
(1675525883.239671) vcan0 120#059A019A7FFE5589
(1675525883.239823) vcan0 130#C70F1EF319670712
(1675525883.239902) vcan0 0E0#62734ED800802D00
(1675525883.239980) vcan0 150#F319318825F867C0
(1675525883.240057) vcan0 055#F1F73228B2129D80
(1675525883.240136) vcan0 065#A9E632F803CE8A02
(1675525883.240215) vcan0 070#00000FF889E21500
(1675525883.240363) vcan0 075#0000000000005458
(1675525883.240441) vcan0 080#84508000C2002C00
(1675525883.240519) vcan0 0B0#398310A3D8C139A3
(1675525883.240598) vcan0 145#F9B2D480FC4810A1
(1675525883.240676) vcan0 28C#00002000002CFEA9
(1675525883.240753) vcan0 008#2F80C0FB15800080
(1675525883.241201) vcan0 2B5#4B58376293A686A2
(1675525883.241280) vcan0 340#8E00000000000000
(1675525883.241366) vcan0 370#0728C0005403CF1F
(1675525883.243836) vcan0 010#008000002FB031F9
(1675525883.243914) vcan0 072#F000FF3F007CA038
(1675525883.243992) vcan0 125#E57480E5C1D0D735
(1675525883.244071) vcan0 260#D0FF00AA497487B0
(1675525883.245163) vcan0 288#8DE0F00F00000080
(1675525883.247994) vcan0 210#66E080A0AC69A14D
(1675525883.248077) vcan0 1B0#00C0000005B000FC
(1675525883.248220) vcan0 1B5#FFAD076999E0FFEF
(1675525883.248295) vcan0 1D8#363339343234DF43
(1675525883.248368) vcan0 1E0#0014A30300B917E0
(1675525883.248445) vcan0 2C3#4F9E00FFFFB15450
(1675525883.250447) vcan0 008#3280D0DA23800080
(1675525883.251832) vcan0 010#008000002FB031F8
(1675525883.251906) vcan0 1D0#0000000000000261
(1675525883.251981) vcan0 291#0000000000000000
(1675525883.257021) vcan0 072#F000FF3F007C8038
(1675525883.257165) vcan0 0F5#E099DD997F6762A0
(1675525883.257239) vcan0 120#149AFF997F015689
(1675525883.259964) vcan0 130#CF0F1EF319570712
(1675525883.260043) vcan0 0E0#627355E000800600
(1675525883.260121) vcan0 055#F1F73228B2109D80
(1675525883.260200) vcan0 065#A9E632F8FFCD8902
(1675525883.260279) vcan0 070#00000FF889E21500
(1675525883.260429) vcan0 075#0000000000005458
(1675525883.260505) vcan0 080#84508000C2002C00
(1675525883.260585) vcan0 0B0#398310A3D8C139A3
(1675525883.260663) vcan0 145#F9A2D580FC4810A1
(1675525883.260741) vcan0 150#E0192E9825F86AC0
(1675525883.260892) vcan0 290#0000000000000000
(1675525883.260970) vcan0 008#3680E0B732800080
(1675525883.261048) vcan0 2C0#4F9E00000000A0F1
(1675525883.262586) vcan0 2C5#48D78CD0AAE60070
(1675525883.262663) vcan0 010#008000002FB031F8
(1675525883.262741) vcan0 2A9#8C26009BC0000084
(1675525883.262819) vcan0 125#E57C80E5C1D0D735
(1675525883.266297) vcan0 1B0#00C0000001B000FC
(1675525883.267679) vcan0 1B5#FFBE1872A2E0FFEF
(1675525883.267758) vcan0 1D8#363339343234DF43
(1675525883.267837) vcan0 1E0#0018934300B917E0
(1675525883.270336) vcan0 008#3880F08156800080
(1675525883.270409) vcan0 288#91E000FF00000080
(1675525883.271723) vcan0 010#008000002FB031F8
(1675525883.271866) vcan0 072#F000FF3F007CA038
(1675525883.271940) vcan0 1D0#0000000000000061
(1675525883.272016) vcan0 210#66E080A0AC69A145
(1675525883.274292) vcan0 260#D0FF00AA497487B0
(1675525883.275673) vcan0 3C8#4F9E008E882C008E
(1675525883.279796) vcan0 0F5#EB99E5997F6B52A3
(1675525883.279948) vcan0 120#209AF6997FFE5589
(1675525883.280026) vcan0 130#D70F1EF319470712
(1675525883.280104) vcan0 0E0#627357E80080E400
(1675525883.280181) vcan0 055#F1F73228B2109D80
(1675525883.280258) vcan0 065#AAE632F802CE8902
(1675525883.280408) vcan0 070#00000FF888E21500
(1675525883.280488) vcan0 075#0000000000005458
(1675525883.280565) vcan0 080#83508000C2002C00
(1675525883.280645) vcan0 0B0#398310A3D8C139A3
(1675525883.280722) vcan0 145#F992D680FC4810A1
(1675525883.280873) vcan0 150#E2192CA825F858C0
(1675525883.280954) vcan0 28C#00002000002CFEA9
(1675525883.281032) vcan0 008#3D80005E64800080
(1675525883.281183) vcan0 2B5#4B58376293A686A2
(1675525883.282785) vcan0 010#008000002FB031F8
(1675525883.282871) vcan0 291#0000000000000000
(1675525883.282951) vcan0 330#0000000000000000
(1675525883.283101) vcan0 400#010300010100011D
(1675525883.283179) vcan0 405#2AF8FEF1581B6701
(1675525883.283256) vcan0 125#E58280E5C1D0D735
(1675525883.283336) vcan0 425#0000000000000000
(1675525883.285443) vcan0 072#F000FF3F007C8038
(1675525883.288203) vcan0 1B0#00C0000002B000FC
(1675525883.288277) vcan0 1B5#FFCF297AAAE0FFEF
(1675525883.288354) vcan0 1D8#363339343234DF43
(1675525883.288496) vcan0 1E0#001C834300B917E0
(1675525883.288573) vcan0 290#0000000000000000
(1675525883.288647) vcan0 2C3#4F9E00FFFFB15450
(1675525883.289688) vcan0 008#3F80102F81800080
(1675525883.292308) vcan0 010#008000002FB031F8
(1675525883.292383) vcan0 1D0#0000000000000061
(1675525883.294805) vcan0 288#91E000FF00000080
(1675525883.296190) vcan0 210#66E080A0AC69A14D
(1675525883.300326) vcan0 0F5#E899F1997F6F42A5
(1675525883.300404) vcan0 120#279AF1997F065689
(1675525883.300482) vcan0 130#DF0F1EF319370712
(1675525883.300633) vcan0 0E0#627352F00080C900
(1675525883.300712) vcan0 150#E5192FB825F845C0
(1675525883.300787) vcan0 055#F1F73228B2109D80
(1675525883.300866) vcan0 065#AAE632F800CE8902
(1675525883.300944) vcan0 070#00000FF888E21500
(1675525883.301096) vcan0 075#0000000000005458
(1675525883.301174) vcan0 080#83508000C2002C00
(1675525883.301251) vcan0 0B0#398311A3D8C139A3
(1675525883.301329) vcan0 145#F982D780FC4810A1
(1675525883.301409) vcan0 008#4180200797800080
(1675525883.301633) vcan0 010#008000002FB031F8
(1675525883.301792) vcan0 072#F000FF3F007CA038
(1675525883.301871) vcan0 2A9#8C260082C0000084
(1675525883.304272) vcan0 350#A200000000000080
(1675525883.304350) vcan0 125#E58A80E5C1D0D735
(1675525883.304500) vcan0 260#D0FF0055497487B0
(1675525883.305662) vcan0 360#509E005EC34BA001
(1675525883.308340) vcan0 1B0#00C0000002B000FC
(1675525883.308414) vcan0 1B5#FFE03982B2E0FFEF
(1675525883.308488) vcan0 1D8#363339343234DF43
(1675525883.308562) vcan0 1E0#001C830300B917E0
(1675525883.309668) vcan0 008#448030E6A5800080
(1675525883.312289) vcan0 010#008000002FB031F8
(1675525883.312363) vcan0 1D0#0000000000000861
(1675525883.312436) vcan0 291#0000000000000000
(1675525883.312581) vcan0 390#80FF05000232534F
(1675525883.314791) vcan0 072#F000FF3F007C8038
(1675525883.316185) vcan0 3B0#00FC4E386EC0C402
(1675525883.320327) vcan0 0F5#F399E3997F7332A7
(1675525883.320405) vcan0 120#0F9AEA997F035689
(1675525883.320484) vcan0 130#E70F1EF319270412
(1675525883.320633) vcan0 0E0#62734CF80080AF00
(1675525883.320711) vcan0 150#E6192EC826F834C0
(1675525883.320789) vcan0 3CA#00000000400000C8
(1675525883.320867) vcan0 055#F1F73228B2109D80
(1675525883.320946) vcan0 065#A7E632F8FECD8802
(1675525883.321023) vcan0 070#00000FF888E21500
(1675525883.321174) vcan0 075#0000000000005458
(1675525883.321253) vcan0 080#83508000C2002C00
(1675525883.321332) vcan0 0B0#398311A3D8C139A3
(1675525883.321409) vcan0 145#F972D880FC4810A1
(1675525883.321562) vcan0 008#468040C6B3800080
(1675525883.321638) vcan0 28C#00002000002CFEA9
(1675525883.323179) vcan0 288#95E000FF00000080
(1675525883.323258) vcan0 290#0000000000000000
(1675525883.323335) vcan0 2B5#4B59376293A686A1
(1675525883.323487) vcan0 2C0#4F9E00000000A0F1
(1675525883.323565) vcan0 010#008000002FB031F9
(1675525883.323643) vcan0 210#67E08020AC69A14D
(1675525883.323720) vcan0 2C5#48D78CD0A7E60070
(1675525883.323799) vcan0 340#8E00000000000000
(1675525883.323876) vcan0 3AF#0000000000000020
(1675525883.324029) vcan0 3D0#8A0F6100641B80C3
(1675525883.324106) vcan0 125#E58F80E5C1D0D735
(1675525883.325786) vcan0 430#2E082E0000002CE6
(1675525883.327167) vcan0 1B0#00C0000004B000FC
(1675525883.327320) vcan0 1B5#FFF14A8BBBE0FFEF
(1675525883.329770) vcan0 1D8#363339343234DF43
(1675525883.329914) vcan0 1E0#0020734300B917E0
(1675525883.329996) vcan0 2C3#4F9E00FFFFB25450
(1675525883.330074) vcan0 008#4880509EC9800080
(1675525883.331184) vcan0 010#008000002FB031F8
(1675525883.333803) vcan0 072#F000FF3F007CA038
(1675525883.333879) vcan0 1D0#0000000000000261
(1675525883.333954) vcan0 260#D0FF0055497487B0
(1675525883.336300) vcan0 0F5#059AE5997F7722A9
(1675525883.337684) vcan0 120#059AF7997FFE5589
(1675525883.337760) vcan0 130#EF0F1EF919110112
(1675525883.337903) vcan0 0E0#62734FC000808C00
(1675525883.337977) vcan0 150#ED1931D826F81DC0
(1675525883.338077) vcan0 055#F1F73128B2109D80
(1675525883.340411) vcan0 065#ACE632F800CE8802
(1675525883.340489) vcan0 070#00000FF888E21500
(1675525883.340638) vcan0 075#0000000000005458
(1675525883.340716) vcan0 080#83508000C2002C00
(1675525883.340811) vcan0 0B0#398311A3D9C139A3
(1675525883.340893) vcan0 145#F962D980FC4810A1
(1675525883.340970) vcan0 370#0728C0005403CF1F
(1675525883.341048) vcan0 008#4B8060A1B3800080
(1675525883.343157) vcan0 010#008000002FB031F8
(1675525883.343307) vcan0 291#0000000000000000
(1675525883.343385) vcan0 2A9#8C26009BC0000084
(1675525883.343462) vcan0 125#E59280E5C1D0D735
(1675525883.345787) vcan0 288#99E000FF00000080
(1675525883.347171) vcan0 072#F000FF3F007C8038
(1675525883.347323) vcan0 210#67E080A0AC69A145
(1675525883.347401) vcan0 1B0#00C0000003B000FC
(1675525883.347478) vcan0 1B5#FF025B93C3E0FFEF
(1675525883.349787) vcan0 1D8#363339343234DF43
(1675525883.349863) vcan0 1E0#0024634300B917E0
(1675525883.350006) vcan0 290#0000000000000000
(1675525883.350087) vcan0 008#4B80709FA5800080
(1675525883.351198) vcan0 010#008000002FB031F8
(1675525883.352648) vcan0 1D0#0000000000000061
(1675525883.356505) vcan0 0F5#E899E0997F7B12AB
(1675525883.359314) vcan0 120#0C9A129A7F0E5689
(1675525883.359394) vcan0 130#F70F1EF919010112
(1675525883.359472) vcan0 0E0#62734AC800807100
(1675525883.359549) vcan0 150#EF1932E827F80BC0
(1675525883.359628) vcan0 055#F1F73128B2109D80
(1675525883.359706) vcan0 065#AEE632F801CE8802
(1675525883.359857) vcan0 070#00000FF888E21500
(1675525883.363196) vcan0 075#0000000000005458
(1675525883.363274) vcan0 080#83508000C2002C00
(1675525883.363351) vcan0 0B0#398311A3D8C139A3
(1675525883.363429) vcan0 145#F952DA80FC4810A1
(1675525883.363506) vcan0 28C#00002000002CFEA9
(1675525883.363592) vcan0 008#4B80809D97800080
(1675525883.363742) vcan0 2B5#4B59376293A686A0
(1675525883.363822) vcan0 010#008000002FB031F8
(1675525883.363900) vcan0 072#F000FF3F007CA038
(1675525883.363976) vcan0 330#0000000000000000
(1675525883.364054) vcan0 125#E59280E5C1D0D735
(1675525883.367040) vcan0 260#D0FF0055497487B0
(1675525883.367119) vcan0 1B0#00C0000005B000FC
(1675525883.368416) vcan0 1B5#FF136C9BCBE0FFEF
(1675525883.368560) vcan0 1D8#363339343234DF43
(1675525883.368634) vcan0 1E0#0024630300B917E0
(1675525883.368708) vcan0 2C3#4F9E00FFFFB25450
(1675525883.369953) vcan0 008#4B8090B173800080
(1675525883.370027) vcan0 288#B6E010EF00000080
(1675525883.372514) vcan0 010#008000002FB031F8
(1675525883.372657) vcan0 1D0#0000000000000061
(1675525883.372752) vcan0 210#67E080A0AC69A145
(1675525883.372828) vcan0 291#0000000000000000
(1675525883.376486) vcan0 072#F000FF3F007C8038
(1675525883.379464) vcan0 0F5#EA99E3997F7F02AD
(1675525883.379543) vcan0 120#379A059A7FF75589
(1675525883.379621) vcan0 130#FF0C1EF919F10112
(1675525883.379699) vcan0 0E0#627346D000805500
(1675525883.379778) vcan0 150#F01935F828F8FAC0
(1675525883.379926) vcan0 055#F1F73128B20E9D80
(1675525883.380004) vcan0 065#ACE632F803CE8802
(1675525883.380084) vcan0 070#00000FF887E21500
(1675525883.380162) vcan0 075#0000000000005458
(1675525883.380239) vcan0 080#82508000C2002C00
(1675525883.380389) vcan0 0B0#398311A3D9C139A3
(1675525883.380467) vcan0 145#F942DB80FC4810A1
(1675525883.380544) vcan0 290#0000000000000000
(1675525883.382084) vcan0 008#4B80A0B064800080
(1675525883.382162) vcan0 2C0#4F9E00000000A0F1
(1675525883.382239) vcan0 2C5#47D78CD0AEE60070
(1675525883.382318) vcan0 010#008000002FB031F8
(1675525883.382397) vcan0 2A9#8C260082C0000084
(1675525883.383416) vcan0 125#E59280E5C1D0D735
(1675525883.386034) vcan0 1B0#00C0000001B000FC
(1675525883.387416) vcan0 1B5#FF247DA4D4E0FFEF
(1675525883.387495) vcan0 1D8#363339343234DF43
(1675525883.390008) vcan0 1E0#0028534300B917E0
(1675525883.390151) vcan0 008#4B80B0BD47800080
(1675525883.391397) vcan0 010#008000002FB031F8
(1675525883.394017) vcan0 072#F000FF3F007CA038
(1675525883.394092) vcan0 1D0#0000000000000861
(1675525883.394234) vcan0 350#A200000000000080
(1675525883.394310) vcan0 260#D0FF0055497487B0
(1675525883.395432) vcan0 288#A1E010EF00000080
(1675525883.395508) vcan0 3C8#4F9E008E882C008E
(1675525883.399537) vcan0 210#67E080A0AC69A14D
(1675525883.399613) vcan0 0F5#F599EE997F43F2AF
(1675525883.399765) vcan0 120#329A099A7F0A5689
(1675525883.399842) vcan0 130#870F1EF919E10112
(1675525883.399919) vcan0 0E0#627342D800803900
(1675525883.399998) vcan0 150#F619380829F8E4C0
(1675525883.400076) vcan0 055#F1F73128B20E9D80
(1675525883.400226) vcan0 065#AAE631F8FDCD8802
(1675525883.400304) vcan0 070#00000FF887E21500
(1675525883.400383) vcan0 075#0000000000005458
(1675525883.400461) vcan0 080#82508000C2002C00
(1675525883.400539) vcan0 0B0#398311A3D9C139A3
(1675525883.400689) vcan0 145#F932DC80FC4810A1
(1675525883.400769) vcan0 28C#00002000002CFEA9
(1675525883.401003) vcan0 008#4B80C0B440800080
(1675525883.401082) vcan0 2B5#4B5A366293A686A0
(1675525883.401161) vcan0 340#8E00000000000000
(1675525883.402471) vcan0 010#008000002FB031F9
(1675525883.402550) vcan0 291#0000000000000000
(1675525883.402628) vcan0 125#E58F80E5C1D0D735
(1675525883.405024) vcan0 072#F000FF3F007C8038
(1675525883.406407) vcan0 360#509E005EC34BA001
(1675525883.409397) vcan0 1B0#00C0000004B000FC
(1675525883.409546) vcan0 1B5#FF348DACDCE0FFEF
(1675525883.409624) vcan0 1D8#363339343234DF43
(1675525883.409705) vcan0 1E0#002C434300B917E0
(1675525883.409782) vcan0 290#0000000000000000
(1675525883.409860) vcan0 2C3#4F9E00FFFFB35450
(1675525883.410011) vcan0 008#4B80D0B232800080
(1675525883.412048) vcan0 010#008000002FB031F8
(1675525883.412134) vcan0 1D0#0000000000000261
(1675525883.412212) vcan0 390#80FF0500022E544F
(1675525883.415775) vcan0 0F5#FC99D4997F47E2B1
(1675525883.417158) vcan0 120#1B9A099A7F035689
(1675525883.417308) vcan0 130#8F0F1EF919D10112
(1675525883.420186) vcan0 0E0#627347E000801400
(1675525883.420261) vcan0 150#FD1938182AF8CDC0
(1675525883.420403) vcan0 055#F1F73128B20D9D80
(1675525883.420478) vcan0 065#AFE631F800CE8702
(1675525883.420553) vcan0 070#00000FF887E21500
(1675525883.420628) vcan0 075#0000000000005458
(1675525883.420771) vcan0 080#82508000C2002C00
(1675525883.420845) vcan0 0B0#398311A3D9C139A3
(1675525883.420920) vcan0 145#F922DD80FC4810A1
(1675525883.420995) vcan0 008#4B80E0B123800080
(1675525883.421138) vcan0 288#BAE010EF00000080
(1675525883.422809) vcan0 010#008000002FB031F8
(1675525883.422883) vcan0 072#F000FF3F007CA038
(1675525883.423025) vcan0 210#67E080A0AC69A145
(1675525883.423101) vcan0 2A9#8C26008AC0000084
(1675525883.423174) vcan0 125#E58F80E5C1D0D735
(1675525883.424214) vcan0 260#D0FF00AA497487B0
(1675525883.426767) vcan0 1B0#00C0000004B000FC
(1675525883.428157) vcan0 1B5#FF459EB5E5E0FFEF
(1675525883.428236) vcan0 1D8#363339343234DF43
(1675525883.428314) vcan0 1E0#002C430300B917E0
(1675525883.429627) vcan0 008#4B80F0B60E800080
(1675525883.432316) vcan0 010#008000002FB031F8
(1675525883.432394) vcan0 1D0#0000000000000061
(1675525883.432474) vcan0 291#0000000000000000
(1675525883.436035) vcan0 072#F000FF3F007C8038
(1675525883.437416) vcan0 0F5#159AF3997F4BD2B3
(1675525883.437503) vcan0 120#149A0B9A7F075689
(1675525883.437655) vcan0 0E0#627344E80080F700
(1675525883.437733) vcan0 130#970C1EFE19BC0112
(1675525883.441558) vcan0 055#F1F73128B20D9D80
(1675525883.441634) vcan0 065#B0E631F803CE8702
(1675525883.441778) vcan0 070#00000FF886E21500
(1675525883.441851) vcan0 075#0000000000005458
(1675525883.441926) vcan0 080#81508000C2002C00
(1675525883.442000) vcan0 0B0#398311A3D9C139A3
(1675525883.442143) vcan0 145#F912DE80FC4810A1
(1675525883.442218) vcan0 150#FC193D282CF8BEC0
(1675525883.442291) vcan0 008#4B8000A60E800080
(1675525883.442366) vcan0 28C#00002000002CFEA9
(1675525883.442510) vcan0 290#0000000000000000
(1675525883.442586) vcan0 2B5#4B5A366293A6869F
(1675525883.442661) vcan0 2C0#4F9E00000000A0F1
(1675525883.442813) vcan0 2C5#47D78CD0B2E60070
(1675525883.442890) vcan0 370#0728C0005403CF1F
(1675525883.445576) vcan0 3AF#0000000000000020
(1675525883.445652) vcan0 3B0#00D84E3C6EC0C400
(1675525883.445726) vcan0 3CA#00000000510000C8
(1675525883.445869) vcan0 3E0#000000D935808090
(1675525883.445942) vcan0 125#E58F80E5C1D0D735
(1675525883.446017) vcan0 010#008000002FB031F8
(1675525883.446093) vcan0 330#0000000000000000
(1675525883.446235) vcan0 288#B2E010EF00000080
(1675525883.446934) vcan0 210#67E080A0AC69A14D
(1675525883.447009) vcan0 1B0#00C0000005B000FC
(1675525883.449534) vcan0 1B5#FF56AFBDEDE0FFEF
(1675525883.449685) vcan0 1D8#363339343234DF43
(1675525883.449763) vcan0 1E0#0030334300B917E0
(1675525883.449842) vcan0 2C3#4F9E00FFFFB35450
(1675525883.449929) vcan0 008#4B8010960E800080
(1675525883.452040) vcan0 010#008000002FB031F8
(1675525883.453421) vcan0 072#F000FF3F007CA038
(1675525883.453573) vcan0 1D0#0000000000000061
(1675525883.453651) vcan0 260#D0FF00AA497487B0
(1675525883.456048) vcan0 0F5#0C9AE5997F4FC2B5
