(1675526048.077711) vcan0 125#E5987FE5C1D0D735
(1675526048.078858) vcan0 072#F000FF3F00788038
(1675526048.078937) vcan0 1B0#00C0000000B000FC
(1675526048.079925) vcan0 1B5#FF68576500E0FFEF
(1675526048.079998) vcan0 1D8#363339343234E043
(1675526048.080073) vcan0 1E0#0010B34300B917E0
(1675526048.080147) vcan0 2C3#468700FFFFB85450
(1675526048.081113) vcan0 055#F7F70D28B2869C80
(1675526048.082285) vcan0 065#3CE50EF800DE3802
(1675526048.085107) vcan0 070#000007F836E20F00
(1675526048.085184) vcan0 075#0000000000005458
(1675526048.085258) vcan0 080#25508000C2002C00
(1675526048.085331) vcan0 010#008800002FB031F8
(1675526048.085474) vcan0 0B0#528306A3E2C152A3
(1675526048.085549) vcan0 145#F9F2D080FC4810A1
(1675526048.085645) vcan0 1D0#0000000000000261
(1675526048.086271) vcan0 28C#000000000018FEA5
(1675526048.086346) vcan0 290#0000000000000000
(1675526048.086421) vcan0 2B5#4BE9256293A67054
(1675526048.086563) vcan0 2C0#468700000000A0F1
(1675526048.086636) vcan0 2C5#19E76AEC3CE50070
(1675526048.087329) vcan0 3AF#0000000000000020
(1675526048.088435) vcan0 008#B6807CC415800080
(1675526048.089574) vcan0 210#10E08020A869C54D
(1675526048.091094) vcan0 0F5#9E9BA89B7F5F82AD
(1675526048.091243) vcan0 120#B99BE39B7FF55589
(1675526048.091320) vcan0 130#BFFF1DBC1BAC0112
(1675526048.091399) vcan0 150#A31BD077DBF7C5C0
(1675526048.092198) vcan0 350#A200000000000080
(1675526048.093289) vcan0 0E0#E27322D000807900
(1675526048.096178) vcan0 010#008800002FB031F8
(1675526048.096268) vcan0 072#F000FF3F0078A038
(1675526048.096420) vcan0 2A9#8C260093C0000084
(1675526048.096497) vcan0 288#76DFA05F00000080
(1675526048.097297) vcan0 008#B6808CB415800080
(1675526048.098459) vcan0 125#E59B7FE5C1D0D735
(1675526048.099472) vcan0 360#4C8700A7BD64A041
(1675526048.099546) vcan0 1B0#00C0000002B000FC
(1675526048.099688) vcan0 1B5#FF7A696E09E0FFEF
(1675526048.099762) vcan0 1D8#363339343234E043
(1675526048.099838) vcan0 1E0#0010B30300B917E0
(1675526048.100667) vcan0 260#D0FF0055497487B0
(1675526048.101701) vcan0 055#F7F70D28B2869C80
(1675526048.102734) vcan0 065#3DE50EF801DE3602
(1675526048.104247) vcan0 070#000007F835E20F00
(1675526048.104322) vcan0 075#0000000000005458
(1675526048.104395) vcan0 080#25508000C2002C00
(1675526048.104478) vcan0 010#008800002FB031F8
(1675526048.105308) vcan0 0B0#528306A3E2C152A3
(1675526048.109482) vcan0 145#F9E2D180FC4810A1
(1675526048.109563) vcan0 1D0#0000000000000061
(1675526048.109642) vcan0 291#0000000000000000
(1675526048.109718) vcan0 390#80FF0500023E504F
(1675526048.109797) vcan0 008#B8809CA215800080
(1675526048.109947) vcan0 072#F000FF3F00788038
(1675526048.110025) vcan0 3B0#00D8423840BCC400
(1675526048.110103) vcan0 0F5#919BB39B7F6372AF
(1675526048.110180) vcan0 120#B09BCE9B7FF25589
(1675526048.110258) vcan0 130#C7FF1DBC1B9C0112
(1675526048.110627) vcan0 150#A21BD187DBF7B6C0
(1675526048.111648) vcan0 0E0#E2731FD800805C00
(1675526048.112810) vcan0 290#0000000000000000
(1675526048.113898) vcan0 010#008800002FB031F8
(1675526048.114926) vcan0 210#10E080A0A869C44D
(1675526048.115005) vcan0 330#D400000000000000
(1675526048.115082) vcan0 3D0#8E0F6100661780C3
(1675526048.117397) vcan0 008#B880AC9215800080
(1675526048.120340) vcan0 125#E5A17FE5C1D0D735
(1675526048.120417) vcan0 1B0#00C0000002B000FC
(1675526048.120490) vcan0 1B5#FF8C7B7712E0FFEF
(1675526048.120634) vcan0 1D8#363339343234E043
(1675526048.120708) vcan0 1E0#0014A34300B917E0
(1675526048.120783) vcan0 2C3#468700FFFFB85450
(1675526048.120857) vcan0 430#4A084700000017A6
(1675526048.121481) vcan0 288#8BDFA05F00000080
(1675526048.122657) vcan0 055#F7F70D28B2869C80
(1675526048.123691) vcan0 065#3AE50DF8FFDD3602
(1675526048.123765) vcan0 070#000007F835E20F00
(1675526048.123908) vcan0 075#0000000000005458
(1675526048.124824) vcan0 080#25508000C2002C00
(1675526048.124968) vcan0 0B0#528306A3E2C152A3
(1675526048.125041) vcan0 145#F9D2D280FC4810A1
(1675526048.127717) vcan0 010#008800002FB031F8
(1675526048.127862) vcan0 072#F000FF3F0078A038
(1675526048.127936) vcan0 1D0#0000000000000861
(1675526048.128010) vcan0 28C#000000000018FEA5
(1675526048.128082) vcan0 2B5#4BE9256293A67052
(1675526048.128227) vcan0 340#8100000000000000
(1675526048.128300) vcan0 400#0101010100000016
(1675526048.128374) vcan0 405#4C87003C002E3602
(1675526048.128448) vcan0 008#B880BC9700800080
(1675526048.128798) vcan0 0F5#969BB09B7F6762B1
(1675526048.129988) vcan0 120#C69BD49B7FF35589
(1675526048.130066) vcan0 130#CFFF1DBC1B8CFF11
(1675526048.130145) vcan0 150#A31BD297DBF7A5C0
(1675526048.131100) vcan0 260#D0FF00AA497487B0
(1675526048.132260) vcan0 0E0#E2731CE000803F00
(1675526048.134721) vcan0 010#008800002FB031F8
(1675526048.135810) vcan0 291#0000000000000000
