(1675525581.538479) vcan0 2C3#669C00FFFF005450
(1675525581.538615) vcan0 055#BBF7FF27B2009C80
(1675525581.538693) vcan0 065#66E306E8008E0402
(1675525581.538770) vcan0 070#000043A800E25B00
(1675525581.538848) vcan0 075#0000000000005458
(1675525581.538925) vcan0 080#FD4F8000C2002C00
(1675525581.539003) vcan0 0B0#618389A2FFC161A3
(1675525581.539081) vcan0 145#FD12DE86FCC810A1
(1675525581.539157) vcan0 288#F9DF30CF00000080
(1675525581.539317) vcan0 008#A8800C5700800080
(1675525581.539900) vcan0 125#E5B27FE4C1D0D734
(1675525581.542575) vcan0 010#000000002FB031F8
(1675525581.544097) vcan0 1D0#0000000000000061
(1675525581.544175) vcan0 210#0DE18020A869AA4D
(1675525581.544326) vcan0 291#0000000000000000
(1675525581.545631) vcan0 0F5#008000807F4FC200
(1675525581.545708) vcan0 120#008000807FF55589
(1675525581.545784) vcan0 130#9FFF1D0000C3FF11
(1675525581.547092) vcan0 150#0000FD37F7F7C3C0
(1675525581.547242) vcan0 072#F000FF3F0078A038
(1675525581.548620) vcan0 008#A8801C4700800080
(1675525581.552519) vcan0 010#000000002FB031F8
(1675525581.553825) vcan0 2A9#8C260093C0000084
(1675525581.556869) vcan0 400#01010101010B0303
(1675525581.556946) vcan0 405#0000000000000000
(1675525581.557032) vcan0 0E0#E2710CE000805700
(1675525581.557111) vcan0 1B0#00C0000000B000EC
(1675525581.557188) vcan0 1B5#FF00000000E0FFEF
(1675525581.557267) vcan0 1D8#363339343234DF43
(1675525581.557343) vcan0 1E0#0008DBC180BD17E0
(1675525581.557421) vcan0 055#BBF7FF27B2009C80
(1675525581.557573) vcan0 065#64E305E8FF8D0402
(1675525581.557650) vcan0 070#000043A800E25B00
(1675525581.557729) vcan0 075#0000000000005458
(1675525581.558455) vcan0 080#FE4F8000C2002C00
(1675525581.558533) vcan0 0B0#618389A200C261A3
(1675525581.558684) vcan0 145#FD02DF86FCC810A1
(1675525581.558763) vcan0 28C#00002000002EBE94
(1675525581.558840) vcan0 290#0000000000000000
(1675525581.558918) vcan0 2B5#4B22426293A65042
(1675525581.558995) vcan0 2C0#669C00300F00A0F1
(1675525581.559094) vcan0 008#A8802C3700800080
(1675525581.560037) vcan0 125#E5B27FE4C1D0D734
(1675525581.560115) vcan0 2C5#00D7240066E30070
(1675525581.560192) vcan0 340#4400000000000000
(1675525581.560271) vcan0 3AF#0000000000000020
(1675525581.562945) vcan0 288#02E030CF00000080
(1675525581.563022) vcan0 010#000000002FB031F8
(1675525581.564327) vcan0 072#F000FF3F00788038
(1675525581.564476) vcan0 1D0#0000000000000061
(1675525581.564555) vcan0 260#D0FF00AA49E185B0
(1675525581.565857) vcan0 0F5#008000807F53B200
(1675525581.565934) vcan0 120#008000807FF75589
(1675525581.566086) vcan0 130#A7FF1D0000B3FF11
(1675525581.566166) vcan0 150#0000FF47F7F7B3C0
(1675525581.567397) vcan0 210#09E180A0A869AA4D
(1675525581.568916) vcan0 008#A8803C2700800080
(1675525581.570373) vcan0 350#A200000000000080
(1675525581.572976) vcan0 010#000000002FB031F9
(1675525581.574352) vcan0 291#0000000000000000
(1675525581.574503) vcan0 0E0#E2710BE800803800
(1675525581.575880) vcan0 1B0#00C0000000B000EC
(1675525581.575957) vcan0 1B5#FF00000000E0FFEF
(1675525581.576035) vcan0 1D8#363339343234DF43
(1675525581.576188) vcan0 1E0#0008DB8180BD17E0
(1675525581.576267) vcan0 2C3#669C00FFFF005450
(1675525581.578866) vcan0 055#BBF7FF27B2009C80
(1675525581.578945) vcan0 065#62E306E8FF8D0402
(1675525581.579022) vcan0 070#000043A800E25B00
(1675525581.579099) vcan0 075#0000000000005458
(1675525581.579250) vcan0 080#FF4F8000C2002C00
(1675525581.579327) vcan0 0B0#618388A200C261A3
(1675525581.579405) vcan0 072#F000FF3F0078A038
(1675525581.579490) vcan0 145#FDF2D086FCC810A1
(1675525581.579568) vcan0 360#669C00D2C343A001
(1675525581.579643) vcan0 008#A8804C1700800080
(1675525581.579722) vcan0 125#E5B27FE4C1D0D734
(1675525581.582685) vcan0 010#000000002FB031F8
(1675525581.584135) vcan0 1D0#0000000000000A61
(1675525581.584213) vcan0 390#80FF0500022A554F
(1675525581.585587) vcan0 0F5#008000807F57A200
(1675525581.585666) vcan0 120#008000807FF55589
(1675525581.585742) vcan0 130#AFFF1D0000A3FF11
(1675525581.587121) vcan0 150#00000158F7F7A3C0
(1675525581.587198) vcan0 290#0000000000000000
(1675525581.587276) vcan0 288#02E040BF00000080
(1675525581.588651) vcan0 008#A8805C0700800080
(1675525581.592551) vcan0 010#000000002FB031F8
(1675525581.593857) vcan0 072#F000FF3F00788038
(1675525581.595535) vcan0 210#09E180A0A869AA45
(1675525581.595614) vcan0 2A9#8C26008AC0000084
(1675525581.595691) vcan0 0E0#E2710BF000801800
(1675525581.595843) vcan0 260#D0FF005549E185B0
(1675525581.595920) vcan0 1B0#00C0000000B000EC
(1675525581.595997) vcan0 1B5#FF00000000E0FFEF
(1675525581.596077) vcan0 1D8#363339343234DF43
(1675525581.596154) vcan0 1E0#000CCBC180BD17E0
(1675525581.598322) vcan0 055#BBF7FF27B2009C80
(1675525581.598400) vcan0 065#61E306E8FF8D0402
