(1675526148.624140) vcan0 2C5#2CDF8BC076E6D470
(1675526148.624709) vcan0 010#008000002FB031F8
(1675526148.625868) vcan0 1D0#0000000000000861
(1675526148.626956) vcan0 288#E9DF40BF00000080
(1675526148.628041) vcan0 008#7680749900800080
(1675526148.629136) vcan0 260#D0FF00AA497487B0
(1675526148.630432) vcan0 0E0#E2731AE800802100
(1675526148.630510) vcan0 1B0#00C0000003B000FC
(1675526148.630660) vcan0 1B5#FFF7F3561BE0FFEF
(1675526148.630739) vcan0 1D8#363339343234E043
(1675526148.630816) vcan0 1E0#0038134300B917E0
(1675526148.634508) vcan0 125#E5E27FE5C1D0D735
(1675526148.635551) vcan0 010#008000002FB031F8
(1675526148.635694) vcan0 072#F000FF3F00788038
(1675526148.636727) vcan0 055#F9F71338B2669E80
(1675526148.637759) vcan0 065#7CE613F803EE5A02
(1675526148.638860) vcan0 070#000006F85AE20D00
(1675526148.638933) vcan0 008#7680848900800080
(1675526148.639008) vcan0 075#0000000000005458
(1675526148.639904) vcan0 080#34508000C2002C00
(1675526148.639978) vcan0 0B0#528317A3E2C152E3
(1675526148.640051) vcan0 0F5#4BA953A97F7B1221
(1675526148.640194) vcan0 120#80A96BA97FFA5589
(1675526148.640952) vcan0 130#F7FF1D632987FF11
(1675526148.642284) vcan0 145#F982D780FC4810A1
(1675526148.642364) vcan0 150#4F29F4E7F3F79BC0
(1675526148.642514) vcan0 28C#000000000030FEA9
(1675526148.642591) vcan0 2B5#4B65176293A67D6F
(1675526148.642679) vcan0 340#9F00000000000000
(1675526148.645280) vcan0 010#008000002FB031F8
(1675526148.645357) vcan0 1D0#0000000000000061
(1675526148.646373) vcan0 210#12E080A0B869B64D
(1675526148.646450) vcan0 291#0000000000000000
(1675526148.647465) vcan0 290#0000000000000000
(1675526148.648550) vcan0 008#7680947900800080
(1675526148.649636) vcan0 0E0#E27316F000800500
(1675526148.649713) vcan0 1B0#00C0000004B000FC
(1675526148.649791) vcan0 1B5#FF120E6328E0FFEF
(1675526148.649868) vcan0 1D8#363339343234E043
(1675526148.650667) vcan0 1E0#0038130300B917E0
(1675526148.650744) vcan0 072#F000FF3F0078A038
(1675526148.650821) vcan0 2C3#BB9C00FFFF965450
(1675526148.651765) vcan0 288#E1DF50AF00000080
(1675526148.654111) vcan0 350#A200000000000080
(1675526148.657144) vcan0 125#E5E47FE5C1D0D735
(1675526148.657216) vcan0 010#008000002FB031F8
(1675526148.657289) vcan0 2A9#8C260082C0000084
(1675526148.658185) vcan0 055#F9F71338B2689E80
(1675526148.658258) vcan0 065#78E613F8FEED5A02
(1675526148.658333) vcan0 070#000006F85BE20D00
(1675526148.659229) vcan0 008#7680A46900800080
(1675526148.659302) vcan0 075#0000000000005458
(1675526148.659445) vcan0 080#35508000C2002C00
(1675526148.659519) vcan0 0B0#528316A3E2C152E3
(1675526148.660279) vcan0 0F5#3FA94FA97F7F0225
(1675526148.660352) vcan0 120#90A973A97FF85589
(1675526148.660496) vcan0 130#FFFF1D632977FF11
(1675526148.660570) vcan0 145#F972D880FC4810A1
(1675526148.660643) vcan0 150#4729F2F7F3F793C0
(1675526148.661743) vcan0 260#D0FF00AA497487B0
(1675526148.662800) vcan0 010#008000002FB031F8
(1675526148.665409) vcan0 072#F000FF3F00788038
(1675526148.666441) vcan0 1D0#0000000000000061
(1675526148.667543) vcan0 008#7680B44B0E800080
(1675526148.668573) vcan0 0E0#E27315F80080E600
(1675526148.669606) vcan0 1B0#00C0000002B000FC
(1675526148.669747) vcan0 1B5#FF2D287036E0FFEF
(1675526148.669822) vcan0 1D8#363339343234E043
(1675526148.670718) vcan0 1E0#003C034300B917E0
(1675526148.670792) vcan0 210#12E08020B869B645
(1675526148.674522) vcan0 125#E5E27FE5C1D0D735
(1675526148.675538) vcan0 010#008000002FB031F8
(1675526148.675615) vcan0 291#0000000000000000
(1675526148.676630) vcan0 330#2800000000000000
(1675526148.676708) vcan0 288#DDDF50AF00000080
(1675526148.676785) vcan0 3C8#BB9C008E882C008E
(1675526148.679613) vcan0 055#F9F71338B2689E80
(1675526148.679692) vcan0 065#76E613F800EE5B02
(1675526148.679768) vcan0 070#000006F85BE20D00
(1675526148.679847) vcan0 008#7680C43B0E800080
(1675526148.679995) vcan0 075#0000000000005458
(1675526148.680074) vcan0 080#35508000C2002C00
(1675526148.680151) vcan0 0B0#528317A3E2C152E3
(1675526148.680227) vcan0 0F5#47A953A97F43F228
(1675526148.680306) vcan0 120#5EA977A97FF95589
(1675526148.680673) vcan0 130#87FF1D632967FF11
(1675526148.680750) vcan0 072#F000FF3F0078A038
(1675526148.680827) vcan0 145#F962D980FC4810A1
(1675526148.680978) vcan0 150#4D29EE07F3F77DC0
(1675526148.681777) vcan0 28C#000000000030FEA9
(1675526148.681853) vcan0 290#0000000000000000
(1675526148.684607) vcan0 2B5#4B65176293A67D6F
(1675526148.684691) vcan0 2C0#BB9C00010000A0F1
(1675526148.684764) vcan0 2C5#2CDF8BBF7CE6D470
(1675526148.684837) vcan0 360#C39C00A7B15AA001
(1675526148.684912) vcan0 370#0727C0007E03C31F
(1675526148.685054) vcan0 3AF#0000000000000020
(1675526148.685133) vcan0 3CA#00000000D60000C8
(1675526148.685202) vcan0 3E0#000000D935808092
(1675526148.685618) vcan0 010#008000002FB031F9
(1675526148.685761) vcan0 1D0#0000000000000261
(1675526148.686724) vcan0 390#80FF050002165A4F
(1675526148.687757) vcan0 008#7680D42B0E800080
(1675526148.688789) vcan0 260#D0FF0055497487B0
(1675526148.688934) vcan0 0E0#E2731CC00080BF00
(1675526148.689898) vcan0 1B0#00C0000003B000FC
(1675526148.691272) vcan0 1B5#FF48437E43E0FFEF
(1675526148.691347) vcan0 1D8#363339343234E043
(1675526148.691428) vcan0 1E0#0000F34300B917E0
(1675526148.691571) vcan0 2C3#BB9C00FFFF965450
(1675526148.694304) vcan0 125#E5E47FE5C1D0D735
(1675526148.695392) vcan0 010#008000002FB031F8
(1675526148.695469) vcan0 072#F000FF3F00788038
(1675526148.696412) vcan0 210#12E080A0B869B64D
(1675526148.696562) vcan0 2A9#8C26008AC0000084
(1675526148.697505) vcan0 055#F9F71338B2689E80
(1675526148.698521) vcan0 065#79E613F801EE5B02
(1675526148.698671) vcan0 070#000006F85BE20D00
(1675526148.698748) vcan0 008#7680E41B0E800080
(1675526148.699620) vcan0 075#0000000000005458
(1675526148.699697) vcan0 080#35508000C2002C00
(1675526148.699775) vcan0 0B0#528317A3E2C152E3
(1675526148.699852) vcan0 0F5#3BA94BA97F47E22B
(1675526148.700002) vcan0 120#73A96FA97FFB5589
(1675526148.700666) vcan0 130#8FFF1D632957FF11
(1675526148.702107) vcan0 145#F952DA80FC4810A1
(1675526148.702180) vcan0 150#4329F317F4F777C0
(1675526148.702323) vcan0 288#DDDF50AF00000080
(1675526148.706161) vcan0 581#FFFFFFFFFFFF0081
(1675526148.707195) vcan0 010#008000002FB031F8
(1675526148.707269) vcan0 1D0#0000000000000861
(1675526148.707412) vcan0 291#0000000000000000
(1675526148.707485) vcan0 400#0201020001020220
(1675526148.708244) vcan0 405#0000000000000025
(1675526148.708319) vcan0 290#0000000000000000
(1675526148.709351) vcan0 008#7680F40B0E800080
(1675526148.709425) vcan0 0E0#E2731BC80080A000
(1675526148.709499) vcan0 1B0#00C0000002B000FC
(1675526148.710395) vcan0 1B5#FF635E8B50E0FFEF
(1675526148.710471) vcan0 1D8#363339343234E043
(1675526148.710554) vcan0 1E0#0000F30300B917E0
(1675526148.712794) vcan0 072#F000FF3F0078A038
(1675526148.712868) vcan0 3B0#00D872386DB0C400
(1675526148.715679) vcan0 125#E5E47FE5C1D0D735
(1675526148.716714) vcan0 010#008000002FB031F8
(1675526148.717884) vcan0 055#F9F71338B2689E80
(1675526148.718849) vcan0 065#7AE613F801EE5C02
(1675526148.718922) vcan0 070#000006F85CE20D00
(1675526148.718997) vcan0 008#768004FB0E800080
(1675526148.719070) vcan0 075#0000000000005458
(1675526148.719896) vcan0 080#35508000C2002C00
(1675526148.719970) vcan0 0B0#528317A3E1C152E3
(1675526148.720045) vcan0 0F5#3BA94FA97F4BD22F
(1675526148.720187) vcan0 120#84A97BA97FF95589
(1675526148.720260) vcan0 130#97FF1D632947FF11
(1675526148.720950) vcan0 145#F942DB80FC4810A1
(1675526148.721034) vcan0 150#4529F027F4F765C0
(1675526148.721109) vcan0 260#D0FF0055497487B0
(1675526148.722329) vcan0 28C#000000000030FEA9
(1675526148.722407) vcan0 2B5#4B66186293A67E70
(1675526148.722484) vcan0 340#9F00000000000000
(1675526148.722562) vcan0 210#12E080A0B869B64D
(1675526148.726321) vcan0 010#008000002FB031F8
(1675526148.726398) vcan0 072#F000FF3F00788038
(1675526148.726548) vcan0 1D0#0000000000000061
(1675526148.727419) vcan0 288#CCDF50AF00000080
(1675526148.728433) vcan0 008#768014EB0E800080
(1675526148.729520) vcan0 0E0#E2731BD000808000
(1675526148.729598) vcan0 1B0#00C0000001B000FC
(1675526148.729676) vcan0 1B5#FF7E79995EE0FFEF
(1675526148.730547) vcan0 1D8#363339343234E043
(1675526148.730698) vcan0 1E0#0004E34300B917E0
(1675526148.730721) vcan0 2C3#BB9C00FFFF975450
(1675526148.733055) vcan0 125#E5E27FE5C1D0D735
(1675526148.735869) vcan0 010#008000002FB031F8
(1675526148.735943) vcan0 291#0000000000000000
(1675526148.736017) vcan0 2A9#8C260093C0000084
(1675526148.736912) vcan0 055#F9F71438B2689E80
(1675526148.737945) vcan0 008#768024DB0E800080
(1675526148.739047) vcan0 065#77E613F8FEED5C02
(1675526148.739120) vcan0 070#000006F85CE20D00
(1675526148.740084) vcan0 075#0000000000005458
(1675526148.740159) vcan0 080#35508000C2002C00
(1675526148.740232) vcan0 0B0#528317A3E2C152E3
(1675526148.740375) vcan0 0F5#4FA94FA97F4FC232
(1675526148.740448) vcan0 120#77A967A97FF95589
(1675526148.741138) vcan0 072#F000FF3F0078A038
(1675526148.741211) vcan0 130#9FFF1D632937FF11
(1675526148.741305) vcan0 145#F932DC80FC4810A1
(1675526148.742499) vcan0 150#4F29EB37F4F74BC0
(1675526148.742577) vcan0 290#0000000000000000
(1675526148.742655) vcan0 2C0#BB9C00000000A0F1
(1675526148.742733) vcan0 2C5#2DDF8BBF78E6D470
(1675526148.743533) vcan0 350#A200000000000080
(1675526148.746350) vcan0 010#008000002FB031F8
(1675526148.746428) vcan0 1D0#0000000000000061
(1675526148.746506) vcan0 210#12E080A0B869B645
(1675526148.747449) vcan0 008#768034CB0E800080
(1675526148.748463) vcan0 260#D0FF0055497487B0
(1675526148.749551) vcan0 0E0#E27322D800805900
(1675526148.749629) vcan0 1B0#00C0000003B000FC
(1675526148.750498) vcan0 1B5#FF9894A66BE0FFEF
(1675526148.750575) vcan0 1D8#363339343234E043
(1675526148.750654) vcan0 1E0#0008D34300B917E0
(1675526148.751533) vcan0 288#E1DF609F00000080
(1675526148.754028) vcan0 125#E5E47FE5C1D0D735
(1675526148.756907) vcan0 010#008000002FB031F8
(1675526148.757050) vcan0 072#F000FF3F00788038
(1675526148.757133) vcan0 330#2800000000000000
(1675526148.758021) vcan0 055#F9F71438B2689E80
(1675526148.758094) vcan0 065#76E613F800EE5C02
(1675526148.759059) vcan0 070#000006F85DE20D00
(1675526148.759132) vcan0 008#768044BB0E800080
(1675526148.759207) vcan0 075#0000000000005458
(1675526148.759348) vcan0 080#36508000C2002C00
(1675526148.759423) vcan0 0B0#528317A3E2C152E3
(1675526148.760114) vcan0 0F5#3FA94FA97F53B235
(1675526148.760187) vcan0 120#6BA977A97FF95589
(1675526148.760329) vcan0 130#A7FF1D632927FF11
(1675526148.760403) vcan0 145#F922DD80FC4810A1
(1675526148.761171) vcan0 150#4729F347F5F743C0
(1675526148.762572) vcan0 28C#000000000030FEA9
(1675526148.762724) vcan0 2B5#4B66186293A67E71
(1675526148.765615) vcan0 010#008000002FB031F9
(1675526148.765692) vcan0 1D0#0000000000000261
(1675526148.766636) vcan0 291#0000000000000000
(1675526148.767724) vcan0 290#0000000000000000
(1675526148.768881) vcan0 008#768054B900800080
(1675526148.768960) vcan0 0E0#E2731DE000803E00
(1675526148.769902) vcan0 1B0#00C0000002B000FC
(1675526148.769979) vcan0 1B5#FFB3AEB379E0FFEF
(1675526148.770056) vcan0 1D8#363339343234E043
(1675526148.770997) vcan0 072#F000FF3F0078A038
(1675526148.771075) vcan0 1E0#0008D30300B917E0
(1675526148.771153) vcan0 210#13E080A0B869B645
(1675526148.771231) vcan0 2C3#BB9C00FFFF975450
(1675526148.773406) vcan0 125#E5E47FE5C1D0D735
(1675526148.776359) vcan0 010#008000002FB031F8
(1675526148.776434) vcan0 2A9#8C26008AC0000084
(1675526148.776507) vcan0 288#E9DF609F00000080
(1675526148.777403) vcan0 055#F9F71438B2689E80
(1675526148.778436) vcan0 065#7BE614F803EE5D02
(1675526148.778509) vcan0 070#000006F85CE20D00
(1675526148.778652) vcan0 008#768064A900800080
(1675526148.779618) vcan0 075#0000000000005458
(1675526148.779691) vcan0 080#35508000C2002C00
(1675526148.779767) vcan0 0B0#528317A3E2C152E3
(1675526148.779840) vcan0 0F5#43A94FA97F57A239
(1675526148.779982) vcan0 120#84A96BA97FFE5589
(1675526148.780675) vcan0 130#AFFF1D632917FF11
(1675526148.780749) vcan0 145#F912DE80FC4810A1
(1675526148.780822) vcan0 150#4929F257F5F731C0
(1675526148.781993) vcan0 260#D0FF0055497487B0
(1675526148.782072) vcan0 360#C39C00A7B159A001
(1675526148.782150) vcan0 370#0727C0007E03C31F
(1675526148.784612) vcan0 010#008000002FB031F8
(1675526148.785771) vcan0 072#F000FF3F00788038
(1675526148.785850) vcan0 1D0#0000000000000861
(1675526148.786792) vcan0 390#80FF050002125B4F
(1675526148.787879) vcan0 008#7680749900800080
(1675526148.788966) vcan0 0E0#E2731BE800802000
(1675526148.789982) vcan0 1B0#00C0000001B000FC
(1675526148.790059) vcan0 1B5#FFCEC9C186E0FFEF
(1675526148.790138) vcan0 1D8#363339343234E043
(1675526148.790288) vcan0 1E0#000CC34300B917E0
(1675526148.793805) vcan0 125#E5E47FE5C1D0D735
(1675526148.794836) vcan0 010#008000002FB031F8
(1675526148.796008) vcan0 210#13E080A0B869B64D
(1675526148.796092) vcan0 291#0000000000000000
(1675526148.796167) vcan0 3D0#9A0F6100250D80C3
(1675526148.797063) vcan0 3C8#BB9C008E882C008E
(1675526148.799947) vcan0 055#F9F71438B2689E80
(1675526148.800021) vcan0 065#78E614F800EE5D02
(1675526148.800095) vcan0 070#000006F85CE20D00
(1675526148.800237) vcan0 008#7680848900800080
(1675526148.800311) vcan0 075#0000000000005458
(1675526148.800384) vcan0 080#35508000C2002C00
(1675526148.800459) vcan0 0B0#528317A3E2C152E3
(1675526148.800601) vcan0 0F5#5BA957A97F5B923C
(1675526148.800674) vcan0 120#7BA977A97FFB5589
(1675526148.800749) vcan0 130#B7FF1D632907FF11
(1675526148.801028) vcan0 072#F000FF3F0078A038
(1675526148.801101) vcan0 145#F902DF80FC4810A1
(1675526148.801176) vcan0 150#5929F267F5F711C0
(1675526148.801257) vcan0 28C#000000000030FEA9
(1675526148.802170) vcan0 290#0000000000000000
(1675526148.803547) vcan0 288#E1DF609F00000080
(1675526148.803620) vcan0 2B5#4B66176293A67E71
(1675526148.803695) vcan0 2C0#BB9C00000000A0F1
(1675526148.803838) vcan0 2C5#2DDF8BBF78E6D470
(1675526148.803911) vcan0 340#9F00000000000000
(1675526148.803985) vcan0 3AF#0000000000000020
(1675526148.804059) vcan0 3CA#00000000C00000C8
(1675526148.804681) vcan0 010#008000002FB031F8
(1675526148.805782) vcan0 1D0#0000000000000061
(1675526148.806814) vcan0 008#7680947900800080
(1675526148.809559) vcan0 260#D0FF00AA497487B0
(1675526148.809633) vcan0 0E0#E27320F00080FB00
(1675526148.809707) vcan0 1B0#00C0000004B000FC
(1675526148.809780) vcan0 1B5#FFE9E4CE93E0FFEF
(1675526148.810687) vcan0 1D8#363339343234E043
(1675526148.810760) vcan0 1E0#0010B34300B917E0
(1675526148.810903) vcan0 2C3#BB9C00FFFF985450
(1675526148.811730) vcan0 125#E5E47FE5C1D0D735
(1675526148.812848) vcan0 010#008000002FB031F8
(1675526148.813863) vcan0 072#F000FF3F00788038
(1675526148.816247) vcan0 2A9#8C260093C0000084
(1675526148.817263) vcan0 055#F9F71438B2669E80
(1675526148.820156) vcan0 065#79E614F800EE5C02
(1675526148.820306) vcan0 070#000006F85DE20D00
(1675526148.820384) vcan0 008#7680A46900800080
(1675526148.820460) vcan0 075#0000000000005458
(1675526148.820539) vcan0 080#36508000C2002C00
(1675526148.820616) vcan0 0B0#528317A3E2C152E3
(1675526148.820766) vcan0 0F5#43A953A97F5F823F
(1675526148.820844) vcan0 120#67A97BA97FFB5589
(1675526148.820932) vcan0 130#BFFF1D6329F7FF11
(1675526148.821010) vcan0 145#F9F2D080FC4810A1
(1675526148.821304) vcan0 150#4B29F277F5F70FC0
(1675526148.821381) vcan0 210#13E08020B869B645
(1675526148.822309) vcan0 010#008000002FB031F8
(1675526148.823479) vcan0 1D0#0000000000000061
(1675526148.824513) vcan0 291#0000000000000000
(1675526148.826982) vcan0 288#D5DF609F00000080
(1675526148.828153) vcan0 290#0000000000000000
(1675526148.829185) vcan0 008#7680B45900800080
(1675526148.832062) vcan0 0E0#E27323F80080D800
(1675526148.832142) vcan0 1B0#00C0000004B000FC
(1675526148.832219) vcan0 1B5#FF04FFDBA1E0FFEF
(1675526148.832296) vcan0 1D8#363339343234E043
(1675526148.832374) vcan0 1E0#0010B30300B917E0
(1675526148.832524) vcan0 072#F000FF3F0078A038
(1675526148.832612) vcan0 3B0#00D872386DB0C400
(1675526148.833132) vcan0 350#A200000000000080
(1675526148.834282) vcan0 125#E5E47FE5C1D0D735
(1675526148.835299) vcan0 010#008000002FB031F8
(1675526148.836386) vcan0 330#2800000000000000
(1675526148.837401) vcan0 055#F9F71438B2689E80
(1675526148.838488) vcan0 065#78E614F8FFED5D02
(1675526148.838567) vcan0 070#000006F85CE20D00
(1675526148.841312) vcan0 008#7680C44900800080
(1675526148.841390) vcan0 075#0000000000005458
(1675526148.841466) vcan0 080#35508000C2002C00
(1675526148.841545) vcan0 0B0#528317A3E2C152E3
(1675526148.841694) vcan0 0F5#4BA95BA97F637243
(1675526148.841771) vcan0 120#7BA973A97F005689
(1675526148.841849) vcan0 130#C7FF1D6329E7FF11
(1675526148.841928) vcan0 145#F9E2D180FC4810A1
(1675526148.842011) vcan0 150#5329EE87F5F7F7C0
(1675526148.842086) vcan0 260#D0FF00AA497487B0
(1675526148.842229) vcan0 28C#000000000030FEA9
(1675526148.842302) vcan0 2B5#4B66176293A67E71
(1675526148.842376) vcan0 010#008000002FB031F9
(1675526148.843478) vcan0 072#F000FF3F00788038
(1675526148.844511) vcan0 1D0#0000000000000261
(1675526148.847462) vcan0 210#13E080A0B869B64D
(1675526148.848563) vcan0 008#7680D43900800080
(1675526148.849596) vcan0 0E0#E27320C00080BB00
(1675526148.849670) vcan0 1B0#00C0000002B000FC
(1675526148.849813) vcan0 1B5#FF1E1AE9AEE0FFEF
(1675526148.849887) vcan0 1D8#363339343234E043
(1675526148.850646) vcan0 1E0#0014A34300B917E0
(1675526148.850717) vcan0 2C3#BB9C00FFFF995450
(1675526148.851750) vcan0 288#CCDF708F00000080
(1675526148.852792) vcan0 125#E5E47FE5C1D0D735
(1675526148.855125) vcan0 010#008000002FB031F8
(1675526148.856226) vcan0 291#0000000000000000
(1675526148.856300) vcan0 2A9#8C26008AC0000084
(1675526148.859113) vcan0 055#F9F71438B2669E80
(1675526148.859188) vcan0 065#7AE614F801EE5C02
(1675526148.859262) vcan0 070#000006F85DE20D00
(1675526148.859404) vcan0 008#7680E42900800080
(1675526148.859477) vcan0 075#0000000000005458
(1675526148.859551) vcan0 080#35508000C2002C00
(1675526148.860175) vcan0 0B0#528317A3E2C152E3
(1675526148.860248) vcan0 0F5#4FA953A97F676246
(1675526148.860391) vcan0 120#8CA96FA97FFC5589
(1675526148.860465) vcan0 130#CFFF1D6329D7FF11
(1675526148.860539) vcan0 145#F9D2D280FC4810A1
(1675526148.861229) vcan0 072#F000FF3F0078A038
(1675526148.861312) vcan0 150#5129EC97F6F7E9C0
(1675526148.861454) vcan0 290#0000000000000000
(1675526148.861528) vcan0 2C0#BB9C00000000A0F1
(1675526148.862569) vcan0 2C5#2EDF8BBF79E6D470
(1675526148.863658) vcan0 010#008000002FB031F8
(1675526148.864671) vcan0 1D0#0000000000000861
(1675526148.868638) vcan0 008#7680F41900800080
(1675526148.868717) vcan0 260#D0FF00AA497487B0
(1675526148.869659) vcan0 0E0#E27325C800809600
(1675526148.869808) vcan0 1B0#00C0000001B000FC
(1675526148.869887) vcan0 1B5#FF3934F6BBE0FFEF
(1675526148.869965) vcan0 1D8#363339343234E043
(1675526148.870761) vcan0 1E0#0018934300B917E0
(1675526148.870839) vcan0 210#13E080A0B869B645
(1675526148.871781) vcan0 125#E5E27FE5C1D0D735
(1675526148.874263) vcan0 010#008000002FB031F8
(1675526148.875320) vcan0 072#F000FF3F00788038
(1675526148.878201) vcan0 288#E5DF708F00000080
(1675526148.878276) vcan0 055#F9F71438B2689E80
(1675526148.878419) vcan0 065#78E614F8FFED5D02
(1675526148.878493) vcan0 070#000006F85CE20D00
(1675526148.879252) vcan0 008#7680040900800080
(1675526148.879395) vcan0 075#0000000000005458
(1675526148.879470) vcan0 080#35508000C2002C00
(1675526148.879542) vcan0 0B0#528317A3E2C152E3
(1675526148.880370) vcan0 0F5#47A957A97F6B5249
(1675526148.880444) vcan0 120#63A984A97FFB5589
(1675526148.880517) vcan0 130#D7FF1D6329C7FF11
(1675526148.880592) vcan0 145#F9C2D380FC4810A1
(1675526148.880733) vcan0 150#4F29F2A7F6F7DBC0
(1675526148.881424) vcan0 28C#000000000030FEA9
(1675526148.881499) vcan0 2B5#4B67176293A67E71
(1675526148.884301) vcan0 340#9F00000000000000
(1675526148.884379) vcan0 360#C39C00A7B159A001
(1675526148.884530) vcan0 370#0727C0007E03C31F
(1675526148.885400) vcan0 010#008000002FB031F8
(1675526148.886414) vcan0 1D0#0000000000000061
(1675526148.886493) vcan0 291#0000000000000000
(1675526148.886643) vcan0 390#80FF0500020E5C4F
(1675526148.887512) vcan0 290#0000000000000000
(1675526148.888526) vcan0 008#768014F900800080
(1675526148.889613) vcan0 0E0#E2732CD000806F00
(1675526148.889691) vcan0 1B0#00C0000004B000FC
(1675526148.889769) vcan0 1B5#FF544F03C9E0FFEF
(1675526148.890928) vcan0 1D8#363339343234E043
(1675526148.891005) vcan0 1E0#0018930300B917E0
(1675526148.891084) vcan0 2C3#BB9C00FFFF995450
(1675526148.891161) vcan0 072#F000FF3F0078A038
(1675526148.894914) vcan0 125#E5E47FE5C1D0D735
(1675526148.895948) vcan0 010#008000002FB031F8
(1675526148.896023) vcan0 210#13E080A0B869B64D
(1675526148.896097) vcan0 2A9#8C260082C0000084
(1675526148.896991) vcan0 055#F9F71338B2689E80
(1675526148.898159) vcan0 008#768024E900800080
(1675526148.899192) vcan0 065#77E614F8FFED5C02
(1675526148.899266) vcan0 070#000006F85CE20D00
(1675526148.900161) vcan0 075#0000000000005458
(1675526148.900236) vcan0 080#35508000C2002C00
(1675526148.900582) vcan0 0B0#528317A3E2C152E3
(1675526148.900726) vcan0 0F5#43A953A97F6F424D
(1675526148.900801) vcan0 120#7BA96FA97FFB5589
(1675526148.900875) vcan0 130#DFFF1D6329B7FF11
(1675526148.901633) vcan0 145#F9B2D480FC4810A1
(1675526148.901777) vcan0 150#4B29F2B7F6F7CFC0
(1675526148.901858) vcan0 260#D0FF0055497487B0
(1675526148.901918) vcan0 288#E1DF708F00000080
(1675526148.904090) vcan0 010#008000002FB031F8
(1675526148.905106) vcan0 072#F000FF3F00788038
(1675526148.906196) vcan0 1D0#0000000000000061
(1675526148.907210) vcan0 008#768034D900800080
(1675526148.908298) vcan0 0E0#E2732BD800805000
(1675526148.909674) vcan0 1B0#00C0000004B000FC
(1675526148.909752) vcan0 1B5#FF6F6A11D6E0FFEF
(1675526148.909829) vcan0 1D8#363339343234E043
(1675526148.910771) vcan0 1E0#001C834300B917E0
(1675526148.914745) vcan0 125#E5E47FE5C1D0D735
(1675526148.915847) vcan0 010#008000002FB031F9
(1675526148.916879) vcan0 291#0000000000000000
(1675526148.916955) vcan0 330#2800000000000000
(1675526148.917096) vcan0 3C8#BB9C008E882C008E
(1675526148.917935) vcan0 055#F9F71338B2689E7F
(1675526148.918010) vcan0 065#78E614F801EE5C02
(1675526148.919042) vcan0 070#000006F85CE20D00
(1675526148.919116) vcan0 008#768044C900800080
(1675526148.919189) vcan0 075#0000000000005458
(1675526148.919263) vcan0 080#35508000C2002C00
(1675526148.920090) vcan0 0B0#528317A3E2C152E3
(1675526148.920166) vcan0 0F5#36A94FA97F733250
(1675526148.922928) vcan0 120#98A97BA97FFF5589
(1675526148.923006) vcan0 130#E7FF1D6329A7FF11
(1675526148.923085) vcan0 072#F000FF3F0078A038
(1675526148.923161) vcan0 145#F9A2D580FC4810A1
(1675526148.923239) vcan0 150#4229F2C7F6F7C8C0
(1675526148.923389) vcan0 210#13E080A0B869B64D
(1675526148.923466) vcan0 28C#000000000030FEA9
(1675526148.923544) vcan0 290#0000000000000000
(1675526148.923632) vcan0 2B5#4B67176293A67E70
(1675526148.923709) vcan0 2C0#BB9C00000000A0F1
(1675526148.923786) vcan0 2C5#2EDF8BBF79E6D470
(1675526148.923938) vcan0 3AF#0000000000000020
(1675526148.924013) vcan0 3CA#00000000D10000C8
(1675526148.924092) vcan0 350#A200000000000080
(1675526148.925178) vcan0 010#008000002FB031F8
(1675526148.927922) vcan0 1D0#0000000000000261
(1675526148.928072) vcan0 288#DDDF708F00000080
(1675526148.929017) vcan0 008#768054B900800080
(1675526148.929094) vcan0 0E0#E2732BE000803000
(1675526148.929171) vcan0 260#D0FF0055497487B0
(1675526148.930042) vcan0 1B0#00C0000002B000FC
(1675526148.930192) vcan0 1B5#FF8A851EE3E0FFEF
(1675526148.930269) vcan0 1D8#363339343234E043
(1675526148.930347) vcan0 1E0#0020734300B917E0
(1675526148.931155) vcan0 2C3#BB9C00FFFF9A5450
(1675526148.932230) vcan0 125#E5E27FE5C1D0D735
(1675526148.934634) vcan0 010#008000002FB031F8
(1675526148.935739) vcan0 072#F000FF3F00788038
(1675526148.935812) vcan0 2A9#8C26009BC0000084
(1675526148.938626) vcan0 055#F9F71438B2689E80
(1675526148.938701) vcan0 065#79E614F801EE5C02
(1675526148.938773) vcan0 070#000006F85CE20D00
(1675526148.938917) vcan0 008#768064A900800080
(1675526148.939677) vcan0 075#0000000000005458
(1675526148.939750) vcan0 080#35508000C2002C00
(1675526148.939892) vcan0 0B0#528317A3E2C152E3
(1675526148.939966) vcan0 0F5#53A953A97F772254
(1675526148.940041) vcan0 120#5BA973A97FFC5589
(1675526148.940730) vcan0 130#EFFF1D632997FF11
(1675526148.940873) vcan0 145#F992D680FC4810A1
(1675526148.940955) vcan0 150#5329F0D7F6F7A7C0
(1675526148.941784) vcan0 010#008000002FB031F8
(1675526148.942859) vcan0 1D0#0000000000000861
(1675526148.945401) vcan0 210#13E080A0B869B645
(1675526148.946503) vcan0 291#0000000000000000
(1675526148.949249) vcan0 290#0000000000000000
(1675526148.949392) vcan0 008#7680749900800080
(1675526148.949466) vcan0 0E0#E27334E800800700
(1675526148.949539) vcan0 1B0#00C0000005B000FC
(1675526148.949613) vcan0 1B5#FFA5A02BF1E0FFEF
(1675526148.950440) vcan0 1D8#363339343234E043
(1675526148.950514) vcan0 1E0#0020730300B917E0
(1675526148.950588) vcan0 072#F000FF3F0078A038
(1675526148.950731) vcan0 3B0#00D8723C6DB0C402
(1675526148.951489) vcan0 288#D9DF807F00000080
(1675526148.952574) vcan0 125#E5E27FE5C1D0D735
(1675526148.953600) vcan0 010#008000002FB031F8
(1675526148.954689) vcan0 400#0300030D0D010121
(1675526148.955706) vcan0 405#D507DB70271B6701
(1675526148.958237) vcan0 055#F9F71438B2689E80
(1675526148.961057) vcan0 065#77E614F8FFED5C02
(1675526148.961135) vcan0 070#000006F85CE20D00
(1675526148.961285) vcan0 008#7680848900800080
(1675526148.961362) vcan0 075#0000000000005458
(1675526148.961439) vcan0 080#35508000C2002C00
(1675526148.961516) vcan0 0B0#528317A3E2C152E3
(1675526148.961595) vcan0 0F5#3FA947A97F7B1257
(1675526148.961746) vcan0 120#6BA97BA97FFF5589
(1675526148.961822) vcan0 130#F7FF1D632987FF11
(1675526148.961907) vcan0 145#F982D780FC4810A1
(1675526148.961981) vcan0 150#4329F3E7F6F7A7C0
(1675526148.962056) vcan0 260#D0FF0055497487B0
(1675526148.962142) vcan0 28C#000000000030FEA9
(1675526148.962286) vcan0 2B5#4B67176293A67E71
(1675526148.962360) vcan0 340#9F00000000000000
(1675526148.966136) vcan0 010#008000002FB031F8
(1675526148.966209) vcan0 072#F000FF3F00788038
(1675526148.966283) vcan0 1D0#0000000000000061
(1675526148.967249) vcan0 008#7680947900800080
(1675526148.968349) vcan0 0E0#E27331F00080EA00
(1675526148.969383) vcan0 1B0#00C0000003B000FC
(1675526148.970417) vcan0 1B5#FFBFBB39FEE0FFEF
(1675526148.970491) vcan0 1D8#363339343234E043
(1675526148.970632) vcan0 1E0#0024634300B917E0
(1675526148.970707) vcan0 210#13E08020B869B645
(1675526148.971467) vcan0 2C3#BB9C00FFFF9A5450
(1675526148.973867) vcan0 125#E5E27FE5C1D0D735
(1675526148.976831) vcan0 010#008000002FB031F8
(1675526148.976921) vcan0 291#0000000000000000
(1675526148.977070) vcan0 2A9#8C260082C0000084
(1675526148.977149) vcan0 288#E1DF807F00000080
(1675526148.977947) vcan0 055#F9F71338B2689E80
(1675526148.978024) vcan0 065#76E614F800EE5C02
(1675526148.978967) vcan0 070#000006F85CE20D00
(1675526148.979046) vcan0 008#7680A46900800080
(1675526148.979196) vcan0 075#0000000000005458
(1675526148.979271) vcan0 080#35508000C2002C00
(1675526148.980071) vcan0 0B0#528317A3E2C152E3
(1675526148.980149) vcan0 0F5#3FA953A97F7F025A
(1675526148.980227) vcan0 120#80A97BA97FFB5589
(1675526148.980304) vcan0 130#FFFF1D632977FF11
(1675526148.980381) vcan0 072#F000FF3F0078A038
(1675526148.982931) vcan0 145#F972D880FC4810A1
(1675526148.983074) vcan0 150#4929EFF7F6F791C0
(1675526148.983157) vcan0 290#0000000000000000
(1675526148.983230) vcan0 2C0#BB9C00000000A0F1
(1675526148.983305) vcan0 2C5#2EDF8BBF77E6D470
(1675526148.983377) vcan0 360#C39C00A7B159A001
(1675526148.983520) vcan0 370#0727C0007E03C31F
(1675526148.983593) vcan0 3E0#000000D935808092
(1675526148.984011) vcan0 010#008000002FB031F8
(1675526148.985111) vcan0 1D0#0000000000000061
(1675526148.986145) vcan0 390#80FF0500020A5D6F
(1675526148.987178) vcan0 008#7680B45900800080
(1675526148.988213) vcan0 0E0#E2732FF80080CC00
(1675526148.989316) vcan0 260#D0FF00AA497487B0
(1675526148.990692) vcan0 1B0#00C0000002B000FC
(1675526148.990766) vcan0 1B5#FFDAD5460CE0FFEF
(1675526148.990909) vcan0 1D8#363339343234E043
(1675526148.990982) vcan0 1E0#0028534300B917E0
(1675526148.994734) vcan0 125#E5DF7FE5C1D0D735
(1675526148.995822) vcan0 010#008000002FB031F8
(1675526148.995900) vcan0 072#F000FF3F00788038
(1675526148.995977) vcan0 210#13E080A0B869B64D
(1675526148.996054) vcan0 330#2800000000000000
(1675526148.996853) vcan0 3D0#9A0F6100250D80C3
(1675526148.997938) vcan0 055#F9F71438B2689E80
(1675526148.998015) vcan0 065#7BE614F803EE5C02
(1675526148.998958) vcan0 070#000006F85CE20D00
(1675526148.999107) vcan0 008#7680C44900800080
(1675526148.999185) vcan0 075#0000000000005458
(1675526148.999261) vcan0 080#35508000C2002C00
(1675526149.000060) vcan0 0B0#528317A3E2C152E3
(1675526149.000137) vcan0 0F5#57A953A97F43F25E
(1675526149.000214) vcan0 120#6BA973A97FFB5589
(1675526149.002983) vcan0 130#87FF1D632967FF11
(1675526149.003068) vcan0 145#F962D980FC4810A1
(1675526149.003143) vcan0 150#5529F007F6F775C0
(1675526149.003217) vcan0 28C#000000000030FEA9
(1675526149.003289) vcan0 2B5#4B67176293A67D70
(1675526149.003432) vcan0 288#D0DF807F00000080
(1675526149.004056) vcan0 010#008000002FB031F9
(1675526149.005089) vcan0 1D0#0000000000000261
(1675526149.006121) vcan0 291#0000000000000000
(1675526149.007222) vcan0 290#0000000000000000
(1675526149.008257) vcan0 008#7680D43900800080
(1675526149.009840) vcan0 0E0#E2733BC00080A000
(1675526149.009913) vcan0 1B0#00C0000004B000FC
(1675526149.009988) vcan0 1B5#FFF5F05319E0FFEF
(1675526149.010130) vcan0 1D8#363339343234E043
(1675526149.010203) vcan0 1E0#0028530300B917E0
(1675526149.010894) vcan0 2C3#BB9C00FFFF9B5450
(1675526149.010989) vcan0 072#F000FF3F0078A038
(1675526149.015236) vcan0 350#A200000000000080
(1675526149.015313) vcan0 125#E5DF7FE5C1D0D735
(1675526149.016256) vcan0 010#008000002FB031F8
(1675526149.016334) vcan0 2A9#8C26009BC0000084
(1675526149.017349) vcan0 055#F9F71438B2669E80
(1675526149.018363) vcan0 065#79E614F800EE5C02
(1675526149.018440) vcan0 070#000006F85CE20D00
(1675526149.018591) vcan0 008#7680E42900800080
(1675526149.019463) vcan0 075#0000000000005458
(1675526149.019540) vcan0 080#35508000C2002C00
(1675526149.019617) vcan0 0B0#528316A3E2C152E3
(1675526149.019693) vcan0 0F5#3BA94FA97F47E261
(1675526149.020492) vcan0 120#63A988A97FFA5589
(1675526149.020569) vcan0 130#8FFF1D632957FF11
(1675526149.020718) vcan0 145#F952DA80FC4810A1
(1675526149.020806) vcan0 150#4529EC17F5F775C0
(1675526149.020883) vcan0 210#13E080A0B869B645
(1675526149.021538) vcan0 260#D0FF00AA497487B0
(1675526149.023947) vcan0 010#008000002FB031F8
(1675526149.025466) vcan0 072#F000FF3F00788038
(1675526149.025545) vcan0 1D0#0000000000000861
(1675526149.026489) vcan0 288#D9DF807F00000080
(1675526149.027576) vcan0 008#7680F41900800080
(1675526149.028661) vcan0 0E0#E2733AC800808100
(1675526149.029677) vcan0 1B0#00C0000004B000FC
(1675526149.029753) vcan0 1B5#FF100B6126E0FFEF
(1675526149.029832) vcan0 1D8#363339343234E043
(1675526149.030772) vcan0 1E0#002C434300B917E0
(1675526149.034603) vcan0 125#E5DF7FE5C1D0D735
(1675526149.035774) vcan0 010#008000002FB031F8
(1675526149.035850) vcan0 291#0000000000000000
(1675526149.036826) vcan0 3C8#BB9C008E882C008E
(1675526149.037860) vcan0 055#F9F71438B2669E80
(1675526149.038894) vcan0 065#75E614F8FEED5C02
(1675526149.041845) vcan0 070#000006F85CE20D00
(1675526149.041916) vcan0 008#7680040900800080
(1675526149.041996) vcan0 075#0000000000005458
(1675526149.042147) vcan0 080#35508000C2002C00
(1675526149.042225) vcan0 0B0#528317A3E1C152E3
(1675526149.042302) vcan0 0F5#43A94FA97F4BD264
(1675526149.042379) vcan0 120#77A96BA97FFE5589
(1675526149.042458) vcan0 130#97FF1D632947FF11
(1675526149.042607) vcan0 072#F000FF3F0078A038
(1675526149.042684) vcan0 145#F942DB80FC4810A1
(1675526149.042761) vcan0 150#4929EF27F5F761C0
(1675526149.042840) vcan0 28C#000000000030FEA9
(1675526149.042917) vcan0 290#0000000000000000
(1675526149.043004) vcan0 2B5#4B68176293A67D71
(1675526149.043081) vcan0 2C0#BB9C00000000A0F1
(1675526149.044818) vcan0 2C5#2EDF8BBF7DE6D470
(1675526149.044895) vcan0 340#9F00000000000000
(1675526149.044972) vcan0 3AF#0000000000000020
(1675526149.045049) vcan0 3CA#00000000D20000C8
(1675526149.045920) vcan0 010#008000002FB031F8
(1675526149.045999) vcan0 1D0#0000000000000061
(1675526149.046147) vcan0 210#13E080A0B869B64D
(1675526149.047018) vcan0 008#768014F900800080
(1675526149.048032) vcan0 0E0#E2733DD000805E00
(1675526149.049118) vcan0 260#D0FF00AA497487B0
(1675526149.050132) vcan0 1B0#00C0000001B000FC
(1675526149.050283) vcan0 1B5#FF2B266E34E0FFEF
(1675526149.050361) vcan0 1D8#363339343234E043
(1675526149.050438) vcan0 1E0#0030334300B917E0
(1675526149.050534) vcan0 2C3#BB9C00FFFF9C5450
(1675526149.051550) vcan0 288#DDDF906F00000080
(1675526149.054590) vcan0 125#E5DC7FE5C1D0D735
(1675526149.055623) vcan0 010#008000002FB031F8
(1675526149.055696) vcan0 072#F000FF3F00788038
(1675526149.055840) vcan0 2A9#8C260082C0000084
(1675526149.056803) vcan0 055#F9F71438B2689E80
(1675526149.057837) vcan0 065#76E614F800EE5C02
(1675526149.058869) vcan0 008#768024E900800080
(1675526149.058944) vcan0 070#000006F85DE20D00
(1675526149.059087) vcan0 075#0000000000005458
(1675526149.059914) vcan0 080#36508000C2002C00
(1675526149.060056) vcan0 0B0#528317A3E2C152E3
(1675526149.060131) vcan0 0F5#47A94BA97F4FC268
(1675526149.060204) vcan0 120#84A973A97FFC5589
(1675526149.061031) vcan0 130#9FFF1D632937FF11
(1675526149.061114) vcan0 145#F932DC80FC4810A1
(1675526149.062415) vcan0 150#4929F637F5F751C0
(1675526149.065380) vcan0 010#008000002FB031F8
(1675526149.065530) vcan0 1D0#0000000000000061
(1675526149.066545) vcan0 291#0000000000000000
(1675526149.067631) vcan0 290#0000000000000000
(1675526149.068648) vcan0 008#768034D900800080
(1675526149.068725) vcan0 0E0#E27343D800803800
(1675526149.069742) vcan0 1B0#00C0000000B000FC
(1675526149.069819) vcan0 1B5#FF45417B41E0FFEF
(1675526149.069896) vcan0 1D8#363339343234E043
(1675526149.070837) vcan0 072#F000FF3F0078A038
(1675526149.070986) vcan0 1E0#0030330300B917E0
(1675526149.071065) vcan0 210#0BE080A0B869B645
(1675526149.071142) vcan0 3B0#00D872386DB0C400
(1675526149.073260) vcan0 125#E5D97FE5C1D0D735
(1675526149.076155) vcan0 010#008000002FB031F8
(1675526149.076229) vcan0 330#2800000000000000
(1675526149.077261) vcan0 288#E1DF906F00000080
(1675526149.078364) vcan0 055#F9F71438B2689E80
(1675526149.078436) vcan0 065#7BE614F803EE5D02
(1675526149.078511) vcan0 070#000006F85DE20D00
(1675526149.079407) vcan0 008#768044C900800080
(1675526149.079480) vcan0 075#0000000000005458
(1675526149.079624) vcan0 080#36508000C2002C00
(1675526149.079698) vcan0 0B0#528317A3E2C152E3
(1675526149.079771) vcan0 0F5#3FA94FA97F53B26B
(1675526149.080461) vcan0 120#4FA97BA97FF85589
(1675526149.080603) vcan0 130#A7FF1D632927FF11
(1675526149.080677) vcan0 145#F922DD80FC4810A1
(1675526149.080752) vcan0 150#4729EE47F5F743C0
(1675526149.081784) vcan0 260#D0FF00AA497487B0
(1675526149.081892) vcan0 28C#000000000030FEA9
(1675526149.081990) vcan0 2B5#4B68176293A67D72
(1675526149.082070) vcan0 360#C39C00A7B159A001
(1675526149.082147) vcan0 370#0727C0007E03C31F
(1675526149.085833) vcan0 010#008000002FB031F9
(1675526149.085981) vcan0 072#F000FF3F00788038
(1675526149.086060) vcan0 1D0#0000000000000261
(1675526149.086136) vcan0 390#80FF050002065E4F
(1675526149.087008) vcan0 008#768054B900800080
(1675526149.088096) vcan0 0E0#E27342E000801900
(1675526149.089111) vcan0 1B0#00C0000003B000FC
(1675526149.090197) vcan0 1B5#FF605B894EE0FFEF
(1675526149.090276) vcan0 1D8#363339343234E043
(1675526149.090353) vcan0 1E0#0034234300B917E0
(1675526149.091152) vcan0 2C3#BB9C00FFFF9C5450
(1675526149.093599) vcan0 125#E5D67FE5C1D0D735
(1675526149.096628) vcan0 010#008000002FB031F8
(1675526149.096703) vcan0 210#0BE080A0B869B64D
(1675526149.096778) vcan0 291#0000000000000000
(1675526149.096851) vcan0 2A9#8C26008AC0000084
(1675526149.097677) vcan0 055#F9F71438B2669E80
(1675526149.098712) vcan0 065#76E614F8FEED5D02
(1675526149.098786) vcan0 070#000006F85DE20D00
(1675526149.098928) vcan0 008#768064A900800080
(1675526149.099002) vcan0 075#0000000000005458
(1675526149.099762) vcan0 080#36508000C2002C00
(1675526149.099904) vcan0 0B0#528317A3E2C152E3
(1675526149.099977) vcan0 0F5#43A953A97F57A26E
(1675526149.100051) vcan0 120#6FA96BA97FFF5589
(1675526149.100810) vcan0 130#AFFF1D632917FF11
(1675526149.100954) vcan0 072#F000FF3F0078A038
(1675526149.102281) vcan0 145#F912DE80FC4810A1
(1675526149.102369) vcan0 150#4B29F257F5F72FC0
(1675526149.102520) vcan0 290#0000000000000000
(1675526149.102596) vcan0 2C0#BB9C00010000A0F1
(1675526149.102674) vcan0 288#DDDF906F00000080
(1675526149.102752) vcan0 2C5#2EDF8BBF7BE6D470
(1675526149.103408) vcan0 350#A200000000000080
(1675526149.106227) vcan0 010#008000002FB031F8
(1675526149.106303) vcan0 1D0#0000000000000861
(1675526149.107245) vcan0 008#76807C1900800080
(1675526149.108332) vcan0 0E0#E27343E80080F800
(1675526149.109347) vcan0 260#D0FF0055497487B0
(1675526149.109425) vcan0 1B0#00C0000001B000FC
(1675526149.109503) vcan0 1B5#FF7B76965CE0FFEF
(1675526149.110445) vcan0 1D8#363339343234E043
(1675526149.110524) vcan0 1E0#0038134300B917E0
(1675526149.112869) vcan0 125#E5D37FE5C1D0D735
(1675526149.116859) vcan0 010#008000002FB031F8
(1675526149.116933) vcan0 072#F000FF3F00788038
(1675526149.117897) vcan0 055#F9F71438B2689E80
(1675526149.118928) vcan0 008#78808C0700800080
(1675526149.119071) vcan0 065#76E614F800EE5D02
(1675526149.119146) vcan0 070#000006F85EE20D00
(1675526149.120040) vcan0 075#0000000000005458
(1675526149.120114) vcan0 080#36508000C2002C00
(1675526149.120187) vcan0 0B0#528317A3E2C152E3
(1675526149.120262) vcan0 0F5#3BA953A97F5B9272
(1675526149.121088) vcan0 120#90A977A97FF95589
(1675526149.121163) vcan0 130#B7FF1D632907FF11
(1675526149.121236) vcan0 145#F902DF80FC4810A1
(1675526149.121378) vcan0 150#4729F067F5F723C0
(1675526149.121453) vcan0 210#0BE08020B869B64D
(1675526149.122420) vcan0 28C#000000000030FEA9
(1675526149.122508) vcan0 2B5#4B68176293A67E72
(1675526149.122585) vcan0 340#9F00000000000000
(1675526149.125479) vcan0 010#008000002FB031F8
(1675526149.125556) vcan0 1D0#0000000000000061
(1675526149.126569) vcan0 291#0000000000000000
(1675526149.126647) vcan0 288#DDDF906F00000080
(1675526149.127591) vcan0 290#0000000000000000
(1675526149.128677) vcan0 008#7A809CE70E800080
(1675526149.128756) vcan0 0E0#E27345F00080D600
(1675526149.129697) vcan0 1B0#00C0000001B000FC
(1675526149.129775) vcan0 1B5#FF9691A369E0FFEF
(1675526149.130790) vcan0 1D8#363339343234E043
(1675526149.130867) vcan0 072#F000FF3F0078A038
(1675526149.130946) vcan0 1E0#0038130300B917E0
(1675526149.131023) vcan0 2C3#BB9C00FFFF9D5450
(1675526149.133210) vcan0 125#E5D07FE5C1D0D735
(1675526149.135961) vcan0 010#008000002FB031F8
(1675526149.136111) vcan0 2A9#8C260093C0000084
(1675526149.137056) vcan0 055#F9F71438B2689E80
(1675526149.138069) vcan0 065#7BE614F803EE5D02
(1675526149.139155) vcan0 070#000006F85EE20D00
(1675526149.139233) vcan0 008#7A80ACC91C800080
(1675526149.139310) vcan0 075#0000000000005458
(1675526149.139460) vcan0 080#36508000C2002C00
(1675526149.139537) vcan0 0B0#528317A3E2C152E3
(1675526149.140191) vcan0 0F5#4BA953A97F5F8275
(1675526149.140341) vcan0 120#57A980A97FFB5589
(1675526149.140418) vcan0 130#BFFF1D6329F7FF11
(1675526149.140497) vcan0 145#F9F2D080FC4810A1
(1675526149.141295) vcan0 150#4F29F077F5F70BC0
(1675526149.141373) vcan0 260#D0FF0055497487B0
(1675526149.143802) vcan0 010#008000002FB031F8
(1675526149.146624) vcan0 072#F000FF3F00788038
(1675526149.146697) vcan0 1D0#0000000000000061
(1675526149.146771) vcan0 210#0BE080A0B869B645
(1675526149.147667) vcan0 008#7D80BCB61C800080
(1675526149.148698) vcan0 0E0#E27347F80080B400
(1675526149.149799) vcan0 1B0#00C0000002B000FC
(1675526149.149873) vcan0 1B5#FFB1ACB176E0FFEF
(1675526149.149947) vcan0 1D8#363339343234E043
(1675526149.150843) vcan0 1E0#003C034300B917E0
(1675526149.151911) vcan0 288#DDDFA05F00000080
(1675526149.154299) vcan0 125#E5CE7FE5C1D0D735
(1675526149.157189) vcan0 010#008000002FB031F8
(1675526149.157266) vcan0 291#0000000000000000
(1675526149.157343) vcan0 330#2800000000000000
(1675526149.157421) vcan0 425#0000000000000000
(1675526149.157498) vcan0 3C8#BB9C008E882C008E
(1675526149.158247) vcan0 055#F9F71438B2689E80
(1675526149.158325) vcan0 065#7AE614F801EE5E02
(1675526149.158404) vcan0 070#000006F85EE20D00
(1675526149.159274) vcan0 008#7F80CC8E32800080
(1675526149.159424) vcan0 075#0000000000005458
(1675526149.159501) vcan0 080#36508000C2002C00
(1675526149.159577) vcan0 0B0#528317A3E2C152E3
(1675526149.159656) vcan0 0F5#43A953A97F637278
(1675526149.160454) vcan0 120#6BA977A97FFC5589
(1675526149.160532) vcan0 130#C7FF1D6329E7FF11
(1675526149.163346) vcan0 072#F000FF3F0078A038
(1675526149.163421) vcan0 145#F9E2D180FC4810A1
(1675526149.163562) vcan0 150#4B29EE87F5F7FFC0
(1675526149.163637) vcan0 28C#000000000030FEA9
(1675526149.163712) vcan0 290#0000000000000000
(1675526149.163785) vcan0 2B5#4B68176293A67E72
(1675526149.163868) vcan0 2C0#BB9C00000000A0F1
(1675526149.164011) vcan0 2C5#2EDF8BBF77E6D470
(1675526149.164085) vcan0 3AF#0000000000000020
(1675526149.164160) vcan0 3CA#00000000D30000C8
(1675526149.164440) vcan0 010#008000002FB031F9
(1675526149.165473) vcan0 1D0#0000000000000261
(1675526149.166572) vcan0 008#7F80DC7E32800080
(1675526149.167605) vcan0 0E0#E27344C000809700
(1675526149.168638) vcan0 260#D0FF0055497487B0
(1675526149.171522) vcan0 1B0#00C0000003B000FC
(1675526149.171664) vcan0 1B5#FFCBC7BE84E0FFEF
(1675526149.171737) vcan0 1D8#363339343234E043
(1675526149.171812) vcan0 1E0#0000F34300B917E0
(1675526149.171972) vcan0 210#0BE080A0B869B645
(1675526149.172047) vcan0 2C3#BB9C00FFFF9D5450
(1675526149.172669) vcan0 125#E5CC7FE5C1D0D735
(1675526149.173713) vcan0 010#008000002FB031F8
(1675526149.174747) vcan0 072#F000FF3F00788038
(1675526149.175845) vcan0 2A9#8C26008AC0000084
(1675526149.176878) vcan0 288#D9DFA05F00000080
(1675526149.179691) vcan0 055#F9F71438B2689E80
(1675526149.179766) vcan0 065#77E614F8FFED5E02
(1675526149.179840) vcan0 070#000006F85EE20D00
(1675526149.179913) vcan0 008#8180EC5E40800080
(1675526149.180055) vcan0 075#0000000000005458
(1675526149.180129) vcan0 080#36508000C2002C00
(1675526149.180202) vcan0 0B0#528317A3E2C152E3
(1675526149.180277) vcan0 0F5#43A94FA97F67627C
(1675526149.180419) vcan0 120#80A977A97FFA5589
(1675526149.180767) vcan0 130#CFFF1D6329D7FF11
(1675526149.180842) vcan0 145#F9D2D280FC4810A1
(1675526149.180916) vcan0 150#4929F397F5F7F1C0
(1675526149.180997) vcan0 360#C39C00A7B159A001
(1675526149.181144) vcan0 370#0727C0007E03C31F
(1675526149.181832) vcan0 010#008000002FB031F8
(1675526149.184231) vcan0 1D0#0000000000000861
(1675526149.185245) vcan0 291#0000000000000000
(1675526149.186332) vcan0 390#80FF050002025F4F
(1675526149.188860) vcan0 290#0000000000000000
(1675526149.188937) vcan0 008#8180FC4E40800080
(1675526149.189087) vcan0 0E0#E27342C800807900
(1675526149.189958) vcan0 1B0#00C0000001B000FC
(1675526149.190035) vcan0 1B5#FFE6E2CB91E0FFEF
(1675526149.190112) vcan0 1D8#363339343234E043
(1675526149.190189) vcan0 1E0#0000F30300B917E0
(1675526149.190989) vcan0 072#F000FF3F0078A038
(1675526149.191066) vcan0 3B0#00FC6B386DB0C400
(1675526149.194779) vcan0 350#A200000000000080
(1675526149.194863) vcan0 125#E5CC7FE5C1D0D735
(1675526149.195829) vcan0 010#008000002FB031F8
(1675526149.195900) vcan0 210#0BE080A0B869B64D
(1675526149.195976) vcan0 3D0#9A0F6100250D80C3
(1675526149.196873) vcan0 055#F9F71438B2669E80
(1675526149.197907) vcan0 065#77E614F800EE5E02
(1675526149.199007) vcan0 070#000006F85EE20D00
(1675526149.199081) vcan0 008#81800C3E40800080
(1675526149.199156) vcan0 075#0000000000005458
(1675526149.201765) vcan0 080#36508000C2002C00
(1675526149.201886) vcan0 0B0#528317A3E2C152E3
(1675526149.201961) vcan0 0F5#57A957A97F6B527F
(1675526149.202104) vcan0 120#67A973A97FF95589
(1675526149.202179) vcan0 130#D7FF1D6329C7FF11
(1675526149.202252) vcan0 145#F9C2D380FC4810A1
(1675526149.202326) vcan0 150#5729E8A7F5F7D3C0
(1675526149.202409) vcan0 260#D0FF00AA497487B0
(1675526149.202552) vcan0 28C#000000000030FEA9
(1675526149.202626) vcan0 2B5#4B69176293A67E72
(1675526149.202698) vcan0 340#9F00000000000000
(1675526149.202774) vcan0 288#CCDFA05F00000080
(1675526149.202915) vcan0 430#3E09460100002FC6
(1675526149.202990) vcan0 010#008000002FB031F8
(1675526149.203954) vcan0 072#F000FF3F00788038
(1675526149.206496) vcan0 1D0#0000000000000061
(1675526149.207528) vcan0 400#0203010202010222
(1675526149.207601) vcan0 405#C39C003B00343C02
(1675526149.208635) vcan0 008#83801C1D4F800080
(1675526149.209667) vcan0 0E0#E27348D000805300
(1675526149.209741) vcan0 1B0#00C0000003B000FC
(1675526149.209816) vcan0 1B5#FF01FCD99FE0FFEF
(1675526149.210711) vcan0 1D8#363339343234E043
(1675526149.210794) vcan0 1E0#0004E34300B917E0
(1675526149.210867) vcan0 2C3#BB9C00FFFF9E5450
(1675526149.213217) vcan0 125#E5C97FE5C1D0D735
(1675526149.217116) vcan0 010#008000002FB031F8
(1675526149.217194) vcan0 291#0000000000000000
(1675526149.218209) vcan0 2A9#8C260093C0000084
(1675526149.218286) vcan0 055#F9F71438B2669E80
(1675526149.218364) vcan0 065#7AE614F802EE5E02
(1675526149.218440) vcan0 070#000006F85EE20D00
(1675526149.219239) vcan0 008#83802C0D4F800080
(1675526149.219316) vcan0 075#0000000000005458
(1675526149.219467) vcan0 080#36508000C2002C00
(1675526149.219544) vcan0 0B0#528317A3E2C152E3
(1675526149.220415) vcan0 0F5#43A94FA97F6F4282
(1675526149.220491) vcan0 120#63A980A97FF85589
(1675526149.220570) vcan0 130#DFFF1D6329B7FF11
(1675526149.220656) vcan0 145#F9B2D480FC4810A1
(1675526149.220732) vcan0 150#4929EBB7F4F7D1C0
(1675526149.221748) vcan0 290#0000000000000000
(1675526149.221826) vcan0 2C0#BB9C00000000A0F1
(1675526149.221905) vcan0 2C5#2FDF8BBF78E6D470
(1675526149.222050) vcan0 072#F000FF3F0078A038
(1675526149.222123) vcan0 210#0BE080A0B869B645
(1675526149.225622) vcan0 010#008000002FB031F8
(1675526149.226655) vcan0 1D0#0000000000000061
(1675526149.226797) vcan0 288#C4DFA05F00000080
(1675526149.227832) vcan0 008#83803C0C40800080
(1675526149.228864) vcan0 0E0#E27342D800803900
(1675526149.229008) vcan0 260#D0FF00AA497487B0
(1675526149.229970) vcan0 1B0#00C0000003B000FC
(1675526149.230044) vcan0 1B5#FF1C17E6ACE0FFEF
(1675526149.230118) vcan0 1D8#363339343234E043
(1675526149.230202) vcan0 1E0#0008D34300B917E0
(1675526149.232449) vcan0 125#E5C97FE5C1D0D735
(1675526149.235335) vcan0 010#008000002FB031F8
(1675526149.235408) vcan0 072#F000FF3F00788038
(1675526149.236371) vcan0 330#2800000000000000
(1675526149.237540) vcan0 055#F9F71438B2689E80
(1675526149.238573) vcan0 065#76E614F8FEED5E02
(1675526149.238648) vcan0 070#000006F85EE20D00
(1675526149.238719) vcan0 008#83804C0A32800080
(1675526149.239617) vcan0 075#0000000000005458
(1675526149.239691) vcan0 080#36508000C2002C00
(1675526149.239834) vcan0 0B0#528317A3E2C152E3
(1675526149.239907) vcan0 0F5#43A94FA97F733286
(1675526149.239980) vcan0 120#7BA96FA97FFA5589
(1675526149.240670) vcan0 130#E7FF1D6329A7FF11
(1675526149.240813) vcan0 145#F9A2D580FC4810A1
(1675526149.240897) vcan0 150#4929E8C7F4F7C1C0
(1675526149.241995) vcan0 28C#000000000030FEA9
(1675526149.242145) vcan0 2B5#4B69186293A67E72
(1675526149.245108) vcan0 010#008000002FB031F9
(1675526149.246124) vcan0 1D0#0000000000000261
(1675526149.246273) vcan0 210#0BE080A0B869B64D
(1675526149.246350) vcan0 291#0000000000000000
(1675526149.247222) vcan0 290#0000000000000000
(1675526149.248237) vcan0 008#83805CFA32800080
(1675526149.249324) vcan0 0E0#E27340E000801B00
(1675526149.249402) vcan0 1B0#00C0000000B000FC
