(1675525890.753792) vcan0 1B5#FF00000000E0FFEF
(1675525890.753863) vcan0 125#E52780E5C1D0D734
(1675525890.753954) vcan0 1D8#363339343234D343
(1675525890.754039) vcan0 1E0#00303BC180BD17E0
(1675525890.754123) vcan0 2C3#4F9E00FFFF005450
(1675525890.754207) vcan0 055#BDF7FF27B2009C80
(1675525890.754289) vcan0 065#61E307E8008E0502
(1675525890.754374) vcan0 070#000041A800E25B00
(1675525890.754457) vcan0 075#0000000000005458
(1675525890.754540) vcan0 080#FF4F8000C2002C00
(1675525890.754664) vcan0 0B0#61838AA200C261A3
(1675525890.755256) vcan0 145#FD02DF86FCC810A1
(1675525890.755340) vcan0 370#072CC0134B03CF00
(1675525890.756745) vcan0 008#1B801CD400800080
(1675525890.758234) vcan0 260#D0FF005549EA85B0
(1675525890.759718) vcan0 350#A200000000000080
(1675525890.759805) vcan0 010#000000002FB031F8
(1675525890.761211) vcan0 291#0000000000000000
(1675525890.761307) vcan0 2A9#8C260093C0000084
(1675525890.761390) vcan0 0F5#008000807F4FC200
(1675525890.761475) vcan0 120#008000807FF45589
(1675525890.762730) vcan0 130#9FFD1D0000C3FF11
(1675525890.762813) vcan0 150#0000003803F8C3C0
(1675525890.762942) vcan0 290#0000000000000000
(1675525890.764228) vcan0 072#F000FF3F00788038
(1675525890.765711) vcan0 210#ACE08020A969A445
(1675525890.767196) vcan0 008#1B802CC400800080
(1675525890.767279) vcan0 0E0#627101E800804200
(1675525890.767364) vcan0 288#F5DFF00F00000080
(1675525890.768694) vcan0 010#000000002FB031F9
(1675525890.770255) vcan0 1D0#0000000000000A61
(1675525890.771741) vcan0 1B0#00C0000000B000EC
(1675525890.771825) vcan0 1B5#FF00000000E0FFEF
(1675525890.771908) vcan0 125#E52780E5C1D0D734
(1675525890.771998) vcan0 1D8#363339343234D443
(1675525890.774728) vcan0 1E0#00342BC180BD17E0
(1675525890.774812) vcan0 055#BDF7FF27B2009C80
(1675525890.774895) vcan0 065#60E307E8FF8D0502
(1675525890.774981) vcan0 070#000041A800E25B00
(1675525890.775064) vcan0 075#0000000000005458
(1675525890.775148) vcan0 080#FF4F8000C2002C00
(1675525890.775233) vcan0 0B0#618389A200C261A3
(1675525890.775317) vcan0 145#FDF2D086FCC810A1
(1675525890.775401) vcan0 28C#00002000002CBE93
(1675525890.775484) vcan0 2B5#4B313C6293A64F40
(1675525890.775569) vcan0 340#4400000000000000
(1675525890.776197) vcan0 008#1B803CB400800080
(1675525890.779004) vcan0 010#000000002FB031F8
(1675525890.780488) vcan0 072#F000FF3F0078A038
(1675525890.781972) vcan0 0F5#008000807F53B200
(1675525890.782065) vcan0 120#008000807FF35589
(1675525890.782149) vcan0 130#A7FD1D0000B3FF11
(1675525890.782233) vcan0 150#0000FD4703F8B3C0
(1675525890.785964) vcan0 008#1B804CA400800080
(1675525890.787449) vcan0 0E0#627101F000802200
(1675525890.788933) vcan0 260#D0FF00AA49EA85B0
(1675525890.789017) vcan0 010#000000002FB031F8
(1675525890.790497) vcan0 1D0#0000000000000061
(1675525890.790582) vcan0 210#ACE080A0A969A445
(1675525890.790665) vcan0 291#0000000000000000
(1675525890.791992) vcan0 1B0#00C0000000B000EC
(1675525890.792075) vcan0 1B5#FF00000000E0FFEF
(1675525890.792159) vcan0 125#E52780E5C1D0D734
(1675525890.792243) vcan0 1D8#363339343234D443
(1675525890.792326) vcan0 1E0#00342B8180BD17E0
(1675525890.794979) vcan0 288#F9DFF00F00000080
(1675525890.795070) vcan0 055#BDF7FF27B2009C80
(1675525890.795154) vcan0 065#61E307E8008E0502
(1675525890.795239) vcan0 070#000041A800E25B00
(1675525890.795323) vcan0 075#0000000000005458
(1675525890.795406) vcan0 080#FF4F8000C2002C00
(1675525890.795490) vcan0 0B0#618389A200C261A3
(1675525890.795574) vcan0 072#F000FF3F00788038
(1675525890.795659) vcan0 145#FDE2D186FCC810A1
(1675525890.795743) vcan0 290#0000000000000000
(1675525890.795826) vcan0 2C0#4F9E00130F00A0F1
(1675525890.795910) vcan0 2C3#4F9E00FFFF005450
(1675525890.796462) vcan0 2C5#00DF240062E30070
(1675525890.796546) vcan0 3C8#4F9E008E882C008E
(1675525890.796628) vcan0 008#1B805C9400800080
(1675525890.799161) vcan0 010#000000002FB031F8
(1675525890.800490) vcan0 2A9#8C26008AC0000084
(1675525890.801985) vcan0 0F5#008000807F57A200
(1675525890.802069) vcan0 120#008000807FF55589
(1675525890.802154) vcan0 130#AFFD1D0000A3FF11
(1675525890.802238) vcan0 150#0000FE5703F8A3C0
(1675525890.805975) vcan0 008#1B806C8400800080
(1675525890.807460) vcan0 0E0#627101F800800200
(1675525890.808944) vcan0 010#000000002FB031F8
(1675525890.809028) vcan0 072#F000FF3F0078A038
(1675525890.810432) vcan0 1D0#0000000000000061
(1675525890.811994) vcan0 1B0#00C0000000B000EC
(1675525890.812078) vcan0 1B5#FF00000000E0FFEF
(1675525890.812161) vcan0 125#E52780E5C1D0D734
(1675525890.812245) vcan0 1D8#363339343234D443
(1675525890.812329) vcan0 1E0#00381BC180BD17E0
(1675525890.814983) vcan0 055#BDF7FF27B2009C80
(1675525890.815066) vcan0 065#62E308E8018E0502
(1675525890.815159) vcan0 070#000041A800E25B00
(1675525890.815244) vcan0 075#0000000000005458
(1675525890.815326) vcan0 080#FF4F8000C2002C00
(1675525890.815409) vcan0 0B0#618389A200C261A3
(1675525890.815493) vcan0 145#FDD2D286FCC810A1
(1675525890.815577) vcan0 210#ACE080A0A969A44D
(1675525890.815661) vcan0 28C#00002000002CBE93
(1675525890.815743) vcan0 2B5#4B313C6293A65041
(1675525890.816449) vcan0 008#1B807C7400800080
(1675525890.817999) vcan0 288#F9DFF00F00000080
(1675525890.818084) vcan0 260#D0FF00AA49EA85B0
(1675525890.819492) vcan0 010#000000002FB031F8
(1675525890.819575) vcan0 291#0000000000000000
(1675525890.820984) vcan0 330#0000000000000000
(1675525890.822471) vcan0 0F5#008000807F5B9200
(1675525890.822557) vcan0 120#008000807FF25589
(1675525890.822648) vcan0 130#B7FD1D000093FF11
(1675525890.822733) vcan0 150#0000FD6703F893C0
(1675525890.822816) vcan0 290#0000000000000000
(1675525890.823994) vcan0 072#F000FF3F00788038
(1675525890.824076) vcan0 360#4F9E00C7C35AA001
(1675525890.825500) vcan0 008#1B808C6400800080
(1675525890.826987) vcan0 0E0#627101C00080E200
(1675525890.828477) vcan0 010#000000002FB031F8
(1675525890.829963) vcan0 1D0#0000000000000061
(1675525890.830046) vcan0 390#80FF0500023A514F
(1675525890.831446) vcan0 1B0#00C0000000B000EC
(1675525890.831530) vcan0 1B5#FF00000000E0FFEF
(1675525890.831614) vcan0 125#E52780E5C1D0D734
(1675525890.833103) vcan0 1D8#363339343234D443
(1675525890.833187) vcan0 1E0#003C0BC180BD17E0
(1675525890.833270) vcan0 2C3#4F9E00FFFF005450
(1675525890.833378) vcan0 055#BDF7FF27B2009C80
(1675525890.833460) vcan0 065#62E307E8008E0502
(1675525890.833545) vcan0 070#000041A800E25B00
(1675525890.833644) vcan0 075#0000000000005458
(1675525890.835986) vcan0 080#FF4F8000C2002C00
(1675525890.836069) vcan0 0B0#618389A200C261A3
(1675525890.836152) vcan0 145#FDC2D386FCC810A1
(1675525890.836238) vcan0 008#1B809C5400800080
(1675525890.838696) vcan0 010#000000002FB031F8
(1675525890.840182) vcan0 072#F000FF3F0078A038
(1675525890.840265) vcan0 210#ACE080A0A969A445
(1675525890.840349) vcan0 2A9#8C260082C0000084
(1675525890.841756) vcan0 0F5#008000807F5F8200
(1675525890.841840) vcan0 120#008000807FF25589
(1675525890.841948) vcan0 130#BFFF1D000083FF11
(1675525890.842031) vcan0 150#0000007803F883C0
(1675525890.843211) vcan0 288#02E0F00F00000080
(1675525890.845933) vcan0 008#1B80AC4400800080
(1675525890.847437) vcan0 0E0#627101C80080C200
(1675525890.848998) vcan0 260#D0FF00AA49EA85B0
(1675525890.849082) vcan0 350#A200000000000080
(1675525890.850511) vcan0 581#FFFFFFFFFFFF0081
(1675525890.850596) vcan0 010#000000002FB031F9
(1675525890.850681) vcan0 1D0#0000000000000A61
(1675525890.853490) vcan0 291#0000000000000000
(1675525890.853574) vcan0 400#0000000000030014
(1675525890.853657) vcan0 1B0#00C0000000B000EC
(1675525890.853741) vcan0 1B5#FF00000000E0FFEF
(1675525890.853826) vcan0 125#E52780E5C1D0D734
(1675525890.853908) vcan0 1D8#363339343234D443
(1675525890.853992) vcan0 1E0#003C0B8180BD17E0
(1675525890.854077) vcan0 055#BDF7FF27B2009C80
(1675525890.854169) vcan0 065#64E307E8018E0502
(1675525890.854253) vcan0 070#000041A800E25B00
(1675525890.854336) vcan0 075#0000000000005458
(1675525890.854489) vcan0 080#FE4F8000C2002C00
(1675525890.856455) vcan0 0B0#61838AA200C261A3
(1675525890.856540) vcan0 145#FDB2D486FCC810A1
(1675525890.856622) vcan0 28C#00002000002CBE93
(1675525890.856706) vcan0 290#0000000000000000
(1675525890.856790) vcan0 2B5#4B313C6293A64F41
(1675525890.856873) vcan0 2C0#4F9E00140F00A0F1
(1675525890.856957) vcan0 2C5#00DF240063E30070
(1675525890.857040) vcan0 340#4400000000000000
(1675525890.857134) vcan0 370#072CC0134B03CF00
(1675525890.857212) vcan0 3AF#0000000000000020
(1675525890.857295) vcan0 3E0#000000D935808093
(1675525890.857380) vcan0 008#1B80BC3400800080
(1675525890.857472) vcan0 072#F000FF3F00788038
(1675525890.857947) vcan0 3B0#00FC7F3C71C0C400
(1675525890.858032) vcan0 405#3233343638333212
(1675525890.860697) vcan0 0F5#008000807F637200
(1675525890.862183) vcan0 120#008000807FF45589
(1675525890.862266) vcan0 010#000000002FB031F8
(1675525890.862351) vcan0 130#C7FF1D000073FF11
(1675525890.862434) vcan0 150#0000008803F873C0
(1675525890.862517) vcan0 3CA#00000000560000C8
(1675525890.866179) vcan0 210#ACE080A0A969A44D
(1675525890.867448) vcan0 008#1B80CC2400800080
(1675525890.867531) vcan0 0E0#627101D00080A200
(1675525890.868941) vcan0 288#F9DF00FF00000080
(1675525890.870501) vcan0 010#000000002FB031F8
(1675525890.872063) vcan0 072#F000FF3F0078A038
(1675525890.872146) vcan0 1D0#0000000000000061
(1675525890.872239) vcan0 1B0#00C0000000B000EC
(1675525890.872322) vcan0 1B5#FF00000000E0FFEF
(1675525890.872406) vcan0 125#E52780E5C1D0D734
(1675525890.872491) vcan0 1D8#363339343234D443
(1675525890.872575) vcan0 1E0#0000FBC180BD17E0
(1675525890.872657) vcan0 2C3#4F9E00FFFF005450
(1675525890.874999) vcan0 055#BDF7FF27B2009C80
(1675525890.875083) vcan0 065#63E307E8008E0502
(1675525890.875167) vcan0 070#000040A800E25B00
(1675525890.875246) vcan0 075#0000000000005458
(1675525890.875331) vcan0 080#FF4F8000C2002C00
(1675525890.875415) vcan0 0B0#61838AA200C261A3
(1675525890.875499) vcan0 145#FDA2D586FCC810A1
(1675525890.876441) vcan0 008#1B80DC1400800080
(1675525890.878002) vcan0 260#D0FF005549EA85B0
(1675525890.879490) vcan0 010#000000002FB031F8
(1675525890.879583) vcan0 291#0000000000000000
(1675525890.879666) vcan0 2A9#8C26009BC0000084
(1675525890.880994) vcan0 0F5#008000807F676200
(1675525890.882481) vcan0 120#008000807FF55589
(1675525890.882565) vcan0 130#CFFF1D000063FF11
(1675525890.882649) vcan0 150#0000FE9703F863C0
(1675525890.882736) vcan0 290#0000000000000000
(1675525890.883991) vcan0 072#F000FF3F00788038
(1675525890.885478) vcan0 008#1B80EC0400800080
(1675525890.886964) vcan0 0E0#627101D800808200
(1675525890.889692) vcan0 010#000000002FB031F8
(1675525890.891103) vcan0 1D0#0000000000000061
(1675525890.891187) vcan0 210#ACE080A0A969A44D
(1675525890.894069) vcan0 1B0#00C0000000B000EC
(1675525890.894153) vcan0 1B5#FF00000000E0FFEF
(1675525890.894238) vcan0 125#E52780E5C1D0D734
(1675525890.894335) vcan0 1D8#363339343234D443
(1675525890.894417) vcan0 1E0#0004EBC180BD17E0
(1675525890.894502) vcan0 288#F9DF00FF00000080
(1675525890.894586) vcan0 055#BDF7FF27B2009C80
(1675525890.894669) vcan0 065#61E307E8008E0502
(1675525890.894753) vcan0 070#000040A800E25B00
(1675525890.894838) vcan0 075#0000000000005458
(1675525890.894920) vcan0 080#FF4F8000C2002C00
(1675525890.895003) vcan0 0B0#61838AA200C261A3
(1675525890.895088) vcan0 145#FD92D686FCC810A1
(1675525890.895170) vcan0 28C#00002000002CBE93
(1675525890.895569) vcan0 2B5#4B313C6293A64F40
(1675525890.897055) vcan0 008#1B80FCF400800080
(1675525890.898616) vcan0 010#000000002FB031F8
(1675525890.900102) vcan0 072#F000FF3F0078A038
(1675525890.900196) vcan0 330#0000000000000000
(1675525890.901614) vcan0 0F5#008000807F6B5200
(1675525890.901697) vcan0 120#008000807FF35589
(1675525890.901782) vcan0 130#D7FF1D000053FF11
(1675525890.903112) vcan0 150#0000FEA703F853C0
(1675525890.905840) vcan0 008#1B800CE400800080
(1675525890.907380) vcan0 0E0#627101E000806200
(1675525890.908867) vcan0 260#D0FF005549EA85B0
(1675525890.908952) vcan0 010#000000002FB031F8
(1675525890.910360) vcan0 1D0#0000000000000061
(1675525890.910443) vcan0 291#0000000000000000
(1675525890.911853) vcan0 1B0#00C0000000B000EC
(1675525890.911938) vcan0 1B5#FF00000000E0FFEF
(1675525890.912021) vcan0 125#E52780E5C1D0D734
(1675525890.912106) vcan0 1D8#363339343234D443
(1675525890.912189) vcan0 1E0#0004EB8180BD17E0
(1675525890.914841) vcan0 2C3#4F9E00FFFF005450
(1675525890.914937) vcan0 055#BDF7FF27B2009C80
(1675525890.915021) vcan0 065#5FE307E8FE8D0502
(1675525890.915107) vcan0 070#000040A800E25B00
(1675525890.915190) vcan0 075#0000000000005458
(1675525890.915274) vcan0 080#FF4F8000C2002C00
(1675525890.915359) vcan0 072#F000FF3F00788038
(1675525890.915441) vcan0 0B0#618389A200C261A3
(1675525890.915525) vcan0 145#FD82D786FCC810A1
(1675525890.915609) vcan0 210#ACE08020A969A445
(1675525890.915693) vcan0 290#0000000000000000
(1675525890.915776) vcan0 2C0#4F9E00130F00A0F1
(1675525890.916328) vcan0 2C5#00DF240063E30070
(1675525890.916412) vcan0 3C8#4F9E008E882C008E
(1675525890.916496) vcan0 008#1B801CD400800080
(1675525890.917851) vcan0 288#02E000FF00000080
(1675525890.919338) vcan0 010#000000002FB031F8
(1675525890.919433) vcan0 2A9#8C260082C0000084
(1675525890.920841) vcan0 0F5#008000807F6F4200
(1675525890.922325) vcan0 120#008000807FF35589
(1675525890.922408) vcan0 130#DFFF1D000043FF11
(1675525890.922492) vcan0 150#000000B803F843C0
(1675525890.923820) vcan0 360#4F9E00C7C35AA001
(1675525890.926564) vcan0 008#1B802CC400800080
(1675525890.927977) vcan0 0E0#627101E800804200
(1675525890.929460) vcan0 010#000000002FB031F9
(1675525890.929545) vcan0 072#F000FF3F0078A038
(1675525890.930947) vcan0 1D0#0000000000000A61
(1675525890.931030) vcan0 390#80FF05000236526F
(1675525890.931116) vcan0 1B0#00C0000000B000EC
(1675525890.933941) vcan0 1B5#FF00000000E0FFEF
(1675525890.934025) vcan0 125#E52780E5C1D0D734
(1675525890.934112) vcan0 1D8#363339343234D443
(1675525890.934204) vcan0 1E0#0008DBC180BD17E0
(1675525890.934289) vcan0 055#BDF7FF27B2009C80
(1675525890.934371) vcan0 065#61E307E8008E0502
(1675525890.934455) vcan0 070#000040A800E25B00
(1675525890.934538) vcan0 075#0000000000005458
(1675525890.934622) vcan0 080#FF4F8000C2002C00
(1675525890.934706) vcan0 0B0#618389A200C261A3
(1675525890.934789) vcan0 145#FD72D886FCC810A1
(1675525890.934873) vcan0 28C#00002000002CBE93
(1675525890.935501) vcan0 2B5#4B313C6293A64F41
(1675525890.935585) vcan0 340#4400000000000000
(1675525890.936993) vcan0 008#1B803CB400800080
(1675525890.938502) vcan0 260#D0FF005549EA85B0
(1675525890.939989) vcan0 350#A200000000000080
(1675525890.940073) vcan0 010#000000002FB031F8
(1675525890.940157) vcan0 210#ACE080A0A969A34D
(1675525890.940250) vcan0 291#0000000000000000
(1675525890.940333) vcan0 3D0#8A0F6100641B80C3
(1675525890.941431) vcan0 0F5#008000807F733200
(1675525890.941514) vcan0 120#008000807FF25589
(1675525890.941599) vcan0 130#E7FF1D000033FF11
(1675525890.942951) vcan0 150#0000FEC703F833C0
(1675525890.943033) vcan0 288#F9DF00FF00000080
(1675525890.943117) vcan0 290#0000000000000000
(1675525890.944446) vcan0 072#F000FF3F00788038
(1675525890.945991) vcan0 008#1B804CA400800080
(1675525890.947458) vcan0 0E0#627101F000802200
(1675525890.948942) vcan0 010#000000002FB031F8
(1675525890.950434) vcan0 1D0#0000000000000061
(1675525890.951994) vcan0 1B0#00C0000000B000EC
(1675525890.952078) vcan0 1B5#FF00000000E0FFEF
(1675525890.952161) vcan0 125#E52780E5C1D0D734
(1675525890.952254) vcan0 1D8#363339343234D443
(1675525890.952337) vcan0 1E0#000CCBC180BD17E0
(1675525890.954989) vcan0 2C3#4F9E00FFFF005450
(1675525890.955074) vcan0 055#BDF7FF27B2009C80
(1675525890.955156) vcan0 065#61E308E8018E0502
(1675525890.955240) vcan0 070#000040A800E25B00
(1675525890.955324) vcan0 075#0000000000005458
(1675525890.955408) vcan0 080#FF4F8000C2002C00
(1675525890.955493) vcan0 0B0#618389A200C261A3
(1675525890.955575) vcan0 145#FD62D986FCC810A1
(1675525890.955658) vcan0 370#072CC0134B03CF00
(1675525890.956444) vcan0 008#1B805C9400800080
(1675525890.959253) vcan0 010#000000002FB031F8
(1675525890.960741) vcan0 072#F000FF3F0078A038
(1675525890.960824) vcan0 2A9#8C26009BC0000084
(1675525890.962235) vcan0 0F5#008000807F772200
(1675525890.962331) vcan0 120#008000807FF25589
(1675525890.962415) vcan0 130#EFFF1D000023FF11
(1675525890.962497) vcan0 150#000000D803F823C0
(1675525890.964916) vcan0 210#ABE080A0A969A345
(1675525890.966321) vcan0 008#1B806C8400800080
(1675525890.967820) vcan0 0E0#627101F800800200
(1675525890.967904) vcan0 288#F9DF10EF00000080
(1675525890.967989) vcan0 260#D0FF00AA49EA85B0
(1675525890.969317) vcan0 010#000000002FB031F8
(1675525890.969402) vcan0 1D0#0000000000000061
(1675525890.969487) vcan0 291#0000000000000000
(1675525890.970817) vcan0 1B0#00C0000000B000EC
(1675525890.972381) vcan0 1B5#FF00000000E0FFEF
(1675525890.972464) vcan0 125#E52780E5C1D0D734
(1675525890.972549) vcan0 1D8#363339343234D443
(1675525890.972633) vcan0 1E0#000CCB8180BD17E0
(1675525890.972738) vcan0 055#BDF7FF27B2009C80
(1675525890.975318) vcan0 065#62E307E8008E0502
(1675525890.975401) vcan0 070#000040A800E25B00
(1675525890.975487) vcan0 075#0000000000005458
(1675525890.975570) vcan0 080#FF4F8000C2002C00
(1675525890.975653) vcan0 0B0#618389A200C261A3
(1675525890.975739) vcan0 072#F000FF3F00788038
(1675525890.975822) vcan0 145#FD52DA86FCC810A1
(1675525890.975906) vcan0 28C#00002000002CBE93
(1675525890.975990) vcan0 290#0000000000000000
(1675525890.976072) vcan0 2B5#4B313C6293A64F41
(1675525890.976156) vcan0 2C0#4F9E00110F00A0F1
(1675525890.976241) vcan0 2C5#00DF240062E30070
(1675525890.976871) vcan0 3AF#0000000000000020
(1675525890.976955) vcan0 3B0#00D87F3871C0C400
(1675525890.977037) vcan0 008#1B807C7400800080
(1675525890.979546) vcan0 010#000000002FB031F8
(1675525890.980870) vcan0 330#0000000000000000
(1675525890.982356) vcan0 0F5#008000807F7B1200
(1675525890.982438) vcan0 120#008000807FF35589
(1675525890.982525) vcan0 130#F7FF1D000013FF11
(1675525890.982610) vcan0 150#0000FEE703F813C0
(1675525890.982694) vcan0 3CA#00000000400000C8
(1675525890.986277) vcan0 008#1B808C6400800080
(1675525890.987611) vcan0 0E0#627101C00080E200
(1675525890.989101) vcan0 010#000000002FB031F8
(1675525890.990581) vcan0 072#F000FF3F0078A038
(1675525890.990664) vcan0 1D0#0000000000000061
(1675525890.990748) vcan0 210#ABE080A0A969A445
(1675525890.992250) vcan0 1B0#00C0000000B000EC
(1675525890.992334) vcan0 1B5#FF00000000E0FFEF
(1675525890.992416) vcan0 125#E52780E5C1D0D734
(1675525890.992520) vcan0 1D8#363339343234D443
(1675525890.992606) vcan0 1E0#0010BBC180BD17E0
(1675525890.992689) vcan0 288#FEDF10EF00000080
(1675525890.992772) vcan0 055#BDF7FF27B2009C80
(1675525890.995114) vcan0 065#64E307E8028E0502
(1675525890.995198) vcan0 070#000040A800E25B00
(1675525890.995281) vcan0 075#0000000000005458
(1675525890.995366) vcan0 080#FE4F8000C2002C00
(1675525890.995450) vcan0 0B0#61838AA200C261A3
(1675525890.995533) vcan0 145#FD42DB86FCC810A1
(1675525890.995618) vcan0 2C3#4F9E00FFFF005450
(1675525890.996560) vcan0 008#1B809C5400800080
(1675525890.998130) vcan0 260#D0FF00AA49EA85B0
(1675525890.999614) vcan0 010#000000002FB031F8
(1675525890.999699) vcan0 291#0000000000000000
(1675525890.999783) vcan0 2A9#8C260082C0000084
(1675525891.001059) vcan0 0F5#008000807F7F0200
(1675525891.002619) vcan0 120#008000807FF55589
(1675525891.002702) vcan0 130#FFFF1D000003FF11
(1675525891.002786) vcan0 150#0000FFF703F803C0
(1675525891.002870) vcan0 290#0000000000000000
(1675525891.004119) vcan0 072#F000FF3F00788038
(1675525891.005605) vcan0 008#1B80AC4400800080
(1675525891.007087) vcan0 0E0#627101C80080C200
(1675525891.008620) vcan0 010#000000002FB031F9
(1675525891.010107) vcan0 1D0#0000000000000A61
(1675525891.011591) vcan0 1B0#00C0000000B000EC
(1675525891.011678) vcan0 1B5#FF00000000E0FFEF
(1675525891.011762) vcan0 125#E52780E5C1D0D734
(1675525891.014567) vcan0 1D8#363339343234D443
(1675525891.014651) vcan0 1E0#0014ABC180BD17E0
(1675525891.014736) vcan0 055#BDF7FF27B2009C80
(1675525891.014829) vcan0 065#64E307E8008E0402
(1675525891.014914) vcan0 070#000040A800E25B00
(1675525891.014997) vcan0 075#0000000000005458
(1675525891.015079) vcan0 080#FE4F8000C2002C00
(1675525891.015164) vcan0 0B0#61838AA200C261A3
(1675525891.015247) vcan0 145#FD32DC86FCC810A1
(1675525891.015331) vcan0 210#ABE080A0A969A44D
(1675525891.015413) vcan0 28C#00002000002CBE93
(1675525891.015497) vcan0 2B5#4B313C6293A64F40
(1675525891.016129) vcan0 340#4400000000000000
(1675525891.016213) vcan0 008#1B80BC3400800080
(1675525891.017618) vcan0 288#F9DF10EF00000080
(1675525891.019107) vcan0 010#000000002FB031F8
(1675525891.020590) vcan0 072#F000FF3F0078A038
(1675525891.022073) vcan0 0F5#008000807F43F200
(1675525891.022157) vcan0 120#008000807FF55589
(1675525891.022248) vcan0 130#87FF1D0000F3FF11
(1675525891.022333) vcan0 150#0000FC0703F8F3C0
(1675525891.023582) vcan0 360#4F9E00C7C35AA001
(1675525891.026329) vcan0 008#1B80CC2400800080
(1675525891.027590) vcan0 0E0#627101D00080A200
(1675525891.029073) vcan0 260#D0FF00AA49EA85B0
(1675525891.029186) vcan0 350#A200000000000080
(1675525891.029242) vcan0 010#000000002FB031F8
(1675525891.030570) vcan0 1D0#0000000000000061
(1675525891.030654) vcan0 291#0000000000000000
(1675525891.030739) vcan0 390#80FF05000232534F
(1675525891.033634) vcan0 1B0#00C0000000B000EC
(1675525891.033718) vcan0 1B5#FF00000000E0FFEF
(1675525891.033803) vcan0 125#E52780E5C1D0D734
(1675525891.033886) vcan0 1D8#363339343234D443
(1675525891.033970) vcan0 1E0#0014AB8180BD17E0
(1675525891.034063) vcan0 2C3#4F9E00FFFF005450
(1675525891.034148) vcan0 055#BDF7FF27B2009C80
(1675525891.034232) vcan0 065#62E306E8008E0402
(1675525891.034316) vcan0 070#000040A800E25B00
(1675525891.034400) vcan0 075#0000000000005458
(1675525891.034485) vcan0 080#FF4F8000C2002C00
(1675525891.034568) vcan0 0B0#61838AA200C261A3
(1675525891.035198) vcan0 072#F000FF3F00788038
(1675525891.035282) vcan0 145#FD22DD86FCC810A1
(1675525891.035367) vcan0 290#0000000000000000
(1675525891.035450) vcan0 2C0#4F9E00120F00A0F1
(1675525891.035535) vcan0 2C5#00DF240063E30070
(1675525891.035617) vcan0 3C8#4F9E008E882C008E
(1675525891.036715) vcan0 008#1B80DC1400800080
(1675525891.039371) vcan0 010#000000002FB031F8
(1675525891.040697) vcan0 210#ABE080A0A969A445
(1675525891.040790) vcan0 2A9#8C26008AC0000084
(1675525891.042194) vcan0 0F5#008000807F47E200
(1675525891.042278) vcan0 120#008000807FF25589
(1675525891.042362) vcan0 130#8FFF1D0000E3FF11
(1675525891.042446) vcan0 150#0000001803F8E3C0
(1675525891.042530) vcan0 288#F9DF10EF00000080
(1675525891.046349) vcan0 008#1B80EC0400800080
(1675525891.046432) vcan0 0E0#627101D800808200
(1675525891.049075) vcan0 010#000000002FB031F8
(1675525891.050581) vcan0 072#F000FF3F0078A038
(1675525891.050664) vcan0 1D0#0000000000000061
(1675525891.052067) vcan0 1B0#00C0000000B000EC
(1675525891.052152) vcan0 1B5#FF00000000E0FFEF
(1675525891.052238) vcan0 125#E52780E5C1D0D734
(1675525891.052320) vcan0 1D8#363339343234D443
(1675525891.052405) vcan0 1E0#00189BC180BD17E0
(1675525891.055065) vcan0 055#BEF7FF27B2009C80
(1675525891.055150) vcan0 065#60E307E8FE8D0502
(1675525891.055234) vcan0 070#000040A800E25B00
(1675525891.055318) vcan0 075#0000000000005458
(1675525891.055402) vcan0 080#FF4F8000C2002C00
(1675525891.055487) vcan0 0B0#61838AA200C261A3
(1675525891.055569) vcan0 145#FD12DE86FCC810A1
(1675525891.055654) vcan0 28C#00002000002CBE93
(1675525891.055739) vcan0 2B5#4B313B6293A64F40
(1675525891.055821) vcan0 370#072CC0134B03CF00
(1675525891.056610) vcan0 008#1B80FCF400800080
(1675525891.058075) vcan0 260#D0FF00AA49EA85B0
(1675525891.059568) vcan0 010#000000002FB031F8
(1675525891.061054) vcan0 291#0000000000000000
(1675525891.061139) vcan0 330#0000000000000000
(1675525891.061223) vcan0 0F5#008000807F4BD200
(1675525891.062562) vcan0 120#008000807FF45589
(1675525891.062645) vcan0 130#97FF1D0000D3FF11
(1675525891.062731) vcan0 150#0000FE2703F8D3C0
(1675525891.062816) vcan0 290#0000000000000000
(1675525891.064069) vcan0 072#F000FF3F00788038
(1675525891.065632) vcan0 210#ABE08020A969A44D
(1675525891.067133) vcan0 008#1B800CE400800080
(1675525891.067222) vcan0 0E0#627101E000806200
(1675525891.068626) vcan0 288#F5DF20DF00000080
(1675525891.070109) vcan0 010#000000002FB031F8
(1675525891.070193) vcan0 1D0#0000000000000061
(1675525891.071602) vcan0 1B0#00C0000000B000EC
(1675525891.071686) vcan0 1B5#FF00000000E0FFEF
(1675525891.071770) vcan0 125#E52780E5C1D0D734
(1675525891.074577) vcan0 1D8#363339343234D443
(1675525891.074661) vcan0 1E0#001C8BC180BD17E0
(1675525891.074753) vcan0 2C3#4F9E00FFFF005450
(1675525891.074837) vcan0 055#BEF7FF27B2009C80
(1675525891.074919) vcan0 065#61E307E8008E0502
(1675525891.075004) vcan0 070#000040A800E25B00
(1675525891.075088) vcan0 075#0000000000005458
(1675525891.075172) vcan0 080#FF4F8000C2002C00
(1675525891.075254) vcan0 0B0#618389A200C261A3
(1675525891.075338) vcan0 145#FD02DF86FCC810A1
(1675525891.076120) vcan0 008#1B801CD400800080
(1675525891.078852) vcan0 010#000000002FB031F8
(1675525891.080336) vcan0 072#F000FF3F0078A038
(1675525891.080418) vcan0 2A9#8C260093C0000084
(1675525891.081822) vcan0 0F5#008000807F4FC200
(1675525891.081906) vcan0 120#008000807FF25589
(1675525891.081991) vcan0 130#9FFF1D0000C3FF11
(1675525891.082074) vcan0 150#0000FD3703F8C3C0
(1675525891.085822) vcan0 008#1B802CC400800080
(1675525891.087408) vcan0 0E0#627101E800804200
(1675525891.088867) vcan0 260#D0FF005549EA85B0
(1675525891.090354) vcan0 010#000000002FB031F9
(1675525891.090436) vcan0 1D0#0000000000000A61
(1675525891.090521) vcan0 210#ABE080A0A969A44D
(1675525891.090605) vcan0 291#0000000000000000
(1675525891.091871) vcan0 1B0#00C0000000B000EC
(1675525891.091954) vcan0 1B5#FF00000000E0FFEF
(1675525891.092038) vcan0 125#E52780E5C1D0D734
(1675525891.092123) vcan0 1D8#363339343234D443
(1675525891.092206) vcan0 1E0#001C8B8180BD17E0
(1675525891.094862) vcan0 288#F5DF20DF00000080
(1675525891.094946) vcan0 055#BEF7FF27B2009C80
(1675525891.095030) vcan0 065#62E307E8008E0502
(1675525891.095113) vcan0 070#000040A800E25B00
(1675525891.095208) vcan0 075#0000000000005458
(1675525891.095292) vcan0 080#FF4F8000C2002C00
(1675525891.095376) vcan0 0B0#61838AA200C261A3
(1675525891.095458) vcan0 072#F000FF3F00788038
(1675525891.095542) vcan0 145#FDF2D086FCC810A1
(1675525891.095627) vcan0 28C#00002000002CBE93
(1675525891.095727) vcan0 290#0000000000000000
(1675525891.095793) vcan0 2B5#4B323B6293A65041
(1675525891.096502) vcan0 2C0#4F9E00130F00A0F1
(1675525891.096586) vcan0 2C5#00DF240062E30070
(1675525891.096669) vcan0 340#4400000000000000
(1675525891.096753) vcan0 3AF#0000000000000020
(1675525891.096837) vcan0 008#1B803CB400800080
(1675525891.096920) vcan0 3B0#00D87F3871C0C402
(1675525891.099174) vcan0 010#000000002FB031F8
(1675525891.101833) vcan0 400#0100000000000015
(1675525891.101931) vcan0 405#D507BFEE581B6701
(1675525891.102014) vcan0 0F5#008000807F53B200
(1675525891.102099) vcan0 120#008000807FF35589
(1675525891.102184) vcan0 130#A7FD1D0000B3FF11
(1675525891.102267) vcan0 150#0000FD4703F8B3C0
(1675525891.103368) vcan0 3CA#00000000510000C8
(1675525891.106016) vcan0 008#1B804CA400800080
(1675525891.107356) vcan0 0E0#627101F000802200
(1675525891.108841) vcan0 010#000000002FB031F8
(1675525891.110324) vcan0 072#F000FF3F0078A038
(1675525891.110406) vcan0 1D0#0000000000000061
(1675525891.111817) vcan0 1B0#00C0000000B000EC
(1675525891.111900) vcan0 1B5#FF00000000E0FFEF
(1675525891.111986) vcan0 125#E52780E5C1D0D734
(1675525891.112070) vcan0 1D8#363339343234D443
(1675525891.112153) vcan0 1E0#00207BC180BD17E0
(1675525891.114828) vcan0 2C3#4F9E00FFFF005450
(1675525891.114912) vcan0 055#BDF7FF27B2009C80
(1675525891.114995) vcan0 065#62E307E8008E0502
(1675525891.115079) vcan0 070#000040A800E25B00
(1675525891.115163) vcan0 075#0000000000005458
(1675525891.115248) vcan0 080#FF4F8000C2002C00
(1675525891.115330) vcan0 0B0#61838AA200C261A3
(1675525891.115413) vcan0 145#FDE2D186FCC810A1
(1675525891.115496) vcan0 210#ABE080A0A969A445
(1675525891.116362) vcan0 008#1B805C9400800080
(1675525891.117849) vcan0 288#02E020DF00000080
(1675525891.119332) vcan0 260#D0FF005549EA85B0
(1675525891.119415) vcan0 350#A200000000000080
(1675525891.119499) vcan0 010#000000002FB031F8
(1675525891.119584) vcan0 291#0000000000000000
(1675525891.120835) vcan0 2A9#8C26008AC0000084
(1675525891.122328) vcan0 0F5#008000807F57A200
(1675525891.122412) vcan0 120#008000807FF45589
(1675525891.122495) vcan0 130#AFFD1D0000A3FF11
(1675525891.122578) vcan0 150#0000005803F8A3C0
(1675525891.123828) vcan0 290#0000000000000000
(1675525891.123912) vcan0 072#F000FF3F00788038
(1675525891.125318) vcan0 360#4F9E00C7C35AA001
(1675525891.126879) vcan0 008#1B806C8400800080
(1675525891.126963) vcan0 0E0#627101F800800200
(1675525891.129544) vcan0 010#000000002FB031F8
(1675525891.130872) vcan0 1D0#0000000000000061
(1675525891.130955) vcan0 390#80FF0500022E544F
(1675525891.133855) vcan0 1B0#00C0000000B000EC
(1675525891.133939) vcan0 1B5#FF00000000E0FFEF
(1675525891.134022) vcan0 125#E52780E5C1D0D734
(1675525891.134108) vcan0 1D8#363339343234D543
(1675525891.134201) vcan0 1E0#00246BC180BD17E0
(1675525891.134285) vcan0 055#BDF7FF27B2009C80
(1675525891.134366) vcan0 065#63E307E8008E0502
(1675525891.134452) vcan0 070#000040A800E25B00
(1675525891.134534) vcan0 075#0000000000005458
(1675525891.134619) vcan0 080#FF4F8000C2002C00
(1675525891.134703) vcan0 0B0#61838AA200C261A3
(1675525891.134785) vcan0 145#FDD2D286FCC810A1
(1675525891.135340) vcan0 28C#00002000002CBE93
(1675525891.135426) vcan0 2B5#4B323B6293A64F40
(1675525891.136836) vcan0 008#1B807C7400800080
(1675525891.139553) vcan0 010#000000002FB031F8
(1675525891.140882) vcan0 072#F000FF3F0078A038
(1675525891.140967) vcan0 210#ABE080A0A969A44D
(1675525891.141052) vcan0 330#0000000000000000
(1675525891.141136) vcan0 3D0#8A0F6100641B80C3
(1675525891.142338) vcan0 0F5#008000807F5B9200
(1675525891.142422) vcan0 120#008000807FF45589
(1675525891.142507) vcan0 130#B7FD1D000093FF11
(1675525891.142588) vcan0 150#0000FF6703F893C0
(1675525891.142672) vcan0 288#02E020DF00000080
(1675525891.146253) vcan0 008#1B808C6400800080
(1675525891.147591) vcan0 0E0#627101C00080E200
(1675525891.149073) vcan0 260#D0FF005549EA85B0
(1675525891.149156) vcan0 010#000000002FB031F8
(1675525891.150586) vcan0 1D0#0000000000000061
(1675525891.150670) vcan0 291#0000000000000000
(1675525891.153631) vcan0 1B0#00C0000000B000EC
(1675525891.153714) vcan0 1B5#FF00000000E0FFEF
(1675525891.153798) vcan0 125#E52780E5C1D0D734
(1675525891.153957) vcan0 1D8#363339343234D543
(1675525891.153966) vcan0 1E0#00246B8180BD17E0
(1675525891.154062) vcan0 2C3#4F9E00FFFF005450
(1675525891.154145) vcan0 055#BEF7FF27B2009C80
(1675525891.154230) vcan0 065#64E307E8008E0502
(1675525891.154313) vcan0 070#000040A800E25B00
(1675525891.154397) vcan0 075#0000000000005458
(1675525891.154482) vcan0 080#FF4F8000C2002C00
(1675525891.154564) vcan0 0B0#61838AA200C261A3
(1675525891.156599) vcan0 145#FDC2D386FCC810A1
(1675525891.156683) vcan0 290#0000000000000000
(1675525891.156767) vcan0 2C0#4F9E00130F00A0F1
(1675525891.156852) vcan0 072#F000FF3F00788038
(1675525891.156936) vcan0 2C5#00DF240063E30070
(1675525891.157019) vcan0 370#072CC0134B03CF00
(1675525891.157105) vcan0 3C8#4F9E008E882C008E
(1675525891.157196) vcan0 3E0#000000D935808093
(1675525891.157279) vcan0 008#1B809C5400800080
(1675525891.159319) vcan0 010#000000002FB031F8
(1675525891.160880) vcan0 2A9#8C260093C0000084
(1675525891.162361) vcan0 0F5#008000807F5F8200
(1675525891.162445) vcan0 120#008000807FF35589
(1675525891.162528) vcan0 130#BFFD1D000083FF11
(1675525891.162614) vcan0 150#0000027803F883C0
(1675525891.165028) vcan0 210#ABE080A0A969A445
(1675525891.166358) vcan0 008#1B80AC4400800080
(1675525891.167849) vcan0 0E0#627101C80080C200
(1675525891.167934) vcan0 288#02E030CF00000080
(1675525891.169341) vcan0 010#000000002FB031F9
(1675525891.169426) vcan0 072#F000FF3F0078A038
(1675525891.169510) vcan0 1D0#0000000000000A61
(1675525891.170841) vcan0 1B0#00C0000000B000EC
(1675525891.172324) vcan0 1B5#FF00000000E0FFEF
(1675525891.172409) vcan0 125#E52780E5C1D0D734
(1675525891.172503) vcan0 1D8#363339343234D543
(1675525891.172587) vcan0 1E0#00285BC180BD17E0
(1675525891.172671) vcan0 055#BEF7FF27B2009C80
(1675525891.174000) vcan0 065#62E307E8008E0402
(1675525891.174084) vcan0 070#000040A800E25B00
(1675525891.174167) vcan0 075#0000000000005458
(1675525891.174251) vcan0 080#FF4F8000C2002C00
(1675525891.174335) vcan0 0B0#61838AA200C261A3
(1675525891.174418) vcan0 145#FDB2D486FCC810A1
(1675525891.174500) vcan0 28C#00002000002CBE93
(1675525891.174585) vcan0 2B5#4B323B6293A64F40
(1675525891.175446) vcan0 340#4400000000000000
(1675525891.175688) vcan0 008#1B80BC3400800080
(1675525891.178389) vcan0 260#D0FF00AA49EA85B0
(1675525891.181117) vcan0 010#000000002FB031F8
(1675525891.181201) vcan0 291#0000000000000000
(1675525891.181294) vcan0 0F5#008000807F637200
(1675525891.181378) vcan0 120#008000807FF45589
(1675525891.182632) vcan0 130#C7FD1D000073FF11
(1675525891.182717) vcan0 150#0000008803F873C0
(1675525891.182802) vcan0 290#0000000000000000
(1675525891.184055) vcan0 072#F000FF3F00788038
(1675525891.185618) vcan0 008#1B80CC2400800080
(1675525891.187107) vcan0 0E0#627101D00080A200
(1675525891.188592) vcan0 010#000000002FB031F8
(1675525891.190080) vcan0 1D0#0000000000000061
(1675525891.190163) vcan0 210#ABE080A0A969A345
(1675525891.191568) vcan0 1B0#00C0000000B000EC
(1675525891.191652) vcan0 1B5#FF00000000E0FFEF
(1675525891.191736) vcan0 125#E52780E5C1D0D734
(1675525891.191821) vcan0 1D8#363339343234D543
(1675525891.194630) vcan0 1E0#002C4BC180BD17E0
(1675525891.194725) vcan0 2C3#4F9E00FFFF005450
(1675525891.194809) vcan0 288#FEDF30CF00000080
(1675525891.194892) vcan0 055#BEF7FF27B2009C80
(1675525891.194977) vcan0 065#60E307E8FE8D0502
(1675525891.195059) vcan0 070#000040A800E25B00
(1675525891.195143) vcan0 075#0000000000005458
(1675525891.195228) vcan0 080#FF4F8000C2002C00
(1675525891.195311) vcan0 0B0#61838AA200C261A3
(1675525891.195396) vcan0 145#FDA2D586FCC810A1
(1675525891.196108) vcan0 008#1B80DC1400800080
(1675525891.198837) vcan0 010#000000002FB031F8
(1675525891.200319) vcan0 072#F000FF3F0078A038
(1675525891.200403) vcan0 2A9#8C26008AC0000084
(1675525891.201809) vcan0 0F5#008000807F676200
(1675525891.201893) vcan0 120#008000807FF25589
(1675525891.201978) vcan0 130#CFFD1D000063FF11
(1675525891.202070) vcan0 150#0000FF9703F863C0
(1675525891.205807) vcan0 008#1B80EC0400800080
(1675525891.207371) vcan0 0E0#627101D800808200
(1675525891.208857) vcan0 260#D0FF00AA49EA85B0
(1675525891.208941) vcan0 010#000000002FB031F8
(1675525891.210352) vcan0 1D0#0000000000000061
(1675525891.210435) vcan0 291#0000000000000000
(1675525891.210519) vcan0 350#A200000000000080
(1675525891.211853) vcan0 1B0#00C0000000B000EC
(1675525891.211937) vcan0 1B5#FF00000000E0FFEF
(1675525891.212021) vcan0 125#E52780E5C1D0D734
(1675525891.212188) vcan0 1D8#363339343234D543
(1675525891.212193) vcan0 1E0#002C4B8180BD17E0
(1675525891.214842) vcan0 055#BEF7FF27B2009C80
(1675525891.214929) vcan0 065#61E307E8008E0502
(1675525891.215013) vcan0 070#000040A800E25B00
(1675525891.215105) vcan0 075#0000000000005458
(1675525891.215189) vcan0 080#FF4F8000C2002C00
(1675525891.215273) vcan0 0B0#61838AA200C261A3
(1675525891.215357) vcan0 072#F000FF3F00788038
(1675525891.215441) vcan0 145#FD92D686FCC810A1
(1675525891.215523) vcan0 210#ABE08020A969A34D
(1675525891.215607) vcan0 28C#00002000002CBE93
(1675525891.215690) vcan0 290#0000000000000000
(1675525891.216480) vcan0 2B5#4B323B6293A64F40
(1675525891.216564) vcan0 2C0#4F9E00120F00A0F1
(1675525891.216646) vcan0 2C5#00DF240062E30070
(1675525891.216731) vcan0 3AF#0000000000000020
(1675525891.216815) vcan0 3B0#00D87F3871C0C400
(1675525891.216900) vcan0 008#1B80FCF400800080
(1675525891.219316) vcan0 288#F9DF30CF00000080
(1675525891.219400) vcan0 010#000000002FB031F8
(1675525891.219494) vcan0 330#0000000000000000
(1675525891.220821) vcan0 0F5#008000807F6B5200
(1675525891.222382) vcan0 120#008000807FF25589
(1675525891.222464) vcan0 130#D7FD1D000053FF11
(1675525891.222550) vcan0 150#0000FEA703F853C0
(1675525891.222634) vcan0 3CA#00000000520000C8
(1675525891.223808) vcan0 360#4F9E00C7C35AA001
(1675525891.226531) vcan0 008#1B800CE400800080
(1675525891.227843) vcan0 0E0#627101E000806200
(1675525891.229324) vcan0 010#000000002FB031F8
(1675525891.229407) vcan0 072#F000FF3F0078A038
(1675525891.229491) vcan0 1D0#0000000000000061
(1675525891.230817) vcan0 390#80FF0500022A554F
(1675525891.232458) vcan0 1B0#00C0000000B000EC
(1675525891.232542) vcan0 1B5#FF00000000E0FFEF
(1675525891.232625) vcan0 125#E52780E5C1D0D734
(1675525891.232717) vcan0 1D8#363339343234D543
(1675525891.232802) vcan0 1E0#00303BC180BD17E0
(1675525891.232886) vcan0 2C3#4F9E00FFFF005450
(1675525891.232970) vcan0 055#BEF7FF27B2009C80
(1675525891.233056) vcan0 065#61E307E8008E0502
(1675525891.233994) vcan0 070#000040A800E25B00
(1675525891.234078) vcan0 075#0000000000005458
(1675525891.234161) vcan0 080#FF4F8000C2002C00
(1675525891.234246) vcan0 0B0#61838AA200C261A3
(1675525891.234328) vcan0 145#FD82D786FCC810A1
(1675525891.235504) vcan0 008#1B801CD400800080
(1675525891.238155) vcan0 260#D0FF00AA49EA85B0
(1675525891.240807) vcan0 010#000000002FB031F8
(1675525891.240891) vcan0 210#ABE080A0A969A445
(1675525891.240975) vcan0 291#0000000000000000
(1675525891.241059) vcan0 2A9#8C260082C0000084
(1675525891.241152) vcan0 0F5#008000807F6F4200
(1675525891.242324) vcan0 120#008000807FF25589
(1675525891.242408) vcan0 130#DFFD1D000043FF11
(1675525891.242492) vcan0 150#000000B803F843C0
(1675525891.242576) vcan0 288#FEDF30CF00000080
(1675525891.243825) vcan0 290#0000000000000000
(1675525891.243909) vcan0 072#F000FF3F00788038
(1675525891.246479) vcan0 008#1B802CC400800080
(1675525891.247831) vcan0 0E0#627101E800804200
(1675525891.249313) vcan0 010#000000002FB031F9
(1675525891.249442) vcan0 1D0#0000000000000A61
(1675525891.250878) vcan0 1B0#00C0000000B000EC
(1675525891.252364) vcan0 1B5#FF00000000E0FFEF
(1675525891.252447) vcan0 125#E52780E5C1D0D734
(1675525891.252531) vcan0 1D8#363339343234D543
(1675525891.252615) vcan0 1E0#00342BC180BD17E0
(1675525891.252721) vcan0 055#BEF7FF27B2009C80
(1675525891.255373) vcan0 065#62E307E8008E0502
(1675525891.255455) vcan0 070#000040A800E25B00
(1675525891.255540) vcan0 075#0000000000005458
(1675525891.255622) vcan0 080#FF4F8000C2002C00
(1675525891.255706) vcan0 0B0#61838AA200C261A3
(1675525891.255792) vcan0 145#FD72D886FCC810A1
(1675525891.255874) vcan0 28C#00002000002CBE93
(1675525891.255958) vcan0 2B5#4B323B6293A64F40
(1675525891.256041) vcan0 340#4400000000000000
(1675525891.256123) vcan0 370#072CC0124B03CF00
(1675525891.256831) vcan0 008#1B803CB400800080
(1675525891.259561) vcan0 010#000000002FB031F8
(1675525891.261121) vcan0 072#F000FF3F0078A038
(1675525891.261204) vcan0 0F5#008000807F733200
(1675525891.262612) vcan0 120#008000807FF35589
(1675525891.262706) vcan0 130#E7FF1D000033FF11
(1675525891.262787) vcan0 150#0000FEC703F833C0
(1675525891.264117) vcan0 210#AAE080A0A969A34D
(1675525891.265606) vcan0 008#1B804CA400800080
(1675525891.267090) vcan0 0E0#627101F000802200
(1675525891.268570) vcan0 288#02E040BF00000080
(1675525891.268654) vcan0 260#D0FF005549EB85B0
(1675525891.270060) vcan0 010#000000002FB031F8
(1675525891.270145) vcan0 1D0#0000000000000061
(1675525891.270228) vcan0 291#0000000000000000
(1675525891.271557) vcan0 1B0#00C0000000B000EC
(1675525891.271640) vcan0 1B5#FF00000000E0FFEF
(1675525891.271725) vcan0 125#E52780E5C1D0D734
(1675525891.271810) vcan0 1D8#363339343234D543
(1675525891.274616) vcan0 1E0#00342B8180BD17E0
(1675525891.274698) vcan0 2C3#4F9E00FFFF005450
(1675525891.274790) vcan0 055#BEF7FF27B2009C80
(1675525891.274874) vcan0 065#63E307E8018E0502
(1675525891.274958) vcan0 070#000040A800E25B00
(1675525891.275042) vcan0 075#0000000000005458
(1675525891.275127) vcan0 080#FF4F8000C2002C00
(1675525891.275209) vcan0 0B0#61838AA200C261A3
(1675525891.275294) vcan0 072#F000FF3F00788038
(1675525891.275377) vcan0 145#FD62D986FCC810A1
(1675525891.275461) vcan0 290#0000000000000000
(1675525891.275543) vcan0 2C0#4F9E00130F00A0F1
(1675525891.276102) vcan0 2C5#00DF240062E30070
(1675525891.276187) vcan0 3C8#4F9E008E882C008E
(1675525891.276270) vcan0 008#1B805C9400800080
(1675525891.278854) vcan0 010#000000002FB031F8
(1675525891.280337) vcan0 2A9#8C26009BC0000084
(1675525891.281818) vcan0 0F5#008000807F772200
(1675525891.281911) vcan0 120#008000807FF55589
(1675525891.281994) vcan0 130#EFFF1D000023FF11
(1675525891.282078) vcan0 150#000000D803F823C0
(1675525891.285812) vcan0 008#1B806C8400800080
(1675525891.287378) vcan0 0E0#627101F800800200
(1675525891.288862) vcan0 010#000000002FB031F8
(1675525891.290351) vcan0 072#F000FF3F0078A038
(1675525891.290433) vcan0 1D0#0000000000000061
(1675525891.290517) vcan0 210#AAE080A0A969A44D
(1675525891.291849) vcan0 1B0#00C0000000B000EC
(1675525891.291934) vcan0 1B5#FF00000000E0FFEF
(1675525891.292018) vcan0 125#E52780E5C1D0D734
(1675525891.292101) vcan0 1D8#363339343234D543
(1675525891.292185) vcan0 1E0#00381BC180BD17E0
(1675525891.294832) vcan0 288#F9DF40BF00000080
(1675525891.294916) vcan0 055#BEF7FF27B2009C80
(1675525891.295008) vcan0 065#63E307E8008E0402
(1675525891.295092) vcan0 070#000040A800E25B00
(1675525891.295176) vcan0 075#0000000000005458
(1675525891.295259) vcan0 080#FF4F8000C2002C00
(1675525891.295375) vcan0 0B0#61838AA200C261A3
(1675525891.295429) vcan0 145#FD52DA86FCC810A1
(1675525891.295511) vcan0 28C#00002000002CBE93
(1675525891.295597) vcan0 2B5#4B323B6293A64F3F
(1675525891.296307) vcan0 008#1B807C7400800080
(1675525891.297839) vcan0 260#D0FF005549EA85B0
(1675525891.299322) vcan0 350#A200000000000080
(1675525891.299406) vcan0 010#000000002FB031F8
(1675525891.299491) vcan0 291#0000000000000000
(1675525891.300821) vcan0 330#0000000000000000
(1675525891.300905) vcan0 425#0000000000000000
(1675525891.302313) vcan0 0F5#008000807F7B1200
(1675525891.302430) vcan0 120#008000807FF45589
(1675525891.302514) vcan0 130#F7FF1D000013FF11
(1675525891.302598) vcan0 150#0000FEE703F813C0
(1675525891.302682) vcan0 290#0000000000000000
(1675525891.303859) vcan0 072#F000FF3F00788038
(1675525891.306511) vcan0 008#1B808C6400800080
(1675525891.307843) vcan0 0E0#627101C00080E200
(1675525891.309330) vcan0 010#000000002FB031F8
(1675525891.309413) vcan0 1D0#0000000000000061
(1675525891.310820) vcan0 1B0#00C0000000B000EC
(1675525891.313861) vcan0 1B5#FF00000000E0FFEF
(1675525891.313944) vcan0 125#E52780E5C1D0D734
(1675525891.314027) vcan0 1D8#363339343234D543
(1675525891.314113) vcan0 1E0#003C0BC180BD17E0
(1675525891.314196) vcan0 2C3#4F9E00FFFF005450
(1675525891.314280) vcan0 055#BEF7FF27B2009C80
(1675525891.314370) vcan0 065#60E307E8008E0502
(1675525891.314454) vcan0 070#000040A800E25B00
(1675525891.314538) vcan0 075#0000000000005458
(1675525891.314621) vcan0 080#FF4F8000C2002C00
(1675525891.314706) vcan0 0B0#61838AA200C261A3
(1675525891.314790) vcan0 145#FD42DB86FCC810A1
(1675525891.315343) vcan0 210#AAE080A0A969A345
(1675525891.316824) vcan0 008#1B809C5400800080
(1675525891.318311) vcan0 288#02E040BF00000080
(1675525891.319871) vcan0 010#000000002FB031F8
(1675525891.319955) vcan0 072#F000FF3F0078A038
(1675525891.320036) vcan0 2A9#8C260082C0000084
(1675525891.321368) vcan0 0F5#008000807F7F0200
(1675525891.321452) vcan0 120#008000807FF35589
(1675525891.322862) vcan0 130#FFFF1D000003FF11
(1675525891.322946) vcan0 150#000000F803F803C0
(1675525891.324365) vcan0 360#4F9E00C7C35AA001
(1675525891.325852) vcan0 008#1B80AC4400800080
(1675525891.327377) vcan0 0E0#627101C80080C200
(1675525891.328861) vcan0 260#D0FF005549EA85B0
(1675525891.330350) vcan0 010#000000002FB031F9
(1675525891.330433) vcan0 1D0#0000000000000A61
(1675525891.330517) vcan0 291#0000000000000000
(1675525891.330602) vcan0 390#80FF05000226564F
(1675525891.331856) vcan0 1B0#00C0000000B000EC
(1675525891.331941) vcan0 1B5#FF00000000E0FFEF
(1675525891.332026) vcan0 125#E52780E5C1D0D734
(1675525891.332111) vcan0 1D8#363339343234D543
(1675525891.332195) vcan0 1E0#003C0B8180BD17E0
(1675525891.333446) vcan0 055#BEF7FF27B2009C80
(1675525891.333529) vcan0 065#5FE307E8FE8D0502
(1675525891.333613) vcan0 070#000040A800E25B00
(1675525891.333706) vcan0 075#0000000000005458
(1675525891.333789) vcan0 080#FF4F8000C2002C00
(1675525891.333872) vcan0 0B0#61838AA200C261A3
(1675525891.336447) vcan0 145#FD32DC86FCC810A1
(1675525891.336530) vcan0 072#F000FF3F00788038
(1675525891.336614) vcan0 28C#00002000002CBE93
(1675525891.336698) vcan0 290#0000000000000000
(1675525891.336780) vcan0 2B5#4B323B6293A64F3F
(1675525891.336865) vcan0 2C0#4F9E00150F00A0F1
(1675525891.336967) vcan0 2C5#00DF240061E30070
(1675525891.337032) vcan0 340#4400000000000000
(1675525891.337116) vcan0 3AF#0000000000000020
(1675525891.337208) vcan0 3B0#00D87F3871C0C400
(1675525891.337292) vcan0 008#1B80BC3400800080
(1675525891.339318) vcan0 010#000000002FB031F8
(1675525891.339402) vcan0 210#AAE080A0A969A44D
(1675525891.340816) vcan0 3D0#8A0F6100641B80C3
(1675525891.342457) vcan0 0F5#008000807F43F200
(1675525891.342541) vcan0 120#008000807FF35589
(1675525891.342624) vcan0 130#87FF1D0000F3FF11
(1675525891.342709) vcan0 150#0000FE0703F8F3C0
(1675525891.342793) vcan0 3CA#00000000530000C8
(1675525891.342877) vcan0 288#F5DF40BF00000080
(1675525891.345144) vcan0 430#2A08280000002CE6
(1675525891.347840) vcan0 008#1B80CC2400800080
(1675525891.347924) vcan0 0E0#627101D00080A200
(1675525891.349329) vcan0 010#000000002FB031F8
(1675525891.350812) vcan0 072#F000FF3F0078A038
(1675525891.350896) vcan0 1D0#0000000000000061
(1675525891.350980) vcan0 400#0101010100000016
(1675525891.351064) vcan0 405#4F9E003C00333402
(1675525891.351147) vcan0 1B0#00C0000000B000EC
(1675525891.352488) vcan0 1B5#FF00000000E0FFEF
(1675525891.352572) vcan0 125#E52780E5C1D0D734
(1675525891.352654) vcan0 1D8#363339343234D543
(1675525891.352740) vcan0 1E0#0000FBC180BD17E0
(1675525891.352823) vcan0 2C3#4F9E00FFFF005450
(1675525891.352907) vcan0 055#BEF7FF27B2009C80
(1675525891.352992) vcan0 065#61E307E8008E0502
(1675525891.355335) vcan0 070#000040A800E25B00
(1675525891.355419) vcan0 075#0000000000005458
(1675525891.355502) vcan0 080#FF4F8000C2002C00
(1675525891.355586) vcan0 0B0#618389A200C261A3
(1675525891.355670) vcan0 145#FD22DD86FCC810A1
(1675525891.355755) vcan0 370#072CC0124B03CF00
(1675525891.356853) vcan0 008#1B80DC1400800080
(1675525891.358379) vcan0 260#D0FF005549EA85B0
(1675525891.359862) vcan0 010#000000002FB031F8
(1675525891.361356) vcan0 291#0000000000000000
(1675525891.361439) vcan0 2A9#8C26009BC0000084
(1675525891.361523) vcan0 0F5#008000807F47E200
(1675525891.361609) vcan0 120#008000807FF25589
(1675525891.362861) vcan0 130#8FFF1D0000E3FF11
(1675525891.362945) vcan0 150#0000FD1703F8E3C0
(1675525891.363029) vcan0 290#0000000000000000
(1675525891.364362) vcan0 072#F000FF3F00788038
(1675525891.365850) vcan0 210#AAE08020A969A445
(1675525891.367369) vcan0 008#1B80EC0400800080
(1675525891.367453) vcan0 0E0#627101D800808200
(1675525891.367538) vcan0 288#02E050AF00000080
(1675525891.368869) vcan0 010#000000002FB031F8
(1675525891.370357) vcan0 1D0#0000000000000061
(1675525891.371842) vcan0 1B0#00C0000000B000EC
(1675525891.371930) vcan0 1B5#FF00000000E0FFEF
(1675525891.372020) vcan0 125#E52780E5C1D0D734
(1675525891.372106) vcan0 1D8#363339343234D543
(1675525891.372189) vcan0 1E0#0004EBC180BD17E0
(1675525891.373444) vcan0 055#BEF7FF27B2009C80
(1675525891.373527) vcan0 065#61E308E8018E0502
