(1675526171.343818) vcan0 150#6029FDC7FBF7AAC0
(1675526171.346550) vcan0 055#F8F71738B2F49D80
(1675526171.346624) vcan0 065#7EE617F802EE6B02
(1675526171.346696) vcan0 070#000006F86AE20D00
(1675526171.346771) vcan0 075#0000000000005458
(1675526171.347598) vcan0 080#3D508000C2002C00
(1675526171.347671) vcan0 0B0#528316A3E0C152E3
(1675526171.347745) vcan0 008#4B804C7400800080
(1675526171.347860) vcan0 145#F992D680FC4810A1
(1675526171.348662) vcan0 290#0000000000000000
(1675526171.348739) vcan0 2C0#BB9C00000000A0F1
(1675526171.348889) vcan0 2C5#35DF8BBD7BE6D470
(1675526171.349760) vcan0 010#008800002FB031F8
(1675526171.349836) vcan0 291#0000000000000000
(1675526171.350779) vcan0 2A9#8C260093C0000084
(1675526171.352154) vcan0 0E0#E27306D000809500
(1675526171.353169) vcan0 1B0#00C0000005B000FC
(1675526171.353246) vcan0 1B5#FF147F7407E0FFEF
(1675526171.355991) vcan0 1D8#363339343234E043
(1675526171.356067) vcan0 1E0#0034234300B917E0
(1675526171.356145) vcan0 260#D0FF0055497487B0
(1675526171.356223) vcan0 2C3#BB9C00FFFF2D5450
(1675526171.356372) vcan0 072#F000FF3F0078A038
(1675526171.356450) vcan0 210#0CE080A0B369AC4D
(1675526171.357116) vcan0 008#4B805C6400800080
(1675526171.358189) vcan0 125#E50080E5C1D0D735
(1675526171.359223) vcan0 010#008800002FB031F8
(1675526171.359365) vcan0 1D0#0000000000000861
(1675526171.360331) vcan0 288#02E050AF00000080
(1675526171.362663) vcan0 0F5#5EA96BA97F772253
(1675526171.365474) vcan0 120#90A98CA97FFF5589
(1675526171.365616) vcan0 130#EFFF1D7B297FFF11
(1675526171.365690) vcan0 150#6429FED7FBF796C0
(1675526171.366586) vcan0 055#F8F71738B2F49D80
(1675526171.366659) vcan0 065#7DE617F800EE6A02
(1675526171.366732) vcan0 070#000006F86AE20D00
(1675526171.366806) vcan0 075#0000000000005458
(1675526171.366949) vcan0 080#3D508000C2002C00
(1675526171.367641) vcan0 0B0#528316A3E0C152E3
(1675526171.367714) vcan0 145#F982D780FC4810A1
(1675526171.367798) vcan0 008#4B806C5400800080
(1675526171.367872) vcan0 28C#000000000030FEA9
(1675526171.368819) vcan0 2B5#4BD2166293A6807F
(1675526171.368895) vcan0 340#9F00000000000000
(1675526171.369841) vcan0 010#008800002FB031F8
(1675526171.371144) vcan0 072#F000FF3F00788038
(1675526171.374176) vcan0 0E0#E27302D800807900
(1675526171.374253) vcan0 1B0#00C0000003B000FC
(1675526171.374330) vcan0 1B5#FF2F9A8214E0FFEF
(1675526171.374408) vcan0 1D8#363339343234E043
(1675526171.374485) vcan0 1E0#0038134300B917E0
(1675526171.375211) vcan0 290#0000000000000000
(1675526171.376296) vcan0 008#4B807C4400800080
(1675526171.377311) vcan0 125#E50080E5C1D0D735
(1675526171.378410) vcan0 010#008800002FB031F8
(1675526171.379509) vcan0 1D0#0000000000000061
(1675526171.380892) vcan0 210#0CE080A0B369AC45
(1675526171.380966) vcan0 291#0000000000000000
(1675526171.383916) vcan0 0F5#57A963A97F7B1256
(1675526171.383990) vcan0 120#A4A98CA97F015689
(1675526171.384063) vcan0 130#F7FF1D7B296FFF11
(1675526171.384136) vcan0 150#5C29FDE7FBF78EC0
(1675526171.384279) vcan0 260#D0FF0055497487B0
(1675526171.384353) vcan0 072#F000FF3F0078A038
(1675526171.384973) vcan0 288#F9DF50AF00000080
(1675526171.386006) vcan0 055#F8F71738B2F49D80
(1675526171.386080) vcan0 065#79E617F8FEED6A02
(1675526171.387045) vcan0 070#000006F86AE20D00
(1675526171.387187) vcan0 075#0000000000005458
(1675526171.387260) vcan0 080#3D508000C2002C00
(1675526171.387334) vcan0 0B0#528316A3E0C152E3
(1675526171.388127) vcan0 008#4B808C3400800080
(1675526171.388280) vcan0 145#F972D880FC4810A1
(1675526171.389449) vcan0 3C8#BB9C008E882C008E
(1675526171.389591) vcan0 010#008800002FB031F8
(1675526171.389664) vcan0 2A9#8C26008AC0000084
(1675526171.392473) vcan0 0E0#E27301E000805A00
(1675526171.392546) vcan0 1B0#00C0000001B000FC
(1675526171.392620) vcan0 1B5#FF4AB58F22E0FFEF
(1675526171.393583) vcan0 1D8#363339343234E043
(1675526171.393726) vcan0 1E0#0038130300B917E0
(1675526171.393800) vcan0 2C3#BB9C00FFFF2D5450
(1675526171.394694) vcan0 008#4B809C2400800080
(1675526171.397162) vcan0 125#E50080E5C1D0D735
(1675526171.399532) vcan0 010#008800002FB031F9
(1675526171.399610) vcan0 072#F000FF3F00788038
(1675526171.399688) vcan0 1D0#0000000000000261
(1675526171.401855) vcan0 0F5#67A957A97F7F025A
(1675526171.402950) vcan0 120#84A9A0A97FFF5589
(1675526171.403028) vcan0 130#FFFF1D7B295FFF11
(1675526171.403105) vcan0 150#5E2900F8FBF77CC0
(1675526171.403978) vcan0 210#0CE080A0B369AC4D
(1675526171.406650) vcan0 055#F8F71738B2F49D80
(1675526171.406728) vcan0 065#7BE617F800EE6A02
(1675526171.406805) vcan0 070#000006F86AE20D00
(1675526171.406883) vcan0 075#0000000000005458
(1675526171.406960) vcan0 080#3D508000C2002C00
(1675526171.407685) vcan0 0B0#528316A3E0C152E3
(1675526171.407764) vcan0 145#F962D980FC4810A1
