(1675525888.112132) vcan0 150#6229FE87FBF7E8C0
(1675525888.114940) vcan0 125#E5FA7FE5C1D0D735
(1675525888.115013) vcan0 210#08E080A0BF69C145
(1675525888.115088) vcan0 288#E9DF10EF00000080
(1675525888.115163) vcan0 330#2800000000000000
(1675525888.115306) vcan0 350#A200000000000080
(1675525888.115379) vcan0 3D0#990F6100641B80C3
(1675525888.116002) vcan0 008#5180ECCE00800080
(1675525888.117037) vcan0 290#0000000000000000
(1675525888.118139) vcan0 260#D0FF00AA497487B0
(1675525888.119173) vcan0 1B0#00C0000001B000FC
(1675525888.120335) vcan0 010#008000002FB031F8
(1675525888.123155) vcan0 1B5#FFB44AE9FDE0FFEF
(1675525888.123233) vcan0 1D0#0000000000000061
(1675525888.123311) vcan0 1D8#363339343234E143
(1675525888.123387) vcan0 1E0#002C434300B917E0
(1675525888.123466) vcan0 291#0000000000000000
(1675525888.123623) vcan0 2C3#4F9E00FFFFE55450
(1675525888.124279) vcan0 3C8#4F9E008E882C008E
(1675525888.125370) vcan0 072#F000FF3F00788038
(1675525888.126387) vcan0 0E0#E2731DD800805E00
(1675525888.127476) vcan0 008#5180FCBE00800080
(1675525888.128566) vcan0 055#F9F71A38B2979E80
(1675525888.131448) vcan0 065#7AE61AF8FEED7702
(1675525888.131522) vcan0 070#000005F877E20D00
(1675525888.131598) vcan0 075#0000000000005458
(1675525888.131741) vcan0 080#45508000C2002C00
(1675525888.131815) vcan0 0B0#52831AA3E3C152E3
(1675525888.131888) vcan0 145#F9D2D280FC4810A1
(1675525888.131962) vcan0 28C#00000000002CFEA9
(1675525888.132106) vcan0 2B5#4BE8176293A68286
(1675525888.132180) vcan0 0F5#5EA96FA97F676209
(1675525888.132253) vcan0 120#84A980A97FFE5589
(1675525888.132337) vcan0 130#CFFF1D7329C7FD11
(1675525888.132413) vcan0 150#6029FA97FBF7DAC0
(1675525888.132556) vcan0 010#008000002FB031F9
(1675525888.132630) vcan0 2A9#8C26008AC0000084
(1675525888.132705) vcan0 125#E5FA7FE5C1D0D735
(1675525888.135105) vcan0 210#08E08020BF69C14D
(1675525888.136140) vcan0 288#DDDF10EF00000080
(1675525888.137309) vcan0 008#51800CAE00800080
(1675525888.138344) vcan0 1B0#00C0000003B000FC
(1675525888.139406) vcan0 1B5#FFCF65F70BE0FFEF
(1675525888.140510) vcan0 010#008000002FB031F8
(1675525888.141543) vcan0 072#F000FF3F0078A038
(1675525888.141617) vcan0 1D0#0000000000000A61
(1675525888.141692) vcan0 1D8#363339343234E143
(1675525888.141834) vcan0 1E0#002C430300B917E0
(1675525888.145337) vcan0 0E0#E27324E000803700
(1675525888.146448) vcan0 008#51801C9E00800080
(1675525888.147553) vcan0 055#F9F71938B2979E80
(1675525888.148617) vcan0 065#7BE61AF8FFED7702
(1675525888.148692) vcan0 070#000005F876E20D00
(1675525888.148766) vcan0 075#0000000000005458
(1675525888.151308) vcan0 080#44508000C2002C00
(1675525888.151451) vcan0 0B0#52831AA3E3C152E3
(1675525888.151527) vcan0 145#F9C2D380FC4810A1
(1675525888.151601) vcan0 290#0000000000000000
(1675525888.151674) vcan0 260#D0FF00AA497487B0
(1675525888.151748) vcan0 2C0#4F9E00000000A0F1
(1675525888.151891) vcan0 2C5#3CDF8DBD7BE6D470
(1675525888.151966) vcan0 0F5#67A963A97F6B520C
(1675525888.152039) vcan0 010#008000002FB031F8
(1675525888.152113) vcan0 120#7BA993A97FFF5589
(1675525888.153009) vcan0 130#D7FF1D7329B7FD11
(1675525888.153094) vcan0 150#6B29F6A7FBF7BFC0
(1675525888.153236) vcan0 291#0000000000000000
(1675525888.153310) vcan0 125#E5FA7FE5C1D0D735
(1675525888.153384) vcan0 370#0726C0008803CF1F
(1675525888.153458) vcan0 3CA#00000000530000C8
(1675525888.153601) vcan0 3E0#000000D933808092
(1675525888.154088) vcan0 072#F000FF3F00788038
(1675525888.155191) vcan0 008#51802C8E00800080
(1675525888.156292) vcan0 1B0#00C0000002B000FC
(1675525888.157328) vcan0 1B5#FFE9800418E0FFEF
(1675525888.158444) vcan0 010#008000002FB031F8
(1675525888.159465) vcan0 1D0#0000000000000061
(1675525888.160555) vcan0 1D8#363339343234E143
(1675525888.161573) vcan0 1E0#0030334300B917E0
(1675525888.164321) vcan0 210#08E080A0BF69C145
(1675525888.164398) vcan0 288#F1DF20DF00000080
(1675525888.164484) vcan0 2C3#4F9E00FFFFE65450
(1675525888.165359) vcan0 0E0#E27329E800801200
(1675525888.166447) vcan0 008#51803C7E00800080
(1675525888.167463) vcan0 055#F9F71938B2979E80
(1675525888.168550) vcan0 065#7EE61AF802EE7602
(1675525888.168623) vcan0 070#000005F876E20D00
(1675525888.170069) vcan0 075#0000000000005458
(1675525888.170144) vcan0 080#44508000C2002C00
(1675525888.170217) vcan0 0B0#52831AA3E3C152E3
(1675525888.170292) vcan0 145#F9B2D480FC4810A1
(1675525888.170435) vcan0 28C#00000000002CFEA9
(1675525888.170510) vcan0 2B5#4BE9176293A68185
(1675525888.170583) vcan0 340#9F00000000000000
(1675525888.170658) vcan0 0F5#5BA967A97F6F4210
(1675525888.171146) vcan0 010#008000002FB031F8
(1675525888.171219) vcan0 072#F000FF3F0078A038
(1675525888.173974) vcan0 120#9CA993A97FFD5589
(1675525888.174049) vcan0 130#DFFF1D7329A7FD11
(1675525888.174123) vcan0 150#6229F8B7FBF7B8C0
(1675525888.174197) vcan0 125#E5FA7FE5C1D0D735
(1675525888.174272) vcan0 2A9#8C260082C0000084
(1675525888.175033) vcan0 008#51804C6E00800080
(1675525888.176066) vcan0 290#0000000000000000
(1675525888.177100) vcan0 260#D0FF0055497487B0
(1675525888.178206) vcan0 1B0#00C0000002B000FC
(1675525888.179240) vcan0 1B5#FF049B1226E0FFEF
(1675525888.180330) vcan0 010#008000002FB031F8
(1675525888.181348) vcan0 1D0#0000000000000061
(1675525888.181497) vcan0 1D8#363339343234E143
(1675525888.181576) vcan0 1E0#0034234300B917E0
(1675525888.181654) vcan0 291#0000000000000000
(1675525888.183824) vcan0 072#F000FF3F00788038
(1675525888.186652) vcan0 210#08E080A0BF69C14D
(1675525888.186731) vcan0 3B0#00D8693866B8C400
(1675525888.186880) vcan0 288#E9DF20DF00000080
(1675525888.186959) vcan0 0E0#E2732CF00080EF00
(1675525888.187757) vcan0 008#51805C5E00800080
(1675525888.187835) vcan0 055#F9F71938B2979E80
(1675525888.188833) vcan0 065#7AE619F8FFED7602
(1675525888.188908) vcan0 070#000005F876E20D00
(1675525888.188983) vcan0 075#0000000000005458
(1675525888.189057) vcan0 080#45508000C2002C00
(1675525888.189201) vcan0 0B0#52831AA3E3C152E3
(1675525888.189892) vcan0 145#F9A2D580FC4810A1
(1675525888.190996) vcan0 0F5#53A96BA97F733213
(1675525888.191140) vcan0 120#98A990A97FFF5589
(1675525888.191213) vcan0 010#008000002FB031F8
(1675525888.195128) vcan0 130#E7FF1D7729930112
(1675525888.195211) vcan0 150#6F29FCC7FBF79BC0
(1675525888.195355) vcan0 330#2800000000000000
(1675525888.195428) vcan0 125#E5FA7FE5C1D0D735
(1675525888.195504) vcan0 360#5C9E0058BB4EA001
(1675525888.196194) vcan0 008#54806C3D0E800080
(1675525888.197365) vcan0 1B0#00C0000001B000FC
(1675525888.198439) vcan0 1B5#FF1FB61F33E0FFEF
(1675525888.199459) vcan0 010#008000002FB031F8
(1675525888.200621) vcan0 072#F000FF3F0078A038
(1675525888.201712) vcan0 1D0#0000000000000061
(1675525888.201790) vcan0 1D8#363339343234E143
(1675525888.201868) vcan0 1E0#0034230300B917E0
(1675525888.201946) vcan0 2C3#4F9E00FFFFE65450
(1675525888.202746) vcan0 350#A200000000000080
(1675525888.202823) vcan0 390#80FF0500021A594F
(1675525888.205285) vcan0 0E0#E2732DF80080CE00
(1675525888.208187) vcan0 008#54807C2D0E800080
(1675525888.208266) vcan0 055#F9F71938B2979E80
(1675525888.208417) vcan0 065#79E619F8FFED7602
(1675525888.208493) vcan0 070#000005F876E20D00
(1675525888.209256) vcan0 075#0000000000005458
(1675525888.209327) vcan0 080#45508000C2002C00
(1675525888.209470) vcan0 0B0#52831AA3E3C152E3
(1675525888.209545) vcan0 145#F992D680FC4810A1
(1675525888.209618) vcan0 28C#00000000002CFEA9
(1675525888.210311) vcan0 260#D0FF0055497487B0
(1675525888.210454) vcan0 290#0000000000000000
(1675525888.210530) vcan0 2B5#4BE9176293A68085
(1675525888.210601) vcan0 010#008000002FB031F9
(1675525888.211500) vcan0 0F5#67A95EA97F772216
(1675525888.211575) vcan0 120#77A984A97FFF5589
(1675525888.214324) vcan0 130#EFFF1D7729830112
(1675525888.214414) vcan0 150#6F29FCD7FBF78BC0
(1675525888.214488) vcan0 210#08E080A0BF69C145
(1675525888.214563) vcan0 125#E5F77FE5C1D0D735
(1675525888.214637) vcan0 288#F1DF20DF00000080
(1675525888.214779) vcan0 291#0000000000000000
(1675525888.214855) vcan0 2A9#8C26009BC0000084
(1675525888.214929) vcan0 2C0#4F9E00000000A0F1
(1675525888.215002) vcan0 2C5#3CDF8DBD7AE6D470
(1675525888.215145) vcan0 3AF#0000000000000020
(1675525888.215495) vcan0 072#F000FF3F00788038
(1675525888.216529) vcan0 008#54808C1D0E800080
(1675525888.217565) vcan0 1B0#00C0000003B000FC
(1675525888.218676) vcan0 1B5#FF3AD12C40E0FFEF
(1675525888.219840) vcan0 010#008000002FB031F8
(1675525888.221216) vcan0 1D0#0000000000000A61
(1675525888.221295) vcan0 1D8#363339343234E143
(1675525888.221384) vcan0 1E0#0038134300B917E0
(1675525888.225289) vcan0 0E0#E27331C00080AA00
(1675525888.226305) vcan0 008#54809C0D0E800080
(1675525888.227466) vcan0 055#F9F71938B2979E80
(1675525888.228558) vcan0 065#7FE619F801EE7602
(1675525888.228631) vcan0 070#000005F876E20D00
(1675525888.228774) vcan0 075#0000000000005458
(1675525888.229603) vcan0 080#45508000C2002C00
(1675525888.229747) vcan0 0B0#52831AA3E3C152E3
(1675525888.229822) vcan0 145#F982D780FC4810A1
(1675525888.230721) vcan0 0F5#5BA967A97F7B121A
(1675525888.230794) vcan0 120#98A993A97FF75589
(1675525888.230868) vcan0 130#F7FF1D7729730112
(1675525888.230942) vcan0 150#6329FDE7FBF787C0
(1675525888.231841) vcan0 010#008000002FB031F8
(1675525888.231915) vcan0 072#F000FF3F0078A038
(1675525888.233163) vcan0 125#E5F77FE5C1D0D735
(1675525888.236188) vcan0 210#08E080A0BF69C145
(1675525888.236261) vcan0 288#EDDF20DF00000080
(1675525888.237296) vcan0 008#5480ACFD0E800080
(1675525888.238331) vcan0 290#0000000000000000
(1675525888.239456) vcan0 260#D0FF0055497487B0
(1675525888.240472) vcan0 1B0#00C0000002B000FC
(1675525888.240624) vcan0 1B5#FF55EB3A4EE0FFEF
(1675525888.240703) vcan0 010#008000002FB031F8
(1675525888.241575) vcan0 1D0#0000000000000061
(1675525888.241654) vcan0 1D8#363339343234E143
(1675525888.241732) vcan0 1E0#003C034300B917E0
(1675525888.241810) vcan0 291#0000000000000000
(1675525888.242610) vcan0 2C3#4F9E00FFFFE75450
(1675525888.243770) vcan0 072#F000FF3F00788038
(1675525888.246156) vcan0 3C8#4F9E008E882C008E
(1675525888.246255) vcan0 0E0#E27332C800808900
(1675525888.248911) vcan0 008#5480BCED0E800080
(1675525888.248985) vcan0 055#F9F71938B2979E80
(1675525888.249059) vcan0 065#7DE61AF803EE7602
(1675525888.249201) vcan0 070#000005F876E20D00
(1675525888.249290) vcan0 075#0000000000005458
(1675525888.249351) vcan0 080#44508000C2002C00
(1675525888.249424) vcan0 0B0#52831AA3E3C152E3
(1675525888.250046) vcan0 145#F972D880FC4810A1
(1675525888.250122) vcan0 28C#00000000002CFEA9
(1675525888.250265) vcan0 2B5#4BE9176293A68085
(1675525888.250340) vcan0 340#9F00000000000000
(1675525888.250413) vcan0 370#0726C0008803CF1F
(1675525888.251107) vcan0 0F5#5BA96FA97F7F021D
(1675525888.251249) vcan0 010#008000002FB031F8
(1675525888.251323) vcan0 120#A4A98CA97F025689
(1675525888.252434) vcan0 130#FFFF1D7729630112
(1675525888.252577) vcan0 150#6429FCF7FBF776C0
(1675525888.252653) vcan0 125#E5F77FE5C1D0D735
(1675525888.252726) vcan0 2A9#8C260082C0000084
(1675525888.253556) vcan0 008#5680CCDB0E800080
(1675525888.255961) vcan0 1B0#00C0000001B000FC
(1675525888.257064) vcan0 1B5#FF7006475BE0FFEF
(1675525888.258167) vcan0 010#008000002FB031F8
(1675525888.259243) vcan0 072#F000FF3F0078A038
(1675525888.260333) vcan0 1D0#0000000000000061
(1675525888.261350) vcan0 1D8#363339343234E143
(1675525888.261500) vcan0 1E0#003C030300B917E0
(1675525888.262444) vcan0 210#08E080A0BF69C14D
(1675525888.262521) vcan0 288#F1DF30CF00000080
(1675525888.264910) vcan0 0E0#E27333D000806800
(1675525888.269001) vcan0 008#5680DCB623800080
(1675525888.269084) vcan0 055#F9F71938B2979E80
(1675525888.269230) vcan0 065#7BE619F8FFED7602
(1675525888.269304) vcan0 070#000005F874E20D00
(1675525888.269378) vcan0 075#0000000000005458
(1675525888.269451) vcan0 080#44508000C2002C00
(1675525888.269593) vcan0 0B0#52831AA3E3C152E3
(1675525888.269668) vcan0 145#F962D980FC4810A1
(1675525888.270084) vcan0 290#0000000000000000
(1675525888.270228) vcan0 260#D0FF00AA497487B0
(1675525888.270304) vcan0 2C0#4F9E00000000A0F1
(1675525888.270377) vcan0 2C5#3CDF8DBD7FE6D470
(1675525888.271137) vcan0 0F5#73A977A97F43F220
(1675525888.271281) vcan0 010#008000002FB031F8
(1675525888.271354) vcan0 120#84A984A97FFC5589
(1675525888.271428) vcan0 130#87FF1D7729530112
(1675525888.271502) vcan0 150#6029FC07FBF76AC0
(1675525888.272271) vcan0 125#E5F77FE5C1D0D735
(1675525888.272347) vcan0 291#0000000000000000
(1675525888.272421) vcan0 330#2800000000000000
(1675525888.273660) vcan0 3CA#00000000540000C8
(1675525888.273734) vcan0 425#0000000000000000
(1675525888.274701) vcan0 072#F000FF3F00788038
(1675525888.275802) vcan0 008#5680ECA623800080
(1675525888.279745) vcan0 1B0#00C0000004B000FC
(1675525888.280762) vcan0 010#008000002FB031F8
(1675525888.280841) vcan0 1B5#FF8B215468E0FFEF
(1675525888.280991) vcan0 1D0#0000000000000061
(1675525888.281863) vcan0 1D8#363339343234E143
(1675525888.281940) vcan0 1E0#0000F34300B917E0
(1675525888.282018) vcan0 2C3#4F9E00FFFFE75450
(1675525888.282889) vcan0 210#08E08020BF69C14D
(1675525888.284021) vcan0 288#F1DF30CF00000080
(1675525888.285002) vcan0 0E0#E27339D800804200
(1675525888.286091) vcan0 008#5680FC9623800080
(1675525888.287106) vcan0 055#F9F71938B2979E80
(1675525888.289856) vcan0 065#7BE619F8FEED7402
(1675525888.289998) vcan0 070#000005F874E20D00
(1675525888.290073) vcan0 075#0000000000005458
(1675525888.290147) vcan0 080#44508000C2002C00
(1675525888.290221) vcan0 0B0#52831AA3E3C152E3
(1675525888.290365) vcan0 145#F952DA80FC4810A1
(1675525888.290438) vcan0 28C#00000000002CFEA9
(1675525888.290513) vcan0 2B5#4BE9166293A68083
(1675525888.290586) vcan0 0F5#5BA96BA97F47E224
(1675525888.291005) vcan0 120#98A993A97FFE5589
(1675525888.291078) vcan0 010#008000002FB031F9
(1675525888.291152) vcan0 072#F000FF3F0078A038
(1675525888.293763) vcan0 130#8FFF1D772943FF11
(1675525888.293846) vcan0 150#6229FC17FBF758C0
(1675525888.293989) vcan0 125#E5F77FE5C1D0D735
(1675525888.294064) vcan0 2A9#8C26008AC0000084
(1675525888.294138) vcan0 350#A200000000000080
(1675525888.294829) vcan0 360#5C9E0058BB4FA001
(1675525888.295931) vcan0 008#56800C9415800080
(1675525888.296966) vcan0 290#0000000000000000
(1675525888.298000) vcan0 260#D0FF00AA497487B0
(1675525888.299097) vcan0 1B0#00C0000004B000FC
(1675525888.300186) vcan0 1B5#FFA63C6276E0FFEF
(1675525888.301276) vcan0 010#008000002FB031F8
(1675525888.301354) vcan0 1D0#0000000000000A61
(1675525888.301504) vcan0 1D8#363339343234E143
(1675525888.301582) vcan0 1E0#0004E34300B917E0
(1675525888.302523) vcan0 291#0000000000000000
(1675525888.302602) vcan0 390#80FF050002125B4F
(1675525888.305504) vcan0 072#F000FF3F00788038
(1675525888.305655) vcan0 3B0#00D8693866B8C400
(1675525888.306600) vcan0 0E0#E27337E000802400
(1675525888.307761) vcan0 008#56801C8415800080
(1675525888.307838) vcan0 055#F9F71938B2979E80
(1675525888.308700) vcan0 065#7EE619F801EE7402
(1675525888.308842) vcan0 070#000005F875E20D00
(1675525888.308979) vcan0 075#0000000000005458
(1675525888.308991) vcan0 080#44508000C2002C00
(1675525888.309066) vcan0 0B0#52831AA3E4C152E3
(1675525888.309827) vcan0 145#F942DB80FC4810A1
(1675525888.310929) vcan0 0F5#63A96FA97F4BD227
(1675525888.311004) vcan0 010#008000002FB031F8
(1675525888.311147) vcan0 120#ACA980A97FFD5589
(1675525888.311222) vcan0 130#97FF1D772933FF11
(1675525888.313763) vcan0 150#5E29FF27FBF74CC0
(1675525888.313848) vcan0 210#08E080A0BF69C145
(1675525888.313922) vcan0 125#E5F47FE5C1D0D735
(1675525888.314066) vcan0 288#F5DF30CF00000080
(1675525888.314139) vcan0 3D0#990F6100641B80C3
(1675525888.314830) vcan0 430#2E082C0000002CC6
(1675525888.316003) vcan0 008#56802C6623800080
(1675525888.317038) vcan0 1B0#00C0000001B000FC
(1675525888.318073) vcan0 010#008000002FB031F8
(1675525888.319169) vcan0 072#F000FF3F0078A038
(1675525888.320260) vcan0 1B5#FFC1576F83E0FFEF
(1675525888.323079) vcan0 1D0#0000000000000061
(1675525888.323159) vcan0 1D8#363339343234E143
(1675525888.323236) vcan0 1E0#0004E30300B917E0
(1675525888.323313) vcan0 2C3#4F9E00FFFFE85450
(1675525888.323391) vcan0 400#0203010202010222
(1675525888.323541) vcan0 405#5C9E003C00333B02
(1675525888.324133) vcan0 0E0#E27333E800800800
(1675525888.325150) vcan0 008#56803C5623800080
(1675525888.326239) vcan0 055#F9F71938B2979E80
(1675525888.327400) vcan0 065#7AE619F800EE7502
(1675525888.328488) vcan0 070#000005F875E20D00
(1675525888.331309) vcan0 075#0000000000005458
(1675525888.331383) vcan0 080#44508000C2002C00
(1675525888.331457) vcan0 0B0#52831AA3E4C152E3
(1675525888.331531) vcan0 145#F932DC80FC4810A1
(1675525888.331605) vcan0 28C#00000000002CFEA9
(1675525888.331748) vcan0 260#D0FF00AA497487B0
(1675525888.331823) vcan0 290#0000000000000000
(1675525888.331898) vcan0 2B5#4BEA166293A67F83
(1675525888.331972) vcan0 0F5#67A96FA97F4FC22A
(1675525888.332114) vcan0 120#84A98CA97FFD5589
(1675525888.332188) vcan0 130#9FFF1D772923FF11
(1675525888.332271) vcan0 150#5E29FE37FBF73CC0
(1675525888.332347) vcan0 010#008000002FB031F8
(1675525888.332421) vcan0 125#E5F47FE5C1D0D735
(1675525888.332564) vcan0 291#0000000000000000
(1675525888.333939) vcan0 2A9#8C260093C0000084
(1675525888.334014) vcan0 2C0#4F9E00010000A0F1
(1675525888.334156) vcan0 2C5#3BDF8DBD7BE6D470
(1675525888.334231) vcan0 340#9F00000000000000
(1675525888.334306) vcan0 3AF#0000000000000020
(1675525888.334996) vcan0 072#F000FF3F00788038
(1675525888.336101) vcan0 210#08E080A0BF69C14D
(1675525888.336176) vcan0 288#E9DF30CF00000080
(1675525888.337141) vcan0 008#56804C4623800080
(1675525888.338174) vcan0 1B0#00C0000005B000FC
(1675525888.340904) vcan0 1B5#FFDB727D91E0FFEF
(1675525888.340982) vcan0 010#008000002FB031F8
(1675525888.341141) vcan0 1D0#0000000000000061
(1675525888.342014) vcan0 1D8#363339343234E143
(1675525888.342092) vcan0 1E0#0008D34300B917E0
(1675525888.343034) vcan0 0E0#E27332F00080E900
(1675525888.344126) vcan0 008#56805C3623800080
(1675525888.345142) vcan0 055#F9F71938B2979E80
(1675525888.346302) vcan0 065#79E619F8FEED7502
(1675525888.347391) vcan0 070#000005F875E20D00
(1675525888.348755) vcan0 075#0000000000005458
(1675525888.348899) vcan0 080#44508000C2002C00
(1675525888.349864) vcan0 0B0#52831AA3E4C152E3
(1675525888.349940) vcan0 145#F922DD80FC4810A1
(1675525888.350014) vcan0 370#0726C0008803CF1F
(1675525888.350913) vcan0 0F5#5EA95EA97F53B22E
(1675525888.350986) vcan0 120#8CA993A97F025689
(1675525888.351061) vcan0 010#008000002FB031F8
(1675525888.351212) vcan0 072#F000FF3F0078A038
(1675525888.351287) vcan0 130#A7FF1D772913FF11
(1675525888.353626) vcan0 150#7129FA47FBF719C0
(1675525888.353699) vcan0 125#E5F47FE5C1D0D735
(1675525888.353843) vcan0 330#2800000000000000
(1675525888.354812) vcan0 008#56806C2623800080
(1675525888.355846) vcan0 290#0000000000000000
(1675525888.356881) vcan0 260#D0FF00AA497487B0
(1675525888.357985) vcan0 1B0#00C0000005B000FC
(1675525888.359016) vcan0 1B5#FFF68D8A9EE0FFEF
(1675525888.360106) vcan0 010#008000002FB031F8
(1675525888.361196) vcan0 1D0#0000000000000061
(1675525888.364017) vcan0 1D8#363339343234E143
(1675525888.364094) vcan0 1E0#000CC34300B917E0
(1675525888.364244) vcan0 210#08E080A0BF69C145
(1675525888.364322) vcan0 288#EDDF40BF00000080
(1675525888.364409) vcan0 291#0000000000000000
(1675525888.364488) vcan0 2C3#4F9E00FFFFE95450
(1675525888.365143) vcan0 072#F000FF3F00788038
(1675525888.366160) vcan0 3C8#4F9E008E882C008E
(1675525888.366237) vcan0 0E0#E27330F80080CB00
(1675525888.367327) vcan0 008#56807C2B0E800080
(1675525888.368343) vcan0 055#F9F71938B2979E80
(1675525888.369796) vcan0 065#7DE619F800EE7502
(1675525888.369871) vcan0 070#000005F875E20D00
(1675525888.369945) vcan0 075#0000000000005458
(1675525888.370089) vcan0 080#44508000C2002C00
(1675525888.370163) vcan0 0B0#52831AA3E4C152E3
(1675525888.370237) vcan0 145#F912DE80FC4810A1
(1675525888.370312) vcan0 28C#00000000002CFEA9
(1675525888.370454) vcan0 2B5#4BEA166293A67F83
(1675525888.370872) vcan0 0F5#5EA963A97F57A231
(1675525888.370956) vcan0 010#008000002FB031F9
(1675525888.373774) vcan0 120#A4A998A97FFF5589
(1675525888.373848) vcan0 130#AFFF1D772903FF11
(1675525888.373921) vcan0 150#6029FC57FBF71AC0
(1675525888.374065) vcan0 2A9#8C26008AC0000084
(1675525888.374140) vcan0 125#E5F47FE5C1D0D735
(1675525888.374901) vcan0 008#56808C1B0E800080
(1675525888.376004) vcan0 1B0#00C0000002B000FC
(1675525888.377039) vcan0 1B5#FF11A897ABE0FFEF
(1675525888.378075) vcan0 010#008000002FB031F8
(1675525888.379169) vcan0 072#F000FF3F0078A038
(1675525888.380259) vcan0 1D0#0000000000000A61
(1675525888.381277) vcan0 1D8#363339343234E143
(1675525888.382365) vcan0 1E0#000CC30300B917E0
(1675525888.382444) vcan0 350#A200000000000080
(1675525888.385122) vcan0 210#0BE080A0BF69C14D
(1675525888.386159) vcan0 288#F9DF40BF00000080
(1675525888.386238) vcan0 0E0#E2732FC00080AC00
(1675525888.387182) vcan0 008#56809C0B0E800080
(1675525888.388269) vcan0 055#F9F71938B2979E80
(1675525888.388347) vcan0 065#7EE619F803EE7502
(1675525888.389662) vcan0 070#000005F875E20D00
(1675525888.389806) vcan0 075#0000000000005458
(1675525888.389880) vcan0 080#44508000C2002C00
(1675525888.389954) vcan0 0B0#52831AA3E4C152E3
(1675525888.390028) vcan0 145#F902DF80FC4810A1
(1675525888.390172) vcan0 290#0000000000000000
(1675525888.390244) vcan0 260#D0FF0055497487B0
(1675525888.390318) vcan0 2C0#4F9E00000000A0F1
(1675525888.390736) vcan0 2C5#3BDF8DBD7CE6D470
(1675525888.390881) vcan0 0F5#57A967A97F5B9235
(1675525888.395069) vcan0 010#008000002FB031F8
(1675525888.395162) vcan0 120#90A98CA97FFC5589
(1675525888.395235) vcan0 130#B7FF1D7729F3FF11
(1675525888.395380) vcan0 150#6829FE67FBF702C0
(1675525888.395453) vcan0 125#E5F47FE5C1D0D735
(1675525888.395528) vcan0 291#0000000000000000
(1675525888.395601) vcan0 3CA#00000000550000C8
(1675525888.396158) vcan0 072#F000FF3F00788038
(1675525888.396231) vcan0 360#5C9E0058BB4FA001
(1675525888.397198) vcan0 008#5680ACFB0E800080
(1675525888.398301) vcan0 1B0#00C0000003B000FC
(1675525888.399313) vcan0 1B5#FF2CC3A5B9E0FFEF
(1675525888.400482) vcan0 010#008000002FB031F8
(1675525888.401494) vcan0 1D0#0000000000000061
(1675525888.401571) vcan0 1D8#363339343234E143
(1675525888.401649) vcan0 1E0#0010B34300B917E0
(1675525888.401727) vcan0 2C3#4F9E00FFFFE95450
(1675525888.402536) vcan0 390#80FF0500020E5C4F
(1675525888.404997) vcan0 0E0#E2732FC800808C00
(1675525888.407814) vcan0 008#5680BCEB0E800080
(1675525888.408830) vcan0 055#F9F71938B2979E80
(1675525888.408973) vcan0 065#7CE619F800EE7502
(1675525888.409048) vcan0 070#000005F875E20D00
(1675525888.409121) vcan0 075#0000000000005458
(1675525888.409952) vcan0 080#44508000C2002C00
(1675525888.410026) vcan0 0B0#52831AA3E4C152E3
(1675525888.410100) vcan0 145#F9F2D080FC4810A1
(1675525888.410173) vcan0 28C#00000000002CFEA9
(1675525888.410316) vcan0 0F5#6FA967A97F5F8238
(1675525888.411076) vcan0 010#008000002FB031F8
(1675525888.411150) vcan0 072#F000FF3F0078A038
(1675525888.411292) vcan0 120#8CA980A97FFF5589
(1675525888.411368) vcan0 130#BFFF1D7729E3FF11
(1675525888.412139) vcan0 150#7529FE77FBF7E5C0
(1675525888.413583) vcan0 125#E5F47FE5C1D0D735
(1675525888.413658) vcan0 210#0BE080A0BF69C145
(1675525888.413732) vcan0 288#02E040BF00000080
(1675525888.413807) vcan0 2A9#8C260093C0000084
(1675525888.413949) vcan0 2B5#4BEA166293A67F84
(1675525888.414024) vcan0 340#9F00000000000000
(1675525888.414648) vcan0 008#5680CCE900800080
(1675525888.415682) vcan0 290#0000000000000000
(1675525888.419890) vcan0 260#D0FF0055497487B0
(1675525888.421054) vcan0 1B0#00C0000004B000FC
(1675525888.421135) vcan0 010#008000002FB031F8
(1675525888.421210) vcan0 1B5#FF47DDB2C6E0FFEF
(1675525888.421360) vcan0 1D0#0000000000000061
(1675525888.421437) vcan0 1D8#363339343234E143
(1675525888.422094) vcan0 1E0#0014A34300B917E0
(1675525888.422180) vcan0 291#0000000000000000
(1675525888.423198) vcan0 072#F000FF3F00788038
(1675525888.424213) vcan0 3B0#00D8693C66B8C400
(1675525888.425432) vcan0 0E0#E2732CD000806F00
(1675525888.426462) vcan0 008#5680DCD900800080
(1675525888.427477) vcan0 055#F9F71938B2979E80
(1675525888.428561) vcan0 065#7CE619F800EE7502
(1675525888.428635) vcan0 070#000005F875E20D00
(1675525888.428780) vcan0 075#0000000000005458
(1675525888.428853) vcan0 080#44508000C2002C00
(1675525888.429888) vcan0 0B0#52831AA3E4C152E3
(1675525888.429961) vcan0 145#F9E2D180FC4810A1
(1675525888.430106) vcan0 0F5#5EA963A97F63723B
(1675525888.431071) vcan0 120#A0A993A97FFF5589
(1675525888.433958) vcan0 130#C7FF1D7729D3FF11
(1675525888.434030) vcan0 150#65290288FBF7E5C0
(1675525888.434113) vcan0 010#008000002FB031F8
(1675525888.434257) vcan0 330#2800000000000000
(1675525888.434333) vcan0 125#E5F47FE5C1D0D735
(1675525888.435025) vcan0 210#0BE08020BF69C145
(1675525888.436060) vcan0 288#F5DF40BF00000080
(1675525888.437163) vcan0 008#5680ECC900800080
(1675525888.438199) vcan0 1B0#00C0000002B000FC
(1675525888.439268) vcan0 1B5#FF62F8C0D4E0FFEF
(1675525888.440372) vcan0 1D8#363339343234E143
(1675525888.441476) vcan0 010#008000002FB031F8
(1675525888.441551) vcan0 072#F000FF3F0078A038
(1675525888.441625) vcan0 1D0#0000000000000061
(1675525888.441699) vcan0 1E0#0014A30300B917E0
(1675525888.442803) vcan0 2C3#4F9E00FFFFEA5450
(1675525888.446921) vcan0 0E0#E27328D800805300
(1675525888.446995) vcan0 008#5680FCB900800080
(1675525888.447971) vcan0 055#F9F71938B2979E80
(1675525888.448046) vcan0 065#7FE619F801EE7602
(1675525888.449052) vcan0 070#000005F875E20D00
(1675525888.449134) vcan0 075#0000000000005458
(1675525888.449201) vcan0 080#44508000C2002C00
(1675525888.449343) vcan0 0B0#52831AA3E4C152E3
(1675525888.449418) vcan0 145#F9D2D280FC4810A1
(1675525888.450109) vcan0 28C#00000000002CFEA9
(1675525888.450183) vcan0 260#D0FF0055497487B0
(1675525888.450257) vcan0 290#0000000000000000
(1675525888.450402) vcan0 2B5#4BEA166293A67F84
(1675525888.451161) vcan0 0F5#63A96FA97F67623F
(1675525888.451235) vcan0 010#008000002FB031F9
(1675525888.454047) vcan0 120#A0A98CA97FFF5589
(1675525888.454189) vcan0 130#CFFF1D7729C3FF11
(1675525888.454266) vcan0 150#6829FE97FBF7D2C0
(1675525888.454348) vcan0 125#E5F47FE5C1D0D735
(1675525888.454422) vcan0 291#0000000000000000
(1675525888.454566) vcan0 2A9#8C26008AC0000084
(1675525888.454641) vcan0 2C0#4F9E00000000A0F1
(1675525888.454714) vcan0 2C5#3BDF8DBD7FE6D470
(1675525888.454787) vcan0 370#0726C0008803CF1F
(1675525888.454930) vcan0 3AF#0000000000000020
(1675525888.455005) vcan0 3E0#000000D933808092
(1675525888.455149) vcan0 072#F000FF3F00788038
(1675525888.456250) vcan0 008#56800CA900800080
(1675525888.457287) vcan0 1B0#00C0000002B000FC
(1675525888.458320) vcan0 010#008000002FB031F8
(1675525888.461192) vcan0 1B5#FF7D13CDE1E0FFEF
(1675525888.461270) vcan0 1D0#0000000000000A61
(1675525888.461348) vcan0 1D8#363339343234E143
(1675525888.461427) vcan0 1E0#0018934300B917E0
(1675525888.462237) vcan0 210#0BE080A0BF69C14D
(1675525888.462315) vcan0 288#F9DF50AF00000080
(1675525888.463333) vcan0 0E0#E27327E000803400
(1675525888.464349) vcan0 008#56801C9900800080
(1675525888.465436) vcan0 055#F9F71938B2979E80
(1675525888.466452) vcan0 065#7CE619F801EE7502
(1675525888.467540) vcan0 070#000005F873E20D00
(1675525888.470413) vcan0 075#0000000000005458
(1675525888.470558) vcan0 080#43508000C2002C00
(1675525888.470632) vcan0 0B0#52831AA3E3C152E3
(1675525888.470706) vcan0 145#F9C2D380FC4810A1
(1675525888.470780) vcan0 0F5#7BA977A97F6B5242
(1675525888.470922) vcan0 120#77A984A97FFF5589
(1675525888.470998) vcan0 010#008000002FB031F8
(1675525888.471552) vcan0 072#F000FF3F0078A038
(1675525888.471628) vcan0 130#D7FF1D7729B3FF11
(1675525888.471710) vcan0 150#692900A8FBF7C1C0
(1675525888.471784) vcan0 125#E5F47FE5C1D0D735
(1675525888.472614) vcan0 350#A200000000000080
(1675525888.473650) vcan0 008#56802C8900800080
(1675525888.474683) vcan0 290#0000000000000000
(1675525888.477091) vcan0 260#D0FF00AA497487B0
(1675525888.478192) vcan0 1B0#00C0000004B000FC
(1675525888.479308) vcan0 1B5#FF982EDAEEE0FFEF
(1675525888.480325) vcan0 010#008000002FB031F8
(1675525888.481416) vcan0 1D0#0000000000000061
(1675525888.484234) vcan0 1D8#363339343234E143
(1675525888.484313) vcan0 1E0#001C834300B917E0
(1675525888.484390) vcan0 291#0000000000000000
(1675525888.484467) vcan0 2C3#4F9E00FFFFEB5450
(1675525888.485269) vcan0 072#F000FF3F00788038
(1675525888.486357) vcan0 210#0BE080A0BF69C14D
(1675525888.486445) vcan0 288#FEDF50AF00000080
(1675525888.486523) vcan0 0E0#E27326E800801500
(1675525888.487393) vcan0 3C8#4F9E008E882C008E
(1675525888.487474) vcan0 008#56803C7900800080
(1675525888.488493) vcan0 055#F9F71938B2979E80
(1675525888.488567) vcan0 065#7BE619F8FEED7302
(1675525888.488642) vcan0 070#000005F873E20D00
(1675525888.488716) vcan0 075#0000000000005458
(1675525888.491330) vcan0 080#43508000C2002C00
(1675525888.491402) vcan0 0B0#52831AA3E3C152E3
(1675525888.491477) vcan0 145#F9B2D480FC4810A1
(1675525888.491551) vcan0 28C#00000000002CFEA9
(1675525888.491693) vcan0 2B5#4BEB166293A67F82
(1675525888.491769) vcan0 340#9F00000000000000
(1675525888.491842) vcan0 0F5#5EA967A97F6F4245
(1675525888.491988) vcan0 120#98A9A8A97FFF5589
(1675525888.491998) vcan0 010#008000002FB031F8
(1675525888.492142) vcan0 130#DFFF1D7729A3FF11
(1675525888.492216) vcan0 150#692900B8FBF7B1C0
(1675525888.492291) vcan0 2A9#8C260093C0000084
(1675525888.492364) vcan0 125#E5F47FE5C1D0D735
(1675525888.493467) vcan0 360#5C9E0058BB4FA001
(1675525888.494501) vcan0 008#56804C6900800080
(1675525888.498448) vcan0 1B0#00C0000005B000FC
(1675525888.499540) vcan0 1B5#FFB349E8FCE0FFEF
(1675525888.500702) vcan0 010#008000002FB031F8
(1675525888.500780) vcan0 072#F000FF3F0078A038
(1675525888.501723) vcan0 1D0#0000000000000061
(1675525888.501801) vcan0 1D8#363339343234E143
(1675525888.501953) vcan0 1E0#001C830300B917E0
(1675525888.502031) vcan0 390#80FF0500020E5C6F
(1675525888.502829) vcan0 0E0#E27324F00080F700
(1675525888.505302) vcan0 008#56805C5900800080
(1675525888.506319) vcan0 055#F9F71938B2979E80
(1675525888.509177) vcan0 065#7BE619F8FFED7302
(1675525888.509251) vcan0 070#000005F873E20D00
(1675525888.509326) vcan0 075#0000000000005458
(1675525888.509470) vcan0 080#43508000C2002C00
(1675525888.509543) vcan0 0B0#52831AA3E3C152E3
(1675525888.509619) vcan0 145#F9A2D580FC4810A1
(1675525888.510242) vcan0 290#0000000000000000
(1675525888.510317) vcan0 2C0#4F9E00000000A0F1
(1675525888.510391) vcan0 260#D0FF00AA497487B0
(1675525888.510533) vcan0 2C5#3BDF8DBD7CE6D470
(1675525888.510609) vcan0 010#008000002FB031F8
(1675525888.511302) vcan0 0F5#6BA973A97F733249
(1675525888.511377) vcan0 120#ACA988A97F005689
(1675525888.511519) vcan0 130#E7FF1D772993FF11
(1675525888.511604) vcan0 150#6229FEC7FBF7A8C0
(1675525888.514214) vcan0 125#E5F47FE5C1D0D735
(1675525888.514289) vcan0 210#0BE080A0BF69C145
(1675525888.514362) vcan0 288#E5DF50AF00000080
(1675525888.514504) vcan0 291#0000000000000000
(1675525888.514579) vcan0 330#2800000000000000
(1675525888.514653) vcan0 3CA#00000000560000C8
(1675525888.514727) vcan0 3D0#990F6100641B80C3
(1675525888.515281) vcan0 072#F000FF3F00788038
(1675525888.516316) vcan0 008#56806C4900800080
(1675525888.517420) vcan0 1B0#00C0000002B000FC
(1675525888.518442) vcan0 1B5#FFCE64F509E0FFEF
(1675525888.519534) vcan0 010#008000002FB031F8
(1675525888.520621) vcan0 1D0#0000000000000061
(1675525888.521641) vcan0 1D8#363339343234E143
(1675525888.523090) vcan0 1E0#0020734300B917E0
(1675525888.523111) vcan0 2C3#4F9E00FFFFEB5450
(1675525888.526077) vcan0 0E0#E27320F80080DB00
(1675525888.527095) vcan0 008#56807C3900800080
(1675525888.528182) vcan0 055#F9F71938B2979E80
(1675525888.528261) vcan0 065#7EE619F801EE7302
(1675525888.528339) vcan0 070#000005F873E20D00
(1675525888.529242) vcan0 075#0000000000005458
(1675525888.529316) vcan0 080#43508000C2002C00
(1675525888.529460) vcan0 0B0#52831AA3E3C152E3
(1675525888.529533) vcan0 145#F992D680FC4810A1
(1675525888.529607) vcan0 28C#00000000002CFEA9
(1675525888.530299) vcan0 2B5#4BEB166293A67F81
(1675525888.530375) vcan0 0F5#67A973A97F77224C
(1675525888.530517) vcan0 120#80A98CA97FFF5589
(1675525888.531414) vcan0 130#EFFF1D772983FF11
(1675525888.531488) vcan0 150#5E29F9D7FBF79CC0
(1675525888.532943) vcan0 010#008000002FB031F9
(1675525888.533085) vcan0 072#F000FF3F0078A038
(1675525888.533162) vcan0 125#E5F47FE5C1D0D735
(1675525888.533233) vcan0 2A9#8C26008AC0000084
(1675525888.534065) vcan0 210#0BE080A0BF69C14D
(1675525888.535099) vcan0 288#F1DF50AF00000080
(1675525888.539311) vcan0 008#56808C2900800080
(1675525888.539390) vcan0 290#0000000000000000
(1675525888.540334) vcan0 260#D0FF00AA497487B0
(1675525888.540485) vcan0 1B0#00C0000005B000FC
(1675525888.540562) vcan0 1B5#FFE87F0217E0FFEF
(1675525888.541434) vcan0 010#008000002FB031F8
(1675525888.541512) vcan0 1D0#0000000000000A61
(1675525888.541589) vcan0 1D8#363339343234E143
(1675525888.541739) vcan0 1E0#0024634300B917E0
(1675525888.541899) vcan0 291#0000000000000000
(1675525888.542483) vcan0 072#F000FF3F00788038
(1675525888.543572) vcan0 3B0#00D8693866B8C400
(1675525888.544590) vcan0 0E0#E2731EC00080BD00
(1675525888.545676) vcan0 008#56809C1900800080
(1675525888.546837) vcan0 055#F9F71938B2979E80
(1675525888.547853) vcan0 065#7BE619F800EE7302
(1675525888.548922) vcan0 070#000005F873E20D00
(1675525888.550368) vcan0 075#0000000000005458
(1675525888.550443) vcan0 080#42508000C2002C00
(1675525888.550517) vcan0 0B0#52831AA3E4C152E3
(1675525888.550592) vcan0 145#F982D780FC4810A1
(1675525888.550736) vcan0 370#0726C0008803CF1F
(1675525888.553348) vcan0 0F5#63A96BA97F7B124F
(1675525888.553422) vcan0 120#93A990A97F025689
(1675525888.553495) vcan0 010#008000002FB031F8
(1675525888.553638) vcan0 130#F7FF1D772973FF11
(1675525888.553721) vcan0 150#6D29FDE7FBF77DC0
(1675525888.553796) vcan0 125#E5F47FE5C1D0D735
(1675525888.554421) vcan0 008#5680AC0900800080
(1675525888.555458) vcan0 1B0#00C0000002B000FC
(1675525888.556559) vcan0 1B5#FF039A1024E0FFEF
(1675525888.557593) vcan0 1D8#363339343234E143
(1675525888.558665) vcan0 010#008000002FB031F8
(1675525888.559682) vcan0 072#F000FF3F0078A038
(1675525888.560773) vcan0 1D0#0000000000000061
(1675525888.561790) vcan0 1E0#0024630300B917E0
(1675525888.561939) vcan0 210#0BE080A0BF69C145
(1675525888.563172) vcan0 288#E9DF609F00000080
(1675525888.563251) vcan0 2C3#4F9E00FFFFEC5450
(1675525888.563329) vcan0 350#A200000000000080
(1675525888.566147) vcan0 0E0#E2731AC80080A100
(1675525888.567166) vcan0 008#5680BCF900800080
(1675525888.568333) vcan0 055#F9F71938B2979E80
(1675525888.568486) vcan0 065#7CE619F800EE7302
(1675525888.569316) vcan0 070#000005F873E20D00
(1675525888.569460) vcan0 075#0000000000005458
(1675525888.569533) vcan0 080#43508000C2002C00
(1675525888.569609) vcan0 0B0#52831AA3E4C152E3
(1675525888.570439) vcan0 145#F972D880FC4810A1
(1675525888.570512) vcan0 260#D0FF0055497487B0
(1675525888.570586) vcan0 28C#00000000002CFEA9
(1675525888.570661) vcan0 010#008000002FB031F8
(1675525888.570803) vcan0 0F5#5EA963A97F7F0253
(1675525888.571496) vcan0 120#A0A993A97F005689
(1675525888.571570) vcan0 130#FFFF1D772963FF11
(1675525888.574322) vcan0 150#6729FCF7FBF773C0
(1675525888.574397) vcan0 125#E5F47FE5C1D0D735
(1675525888.574471) vcan0 290#0000000000000000
(1675525888.574555) vcan0 291#0000000000000000
(1675525888.574628) vcan0 2A9#8C260082C0000084
(1675525888.574770) vcan0 2B5#4BEC166293A67E81
(1675525888.574846) vcan0 2C0#4F9E00000000A0F1
(1675525888.574918) vcan0 2C5#3ADF8DBD7CE6D470
(1675525888.574993) vcan0 340#9F00000000000000
(1675525888.575174) vcan0 3AF#0000000000000020
(1675525888.575211) vcan0 400#0201020001010023
(1675525888.575285) vcan0 405#0000000000000026
(1675525888.575359) vcan0 072#F000FF3F00788038
(1675525888.576464) vcan0 008#5680CCE900800080
(1675525888.577498) vcan0 1B0#00C0000001B000FC
(1675525888.579845) vcan0 1B5#FF1EB41D31E0FFEF
(1675525888.580935) vcan0 010#008000002FB031F8
(1675525888.581013) vcan0 1D0#0000000000000061
(1675525888.581091) vcan0 1D8#363339343234E143
(1675525888.581971) vcan0 1E0#0028534300B917E0
(1675525888.585875) vcan0 210#0BE08020BF69C14D
(1675525888.585954) vcan0 288#DDDF609F00000080
(1675525888.586897) vcan0 0E0#E27316D000808500
(1675525888.587047) vcan0 008#5680DCD900800080
(1675525888.587993) vcan0 055#F9F71938B2979E80
(1675525888.588072) vcan0 065#7DE619F800EE7302
(1675525888.589135) vcan0 070#000005F873E20D00
(1675525888.589201) vcan0 075#0000000000005458
(1675525888.589276) vcan0 080#43508000C2002C00
(1675525888.589349) vcan0 0B0#52831AA3E3C152E3
(1675525888.589494) vcan0 145#F962D980FC4810A1
(1675525888.590187) vcan0 0F5#5BA973A97F43F256
(1675525888.591222) vcan0 120#8CA990A97FFF5589
(1675525888.591296) vcan0 010#008000002FB031F8
(1675525888.591440) vcan0 072#F000FF3F0078A038
(1675525888.592553) vcan0 130#87FF1D772953FF11
(1675525888.592627) vcan0 125#E5F47FE5C1D0D735
(1675525888.592702) vcan0 150#6629F907FBF764C0
(1675525888.592845) vcan0 330#2800000000000000
(1675525888.593605) vcan0 360#5C9E0058BB4FA001
(1675525888.597451) vcan0 008#5680ECC900800080
(1675525888.598592) vcan0 290#0000000000000000
(1675525888.599609) vcan0 260#D0FF0055497487B0
(1675525888.600698) vcan0 1B0#00C0000003B000FC
(1675525888.600776) vcan0 1B5#FF39CF2B3FE0FFEF
(1675525888.600854) vcan0 010#008000002FB031F8
(1675525888.600932) vcan0 1D0#0000000000000061
(1675525888.601804) vcan0 1D8#363339343234E143
(1675525888.601953) vcan0 1E0#002C434300B917E0
(1675525888.602030) vcan0 291#0000000000000000
(1675525888.602108) vcan0 2C3#4F9E00FFFFEC5450
(1675525888.602919) vcan0 390#80FF050002065E4F
(1675525888.603935) vcan0 072#F000FF3F00788038
(1675525888.606394) vcan0 3C8#4F9E008E882C008E
(1675525888.606472) vcan0 0E0#E27313D800806800
(1675525888.609179) vcan0 008#5680FCB900800080
(1675525888.609254) vcan0 055#F9F71938B2979E80
(1675525888.609329) vcan0 065#7FE619F802EE7302
(1675525888.609402) vcan0 070#000005F873E20D00
(1675525888.609545) vcan0 075#0000000000005458
(1675525888.609621) vcan0 080#43508000C2002C00
(1675525888.609693) vcan0 0B0#52831AA3E3C152E3
(1675525888.609769) vcan0 145#F952DA80FC4810A1
(1675525888.610254) vcan0 28C#00000000002CFEA9
(1675525888.610329) vcan0 2B5#4BEC166293A67E82
(1675525888.610403) vcan0 0F5#6BA963A97F47E259
(1675525888.610478) vcan0 120#90A990A97FFE5589
(1675525888.611315) vcan0 010#008000002FB031F9
(1675525888.611390) vcan0 130#8FFF1D772943FF11
(1675525888.611464) vcan0 150#7529F417FBF745C0
(1675525888.612705) vcan0 210#0BE080A0BF69C145
(1675525888.612779) vcan0 125#E5F47FE5C1D0D735
(1675525888.612923) vcan0 288#F1DF609F00000080
(1675525888.612996) vcan0 2A9#8C26009BC0000084
(1675525888.613757) vcan0 008#56800CA900800080
(1675525888.616233) vcan0 1B0#00C0000003B000FC
(1675525888.617335) vcan0 1B5#FF54EA384CE0FFEF
(1675525888.618368) vcan0 010#008000002FB031F8
(1675525888.619457) vcan0 072#F000FF3F0078A038
(1675525888.620475) vcan0 1D0#0000000000000A61
(1675525888.621635) vcan0 1D8#363339343234E143
(1675525888.621713) vcan0 1E0#002C430300B917E0
(1675525888.625326) vcan0 0E0#E27312E000804900
(1675525888.626497) vcan0 008#56801C9900800080
(1675525888.627513) vcan0 055#F9F71938B2979E80
(1675525888.628600) vcan0 065#7DE619F800EE7302
(1675525888.628675) vcan0 070#000005F873E20D00
(1675525888.628751) vcan0 075#0000000000005458
(1675525888.631430) vcan0 080#43508000C2002C00
(1675525888.631504) vcan0 0B0#52831AA3E3C152E3
(1675525888.631579) vcan0 145#F942DB80FC4810A1
(1675525888.631722) vcan0 290#0000000000000000
(1675525888.631796) vcan0 2C0#4F9E00010000A0F1
(1675525888.631870) vcan0 260#D0FF0055497487B0
(1675525888.631943) vcan0 0F5#67A96BA97F4BD25D
(1675525888.632087) vcan0 120#ACA990A97F015689
(1675525888.632162) vcan0 130#97FF1D772933FF11
(1675525888.632234) vcan0 150#6429FD27FBF746C0
(1675525888.632310) vcan0 010#008000002FB031F8
(1675525888.632392) vcan0 291#0000000000000000
(1675525888.632537) vcan0 125#E5F77FE5C1D0D735
(1675525888.632611) vcan0 2C5#3ADF8DBD80E6D470
(1675525888.632686) vcan0 3CA#00000000400000C8
(1675525888.635159) vcan0 072#F000FF3F00788038
(1675525888.636195) vcan0 210#0BE080A0BF69C145
(1675525888.636269) vcan0 288#F1DF609F00000080
(1675525888.637234) vcan0 008#56802C8900800080
(1675525888.638338) vcan0 1B0#00C0000001B000FC
(1675525888.639386) vcan0 1B5#FF6F05455AE0FFEF
(1675525888.640401) vcan0 010#008000002FB031F8
(1675525888.641492) vcan0 1D0#0000000000000061
(1675525888.641569) vcan0 1D8#363339343234E143
(1675525888.641722) vcan0 1E0#0030334300B917E0
(1675525888.644249) vcan0 2C3#4F9E00FFFFED5450
(1675525888.645263) vcan0 0E0#E2730FE800802C00
(1675525888.646362) vcan0 008#56803C7900800080
(1675525888.647380) vcan0 055#F9F71938B2979E80
(1675525888.648486) vcan0 065#7AE619F8FEED7302
(1675525888.648561) vcan0 070#000005F873E20D00
(1675525888.649941) vcan0 075#0000000000005458
(1675525888.650042) vcan0 080#43508000C2002C00
(1675525888.650158) vcan0 0B0#52831AA3E3C152E3
(1675525888.650233) vcan0 145#F932DC80FC4810A1
(1675525888.650307) vcan0 28C#00000000002CFEA9
(1675525888.650381) vcan0 2B5#4BEC166293A67E82
(1675525888.650524) vcan0 340#9F00000000000000
(1675525888.651011) vcan0 0F5#5EA96BA97F4FC260
(1675525888.651155) vcan0 120#9CA993A97FFF5589
(1675525888.651229) vcan0 010#008000002FB031F8
(1675525888.653773) vcan0 072#F000FF3F0078A038
(1675525888.653848) vcan0 130#9FFF1D772923FF11
(1675525888.653933) vcan0 150#6B29FD37FBF72FC0
(1675525888.654008) vcan0 125#E5F77FE5C1D0D735
(1675525888.654152) vcan0 2A9#8C260082C0000084
(1675525888.654225) vcan0 350#A200000000000080
(1675525888.654300) vcan0 370#0726C0008803CF1F
(1675525888.654855) vcan0 008#56804C6900800080
(1675525888.655890) vcan0 290#0000000000000000
(1675525888.656924) vcan0 260#D0FF0055497487B0
(1675525888.658028) vcan0 1B0#00C0000001B000FC
(1675525888.659111) vcan0 1B5#FF8A205367E0FFEF
(1675525888.660149) vcan0 010#008000002FB031F8
(1675525888.661185) vcan0 1D0#0000000000000061
(1675525888.661259) vcan0 1D8#363339343234E143
(1675525888.663939) vcan0 1E0#0034234300B917E0
(1675525888.664014) vcan0 210#0AE080A0BF69C14D
(1675525888.664087) vcan0 288#E9DF708F00000080
(1675525888.664180) vcan0 291#0000000000000000
(1675525888.665012) vcan0 072#F000FF3F00788038
(1675525888.666045) vcan0 3B0#00D8693866B8C600
(1675525888.666119) vcan0 0E0#E27310F000800B00
(1675525888.667084) vcan0 008#56805C5900800080
(1675525888.668187) vcan0 055#F9F71838B2979E80
(1675525888.669745) vcan0 065#7EE619F800EE7302
(1675525888.669825) vcan0 070#000005F871E20D00
(1675525888.669901) vcan0 075#0000000000005458
(1675525888.669979) vcan0 080#42508000C2002C00
(1675525888.670056) vcan0 0B0#52831AA3E3C152E3
(1675525888.670135) vcan0 145#F922DD80FC4810A1
(1675525888.670791) vcan0 0F5#6FA96FA97F53B264
(1675525888.670869) vcan0 120#84A98CA97FFE5589
(1675525888.670948) vcan0 010#008000002FB031F8
(1675525888.671025) vcan0 130#A7FF1D772913FF11
(1675525888.673494) vcan0 150#6729F647FBF723C0
(1675525888.673643) vcan0 330#2800000000000000
(1675525888.673721) vcan0 125#E5F77FE5C1D0D735
(1675525888.674595) vcan0 008#56806C4900800080
(1675525888.675609) vcan0 1B0#00C0000002B000FC
(1675525888.676700) vcan0 1B5#FFA53B6074E0FFEF
(1675525888.677788) vcan0 010#008000002FB031F8
(1675525888.678792) vcan0 072#F000FF3F0078A038
(1675525888.679895) vcan0 1D0#0000000000000061
(1675525888.680930) vcan0 1D8#363339343234E143
(1675525888.681963) vcan0 1E0#0034230300B917E0
(1675525888.682106) vcan0 2C3#4F9E00FFFFEE5450
(1675525888.685678) vcan0 210#0AE080A0BF69C14D
(1675525888.686713) vcan0 288#02E0708F00000080
(1675525888.686855) vcan0 0E0#E2730DF80080EE00
(1675525888.686930) vcan0 008#56807C3900800080
(1675525888.687834) vcan0 055#F9F71838B2979E80
(1675525888.688856) vcan0 065#7BE618F802EE7102
(1675525888.691742) vcan0 070#000005F871E20D00
(1675525888.691884) vcan0 075#0000000000005458
(1675525888.691959) vcan0 080#41508000C2002C00
(1675525888.692032) vcan0 0B0#52831AA3E3C152E3
(1675525888.692106) vcan0 145#F912DE80FC4810A1
(1675525888.692250) vcan0 28C#00000000002CFEA9
(1675525888.692323) vcan0 260#D0FF00AA497487B0
(1675525888.692397) vcan0 290#0000000000000000
(1675525888.692471) vcan0 0F5#5EA96FA97F57A267
(1675525888.692616) vcan0 010#008000002FB031F9
(1675525888.692689) vcan0 120#A0A998A97FFD5589
(1675525888.692764) vcan0 130#AFFF1D772903FF11
(1675525888.692838) vcan0 150#60290058FBF71AC0
(1675525888.692980) vcan0 125#E5F77FE5C1D0D735
(1675525888.693063) vcan0 291#0000000000000000
(1675525888.694782) vcan0 2A9#8C26009BC0000084
(1675525888.694857) vcan0 2B5#4BEC166293A67F80
(1675525888.694999) vcan0 2C0#4F9E00000000A0F1
(1675525888.695073) vcan0 2C5#3ADF8DBD7CE6D470
(1675525888.695148) vcan0 3AF#0000000000000020
(1675525888.695839) vcan0 072#F000FF3F00788038
(1675525888.695981) vcan0 360#5C9E0058BB4FA001
(1675525888.696947) vcan0 008#56808C2900800080
(1675525888.697980) vcan0 1B0#00C0000002B000FC
(1675525888.699016) vcan0 1B5#FFC0566E82E0FFEF
(1675525888.700052) vcan0 010#008000002FB031F8
(1675525888.701153) vcan0 1D0#0000000000000A61
(1675525888.701229) vcan0 1D8#363339343234E143
(1675525888.701301) vcan0 1E0#0038134300B917E0
(1675525888.702200) vcan0 390#80FF050002065E4F
(1675525888.704622) vcan0 0E0#E27308C00080D300
(1675525888.707436) vcan0 008#56809C1900800080
(1675525888.708488) vcan0 055#F9F71838B2979E80
(1675525888.708562) vcan0 065#7AE618F8FFED7102
(1675525888.708636) vcan0 070#000005F871E20D00
(1675525888.708779) vcan0 075#0000000000005458
(1675525888.709539) vcan0 080#41508000C2002C00
(1675525888.709614) vcan0 0B0#52831AA3E4C152E3
(1675525888.709758) vcan0 145#F902DF80FC4810A1
(1675525888.710587) vcan0 0F5#5BA967A97F5B926A
(1675525888.710731) vcan0 120#A8A988A97FFF5589
(1675525888.710805) vcan0 010#008000002FB031F8
(1675525888.710880) vcan0 072#F000FF3F0078A038
(1675525888.711708) vcan0 130#B7FF1D7729F3FF11
(1675525888.711782) vcan0 150#65290068FBF705C0
(1675525888.711856) vcan0 125#E5FA7FE5C1D0D735
(1675525888.713104) vcan0 210#0AE080A0BF69C145
(1675525888.713180) vcan0 288#F9DF708F00000080
(1675525888.713254) vcan0 3D0#990F6100641B80C3
(1675525888.714085) vcan0 008#5680AC0900800080
(1675525888.715118) vcan0 290#0000000000000000
(1675525888.719099) vcan0 260#D0FF00AA497487B0
(1675525888.720117) vcan0 1B0#00C0000002B000FC
(1675525888.720270) vcan0 1B5#FFDB717B8FE0FFEF
(1675525888.721215) vcan0 010#008000002FB031F8
(1675525888.721294) vcan0 1D0#0000000000000061
(1675525888.721370) vcan0 1D8#363339343234E143
(1675525888.721449) vcan0 1E0#003C034300B917E0
(1675525888.722247) vcan0 291#0000000000000000
(1675525888.722397) vcan0 2C3#4F9E00FFFFEE5450
(1675525888.723415) vcan0 072#F000FF3F00788038
(1675525888.724505) vcan0 0E0#E27304C80080B700
(1675525888.725531) vcan0 3C8#4F9E008E882C008E
(1675525888.726621) vcan0 008#5680BCF900800080
(1675525888.727926) vcan0 055#F9F71838B2979E80
(1675525888.728006) vcan0 065#7AE618F8FEED7102
(1675525888.728995) vcan0 070#000005F871E20D00
(1675525888.729070) vcan0 075#0000000000005458
(1675525888.731817) vcan0 080#41508000C2002C00
(1675525888.731892) vcan0 0B0#52831AA3E4C152E3
(1675525888.731967) vcan0 145#F9F2D080FC4810A1
(1675525888.732109) vcan0 28C#00000000002CFEA9
(1675525888.732183) vcan0 2B5#4BED166293A67E7F
(1675525888.732257) vcan0 340#9F00000000000000
(1675525888.732331) vcan0 0F5#67A96FA97F5F826E
(1675525888.732474) vcan0 120#7BA990A97FFC5589
(1675525888.732549) vcan0 130#BFFF1D7729E3FF11
(1675525888.732622) vcan0 150#5C29FF77FBF7FEC0
(1675525888.732706) vcan0 010#008000002FB031F8
(1675525888.732782) vcan0 125#E5FA7FE5C1D0D735
(1675525888.732926) vcan0 2A9#8C260082C0000084
(1675525888.733002) vcan0 210#0AE08020BF69C14D
(1675525888.733966) vcan0 288#06E0708F00000080
(1675525888.736512) vcan0 008#5680CCE900800080
