(1675526565.591524) vcan0 072#F000FF3F00788038
(1675526565.591650) vcan0 1D0#0000000000000A61
(1675526565.591724) vcan0 210#28E180A0A869F14D
(1675526565.591799) vcan0 288#02E050AF00000080
(1675526565.594164) vcan0 1B0#00C0340001B04AEC
(1675526565.595396) vcan0 1B5#FF87EC5B8BE0FFEF
(1675526565.595544) vcan0 125#E51F80E4C1D0D735
(1675526565.595623) vcan0 1D8#363339343234DD43
(1675526565.595701) vcan0 1E0#0028534300B917E0
(1675526565.599385) vcan0 008#3280BC0F0E800080
(1675526565.600903) vcan0 010#000000002FB031F8
(1675526565.600981) vcan0 291#0000000000000000
(1675526565.601135) vcan0 400#0A02010204010111
(1675526565.601210) vcan0 405#D5079A9B48186701
(1675526565.602369) vcan0 425#0000000000000000
(1675526565.603968) vcan0 0F5#FC82FB82BF43F15D
(1675526565.604046) vcan0 120#FD82F6827F055689
(1675526565.604122) vcan0 130#87E41D0303EDE111
(1675526565.604220) vcan0 150#FF02000801F8F2C0
(1675526565.605392) vcan0 055#B8F7FC67B3009C80
(1675526565.605535) vcan0 065#49E3F7F7008EFB01
(1675526565.605609) vcan0 070#000046F8FEE15700
(1675526565.608421) vcan0 072#F000FF3F0078A038
(1675526565.608497) vcan0 075#0000000000005458
(1675526565.608640) vcan0 080#F74F8000C2002C00
(1675526565.608713) vcan0 0B0#50837FA2FEC150A3
(1675526565.608787) vcan0 145#FD32DC80FCC810A1
(1675526565.608860) vcan0 290#0000000000000000
(1675526565.609003) vcan0 2C0#5D8700620300A0F1
(1675526565.609077) vcan0 2C5#00D7223C4CE30070
(1675526565.609151) vcan0 370#0724C0005A1BC700
(1675526565.609234) vcan0 3E0#000000D937808090
(1675526565.609924) vcan0 0E0#E27308F000801300
(1675526565.609997) vcan0 008#3280CCFF0E800080
(1675526565.611440) vcan0 010#000000002FB031F8
(1675526565.611515) vcan0 1D0#0000000000000061
(1675526565.614248) vcan0 1B0#00C0350001B04CEC
(1675526565.615410) vcan0 1B5#FF89EE5C8CE0FFEF
(1675526565.615560) vcan0 125#E51C80E4C1D0D735
(1675526565.615638) vcan0 1D8#363339343234DD43
(1675526565.615716) vcan0 1E0#002C434300B917E0
(1675526565.616945) vcan0 2C3#5D8700FFFF085450
(1675526565.617023) vcan0 210#28E180A0A869F145
(1675526565.617102) vcan0 288#FEDF50AF00000080
(1675526565.618404) vcan0 260#D0FF00AA497487B0
(1675526565.619924) vcan0 008#3480DCD823800080
(1675526565.621371) vcan0 010#000000002FB031F8
(1675526565.621530) vcan0 072#F000FF3F00788038
(1675526565.621608) vcan0 2A9#8C260093C0000084
(1675526565.624139) vcan0 0F5#F182EF82BF47E15D
(1675526565.625379) vcan0 120#F282F6827F055689
(1675526565.625521) vcan0 130#8FE41DF902E8DE11
(1675526565.625595) vcan0 150#F502FF1701F8ECC0
(1675526565.628410) vcan0 055#B8F7FC67B3009C80
(1675526565.628551) vcan0 065#4AE3F9F7018EFC01
(1675526565.628625) vcan0 070#000046F8FEE15700
(1675526565.628700) vcan0 075#0000000000005458
(1675526565.628775) vcan0 080#F74F8000C2002C00
(1675526565.628916) vcan0 0B0#4F837FA2FEC14FA3
(1675526565.628990) vcan0 145#FD22DD80FCC810A1
(1675526565.629064) vcan0 28C#000020000016BE92
(1675526565.629138) vcan0 2B5#4B47586293A64A3B
(1675526565.629281) vcan0 340#5200000000000000
(1675526565.629364) vcan0 360#5D8700D3BF64A001
(1675526565.629918) vcan0 0E0#E2730AF80080F100
(1675526565.630062) vcan0 008#3480ECC823800080
(1675526565.631439) vcan0 010#000000002FB031F8
(1675526565.631512) vcan0 1D0#0000000000000061
(1675526565.631656) vcan0 291#0000000000000000
(1675526565.631729) vcan0 390#80FF051D0222574F
(1675526565.634188) vcan0 1B0#00C0350002B04EEC
(1675526565.635423) vcan0 1B5#FF8BF05D8DE0FFEF
(1675526565.635500) vcan0 125#E51C80E4C1D0D735
(1675526565.635578) vcan0 1D8#363339343234DD43
(1675526565.635728) vcan0 1E0#002C430300B917E0
(1675526565.636888) vcan0 290#0000000000000000
(1675526565.637038) vcan0 072#F000FF3F0078A038
(1675526565.637115) vcan0 3B0#00D819383FBCC400
(1675526565.639713) vcan0 008#3680FCB623800080
(1675526565.640955) vcan0 010#000000002FB031F8
(1675526565.642402) vcan0 210#29E180A0A869F14D
(1675526565.642552) vcan0 330#2800000000000000
(1675526565.642629) vcan0 288#06E050AF00000080
(1675526565.642706) vcan0 3D0#8A0F6100340680C3
(1675526565.643940) vcan0 0F5#E982E582BF4BD15E
(1675526565.644017) vcan0 120#E982E8827F065689
(1675526565.644094) vcan0 130#97E11DF002E1DE11
(1675526565.644174) vcan0 150#EA02FF2701F8E7C0
(1675526565.645413) vcan0 3CA#00000000520000C8
(1675526565.645556) vcan0 055#B7F7FC67B3009C80
(1675526565.645630) vcan0 065#4AE3F8F7008EFC01
(1675526565.645704) vcan0 070#000047F8FEE15800
(1675526565.646940) vcan0 075#0000000000005458
(1675526565.647016) vcan0 080#F64F8000C2002C00
(1675526565.647090) vcan0 0B0#4E837FA2FEC14EA3
(1675526565.647241) vcan0 145#FD12DE80FCC810A1
(1675526565.647316) vcan0 430#2A082A00000015A6
(1675526565.648416) vcan0 260#D0FF00AA497487B0
(1675526565.649928) vcan0 0E0#E27304C00080D700
