(1675525583.610132) vcan0 065#5BE5EFF7FC8DD601
(1675525583.610203) vcan0 070#00000FF8D6E11500
(1675525583.610286) vcan0 075#0000000000005458
(1675525583.611066) vcan0 080#D64F8000C2002C00
(1675525583.611150) vcan0 0B0#398309A3D5C139A3
(1675525583.611233) vcan0 145#F9B2D480FCC810A1
(1675525583.611317) vcan0 1B0#00C0000000B000FC
(1675525583.611400) vcan0 1B5#FF47326E54E0FFEF
(1675525583.612182) vcan0 1D8#363339343234DB43
(1675525583.612276) vcan0 1E0#0030334300B917E0
(1675525583.612360) vcan0 2C3#669C00FFFFC55450
(1675525583.613526) vcan0 010#000000002FB031F8
(1675525583.613610) vcan0 072#F000FF3F0078A038
(1675525583.613694) vcan0 125#E5EE7FE4C1D0D735
(1675525583.613778) vcan0 2A9#8C26009BC0000084
(1675525583.616104) vcan0 210#08E080A0B569B345
(1675525583.617115) vcan0 008#68802C7700800080
(1675525583.618207) vcan0 290#0000000000000000
(1675525583.619296) vcan0 0F5#DB94DF947F6F4207
(1675525583.620355) vcan0 120#039524957FF75589
(1675525583.621754) vcan0 130#DFF71D0E1520F111
(1675525583.621838) vcan0 150#DD14F8B7F7F752C0
(1675525583.623391) vcan0 010#000000002FB031F8
(1675525583.623475) vcan0 1D0#0000000000000061
(1675525583.623557) vcan0 291#0000000000000000
(1675525583.624438) vcan0 260#D0FF00AA497487B0
(1675525583.625527) vcan0 072#F000FF3F00788038
(1675525583.626617) vcan0 3B0#00D8743879B0C600
(1675525583.627707) vcan0 0E0#E2732EC800808D00
(1675525583.628797) vcan0 008#68803C6700800080
(1675525583.631512) vcan0 055#F0F7F027B2009C80
(1675525583.631596) vcan0 065#5BE5F0F7FF8DD601
(1675525583.631679) vcan0 070#00000FF8D6E11500
(1675525583.631763) vcan0 075#0000000000005458
(1675525583.631847) vcan0 080#D64F8000C2002C00
(1675525583.631931) vcan0 0B0#398308A3D5C139A3
(1675525583.632013) vcan0 145#F9A2D580FCC810A1
(1675525583.632098) vcan0 1B0#00C0000001B000FC
(1675525583.633108) vcan0 1B5#FF543F755BE0FFEF
(1675525583.633192) vcan0 1D8#363339343234DB43
(1675525583.633276) vcan0 1E0#0030330300B917E0
(1675525583.633367) vcan0 288#E5DFA05F00000080
(1675525583.633452) vcan0 010#000000002FB031F9
(1675525583.633535) vcan0 28C#00000000002CBEA5
(1675525583.633619) vcan0 2B5#4BC1296293A62600
(1675525583.633703) vcan0 330#2800000000000000
(1675525583.633786) vcan0 125#E5EE7FE4C1D0D735
(1675525583.634258) vcan0 370#0727C0006B03CB1F
(1675525583.636973) vcan0 350#A200000000000080
(1675525583.638065) vcan0 008#68804C5700800080
(1675525583.639154) vcan0 0F5#D394E0947F733209
(1675525583.640273) vcan0 120#F59413957FF85589
(1675525583.640357) vcan0 130#E7F71D0E1510F711
(1675525583.640442) vcan0 150#D914F6C7F7F746C0
(1675525583.641379) vcan0 010#000000002FB031F8
(1675525583.642469) vcan0 072#F000FF3F0078A038
(1675525583.643790) vcan0 1D0#0000000000000261
(1675525583.643881) vcan0 210#08E080A0B569B24D
(1675525583.647837) vcan0 0E0#E2732CD000806F00
(1675525583.647919) vcan0 008#68805C4700800080
(1675525583.648931) vcan0 055#F0F7F027B2009C80
(1675525583.650024) vcan0 065#5EE5F0F7018ED601
(1675525583.650109) vcan0 070#00000FF8D6E11500
(1675525583.650192) vcan0 075#0000000000005458
(1675525583.651049) vcan0 080#D64F8000C2002C00
(1675525583.651133) vcan0 0B0#398309A3D5C139A3
(1675525583.651218) vcan0 145#F992D680FCC810A1
(1675525583.651302) vcan0 1B0#00C0000001B000FC
(1675525583.652157) vcan0 1B5#FF624D7C62E0FFEF
(1675525583.652242) vcan0 1D8#363339343234DB43
(1675525583.652326) vcan0 010#000000002FB031F8
(1675525583.655040) vcan0 1E0#0034234300B917E0
(1675525583.655123) vcan0 290#0000000000000000
(1675525583.655216) vcan0 291#0000000000000000
(1675525583.655302) vcan0 2A9#8C260082C0000084
(1675525583.655383) vcan0 2C0#669C008B0100A0F1
(1675525583.655467) vcan0 125#E5EE7FE4C1D0D735
(1675525583.655550) vcan0 2C3#669C00FFFFC55450
(1675525583.655635) vcan0 2C5#00DF6FE65FE50070
(1675525583.655719) vcan0 260#D0FF00AA497487B0
(1675525583.655802) vcan0 288#EDDFB04F00000080
(1675525583.656119) vcan0 072#F000FF3F00788038
(1675525583.657210) vcan0 008#68806C3700800080
(1675525583.658223) vcan0 0F5#D794E7947F77220B
(1675525583.660728) vcan0 120#FF9403957FF85589
(1675525583.660813) vcan0 130#EFF71D03150BF711
(1675525583.660895) vcan0 150#DF14FAD7F7F730C0
(1675525583.662142) vcan0 010#000000002FB031F8
(1675525583.663231) vcan0 1D0#0000000000000861
(1675525583.665727) vcan0 210#08E080A0B569B24D
(1675525583.666815) vcan0 0E0#E27328D800805300
(1675525583.667906) vcan0 008#68807C2700800080
(1675525583.670738) vcan0 055#F0F7F027B2009C80
(1675525583.670821) vcan0 065#60E5F0F7028ED601
(1675525583.670905) vcan0 070#00000FF8D6E11500
(1675525583.670989) vcan0 075#0000000000005458
(1675525583.671073) vcan0 080#D64F8000C2002C00
(1675525583.671157) vcan0 0B0#398309A3D5C139A3
(1675525583.671239) vcan0 145#F982D780FCC810A1
