(1675525694.840057) vcan0 075#0000000000005458
(1675525694.842575) vcan0 080#E94F8000C2002C00
(1675525694.842656) vcan0 0B0#528314A3E1C152A3
(1675525694.842806) vcan0 0E0#62731CF00080FF00
(1675525694.842884) vcan0 145#F9D2D280FC4810A1
(1675525694.842978) vcan0 010#009000002FB031F8
(1675525694.843057) vcan0 1D0#0000000000000061
(1675525694.843789) vcan0 390#80FF051D021A594F
(1675525694.844807) vcan0 008#3480044B00800080
(1675525694.845969) vcan0 125#E50A80E4C1D0D735
(1675525694.846048) vcan0 1B0#00C0000003B000FC
(1675525694.847138) vcan0 1B5#FF2D93EEE1E0FFEF
(1675525694.847217) vcan0 1D8#363339343234E043
(1675525694.847294) vcan0 1E0#0000F34300B917E0
(1675525694.847373) vcan0 2C3#528700FFFFEE5450
(1675525694.848175) vcan0 290#0000000000000000
(1675525694.850567) vcan0 010#009000002FB031F8
(1675525694.853219) vcan0 072#F000FF3F0088A038
(1675525694.853294) vcan0 210#24E080A0A869CF4D
(1675525694.853370) vcan0 2A9#8C260082C0000084
(1675525694.854270) vcan0 008#3480143B00800080
(1675525694.855400) vcan0 0F5#02A3FBA27F47E2F5
(1675525694.856436) vcan0 120#4CA32EA37F005689
(1675525694.856578) vcan0 130#8FF41D31238FF411
(1675525694.856652) vcan0 150#FE22FD17FDF7C3C0
(1675525694.857620) vcan0 350#A200000000000080
(1675525694.861812) vcan0 055#F7F7F727B2009C80
(1675525694.861955) vcan0 065#9FE6F7F700DEE101
(1675525694.862029) vcan0 070#000007F8E1E10F00
(1675525694.862102) vcan0 075#0000000000005458
(1675525694.862178) vcan0 080#E94F8000C2002C00
(1675525694.862252) vcan0 0B0#528314A3E1C152A3
(1675525694.862394) vcan0 0E0#62731CF80080DF00
(1675525694.862469) vcan0 145#F9C2D380FC4810A1
(1675525694.862568) vcan0 288#02E030CF00000080
(1675525694.862646) vcan0 28C#000000000014BEA9
(1675525694.862797) vcan0 2B5#4B7B2E6293A6A800
(1675525694.862956) vcan0 010#009000002FB031F8
(1675525694.863034) vcan0 1D0#0000000000000061
(1675525694.863110) vcan0 291#0000000000000000
(1675525694.863983) vcan0 008#3480242B00800080
(1675525694.865072) vcan0 125#E50A80E4C1D0D735
(1675525694.866236) vcan0 1B0#00C0000004B000FC
(1675525694.866315) vcan0 1B5#FF44AAF9ECE0FFEF
(1675525694.867260) vcan0 1D8#363339343234E043
(1675525694.867337) vcan0 1E0#0000F30300B917E0
(1675525694.868572) vcan0 072#F000FF3F00888038
(1675525694.868721) vcan0 3B0#00D849383CB4C400
(1675525694.868800) vcan0 260#D0FF00AA497487B0
(1675525694.871336) vcan0 010#009000002FB031F9
(1675525694.872353) vcan0 008#3480341B00800080
(1675525694.873476) vcan0 0F5#FBA205A37F4BD2F8
(1675525694.874513) vcan0 120#3BA327A37F095689
(1675525694.875559) vcan0 130#97F41D31237FF411
(1675525694.876665) vcan0 150#0023FF27FDF7B0C0
(1675525694.877702) vcan0 210#24E080A0A869CF45
(1675525694.880521) vcan0 055#F7F7F727B2009C80
(1675525694.880596) vcan0 065#9FE6F7F700DEE201
(1675525694.880669) vcan0 070#000007F8E2E10F00
(1675525694.880812) vcan0 075#0000000000005458
(1675525694.880885) vcan0 080#EA4F8000C2002C00
(1675525694.880960) vcan0 0B0#528314A3E2C152A3
(1675525694.883440) vcan0 0E0#627318C00080C300
(1675525694.883520) vcan0 145#F9B2D480FC4810A1
(1675525694.883652) vcan0 290#0000000000000000
(1675525694.883677) vcan0 2C0#528700000000A0F1
(1675525694.883755) vcan0 2C5#00E78EDA9FE60070
(1675525694.883905) vcan0 370#1720C000771BC71F
(1675525694.883984) vcan0 3E0#000000D92E808092
(1675525694.884073) vcan0 010#009000002FB031F8
(1675525694.884151) vcan0 072#F000FF3F0088A038
(1675525694.884228) vcan0 1D0#0000000000000261
(1675525694.884596) vcan0 008#3480440B00800080
(1675525694.885688) vcan0 125#E50780E4C1D0D735
(1675525694.885765) vcan0 288#06E030CF00000080
(1675525694.886785) vcan0 1B0#00C0000001B000FC
(1675525694.886862) vcan0 1B5#FF5AC104F8E0FFEF
(1675525694.888097) vcan0 1D8#363339343234E043
(1675525694.888246) vcan0 1E0#0004E34300B917E0
(1675525694.888324) vcan0 2C3#528700FFFFEE5450
(1675525694.890787) vcan0 010#009000002FB031F8
(1675525694.891973) vcan0 291#0000000000000000
(1675525694.892948) vcan0 2A9#8C26009BC0000084
(1675525694.894053) vcan0 008#348054FB00800080
(1675525694.895089) vcan0 0F5#0CA3F7A27F4FC2FB
(1675525694.896133) vcan0 120#12A331A37FFE5589
(1675525694.896208) vcan0 130#9FF21D23237DEF11
(1675525694.897175) vcan0 150#01230338FDF79FC0
(1675525694.899927) vcan0 072#F000FF3F00888038
(1675525694.900001) vcan0 260#D0FF00AA497487B0
(1675525694.900075) vcan0 055#F7F7F727B2009C80
(1675525694.900291) vcan0 065#9FE6F7F700DEE201
(1675525694.900296) vcan0 070#000007F8E3E10F00
(1675525694.900366) vcan0 075#0000000000005458
(1675525694.901059) vcan0 080#EA4F8000C2002C00
(1675525694.902504) vcan0 0B0#528314A3E2C152A3
(1675525694.902572) vcan0 0E0#62731EC800809D00
(1675525694.902652) vcan0 145#F9A2D580FC4810A1
(1675525694.902803) vcan0 28C#000000000014BEA9
(1675525694.902881) vcan0 2B5#4B7B2F6293A6AB00
(1675525694.902959) vcan0 340#A300000000000000
(1675525694.903045) vcan0 010#009000002FB031F8
(1675525694.903558) vcan0 1D0#0000000000000861
(1675525694.903635) vcan0 210#24E080A0A869CF45
(1675525694.904655) vcan0 008#348064EB00800080
(1675525694.908851) vcan0 125#E50780E4C1D0D735
(1675525694.908930) vcan0 1B0#00C0000003B000FC
(1675525694.909007) vcan0 1B5#FF71D81003E0FFEF
(1675525694.909087) vcan0 1D8#363339343234E043
(1675525694.909237) vcan0 1E0#0008D34300B917E0
(1675525694.910037) vcan0 290#0000000000000000
(1675525694.911055) vcan0 288#0AE030CF00000080
(1675525694.912149) vcan0 010#009000002FB031F8
(1675525694.913234) vcan0 072#F000FF3F0088A038
(1675525694.913309) vcan0 330#CE00000000000000
(1675525694.913385) vcan0 400#0201020001020220
(1675525694.914353) vcan0 008#348074DB00800080
(1675525694.915405) vcan0 0F5#E3A2EDA27F53B2FD
(1675525694.916513) vcan0 120#20A308A37F065689
(1675525694.916587) vcan0 130#A7F41D202370F411
(1675525694.917828) vcan0 150#E8220048FDF7A9C0
(1675525694.920851) vcan0 055#F7F7F727B2009C80
(1675525694.920996) vcan0 065#A0E6F7F700DEE301
(1675525694.921070) vcan0 070#000007F8E3E10F00
(1675525694.921145) vcan0 075#0000000000005458
(1675525694.921217) vcan0 080#EA4F8000C2002C00
(1675525694.921360) vcan0 0B0#528314A3E2C152A3
(1675525694.921434) vcan0 0E0#627317D000808400
(1675525694.921508) vcan0 145#F992D680FC4810A1
(1675525694.921929) vcan0 581#FFFFFFFFFFFF0081
(1675525694.923074) vcan0 010#009000002FB031F8
(1675525694.923152) vcan0 1D0#0000000000000061
(1675525694.923232) vcan0 291#0000000000000000
(1675525694.924115) vcan0 008#348084CB00800080
(1675525694.925281) vcan0 125#E50780E4C1D0D735
(1675525694.926298) vcan0 1B0#00C0000007B000FC
(1675525694.929120) vcan0 1B5#FF88EE1B0EE0FFEF
(1675525694.929198) vcan0 1D8#363339343234E043
(1675525694.929277) vcan0 1E0#0008D30300B917E0
(1675525694.929355) vcan0 2C3#528700FFFFEF5450
(1675525694.929506) vcan0 072#F000FF3F00888038
(1675525694.929582) vcan0 210#24E08020A869CF4D
(1675525694.929660) vcan0 260#D0FF0055497487B0
(1675525694.930172) vcan0 010#009000002FB031F8
(1675525694.931265) vcan0 2A9#8C260082C0000084
(1675525694.932282) vcan0 008#348094BB00800080
(1675525694.933406) vcan0 288#12E040BF00000080
(1675525694.934442) vcan0 0F5#F0A2F7A27F57A200
(1675525694.935823) vcan0 120#46A320A37FFF5589
(1675525694.936867) vcan0 130#AFF21D202360F411
(1675525694.937011) vcan0 150#F3220558FDF78EC0
(1675525694.937085) vcan0 360#598700EFB564A0C9
(1675525694.939700) vcan0 055#F7F7F727B2009C80
(1675525694.939776) vcan0 065#9DE6F7F700DEE301
(1675525694.939919) vcan0 070#000007F8E3E10F00
(1675525694.940749) vcan0 075#0000000000005458
(1675525694.940893) vcan0 080#EA4F8000C2002C00
(1675525694.940968) vcan0 0B0#528314A3E2C152A3
(1675525694.941043) vcan0 0E0#627312D800806900
(1675525694.941115) vcan0 145#F982D780FC4810A1
(1675525694.941945) vcan0 28C#000000000014BEA9
(1675525694.942020) vcan0 290#0000000000000000
(1675525694.942094) vcan0 2B5#4B7B2F6293A6AB00
(1675525694.942237) vcan0 2C0#528700000000A0F1
(1675525694.942310) vcan0 2C5#00E78EDAA0E60070
(1675525694.943015) vcan0 010#009000002FB031F8
(1675525694.943095) vcan0 072#F000FF3F0088A038
(1675525694.945847) vcan0 1D0#0000000000000061
(1675525694.945924) vcan0 390#80FF051D02165A4F
(1675525694.946003) vcan0 3AF#0000000000000020
(1675525694.946153) vcan0 3C8#5287008E882C008E
(1675525694.946232) vcan0 008#3480A4AB00800080
(1675525694.946309) vcan0 125#E50780E4C1D0D735
(1675525694.946386) vcan0 1B0#00C0000003B000FC
(1675525694.946898) vcan0 1B5#FF9F05261AE0FFEF
(1675525694.947048) vcan0 1D8#363339343234E043
(1675525694.947128) vcan0 1E0#000CC34300B917E0
(1675525694.947206) vcan0 350#A200000000000080
(1675525694.948080) vcan0 010#009000002FB031F9
(1675525694.949173) vcan0 210#24E080A0A869CF4D
(1675525694.950203) vcan0 291#0000000000000000
(1675525694.951363) vcan0 3D0#960F6100C50580C3
(1675525694.953844) vcan0 008#3480B49B00800080
(1675525694.956733) vcan0 0F5#E3A2FBA27F5B9203
(1675525694.956806) vcan0 120#2EA31CA37F025689
(1675525694.956949) vcan0 130#B7F21D202350F411
(1675525694.957024) vcan0 150#EF220468FDF782C0
(1675525694.957098) vcan0 3CA#00000000510000C8
(1675525694.957792) vcan0 072#F000FF3F00888038
(1675525694.957866) vcan0 260#D0FF0055497487B0
(1675525694.958835) vcan0 055#F7F7F727B2009C80
(1675525694.959942) vcan0 065#9BE6F7F7FEDDE201
(1675525694.960016) vcan0 070#000007F8E2E10F00
(1675525694.960089) vcan0 075#0000000000005458
(1675525694.960166) vcan0 080#EA4F8000C2002C00
(1675525694.960993) vcan0 0B0#528314A3E2C152A3
(1675525694.961069) vcan0 0E0#627314E000804700
(1675525694.961151) vcan0 145#F972D880FC4810A1
(1675525694.962326) vcan0 288#12E040BF00000080
(1675525694.962399) vcan0 010#009000002FB031F8
(1675525694.963360) vcan0 1D0#0000000000000261
(1675525694.964521) vcan0 008#3480C48B00800080
(1675525694.965613) vcan0 125#E50780E4C1D0D735
(1675525694.968511) vcan0 1B0#00C0000003B000FC
(1675525694.968589) vcan0 1B5#FFB51C3125E0FFEF
(1675525694.968667) vcan0 1D8#363339343234E043
(1675525694.968745) vcan0 1E0#0010B34300B917E0
(1675525694.968824) vcan0 2C3#528700FFFFEF5450
(1675525694.969549) vcan0 290#0000000000000000
(1675525694.970716) vcan0 010#009000002FB031F8
(1675525694.971733) vcan0 072#F000FF3F0088A038
(1675525694.972815) vcan0 2A9#8C26009BC0000084
(1675525694.973849) vcan0 008#3480D47B00800080
(1675525694.974898) vcan0 0F5#F4A2DFA27F5F8206
(1675525694.976352) vcan0 120#FEA21CA37F025689
(1675525694.976420) vcan0 130#BFF21D15234BEF11
(1675525694.976495) vcan0 150#E9220478FDF778C0
(1675525694.977394) vcan0 210#24E080A0A869CF45
(1675525694.980283) vcan0 055#F7F7F727B2009C80
(1675525694.980357) vcan0 065#9CE6F7F700DEE201
(1675525694.980501) vcan0 070#000007F8E2E10F00
(1675525694.980576) vcan0 075#0000000000005458
(1675525694.980649) vcan0 080#EA4F8000C2002C00
(1675525694.980723) vcan0 0B0#528314A3E2C152A3
(1675525694.981485) vcan0 0E0#627312E800802900
(1675525694.981561) vcan0 145#F962D980FC4810A1
(1675525694.981634) vcan0 28C#000000000014BEA9
(1675525694.981709) vcan0 2B5#4B7B2F6293A6AB00
(1675525694.982578) vcan0 340#A300000000000000
(1675525694.982592) vcan0 370#1720C000771BC71F
(1675525694.982745) vcan0 010#009000002FB031F8
(1675525694.982824) vcan0 1D0#0000000000000861
(1675525694.983625) vcan0 291#0000000000000000
(1675525694.986520) vcan0 008#3480E46B00800080
(1675525694.986600) vcan0 125#E50780E4C1D0D735
(1675525694.986677) vcan0 288#1AE040BF00000080
(1675525694.986755) vcan0 1B0#00C0000004B000FC
(1675525694.986833) vcan0 1B5#FFCC323D30E0FFEF
(1675525694.986985) vcan0 1D8#363339343234E043
(1675525694.987064) vcan0 1E0#0010B30300B917E0
(1675525694.987576) vcan0 072#F000FF3F00888038
(1675525694.988741) vcan0 260#D0FF0055497487B0
(1675525694.988818) vcan0 3B0#00D849383CB4C400
(1675525694.989763) vcan0 010#009000002FB031F8
(1675525694.990854) vcan0 330#CE00000000000000
(1675525694.993301) vcan0 008#3480F45B00800080
(1675525694.996116) vcan0 0F5#C8A2D3A27F637209
(1675525694.996190) vcan0 120#31A312A37FFF5589
(1675525694.996265) vcan0 130#C7F21D15233BF411
(1675525694.997164) vcan0 150#CD220388FDF784C0
(1675525694.998269) vcan0 055#F7F7F727B2009C80
(1675525694.999303) vcan0 065#9DE6F7F701DEE201
(1675525695.000409) vcan0 070#000007F8E2E10F00
(1675525695.000552) vcan0 075#0000000000005458
(1675525695.000626) vcan0 080#EA4F8000C2002C00
(1675525695.000701) vcan0 0B0#528314A3E2C152A3
(1675525695.001531) vcan0 0E0#627314F000800700
(1675525695.001606) vcan0 145#F952DA80FC4810A1
(1675525695.001679) vcan0 290#0000000000000000
(1675525695.001753) vcan0 2C0#528700000000A0F1
(1675525695.001896) vcan0 2C5#00E78DDA9DE60070
(1675525695.002856) vcan0 010#009000002FB031F8
(1675525695.002937) vcan0 072#F000FF3F0088A038
(1675525695.003015) vcan0 1D0#0000000000000061
(1675525695.003092) vcan0 210#24E080A0A869CF4D
(1675525695.003893) vcan0 008#3480044B00800080
(1675525695.006790) vcan0 125#E50780E4C1D0D735
(1675525695.006870) vcan0 1B0#00C0000007B000FC
(1675525695.007018) vcan0 1B5#FFE349483BE0FFEF
(1675525695.007096) vcan0 1D8#363339343234E043
(1675525695.007175) vcan0 1E0#0014A34300B917E0
(1675525695.007253) vcan0 2C3#528700FFFFF05450
(1675525695.007982) vcan0 288#0AE040BF00000080
(1675525695.009001) vcan0 010#009000002FB031F8
(1675525695.010165) vcan0 291#0000000000000000
(1675525695.011258) vcan0 2A9#8C260082C0000084
(1675525695.012349) vcan0 008#3480143B00800080
(1675525695.014786) vcan0 0F5#DCA2DCA27F67620C
(1675525695.017675) vcan0 120#35A335A37F015689
(1675525695.017818) vcan0 130#CFF21D15232BF711
(1675525695.017892) vcan0 150#DC220498FDF765C0
(1675525695.017966) vcan0 072#F000FF3F00888038
(1675525695.018040) vcan0 260#D0FF00AA497487B0
(1675525695.018872) vcan0 055#F7F7F727B2009C80
(1675525695.019910) vcan0 065#9AE6F7F700DEE201
(1675525695.019984) vcan0 070#000007F8E2E10F00
(1675525695.020128) vcan0 075#0000000000005458
(1675525695.021097) vcan0 080#EA4F8000C2002C00
(1675525695.021172) vcan0 0B0#528314A3E2C152A3
(1675525695.021246) vcan0 0E0#627317F80080E400
(1675525695.021320) vcan0 145#F942DB80FC4810A1
(1675525695.021463) vcan0 28C#000000000014BEA9
(1675525695.022155) vcan0 2B5#4B7B2F6293A6AC00
(1675525695.024974) vcan0 010#009000002FB031F8
(1675525695.025053) vcan0 1D0#0000000000000061
(1675525695.025142) vcan0 008#3480242B00800080
(1675525695.026004) vcan0 125#E50580E4C1D0D735
(1675525695.026082) vcan0 1B0#00C0000003B000FC
(1675525695.026232) vcan0 1B5#FFFA605347E0FFEF
(1675525695.027178) vcan0 1D8#363339343234E043
(1675525695.027255) vcan0 1E0#0018934300B917E0
(1675525695.027332) vcan0 210#24E080A0A869CF45
(1675525695.028206) vcan0 290#0000000000000000
(1675525695.029294) vcan0 010#009000002FB031F9
(1675525695.031683) vcan0 072#F000FF3F0088A038
(1675525695.032697) vcan0 405#0000000000000000
(1675525695.035590) vcan0 008#3480341B00800080
(1675525695.035735) vcan0 288#16E050AF00000080
(1675525695.036702) vcan0 0F5#CFA2E3A27F6B520E
(1675525695.036790) vcan0 120#0FA3FEA27F065689
(1675525695.036864) vcan0 130#D7F21D0F2321F411
(1675525695.036938) vcan0 150#D92200A8FDF758C0
(1675525695.037013) vcan0 350#A200000000000080
(1675525695.037774) vcan0 360#598700F1B564A0C9
(1675525695.038878) vcan0 055#F7F7F727B2009C80
(1675525695.039915) vcan0 065#97E6F7F7FEDDE201
(1675525695.040059) vcan0 070#000007F8E2E10F00
(1675525695.040133) vcan0 075#0000000000005458
(1675525695.041031) vcan0 080#EA4F8000C2002C00
(1675525695.041106) vcan0 0B0#528314A3E2C152A3
(1675525695.041179) vcan0 0E0#627315C00080C600
(1675525695.043805) vcan0 145#F932DC80FC4810A1
(1675525695.043956) vcan0 010#009000002FB031F8
(1675525695.044033) vcan0 1D0#0000000000000261
(1675525695.044112) vcan0 291#0000000000000000
(1675525695.044199) vcan0 390#80FF051D02125B6F
(1675525695.045001) vcan0 008#3480440B00800080
(1675525695.046165) vcan0 125#E50580E4C1D0D735
(1675525695.046241) vcan0 1B0#00C0000002B000FC
(1675525695.046321) vcan0 1B5#FF10765F52E0FFEF
(1675525695.047192) vcan0 1D8#363339343234E043
(1675525695.047270) vcan0 1E0#0018930300B917E0
(1675525695.050095) vcan0 2C3#528700FFFFF05450
(1675525695.050174) vcan0 072#F000FF3F00888038
(1675525695.050251) vcan0 260#D0FF00AA497487B0
(1675525695.051126) vcan0 010#009000002FB031F8
(1675525695.052288) vcan0 210#26E080A0A869CF4D
(1675525695.053375) vcan0 2A9#8C26008AC0000084
(1675525695.054480) vcan0 008#348054FB00800080
(1675525695.055586) vcan0 0F5#D6A2D6A27F6F4211
(1675525695.056624) vcan0 120#08A305A37F0C5689
(1675525695.056777) vcan0 130#DFF21D082318EF11
(1675525695.056852) vcan0 150#D62205B8FDF74BC0
(1675525695.059053) vcan0 055#F7F7F727B2009C80
(1675525695.061871) vcan0 065#97E6F7F7FEDDE201
(1675525695.061946) vcan0 070#000007F8E2E10F00
(1675525695.062021) vcan0 075#0000000000005458
(1675525695.062096) vcan0 080#EA4F8000C2002C00
(1675525695.062237) vcan0 0B0#528314A3E2C152A3
(1675525695.062312) vcan0 0E0#62731EC800809D00
(1675525695.062386) vcan0 145#F922DD80FC4810A1
(1675525695.062460) vcan0 288#0EE050AF00000080
(1675525695.062563) vcan0 28C#000000000014BEA9
(1675525695.062643) vcan0 290#0000000000000000
(1675525695.062794) vcan0 2B5#4B7B2F6293A6AC00
(1675525695.062945) vcan0 2C0#528700000000A0F1
(1675525695.063023) vcan0 2C5#00E78DDA9BE60070
(1675525695.063109) vcan0 010#009000002FB031F8
(1675525695.063188) vcan0 072#F000FF3F0088A038
(1675525695.065866) vcan0 1D0#0000000000000861
(1675525695.065945) vcan0 340#A300000000000000
(1675525695.066023) vcan0 3AF#0000000000000020
(1675525695.066101) vcan0 3C8#5287008E882C008E
(1675525695.066179) vcan0 008#348064EB00800080
(1675525695.066328) vcan0 125#E50580E4C1D0D735
(1675525695.066406) vcan0 1B0#00C0000003B000FC
(1675525695.066920) vcan0 1B5#FF278D6A5DE0FFEF
(1675525695.066997) vcan0 1D8#363339343234E043
(1675525695.067075) vcan0 1E0#001C834300B917E0
(1675525695.068093) vcan0 010#009000002FB031F8
(1675525695.069113) vcan0 291#0000000000000000
(1675525695.070201) vcan0 330#CE00000000000000
(1675525695.072688) vcan0 008#348074DB00800080
(1675525695.075590) vcan0 0F5#B7A2C5A27F733214
(1675525695.076698) vcan0 120#08A30FA37F0D5689
(1675525695.076841) vcan0 130#E7F21D082308F411
(1675525695.076916) vcan0 150#BE2203C8FDF753C0
(1675525695.076990) vcan0 3CA#00000000520000C8
(1675525695.077819) vcan0 072#F000FF3F00888038
(1675525695.077891) vcan0 210#26E08020A869CF45
(1675525695.077967) vcan0 260#D0FF00AA497487B0
(1675525695.078935) vcan0 055#F7F7F727B2009C80
(1675525695.080039) vcan0 065#98E6F7F700DEE201
(1675525695.080113) vcan0 070#000007F8E2E10F00
(1675525695.080188) vcan0 075#0000000000005458
(1675525695.080262) vcan0 080#EA4F8000C2002C00
(1675525695.081161) vcan0 0B0#528314A3E2C152A3
(1675525695.081235) vcan0 0E0#627326D000807500
(1675525695.082476) vcan0 145#F912DE80FC4810A1
(1675525695.082568) vcan0 370#1720C000771BC71F
(1675525695.083592) vcan0 010#009000002FB031F8
(1675525695.083670) vcan0 1D0#0000000000000061
(1675525695.084618) vcan0 008#348084CB00800080
(1675525695.087439) vcan0 125#E50580E4C1D0D735
(1675525695.087519) vcan0 288#02E050AF00000080
(1675525695.087597) vcan0 1B0#00C0000005B000FC
(1675525695.087747) vcan0 1B5#FF3EA47568E0FFEF
(1675525695.087824) vcan0 1D8#363339343234E043
(1675525695.087903) vcan0 1E0#0020734300B917E0
(1675525695.087980) vcan0 2C3#528700FFFFF15450
(1675525695.088639) vcan0 290#0000000000000000
(1675525695.089656) vcan0 010#009000002FB031F8
(1675525695.090747) vcan0 072#F000FF3F0088A038
(1675525695.091837) vcan0 2A9#8C260093C0000084
(1675525695.092916) vcan0 008#348094BB00800080
(1675525695.095335) vcan0 0F5#C8A2C8A27F772217
(1675525695.096372) vcan0 120#2AA312A37F045689
(1675525695.096446) vcan0 130#EFF21D0823F8F711
(1675525695.099197) vcan0 150#C822FFD7FDF739C0
(1675525695.099273) vcan0 055#F7F7F727B2009C80
(1675525695.100310) vcan0 065#96E6F7F700DEE201
(1675525695.100451) vcan0 070#000007F8E2E10F00
(1675525695.100526) vcan0 075#0000000000005458
(1675525695.100600) vcan0 080#EA4F8000C2002C00
(1675525695.100674) vcan0 0B0#528314A3E2C152A3
(1675525695.101436) vcan0 0E0#62732ED800804D00
(1675525695.101510) vcan0 145#F902DF80FC4810A1
(1675525695.101585) vcan0 28C#000000000014BEA9
(1675525695.101659) vcan0 2B5#4B7B2F6293A6AC00
(1675525695.102490) vcan0 010#009000002FB031F8
(1675525695.102567) vcan0 1D0#0000000000000061
(1675525695.103525) vcan0 210#26E080A0A869CF45
(1675525695.103674) vcan0 291#0000000000000000
(1675525695.106423) vcan0 008#3480A4AB00800080
(1675525695.106574) vcan0 125#E50580E4C1D0D735
(1675525695.106652) vcan0 1B0#00C0000002B000FC
(1675525695.106729) vcan0 1B5#FF54BA8074E0FFEF
(1675525695.106807) vcan0 1D8#363339343234E043
(1675525695.106884) vcan0 1E0#0020730300B917E0
(1675525695.107615) vcan0 072#F000FF3F00888038
(1675525695.107693) vcan0 3B0#00D8493C3CB4C400
(1675525695.108712) vcan0 260#D0FF0055497487B0
(1675525695.109731) vcan0 288#FEDF50AF00000080
(1675525695.110895) vcan0 010#009000002FB031F9
(1675525695.113255) vcan0 008#3480B49B00800080
(1675525695.116214) vcan0 0F5#B1A2C2A27F7B121A
(1675525695.116288) vcan0 120#02A30CA37F055689
(1675525695.116384) vcan0 130#F7F21D0823E8F711
(1675525695.117352) vcan0 150#B922FFE7FDF738C0
(1675525695.118389) vcan0 055#F7F7F727B2009C80
(1675525695.119565) vcan0 065#93E6F7F7FEDDE201
(1675525695.119639) vcan0 070#000007F8E2E10F00
(1675525695.120675) vcan0 075#0000000000005458
(1675525695.120818) vcan0 080#EA4F8000C2002C00
(1675525695.120892) vcan0 0B0#528314A3E2C152A3
(1675525695.120966) vcan0 0E0#62732FE000802C00
(1675525695.121040) vcan0 145#F9F2D080FC4810A1
(1675525695.121733) vcan0 290#0000000000000000
(1675525695.121876) vcan0 2C0#528700010000A0F1
(1675525695.121950) vcan0 2C5#00E78DDA97E60070
(1675525695.123079) vcan0 010#009000002FB031F8
(1675525695.123230) vcan0 072#F000FF3F0088A038
(1675525695.123309) vcan0 1D0#0000000000000261
(1675525695.124207) vcan0 008#3480C48B00800080
(1675525695.127103) vcan0 125#E50580E4C1D0D735
(1675525695.127179) vcan0 1B0#00C0000004B000FC
(1675525695.127258) vcan0 1B5#FF6BD18B7FE0FFEF
(1675525695.127335) vcan0 1D8#363339343234E043
(1675525695.127414) vcan0 1E0#0024634300B917E0
(1675525695.127564) vcan0 2C3#528700FFFFF15450
(1675525695.127643) vcan0 350#A200000000000080
(1675525695.128153) vcan0 210#26E080A0A869CF4D
(1675525695.129242) vcan0 010#009000002FB031F8
(1675525695.130332) vcan0 291#0000000000000000
(1675525695.131422) vcan0 2A9#8C26008AC0000084
(1675525695.132443) vcan0 008#3480D47B00800080
(1675525695.134949) vcan0 288#F1DF609F00000080
(1675525695.136126) vcan0 0F5#B1A2BBA27F7F021D
(1675525695.136199) vcan0 120#FEA20CA37F145689
(1675525695.138977) vcan0 130#FFF21D0823D8FA11
(1675525695.139120) vcan0 150#B622FBF7FDF72BC0
(1675525695.139194) vcan0 072#F000FF3F00888038
(1675525695.139268) vcan0 360#598700F0B564A0C9
(1675525695.139342) vcan0 260#D0FF0055497487B0
(1675525695.140104) vcan0 055#F7F7F727B2009C80
(1675525695.140178) vcan0 065#94E6F7F700DEE201
(1675525695.140251) vcan0 070#000007F8E2E10F00
(1675525695.140325) vcan0 075#0000000000005458
(1675525695.140469) vcan0 080#EA4F8000C2002C00
(1675525695.141161) vcan0 0B0#528314A3E2C152A3
(1675525695.141235) vcan0 0E0#627332E800800900
(1675525695.141310) vcan0 145#F9E2D180FC4810A1
(1675525695.141453) vcan0 28C#000000000014BEA9
(1675525695.142216) vcan0 2B5#4B7B2E6293A6AC00
(1675525695.145036) vcan0 340#A300000000000000
(1675525695.145122) vcan0 010#009000002FB031F8
(1675525695.145203) vcan0 1D0#0000000000000861
(1675525695.145354) vcan0 390#80FF051D020E5C4F
(1675525695.145434) vcan0 008#3480E46B00800080
(1675525695.145512) vcan0 125#E50580E4C1D0D735
(1675525695.146243) vcan0 1B0#00C0000002B000FC
(1675525695.146320) vcan0 1B5#FF82E8978AE0FFEF
(1675525695.146399) vcan0 1D8#363339343234E043
(1675525695.147343) vcan0 1E0#0028534300B917E0
(1675525695.148512) vcan0 290#0000000000000000
(1675525695.149601) vcan0 010#009000002FB031F8
(1675525695.150619) vcan0 072#F000FF3F0088A038
(1675525695.153143) vcan0 210#26E080A0A869CF4D
(1675525695.153210) vcan0 330#CE00000000000000
(1675525695.153283) vcan0 3D0#960F6100C50580C3
(1675525695.155965) vcan0 008#3480F45B00800080
(1675525695.156050) vcan0 0F5#A6A2B7A27F43F21F
(1675525695.156124) vcan0 120#02A3F4A27F065689
(1675525695.157094) vcan0 130#87F41DFB22D6F711
(1675525695.157168) vcan0 150#AE22FA07FDF723C0
(1675525695.158135) vcan0 055#F7F7F727B2009C80
(1675525695.159311) vcan0 065#93E6F7F700DEE201
(1675525695.160347) vcan0 070#000007F8E2E10F00
(1675525695.160422) vcan0 075#0000000000005458
(1675525695.160564) vcan0 080#EA4F8000C2002C00
(1675525695.160638) vcan0 0B0#528314A3E2C152A3
(1675525695.161400) vcan0 0E0#627335F00080E600
(1675525695.161543) vcan0 145#F9D2D280FC4810A1
(1675525695.161617) vcan0 288#E9DF609F00000080
(1675525695.162541) vcan0 010#009000002FB031F8
(1675525695.163797) vcan0 1D0#0000000000000061
(1675525695.163874) vcan0 291#0000000000000000
(1675525695.163961) vcan0 400#0300030D0D010121
(1675525695.164981) vcan0 008#3480044B00800080
(1675525695.167874) vcan0 125#E50780E4C1D0D735
(1675525695.167952) vcan0 1B0#00C0000003B000FC
(1675525695.168030) vcan0 1B5#FF98FEA295E0FFEF
(1675525695.168108) vcan0 1D8#363339343234E043
(1675525695.168258) vcan0 1E0#0028530300B917E0
(1675525695.168336) vcan0 2C3#528700FFFFF25450
(1675525695.168414) vcan0 072#F000FF3F00888038
(1675525695.168491) vcan0 260#D0FF0055497487B0
(1675525695.168932) vcan0 010#009000002FB031F8
(1675525695.170022) vcan0 2A9#8C260093C0000084
(1675525695.171112) vcan0 008#3480143B00800080
(1675525695.173601) vcan0 0F5#A6A2AAA27F47E222
(1675525695.174621) vcan0 120#15A308A37F065689
(1675525695.175782) vcan0 130#8FF41DFB22C6F711
(1675525695.176818) vcan0 150#A822F717FDF719C0
(1675525695.179712) vcan0 210#26E080A0A869CF45
(1675525695.179863) vcan0 055#F7F7F727B2009C80
(1675525695.179941) vcan0 065#92E6F7F700DEE201
(1675525695.180017) vcan0 070#000007F8E2E10F00
(1675525695.180817) vcan0 075#0000000000005458
(1675525695.180898) vcan0 080#EA4F8000C2002C00
(1675525695.180976) vcan0 0B0#528314A3E2C152A3
(1675525695.181054) vcan0 0E0#627339F80080C200
(1675525695.181203) vcan0 145#F9C2D380FC4810A1
(1675525695.181859) vcan0 28C#000000000014BEA9
(1675525695.181937) vcan0 290#0000000000000000
(1675525695.182088) vcan0 2B5#4B7B2E6293A6AC00
(1675525695.182165) vcan0 2C0#528700000000A0F1
(1675525695.182955) vcan0 2C5#00E78DDB95E60070
(1675525695.183030) vcan0 370#1720C000771BC71F
(1675525695.185860) vcan0 010#009000002FB031F8
(1675525695.185933) vcan0 072#F000FF3F0088A038
(1675525695.186008) vcan0 1D0#0000000000000061
(1675525695.186151) vcan0 3AF#0000000000000020
(1675525695.186226) vcan0 3C8#5287008E882C008E
(1675525695.186300) vcan0 3E0#000000D92E808092
(1675525695.186373) vcan0 008#3480242B00800080
(1675525695.186448) vcan0 125#E50780E4C1D0D735
(1675525695.186591) vcan0 288#F5DF609F00000080
(1675525695.186665) vcan0 1B0#00C0000002B000FC
(1675525695.187017) vcan0 1B5#FFAF15ADA1E0FFEF
(1675525695.187092) vcan0 1D8#363339343234E043
(1675525695.187236) vcan0 1E0#002C434300B917E0
(1675525695.188064) vcan0 010#009000002FB031F9
(1675525695.190545) vcan0 291#0000000000000000
(1675525695.191582) vcan0 008#3480341B00800080
(1675525695.195601) vcan0 0F5#A4A2AAA27F4BD225
(1675525695.196618) vcan0 120#D6A2EDA27F015689
(1675525695.196695) vcan0 130#97F41DED22C4F411
(1675525695.196847) vcan0 150#A622FB27FDF70BC0
(1675525695.196925) vcan0 3CA#00000000530000C8
(1675525695.197723) vcan0 072#F000FF3F00888038
(1675525695.198741) vcan0 260#D0FF0055497487B0
(1675525695.199829) vcan0 055#F7F7F727B2009C80
(1675525695.199908) vcan0 065#91E6F7F700DEE201
(1675525695.199986) vcan0 070#000007F8E2E10F00
(1675525695.200063) vcan0 075#0000000000005458
(1675525695.200866) vcan0 080#EA4F8000C2002C00
(1675525695.203714) vcan0 0B0#528314A3E2C152A3
(1675525695.203793) vcan0 0E0#62733FC000809C00
(1675525695.203871) vcan0 145#F9B2D480FC4810A1
(1675525695.204022) vcan0 010#009000002FB031F8
(1675525695.204112) vcan0 1D0#0000000000000261
(1675525695.204191) vcan0 210#26E080A0A869CF4D
(1675525695.204920) vcan0 008#3480440B00800080
(1675525695.205935) vcan0 125#E50A80E4C1D0D735
(1675525695.206013) vcan0 1B0#00C0000003B000FC
(1675525695.207031) vcan0 1B5#FFC62CB8ACE0FFEF
(1675525695.207108) vcan0 1D8#363339343234E043
(1675525695.208486) vcan0 1E0#0030334300B917E0
(1675525695.208565) vcan0 2C3#528700FFFFF25450
(1675525695.209582) vcan0 290#0000000000000000
(1675525695.210674) vcan0 288#E9DF609F00000080
(1675525695.211762) vcan0 010#009000002FB031F8
(1675525695.212913) vcan0 072#F000FF3F0088A038
(1675525695.213056) vcan0 2A9#8C26008AC0000084
(1675525695.217045) vcan0 008#348054FB00800080
(1675525695.217188) vcan0 0F5#A6A2ADA27F4FC228
(1675525695.217272) vcan0 120#EDA2EAA27F095689
(1675525695.217346) vcan0 130#9FF41DED22B4EF11
(1675525695.217421) vcan0 150#A922FA37FDF7F8C0
(1675525695.217495) vcan0 350#A200000000000080
(1675525695.218257) vcan0 055#F7F7F727B2009C80
(1675525695.219294) vcan0 065#91E6F7F700DEE201
(1675525695.220469) vcan0 070#000007F8E2E10F00
(1675525695.220544) vcan0 075#0000000000005458
(1675525695.220617) vcan0 080#EA4F8000C2002C00
(1675525695.220691) vcan0 0B0#528314A3E2C152A3
(1675525695.221523) vcan0 0E0#62734AC800807100
(1675525695.221596) vcan0 145#F9A2D580FC4810A1
(1675525695.221671) vcan0 28C#000000000014BEA9
(1675525695.221813) vcan0 2B5#4B7B2E6293A6AC00
(1675525695.221887) vcan0 340#A300000000000000
(1675525695.222654) vcan0 010#009000002FB031F8
(1675525695.222805) vcan0 1D0#0000000000000861
(1675525695.223776) vcan0 291#0000000000000000
(1675525695.225084) vcan0 008#328064D815800080
(1675525695.225158) vcan0 125#E50C80E4C1D0D735
(1675525695.226194) vcan0 1B0#00C0000004B000FC
(1675525695.229083) vcan0 1B5#FFDC42C4B7E0FFEF
(1675525695.229226) vcan0 1D8#363339343234E043
(1675525695.229300) vcan0 1E0#0030330300B917E0
(1675525695.229374) vcan0 072#F000FF3F00888038
(1675525695.229449) vcan0 210#26E08020A869CF45
(1675525695.229593) vcan0 3B0#00FC49383CB4C600
(1675525695.229667) vcan0 260#D0FF00AA497487B0
(1675525695.230154) vcan0 010#009000002FB031F8
(1675525695.231258) vcan0 330#CE00000000000000
(1675525695.232295) vcan0 008#2D8074B032800080
(1675525695.233446) vcan0 288#02E0708F00000080
(1675525695.234489) vcan0 0F5#9AA2B1A27F53B22B
(1675525695.235594) vcan0 120#F0A2F0A27FFE5589
(1675525695.236700) vcan0 130#A7F41DED22A4EC11
(1675525695.236843) vcan0 150#A522FA47FDF7ECC0
(1675525695.238153) vcan0 360#598700EFB564A0C9
(1675525695.241109) vcan0 055#F7F7F727B2009C80
(1675525695.241185) vcan0 065#91E6F7F700DEE201
(1675525695.241330) vcan0 070#000007F8E2E10F00
(1675525695.241403) vcan0 075#0000000000005458
(1675525695.241477) vcan0 080#EA4F8000C2002C00
(1675525695.241552) vcan0 0B0#528314A3E2C152A3
(1675525695.241693) vcan0 0E0#62734BD000805000
(1675525695.241768) vcan0 145#F992D680FC4810A1
(1675525695.241842) vcan0 290#0000000000000000
(1675525695.242191) vcan0 2C0#528700000000A0F1
(1675525695.242267) vcan0 2C5#00E78DDB93E60070
(1675525695.242357) vcan0 010#009000002FB031F8
(1675525695.243299) vcan0 072#F000FF3F0088A038
(1675525695.243377) vcan0 1D0#0000000000000061
(1675525695.243455) vcan0 390#80FF051D020A5D4F
(1675525695.246206) vcan0 008#2B80848D47800080
(1675525695.246283) vcan0 125#E51280E4C1D0D735
(1675525695.246362) vcan0 1B0#00C0000005B000FC
(1675525695.246439) vcan0 1B5#FFF359CFC2E0FFEF
(1675525695.246592) vcan0 1D8#363339343234E043
(1675525695.247319) vcan0 1E0#0034234300B917E0
(1675525695.247471) vcan0 2C3#528700FFFFF35450
(1675525695.248417) vcan0 010#009000002FB031F8
(1675525695.249437) vcan0 210#26E080A0A869CF4D
(1675525695.250598) vcan0 291#0000000000000000
(1675525695.251689) vcan0 2A9#8C260082C0000084
(1675525695.254075) vcan0 008#2880947156800080
(1675525695.256976) vcan0 0F5#A4A2ADA27F57A22D
(1675525695.257049) vcan0 120#05A3E3A27F065689
(1675525695.257193) vcan0 130#AFF41DED2294F111
(1675525695.257267) vcan0 150#A822FF57FDF7D9C0
(1675525695.257342) vcan0 072#F000FF3F00888038
(1675525695.258034) vcan0 260#D0FF00AA497487B0
(1675525695.259142) vcan0 055#F7F7F727B2009C80
(1675525695.260248) vcan0 065#8FE6F7F7FFDDE201
(1675525695.260390) vcan0 070#000007F8E2E10F00
(1675525695.260465) vcan0 075#0000000000005458
(1675525695.260539) vcan0 080#EA4F8000C2002C00
(1675525695.261368) vcan0 0B0#528314A3E1C152A3
(1675525695.261443) vcan0 0E0#62734ED800802D00
(1675525695.261517) vcan0 145#F982D780FC4810A1
(1675525695.261591) vcan0 288#F5DF708F00000080
(1675525695.262856) vcan0 28C#000000000014BEA9
(1675525695.262943) vcan0 2B5#4B7B2E6293A6AC00
(1675525695.263020) vcan0 010#009000002FB031F8
(1675525695.263099) vcan0 1D0#0000000000000061
(1675525695.263900) vcan0 008#2680A45564800080
(1675525695.265062) vcan0 125#E51880E4C1D0D735
(1675525695.266078) vcan0 1B0#00C0000001B000FC
(1675525695.266229) vcan0 1B5#FF096FDACDE0FFEF
(1675525695.268835) vcan0 1D8#363339343234E043
(1675525695.268911) vcan0 1E0#0038134300B917E0
(1675525695.269930) vcan0 290#0000000000000000
(1675525695.271019) vcan0 010#009000002FB031F9
(1675525695.272110) vcan0 072#F000FF3F0088A038
(1675525695.273240) vcan0 008#2480B43873800080
(1675525695.274276) vcan0 0F5#A1A2A1A27F5B9230
(1675525695.275382) vcan0 120#CCA2EAA27FFE5589
(1675525695.276761) vcan0 130#B7F41DE6228BF111
(1675525695.276871) vcan0 150#A122FB67FEF7D0C0
(1675525695.279763) vcan0 210#26E080A0A869CF45
(1675525695.279837) vcan0 055#F7F7F727B2009C80
(1675525695.279912) vcan0 065#90E6F7F700DEE201
(1675525695.280054) vcan0 070#000007F8E2E10F00
(1675525695.280817) vcan0 075#0000000000005458
(1675525695.280892) vcan0 080#EA4F8000C2002C00
(1675525695.281034) vcan0 0B0#528314A3E1C152A3
(1675525695.281109) vcan0 0E0#62734AE000801100
(1675525695.281185) vcan0 145#F972D880FC4810A1
(1675525695.282013) vcan0 370#1720C000771BC71F
(1675525695.283028) vcan0 010#009000002FB031F8
(1675525695.284118) vcan0 008#2280C42A73800080
(1675525695.285281) vcan0 1D0#0000000000000261
(1675525695.285360) vcan0 291#0000000000000000
(1675525695.285437) vcan0 405#0000000000000000
(1675525695.286756) vcan0 125#E51E80E4C1D0D735
(1675525695.286836) vcan0 288#FEDF708F00000080
(1675525695.286915) vcan0 1B0#00C0000002B000FC
(1675525695.287065) vcan0 1B5#FF2086E5D9E0FFEF
(1675525695.287142) vcan0 1D8#363339343234E043
(1675525695.287220) vcan0 1E0#0038130300B917E0
(1675525695.287298) vcan0 2C3#528700FFFFF35450
(1675525695.287810) vcan0 260#D0FF00AA497487B0
(1675525695.290561) vcan0 072#F000FF3F00888038
(1675525695.291725) vcan0 008#2280D40588800080
(1675525695.292739) vcan0 010#009000002FB031F8
(1675525695.293913) vcan0 2A9#8C26009BC0000084
(1675525695.294948) vcan0 0F5#9DA2A1A27F5F8233
(1675525695.296052) vcan0 120#E3A2DCA27F045689
(1675525695.297088) vcan0 130#BFF41DDC2285F111
(1675525695.297162) vcan0 150#9F22FE77FEF7C2C0
(1675525695.299510) vcan0 055#F7F7F727B2009C80
(1675525695.302331) vcan0 065#8FE6F7F700DEE201
(1675525695.302473) vcan0 070#000007F8E2E10F00
(1675525695.302566) vcan0 075#0000000000005458
(1675525695.302645) vcan0 080#E94F8000C2002C00
(1675525695.302726) vcan0 0B0#528314A3E1C152A3
(1675525695.302803) vcan0 0E0#627348E80080F300
(1675525695.302882) vcan0 145#F962D980FC4810A1
(1675525695.302959) vcan0 28C#000000000014BEA9
(1675525695.303110) vcan0 290#0000000000000000
(1675525695.303188) vcan0 2B5#4B7B2E6293A6AC00
(1675525695.303265) vcan0 2C0#528700000000A0F1
(1675525695.303345) vcan0 2C5#00E78DDB91E60070
(1675525695.303423) vcan0 340#A300000000000000
(1675525695.303571) vcan0 3AF#0000000000000020
(1675525695.303650) vcan0 3C8#5287008E882C008E
(1675525695.306338) vcan0 010#009000002FB031F8
(1675525695.306416) vcan0 072#F000FF3F0084A038
(1675525695.306567) vcan0 1D0#0000000000000861
(1675525695.306646) vcan0 008#1F80E4E997800080
(1675525695.306723) vcan0 210#26E080A0A869CF45
(1675525695.306802) vcan0 125#E52080E4C1D0D735
(1675525695.306879) vcan0 1B0#00C0000002B000FC
(1675525695.306956) vcan0 1B5#FF369DF0E4E0FFEF
(1675525695.307106) vcan0 1D8#363339343234E043
(1675525695.307402) vcan0 1E0#003C034300B917E0
(1675525695.307552) vcan0 350#A200000000000080
(1675525695.308497) vcan0 288#0AE0708F00000080
(1675525695.309588) vcan0 010#009000002FB031F8
(1675525695.310680) vcan0 291#0000000000000000
(1675525695.311769) vcan0 330#CE00000000000000
(1675525695.313058) vcan0 425#0000000000000000
(1675525695.314251) vcan0 008#1F80F4D997800080
(1675525695.317138) vcan0 0F5#93A29DA27F637236
(1675525695.317214) vcan0 120#E3A2DCA27F025689
(1675525695.317288) vcan0 130#C7F41DDC2275F411
(1675525695.317431) vcan0 150#9822FF87FFF7B9C0
(1675525695.317504) vcan0 3CA#00000000540000C8
(1675525695.318197) vcan0 072#F000FF3F00848038
(1675525695.318273) vcan0 260#D0FF0055497487B0
(1675525695.319377) vcan0 055#F7F7F727B2009C80
(1675525695.319452) vcan0 065#8FE6F7F700DEE201
(1675525695.320422) vcan0 070#000007F8E2E10F00
(1675525695.320495) vcan0 075#0000000000005458
(1675525695.320570) vcan0 080#E94F8000C2002C00
(1675525695.320714) vcan0 0B0#528314A3E1C152A3
(1675525695.321475) vcan0 0E0#627349F00080D200
(1675525695.321549) vcan0 145#F952DA80FC4810A1
(1675525695.322861) vcan0 010#009000002FB031F8
(1675525695.322941) vcan0 1D0#0000000000000061
(1675525695.323960) vcan0 008#1F8004DF81800080
(1675525695.324977) vcan0 125#E52080E4C1D0D735
(1675525695.326065) vcan0 1B0#00C0000003B000FC
(1675525695.327659) vcan0 1B5#FF4DB3FCEFE0FFEF
(1675525695.327737) vcan0 1D8#363339343234E043
(1675525695.327815) vcan0 1E0#0000F34300B917E0
(1675525695.327893) vcan0 2C3#528700FFFFF45450
(1675525695.327970) vcan0 210#2EE080A0A869CF4D
(1675525695.328697) vcan0 290#0000000000000000
(1675525695.332382) vcan0 010#009000002FB031F8
(1675525695.332461) vcan0 072#F000FF3F0084A038
(1675525695.333435) vcan0 2A9#8C260082C0000084
(1675525695.334538) vcan0 008#1F8014EC64800080
(1675525695.335574) vcan0 288#0AE0807F00000080
(1675525695.335660) vcan0 0F5#8DA29AA27F676239
(1675525695.336626) vcan0 120#F4A2D9A27F085689
(1675525695.336702) vcan0 130#CFF41DDC2265F411
(1675525695.336845) vcan0 150#93220498FFF7AEC0
(1675525695.337674) vcan0 360#598700EFB564A0C9
(1675525695.339124) vcan0 055#F7F7F727B2009C80
(1675525695.340162) vcan0 065#8DE6F7F7FFDDE101
(1675525695.340236) vcan0 070#000007F8E1E10F00
(1675525695.340379) vcan0 075#0000000000005458
(1675525695.340453) vcan0 080#E94F8000C2002C00
(1675525695.343082) vcan0 0B0#528314A3E1C152A3
(1675525695.343160) vcan0 0E0#627349F80080B200
(1675525695.343240) vcan0 145#F942DB80FC4810A1
(1675525695.343391) vcan0 28C#000000000014BEA9
(1675525695.343469) vcan0 2B5#4B7B2F6293A6AC00
(1675525695.343547) vcan0 010#009000002FB031F8
(1675525695.343639) vcan0 1D0#0000000000000061
(1675525695.343717) vcan0 291#0000000000000000
(1675525695.343795) vcan0 390#80FF051D02065E4F
(1675525695.344237) vcan0 008#1F8024F14F800080
(1675525695.345327) vcan0 125#E52080E4C1D0D735
(1675525695.346350) vcan0 1B0#00C0000001B000FC
(1675525695.346501) vcan0 1B5#FF64CA07FAE0FFEF
(1675525695.346579) vcan0 1D8#363339343234E043
(1675525695.347452) vcan0 1E0#0000F30300B917E0
(1675525695.348829) vcan0 072#F000FF3F00848038
(1675525695.348979) vcan0 3B0#00D849383CB4C400
(1675525695.349057) vcan0 260#D0FF0055497487B0
(1675525695.353038) vcan0 010#009000002FB031F9
(1675525695.353111) vcan0 210#2EE080A0A869CF4D
(1675525695.353186) vcan0 3D0#960F6100C50580C3
(1675525695.354154) vcan0 008#1D8034F240800080
(1675525695.355203) vcan0 0F5#90A290A27F6B523C
(1675525695.356309) vcan0 120#C8A2CCA27F085689
(1675525695.356382) vcan0 130#D7F41DCC2265F111
(1675525695.356457) vcan0 150#902201A800F8A1C0
(1675525695.357356) vcan0 430#3B083B0000001486
(1675525695.358462) vcan0 055#F7F7F727B2009C80
(1675525695.359977) vcan0 065#8BE6F7F7FFDDE101
(1675525695.360053) vcan0 070#000007F8E1E10F00
(1675525695.360127) vcan0 075#0000000000005458
(1675525695.361024) vcan0 080#E94F8000C2002C00
(1675525695.361098) vcan0 0B0#528314A3E1C152A3
(1675525695.361241) vcan0 0E0#627345C000809600
(1675525695.361317) vcan0 145#F932DC80FC4810A1
(1675525695.365242) vcan0 288#22E0807F00000080
(1675525695.365322) vcan0 290#0000000000000000
(1675525695.365473) vcan0 2C0#528700000000A0F1
(1675525695.365561) vcan0 2C5#00E78CDB8FE60070
(1675525695.365640) vcan0 010#009000002FB031F8
(1675525695.365718) vcan0 072#F000FF3F0084A038
(1675525695.365797) vcan0 1D0#0000000000000261
(1675525695.365875) vcan0 008#1D8044F032800080
(1675525695.366025) vcan0 125#E52080E4C1D0D735
(1675525695.366322) vcan0 1B0#00C0000002B000FC
(1675525695.366472) vcan0 1B5#FF7AE01205E0FFEF
(1675525695.366551) vcan0 1D8#363339343234E043
(1675525695.367423) vcan0 1E0#0004E34300B917E0
(1675525695.367502) vcan0 2C3#528700FFFFF45450
(1675525695.368447) vcan0 010#009000002FB031F8
(1675525695.369610) vcan0 291#0000000000000000
(1675525695.372073) vcan0 2A9#8C26009BC0000084
(1675525695.374816) vcan0 008#1D8054EF23800080
(1675525695.375920) vcan0 0F5#90A290A27F6F423E
(1675525695.376011) vcan0 120#D6A2CCA27F095689
(1675525695.377119) vcan0 130#DFF41DCC2255EC11
(1675525695.377193) vcan0 150#902209B801F891C0
(1675525695.377268) vcan0 072#F000FF3F00848038
(1675525695.378166) vcan0 210#2EE08020A869CF45
(1675525695.378240) vcan0 260#D0FF0055497487B0
(1675525695.379278) vcan0 055#F7F7F727B2009C80
(1675525695.380384) vcan0 065#8CE6F7F700DEE101
(1675525695.380460) vcan0 070#000007F8E1E10F00
(1675525695.380534) vcan0 075#0000000000005458
(1675525695.380608) vcan0 080#E94F8000C2002C00
(1675525695.380751) vcan0 0B0#528314A3E1C152A3
(1675525695.381513) vcan0 0E0#62733FC800807C00
(1675525695.384371) vcan0 145#F922DD80FC4810A1
(1675525695.384448) vcan0 28C#000000000014BEA9
(1675525695.384527) vcan0 2B5#4B7B2F6293A6AC00
(1675525695.384616) vcan0 340#A300000000000000
(1675525695.384693) vcan0 370#1720C000771BC71F
(1675525695.384772) vcan0 010#009000002FB031F8
(1675525695.384921) vcan0 1D0#0000000000000861
(1675525695.384998) vcan0 008#1D8064DF23800080
(1675525695.385437) vcan0 125#E52080E4C1D0D735
(1675525695.385515) vcan0 288#22E0807F00000080
(1675525695.386606) vcan0 1B0#00C0000004B000FC
(1675525695.386684) vcan0 1B5#FF91F71D11E0FFEF
(1675525695.387991) vcan0 1D8#363339343234E043
(1675525695.388067) vcan0 1E0#0008D34300B917E0
(1675525695.389013) vcan0 290#0000000000000000
(1675525695.390175) vcan0 010#009000002FB031F8
(1675525695.394076) vcan0 072#F000FF3F0084A038
(1675525695.394149) vcan0 330#CE00000000000000
(1675525695.395117) vcan0 008#1D8074E40E800080
(1675525695.396230) vcan0 0F5#89A290A27F733241
(1675525695.396306) vcan0 120#D9A2CCA27F035689
(1675525695.396379) vcan0 130#E7F41DCC2245F111
(1675525695.397278) vcan0 150#8C220BC802F885C0
(1675525695.397351) vcan0 350#A200000000000080
(1675525695.398317) vcan0 055#F7F7F727B2009C80
(1675525695.399492) vcan0 065#8CE6F7F700DEE101
(1675525695.400527) vcan0 070#000007F8E1E10F00
(1675525695.400601) vcan0 075#0000000000005458
(1675525695.400675) vcan0 080#E94F8000C2002C00
(1675525695.401850) vcan0 0B0#528314A3E1C152A3
(1675525695.401923) vcan0 0E0#627338D000806300
(1675525695.402068) vcan0 145#F912DE80FC4810A1
(1675525695.404879) vcan0 010#009000002FB031F8
(1675525695.404958) vcan0 1D0#0000000000000061
(1675525695.405036) vcan0 210#2EE080A0A869CF4D
(1675525695.405133) vcan0 291#0000000000000000
(1675525695.405204) vcan0 008#1D8084E200800080
(1675525695.405931) vcan0 125#E52080E4C1D0D735
(1675525695.406010) vcan0 1B0#00C0000004B000FC
(1675525695.406160) vcan0 1B5#FFA70D281CE0FFEF
(1675525695.407032) vcan0 1D8#363339343234E043
(1675525695.407110) vcan0 1E0#0008D30300B917E0
(1675525695.407187) vcan0 2C3#528700FFFFF55450
(1675525695.407266) vcan0 072#F000FF3F00848038
(1675525695.408138) vcan0 260#D0FF00AA497487B0
(1675525695.409227) vcan0 288#26E0807F00000080
(1675525695.410391) vcan0 010#009000002FB031F8
(1675525695.412844) vcan0 2A9#8C260082C0000084
(1675525695.412917) vcan0 400#0203010202010222
(1675525695.415666) vcan0 008#1D8094D200800080
(1675525695.416839) vcan0 0F5#90A28DA27F772244
(1675525695.416942) vcan0 120#DCA2C2A27F085689
(1675525695.417016) vcan0 130#EFF41DCC2235F411
(1675525695.417090) vcan0 150#8E2208D803F873C0
(1675525695.417919) vcan0 055#F7F7F727B2009C80
(1675525695.419025) vcan0 065#8BE6F7F700DEE101
(1675525695.420060) vcan0 070#000007F8E1E10F00
(1675525695.420203) vcan0 075#0000000000005458
(1675525695.420278) vcan0 080#E94F8000C2002C00
(1675525695.421245) vcan0 0B0#528314A3E1C152A3
(1675525695.421319) vcan0 0E0#627330D800804B00
(1675525695.421394) vcan0 145#F902DF80FC4810A1
(1675525695.421536) vcan0 28C#000000000014BEA9
(1675525695.421610) vcan0 290#0000000000000000
(1675525695.422710) vcan0 2B5#4B7B2F6293A6AC00
(1675525695.422788) vcan0 2C0#528700000000A0F1
(1675525695.422866) vcan0 2C5#00E78CDB8EE60070
(1675525695.422954) vcan0 3AF#0000000000000020
(1675525695.423032) vcan0 010#009000002FB031F8
(1675525695.423109) vcan0 072#F000FF3F0084A038
(1675525695.423839) vcan0 1D0#0000000000000061
(1675525695.423916) vcan0 3C8#5287008E882C008E
(1675525695.424934) vcan0 008#1D80A4C200800080
(1675525695.427610) vcan0 125#E51E80E4C1D0D735
(1675525695.427688) vcan0 1B0#00C0000001B000FC
(1675525695.427766) vcan0 1B5#FFBE243327E0FFEF
(1675525695.427916) vcan0 1D8#363339343234E043
(1675525695.427995) vcan0 1E0#000CC34300B917E0
(1675525695.428071) vcan0 210#2EE080A0A869CF45
(1675525695.428657) vcan0 010#009000002FB031F9
(1675525695.429745) vcan0 291#0000000000000000
(1675525695.430837) vcan0 008#1D80B4B200800080
(1675525695.433234) vcan0 288#2BE0906F00000080
(1675525695.434238) vcan0 0F5#8DA27CA27F7B1247
(1675525695.435334) vcan0 120#BEA2C2A27F075689
(1675525695.436500) vcan0 130#F7F41DC2222FEF11
(1675525695.436578) vcan0 150#84220CE803F86DC0
(1675525695.439350) vcan0 3CA#00000000550000C8
(1675525695.439428) vcan0 072#F000FF3F00848038
(1675525695.439579) vcan0 360#598700EFB564A0C9
(1675525695.439657) vcan0 260#D0FF00AA497487B0
(1675525695.439735) vcan0 055#F7F7F827B2009C80
(1675525695.439813) vcan0 065#89E6F7F7FFDDE101
(1675525695.440469) vcan0 070#000007F8E3E10F00
(1675525695.440548) vcan0 075#0000000000005458
(1675525695.440625) vcan0 080#F74F8000C2002C00
(1675525695.440704) vcan0 0B0#528314A3E1C152A3
(1675525695.441505) vcan0 0E0#62732EE000802D00
(1675525695.441582) vcan0 145#F9F2D080FC4810A1
(1675525695.442632) vcan0 010#009000002FB031F8
(1675525695.442707) vcan0 1D0#0000000000000261
(1675525695.443813) vcan0 390#80FF051D02025F4F
(1675525695.446565) vcan0 008#1D80C4A200800080
(1675525695.446708) vcan0 125#E51B80E4C1D0D735
(1675525695.446782) vcan0 1B0#00C0000003B000FC
(1675525695.446856) vcan0 1B5#FFD43A3F32E0FFEF
(1675525695.446931) vcan0 1D8#363339343234E043
(1675525695.447073) vcan0 1E0#0010B34300B917E0
(1675525695.447631) vcan0 2C3#528700FFFFF55450
(1675525695.448803) vcan0 290#0000000000000000
(1675525695.449839) vcan0 010#009000002FB031F8
(1675525695.450942) vcan0 072#F000FF3F0084A038
(1675525695.452047) vcan0 210#2EE080A0A869CF4D
(1675525695.453161) vcan0 2A9#8C26008AC0000084
(1675525695.454613) vcan0 008#1D80D49200800080
(1675525695.457595) vcan0 0F5#83A283A27F7F024A
(1675525695.457674) vcan0 120#C2A2C5A27F095689
(1675525695.457753) vcan0 130#FFF41DB7222AEF11
(1675525695.457903) vcan0 150#83220CF804F85EC0
(1675525695.458706) vcan0 055#F7F7F927B2229C84
(1675525695.459725) vcan0 065#89E6F7F7FFDDE301
(1675525695.460887) vcan0 070#000007F8E8E10F00
(1675525695.460964) vcan0 075#0000000000005458
(1675525695.461042) vcan0 080#FD4F8000C2002C00
(1675525695.461120) vcan0 0B0#528314A3E1C152A3
(1675525695.461270) vcan0 0E0#627331E800800A00
(1675525695.461926) vcan0 145#F9E2D180FC4810A1
(1675525695.462003) vcan0 288#26E0906F00000080
(1675525695.462154) vcan0 28C#000000000014FEA9
(1675525695.462231) vcan0 2B5#4B7B2F6293A6AC02
(1675525695.464661) vcan0 340#A300000000000000
(1675525695.464813) vcan0 010#009000002FB031F8
(1675525695.464887) vcan0 1D0#0000000000000861
