(1675526156.551183) vcan0 075#0000000000005458
(1675526156.553410) vcan0 080#43508000C2002C00
(1675526156.553630) vcan0 0B0#528310A3DAC152A3
(1675526156.553782) vcan0 0E0#E27337F80080C400
(1675526156.554013) vcan0 145#F902DF80FC4810A1
(1675526156.554090) vcan0 1D0#0000000000000861
(1675526156.554311) vcan0 28C#000020000030FEA7
(1675526156.554389) vcan0 2B5#4BBF2C6293A6827B
(1675526156.554683) vcan0 340#8A00000000000000
(1675526156.554760) vcan0 125#E5E57FE5C1D0D735
(1675526156.556997) vcan0 1B0#00C0000003B000FC
(1675526156.558225) vcan0 1B5#FFA911C90AE0FFEF
(1675526156.558446) vcan0 1D8#363339343234DF43
(1675526156.558667) vcan0 1E0#0034234300B917E0
(1675526156.558745) vcan0 2C3#BB9C00FFFF625450
(1675526156.558967) vcan0 008#6D804C440E800080
(1675526156.559764) vcan0 290#0000000000000000
(1675526156.560922) vcan0 010#008800002FB031F8
(1675526156.561071) vcan0 072#F000FF3F00788038
(1675526156.563346) vcan0 260#D0FF00AA497487B0
(1675526156.564731) vcan0 288#BCDFD02F00000080
(1675526156.567256) vcan0 0F5#8D9F809F7F57A244
(1675526156.567477) vcan0 120#E79FDA9F7FF55589
(1675526156.567627) vcan0 130#AFFF1DBB1FC90412
(1675526156.567849) vcan0 150#861FE857F5F7FEC0
(1675526156.568361) vcan0 008#6D805C340E800080
(1675526156.569589) vcan0 055#F5F71928B2CB9C80
(1675526156.572622) vcan0 065#FEE519F801DE5F02
(1675526156.572845) vcan0 010#008800002FB031F9
(1675526156.573067) vcan0 070#000009F85FE20F00
(1675526156.573216) vcan0 075#0000000000005458
(1675526156.573438) vcan0 080#43508000C2002C00
(1675526156.573660) vcan0 0B0#528310A3DAC152A3
(1675526156.573809) vcan0 0E0#E2733FC000809C00
(1675526156.574031) vcan0 145#F9F2D080FC4810A1
(1675526156.574110) vcan0 1D0#0000000000000261
(1675526156.574341) vcan0 210#45E080A0AC69B34D
(1675526156.574491) vcan0 291#0000000000000000
(1675526156.575218) vcan0 125#E5E57FE5C1D0D735
(1675526156.575295) vcan0 072#F000FF3F0078A038
(1675526156.576668) vcan0 1B0#00C0000001B000FC
(1675526156.577757) vcan0 1B5#FFBE25D314E0FFEF
(1675526156.577979) vcan0 1D8#363339343234DF43
(1675526156.578200) vcan0 1E0#0038134300B917E0
(1675526156.579140) vcan0 008#6D806C240E800080
(1675526156.580299) vcan0 010#008800002FB031F8
(1675526156.581671) vcan0 2A9#8C26008AC0000084
(1675526156.581748) vcan0 400#01010101010B0303
(1675526156.582043) vcan0 405#0000000000000000
(1675526156.585503) vcan0 0F5#B89F9E9F7F5B9247
(1675526156.586876) vcan0 120#D09FBF9F7FF15589
(1675526156.587098) vcan0 130#B7011EBB1FB90A12
(1675526156.587976) vcan0 150#AB1FE767F5F7C9C0
(1675526156.589348) vcan0 008#6F807CFD23800080
(1675526156.589569) vcan0 288#C8DFD02F00000080
(1675526156.590439) vcan0 055#F5F71928B2CB9C80
(1675526156.590660) vcan0 065#FDE519F800DE5F02
(1675526156.590882) vcan0 010#008800002FB031F8
(1675526156.593338) vcan0 070#000009F85FE20F00
(1675526156.593560) vcan0 072#F000FF3F00788038
(1675526156.593782) vcan0 075#0000000000005458
(1675526156.594005) vcan0 080#43508000C2002C00
(1675526156.594226) vcan0 0B0#528310A3DAC152A3
(1675526156.594446) vcan0 0E0#E2733AC800808100
(1675526156.594596) vcan0 145#F9E2D180FC4810A1
(1675526156.594817) vcan0 1D0#0000000000000061
(1675526156.594896) vcan0 28C#000020000030FEA7
(1675526156.595117) vcan0 290#0000000000000000
(1675526156.595203) vcan0 2B5#4BBF2C6293A6827B
(1675526156.595425) vcan0 260#D0FF00AA497487B0
(1675526156.595575) vcan0 2C0#BB9C00000000A0F1
(1675526156.595796) vcan0 2C5#2CD77EE3FDE50070
(1675526156.595873) vcan0 370#0728C0005B03C71F
(1675526156.596096) vcan0 3AF#0000000000000020
(1675526156.596245) vcan0 3E0#000000D935808092
(1675526156.596467) vcan0 125#E5E37FE5C1D0D735
(1675526156.596543) vcan0 210#45E080A0AC69B345
(1675526156.596982) vcan0 350#A200000000000080
(1675526156.599866) vcan0 1B0#00C0000007B000FC
(1675526156.599945) vcan0 1B5#FFD23ADE1FE0FFEF
(1675526156.600166) vcan0 1D8#363339343234DF43
(1675526156.600315) vcan0 1E0#0038130300B917E0
(1675526156.600539) vcan0 2C3#BB9C00FFFF625450
(1675526156.600615) vcan0 008#6F808CED23800080
(1675526156.600930) vcan0 010#008800002FB031F8
(1675526156.601079) vcan0 291#0000000000000000
(1675526156.601082) vcan0 330#0000000000000000
(1675526156.603473) vcan0 072#F000FF3F0078A038
(1675526156.605996) vcan0 360#BC9C00A7B953A041
(1675526156.607224) vcan0 0F5#A19FBB9F7F5F8249
(1675526156.607447) vcan0 120#BC9FA89F7F035689
(1675526156.607668) vcan0 130#BFFF1DBB1FA90712
(1675526156.607889) vcan0 150#AE1FEA77F5F7B6C0
(1675526156.608327) vcan0 008#6F809CDD23800080
(1675526156.609630) vcan0 055#F5F71928B2CB9C80
(1675526156.610714) vcan0 065#FFE519F801DE5F02
(1675526156.610936) vcan0 070#000009F85FE20F00
(1675526156.611086) vcan0 010#008800002FB031F8
(1675526156.611163) vcan0 075#0000000000005458
(1675526156.612176) vcan0 080#43508000C2002C00
(1675526156.612262) vcan0 0B0#528310A3DAC152A3
(1675526156.612558) vcan0 0E0#E2733BD000806000
(1675526156.612635) vcan0 145#F9D2D280FC4810A1
(1675526156.612930) vcan0 1D0#0000000000000061
(1675526156.613008) vcan0 390#80FF0500023E504F
(1675526156.615031) vcan0 288#B4DFE01F00000080
(1675526156.615253) vcan0 125#E5E37FE5C1D0D735
(1675526156.616122) vcan0 1B0#00C0000005B000FC
(1675526156.617568) vcan0 1B5#FFE74EE829E0FFEF
(1675526156.617717) vcan0 1D8#363339343234DF43
(1675526156.617938) vcan0 1E0#003C034300B917E0
(1675526156.618591) vcan0 008#6F80ACCD23800080
(1675526156.620035) vcan0 290#0000000000000000
(1675526156.621119) vcan0 010#008800002FB031F8
(1675526156.621341) vcan0 072#F000FF3F00788038
(1675526156.621491) vcan0 210#45E08020AC69B34D
(1675526156.621722) vcan0 2A9#8C260093C0000084
(1675526156.623567) vcan0 260#D0FF00AA497487B0
(1675526156.626167) vcan0 0F5#979FE19F7F63724C
(1675526156.627396) vcan0 120#DA9FCC9F7FF85589
(1675526156.627620) vcan0 130#C7FF1DCC1F880712
(1675526156.627842) vcan0 150#BB1FE787F5F799C0
(1675526156.627992) vcan0 3CA#00000000530000C8
(1675526156.628502) vcan0 008#6F80BCBD23800080
(1675526156.629876) vcan0 055#F5F71928B2CB9C80
(1675526156.630098) vcan0 065#FEE519F800DE5F02
(1675526156.630968) vcan0 070#000009F85FE20F00
(1675526156.631190) vcan0 010#008800002FB031F8
(1675526156.631339) vcan0 075#0000000000005458
(1675526156.632352) vcan0 080#43508000C2002C00
(1675526156.632574) vcan0 0B0#528310A3DAC152A3
(1675526156.632795) vcan0 0E0#E2733ED800803D00
(1675526156.632883) vcan0 145#F9C2D380FC4810A1
(1675526156.633105) vcan0 1D0#0000000000000861
(1675526156.633183) vcan0 28C#000020000030FEA7
(1675526156.633404) vcan0 291#0000000000000000
(1675526156.633554) vcan0 2B5#4BBF2C6293A6827B
(1675526156.633774) vcan0 340#8A00000000000000
(1675526156.636301) vcan0 125#E5E37FE5C1D0D735
(1675526156.636522) vcan0 072#F000FF3F0078A038
(1675526156.636671) vcan0 3B0#00D86C3865B8C400
(1675526156.637399) vcan0 1B0#00C0000006B000FC
(1675526156.637549) vcan0 1B5#FFFB63F233E0FFEF
(1675526156.637626) vcan0 1D8#363339343234DF43
(1675526156.637920) vcan0 1E0#0000F34300B917E0
(1675526156.638429) vcan0 2C3#BB9C00FFFF635450
(1675526156.639803) vcan0 008#6F80CCAD23800080
(1675526156.639952) vcan0 288#BCDFE01F00000080
(1675526156.641262) vcan0 010#008800002FB031F8
(1675526156.643865) vcan0 210#45E080A0AC69B345
(1675526156.646319) vcan0 0F5#A89FB59F7F67624F
(1675526156.647840) vcan0 120#DD9FE49F7FFB5589
(1675526156.647989) vcan0 130#CFFF1DCC1F780D12
(1675526156.648210) vcan0 150#AF1FEA97F5F795C0
(1675526156.648791) vcan0 008#7180DC9B23800080
(1675526156.651676) vcan0 055#F5F71928B2CB9C80
(1675526156.651898) vcan0 065#FFE519F800DE5F02
(1675526156.652048) vcan0 010#008800002FB031F9
(1675526156.652268) vcan0 070#000009F85FE20F00
(1675526156.652493) vcan0 072#F000FF3F00788038
(1675526156.652570) vcan0 075#0000000000005458
(1675526156.652794) vcan0 080#43508000C2002C00
(1675526156.653015) vcan0 0B0#528310A3DAC152A3
(1675526156.653237) vcan0 0E0#E2733AE000802100
(1675526156.653329) vcan0 145#F9B2D480FC4810A1
(1675526156.653550) vcan0 1D0#0000000000000261
(1675526156.653629) vcan0 290#0000000000000000
(1675526156.653849) vcan0 2C0#BB9C00000000A0F1
(1675526156.654072) vcan0 2C5#2CD77EE3FFE50070
(1675526156.654221) vcan0 260#D0FF0055497487B0
(1675526156.655235) vcan0 125#E5E07FE5C1D0D735
(1675526156.656680) vcan0 1B0#00C0000007B000FC
(1675526156.657695) vcan0 1B5#FF1078FC3DE0FFEF
(1675526156.657917) vcan0 1D8#363339343234DF43
(1675526156.658137) vcan0 1E0#0000F30300B917E0
(1675526156.659009) vcan0 008#7180EC8B23800080
(1675526156.660093) vcan0 3C8#BB9C008E882C008E
(1675526156.661468) vcan0 010#008800002FB031F8
(1675526156.661688) vcan0 291#0000000000000000
(1675526156.661912) vcan0 2A9#8C26008AC0000084
(1675526156.664088) vcan0 288#B8DFE01F00000080
(1675526156.665463) vcan0 072#F000FF3F0078A038
(1675526156.667053) vcan0 0F5#C29FB59F7F6B5251
(1675526156.667274) vcan0 120#F49FCC9F7FDE5589
(1675526156.667497) vcan0 130#D7011ECC1F680A12
(1675526156.668080) vcan0 150#BB1FE3A7F5F779C0
(1675526156.668230) vcan0 008#7480FC6932800080
(1675526156.669533) vcan0 055#F5F71928B2CB9C80
(1675526156.670619) vcan0 065#FEE519F800DE5F02
(1675526156.670840) vcan0 070#000009F85FE20F00
(1675526156.670989) vcan0 010#008800002FB031F8
(1675526156.673445) vcan0 075#0000000000005458
(1675526156.673666) vcan0 080#43508000C2002C00
(1675526156.673888) vcan0 0B0#528310A3DAC152A3
(1675526156.674111) vcan0 0E0#E27342E80080F900
(1675526156.674261) vcan0 145#F9A2D580FC4810A1
(1675526156.674494) vcan0 1D0#0000000000000061
(1675526156.674573) vcan0 210#45E080A0AC69B345
(1675526156.674794) vcan0 28C#000020000030FEA7
(1675526156.674871) vcan0 2B5#4BBF2C6293A6827B
(1675526156.675093) vcan0 125#E5DD7FE5C1D0D735
(1675526156.677115) vcan0 1B0#00C0000004B000FC
(1675526156.677265) vcan0 1B5#FF258C0748E0FFEF
(1675526156.678349) vcan0 1D8#363339343234DF43
(1675526156.678571) vcan0 1E0#0004E34300B917E0
(1675526156.678794) vcan0 2C3#BB9C00FFFF635450
(1675526156.678872) vcan0 008#74800C4447800080
(1675526156.679884) vcan0 290#0000000000000000
(1675526156.680897) vcan0 010#008800002FB031F8
(1675526156.681118) vcan0 072#F000FF3F00788038
(1675526156.681341) vcan0 330#0000000000000000
(1675526156.683364) vcan0 260#D0FF0055497487B0
(1675526156.685684) vcan0 0F5#AF9FC69F7F6F4254
(1675526156.686985) vcan0 120#C29FC99F7F025689
(1675526156.687207) vcan0 130#DF011EC91F5B0712
(1675526156.688079) vcan0 150#BA1FE3B7F5F76AC0
(1675526156.688300) vcan0 350#A200000000000080
(1675526156.688450) vcan0 008#76801C4732800080
(1675526156.689533) vcan0 288#B0DFE01F00000080
(1675526156.690620) vcan0 055#F5F71928B2CB9C80
(1675526156.690842) vcan0 065#02E619F802DE5F02
(1675526156.691062) vcan0 010#008800002FB031F8
(1675526156.693376) vcan0 070#000009F85FE20F00
(1675526156.693526) vcan0 075#0000000000005458
(1675526156.693818) vcan0 080#43508000C2002C00
(1675526156.693969) vcan0 0B0#528310A3DAC152A3
(1675526156.694189) vcan0 0E0#E27349F00080D200
(1675526156.694413) vcan0 145#F992D680FC4810A1
(1675526156.694498) vcan0 1D0#0000000000000061
(1675526156.694719) vcan0 291#0000000000000000
(1675526156.694799) vcan0 370#0728C0005B03C71F
(1675526156.695019) vcan0 125#E5DA7FE5C1D0D735
(1675526156.695603) vcan0 072#F000FF3F0078A038
(1675526156.696905) vcan0 210#45E080A0AC69B34D
(1675526156.697056) vcan0 1B0#00C0000004B000FC
(1675526156.698501) vcan0 1B5#FF39A11152E0FFEF
(1675526156.698723) vcan0 1D8#363339343234DF43
(1675526156.698947) vcan0 1E0#0008D34300B917E0
(1675526156.699023) vcan0 008#78802C2740800080
(1675526156.699605) vcan0 010#008800002FB031F8
(1675526156.700763) vcan0 2A9#8C260093C0000084
(1675526156.703145) vcan0 360#BC9C00A7B953A041
(1675526156.707037) vcan0 0F5#AC9FB89F7F733256
(1675526156.707188) vcan0 120#D09FAF9F7FF75589
(1675526156.707418) vcan0 130#E7011EC91F4B0712
(1675526156.708145) vcan0 150#B21FF0C7F4F762C0
(1675526156.709374) vcan0 008#78803C1740800080
(1675526156.712402) vcan0 0E0#E27340F80080BB00
(1675526156.712625) vcan0 055#F5F71928B2CB9C80
(1675526156.712846) vcan0 065#01E619F800DE5F02
(1675526156.713068) vcan0 010#008800002FB031F8
(1675526156.713218) vcan0 070#000009F85FE20F00
(1675526156.713440) vcan0 072#F000FF3F00788038
(1675526156.713662) vcan0 075#0000000000005458
(1675526156.713812) vcan0 080#43508000C2002C00
(1675526156.714033) vcan0 0B0#528310A3DAC152A3
(1675526156.714255) vcan0 145#F982D780FC4810A1
(1675526156.714404) vcan0 1D0#0000000000000861
(1675526156.714627) vcan0 28C#000020000030FEA7
(1675526156.714847) vcan0 290#0000000000000000
(1675526156.714933) vcan0 2B5#4BC02C6293A6817B
(1675526156.715154) vcan0 260#D0FF0055497487B0
(1675526156.716455) vcan0 2C0#BB9C00000000A0F1
(1675526156.716678) vcan0 2C5#2CD77EE300E60070
(1675526156.716756) vcan0 340#8A00000000000000
(1675526156.716977) vcan0 390#80FF0500023E504F
(1675526156.717054) vcan0 3AF#0000000000000020
(1675526156.717276) vcan0 288#C4DFF00F00000080
(1675526156.717426) vcan0 125#E5D77FE5C1D0D735
(1675526156.717647) vcan0 1B0#00C0000002B000FC
(1675526156.717723) vcan0 1B5#FF4EB51B5CE0FFEF
(1675526156.717945) vcan0 1D8#363339343234DF43
(1675526156.718022) vcan0 1E0#0008D30300B917E0
(1675526156.718602) vcan0 2C3#BB9C00FFFF645450
(1675526156.719905) vcan0 008#78804C0740800080
(1675526156.721351) vcan0 010#008800002FB031F8
(1675526156.721436) vcan0 210#45E080A0AC69B345
(1675526156.721658) vcan0 291#0000000000000000
(1675526156.721736) vcan0 3D0#8F0F6100250D80C3
(1675526156.723978) vcan0 072#F000FF3F0078A038
(1675526156.726505) vcan0 0F5#AF9FC29F7F772259
(1675526156.727806) vcan0 120#D79FDD9F7FEE5589
(1675526156.727954) vcan0 130#EF011EC91F3B0412
(1675526156.728177) vcan0 150#B81FECD7F4F74CC0
(1675526156.728902) vcan0 008#7A805CE64F800080
(1675526156.731787) vcan0 0E0#E27339C00080A200
(1675526156.732007) vcan0 055#F5F71928B2CB9C80
(1675526156.732229) vcan0 065#02E619F801DE5F02
(1675526156.732477) vcan0 010#008800002FB031F9
(1675526156.732555) vcan0 070#000009F85FE20F00
(1675526156.732851) vcan0 075#0000000000005458
(1675526156.732999) vcan0 080#43508000C2002C00
(1675526156.733096) vcan0 0B0#528310A3DAC152A3
(1675526156.733390) vcan0 145#F972D880FC4810A1
(1675526156.733467) vcan0 1D0#0000000000000261
(1675526156.734338) vcan0 125#E5D47FE5C1D0D735
(1675526156.736793) vcan0 1B0#00C0000001B000FC
(1675526156.738308) vcan0 1B5#FF62CA2566E0FFEF
(1675526156.738530) vcan0 1D8#363339343234DF43
(1675526156.738680) vcan0 1E0#000CC34300B917E0
(1675526156.738901) vcan0 008#7A806CD64F800080
(1675526156.739771) vcan0 288#C0DFF00F00000080
(1675526156.739848) vcan0 290#0000000000000000
(1675526156.740861) vcan0 010#008800002FB031F8
(1675526156.741083) vcan0 072#F000FF3F0078A038
(1675526156.741952) vcan0 2A9#8C26008AC0000084
(1675526156.743258) vcan0 260#D0FF00AA497487B0
(1675526156.745856) vcan0 210#45E080A0AC69B34D
(1675526156.748763) vcan0 0F5#AF9FB29F7F7B125B
(1675526156.748985) vcan0 120#E89FEE9F7FF75589
(1675526156.749145) vcan0 130#F7FF1DC91F2BFF11
(1675526156.749356) vcan0 150#B01FEBE7F4F744C0
(1675526156.749577) vcan0 3CA#00000000540000C8
(1675526156.749801) vcan0 008#7A807CC64F800080
(1675526156.749877) vcan0 055#F5F71928B2CB9C80
(1675526156.750171) vcan0 065#02E619F800DE5F02
(1675526156.750970) vcan0 070#000009F85FE20F00
(1675526156.751120) vcan0 010#008800002FB031F8
(1675526156.751342) vcan0 075#0000000000005458
(1675526156.753940) vcan0 080#43508000C2002C00
(1675526156.754091) vcan0 0B0#528310A3DAC152A3
(1675526156.754312) vcan0 0E0#E2733AC800808100
(1675526156.754534) vcan0 145#F962D980FC4810A1
(1675526156.754756) vcan0 1D0#0000000000000061
(1675526156.754842) vcan0 28C#000020000030FEA7
(1675526156.755064) vcan0 291#0000000000000000
(1675526156.755143) vcan0 2B5#4BC02C6293A6817B
(1675526156.755363) vcan0 125#E5D17FE5C1D0D735
(1675526156.755441) vcan0 072#F000FF3F00788038
(1675526156.756095) vcan0 3B0#00D86C3865B8C600
(1675526156.757541) vcan0 1B0#00C0000002B000FC
(1675526156.757619) vcan0 1B5#FF77DF3071E0FFEF
(1675526156.757840) vcan0 1D8#363339343234DF43
(1675526156.758998) vcan0 1E0#0010B34300B917E0
(1675526156.759220) vcan0 2C3#BB9C00FFFF645450
(1675526156.759297) vcan0 008#7D808CB34F800080
(1675526156.760094) vcan0 010#008800002FB031F8
(1675526156.761257) vcan0 330#0000000000000000
(1675526156.763579) vcan0 288#BCDFF00F00000080
(1675526156.765978) vcan0 0F5#B89FB89F7F7F025E
(1675526156.767225) vcan0 120#C49FEE9F7FF65589
(1675526156.767436) vcan0 130#FF011EC91F1BFF11
(1675526156.767646) vcan0 150#B81FECF7F3F72CC0
(1675526156.768336) vcan0 008#7D809CB240800080
(1675526156.769778) vcan0 055#F5F71928B2CB9C80
(1675526156.769989) vcan0 065#02E619F800DE5F02
(1675526156.770886) vcan0 070#000009F85FE20F00
(1675526156.771096) vcan0 010#008800002FB031F8
(1675526156.771307) vcan0 072#F000FF3F00788038
(1675526156.773859) vcan0 075#0000000000005458
(1675526156.773935) vcan0 080#43508000C2002C00
(1675526156.774230) vcan0 0B0#528310A3DAC152A3
(1675526156.774380) vcan0 0E0#E2733DD000805E00
(1675526156.774602) vcan0 145#F952DA80FC4810A1
(1675526156.774825) vcan0 1D0#0000000000000061
(1675526156.775047) vcan0 210#45E08020AC69B34D
(1675526156.775135) vcan0 290#0000000000000000
(1675526156.775356) vcan0 2C0#BB9C00000000A0F1
(1675526156.775435) vcan0 2C5#2CD77EE302E60070
(1675526156.775656) vcan0 260#D0FF00AA497487B0
(1675526156.775733) vcan0 125#E5D17FE5C1D0D735
(1675526156.777324) vcan0 350#A200000000000080
(1675526156.777403) vcan0 1B0#00C0000004B000FC
(1675526156.777624) vcan0 1B5#FF8CF33A7BE0FFEF
(1675526156.778782) vcan0 1D8#363339343234DF43
(1675526156.778931) vcan0 1E0#0010B30300B917E0
(1675526156.779081) vcan0 008#7F80ACA040800080
(1675526156.779807) vcan0 3C8#BB9C008E882C008E
(1675526156.781254) vcan0 010#008800002FB031F8
(1675526156.781475) vcan0 291#0000000000000000
(1675526156.781626) vcan0 2A9#8C260082C0000084
(1675526156.783865) vcan0 072#F000FF3F0078A038
(1675526156.786187) vcan0 0F5#9E9F9B9F7F43F261
(1675526156.787491) vcan0 120#BB9FB99F7FEF5589
(1675526156.787714) vcan0 130#87FF1DB81F1CFA11
(1675526156.787863) vcan0 150#9C1FE807F2F738C0
(1675526156.788589) vcan0 008#8180BC7F4F800080
(1675526156.791407) vcan0 288#C0DFF00F00000080
(1675526156.791628) vcan0 055#F5F71928B2CB9C80
(1675526156.791851) vcan0 065#00E619F8FFDD5F02
(1675526156.791999) vcan0 010#008800002FB031F8
(1675526156.792222) vcan0 070#000009F85FE20F00
(1675526156.792445) vcan0 075#0000000000005458
(1675526156.792619) vcan0 080#43508000C2002C00
(1675526156.792839) vcan0 0B0#528310A3DAC152A3
(1675526156.792918) vcan0 0E0#E27343D800803800
(1675526156.793212) vcan0 145#F942DB80FC4810A1
(1675526156.793289) vcan0 1D0#0000000000000861
(1675526156.793519) vcan0 28C#000020000030FEA7
(1675526156.793741) vcan0 2B5#4BC02B6293A6827B
(1675526156.793892) vcan0 340#8A00000000000000
(1675526156.794113) vcan0 370#0728C0005B03C71F
(1675526156.795201) vcan0 125#E5CF7FE5C1D0D735
(1675526156.795279) vcan0 210#44E080A0AC69B345
(1675526156.796365) vcan0 1B0#00C0000005B000FC
(1675526156.797451) vcan0 1B5#FFA0084485E0FFEF
(1675526156.797528) vcan0 1D8#363339343234DF43
(1675526156.798830) vcan0 1E0#0014A34300B917E0
(1675526156.798979) vcan0 2C3#BB9C00FFFF655450
(1675526156.799200) vcan0 008#8180CC7E40800080
(1675526156.800287) vcan0 290#0000000000000000
(1675526156.800437) vcan0 010#008800002FB031F8
(1675526156.801378) vcan0 072#F000FF3F00788038
(1675526156.803694) vcan0 260#D0FF00AA497487B0
(1675526156.805007) vcan0 360#BC9C00A7B953A041
(1675526156.806452) vcan0 0F5#9E9FA19F7F47E263
(1675526156.807536) vcan0 120#F19FD79F7FFA5589
(1675526156.807757) vcan0 130#8FFF1DB81F0CF411
(1675526156.807980) vcan0 150#9F1FEE17F2F725C0
(1675526156.808633) vcan0 008#8180DC6E40800080
(1675526156.810008) vcan0 055#F5F71928B2CB9C80
(1675526156.813059) vcan0 065#FEE519F8FEDD5F02
(1675526156.813281) vcan0 070#000009F85FE20F00
(1675526156.813431) vcan0 010#008800002FB031F9
(1675526156.813653) vcan0 075#0000000000005458
(1675526156.813874) vcan0 080#43508000C2002C00
(1675526156.814026) vcan0 0B0#528310A3DAC152A3
(1675526156.814248) vcan0 0E0#E2733CE000801F00
(1675526156.814471) vcan0 145#F932DC80FC4810A1
(1675526156.814620) vcan0 1D0#0000000000000261
(1675526156.814780) vcan0 291#0000000000000000
(1675526156.814928) vcan0 390#80FF05000236524F
(1675526156.815079) vcan0 288#D0DF00FF00000080
(1675526156.815302) vcan0 125#E5CF7FE5C1D0D735
(1675526156.816462) vcan0 072#F000FF3F0078A038
(1675526156.818056) vcan0 1B0#00C0000002B000FC
(1675526156.818206) vcan0 1B5#FFB51C4E8FE0FFEF
(1675526156.818428) vcan0 1D8#363339343234DF43
(1675526156.818507) vcan0 1E0#0018934300B917E0
(1675526156.818801) vcan0 008#8180EC5E40800080
(1675526156.820610) vcan0 010#008800002FB031F8
(1675526156.820761) vcan0 210#44E080A0AC69B34D
(1675526156.820981) vcan0 2A9#8C26009BC0000084
(1675526156.825458) vcan0 0F5#979FB89F7F4BD266
(1675526156.826760) vcan0 120#F19FE89F7FF85589
(1675526156.827847) vcan0 130#97FF1DB81FFCF411
(1675526156.827933) vcan0 150#A81FF027F1F70CC0
(1675526156.829310) vcan0 008#8180FC5C32800080
(1675526156.830396) vcan0 055#F5F71928B2CB9C80
(1675526156.830475) vcan0 065#FCE519F8FFDD5F02
(1675526156.830767) vcan0 070#000009F85FE20F00
(1675526156.833298) vcan0 075#0000000000005458
(1675526156.833448) vcan0 080#43508000C2002C00
(1675526156.833670) vcan0 0B0#528310A3DAC152A3
(1675526156.833892) vcan0 0E0#E27333E800800800
(1675526156.834042) vcan0 145#F922DD80FC4810A1
(1675526156.834265) vcan0 010#008800002FB031F8
(1675526156.834487) vcan0 072#F000FF3F0078A038
(1675526156.834710) vcan0 1D0#0000000000000061
(1675526156.834860) vcan0 28C#000020000030FEA7
(1675526156.835082) vcan0 290#0000000000000000
(1675526156.835158) vcan0 2B5#4BC02C6293A6827B
(1675526156.835389) vcan0 2C0#BB9C00000000A0F1
(1675526156.835468) vcan0 260#D0FF00AA497487B0
(1675526156.835761) vcan0 2C5#2CD77EE300E60070
(1675526156.835840) vcan0 3AF#0000000000000020
(1675526156.836060) vcan0 400#0102040101010104
(1675526156.836138) vcan0 405#3156590000000010
(1675526156.836361) vcan0 581#FFFFFFFFFFFF0081
(1675526156.836510) vcan0 125#E5CD7FE5C1D0D735
(1675526156.838749) vcan0 1B0#00C0000004B000FC
(1675526156.838828) vcan0 1B5#FFC931589AE0FFEF
(1675526156.839048) vcan0 1D8#363339343234DF43
(1675526156.839126) vcan0 1E0#0018930300B917E0
(1675526156.839348) vcan0 2C3#BB9C00FFFF655450
(1675526156.839498) vcan0 008#81800C4C32800080
(1675526156.839865) vcan0 288#B4DF00FF00000080
(1675526156.842317) vcan0 010#008800002FB031F8
(1675526156.843703) vcan0 291#0000000000000000
(1675526156.843925) vcan0 330#0000000000000000
(1675526156.846383) vcan0 072#F000FF3F00788038
(1675526156.846603) vcan0 210#44E080A0AC69B345
(1675526156.847475) vcan0 0F5#B89FAF9F7F4FC268
(1675526156.847698) vcan0 120#DD9FDA9F7FF75589
(1675526156.847848) vcan0 130#9FFF1DBB1FE9F711
(1675526156.848789) vcan0 150#B41FE737F0F7F0C0
(1675526156.849012) vcan0 008#81801C3C32800080
(1675526156.850387) vcan0 0E0#E27325F00080F600
(1675526156.850610) vcan0 055#F5F71928B2CB9C80
(1675526156.850760) vcan0 010#008800002FB031F8
(1675526156.851488) vcan0 065#00E619F802DE5F02
(1675526156.851710) vcan0 070#000009F85FE20F00
(1675526156.851787) vcan0 075#0000000000005458
(1675526156.852008) vcan0 080#43508000C2002C00
(1675526156.852539) vcan0 0B0#528310A3DAC152A3
(1675526156.852619) vcan0 145#F912DE80FC4810A1
(1675526156.852841) vcan0 1D0#0000000000000061
(1675526156.855008) vcan0 125#E5CD7FE5C1D0D735
(1675526156.857751) vcan0 1B0#00C0000005B000FC
(1675526156.857902) vcan0 1B5#FFDE4563A4E0FFEF
(1675526156.858122) vcan0 1D8#363339343234DF43
(1675526156.858344) vcan0 1E0#001C834300B917E0
(1675526156.858856) vcan0 008#81802C3B23800080
(1675526156.860230) vcan0 290#0000000000000000
(1675526156.860451) vcan0 010#008800002FB031F8
(1675526156.860673) vcan0 072#F000FF3F00788038
(1675526156.861327) vcan0 2A9#8C260082C0000084
(1675526156.863715) vcan0 260#D0FF0055497487B0
(1675526156.865019) vcan0 288#97DF00FF00000080
(1675526156.866680) vcan0 0F5#9E9FBB9F7F53B26B
(1675526156.867707) vcan0 120#D39FEA9F7F055689
(1675526156.867928) vcan0 130#A7FF1DBB1FD9F711
(1675526156.868150) vcan0 150#AD1FDD47EFF7E7C0
(1675526156.868300) vcan0 350#A200000000000080
(1675526156.868523) vcan0 3CA#00000000550000C8
(1675526156.868816) vcan0 008#81803C2B23800080
(1675526156.871488) vcan0 0E0#E27327F80080D400
(1675526156.871711) vcan0 055#F5F71928B2CB9C80
(1675526156.871932) vcan0 010#008800002FB031F8
(1675526156.872082) vcan0 065#01E619F802DE5F02
(1675526156.872303) vcan0 070#000009F85FE20F00
(1675526156.872550) vcan0 075#0000000000005458
(1675526156.874575) vcan0 080#43508000C2002C00
(1675526156.874726) vcan0 0B0#528310A3DAC152A3
(1675526156.874947) vcan0 145#F902DF80FC4810A1
(1675526156.875169) vcan0 1D0#0000000000000861
(1675526156.875255) vcan0 210#44E080A0AC69B345
(1675526156.875477) vcan0 28C#000020000030FEA7
(1675526156.875554) vcan0 291#0000000000000000
(1675526156.875776) vcan0 2B5#4BC12C6293A6817B
(1675526156.875854) vcan0 340#8A00000000000000
(1675526156.876147) vcan0 125#E5CF7FE5C1D0D735
(1675526156.876225) vcan0 072#F000FF3F0078A038
(1675526156.876446) vcan0 3B0#00FC6C3C65B8C400
(1675526156.877029) vcan0 1B0#00C0000004B000FC
(1675526156.877033) vcan0 1B5#FFF35A6DAEE0FFEF
(1675526156.878118) vcan0 1D8#363339343234DF43
(1675526156.878195) vcan0 1E0#0020734300B917E0
(1675526156.878273) vcan0 2C3#BB9C00FFFF665450
(1675526156.879361) vcan0 008#81804C300E800080
(1675526156.880449) vcan0 010#008800002FB031F8
(1675526156.885356) vcan0 0F5#A19FBB9F7F57A26D
(1675526156.886607) vcan0 120#D39FFA9F7FF55589
(1675526156.887693) vcan0 130#AFFF1DBB1FC9FD11
(1675526156.887913) vcan0 150#AE1FE157EFF7D6C0
(1675526156.888999) vcan0 008#81805C2E00800080
(1675526156.890088) vcan0 288#B0DF00FF00000080
(1675526156.890239) vcan0 055#F5F71928B2CB9C80
(1675526156.892840) vcan0 065#00E619F800DE5F02
(1675526156.893063) vcan0 070#000009F85FE20F00
(1675526156.893285) vcan0 010#008800002FB031F9
(1675526156.893507) vcan0 072#F000FF3F00788038
(1675526156.893584) vcan0 075#0000000000005458
(1675526156.893879) vcan0 080#43508000C2002C00
(1675526156.894029) vcan0 0B0#528310A3DAC152A3
(1675526156.894250) vcan0 0E0#E2732EC00080AD00
(1675526156.894473) vcan0 145#F9F2D080FC4810A1
(1675526156.894693) vcan0 1D0#0000000000000261
(1675526156.894853) vcan0 290#0000000000000000
(1675526156.895074) vcan0 2C0#BB9C00000000A0F1
(1675526156.895151) vcan0 2C5#2CD77EE302E60070
(1675526156.895445) vcan0 260#D0FF0055497487B0
(1675526156.895522) vcan0 370#0728C0005B03C71F
(1675526156.895744) vcan0 3E0#000000D935808092
(1675526156.895822) vcan0 125#E5CF7FE5C1D0D735
(1675526156.896045) vcan0 210#44E080A0AC69B34D
(1675526156.896915) vcan0 1B0#00C0000004B000FC
(1675526156.896991) vcan0 1B5#FF076F77B8E0FFEF
(1675526156.897933) vcan0 1D8#363339343234DF43
(1675526156.898011) vcan0 1E0#0020730300B917E0
(1675526156.898233) vcan0 008#81806C1E00800080
(1675526156.900331) vcan0 3C8#BB9C008E882C008E
(1675526156.900408) vcan0 010#008800002FB031F8
(1675526156.901640) vcan0 291#0000000000000000
(1675526156.901869) vcan0 2A9#8C26009BC0000084
(1675526156.904275) vcan0 072#F000FF3F0078A038
(1675526156.905219) vcan0 360#BC9C00A7B953A041
(1675526156.906592) vcan0 0F5#B29FB29F7F5B9270
(1675526156.909622) vcan0 120#EE9FEA9F7FEB5589
(1675526156.909844) vcan0 130#B7FF1DBB1FB9FF11
(1675526156.910066) vcan0 150#B21FE667EEF7C2C0
(1675526156.910214) vcan0 008#81807C0E00800080
(1675526156.910437) vcan0 055#F5F71928B2CB9C80
(1675526156.910730) vcan0 065#FFE519F800DE5F02
(1675526156.910953) vcan0 070#000009F85FE20F00
(1675526156.911102) vcan0 010#008800002FB031F8
(1675526156.911325) vcan0 075#0000000000005458
(1675526156.911403) vcan0 080#43508000C2002C00
(1675526156.911769) vcan0 0B0#528310A3DAC152A3
(1675526156.911846) vcan0 0E0#E27329C800809200
(1675526156.913159) vcan0 145#F9E2D180FC4810A1
(1675526156.913164) vcan0 1D0#0000000000000061
(1675526156.913457) vcan0 28C#000020000030FEA7
(1675526156.913608) vcan0 2B5#4BC12C6293A6817B
(1675526156.913829) vcan0 390#80FF05000232536F
(1675526156.914628) vcan0 288#9FDF10EF00000080
(1675526156.915713) vcan0 125#E5CF7FE5C1D0D735
(1675526156.917162) vcan0 1B0#00C0000006B000FC
(1675526156.917311) vcan0 1B5#FF1C8381C3E0FFEF
(1675526156.917533) vcan0 1D8#363339343234DF43
(1675526156.918185) vcan0 1E0#0024634300B917E0
(1675526156.918335) vcan0 2C3#BB9C00FFFF665450
(1675526156.918484) vcan0 008#81808CFE00800080
(1675526156.920939) vcan0 290#0000000000000000
(1675526156.921090) vcan0 010#008800002FB031F8
(1675526156.921312) vcan0 072#F000FF3F00788038
(1675526156.921542) vcan0 210#44E08020AC69B345
(1675526156.921619) vcan0 330#0000000000000000
(1675526156.921914) vcan0 3D0#8F0F6100250D80C3
(1675526156.923291) vcan0 260#D0FF0055497487B0
(1675526156.925889) vcan0 0F5#BB9FAF9F7F5F8273
(1675526156.927120) vcan0 120#F59FDA9F7FF75589
(1675526156.927342) vcan0 130#BF011EC21FA20412
(1675526156.928211) vcan0 150#B41FE077EEF7B0C0
(1675526156.928434) vcan0 008#81809CEE00800080
(1675526156.929591) vcan0 055#F5F71928B2CB9C80
(1675526156.930675) vcan0 065#03E619F802DE5F02
(1675526156.930897) vcan0 070#000009F85FE20F00
(1675526156.931119) vcan0 010#008800002FB031F8
(1675526156.933647) vcan0 075#0000000000005458
(1675526156.933871) vcan0 080#43508000C2002C00
(1675526156.934019) vcan0 0B0#528310A3DAC152A3
(1675526156.934251) vcan0 0E0#E27322D000807900
(1675526156.934474) vcan0 145#F9D2D280FC4810A1
(1675526156.934621) vcan0 1D0#0000000000000061
(1675526156.934773) vcan0 291#0000000000000000
(1675526156.934995) vcan0 125#E5CD7FE5C1D0D735
(1675526156.935793) vcan0 072#F000FF3F0078A038
(1675526156.937167) vcan0 1B0#00C0000002B000FC
(1675526156.937388) vcan0 1B5#FF30988CCDE0FFEF
(1675526156.938619) vcan0 1D8#363339343234DF43
(1675526156.938769) vcan0 1E0#0028534300B917E0
(1675526156.938989) vcan0 008#8180ACDE00800080
(1675526156.939714) vcan0 288#9FDF10EF00000080
(1675526156.940801) vcan0 010#008800002FB031F8
(1675526156.942176) vcan0 2A9#8C260082C0000084
(1675526156.944707) vcan0 210#44E080A0AC69B34D
(1675526156.947304) vcan0 0F5#B29FB29F7F637275
(1675526156.947391) vcan0 120#CC9FAC9F7FF45589
(1675526156.947686) vcan0 130#C7011EC21F920112
(1675526156.948701) vcan0 150#B21FE087EEF7A2C0
(1675526156.948923) vcan0 008#8180BCCE00800080
(1675526156.951591) vcan0 055#F5F71928B2CB9C80
(1675526156.951812) vcan0 065#05E619F801DE5F02
(1675526156.952035) vcan0 010#008800002FB031F8
(1675526156.952256) vcan0 070#000009F85FE20F00
(1675526156.952407) vcan0 072#F000FF3F00788038
(1675526156.952631) vcan0 075#0000000000005458
(1675526156.952854) vcan0 080#43508000C2002C00
(1675526156.953002) vcan0 0B0#528310A3DAC152A3
(1675526156.953152) vcan0 0E0#E27321D800805A00
(1675526156.953374) vcan0 145#F9C2D380FC4810A1
(1675526156.953451) vcan0 1D0#0000000000000861
(1675526156.953672) vcan0 28C#000020000030FEA7
(1675526156.953762) vcan0 290#0000000000000000
(1675526156.953985) vcan0 2B5#4BC12C6293A6817B
(1675526156.954133) vcan0 2C0#BB9C00000000A0F1
(1675526156.955289) vcan0 260#D0FF00AA497487B0
(1675526156.955368) vcan0 2C5#2CD77EE301E60070
(1675526156.955444) vcan0 340#8A00000000000000
(1675526156.955738) vcan0 3AF#0000000000000020
(1675526156.955816) vcan0 125#E5CF7FE5C1D0D735
(1675526156.956901) vcan0 1B0#00C0000005B000FC
(1675526156.956979) vcan0 1B5#FF45AD96D7E0FFEF
(1675526156.957993) vcan0 1D8#363339343234DF43
(1675526156.958069) vcan0 1E0#0028530300B917E0
(1675526156.958291) vcan0 2C3#BB9C00FFFF675450
(1675526156.958369) vcan0 350#A200000000000080
(1675526156.959093) vcan0 008#8180CCBE00800080
(1675526156.961763) vcan0 010#008800002FB031F8
(1675526156.961995) vcan0 291#0000000000000000
(1675526156.964378) vcan0 288#ACDF10EF00000080
(1675526156.965466) vcan0 072#F000FF3F0078A038
(1675526156.966841) vcan0 0F5#9E9FBF9F7F676278
(1675526156.969727) vcan0 120#E49FDD9F7FFB5589
(1675526156.969949) vcan0 130#CF011EC21F820112
(1675526156.970170) vcan0 150#AF1FE097EDF795C0
(1675526156.970320) vcan0 008#8180DCAE00800080
(1675526156.970541) vcan0 055#F5F71928B2CB9C80
(1675526156.970764) vcan0 065#01E619F8FEDD5F02
(1675526156.970914) vcan0 010#008800002FB031F9
(1675526156.971136) vcan0 070#000009F85FE20F00
(1675526156.971358) vcan0 075#0000000000005458
(1675526156.971506) vcan0 080#43508000C2002C00
(1675526156.971946) vcan0 0B0#528310A3DAC152A3
(1675526156.972024) vcan0 0E0#E27317E000804400
(1675526156.972253) vcan0 145#F9B2D480FC4810A1
(1675526156.973270) vcan0 1D0#0000000000000261
(1675526156.973274) vcan0 210#44E080A0AC69B34D
(1675526156.974791) vcan0 125#E5CF7FE5C1D0D735
(1675526156.977318) vcan0 1B0#00C0000007B000FC
(1675526156.977540) vcan0 1B5#FF5AC1A0E2E0FFEF
(1675526156.977763) vcan0 1D8#363339343234DF43
(1675526156.977911) vcan0 1E0#002C434300B917E0
(1675526156.978495) vcan0 008#8180EC9E00800080
(1675526156.979796) vcan0 290#0000000000000000
(1675526156.981241) vcan0 010#008800002FB031F8
(1675526156.981463) vcan0 072#F000FF3F00788038
(1675526156.981684) vcan0 2A9#8C26008AC0000084
(1675526156.982410) vcan0 260#D0FF00AA497487B0
(1675526156.984869) vcan0 0F5#AF9FC29F7F6B527A
(1675526156.987397) vcan0 120#EA9FF79F7F045689
(1675526156.987630) vcan0 130#D7FF1DD71F5D0712
(1675526156.988787) vcan0 150#B81FE1A7EDF77CC0
(1675526156.989010) vcan0 3CA#00000000560000C8
(1675526156.989087) vcan0 008#8180FC8E00800080
(1675526156.989886) vcan0 288#9FDF10EF00000080
(1675526156.992776) vcan0 0E0#E27308E800803300
(1675526156.992999) vcan0 010#008800002FB031F8
(1675526156.993221) vcan0 055#F5F71928B2CB9C80
(1675526156.993442) vcan0 065#FFE519F8FEDD5F02
(1675526156.993592) vcan0 070#000009F85FE20F00
(1675526156.993812) vcan0 075#0000000000005458
(1675526156.994035) vcan0 080#43508000C2002C00
(1675526156.994184) vcan0 0B0#528310A3DAC152A3
(1675526156.994263) vcan0 145#F9A2D580FC4810A1
(1675526156.994557) vcan0 1D0#0000000000000061
(1675526156.994633) vcan0 28C#000020000030FEA7
(1675526156.994864) vcan0 291#0000000000000000
(1675526156.994941) vcan0 2B5#4BC12C6293A6827B
(1675526156.995235) vcan0 370#0728C0005B03C71F
(1675526156.995313) vcan0 125#E5D17FE5C1D0D735
(1675526156.995535) vcan0 072#F000FF3F0078A038
(1675526156.995612) vcan0 210#44E080A0AC69B345
(1675526156.996337) vcan0 3B0#00D86C3865B8C400
(1675526156.999224) vcan0 1B0#00C0000007B000FC
(1675526156.999445) vcan0 1B5#FF6ED6AAECE0FFEF
(1675526156.999668) vcan0 1D8#363339343234DF43
(1675526156.999745) vcan0 1E0#0030334300B917E0
(1675526156.999967) vcan0 2C3#BB9C00FFFF675450
(1675526157.000044) vcan0 008#81800C7E00800080
(1675526157.000411) vcan0 010#008800002FB031F8
(1675526157.000489) vcan0 330#0000000000000000
(1675526157.004169) vcan0 360#BC9C00A7B953A041
(1675526157.006561) vcan0 0F5#A89FC29F7F6F427D
(1675526157.007863) vcan0 120#EE9FDD9F7FF75589
(1675526157.008086) vcan0 130#DF011ED71F4D0D12
(1675526157.008237) vcan0 150#B41FE3B7EDF770C0
(1675526157.008457) vcan0 008#81801C6E00800080
(1675526157.010912) vcan0 0E0#E2730FF000800C00
(1675526157.011134) vcan0 055#F5F71928B2CB9C80
(1675526157.011356) vcan0 065#02E619F801DE5F02
(1675526157.011506) vcan0 010#008800002FB031F8
(1675526157.011727) vcan0 070#000009F85FE20F00
(1675526157.011950) vcan0 072#F000FF3F00788038
(1675526157.012099) vcan0 075#0000000000005458
(1675526157.012321) vcan0 080#43508000C2002C00
(1675526157.012399) vcan0 0B0#528310A3DAC152A3
(1675526157.012684) vcan0 145#F992D680FC4810A1
(1675526157.012758) vcan0 1D0#0000000000000061
(1675526157.013116) vcan0 290#0000000000000000
(1675526157.013191) vcan0 2C0#BB9C00000000A0F1
(1675526157.013264) vcan0 2C5#2CD77EE301E60070
(1675526157.014365) vcan0 390#80FF0500022E544F
(1675526157.014439) vcan0 260#D0FF00AA497487B0
(1675526157.016019) vcan0 288#97DF20DF00000080
(1675526157.016092) vcan0 125#E5D17FE5C1D0D735
(1675526157.017132) vcan0 1B0#00C0000005B000FC
(1675526157.017336) vcan0 1B5#FF83EAB5F6E0FFEF
(1675526157.017410) vcan0 1D8#363339343234DF43
(1675526157.018167) vcan0 1E0#0030330300B917E0
(1675526157.018242) vcan0 008#81802C5E00800080
(1675526157.020918) vcan0 3C8#BB9C008E882C008E
(1675526157.021142) vcan0 010#008800002FB031F8
(1675526157.021340) vcan0 210#44E080A0AC69B34D
(1675526157.021551) vcan0 291#0000000000000000
(1675526157.021645) vcan0 2A9#8C260093C0000084
(1675526157.023503) vcan0 072#F000FF3F0078A038
(1675526157.026033) vcan0 0F5#AB9FCC9F7F73327F
(1675526157.027406) vcan0 120#D39FDD9F7F045689
(1675526157.027557) vcan0 130#E7011ED71F3D0D12
(1675526157.027777) vcan0 150#BB1FDDC7EDF759C0
(1675526157.028503) vcan0 008#81803C4E00800080
(1675526157.030023) vcan0 055#F5F71928B2CB9C80
(1675526157.030244) vcan0 065#03E619F800DE5F02
(1675526157.030467) vcan0 070#000009F85FE20F00
(1675526157.031122) vcan0 010#008800002FB031F8
(1675526157.031343) vcan0 075#0000000000005458
(1675526157.031565) vcan0 080#43508000C2002C00
(1675526157.033879) vcan0 0B0#528310A3DAC152A3
(1675526157.034101) vcan0 0E0#E27319F80080E200
(1675526157.034322) vcan0 145#F982D780FC4810A1
(1675526157.034555) vcan0 1D0#0000000000000861
(1675526157.034633) vcan0 28C#000020000030FEA7
(1675526157.034855) vcan0 2B5#4BC22C6293A6827B
(1675526157.034933) vcan0 340#8A00000000000000
(1675526157.035154) vcan0 125#E5D47FE5C1D0D735
(1675526157.037538) vcan0 1B0#00C0000006B000FC
(1675526157.037759) vcan0 1B5#FF98FFBF00E0FFEF
(1675526157.037910) vcan0 1D8#363339343234DF43
(1675526157.038923) vcan0 1E0#0034234300B917E0
(1675526157.039143) vcan0 2C3#BB9C00FFFF685450
(1675526157.039365) vcan0 008#81804C3E00800080
(1675526157.039950) vcan0 288#A3DF20DF00000080
(1675526157.041396) vcan0 290#0000000000000000
(1675526157.041545) vcan0 010#008800002FB031F8
(1675526157.041768) vcan0 072#F000FF3F0078A038
(1675526157.043937) vcan0 260#D0FF0055497487B0
(1675526157.045477) vcan0 210#44E080A0AC69B345
(1675526157.048363) vcan0 0F5#9B9FC29F7F772282
(1675526157.048585) vcan0 120#EA9FEE9F7FFA5589
(1675526157.048806) vcan0 130#EF011ED71F2D0D12
(1675526157.049028) vcan0 150#AF1FE1D7ECF755C0
(1675526157.049250) vcan0 350#A200000000000080
(1675526157.049402) vcan0 008#81805C2E00800080
(1675526157.049624) vcan0 0E0#E2731BC00080C000
(1675526157.050566) vcan0 055#F5F71928B2CB9C80
(1675526157.050788) vcan0 065#03E619F800DE5F02
(1675526157.051008) vcan0 010#008800002FB031F9
(1675526157.053401) vcan0 070#000009F85FE20F00
(1675526157.053621) vcan0 075#0000000000005458
(1675526157.053845) vcan0 080#43508000C2002C00
(1675526157.053994) vcan0 0B0#528310A3DAC152A3
(1675526157.054217) vcan0 145#F972D880FC4810A1
(1675526157.054303) vcan0 1D0#0000000000000261
(1675526157.054527) vcan0 291#0000000000000000
(1675526157.054677) vcan0 125#E5D47FE5C1D0D735
(1675526157.055621) vcan0 072#F000FF3F00788038
(1675526157.056854) vcan0 1B0#00C0000005B000FC
(1675526157.058373) vcan0 1B5#FFAC14C90BE0FFEF
(1675526157.058595) vcan0 1D8#363339343234DF43
(1675526157.058817) vcan0 1E0#0038134300B917E0
(1675526157.058967) vcan0 008#81806C1E00800080
(1675526157.059476) vcan0 010#008800002FB031F8
(1675526157.060924) vcan0 2A9#8C26008AC0000084
(1675526157.063452) vcan0 288#9FDF20DF00000080
(1675526157.065978) vcan0 0F5#AB9FCC9F7F7B1285
(1675526157.067355) vcan0 120#FD9F0DA07FFE5589
(1675526157.067576) vcan0 130#F7011ED71F1D0D12
(1675526157.067799) vcan0 150#BB1FE0E7ECF739C0
(1675526157.068462) vcan0 008#81807C0E00800080
(1675526157.071418) vcan0 0E0#E27319C80080A200
(1675526157.071640) vcan0 055#F5F71928B2CB9C80
(1675526157.071789) vcan0 065#01E619F8FFDD5F02
(1675526157.072011) vcan0 010#008800002FB031F8
(1675526157.072233) vcan0 070#000009F85FE20F00
(1675526157.072381) vcan0 072#F000FF3F00788038
(1675526157.072608) vcan0 075#0000000000005458
(1675526157.072830) vcan0 080#43508000C2002C00
(1675526157.073053) vcan0 0B0#528310A3DAC152A3
(1675526157.073201) vcan0 145#F962D980FC4810A1
(1675526157.073423) vcan0 1D0#0000000000000061
(1675526157.075372) vcan0 210#44E08020AC69B345
(1675526157.075523) vcan0 28C#000020000030FEA7
(1675526157.075743) vcan0 290#0000000000000000
(1675526157.075965) vcan0 2B5#4BC22C6293A6817B
(1675526157.076052) vcan0 2C0#BB9C00000000A0F1
(1675526157.076275) vcan0 260#D0FF0055497487B0
(1675526157.076351) vcan0 2C5#2CD77EE304E60070
(1675526157.076573) vcan0 3AF#0000000000000020
(1675526157.076724) vcan0 125#E5D47FE5C1D0D735
(1675526157.076946) vcan0 1B0#00C0000003B000FC
(1675526157.077599) vcan0 1B5#FFC128D315E0FFEF
(1675526157.077677) vcan0 1D8#363339343234DF43
(1675526157.078905) vcan0 1E0#0038130300B917E0
(1675526157.078983) vcan0 2C3#BB9C00FFFF685450
(1675526157.078988) vcan0 008#81808CFE00800080
(1675526157.080503) vcan0 010#008800002FB031F8
(1675526157.080581) vcan0 291#0000000000000000
(1675526157.080657) vcan0 330#0000000000000000
(1675526157.081599) vcan0 400#0101010102010205
(1675526157.081676) vcan0 405#2AF85465271B6701
(1675526157.081762) vcan0 425#0000000000000000
(1675526157.084076) vcan0 072#F000FF3F0078A038
(1675526157.086962) vcan0 0F5#B29FC69F7F7F0287
(1675526157.087111) vcan0 120#F19FDA9F7FF75589
(1675526157.087334) vcan0 130#FF011ED71F0D0712
(1675526157.088058) vcan0 150#BB1FDFF7ECF729C0
(1675526157.088208) vcan0 008#81809CEE00800080
(1675526157.090446) vcan0 0E0#E27319D000808200
(1675526157.090668) vcan0 055#F5F71928B2CB9C80
(1675526157.090889) vcan0 065#04E619F801DE5F02
(1675526157.092046) vcan0 070#000009F85FE20F00
(1675526157.092269) vcan0 010#008800002FB031F8
(1675526157.092417) vcan0 075#0000000000005458
(1675526157.092641) vcan0 080#43508000C2002C00
(1675526157.092719) vcan0 0B0#528310A3DAC152A3
(1675526157.092942) vcan0 145#F952DA80FC4810A1
(1675526157.093100) vcan0 1D0#0000000000000061
(1675526157.093324) vcan0 288#A8DF20DF00000080
(1675526157.093400) vcan0 370#0728C0005B03C71F
(1675526157.095854) vcan0 125#E5D47FE5C1D0D735
(1675526157.096076) vcan0 210#44E080A0AC69B34D
(1675526157.097018) vcan0 1B0#00C0000001B000FC
(1675526157.097239) vcan0 1B5#FFD53DDE1FE0FFEF
(1675526157.098108) vcan0 1D8#363339343234DF43
(1675526157.098331) vcan0 1E0#003C034300B917E0
(1675526157.099414) vcan0 008#8180ACDE00800080
(1675526157.100858) vcan0 290#0000000000000000
(1675526157.101081) vcan0 010#008800002FB031F8
(1675526157.101230) vcan0 072#F000FF3F00788038
(1675526157.101452) vcan0 2A9#8C260093C0000084
(1675526157.103477) vcan0 260#D0FF0055497487B0
(1675526157.106001) vcan0 360#BC9C00A7B953A041
(1675526157.108751) vcan0 0F5#C99FC69F7F43F28A
(1675526157.108900) vcan0 120#F19FE99F7F075689
(1675526157.109121) vcan0 130#87011ED71FFD0112
(1675526157.109342) vcan0 150#C71FE407ECF70DC0
(1675526157.109566) vcan0 3CA#00000000400000C8
(1675526157.109715) vcan0 008#8180BCCE00800080
(1675526157.109938) vcan0 0E0#E27319D800806200
(1675526157.110159) vcan0 055#F5F71928B2CB9C80
(1675526157.110957) vcan0 065#08E619F802DE5F02
(1675526157.111106) vcan0 010#008800002FB031F8
(1675526157.111328) vcan0 070#000009F85FE20F00
(1675526157.113782) vcan0 075#0000000000005458
(1675526157.113932) vcan0 080#43508000C2002C00
(1675526157.114156) vcan0 0B0#528310A3DAC152A3
(1675526157.114377) vcan0 145#F942DB80FC4810A1
(1675526157.114597) vcan0 1D0#0000000000000861
(1675526157.114683) vcan0 28C#000020000030FEA7
(1675526157.114908) vcan0 291#0000000000000000
(1675526157.114986) vcan0 2B5#4BC22C6293A6817B
(1675526157.115206) vcan0 340#8A00000000000000
(1675526157.115285) vcan0 390#80FF0500022A554F
(1675526157.115506) vcan0 288#A3DF30CF00000080
(1675526157.115655) vcan0 125#E5D47FE5C1D0D735
(1675526157.116236) vcan0 072#F000FF3F0078A038
(1675526157.116314) vcan0 3B0#00D86C3865B8C402
(1675526157.117400) vcan0 1B0#00C0000005B000FC
(1675526157.117405) vcan0 1B5#FFEA52E829E0FFEF
(1675526157.117697) vcan0 1D8#363339343234DF43
(1675526157.118637) vcan0 1E0#0000F34300B917E0
(1675526157.118716) vcan0 2C3#BB9C00FFFF695450
(1675526157.118937) vcan0 008#8180CCBE00800080
(1675526157.120167) vcan0 010#008800002FB031F8
(1675526157.121188) vcan0 210#44E080A0AC69B345
(1675526157.121266) vcan0 3D0#8F0F6100250D80C3
(1675526157.123650) vcan0 430#AF08CB00000030E6
(1675526157.126102) vcan0 0F5#B89FD09F7F47E28C
(1675526157.127329) vcan0 120#E49F09A07FF45589
(1675526157.127552) vcan0 130#8F011ED71FEDFF11
(1675526157.127772) vcan0 150#C41FE117ECF700C0
(1675526157.128425) vcan0 008#8180DCAE00800080
(1675526157.131311) vcan0 0E0#E27318E000804300
(1675526157.131461) vcan0 055#F5F71928B2CB9C80
(1675526157.131683) vcan0 065#07E619F800DE5F02
(1675526157.131904) vcan0 070#000009F85FE20F00
(1675526157.132056) vcan0 010#008800002FB031F9
(1675526157.132278) vcan0 072#F000FF3F00788038
(1675526157.132501) vcan0 075#0000000000005458
(1675526157.132722) vcan0 080#43508000C2002C00
(1675526157.132811) vcan0 0B0#528310A3DAC152A3
(1675526157.133033) vcan0 145#F932DC80FC4810A1
(1675526157.133111) vcan0 1D0#0000000000000261
(1675526157.133332) vcan0 290#0000000000000000
(1675526157.133768) vcan0 2C0#BB9C00000000A0F1
(1675526157.133847) vcan0 2C5#2CD77EE308E60070
(1675526157.134069) vcan0 260#D0FF0055497487B0
(1675526157.135228) vcan0 125#E5D77FE5C1D0D735
(1675526157.136388) vcan0 1B0#00C0000003B000FC
(1675526157.137403) vcan0 1B5#FFFF66F234E0FFEF
(1675526157.137622) vcan0 1D8#363339343234DF43
(1675526157.138783) vcan0 1E0#0000F30300B917E0
(1675526157.138932) vcan0 350#A200000000000080
(1675526157.139155) vcan0 008#8180EC9E00800080
(1675526157.140312) vcan0 288#9BDF30CF00000080
(1675526157.140533) vcan0 3C8#BB9C008E882C008E
(1675526157.141412) vcan0 010#008800002FB031F8
(1675526157.141563) vcan0 291#0000000000000000
(1675526157.141785) vcan0 2A9#8C26008AC0000084
(1675526157.143810) vcan0 072#F000FF3F0078A038
(1675526157.146406) vcan0 210#44E080A0AC69B34D
(1675526157.147712) vcan0 0F5#B89FDB9F7F4BD28F
(1675526157.147862) vcan0 120#E89FF59F7FFC5589
(1675526157.148084) vcan0 130#97011EE11FD30412
(1675526157.148304) vcan0 150#C91FDF27EBF7EBC0
(1675526157.148743) vcan0 008#8180FC8E00800080
(1675526157.151628) vcan0 0E0#E27319E800802200
(1675526157.151779) vcan0 055#F5F71928B2CB9C80
(1675526157.152001) vcan0 010#008800002FB031F8
(1675526157.152223) vcan0 065#04E619F8FEDD5F02
(1675526157.152446) vcan0 070#000009F85FE20F00
(1675526157.152622) vcan0 075#0000000000005458
(1675526157.152709) vcan0 080#43508000C2002C00
(1675526157.152933) vcan0 0B0#528310A3DAC152A3
(1675526157.153084) vcan0 145#F922DD80FC4810A1
(1675526157.153305) vcan0 1D0#0000000000000061
(1675526157.153382) vcan0 28C#000020000030FEA7
(1675526157.153605) vcan0 2B5#4BC22C6293A6827B
(1675526157.155195) vcan0 125#E5D77FE5C1D0D735
(1675526157.156640) vcan0 1B0#00C0000002B000FC
(1675526157.156863) vcan0 1B5#FF137BFC3EE0FFEF
(1675526157.157733) vcan0 1D8#363339343234DF43
(1675526157.157956) vcan0 1E0#0004E34300B917E0
(1675526157.158032) vcan0 2C3#BB9C00FFFF695450
(1675526157.159192) vcan0 008#81800C7E00800080
(1675526157.160207) vcan0 290#0000000000000000
(1675526157.161659) vcan0 010#008800002FB031F8
(1675526157.161880) vcan0 072#F000FF3F00788038
(1675526157.162053) vcan0 330#0000000000000000
(1675526157.163142) vcan0 260#D0FF00AA497487B0
(1675526157.164231) vcan0 288#BCDF30CF00000080
(1675526157.166757) vcan0 0F5#B89FDA9F7F4FC292
(1675526157.167988) vcan0 120#0DA0E79F7FF65589
(1675526157.168211) vcan0 130#9F011EE11FC30412
(1675526157.168431) vcan0 150#C91FE837EBF7DBC0
(1675526157.168653) vcan0 008#81801C6E00800080
(1675526157.171038) vcan0 0E0#E2731AF000800100
(1675526157.171259) vcan0 055#F5F71928B2CB9C80
(1675526157.171482) vcan0 065#06E619F800DE5F02
(1675526157.171631) vcan0 010#008800002FB031F8
(1675526157.171854) vcan0 070#000009F85FE20F00
(1675526157.172078) vcan0 075#0000000000005458
(1675526157.172157) vcan0 080#43508000C2002C00
(1675526157.172379) vcan0 0B0#528310A3DAC152A3
(1675526157.172539) vcan0 145#F912DE80FC4810A1
(1675526157.172762) vcan0 1D0#0000000000000061
(1675526157.172840) vcan0 210#44E080A0AC69B34D
