(1675526281.484163) vcan0 130#AF121ED011C21D12
(1675526281.484231) vcan0 150#D4115F575CF7BEC0
(1675526281.485454) vcan0 010#000000002FB031F8
(1675526281.486524) vcan0 210#35E080A0A869E44D
(1675526281.486606) vcan0 291#0000000000000000
(1675526281.486688) vcan0 2A9#8C26009BC0000084
(1675526281.486770) vcan0 008#61826C2E0E800080
(1675526281.488905) vcan0 072#F000FF3F0078A038
(1675526281.491267) vcan0 055#F3F74228B2CC9D80
(1675526281.494166) vcan0 065#9CE441F807CEB102
(1675526281.494249) vcan0 070#00000EF8B2E21500
(1675526281.494331) vcan0 075#0000000000005458
(1675526281.494412) vcan0 080#DC508000C2002C00
(1675526281.494503) vcan0 0B0#3983DBA2DEC139A3
(1675526281.494587) vcan0 145#F9E2D180FC4810A1
(1675526281.494669) vcan0 1B0#00C0000002B000FC
(1675526281.494752) vcan0 1B5#FFC16117FFE0FFEF
(1675526281.494833) vcan0 1D8#363339343234E043
(1675526281.494915) vcan0 1E0#0024634300B917E0
(1675526281.495304) vcan0 28C#000000000010FEA0
(1675526281.495387) vcan0 2B5#4B2E366293A6C2E0
(1675526281.496836) vcan0 370#0722C0006C1BCB1F
(1675526281.496919) vcan0 010#000000002FB031F8
(1675526281.497001) vcan0 1D0#0000000000000061
(1675526281.497083) vcan0 008#64827C0623800080
(1675526281.497165) vcan0 288#1EDEA05F00000080
(1675526281.497933) vcan0 0E0#E27379F800808200
(1675526281.500375) vcan0 3C8#6B87008E886C008E
(1675526281.503198) vcan0 125#E5D47DE5C1D0D735
(1675526281.503289) vcan0 0F5#BA91ED917F5B920C
(1675526281.504285) vcan0 120#B3910C927FD35589
(1675526281.504366) vcan0 130#B7121ED011B22312
(1675526281.504449) vcan0 150#D0115B675BF7B2C0
(1675526281.506739) vcan0 010#000000002FB031F8
(1675526281.506821) vcan0 072#F000FF3F00788038
(1675526281.508197) vcan0 008#64828CE732800080
(1675526281.508278) vcan0 330#C800000000000000
(1675526281.510793) vcan0 210#35E080A0A869E445
(1675526281.512065) vcan0 055#F3F74228B2CE9D80
(1675526281.512147) vcan0 065#9BE441F802CEB202
(1675526281.513141) vcan0 070#00000EF8B4E21500
(1675526281.513224) vcan0 075#0000000000005458
(1675526281.513306) vcan0 080#DE508000C2002C00
(1675526281.516049) vcan0 0B0#3983DCA2DDC139A3
(1675526281.516132) vcan0 145#F9D2D280FC4810A1
(1675526281.516222) vcan0 1B0#00C0000004B000FC
(1675526281.516304) vcan0 1B5#FFCC6D1D04E0FFEF
(1675526281.516388) vcan0 1D8#363339343234E043
(1675526281.516471) vcan0 1E0#0024630300B917E0
(1675526281.516552) vcan0 260#D0FF00AA497487B0
(1675526281.516635) vcan0 290#0000000000000000
(1675526281.516718) vcan0 2C0#6B8700EE0000A0F1
(1675526281.516800) vcan0 2C3#6B8700FFFF745450
(1675526281.516882) vcan0 010#000000002FB031F8
(1675526281.516964) vcan0 1D0#0000000000000061
(1675526281.517047) vcan0 291#0000000000000000
(1675526281.517136) vcan0 2C5#45D74DC69DE40070
(1675526281.517212) vcan0 008#66829CC740800080
(1675526281.518586) vcan0 0E0#E2737DC000805E00
(1675526281.520040) vcan0 072#F000FF3F0078A038
(1675526281.521112) vcan0 288#1ADEA05F00000080
(1675526281.522443) vcan0 125#E5CE7DE5C1D0D735
(1675526281.523512) vcan0 0F5#D091FA917F5F820D
(1675526281.524963) vcan0 120#B3910E927FDA5589
(1675526281.525046) vcan0 130#BF121ED011A21D12
(1675526281.525139) vcan0 150#CC1160775BF7A6C0
(1675526281.526047) vcan0 010#000000002FB031F8
(1675526281.527424) vcan0 2A9#8C260082C0000084
(1675526281.527507) vcan0 008#6882ACA64F800080
(1675526281.531241) vcan0 055#F3F74328B2CE9D80
(1675526281.534212) vcan0 065#99E442F8FFCDB302
(1675526281.534294) vcan0 070#00000EF8B5E21500
(1675526281.534375) vcan0 075#0000000000005458
(1675526281.534457) vcan0 080#DE508000C2002C00
(1675526281.534540) vcan0 0B0#3983DCA2DDC139A3
(1675526281.534622) vcan0 145#F9C2D380FC4810A1
(1675526281.534703) vcan0 1B0#00C0000003B000FC
(1675526281.534795) vcan0 1B5#FFD779230AE0FFEF
(1675526281.534877) vcan0 1D8#363339343234E043
(1675526281.534961) vcan0 1E0#0028534300B917E0
(1675526281.535271) vcan0 28C#000000000010FEA0
(1675526281.535353) vcan0 2B5#4B2F376293A6C6E2
(1675526281.536805) vcan0 340#7900000000000000
(1675526281.536887) vcan0 010#000000002FB031F8
(1675526281.536968) vcan0 072#F000FF3F00788038
(1675526281.537050) vcan0 1D0#0000000000000861
(1675526281.537135) vcan0 008#6A82BC7F64800080
(1675526281.537214) vcan0 210#34E08020A869E445
(1675526281.537905) vcan0 0E0#E2737CC800803F00
(1675526281.540419) vcan0 290#0000000000000000
(1675526281.543210) vcan0 260#D0FF0055497487B0
(1675526281.543292) vcan0 125#E5CB7DE5C1D0D735
(1675526281.543374) vcan0 0F5#C191F8917F63720F
(1675526281.544300) vcan0 120#D991FE917FD75589
(1675526281.544382) vcan0 130#C7121ED011921812
(1675526281.544464) vcan0 150#CD115B875AF795C0
(1675526281.545687) vcan0 010#000000002FB031F9
(1675526281.545770) vcan0 291#0000000000000000
(1675526281.546763) vcan0 425#0000000000000000
(1675526281.546846) vcan0 008#6D82CC5D73800080
(1675526281.548219) vcan0 288#12DEA05F00000080
(1675526281.550810) vcan0 072#F000FF3F0078A038
(1675526281.552207) vcan0 055#F3F74328B2CE9D80
(1675526281.552290) vcan0 065#97E442F8FECDB302
(1675526281.553287) vcan0 070#00000EF8B6E21500
(1675526281.553367) vcan0 075#0000000000005458
(1675526281.553450) vcan0 080#DD508000C2002C00
(1675526281.554825) vcan0 0B0#3983DCA2DEC139A3
(1675526281.554908) vcan0 145#F9B2D480FC4810A1
(1675526281.555001) vcan0 1B0#00C0000005B000FC
(1675526281.555081) vcan0 1B5#FFE3842810E0FFEF
(1675526281.555162) vcan0 1D8#363339343234E043
(1675526281.555246) vcan0 1E0#002C434300B917E0
(1675526281.555327) vcan0 2C3#6B8700FFFF755450
(1675526281.555945) vcan0 010#000000002FB031F8
(1675526281.556027) vcan0 1D0#0000000000000261
(1675526281.558699) vcan0 008#6F82DC3D81800080
(1675526281.558782) vcan0 350#A200000000000080
(1675526281.558864) vcan0 0E0#E2737ED000801D00
(1675526281.559781) vcan0 210#34E080A0A869E44D
(1675526281.562296) vcan0 125#E5C57DE5C1D0D735
(1675526281.563672) vcan0 0F5#B391FC917F676210
(1675526281.563754) vcan0 120#D59107927FD55589
(1675526281.563837) vcan0 130#CF121ED911791212
(1675526281.564755) vcan0 150#E6115D975AF76CC0
(1675526281.566217) vcan0 010#000000002FB031F8
(1675526281.566299) vcan0 072#F000FF3F00788038
(1675526281.566381) vcan0 2A9#8C26008AC0000084
(1675526281.567302) vcan0 008#7482EC04A5800080
(1675526281.569740) vcan0 360#6B8700D2AB64A001
(1675526281.572187) vcan0 288#0EDEA05F00000080
(1675526281.572270) vcan0 055#F3F74428B2CE9D80
(1675526281.575094) vcan0 065#96E442F8FFCDB502
(1675526281.575177) vcan0 070#00000EF8B7E21500
(1675526281.575259) vcan0 075#0000000000005458
(1675526281.575341) vcan0 080#DD508000C2002C00
(1675526281.575423) vcan0 0B0#3983DBA2DEC139A3
(1675526281.575507) vcan0 145#F9A2D580FC4810A1
(1675526281.575589) vcan0 1B0#00C0000002B000FC
(1675526281.575672) vcan0 1B5#FFEF902E16E0FFEF
(1675526281.575754) vcan0 1D8#363339343234E043
(1675526281.575856) vcan0 1E0#002C430300B917E0
(1675526281.575937) vcan0 260#D0FF0055497487B0
(1675526281.576020) vcan0 28C#000000000010FEA0
(1675526281.576102) vcan0 290#0000000000000000
(1675526281.576185) vcan0 2B5#4B2F366293A6BFE7
(1675526281.576266) vcan0 2C0#6B8700EE0000A0F1
(1675526281.579090) vcan0 010#000000002FB031F8
(1675526281.579172) vcan0 1D0#0000000000000061
(1675526281.579255) vcan0 291#0000000000000000
(1675526281.579337) vcan0 008#7882FCE2B3800080
(1675526281.579420) vcan0 2C5#46D74DC698E40070
(1675526281.579502) vcan0 390#80FF051D020E5C6F
(1675526281.579584) vcan0 3AF#0000000000000020
(1675526281.579665) vcan0 0E0#E27380D80080FB00
(1675526281.580130) vcan0 072#F000FF3F0078A038
(1675526281.581226) vcan0 3B0#00D8433C36A8C400
(1675526281.582537) vcan0 125#E5BD7DE5C1D0D735
(1675526281.584218) vcan0 0F5#C191FC917F6B5212
(1675526281.584300) vcan0 120#D3911A927FD75589
(1675526281.584382) vcan0 130#D7151ED911690D12
(1675526281.584465) vcan0 150#EB115CA759F757C0
(1675526281.584547) vcan0 3CA#00000000400000C8
(1675526281.585312) vcan0 010#000000002FB031F8
(1675526281.586383) vcan0 210#34E080A0A869E44D
(1675526281.586465) vcan0 330#C800000000000000
(1675526281.589052) vcan0 008#7A820CBAC9800080
(1675526281.589136) vcan0 3D0#910F6100170480C3
(1675526281.590128) vcan0 430#28082800000010A6
(1675526281.592670) vcan0 055#F3F74428B2CE9D80
(1675526281.595567) vcan0 065#99E443F801CEB702
(1675526281.595650) vcan0 070#00000EF8B9E21500
(1675526281.595732) vcan0 075#0000000000005458
(1675526281.595823) vcan0 080#DC508000C2002C00
(1675526281.595905) vcan0 0B0#3983DBA2DEC139A3
(1675526281.595988) vcan0 145#F992D680FC4810A1
(1675526281.596070) vcan0 1B0#00C0000002B000FC
(1675526281.596153) vcan0 1B5#FFFA9C341CE0FFEF
(1675526281.596236) vcan0 1D8#363339343234E043
(1675526281.596316) vcan0 1E0#0030334300B917E0
(1675526281.596400) vcan0 2C3#6B8700FFFF755450
(1675526281.596481) vcan0 370#0722C0006C1BCB1F
(1675526281.596566) vcan0 010#000000002FB031F8
(1675526281.596647) vcan0 072#F000FF3F00788038
(1675526281.596730) vcan0 1D0#0000000000000061
(1675526281.598031) vcan0 008#81821C8DDF800080
(1675526281.598112) vcan0 288#0EDEB04F00000080
(1675526281.598194) vcan0 0E0#E27382E00080D900
(1675526281.600638) vcan0 290#0000000000000000
(1675526281.602068) vcan0 260#D0FF0055497487B0
(1675526281.603141) vcan0 125#E5B27DE5C1D0D735
(1675526281.604594) vcan0 0F5#D8910C927F6F4213
(1675526281.604678) vcan0 120#DB9123927FD45589
(1675526281.604759) vcan0 130#DF151EEF11430D12
(1675526281.604842) vcan0 150#EA1158B759F748C0
(1675526281.606069) vcan0 010#000000002FB031F8
(1675526281.607142) vcan0 008#88822C61F4800080
(1675526281.607223) vcan0 291#0000000000000000
(1675526281.607306) vcan0 2A9#8C260093C0000084
(1675526281.609668) vcan0 072#F000FF3F0078A038
(1675526281.611045) vcan0 210#34E080A0A869E445
(1675526281.614099) vcan0 055#F3F74528B2CE9D80
(1675526281.614182) vcan0 065#9AE444F802CEB902
(1675526281.614265) vcan0 070#00000EF8BBE21500
(1675526281.614347) vcan0 075#0000000000005458
(1675526281.614453) vcan0 080#DD508000C2002C00
(1675526281.614536) vcan0 0B0#3983DCA2DEC139A3
(1675526281.614617) vcan0 145#F982D780FC4810A1
(1675526281.614700) vcan0 1B0#00C0000004B000FC
(1675526281.614783) vcan0 1B5#FF06A73A22E0FFEF
(1675526281.614864) vcan0 1D8#363339343234E043
(1675526281.615248) vcan0 1E0#0034234300B917E0
(1675526281.615260) vcan0 28C#000000000010FEA0
(1675526281.615342) vcan0 2B5#4B30366293A6B8E9
(1675526281.615423) vcan0 340#7800000000000000
(1675526281.616266) vcan0 010#000000002FB031F8
(1675526281.617565) vcan0 1D0#0000000000000861
(1675526281.617646) vcan0 008#8F823C2518810080
(1675526281.619098) vcan0 0E0#E27384E80080B700
(1675526281.621686) vcan0 288#0ADEB04F00000080
(1675526281.621770) vcan0 3C8#6B87008E886C008E
(1675526281.623079) vcan0 125#E5A57DE5C1D0D735
(1675526281.624149) vcan0 0F5#DB9116927F733214
(1675526281.624234) vcan0 120#DF9125927FD65589
(1675526281.624315) vcan0 130#E7151EEF11331212
(1675526281.625537) vcan0 150#E5115BC758F73DC0
(1675526281.625621) vcan0 010#000000002FB031F9
(1675526281.626692) vcan0 072#F000FF3F00788038
(1675526281.626774) vcan0 008#96824CDB4B810080
(1675526281.630428) vcan0 055#F3F74528B2CC9D80
(1675526281.632898) vcan0 065#A3E444F806CEBB02
(1675526281.632981) vcan0 070#00000EF8BCE21500
(1675526281.635798) vcan0 075#0000000000005458
(1675526281.635879) vcan0 080#DD508000C2002C00
(1675526281.635963) vcan0 0B0#3983DCA2DEC139A3
(1675526281.636044) vcan0 145#F972D880FC4810A1
(1675526281.636126) vcan0 1B0#00C0000002B000FC
(1675526281.636218) vcan0 1B5#FF11B33F27E0FFEF
(1675526281.636300) vcan0 1D8#363339343234E043
(1675526281.636384) vcan0 1E0#0034230300B917E0
(1675526281.636467) vcan0 260#D0FF0055497487B0
(1675526281.636548) vcan0 290#0000000000000000
(1675526281.636631) vcan0 2C0#6B8700ED0000A0F1
(1675526281.636712) vcan0 2C3#6B8700FFFF755450
(1675526281.636795) vcan0 2C5#48D74EC69DE40070
(1675526281.636877) vcan0 010#000000002FB031F8
(1675526281.636960) vcan0 1D0#0000000000000261
(1675526281.638334) vcan0 210#34E080A0A869E44D
(1675526281.638416) vcan0 008#9F825CA667810080
(1675526281.638499) vcan0 291#0000000000000000
(1675526281.638581) vcan0 0E0#E27385F000809600
(1675526281.640870) vcan0 072#F000FF3F0078A038
(1675526281.643433) vcan0 125#E5917DE5C1D0D735
(1675526281.646338) vcan0 0F5#D5910C927F772216
(1675526281.646420) vcan0 120#ED911C927FD15589
(1675526281.646504) vcan0 130#EF121EEF11231812
(1675526281.646586) vcan0 150#F01158D756F722C0
(1675526281.646668) vcan0 010#000000002FB031F8
(1675526281.646751) vcan0 2A9#8C26008AC0000084
(1675526281.646833) vcan0 400#000101010002031B
(1675526281.646917) vcan0 405#0000000000000022
(1675526281.646999) vcan0 008#A8826C4CA8810080
(1675526281.647385) vcan0 288#EDDDB04F00000080
(1675526281.647469) vcan0 350#A200000000000080
(1675526281.651132) vcan0 055#F3F74628B2CC9D80
(1675526281.654102) vcan0 065#AAE445F807CEBC02
(1675526281.654183) vcan0 070#00000EF8BEE21500
(1675526281.654266) vcan0 075#0000000000005458
(1675526281.654347) vcan0 080#E0508000C2002C00
(1675526281.654438) vcan0 0B0#3983DFA2DEC139A3
(1675526281.654521) vcan0 145#F962D980FC4810A1
(1675526281.654604) vcan0 1B0#00C0000003B000FC
(1675526281.654685) vcan0 1B5#FF1DBF452DE0FFEF
(1675526281.654768) vcan0 1D8#363339343234E043
(1675526281.655155) vcan0 1E0#0038134300B917E0
(1675526281.655239) vcan0 28C#000000000010FEA0
(1675526281.655320) vcan0 2B5#4B30366293A6B6EC
(1675526281.656543) vcan0 010#000000002FB031F8
(1675526281.656626) vcan0 072#F000FF3F00788038
(1675526281.656707) vcan0 1D0#0000000000000061
(1675526281.656841) vcan0 008#B1827C00DB810080
(1675526281.657634) vcan0 0E0#E2738CF800806F00
(1675526281.660146) vcan0 210#34E080A0A869E445
(1675526281.662662) vcan0 290#0000000000000000
(1675526281.662746) vcan0 260#D0FF00AA497487B0
(1675526281.664057) vcan0 125#E57D7DE5C1D0D735
(1675526281.664138) vcan0 0F5#D89112927F7B1217
(1675526281.664221) vcan0 120#E4912E927FCE5589
(1675526281.664302) vcan0 130#F7151EEF11131212
(1675526281.664386) vcan0 150#031251E754F7FEC0
(1675526281.665538) vcan0 010#000000002FB031F8
(1675526281.665613) vcan0 291#0000000000000000
(1675526281.666688) vcan0 330#C800000000000000
(1675526281.666772) vcan0 008#BA828CCBF7810080
(1675526281.669150) vcan0 072#F000FF3F0078A038
(1675526281.670586) vcan0 360#6B8700D2AB64A001
(1675526281.673586) vcan0 288#E5DDB04F00000080
(1675526281.673667) vcan0 055#F3F74628B2CC9D80
(1675526281.673751) vcan0 065#A7E445F801CEBD02
(1675526281.673834) vcan0 070#00000EF8BFE21500
(1675526281.673914) vcan0 075#0000000000005458
(1675526281.674006) vcan0 080#E1508000C2002C00
(1675526281.674088) vcan0 0B0#3983E0A2DEC139A3
(1675526281.674170) vcan0 145#F952DA80FC4810A1
(1675526281.674253) vcan0 1B0#00C0000002B000FC
(1675526281.674641) vcan0 1B5#FF28CB4B33E0FFEF
(1675526281.674724) vcan0 1D8#363339343234E043
(1675526281.674807) vcan0 1E0#003C034300B917E0
(1675526281.674889) vcan0 2C3#6B8700FFFF755450
(1675526281.676037) vcan0 010#000000002FB031F8
(1675526281.676119) vcan0 1D0#0000000000000061
(1675526281.676202) vcan0 390#80FF051D020A5D4F
(1675526281.677198) vcan0 008#C5829C673F820080
(1675526281.678573) vcan0 0E0#E2738CC000804F00
(1675526281.681158) vcan0 125#E5677DE5C1D0D735
(1675526281.683676) vcan0 0F5#EB911A927F7F0219
(1675526281.684975) vcan0 120#E2913F927FD15589
(1675526281.685066) vcan0 130#FF151EF411FE1212
(1675526281.685150) vcan0 150#0E124EF752F7E3C0
(1675526281.685992) vcan0 010#000000002FB031F8
(1675526281.687292) vcan0 072#F000FF3F00788038
(1675526281.687375) vcan0 210#34E08020A869E44D
(1675526281.687457) vcan0 008#D182AC1F6B820080
(1675526281.687539) vcan0 2A9#8C260093C0000084
(1675526281.691116) vcan0 055#F3F74728B2CA9D80
(1675526281.693961) vcan0 065#A7E446F800CEBE02
(1675526281.694042) vcan0 070#00000EF8C0E21500
(1675526281.694126) vcan0 075#0000000000005458
(1675526281.694207) vcan0 080#E0508000C2002C00
(1675526281.694289) vcan0 0B0#3983DFA2DEC139A3
(1675526281.694372) vcan0 145#F942DB80FC4810A1
(1675526281.694454) vcan0 1B0#00C0000003B000FC
(1675526281.694537) vcan0 1B5#FF34D65139E0FFEF
(1675526281.694628) vcan0 1D8#363339343234E043
(1675526281.695016) vcan0 1E0#003C030300B917E0
(1675526281.695097) vcan0 260#D0FF00AA497487B0
(1675526281.695181) vcan0 28C#000000000010FEA1
(1675526281.696556) vcan0 290#0000000000000000
(1675526281.696637) vcan0 2B5#4B30366293A6B7ED
(1675526281.696720) vcan0 2C0#6B8700ED0000A0F1
(1675526281.696802) vcan0 010#000000002FB031F8
(1675526281.696885) vcan0 1D0#0000000000000861
(1675526281.696967) vcan0 291#0000000000000000
(1675526281.697049) vcan0 008#DC82BCE08F820080
(1675526281.697664) vcan0 288#DDDDC03F00000080
(1675526281.697746) vcan0 2C5#49D74EC5AAE40070
(1675526281.697829) vcan0 340#7800000000000000
(1675526281.700419) vcan0 0E0#E2738AC800803100
(1675526281.700502) vcan0 370#0722C0006C1BCB1F
(1675526281.700592) vcan0 3AF#0000000000000020
(1675526281.700674) vcan0 3E0#000000D934808090
(1675526281.701526) vcan0 072#F000FF3F0078A038
(1675526281.701610) vcan0 3B0#00D8433836A8C400
(1675526281.702910) vcan0 125#E5517DE5C1D0D735
(1675526281.704056) vcan0 0F5#F89134927F43F21A
(1675526281.704139) vcan0 120#FA9147927FCC5589
(1675526281.704222) vcan0 130#87151E0312DE0F12
(1675526281.705444) vcan0 150#021252074FF7DFC0
(1675526281.705526) vcan0 3CA#00000000510000C8
(1675526281.706977) vcan0 008#E882CC92C1820080
(1675526281.707059) vcan0 010#000000002FB031F9
(1675526281.709499) vcan0 210#34E080A0A869E445
(1675526281.712066) vcan0 055#F3F74728B2C69D80
(1675526281.714958) vcan0 065#A2E446F8FDCDBF02
(1675526281.715042) vcan0 070#00000EF8C1E21500
(1675526281.715132) vcan0 075#0000000000005458
(1675526281.715215) vcan0 080#DF508000C2002C00
(1675526281.715297) vcan0 0B0#3983DFA2DEC139A3
(1675526281.715378) vcan0 145#F932DC80FC4810A1
(1675526281.715460) vcan0 1B0#00C0000004B000FC
(1675526281.715542) vcan0 1B5#FF40E2563FE0FFEF
(1675526281.715626) vcan0 1D8#363339343234E043
(1675526281.715708) vcan0 1E0#0000F34300B917E0
(1675526281.715790) vcan0 2C3#6B8700FFFF765450
(1675526281.716024) vcan0 010#000000002FB031F8
(1675526281.716107) vcan0 072#F000FF3F00788038
(1675526281.716188) vcan0 1D0#0000000000000261
(1675526281.717107) vcan0 008#F382DC5ADE820080
(1675526281.718405) vcan0 0E0#E2738FD000800C00
(1675526281.720997) vcan0 288#C8DDC03F00000080
(1675526281.722452) vcan0 260#D0FF00AA497487B0
(1675526281.722543) vcan0 290#0000000000000000
(1675526281.723538) vcan0 125#E53E7DE5C1D0D735
(1675526281.724914) vcan0 0F5#F6913B927F47E21C
(1675526281.724996) vcan0 120#089251927FCF5589
(1675526281.725079) vcan0 130#8F151E0712CA0F12
(1675526281.725161) vcan0 150#061243174CF7CBC0
(1675526281.726003) vcan0 010#000000002FB031F8
(1675526281.727453) vcan0 291#0000000000000000
(1675526281.727535) vcan0 2A9#8C26008AC0000084
(1675526281.727618) vcan0 008#FC82EC41DE820080
(1675526281.730056) vcan0 072#F000FF3F0078A038
(1675526281.732422) vcan0 055#F3F74828B2C19D80
(1675526281.732504) vcan0 065#A2E447F8FFCDC102
(1675526281.735323) vcan0 070#00000EF8C3E21500
(1675526281.735405) vcan0 075#0000000000005458
(1675526281.735488) vcan0 080#DE508000C2002C00
(1675526281.735581) vcan0 0B0#3983DEA2DEC139A3
(1675526281.735662) vcan0 145#F922DD80FC4810A1
(1675526281.735745) vcan0 1B0#00C0000003B000FC
(1675526281.735827) vcan0 1B5#FF4BEE5C45E0FFEF
(1675526281.735909) vcan0 1D8#363339343234E043
(1675526281.735992) vcan0 1E0#0004E34300B917E0
(1675526281.736074) vcan0 28C#000000000010FEA0
(1675526281.736156) vcan0 2B5#4B30366293A6B5F1
(1675526281.736394) vcan0 010#000000002FB031F8
(1675526281.736475) vcan0 1D0#0000000000000061
(1675526281.736557) vcan0 210#34E080A0A869E445
(1675526281.736639) vcan0 008#0583FC19EC820080
(1675526281.737788) vcan0 350#A200000000000080
(1675526281.737869) vcan0 0E0#E2738CD80080EF00
(1675526281.740387) vcan0 3C8#6B87008E886C008E
(1675526281.742749) vcan0 125#E52A7DE5C1D0D735
(1675526281.744055) vcan0 0F5#F69137927F4BD21D
(1675526281.744137) vcan0 120#0F9255927FCE5589
(1675526281.744219) vcan0 130#97151E0812B91212
(1675526281.744301) vcan0 150#1312432748F7AEC0
(1675526281.745597) vcan0 010#000000002FB031F8
(1675526281.746664) vcan0 072#F000FF3F00788038
(1675526281.746749) vcan0 330#C800000000000000
(1675526281.746830) vcan0 008#0E830C07E5820080
(1675526281.746912) vcan0 288#A4DDC03F00000080
(1675526281.750409) vcan0 055#F3F74828B2BF9D80
(1675526281.752907) vcan0 065#A6E447F801CEC202
(1675526281.752991) vcan0 070#00000EF8C5E21500
(1675526281.755809) vcan0 075#0000000000005458
(1675526281.755893) vcan0 080#DF508000C2002C00
(1675526281.755974) vcan0 0B0#3983DEA2DEC139A3
(1675526281.756057) vcan0 145#F912DE80FC4810A1
(1675526281.756158) vcan0 1B0#00C0000004B000FC
(1675526281.756241) vcan0 1B5#FF57FA624BE0FFEF
(1675526281.756323) vcan0 1D8#363339343234E043
(1675526281.756405) vcan0 1E0#0004E30300B917E0
(1675526281.756487) vcan0 260#D0FF0055497487B0
(1675526281.756572) vcan0 290#0000000000000000
(1675526281.756655) vcan0 2C0#6B8700EC0000A0F1
(1675526281.756737) vcan0 2C3#6B8700FFFF765450
(1675526281.756820) vcan0 2C5#4AD74FC6A3E40070
(1675526281.756904) vcan0 010#000000002FB031F8
(1675526281.756986) vcan0 1D0#0000000000000061
(1675526281.758285) vcan0 291#0000000000000000
(1675526281.758367) vcan0 008#17831CEEE5820080
(1675526281.758449) vcan0 0E0#E2738AE00080D100
(1675526281.759824) vcan0 072#F000FF3F0078A038
(1675526281.760894) vcan0 210#34E080A0A869E44D
(1675526281.762288) vcan0 125#E51A7DE5C1D0D735
(1675526281.765333) vcan0 0F5#FA9139927F4FC21F
(1675526281.765416) vcan0 120#1F9249927FCB5589
(1675526281.765498) vcan0 130#9F151E0F12A21812
(1675526281.765579) vcan0 150#2812393744F789C0
(1675526281.765663) vcan0 010#000000002FB031F8
(1675526281.766429) vcan0 2A9#8C260082C0000084
(1675526281.766511) vcan0 008#20832CD5E5820080
(1675526281.768875) vcan0 360#6B8700D2AB64A001
(1675526281.771392) vcan0 288#8BDDC03F00000080
(1675526281.774291) vcan0 055#F3F74928B2BB9D80
(1675526281.774372) vcan0 065#ACE448F805CEC302
(1675526281.774455) vcan0 070#00000EF8C6E21500
(1675526281.774537) vcan0 075#0000000000005458
(1675526281.774619) vcan0 080#DF508000C2002C00
(1675526281.774704) vcan0 0B0#3983DFA2DEC139A3
(1675526281.774794) vcan0 145#F902DF80FC4810A1
(1675526281.774878) vcan0 1B0#00C0000002B000FC
(1675526281.774959) vcan0 1B5#FF63066851E0FFEF
(1675526281.775420) vcan0 1D8#363339343234E043
(1675526281.775503) vcan0 1E0#0008D34300B917E0
(1675526281.775586) vcan0 28C#000000000010FEA0
(1675526281.776959) vcan0 2B5#4B31366293A6B1F4
(1675526281.777043) vcan0 340#7800000000000000
(1675526281.777134) vcan0 010#000000002FB031F8
(1675526281.777205) vcan0 072#F000FF3F00788038
(1675526281.777289) vcan0 1D0#0000000000000861
(1675526281.777370) vcan0 008#27833CD4CF820080
(1675526281.777452) vcan0 390#80FF051D02025F4F
(1675526281.778069) vcan0 0E0#E27388E80080B300
(1675526281.781914) vcan0 290#0000000000000000
(1675526281.782985) vcan0 260#D0FF0055497487B0
(1675526281.783075) vcan0 125#E50A7DE5C1D0D735
(1675526281.784300) vcan0 0F5#07924F927F53B220
(1675526281.784382) vcan0 120#0C9260927FC75589
(1675526281.784464) vcan0 130#A7151E1F12821D12
(1675526281.784547) vcan0 150#2F1230473FF772C0
(1675526281.785844) vcan0 010#000000002FB031F9
(1675526281.785925) vcan0 210#34E080A0A869E44D
(1675526281.786920) vcan0 291#0000000000000000
(1675526281.787003) vcan0 008#30834CD7B3820080
(1675526281.787084) vcan0 3D0#910F6100170480C3
(1675526281.789295) vcan0 072#F000FF3F0078A038
(1675526281.791667) vcan0 055#F3F74A28B2BA9D80
(1675526281.793041) vcan0 065#B0E449F804CEC602
(1675526281.793121) vcan0 070#00000EF8C8E21500
(1675526281.793205) vcan0 075#0000000000005458
(1675526281.793287) vcan0 080#E1508000C2002C00
(1675526281.793377) vcan0 0B0#3983E0A2DEC139A3
(1675526281.794146) vcan0 145#F9F2D080FC4810A1
(1675526281.794228) vcan0 1B0#00C0000004B000FC
(1675526281.794310) vcan0 1B5#FF6E126E56E0FFEF
(1675526281.794393) vcan0 1D8#363339343234E043
(1675526281.796906) vcan0 1E0#000CC34300B917E0
(1675526281.796989) vcan0 2C3#6B8700FFFF765450
(1675526281.797070) vcan0 370#2722C0006C1BCB1F
(1675526281.797153) vcan0 010#000000002FB031F8
(1675526281.797233) vcan0 1D0#0000000000000261
(1675526281.797314) vcan0 008#37835CCFA4820080
(1675526281.797397) vcan0 288#6EDDD02F00000080
(1675526281.798013) vcan0 0E0#E2738EF000808D00
(1675526281.801744) vcan0 125#E5FB7CE5C1D0D735
(1675526281.803195) vcan0 0F5#129264927F57A222
(1675526281.804267) vcan0 120#03926D927FC85589
(1675526281.804358) vcan0 130#AF151E1F12721D12
(1675526281.804439) vcan0 150#2712295739F76AC0
(1675526281.806801) vcan0 010#000000002FB031F8
(1675526281.806882) vcan0 008#40836CDA80820080
(1675526281.808179) vcan0 072#F000FF3F00788038
(1675526281.808262) vcan0 2A9#8C26009BC0000084
(1675526281.810777) vcan0 210#33E080A0A869E445
(1675526281.812080) vcan0 055#F3F74B28B2BA9D80
(1675526281.813153) vcan0 065#B7E449F806CEC802
(1675526281.813235) vcan0 070#00000EF8CBE21500
(1675526281.813316) vcan0 075#0000000000005458
(1675526281.813399) vcan0 080#E1508000C2002C00
(1675526281.816070) vcan0 0B0#3983E2A2DEC139A3
(1675526281.816152) vcan0 145#F9E2D180FC4810A1
(1675526281.816233) vcan0 1B0#00C0000003B000FC
(1675526281.816317) vcan0 1B5#FF7A1E745CE0FFEF
(1675526281.816406) vcan0 1D8#363339343234E043
(1675526281.816489) vcan0 1E0#000CC30300B917E0
(1675526281.816571) vcan0 260#D0FF0055497487B0
(1675526281.816654) vcan0 28C#000000000010FEA1
(1675526281.816736) vcan0 290#0000000000000000
(1675526281.816818) vcan0 2B5#4B31366293A6B0F6
(1675526281.816900) vcan0 010#000000002FB031F8
(1675526281.816982) vcan0 1D0#0000000000000061
(1675526281.817067) vcan0 291#0000000000000000
(1675526281.817149) vcan0 008#47837CD172820080
(1675526281.817231) vcan0 2C0#6B8700EC0000A0F1
(1675526281.818530) vcan0 2C5#4BD74FC6ADE40070
(1675526281.818612) vcan0 3AF#0000000000000020
(1675526281.818695) vcan0 0E0#E27398F800806300
(1675526281.820070) vcan0 072#F000FF3F0078A038
(1675526281.821145) vcan0 3B0#00FC3F3836A8C400
(1675526281.822228) vcan0 288#5EDDD02F00000080
(1675526281.823528) vcan0 125#E5EB7CE5C1D0D735
(1675526281.823610) vcan0 0F5#279262927F5B9223
(1675526281.825215) vcan0 120#149277927FC45589
(1675526281.825298) vcan0 130#B7151E1F12621812
(1675526281.825380) vcan0 150#2A12216734F757C0
(1675526281.825462) vcan0 3CA#00000000520000C8
(1675526281.826305) vcan0 010#000000002FB031F8
(1675526281.826389) vcan0 330#C800000000000000
(1675526281.826469) vcan0 008#52838CB672820080
(1675526281.827316) vcan0 350#A200000000000080
(1675526281.831043) vcan0 055#F3F74C28B2BA9D80
(1675526281.832348) vcan0 065#B9E44AF803CECA02
(1675526281.832431) vcan0 070#00000EF8CDE21500
(1675526281.833424) vcan0 075#0000000000005458
(1675526281.833506) vcan0 080#E1508000C2002C00
(1675526281.833597) vcan0 0B0#3983E3A2DEC139A3
(1675526281.836339) vcan0 145#F9D2D280FC4810A1
(1675526281.836420) vcan0 1B0#00C0000006B000FC
(1675526281.836503) vcan0 1B5#FF86297962E0FFEF
(1675526281.836586) vcan0 1D8#363339343234E043
(1675526281.836668) vcan0 1E0#0010B34300B917E0
(1675526281.836750) vcan0 2C3#6B8700FFFF765450
(1675526281.836832) vcan0 010#000000002FB031F8
(1675526281.836914) vcan0 072#F000FF3F00788038
(1675526281.836996) vcan0 1D0#0000000000000061
(1675526281.837078) vcan0 210#33E08020A869E44D
(1675526281.837390) vcan0 008#5C839C9C72820080
(1675526281.837472) vcan0 0E0#E27398C000804300
(1675526281.842502) vcan0 290#0000000000000000
(1675526281.842583) vcan0 260#D0FF00AA497487B0
(1675526281.842665) vcan0 125#E5D87CE5C1D0D735
(1675526281.843821) vcan0 0F5#1E9268927F5F8225
(1675526281.843903) vcan0 120#25927C927FC25589
(1675526281.843986) vcan0 130#BF151E2912481812
(1675526281.844906) vcan0 150#42121D772EF72FC0
(1675526281.846204) vcan0 010#000000002FB031F8
(1675526281.846287) vcan0 291#0000000000000000
(1675526281.846369) vcan0 2A9#8C260082C0000084
(1675526281.846450) vcan0 008#6783AC7A79820080
(1675526281.847292) vcan0 288#4EDDD02F00000080
(1675526281.849651) vcan0 072#F000FF3F0078A038
(1675526281.851992) vcan0 055#F3F74C28B2B89D80
(1675526281.854813) vcan0 065#B7E44BF800CECA02
(1675526281.854897) vcan0 070#00000EF8CEE21500
(1675526281.854978) vcan0 075#0000000000005458
(1675526281.855062) vcan0 080#E1508000C2002C00
(1675526281.855143) vcan0 0B0#3983E3A2DEC139A3
(1675526281.855233) vcan0 145#F9C2D380FC4810A1
(1675526281.855315) vcan0 1B0#00C0000004B000FC
(1675526281.855399) vcan0 1B5#FF91357F68E0FFEF
(1675526281.855481) vcan0 1D8#363339343234E043
(1675526281.855562) vcan0 1E0#0014A34300B917E0
(1675526281.855645) vcan0 28C#000000000010FEA1
(1675526281.855727) vcan0 2B5#4B32366293A6B1FB
(1675526281.855887) vcan0 340#7800000000000000
(1675526281.855969) vcan0 010#000000002FB031F8
(1675526281.856051) vcan0 1D0#0000000000000861
(1675526281.857350) vcan0 008#7083BC4B8F820080
(1675526281.857432) vcan0 0E0#E27394C800802700
(1675526281.859872) vcan0 210#33E080A0A869E445
(1675526281.862286) vcan0 3C8#6B87008E886C008E
(1675526281.863587) vcan0 125#E5C27CE5C1D0D735
(1675526281.863670) vcan0 0F5#149266927F637226
(1675526281.863761) vcan0 120#279277927FBA5589
(1675526281.864679) vcan0 130#C7151E34122D1812
(1675526281.864762) vcan0 150#53121C8728F70EC0
(1675526281.866059) vcan0 010#000000002FB031F9
(1675526281.866141) vcan0 072#F000FF3F00788038
(1675526281.867135) vcan0 008#7E83CC1F9D820080
(1675526281.869499) vcan0 360#6B8700D2AB64A001
(1675526281.871912) vcan0 288#41DDD02F00000080
(1675526281.874662) vcan0 260#D0FF00AA497487B0
(1675526281.874744) vcan0 055#F3F74D28B2B89D80
(1675526281.874826) vcan0 065#B1E44BF8FDCDCD02
(1675526281.874909) vcan0 070#00000EF8D0E21500
(1675526281.874991) vcan0 075#0000000000005458
(1675526281.875073) vcan0 080#E0508000C2002C00
(1675526281.875156) vcan0 0B0#3983E2A2DEC139A3
(1675526281.875237) vcan0 145#F9B2D480FC4810A1
(1675526281.875329) vcan0 1B0#00C0000001B000FC
(1675526281.875412) vcan0 1B5#FF9D41856EE0FFEF
(1675526281.875494) vcan0 1D8#363339343234E043
(1675526281.875576) vcan0 1E0#0014A30300B917E0
(1675526281.875811) vcan0 290#0000000000000000
(1675526281.875893) vcan0 2C0#6B8700EC0000A0F1
(1675526281.875976) vcan0 2C3#6B8700FFFF775450
(1675526281.878718) vcan0 2C5#4CD750C6B6E40070
(1675526281.878800) vcan0 010#000000002FB031F8
(1675526281.878882) vcan0 1D0#0000000000000261
(1675526281.878965) vcan0 008#8783DCF8AB820080
(1675526281.879048) vcan0 291#0000000000000000
(1675526281.879129) vcan0 390#80FF051D02025F4F
(1675526281.879211) vcan0 0E0#E27390D000800B00
(1675526281.879752) vcan0 072#F000FF3F0078A038
(1675526281.882122) vcan0 125#E5AC7CE5C1D0D735
(1675526281.883592) vcan0 0F5#279271927F676228
(1675526281.883674) vcan0 120#279289927FBB5589
(1675526281.884669) vcan0 130#CF181E34121D1212
(1675526281.884750) vcan0 150#5212189722F7FFC0
(1675526281.886050) vcan0 010#000000002FB031F8
(1675526281.886132) vcan0 210#33E080A0A869E44D
(1675526281.886214) vcan0 2A9#8C26009BC0000084
(1675526281.887132) vcan0 008#9083ECD0BA820080
(1675526281.890786) vcan0 055#F3F74D28B2B69D80
(1675526281.892069) vcan0 065#B1E44CF8FFCDCF02
(1675526281.893140) vcan0 070#00000EF8D1E21500
(1675526281.893223) vcan0 075#0000000000005458
(1675526281.893305) vcan0 080#E0508000C2002C00
(1675526281.896051) vcan0 0B0#3983E1A2DEC139A3
(1675526281.896134) vcan0 145#F9A2D580FC4810A1
(1675526281.896217) vcan0 1B0#00C0000003B000FC
(1675526281.896333) vcan0 1B5#FFA94D8B74E0FFEF
(1675526281.896414) vcan0 1D8#363339343234E043
(1675526281.896497) vcan0 1E0#0018934300B917E0
(1675526281.896579) vcan0 28C#000000000010FEA1
(1675526281.896661) vcan0 2B5#4B32366293A6B0FD
(1675526281.896744) vcan0 370#2722C0006C1BCB1F
(1675526281.897141) vcan0 008#9B83FCA0CF820080
(1675526281.897214) vcan0 288#31DDE01F00000080
(1675526281.897295) vcan0 581#FFFFFFFFFFFF0081
(1675526281.898215) vcan0 010#000000002FB031F8
(1675526281.898297) vcan0 072#F000FF3F00788038
(1675526281.899596) vcan0 0E0#E2738AD80080F100
(1675526281.899680) vcan0 1D0#0000000000000061
(1675526281.899762) vcan0 400#000300030301001C
(1675526281.899844) vcan0 405#0000000000000023
(1675526281.902138) vcan0 290#0000000000000000
(1675526281.902229) vcan0 260#D0FF00AA497487B0
(1675526281.903227) vcan0 125#E5957CE5C1D0D735
(1675526281.904527) vcan0 0F5#39927F927F6B5229
(1675526281.904608) vcan0 120#2C9291927FBD5589
(1675526281.904691) vcan0 130#D7181E37120A0F12
(1675526281.904772) vcan0 150#4F1216A71DF7F2C0
(1675526281.907134) vcan0 008#A4830C78DE820080
(1675526281.908584) vcan0 010#000000002FB031F8
(1675526281.908666) vcan0 291#0000000000000000
(1675526281.908746) vcan0 330#C800000000000000
(1675526281.911111) vcan0 055#F3F74D28B2B69D80
(1675526281.913928) vcan0 065#B6E44DF802CED102
(1675526281.914012) vcan0 070#00000EF8D2E21500
(1675526281.914094) vcan0 072#F000FF3F007CA038
(1675526281.914176) vcan0 075#0000000000005458
(1675526281.914259) vcan0 080#E0508000C2002C00
(1675526281.914349) vcan0 0B0#3983E1A2DEC139A3
(1675526281.914431) vcan0 145#F992D680FC4810A1
(1675526281.914513) vcan0 1B0#00C0000003B000FC
(1675526281.915055) vcan0 1B5#FFB559917AE0FFEF
(1675526281.915136) vcan0 1D8#363339343234E043
(1675526281.915218) vcan0 1E0#001C834300B917E0
(1675526281.915300) vcan0 210#33E080A0A869E445
(1675526281.916599) vcan0 2C3#6B8700FFFF775450
(1675526281.916682) vcan0 008#AE831C5EDE820080
(1675526281.916765) vcan0 010#000000002FB031F8
(1675526281.917682) vcan0 1D0#0000000000000061
(1675526281.917766) vcan0 350#A200000000000080
(1675526281.917848) vcan0 0E0#E27388E00080D300
(1675526281.920138) vcan0 288#31DDE01F00000080
(1675526281.922807) vcan0 125#E5827CE5C1D0D735
(1675526281.923880) vcan0 0F5#3B9285927F6F422B
(1675526281.923969) vcan0 120#2C9285927FBE5589
(1675526281.924052) vcan0 130#DF151E4312EE1512
(1675526281.924134) vcan0 150#4F1210B717F7E2C0
(1675526281.926424) vcan0 010#000000002FB031F8
(1675526281.926508) vcan0 072#F000FF3F007C8038
(1675526281.926589) vcan0 2A9#8C260082C0000084
(1675526281.927813) vcan0 008#B7832C45DE820080
(1675526281.930405) vcan0 055#F3F74E28B2B69D80
(1675526281.932819) vcan0 065#BBE44DF804CED202
(1675526281.932901) vcan0 070#00000EF8D3E21500
(1675526281.935716) vcan0 075#0000000000005458
(1675526281.935799) vcan0 080#DF508000C2002C00
(1675526281.935881) vcan0 0B0#3983E2A2DEC139A3
(1675526281.935963) vcan0 145#F982D780FC4810A1
(1675526281.936045) vcan0 1B0#00C0000001B000FC
(1675526281.936126) vcan0 1B5#FFC0659780E0FFEF
(1675526281.936217) vcan0 1D8#363339343234E043
(1675526281.936299) vcan0 1E0#001C830300B917E0
(1675526281.936381) vcan0 260#D0FF00AA497487B0
(1675526281.936465) vcan0 28C#000000000010FEA1
(1675526281.936547) vcan0 290#0000000000000000
(1675526281.936629) vcan0 2B5#4B33366293A6ACFF
(1675526281.936711) vcan0 2C0#6B8700ED0000A0F1
(1675526281.936793) vcan0 010#000000002FB031F8
(1675526281.936874) vcan0 1D0#0000000000000861
(1675526281.939693) vcan0 210#33E080A0A869E445
(1675526281.939775) vcan0 008#C0833C3BCF820080
(1675526281.939855) vcan0 291#0000000000000000
(1675526281.939938) vcan0 2C5#4CD750C6B3E40070
(1675526281.940021) vcan0 340#7800000000000000
(1675526281.940102) vcan0 0E0#E2738BE80080B000
(1675526281.940184) vcan0 3AF#0000000000000020
(1675526281.940807) vcan0 072#F000FF3F007CA038
(1675526281.940890) vcan0 3B0#00D83F3836A8C400
(1675526281.943261) vcan0 125#E5777CE5C1D0D735
(1675526281.944712) vcan0 0F5#2E9281927F73322C
(1675526281.944795) vcan0 120#2A928B927FBA5589
(1675526281.944877) vcan0 130#E7151E4312DE1212
(1675526281.944960) vcan0 150#59120EC710F7C8C0
(1675526281.945043) vcan0 3CA#00000000530000C8
(1675526281.946188) vcan0 010#000000002FB031F9
(1675526281.946271) vcan0 008#C7834C32C1820080
(1675526281.947264) vcan0 288#F8DCE01F00000080
(1675526281.950920) vcan0 055#F3F74E28B2B29D80
(1675526281.952225) vcan0 065#C0E44EF805CED302
(1675526281.953294) vcan0 070#00000EF8D4E21500
(1675526281.953377) vcan0 075#0000000000005458
(1675526281.953460) vcan0 080#DF508000C2002C00
(1675526281.954843) vcan0 0B0#3983E3A2DEC139A3
(1675526281.954925) vcan0 145#F972D880FC4810A1
(1675526281.955007) vcan0 1B0#00C0000002B000FC
(1675526281.955089) vcan0 1B5#FFCC719D86E0FFEF
(1675526281.955172) vcan0 1D8#363339343234E043
(1675526281.955255) vcan0 1E0#0020734300B917E0
(1675526281.955335) vcan0 2C3#6B8700FFFF775450
(1675526281.955876) vcan0 010#000000002FB031F8
(1675526281.955957) vcan0 072#F000FF3F007C8038
(1675526281.958701) vcan0 1D0#0000000000000261
(1675526281.958784) vcan0 008#CB835C508F820080
(1675526281.958865) vcan0 0E0#E2738EF000808D00
(1675526281.959785) vcan0 210#33E080A0A869E44D
(1675526281.962149) vcan0 290#0000000000000000
(1675526281.964970) vcan0 260#D0FF0055497487B0
(1675526281.965052) vcan0 125#E56C7CE5C1D0D735
(1675526281.965144) vcan0 0F5#2A927D927F77222E
(1675526281.965225) vcan0 120#3B9289927FBB5589
(1675526281.965309) vcan0 130#EF151E4312CE0F12
(1675526281.965391) vcan0 150#6312FFD60AF7AEC0
(1675526281.966006) vcan0 010#000000002FB031F8
(1675526281.966088) vcan0 291#0000000000000000
(1675526281.966170) vcan0 2A9#8C26008AC0000084
(1675526281.967089) vcan0 008#D0836C6E5C820080
(1675526281.969525) vcan0 072#F000FF3F007CA038
(1675526281.970823) vcan0 360#6B8700D2AB64A001
(1675526281.971897) vcan0 288#DFDCE01F00000080
(1675526281.974789) vcan0 055#F3F74F28B2B29D80
(1675526281.974872) vcan0 065#C4E44EF803CED402
(1675526281.974955) vcan0 070#00000EF8D6E21500
(1675526281.975036) vcan0 075#0000000000005458
(1675526281.975118) vcan0 080#DE508000C2002C00
(1675526281.975208) vcan0 0B0#3983E4A2DDC139A3
(1675526281.975290) vcan0 145#F962D980FC4810A1
(1675526281.975371) vcan0 1B0#00C0000005B000FC
(1675526281.975454) vcan0 1B5#FFD87DA38CE0FFEF
(1675526281.975537) vcan0 1D8#363339343234E043
(1675526281.975619) vcan0 1E0#0024634300B917E0
(1675526281.975701) vcan0 28C#000000000010FEA1
(1675526281.975784) vcan0 2B5#4B33376293A6ACFF
(1675526281.975942) vcan0 010#000000002FB031F8
(1675526281.976026) vcan0 1D0#0000000000000061
(1675526281.977324) vcan0 390#80FF051D023A514F
(1675526281.977407) vcan0 008#D2837C9D1B820080
(1675526281.977488) vcan0 0E0#E2738AF800807100
(1675526281.979929) vcan0 3C8#6B87008E886C008E
(1675526281.982295) vcan0 125#E5637CE5C1D0D735
(1675526281.983670) vcan0 0F5#449289927F7B122F
(1675526281.983763) vcan0 120#32928D927FB95589
(1675526281.983845) vcan0 130#F7151E5812A90F12
(1675526281.984763) vcan0 150#7A12F7E604F787C0
(1675526281.986286) vcan0 010#000000002FB031F8
(1675526281.986368) vcan0 072#F000FF3F007C8038
(1675526281.986451) vcan0 210#33E08020A869E44D
(1675526281.986533) vcan0 008#D4838CB7F0810080
(1675526281.987452) vcan0 330#C800000000000000
(1675526281.987534) vcan0 3D0#910F6100170480C3
(1675526281.992533) vcan0 055#F2F75028B2B29D80
(1675526281.992616) vcan0 065#C6E44FF801CED602
(1675526281.992698) vcan0 070#00000EF8D8E21500
(1675526281.993619) vcan0 075#0000000000005458
(1675526281.993702) vcan0 080#DE508000C2002C00
(1675526281.995074) vcan0 0B0#3983E4A2DDC139A3
(1675526281.995156) vcan0 145#F952DA80FC4810A1
(1675526281.995247) vcan0 1B0#00C0000004B000FC
(1675526281.995329) vcan0 1B5#FFE489A992E0FFEF
(1675526281.995412) vcan0 1D8#363339343234E043
(1675526281.995493) vcan0 1E0#0024630300B917E0
(1675526281.995577) vcan0 260#D0FF0055497487B0
(1675526281.995659) vcan0 290#0000000000000000
(1675526281.999469) vcan0 2C0#6B8700EB0000A0F1
(1675526281.999552) vcan0 2C3#6B8700FFFF775450
(1675526281.999636) vcan0 010#000000002FB031F8
(1675526281.999718) vcan0 1D0#0000000000000061
(1675526281.999800) vcan0 291#0000000000000000
(1675526281.999882) vcan0 008#D9839CEAA8810080
(1675526281.999966) vcan0 288#DFDCF00F00000080
(1675526282.000049) vcan0 2C5#4DD751C6C5E40070
(1675526282.000129) vcan0 0E0#E2738AC000805100
(1675526282.000213) vcan0 370#2721C0006C1BCB1F
(1675526282.000308) vcan0 3E0#000000D933808090
(1675526282.000543) vcan0 072#F000FF3F007CA038
(1675526282.003068) vcan0 125#E5617CE5C1D0D735
(1675526282.004444) vcan0 0F5#4D92A2927F7F0231
(1675526282.004526) vcan0 120#4592A8927FBB5589
(1675526282.004608) vcan0 130#FF151E5812991512
(1675526282.004690) vcan0 150#7012F4F6FEF681C0
(1675526282.007054) vcan0 010#000000002FB031F8
(1675526282.007137) vcan0 008#D983AC1B67810080
(1675526282.007218) vcan0 2A9#8C260093C0000084
(1675526282.007300) vcan0 350#A200000000000080
(1675526282.009513) vcan0 210#33E080A0A869E445
(1675526282.012027) vcan0 055#F2F75028B2B19D80
(1675526282.014923) vcan0 065#C1E44FF8FFCDD702
(1675526282.015005) vcan0 070#00000EF8D9E21500
(1675526282.015086) vcan0 075#0000000000005458
(1675526282.015178) vcan0 080#DE508000C2002C00
(1675526282.015260) vcan0 0B0#3983E4A2DDC139A3
(1675526282.015345) vcan0 145#F942DB80FC4810A1
(1675526282.015425) vcan0 1B0#00C0000004B000FC
(1675526282.015507) vcan0 1B5#FFF095AE98E0FFEF
(1675526282.015588) vcan0 1D8#363339343234E043
(1675526282.015672) vcan0 1E0#0028534300B917E0
(1675526282.015756) vcan0 28C#000000000010FEA1
(1675526282.015838) vcan0 2B5#4B34376293A6ACFF
(1675526282.016071) vcan0 340#7800000000000000
(1675526282.016154) vcan0 010#000000002FB031F8
(1675526282.016235) vcan0 072#F000FF3F007C8038
(1675526282.017458) vcan0 1D0#0000000000000861
(1675526282.017540) vcan0 008#DB83BC3B35810080
(1675526282.017622) vcan0 0E0#E2738CC800802F00
(1675526282.021516) vcan0 288#D7DCF00F00000080
(1675526282.022596) vcan0 290#0000000000000000
(1675526282.023972) vcan0 125#E5617CE5C1D0D735
(1675526282.024054) vcan0 260#D0FF0055497487B0
(1675526282.024137) vcan0 0F5#4F92A8927F43F232
(1675526282.024218) vcan0 120#5192BA927FBB5589
(1675526282.024301) vcan0 130#87151E5812891512
(1675526282.025446) vcan0 150#6A12F606F9F677C0
(1675526282.026514) vcan0 010#000000002FB031F9
(1675526282.026597) vcan0 291#0000000000000000
(1675526282.026679) vcan0 008#DB83CC6DF4800080
(1675526282.029041) vcan0 072#F000FF3F007CA038
(1675526282.031383) vcan0 055#F3F75128B2AD9D80
(1675526282.034279) vcan0 065#BEE450F8FDCDD902
(1675526282.034361) vcan0 070#00000EF8DAE21500
(1675526282.034444) vcan0 075#0000000000005458
(1675526282.034526) vcan0 080#DD508000C2002C00
(1675526282.034630) vcan0 0B0#3983E3A2DDC139A3
(1675526282.034711) vcan0 145#F932DC80FC4810A1
(1675526282.034793) vcan0 1B0#00C0000001B000FC
(1675526282.034877) vcan0 1B5#FFFCA2B49EE0FFEF
(1675526282.034958) vcan0 1D8#363339343234E043
(1675526282.035043) vcan0 1E0#002C434300B917E0
(1675526282.035428) vcan0 2C3#6B8700FFFF785450
(1675526282.036500) vcan0 010#000000002FB031F8
(1675526282.037798) vcan0 1D0#0000000000000261
(1675526282.037879) vcan0 008#DB83DC8FC2800080
(1675526282.037961) vcan0 210#33E080A0A869E44D
(1675526282.038043) vcan0 0E0#E27389D000801200
(1675526282.041614) vcan0 125#E5617CE5C1D0D735
(1675526282.044128) vcan0 0F5#4B92AE927F47E234
(1675526282.044210) vcan0 120#6092C1927FB15589
(1675526282.044292) vcan0 130#8F181E5812790F12
(1675526282.045600) vcan0 150#6F12F316F3F662C0
(1675526282.045684) vcan0 010#000000002FB031F8
(1675526282.045765) vcan0 072#F000FF3F007C8038
(1675526282.046685) vcan0 2A9#8C26008AC0000084
(1675526282.046767) vcan0 008#DB83ECC081800080
(1675526282.048068) vcan0 288#BEDCF00F00000080
(1675526282.050662) vcan0 055#F3F75128B2A79D80
(1675526282.053033) vcan0 065#BDE450F8FFCDD902
(1675526282.053115) vcan0 070#00000EF8DBE21500
(1675526282.053198) vcan0 075#0000000000005458
(1675526282.055944) vcan0 080#DC508000C2002C00
(1675526282.056025) vcan0 0B0#3983E2A2DDC139A3
(1675526282.056109) vcan0 145#F922DD80FC4810A1
(1675526282.056191) vcan0 1B0#00C0000004B000FC
(1675526282.056273) vcan0 1B5#FF07AEBAA4E0FFEF
(1675526282.056354) vcan0 1D8#363339343234E043
(1675526282.056447) vcan0 1E0#002C430300B917E0
(1675526282.056529) vcan0 260#D0FF00AA497487B0
(1675526282.056611) vcan0 28C#000000000010FEA1
(1675526282.056694) vcan0 290#0000000000000000
(1675526282.056777) vcan0 2B5#4B34376293A6AAFF
(1675526282.056858) vcan0 2C0#6B8700EC0000A0F1
(1675526282.056942) vcan0 010#000000002FB031F8
(1675526282.057025) vcan0 1D0#0000000000000061
(1675526282.057106) vcan0 291#0000000000000000
(1675526282.058405) vcan0 008#DB83FCD45D800080
(1675526282.058487) vcan0 2C5#4DD752C6C0E40070
(1675526282.058569) vcan0 3AF#0000000000000020
(1675526282.058651) vcan0 0E0#E27386D80080F500
(1675526282.059949) vcan0 072#F000FF3F007CA038
(1675526282.061021) vcan0 210#33E080A0A869E445
(1675526282.061104) vcan0 3B0#00D83F3836A8C400
(1675526282.062284) vcan0 125#E5617CE5C1D0D735
(1675526282.065327) vcan0 0F5#51929C927F4BD235
(1675526282.065410) vcan0 120#7392C7927FB95589
(1675526282.065490) vcan0 130#97181E6012611512
(1675526282.065573) vcan0 150#8212EC26EFF63FC0
(1675526282.065655) vcan0 3CA#00000000540000C8
(1675526282.065739) vcan0 010#000000002FB031F8
(1675526282.066428) vcan0 330#C800000000000000
(1675526282.066512) vcan0 008#DB830CE140800080
(1675526282.068875) vcan0 360#6B8700D2AB64A001
(1675526282.071241) vcan0 288#B6DCF00F00000080
(1675526282.074062) vcan0 055#F3F75128B2A49D80
(1675526282.074145) vcan0 065#BFE450F801CEDA02
(1675526282.074228) vcan0 070#00000EF8DDE21500
(1675526282.074309) vcan0 075#0000000000005458
(1675526282.074392) vcan0 080#DA508000C2002C00
(1675526282.074482) vcan0 0B0#3983E2A2DDC139A3
(1675526282.074565) vcan0 145#F912DE80FC4810A1
(1675526282.074646) vcan0 1B0#00C0000003B000FC
(1675526282.074728) vcan0 1B5#FF13BAC0AAE0FFEF
(1675526282.074810) vcan0 1D8#363339343234E043
(1675526282.075123) vcan0 1E0#0030334300B917E0
(1675526282.075205) vcan0 2C3#6B8700FFFF785450
(1675526282.076275) vcan0 010#000000002FB031F8
(1675526282.077575) vcan0 072#F000FF3F007C8038
(1675526282.077656) vcan0 1D0#0000000000000061
(1675526282.077739) vcan0 008#DB831CDF32800080
(1675526282.077821) vcan0 390#80FF051D023A514F
(1675526282.077903) vcan0 0E0#E27384E00080D700
(1675526282.081382) vcan0 290#0000000000000000
(1675526282.082834) vcan0 125#E5617CE5C1D0D735
(1675526282.082916) vcan0 260#D0FF00AA497487B0
(1675526282.083919) vcan0 0F5#4992A2927F4FC237
(1675526282.084001) vcan0 120#6092BF927FB55589
(1675526282.085302) vcan0 130#9F181E73123E1512
(1675526282.085383) vcan0 150#8C12E936EBF625C0
(1675526282.086376) vcan0 010#000000002FB031F8
(1675526282.086459) vcan0 210#33E080A0A869E44D
(1675526282.087833) vcan0 291#0000000000000000
(1675526282.087915) vcan0 008#DB832CE51C800080
(1675526282.087996) vcan0 2A9#8C260093C0000084
(1675526282.090358) vcan0 072#F000FF3F007CA038
(1675526282.092806) vcan0 055#F3F75228B2A09D80
(1675526282.092888) vcan0 065#C9E451F807CEDC02
(1675526282.092970) vcan0 070#00000EF8DEE21500
(1675526282.095712) vcan0 075#0000000000005458
(1675526282.095795) vcan0 080#D8508000C2002C00
(1675526282.095877) vcan0 0B0#3983E3A2DDC139A3
(1675526282.095968) vcan0 145#F902DF80FC4810A1
(1675526282.096050) vcan0 1B0#00C0000002B000FC
(1675526282.096133) vcan0 1B5#FF1FC6C6B0E0FFEF
(1675526282.096215) vcan0 1D8#363339343234E043
(1675526282.096297) vcan0 1E0#0034234300B917E0
(1675526282.096379) vcan0 28C#000000000010FEA1
(1675526282.096461) vcan0 2B5#4B35376293A6A8FF
(1675526282.096544) vcan0 340#7800000000000000
(1675526282.096626) vcan0 370#2722C0006C1BCB1F
(1675526282.096708) vcan0 010#000000002FB031F8
(1675526282.096790) vcan0 1D0#0000000000000861
(1675526282.096874) vcan0 008#DB833CE30E800080
(1675526282.098173) vcan0 288#A2DC00FF00000080
(1675526282.098256) vcan0 350#A200000000000080
(1675526282.098337) vcan0 0E0#E27382E80080B900
(1675526282.100774) vcan0 3C8#6B87008E886C008E
(1675526282.103139) vcan0 125#E5617CE5C1D0D735
(1675526282.104590) vcan0 0F5#6892BB927F53B238
(1675526282.104673) vcan0 120#6092D5927FB95589
(1675526282.104755) vcan0 130#A7181E73122E1212
(1675526282.104838) vcan0 150#8B12E146E7F616C0
(1675526282.107128) vcan0 008#DB834CD30E800080
(1675526282.107210) vcan0 010#000000002FB031F9
(1675526282.107292) vcan0 072#F000FF3F007C8038
(1675526282.109651) vcan0 210#33E080A0A869E445
(1675526282.111991) vcan0 055#F3F75228B29D9D7F
