(1675526567.658959) vcan0 291#0000000000000000
(1675526567.659018) vcan0 390#80FF051D020A5D4F
(1675526567.661330) vcan0 1B0#00C0390001B054EC
(1675526567.662718) vcan0 1B5#FFB91E74A4E0FFEF
(1675526567.662861) vcan0 125#E5EB7FE4C1D0D734
(1675526567.662934) vcan0 1D8#363339343234DD43
(1675526567.663008) vcan0 1E0#003C030300B917E0
(1675526567.664248) vcan0 290#0000000000000000
(1675526567.664322) vcan0 072#F000FF3F0078A038
(1675526567.664395) vcan0 3B0#00D835383EBCC400
(1675526567.666866) vcan0 008#6A80BC568F800080
(1675526567.668241) vcan0 010#000000002FB031F8
(1675526567.669684) vcan0 210#22E180A0A869F14D
(1675526567.669835) vcan0 3D0#8A0F6100340680C3
(1675526567.669911) vcan0 288#06E0B04F00000080
(1675526567.671218) vcan0 0F5#DF81DC81BF43F163
(1675526567.671291) vcan0 120#E081DC817FFF5589
(1675526567.671466) vcan0 130#87D61DE8010ADE11
(1675526567.671544) vcan0 150#DD010408FEF715C0
(1675526567.672706) vcan0 3CA#00000000400000C8
(1675526567.672855) vcan0 055#B5F7FF67B3009C80
(1675526567.672934) vcan0 065#3AE3F5F7FF8DFA01
(1675526567.675753) vcan0 070#000049F800E25B00
(1675526567.675830) vcan0 075#0000000000005458
(1675526567.675909) vcan0 080#FE4F8000C2002C00
(1675526567.675987) vcan0 0B0#39837CA200C239A3
(1675526567.676137) vcan0 145#FD32DC80FCC810A1
(1675526567.676215) vcan0 430#28082800000015A6
(1675526567.676292) vcan0 260#D0FF00AA497487B0
(1675526567.677243) vcan0 0E0#E27327F00080F400
(1675526567.677321) vcan0 008#6D80CC438F800080
(1675526567.678699) vcan0 010#000000002FB031F8
(1675526567.678849) vcan0 072#F000FF3F00788038
(1675526567.680225) vcan0 1D0#0000000000000061
(1675526567.681802) vcan0 1B0#00C0390001B054EC
(1675526567.681946) vcan0 1B5#FFBA1F74A4E0FFEF
(1675526567.682019) vcan0 125#E5E57FE4C1D0D734
(1675526567.682093) vcan0 1D8#363339343234DD43
(1675526567.682237) vcan0 1E0#0000F34300B917E0
(1675526567.682310) vcan0 2C3#5D8700FFFF095450
(1675526567.686977) vcan0 008#6F80DC1BA5800080
(1675526567.689722) vcan0 010#000000002FB031F8
(1675526567.689797) vcan0 291#0000000000000000
(1675526567.689940) vcan0 2A9#8C260082C0000084
(1675526567.691179) vcan0 0F5#CD81D581BF47E163
(1675526567.691332) vcan0 120#DB81D3817FFF5589
(1675526567.691406) vcan0 130#8FD61DE00102DB11
(1675526567.691478) vcan0 150#D6010218FDF70CC0
(1675526567.692712) vcan0 055#B5F7FF67B3009C80
(1675526567.692790) vcan0 065#38E3F6F7FE8DFB01
(1675526567.692941) vcan0 070#000049F800E25B00
(1675526567.695757) vcan0 075#0000000000005458
(1675526567.695833) vcan0 080#FF4F8000C2002C00
(1675526567.695912) vcan0 072#F000FF3F0078A038
(1675526567.695990) vcan0 0B0#39837CA200C239A3
(1675526567.696139) vcan0 145#FD22DD80FCC810A1
(1675526567.696218) vcan0 210#22E180A0A869F14D
(1675526567.696295) vcan0 288#F5DFC03F00000080
(1675526567.696372) vcan0 28C#000020000016BE91
(1675526567.696450) vcan0 290#0000000000000000
(1675526567.696528) vcan0 2B5#4B48596293A64A39
(1675526567.696686) vcan0 2C0#5D8700610300A0F1
(1675526567.696764) vcan0 2C5#00D720273EE30070
(1675526567.697202) vcan0 0E0#E2732AF80080D100
(1675526567.697354) vcan0 340#5100000000000000
(1675526567.697431) vcan0 3AF#0000000000000020
(1675526567.697509) vcan0 008#7480EC0D9E800080
(1675526567.698740) vcan0 3C8#5D87008E882C008E
(1675526567.698817) vcan0 010#000000002FB031F8
(1675526567.700192) vcan0 1D0#0000000000000061
(1675526567.701704) vcan0 1B0#00C0370003B055EC
(1675526567.701848) vcan0 1B5#FFBC2075A5E0FFEF
(1675526567.701921) vcan0 125#E5E07FE4C1D0D734
(1675526567.701996) vcan0 1D8#363339343234DD43
(1675526567.702070) vcan0 1E0#0004E34300B917E0
(1675526567.705704) vcan0 260#D0FF0055497487B0
(1675526567.707216) vcan0 008#7480FCF6A5800080
(1675526567.708679) vcan0 010#000000002FB031F8
(1675526567.708822) vcan0 072#F000FF3F00788038
(1675526567.708897) vcan0 330#2800000000000000
(1675526567.711369) vcan0 0F5#C581C581BF4BD164
(1675526567.712704) vcan0 120#D081CE817F005689
(1675526567.712854) vcan0 130#97D61DD301FFDB11
(1675526567.712933) vcan0 150#CD01FD27FCF705C0
(1675526567.715748) vcan0 055#B5F7FF67B3009C80
(1675526567.715825) vcan0 065#37E3F6F7FF8DFB01
(1675526567.715903) vcan0 070#000049F800E25B00
(1675526567.715982) vcan0 075#0000000000005458
(1675526567.716131) vcan0 080#FF4F8000C2002C00
(1675526567.716208) vcan0 0B0#39837BA200C239A3
(1675526567.716287) vcan0 145#FD12DE80FCC810A1
(1675526567.716364) vcan0 0E0#E2732BC00080B000
(1675526567.717233) vcan0 008#78800CE2A5800080
(1675526567.718690) vcan0 010#000000002FB031F8
(1675526567.718838) vcan0 1D0#0000000000000061
(1675526567.718916) vcan0 210#22E18020A869F145
(1675526567.718993) vcan0 288#02E0C03F00000080
(1675526567.719072) vcan0 291#0000000000000000
(1675526567.721384) vcan0 1B0#00C0370002B054EC
