(1675525564.698784) vcan0 290#0000000000000000
(1675525564.698841) vcan0 072#F000FF3F00A88038
(1675525564.698913) vcan0 0F5#FFA3F1A37F67627B
(1675525564.699056) vcan0 008#5880FC8532800080
(1675525564.701602) vcan0 120#11A426A47FF95589
(1675525564.701677) vcan0 130#CF0A1E03243C0112
(1675525564.701819) vcan0 150#F823FB9700F848C0
(1675525564.701903) vcan0 0E0#E2732FC800808C00
(1675525564.709849) vcan0 010#000000002FB031F9
(1675525564.709928) vcan0 2A9#8C26009BC0000084
(1675525564.710079) vcan0 055#F8F72928B2509D80
(1675525564.710157) vcan0 065#A2E52BF803EEBD02
(1675525564.710234) vcan0 070#000007F8B7E20D00
(1675525564.710313) vcan0 075#0000000000005458
(1675525564.710390) vcan0 080#6D508000C2002C00
(1675525564.710539) vcan0 0B0#528310A3E1C152A3
(1675525564.710618) vcan0 125#E5F87FE4C1D0D735
(1675525564.710697) vcan0 145#F9D2D280FC4810A1
(1675525564.710774) vcan0 210#07E080A0BB69BB4D
(1675525564.710852) vcan0 1B0#00C0000004B000FC
(1675525564.711002) vcan0 008#58800C8423800080
(1675525564.711079) vcan0 1B5#FF14DB1B24E0FFEF
(1675525564.712314) vcan0 1D8#363339343234DF43
(1675525564.712400) vcan0 1E0#002C434300B917E0
(1675525564.712477) vcan0 010#000000002FB031F8
(1675525564.712556) vcan0 072#F000FF3F00A8A038
(1675525564.712632) vcan0 1D0#0000000000000A61
(1675525564.720116) vcan0 260#D0FF0055497487B0
(1675525564.720191) vcan0 0F5#F1A3FCA37F6B527E
(1675525564.720334) vcan0 120#35A426A47FFC5589
(1675525564.720409) vcan0 008#58801C7B1C800080
(1675525564.720484) vcan0 130#D70A1E15241A0712
(1675525564.720558) vcan0 150#F623FFA700F83AC0
(1675525564.720632) vcan0 3CA#00000000560000C8
(1675525564.720774) vcan0 288#02E000FF00000080
(1675525564.727105) vcan0 0E0#E27337D000806400
(1675525564.727256) vcan0 010#000000002FB031F8
(1675525564.727334) vcan0 291#0000000000000000
(1675525564.727413) vcan0 055#F8F72928B24E9D80
(1675525564.727513) vcan0 065#A6E52AF804EEBB02
(1675525564.727591) vcan0 070#000007F8B6E20D00
(1675525564.727669) vcan0 072#F000FF3F00A88038
(1675525564.727746) vcan0 075#0000000000005458
(1675525564.731074) vcan0 080#6D508000C2002C00
(1675525564.731152) vcan0 0B0#528311A3E0C152A3
(1675525564.731229) vcan0 125#E5F87FE4C1D0D735
(1675525564.731307) vcan0 145#F9C2D380FC4810A1
(1675525564.731457) vcan0 28C#00000000002EFEA6
(1675525564.731534) vcan0 290#0000000000000000
(1675525564.731613) vcan0 2B5#4BFD196293A68CCE
(1675525564.731689) vcan0 2C0#669C00000000A0F1
(1675525564.731768) vcan0 1B0#00C0000005B000FC
(1675525564.731918) vcan0 008#58802C790E800080
(1675525564.731995) vcan0 1B5#FF2BF32730E0FFEF
(1675525564.732072) vcan0 1D8#363339343234DF43
(1675525564.732159) vcan0 1E0#0030334300B917E0
(1675525564.732236) vcan0 2C3#669C00FFFF555450
(1675525564.732387) vcan0 2C5#4FE779DA9EE50070
(1675525564.735783) vcan0 340#9800000000000000
(1675525564.735860) vcan0 370#0727C0007403CB1F
(1675525564.735939) vcan0 3AF#0000000000000020
(1675525564.736089) vcan0 3E0#000000D934808092
(1675525564.736166) vcan0 010#000000002FB031F8
(1675525564.736244) vcan0 1D0#0000000000000061
(1675525564.736323) vcan0 210#08E080A0BB69BB45
(1675525564.736401) vcan0 0F5#F4A3EDA37F6F4281
(1675525564.736551) vcan0 120#15A41CA47FFD5589
(1675525564.736629) vcan0 008#58803C690E800080
(1675525564.740282) vcan0 130#DF0A1E11240E0712
(1675525564.740357) vcan0 150#F023FFB7FFF730C0
(1675525564.740430) vcan0 0E0#E27333D800804800
(1675525564.750859) vcan0 010#000000002FB031F8
(1675525564.751009) vcan0 072#F000FF3F00A8A038
(1675525564.751087) vcan0 2A9#8C260082C0000084
(1675525564.751166) vcan0 260#D0FF00AA497487B0
(1675525564.751244) vcan0 288#F5DF00FF00000080
(1675525564.751321) vcan0 055#F8F72928B24C9D80
(1675525564.751399) vcan0 065#A8E52AF802EEB902
(1675525564.751550) vcan0 070#000007F8B5E20D00
(1675525564.751627) vcan0 075#0000000000005458
(1675525564.751705) vcan0 080#6C508000C2002C00
(1675525564.751782) vcan0 0B0#528312A3E1C152A3
(1675525564.751933) vcan0 125#E5F87FE4C1D0D735
(1675525564.752011) vcan0 145#F9B2D480FC4810A1
(1675525564.752089) vcan0 1B0#00C0000002B000FC
(1675525564.753321) vcan0 008#5B804C560E800080
(1675525564.753399) vcan0 1B5#FF430A333BE0FFEF
(1675525564.753486) vcan0 1D8#363339343234E043
(1675525564.753563) vcan0 1E0#0030330300B917E0
(1675525564.753642) vcan0 010#000000002FB031F8
(1675525564.753720) vcan0 1D0#0000000000000061
(1675525564.753869) vcan0 291#0000000000000000
(1675525564.762562) vcan0 3C8#669C008E882C008E
(1675525564.762638) vcan0 290#0000000000000000
(1675525564.762712) vcan0 072#F000FF3F00A88038
(1675525564.762785) vcan0 210#08E08020BB69BB4D
(1675525564.762928) vcan0 3B0#00FC5E387EB0C400
(1675525564.763003) vcan0 0F5#E7A3F1A37F733284
(1675525564.763077) vcan0 008#5B805C460E800080
(1675525564.763197) vcan0 120#1CA41CA47FF85589
(1675525564.763226) vcan0 130#E70A1E1124FE0712
(1675525564.763369) vcan0 150#EB23FCC7FFF725C0
(1675525564.763443) vcan0 0E0#E27333E000802800
(1675525564.763526) vcan0 010#000000002FB031F8
(1675525564.763600) vcan0 330#2800000000000000
(1675525564.764910) vcan0 055#F8F72828B2479D80
(1675525564.769872) vcan0 065#A1E529F8FDEDB702
(1675525564.770016) vcan0 070#000007F8B2E20D00
(1675525564.770089) vcan0 075#0000000000005458
(1675525564.770164) vcan0 080#6A508000C2002C00
(1675525564.770237) vcan0 0B0#528312A3E1C152A3
(1675525564.770382) vcan0 125#E5F87FE4C1D0D735
(1675525564.770455) vcan0 145#F9A2D580FC4810A1
(1675525564.770530) vcan0 28C#00000000002EFEA6
(1675525564.770604) vcan0 2B5#4BFD196293A689CA
(1675525564.770748) vcan0 360#6D9C00D3B343A001
(1675525564.770822) vcan0 1B0#00C0000002B000FC
(1675525564.770896) vcan0 008#5B806C360E800080
(1675525564.771039) vcan0 1B5#FF5A213E47E0FFEF
(1675525564.771123) vcan0 1D8#363339343234DF43
(1675525564.771197) vcan0 1E0#0034234300B917E0
(1675525564.779201) vcan0 2C3#669C00FFFF565450
(1675525564.779351) vcan0 288#F1DF10EF00000080
(1675525564.779427) vcan0 350#A200000000000080
(1675525564.779506) vcan0 010#000000002FB031F8
(1675525564.779584) vcan0 072#F000FF3F00A8A038
(1675525564.779662) vcan0 1D0#0000000000000061
(1675525564.779833) vcan0 390#80FF05000222574F
(1675525564.779890) vcan0 260#D0FF00AA497487B0
(1675525564.779968) vcan0 0F5#06A4F1A37F772287
(1675525564.780047) vcan0 008#5B807C260E800080
(1675525564.780124) vcan0 120#2AA42AA47FF65589
(1675525564.780275) vcan0 130#EF0A1E1924E60D12
(1675525564.780352) vcan0 150#FB23FAD7FFF705C0
(1675525564.781656) vcan0 0E0#E27336E800800500
(1675525564.788922) vcan0 010#000000002FB031F9
(1675525564.789065) vcan0 210#08E080A0BB69BB4D
(1675525564.789140) vcan0 291#0000000000000000
(1675525564.789214) vcan0 2A9#8C26008AC0000084
(1675525564.789288) vcan0 055#F8F72728B2439D80
(1675525564.789430) vcan0 065#9FE528F8FDEDB402
(1675525564.789505) vcan0 070#000007F8B0E20D00
(1675525564.789579) vcan0 072#F000FF3F00A88038
(1675525564.789654) vcan0 075#0000000000005458
(1675525564.789798) vcan0 080#69508000C2002C00
(1675525564.789871) vcan0 0B0#528312A3E1C152A3
(1675525564.789945) vcan0 125#E5F87FE4C1D0D735
(1675525564.790090) vcan0 145#F992D680FC4810A1
(1675525564.790163) vcan0 290#0000000000000000
(1675525564.790236) vcan0 2C0#669C00000000A0F1
(1675525564.792645) vcan0 2C5#4FE778DB9FE50070
(1675525564.792727) vcan0 1B0#00C0000005B000FC
(1675525564.792801) vcan0 008#5B808C160E800080
(1675525564.792944) vcan0 1B5#FF71394A53E0FFEF
(1675525564.793019) vcan0 1D8#363339343234E043
(1675525564.793093) vcan0 1E0#0038134300B917E0
(1675525564.793170) vcan0 010#000000002FB031F8
(1675525564.793310) vcan0 1D0#0000000000000A61
(1675525564.802950) vcan0 288#F9DF10EF00000080
(1675525564.803102) vcan0 0F5#EDA3EDA37F7B128A
(1675525564.803179) vcan0 120#31A41FA47FFB5589
(1675525564.803257) vcan0 008#5B809C060E800080
(1675525564.803335) vcan0 130#F7071E1924D60F12
(1675525564.803413) vcan0 150#ED23FAE7FFF703C0
(1675525564.803492) vcan0 0E0#E27333F00080E800
(1675525564.803642) vcan0 010#000000002FB031F8
(1675525564.803721) vcan0 072#F000FF3F00A8A038
(1675525564.804386) vcan0 260#D0FF00AA497487B0
(1675525564.809597) vcan0 055#F8F72728B23F9D80
(1675525564.809672) vcan0 065#A2E528F801EEB302
(1675525564.809747) vcan0 070#000007F8AEE20D00
(1675525564.809821) vcan0 075#0000000000005458
(1675525564.809964) vcan0 080#67508000C2002C00
(1675525564.810039) vcan0 0B0#528313A3E1C152A3
(1675525564.810113) vcan0 125#E5F87FE4C1D0D735
(1675525564.810188) vcan0 145#F982D780FC4810A1
(1675525564.810262) vcan0 210#08E080A0BB69BB45
(1675525564.810405) vcan0 28C#00000000002EFEA6
(1675525564.810480) vcan0 2B5#4BFE196293A685C5
(1675525564.810554) vcan0 340#9700000000000000
(1675525564.810696) vcan0 1B0#00C0000004B000FC
(1675525564.810771) vcan0 008#5B80ACF60E800080
(1675525564.810846) vcan0 1B5#FF8950565EE0FFEF
(1675525564.820004) vcan0 1D8#363339343234DF43
(1675525564.820154) vcan0 1E0#0038130300B917E0
(1675525564.820233) vcan0 2C3#669C00FFFF565450
(1675525564.820313) vcan0 010#000000002FB031F8
(1675525564.820389) vcan0 1D0#0000000000000061
(1675525564.820468) vcan0 291#0000000000000000
(1675525564.820617) vcan0 290#0000000000000000
(1675525564.820695) vcan0 072#F000FF3F00A88038
(1675525564.820773) vcan0 0F5#F8A3F8A37F7F028C
(1675525564.820852) vcan0 120#0EA423A47FFC5589
(1675525564.820930) vcan0 008#5B80BCF400800080
(1675525564.821079) vcan0 130#FF0A1E1924C60A12
(1675525564.821158) vcan0 150#F82302F8FFF7E8C0
(1675525564.821422) vcan0 288#E9DF10EF00000080
(1675525564.821458) vcan0 0E0#E2732DF80080CE00
(1675525564.829765) vcan0 010#000000002FB031F8
(1675525564.829850) vcan0 2A9#8C260093C0000084
(1675525564.829925) vcan0 055#F8F72528B2389D80
(1675525564.829997) vcan0 065#A7E527F803EEB002
(1675525564.830142) vcan0 070#000007F8A8E20D00
(1675525564.830215) vcan0 075#0000000000005458
(1675525564.830289) vcan0 080#63508000C2002C00
(1675525564.830364) vcan0 0B0#528313A3E1C152A3
(1675525564.830506) vcan0 125#E5F87FE4C1D0D735
(1675525564.830581) vcan0 145#F972D880FC4810A1
(1675525564.830656) vcan0 370#0727C0007403CB1F
(1675525564.830731) vcan0 1B0#00C0000002B000FC
(1675525564.830874) vcan0 008#5B80CCE400800080
(1675525564.830947) vcan0 1B5#FFA067616AE0FFEF
(1675525564.833219) vcan0 1D8#363339343234DF43
(1675525564.833362) vcan0 1E0#003C034300B917E0
(1675525564.833436) vcan0 010#000000002FB031F8
(1675525564.833518) vcan0 072#F000FF3F00A8A038
(1675525564.833594) vcan0 1D0#0000000000000061
(1675525564.833667) vcan0 210#08E080A0BB69BB4D
(1675525564.842468) vcan0 260#D0FF00AA497487B0
(1675525564.842547) vcan0 0F5#F4A3FCA37F43F28F
(1675525564.842625) vcan0 008#5B80DCD400800080
(1675525564.842775) vcan0 120#39A444A47FF65589
(1675525564.842853) vcan0 130#870A1E1924B60412
(1675525564.842932) vcan0 150#F823F807FFF7D8C0
(1675525564.843010) vcan0 3CA#00000000400000C8
(1675525564.843087) vcan0 0E0#E2732CC00080AF00
(1675525564.843238) vcan0 010#000000002FB031F8
(1675525564.843314) vcan0 291#0000000000000000
(1675525564.843393) vcan0 330#2800000000000000
(1675525564.843471) vcan0 400#010300010100011D
(1675525564.843837) vcan0 405#2AF89556111B6701
(1675525564.843926) vcan0 425#0000000000000000
(1675525564.849020) vcan0 288#F1DF10EF00000080
(1675525564.849094) vcan0 055#F8F72528B2319D80
(1675525564.849237) vcan0 065#A3E526F8FFEDA802
(1675525564.849311) vcan0 070#000007F8A6E20D00
(1675525564.849387) vcan0 072#F000FF3F00A88038
(1675525564.849460) vcan0 075#0000000000005458
(1675525564.849603) vcan0 080#62508000C2002C00
(1675525564.849678) vcan0 0B0#528314A3E0C152A3
(1675525564.849751) vcan0 125#E5F87FE4C1D0D735
(1675525564.849828) vcan0 145#F962D980FC4810A1
(1675525564.849970) vcan0 28C#00000000002EFEA6
(1675525564.850043) vcan0 290#0000000000000000
(1675525564.850117) vcan0 2B5#4BFE1A6293A682BC
(1675525564.850260) vcan0 2C0#669C00000000A0F1
(1675525564.850334) vcan0 1B0#00C0000000B000FC
(1675525564.858260) vcan0 008#5B80ECC400800080
(1675525564.858339) vcan0 1B5#FFB77F6D76E0FFEF
(1675525564.858418) vcan0 1D8#363339343234E043
(1675525564.858496) vcan0 1E0#0000F34300B917E0
(1675525564.858574) vcan0 2C3#669C00FFFF575450
(1675525564.858724) vcan0 2C5#4EE778DCA4E50070
(1675525564.858801) vcan0 3AF#0000000000000020
(1675525564.858879) vcan0 010#000000002FB031F8
(1675525564.858959) vcan0 1D0#0000000000000061
(1675525564.859036) vcan0 210#08E080A0BB69BB45
(1675525564.859186) vcan0 0F5#0AA406A47F47E292
(1675525564.859263) vcan0 120#39A42EA47FF85589
(1675525564.859341) vcan0 008#5B80FCB400800080
(1675525564.859419) vcan0 130#8F071E23249C0A12
(1675525564.860653) vcan0 150#0824FA17FFF7B7C0
(1675525564.860730) vcan0 350#A200000000000080
(1675525564.868815) vcan0 0E0#E27331C800808A00
(1675525564.868958) vcan0 010#000000002FB031F9
(1675525564.869033) vcan0 072#F000FF3F00A8A038
(1675525564.869108) vcan0 2A9#8C26008AC0000084
(1675525564.869251) vcan0 260#D0FF0055497487B0
(1675525564.869325) vcan0 055#F8F72428B22C9D80
(1675525564.869400) vcan0 065#9EE525F8FCEDA702
(1675525564.869473) vcan0 070#000006F8A3E20D00
(1675525564.869617) vcan0 075#0000000000005458
(1675525564.869692) vcan0 080#60508000C2002C00
(1675525564.869765) vcan0 0B0#528314A3E1C152A3
(1675525564.869839) vcan0 125#E5F87FE4C1D0D735
(1675525564.869983) vcan0 145#F952DA80FC4810A1
(1675525564.870058) vcan0 360#6D9C00D3B343A001
(1675525564.870200) vcan0 1B0#00C0000003B000FC
(1675525564.878050) vcan0 008#5B800CA400800080
(1675525564.878146) vcan0 1B5#FFCF967981E0FFEF
(1675525564.878225) vcan0 1D8#363339343234DF43
(1675525564.878375) vcan0 1E0#0000F30300B917E0
(1675525564.878453) vcan0 288#E9DF20DF00000080
(1675525564.878532) vcan0 010#000000002FB031F8
(1675525564.878609) vcan0 1D0#0000000000000A61
(1675525564.878686) vcan0 291#0000000000000000
(1675525564.878766) vcan0 390#80FF0500021E584F
(1675525564.878916) vcan0 3C8#669C008E882C008E
(1675525564.878995) vcan0 290#0000000000000000
(1675525564.879072) vcan0 072#F000FF3F00A88038
(1675525564.879151) vcan0 3B0#00D85E387EB0C400
(1675525564.879301) vcan0 0F5#F4A3F4A37F4BD295
(1675525564.880535) vcan0 008#5B801C9400800080
(1675525564.880613) vcan0 120#2EA42AA47FFB5589
(1675525564.880764) vcan0 130#97071E2624890712
(1675525564.880850) vcan0 150#F423FC27FEF7BCC0
(1675525564.888784) vcan0 0E0#E2732ED000806D00
(1675525564.888926) vcan0 010#000000002FB031F8
(1675525564.889001) vcan0 210#08E080A0BB69BB45
(1675525564.889076) vcan0 3D0#960F6100D11480C3
(1675525564.889149) vcan0 125#E5F87FE4C1D0D735
(1675525564.889225) vcan0 055#F8F72328B2289D80
(1675525564.889298) vcan0 065#A2E525F801EEA502
(1675525564.889441) vcan0 070#000006F8A0E20D00
(1675525564.889515) vcan0 075#0000000000005458
(1675525564.889589) vcan0 080#5E508000C2002C00
(1675525564.889665) vcan0 0B0#528314A3E1C152A3
(1675525564.889808) vcan0 145#F942DB80FC4810A1
(1675525564.889881) vcan0 28C#00000000002EFEA6
(1675525564.889956) vcan0 2B5#4BFF1A6293A67FB8
(1675525564.890099) vcan0 340#9700000000000000
(1675525564.892377) vcan0 1B0#00C0000003B000FC
(1675525564.892451) vcan0 008#5B802C8400800080
(1675525564.892524) vcan0 1B5#FFE6AE848DE0FFEF
(1675525564.892598) vcan0 1D8#363339343234E043
(1675525564.892673) vcan0 1E0#0004E34300B917E0
(1675525564.892815) vcan0 2C3#669C00FFFF575450
(1675525564.892889) vcan0 430#2A082A0000002DC6
(1675525564.892964) vcan0 010#000000002FB031F8
(1675525564.893037) vcan0 072#F000FF3F00A8A038
(1675525564.893111) vcan0 1D0#0000000000000061
(1675525564.902593) vcan0 260#D0FF0055497487B0
(1675525564.902672) vcan0 288#FEDF20DF00000080
(1675525564.902750) vcan0 0F5#06A403A47F4FC298
(1675525564.902827) vcan0 008#5B803C7400800080
(1675525564.902976) vcan0 120#2AA426A47FFE5589
(1675525564.903055) vcan0 130#9F071E2624790712
(1675525564.903142) vcan0 150#0424FC37FEF79BC0
(1675525564.903220) vcan0 0E0#E2732BD800805000
(1675525564.903298) vcan0 010#000000002FB031F8
(1675525564.903810) vcan0 291#0000000000000000
(1675525564.903959) vcan0 2A9#8C260093C0000084
(1675525564.910086) vcan0 055#F8F72328B2229D7F
(1675525564.910159) vcan0 065#A5E524F803EEA302
(1675525564.910235) vcan0 070#000006F89DE20D00
(1675525564.910308) vcan0 075#0000000000005458
(1675525564.910451) vcan0 080#5D508000C2002C00
(1675525564.910525) vcan0 072#F000FF3F00A88038
(1675525564.910600) vcan0 0B0#528315A3E1C152A3
(1675525564.910675) vcan0 125#E5F87FE4C1D0D735
(1675525564.910818) vcan0 145#F932DC80FC4810A1
(1675525564.910893) vcan0 210#08E08020BB69BB4D
(1675525564.910967) vcan0 290#0000000000000000
(1675525564.911051) vcan0 2C0#669C00000000A0F1
(1675525564.911194) vcan0 2C5#4BE778DDA4E50070
(1675525564.911269) vcan0 1B0#00C0000003B000FC
(1675525564.911343) vcan0 008#5B804C6400800080
(1675525564.912516) vcan0 1B5#FFFEC59099E0FFEF
(1675525564.912658) vcan0 1D8#363339343234E043
(1675525564.912734) vcan0 1E0#0008D34300B917E0
(1675525564.912807) vcan0 010#000000002FB031F8
(1675525564.912951) vcan0 1D0#0000000000000061
(1675525564.920503) vcan0 0F5#0EA40EA47F53B29B
(1675525564.920655) vcan0 120#35A444A47FF35589
(1675525564.920731) vcan0 008#5B805C5400800080
(1675525564.920810) vcan0 130#A7071E2624690712
(1675525564.920888) vcan0 150#0E24FF47FEF781C0
(1675525564.920964) vcan0 288#02E020DF00000080
(1675525564.922920) vcan0 0E0#E27331E000802A00
(1675525564.923007) vcan0 010#000000002FB031F8
(1675525564.923085) vcan0 072#F000FF3F00A8A038
(1675525564.923164) vcan0 330#2800000000000000
(1675525564.930016) vcan0 260#D0FF0055497487B0
(1675525564.930092) vcan0 055#F8F72228B21D9D80
(1675525564.930235) vcan0 065#A7E523F801EEA002
(1675525564.930308) vcan0 070#000006F89AE20D00
(1675525564.930382) vcan0 075#0000000000005458
(1675525564.930457) vcan0 080#5A508000C2002C00
(1675525564.930599) vcan0 0B0#528315A3E1C152A3
(1675525564.930675) vcan0 125#E5F87FE4C1D0D735
(1675525564.930748) vcan0 145#F922DD80FC4810A1
(1675525564.930823) vcan0 28C#00000000002EFEA6
(1675525564.930965) vcan0 2B5#4BFF1A6293A67CB4
(1675525564.931040) vcan0 370#0727C0007403CB1F
(1675525564.931113) vcan0 1B0#00C0000001B000FC
(1675525564.931197) vcan0 008#5B806C4400800080
(1675525564.931340) vcan0 1B5#FF15DD9CA4E0FFEF
(1675525564.941719) vcan0 1D8#363339343234E043
(1675525564.941797) vcan0 1E0#0008D30300B917E0
(1675525564.941876) vcan0 2C3#669C00FFFF585450
(1675525564.941953) vcan0 010#000000002FB031F8
(1675525564.942030) vcan0 1D0#0000000000000061
(1675525564.942182) vcan0 210#08E080A0BB69BB4D
(1675525564.942260) vcan0 291#0000000000000000
(1675525564.942336) vcan0 290#0000000000000000
(1675525564.942414) vcan0 072#F000FF3F00A88038
(1675525564.942492) vcan0 0F5#19A426A47F57A29E
(1675525564.942641) vcan0 008#5B807C3400800080
(1675525564.942719) vcan0 120#52A439A47FF75589
(1675525564.942798) vcan0 130#AF071E2624590712
(1675525564.942948) vcan0 150#1F24FF57FDF760C0
(1675525564.943034) vcan0 0E0#E27339E800800200
(1675525564.943113) vcan0 010#000000002FB031F9
(1675525564.943189) vcan0 2A9#8C26008AC0000084
(1675525564.951482) vcan0 288#02E020DF00000080
(1675525564.951561) vcan0 055#F8F72128B2199D80
(1675525564.951710) vcan0 065#9EE523F8FBED9A02
(1675525564.951789) vcan0 070#000006F896E20D00
(1675525564.951867) vcan0 075#0000000000005458
(1675525564.951944) vcan0 080#58508000C2002C00
(1675525564.952022) vcan0 0B0#528315A3E1C152A3
(1675525564.952173) vcan0 125#E5F87FE4C1D0D735
(1675525564.952251) vcan0 145#F912DE80FC4810A1
(1675525564.952329) vcan0 1B0#00C0000004B000FC
(1675525564.952407) vcan0 008#5B808C2400800080
(1675525564.952556) vcan0 1B5#FF2DF4A7B0E0FFEF
(1675525564.952635) vcan0 1D8#363339343234E043
(1675525564.952720) vcan0 1E0#000CC34300B917E0
(1675525564.953955) vcan0 350#A200000000000080
(1675525564.954033) vcan0 010#000000002FB031F8
(1675525564.954110) vcan0 072#F000FF3F00A8A038
(1675525564.954189) vcan0 1D0#0000000000000A61
(1675525564.954338) vcan0 260#D0FF00AA497487B0
(1675525564.962979) vcan0 210#08E080A0BB69BB45
(1675525564.963122) vcan0 0F5#0AA415A47F5B92A1
(1675525564.963196) vcan0 008#5B809C1400800080
(1675525564.963270) vcan0 120#26A435A47FF65589
(1675525564.963345) vcan0 130#B7071E2624490112
(1675525564.963488) vcan0 150#0F24FF67FDF760C0
(1675525564.963563) vcan0 3CA#00000000510000C8
(1675525564.963636) vcan0 0E0#E2732EF00080ED00
(1675525564.963710) vcan0 010#000000002FB031F8
(1675525564.963854) vcan0 291#0000000000000000
(1675525564.965447) vcan0 125#E5F87FE4C1D0D735
(1675525564.970503) vcan0 055#F8F72028B2129D7F
(1675525564.970580) vcan0 065#9EE522F8FEED9702
(1675525564.970659) vcan0 070#000006F892E20D00
(1675525564.970809) vcan0 072#F000FF3F00A88038
(1675525564.970888) vcan0 075#0000000000005458
(1675525564.970964) vcan0 080#55508000C2002C00
(1675525564.971043) vcan0 0B0#528315A3E1C152A3
(1675525564.971165) vcan0 145#F902DF80FC4810A1
(1675525564.971272) vcan0 28C#00000000002EFEA6
(1675525564.971350) vcan0 290#0000000000000000
(1675525564.971428) vcan0 1B0#00C0000006B000FC
(1675525564.971505) vcan0 008#5B80AC0400800080
(1675525564.971654) vcan0 1B5#FF440BB3BCE0FFEF
(1675525564.971732) vcan0 1D8#363339343234E043
(1675525564.971810) vcan0 1E0#0010B34300B917E0
(1675525564.982304) vcan0 2B5#4B001A6293A67AAD
(1675525564.982378) vcan0 288#F5DF30CF00000080
(1675525564.982453) vcan0 2C0#669C00000000A0F1
(1675525564.982596) vcan0 2C3#669C00FFFF585450
(1675525564.982669) vcan0 2C5#49E778DDA4E50070
(1675525564.982743) vcan0 340#9700000000000000
(1675525564.982818) vcan0 360#6D9C00D3B343A001
(1675525564.982960) vcan0 3AF#0000000000000020
(1675525564.983035) vcan0 010#000000002FB031F8
(1675525564.983109) vcan0 1D0#0000000000000061
(1675525564.983185) vcan0 390#80FF0500021A594F
(1675525564.983326) vcan0 0F5#0AA411A47F5F82A4
(1675525564.983401) vcan0 120#35A43DA47FFB5589
(1675525564.983544) vcan0 008#5B80BCF400800080
(1675525564.983687) vcan0 130#BF071E262439FF11
(1675525564.983762) vcan0 150#0D24FF77FDF752C0
(1675525564.983844) vcan0 0E0#E27331F80080CA00
(1675525564.983919) vcan0 010#000000002FB031F8
(1675525564.983994) vcan0 072#F000FF3F00A8A038
(1675525564.984136) vcan0 210#08E080A0BB69BB4D
(1675525564.984212) vcan0 2A9#8C260082C0000084
(1675525564.990929) vcan0 260#D0FF00AA497487B0
(1675525564.991081) vcan0 055#F8F71E28B20B9D7F
(1675525564.991158) vcan0 065#A3E521F803EE9302
(1675525564.991235) vcan0 070#000006F889E20D00
(1675525564.991313) vcan0 075#0000000000005458
(1675525564.991392) vcan0 080#50508000C2002C00
(1675525564.991470) vcan0 0B0#528315A3E1C152A3
(1675525564.991620) vcan0 125#E5F57FE4C1D0D735
(1675525564.991697) vcan0 145#F9F2D080FC4810A1
(1675525564.991776) vcan0 1B0#00C0000001B000FC
(1675525564.991855) vcan0 008#5B80CCE400800080
(1675525564.991940) vcan0 1B5#FF5B23BFC7E0FFEF
(1675525564.992092) vcan0 1D8#363339343234DF43
(1675525564.992169) vcan0 1E0#0010B30300B917E0
(1675525564.994487) vcan0 010#000000002FB031F8
(1675525564.994565) vcan0 1D0#0000000000000061
(1675525564.994642) vcan0 291#0000000000000000
(1675525564.994721) vcan0 288#0AE030CF00000080
(1675525564.994871) vcan0 3C8#669C008E882C008E
(1675525565.002730) vcan0 290#0000000000000000
(1675525565.002804) vcan0 072#F000FF3F00A88038
(1675525565.002947) vcan0 3B0#00D85E387EB0C402
(1675525565.003022) vcan0 0F5#1FA41FA47F6372A7
(1675525565.003095) vcan0 120#35A448A47FF35589
(1675525565.003169) vcan0 008#5D80DCBD15800080
(1675525565.003314) vcan0 130#C7071E262429FF11
(1675525565.003388) vcan0 150#1F24FF87FDF730C0
(1675525565.003484) vcan0 0E0#E27339C00080A200
(1675525565.003558) vcan0 010#000000002FB031F8
(1675525565.003631) vcan0 330#2800000000000000
(1675525565.006243) vcan0 055#F8F71E28B2049D7F
(1675525565.006320) vcan0 065#A9E51FF805EE8A02
(1675525565.006394) vcan0 070#000006F887E20D00
(1675525565.011295) vcan0 075#0000000000005458
(1675525565.011373) vcan0 080#4F508000C2002C00
(1675525565.011450) vcan0 0B0#528315A3E0C152A3
(1675525565.011529) vcan0 125#E5F57FE4C1D0D735
(1675525565.011607) vcan0 145#F9E2D180FC4810A1
(1675525565.011758) vcan0 210#07E080A0BB69BB45
(1675525565.011835) vcan0 28C#00000000002EFEA6
(1675525565.011915) vcan0 2B5#4B001A6293A6769F
(1675525565.011993) vcan0 1B0#00C0000003B000FC
(1675525565.012070) vcan0 008#5D80ECAD15800080
(1675525565.012156) vcan0 1B5#FF733ACAD3E0FFEF
(1675525565.012306) vcan0 1D8#363339343234E043
(1675525565.012384) vcan0 1E0#0014A34300B917E0
(1675525565.012462) vcan0 2C3#669C00FFFF595450
(1675525565.013698) vcan0 010#000000002FB031F8
(1675525565.013775) vcan0 072#F000FF3F00A8A038
(1675525565.013853) vcan0 1D0#0000000000000061
(1675525565.013932) vcan0 260#D0FF00AA497487B0
(1675525565.023010) vcan0 0F5#23A431A47F6762AA
(1675525565.023085) vcan0 120#55A44FA47FF95589
(1675525565.023158) vcan0 008#5F80FC8D23800080
(1675525565.023302) vcan0 130#CF041E31240E0112
(1675525565.023376) vcan0 150#2A24FF97FDF715C0
(1675525565.023451) vcan0 288#02E030CF00000080
(1675525565.023524) vcan0 0E0#E27345C800807600
(1675525565.023670) vcan0 010#000000002FB031F9
(1675525565.023752) vcan0 291#0000000000000000
(1675525565.023827) vcan0 2A9#8C26009BC0000084
(1675525565.025409) vcan0 055#F8F71D28B2FE9C80
(1675525565.029274) vcan0 065#9CE51EF8FBED8702
(1675525565.029425) vcan0 070#000006F885E20D00
(1675525565.029501) vcan0 072#F000FF3F00A88038
(1675525565.029580) vcan0 075#0000000000005458
(1675525565.029657) vcan0 080#4D508000C2002C00
(1675525565.029736) vcan0 0B0#528316A3E0C152A3
(1675525565.029887) vcan0 125#E5F57FE4C1D0D735
(1675525565.029965) vcan0 145#F9D2D280FC4810A1
(1675525565.030042) vcan0 290#0000000000000000
(1675525565.030120) vcan0 2C0#669C00000000A0F1
(1675525565.030197) vcan0 2C5#45E778DEA6E50070
(1675525565.030347) vcan0 370#0727C0007403CB1F
(1675525565.030426) vcan0 1B0#00C0000006B000FC
(1675525565.030512) vcan0 008#61800C6C32800080
(1675525565.030591) vcan0 1B5#FF8A52D6DFE0FFEF
(1675525565.038665) vcan0 1D8#363339343234DF43
(1675525565.038739) vcan0 1E0#0018934300B917E0
(1675525565.038812) vcan0 3E0#000000D934808092
(1675525565.038956) vcan0 010#000000002FB031F8
(1675525565.039031) vcan0 1D0#0000000000000A61
(1675525565.039106) vcan0 210#07E080A0BB69BB4D
(1675525565.039179) vcan0 0F5#0EA41CA47F6B52AD
(1675525565.039322) vcan0 120#3DA43DA47FF45589
(1675525565.039396) vcan0 008#61801C5C32800080
(1675525565.039471) vcan0 130#D7071E3124FE0712
(1675525565.039546) vcan0 150#1524FFA7FDF71AC0
(1675525565.041061) vcan0 350#A200000000000080
(1675525565.041134) vcan0 0E0#E27346D000805500
(1675525565.049336) vcan0 010#000000002FB031F8
(1675525565.049425) vcan0 072#F000FF3F00A8A038
(1675525565.049504) vcan0 260#D0FF0055497487B0
(1675525565.049581) vcan0 288#FEDF30CF00000080
(1675525565.049658) vcan0 055#F8F71B28B2F99C7F
(1675525565.049809) vcan0 065#98E51DF8FBED8502
(1675525565.049888) vcan0 070#000006F87DE20D00
(1675525565.049965) vcan0 075#0000000000005458
(1675525565.050043) vcan0 080#48508000C2002C00
(1675525565.050122) vcan0 0B0#528316A3E0C152A3
(1675525565.050200) vcan0 125#E5F27FE4C1D0D735
(1675525565.050350) vcan0 145#F9C2D380FC4810A1
(1675525565.050427) vcan0 28C#00000000002EFEA6
(1675525565.050577) vcan0 2B5#4B011A6293A6749B
(1675525565.050656) vcan0 340#9700000000000000
(1675525565.052973) vcan0 1B0#00C0000005B000FC
(1675525565.053133) vcan0 008#64802C3B40800080
(1675525565.053209) vcan0 1B5#FFA269E2EAE0FFEF
(1675525565.053289) vcan0 1D8#363339343234DF43
(1675525565.053365) vcan0 1E0#0018930300B917E0
(1675525565.053443) vcan0 2C3#669C00FFFF595450
(1675525565.053521) vcan0 010#000000002FB031F8
(1675525565.053672) vcan0 1D0#0000000000000061
(1675525565.053749) vcan0 291#0000000000000000
(1675525565.062295) vcan0 290#0000000000000000
(1675525565.062374) vcan0 072#F000FF3F00A88038
(1675525565.062451) vcan0 210#07E08020BB69BB45
(1675525565.062530) vcan0 0F5#06A41FA47F6F42B0
(1675525565.062669) vcan0 120#40A439A47FFB5589
(1675525565.062686) vcan0 008#66803C1356800080
(1675525565.062837) vcan0 130#DF071E3124EE0712
(1675525565.062914) vcan0 150#1324FFB7FCF70CC0
(1675525565.062991) vcan0 0E0#E2734AD800803100
(1675525565.063079) vcan0 010#000000002FB031F8
(1675525565.063156) vcan0 2A9#8C260082C0000084
(1675525565.067142) vcan0 055#F8F71928B2EE9C7F
(1675525565.067216) vcan0 065#A1E51CF804EE8002
(1675525565.067290) vcan0 070#000006F876E20D00
(1675525565.067366) vcan0 075#0000000000005458
(1675525565.067509) vcan0 080#44508000C2002C00
(1675525565.067582) vcan0 0B0#528315A3E1C152A3
(1675525565.074248) vcan0 125#E5EC7FE4C1D0D735
(1675525565.074322) vcan0 145#F9B2D480FC4810A1
(1675525565.074465) vcan0 360#6D9C00D3B343A001
(1675525565.074540) vcan0 1B0#00C0000001B000FC
(1675525565.074613) vcan0 008#66804CF564800080
(1675525565.074688) vcan0 1B5#FFB981EDF6E0FFEF
(1675525565.074831) vcan0 1D8#363339343234DF43
(1675525565.074904) vcan0 1E0#001C834300B917E0
(1675525565.074987) vcan0 288#FEDF40BF00000080
(1675525565.075062) vcan0 010#000000002FB031F8
(1675525565.075205) vcan0 072#F000FF3F00A8A038
(1675525565.075280) vcan0 1D0#0000000000000061
(1675525565.075354) vcan0 390#80FF050002165A4F
(1675525565.075498) vcan0 260#D0FF0055497487B0
(1675525565.077750) vcan0 0F5#2EA423A47F7332B3
(1675525565.077829) vcan0 120#39A44BA47FFB5589
(1675525565.087064) vcan0 008#68805CD473800080
(1675525565.087140) vcan0 130#E7041E3124DE0712
(1675525565.087214) vcan0 150#2824FFC7FCF7E7C0
(1675525565.087287) vcan0 3CA#00000000520000C8
(1675525565.087430) vcan0 0E0#E2733DE000801E00
(1675525565.087506) vcan0 010#000000002FB031F8
(1675525565.087623) vcan0 210#07E080A0BB69BB45
(1675525565.087654) vcan0 291#0000000000000000
(1675525565.087805) vcan0 330#2800000000000000
(1675525565.087880) vcan0 3D0#960F6100D11480C3
(1675525565.087954) vcan0 055#F8F71828B2E59C7F
(1675525565.088029) vcan0 065#AFE51BF80AEE7902
(1675525565.088171) vcan0 070#000005F872E20D00
(1675525565.088315) vcan0 075#0000000000005458
(1675525565.088389) vcan0 080#42508000C2002C00
(1675525565.090933) vcan0 072#F000FF3F00A88038
(1675525565.091009) vcan0 0B0#528316A3E1C152A3
(1675525565.091152) vcan0 125#E5E47FE4C1D0D735
(1675525565.091226) vcan0 145#F9A2D580FC4810A1
(1675525565.091301) vcan0 28C#00000000002EFEA6
(1675525565.091374) vcan0 290#0000000000000000
(1675525565.091519) vcan0 2B5#4B011A6293A6748B
(1675525565.091592) vcan0 2C0#669C00000000A0F1
(1675525565.091667) vcan0 008#6D806CB181800080
(1675525565.091748) vcan0 1B0#00C0000007B000FC
(1675525565.091891) vcan0 1B5#FFD198F902E0FFEF
(1675525565.091966) vcan0 1D8#363339343234DF43
(1675525565.092039) vcan0 1E0#0020734300B917E0
(1675525565.092182) vcan0 2C3#669C00FFFF5A5450
(1675525565.092257) vcan0 2C5#42E778DF99E50070
(1675525565.101292) vcan0 3AF#0000000000000020
(1675525565.101444) vcan0 010#000000002FB031F8
(1675525565.101522) vcan0 1D0#0000000000000061
(1675525565.101600) vcan0 400#0F0102010100011E
(1675525565.101677) vcan0 405#6D9C003B00333A02
(1675525565.101757) vcan0 288#FEDF40BF00000080
(1675525565.101833) vcan0 0F5#1CA439A47F7722B6
(1675525565.101912) vcan0 120#48A439A47FF35589
(1675525565.101989) vcan0 008#6F807C9F81800080
(1675525565.102139) vcan0 130#EF041E3924C60A12
(1675525565.102227) vcan0 150#2A24FFD7FCF7D5C0
(1675525565.102305) vcan0 0E0#E2733FE80080FC00
(1675525565.103756) vcan0 010#000000002FB031F9
(1675525565.109891) vcan0 072#F000FF3F00A4A038
(1675525565.109965) vcan0 2A9#8C26009BC0000084
(1675525565.110107) vcan0 260#D0FF0055497487B0
(1675525565.110182) vcan0 055#F8F71728B2DA9C7F
(1675525565.110257) vcan0 065#A2E519F8FCED6F02
(1675525565.110331) vcan0 070#000005F86BE20D00
(1675525565.110473) vcan0 075#0000000000005458
(1675525565.110548) vcan0 080#3E508000C2002C00
(1675525565.110622) vcan0 0B0#528316A3E3C152A3
(1675525565.110697) vcan0 125#E5E27FE4C1D0D735
(1675525565.110839) vcan0 145#F992D680FC4810A1
(1675525565.110913) vcan0 210#07E080A0BB69BB4D
(1675525565.110987) vcan0 1B0#00C0000003B000FC
(1675525565.111071) vcan0 008#71808C7F8F800080
(1675525565.111213) vcan0 1B5#FFE8B0050DE0FFEF
(1675525565.119143) vcan0 1D8#363339343234E043
(1675525565.119286) vcan0 1E0#0020730300B917E0
(1675525565.119360) vcan0 010#000000002FB031F8
(1675525565.119434) vcan0 1D0#0000000000000A61
(1675525565.119509) vcan0 291#0000000000000000
(1675525565.119651) vcan0 3C8#669C008E882C008E
(1675525565.119726) vcan0 290#0000000000000000
(1675525565.119801) vcan0 072#F000FF3F00A48038
(1675525565.119876) vcan0 3B0#00D85E387EB0C400
(1675525565.120019) vcan0 0F5#0EA426A47F7B12B8
(1675525565.120092) vcan0 120#2EA431A47FF75589
(1675525565.122772) vcan0 008#74809C6C8F800080
(1675525565.122846) vcan0 130#F7041E2A24C50412
(1675525565.122920) vcan0 150#1A24FCE7FBF7D5C0
(1675525565.123004) vcan0 288#F5DF40BF00000080
(1675525565.123079) vcan0 0E0#E27341F00080DA00
(1675525565.123222) vcan0 010#000000002FB031F8
(1675525565.132361) vcan0 055#F8F71628B2D19C7F
(1675525565.132437) vcan0 065#99E517F8F9ED6702
(1675525565.132511) vcan0 070#000005F866E20D00
(1675525565.132654) vcan0 075#0000000000005458
(1675525565.132729) vcan0 080#3B508000C2002C00
(1675525565.132802) vcan0 0B0#528314A3E4C152A3
(1675525565.132878) vcan0 125#E5DF7FE4C1D0D735
(1675525565.133022) vcan0 145#F982D780FC4810A1
(1675525565.133095) vcan0 28C#00000000002EFEA6
(1675525565.133170) vcan0 2B5#4B011B6293A6747A
(1675525565.133242) vcan0 340#9700000000000000
(1675525565.133386) vcan0 370#0727C0007403CB1F
(1675525565.133462) vcan0 1B0#00C0000004B000FC
(1675525565.133541) vcan0 008#7480AC6A81800080
(1675525565.134785) vcan0 1B5#FF00C71019E0FFEF
(1675525565.134858) vcan0 1D8#363339343234DF43
(1675525565.135002) vcan0 1E0#0024634300B917E0
(1675525565.135076) vcan0 2C3#669C00FFFF5A5450
(1675525565.135151) vcan0 350#A200000000000080
(1675525565.135226) vcan0 010#000000002FB031F8
(1675525565.135369) vcan0 072#F000FF3F00A4A038
(1675525565.135442) vcan0 1D0#0000000000000061
(1675525565.135515) vcan0 210#07E080A0BB69BB45
(1675525565.135590) vcan0 260#D0FF0055497487B0
(1675525565.142666) vcan0 0F5#FFA31CA47F7F02BB
(1675525565.142745) vcan0 008#7680BC4297800080
(1675525565.142823) vcan0 120#4FA452A47FF55589
(1675525565.142901) vcan0 130#FF041E2A24B5FF11
(1675525565.143052) vcan0 150#0D24FCF7FAF7D2C0
(1675525565.143150) vcan0 0E0#E2733FF80080BC00
(1675525565.143229) vcan0 010#000000002FB031F8
(1675525565.143306) vcan0 291#0000000000000000
(1675525565.143384) vcan0 2A9#8C260082C0000084
(1675525565.147565) vcan0 288#FEDF40BF00000080
(1675525565.147645) vcan0 055#F8F71528B2C99C7F
(1675525565.147724) vcan0 065#9BE516F8FEED6502
(1675525565.147801) vcan0 070#000005F863E20D00
(1675525565.147879) vcan0 072#F000FF3F00A48038
(1675525565.147956) vcan0 075#0000000000005458
(1675525565.153587) vcan0 080#39508000C2002C00
(1675525565.153666) vcan0 0B0#528314A3E5C152A3
(1675525565.153742) vcan0 125#E5D97FE4C1D0D735
(1675525565.153820) vcan0 145#F972D880FC4810A1
(1675525565.153898) vcan0 290#0000000000000000
(1675525565.154050) vcan0 2C0#669C00000000A0F1
(1675525565.154175) vcan0 2C5#3AE779E099E50070
(1675525565.154214) vcan0 1B0#00C0000003B000FC
(1675525565.154292) vcan0 008#7880CC3097800080
(1675525565.154369) vcan0 1B5#FF17DE1C25E0FFEF
(1675525565.154447) vcan0 1D8#363339343234DF43
(1675525565.154597) vcan0 1E0#0028534300B917E0
(1675525565.154675) vcan0 010#000000002FB031F8
(1675525565.154751) vcan0 1D0#0000000000000061
(1675525565.154829) vcan0 210#07E080A0BB69BB4D
(1675525565.159262) vcan0 0F5#23A423A47F43F2BE
(1675525565.159336) vcan0 120#4BA440A47FF05589
(1675525565.159480) vcan0 008#7880DC3681800080
(1675525565.159552) vcan0 130#87011E2A24A5FD11
(1675525565.162716) vcan0 150#2324FF07F9F7ACC0
(1675525565.162859) vcan0 0E0#E2733DC000809E00
(1675525565.162934) vcan0 010#000000002FB031F8
(1675525565.163017) vcan0 072#F000FF3F00A4A038
(1675525565.163091) vcan0 330#2800000000000000
(1675525565.169917) vcan0 260#D0FF00AA497487B0
(1675525565.169996) vcan0 055#F8F71428B2C49C80
(1675525565.170073) vcan0 065#A3E516F805EE6502
(1675525565.170224) vcan0 070#000005F85FE20D00
(1675525565.170303) vcan0 075#0000000000005458
(1675525565.170380) vcan0 080#37508000C2002C00
(1675525565.170459) vcan0 0B0#528314A3E5C152A3
(1675525565.170536) vcan0 125#E5D67FE4C1D0D735
(1675525565.170615) vcan0 145#F962D980FC4810A1
(1675525565.170810) vcan0 28C#00000000002EFEA6
(1675525565.170844) vcan0 2B5#4B011B6293A67478
(1675525565.170921) vcan0 360#6D9C00D3B343A001
(1675525565.171071) vcan0 1B0#00C0000006B000FC
(1675525565.171149) vcan0 008#7A80EC2481800080
(1675525565.171235) vcan0 1B5#FF2EF62830E0FFEF
(1675525565.172468) vcan0 1D8#363339343234E043
(1675525565.172546) vcan0 1E0#0028530300B917E0
(1675525565.172623) vcan0 2C3#669C00FFFF5B5450
(1675525565.172701) vcan0 288#E9DF50AF00000080
(1675525565.172780) vcan0 010#000000002FB031F8
(1675525565.172931) vcan0 1D0#0000000000000061
(1675525565.173008) vcan0 291#0000000000000000
(1675525565.173086) vcan0 390#80FF050002125B4F
(1675525565.182967) vcan0 290#0000000000000000
(1675525565.183042) vcan0 072#F000FF3F00A48038
(1675525565.183115) vcan0 0F5#11A41CA47F47E2C1
(1675525565.183259) vcan0 008#7A80FC2273800080
(1675525565.183333) vcan0 120#35A455A47FF85589
(1675525565.183407) vcan0 130#8F011E2A2495FD11
(1675525565.183482) vcan0 150#1624F917F8F7A9C0
(1675525565.183576) vcan0 0E0#E27333C800808800
(1675525565.183720) vcan0 010#000000002FB031F9
(1675525565.183795) vcan0 210#07E080A0BB69BB4D
(1675525565.183869) vcan0 2A9#8C26008AC0000084
(1675525565.187900) vcan0 055#F8F71428B2C49C80
(1675525565.187978) vcan0 065#A1E515F801EE5F02
(1675525565.188129) vcan0 070#000005F85EE20D00
(1675525565.188208) vcan0 075#0000000000005458
(1675525565.188285) vcan0 080#36508000C2002C00
(1675525565.188362) vcan0 0B0#528313A3E5C152A3
(1675525565.195081) vcan0 125#E5D67FE4C1D0D735
(1675525565.195159) vcan0 145#F952DA80FC4810A1
(1675525565.195239) vcan0 1B0#00C0000006B000FC
(1675525565.195316) vcan0 008#7A800C2164800080
(1675525565.195393) vcan0 1B5#FF460D333CE0FFEF
(1675525565.195543) vcan0 1D8#363339343234E043
(1675525565.195631) vcan0 1E0#002C434300B917E0
(1675525565.195766) vcan0 010#000000002FB031F8
(1675525565.195787) vcan0 072#F000FF3F00A4A038
(1675525565.195864) vcan0 1D0#0000000000000A61
(1675525565.195941) vcan0 260#D0FF00AA497487B0
(1675525565.196093) vcan0 288#EDDF50AF00000080
(1675525565.199774) vcan0 0F5#19A419A47F4BD2C4
(1675525565.199847) vcan0 008#7A801C264F800080
(1675525565.199921) vcan0 120#40A431A47FFC5589
(1675525565.199996) vcan0 130#97011E2A2485FA11
(1675525565.200140) vcan0 150#1924F927F7F796C0
(1675525565.203232) vcan0 3CA#00000000530000C8
(1675525565.203307) vcan0 0E0#E27333D000806800
(1675525565.203449) vcan0 010#000000002FB031F8
(1675525565.203524) vcan0 291#0000000000000000
(1675525565.209412) vcan0 055#F8F71428B2C49C80
(1675525565.209498) vcan0 065#9DE514F8FEED5F02
(1675525565.209576) vcan0 070#000005F85DE20D00
(1675525565.209654) vcan0 075#0000000000005458
(1675525565.209732) vcan0 072#F000FF3F00A48038
(1675525565.209811) vcan0 080#36508000C2002C00
(1675525565.209962) vcan0 0B0#528312A3E4C152A3
(1675525565.210039) vcan0 125#E5D67FE4C1D0D735
(1675525565.210117) vcan0 145#F942DB80FC4810A1
(1675525565.210195) vcan0 210#07E08020BB69BB45
(1675525565.210345) vcan0 28C#00000000002EFEA6
(1675525565.210424) vcan0 290#0000000000000000
(1675525565.210501) vcan0 2B5#4B021B6293A67470
(1675525565.210580) vcan0 1B0#00C0000001B000FC
(1675525565.210729) vcan0 008#7A802C2540800080
(1675525565.217626) vcan0 1B5#FF5D253F48E0FFEF
(1675525565.217771) vcan0 1D8#363339343234DF43
(1675525565.217853) vcan0 1E0#0030334300B917E0
(1675525565.217927) vcan0 2C0#669C00000000A0F1
(1675525565.218001) vcan0 2C3#669C00FFFF5B5450
(1675525565.218075) vcan0 2C5#37E778E1A5E50070
(1675525565.218219) vcan0 340#9700000000000000
(1675525565.218292) vcan0 3AF#0000000000000020
(1675525565.218368) vcan0 010#000000002FB031F8
(1675525565.218441) vcan0 1D0#0000000000000061
(1675525565.218584) vcan0 0F5#0EA40EA47F4FC2C7
(1675525565.218659) vcan0 120#40A44BA47FF55589
(1675525565.218733) vcan0 008#7A803C2332800080
(1675525565.218876) vcan0 130#9F011E2A2475FF11
(1675525565.221145) vcan0 150#0E24F637F6F791C0
(1675525565.221220) vcan0 288#D0DF50AF00000080
(1675525565.221293) vcan0 350#A200000000000080
(1675525565.221368) vcan0 0E0#E27333D800804800
(1675525565.229344) vcan0 010#000000002FB031F8
(1675525565.229495) vcan0 072#F000FF3F00A4A038
(1675525565.229572) vcan0 2A9#8C260093C0000084
(1675525565.229650) vcan0 260#D0FF00AA497487B0
(1675525565.229728) vcan0 055#F8F71428B2C09C80
(1675525565.229807) vcan0 065#A2E514F800EE5C02
(1675525565.229955) vcan0 070#000005F85CE20D00
(1675525565.230035) vcan0 075#0000000000005458
(1675525565.230111) vcan0 080#35508000C2002C00
(1675525565.230190) vcan0 0B0#528312A3E4C152A3
(1675525565.230340) vcan0 125#E5D37FE4C1D0D735
(1675525565.230419) vcan0 145#F932DC80FC4810A1
(1675525565.230495) vcan0 370#0727C0007403CB1F
(1675525565.230574) vcan0 1B0#00C0000003B000FC
(1675525565.230725) vcan0 008#7A804C1332800080
(1675525565.238716) vcan0 1B5#FF753C4B53E0FFEF
(1675525565.238800) vcan0 1D8#363339343234E043
(1675525565.238875) vcan0 1E0#0030330300B917E0
(1675525565.238950) vcan0 010#000000002FB031F8
(1675525565.239092) vcan0 1D0#0000000000000061
(1675525565.239165) vcan0 210#07E080A0BB69BA4D
(1675525565.239241) vcan0 291#0000000000000000
(1675525565.239314) vcan0 3C8#669C008E882C008E
(1675525565.239459) vcan0 290#0000000000000000
(1675525565.239532) vcan0 072#F000FF3F00A48038
(1675525565.239605) vcan0 3B0#00D85E3C7EB0C400
(1675525565.239680) vcan0 0F5#19A419A47F53B2CA
(1675525565.241197) vcan0 008#7A805C191C800080
(1675525565.241271) vcan0 120#52A448A47FFC5589
(1675525565.241346) vcan0 130#A7FF1D2A2465FF11
(1675525565.241421) vcan0 150#1924EF47F5F776C0
(1675525565.241564) vcan0 0E0#E27341E000801A00
(1675525565.249484) vcan0 010#000000002FB031F8
(1675525565.249562) vcan0 330#2800000000000000
(1675525565.249713) vcan0 288#B8DF50AF00000080
(1675525565.249791) vcan0 055#F8F71328B2BE9C80
(1675525565.249870) vcan0 065#ACE514F807EE5D02
(1675525565.249948) vcan0 070#000005F85AE20D00
(1675525565.250025) vcan0 075#0000000000005458
(1675525565.250102) vcan0 080#34508000C2002C00
(1675525565.250253) vcan0 0B0#528313A3E4C152A3
(1675525565.250332) vcan0 125#E5D37FE4C1D0D735
(1675525565.250409) vcan0 145#F922DD80FC4810A1
(1675525565.250488) vcan0 28C#00000000002EFEA6
(1675525565.250637) vcan0 2B5#4B021B6293A6746E
(1675525565.250716) vcan0 1B0#00C0000005B000FC
(1675525565.250792) vcan0 008#7A806C091C800080
(1675525565.258783) vcan0 1B5#FF8C54565FE0FFEF
(1675525565.258866) vcan0 1D8#363339343234E043
(1675525565.258941) vcan0 1E0#0034234300B917E0
(1675525565.259015) vcan0 2C3#669C00FFFF5C5450
(1675525565.259158) vcan0 010#000000002FB031F8
(1675525565.259231) vcan0 072#F000FF3F00A4A038
(1675525565.259306) vcan0 1D0#0000000000000061
(1675525565.259381) vcan0 260#D0FF0055497487B0
(1675525565.259524) vcan0 210#07E080A0BB69BB45
(1675525565.259599) vcan0 0F5#FFA311A47F57A2CD
(1675525565.259672) vcan0 008#7A807CF91C800080
(1675525565.259816) vcan0 120#2AA426A47FF95589
(1675525565.261194) vcan0 130#AFFF1D2A2455FF11
(1675525565.261269) vcan0 150#0824E857F4F777C0
(1675525565.261343) vcan0 0E0#E27338E800800300
(1675525565.268397) vcan0 010#000000002FB031F9
(1675525565.268476) vcan0 291#0000000000000000
(1675525565.268561) vcan0 2A9#8C26008AC0000084
(1675525565.268640) vcan0 055#F8F71328B2BD9C80
(1675525565.268718) vcan0 065#A9E513F801EE5A02
(1675525565.268868) vcan0 070#000005F859E20D00
(1675525565.268946) vcan0 072#F000FF3F00A48038
(1675525565.269023) vcan0 075#0000000000005458
(1675525565.269101) vcan0 080#33508000C2002C00
(1675525565.269180) vcan0 0B0#528313A3E4C152A3
(1675525565.269329) vcan0 125#E5D67FE4C1D0D735
(1675525565.269408) vcan0 145#F912DE80FC4810A1
(1675525565.269485) vcan0 290#0000000000000000
(1675525565.269563) vcan0 2C0#669C00000000A0F1
(1675525565.269713) vcan0 2C5#31E778E2AEE50070
(1675525565.273403) vcan0 360#6D9C00D3B343A001
(1675525565.273480) vcan0 1B0#00C0000004B000FC
(1675525565.273557) vcan0 008#7D808CF40E800080
(1675525565.273643) vcan0 1B5#FFA46B626BE0FFEF
(1675525565.273722) vcan0 1D8#363339343234E043
(1675525565.273871) vcan0 1E0#0038134300B917E0
(1675525565.273951) vcan0 288#BCDF609F00000080
(1675525565.274028) vcan0 010#000000002FB031F8
(1675525565.274105) vcan0 1D0#0000000000000A61
(1675525565.274182) vcan0 390#80FF0500020E5C6F
(1675525565.274333) vcan0 0F5#06A40EA47F5B92D0
(1675525565.278991) vcan0 120#40A439A47FFC5589
(1675525565.279136) vcan0 008#7D809CE40E800080
(1675525565.279209) vcan0 130#B7011E2A2445FF11
(1675525565.279283) vcan0 150#0A24ED67F3F765C0
(1675525565.283545) vcan0 0E0#E2732FF00080EC00
(1675525565.283618) vcan0 010#000000002FB031F8
(1675525565.283693) vcan0 072#F000FF3F00A4A038
(1675525565.283836) vcan0 210#07E080A0BB69BB45
(1675525565.283875) vcan0 3D0#960F6100D11480C3
(1675525565.289582) vcan0 260#D0FF0055497487B0
(1675525565.289660) vcan0 055#F8F71328B2BB9C80
(1675525565.289812) vcan0 065#A0E512F8FCED5502
(1675525565.289891) vcan0 070#000005F858E20D00
(1675525565.289968) vcan0 075#0000000000005458
(1675525565.290047) vcan0 080#33508000C2002C00
(1675525565.290124) vcan0 0B0#528312A3E4C152A3
(1675525565.290276) vcan0 125#E5D37FE4C1D0D735
(1675525565.290353) vcan0 145#F902DF80FC4810A1
(1675525565.290431) vcan0 28C#00000000002EFEA6
(1675525565.290509) vcan0 2B5#4B021C6293A66A69
(1675525565.290587) vcan0 340#9600000000000000
(1675525565.290737) vcan0 1B0#00C0000003B000FC
(1675525565.290815) vcan0 008#7D80ACD40E800080
(1675525565.290893) vcan0 1B5#FFBB836D77E0FFEF
(1675525565.294375) vcan0 1D8#363339343234DF43
(1675525565.294454) vcan0 1E0#0038130300B917E0
(1675525565.294532) vcan0 2C3#669C00FFFF5C5450
(1675525565.294611) vcan0 010#000000002FB031F8
(1675525565.294761) vcan0 1D0#0000000000000061
(1675525565.294839) vcan0 291#0000000000000000
(1675525565.294916) vcan0 288#B8DF609F00000080
(1675525565.303390) vcan0 290#0000000000000000
(1675525565.303532) vcan0 072#F000FF3F00A48038
(1675525565.303606) vcan0 0F5#FCA30AA47F5F82D3
(1675525565.303680) vcan0 008#7D80BCC40E800080
(1675525565.303754) vcan0 120#3DA455A47FEC5589
(1675525565.303898) vcan0 130#BF011E2A2435FF11
(1675525565.303971) vcan0 150#0324E677F2F75CC0
(1675525565.304046) vcan0 0E0#E27333F80080C800
(1675525565.304121) vcan0 010#000000002FB031F8
(1675525565.304204) vcan0 2A9#8C260093C0000084
(1675525565.305789) vcan0 055#F8F71228B2B79C80
(1675525565.311943) vcan0 065#9EE512F8FDED5402
(1675525565.312020) vcan0 070#000005F856E20D00
(1675525565.312099) vcan0 075#0000000000005458
(1675525565.312249) vcan0 080#31508000C2002C00
(1675525565.312327) vcan0 0B0#528311A3E4C152A3
(1675525565.312404) vcan0 125#E5D37FE4C1D0D735
(1675525565.312482) vcan0 145#F9F2D080FC4810A1
(1675525565.312560) vcan0 210#07E080A0BB69BA4D
(1675525565.312638) vcan0 1B0#00C0000003B000FC
(1675525565.312715) vcan0 008#7D80CCB40E800080
(1675525565.312793) vcan0 1B5#FFD39A7982E0FFEF
(1675525565.312943) vcan0 1D8#363339343234DF43
(1675525565.313021) vcan0 1E0#003C034300B917E0
(1675525565.313099) vcan0 350#A200000000000080
(1675525565.313187) vcan0 010#000000002FB031F8
(1675525565.314419) vcan0 072#F000FF3F00A4A038
(1675525565.314497) vcan0 1D0#0000000000000061
(1675525565.314576) vcan0 260#D0FF0055497487B0
(1675525565.322585) vcan0 0F5#03A406A47F6372D6
(1675525565.322658) vcan0 008#7D80DCA40E800080
(1675525565.322803) vcan0 120#55A448A47FEF5589
(1675525565.322876) vcan0 130#C7FF1D2A2425FF11
(1675525565.322949) vcan0 150#0424E987F1F74BC0
(1675525565.323024) vcan0 3CA#00000000540000C8
(1675525565.323168) vcan0 288#C8DF609F00000080
(1675525565.323243) vcan0 0E0#E27344C000809700
(1675525565.323316) vcan0 010#000000002FB031F8
(1675525565.323390) vcan0 291#0000000000000000
(1675525565.323533) vcan0 330#2800000000000000
(1675525565.326285) vcan0 055#F8F71228B2B49C80
