(1675525723.889387) vcan0 080#E7518000C2002C00
(1675525723.894487) vcan0 0B0#398317A3E4C139A3
(1675525723.894493) vcan0 145#FD22DD80FCC810A1
(1675525723.894498) vcan0 1B0#00C0000002B000FC
(1675525723.894502) vcan0 1B5#FF1C72E3A8E0FFEF
(1675525723.894507) vcan0 1D8#363339343234D943
(1675525723.894511) vcan0 1E0#0000F30300B917E0
(1675525723.894515) vcan0 28C#000020000016FE4B
(1675525723.894519) vcan0 2B5#4B7D006293A69384
(1675525723.894524) vcan0 340#5F00000000000000
(1675525723.894528) vcan0 370#2721C000611BC71F
(1675525723.894532) vcan0 010#008800002FB031F8
(1675525723.894537) vcan0 291#0000000000000000
(1675525723.894541) vcan0 2A9#8C26008AC0000084
(1675525723.895881) vcan0 008#499524A04F920080
(1675525723.898428) vcan0 0E0#62731DD800805E00
(1675525723.898433) vcan0 290#0000000000000000
(1675525723.898457) vcan0 072#F000FF3F008CA038
(1675525723.898538) vcan0 210#DADC80A0A869DB45
(1675525723.900948) vcan0 0F5#D38492857F6B52AE
(1675525723.900954) vcan0 120#78846F857FE15589
(1675525723.900958) vcan0 130#D7391ED3047C3412
(1675525723.900962) vcan0 150#3205ABA5A2F51CC0
(1675525723.901035) vcan0 260#D0FF0055497487B0
(1675525723.902364) vcan0 125#E52E6BE4C1D0D735
(1675525723.903864) vcan0 010#008800002FB031F8
(1675525723.903953) vcan0 1D0#0000000000000861
(1675525723.904027) vcan0 288#FCD8906F00000080
(1675525723.904170) vcan0 008#059534A281920080
(1675525723.906511) vcan0 055#D3F7BA28B2079D80
(1675525723.908914) vcan0 065#C7E5B7F80C8E7302
(1675525723.908991) vcan0 070#00002FF875E25B00
(1675525723.910427) vcan0 075#0000000000005458
(1675525723.910530) vcan0 080#E6518000C2002C00
(1675525723.910610) vcan0 0B0#398318A3E4C139A3
(1675525723.910761) vcan0 145#FD12DE80FCC810A1
(1675525723.910840) vcan0 1B0#00C0000001B000FC
(1675525723.910918) vcan0 1B5#FF1F75E5AAE0FFEF
(1675525723.910995) vcan0 1D8#363339343234D943
(1675525723.911072) vcan0 1E0#0004E34300B917E0
(1675525723.911151) vcan0 2C3#528700FFFF9B5450
(1675525723.914424) vcan0 010#008800002FB031F9
(1675525723.914429) vcan0 072#F000FF3F008C8038
(1675525723.914508) vcan0 330#B900000000000000
(1675525723.914586) vcan0 008#C39444C78F920080
(1675525723.916986) vcan0 0E0#62731CE000803F00
(1675525723.919469) vcan0 350#A200000000000080
(1675525723.920855) vcan0 0F5#E184A9857F6F42AF
(1675525723.920934) vcan0 120#73846B857FE55589
(1675525723.921026) vcan0 130#DF391EE1045E3412
(1675525723.921170) vcan0 150#4405AEB5ABF5FAC0
(1675525723.923429) vcan0 125#E5B06BE4C1D0D735
(1675525723.923506) vcan0 010#008800002FB031F8
(1675525723.923580) vcan0 1D0#0000000000000261
(1675525723.923656) vcan0 210#DADC8020A869DB4D
(1675525723.923796) vcan0 291#0000000000000000
(1675525723.924862) vcan0 008#7F9454DEAC920080
(1675525723.927505) vcan0 072#F000FF3F008CA038
(1675525723.931446) vcan0 055#D3F7B928B2079D80
(1675525723.931451) vcan0 065#D4E5B8F80B8E7402
(1675525723.931456) vcan0 070#00002FF875E25B00
(1675525723.931460) vcan0 075#0000000000005458
(1675525723.931464) vcan0 080#E4518000C2002C00
(1675525723.931468) vcan0 0B0#398318A3E4C139A3
(1675525723.931473) vcan0 145#FD02DF80FCC810A1
(1675525723.931480) vcan0 1B0#00C0000004B000FC
(1675525723.931484) vcan0 1B5#FF2179E7ACE0FFEF
(1675525723.931488) vcan0 1D8#363339343234D943
(1675525723.931493) vcan0 1E0#0008D34300B917E0
(1675525723.931497) vcan0 260#D0FF00AA497487B0
(1675525723.931571) vcan0 288#08D9906F00000080
(1675525723.934312) vcan0 28C#000020000016FE58
(1675525723.934405) vcan0 290#0000000000000000
(1675525723.934485) vcan0 2B5#4B7D006293A69285
(1675525723.934635) vcan0 2C0#528700620100A0F1
(1675525723.934713) vcan0 2C5#21DF6A3FC6E50070
(1675525723.934793) vcan0 3AF#0000000000000020
(1675525723.934871) vcan0 010#008800002FB031F8
(1675525723.934948) vcan0 2A9#8C260082C0000084
(1675525723.935026) vcan0 008#3F946407B3920080
(1675525723.936949) vcan0 0E0#627315E800802600
(1675525723.939416) vcan0 0F5#EB84BA857F7332AF
(1675525723.940858) vcan0 120#8F8480857FE55589
(1675525723.941003) vcan0 130#E7391EEB04443112
(1675525723.941077) vcan0 150#5205AEC5B5F5DCC0
(1675525723.943404) vcan0 125#E52E6CE4C1D0D735
(1675525723.943409) vcan0 010#008800002FB031F8
(1675525723.943553) vcan0 072#F000FF3F008C8038
(1675525723.943629) vcan0 1D0#0000000000000061
(1675525723.944808) vcan0 008#FD93743AB3920080
(1675525723.947468) vcan0 055#D3F7B928B2079D80
(1675525723.950316) vcan0 065#DDE5BAF80B8E7502
(1675525723.950406) vcan0 070#000030F875E25B00
(1675525723.950559) vcan0 075#0000000000005458
(1675525723.950637) vcan0 080#E4518000C2002C00
(1675525723.950714) vcan0 0B0#398319A3E4C139A3
(1675525723.950793) vcan0 145#FDF2D080FCC810A1
(1675525723.950884) vcan0 1B0#00C0000003B000FC
(1675525723.950962) vcan0 1B5#FF247CE8AEE0FFEF
