(1675526518.106494) vcan0 1E0#003C030300B917E0
(1675526518.106551) vcan0 28C#000020000014FEA8
(1675526518.106692) vcan0 2B5#4B004B6293A67F2B
(1675526518.106771) vcan0 010#000000002FB031F8
(1675526518.106851) vcan0 1D0#0000000000000861
(1675526518.107003) vcan0 291#0000000000000000
(1675526518.107151) vcan0 008#4680B0FB0E800080
(1675526518.109752) vcan0 072#F000FF3F0078A038
(1675526518.111198) vcan0 3B0#00D845383AB0C602
(1675526518.111276) vcan0 290#0000000000000000
(1675526518.115322) vcan0 0F5#329028907F6372A3
(1675526518.115399) vcan0 120#649047907FFF5589
(1675526518.115487) vcan0 130#C7FF1D44101FFD11
(1675526518.115562) vcan0 150#2C102A8825F837C0
(1675526518.115713) vcan0 3CA#00000000510000C8
(1675526518.115790) vcan0 260#D0FF0055497487B0
(1675526518.115868) vcan0 288#7CE0609F00000080
(1675526518.115946) vcan0 010#000000002FB031F9
(1675526518.116744) vcan0 0E0#627333F80080C800
(1675526518.119286) vcan0 008#4680C0EB0E800080
(1675526518.119360) vcan0 210#7BE080A0A869E645
(1675526518.121764) vcan0 125#E5A180E4C1D0D735
(1675526518.124713) vcan0 055#EAF70428B24C9C80
(1675526518.124788) vcan0 065#44E605F8FCBD0A02
(1675526518.124863) vcan0 070#000014F809E22000
(1675526518.125005) vcan0 075#0000000000005458
(1675526518.125080) vcan0 080#0C508000C2002C00
(1675526518.125153) vcan0 0B0#39830EA3DAC139A3
(1675526518.125238) vcan0 145#F9B2D480FC4810A1
(1675526518.125381) vcan0 1B0#00C0000000B000FC
(1675526518.125454) vcan0 1B5#FFDB25FB9CE0FFEF
(1675526518.125528) vcan0 1D8#363339343234E043
(1675526518.125602) vcan0 1E0#0000F34300B917E0
(1675526518.125744) vcan0 2C3#5D8700FFFFC75450
(1675526518.125820) vcan0 010#000000002FB031F8
(1675526518.125892) vcan0 072#F000FF3F00788038
(1675526518.126036) vcan0 1D0#0000000000000261
(1675526518.127269) vcan0 008#4680D0DB0E800080
(1675526518.128718) vcan0 350#A200000000000080
(1675526518.131320) vcan0 0F5#389025907F6762A4
(1675526518.132696) vcan0 120#589041907F005689
(1675526518.132774) vcan0 130#CFFF1D44100FFD11
(1675526518.132851) vcan0 150#2E102A9825F825C0
(1675526518.135237) vcan0 010#000000002FB031F8
(1675526518.135395) vcan0 291#0000000000000000
(1675526518.135473) vcan0 2A9#8C260082C0000084
(1675526518.136633) vcan0 0E0#627331C00080AA00
(1675526518.139278) vcan0 008#4880E0C90E800080
(1675526518.139352) vcan0 072#F000FF3F0078A038
(1675526518.139428) vcan0 288#89E0708F00000080
(1675526518.141762) vcan0 125#E5A180E4C1D0D735
(1675526518.144712) vcan0 055#EAF70228B2469C80
(1675526518.144785) vcan0 065#41E604F8FEBD0902
(1675526518.144860) vcan0 070#000014F806E22000
(1675526518.145003) vcan0 075#0000000000005458
(1675526518.145077) vcan0 080#09508000C2002C00
(1675526518.145151) vcan0 0B0#39830EA3DAC139A3
(1675526518.145225) vcan0 145#F9A2D580FC4810A1
(1675526518.145369) vcan0 1B0#00C0000001B000FC
(1675526518.145443) vcan0 1B5#FFE63000A2E0FFEF
(1675526518.145537) vcan0 1D8#363339343234E043
(1675526518.145612) vcan0 1E0#0004E34300B917E0
(1675526518.145686) vcan0 260#D0FF0055497487B0
(1675526518.145828) vcan0 010#000000002FB031F8
(1675526518.145902) vcan0 1D0#0000000000000061
(1675526518.145977) vcan0 210#7BE080A0A869E645
(1675526518.147412) vcan0 28C#000020000014FEA8
(1675526518.147492) vcan0 290#0000000000000000
(1675526518.147641) vcan0 2B5#4B004B6293A67E2A
(1675526518.147718) vcan0 2C0#5D8700000000A0F1
(1675526518.147797) vcan0 2C5#0AD784C047E60070
(1675526518.147873) vcan0 340#9700000000000000
(1675526518.147952) vcan0 3AF#0000000000000020
(1675526518.148100) vcan0 008#4880F0B90E800080
(1675526518.151205) vcan0 0F5#3D9022907F6B52A6
(1675526518.155033) vcan0 120#559044907F005689
(1675526518.155119) vcan0 130#D7FF1D4410FFFD11
(1675526518.155198) vcan0 150#30102CA825F813C0
(1675526518.155347) vcan0 010#000000002FB031F8
(1675526518.155425) vcan0 072#F000FF3F00788038
(1675526518.155503) vcan0 330#9E00000000000000
(1675526518.156445) vcan0 0E0#62732AC800809100
(1675526518.157903) vcan0 008#488000A90E800080
(1675526518.160513) vcan0 125#E5A180E4C1D0D735
(1675526518.161890) vcan0 055#EAF70128B2419C80
(1675526518.162033) vcan0 065#43E604F800BE0802
(1675526518.162106) vcan0 070#000014F804E22000
(1675526518.166087) vcan0 075#0000000000005458
(1675526518.166162) vcan0 080#05508000C2002C00
(1675526518.166235) vcan0 0B0#39830EA3DBC139A3
(1675526518.166378) vcan0 145#F992D680FC4810A1
(1675526518.166453) vcan0 1B0#00C0000002B000FC
(1675526518.166535) vcan0 1B5#FFF13A05A7E0FFEF
(1675526518.166609) vcan0 1D8#363339343234E043
(1675526518.166686) vcan0 1E0#0004E30300B917E0
(1675526518.166839) vcan0 2C3#5D8700FFFFC75450
(1675526518.166916) vcan0 010#000000002FB031F8
(1675526518.166993) vcan0 1D0#0000000000000061
(1675526518.167071) vcan0 288#91E0708F00000080
(1675526518.167150) vcan0 291#0000000000000000
(1675526518.167299) vcan0 370#0722C000601BC735
(1675526518.167377) vcan0 3C8#5D87008E882C008E
(1675526518.167454) vcan0 008#488010990E800080
(1675526518.170055) vcan0 072#F000FF3F0078A038
(1675526518.170133) vcan0 210#7BE080A0A869E64D
(1675526518.171436) vcan0 290#0000000000000000
(1675526518.174035) vcan0 0F5#319029907F6F42A7
(1675526518.174115) vcan0 120#5E9047907F005689
(1675526518.174201) vcan0 130#DFFF1D4410EFFD11
(1675526518.174351) vcan0 150#2A102EB825F809C0
(1675526518.174429) vcan0 260#D0FF0055497487B0
(1675526518.175443) vcan0 010#000000002FB031F8
(1675526518.175520) vcan0 2A9#8C26009BC0000084
(1675526518.176888) vcan0 0E0#62732AD000807100
(1675526518.177032) vcan0 008#488020890E800080
(1675526518.179569) vcan0 360#5E8700D2B364A001
(1675526518.182041) vcan0 125#E5A180E4C1D0D735
(1675526518.184925) vcan0 055#EAF70028B23F9C80
(1675526518.185067) vcan0 065#46E603F802BE0602
(1675526518.185143) vcan0 070#000014F803E22000
(1675526518.185216) vcan0 075#0000000000005458
(1675526518.185291) vcan0 080#04508000C2002C00
(1675526518.185433) vcan0 0B0#39830EA3DBC139A3
(1675526518.185508) vcan0 145#F982D780FC4810A1
(1675526518.185590) vcan0 1B0#00C0000002B000FC
(1675526518.185663) vcan0 1B5#FFFB450BACE0FFEF
(1675526518.185737) vcan0 1D8#363339343234E043
(1675526518.185881) vcan0 1E0#0008D34300B917E0
(1675526518.185955) vcan0 28C#000020000014FEA8
(1675526518.186029) vcan0 010#000000002FB031F8
(1675526518.186171) vcan0 072#F000FF3F00788038
(1675526518.186246) vcan0 1D0#0000000000000861
(1675526518.187556) vcan0 2B5#4B014B6293A67D26
(1675526518.187634) vcan0 390#80FF051D02165A4F
(1675526518.187713) vcan0 008#488030790E800080
(1675526518.190021) vcan0 288#8DE0708F00000080
(1675526518.192547) vcan0 0F5#37902A907F7332A8
(1675526518.193923) vcan0 120#6C9046907F035689
(1675526518.194073) vcan0 130#E7FF1D4410DFFF11
(1675526518.194152) vcan0 150#2E102EC825F8F5C0
(1675526518.196544) vcan0 010#000000002FB031F9
(1675526518.196621) vcan0 210#7BE08020A869E64D
(1675526518.196702) vcan0 291#0000000000000000
(1675526518.196845) vcan0 3D0#8C0F6100340680C3
(1675526518.196918) vcan0 0E0#627328D800805300
(1675526518.197952) vcan0 008#488040690E800080
(1675526518.199397) vcan0 072#F000FF3F0078A038
(1675526518.202004) vcan0 125#E5A180E4C1D0D735
(1675526518.202148) vcan0 055#EAF70028B23C9C80
(1675526518.202222) vcan0 065#4BE602F802BE0402
(1675526518.202295) vcan0 070#000014F802E22000
(1675526518.204973) vcan0 075#0000000000005458
(1675526518.205048) vcan0 080#01508000C2002C00
(1675526518.205122) vcan0 0B0#39830EA3DBC139A3
(1675526518.205264) vcan0 145#F972D880FC4810A1
(1675526518.205338) vcan0 1B0#00C0000001B000FC
(1675526518.205422) vcan0 1B5#FF064F10B1E0FFEF
(1675526518.205496) vcan0 1D8#363339343234E043
(1675526518.205570) vcan0 1E0#000CC34300B917E0
(1675526518.205714) vcan0 260#D0FF00AA497487B0
(1675526518.205787) vcan0 290#0000000000000000
(1675526518.205861) vcan0 2C0#5D8700000000A0F1
(1675526518.205936) vcan0 010#000000002FB031F8
(1675526518.206078) vcan0 1D0#0000000000000261
(1675526518.207560) vcan0 2C3#5D8700FFFFC85450
(1675526518.207639) vcan0 2C5#07D783C149E60070
(1675526518.207716) vcan0 400#0101040201010112
(1675526518.207867) vcan0 405#5E87003A002D3502
(1675526518.207945) vcan0 008#4880506700800080
(1675526518.211266) vcan0 0F5#359026907F7722A9
(1675526518.212713) vcan0 120#53904F907F035689
(1675526518.212792) vcan0 130#EFFF1D4410CFFF11
(1675526518.212878) vcan0 150#2B1030D825F8E8C0
(1675526518.214181) vcan0 288#9DE0708F00000080
(1675526518.216808) vcan0 010#000000002FB031F8
(1675526518.216884) vcan0 072#F000FF3F00788038
(1675526518.217027) vcan0 2A9#8C260082C0000084
(1675526518.217101) vcan0 0E0#627328E000803300
(1675526518.218203) vcan0 008#4880605700800080
(1675526518.219647) vcan0 350#A200000000000080
(1675526518.219790) vcan0 210#7BE080A0A869E645
(1675526518.223563) vcan0 125#E5A180E4C1D0D735
(1675526518.223637) vcan0 055#EAF7FF27B2389C80
(1675526518.223711) vcan0 065#4DE601F802BE0302
(1675526518.223786) vcan0 070#000014F800E22000
(1675526518.223929) vcan0 075#0000000000005458
(1675526518.224002) vcan0 080#FF4F8000C2002C00
(1675526518.224075) vcan0 0B0#39830EA3DBC139A3
(1675526518.227573) vcan0 145#F962D980FC4810A1
(1675526518.227653) vcan0 1B0#00C0000000B000FC
(1675526518.227804) vcan0 1B5#FF105A15B6E0FFEF
(1675526518.227881) vcan0 1D8#363339343234E043
(1675526518.227959) vcan0 1E0#000CC30300B917E0
(1675526518.228037) vcan0 28C#000020000014FEA8
(1675526518.228116) vcan0 010#000000002FB031F8
(1675526518.228265) vcan0 1D0#0000000000000061
(1675526518.228344) vcan0 291#0000000000000000
(1675526518.228422) vcan0 2B5#4B014B6293A67D22
(1675526518.228500) vcan0 340#9700000000000000
(1675526518.228577) vcan0 008#4880704700800080
(1675526518.231393) vcan0 072#F000FF3F0078A038
(1675526518.231543) vcan0 3B0#00D8453C39B0C400
(1675526518.231622) vcan0 290#0000000000000000
(1675526518.232779) vcan0 0F5#35902B907F7B12AB
(1675526518.232940) vcan0 120#419046907F005689
(1675526518.233018) vcan0 130#F7FF1D4410BFFF11
(1675526518.233096) vcan0 150#2B1031E825F8D8C0
(1675526518.233173) vcan0 3CA#00000000520000C8
(1675526518.234333) vcan0 260#D0FF00AA497487B0
(1675526518.234412) vcan0 010#000000002FB031F8
(1675526518.234488) vcan0 330#9E00000000000000
(1675526518.236933) vcan0 0E0#627328E800801300
(1675526518.238311) vcan0 008#4880803700800080
(1675526518.239825) vcan0 288#A5E0807F00000080
(1675526518.243941) vcan0 125#E5A180E4C1D0D735
(1675526518.244085) vcan0 055#EAF7FF27B2329C80
(1675526518.244158) vcan0 065#4DE6FFF701BE0002
(1675526518.244233) vcan0 070#000014F800E22000
(1675526518.244307) vcan0 075#0000000000005458
(1675526518.244450) vcan0 080#FC4F8000C2002C00
(1675526518.244532) vcan0 0B0#39830EA3DBC139A3
(1675526518.244605) vcan0 145#F952DA80FC4810A1
(1675526518.244682) vcan0 1B0#00C0000001B000FC
(1675526518.244756) vcan0 1B5#FF1B641ABCE0FFEF
(1675526518.244898) vcan0 1D8#363339343234E043
(1675526518.244972) vcan0 1E0#0010B34300B917E0
(1675526518.245322) vcan0 2C3#5D8700FFFFC85450
(1675526518.245396) vcan0 010#000000002FB031F8
(1675526518.245471) vcan0 072#F000FF3F00788038
(1675526518.245612) vcan0 1D0#0000000000000061
(1675526518.245686) vcan0 210#79E080A0A869E64D
(1675526518.247985) vcan0 008#4880902700800080
(1675526518.251670) vcan0 0F5#2E9022907F7F02AC
(1675526518.253046) vcan0 120#5B903E907F035689
(1675526518.253197) vcan0 130#FFFF1D4410AFFF11
(1675526518.253274) vcan0 150#2A1035F825F8C9C0
(1675526518.255667) vcan0 010#000000002FB031F8
(1675526518.255819) vcan0 291#0000000000000000
(1675526518.255897) vcan0 2A9#8C26009BC0000084
(1675526518.257065) vcan0 0E0#62732AF00080F100
(1675526518.257143) vcan0 008#4880A01700800080
(1675526518.259673) vcan0 072#F000FF3F0078A038
(1675526518.261048) vcan0 125#E5A180E4C1D0D735
(1675526518.265232) vcan0 055#EAF7FE27B22B9C7F
(1675526518.265310) vcan0 065#4AE6FFF7FEBDFE01
(1675526518.265388) vcan0 070#000014F8FFE12000
(1675526518.265466) vcan0 075#0000000000005458
(1675526518.265616) vcan0 080#F84F8000C2002C00
(1675526518.265693) vcan0 0B0#39830EA3DBC139A3
(1675526518.265770) vcan0 145#F942DB80FC4810A1
(1675526518.265848) vcan0 1B0#00C0000001B000FC
(1675526518.265925) vcan0 1B5#FF256F20C1E0FFEF
(1675526518.266020) vcan0 1D8#363339343234E043
(1675526518.266172) vcan0 1E0#0014A34300B917E0
(1675526518.266250) vcan0 260#D0FF00AA497487B0
(1675526518.266327) vcan0 010#000000002FB031F8
(1675526518.266405) vcan0 1D0#0000000000000861
(1675526518.266555) vcan0 288#8DE0807F00000080
(1675526518.267873) vcan0 28C#000020000014FEA8
(1675526518.267947) vcan0 290#0000000000000000
(1675526518.268022) vcan0 2B5#4B014B6293A67E1D
(1675526518.268163) vcan0 2C0#5D8700000000A0F1
(1675526518.268237) vcan0 2C5#05D783C14FE60070
(1675526518.268311) vcan0 370#0722C000601BC735
(1675526518.268385) vcan0 3AF#0000000000000020
(1675526518.268529) vcan0 3E0#000000D933808090
(1675526518.268603) vcan0 008#4880B00700800080
(1675526518.270321) vcan0 210#79E080A0A869E64D
(1675526518.274170) vcan0 0F5#28901D907F43F2AD
(1675526518.274314) vcan0 120#5F903D907F035689
(1675526518.274389) vcan0 130#87FF1D44109FFF11
(1675526518.274461) vcan0 150#26102D0825F8BDC0
(1675526518.274535) vcan0 010#000000002FB031F9
(1675526518.275568) vcan0 072#F000FF3F00788038
(1675526518.277054) vcan0 0E0#62732EF80080CD00
(1675526518.277135) vcan0 008#4880C0F700800080
(1675526518.279663) vcan0 360#5E8700D2B364A001
(1675526518.281041) vcan0 125#E5A080E4C1D0D735
(1675526518.285230) vcan0 055#EAF7FE27B2249C80
(1675526518.285309) vcan0 065#41E6FDF7FABDFC01
(1675526518.285386) vcan0 070#000014F8FDE12000
(1675526518.285464) vcan0 075#0000000000005458
(1675526518.285615) vcan0 080#F34F8000C2002C00
(1675526518.285692) vcan0 0B0#39830EA3DBC139A3
(1675526518.285790) vcan0 145#F932DC80FC4810A1
(1675526518.285869) vcan0 1B0#00C0000001B000FC
(1675526518.285946) vcan0 1B5#FF307925C6E0FFEF
(1675526518.286024) vcan0 1D8#363339343234E043
(1675526518.286174) vcan0 1E0#0014A30300B917E0
(1675526518.286251) vcan0 2C3#5D8700FFFFC85450
(1675526518.286330) vcan0 010#000000002FB031F8
(1675526518.286408) vcan0 1D0#0000000000000261
(1675526518.286557) vcan0 291#0000000000000000
(1675526518.286636) vcan0 390#80FF051D02165A6F
(1675526518.286730) vcan0 3C8#5D87008E882C008E
(1675526518.289203) vcan0 008#4880D0E700800080
(1675526518.289278) vcan0 072#F000FF3F0078A038
(1675526518.290585) vcan0 288#91E0807F00000080
(1675526518.294703) vcan0 290#0000000000000000
(1675526518.294778) vcan0 0F5#2B901B907F47E2AF
(1675526518.294930) vcan0 120#499035907F065689
(1675526518.295003) vcan0 130#8FFF1D44108FFF11
(1675526518.295078) vcan0 150#2310311826F8B0C0
(1675526518.295153) vcan0 260#D0FF0055497487B0
(1675526518.295226) vcan0 010#000000002FB031F8
(1675526518.295369) vcan0 210#79E080A0A869E645
(1675526518.295444) vcan0 2A9#8C260082C0000084
(1675526518.296065) vcan0 0E0#62732FC00080AC00
(1675526518.297554) vcan0 008#4880E0D700800080
(1675526518.300224) vcan0 125#E5A080E4C1D0D735
(1675526518.301528) vcan0 055#EAF7FD27B21E9C80
(1675526518.301678) vcan0 065#3CE6FDF7FCBDFC01
(1675526518.305722) vcan0 070#000014F8FCE12000
(1675526518.305800) vcan0 075#0000000000005458
(1675526518.305950) vcan0 080#F24F8000C2002C00
(1675526518.306028) vcan0 0B0#39830EA3DBC139A3
(1675526518.306114) vcan0 145#F922DD80FC4810A1
(1675526518.306193) vcan0 1B0#00C0000000B000FC
(1675526518.306269) vcan0 1B5#FF3B842ACBE0FFEF
(1675526518.306347) vcan0 1D8#363339343234E043
(1675526518.306498) vcan0 1E0#0018934300B917E0
(1675526518.306576) vcan0 28C#000020000014FEA8
(1675526518.306655) vcan0 2B5#4B014B6293A67E1E
(1675526518.306800) vcan0 010#000000002FB031F8
(1675526518.306875) vcan0 072#F000FF3F00788038
(1675526518.306950) vcan0 1D0#0000000000000061
(1675526518.307092) vcan0 340#9700000000000000
(1675526518.307167) vcan0 008#4880F0C700800080
(1675526518.309708) vcan0 350#A200000000000080
(1675526518.312179) vcan0 0F5#319019907F4BD2B0
(1675526518.313555) vcan0 120#4D9037907F015689
(1675526518.313697) vcan0 130#97FF1D44107FFF11
(1675526518.313781) vcan0 150#23102A2826F8A0C0
(1675526518.316183) vcan0 288#85E0807F00000080
(1675526518.316326) vcan0 010#000000002FB031F8
(1675526518.316399) vcan0 291#0000000000000000
(1675526518.316472) vcan0 330#9F00000000000000
(1675526518.316549) vcan0 0E0#62732FC800808C00
(1675526518.317559) vcan0 008#488000B700800080
(1675526518.320162) vcan0 072#F000FF3F0078A038
(1675526518.320312) vcan0 210#79E080A0A869E645
(1675526518.321543) vcan0 125#E5A080E4C1D0D735
(1675526518.321693) vcan0 055#EAF7FC27B21B9C80
(1675526518.321770) vcan0 065#3BE6FDF7FEBDFD01
(1675526518.325740) vcan0 070#000013F8FBE12000
(1675526518.325817) vcan0 075#0000000000005458
(1675526518.325894) vcan0 080#F04F8000C2002C00
(1675526518.325972) vcan0 0B0#39830EA3DBC139A3
(1675526518.326058) vcan0 145#F912DE80FC4810A1
(1675526518.326208) vcan0 1B0#00C0000001B000FC
(1675526518.326286) vcan0 1B5#FF458E2FD1E0FFEF
(1675526518.326364) vcan0 1D8#363339343234E043
(1675526518.326441) vcan0 1E0#001C834300B917E0
(1675526518.326518) vcan0 260#D0FF0055497487B0
(1675526518.326671) vcan0 290#0000000000000000
(1675526518.326745) vcan0 010#000000002FB031F8
(1675526518.326820) vcan0 1D0#0000000000000061
(1675526518.326894) vcan0 2C0#5D8700000000A0F1
(1675526518.327036) vcan0 2C3#5D8700FFFFC85450
(1675526518.327179) vcan0 2C5#02D783C13CE60070
(1675526518.327254) vcan0 008#488010A700800080
(1675526518.330958) vcan0 0F5#25901C907F4FC2B1
(1675526518.332333) vcan0 120#59902A907F065689
(1675526518.332407) vcan0 130#9FFD1D44106FFF11
(1675526518.334957) vcan0 150#23102C3826F890C0
(1675526518.335032) vcan0 010#000000002FB031F8
(1675526518.335105) vcan0 072#F000FF3F00788038
(1675526518.335249) vcan0 2A9#8C26008AC0000084
(1675526518.336350) vcan0 0E0#62732CD000806F00
(1675526518.337841) vcan0 008#4880209700800080
(1675526518.339289) vcan0 288#89E0906F00000080
(1675526518.341959) vcan0 125#E5A080E4C1D0D735
(1675526518.342037) vcan0 055#EAF7FC27B2199C80
(1675526518.342113) vcan0 065#3BE6FEF700BEFE01
(1675526518.342191) vcan0 070#000013F8FAE12000
(1675526518.344791) vcan0 075#0000000000005458
(1675526518.344941) vcan0 080#EF4F8000C2002C00
(1675526518.345019) vcan0 0B0#39830EA3DBC139A3
(1675526518.345098) vcan0 145#F902DF80FC4810A1
(1675526518.345176) vcan0 1B0#00C0000002B000FC
(1675526518.345262) vcan0 1B5#FF509934D6E0FFEF
(1675526518.345340) vcan0 1D8#363339343234E043
(1675526518.345488) vcan0 1E0#001C830300B917E0
(1675526518.345567) vcan0 28C#000020000014FEA8
(1675526518.345644) vcan0 010#000000002FB031F8
(1675526518.345722) vcan0 1D0#0000000000000861
(1675526518.345800) vcan0 210#79E08020A869E645
(1675526518.345950) vcan0 291#0000000000000000
(1675526518.347432) vcan0 2B5#4B014B6293A67E1F
(1675526518.347573) vcan0 008#4880308700800080
(1675526518.349976) vcan0 072#F000FF3F0078A038
(1675526518.351353) vcan0 3B0#00D8453839B0C400
(1675526518.351427) vcan0 290#0000000000000000
(1675526518.354034) vcan0 0F5#22901D907F53B2B3
(1675526518.354176) vcan0 120#49902F907F075689
(1675526518.354251) vcan0 130#A7FD1D44105FFF11
(1675526518.354332) vcan0 150#25102C4826F87EC0
(1675526518.354407) vcan0 3CA#00000000530000C8
(1675526518.354482) vcan0 260#D0FF0055497487B0
(1675526518.357986) vcan0 010#000000002FB031F9
(1675526518.358063) vcan0 0E0#627330D800804B00
(1675526518.358141) vcan0 008#4880407700800080
(1675526518.360454) vcan0 125#E5A080E4C1D0D735
(1675526518.361830) vcan0 055#EBF7FB27B2199C80
(1675526518.361908) vcan0 065#39E6FEF7FFBDFD01
(1675526518.361986) vcan0 070#000013F8F9E12000
(1675526518.365960) vcan0 075#0000000000005458
(1675526518.366037) vcan0 080#EE4F8000C2002C00
(1675526518.366117) vcan0 0B0#39830EA3DBC139A3
(1675526518.366193) vcan0 145#F9F2D080FC4810A1
(1675526518.366343) vcan0 1B0#00C0000001B000FC
(1675526518.366422) vcan0 1B5#FF5AA33ADBE0FFEF
(1675526518.366507) vcan0 1D8#363339343234E043
(1675526518.366585) vcan0 1E0#0020734300B917E0
(1675526518.366734) vcan0 2C3#5D8700FFFFC85450
(1675526518.366809) vcan0 010#000000002FB031F8
(1675526518.366883) vcan0 072#F000FF3F00788038
(1675526518.367026) vcan0 1D0#0000000000000261
(1675526518.367100) vcan0 288#8DE0906F00000080
(1675526518.367174) vcan0 370#0722C000601BC735
(1675526518.367318) vcan0 008#4880506700800080
(1675526518.369929) vcan0 210#79E080A0A869E64D
(1675526518.372471) vcan0 0F5#259013907F57A2B4
(1675526518.373779) vcan0 120#43903D907F015689
(1675526518.373922) vcan0 130#AFFD1D44104FFF11
(1675526518.373996) vcan0 150#20102D5826F873C0
(1675526518.376400) vcan0 010#000000002FB031F8
(1675526518.376543) vcan0 291#0000000000000000
(1675526518.376627) vcan0 2A9#8C260093C0000084
(1675526518.376691) vcan0 0E0#62732DE000802E00
(1675526518.377782) vcan0 008#4880605700800080
(1675526518.379304) vcan0 072#F000FF3F0078A038
(1675526518.379382) vcan0 360#5E8700D2B364A001
(1675526518.381911) vcan0 125#E5A080E4C1D0D735
(1675526518.381988) vcan0 055#EBF7FB27B2179C80
(1675526518.382138) vcan0 065#38E6FDF700BEFB01
(1675526518.382217) vcan0 070#000013F8F8E12000
(1675526518.384816) vcan0 075#0000000000005458
(1675526518.384894) vcan0 080#ED4F8000C2002C00
(1675526518.384973) vcan0 0B0#39830EA3DBC139A3
(1675526518.385121) vcan0 145#F9E2D180FC4810A1
(1675526518.385201) vcan0 1B0#00C0000001B000FC
(1675526518.385277) vcan0 1B5#FF65AE3FE0E0FFEF
(1675526518.385354) vcan0 1D8#363339343234E043
(1675526518.385441) vcan0 1E0#0024634300B917E0
(1675526518.385520) vcan0 260#D0FF00AA497487B0
(1675526518.385598) vcan0 010#000000002FB031F8
(1675526518.385676) vcan0 1D0#0000000000000061
(1675526518.385826) vcan0 28C#000020000014FEA8
(1675526518.385903) vcan0 290#0000000000000000
(1675526518.387671) vcan0 2B5#4B014B6293A67E1C
(1675526518.387750) vcan0 2C0#5D8700000000A0F1
(1675526518.387827) vcan0 2C5#00D783C13BE60070
(1675526518.387904) vcan0 340#9700000000000000
(1675526518.387983) vcan0 390#80FF051D02125B4F
(1675526518.388133) vcan0 3AF#0000000000000020
(1675526518.388211) vcan0 008#4880704700800080
(1675526518.390090) vcan0 288#91E0906F00000080
(1675526518.392547) vcan0 0F5#229016907F5B92B5
(1675526518.395294) vcan0 120#499029907F035689
(1675526518.395382) vcan0 130#B7FD1D431040FF11
(1675526518.395532) vcan0 150#1F102A6826F864C0
(1675526518.395610) vcan0 010#000000002FB031F8
(1675526518.395687) vcan0 072#F000FF3F00788038
(1675526518.395764) vcan0 210#79E080A0A869E64D
(1675526518.395842) vcan0 330#9F00000000000000
(1675526518.395992) vcan0 3D0#8C0F6100340680C3
(1675526518.397959) vcan0 0E0#62732EE800800D00
(1675526518.398034) vcan0 008#4880803700800080
(1675526518.399343) vcan0 350#A200000000000080
(1675526518.401954) vcan0 125#E5A080E4C1D0D735
(1675526518.402026) vcan0 055#EBF7FA27B2179C80
(1675526518.402101) vcan0 065#35E6FCF7FEBDF901
(1675526518.402175) vcan0 070#000013F8F7E12000
(1675526518.404579) vcan0 075#0000000000005458
(1675526518.404653) vcan0 080#ED4F8000C2002C00
(1675526518.404737) vcan0 0B0#39830EA3DBC139A3
(1675526518.404811) vcan0 145#F9D2D280FC4810A1
(1675526518.404954) vcan0 1B0#00C0000001B000FC
(1675526518.405028) vcan0 1B5#FF6FB844E5E0FFEF
(1675526518.405102) vcan0 1D8#363339343234E043
(1675526518.405177) vcan0 1E0#0024630300B917E0
(1675526518.405936) vcan0 2C3#5D8700FFFFC95450
(1675526518.406078) vcan0 010#000000002FB031F8
(1675526518.407336) vcan0 1D0#0000000000000061
(1675526518.407414) vcan0 291#0000000000000000
(1675526518.407493) vcan0 3C8#5D87008E882C008E
(1675526518.407570) vcan0 008#4880902700800080
(1675526518.409812) vcan0 072#F000FF3F0078A038
(1675526518.413707) vcan0 290#0000000000000000
(1675526518.413787) vcan0 0F5#1C900D907F5F82B7
(1675526518.413863) vcan0 120#3D9025907F025689
(1675526518.413950) vcan0 130#BFFD1D35103EFD11
(1675526518.414027) vcan0 150#1E10307826F855C0
(1675526518.414177) vcan0 260#D0FF00AA497487B0
(1675526518.415047) vcan0 288#95E0906F00000080
(1675526518.415196) vcan0 010#000000002FB031F8
(1675526518.417691) vcan0 2A9#8C26008AC0000084
(1675526518.417765) vcan0 0E0#627330F00080EB00
(1675526518.417839) vcan0 008#4880A01700800080
(1675526518.419079) vcan0 210#79E080A0A869E645
(1675526518.421688) vcan0 125#E5A080E4C1D0D735
(1675526518.421762) vcan0 055#EBF7FA27B2159C80
(1675526518.421836) vcan0 065#32E6FBF7FCBDF801
(1675526518.424582) vcan0 070#000013F8F6E12000
(1675526518.424655) vcan0 075#0000000000005458
(1675526518.424729) vcan0 080#ED4F8000C2002C00
(1675526518.424872) vcan0 0B0#39830EA3DBC139A3
(1675526518.424965) vcan0 145#F9C2D380FC4810A1
(1675526518.425041) vcan0 1B0#00C0000001B000FC
(1675526518.425115) vcan0 1B5#FF7AC349EBE0FFEF
(1675526518.425188) vcan0 1D8#363339343234E043
(1675526518.425330) vcan0 1E0#0028534300B917E0
(1675526518.425404) vcan0 28C#000020000014FEA8
(1675526518.425478) vcan0 2B5#4B014B6293A67F19
(1675526518.425551) vcan0 010#000000002FB031F8
(1675526518.425694) vcan0 072#F000FF3F00788038
(1675526518.427149) vcan0 1D0#0000000000000861
(1675526518.427291) vcan0 008#4880B00700800080
(1675526518.430929) vcan0 0F5#16900C907F6372B8
(1675526518.432305) vcan0 120#379034907F045689
(1675526518.432448) vcan0 130#C7FD1D35102EF711
(1675526518.434919) vcan0 150#1410348826F84FC0
(1675526518.434992) vcan0 010#000000002FB031F9
(1675526518.435075) vcan0 291#0000000000000000
(1675526518.436315) vcan0 0E0#627332F80080C900
(1675526518.438923) vcan0 008#4880C0F700800080
(1675526518.439001) vcan0 072#F000FF3F0078A038
(1675526518.440306) vcan0 288#8DE0A05F00000080
(1675526518.444421) vcan0 125#E5A080E4C1D0D735
(1675526518.444571) vcan0 055#EBF7F927B2159C80
(1675526518.444647) vcan0 065#2EE6FBF7FDBDF701
(1675526518.444726) vcan0 070#000013F8F5E12000
(1675526518.444803) vcan0 075#0000000000005458
(1675526518.444881) vcan0 080#EC4F8000C2002C00
(1675526518.445031) vcan0 0B0#39830EA3DBC139A3
(1675526518.445108) vcan0 145#F9B2D480FC4810A1
(1675526518.445186) vcan0 1B0#00C0000001B000FC
(1675526518.445263) vcan0 1B5#FF84CD4FF0E0FFEF
(1675526518.445339) vcan0 1D8#363339343234E043
(1675526518.445428) vcan0 1E0#002C434300B917E0
(1675526518.445578) vcan0 260#D0FF00AA497487B0
(1675526518.445656) vcan0 010#000000002FB031F8
(1675526518.445805) vcan0 1D0#0000000000000261
(1675526518.445883) vcan0 210#79E080A0A869E64D
(1675526518.445962) vcan0 290#0000000000000000
(1675526518.446112) vcan0 2C0#5D8700000000A0F1
(1675526518.446189) vcan0 2C3#5D8700FFFFC95450
(1675526518.446266) vcan0 2C5#00D783C231E60070
(1675526518.447323) vcan0 008#4880D0E700800080
(1675526518.451165) vcan0 0F5#19900D907F6762B9
(1675526518.452542) vcan0 120#40903B907F025689
(1675526518.452686) vcan0 130#CFFD1D35101EF411
(1675526518.452759) vcan0 150#0F102D9827F844C0
(1675526518.455163) vcan0 010#000000002FB031F8
(1675526518.455237) vcan0 072#F000FF3F00788038
(1675526518.455389) vcan0 2A9#8C260093C0000084
(1675526518.455463) vcan0 400#0000000400010113
(1675526518.456566) vcan0 0E0#627331C00080AA00
(1675526518.458062) vcan0 008#4880E0D700800080
(1675526518.460665) vcan0 125#E5A080E4C1D0D735
(1675526518.463194) vcan0 055#EBF7F927B2159C80
(1675526518.463271) vcan0 065#29E6FAF7FCBDF701
(1675526518.463348) vcan0 070#000013F8F4E12000
(1675526518.463427) vcan0 075#0000000000005458
(1675526518.466098) vcan0 080#EC4F8000C2002C00
(1675526518.466176) vcan0 0B0#39830EA3DBC139A3
(1675526518.466253) vcan0 145#F9A2D580FC4810A1
(1675526518.466330) vcan0 1B0#00C0000001B000FC
(1675526518.466408) vcan0 1B5#FF8FD854F5E0FFEF
(1675526518.466558) vcan0 1D8#363339343234E043
(1675526518.466635) vcan0 1E0#002C430300B917E0
(1675526518.466738) vcan0 28C#000020000014FEA8
(1675526518.466813) vcan0 010#000000002FB031F8
(1675526518.466887) vcan0 1D0#0000000000000061
(1675526518.466961) vcan0 288#99E0A05F00000080
(1675526518.467104) vcan0 291#0000000000000000
(1675526518.467178) vcan0 2B5#4B014B6293A67F18
(1675526518.467252) vcan0 340#9700000000000000
(1675526518.467393) vcan0 370#0722C000601BC735
(1675526518.467605) vcan0 008#4880F0C700800080
(1675526518.470145) vcan0 072#F000FF3F0078A038
(1675526518.470287) vcan0 210#79E080A0A869E64D
(1675526518.470362) vcan0 3B0#00FC383839B0C400
(1675526518.471533) vcan0 290#0000000000000000
(1675526518.474277) vcan0 0F5#20900B907F6B52BB
(1675526518.474351) vcan0 120#4F9023907F005689
(1675526518.474493) vcan0 130#D7FD1D35100EF411
(1675526518.474576) vcan0 150#141031A827F82FC0
(1675526518.474649) vcan0 3CA#00000000540000C8
(1675526518.474725) vcan0 260#D0FF00AA497487B0
(1675526518.474797) vcan0 010#000000002FB031F8
(1675526518.474941) vcan0 330#9F00000000000000
(1675526518.476830) vcan0 0E0#627332C800808900
(1675526518.476910) vcan0 008#488000B700800080
(1675526518.478284) vcan0 360#5E8700D2B364A001
(1675526518.480810) vcan0 125#E5A080E4C1D0D735
(1675526518.483558) vcan0 055#EBF7F827B2159C80
(1675526518.483635) vcan0 065#23E6FAF7FABDF501
(1675526518.483785) vcan0 070#000013F8F3E12000
(1675526518.483863) vcan0 075#0000000000005458
(1675526518.483941) vcan0 080#EC4F8000C2002C00
(1675526518.484019) vcan0 0B0#39830EA3DBC139A3
(1675526518.484097) vcan0 145#F992D680FC4810A1
(1675526518.484182) vcan0 1B0#00C0000001B000FC
(1675526518.484333) vcan0 1B5#FF99E259FAE0FFEF
(1675526518.484411) vcan0 1D8#363339343234E043
(1675526518.487684) vcan0 1E0#0030334300B917E0
(1675526518.487828) vcan0 2C3#5D8700FFFFC95450
(1675526518.487902) vcan0 010#000000002FB031F8
(1675526518.487977) vcan0 072#F000FF3F00788038
(1675526518.488051) vcan0 1D0#0000000000000061
(1675526518.488193) vcan0 390#80FF051D020A5D4F
(1675526518.488268) vcan0 008#488010A700800080
(1675526518.489028) vcan0 350#A200000000000080
(1675526518.490541) vcan0 288#8DE0A05F00000080
(1675526518.493152) vcan0 0F5#189006907F6F42BC
(1675526518.493294) vcan0 120#469026907F015689
(1675526518.493368) vcan0 130#DFFD1D3510FEF711
(1675526518.493442) vcan0 150#14102DB827F81FC0
(1675526518.494554) vcan0 010#000000002FB031F8
(1675526518.494697) vcan0 210#79E08020A869E645
(1675526518.494770) vcan0 291#0000000000000000
(1675526518.497197) vcan0 2A9#8C26008AC0000084
(1675526518.497274) vcan0 0E0#627330D000806B00
(1675526518.497352) vcan0 008#4880209700800080
(1675526518.499664) vcan0 072#F000FF3F0078A038
(1675526518.501039) vcan0 125#E5A080E4C1D0D735
(1675526518.505223) vcan0 055#EBF7F827B2159C80
(1675526518.505302) vcan0 065#21E6F9F7FDBDF501
(1675526518.505379) vcan0 070#000013F8F3E11F00
(1675526518.505529) vcan0 075#0000000000005458
(1675526518.505607) vcan0 080#EC4F8000C2002C00
(1675526518.505686) vcan0 0B0#39830EA3DBC139A3
(1675526518.505764) vcan0 145#F982D780FC4810A1
(1675526518.505840) vcan0 1B0#00C0000001B000FC
(1675526518.505932) vcan0 1B5#FFA4ED5EFFE0FFEF
(1675526518.506083) vcan0 1D8#363339343234E043
(1675526518.506160) vcan0 1E0#0034234300B917E0
(1675526518.506239) vcan0 260#D0FF0055497487B0
(1675526518.506316) vcan0 28C#000020000014FEA8
(1675526518.506466) vcan0 010#000000002FB031F8
(1675526518.506543) vcan0 1D0#0000000000000861
(1675526518.506696) vcan0 290#0000000000000000
(1675526518.506700) vcan0 2B5#4B014B6293A67F17
(1675526518.506842) vcan0 2C0#5D8700000000A0F1
(1675526518.506918) vcan0 2C5#00D782C227E60070
(1675526518.506991) vcan0 3AF#0000000000000020
(1675526518.508092) vcan0 008#4880308700800080
(1675526518.511931) vcan0 0F5#169012907F7332BD
(1675526518.513308) vcan0 120#3B902F907F035689
(1675526518.513452) vcan0 130#E7FD1D3510EEFA11
(1675526518.513538) vcan0 150#10102DC827F813C0
(1675526518.515940) vcan0 288#91E0A05F00000080
(1675526518.516015) vcan0 010#000000002FB031F9
(1675526518.516157) vcan0 072#F000FF3F00788038
(1675526518.516230) vcan0 0E0#627331D800804A00
(1675526518.517310) vcan0 008#4880407700800080
(1675526518.519921) vcan0 210#7AE080A0A869E645
(1675526518.521299) vcan0 125#E5A080E4C1D0D735
(1675526518.525481) vcan0 055#EBF7F827B2149C80
(1675526518.525554) vcan0 065#34E6F9F709BEF501
(1675526518.525629) vcan0 070#000013F8F3E11F00
(1675526518.525702) vcan0 075#0000000000005458
(1675526518.525845) vcan0 080#EB4F8000C2002C00
(1675526518.525919) vcan0 0B0#39830EA3DBC139A3
(1675526518.525995) vcan0 145#F972D880FC4810A1
(1675526518.526068) vcan0 1B0#00C0000002B000FC
(1675526518.526156) vcan0 1B5#FFAEF76304E0FFEF
(1675526518.526298) vcan0 1D8#363339343234E043
(1675526518.526373) vcan0 1E0#0034230300B917E0
(1675526518.526447) vcan0 010#000000002FB031F8
(1675526518.526522) vcan0 1D0#0000000000000261
(1675526518.526675) vcan0 291#0000000000000000
(1675526518.526751) vcan0 2C3#5D8700FFFFC95450
(1675526518.526893) vcan0 3C8#5D87008E882C008E
(1675526518.529434) vcan0 008#4880506700800080
(1675526518.529509) vcan0 072#F000FF3F0078A038
(1675526518.531912) vcan0 290#0000000000000000
(1675526518.533288) vcan0 0F5#0D90FF8F7F7722BE
(1675526518.533431) vcan0 120#49902B907F005689
(1675526518.533504) vcan0 130#EFFD1D3510DEFF11
(1675526518.533579) vcan0 150#0A1031D827F809C0
(1675526518.533722) vcan0 260#D0FF0055497487B0
(1675526518.535928) vcan0 010#000000002FB031F8
(1675526518.536003) vcan0 2A9#8C260082C0000084
(1675526518.536145) vcan0 0E0#627331E000802A00
(1675526518.537344) vcan0 008#4880605700800080
(1675526518.539946) vcan0 288#81E0B04F00000080
(1675526518.541319) vcan0 125#E5A080E4C1D0D735
(1675526518.541398) vcan0 055#EBF7F727B2149C80
(1675526518.545435) vcan0 065#39E6F9F707BEF401
(1675526518.545586) vcan0 070#000013F8F2E11F00
(1675526518.545663) vcan0 075#0000000000005458
(1675526518.545742) vcan0 080#EB4F8000C2002C00
(1675526518.545818) vcan0 0B0#39830EA3DBC139A3
(1675526518.545897) vcan0 145#F962D980FC4810A1
(1675526518.545975) vcan0 1B0#00C0000003B000FC
(1675526518.546124) vcan0 1B5#FFB902690AE0FFEF
(1675526518.546203) vcan0 1D8#363339343234E043
(1675526518.546289) vcan0 1E0#0038134300B917E0
(1675526518.546368) vcan0 28C#000020000014FEA8
(1675526518.546445) vcan0 2B5#4B014B6293A67F14
(1675526518.546596) vcan0 010#000000002FB031F8
(1675526518.546675) vcan0 072#F000FF3F00788038
(1675526518.547914) vcan0 1D0#0000000000000061
(1675526518.548058) vcan0 210#7AE080A0A869E645
(1675526518.548132) vcan0 340#9700000000000000
(1675526518.548206) vcan0 008#4880704700800080
(1675526518.551708) vcan0 0F5#18900D907F7B12C0
(1675526518.553083) vcan0 120#3A9022907F015689
(1675526518.553157) vcan0 130#F7FA1D3110D2FD11
(1675526518.553231) vcan0 150#091029E827F8FAC0
(1675526518.555705) vcan0 010#000000002FB031F8
(1675526518.555779) vcan0 291#0000000000000000
(1675526518.555852) vcan0 330#9F00000000000000
(1675526518.555934) vcan0 425#0000000000000000
(1675526518.557050) vcan0 0E0#627332E800800900
(1675526518.557200) vcan0 008#4880802215800080
(1675526518.559658) vcan0 072#F000FF3F0078A038
(1675526518.561032) vcan0 125#E5A080E4C1D0D735
(1675526518.565219) vcan0 055#EBF7F727B2149C80
(1675526518.565295) vcan0 065#44E6F7F709BEF101
(1675526518.565374) vcan0 070#000013F8F2E11F00
(1675526518.565451) vcan0 075#0000000000005458
(1675526518.565601) vcan0 080#EA4F8000C2002C00
(1675526518.565678) vcan0 0B0#39830EA3DBC139A3
(1675526518.565757) vcan0 145#F952DA80FC4810A1
(1675526518.565835) vcan0 1B0#00C0000002B000FC
(1675526518.565912) vcan0 1B5#FFC30C6E0FE0FFEF
(1675526518.565990) vcan0 1D8#363339343234E043
(1675526518.566139) vcan0 1E0#003C034300B917E0
(1675526518.566240) vcan0 260#D0FF0055497487B0
(1675526518.566317) vcan0 290#0000000000000000
(1675526518.566397) vcan0 010#000000002FB031F8
(1675526518.566545) vcan0 1D0#0000000000000061
(1675526518.569168) vcan0 288#7CE0B04F00000080
(1675526518.569310) vcan0 2C0#5D8700000000A0F1
(1675526518.569386) vcan0 2C3#5D8700FFFFCA5450
(1675526518.569458) vcan0 2C5#00D782C33CE60070
(1675526518.569533) vcan0 370#1722C000601BC735
(1675526518.569676) vcan0 3E0#000000D933808090
(1675526518.569749) vcan0 008#4880901215800080
(1675526518.569823) vcan0 210#7AE080A0A869E64D
(1675526518.571678) vcan0 0F5#15900C907F7F02C1
(1675526518.573055) vcan0 120#20901C907F025689
(1675526518.573198) vcan0 130#FFF71D3110C2FD11
(1675526518.573271) vcan0 150#111027F827F8E2C0
(1675526518.574530) vcan0 010#000000002FB031F8
(1675526518.574675) vcan0 072#F000FF3F00788038
(1675526518.574748) vcan0 2A9#8C26009BC0000084
(1675526518.577195) vcan0 0E0#627332F00080E900
(1675526518.577272) vcan0 008#4880A00215800080
(1675526518.579657) vcan0 350#A200000000000080
(1675526518.581035) vcan0 360#5E8700D2B364A001
(1675526518.581185) vcan0 125#E5A080E4C1D0D735
(1675526518.585227) vcan0 055#EBF7F727B2149C80
(1675526518.585307) vcan0 065#46E6F6F704BEEF01
(1675526518.585384) vcan0 070#000013F8F2E12000
(1675526518.585461) vcan0 075#0000000000005458
(1675526518.585611) vcan0 080#EA4F8000C2002C00
(1675526518.585689) vcan0 0B0#39830EA3DBC139A3
(1675526518.585767) vcan0 145#F942DB80FC4810A1
(1675526518.585844) vcan0 1B0#00C0000001B000FC
(1675526518.585931) vcan0 1B5#FFCE167314E0FFEF
(1675526518.586009) vcan0 1D8#363339343234E043
(1675526518.586159) vcan0 1E0#003C030300B917E0
(1675526518.586236) vcan0 28C#000020000014FEA8
(1675526518.586314) vcan0 010#000000002FB031F8
(1675526518.586392) vcan0 1D0#0000000000000861
(1675526518.586542) vcan0 291#0000000000000000
(1675526518.586693) vcan0 2B5#4B014B6293A68010
(1675526518.586769) vcan0 390#80FF051D020A5D4F
(1675526518.589172) vcan0 008#4880B0F215800080
(1675526518.589245) vcan0 072#F000FF3F0078A038
(1675526518.590553) vcan0 3B0#00D8383839B0C400
(1675526518.590696) vcan0 288#85E0B04F00000080
(1675526518.594674) vcan0 290#0000000000000000
(1675526518.594749) vcan0 0F5#0D9008907F43F2C2
(1675526518.594822) vcan0 120#2A9029907F055689
(1675526518.594905) vcan0 130#87F71D2010C3F711
(1675526518.595049) vcan0 150#0C102E0827F8D7C0
(1675526518.595122) vcan0 3CA#00000000550000C8
(1675526518.595196) vcan0 260#D0FF00AA497487B0
(1675526518.595271) vcan0 010#000000002FB031F9
(1675526518.595344) vcan0 210#7AE080A0A869E64D
(1675526518.595486) vcan0 3D0#8C0F6100340680C3
(1675526518.596040) vcan0 0E0#627332F80080C900
(1675526518.597556) vcan0 008#4880C0E215800080
(1675526518.599078) vcan0 430#28082800000014A6
(1675526518.601677) vcan0 125#E5A080E4C1D0D735
(1675526518.601754) vcan0 055#EBF7F727B2149C80
(1675526518.601833) vcan0 065#43E6F5F7FFBDED01
(1675526518.605658) vcan0 070#000013F8F2E12000
(1675526518.605808) vcan0 075#0000000000005458
(1675526518.605887) vcan0 080#EA4F8000C2002C00
(1675526518.605972) vcan0 0B0#39830EA3DBC139A3
(1675526518.606050) vcan0 145#F932DC80FC4810A1
(1675526518.606127) vcan0 1B0#00C0000001B000FC
(1675526518.606204) vcan0 1B5#FFD8217819E0FFEF
(1675526518.606354) vcan0 1D8#363339343234E043
(1675526518.606431) vcan0 1E0#0000F34300B917E0
(1675526518.606509) vcan0 2C3#5D8700FFFFCA5450
(1675526518.606663) vcan0 010#000000002FB031F8
(1675526518.606737) vcan0 072#F000FF3F00788038
(1675526518.606812) vcan0 1D0#0000000000000261
(1675526518.607023) vcan0 008#4880D0D215800080
(1675526518.610934) vcan0 0F5#0990FE8F7F47E2C4
(1675526518.612312) vcan0 120#3B9023907F015689
(1675526518.612385) vcan0 130#8FF71D2010B3F111
(1675526518.614925) vcan0 150#0C102C1827F8C7C0
(1675526518.614999) vcan0 288#89E0B04F00000080
(1675526518.615083) vcan0 010#000000002FB031F8
(1675526518.616322) vcan0 291#0000000000000000
(1675526518.616396) vcan0 2A9#8C260082C0000084
(1675526518.616538) vcan0 0E0#627331C00080AA00
(1675526518.617774) vcan0 008#4880E0C215800080
(1675526518.619297) vcan0 072#F000FF3F0078A038
(1675526518.619375) vcan0 210#7AE080A0A869E645
(1675526518.621906) vcan0 125#E5A080E4C1D0D735
(1675526518.621983) vcan0 055#EBF7F727B2149C80
(1675526518.622133) vcan0 065#36E6F4F7F9BDEC01
(1675526518.622212) vcan0 070#000013F8F2E12000
(1675526518.622290) vcan0 075#0000000000005458
(1675526518.624530) vcan0 080#EA4F8000C2002C00
(1675526518.624609) vcan0 0B0#39830EA3DBC139A3
(1675526518.624759) vcan0 145#F922DD80FC4810A1
(1675526518.624836) vcan0 1B0#00C0000001B000FC
(1675526518.624923) vcan0 1B5#FFE32B7D1EE0FFEF
(1675526518.625001) vcan0 1D8#363339343234E043
(1675526518.625080) vcan0 1E0#0004E34300B917E0
(1675526518.627427) vcan0 260#D0FF00AA497487B0
(1675526518.627569) vcan0 010#000000002FB031F8
(1675526518.627644) vcan0 1D0#0000000000000061
(1675526518.627719) vcan0 28C#000020000014FEA8
(1675526518.627792) vcan0 290#0000000000000000
(1675526518.627867) vcan0 2B5#4B014B6293A6810F
(1675526518.628010) vcan0 2C0#5D8700000000A0F1
(1675526518.628084) vcan0 2C5#00D782C346E60070
(1675526518.628157) vcan0 340#9700000000000000
(1675526518.628231) vcan0 3AF#0000000000000020
(1675526518.628375) vcan0 008#4880F0B215800080
(1675526518.632695) vcan0 0F5#0B90FE8F7F4BD2C5
(1675526518.632771) vcan0 120#2B9015907F035689
(1675526518.632852) vcan0 130#97FA1D2010A3EF11
(1675526518.632928) vcan0 150#07102C2827F8BCC0
(1675526518.635195) vcan0 010#000000002FB031F8
(1675526518.636570) vcan0 072#F000FF3F00788038
(1675526518.636680) vcan0 330#A000000000000000
(1675526518.636759) vcan0 0E0#627334C800808700
(1675526518.638064) vcan0 008#488000A215800080
(1675526518.639582) vcan0 288#91E0C03F00000080
(1675526518.643478) vcan0 125#E5A080E4C1D0D735
(1675526518.643555) vcan0 055#EBF7F727B2149C80
(1675526518.643706) vcan0 065#2FE6F4F7F8BDED01
(1675526518.643783) vcan0 070#000013F8F2E12000
(1675526518.643860) vcan0 075#0000000000005458
(1675526518.643938) vcan0 080#EA4F8000C2002C00
(1675526518.644016) vcan0 0B0#39830EA3DBC139A3
(1675526518.647579) vcan0 145#F912DE80FC4810A1
(1675526518.647662) vcan0 1B0#00C0000000B000FC
(1675526518.647737) vcan0 1B5#FFED368324E0FFEF
(1675526518.647810) vcan0 1D8#363339343234E043
(1675526518.647953) vcan0 1E0#0004E30300B917E0
(1675526518.648028) vcan0 2C3#5D8700FFFFCA5450
(1675526518.648102) vcan0 010#000000002FB031F8
(1675526518.648177) vcan0 1D0#0000000000000061
(1675526518.648320) vcan0 210#7AE08020A869E64D
(1675526518.648394) vcan0 291#0000000000000000
(1675526518.648467) vcan0 3C8#5D87008E882C008E
(1675526518.648542) vcan0 008#4880109215800080
(1675526518.651287) vcan0 072#F000FF3F0078A038
(1675526518.651360) vcan0 290#0000000000000000
(1675526518.652668) vcan0 0F5#0690F58F7F4FC2C6
(1675526518.652810) vcan0 120#209023907F065689
(1675526518.652884) vcan0 130#9FFA1D201093F111
(1675526518.652968) vcan0 150#05102E3827F8AEC0
(1675526518.655300) vcan0 260#D0FF00AA497487B0
(1675526518.655376) vcan0 010#000000002FB031F8
(1675526518.655518) vcan0 2A9#8C26009BC0000084
(1675526518.656690) vcan0 0E0#627335D000806600
(1675526518.658212) vcan0 008#4880209700800080
(1675526518.660812) vcan0 125#E5A080E4C1D0D735
(1675526518.662186) vcan0 055#EBF7F727B2149C80
(1675526518.662264) vcan0 065#2EE6F5F7FDBDEF01
(1675526518.662414) vcan0 070#000013F8F2E12000
(1675526518.662492) vcan0 075#0000000000005458
(1675526518.662570) vcan0 080#EA4F8000C2002C00
(1675526518.666321) vcan0 0B0#39830EA3DBC139A3
(1675526518.666399) vcan0 145#F902DF80FC4810A1
(1675526518.666476) vcan0 1B0#00C0000002B000FC
(1675526518.666553) vcan0 1B5#FFF8408829E0FFEF
(1675526518.666730) vcan0 1D8#363339343234E043
(1675526518.666806) vcan0 1E0#0008D34300B917E0
(1675526518.666878) vcan0 28C#000020000014FEA8
(1675526518.666954) vcan0 2B5#4B014B6293A68114
(1675526518.667096) vcan0 010#000000002FB031F8
(1675526518.667170) vcan0 072#F000FF3F00788038
(1675526518.667244) vcan0 1D0#0000000000000861
(1675526518.667318) vcan0 288#8DE0C03F00000080
(1675526518.667462) vcan0 370#1722C000601BC735
(1675526518.667672) vcan0 008#4880308700800080
(1675526518.669186) vcan0 350#A200000000000080
(1675526518.669260) vcan0 210#7AE080A0A869E64D
(1675526518.671800) vcan0 0F5#F98FF38F7F53B2C8
(1675526518.673176) vcan0 120#329012907F035689
(1675526518.673251) vcan0 130#A7FA1D201083F111
(1675526518.673394) vcan0 150#F80F2D4827F8ACC0
(1675526518.675804) vcan0 010#000000002FB031F9
(1675526518.675878) vcan0 291#0000000000000000
(1675526518.675953) vcan0 0E0#627334D800804700
(1675526518.677192) vcan0 008#4880407700800080
(1675526518.679797) vcan0 072#F000FF3F0078A038
(1675526518.679874) vcan0 360#5E8700D2B364A001
(1675526518.681177) vcan0 125#E5A080E4C1D0D735
(1675526518.685366) vcan0 055#EBF7F727B2149C80
(1675526518.685445) vcan0 065#37E6F7F704BEF301
(1675526518.685522) vcan0 070#000013F8F2E12000
(1675526518.685600) vcan0 075#0000000000005458
(1675526518.685677) vcan0 080#EA4F8000C2002C00
(1675526518.685827) vcan0 0B0#39830EA3DBC139A3
(1675526518.685904) vcan0 145#F9F2D080FC4810A1
(1675526518.685982) vcan0 1B0#00C0000002B000FC
(1675526518.686060) vcan0 1B5#FF024B8D2EE0FFEF
(1675526518.686147) vcan0 1D8#363339343234E043
(1675526518.686298) vcan0 1E0#000CC34300B917E0
(1675526518.686375) vcan0 260#D0FF0055497487B0
(1675526518.686454) vcan0 290#0000000000000000
(1675526518.686530) vcan0 010#000000002FB031F8
(1675526518.686682) vcan0 1D0#0000000000000261
(1675526518.686826) vcan0 2C0#5D8700000000A0F1
(1675526518.686900) vcan0 2C3#5D8700FFFFCA5450
(1675526518.686975) vcan0 2C5#00D782C331E60070
(1675526518.687049) vcan0 390#80FF051D02025F4F
(1675526518.688151) vcan0 008#4880506700800080
(1675526518.689665) vcan0 288#81E0C03F00000080
(1675526518.692273) vcan0 0F5#FC8FF58F7F57A2C9
(1675526518.692416) vcan0 120#389010907F005689
(1675526518.692490) vcan0 130#AFF71D201073F711
(1675526518.693661) vcan0 150#FF0F295827F895C0
(1675526518.696277) vcan0 010#000000002FB031F8
(1675526518.696419) vcan0 072#F000FF3F00788038
(1675526518.696493) vcan0 210#7AE080A0A869E645
(1675526518.696569) vcan0 2A9#8C260082C0000084
(1675526518.696685) vcan0 0E0#627334E000802700
(1675526518.697703) vcan0 008#4880605700800080
(1675526518.700301) vcan0 125#E5A080E4C1D0D735
(1675526518.701677) vcan0 055#EBF7F727B2159C80
(1675526518.701828) vcan0 065#40E6F8F707BEF201
(1675526518.701905) vcan0 070#000013F8F2E12000
(1675526518.705801) vcan0 075#0000000000005458
(1675526518.705877) vcan0 080#EA4F8000C2002C00
(1675526518.705957) vcan0 0B0#39830EA3DBC139A3
(1675526518.706107) vcan0 145#F9E2D180FC4810A1
(1675526518.706185) vcan0 1B0#00C0000000B000FC
(1675526518.706263) vcan0 1B5#FF0D559233E0FFEF
(1675526518.706362) vcan0 1D8#363339343234E043
(1675526518.706440) vcan0 1E0#000CC30300B917E0
(1675526518.706517) vcan0 28C#000020000014FEA8
(1675526518.706595) vcan0 2B5#4B014B6293A68115
(1675526518.706745) vcan0 340#9700000000000000
(1675526518.706819) vcan0 581#FFFFFFFFFFFF0081
(1675526518.706893) vcan0 010#000000002FB031F8
(1675526518.707035) vcan0 1D0#0000000000000061
(1675526518.707177) vcan0 291#0000000000000000
(1675526518.707322) vcan0 400#0000000000030014
(1675526518.707396) vcan0 405#3233343638333212
(1675526518.707470) vcan0 008#4880704700800080
(1675526518.709805) vcan0 072#F000FF3F0078A038
(1675526518.712277) vcan0 3B0#00D8383839B0C400
(1675526518.712421) vcan0 290#0000000000000000
(1675526518.716262) vcan0 0F5#0590F58F7F5B92CA
(1675526518.716414) vcan0 120#1D9015907F005689
(1675526518.716488) vcan0 130#B7F71D201063FD11
(1675526518.716562) vcan0 150#FD0F2D6827F887C0
(1675526518.716636) vcan0 3CA#00000000560000C8
(1675526518.716761) vcan0 260#D0FF0055497487B0
(1675526518.716841) vcan0 288#85E0C03F00000080
(1675526518.716919) vcan0 0E0#627335E800800600
(1675526518.716997) vcan0 010#000000002FB031F8
(1675526518.717146) vcan0 330#A000000000000000
(1675526518.717657) vcan0 008#4880803700800080
(1675526518.720257) vcan0 210#7AE080A0A869E645
(1675526518.721702) vcan0 125#E5A080E4C1D0D735
(1675526518.721780) vcan0 055#EBF7F727B2149C80
(1675526518.721857) vcan0 065#46E6F7F706BEF101
(1675526518.724530) vcan0 070#000013F8F2E12000
(1675526518.724608) vcan0 075#0000000000005458
(1675526518.724695) vcan0 080#EA4F8000C2002C00
(1675526518.724773) vcan0 0B0#39830EA3DBC139A3
(1675526518.724850) vcan0 145#F9D2D280FC4810A1
(1675526518.724928) vcan0 1B0#00C0000001B000FC
(1675526518.725077) vcan0 1B5#FF175F9738E0FFEF
(1675526518.725155) vcan0 1D8#363339343234E043
(1675526518.725233) vcan0 1E0#0010B34300B917E0
(1675526518.725310) vcan0 2C3#5D8700FFFFCB5450
(1675526518.725820) vcan0 010#000000002FB031F8
(1675526518.725898) vcan0 072#F000FF3F00788038
(1675526518.727178) vcan0 1D0#0000000000000061
