(1675525689.566279) vcan0 075#0000000000005458
(1675525689.566294) vcan0 080#FA4F8000C2002C00
(1675525689.566299) vcan0 0B0#398310A3DDC139A3
(1675525689.566304) vcan0 0F5#659859987F4BD2B4
(1675525689.566309) vcan0 120#839883987F015689
(1675525689.566314) vcan0 130#97FA1D7E183DFA11
(1675525689.566318) vcan0 145#F9A2D580FC4810A1
(1675525689.566323) vcan0 150#5E18FE2704F85DC0
(1675525689.566327) vcan0 010#008800002FB031F8
(1675525689.566332) vcan0 28C#000000000016FEA8
(1675525689.566336) vcan0 291#0000000000000000
(1675525689.566340) vcan0 2A9#8C26008AC0000084
(1675525689.566344) vcan0 2B5#4B95436293A67A1A
(1675525689.566349) vcan0 340#9E00000000000000
(1675525689.566389) vcan0 008#2880342700800080
(1675525689.568786) vcan0 072#F000FF3F0078A038
(1675525689.572351) vcan0 290#0000000000000000
(1675525689.572357) vcan0 0E0#627343E80080F800
(1675525689.578548) vcan0 1B0#00C0000006B000FC
(1675525689.578553) vcan0 1B5#FF6DA1F1DAE0FFEF
(1675525689.578558) vcan0 010#008800002FB031F8
(1675525689.578562) vcan0 1D0#0000000000000861
(1675525689.578566) vcan0 1D8#363339343234E043
(1675525689.578571) vcan0 1E0#0004E34300B917E0
(1675525689.578575) vcan0 210#59E080A0A869D44D
(1675525689.578579) vcan0 2C3#528700FFFF965450
(1675525689.578583) vcan0 260#D0FF00AA497487B0
(1675525689.578588) vcan0 008#2880441700800080
(1675525689.578592) vcan0 125#E51480E4C1D0D735
(1675525689.578679) vcan0 288#02E040BF00000080
(1675525689.581073) vcan0 055#F2F7FD27B2299C80
(1675525689.586116) vcan0 065#45E6FDF700CEFB01
(1675525689.586121) vcan0 070#00000CF8FBE11500
(1675525689.586125) vcan0 075#0000000000005458
(1675525689.586130) vcan0 080#FA4F8000C2002C00
(1675525689.586134) vcan0 0B0#398310A3DDC139A3
(1675525689.586138) vcan0 0F5#439859987F4FC2B6
(1675525689.586142) vcan0 120#80987B987F0F5689
(1675525689.586146) vcan0 010#008800002FB031F8
(1675525689.586150) vcan0 072#F000FF3F00788038
(1675525689.586155) vcan0 130#9FFA1D7E182DFD11
(1675525689.586159) vcan0 145#F992D680FC4810A1
(1675525689.586163) vcan0 150#4E18FF3704F85DC0
(1675525689.586167) vcan0 330#D500000000000000
(1675525689.586172) vcan0 008#2880540700800080
(1675525689.586316) vcan0 350#A200000000000080
(1675525689.589870) vcan0 0E0#627344F00080D700
(1675525689.593504) vcan0 1B0#00C000000BB000FC
(1675525689.593509) vcan0 1B5#FF7DB1F9E1E0FFEF
(1675525689.593660) vcan0 1D8#363339343234E043
(1675525689.595996) vcan0 010#008800002FB031F8
(1675525689.596001) vcan0 1D0#0000000000000061
(1675525689.596005) vcan0 1E0#0008D34300B917E0
(1675525689.596009) vcan0 291#0000000000000000
(1675525689.596013) vcan0 008#288064F700800080
(1675525689.598540) vcan0 125#E51180E4C1D0D735
(1675525689.598545) vcan0 072#F000FF3F0078A038
(1675525689.598620) vcan0 210#58E080A0A869D44D
(1675525689.602155) vcan0 055#F2F7FD27B2299C80
(1675525689.602160) vcan0 065#43E6FDF7FFCDFB01
(1675525689.602246) vcan0 070#00000CF8FBE11500
(1675525689.606132) vcan0 075#0000000000005458
(1675525689.606137) vcan0 080#FA4F8000C2002C00
(1675525689.606141) vcan0 0B0#398310A3DDC139A3
(1675525689.606145) vcan0 0F5#6C9857987F53B2B8
(1675525689.606149) vcan0 010#008800002FB031F9
(1675525689.606154) vcan0 120#A3988B987F095689
(1675525689.606158) vcan0 130#A7FA1D7E181DFF11
(1675525689.606162) vcan0 145#F982D780FC4810A1
(1675525689.606166) vcan0 150#6118004804F83AC0
(1675525689.606170) vcan0 288#0EE040BF00000080
(1675525689.606175) vcan0 28C#000000000016FEA8
(1675525689.606179) vcan0 290#0000000000000000
(1675525689.606183) vcan0 260#D0FF00AA497487B0
(1675525689.606240) vcan0 2A9#8C260082C0000084
(1675525689.606315) vcan0 2B5#4B95436293A67A1A
(1675525689.608670) vcan0 008#288074E700800080
(1675525689.608675) vcan0 2C0#528700000000A0F1
(1675525689.608679) vcan0 2C5#00E784E245E60070
(1675525689.608683) vcan0 3AF#0000000000000020
(1675525689.608688) vcan0 360#548700B0B964A041
(1675525689.611116) vcan0 0E0#62733DF80080BE00
(1675525689.614870) vcan0 1B0#00C0000007B000FC
(1675525689.614876) vcan0 1B5#FF8DC101E9E0FFEF
(1675525689.614881) vcan0 010#008800002FB031F8
(1675525689.614885) vcan0 072#F000FF3F00788038
(1675525689.614889) vcan0 1D0#0000000000000261
(1675525689.614893) vcan0 1D8#363339343234E043
(1675525689.614967) vcan0 1E0#0008D30300B917E0
(1675525689.615047) vcan0 2C3#528700FFFF975450
(1675525689.615125) vcan0 390#80FF051D021E584F
(1675525689.617731) vcan0 008#288084D700800080
(1675525689.617844) vcan0 125#E51180E4C1D0D735
(1675525689.622467) vcan0 055#F2F7FD27B2299C80
(1675525689.622472) vcan0 065#44E6FDF700CEFB01
(1675525689.622476) vcan0 070#00000CF8FBE11500
(1675525689.622554) vcan0 075#0000000000005458
(1675525689.623983) vcan0 080#FA4F8000C2002C00
(1675525689.624062) vcan0 0B0#398310A3DDC139A3
(1675525689.624142) vcan0 0F5#889859987F57A2BA
(1675525689.624219) vcan0 120#909888987FFF5589
(1675525689.624298) vcan0 010#008800002FB031F8
(1675525689.624377) vcan0 130#AFFA1D8818030112
(1675525689.624454) vcan0 145#F972D880FC4810A1
(1675525689.624531) vcan0 150#7018015804F81BC0
(1675525689.629016) vcan0 210#58E08020A869D445
(1675525689.629022) vcan0 291#0000000000000000
(1675525689.629026) vcan0 3D0#8E0F6100C50580C3
(1675525689.629036) vcan0 008#288094C700800080
(1675525689.629040) vcan0 072#F000FF3F0078A038
(1675525689.629045) vcan0 288#F5DF40BF00000080
(1675525689.631588) vcan0 290#0000000000000000
(1675525689.635295) vcan0 0E0#627334C00080A700
(1675525689.635300) vcan0 1B0#00C0000004B000FC
(1675525689.635305) vcan0 1B5#FF9DD108F1E0FFEF
(1675525689.635309) vcan0 1D8#363339343234E043
(1675525689.635313) vcan0 010#008800002FB031F8
(1675525689.635318) vcan0 1D0#0000000000000061
(1675525689.635321) vcan0 1E0#000CC34300B917E0
(1675525689.635326) vcan0 400#010102010101010D
(1675525689.635329) vcan0 260#D0FF0055497487B0
(1675525689.637775) vcan0 008#2880A4B700800080
(1675525689.637853) vcan0 125#E50E80E4C1D0D735
(1675525689.642734) vcan0 055#F2F7FD27B2299C80
(1675525689.642747) vcan0 065#44E6FDF700CEFB01
(1675525689.642751) vcan0 070#00000CF8FBE11500
(1675525689.642829) vcan0 075#0000000000005458
(1675525689.642908) vcan0 080#FA4F8000C2002C00
(1675525689.643060) vcan0 0B0#398310A3DDC139A3
(1675525689.647918) vcan0 0F5#71985B987F5B92BC
(1675525689.647923) vcan0 120#BA9888987F0D5689
(1675525689.647928) vcan0 010#008800002FB031F8
(1675525689.647932) vcan0 072#F000FF3F00788038
(1675525689.647936) vcan0 130#B7FA1D8818F30412
(1675525689.647940) vcan0 145#F962D980FC4810A1
(1675525689.647944) vcan0 150#6618FA6704F815C0
(1675525689.647949) vcan0 28C#000000000016FEA8
(1675525689.647953) vcan0 2A9#8C26009BC0000084
(1675525689.647957) vcan0 2B5#4B95436293A67A1A
(1675525689.647961) vcan0 340#9E00000000000000
(1675525689.647964) vcan0 370#1720C0006A1BC71F
(1675525689.647969) vcan0 008#2880B4A700800080
(1675525689.647973) vcan0 3CA#00000000520000C8
(1675525689.647977) vcan0 210#58E080A0A869D44D
(1675525689.650468) vcan0 0E0#627334C800808700
(1675525689.653984) vcan0 1B0#00C0000004B000FC
(1675525689.653990) vcan0 1B5#FFADE110F9E0FFEF
(1675525689.654069) vcan0 1D8#363339343234E043
(1675525689.654148) vcan0 1E0#0010B34300B917E0
(1675525689.654227) vcan0 010#008800002FB031F8
(1675525689.656476) vcan0 1D0#0000000000000861
(1675525689.656481) vcan0 288#02E050AF00000080
(1675525689.656485) vcan0 291#0000000000000000
(1675525689.656489) vcan0 2C3#528700FFFF975450
(1675525689.656568) vcan0 008#2880C49700800080
(1675525689.659069) vcan0 125#E50E80E4C1D0D735
(1675525689.659087) vcan0 072#F000FF3F0078A038
(1675525689.659169) vcan0 3B0#00D847383DB8C400
(1675525689.662650) vcan0 055#F2F7FD27B2299C80
(1675525689.662655) vcan0 065#44E6FDF700CEFB01
(1675525689.662659) vcan0 070#00000CF8FBE11500
(1675525689.662737) vcan0 075#0000000000005458
(1675525689.662888) vcan0 080#FA4F8000C2002C00
(1675525689.665622) vcan0 0B0#398310A3DDC139A3
(1675525689.665627) vcan0 0F5#629862987F5F82BE
(1675525689.665777) vcan0 120#A39880987F155689
(1675525689.665856) vcan0 130#BFFD1D8818E30412
(1675525689.665933) vcan0 145#F952DA80FC4810A1
(1675525689.666012) vcan0 150#6218FB7704F809C0
(1675525689.666089) vcan0 290#0000000000000000
(1675525689.666167) vcan0 010#008800002FB031F8
(1675525689.666246) vcan0 2C0#528700000000A0F1
(1675525689.666333) vcan0 2C5#00E784E245E60070
(1675525689.666411) vcan0 260#D0FF0055497487B0
(1675525689.666563) vcan0 330#D500000000000000
(1675525689.666641) vcan0 008#2880D48700800080
(1675525689.669460) vcan0 0E0#627336D000806500
(1675525689.671933) vcan0 1B0#00C0000002B000FC
(1675525689.674482) vcan0 1B5#FFBDF01801E0FFEF
(1675525689.674488) vcan0 010#008800002FB031F9
(1675525689.674492) vcan0 072#F000FF3F00788038
(1675525689.674496) vcan0 1D0#0000000000000261
(1675525689.674647) vcan0 1D8#363339343234E043
(1675525689.674725) vcan0 1E0#0010B30300B917E0
(1675525689.674803) vcan0 210#58E080A0A869D44D
(1675525689.678370) vcan0 008#2880E47700800080
(1675525689.678375) vcan0 350#A200000000000080
(1675525689.678380) vcan0 125#E50E80E4C1D0D735
(1675525689.678465) vcan0 288#16E050AF00000080
(1675525689.678542) vcan0 3C8#5287008E882C008E
(1675525689.681945) vcan0 055#F2F7FD27B2299C80
(1675525689.682026) vcan0 065#44E6FDF700CEFB01
(1675525689.685900) vcan0 070#00000CF8FBE11500
(1675525689.685905) vcan0 075#0000000000005458
(1675525689.685909) vcan0 080#FA4F8000C2002C00
(1675525689.685913) vcan0 0B0#398310A3DDC139A3
(1675525689.685917) vcan0 0F5#579862987F6372C0
(1675525689.685922) vcan0 120#859891987F1C5689
(1675525689.685926) vcan0 130#C7FD1D8818D30412
(1675525689.685930) vcan0 010#008800002FB031F8
(1675525689.685934) vcan0 145#F942DB80FC4810A1
(1675525689.685938) vcan0 150#5C18008804F8FFC0
(1675525689.685943) vcan0 28C#000000000016FEA8
(1675525689.685946) vcan0 291#0000000000000000
(1675525689.685950) vcan0 2A9#8C260082C0000084
(1675525689.685954) vcan0 2B5#4B95436293A67B1A
(1675525689.686027) vcan0 008#2880F46700800080
(1675525689.688398) vcan0 072#F000FF3F0078A038
(1675525689.690972) vcan0 290#0000000000000000
(1675525689.696047) vcan0 0E0#62733BD800804000
(1675525689.696052) vcan0 1B0#00C0000002B000FC
(1675525689.696056) vcan0 1B5#FFCD002009E0FFEF
(1675525689.696060) vcan0 010#008800002FB031F8
(1675525689.696064) vcan0 1D0#0000000000000061
(1675525689.696069) vcan0 1D8#363339343234E043
(1675525689.696072) vcan0 1E0#0014A34300B917E0
(1675525689.696077) vcan0 2C3#528700FFFF975450
(1675525689.696081) vcan0 260#D0FF0055497487B0
(1675525689.696085) vcan0 008#2880045700800080
(1675525689.698532) vcan0 125#E50E80E4C1D0D735
(1675525689.698550) vcan0 210#58E080A0A869D445
(1675525689.702121) vcan0 055#F2F7FD27B2299C80
(1675525689.702201) vcan0 065#43E6FDF700CEFB01
(1675525689.702281) vcan0 070#00000CF8FBE11500
(1675525689.707209) vcan0 075#0000000000005458
(1675525689.707214) vcan0 080#FA4F8000C2002C00
(1675525689.707218) vcan0 0B0#398310A3DDC139A3
(1675525689.707223) vcan0 0F5#459867987F6762C2
(1675525689.707227) vcan0 120#549883987F145689
(1675525689.707231) vcan0 010#008800002FB031F8
(1675525689.707235) vcan0 072#F000FF3F00788038
(1675525689.707240) vcan0 130#CFFD1D7618D5FF11
(1675525689.707244) vcan0 145#F932DC80FC4810A1
(1675525689.707248) vcan0 150#5618029804F8F5C0
(1675525689.707253) vcan0 288#E9DF50AF00000080
(1675525689.707255) vcan0 008#2880144700800080
(1675525689.707259) vcan0 360#548700B0B964A041
(1675525689.709691) vcan0 0E0#62733CE000801F00
(1675525689.713191) vcan0 1B0#00C0000005B000FC
(1675525689.713352) vcan0 1B5#FFDD102811E0FFEF
(1675525689.718236) vcan0 010#008800002FB031F8
(1675525689.718241) vcan0 1D0#0000000000000061
(1675525689.718246) vcan0 1D8#363339343234E043
(1675525689.718249) vcan0 1E0#0018934300B917E0
(1675525689.718254) vcan0 291#0000000000000000
(1675525689.718258) vcan0 390#80FF051D021A596F
(1675525689.718262) vcan0 008#2880243700800080
(1675525689.718266) vcan0 125#E50E80E4C1D0D735
(1675525689.718271) vcan0 072#F000FF3F0078A038
(1675525689.720800) vcan0 055#F2F7FD27B2299C80
(1675525689.725940) vcan0 065#44E6FDF700CEFB01
(1675525689.725945) vcan0 070#00000CF8FBE11500
(1675525689.725962) vcan0 075#0000000000005458
(1675525689.725966) vcan0 080#FA4F8000C2002C00
(1675525689.725970) vcan0 0B0#398310A3DDC139A3
(1675525689.725974) vcan0 0F5#79985B987F6B52C4
(1675525689.725978) vcan0 120#B89871987FFF5589
(1675525689.725982) vcan0 010#008800002FB031F8
(1675525689.725986) vcan0 130#D7FD1D7618C5FA11
(1675525689.725991) vcan0 145#F922DD80FC4810A1
(1675525689.725995) vcan0 150#6A18F6A704F8D1C0
(1675525689.725999) vcan0 210#58E080A0A869D445
(1675525689.726003) vcan0 28C#000000000016FEA8
(1675525689.726007) vcan0 290#0000000000000000
(1675525689.726011) vcan0 260#D0FF0055497487B0
(1675525689.728548) vcan0 2A9#8C26009BC0000084
(1675525689.728553) vcan0 2B5#4B95436293A67B1A
(1675525689.728558) vcan0 008#2880342700800080
(1675525689.728568) vcan0 2C0#528700000000A0F1
(1675525689.728572) vcan0 2C5#00E784E344E60070
(1675525689.728576) vcan0 340#9E00000000000000
(1675525689.728580) vcan0 3AF#0000000000000020
(1675525689.728585) vcan0 288#02E050AF00000080
(1675525689.734616) vcan0 0E0#627328E800801300
(1675525689.734621) vcan0 1B0#00C0000009B000FC
(1675525689.734626) vcan0 1B5#FFED203019E0FFEF
(1675525689.734630) vcan0 1D8#363339343234E043
(1675525689.734634) vcan0 010#008800002FB031F8
(1675525689.734708) vcan0 072#F000FF3F00788038
(1675525689.736148) vcan0 1D0#0000000000000861
(1675525689.736228) vcan0 1E0#0018930300B917E0
(1675525689.736305) vcan0 2C3#528700FFFF985450
(1675525689.736382) vcan0 008#2880441700800080
(1675525689.737586) vcan0 125#E50E80E4C1D0D735
(1675525689.742317) vcan0 055#F2F7FD27B2299C80
(1675525689.742322) vcan0 065#43E6FDF701CEFB01
(1675525689.742327) vcan0 070#00000CF8FBE11500
(1675525689.743767) vcan0 075#0000000000005458
(1675525689.743862) vcan0 080#FA4F8000C2002C00
(1675525689.743941) vcan0 0B0#398310A3DDC139A3
(1675525689.744018) vcan0 0F5#7B9854987F6F42C6
(1675525689.744098) vcan0 120#5D986C987F005689
(1675525689.744249) vcan0 130#DFFD1D7618B5F411
(1675525689.744326) vcan0 010#008800002FB031F8
(1675525689.744405) vcan0 145#F912DE80FC4810A1
(1675525689.748849) vcan0 150#6718FEB704F8C4C0
(1675525689.748854) vcan0 291#0000000000000000
(1675525689.748857) vcan0 330#D500000000000000
(1675525689.748861) vcan0 370#1720C0006A1BC71F
(1675525689.748866) vcan0 008#2880540700800080
(1675525689.748872) vcan0 072#F000FF3F0078A038
(1675525689.748876) vcan0 210#58E080A0A869D445
(1675525689.751511) vcan0 290#0000000000000000
(1675525689.757584) vcan0 0E0#627323F00080F800
(1675525689.757589) vcan0 1B0#00C0000009B000FC
(1675525689.757593) vcan0 1B5#FFFD303820E0FFEF
(1675525689.757597) vcan0 1D8#363339343234E043
(1675525689.757602) vcan0 1E0#001C834300B917E0
(1675525689.757606) vcan0 288#0AE0609F00000080
(1675525689.757610) vcan0 010#008800002FB031F9
(1675525689.757615) vcan0 1D0#0000000000000261
(1675525689.757619) vcan0 260#D0FF00AA497487B0
(1675525689.757623) vcan0 405#0000000000000021
(1675525689.757628) vcan0 008#288064F700800080
(1675525689.757630) vcan0 125#E50E80E4C1D0D735
(1675525689.760086) vcan0 055#F2F7FD27B2299C80
(1675525689.765193) vcan0 065#43E6FDF7FFCDFB01
(1675525689.765199) vcan0 070#00000CF8FBE11500
(1675525689.765203) vcan0 075#0000000000005458
(1675525689.765207) vcan0 080#FA4F8000C2002C00
(1675525689.765212) vcan0 0B0#398310A3DDC139A3
(1675525689.765216) vcan0 0F5#579857987F7332C8
(1675525689.765220) vcan0 120#3E9874987F0C5689
(1675525689.765224) vcan0 130#E7FD1D7418A7F111
(1675525689.765229) vcan0 145#F902DF80FC4810A1
(1675525689.765233) vcan0 150#5718FEC704F8C4C0
(1675525689.765237) vcan0 28C#000000000016FEA8
(1675525689.765242) vcan0 2B5#4B95436293A67B1A
(1675525689.765304) vcan0 3CA#00000000530000C8
(1675525689.765382) vcan0 010#008800002FB031F8
(1675525689.766597) vcan0 072#F000FF3F00788038
(1675525689.766677) vcan0 008#288074E700800080
(1675525689.766765) vcan0 2A9#8C260082C0000084
(1675525689.766844) vcan0 350#A200000000000080
(1675525689.769214) vcan0 0E0#62732EF80080CD00
(1675525689.771624) vcan0 1B0#00C0000009B000FC
(1675525689.775316) vcan0 1B5#FF0C404028E0FFEF
(1675525689.775321) vcan0 1D8#363339343234E043
(1675525689.775325) vcan0 010#008800002FB031F8
(1675525689.775329) vcan0 1D0#0000000000000061
(1675525689.775333) vcan0 1E0#0020734300B917E0
(1675525689.775338) vcan0 210#58E08020A869D44D
(1675525689.775410) vcan0 291#0000000000000000
(1675525689.775489) vcan0 2C3#528700FFFF985450
(1675525689.779110) vcan0 008#288084D700800080
(1675525689.779115) vcan0 125#E50E80E4C1D0D735
(1675525689.779193) vcan0 288#12E0609F00000080
(1675525689.779272) vcan0 072#F000FF3F0078A038
(1675525689.779360) vcan0 3B0#00D8473C3DB8C600
(1675525689.784214) vcan0 055#F2F7FD27B22B9C80
(1675525689.784219) vcan0 065#43E6FDF700CEFB01
(1675525689.784223) vcan0 070#00000CF8FBE11500
(1675525689.784228) vcan0 075#0000000000005458
(1675525689.784231) vcan0 080#FA4F8000C2002C00
(1675525689.784236) vcan0 0B0#398310A3DDC139A3
(1675525689.784240) vcan0 145#F9F2D080FC4810A1
(1675525689.784244) vcan0 0F5#549854987F7722C9
(1675525689.784248) vcan0 010#008800002FB031F8
(1675525689.784317) vcan0 120#79986F987F0E5689
(1675525689.784396) vcan0 130#EFFA1D6F189CEC11
(1675525689.784560) vcan0 150#541803D804F8B7C0
(1675525689.785731) vcan0 290#0000000000000000
(1675525689.785811) vcan0 2C0#528700000000A0F1
(1675525689.785888) vcan0 2C5#00E784E343E60070
(1675525689.785978) vcan0 260#D0FF00AA497487B0
(1675525689.786057) vcan0 008#288094C700800080
(1675525689.789558) vcan0 0E0#62732DC00080AE00
(1675525689.793135) vcan0 1B0#00C0000006B000FC
(1675525689.793216) vcan0 1B5#FF1C4F4730E0FFEF
(1675525689.794594) vcan0 010#008800002FB031F8
(1675525689.794674) vcan0 072#F000FF3F00788038
(1675525689.794752) vcan0 1D0#0000000000000061
(1675525689.794905) vcan0 1D8#363339343234E043
(1675525689.794983) vcan0 1E0#0020730300B917E0
(1675525689.798228) vcan0 008#2880A4B700800080
(1675525689.798233) vcan0 125#E50E80E4C1D0D735
(1675525689.798237) vcan0 210#58E080A0A869D44D
(1675525689.798315) vcan0 3C8#5287008E882C008E
(1675525689.800789) vcan0 055#F2F7FD27B22B9C80
(1675525689.805865) vcan0 065#43E6FDF700CEFB01
(1675525689.805881) vcan0 070#00000CF8FBE11500
(1675525689.805885) vcan0 075#0000000000005458
(1675525689.805889) vcan0 080#FA4F8000C2002C00
(1675525689.805893) vcan0 0B0#398310A3DDC139A3
(1675525689.805897) vcan0 0F5#369848987F7B12CB
(1675525689.805902) vcan0 120#969871987F075689
(1675525689.805906) vcan0 010#008800002FB031F8
(1675525689.805909) vcan0 130#F7FA1D6F188CF111
(1675525689.805913) vcan0 145#F9E2D180FC4810A1
(1675525689.805917) vcan0 150#3F18FFE704F8BCC0
(1675525689.805922) vcan0 288#F5DF609F00000080
(1675525689.805926) vcan0 28C#000000000016FEA8
(1675525689.805930) vcan0 291#0000000000000000
(1675525689.805934) vcan0 2A9#8C26008AC0000084
(1675525689.808360) vcan0 2B5#4B95436293A67B1B
(1675525689.808365) vcan0 340#9E00000000000000
(1675525689.808376) vcan0 008#2880B4A700800080
(1675525689.808380) vcan0 072#F000FF3F0078A038
(1675525689.810856) vcan0 360#548700B1B964A041
(1675525689.810932) vcan0 290#0000000000000000
(1675525689.815967) vcan0 0E0#62733CC800807F00
(1675525689.815972) vcan0 1B0#00C0000009B000FC
(1675525689.815976) vcan0 1B5#FF2C5F4F38E0FFEF
(1675525689.815981) vcan0 010#008800002FB031F8
(1675525689.815985) vcan0 1D0#0000000000000861
(1675525689.815989) vcan0 1D8#363339343234E043
(1675525689.815993) vcan0 1E0#0024634300B917E0
(1675525689.815997) vcan0 2C3#528700FFFF985450
(1675525689.816001) vcan0 390#80FF051D02165A4F
(1675525689.816006) vcan0 260#D0FF00AA497487B0
(1675525689.816137) vcan0 008#2880C49700800080
(1675525689.817477) vcan0 125#E50E80E4C1D0D735
(1675525689.822182) vcan0 055#F2F7FE27B22D9C80
(1675525689.822189) vcan0 065#42E6FDF700CEFB01
(1675525689.822193) vcan0 070#00000CF8FBE11500
(1675525689.825117) vcan0 075#0000000000005458
(1675525689.825195) vcan0 080#FB4F8000C2002C00
(1675525689.825274) vcan0 0B0#398310A3DDC139A3
(1675525689.825352) vcan0 0F5#5D9857987F7F02CD
(1675525689.825431) vcan0 120#9B987B987F105689
(1675525689.825510) vcan0 010#008800002FB031F8
(1675525689.825658) vcan0 072#F000FF3F00788038
(1675525689.825737) vcan0 130#FFFA1D6F187CF711
(1675525689.825814) vcan0 145#F9D2D280FC4810A1
(1675525689.825895) vcan0 150#5A18FAF704F891C0
(1675525689.825972) vcan0 210#58E080A0A869D445
(1675525689.826050) vcan0 330#D500000000000000
(1675525689.827655) vcan0 3D0#8E0F6100C50580C3
(1675525689.827674) vcan0 008#2880D48700800080
(1675525689.827679) vcan0 288#E5DF609F00000080
(1675525689.830205) vcan0 0E0#627339D000806200
(1675525689.833780) vcan0 1B0#00C0000007B000FC
(1675525689.833862) vcan0 1B5#FF3C6F5740E0FFEF
(1675525689.833943) vcan0 1D8#363339343234E043
(1675525689.834021) vcan0 010#008800002FB031F9
(1675525689.836273) vcan0 1D0#0000000000000261
(1675525689.836278) vcan0 1E0#0028534300B917E0
(1675525689.836282) vcan0 291#0000000000000000
(1675525689.836286) vcan0 008#2880E47700800080
(1675525689.838780) vcan0 125#E50B80E4C1D0D735
(1675525689.838860) vcan0 072#F000FF3F0078A038
(1675525689.842334) vcan0 055#F2F7FE27B22F9C80
(1675525689.842413) vcan0 065#42E6FEF700CEFB01
(1675525689.842492) vcan0 070#00000CF8FCE11500
(1675525689.842581) vcan0 075#0000000000005458
(1675525689.846251) vcan0 080#FB4F8000C2002C00
(1675525689.846256) vcan0 0B0#398310A3DDC139A3
(1675525689.846260) vcan0 0F5#2A9848987F43F2CF
(1675525689.846264) vcan0 120#919888987F1E5689
(1675525689.846269) vcan0 010#008800002FB031F8
(1675525689.846273) vcan0 130#87FA1D6F186CFD11
(1675525689.846277) vcan0 145#F9C2D380FC4810A1
(1675525689.846281) vcan0 150#3918F50704F8A2C0
(1675525689.846285) vcan0 28C#000000000016FEA8
(1675525689.846290) vcan0 290#0000000000000000
(1675525689.846294) vcan0 2A9#8C260093C0000084
(1675525689.846298) vcan0 2B5#4B95436293A67B1B
(1675525689.846302) vcan0 260#D0FF0055497487B0
(1675525689.846367) vcan0 2C0#528700000000A0F1
(1675525689.846445) vcan0 008#2880F46700800080
(1675525689.848785) vcan0 2C5#00E784E342E60070
(1675525689.848791) vcan0 370#1720C0006A1BC71F
(1675525689.848795) vcan0 3AF#0000000000000020
(1675525689.848799) vcan0 3E0#000000D930808090
(1675525689.848804) vcan0 210#58E080A0A869D44D
(1675525689.851421) vcan0 0E0#627325D800805600
(1675525689.857490) vcan0 1B0#00C0000009B000FC
(1675525689.857495) vcan0 1B5#FF4C7F5F48E0FFEF
(1675525689.857499) vcan0 1D8#363339343234E043
(1675525689.857504) vcan0 1E0#0028530300B917E0
(1675525689.857508) vcan0 010#008800002FB031F8
(1675525689.857512) vcan0 072#F000FF3F00788038
(1675525689.857516) vcan0 1D0#0000000000000061
(1675525689.857520) vcan0 288#F9DF708F00000080
(1675525689.857524) vcan0 2C3#528700FFFF995450
(1675525689.857528) vcan0 008#2880045700800080
(1675525689.857539) vcan0 350#A200000000000080
(1675525689.857620) vcan0 125#E50E80E4C1D0D735
(1675525689.860113) vcan0 055#F2F7FE27B22F9C80
(1675525689.866234) vcan0 065#43E6FEF700CEFC01
(1675525689.866239) vcan0 070#00000CF8FCE11500
(1675525689.866244) vcan0 075#0000000000005458
(1675525689.866248) vcan0 080#FB4F8000C2002C00
(1675525689.866252) vcan0 0B0#398310A3DDC139A3
(1675525689.866256) vcan0 0F5#5D9848987F47E2D1
(1675525689.866260) vcan0 120#349880987F105689
(1675525689.866265) vcan0 130#8FFD1D6F185CFD11
(1675525689.866268) vcan0 145#F9B2D480FC4810A1
(1675525689.866273) vcan0 010#008800002FB031F8
(1675525689.866277) vcan0 150#5318F91704F878C0
(1675525689.866281) vcan0 291#0000000000000000
(1675525689.866285) vcan0 008#2880144700800080
(1675525689.868838) vcan0 072#F000FF3F0078A038
(1675525689.872344) vcan0 290#0000000000000000
(1675525689.872350) vcan0 0E0#627327E000803400
(1675525689.878450) vcan0 1B0#00C0000009B000FC
(1675525689.878456) vcan0 1B5#FF5B8F6750E0FFEF
(1675525689.878460) vcan0 010#008800002FB031F8
(1675525689.878464) vcan0 1D0#0000000000000061
(1675525689.878468) vcan0 1D8#363339343234E043
(1675525689.878472) vcan0 1E0#002C434300B917E0
(1675525689.878476) vcan0 210#58E080A0A869D44D
(1675525689.878480) vcan0 260#D0FF0055497487B0
(1675525689.878484) vcan0 008#2880243700800080
(1675525689.878488) vcan0 125#E50E80E4C1D0D735
(1675525689.878492) vcan0 288#DDDF708F00000080
(1675525689.880953) vcan0 055#F2F7FE27B22F9C80
(1675525689.884889) vcan0 065#42E6FEF700CEFC01
(1675525689.884903) vcan0 070#00000CF8FCE11500
(1675525689.884907) vcan0 075#0000000000005458
(1675525689.884911) vcan0 080#FC4F8000C2002C00
(1675525689.884915) vcan0 0B0#398310A3DDC139A3
(1675525689.884919) vcan0 0F5#7E984A987F4BD2D3
(1675525689.884923) vcan0 120#ED9783987F045689
(1675525689.884927) vcan0 010#008800002FB031F8
(1675525689.884932) vcan0 072#F000FF3F00788038
(1675525689.884936) vcan0 130#97FA1D6F184CFF11
(1675525689.885005) vcan0 145#F9A2D580FC4810A1
(1675525689.885157) vcan0 150#6318F72704F858C0
(1675525689.885309) vcan0 28C#000000000016FEA8
(1675525689.885387) vcan0 2A9#8C26008AC0000084
(1675525689.885466) vcan0 2B5#4B95436293A67B1C
(1675525689.886346) vcan0 340#9E00000000000000
(1675525689.886427) vcan0 3CA#00000000540000C8
(1675525689.886516) vcan0 008#2880342700800080
(1675525689.886667) vcan0 400#010101010108010E
(1675525689.888902) vcan0 0E0#627316E800802500
(1675525689.891485) vcan0 1B0#00C0000016B000FC
(1675525689.897573) vcan0 1B5#FF6B9F6F57E0FFEF
(1675525689.897577) vcan0 010#008800002FB031F8
(1675525689.897582) vcan0 1D0#0000000000000861
(1675525689.897586) vcan0 1D8#363339343234E043
(1675525689.897590) vcan0 1E0#0030334300B917E0
(1675525689.897594) vcan0 291#0000000000000000
(1675525689.897598) vcan0 2C3#528700FFFF995450
(1675525689.897602) vcan0 008#2880441700800080
(1675525689.897674) vcan0 125#E51180E4C1D0D735
(1675525689.898972) vcan0 072#F000FF3F0078A038
(1675525689.899052) vcan0 210#58E080A0A869D445
(1675525689.899203) vcan0 3B0#00D847383DB8C400
(1675525689.905216) vcan0 055#F2F7FE27B2319C80
(1675525689.905221) vcan0 065#41E6FEF7FECDFC01
(1675525689.905226) vcan0 070#00000CF8FDE11500
(1675525689.905229) vcan0 075#0000000000005458
(1675525689.905234) vcan0 080#FC4F8000C2002C00
(1675525689.905238) vcan0 0B0#398310A3DDC139A3
(1675525689.905242) vcan0 0F5#0E983E987F4FC2D5
(1675525689.905246) vcan0 120#6C9885987FF95589
(1675525689.905250) vcan0 010#008800002FB031F8
(1675525689.905255) vcan0 130#9FFA1D6F183CFF11
(1675525689.905258) vcan0 145#F992D680FC4810A1
(1675525689.905263) vcan0 150#2518F63704F886C0
(1675525689.905267) vcan0 288#0EE0708F00000080
(1675525689.905271) vcan0 290#0000000000000000
(1675525689.905332) vcan0 2C0#528700000000A0F1
(1675525689.906606) vcan0 2C5#00E784E342E60070
(1675525689.906695) vcan0 260#D0FF0055497487B0
(1675525689.906774) vcan0 330#D500000000000000
(1675525689.906851) vcan0 008#2880540700800080
(1675525689.909137) vcan0 360#548700B1B964A041
(1675525689.911674) vcan0 0E0#62732BF00080F000
(1675525689.914237) vcan0 1B0#00C0000014B000FC
(1675525689.914241) vcan0 1B5#FF7BAE775FE0FFEF
(1675525689.914246) vcan0 010#008800002FB031F9
(1675525689.914250) vcan0 072#F000FF3F00788038
(1675525689.914403) vcan0 1D0#0000000000000261
(1675525689.914480) vcan0 1D8#363339343234E043
(1675525689.914558) vcan0 1E0#0030330300B917E0
(1675525689.914638) vcan0 390#80FF051D02125B4F
(1675525689.916744) vcan0 008#288064F700800080
(1675525689.916749) vcan0 125#E50E80E4C1D0D735
(1675525689.918044) vcan0 3C8#5287008E882C008E
(1675525689.921864) vcan0 055#F2F7FE27B2319C80
(1675525689.925817) vcan0 065#42E6FEF700CEFD01
(1675525689.925822) vcan0 070#00000CF8FDE11500
(1675525689.925826) vcan0 075#0000000000005458
(1675525689.925830) vcan0 080#FC4F8000C2002C00
(1675525689.925834) vcan0 0B0#398310A3DDC139A3
(1675525689.925838) vcan0 0F5#36983B987F53B2D7
(1675525689.925843) vcan0 120#88986C987F105689
(1675525689.925847) vcan0 010#008800002FB031F8
(1675525689.925851) vcan0 130#A7FA1D6F182CFF11
(1675525689.925856) vcan0 145#F982D780FC4810A1
(1675525689.925860) vcan0 150#3818014804F863C0
(1675525689.925864) vcan0 210#58E08020A869D445
(1675525689.925868) vcan0 28C#000000000016FEA8
(1675525689.925873) vcan0 291#0000000000000000
(1675525689.925877) vcan0 2A9#8C260093C0000084
(1675525689.925965) vcan0 2B5#4B95436293A67B1C
(1675525689.926045) vcan0 008#288074E700800080
(1675525689.928305) vcan0 072#F000FF3F0078A038
(1675525689.930757) vcan0 288#1EE0708F00000080
(1675525689.930762) vcan0 290#0000000000000000
(1675525689.934553) vcan0 0E0#62732AF80080D100
(1675525689.934558) vcan0 1B0#00C0000007B000FC
(1675525689.934562) vcan0 1B5#FF8BBE7E67E0FFEF
(1675525689.934567) vcan0 010#008800002FB031F8
(1675525689.934571) vcan0 1D0#0000000000000061
(1675525689.934575) vcan0 1D8#363339343234E043
(1675525689.934649) vcan0 1E0#0034234300B917E0
(1675525689.934728) vcan0 2C3#528700FFFF995450
(1675525689.936014) vcan0 260#D0FF00AA497487B0
(1675525689.937257) vcan0 008#288084D700800080
(1675525689.937337) vcan0 125#E50B80E4C1D0D735
(1675525689.943302) vcan0 055#F2F7FE27B2329C80
(1675525689.943307) vcan0 065#3FE6FEF700CEFD01
(1675525689.943312) vcan0 070#00000CF8FEE11500
(1675525689.943316) vcan0 075#0000000000005458
(1675525689.943320) vcan0 080#FD4F8000C2002C00
(1675525689.943395) vcan0 0B0#398310A3DDC139A3
(1675525689.947262) vcan0 0F5#2C9839987F57A2D9
(1675525689.947267) vcan0 120#909871987F085689
(1675525689.947271) vcan0 130#AFFA1D6F181CFF11
(1675525689.947275) vcan0 010#008800002FB031F8
(1675525689.947279) vcan0 072#F000FF3F00788038
(1675525689.947284) vcan0 145#F972D880FC4810A1
(1675525689.947288) vcan0 150#3218075804F859C0
(1675525689.947292) vcan0 370#1720C0006A1BC71F
(1675525689.947296) vcan0 008#288094C700800080
(1675525689.947300) vcan0 350#A200000000000080
(1675525689.947383) vcan0 210#58E080A0A869D445
(1675525689.949831) vcan0 0E0#627330C00080AB00
(1675525689.953325) vcan0 1B0#00C0000007B000FC
(1675525689.953330) vcan0 1B5#FF9BCE866FE0FFEF
(1675525689.953482) vcan0 1D8#363339343234E043
(1675525689.958409) vcan0 010#008800002FB031F8
(1675525689.958414) vcan0 1D0#0000000000000061
(1675525689.958418) vcan0 1E0#0038134300B917E0
(1675525689.958422) vcan0 288#1AE0807F00000080
(1675525689.958427) vcan0 291#0000000000000000
(1675525689.958431) vcan0 008#2880A4B700800080
(1675525689.958435) vcan0 125#E50B80E4C1D0D735
(1675525689.958439) vcan0 072#F000FF3F0078A038
(1675525689.960991) vcan0 055#F2F7FF27B2349C80
(1675525689.966001) vcan0 065#3FE6FEF7FECDFD01
(1675525689.966007) vcan0 070#00000CF8FEE11500
(1675525689.966020) vcan0 075#0000000000005458
(1675525689.966023) vcan0 080#FD4F8000C2002C00
(1675525689.966028) vcan0 0B0#398310A3DDC139A3
(1675525689.966032) vcan0 0F5#249840987F5B92DB
(1675525689.966036) vcan0 120#629871987F005689
(1675525689.966040) vcan0 130#B7FD1D6F180CFF11
(1675525689.966044) vcan0 145#F962D980FC4810A1
(1675525689.966047) vcan0 150#3118016804F84AC0
(1675525689.966051) vcan0 010#008800002FB031F8
(1675525689.966056) vcan0 28C#000000000016FEA8
(1675525689.966060) vcan0 290#0000000000000000
(1675525689.966064) vcan0 2A9#8C26008AC0000084
(1675525689.966068) vcan0 2B5#4B95436293A67B1C
(1675525689.967596) vcan0 260#D0FF00AA497487B0
(1675525689.967676) vcan0 2C0#528700000000A0F1
(1675525689.967755) vcan0 008#2880B4A700800080
(1675525689.967841) vcan0 2C5#00E784E341E60070
(1675525689.967920) vcan0 340#9E00000000000000
(1675525689.968007) vcan0 3AF#0000000000000020
(1675525689.973690) vcan0 0E0#627327C800809400
(1675525689.973695) vcan0 1B0#00C000000BB000FC
(1675525689.973700) vcan0 1B5#FFAADE8E77E0FFEF
(1675525689.973775) vcan0 010#008800002FB031F8
(1675525689.973854) vcan0 072#F000FF3F00788038
(1675525689.975074) vcan0 1D0#0000000000000861
(1675525689.975167) vcan0 1D8#363339343234E043
(1675525689.975246) vcan0 1E0#0038130300B917E0
(1675525689.975324) vcan0 210#58E080A0A869D44D
(1675525689.975402) vcan0 2C3#528700FFFF9A5450
(1675525689.978686) vcan0 008#2880C49700800080
(1675525689.978691) vcan0 125#E50980E4C1D0D735
(1675525689.978769) vcan0 288#02E0807F00000080
(1675525689.981176) vcan0 055#F2F7FF27B2349C80
(1675525689.986230) vcan0 065#3EE6FEF7FFCDFE01
(1675525689.986236) vcan0 070#00000CF8FEE11500
(1675525689.986240) vcan0 075#0000000000005458
(1675525689.986245) vcan0 080#FD4F8000C2002C00
(1675525689.986249) vcan0 0B0#398310A3DDC139A3
(1675525689.986253) vcan0 0F5#259836987F5F82DD
(1675525689.986257) vcan0 120#809862987F195689
(1675525689.986261) vcan0 010#008800002FB031F8
(1675525689.986265) vcan0 130#BFFD1D6F18FCFF11
(1675525689.986270) vcan0 145#F952DA80FC4810A1
(1675525689.986273) vcan0 150#2D18FE7704F83EC0
(1675525689.986277) vcan0 291#0000000000000000
(1675525689.986281) vcan0 330#D500000000000000
(1675525689.986285) vcan0 425#0000000000000000
(1675525689.986350) vcan0 008#2880D48700800080
(1675525689.988824) vcan0 072#F000FF3F0078A038
(1675525689.992336) vcan0 290#0000000000000000
(1675525689.992341) vcan0 0E0#627319D000808200
(1675525689.998555) vcan0 1B0#00C0000001B000FC
(1675525689.998560) vcan0 1B5#FFBAEE967FE0FFEF
(1675525689.998564) vcan0 1D8#363339343234E043
(1675525689.998568) vcan0 010#008800002FB031F8
(1675525689.998573) vcan0 1D0#0000000000000061
(1675525689.998577) vcan0 1E0#003C034300B917E0
(1675525689.998581) vcan0 260#D0FF00AA497487B0
(1675525689.998585) vcan0 008#2B80ECF400800080
(1675525689.998590) vcan0 125#E50980E4C1D0D735
(1675525689.998594) vcan0 210#58E080A0A869D44D
(1675525690.001030) vcan0 055#F2F7FF27B2349C80
(1675525690.005083) vcan0 065#3EE6FFF700CEFE01
(1675525690.005088) vcan0 070#00000CF8FFE11500
(1675525690.005103) vcan0 075#0000000000005458
(1675525690.005106) vcan0 080#FE4F8000C2002C00
(1675525690.005111) vcan0 0B0#398310A3DDC139A3
(1675525690.005114) vcan0 0F5#249845987F6372DF
(1675525690.005119) vcan0 010#008800002FB031F9
(1675525690.005133) vcan0 072#F000FF3F00788038
(1675525690.005137) vcan0 120#6C9862987F085689
(1675525690.005141) vcan0 130#C7FD1D6C18EFFF11
(1675525690.005146) vcan0 145#F942DB80FC4810A1
(1675525690.005203) vcan0 150#3418008804F827C0
(1675525690.005283) vcan0 288#16E0807F00000080
(1675525690.005360) vcan0 28C#000000000016FEA8
(1675525690.005438) vcan0 2A9#8C260082C0000084
(1675525690.007470) vcan0 2B5#4B95436293A67B1D
(1675525690.007475) vcan0 3CA#00000000550000C8
(1675525690.007479) vcan0 008#2B80FCE400800080
(1675525690.007489) vcan0 405#2AF82F0247186701
(1675525690.007568) vcan0 360#548700B2B964A041
(1675525690.010041) vcan0 0E0#627318D800806300
(1675525690.013579) vcan0 1B0#00C0000002B000FC
(1675525690.013584) vcan0 1B5#FFCAFD9E87E0FFEF
(1675525690.013663) vcan0 010#008800002FB031F8
(1675525690.013815) vcan0 1D0#0000000000000261
(1675525690.018647) vcan0 1D8#363339343234E043
(1675525690.018653) vcan0 1E0#0000F34300B917E0
(1675525690.018657) vcan0 291#0000000000000000
(1675525690.018662) vcan0 2C3#528700FFFF9A5450
(1675525690.018666) vcan0 390#80FF051D020E5C4F
(1675525690.018670) vcan0 008#2B800CD400800080
(1675525690.018674) vcan0 125#E50B80E4C1D0D735
(1675525690.018743) vcan0 072#F000FF3F0078A038
(1675525690.018888) vcan0 3B0#00D847383DB8C400
(1675525690.021198) vcan0 055#F2F7FF27B2349C80
(1675525690.025166) vcan0 065#3DE6FFF700CEFF01
(1675525690.025171) vcan0 070#00000CF8FFE11500
(1675525690.025175) vcan0 075#0000000000005458
(1675525690.025179) vcan0 080#FE4F8000C2002C00
(1675525690.025183) vcan0 0B0#398310A3DDC139A3
(1675525690.025188) vcan0 0F5#579836987F6762E1
(1675525690.025191) vcan0 010#008800002FB031F8
(1675525690.025196) vcan0 120#809862987F015689
(1675525690.025199) vcan0 130#CFFD1D6C18DFFF11
(1675525690.025204) vcan0 145#F932DC80FC4810A1
(1675525690.025208) vcan0 150#4618049804F805C0
(1675525690.025212) vcan0 210#58E080A0A869D445
(1675525690.025273) vcan0 290#0000000000000000
(1675525690.025417) vcan0 2C0#528700000000A0F1
(1675525690.025491) vcan0 2C5#00E784E33DE60070
(1675525690.028849) vcan0 260#D0FF00AA497487B0
(1675525690.028853) vcan0 3D0#8E0F6100C50580C3
(1675525690.028857) vcan0 008#2B801CC400800080
(1675525690.028861) vcan0 430#3F083B00000016A6
(1675525690.028866) vcan0 288#1AE0807F00000080
(1675525690.031340) vcan0 0E0#627310E000804B00
(1675525690.037473) vcan0 1B0#00C0000009B000FC
(1675525690.037478) vcan0 1B5#FFDA0DA68EE0FFEF
(1675525690.037483) vcan0 1D8#363339343234E043
(1675525690.037487) vcan0 010#008800002FB031F8
(1675525690.037490) vcan0 072#F000FF3F00788038
(1675525690.037496) vcan0 1D0#0000000000000061
(1675525690.037500) vcan0 1E0#0000F30300B917E0
(1675525690.037505) vcan0 008#2D802C9D15800080
(1675525690.037510) vcan0 350#A200000000000080
(1675525690.037585) vcan0 125#E50B80E4C1D0D735
(1675525690.038858) vcan0 3C8#5287008E882C008E
(1675525690.043665) vcan0 055#F2F7FF27B2369C80
(1675525690.043670) vcan0 065#3DE6FFF700CEFF01
(1675525690.043674) vcan0 070#00000CF8FFE11500
(1675525690.043678) vcan0 075#0000000000005458
(1675525690.043682) vcan0 080#FF4F8000C2002C00
(1675525690.043687) vcan0 0B0#398310A3DDC139A3
(1675525690.043691) vcan0 0F5#439839987F6B52E3
(1675525690.043762) vcan0 120#D69845987FEA5589
(1675525690.043914) vcan0 010#008800002FB031F8
(1675525690.043992) vcan0 130#D7FA1D6C18CFFF11
(1675525690.048728) vcan0 145#F922DD80FC4810A1
(1675525690.048734) vcan0 150#3E1805A804F8FDC0
(1675525690.048738) vcan0 28C#000000000016FEA8
(1675525690.048742) vcan0 291#0000000000000000
(1675525690.048746) vcan0 2A9#8C26009BC0000084
(1675525690.048759) vcan0 2B5#4B95436293A67B1E
(1675525690.048763) vcan0 340#9E00000000000000
(1675525690.048767) vcan0 370#1720C0006A1BC71F
(1675525690.048771) vcan0 008#2D803C8D15800080
(1675525690.048775) vcan0 072#F000FF3F0078A038
(1675525690.048779) vcan0 210#58E080A0A869D44D
(1675525690.051341) vcan0 290#0000000000000000
(1675525690.057459) vcan0 0E0#62731EE800801D00
(1675525690.057464) vcan0 1B0#00C0000003B000FC
(1675525690.057468) vcan0 1B5#FFEA1DAD96E0FFEF
(1675525690.057472) vcan0 1D8#363339343234E043
(1675525690.057477) vcan0 1E0#0004E34300B917E0
(1675525690.057481) vcan0 010#008800002FB031F8
(1675525690.057485) vcan0 1D0#0000000000000861
(1675525690.057489) vcan0 288#2FE0906F00000080
(1675525690.057494) vcan0 2C3#528700FFFF9B5450
(1675525690.057498) vcan0 260#D0FF0055497487B0
(1675525690.057502) vcan0 008#2D804C7D15800080
(1675525690.057579) vcan0 125#E50980E4C1D0D735
(1675525690.059925) vcan0 055#F2F7FF27B23C9C81
(1675525690.066072) vcan0 065#3DE6FFF700CEFF01
(1675525690.066077) vcan0 070#00000CF800E21500
(1675525690.066081) vcan0 075#0000000000005458
(1675525690.066085) vcan0 080#04508000C2002C00
(1675525690.066090) vcan0 0B0#398310A3DDC139A3
(1675525690.066094) vcan0 0F5#1F9836987F6F42E5
(1675525690.066098) vcan0 120#719852987FFE5589
(1675525690.066103) vcan0 130#DFFA1D6C18BFFF11
(1675525690.066107) vcan0 145#F912DE80FC4810A1
(1675525690.066111) vcan0 150#2A1808B804F801C0
(1675525690.066115) vcan0 010#008800002FB031F8
(1675525690.066118) vcan0 072#F000FF3F00788038
(1675525690.066123) vcan0 330#D500000000000000
(1675525690.066127) vcan0 008#2D805C6D15800080
(1675525690.069831) vcan0 0E0#627323F00080F800
(1675525690.074710) vcan0 1B0#00C0000009B000FC
(1675525690.074715) vcan0 1B5#FFFA2DB59EE0FFEF
(1675525690.074719) vcan0 1D8#363339343234E043
(1675525690.074723) vcan0 010#008800002FB031F9
(1675525690.074728) vcan0 1D0#0000000000000261
(1675525690.074803) vcan0 1E0#0008D34300B917E0
(1675525690.074883) vcan0 210#58E08020A869D44D
(1675525690.074960) vcan0 291#0000000000000000
(1675525690.077097) vcan0 008#2D806C5D15800080
(1675525690.077102) vcan0 125#E50980E4C1D0D735
(1675525690.078602) vcan0 072#F000FF3F0078A038
(1675525690.078680) vcan0 288#0AE0906F00000080
(1675525690.084845) vcan0 055#F2F7FF27B2459C81
(1675525690.084861) vcan0 065#3EE6FFF700CE0002
(1675525690.084865) vcan0 070#00000CF801E21500
(1675525690.084869) vcan0 075#0000000000005458
(1675525690.084873) vcan0 080#05508000C2002C00
(1675525690.084878) vcan0 0B0#398310A3DDC139A3
(1675525690.084882) vcan0 0F5#399834987F7332E7
(1675525690.084886) vcan0 010#008800002FB031F8
(1675525690.084890) vcan0 120#3E986A987F1D5689
(1675525690.084893) vcan0 130#E7FD1D6718B4FA11
(1675525690.084964) vcan0 145#F902DF80FC4810A1
(1675525690.085115) vcan0 150#36180BC803F8E5C0
(1675525690.085194) vcan0 28C#000000000016FEA8
(1675525690.085273) vcan0 290#0000000000000000
(1675525690.086400) vcan0 2A9#8C260082C0000084
(1675525690.086491) vcan0 2B5#4B96436293A67C1F
(1675525690.086570) vcan0 260#D0FF0055497487B0
(1675525690.086660) vcan0 2C0#528700000000A0F1
(1675525690.086738) vcan0 008#2D807C4D15800080
(1675525690.086889) vcan0 2C5#00E784E33EE60070
(1675525690.086967) vcan0 3AF#0000000000000020
(1675525690.089074) vcan0 0E0#62731FF80080DC00
(1675525690.091581) vcan0 1B0#00C0000004B000FC
(1675525690.096605) vcan0 1B5#FF093DBDA6E0FFEF
(1675525690.096614) vcan0 010#008800002FB031F8
(1675525690.096618) vcan0 072#F000FF3F00788038
(1675525690.096623) vcan0 1D0#0000000000000061
(1675525690.096627) vcan0 1D8#363339343234E043
(1675525690.096631) vcan0 1E0#0008D30300B917E0
(1675525690.096636) vcan0 2C3#528700FFFF9B5450
(1675525690.096639) vcan0 008#2D808C3D15800080
(1675525690.096644) vcan0 125#E50980E4C1D0D735
(1675525690.099021) vcan0 210#58E080A0A869D445
(1675525690.102703) vcan0 055#F2F70028B24C9C81
(1675525690.102707) vcan0 065#40E6FFF700CE0102
(1675525690.102712) vcan0 070#00000CF802E21500
(1675525690.102789) vcan0 075#0000000000005458
(1675525690.102868) vcan0 080#09508000C2002C00
(1675525690.107724) vcan0 0B0#398310A3DDC139A3
(1675525690.107729) vcan0 0F5#369836987F7722E9
(1675525690.107734) vcan0 120#769859987FF95589
(1675525690.107738) vcan0 010#008800002FB031F8
(1675525690.107742) vcan0 130#EFFA1D6718A4FD11
(1675525690.107746) vcan0 145#F9F2D080FC4810A1
(1675525690.107750) vcan0 150#3618FED703F8D5C0
(1675525690.107755) vcan0 288#F1DF906F00000080
(1675525690.107758) vcan0 291#0000000000000000
(1675525690.107763) vcan0 008#2D809C2D15800080
(1675525690.107767) vcan0 072#F000FF3F0078A038
(1675525690.107843) vcan0 360#548700B4B964A041
(1675525690.110313) vcan0 290#0000000000000000
(1675525690.113972) vcan0 0E0#627328C00080B300
(1675525690.113977) vcan0 1B0#00C0000000B000FC
(1675525690.113981) vcan0 1B5#FF194CC5AEE0FFEF
(1675525690.113986) vcan0 010#008800002FB031F8
(1675525690.114135) vcan0 1D0#0000000000000061
(1675525690.114295) vcan0 1D8#363339343234E043
(1675525690.114374) vcan0 1E0#000CC34300B917E0
(1675525690.117906) vcan0 390#80FF051D020A5D4F
(1675525690.117911) vcan0 260#D0FF0055497487B0
(1675525690.117915) vcan0 008#2D80AC1D15800080
(1675525690.117919) vcan0 125#E50B80E4C1D0D735
(1675525690.120432) vcan0 055#F2F70028B2539C81
(1675525690.125571) vcan0 065#40E6FFF702CE0202
(1675525690.125576) vcan0 070#00000CF803E21500
(1675525690.125597) vcan0 075#0000000000005458
(1675525690.125602) vcan0 080#0F508000C2002C00
(1675525690.125606) vcan0 0B0#398310A3DDC139A3
(1675525690.125610) vcan0 0F5#3E983E987F7B12EB
(1675525690.125614) vcan0 120#7E986F987F115689
(1675525690.125617) vcan0 010#008800002FB031F8
(1675525690.125622) vcan0 072#F000FF3F00788038
(1675525690.125626) vcan0 130#F7FD1D671894FD11
(1675525690.125630) vcan0 145#F9E2D180FC4810A1
(1675525690.125634) vcan0 150#3E18F9E703F8BDC0
(1675525690.125638) vcan0 210#58E080A0A869D445
(1675525690.125704) vcan0 28C#000000000016FEA8
(1675525690.125784) vcan0 2A9#8C26009BC0000084
(1675525690.126985) vcan0 2B5#4B96436293A67D22
(1675525690.127063) vcan0 340#9E00000000000000
(1675525690.127141) vcan0 008#2D80BC0D15800080
(1675525690.127230) vcan0 3CA#00000000560000C8
(1675525690.127307) vcan0 350#A200000000000080
(1675525690.128452) vcan0 288#02E0906F00000080
(1675525690.133226) vcan0 0E0#627324C800809700
(1675525690.133231) vcan0 1B0#00C0000002B000FC
(1675525690.133235) vcan0 1B5#FF295CCDB6E0FFEF
(1675525690.138384) vcan0 1D8#363339343234E043
(1675525690.138389) vcan0 010#008800002FB031F8
(1675525690.138393) vcan0 1D0#0000000000000861
(1675525690.138397) vcan0 1E0#0010B34300B917E0
(1675525690.138402) vcan0 291#0000000000000000
(1675525690.138406) vcan0 2C3#528700FFFF9B5450
(1675525690.138410) vcan0 400#010302040101010F
(1675525690.138414) vcan0 008#2D80CC1200800080
(1675525690.138418) vcan0 125#E50B80E4C1D0D735
(1675525690.138489) vcan0 072#F000FF3F0078A038
(1675525690.138578) vcan0 3B0#00FC4E383DB8C402
(1675525690.140873) vcan0 055#F2F70028B25C9C81
(1675525690.144893) vcan0 065#43E600F800CE0302
(1675525690.144899) vcan0 070#00000CF805E21500
(1675525690.144903) vcan0 075#0000000000005458
(1675525690.144908) vcan0 080#16508000C2002C00
(1675525690.144912) vcan0 0B0#398310A3DDC139A3
(1675525690.144916) vcan0 0F5#399840987F7F02ED
(1675525690.144920) vcan0 120#659867987F0D5689
(1675525690.144924) vcan0 010#008800002FB031F8
(1675525690.144928) vcan0 130#FFFF1D671884FD11
(1675525690.144932) vcan0 145#F9D2D280FC4810A1
(1675525690.144937) vcan0 150#3C18FEF703F8AFC0
(1675525690.145000) vcan0 290#0000000000000000
(1675525690.145078) vcan0 2C0#528700000000A0F1
(1675525690.145155) vcan0 2C5#03E784E243E60070
(1675525690.145243) vcan0 330#D500000000000000
(1675525690.147362) vcan0 370#0720C0006A1BC71F
(1675525690.147367) vcan0 260#D0FF00AA497487B0
(1675525690.147371) vcan0 008#2D80DC0200800080
(1675525690.147375) vcan0 3E0#000000D930808090
(1675525690.147379) vcan0 210#58E080A0A869D445
(1675525690.149931) vcan0 0E0#627323D000807800
(1675525690.153465) vcan0 1B0#00C0000002B000FC
(1675525690.153471) vcan0 1B5#FF396CD5BDE0FFEF
(1675525690.153623) vcan0 1D8#363339343234E043
(1675525690.153700) vcan0 1E0#0010B30300B917E0
(1675525690.155880) vcan0 010#008800002FB031F9
(1675525690.155887) vcan0 072#F000FF3F00788038
(1675525690.155891) vcan0 1D0#0000000000000261
(1675525690.155895) vcan0 288#16E0A05F00000080
(1675525690.155900) vcan0 008#2D80ECF200800080
(1675525690.158413) vcan0 125#E50B80E4C1D0D735
(1675525690.158493) vcan0 3C8#5287008E882C008E
(1675525690.160979) vcan0 055#F2F70128B2649C80
(1675525690.166066) vcan0 065#43E600F802CE0502
(1675525690.166071) vcan0 070#00000CF806E21500
(1675525690.166075) vcan0 075#0000000000005458
(1675525690.166079) vcan0 080#17508000C2002C00
(1675525690.166083) vcan0 0B0#398310A3DDC139A3
(1675525690.166088) vcan0 0F5#319843987F43F2EF
(1675525690.166092) vcan0 120#2C9854987F055689
(1675525690.166096) vcan0 130#87FF1D541887FA11
(1675525690.166100) vcan0 145#F9C2D380FC4810A1
(1675525690.166104) vcan0 010#008800002FB031F8
(1675525690.166108) vcan0 150#3A18050803F8A1C0
(1675525690.166113) vcan0 28C#000000000016FEA8
(1675525690.166117) vcan0 291#0000000000000000
(1675525690.166121) vcan0 2A9#8C260082C0000084
(1675525690.166190) vcan0 2B5#4B96436293A67E24
(1675525690.168533) vcan0 008#2D80FCE200800080
(1675525690.168614) vcan0 072#F000FF3F0078A038
(1675525690.172105) vcan0 290#0000000000000000
(1675525690.172185) vcan0 0E0#627323D800805800
(1675525690.174747) vcan0 1B0#00C0000001B000FC
(1675525690.174751) vcan0 1B5#FF487CDCC5E0FFEF
(1675525690.174756) vcan0 010#008800002FB031F8
(1675525690.174760) vcan0 1D0#0000000000000061
(1675525690.174764) vcan0 1D8#363339343234E043
(1675525690.174839) vcan0 1E0#0014A34300B917E0
(1675525690.174918) vcan0 210#5AE080A0A869D44D
(1675525690.174997) vcan0 2C3#528700FFFF9C5450
(1675525690.178628) vcan0 260#D0FF00AA497487B0
(1675525690.178633) vcan0 008#2D800CD200800080
(1675525690.178658) vcan0 125#E50B80E4C1D0D735
(1675525690.178740) vcan0 288#0AE0A05F00000080
(1675525690.182264) vcan0 055#F2F70228B2679C80
(1675525690.182345) vcan0 065#3FE600F800CE0402
(1675525690.182424) vcan0 070#00000CF808E21500
(1675525690.184912) vcan0 075#0000000000005458
(1675525690.184917) vcan0 080#18508000C2002C00
(1675525690.184922) vcan0 0B0#398310A3DDC139A3
(1675525690.184926) vcan0 0F5#409839987F47E2F1
(1675525690.184930) vcan0 120#E5975D987FFF5589
(1675525690.184934) vcan0 010#008800002FB031F8
