(1675526183.763634) vcan0 055#EFF72728B2BE9C80
(1675526183.763696) vcan0 065#1BE728F800BE4802
(1675526183.763846) vcan0 070#00000FF847E22000
(1675526183.763935) vcan0 075#0000000000005458
(1675526183.764012) vcan0 080#67508000C2002C00
(1675526183.764091) vcan0 0B0#398317A3E3C139A3
(1675526183.764600) vcan0 145#F962D980FC4810A1
(1675526183.764749) vcan0 210#0BE08020B969B84D
(1675526183.764826) vcan0 28C#000000000034FEAA
(1675526183.764902) vcan0 0E0#627399E80080A200
(1675526183.765702) vcan0 1B0#00C0000003B000FC
(1675526183.765782) vcan0 1B5#FF96FA7DA4E0FFEF
(1675526183.765858) vcan0 1D8#363339343234DE43
(1675526183.765937) vcan0 1E0#0018934300B917E0
(1675526183.768466) vcan0 2B5#4B12176293A67A5C
(1675526183.768545) vcan0 010#008000002FB031F8
(1675526183.769562) vcan0 291#0000000000000000
(1675526183.769638) vcan0 2A9#8C26008AC0000084
(1675526183.769717) vcan0 125#E58384E5C1D0D735
(1675526183.770608) vcan0 008#1D84109C32800080
(1675526183.771711) vcan0 350#A200000000000080
(1675526183.772744) vcan0 072#F000FF3F0078A038
(1675526183.773778) vcan0 360#C99C00A7B15EA001
(1675526183.774879) vcan0 0F5#8F9208927F4BD280
(1675526183.774953) vcan0 120#8F9203927F515689
(1675526183.775027) vcan0 130#970A1E23129E0F12
(1675526183.775923) vcan0 150#4B1270295EF976C0
(1675526183.777024) vcan0 010#008000002FB031F8
(1675526183.778126) vcan0 1D0#0000000000000061
(1675526183.779364) vcan0 390#80FF0500021A596F
(1675526183.780498) vcan0 008#2284206356800080
(1675526183.783249) vcan0 055#EFF72628B2BE9C80
(1675526183.783327) vcan0 065#1EE727F802BE4702
(1675526183.783477) vcan0 070#00000FF846E22000
(1675526183.783553) vcan0 075#0000000000005458
(1675526183.783641) vcan0 080#66508000C2002C00
(1675526183.784369) vcan0 0B0#398317A3E3C139A3
(1675526183.784446) vcan0 145#F952DA80FC4810A1
(1675526183.784526) vcan0 260#D0FF00AA497487B0
(1675526183.784603) vcan0 290#0000000000000000
(1675526183.784679) vcan0 2C0#BB9C00050100A0F1
(1675526183.785408) vcan0 0E0#627393F000808800
(1675526183.785484) vcan0 1B0#00C0000002B000FC
(1675526183.785563) vcan0 1B5#FFA20683AAE0FFEF
(1675526183.785711) vcan0 1D8#363339343234DE43
(1675526183.786583) vcan0 1E0#0018930300B917E0
(1675526183.789329) vcan0 2C3#BB9C00FFFF4C5450
(1675526183.789406) vcan0 288#5BE420DF00000080
(1675526183.789483) vcan0 2C5#24DF99B51BE70070
(1675526183.789561) vcan0 370#0729C0008E03C71F
(1675526183.789637) vcan0 3E0#000000D935808090
(1675526183.789724) vcan0 010#008000002FB031F9
(1675526183.789875) vcan0 072#F000FF3F00788038
(1675526183.789953) vcan0 210#0BE080A0B969B845
(1675526183.790031) vcan0 3D0#960F6100250D80C3
(1675526183.790399) vcan0 125#E58B84E5C1D0D735
(1675526183.790482) vcan0 008#2484304364800080
(1675526183.791448) vcan0 0F5#89920F927F4FC282
(1675526183.792411) vcan0 120#8D920F927F4D5689
(1675526183.793445) vcan0 130#9F0A1E23128E0D12
(1675526183.794545) vcan0 150#4C1273395EF965C0
(1675526183.796950) vcan0 010#008000002FB031F8
(1675526183.798052) vcan0 1D0#0000000000000261
(1675526183.799082) vcan0 291#0000000000000000
(1675526183.800185) vcan0 008#2684402273800080
(1675526183.802956) vcan0 055#EFF72628B2BB9C80
(1675526183.803108) vcan0 065#1DE727F800BE4702
(1675526183.803196) vcan0 070#00000FF845E22000
(1675526183.803274) vcan0 075#0000000000005458
(1675526183.804145) vcan0 080#65508000C2002C00
(1675526183.804224) vcan0 0B0#398317A3E3C139A3
(1675526183.804373) vcan0 145#F942DB80FC4810A1
(1675526183.804451) vcan0 072#F000FF3F0078A038
(1675526183.804528) vcan0 28C#000000000034FEAA
(1675526183.805255) vcan0 2B5#4B12176293A6795B
(1675526183.805334) vcan0 0E0#627393F800806800
(1675526183.805412) vcan0 1B0#00C0000001B000FC
(1675526183.805487) vcan0 1B5#FFAE1289B0E0FFEF
(1675526183.805565) vcan0 1D8#363339343234DE43
(1675526183.806294) vcan0 1E0#001C834300B917E0
(1675526183.809109) vcan0 340#9900000000000000
(1675526183.809258) vcan0 010#008000002FB031F8
(1675526183.809335) vcan0 2A9#8C260082C0000084
(1675526183.810216) vcan0 125#E59384E5C1D0D735
(1675526183.811267) vcan0 008#288450EC97800080
(1675526183.811341) vcan0 288#53E420DF00000080
(1675526183.812307) vcan0 290#0000000000000000
(1675526183.812449) vcan0 260#D0FF0055497487B0
(1675526183.813412) vcan0 210#0BE080A0B969B845
(1675526183.814580) vcan0 0F5#9A9214927F53B283
(1675526183.815611) vcan0 120#AF9221927F515689
(1675526183.815686) vcan0 130#A7071E23127E0D12
(1675526183.815759) vcan0 150#571273495EF94AC0
(1675526183.815902) vcan0 3CA#00000000D20000C8
(1675526183.816730) vcan0 010#008000002FB031F8
(1675526183.819133) vcan0 072#F000FF3F00788038
(1675526183.819208) vcan0 1D0#0000000000000061
(1675526183.820171) vcan0 008#2D8460C9A5800080
(1675526183.823028) vcan0 055#EFF72628B2BD9C80
