(1675525585.680119) vcan0 291#0000000000000000
(1675525585.680253) vcan0 390#80FF0500022E544F
(1675525585.680331) vcan0 290#0000000000000000
(1675525585.680409) vcan0 1B0#00C0000002B000FC
(1675525585.680488) vcan0 1B5#FF6E40BFBCE0FFEF
(1675525585.680567) vcan0 1D8#363339343234E143
(1675525585.680644) vcan0 1E0#0018930300B917E0
(1675525585.680794) vcan0 2C3#669C00FFFF475450
(1675525585.680871) vcan0 072#F000FF3F00788038
(1675525585.688013) vcan0 008#508128000E800080
(1675525585.688087) vcan0 010#000000002FB031F8
(1675525585.688161) vcan0 210#09E080A0B969B74D
(1675525585.688303) vcan0 2A9#8C260082C0000084
(1675525585.688378) vcan0 055#F3F71428B2969C80
(1675525585.688451) vcan0 065#BAE514F8FFCD3802
(1675525585.695224) vcan0 070#00000AF838E21500
(1675525585.695312) vcan0 075#0000000000005458
(1675525585.695389) vcan0 080#35508000C2002C00
(1675525585.695468) vcan0 0B0#398311A3E1C139A3
(1675525585.695545) vcan0 0F5#539632967F4FC2C9
(1675525585.695624) vcan0 120#879655967F1B5689
(1675525585.695774) vcan0 130#9F011E5516580112
(1675525585.695853) vcan0 145#F932DC80FC4810A1
(1675525585.695930) vcan0 150#42169D388FF86BC0
(1675525585.696007) vcan0 288#E1E1F00F00000080
(1675525585.696086) vcan0 0E0#627346D000805500
(1675525585.696236) vcan0 008#508138F00E800080
(1675525585.696314) vcan0 260#D0FF00AA497487B0
(1675525585.696391) vcan0 125#E59B81E4C1D0D735
(1675525585.696470) vcan0 010#000000002FB031F8
(1675525585.700230) vcan0 072#F000FF3F0078A038
(1675525585.700308) vcan0 1D0#0000000000000061
(1675525585.700468) vcan0 1B0#00C0000002B000FC
(1675525585.700545) vcan0 1B5#FF7D4FC7C3E0FFEF
(1675525585.700623) vcan0 1D8#363339343234E143
(1675525585.700699) vcan0 1E0#001C834300B917E0
(1675525585.700779) vcan0 008#508148CB23800080
(1675525585.702709) vcan0 010#000000002FB031F8
(1675525585.710949) vcan0 291#0000000000000000
(1675525585.711024) vcan0 055#F3F71428B2969C80
(1675525585.711098) vcan0 065#BAE514F800CE3802
(1675525585.711240) vcan0 070#00000AF838E21500
(1675525585.711314) vcan0 075#0000000000005458
(1675525585.711390) vcan0 080#35508000C2002C00
(1675525585.711465) vcan0 0B0#398311A3E1C139A3
(1675525585.711609) vcan0 0F5#5D9622967F53B2CB
(1675525585.711682) vcan0 120#7C9648967F1A5689
(1675525585.711756) vcan0 130#A7011E5516480112
(1675525585.711837) vcan0 145#F922DD80FC4810A1
(1675525585.711912) vcan0 150#4016A1488EF85DC0
(1675525585.712055) vcan0 28C#00000000002EFEA6
(1675525585.712131) vcan0 290#0000000000000000
(1675525585.712264) vcan0 0E0#627348D800803300
(1675525585.718114) vcan0 2B5#4BA41B6293A67751
(1675525585.718193) vcan0 2C0#669C00000000A0F1
(1675525585.718271) vcan0 2C5#19E779E5BBE50070
(1675525585.718420) vcan0 072#F000FF3F00788038
(1675525585.718499) vcan0 210#09E08020B969B74D
(1675525585.718575) vcan0 008#508158BB23800080
(1675525585.718653) vcan0 330#2800000000000000
(1675525585.718730) vcan0 350#A200000000000080
(1675525585.718809) vcan0 3AF#0000000000000020
(1675525585.718959) vcan0 3CA#00000000530000C8
(1675525585.719038) vcan0 288#D4E1F00F00000080
(1675525585.719125) vcan0 125#E59B81E4C1D0D735
(1675525585.719203) vcan0 010#000000002FB031F9
(1675525585.719354) vcan0 1D0#0000000000000261
(1675525585.720515) vcan0 1B0#00C0000002B000FC
(1675525585.720665) vcan0 1B5#FF8B5DCECAE0FFEF
(1675525585.720743) vcan0 1D8#363339343234E143
(1675525585.720822) vcan0 1E0#0020734300B917E0
(1675525585.720900) vcan0 2C3#669C00FFFF475450
(1675525585.720977) vcan0 008#508168AB23800080
(1675525585.726082) vcan0 260#D0FF0055497487B0
(1675525585.726156) vcan0 010#000000002FB031F8
(1675525585.726300) vcan0 072#F000FF3F0078A038
(1675525585.726374) vcan0 2A9#8C26009BC0000084
(1675525585.732141) vcan0 0F5#57961E967F57A2CD
(1675525585.732266) vcan0 055#F3F71428B2969C80
(1675525585.732346) vcan0 065#B8E514F8FECD3802
(1675525585.732432) vcan0 070#00000AF838E21500
(1675525585.732509) vcan0 075#0000000000005458
(1675525585.732588) vcan0 080#35508000C2002C00
(1675525585.732738) vcan0 0B0#398311A3E1C139A3
(1675525585.732817) vcan0 120#8B9641967F1C5689
(1675525585.732894) vcan0 130#AF011E551638FF11
(1675525585.732972) vcan0 145#F912DE80FC4810A1
(1675525585.733051) vcan0 150#3B169B588DF852C0
(1675525585.733200) vcan0 370#0727C0006E03CB1F
(1675525585.733279) vcan0 0E0#62734FE000800C00
(1675525585.733356) vcan0 3C8#669C008E882C008E
(1675525585.736680) vcan0 008#5081789B23800080
(1675525585.736758) vcan0 125#E59881E4C1D0D735
(1675525585.736836) vcan0 010#000000002FB031F8
(1675525585.736913) vcan0 1D0#0000000000000861
(1675525585.737064) vcan0 210#09E080A0B969B745
(1675525585.737153) vcan0 291#0000000000000000
(1675525585.742342) vcan0 290#0000000000000000
(1675525585.742485) vcan0 1B0#00C0000001B000FC
