(1675525904.311885) vcan0 1E0#003C034300B917E0
(1675525904.311948) vcan0 2C3#4F9E00FFFF095450
(1675525904.312708) vcan0 210#0FE080A0C269C245
(1675525904.316908) vcan0 0E0#E27311D000808A00
(1675525904.316986) vcan0 008#5F80BCF000800080
(1675525904.317930) vcan0 290#0000000000000000
(1675525904.318078) vcan0 010#008000002FB031F8
(1675525904.318157) vcan0 1D0#0000000000000061
(1675525904.319027) vcan0 291#0000000000000000
(1675525904.320053) vcan0 125#E5EE7FE5C1D0D735
(1675525904.321141) vcan0 0F5#63A95EA97F5F82C1
(1675525904.321220) vcan0 120#9CA98CA97FFE5589
(1675525904.321296) vcan0 130#BFFF1D6F29EBFF11
(1675525904.321446) vcan0 150#6029FB77FBF7FAC0
(1675525904.322175) vcan0 072#F000FF3F00788038
(1675525904.323258) vcan0 260#D0FF0055497487B0
(1675525904.324225) vcan0 008#5F80CCE000800080
(1675525904.325331) vcan0 288#EDDFA05F00000080
(1675525904.326365) vcan0 010#008000002FB031F8
(1675525904.327400) vcan0 2A9#8C260082C0000084
(1675525904.330355) vcan0 055#F9F71438B2979E80
(1675525904.330428) vcan0 065#7AE614F801EE5E02
(1675525904.330503) vcan0 070#000005F85EE20D00
(1675525904.330576) vcan0 075#0000000000005458
(1675525904.330720) vcan0 080#36508000C2002C00
(1675525904.330805) vcan0 0B0#528319A3E4C152E3
(1675525904.330879) vcan0 145#F9F2D080FC4810A1
(1675525904.330954) vcan0 28C#00000000002CFEA9
(1675525904.331027) vcan0 2B5#4B76176293A67A6D
(1675525904.331169) vcan0 340#9F00000000000000
(1675525904.331243) vcan0 370#0726C0008A03CF1F
(1675525904.331388) vcan0 1B0#00C0000005B000FC
(1675525904.331530) vcan0 1B5#FFD3290633E0FFEF
(1675525904.332838) vcan0 1D8#363339343234E143
(1675525904.332913) vcan0 1E0#003C030300B917E0
(1675525904.333887) vcan0 0E0#E27314D800806700
(1675525904.334901) vcan0 008#5F80DCD000800080
(1675525904.334980) vcan0 3C8#4F9E008E882C008E
(1675525904.335925) vcan0 010#008000002FB031F8
(1675525904.337013) vcan0 072#F000FF3F00788038
(1675525904.337090) vcan0 1D0#0000000000000061
(1675525904.337177) vcan0 210#0FE08020C269C24D
(1675525904.338047) vcan0 125#E5EE7FE5C1D0D735
(1675525904.340788) vcan0 0F5#53A967A97F6372C5
(1675525904.340867) vcan0 120#6FA990A97FFC5589
(1675525904.341883) vcan0 130#C7FF1D6F29DBFF11
(1675525904.341961) vcan0 150#5B29F887FCF7EFC0
(1675525904.342037) vcan0 3CA#00000000530000C8
(1675525904.342910) vcan0 008#5F80ECC000800080
(1675525904.344023) vcan0 010#008000002FB031F8
(1675525904.345059) vcan0 291#0000000000000000
(1675525904.346092) vcan0 330#2800000000000000
(1675525904.347058) vcan0 425#0000000000000000
(1675525904.348571) vcan0 055#F9F71438B2979E80
(1675525904.348647) vcan0 065#79E614F800EE5E02
(1675525904.348722) vcan0 070#000005F85EE20D00
(1675525904.348863) vcan0 075#0000000000005458
(1675525904.348947) vcan0 080#36508000C2002C00
(1675525904.349021) vcan0 0B0#528319A3E4C152E3
(1675525904.349641) vcan0 145#F9E2D180FC4810A1
(1675525904.349716) vcan0 290#0000000000000000
(1675525904.349791) vcan0 2C0#4F9E00000000A0F1
(1675525904.349933) vcan0 2C5#30DF8DBF7BE6D470
(1675525904.353814) vcan0 288#F9DFB04F00000080
(1675525904.353890) vcan0 1B0#00C0000003B000FC
(1675525904.353968) vcan0 1B5#FFEE441441E0FFEF
(1675525904.354046) vcan0 072#F000FF3F0078A038
(1675525904.354195) vcan0 1D8#363339343234E143
(1675525904.354275) vcan0 1E0#0000F34300B917E0
(1675525904.354351) vcan0 2C3#4F9E00FFFF095450
(1675525904.354430) vcan0 260#D0FF0055497487B0
(1675525904.354869) vcan0 0E0#E27314E000804700
(1675525904.354946) vcan0 008#5F80FCB000800080
(1675525904.355972) vcan0 350#A200000000000080
(1675525904.356986) vcan0 010#008000002FB031F8
(1675525904.357065) vcan0 1D0#0000000000000061
(1675525904.357935) vcan0 125#E5F17FE5C1D0D735
(1675525904.359022) vcan0 0F5#4BA95EA97F6762C8
(1675525904.360109) vcan0 120#88A99CA97F045689
(1675525904.361134) vcan0 130#CFFF1D6F29CBFF11
(1675525904.362211) vcan0 150#5129FE97FCF7E9C0
(1675525904.362289) vcan0 210#0FE080A0C269C245
(1675525904.364599) vcan0 008#5F800CA000800080
(1675525904.367415) vcan0 010#008000002FB031F8
(1675525904.367490) vcan0 072#F000FF3F00788038
(1675525904.367562) vcan0 2A9#8C26008AC0000084
(1675525904.367706) vcan0 055#F9F71438B2979E80
(1675525904.367781) vcan0 065#7AE614F8FEED5E02
(1675525904.367854) vcan0 070#000005F85EE20D00
(1675525904.368487) vcan0 075#0000000000005458
(1675525904.368561) vcan0 080#36508000C2002C00
(1675525904.368635) vcan0 0B0#528319A3E4C152E3
(1675525904.368778) vcan0 145#F9D2D280FC4810A1
(1675525904.368853) vcan0 28C#00000000002CFEA9
(1675525904.369544) vcan0 2B5#4B76176293A67A6E
(1675525904.370578) vcan0 1B0#00C0000001B000FC
(1675525904.371684) vcan0 1B5#FF095F214EE0FFEF
(1675525904.371757) vcan0 1D8#363339343234E143
(1675525904.374607) vcan0 1E0#0004E34300B917E0
