(1675525730.096821) vcan0 210#2EE080A0A869D045
(1675525730.096956) vcan0 28C#000000000016FEA2
(1675525730.097034) vcan0 2B5#4BCE316293A66C43
(1675525730.097113) vcan0 370#0720C000711BC71F
(1675525730.097407) vcan0 008#06801CE900800080
(1675525730.097484) vcan0 0F5#FC99F6997F47E256
(1675525730.097562) vcan0 120#329A0C9A7F025689
(1675525730.098580) vcan0 130#8FFF1D221AA7F411
(1675525730.098657) vcan0 150#F919161814F8D1C0
(1675525730.099905) vcan0 010#008800002FB031F9
(1675525730.099985) vcan0 1D0#0000000000000261
(1675525730.100063) vcan0 291#0000000000000000
(1675525730.101058) vcan0 0E0#62732CF00080EF00
(1675525730.104976) vcan0 072#F000FF3F00788038
(1675525730.105122) vcan0 3B0#00D83F383DB4C402
(1675525730.105196) vcan0 350#A200000000000080
(1675525730.106165) vcan0 125#E53680E4C1D0D735
(1675525730.107202) vcan0 1B0#00C0000003B000FC
(1675525730.107346) vcan0 008#06802CD900800080
(1675525730.108381) vcan0 1B5#FF0FB22E13E0FFEF
(1675525730.108456) vcan0 1D8#363339343234E043
(1675525730.108529) vcan0 1E0#0000F30300B917E0
(1675525730.109636) vcan0 010#008800002FB031F8
(1675525730.111993) vcan0 288#47E0609F00000080
(1675525730.114887) vcan0 055#F6F70928B2819C82
(1675525730.114982) vcan0 065#F2E408F803DE2402
(1675525730.115062) vcan0 070#000007F826E20F00
(1675525730.115211) vcan0 075#0000000000005458
(1675525730.115289) vcan0 080#28508000C2002C00
(1675525730.115366) vcan0 0B0#5283F9A2E0C152A3
(1675525730.115444) vcan0 145#F9B2D480FC4810A1
(1675525730.115522) vcan0 290#0000000000000000
(1675525730.115671) vcan0 2C0#528700000000A0F1
(1675525730.116114) vcan0 2C5#0CE75FEEF2E40070
(1675525730.117204) vcan0 008#06803CC900800080
(1675525730.117353) vcan0 0F5#0F9A059A7F4BD258
(1675525730.118372) vcan0 120#459A239A7F055689
(1675525730.118448) vcan0 130#97FD1D221A97F411
(1675525730.118598) vcan0 150#091A1C2814F8B0C0
(1675525730.121203) vcan0 010#008800002FB031F8
(1675525730.121279) vcan0 072#F000FF3F0078A038
(1675525730.121366) vcan0 1D0#0000000000000061
(1675525730.121512) vcan0 210#2EE080A0A869D04D
(1675525730.121584) vcan0 0E0#62732AF80080D100
(1675525730.122278) vcan0 260#D0FF00AA497487B0
(1675525730.123449) vcan0 125#E53680E4C1D0D735
(1675525730.124484) vcan0 1B0#00C0000003B000FC
(1675525730.125520) vcan0 008#06804CB900800080
(1675525730.128065) vcan0 1B5#FF20C3371CE0FFEF
(1675525730.128138) vcan0 1D8#363339343234E043
(1675525730.128212) vcan0 1E0#0004E34300B917E0
(1675525730.129112) vcan0 2C3#528700FFFFCC5450
(1675525730.129186) vcan0 010#008800002FB031F8
(1675525730.131906) vcan0 291#0000000000000000
(1675525730.131985) vcan0 2A9#8C26008AC0000084
(1675525730.133003) vcan0 055#F6F70A28B2969C83
(1675525730.134092) vcan0 065#F2E409F801DE2502
(1675525730.134181) vcan0 070#000007F829E20F00
(1675525730.134332) vcan0 072#F000FF3F00788038
(1675525730.134410) vcan0 075#0000000000005458
(1675525730.135211) vcan0 080#32508000C2002C00
(1675525730.135290) vcan0 0B0#5283F9A2E0C152A3
(1675525730.135367) vcan0 145#F9A2D580FC4810A1
(1675525730.135446) vcan0 28C#000000000016FEA3
(1675525730.135524) vcan0 2B5#4BCE316293A66E46
(1675525730.136252) vcan0 340#8300000000000000
(1675525730.138866) vcan0 288#4BE0708F00000080
(1675525730.138950) vcan0 008#06805CA900800080
(1675525730.140255) vcan0 0F5#F599FC997F4FC25A
(1675525730.140402) vcan0 120#4B9A1D9A7F075689
(1675525730.140477) vcan0 130#9FFD1D221A87F411
(1675525730.140553) vcan0 150#F819133814F8B2C0
(1675525730.140625) vcan0 010#008800002FB031F8
(1675525730.140727) vcan0 1D0#0000000000000861
(1675525730.141561) vcan0 0E0#627328C00080B300
(1675525730.142667) vcan0 290#0000000000000000
(1675525730.143770) vcan0 210#2EE080A0A869D04D
(1675525730.144945) vcan0 125#E53680E4C1D0D735
(1675525730.147282) vcan0 1B0#00C0000004B000FC
(1675525730.147355) vcan0 008#06806C9900800080
(1675525730.148324) vcan0 1B5#FF31D43F24E0FFEF
(1675525730.148399) vcan0 1D8#363339343234E043
(1675525730.148542) vcan0 1E0#0008D34300B917E0
(1675525730.149783) vcan0 010#008800002FB031F8
(1675525730.149857) vcan0 072#F000FF3F0078A038
(1675525730.149930) vcan0 330#D600000000000000
(1675525730.150907) vcan0 260#D0FF00AA497487B0
(1675525730.151995) vcan0 055#F6F70B28B2AC9C83
(1675525730.153087) vcan0 065#F0E409F8FFDD2702
(1675525730.154265) vcan0 070#000007F82CE20F00
(1675525730.154344) vcan0 075#0000000000005458
(1675525730.154423) vcan0 080#3A508000C2002C00
(1675525730.155581) vcan0 0B0#5283F9A2E0C152A3
(1675525730.155661) vcan0 145#F992D680FC4810A1
(1675525730.155738) vcan0 360#578700AFB564A041
(1675525730.156609) vcan0 008#06807C8900800080
(1675525730.157701) vcan0 0F5#019AFE997F53B25C
(1675525730.161891) vcan0 120#4B9A329A7F055689
(1675525730.162036) vcan0 130#A7FF1D221A77F711
