(1675526538.666091) vcan0 2A9#8CA60082C0000087
(1675526538.668408) vcan0 1B0#00C0180002B023FC
(1675526538.669511) vcan0 1B5#FFA455A886E0FFEF
(1675526538.670818) vcan0 1D8#363339343234DE43
(1675526538.670893) vcan0 072#F000FF3F0078A038
(1675526538.671035) vcan0 1E0#0024634300B917E0
(1675526538.671110) vcan0 210#5AE080A0A869E045
(1675526538.673856) vcan0 288#62DD708F00000080
(1675526538.673931) vcan0 055#DFF7FB67B3009C80
(1675526538.674006) vcan0 065#64E3FCF7FF8DFC01
(1675526538.674081) vcan0 070#00001FF8FBE12B00
(1675526538.674222) vcan0 075#0000000000005458
(1675526538.674304) vcan0 080#F44F8000C2002C00
(1675526538.674379) vcan0 0B0#5F8388A2FAC15FA3
(1675526538.674453) vcan0 145#FD62D980FCC810A1
(1675526538.674528) vcan0 28C#000020000014BE93
(1675526538.674670) vcan0 008#B9877C10B7880080
(1675526538.674744) vcan0 290#0000000000000000
(1675526538.674888) vcan0 0E0#E27389E80080B200
(1675526538.675031) vcan0 2B5#4B444A6293A63B35
(1675526538.675104) vcan0 010#000000002FB031F8
(1675526538.675213) vcan0 1D0#0000000000000061
(1675526538.676306) vcan0 2C0#5D8700730300A0F1
(1675526538.676457) vcan0 2C5#00D72A836AE30070
(1675526538.676535) vcan0 340#8700000000000000
(1675526538.676612) vcan0 3AF#0000000000000020
(1675526538.678926) vcan0 0F5#35868D86BF7B11EA
(1675526538.679005) vcan0 120#4A8696867FEA5589
(1675526538.680029) vcan0 130#F7EC1D8D0680EC11
(1675526538.680179) vcan0 125#E5B778E4C1D0D735
(1675526538.680257) vcan0 150#5B061FE71DF7B2C0
(1675526538.682424) vcan0 010#000000002FB031F8
(1675526538.683872) vcan0 008#DB878CB2E3880080
(1675526538.683951) vcan0 072#F000FF3F00788038
(1675526538.684892) vcan0 330#BC00000000000000
(1675526538.687452) vcan0 1B0#00C0180001B024FC
(1675526538.688898) vcan0 1B5#FFA85AAA88E0FFEF
(1675526538.689931) vcan0 1D8#363339343234DE43
(1675526538.690005) vcan0 1E0#0024630300B917E0
(1675526538.690148) vcan0 2C3#5D8700FFFF6F5450
(1675526538.692413) vcan0 055#DFF7FB67B3009C80
(1675526538.692488) vcan0 065#63E3FCF7FF8DFC01
(1675526538.695368) vcan0 070#00001FF8FBE12B00
(1675526538.695446) vcan0 075#0000000000005458
(1675526538.695545) vcan0 080#F44F8000C2002C00
(1675526538.695624) vcan0 0B0#5D8387A2FAC15DA3
(1675526538.695702) vcan0 145#FD52DA80FCC810A1
(1675526538.695780) vcan0 010#000000002FB031F8
(1675526538.695858) vcan0 008#FD879C5B07890080
(1675526538.695936) vcan0 1D0#0000000000000061
(1675526538.696086) vcan0 0E0#E27383F000809800
(1675526538.696164) vcan0 210#5AE08020A869E04D
(1675526538.696241) vcan0 260#D0FF00AA497487B0
(1675526538.696319) vcan0 291#0000000000000000
(1675526538.696397) vcan0 350#A200000000000080
(1675526538.696547) vcan0 288#41DD807F00000080
(1675526538.698859) vcan0 072#F000FF3F0078A038
(1675526538.700380) vcan0 0F5#2A868A86BF7F01EB
(1675526538.700459) vcan0 120#2C868D867FE85589
(1675526538.700536) vcan0 125#E57578E4C1D0D735
(1675526538.700695) vcan0 130#FFEC1D8B0672F111
(1675526538.700772) vcan0 150#5E0617F715F79FC0
(1675526538.701932) vcan0 3C8#5D87008E882C008E
(1675526538.702010) vcan0 290#0000000000000000
(1675526538.702952) vcan0 008#1F88ACFD32890080
(1675526538.704400) vcan0 010#000000002FB031F8
(1675526538.704478) vcan0 2A9#8C26019BC0000087
(1675526538.706922) vcan0 1B0#00C01B0001B024FC
(1675526538.709327) vcan0 1B5#FFAC5EAC8AE0FFEF
(1675526538.710637) vcan0 1D8#363339343234DE43
(1675526538.710710) vcan0 1E0#0028534300B917E0
(1675526538.713662) vcan0 055#DFF7FB67B3009C80
(1675526538.713736) vcan0 065#60E3FCF7FF8DFC01
(1675526538.713811) vcan0 070#00001FF8FBE12B00
(1675526538.713884) vcan0 075#0000000000005458
(1675526538.714027) vcan0 080#F54F8000C2002C00
(1675526538.714109) vcan0 0B0#5B8387A2FBC15BA3
(1675526538.714183) vcan0 145#FD42DB80FCC810A1
(1675526538.714258) vcan0 28C#000020000014BE93
(1675526538.714331) vcan0 008#4188BCA756890080
(1675526538.714474) vcan0 010#000000002FB031F8
(1675526538.714685) vcan0 072#F000FF3F00788038
(1675526538.714829) vcan0 0E0#E27386F800807500
(1675526538.714902) vcan0 1D0#0000000000000861
(1675526538.714976) vcan0 2B5#4B444B6293A63B35
(1675526538.715805) vcan0 370#0721C000621BC735
(1675526538.718190) vcan0 210#5AE080A0A869E045
(1675526538.719496) vcan0 0F5#23868086BF43F1EB
(1675526538.719572) vcan0 120#1E8692867FE15589
(1675526538.719651) vcan0 130#87EC1D8B0662F411
(1675526538.719801) vcan0 125#E53578E4C1D0D735
(1675526538.719878) vcan0 150#570612070DF796C0
(1675526538.722070) vcan0 288#29DD807F00000080
(1675526538.723446) vcan0 010#000000002FB031F9
(1675526538.724534) vcan0 008#6388CC5873890080
(1675526538.724611) vcan0 260#D0FF00AA497487B0
(1675526538.724688) vcan0 291#0000000000000000
(1675526538.727120) vcan0 072#F000FF3F0078A038
(1675526538.728497) vcan0 360#5E8700D2B364A001
