(1675526289.408233) vcan0 1D0#0000000000000061
(1675526289.410587) vcan0 1B0#00C0000002B000FC
(1675526289.411886) vcan0 1B5#FF27261011E0FFEF
(1675526289.411968) vcan0 1D8#363339343234E043
(1675526289.412049) vcan0 1E0#0004E34300B917E0
(1675526289.413426) vcan0 210#97E080A0A869014E
(1675526289.415947) vcan0 008#1280F47D00800080
(1675526289.417398) vcan0 010#000000002FB031F8
(1675526289.418923) vcan0 072#F000FF3F00788038
(1675526289.419030) vcan0 0E0#62731ED000807D00
(1675526289.419112) vcan0 330#2800000000000000
(1675526289.421476) vcan0 0F5#148A1B8A7F4BD244
(1675526289.421559) vcan0 120#258A5C8A7F095689
(1675526289.423012) vcan0 055#E1F7FB27B2259C80
(1675526289.423094) vcan0 065#57E6F7F706AEF701
(1675526289.423176) vcan0 070#00001EF8FBE13300
(1675526289.423260) vcan0 075#0000000000005458
(1675526289.423341) vcan0 080#F34F8000C2002C00
(1675526289.423423) vcan0 0B0#6B8311A3DEC16BA3
(1675526289.423505) vcan0 130#97F71D2C0A9DFD11
(1675526289.423589) vcan0 125#E51F80E5C1D0D735
(1675526289.425878) vcan0 145#FD12DE80FC4810A1
(1675526289.425960) vcan0 150#190A032809F8B0C0
(1675526289.426043) vcan0 290#0000000000000000
(1675526289.426125) vcan0 2C0#6B8700000000A0F1
(1675526289.426216) vcan0 2C5#00D7868751E60070
(1675526289.426299) vcan0 360#6B8700D3AF64A001
(1675526289.426382) vcan0 008#1280046D00800080
(1675526289.427377) vcan0 010#000000002FB031F8
(1675526289.428448) vcan0 1D0#0000000000000061
(1675526289.429749) vcan0 291#0000000000000000
(1675526289.429831) vcan0 390#80FF051D023A514F
(1675526289.429912) vcan0 260#D0FF00AA497487B0
(1675526289.429994) vcan0 288#F5DF00FF00000080
(1675526289.431371) vcan0 1B0#00C0000002B000FC
(1675526289.431454) vcan0 1B5#FF2E2D1314E0FFEF
(1675526289.431535) vcan0 1D8#363339343234E043
(1675526289.431618) vcan0 1E0#0004E30300B917E0
(1675526289.432460) vcan0 2C3#6B8700FFFF345450
(1675526289.432541) vcan0 072#F000FF3F0078A038
(1675526289.436107) vcan0 008#1280145D00800080
(1675526289.438785) vcan0 010#000000002FB031F8
(1675526289.438868) vcan0 210#97E080A0A8690146
(1675526289.438949) vcan0 0E0#627316D800806500
(1675526289.439031) vcan0 2A9#8C260093C0000084
(1675526289.441317) vcan0 0F5#0D8A0D8A7F4FC245
(1675526289.442768) vcan0 120#298A308A7F065689
(1675526289.442851) vcan0 130#9FFA1D2C0A8DFD11
(1675526289.442932) vcan0 055#E0F7FB27B2259C80
(1675526289.443015) vcan0 065#59E6F7F703AEF701
(1675526289.443096) vcan0 070#00001EF8FBE13300
(1675526289.443180) vcan0 075#0000000000005458
(1675526289.443262) vcan0 080#F34F8000C2002C00
(1675526289.443344) vcan0 0B0#6B8311A3DEC16BA3
(1675526289.445635) vcan0 125#E51D80E5C1D0D735
(1675526289.445717) vcan0 145#FD02DF80FC4810A1
(1675526289.445799) vcan0 150#110AFD3708F8A8C0
(1675526289.445903) vcan0 28C#000000000010FEA8
(1675526289.445985) vcan0 2B5#4B4E3B6293A68215
(1675526289.446068) vcan0 340#9C00000000000000
(1675526289.446150) vcan0 370#0726C000671BCB00
(1675526289.446232) vcan0 008#1280244D00800080
(1675526289.448214) vcan0 581#FFFFFFFFFFFF0081
(1675526289.449515) vcan0 010#000000002FB031F9
(1675526289.449597) vcan0 072#F000FF3F0078A038
(1675526289.449680) vcan0 1D0#0000000000000A61
(1675526289.449762) vcan0 400#0401010202010210
(1675526289.451136) vcan0 405#0000000000000000
(1675526289.451218) vcan0 1B0#00C0000002B000FC
(1675526289.451301) vcan0 1B5#FF35331618E0FFEF
(1675526289.451383) vcan0 1D8#363339343234E043
(1675526289.452228) vcan0 1E0#0008D34300B917E0
(1675526289.452310) vcan0 290#0000000000000000
(1675526289.454736) vcan0 288#06E000FF00000080
(1675526289.455959) vcan0 008#1280343D00800080
(1675526289.457415) vcan0 0E0#627318E000804300
(1675526289.458867) vcan0 010#000000002FB031F8
(1675526289.460014) vcan0 260#D0FF0055497487B0
(1675526289.461389) vcan0 291#0000000000000000
(1675526289.461471) vcan0 0F5#138A158A7F53B246
(1675526289.461552) vcan0 120#4D8AA3897FFF5589
(1675526289.464426) vcan0 055#E0F7FB27B2259C80
(1675526289.464508) vcan0 065#59E6F6F703AEF501
(1675526289.464591) vcan0 070#00001EF8FBE13300
(1675526289.464673) vcan0 075#0000000000005458
(1675526289.464756) vcan0 080#F34F8000C2002C00
(1675526289.464838) vcan0 0B0#6B8311A3DEC16BA3
(1675526289.464920) vcan0 125#E51A80E5C1D0D735
(1675526289.465002) vcan0 130#A7FA1D2C0A7DFF11
(1675526289.465095) vcan0 145#FDF2D080FC4810A1
(1675526289.465177) vcan0 150#160A024808F893C0
(1675526289.465258) vcan0 072#F000FF3F00788038
(1675526289.465341) vcan0 210#97E080A0A8690146
(1675526289.465880) vcan0 008#12804CAD00800080
(1675526289.468473) vcan0 010#000000002FB031F8
(1675526289.468633) vcan0 1D0#0000000000000061
(1675526289.471525) vcan0 1B0#00C0000002B000FC
(1675526289.471607) vcan0 1B5#FF3B391A1BE0FFEF
(1675526289.471690) vcan0 1D8#363339343234E043
(1675526289.471772) vcan0 1E0#000CC34300B917E0
(1675526289.471854) vcan0 2C3#6B8700FFFF345450
(1675526289.475381) vcan0 008#14805C9B00800080
(1675526289.477897) vcan0 010#000000002FB031F8
(1675526289.479270) vcan0 072#F000FF3F00788038
(1675526289.479353) vcan0 0E0#62731CE800801F00
(1675526289.479443) vcan0 2A9#8C26008AC0000084
(1675526289.482264) vcan0 288#0EE000FF00000080
(1675526289.482344) vcan0 350#A200000000000080
(1675526289.482427) vcan0 0F5#148A0F8A7F57A247
(1675526289.482510) vcan0 120#F289388A7F185689
(1675526289.482593) vcan0 130#AFF71D2C0A6DFF11
(1675526289.482674) vcan0 055#E0F7FB27B2259C80
(1675526289.482757) vcan0 065#5BE6F6F701AEF601
(1675526289.482839) vcan0 070#00001EF8FBE13300
(1675526289.482920) vcan0 075#0000000000005458
(1675526289.483003) vcan0 080#F34F8000C2002C00
(1675526289.483086) vcan0 0B0#6B8311A3DEC16BA3
(1675526289.483396) vcan0 125#E51480E5C1D0D735
(1675526289.484888) vcan0 145#FDE2D180FC4810A1
(1675526289.484970) vcan0 150#110A035808F888C0
(1675526289.485054) vcan0 28C#000000000010FEA8
(1675526289.485146) vcan0 290#0000000000000000
(1675526289.485227) vcan0 2B5#4B4E3B6293A68316
(1675526289.485310) vcan0 2C0#6B8700000000A0F1
(1675526289.485391) vcan0 2C5#00D7868758E60070
(1675526289.485474) vcan0 3AF#0000000000000020
(1675526289.487761) vcan0 008#14806C7D0E800080
(1675526289.487842) vcan0 010#000000002FB031F8
(1675526289.487924) vcan0 1D0#0000000000000061
(1675526289.488007) vcan0 210#97E080A0A869014E
(1675526289.488090) vcan0 291#0000000000000000
(1675526289.489236) vcan0 260#D0FF0055497487B0
(1675526289.490763) vcan0 1B0#00C0000001B000FC
(1675526289.490847) vcan0 1B5#FF42401D1EE0FFEF
(1675526289.491842) vcan0 1D8#363339343234E043
(1675526289.493294) vcan0 1E0#000CC30300B917E0
(1675526289.493376) vcan0 072#F000FF3F0078A038
(1675526289.493467) vcan0 3B0#00FC3F3837ACC400
(1675526289.495869) vcan0 008#16807C6B0E800080
(1675526289.497245) vcan0 010#000000002FB031F8
(1675526289.498776) vcan0 330#2800000000000000
(1675526289.498857) vcan0 0E0#62731FF00080FC00
(1675526289.501373) vcan0 0F5#138A178A7F5B9248
(1675526289.504269) vcan0 120#108A008A7FF85589
(1675526289.504354) vcan0 055#E0F7FB27B2259C80
(1675526289.504437) vcan0 065#5AE6F6F7FFADF701
(1675526289.504520) vcan0 070#00001EF8FBE13300
(1675526289.504603) vcan0 075#0000000000005458
(1675526289.504684) vcan0 080#F34F8000C2002C00
(1675526289.504767) vcan0 0B0#6B8311A3DEC16BA3
(1675526289.504849) vcan0 130#B7FA1D2C0A5DFF11
(1675526289.504930) vcan0 125#E51480E5C1D0D735
(1675526289.505013) vcan0 145#FDD2D280FC4810A1
(1675526289.505104) vcan0 150#140A076808F875C0
(1675526289.505187) vcan0 3CA#00000000510000C8
(1675526289.505267) vcan0 288#06E000FF00000080
(1675526289.505731) vcan0 008#16808C5B0E800080
(1675526289.507257) vcan0 010#000000002FB031F8
(1675526289.507339) vcan0 072#F000FF3F00788038
(1675526289.508336) vcan0 1D0#0000000000000061
(1675526289.510854) vcan0 1B0#00C0000001B000FC
(1675526289.512227) vcan0 1B5#FF48462021E0FFEF
(1675526289.512311) vcan0 1D8#363339343234E043
(1675526289.512393) vcan0 1E0#0010B34300B917E0
(1675526289.512475) vcan0 290#0000000000000000
(1675526289.512557) vcan0 2C3#6B8700FFFF355450
(1675526289.513780) vcan0 210#97E080A0A8690146
(1675526289.514881) vcan0 3C8#6B87008E886C008E
(1675526289.516258) vcan0 008#19809C3A1C800080
(1675526289.517793) vcan0 010#000000002FB031F8
(1675526289.517874) vcan0 0E0#627318F80080E300
(1675526289.517957) vcan0 291#0000000000000000
(1675526289.518040) vcan0 2A9#8C260082C0000084
(1675526289.519261) vcan0 260#D0FF0055497487B0
(1675526289.520791) vcan0 0F5#0B8A0B8A7F5F8248
(1675526289.520873) vcan0 120#278A028A7FFC5589
(1675526289.521871) vcan0 130#BFF71D170A62FA11
(1675526289.521955) vcan0 055#E0F7FA27B2259C80
(1675526289.524794) vcan0 065#5DE6F7F701AEF801
(1675526289.524878) vcan0 070#00001EF8FBE13300
(1675526289.524960) vcan0 072#F000FF3F0078A038
(1675526289.525043) vcan0 075#0000000000005458
(1675526289.525144) vcan0 080#F24F8000C2002C00
(1675526289.525207) vcan0 0B0#6B8311A3DEC16BA3
(1675526289.525290) vcan0 125#E51280E5C1D0D735
(1675526289.525382) vcan0 145#FDC2D380FC4810A1
(1675526289.525463) vcan0 150#100A027808F869C0
(1675526289.525546) vcan0 28C#000000000010FEA8
(1675526289.525628) vcan0 2B5#4B4E3B6293A68317
(1675526289.525710) vcan0 340#9C00000000000000
(1675526289.526249) vcan0 360#6B8700D2AF64A001
(1675526289.526332) vcan0 008#1980AC1432800080
(1675526289.527785) vcan0 010#000000002FB031F9
(1675526289.527867) vcan0 1D0#0000000000000A61
(1675526289.527949) vcan0 390#80FF051D0236524F
(1675526289.529248) vcan0 288#33E010EF00000080
(1675526289.530777) vcan0 1B0#00C0000002B000FC
(1675526289.530860) vcan0 1B5#FF4F4D2325E0FFEF
(1675526289.531855) vcan0 1D8#363339343234E043
(1675526289.531938) vcan0 1E0#0014A34300B917E0
(1675526289.535644) vcan0 008#1B80BC0232800080
(1675526289.537026) vcan0 010#000000002FB031F8
(1675526289.538477) vcan0 072#F000FF3F00788038
(1675526289.538559) vcan0 0E0#627314C00080C700
(1675526289.538641) vcan0 210#97E08020A869014E
(1675526289.538723) vcan0 3D0#8C0F6100170480C3
(1675526289.541080) vcan0 0F5#0A8A078A7F637249
(1675526289.543897) vcan0 120#0B8A218A7FFF5589
(1675526289.543979) vcan0 130#C7F71D170A52F411
(1675526289.544061) vcan0 055#E0F7FB27B2259C80
(1675526289.544142) vcan0 065#58E6F8F7FEADF901
(1675526289.544227) vcan0 070#00001EF8FBE13400
(1675526289.544310) vcan0 075#0000000000005458
(1675526289.544412) vcan0 080#F34F8000C2002C00
(1675526289.544496) vcan0 0B0#6B8311A3DEC16BA3
(1675526289.544578) vcan0 125#E51280E5C1D0D735
(1675526289.544660) vcan0 145#FDB2D480FC4810A1
(1675526289.544752) vcan0 150#090A118808F860C0
(1675526289.544834) vcan0 290#0000000000000000
(1675526289.545372) vcan0 2C0#6B8700000000A0F1
(1675526289.545454) vcan0 2C5#00D786865EE60070
(1675526289.545536) vcan0 370#1726C000671BCB00
(1675526289.545618) vcan0 3E0#000000D938808094
(1675526289.545702) vcan0 008#1B80CCF232800080
(1675526289.547988) vcan0 010#000000002FB031F8
(1675526289.549363) vcan0 1D0#0000000000000061
(1675526289.549444) vcan0 291#0000000000000000
(1675526289.550896) vcan0 260#D0FF00AA497487B0
(1675526289.550978) vcan0 1B0#00C0000000B000FC
(1675526289.551061) vcan0 1B5#FF55542728E0FFEF
(1675526289.551980) vcan0 1D8#363339343234E043
(1675526289.552061) vcan0 1E0#0014A30300B917E0
(1675526289.553363) vcan0 2C3#6B8700FFFF355450
(1675526289.553453) vcan0 072#F000FF3F0078A038
(1675526289.554880) vcan0 288#37E010EF00000080
(1675526289.556405) vcan0 008#1B80DCE232800080
(1675526289.557855) vcan0 0E0#627314C80080A700
(1675526289.557938) vcan0 010#000000002FB031F8
(1675526289.558019) vcan0 2A9#8C26009BC0000084
(1675526289.560533) vcan0 0F5#118A058A7F67624A
(1675526289.561907) vcan0 120#158A0B8A7F075689
(1675526289.561990) vcan0 130#CFF71D170A42F111
(1675526289.562073) vcan0 055#E0F7FB27B2259C80
(1675526289.564891) vcan0 065#59E6F9F700AEFA01
(1675526289.564974) vcan0 070#00001EF8FBE13400
(1675526289.565056) vcan0 075#0000000000005458
(1675526289.565139) vcan0 080#F34F8000C2002C00
(1675526289.565222) vcan0 0B0#6B8311A3DEC16BA3
(1675526289.565303) vcan0 125#E51280E5C1D0D735
(1675526289.565395) vcan0 145#FDA2D580FC4810A1
(1675526289.565476) vcan0 150#070A129808F852C0
(1675526289.565559) vcan0 210#97E080A0A8690146
(1675526289.565642) vcan0 28C#000000000010FEA8
(1675526289.565723) vcan0 2B5#4B4E3B6293A68319
(1675526289.566035) vcan0 008#1B80ECD232800080
(1675526289.567411) vcan0 010#000000002FB031F8
(1675526289.568857) vcan0 072#F000FF3F00788038
(1675526289.568941) vcan0 1D0#0000000000000061
(1675526289.570390) vcan0 350#A200000000000080
(1675526289.571461) vcan0 1B0#00C0000006B000FC
(1675526289.571544) vcan0 1B5#FF5C5A2A2BE0FFEF
(1675526289.572918) vcan0 1D8#363339343234E043
(1675526289.573001) vcan0 1E0#0018934300B917E0
(1675526289.573082) vcan0 290#0000000000000000
(1675526289.575489) vcan0 008#1B80FCC232800080
(1675526289.578012) vcan0 010#000000002FB031F8
(1675526289.579386) vcan0 0E0#627317D000808400
(1675526289.579469) vcan0 291#0000000000000000
(1675526289.579550) vcan0 330#2800000000000000
(1675526289.582369) vcan0 288#22E010EF00000080
(1675526289.582453) vcan0 260#D0FF00AA497487B0
(1675526289.582534) vcan0 0F5#E389FE897F6B524B
(1675526289.582617) vcan0 120#2A8AFB897F025689
(1675526289.582699) vcan0 055#E0F7FB27B2259C80
(1675526289.582781) vcan0 065#55E6FAF7FDADFB01
(1675526289.582862) vcan0 070#00001EF8FBE13400
(1675526289.582945) vcan0 075#0000000000005458
(1675526289.583028) vcan0 072#F000FF3F0078A038
(1675526289.583111) vcan0 080#F34F8000C2002C00
(1675526289.583193) vcan0 0B0#6B8311A3DEC16BA3
(1675526289.583504) vcan0 125#E51280E5C1D0D735
(1675526289.583606) vcan0 130#D7FA1D150A34EF11
(1675526289.584881) vcan0 145#FD92D680FC4810A1
(1675526289.584964) vcan0 150#F4090CA808F856C0
(1675526289.586415) vcan0 008#1B800CC123800080
(1675526289.587866) vcan0 010#000000002FB031F8
(1675526289.587948) vcan0 1D0#0000000000000061
(1675526289.588030) vcan0 210#97E080A0A869014E
(1675526289.590468) vcan0 1B0#00C0000008B000FC
(1675526289.591919) vcan0 1B5#FF62602D2EE0FFEF
(1675526289.592000) vcan0 1D8#363339343234E043
(1675526289.592082) vcan0 1E0#001C834300B917E0
(1675526289.593382) vcan0 2C3#6B8700FFFF355450
(1675526289.596022) vcan0 008#1B801CB123800080
(1675526289.597398) vcan0 010#000000002FB031F8
(1675526289.598850) vcan0 072#F000FF3F00788038
(1675526289.598932) vcan0 0E0#62730FD800806C00
(1675526289.599023) vcan0 2A9#8C260082C0000084
(1675526289.600398) vcan0 0F5#158AFA897F6F424C
(1675526289.601469) vcan0 120#048A298A7FF85589
(1675526289.604351) vcan0 130#DFF71D150A24EF11
(1675526289.604435) vcan0 150#F8090AB808F842C0
(1675526289.604517) vcan0 055#E0F7FB27B2259C80
(1675526289.604600) vcan0 065#52E6FBF7FEADFC01
(1675526289.604683) vcan0 070#00001EF8FBE13400
(1675526289.604764) vcan0 075#0000000000005458
(1675526289.604848) vcan0 080#F34F8000C2002C00
(1675526289.604929) vcan0 0B0#6B8311A3DEC16BA3
(1675526289.605012) vcan0 125#E51280E5C1D0D735
(1675526289.605095) vcan0 145#FD82D780FC4810A1
(1675526289.605178) vcan0 28C#000000000010FEA8
(1675526289.605260) vcan0 290#0000000000000000
(1675526289.607395) vcan0 2B5#4B4F3B6293A6831B
(1675526289.607486) vcan0 2C0#6B8700000000A0F1
(1675526289.607570) vcan0 288#1AE010EF00000080
(1675526289.607651) vcan0 2C5#00D7868659E60070
(1675526289.607733) vcan0 340#9C00000000000000
(1675526289.607816) vcan0 3AF#0000000000000020
(1675526289.607898) vcan0 008#1B802C9232800080
(1675526289.607980) vcan0 010#000000002FB031F9
(1675526289.608062) vcan0 1D0#0000000000000A61
(1675526289.608526) vcan0 291#0000000000000000
(1675526289.609901) vcan0 260#D0FF00AA497487B0
(1675526289.611355) vcan0 1B0#00C0000008B000FC
(1675526289.611437) vcan0 1B5#FF69673032E0FFEF
(1675526289.611520) vcan0 1D8#363339343234E043
(1675526289.611601) vcan0 1E0#001C830300B917E0
(1675526289.612521) vcan0 072#F000FF3F0078A038
(1675526289.613898) vcan0 210#8EE080A0A869014E
(1675526289.613988) vcan0 3B0#00D83F3837ACC400
(1675526289.615416) vcan0 008#1D803C8F23800080
(1675526289.616867) vcan0 010#000000002FB031F8
(1675526289.618016) vcan0 0E0#627308E000805300
(1675526289.620457) vcan0 0F5#F689F8897F73324C
(1675526289.621907) vcan0 120#F889118A7FFC5589
(1675526289.621988) vcan0 055#E0F7FB27B2259C80
(1675526289.622070) vcan0 065#4EE6FCF7FCADFD01
(1675526289.624889) vcan0 070#00001EF8FBE13400
(1675526289.624970) vcan0 075#0000000000005458
(1675526289.625053) vcan0 080#F34F8000C2002C00
(1675526289.625135) vcan0 0B0#6B8311A3DEC16BA3
(1675526289.625217) vcan0 130#E7FA1D150A14F411
(1675526289.625299) vcan0 125#E51480E5C1D0D735
(1675526289.625382) vcan0 145#FD72D880FC4810A1
(1675526289.625465) vcan0 150#0B0A06C808F81EC0
(1675526289.625555) vcan0 360#6B8700D2AF64A001
(1675526289.625639) vcan0 3CA#00000000520000C8
(1675526289.626028) vcan0 008#1D804C940E800080
(1675526289.627402) vcan0 010#000000002FB031F8
(1675526289.628853) vcan0 072#F000FF3F00788038
(1675526289.628937) vcan0 1D0#0000000000000061
(1675526289.629019) vcan0 390#80FF051D0232534F
(1675526289.630013) vcan0 288#1EE020DF00000080
(1675526289.631385) vcan0 1B0#00C0000009B000FC
(1675526289.631468) vcan0 1B5#FF6F6E3435E0FFEF
(1675526289.632915) vcan0 1D8#363339343234E043
(1675526289.632998) vcan0 1E0#0020734300B917E0
(1675526289.633080) vcan0 290#0000000000000000
(1675526289.633163) vcan0 2C3#6B8700FFFF355450
(1675526289.634427) vcan0 3C8#6B87008E886C008E
(1675526289.635878) vcan0 008#1D805C840E800080
(1675526289.637414) vcan0 010#000000002FB031F8
(1675526289.637497) vcan0 0E0#627312E800802900
(1675526289.638491) vcan0 210#8EE080A0A8690146
(1675526289.638574) vcan0 291#0000000000000000
(1675526289.639872) vcan0 2A9#8C26009BC0000084
(1675526289.639955) vcan0 260#D0FF0055497487B0
(1675526289.641480) vcan0 0F5#F089FB897F77224D
(1675526289.641563) vcan0 120#148A088A7F015689
(1675526289.641644) vcan0 130#EFFD1D0B0A0EF711
(1675526289.641726) vcan0 150#F4090AD807F826C0
(1675526289.641810) vcan0 055#E0F7FA27B2249C80
(1675526289.642654) vcan0 065#4EE6FDF7FFADFE01
(1675526289.642735) vcan0 070#00001EF8FBE13400
(1675526289.642817) vcan0 072#F000FF3F0078A038
(1675526289.645413) vcan0 075#0000000000005458
(1675526289.645494) vcan0 080#F24F8000C2002C00
(1675526289.645584) vcan0 0B0#6B8311A3DEC16BA3
(1675526289.645667) vcan0 125#E51480E5C1D0D735
(1675526289.645748) vcan0 145#FD62D980FC4810A1
(1675526289.645830) vcan0 28C#000000000010FEA8
(1675526289.645913) vcan0 2B5#4B4F3B6293A6831D
(1675526289.645995) vcan0 370#1726C000671BCB00
(1675526289.646078) vcan0 008#1D806C740E800080
(1675526289.647986) vcan0 010#000000002FB031F8
(1675526289.649358) vcan0 1D0#0000000000000061
(1675526289.650885) vcan0 1B0#00C0000002B000FC
(1675526289.650966) vcan0 1B5#FF76743738E0FFEF
(1675526289.651049) vcan0 1D8#363339343234E043
(1675526289.651968) vcan0 1E0#0024634300B917E0
(1675526289.654486) vcan0 288#12E020DF00000080
(1675526289.655862) vcan0 008#1D807C640E800080
(1675526289.657387) vcan0 0E0#627314F000800700
(1675526289.658467) vcan0 010#000000002FB031F8
(1675526289.658549) vcan0 072#F000FF3F00788038
(1675526289.659848) vcan0 330#2800000000000000
(1675526289.662903) vcan0 350#A200000000000080
(1675526289.662985) vcan0 0F5#FC89F0897F7B124E
(1675526289.663068) vcan0 120#048A148A7F005689
(1675526289.663148) vcan0 055#E0F7FA27B2249C80
(1675526289.663231) vcan0 065#50E6FDF701AEFE01
(1675526289.663312) vcan0 070#00001EF8FBE13400
(1675526289.663395) vcan0 075#0000000000005458
(1675526289.663477) vcan0 080#F24F8000C2002C00
(1675526289.663560) vcan0 0B0#6B8311A3DEC16BA3
(1675526289.663641) vcan0 130#F7FA1D0B0AFEF711
(1675526289.663722) vcan0 125#E51280E5C1D0D735
(1675526289.663805) vcan0 145#FD52DA80FC4810A1
(1675526289.664040) vcan0 150#F90906E807F811C0
(1675526289.664131) vcan0 210#8EE080A0A8690146
(1675526289.665348) vcan0 290#0000000000000000
(1675526289.665431) vcan0 2C0#6B8700000000A0F1
(1675526289.665513) vcan0 2C5#00D786864EE60070
(1675526289.666889) vcan0 008#1D808C540E800080
(1675526289.667962) vcan0 010#000000002FB031F8
(1675526289.669412) vcan0 1D0#0000000000000061
(1675526289.669496) vcan0 291#0000000000000000
(1675526289.670871) vcan0 260#D0FF0055497487B0
(1675526289.670954) vcan0 1B0#00C0000002B000FC
(1675526289.671037) vcan0 1B5#FF7C7B3A3BE0FFEF
(1675526289.671958) vcan0 1D8#363339343234E043
(1675526289.672040) vcan0 1E0#0024630300B917E0
(1675526289.673416) vcan0 072#F000FF3F0078A038
(1675526289.673497) vcan0 2C3#6B8700FFFF355450
(1675526289.676015) vcan0 008#1D809C440E800080
(1675526289.677398) vcan0 010#000000002FB031F8
(1675526289.678848) vcan0 0E0#627323F80080D800
(1675526289.678929) vcan0 2A9#8C260082C0000084
(1675526289.679997) vcan0 288#0EE020DF00000080
(1675526289.681371) vcan0 0F5#FB89FB897F7F024F
(1675526289.681454) vcan0 120#128A078A7FFF5589
(1675526289.684354) vcan0 055#E0F7FA27B2229C80
(1675526289.684437) vcan0 065#4FE6FDF700AEFE01
(1675526289.684518) vcan0 070#00001EF8FAE13400
(1675526289.684600) vcan0 075#0000000000005458
(1675526289.684683) vcan0 080#F14F8000C2002C00
(1675526289.684766) vcan0 0B0#6B8311A3DEC16BA3
(1675526289.684847) vcan0 125#E51480E5C1D0D735
(1675526289.684930) vcan0 130#FFFA1D0B0AEEF711
(1675526289.685011) vcan0 145#FD42DB80FC4810A1
(1675526289.685094) vcan0 150#F40906F807F806C0
(1675526289.685185) vcan0 28C#000000000010FEA8
(1675526289.685267) vcan0 2B5#4B4F3B6293A6821B
(1675526289.685348) vcan0 340#9C00000000000000
(1675526289.685887) vcan0 008#1D80AC340E800080
(1675526289.687413) vcan0 010#000000002FB031F9
(1675526289.688484) vcan0 072#F000FF3F00788038
(1675526289.688566) vcan0 1D0#0000000000000A61
(1675526289.689865) vcan0 210#8EE08020A869014E
(1675526289.691394) vcan0 1B0#00C0000002B000FC
(1675526289.691475) vcan0 1B5#FF83813D3EE0FFEF
(1675526289.691558) vcan0 1D8#363339343234E043
(1675526289.691640) vcan0 1E0#0028534300B917E0
(1675526289.691723) vcan0 290#0000000000000000
(1675526289.695198) vcan0 008#1D80BC240E800080
(1675526289.697714) vcan0 010#000000002FB031F8
(1675526289.699166) vcan0 0E0#627322C00080B900
(1675526289.699257) vcan0 291#0000000000000000
(1675526289.699340) vcan0 400#0A02010204010111
(1675526289.699421) vcan0 405#D5076E8049186701
(1675526289.699505) vcan0 425#0000000000000000
(1675526289.700651) vcan0 260#D0FF0055497487B0
(1675526289.700733) vcan0 0F5#FE89F9897F43F250
(1675526289.700815) vcan0 120#198A148A7F085689
(1675526289.701733) vcan0 055#E0F7FA27B2229C80
(1675526289.701815) vcan0 065#4CE6FCF7FEADFC01
(1675526289.704637) vcan0 070#00001EF8FAE13400
(1675526289.704719) vcan0 072#F000FF3F0078A038
(1675526289.704802) vcan0 075#0000000000005458
(1675526289.704884) vcan0 080#F14F8000C2002C00
(1675526289.704965) vcan0 0B0#6B8311A3DEC16BA3
(1675526289.705047) vcan0 125#E51480E5C1D0D735
(1675526289.705143) vcan0 130#87FD1D0B0ADEF711
(1675526289.705221) vcan0 145#FD32DC80FC4810A1
(1675526289.705303) vcan0 150#FF09010806F8EBC0
(1675526289.705385) vcan0 288#02E020DF00000080
(1675526289.706152) vcan0 008#1D80CC2200800080
(1675526289.707602) vcan0 010#000000002FB031F8
(1675526289.707685) vcan0 1D0#0000000000000061
(1675526289.711490) vcan0 1B0#00C0000003B000FC
(1675526289.712864) vcan0 1B5#FF89884142E0FFEF
(1675526289.712946) vcan0 1D8#363339343234E043
(1675526289.713027) vcan0 1E0#002C434300B917E0
(1675526289.713109) vcan0 2C3#6B8700FFFF355450
(1675526289.713193) vcan0 210#8EE080A0A8690146
(1675526289.715486) vcan0 008#1D80DC1200800080
(1675526289.718003) vcan0 010#000000002FB031F8
(1675526289.719377) vcan0 072#F000FF3F00788038
(1675526289.719461) vcan0 0E0#627327C800809400
(1675526289.719550) vcan0 2A9#8C26008AC0000084
(1675526289.720849) vcan0 0F5#E789F9897F47E251
(1675526289.720933) vcan0 120#168A148A7F0F5689
(1675526289.721015) vcan0 055#E0F7F927B2209C80
(1675526289.722008) vcan0 065#48E6FBF7FCADFC01
(1675526289.722090) vcan0 070#00001EF8FAE13400
(1675526289.724882) vcan0 075#0000000000005458
(1675526289.724964) vcan0 080#EF4F8000C2002C00
(1675526289.725046) vcan0 0B0#6B8311A3DEC16BA3
(1675526289.725135) vcan0 130#8FFD1D0B0ACEF711
(1675526289.725211) vcan0 125#E51480E5C1D0D735
(1675526289.725294) vcan0 145#FD22DD80FC4810A1
(1675526289.725375) vcan0 150#F209011806F8E8C0
(1675526289.725458) vcan0 28C#000000000010FEA8
(1675526289.725540) vcan0 290#0000000000000000
(1675526289.725622) vcan0 2B5#4B4F3B6293A6821A
(1675526289.725730) vcan0 2C0#6B8700000000A0F1
(1675526289.725813) vcan0 2C5#00D786854EE60070
(1675526289.726354) vcan0 360#6B8700D2AF64A001
(1675526289.726436) vcan0 3AF#0000000000000020
(1675526289.726517) vcan0 008#1D80EC0200800080
(1675526289.727892) vcan0 010#000000002FB031F8
(1675526289.727975) vcan0 1D0#0000000000000061
(1675526289.728057) vcan0 291#0000000000000000
(1675526289.728978) vcan0 390#80FF051D022E544F
(1675526289.730353) vcan0 288#EDDF30CF00000080
(1675526289.730434) vcan0 260#D0FF0055497487B0
(1675526289.732038) vcan0 1B0#00C0000004B000FC
(1675526289.732121) vcan0 1B5#FF908E4445E0FFEF
(1675526289.732202) vcan0 1D8#363339343234E043
(1675526289.732285) vcan0 1E0#002C430300B917E0
(1675526289.732367) vcan0 072#F000FF3F0078A038
(1675526289.732457) vcan0 3B0#00D83F3837ACC400
(1675526289.735878) vcan0 008#1D80FCF200800080
(1675526289.738620) vcan0 0E0#627327D000807400
(1675526289.738703) vcan0 010#000000002FB031F8
(1675526289.738785) vcan0 210#8EE080A0A869014E
(1675526289.738868) vcan0 330#2800000000000000
(1675526289.738949) vcan0 3D0#8C0F6100170480C3
(1675526289.741238) vcan0 0F5#F989FB897F4BD251
(1675526289.742765) vcan0 120#0D8A238A7F0C5689
(1675526289.742847) vcan0 055#E0F7F827B2199C7F
(1675526289.742930) vcan0 065#45E6FBF7FEADFB01
(1675526289.743011) vcan0 070#00001EF8F9E13400
(1675526289.743095) vcan0 075#0000000000005458
(1675526289.743177) vcan0 080#E54F8000C2002C00
(1675526289.743260) vcan0 0B0#6B8311A3DEC16BA3
(1675526289.743342) vcan0 125#E51280E5C1D0D735
(1675526289.745640) vcan0 130#97FD1D0B0ABEFD11
(1675526289.745724) vcan0 145#FD12DE80FC4810A1
(1675526289.745805) vcan0 150#F509FB2706F8D5C0
(1675526289.745888) vcan0 370#1726C000671BCB00
(1675526289.745971) vcan0 3CA#00000000530000C8
(1675526289.746053) vcan0 430#28082800000010A6
(1675526289.746135) vcan0 008#1D800CE200800080
(1675526289.747129) vcan0 010#000000002FB031F8
(1675526289.748200) vcan0 072#F000FF3F00788038
(1675526289.749650) vcan0 1D0#0000000000000061
(1675526289.751254) vcan0 350#A200000000000080
(1675526289.751337) vcan0 1B0#00C0000003B000FC
(1675526289.751419) vcan0 1B5#FF96954748E0FFEF
(1675526289.751501) vcan0 1D8#363339343234E043
(1675526289.751584) vcan0 1E0#0030334300B917E0
(1675526289.752351) vcan0 290#0000000000000000
(1675526289.752443) vcan0 2C3#6B8700FFFF355450
(1675526289.755107) vcan0 288#02E030CF00000080
(1675526289.755189) vcan0 3C8#6B87008E886C008E
(1675526289.756261) vcan0 008#1D801CD200800080
(1675526289.757635) vcan0 0E0#627328D800805300
(1675526289.759161) vcan0 010#000000002FB031F8
(1675526289.759242) vcan0 291#0000000000000000
(1675526289.759325) vcan0 2A9#8C260093C0000084
(1675526289.760241) vcan0 260#D0FF00AA497487B0
(1675526289.761614) vcan0 0F5#F689FA897F4FC252
(1675526289.761696) vcan0 120#138A128A7F055689
(1675526289.761777) vcan0 055#E0F7F827B2109C7F
(1675526289.764657) vcan0 065#3EE6FAF7FBADFB01
(1675526289.764739) vcan0 070#00001EF8F8E13400
(1675526289.764822) vcan0 075#0000000000005458
(1675526289.764904) vcan0 080#E14F8000C2002C00
(1675526289.764997) vcan0 072#F000FF3F0078A038
(1675526289.765079) vcan0 0B0#6B8311A3DEC16BA3
(1675526289.765162) vcan0 125#E51280E5C1D0D735
(1675526289.765245) vcan0 130#9FFD1D0B0AAEFF11
(1675526289.765326) vcan0 145#FD02DF80FC4810A1
(1675526289.765408) vcan0 150#FC09013806F8BEC0
(1675526289.765490) vcan0 210#8EE080A0A8690146
(1675526289.765572) vcan0 28C#000000000010FEA8
(1675526289.765654) vcan0 2B5#4B4F3B6293A68219
(1675526289.765737) vcan0 340#9C00000000000000
(1675526289.766124) vcan0 008#1D802CC200800080
(1675526289.767651) vcan0 010#000000002FB031F9
(1675526289.767733) vcan0 1D0#0000000000000A61
(1675526289.770248) vcan0 1B0#00C0000001B000FC
(1675526289.771547) vcan0 1B5#FF9D9B4A4BE0FFEF
(1675526289.771628) vcan0 1D8#363339343234E043
(1675526289.773012) vcan0 1E0#0034234300B917E0
(1675526289.775567) vcan0 008#1D803CB200800080
(1675526289.777017) vcan0 0E0#627329E000803200
(1675526289.778547) vcan0 010#000000002FB031F8
(1675526289.778628) vcan0 072#F000FF3F00788038
(1675526289.780004) vcan0 288#FEDF30CF00000080
(1675526289.781077) vcan0 0F5#F789F7897F53B253
(1675526289.782528) vcan0 120#168A118A7F035689
(1675526289.782611) vcan0 130#A7FD1D0B0A9EFF11
(1675526289.782693) vcan0 055#E0F7F727B20A9C7F
(1675526289.782775) vcan0 065#3CE6FAF7FDADFA01
(1675526289.782856) vcan0 070#00001EF8F8E13400
(1675526289.782937) vcan0 075#0000000000005458
(1675526289.783020) vcan0 080#DE4F8000C2002C00
(1675526289.785407) vcan0 0B0#6B8311A3DEC16BA3
(1675526289.785490) vcan0 125#E51280E5C1D0D735
(1675526289.785580) vcan0 145#FDF2D080FC4810A1
(1675526289.785663) vcan0 150#F609014805F8B4C0
(1675526289.785747) vcan0 290#0000000000000000
(1675526289.785828) vcan0 2C0#6B8700000000A0F1
(1675526289.785910) vcan0 2C5#00D785863DE60070
(1675526289.785994) vcan0 008#1D804CA200800080
(1675526289.787975) vcan0 010#000000002FB031F8
(1675526289.789348) vcan0 1D0#0000000000000061
(1675526289.789431) vcan0 210#8EE080A0A869014E
(1675526289.789513) vcan0 291#0000000000000000
(1675526289.790889) vcan0 260#D0FF00AA497487B0
(1675526289.790972) vcan0 1B0#00C0000001B000FC
(1675526289.791055) vcan0 1B5#FFA3A24D4FE0FFEF
(1675526289.791971) vcan0 1D8#363339343234E043
(1675526289.792054) vcan0 1E0#0034230300B917E0
(1675526289.793353) vcan0 2C3#6B8700FFFF365450
(1675526289.793442) vcan0 072#F000FF3F0078A038
(1675526289.795961) vcan0 008#1D805C9200800080
(1675526289.797262) vcan0 010#000000002FB031F8
(1675526289.798788) vcan0 0E0#627329E800801200
(1675526289.798870) vcan0 2A9#8C26008AC0000084
(1675526289.801381) vcan0 0F5#FC89F4897F57A254
(1675526289.801465) vcan0 120#048A0D8A7F065689
(1675526289.804131) vcan0 130#AFFD1D0B0A8EFF11
(1675526289.804213) vcan0 055#E0F7F727B2089C80
(1675526289.804295) vcan0 065#3BE6F9F7FFADFA01
(1675526289.804427) vcan0 070#00001EF8F7E13400
(1675526289.804511) vcan0 075#0000000000005458
(1675526289.804594) vcan0 080#DC4F8000C2002C00
(1675526289.804676) vcan0 0B0#6B8311A3DEC16BA3
(1675526289.804757) vcan0 125#E51280E5C1D0D735
(1675526289.804839) vcan0 145#FDE2D180FC4810A1
(1675526289.804930) vcan0 150#F909015805F8A1C0
(1675526289.805013) vcan0 28C#000000000010FEA8
(1675526289.805095) vcan0 2B5#4B4F3B6293A68318
(1675526289.805633) vcan0 288#02E030CF00000080
(1675526289.805715) vcan0 008#1D806C8200800080
(1675526289.807168) vcan0 010#000000002FB031F8
(1675526289.808240) vcan0 072#F000FF3F00788038
(1675526289.809613) vcan0 1D0#0000000000000061
(1675526289.811138) vcan0 1B0#00C0000001B000FC
(1675526289.811221) vcan0 1B5#FFAAA85152E0FFEF
(1675526289.811304) vcan0 1D8#363339343234E043
(1675526289.811385) vcan0 1E0#0038134300B917E0
(1675526289.812229) vcan0 290#0000000000000000
(1675526289.813605) vcan0 210#8EE080A0A869014E
(1675526289.816251) vcan0 008#1D807C7200800080
(1675526289.817626) vcan0 010#000000002FB031F8
(1675526289.817718) vcan0 0E0#627328F00080F300
(1675526289.819167) vcan0 291#0000000000000000
(1675526289.819250) vcan0 330#2800000000000000
(1675526289.820245) vcan0 260#D0FF00AA497487B0
(1675526289.821543) vcan0 0F5#F489F6897F5B9255
(1675526289.821626) vcan0 120#208A048A7F055689
(1675526289.821707) vcan0 130#B7FD1D0B0A7EFF11
(1675526289.821789) vcan0 055#E0F7F627B2069C80
(1675526289.823166) vcan0 065#37E6F9F7FDADF901
(1675526289.823246) vcan0 070#00001EF8F6E13400
(1675526289.823328) vcan0 072#F000FF3F0078A038
(1675526289.823411) vcan0 075#0000000000005458
(1675526289.823495) vcan0 080#D94F8000C2002C00
(1675526289.823578) vcan0 0B0#6B8311A3DEC16BA3
(1675526289.823659) vcan0 125#E51280E5C1D0D735
(1675526289.823741) vcan0 145#FDD2D280FC4810A1
(1675526289.824213) vcan0 150#F509016805F895C0
(1675526289.824294) vcan0 360#6B8700D2AF64A001
(1675526289.825642) vcan0 008#1D808C6200800080
(1675526289.828534) vcan0 010#000000002FB031F8
(1675526289.828617) vcan0 1D0#0000000000000061
(1675526289.828698) vcan0 390#80FF051D022A556F
(1675526289.829998) vcan0 288#0AE040BF00000080
(1675526289.831524) vcan0 1B0#00C0000001B000FC
(1675526289.831607) vcan0 1B5#FFB0AF5455E0FFEF
(1675526289.831690) vcan0 1D8#363339343234E043
(1675526289.831772) vcan0 1E0#003C034300B917E0
(1675526289.831853) vcan0 2C3#6B8700FFFF365450
(1675526289.835347) vcan0 008#1D809C5200800080
(1675526289.837857) vcan0 010#000000002FB031F8
(1675526289.839153) vcan0 072#F000FF3F00788038
(1675526289.839235) vcan0 0E0#627326F80080D500
(1675526289.839327) vcan0 210#8EE08020A8690146
(1675526289.839411) vcan0 2A9#8C260093C0000084
(1675526289.840632) vcan0 350#A200000000000080
(1675526289.840713) vcan0 0F5#EF89F2897F5F8255
(1675526289.840797) vcan0 120#128AFE897F075689
(1675526289.841714) vcan0 130#BFFD1D0B0A6EFF11
(1675526289.841797) vcan0 055#E0F7F627B2059C80
(1675526289.844652) vcan0 065#2FE6F8F7FAADF801
(1675526289.844734) vcan0 070#00001EF8F6E13400
(1675526289.844816) vcan0 075#0000000000005458
(1675526289.844898) vcan0 080#D34F8000C2002C00
(1675526289.844980) vcan0 0B0#6B8311A3DEC16BA3
(1675526289.845064) vcan0 125#E51280E5C1D0D735
(1675526289.845145) vcan0 145#FDC2D380FC4810A1
(1675526289.845228) vcan0 150#F009037805F88AC0
(1675526289.845309) vcan0 28C#000000000010FEA8
(1675526289.845400) vcan0 290#0000000000000000
(1675526289.845484) vcan0 2B5#4B4F3B6293A68317
(1675526289.845566) vcan0 2C0#6B8700000000A0F1
(1675526289.847626) vcan0 2C5#00D785863AE60070
(1675526289.847709) vcan0 340#9C00000000000000
(1675526289.847791) vcan0 370#1726C000671BCB00
(1675526289.847873) vcan0 3AF#0000000000000020
(1675526289.847956) vcan0 3E0#000000D938808094
(1675526289.848039) vcan0 008#1D80AC4200800080
(1675526289.848120) vcan0 010#000000002FB031F9
(1675526289.848202) vcan0 1D0#0000000000000A61
(1675526289.848742) vcan0 291#0000000000000000
(1675526289.850117) vcan0 260#D0FF0055497487B0
(1675526289.851644) vcan0 1B0#00C0000000B000FC
(1675526289.851727) vcan0 1B5#FFB7B55758E0FFEF
(1675526289.851809) vcan0 1D8#363339343234E043
(1675526289.851900) vcan0 1E0#003C030300B917E0
(1675526289.853121) vcan0 072#F000FF3F0078A038
(1675526289.853204) vcan0 3B0#00D83F3C37ACC602
(1675526289.854657) vcan0 288#0AE040BF00000080
(1675526289.856110) vcan0 008#1D80BC3200800080
(1675526289.857638) vcan0 0E0#627324C00080B700
(1675526289.857722) vcan0 010#000000002FB031F8
(1675526289.860240) vcan0 0F5#EF89EB897F637256
(1675526289.861615) vcan0 120#148AFB897F065689
(1675526289.861697) vcan0 130#C7FD1D0B0A5EFF11
(1675526289.864660) vcan0 055#E0F7F527B2059C80
(1675526289.864742) vcan0 065#2CE6F7F7FDADF701
(1675526289.864825) vcan0 070#00001EF8F5E13400
(1675526289.864909) vcan0 075#0000000000005458
(1675526289.864990) vcan0 080#CE4F8000C2002C00
(1675526289.865073) vcan0 0B0#6B8311A3DEC16BA3
(1675526289.865176) vcan0 125#E51280E5C1D0D735
(1675526289.865258) vcan0 145#FDB2D480FC4810A1
(1675526289.865342) vcan0 150#EE09038806F87CC0
(1675526289.865424) vcan0 210#8EE080A0A8690146
(1675526289.865507) vcan0 3CA#00000000540000C8
(1675526289.866122) vcan0 008#1D80CC2200800080
(1675526289.867649) vcan0 010#000000002FB031F8
(1675526289.867732) vcan0 072#F000FF3F00788038
(1675526289.867814) vcan0 1D0#0000000000000061
(1675526289.870252) vcan0 1B0#00C0000001B000FC
(1675526289.871630) vcan0 1B5#FFBDBC5A5BE0FFEF
(1675526289.871711) vcan0 1D8#363339343234E043
(1675526289.873163) vcan0 1E0#0000F34300B917E0
(1675526289.873246) vcan0 290#0000000000000000
(1675526289.873327) vcan0 2C3#6B8700FFFF365450
(1675526289.874657) vcan0 3C8#6B87008E886C008E
(1675526289.876118) vcan0 008#1D80DC1200800080
(1675526289.877647) vcan0 0E0#627322C800809900
(1675526289.877729) vcan0 010#000000002FB031F8
(1675526289.877812) vcan0 291#0000000000000000
(1675526289.878732) vcan0 2A9#8C26008AC0000084
(1675526289.880107) vcan0 288#12E040BF00000080
(1675526289.880188) vcan0 260#D0FF0055497487B0
(1675526289.883160) vcan0 0F5#EA89E6897F676257
(1675526289.883241) vcan0 120#008A068A7F055689
(1675526289.883323) vcan0 130#CFFD1D0B0A4EFF11
(1675526289.883407) vcan0 055#E0F7F527B2059C80
(1675526289.883489) vcan0 065#30E6F7F700AEF701
(1675526289.883570) vcan0 070#00001EF8F5E13300
(1675526289.883652) vcan0 072#F000FF3F0078A038
(1675526289.883734) vcan0 075#0000000000005458
(1675526289.883816) vcan0 080#CB4F8000C2002C00
(1675526289.883907) vcan0 0B0#6B8311A3DEC16BA3
(1675526289.883990) vcan0 125#E51280E5C1D0D735
(1675526289.884072) vcan0 145#FDA2D580FC4810A1
(1675526289.884233) vcan0 150#EB09069806F86FC0
(1675526289.884335) vcan0 28C#000000000010FEA8
(1675526289.885637) vcan0 2B5#4B4F3B6293A68316
(1675526289.887163) vcan0 008#1D80EC0200800080
(1675526289.887246) vcan0 010#000000002FB031F8
(1675526289.888241) vcan0 1D0#0000000000000061
(1675526289.888322) vcan0 210#93E080A0A869014E
(1675526289.890686) vcan0 1B0#00C0000001B000FC
(1675526289.892136) vcan0 1B5#FFC4C25D5FE0FFEF
(1675526289.892218) vcan0 1D8#363339343234E043
(1675526289.892300) vcan0 1E0#0004E34300B917E0
(1675526289.895960) vcan0 008#1D80FCF200800080
(1675526289.897409) vcan0 010#000000002FB031F8
(1675526289.898867) vcan0 072#F000FF3F00788038
(1675526289.898948) vcan0 0E0#627322D000807900
(1675526289.899031) vcan0 330#2800000000000000
(1675526289.900405) vcan0 0F5#E989E4897F6B5258
(1675526289.901474) vcan0 120#038AF4897F045689
(1675526289.904354) vcan0 130#D7FD1D060A43FD11
(1675526289.904498) vcan0 150#E50905A806F865C0
(1675526289.904581) vcan0 055#E1F7F427B2039C80
(1675526289.904664) vcan0 065#31E6F6F700AEF601
(1675526289.904745) vcan0 070#00001EF8F4E13300
(1675526289.904827) vcan0 075#0000000000005458
(1675526289.904911) vcan0 080#C54F8000C2002C00
(1675526289.904992) vcan0 0B0#6B8311A3DEC16BA3
(1675526289.905075) vcan0 125#E51280E5C1D0D735
(1675526289.905157) vcan0 145#FD92D680FC4810A1
(1675526289.905240) vcan0 290#0000000000000000
(1675526289.905331) vcan0 2C0#6B8700000000A0F1
(1675526289.905871) vcan0 2C5#00D784862FE60070
(1675526289.905954) vcan0 288#0AE040BF00000080
(1675526289.906036) vcan0 008#1D800CE200800080
(1675526289.907410) vcan0 010#000000002FB031F8
(1675526289.907492) vcan0 1D0#0000000000000061
(1675526289.908488) vcan0 291#0000000000000000
(1675526289.909864) vcan0 260#D0FF0055497487B0
(1675526289.911541) vcan0 1B0#00C0000001B000FC
(1675526289.911623) vcan0 1B5#FFCAC96162E0FFEF
(1675526289.911706) vcan0 1D8#363339343234E043
(1675526289.911788) vcan0 1E0#0004E30300B917E0
(1675526289.911870) vcan0 2C3#6B8700FFFF365450
(1675526289.912638) vcan0 072#F000FF3F0078A038
(1675526289.912720) vcan0 210#93E080A0A8690146
(1675526289.915096) vcan0 008#1D801CD200800080
(1675526289.917850) vcan0 010#000000002FB031F8
(1675526289.917932) vcan0 0E0#62731FD800805C00
(1675526289.918014) vcan0 2A9#8C260082C0000084
(1675526289.920456) vcan0 0F5#E789E6897F6F4259
(1675526289.921754) vcan0 120#008A078A7F025689
(1675526289.921839) vcan0 130#DFFA1D030A36FA11
(1675526289.921920) vcan0 055#E1F7F427B2019C80
(1675526289.922002) vcan0 065#34E6F5F702AEF401
(1675526289.924736) vcan0 070#00001EF8F4E13300
(1675526289.924819) vcan0 075#0000000000005458
(1675526289.924902) vcan0 080#BF4F8000C2002C00
(1675526289.924983) vcan0 0B0#6B8311A3DEC16BA3
(1675526289.925066) vcan0 125#E51280E5C1D0D735
(1675526289.925148) vcan0 145#FD82D780FC4810A1
(1675526289.925232) vcan0 150#E90903B806F851C0
(1675526289.925313) vcan0 28C#000000000010FEA8
(1675526289.925405) vcan0 2B5#4B4F3B6293A68313
(1675526289.925487) vcan0 340#9C00000000000000
(1675526289.925570) vcan0 360#6B8700D2AF64A001
(1675526289.926262) vcan0 008#1D802CC200800080
(1675526289.927787) vcan0 010#000000002FB031F9
(1675526289.927869) vcan0 072#F000FF3F00788038
(1675526289.927952) vcan0 1D0#0000000000000A61
(1675526289.928868) vcan0 390#80FF051D0226564F
(1675526289.930243) vcan0 288#0EE050AF00000080
(1675526289.931923) vcan0 350#A200000000000080
(1675526289.932005) vcan0 1B0#00C0000001B000FC
(1675526289.932087) vcan0 1B5#FFD1CF6465E0FFEF
(1675526289.932169) vcan0 1D8#363339343234E043
(1675526289.932251) vcan0 1E0#0008D34300B917E0
(1675526289.932335) vcan0 290#0000000000000000
(1675526289.935712) vcan0 008#1D803CB200800080
(1675526289.937170) vcan0 010#000000002FB031F8
(1675526289.939990) vcan0 0E0#627322E000803900
(1675526289.940071) vcan0 210#93E080A0A869014E
(1675526289.940155) vcan0 291#0000000000000000
(1675526289.940236) vcan0 3D0#8C0F6100170480C3
(1675526289.940318) vcan0 260#D0FF00AA497487B0
(1675526289.941084) vcan0 0F5#E689E6897F733259
(1675526289.943978) vcan0 120#058AFA897F065689
(1675526289.944060) vcan0 130#E7FA1D030A26FA11
(1675526289.944143) vcan0 055#E1F7F327B2019C80
(1675526289.944224) vcan0 065#38E6F4F704AEF301
(1675526289.944306) vcan0 070#00001EF8F3E13300
(1675526289.944458) vcan0 075#0000000000005458
(1675526289.944540) vcan0 080#BA4F8000C2002C00
(1675526289.944624) vcan0 072#F000FF3F0078A038
(1675526289.944706) vcan0 0B0#6B8311A3DEC16BA3
(1675526289.944796) vcan0 125#E51280E5C1D0D735
(1675526289.944879) vcan0 145#FD72D880FC4810A1
(1675526289.944962) vcan0 150#E60905C806F844C0
(1675526289.945500) vcan0 370#1726C000671BCB00
(1675526289.945584) vcan0 008#1D804CA200800080
(1675526289.948097) vcan0 010#000000002FB031F8
(1675526289.948180) vcan0 1D0#0000000000000061
(1675526289.949476) vcan0 400#0101040201010112
(1675526289.949560) vcan0 405#6B87003A002C3502
(1675526289.951011) vcan0 1B0#00C0000000B000FC
(1675526289.951094) vcan0 1B5#FFD7D56768E0FFEF
(1675526289.951176) vcan0 1D8#363339343234E043
(1675526289.952094) vcan0 1E0#000CC34300B917E0
(1675526289.952177) vcan0 2C3#6B8700FFFF365450
(1675526289.954578) vcan0 288#0EE050AF00000080
(1675526289.956030) vcan0 008#1D805C9200800080
(1675526289.957493) vcan0 0E0#627321E800801A00
(1675526289.958642) vcan0 010#000000002FB031F8
(1675526289.960017) vcan0 072#F000FF3F00788038
(1675526289.960098) vcan0 2A9#8C26009BC0000084
(1675526289.961624) vcan0 0F5#E589E9897F77225A
(1675526289.961707) vcan0 120#EC89F8897F085689
(1675526289.961788) vcan0 130#EFFA1D030A16FA11
(1675526289.961872) vcan0 055#E0F7F327B2009C80
(1675526289.961955) vcan0 065#3AE6F2F701AEF201
(1675526289.962036) vcan0 070#00001EF8F3E13300
(1675526289.962727) vcan0 075#0000000000005458
(1675526289.962809) vcan0 080#B64F8000C2002C00
(1675526289.967002) vcan0 0B0#6B8311A3DEC16BA3
(1675526289.967085) vcan0 125#E51280E5C1D0D735
(1675526289.967167) vcan0 145#FD62D980FC4810A1
(1675526289.967249) vcan0 150#E90905D806F831C0
(1675526289.967342) vcan0 210#93E080A0A8690146
(1675526289.967425) vcan0 28C#000000000010BEA8
(1675526289.967506) vcan0 290#0000000000000000
(1675526289.967588) vcan0 2B5#4B4F3B6293A68410
(1675526289.967671) vcan0 2C0#6B8700000000A0F1
(1675526289.967754) vcan0 2C5#00D7848633E60070
(1675526289.967837) vcan0 3AF#0000000000000020
(1675526289.967919) vcan0 008#1D806C8200800080
(1675526289.968001) vcan0 010#000000002FB031F8
(1675526289.968160) vcan0 1D0#0000000000000061
(1675526289.969534) vcan0 291#0000000000000000
(1675526289.971137) vcan0 260#D0FF00AA497487B0
(1675526289.971218) vcan0 1B0#00C0000000B000FC
(1675526289.971300) vcan0 1B5#FFDEDC6A6BE0FFEF
(1675526289.971382) vcan0 1D8#363339343234E043
(1675526289.971464) vcan0 1E0#000CC30300B917E0
(1675526289.972241) vcan0 072#F000FF3F0078A038
(1675526289.972323) vcan0 3B0#00D83F3837ACC400
(1675526289.976026) vcan0 008#1D807C7200800080
(1675526289.978767) vcan0 0E0#62731EF00080FD00
(1675526289.978850) vcan0 010#000000002FB031F8
(1675526289.978932) vcan0 330#2800000000000000
(1675526289.980230) vcan0 288#0AE050AF00000080
(1675526289.981375) vcan0 0F5#DE89DE897F7B125B
(1675526289.981458) vcan0 120#EB89F5897FFF5589
(1675526289.982907) vcan0 130#F7F71DF80912F411
(1675526289.982990) vcan0 055#E0F7F327B2009C80
(1675526289.983073) vcan0 065#3BE6F1F701AEF001
(1675526289.983154) vcan0 070#00001EF8F2E13300
(1675526289.983236) vcan0 075#0000000000005458
(1675526289.983318) vcan0 080#B34F8000C2002C00
(1675526289.983401) vcan0 0B0#6B8311A3DEC16BA3
(1675526289.985779) vcan0 125#E51280E5C1D0D735
(1675526289.985861) vcan0 145#FD52DA80FC4810A1
(1675526289.985944) vcan0 150#E40903E806F826C0
(1675526289.986026) vcan0 3CA#00000000550000C8
(1675526289.986108) vcan0 008#1D808C6200800080
(1675526289.987256) vcan0 010#000000002FB031F8
(1675526289.988402) vcan0 072#F000FF3F00788038
(1675526289.988486) vcan0 1D0#0000000000000061
(1675526289.989785) vcan0 210#93E08020A869014E
(1675526289.991387) vcan0 1B0#00C0000001B000FC
(1675526289.991470) vcan0 1B5#FFE4E26D6FE0FFEF
(1675526289.991551) vcan0 1D8#363339343234E043
(1675526289.991633) vcan0 1E0#0010B34300B917E0
(1675526289.991717) vcan0 290#0000000000000000
(1675526289.992484) vcan0 2C3#6B8700FFFF365450
(1675526289.995255) vcan0 3C8#6B87008E886C008E
(1675526289.995346) vcan0 008#1D809C5200800080
(1675526289.997863) vcan0 010#000000002FB031F8
(1675526289.997945) vcan0 0E0#62731FF80080DC00
(1675526289.999245) vcan0 291#0000000000000000
(1675526289.999328) vcan0 2A9#8C260082C0000084
(1675526290.000776) vcan0 260#D0FF00AA497487B0
(1675526290.000858) vcan0 0F5#DC89DE897F7F025C
(1675526290.000941) vcan0 120#1C8AF3897F005689
(1675526290.001860) vcan0 130#FFF41DF50905F411
(1675526290.001943) vcan0 055#E0F7F227B2009C80
(1675526290.004728) vcan0 065#39E6F0F7FFADEF01
(1675526290.004812) vcan0 070#00001EF8F2E13300
(1675526290.004894) vcan0 072#F000FF3F0078A038
(1675526290.004976) vcan0 075#0000000000005458
(1675526290.005059) vcan0 080#B24F8000C2002C00
(1675526290.005148) vcan0 0B0#6B8311A3DEC16BA3
(1675526290.005247) vcan0 125#E51280E5C1D0D735
(1675526290.005328) vcan0 145#FD42DB80FC4810A1
(1675526290.005411) vcan0 150#DE0905F806F81CC0
(1675526290.005492) vcan0 28C#000000000010BEA8
(1675526290.005575) vcan0 2B5#4B4F3B6293A6840F
(1675526290.005656) vcan0 340#9C00000000000000
(1675526290.005739) vcan0 288#1AE050AF00000080
(1675526290.006281) vcan0 008#1D80AC4200800080
(1675526290.007731) vcan0 010#000000002FB031F9
(1675526290.007813) vcan0 1D0#0000000000000A61
(1675526290.010406) vcan0 1B0#00C0000000B000FC
(1675526290.011780) vcan0 1B5#FFEBE97172E0FFEF
(1675526290.011861) vcan0 1D8#363339343234E043
(1675526290.011943) vcan0 1E0#0014A34300B917E0
(1675526290.013242) vcan0 210#93E080A0A869014E
(1675526290.015875) vcan0 008#1D80BC3200800080
(1675526290.017261) vcan0 010#000000002FB031F8
(1675526290.018789) vcan0 072#F000FF3F00788038
(1675526290.018872) vcan0 0E0#62731FC00080BC00
(1675526290.020247) vcan0 350#A200000000000080
(1675526290.021392) vcan0 0F5#DF89DD897F43F25D
(1675526290.021475) vcan0 120#DE89F5897F035689
(1675526290.024293) vcan0 130#87F71DF509F5F711
(1675526290.024426) vcan0 055#E0F7F227B2009C80
(1675526290.024508) vcan0 065#35E6F0F7FDADEF01
(1675526290.024591) vcan0 070#00001EF8F2E13400
(1675526290.024674) vcan0 075#0000000000005458
(1675526290.024756) vcan0 080#B14F8000C2002C00
(1675526290.024837) vcan0 0B0#6B8311A3DEC16BA3
(1675526290.024919) vcan0 125#E51280E5C1D0D735
(1675526290.025001) vcan0 145#FD32DC80FC4810A1
(1675526290.025083) vcan0 150#DF09090806F80BC0
(1675526290.025175) vcan0 290#0000000000000000
(1675526290.025257) vcan0 2C0#6B8700000000A0F1
(1675526290.025797) vcan0 2C5#00D7848638E60070
(1675526290.025879) vcan0 360#6B8700D2AF64A001
(1675526290.025961) vcan0 008#1D80CC2200800080
(1675526290.027260) vcan0 010#000000002FB031F8
(1675526290.028406) vcan0 1D0#0000000000000061
(1675526290.028490) vcan0 291#0000000000000000
(1675526290.029789) vcan0 390#80FF051D0222574F
(1675526290.031394) vcan0 288#26E0609F00000080
(1675526290.031477) vcan0 260#D0FF00AA497487B0
(1675526290.031560) vcan0 1B0#00C0000000B000FC
(1675526290.031641) vcan0 1B5#FFF1EF7475E0FFEF
(1675526290.031725) vcan0 1D8#363339343234E043
