(1675525559.414961) vcan0 130#D7B71D25101EB711
(1675525559.415026) vcan0 150#EF0FE0A7EAF755C0
(1675525559.415103) vcan0 210#0AE080A0BA69B645
(1675525559.415254) vcan0 3D0#950F6100D11480C3
(1675525559.415332) vcan0 008#C3801C1318810080
(1675525559.415409) vcan0 055#F1F7F167B3009C80
(1675525559.415488) vcan0 065#E8E5F2F7238EDF01
(1675525559.415565) vcan0 070#00000DF8DFE11800
(1675525559.415716) vcan0 075#0000000000005458
(1675525559.415796) vcan0 080#DB4F8000C2002C00
(1675525559.415872) vcan0 0B0#4B8312A3DFC14BA3
(1675525559.416055) vcan0 145#F9C2D380FCC810A1
(1675525559.421893) vcan0 28C#00000000002EBEA6
(1675525559.421967) vcan0 2B5#4BCC2A6293A63800
(1675525559.422042) vcan0 340#7B00000000000000
(1675525559.422115) vcan0 430#2808280000002DC6
(1675525559.422266) vcan0 288#9FDFA05F00000080
(1675525559.422341) vcan0 1B0#00C0530008B07DFC
(1675525559.422416) vcan0 1B5#FF7659FB0CE0FFEF
(1675525559.422489) vcan0 1D8#363339343234DF43
(1675525559.422633) vcan0 1E0#0004E34300B917E0
(1675525559.422708) vcan0 2C3#669C00FFFF1A5450
(1675525559.422781) vcan0 010#000000002FB031F8
(1675525559.424367) vcan0 072#F000FF3F0078A038
(1675525559.424440) vcan0 1D0#0000000000000061
(1675525559.424584) vcan0 008#C5802C0811810080
(1675525559.424657) vcan0 0E0#E2734AD000805100
(1675525559.433722) vcan0 125#E5827FE4C1D0D735
(1675525559.433799) vcan0 0F5#C28FF38FBF6F41EC
(1675525559.433877) vcan0 120#1090FB8F7FFB5589
(1675525559.434026) vcan0 130#DFB41D101023B711
(1675525559.434105) vcan0 150#DA0FE0B7E9F75AC0
(1675525559.434203) vcan0 010#000000002FB031F8
(1675525559.434282) vcan0 291#0000000000000000
(1675525559.434359) vcan0 2A9#8C260093C0000084
(1675525559.434438) vcan0 008#CA803CFA0A810080
(1675525559.434515) vcan0 055#F1F7F167B3009C80
(1675525559.434667) vcan0 065#0CE6F1F7248EE001
(1675525559.434745) vcan0 070#00000DF8DFE11800
(1675525559.435184) vcan0 075#0000000000005458
(1675525559.435260) vcan0 080#DA4F8000C2002C00
(1675525559.435338) vcan0 0B0#4A8313A3DFC14AA3
(1675525559.435417) vcan0 145#F9B2D480FCC810A1
(1675525559.435566) vcan0 260#D0FF0055497487B0
(1675525559.435645) vcan0 290#0000000000000000
(1675525559.435723) vcan0 2C0#669C00B20100A0F1
(1675525559.435801) vcan0 2C5#00E75A79ACE50070
(1675525559.443572) vcan0 072#F000FF3F00788038
(1675525559.443658) vcan0 210#0AE08020BA69B64D
(1675525559.443737) vcan0 1B0#00C0540005B07DFC
(1675525559.443816) vcan0 1B5#FF81630012E0FFEF
(1675525559.443965) vcan0 1D8#363339343234DF43
(1675525559.444044) vcan0 1E0#0008D34300B917E0
(1675525559.444121) vcan0 010#000000002FB031F8
(1675525559.444199) vcan0 1D0#0000000000000061
(1675525559.444276) vcan0 008#CC804CEF03810080
(1675525559.444427) vcan0 288#8BDFA05F00000080
(1675525559.444504) vcan0 0E0#E27345D800803600
(1675525559.451605) vcan0 125#E57C7FE4C1D0D735
(1675525559.451748) vcan0 0F5#C38FE38FBF7331ED
(1675525559.451822) vcan0 120#E68FF58F7FF45589
(1675525559.451898) vcan0 130#E7B41DF50F2FB111
(1675525559.451971) vcan0 010#000000002FB031F8
(1675525559.452115) vcan0 072#F000FF3F0078A038
(1675525559.457731) vcan0 150#D30FDCC7E7F751C0
(1675525559.457810) vcan0 330#2800000000000000
(1675525559.457959) vcan0 008#CF805CD50A810080
(1675525559.458038) vcan0 055#F1F7F167B3009C80
(1675525559.458116) vcan0 065#34E6F1F7238EDF01
(1675525559.458194) vcan0 070#00000DF8DFE11900
(1675525559.458271) vcan0 075#0000000000005458
(1675525559.458422) vcan0 080#D94F8000C2002C00
(1675525559.458501) vcan0 0B0#498313A3DFC149A3
(1675525559.458579) vcan0 145#F9A2D580FCC810A1
(1675525559.458656) vcan0 28C#00000000002EBEA7
(1675525559.458734) vcan0 2B5#4BCC2A6293A63800
(1675525559.458885) vcan0 370#0727C0006E03CB1F
(1675525559.458962) vcan0 1B0#00C0530003B07EFC
(1675525559.459040) vcan0 1B5#FF8B6E0617E0FFEF
(1675525559.463378) vcan0 1D8#363339343234DF43
(1675525559.463463) vcan0 010#000000002FB031F9
(1675525559.463613) vcan0 1D0#0000000000000261
(1675525559.463691) vcan0 1E0#0008D30300B917E0
(1675525559.463769) vcan0 210#0AE080A0BA69B64D
(1675525559.463846) vcan0 291#0000000000000000
(1675525559.463924) vcan0 2C3#669C00FFFF1A5450
(1675525559.464003) vcan0 008#D3806CD8F4800080
(1675525559.464151) vcan0 290#0000000000000000
(1675525559.464231) vcan0 260#D0FF00AA497487B0
(1675525559.471467) vcan0 0E0#E2734FE000800C00
(1675525559.471542) vcan0 072#F000FF3F00788038
(1675525559.471616) vcan0 288#8BDFA05F00000080
(1675525559.471760) vcan0 125#E5767FE4C1D0D735
(1675525559.471834) vcan0 0F5#B98FE38FBF7721EF
(1675525559.471908) vcan0 120#B98FF58F7FF25589
(1675525559.471983) vcan0 130#EFB11DE90F2BB411
(1675525559.472067) vcan0 010#000000002FB031F8
(1675525559.478602) vcan0 150#CD0FDAD7E5F747C0
(1675525559.478681) vcan0 2A9#8C26008AC0000084
(1675525559.478759) vcan0 350#A200000000000080
(1675525559.478837) vcan0 008#D5807CD4E6800080
(1675525559.478988) vcan0 055#F0F7F067B3009C80
(1675525559.479066) vcan0 065#4FE6F0F7208EDF01
(1675525559.479143) vcan0 070#00000EF8DFE11A00
(1675525559.479223) vcan0 075#0000000000005458
(1675525559.479299) vcan0 080#D84F8000C2002C00
(1675525559.479378) vcan0 0B0#488313A3DFC148A3
(1675525559.479526) vcan0 145#F992D680FCC810A1
(1675525559.479606) vcan0 1B0#00C0520002B07CFC
(1675525559.479684) vcan0 1B5#FF95780B1CE0FFEF
(1675525559.479761) vcan0 1D8#363339343234DF43
(1675525559.483091) vcan0 010#000000002FB031F8
(1675525559.483177) vcan0 072#F000FF3F0078A038
(1675525559.483256) vcan0 1D0#0000000000000861
(1675525559.483407) vcan0 1E0#000CC34300B917E0
(1675525559.483486) vcan0 008#D8808CC8DF800080
(1675525559.485445) vcan0 0E0#E27349E80080F200
(1675525559.485596) vcan0 210#0AE080A0BA69B645
(1675525559.493654) vcan0 125#E5737FE4C1D0D735
(1675525559.493727) vcan0 0F5#B18FE38FBF7B11F0
(1675525559.493802) vcan0 120#AB8FC08F7FF45589
(1675525559.493877) vcan0 130#F7B41DE30F21B911
(1675525559.494019) vcan0 010#000000002FB031F8
(1675525559.494095) vcan0 150#C90FD8E7E3F73BC0
(1675525559.494169) vcan0 291#0000000000000000
(1675525559.494243) vcan0 3CA#00000000520000C8
(1675525559.494385) vcan0 008#D8809CD5C2800080
(1675525559.494460) vcan0 288#76DFB04F00000080
(1675525559.494543) vcan0 055#F0F7F067B3009C80
(1675525559.494617) vcan0 065#54E6F0F7108EDF01
(1675525559.494759) vcan0 070#00000EF8DFE11B00
(1675525559.494835) vcan0 075#0000000000005458
(1675525559.494909) vcan0 080#D74F8000C2002C00
(1675525559.499754) vcan0 0B0#478313A3DFC147A3
(1675525559.499833) vcan0 145#F982D780FCC810A1
(1675525559.499911) vcan0 260#D0FF00AA497487B0
(1675525559.499990) vcan0 28C#00000000002EBEA8
(1675525559.500140) vcan0 290#0000000000000000
(1675525559.500217) vcan0 072#F000FF3F00788038
(1675525559.500295) vcan0 2B5#4BCC2A6293A63700
(1675525559.500373) vcan0 2C0#669C00B20100A0F1
(1675525559.500452) vcan0 2C5#00E76171F5E50070
(1675525559.500529) vcan0 340#7C00000000000000
(1675525559.500607) vcan0 360#6C9C00D2B343A001
(1675525559.500693) vcan0 3AF#0000000000000020
(1675525559.500843) vcan0 1B0#00C0520001B07BFC
(1675525559.500921) vcan0 1B5#FF9F821021E0FFEF
(1675525559.500999) vcan0 010#000000002FB031F8
(1675525559.503460) vcan0 1D0#0000000000000061
(1675525559.503538) vcan0 1D8#363339343234DF43
(1675525559.503616) vcan0 1E0#0010B34300B917E0
(1675525559.503693) vcan0 2C3#669C00FFFF1A5450
(1675525559.503772) vcan0 390#80FF0500023A514F
(1675525559.503921) vcan0 008#DA80ACBCC9800080
(1675525559.503998) vcan0 0E0#E2733BF00080E000
(1675525559.511535) vcan0 125#E5717FE4C1D0D735
(1675525559.511612) vcan0 0F5#A88FC68FBF7F01F1
(1675525559.511764) vcan0 120#8D8FA38F7FF65589
(1675525559.511840) vcan0 010#000000002FB031F8
(1675525559.511918) vcan0 072#F000FF3F0078A038
(1675525559.512006) vcan0 130#FFB71DC60F2EB911
(1675525559.518728) vcan0 150#B70FD3F7E1F73DC0
(1675525559.518803) vcan0 210#0AE080A0BA69B64D
(1675525559.518945) vcan0 2A9#8C260082C0000084
(1675525559.519021) vcan0 008#DA80BCD0A5800080
(1675525559.519095) vcan0 055#EFF7EF67B3009C80
(1675525559.519169) vcan0 065#47E6F0F7FF8DDF01
(1675525559.519313) vcan0 070#00000FF8DFE11B00
(1675525559.519387) vcan0 075#0000000000005458
(1675525559.519461) vcan0 080#D64F8000C2002C00
(1675525559.519535) vcan0 0B0#468314A3DFC146A3
(1675525559.519679) vcan0 145#F972D880FCC810A1
(1675525559.519754) vcan0 288#7ADFB04F00000080
(1675525559.519897) vcan0 3C8#669C008E882C008E
(1675525559.519972) vcan0 1B0#00C0520005B07BFC
(1675525559.520046) vcan0 1B5#FFA98C1526E0FFEF
(1675525559.523356) vcan0 1D8#363339343234DF43
(1675525559.523499) vcan0 1E0#0010B30300B917E0
(1675525559.523574) vcan0 010#000000002FB031F8
(1675525559.523648) vcan0 1D0#0000000000000061
(1675525559.523723) vcan0 291#0000000000000000
(1675525559.523866) vcan0 008#DA80CCCE97800080
(1675525559.523940) vcan0 290#0000000000000000
(1675525559.524014) vcan0 260#D0FF00AA497487B0
(1675525559.530476) vcan0 0E0#E27337F80080C400
(1675525559.530557) vcan0 072#F000FF3F00788038
(1675525559.530634) vcan0 3B0#00D8983880B0C402
(1675525559.530711) vcan0 125#E56C7FE4C1D0D735
(1675525559.530789) vcan0 0F5#788FA78FBF43F1F2
(1675525559.530867) vcan0 120#A48FB58F7FF55589
(1675525559.531018) vcan0 130#87B71DB30F31B711
(1675525559.531097) vcan0 150#8F0FD407DFF755C0
(1675525559.533997) vcan0 010#000000002FB031F8
(1675525559.534146) vcan0 330#2800000000000000
(1675525559.534224) vcan0 008#DC80DCD281800080
(1675525559.534302) vcan0 055#EFF7EF67B3009C80
(1675525559.534379) vcan0 065#30E6EFF7F28DDF01
(1675525559.534457) vcan0 070#00000FF8DFE11C00
(1675525559.534607) vcan0 075#0000000000005458
(1675525559.534685) vcan0 080#D54F8000C2002C00
(1675525559.534762) vcan0 0B0#468314A3DFC146A3
(1675525559.534840) vcan0 145#F962D980FCC810A1
(1675525559.544305) vcan0 28C#00000000002EBEA8
(1675525559.544448) vcan0 2B5#4BCC296293A63500
(1675525559.544523) vcan0 210#0AE080A0BA69B645
(1675525559.544597) vcan0 1B0#00C04F0008B07BFC
(1675525559.544671) vcan0 1B5#FFB3971A2BE0FFEF
(1675525559.544814) vcan0 1D8#363339343234DF43
(1675525559.544898) vcan0 1E0#0014A34300B917E0
(1675525559.544971) vcan0 010#000000002FB031F9
(1675525559.545046) vcan0 072#F000FF3F0078A038
(1675525559.545121) vcan0 1D0#0000000000000261
(1675525559.545265) vcan0 2C3#669C00FFFF1B5450
(1675525559.545339) vcan0 008#DC80ECD073800080
(1675525559.545413) vcan0 288#7ADFB04F00000080
(1675525559.545554) vcan0 0E0#E27331C00080AA00
(1675525559.551274) vcan0 125#E56C7FE4C1D0D735
(1675525559.551351) vcan0 0F5#708FA18FBF47E1F4
(1675525559.551430) vcan0 120#9D8FAF8F7FFD5589
(1675525559.551581) vcan0 130#8FBA1DA80F2CBC11
(1675525559.551658) vcan0 010#000000002FB031F8
(1675525559.551735) vcan0 150#890FD417DEF74BC0
(1675525559.556281) vcan0 291#0000000000000000
(1675525559.556424) vcan0 2A9#8C26009BC0000084
(1675525559.556509) vcan0 008#DC80FCE44F800080
(1675525559.556584) vcan0 055#EFF7EF67B3009C80
(1675525559.556660) vcan0 065#1BE6EFF7EF8DE001
(1675525559.556803) vcan0 070#00000FF8E0E11C00
(1675525559.556878) vcan0 075#0000000000005458
(1675525559.556952) vcan0 080#D54F8000C2002C00
(1675525559.557026) vcan0 0B0#458314A3DFC145A3
(1675525559.557101) vcan0 145#F952DA80FCC810A1
(1675525559.557244) vcan0 260#D0FF0055497487B0
(1675525559.557318) vcan0 290#0000000000000000
(1675525559.557462) vcan0 2C0#669C00B10100A0F1
(1675525559.557536) vcan0 072#F000FF3F00788038
(1675525559.557610) vcan0 2C5#00E76D6627E60070
(1675525559.563378) vcan0 370#0727C0006E03CB1F
(1675525559.563452) vcan0 3E0#000000D935808090
(1675525559.563596) vcan0 1B0#00C04C0007B077FC
(1675525559.563677) vcan0 1B5#FFBDA11F30E0FFEF
(1675525559.563751) vcan0 1D8#363339343234DF43
(1675525559.563825) vcan0 010#000000002FB031F8
(1675525559.563969) vcan0 1D0#0000000000000861
(1675525559.564044) vcan0 1E0#0018934300B917E0
(1675525559.564117) vcan0 210#0AE080A0BA69B64D
(1675525559.564191) vcan0 350#A200000000000080
(1675525559.564334) vcan0 008#DE800CD24F800080
(1675525559.564407) vcan0 0E0#E27339C800808200
(1675525559.565854) vcan0 288#6EDFB04F00000080
(1675525559.573946) vcan0 125#E56C7FE4C1D0D735
(1675525559.574025) vcan0 0F5#708F928FBF4BD1F5
(1675525559.574176) vcan0 120#788F8E8F7FF55589
(1675525559.574253) vcan0 010#000000002FB031F8
(1675525559.574331) vcan0 072#F000FF3F0078A038
(1675525559.574409) vcan0 130#97BC1D920F32BC11
(1675525559.574507) vcan0 150#810FCF27DCF743C0
(1675525559.574585) vcan0 008#DE801CD140800080
(1675525559.574663) vcan0 055#EFF7EF67B3009C80
(1675525559.574812) vcan0 065#07E6EFF7ED8DE001
(1675525559.574891) vcan0 070#00000FF8E0E11C00
(1675525559.574969) vcan0 075#0000000000005458
(1675525559.575046) vcan0 080#D44F8000C2002C00
(1675525559.575196) vcan0 0B0#448314A3DFC144A3
(1675525559.575275) vcan0 145#F942DB80FCC810A1
(1675525559.575352) vcan0 28C#00000000002EBEA8
(1675525559.575503) vcan0 2B5#4BCC276293A63200
(1675525559.575580) vcan0 340#7C00000000000000
(1675525559.585654) vcan0 1B0#00C0470002B072FC
(1675525559.585798) vcan0 1B5#FFC7AB2435E0FFEF
(1675525559.585873) vcan0 1D8#363339343234DE43
(1675525559.585946) vcan0 1E0#0018930300B917E0
(1675525559.586078) vcan0 010#000000002FB031F8
(1675525559.586157) vcan0 1D0#0000000000000061
(1675525559.586235) vcan0 291#0000000000000000
(1675525559.586314) vcan0 2C3#669C00FFFF1B5450
(1675525559.586392) vcan0 008#DE802CC140800080
(1675525559.586541) vcan0 290#0000000000000000
(1675525559.586620) vcan0 260#D0FF0055497487B0
(1675525559.586697) vcan0 0E0#E2733DD000805E00
(1675525559.586849) vcan0 072#F000FF3F00788038
(1675525559.586927) vcan0 210#0AE08020BA69B645
(1675525559.588087) vcan0 125#E56C7FE4C1D0D735
(1675525559.594086) vcan0 0F5#518F7B8FBF4FC1F6
(1675525559.594164) vcan0 120#6F8F868F7FF65589
(1675525559.594241) vcan0 130#9FBF1D860F2EB911
(1675525559.594318) vcan0 010#000000002FB031F8
(1675525559.594468) vcan0 150#650FD437DAF74FC0
(1675525559.594556) vcan0 2A9#8C260082C0000084
(1675525559.594635) vcan0 008#DE803CB140800080
(1675525559.594712) vcan0 288#7ADFC03F00000080
(1675525559.594790) vcan0 055#EFF7EF67B3009C80
(1675525559.594868) vcan0 065#F4E5EFF7EE8DE001
(1675525559.595017) vcan0 070#00000FF8E0E11D00
(1675525559.595095) vcan0 075#0000000000005458
(1675525559.595173) vcan0 080#D44F8000C2002C00
(1675525559.595324) vcan0 0B0#448314A3DFC144A3
(1675525559.595402) vcan0 145#F932DC80FCC810A1
(1675525559.595479) vcan0 360#6C9C00D2B343A001
(1675525559.603410) vcan0 1B0#00C0420005B06CFC
(1675525559.603484) vcan0 1B5#FFD2B5293AE0FFEF
(1675525559.603559) vcan0 010#000000002FB031F8
(1675525559.603633) vcan0 072#F000FF3F0078A038
(1675525559.603776) vcan0 1D0#0000000000000061
(1675525559.603857) vcan0 1D8#363339343234DE43
(1675525559.603933) vcan0 1E0#001C834300B917E0
(1675525559.604007) vcan0 390#80FF0500023A514F
(1675525559.604081) vcan0 008#DE804CB62B800080
(1675525559.604224) vcan0 0E0#E2733DD800803E00
(1675525559.605875) vcan0 125#E56C7FE4C1D0D735
(1675525559.615385) vcan0 0F5#448F638FBF53B1F7
(1675525559.615463) vcan0 120#638F8D8F7FF75589
(1675525559.615541) vcan0 010#000000002FB031F8
(1675525559.615619) vcan0 130#A7C21D7F0F25B911
(1675525559.615769) vcan0 150#530FD447D9F751C0
(1675525559.615847) vcan0 210#0AE080A0BA69B645
(1675525559.615925) vcan0 291#0000000000000000
(1675525559.616006) vcan0 330#2800000000000000
(1675525559.616150) vcan0 3CA#00000000530000C8
(1675525559.616223) vcan0 3D0#950F6100D11480C3
(1675525559.616307) vcan0 008#DE805CA62B800080
(1675525559.616382) vcan0 055#EFF7EF67B3009C80
(1675525559.616524) vcan0 065#E0E5EFF7EC8DE001
(1675525559.616598) vcan0 070#00000FF8E0E11D00
(1675525559.616673) vcan0 075#0000000000005458
(1675525559.616816) vcan0 080#D44F8000C2002C00
(1675525559.616889) vcan0 0B0#438314A3DFC143A3
(1675525559.616963) vcan0 145#F922DD80FCC810A1
(1675525559.617108) vcan0 260#D0FF0055497487B0
(1675525559.617180) vcan0 28C#00000000002EBEA6
(1675525559.621509) vcan0 290#0000000000000000
(1675525559.621584) vcan0 2B5#4BCC266293A63100
(1675525559.621658) vcan0 2C0#669C00AF0100A0F1
(1675525559.621733) vcan0 2C5#00E7716314E60070
(1675525559.621875) vcan0 072#F000FF3F00788038
(1675525559.621950) vcan0 3AF#0000000000000020
(1675525559.622033) vcan0 288#7FDFC03F00000080
(1675525559.622106) vcan0 1B0#00C03D0006B067FC
(1675525559.622249) vcan0 1B5#FFDBBF2E3FE0FFEF
(1675525559.622325) vcan0 1D8#363339343234DD43
(1675525559.622398) vcan0 1E0#0020734300B917E0
(1675525559.622472) vcan0 2C3#669C00FFFF1B5450
(1675525559.629615) vcan0 010#000000002FB031F9
(1675525559.629693) vcan0 1D0#0000000000000261
(1675525559.629843) vcan0 400#0F0102010100011E
(1675525559.629921) vcan0 405#6C9C003A00333902
(1675525559.630000) vcan0 008#DE806CA51C800080
(1675525559.630077) vcan0 0E0#E2733BE000802000
(1675525559.630156) vcan0 125#E56C7FE4C1D0D735
(1675525559.630305) vcan0 0F5#2D8F568FBF57A1F9
(1675525559.630383) vcan0 120#588F738F7FF05589
(1675525559.630460) vcan0 130#AFC21D730F21BF11
(1675525559.630547) vcan0 150#420FD657D8F752C0
(1675525559.632070) vcan0 008#DE807C951C800080
(1675525559.640233) vcan0 055#EFF7EF67B3009C80
(1675525559.640308) vcan0 010#000000002FB031F8
(1675525559.640451) vcan0 065#CDE5EFF7EE8DE001
(1675525559.640525) vcan0 070#00000FF8E0E11D00
(1675525559.640600) vcan0 072#F000FF3F0078A038
(1675525559.640674) vcan0 075#0000000000005458
(1675525559.640819) vcan0 080#D34F8000C2002C00
(1675525559.640893) vcan0 0B0#428314A3DFC142A3
(1675525559.640967) vcan0 145#F912DE80FCC810A1
(1675525559.641041) vcan0 2A9#8C26009BC0000084
(1675525559.641184) vcan0 210#0AE080A0BA69B64D
(1675525559.641257) vcan0 3C8#669C008E882C008E
(1675525559.641333) vcan0 1B0#00C03B0004B060FC
(1675525559.641475) vcan0 1B5#FFE5C93344E0FFEF
(1675525559.641559) vcan0 1D8#363339343234DD43
(1675525559.647303) vcan0 1E0#0020730300B917E0
(1675525559.647379) vcan0 008#DE808C851C800080
(1675525559.647522) vcan0 288#7FDFC03F00000080
(1675525559.647596) vcan0 010#000000002FB031F8
(1675525559.647671) vcan0 1D0#0000000000000861
(1675525559.647744) vcan0 260#D0FF0055497487B0
(1675525559.647819) vcan0 290#0000000000000000
(1675525559.647962) vcan0 291#0000000000000000
(1675525559.648037) vcan0 0E0#E2733CE80080FF00
(1675525559.648111) vcan0 072#F000FF3F00788038
(1675525559.648254) vcan0 3B0#00FC983880B0C400
(1675525559.648329) vcan0 125#E56C7FE4C1D0D735
(1675525559.650803) vcan0 0F5#188F3E8FBF5B91FA
(1675525559.650878) vcan0 120#4C8F5F8F7FED5589
(1675525559.650952) vcan0 130#B7C51D5F0F25C511
(1675525559.651036) vcan0 150#2A0FD667D7F75AC0
(1675525559.651110) vcan0 350#A200000000000080
(1675525559.657980) vcan0 010#000000002FB031F8
(1675525559.658055) vcan0 008#DE809C751C800080
(1675525559.658129) vcan0 055#EEF7EE67B3009C80
(1675525559.658203) vcan0 065#BEE5EFF7EF8DE001
(1675525559.658347) vcan0 070#000010F8E0E11D00
(1675525559.658422) vcan0 075#0000000000005458
(1675525559.658496) vcan0 080#D34F8000C2002C00
(1675525559.658569) vcan0 0B0#428313A3DFC142A3
(1675525559.658712) vcan0 145#F902DF80FCC810A1
(1675525559.658787) vcan0 28C#00000000002EBEA7
(1675525559.658862) vcan0 2B5#4BCC246293A62E00
(1675525559.659004) vcan0 340#7C00000000000000
(1675525559.659077) vcan0 370#0728C0006E03CB1F
(1675525559.659153) vcan0 1B0#00C03A0004B05CFC
(1675525559.659235) vcan0 1B5#FFEFD33849E0FFEF
(1675525559.662603) vcan0 1D8#363339343234DD43
(1675525559.662675) vcan0 1E0#0024634300B917E0
(1675525559.662752) vcan0 2C3#669C00FFFF1B5450
(1675525559.662895) vcan0 010#000000002FB031F8
(1675525559.662969) vcan0 072#F000FF3F0078A038
(1675525559.663043) vcan0 1D0#0000000000000061
(1675525559.663117) vcan0 210#0AE080A0BA69B64D
(1675525559.663259) vcan0 008#DE80AC730E800080
(1675525559.670630) vcan0 0E0#E2733EF00080DD00
(1675525559.670710) vcan0 288#8FDFC03F00000080
(1675525559.670787) vcan0 125#E56C7FE4C1D0D735
(1675525559.670866) vcan0 0F5#068F1C8FBF5F81FB
(1675525559.671016) vcan0 120#488F6B8F7FEE5589
(1675525559.671094) vcan0 130#BFC81D580F1CC511
(1675525559.671172) vcan0 010#000000002FB031F8
(1675525559.675520) vcan0 150#110FD877D7F763C0
(1675525559.675671) vcan0 291#0000000000000000
(1675525559.675748) vcan0 2A9#8C260082C0000084
(1675525559.675826) vcan0 008#DE80BC630E800080
(1675525559.675905) vcan0 055#EEF7EE67B3009C80
(1675525559.676054) vcan0 065#C2E5EEF7FA8DE001
(1675525559.676127) vcan0 070#000010F8E0E11D00
(1675525559.676202) vcan0 075#0000000000005458
(1675525559.676276) vcan0 080#D34F8000C2002C00
(1675525559.676419) vcan0 0B0#418312A3DFC141A3
(1675525559.676494) vcan0 145#F9F2D080FCC810A1
(1675525559.676637) vcan0 260#D0FF00AA497487B0
(1675525559.676712) vcan0 290#0000000000000000
(1675525559.676786) vcan0 2C0#669C00AE0100A0F1
(1675525559.676859) vcan0 2C5#00E77666DAE50070
(1675525559.684825) vcan0 072#F000FF3F00788038
(1675525559.684908) vcan0 1B0#00C03A0007B05AFC
(1675525559.684983) vcan0 1B5#FFF9DD3C4EE0FFEF
(1675525559.685135) vcan0 010#000000002FB031F8
(1675525559.685200) vcan0 1D0#0000000000000061
(1675525559.685275) vcan0 1D8#363339343234DD43
(1675525559.685348) vcan0 1E0#0028534300B917E0
(1675525559.685492) vcan0 008#DE80CC6100800080
(1675525559.685566) vcan0 0E0#E27335F80080C600
(1675525559.685640) vcan0 210#07E080A0BA69B645
(1675525559.687230) vcan0 125#E56C7FE4C1D0D735
(1675525559.694461) vcan0 0F5#0A8F1D8FBF6371FC
(1675525559.694539) vcan0 120#218F478F7FF35589
(1675525559.694689) vcan0 130#C7C81D470F1DCA11
(1675525559.694768) vcan0 010#000000002FB031F8
(1675525559.694845) vcan0 072#F000FF3F0078A038
(1675525559.694923) vcan0 150#130FE287D7F751C0
(1675525559.695010) vcan0 330#2800000000000000
(1675525559.695088) vcan0 008#DE80DC5100800080
(1675525559.695238) vcan0 288#9BDFD02F00000080
(1675525559.695317) vcan0 055#EEF7EE67B3009C80
(1675525559.695394) vcan0 065#D2E5EEF7068EE001
(1675525559.695472) vcan0 070#000010F8E0E11E00
(1675525559.695622) vcan0 075#0000000000005458
(1675525559.695699) vcan0 080#D24F8000C2002C00
(1675525559.695778) vcan0 0B0#418312A3DFC141A3
(1675525559.695856) vcan0 145#F9E2D180FCC810A1
(1675525559.696008) vcan0 28C#00000000002EBEA6
(1675525559.696083) vcan0 2B5#4BCC236293A62D00
(1675525559.696157) vcan0 360#6C9C00D2B343A001
(1675525559.705218) vcan0 1B0#00C03A0007B059FC
(1675525559.705359) vcan0 1B5#FF03E74153E0FFEF
(1675525559.705435) vcan0 010#000000002FB031F9
(1675525559.705526) vcan0 1D0#0000000000000261
(1675525559.705602) vcan0 1D8#363339343234DD43
(1675525559.705676) vcan0 1E0#0028530300B917E0
(1675525559.705818) vcan0 291#0000000000000000
(1675525559.705893) vcan0 2C3#669C00FFFF1B5450
(1675525559.705999) vcan0 390#80FF05000232534F
(1675525559.706078) vcan0 008#DE80EC4100800080
(1675525559.706158) vcan0 290#0000000000000000
(1675525559.706236) vcan0 260#D0FF00AA497487B0
(1675525559.706313) vcan0 0E0#E2733CC000809F00
(1675525559.706465) vcan0 072#F000FF3F00788038
(1675525559.707770) vcan0 125#E56C7FE4C1D0D735
(1675525559.714923) vcan0 0F5#F28E188FBF6761FE
(1675525559.715073) vcan0 120#228F2B8F7FEA5589
(1675525559.715152) vcan0 010#000000002FB031F8
(1675525559.715229) vcan0 130#CFC51D2B0F29CA11
(1675525559.715327) vcan0 150#050FDF97D7F74FC0
(1675525559.715405) vcan0 210#07E080A0BA69B64D
(1675525559.715484) vcan0 2A9#8C260082C0000084
(1675525559.715559) vcan0 008#DE80FC3100800080
(1675525559.715638) vcan0 055#EEF7EE67B3009C80
(1675525559.715716) vcan0 065#E3E5EEF70D8EDF01
(1675525559.715868) vcan0 070#000010F8DFE11E00
(1675525559.715944) vcan0 075#0000000000005458
(1675525559.716058) vcan0 080#D24F8000C2002C00
(1675525559.716134) vcan0 0B0#408313A3DFC140A3
(1675525559.717374) vcan0 145#F9D2D280FCC810A1
(1675525559.717449) vcan0 288#8BDFD02F00000080
(1675525559.723218) vcan0 1B0#00C03B0004B059FC
(1675525559.723293) vcan0 1B5#FF0DF04658E0FFEF
(1675525559.723366) vcan0 1D8#363339343234DD43
(1675525559.723441) vcan0 1E0#002C434300B917E0
(1675525559.723591) vcan0 010#000000002FB031F8
(1675525559.723666) vcan0 072#F000FF3F0078A038
(1675525559.723741) vcan0 1D0#0000000000000861
(1675525559.723815) vcan0 008#DE800C2100800080
(1675525559.723958) vcan0 0E0#E27339C800808200
(1675525559.725609) vcan0 125#E56E7FE4C1D0D735
(1675525559.735302) vcan0 0F5#148F228FBF6B51FF
(1675525559.735445) vcan0 120#1C8F3F8F7FF45589
(1675525559.735519) vcan0 130#D7C51D2B0F19C711
(1675525559.735594) vcan0 150#1B0FDAA7D7F729C0
(1675525559.735668) vcan0 3CA#00000000540000C8
(1675525559.735810) vcan0 010#000000002FB031F8
(1675525559.735885) vcan0 291#0000000000000000
(1675525559.735991) vcan0 008#DE801C1100800080
(1675525559.736071) vcan0 055#EEF7EE67B3009C80
(1675525559.736149) vcan0 065#EBE5EEF70A8EDF01
(1675525559.736235) vcan0 070#000010F8DFE11E00
(1675525559.736385) vcan0 075#0000000000005458
(1675525559.736465) vcan0 080#D14F8000C2002C00
(1675525559.736542) vcan0 0B0#408313A3DFC140A3
(1675525559.736691) vcan0 145#F9C2D380FCC810A1
(1675525559.736769) vcan0 260#D0FF00AA497487B0
(1675525559.736848) vcan0 28C#00000000002EBEA7
(1675525559.736926) vcan0 290#0000000000000000
(1675525559.737004) vcan0 2B5#4BCC236293A62C00
(1675525559.737153) vcan0 2C0#669C00AE0100A0F1
(1675525559.737232) vcan0 2C5#00E77769D8E50070
(1675525559.737309) vcan0 340#7C00000000000000
(1675525559.737387) vcan0 072#F000FF3F00788038
(1675525559.737465) vcan0 210#07E08020BA69B64D
(1675525559.737616) vcan0 3AF#0000000000000020
(1675525559.743971) vcan0 1B0#00C03D0006B059FC
(1675525559.744056) vcan0 1B5#FF17FA4B5DE0FFEF
(1675525559.744207) vcan0 1D8#363339343234DD43
(1675525559.744285) vcan0 1E0#0030334300B917E0
(1675525559.744364) vcan0 2C3#669C00FFFF1C5450
(1675525559.744441) vcan0 350#A200000000000080
(1675525559.744520) vcan0 010#000000002FB031F8
(1675525559.744671) vcan0 1D0#0000000000000061
(1675525559.744747) vcan0 008#DE802C0100800080
(1675525559.744827) vcan0 288#87DFD02F00000080
(1675525559.744903) vcan0 0E0#E27338D000806300
(1675525559.746474) vcan0 125#E56E7FE4C1D0D735
(1675525559.754777) vcan0 0F5#ED8E1C8FBF6F4100
(1675525559.754921) vcan0 120#0F8F198F7FF25589
(1675525559.754995) vcan0 130#DFC51D1C0F18CA11
(1675525559.755070) vcan0 150#040FDBB7D7F730C0
(1675525559.755143) vcan0 010#000000002FB031F8
(1675525559.755226) vcan0 072#F000FF3F0078A038
(1675525559.755370) vcan0 2A9#8C26009BC0000084
(1675525559.755444) vcan0 008#DE803CF100800080
(1675525559.755518) vcan0 055#EDF7ED67B3009C80
(1675525559.755592) vcan0 065#EAE5EEF7048EDF01
(1675525559.755735) vcan0 070#000011F8DFE11E00
(1675525559.755810) vcan0 075#0000000000005458
(1675525559.755884) vcan0 080#D14F8000C2002C00
(1675525559.755993) vcan0 0B0#3F8314A3DEC13FA3
(1675525559.757230) vcan0 145#F9B2D480FCC810A1
(1675525559.757381) vcan0 370#0727C0006E03CB1F
(1675525559.757460) vcan0 3C8#669C008E882C008E
(1675525559.766669) vcan0 1B0#00C03F0006B05BFC
(1675525559.766744) vcan0 1B5#FF20045062E0FFEF
(1675525559.766888) vcan0 1D8#363339343234DD43
(1675525559.766962) vcan0 1E0#0030330300B917E0
(1675525559.767047) vcan0 010#000000002FB031F8
(1675525559.767120) vcan0 1D0#0000000000000061
(1675525559.767194) vcan0 210#07E080A0BA69B645
(1675525559.767339) vcan0 291#0000000000000000
(1675525559.767412) vcan0 008#DE804CE100800080
(1675525559.767487) vcan0 290#0000000000000000
(1675525559.767561) vcan0 260#D0FF0055497487B0
(1675525559.767703) vcan0 0E0#E2732BD800805000
(1675525559.767779) vcan0 072#F000FF3F00788038
(1675525559.767921) vcan0 3B0#00D8983C80B0C400
(1675525559.767997) vcan0 288#93DFD02F00000080
(1675525559.774317) vcan0 125#E56E7FE4C1D0D735
(1675525559.774392) vcan0 0F5#E08E068FBF733101
(1675525559.774466) vcan0 120#138F018F7FFF5589
(1675525559.774539) vcan0 010#000000002FB031F8
(1675525559.774683) vcan0 130#E7C81D130F11CA11
(1675525559.774766) vcan0 150#F20ED8C7D7F733C0
(1675525559.774839) vcan0 330#2800000000000000
(1675525559.774913) vcan0 008#DE805CD100800080
(1675525559.774988) vcan0 055#EDF7ED67B3009C80
(1675525559.775130) vcan0 065#DCE5EDF7FA8DDF01
(1675525559.775204) vcan0 070#000011F8DFE11E00
(1675525559.775278) vcan0 075#0000000000005458
(1675525559.775422) vcan0 080#D04F8000C2002C00
(1675525559.775495) vcan0 0B0#3F8314A3DEC13FA3
(1675525559.775638) vcan0 145#F9A2D580FCC810A1
(1675525559.775713) vcan0 28C#00000000002EBEA7
(1675525559.775855) vcan0 2B5#4BCC236293A62B00
(1675525559.783654) vcan0 1B0#00C0400003B05CFC
(1675525559.783733) vcan0 1B5#FF2A0E5567E0FFEF
(1675525559.783811) vcan0 1D8#363339343234DD43
(1675525559.783961) vcan0 010#000000002FB031F9
(1675525559.784050) vcan0 072#F000FF3F0078A038
(1675525559.784126) vcan0 1D0#0000000000000261
(1675525559.784205) vcan0 1E0#0034234300B917E0
(1675525559.784284) vcan0 2C3#669C00FFFF1C5450
(1675525559.784360) vcan0 008#DE806CC100800080
(1675525559.784511) vcan0 0E0#E27329E000803200
(1675525559.790635) vcan0 210#07E080A0BA69B645
(1675525559.790710) vcan0 125#E56E7FE4C1D0D735
(1675525559.790853) vcan0 0F5#CF8EE78EBF772103
(1675525559.790927) vcan0 120#078F058F7FF45589
(1675525559.791002) vcan0 010#000000002FB031F8
(1675525559.791076) vcan0 130#EFC81D030F11CA11
(1675525559.795615) vcan0 150#DB0EE0D7D7F73AC0
(1675525559.795758) vcan0 291#0000000000000000
(1675525559.795833) vcan0 2A9#8C26008AC0000084
(1675525559.795907) vcan0 008#DE807CB100800080
(1675525559.796000) vcan0 288#83DFE01F00000080
(1675525559.796080) vcan0 055#EDF7ED67B3009C80
(1675525559.796231) vcan0 065#CAE5EDF7F38DDF01
(1675525559.796307) vcan0 070#000011F8DFE11F00
(1675525559.796386) vcan0 075#0000000000005458
(1675525559.796463) vcan0 080#D04F8000C2002C00
(1675525559.796541) vcan0 0B0#3F8313A3DEC13FA3
(1675525559.796692) vcan0 145#F992D680FCC810A1
(1675525559.796771) vcan0 260#D0FF0055497487B0
(1675525559.796849) vcan0 290#0000000000000000
(1675525559.796999) vcan0 2C0#669C00AE0100A0F1
(1675525559.803860) vcan0 072#F000FF3F00788038
(1675525559.803937) vcan0 2C5#00E7796DDEE50070
(1675525559.804015) vcan0 360#6C9C00D2B343A001
(1675525559.804093) vcan0 1B0#00C0400005B05FFC
(1675525559.804171) vcan0 1B5#FF3418596BE0FFEF
(1675525559.804260) vcan0 1D8#363339343234DD43
(1675525559.804410) vcan0 010#000000002FB031F8
(1675525559.804488) vcan0 1D0#0000000000000861
(1675525559.804565) vcan0 1E0#0038134300B917E0
(1675525559.804644) vcan0 390#80FF0500022E546F
(1675525559.804721) vcan0 008#DE808CA100800080
(1675525559.804872) vcan0 0E0#E27327E800801400
(1675525559.806246) vcan0 125#E56E7FE4C1D0D735
(1675525559.814349) vcan0 0F5#AC8EE78EBF7B1104
(1675525559.814493) vcan0 120#DD8E008F7FFB5589
(1675525559.814567) vcan0 010#000000002FB031F8
(1675525559.814641) vcan0 072#F000FF3F0078A038
(1675525559.814784) vcan0 130#F7CD1DFE0E07CA11
(1675525559.814859) vcan0 150#C90ED7E7D7F73CC0
(1675525559.814933) vcan0 210#07E080A0BA69B645
(1675525559.815007) vcan0 3D0#950F6100D11480C3
(1675525559.815089) vcan0 008#DE809C9100800080
(1675525559.815233) vcan0 055#EDF7ED67B3009C80
(1675525559.815307) vcan0 065#B7E5EDF7EF8DDE01
(1675525559.815381) vcan0 070#000011F8DEE11F00
(1675525559.815523) vcan0 075#0000000000005458
(1675525559.815599) vcan0 080#CF4F8000C2002C00
(1675525559.815672) vcan0 0B0#3E8312A3DEC13EA3
(1675525559.815815) vcan0 145#F982D780FCC810A1
(1675525559.815890) vcan0 28C#00000000002EBEA7
(1675525559.815997) vcan0 2B5#4BCC226293A62A00
(1675525559.816076) vcan0 340#7D00000000000000
(1675525559.824168) vcan0 288#66DFE01F00000080
(1675525559.824246) vcan0 1B0#00C0400008B05FFC
(1675525559.824324) vcan0 1B5#FF3D215E70E0FFEF
(1675525559.824401) vcan0 1D8#363339343234DD43
(1675525559.824480) vcan0 1E0#0038130300B917E0
(1675525559.824567) vcan0 2C3#669C00FFFF1C5450
(1675525559.824718) vcan0 010#000000002FB031F8
(1675525559.824795) vcan0 1D0#0000000000000061
(1675525559.824873) vcan0 291#0000000000000000
(1675525559.824952) vcan0 008#E180AC7E00800080
(1675525559.825030) vcan0 290#0000000000000000
(1675525559.825107) vcan0 260#D0FF0055497487B0
(1675525559.825259) vcan0 0E0#E27322F00080F900
(1675525559.826675) vcan0 072#F000FF3F00788038
(1675525559.833818) vcan0 125#E56C7FE4C1D0D735
(1675525559.833892) vcan0 0F5#B78ECF8EBF7F0105
(1675525559.833965) vcan0 120#E18EF28E7FF25589
(1675525559.834109) vcan0 130#FFCD1DF20E03D011
(1675525559.834183) vcan0 150#C30ECDF7D7F732C0
(1675525559.834257) vcan0 350#A200000000000080
(1675525559.834332) vcan0 010#000000002FB031F8
(1675525559.834415) vcan0 2A9#8C260093C0000084
(1675525559.834557) vcan0 008#E180BC6E00800080
(1675525559.834633) vcan0 055#EDF7ED67B3009C80
(1675525559.834706) vcan0 065#ACE5EDF7F18DDE01
(1675525559.834849) vcan0 070#000011F8DEE11F00
(1675525559.834924) vcan0 075#0000000000005458
(1675525559.834998) vcan0 080#CF4F8000C2002C00
(1675525559.836212) vcan0 0B0#3E8311A3DEC13EA3
(1675525559.836364) vcan0 145#F972D880FCC810A1
(1675525559.836443) vcan0 210#07E080A0BA69B64D
(1675525559.844095) vcan0 1B0#00C0400004B05FFC
(1675525559.844173) vcan0 1B5#FF472B6375E0FFEF
(1675525559.844322) vcan0 1D8#363339343234DD43
(1675525559.844401) vcan0 1E0#003C034300B917E0
(1675525559.844478) vcan0 010#000000002FB031F8
(1675525559.844555) vcan0 072#F000FF3F0078A038
(1675525559.844642) vcan0 1D0#0000000000000061
(1675525559.844722) vcan0 008#E180CC5E00800080
(1675525559.844871) vcan0 288#6EDFE01F00000080
(1675525559.844949) vcan0 0E0#E2732EF80080CD00
(1675525559.851049) vcan0 125#E56C7FE4C1D0D735
(1675525559.851191) vcan0 0F5#A98EBD8EBF43F106
(1675525559.851266) vcan0 120#DB8EEB8E7FF35589
(1675525559.851341) vcan0 130#87CD1DE70EFED011
(1675525559.851415) vcan0 010#000000002FB031F8
(1675525559.851557) vcan0 150#B20ECF07D7F733C0
(1675525559.854994) vcan0 291#0000000000000000
(1675525559.855069) vcan0 330#2800000000000000
(1675525559.855212) vcan0 3CA#00000000550000C8
(1675525559.855286) vcan0 008#E180DC4E00800080
(1675525559.855359) vcan0 055#EDF7ED67B3009C80
(1675525559.855435) vcan0 065#A6E5EDF7F78DDE01
(1675525559.855528) vcan0 070#000011F8DEE11F00
(1675525559.855671) vcan0 075#0000000000005458
(1675525559.855745) vcan0 080#CF4F8000C2002C00
(1675525559.855819) vcan0 0B0#3E8310A3DEC13EA3
(1675525559.855893) vcan0 145#F962D980FCC810A1
(1675525559.856077) vcan0 260#D0FF00AA497487B0
(1675525559.856155) vcan0 28C#00000000002EBEA6
(1675525559.856234) vcan0 290#0000000000000000
(1675525559.856384) vcan0 072#F000FF3F00788038
(1675525559.862308) vcan0 2B5#4BCC216293A62A00
(1675525559.862386) vcan0 2C0#669C00AF0100A0F1
(1675525559.862465) vcan0 2C5#00E7796DC9E50070
(1675525559.862541) vcan0 370#0727C0006E03CB1F
(1675525559.862691) vcan0 3AF#0000000000000020
(1675525559.862768) vcan0 3E0#000000D935808090
(1675525559.862847) vcan0 1B0#00C0400004B060FC
(1675525559.862934) vcan0 1B5#FF5135687AE0FFEF
(1675525559.863012) vcan0 1D8#363339343234DD43
(1675525559.863163) vcan0 1E0#0000F34300B917E0
(1675525559.863240) vcan0 010#000000002FB031F9
(1675525559.863319) vcan0 1D0#0000000000000261
(1675525559.863396) vcan0 210#07E080A0BA69B64D
(1675525559.864629) vcan0 2C3#669C00FFFF1C5450
(1675525559.864707) vcan0 008#E180EC3E00800080
(1675525559.864785) vcan0 0E0#E2732FC00080AC00
(1675525559.873977) vcan0 288#76DFE01F00000080
(1675525559.874052) vcan0 125#E56E7FE4C1D0D735
(1675525559.874125) vcan0 0F5#8E8EB08EBF47E107
(1675525559.874201) vcan0 120#AA8ED18E7FFE5589
(1675525559.874344) vcan0 010#000000002FB031F8
(1675525559.874419) vcan0 072#F000FF3F0078A038
(1675525559.874493) vcan0 130#8FCD1DD10E04D011
(1675525559.874575) vcan0 150#9F0ED117D7F736C0
(1675525559.874720) vcan0 2A9#8C26008AC0000084
(1675525559.874794) vcan0 400#010502000103021F
(1675525559.874869) vcan0 405#0000000000000024
(1675525559.875012) vcan0 008#E180FC2E00800080
(1675525559.875155) vcan0 055#EDF7ED67B3009C80
(1675525559.875229) vcan0 065#ABE5EDF7FF8DDE01
(1675525559.875302) vcan0 070#000011F8DEE11F00
(1675525559.875446) vcan0 075#0000000000005458
(1675525559.875520) vcan0 080#CE4F8000C2002C00
(1675525559.875594) vcan0 0B0#3D8310A3DEC13DA3
(1675525559.875668) vcan0 145#F952DA80FCC810A1
(1675525559.885753) vcan0 3C8#669C008E882C008E
(1675525559.885832) vcan0 1B0#00C0410004B060FC
(1675525559.885911) vcan0 1B5#FF5A3E6C7EE0FFEF
(1675525559.886061) vcan0 010#000000002FB031F8
(1675525559.886145) vcan0 1D0#0000000000000861
(1675525559.886218) vcan0 1D8#363339343234DD43
(1675525559.886293) vcan0 1E0#0000F30300B917E0
(1675525559.886367) vcan0 291#0000000000000000
(1675525559.886510) vcan0 008#E1800C1E00800080
(1675525559.886584) vcan0 290#0000000000000000
(1675525559.886658) vcan0 260#D0FF00AA497487B0
(1675525559.886803) vcan0 0E0#E27331C800808A00
(1675525559.886876) vcan0 072#F000FF3F00788038
(1675525559.887019) vcan0 210#07E08020BA69B645
(1675525559.887095) vcan0 3B0#00D8983880B0C400
(1675525559.894442) vcan0 125#E56C7FE4C1D0D735
(1675525559.894516) vcan0 0F5#7C8EA18EBF4BD109
(1675525559.894590) vcan0 120#AA8EB28E7FFA5589
(1675525559.894665) vcan0 130#97CD1DB20E13D011
(1675525559.894807) vcan0 010#000000002FB031F8
(1675525559.894891) vcan0 150#8E0ED727D7F737C0
(1675525559.894965) vcan0 008#E1801C0E00800080
(1675525559.895038) vcan0 288#76DFF00F00000080
(1675525559.895182) vcan0 055#ECF7EC67B3009C80
(1675525559.895255) vcan0 065#AFE5EDF7028EDE01
(1675525559.895330) vcan0 070#000012F8DEE11F00
(1675525559.895474) vcan0 075#0000000000005458
(1675525559.895546) vcan0 080#CE4F8000C2002C00
(1675525559.895622) vcan0 0B0#3D8310A3DDC13DA3
(1675525559.895765) vcan0 145#F942DB80FCC810A1
(1675525559.895839) vcan0 28C#00000000002EBEA6
(1675525559.895912) vcan0 2B5#4BCC216293A62900
(1675525559.896004) vcan0 340#7D00000000000000
(1675525559.896149) vcan0 360#6C9C00D2B343A001
(1675525559.904114) vcan0 1B0#00C0410006B061FC
(1675525559.904188) vcan0 1B5#FF64487183E0FFEF
(1675525559.904272) vcan0 010#000000002FB031F8
(1675525559.904347) vcan0 072#F000FF3F0078A038
(1675525559.904487) vcan0 1D0#0000000000000061
(1675525559.904564) vcan0 1D8#363339343234DD43
(1675525559.904637) vcan0 1E0#0004E34300B917E0
(1675525559.904711) vcan0 2C3#669C00FFFF1D5450
(1675525559.904854) vcan0 390#80FF0500022A554F
(1675525559.904929) vcan0 008#E1802CFE00800080
(1675525559.905003) vcan0 0E0#E2732FD000806C00
(1675525559.906473) vcan0 125#E56E7FE4C1D0D735
(1675525559.915127) vcan0 0F5#968EA08EBF4FC10A
(1675525559.915199) vcan0 120#A28EA48E7FF85589
(1675525559.915274) vcan0 010#000000002FB031F8
(1675525559.915418) vcan0 130#9FCA1DA10E14CA11
(1675525559.915491) vcan0 150#9B0ED337D7F71AC0
(1675525559.915566) vcan0 210#07E080A0BA69B64D
(1675525559.915654) vcan0 291#0000000000000000
(1675525559.915729) vcan0 2A9#8C260082C0000084
(1675525559.915872) vcan0 008#E1803CEE00800080
(1675525559.915946) vcan0 055#ECF7EC67B3009C80
(1675525559.916090) vcan0 065#B2E5ECF7048EDE01
(1675525559.916166) vcan0 070#000012F8DEE11F00
(1675525559.916240) vcan0 075#0000000000005458
(1675525559.916312) vcan0 080#CE4F8000C2002C00
(1675525559.916455) vcan0 0B0#3D8310A3DDC13DA3
(1675525559.920919) vcan0 145#F932DC80FCC810A1
(1675525559.920993) vcan0 260#D0FF00AA497487B0
(1675525559.921067) vcan0 290#0000000000000000
(1675525559.921141) vcan0 2C0#669C00AF0100A0F1
(1675525559.921215) vcan0 072#F000FF3F00788038
(1675525559.921359) vcan0 2C5#00E7796EB4E50070
(1675525559.921432) vcan0 288#76DFF00F00000080
(1675525559.921516) vcan0 1B0#00C0410004B061FC
(1675525559.921589) vcan0 1B5#FF6D517688E0FFEF
(1675525559.921663) vcan0 1D8#363339343234DE43
(1675525559.921738) vcan0 1E0#0008D34300B917E0
(1675525559.921881) vcan0 010#000000002FB031F8
(1675525559.923398) vcan0 1D0#0000000000000061
(1675525559.923471) vcan0 350#A200000000000080
(1675525559.923545) vcan0 008#E1804CDE00800080
(1675525559.923619) vcan0 0E0#E2732CD800804F00
(1675525559.930044) vcan0 125#E56E7FE4C1D0D735
(1675525559.930194) vcan0 0F5#738E9B8EBF53B10B
(1675525559.930274) vcan0 120#928E958E7FF65589
(1675525559.930351) vcan0 130#A7CA1D9B0E0AC511
(1675525559.930573) vcan0 150#860ED347D8F71FC0
(1675525559.935059) vcan0 010#000000002FB031F8
(1675525559.935138) vcan0 072#F000FF3F0078A038
(1675525559.935225) vcan0 330#2800000000000000
(1675525559.935303) vcan0 008#E1805CCE00800080
(1675525559.935381) vcan0 055#ECF7EC67B3009C80
(1675525559.935531) vcan0 065#B0E5ECF7008EDE01
(1675525559.935610) vcan0 070#000012F8DDE11F00
(1675525559.935687) vcan0 075#0000000000005458
(1675525559.935765) vcan0 080#CD4F8000C2002C00
(1675525559.935844) vcan0 0B0#3D8311A3DDC13DA3
(1675525559.935996) vcan0 145#F922DD80FCC810A1
(1675525559.936071) vcan0 28C#00000000002EBEA6
(1675525559.944446) vcan0 2B5#4BCC206293A62900
(1675525559.944588) vcan0 210#07E080A0BA69B64D
(1675525559.944662) vcan0 1B0#00C0410006B062FC
(1675525559.944737) vcan0 1B5#FF765B7A8DE0FFEF
(1675525559.944811) vcan0 1D8#363339343234DD43
(1675525559.944954) vcan0 1E0#0008D30300B917E0
(1675525559.945037) vcan0 010#000000002FB031F9
(1675525559.945112) vcan0 1D0#0000000000000261
(1675525559.945185) vcan0 291#0000000000000000
(1675525559.945260) vcan0 2C3#669C00FFFF1D5450
(1675525559.945404) vcan0 008#E1806CBE00800080
(1675525559.945477) vcan0 288#8BDFF00F00000080
(1675525559.945620) vcan0 290#0000000000000000
(1675525559.945694) vcan0 260#D0FF00AA497487B0
(1675525559.945837) vcan0 0E0#E27329E000803200
(1675525559.945912) vcan0 072#F000FF3F00788038
(1675525559.954165) vcan0 125#E56E7FE4C1D0D735
(1675525559.954244) vcan0 0F5#598E7E8EBF57A10C
(1675525559.954322) vcan0 120#818E928E7F065689
(1675525559.954400) vcan0 130#AFC81D920E03C211
(1675525559.954478) vcan0 010#000000002FB031F8
(1675525559.954627) vcan0 150#6C0ED757D8F729C0
(1675525559.954715) vcan0 2A9#8C26009BC0000084
(1675525559.954793) vcan0 008#E1807CAE00800080
(1675525559.954871) vcan0 055#ECF7EC67B3009C80
(1675525559.954948) vcan0 065#A7E5ECF7FA8DDD01
(1675525559.955099) vcan0 070#000012F8DDE11F00
(1675525559.955176) vcan0 075#0000000000005458
(1675525559.955254) vcan0 080#CD4F8000C2002C00
(1675525559.955404) vcan0 0B0#3C8310A3DDC13CA3
(1675525559.955482) vcan0 145#F912DE80FCC810A1
(1675525559.955559) vcan0 370#0727C0006E03CB1F
(1675525559.963685) vcan0 1B0#00C0410006B062FC
(1675525559.963760) vcan0 1B5#FF80647F91E0FFEF
(1675525559.963834) vcan0 1D8#363339343234DE43
(1675525559.963977) vcan0 010#000000002FB031F8
(1675525559.964051) vcan0 072#F000FF3F0078A038
(1675525559.964125) vcan0 1D0#0000000000000861
(1675525559.964209) vcan0 1E0#000CC34300B917E0
(1675525559.964285) vcan0 210#07E080A0BA69B645
(1675525559.964428) vcan0 008#E1808C9E00800080
(1675525559.964502) vcan0 0E0#E2732EE800800D00
(1675525559.970556) vcan0 288#7ADFF00F00000080
(1675525559.970706) vcan0 125#E56C7FE4C1D0D735
(1675525559.970785) vcan0 0F5#4E8E698EBF5B910D
(1675525559.970863) vcan0 120#6E8E748E7F025689
(1675525559.970942) vcan0 130#B7CA1D740E11BC11
(1675525559.971020) vcan0 150#5B0ED867D8F72AC0
(1675525559.974203) vcan0 010#000000002FB031F8
(1675525559.974280) vcan0 291#0000000000000000
(1675525559.974358) vcan0 3CA#00000000560000C8
(1675525559.974435) vcan0 425#0000000000000000
(1675525559.974587) vcan0 008#E1809C8E00800080
(1675525559.974664) vcan0 055#ECF7EC67B3009C80
(1675525559.974756) vcan0 065#96E5ECF7F58DDD01
(1675525559.974833) vcan0 070#000012F8DDE11F00
(1675525559.974912) vcan0 075#0000000000005458
(1675525559.974991) vcan0 080#CD4F8000C2002C00
(1675525559.983829) vcan0 0B0#3C8310A3DDC13CA3
(1675525559.983903) vcan0 145#F902DF80FCC810A1
(1675525559.983976) vcan0 260#D0FF0055497487B0
(1675525559.984120) vcan0 28C#00000000002EBEA6
(1675525559.984196) vcan0 290#0000000000000000
(1675525559.984269) vcan0 2B5#4BCC206293A62800
(1675525559.984343) vcan0 072#F000FF3F00788038
(1675525559.984487) vcan0 2C0#669C00AD0100A0F1
(1675525559.984559) vcan0 2C5#00E7796FB1E50070
(1675525559.984634) vcan0 340#7E00000000000000
(1675525559.984777) vcan0 3AF#0000000000000020
(1675525559.984852) vcan0 1B0#00C0410004B062FC
(1675525559.984933) vcan0 1B5#FF896D8496E0FFEF
(1675525559.985009) vcan0 1D8#363339343234DE43
(1675525559.985151) vcan0 1E0#0010B34300B917E0
(1675525559.985224) vcan0 010#000000002FB031F8
(1675525559.985368) vcan0 1D0#0000000000000061
(1675525559.985443) vcan0 2C3#669C00FFFF1D5450
(1675525559.985516) vcan0 008#E180AC7E00800080
(1675525559.985590) vcan0 0E0#E27331F00080EA00
(1675525559.985733) vcan0 210#07E080A0BA69B645
(1675525559.995533) vcan0 125#E56C7FE4C1D0D735
(1675525559.995613) vcan0 0F5#498E4E8EBF5F810E
(1675525559.995765) vcan0 120#508E688E7FFB5589
(1675525559.995843) vcan0 130#BFCA1D680E0DBC11
(1675525559.995921) vcan0 010#000000002FB031F8
(1675525559.996072) vcan0 072#F000FF3F0078A038
(1675525559.996145) vcan0 150#4B0ED477D8F72AC0
(1675525559.996253) vcan0 2A9#8C260082C0000084
(1675525559.996327) vcan0 008#E180BC6E00800080
(1675525559.996470) vcan0 288#7ADF00FF00000080
(1675525559.996545) vcan0 055#ECF7EC67B3009C80
(1675525559.996619) vcan0 065#86E5ECF7F28DDD01
(1675525559.996694) vcan0 070#000012F8DDE11F00
(1675525559.996836) vcan0 075#0000000000005458
(1675525559.996910) vcan0 080#CC4F8000C2002C00
(1675525559.996984) vcan0 0B0#3C830FA3DDC13CA3
(1675525559.997136) vcan0 145#F9F2D080FCC810A1
(1675525559.997202) vcan0 360#6C9C00D2B343A001
(1675525560.005576) vcan0 3C8#669C008E882C008E
(1675525560.005719) vcan0 1B0#00C0410005B062FC
(1675525560.005791) vcan0 1B5#FF9277889BE0FFEF
(1675525560.005865) vcan0 010#000000002FB031F8
(1675525560.006011) vcan0 1D0#0000000000000061
(1675525560.006102) vcan0 1D8#363339343234DE43
(1675525560.006180) vcan0 1E0#0010B30300B917E0
(1675525560.006258) vcan0 291#0000000000000000
(1675525560.006335) vcan0 390#80FF05000226564F
(1675525560.006413) vcan0 008#E180CC5E00800080
(1675525560.006564) vcan0 290#0000000000000000
(1675525560.006642) vcan0 260#D0FF0055497487B0
(1675525560.006719) vcan0 0E0#E2733AF80080C100
(1675525560.007953) vcan0 072#F000FF3F00788038
(1675525560.008103) vcan0 3B0#00D8983880B0C400
(1675525560.008181) vcan0 125#E5697FE4C1D0D735
(1675525560.014182) vcan0 0F5#2D8E438EBF637110
(1675525560.014261) vcan0 120#618E748E7FF25589
(1675525560.014339) vcan0 010#000000002FB031F8
(1675525560.014489) vcan0 130#C7CA1D680EFDC211
(1675525560.014567) vcan0 150#380ED487D8F72DC0
(1675525560.014664) vcan0 210#07E080A0BA69B645
(1675525560.014741) vcan0 330#2800000000000000
(1675525560.014821) vcan0 350#A200000000000080
(1675525560.014899) vcan0 3D0#950F6100D11480C3
(1675525560.014976) vcan0 008#E180DC3915800080
(1675525560.015127) vcan0 055#ECF7EC67B3009C80
(1675525560.015204) vcan0 065#7BE5ECF7F38DDD01
(1675525560.015281) vcan0 070#000012F8DDE11F00
(1675525560.015360) vcan0 075#0000000000005458
(1675525560.015511) vcan0 080#CC4F8000C2002C00
(1675525560.021370) vcan0 0B0#3C830EA3DCC13CA3
(1675525560.021443) vcan0 145#F9E2D180FCC810A1
(1675525560.021587) vcan0 28C#00000000002EBEA6
(1675525560.021661) vcan0 2B5#4BCC1F6293A62700
(1675525560.021735) vcan0 430#2808280000002DC6
(1675525560.021811) vcan0 288#83DF00FF00000080
(1675525560.021893) vcan0 1B0#00C0410005B062FC
(1675525560.022037) vcan0 1B5#FF9C808D9FE0FFEF
(1675525560.022112) vcan0 1D8#363339343234DE43
(1675525560.022185) vcan0 1E0#0014A34300B917E0
(1675525560.022260) vcan0 2C3#669C00FFFF1D5450
(1675525560.023844) vcan0 010#000000002FB031F9
(1675525560.023987) vcan0 072#F000FF3F0078A038
(1675525560.024061) vcan0 1D0#0000000000000261
(1675525560.024135) vcan0 008#E380EC2715800080
(1675525560.024209) vcan0 0E0#E27332C00080A900
(1675525560.030698) vcan0 125#E5697FE4C1D0D735
(1675525560.030777) vcan0 0F5#3C8E308EBF676111
(1675525560.030855) vcan0 120#428E508E7FFC5589
(1675525560.030933) vcan0 130#CFCA1D500E05C511
(1675525560.031011) vcan0 150#360ED797D8F71FC0
(1675525560.035708) vcan0 010#000000002FB031F8
(1675525560.035794) vcan0 291#0000000000000000
(1675525560.035872) vcan0 008#E380FC1715800080
(1675525560.035951) vcan0 2A9#8C26009BC0000084
(1675525560.036044) vcan0 055#ECF7EC67B3009C80
(1675525560.036119) vcan0 065#74E5ECF7F88DDD01
(1675525560.036194) vcan0 070#000012F8DDE11F00
(1675525560.036338) vcan0 075#0000000000005458
