(1675526153.913720) vcan0 425#0000000000000000
(1675526153.914573) vcan0 008#5B809C1400800080
(1675526153.915665) vcan0 072#F000FF3F0078A038
(1675526153.915744) vcan0 055#F9F71938B2739E80
(1675526153.916759) vcan0 065#7BE619F801EE7402
(1675526153.916837) vcan0 070#000006F874E20D00
(1675526153.916913) vcan0 075#0000000000005458
(1675526153.916990) vcan0 080#43508000C2002C00
(1675526153.917069) vcan0 0B0#528319A3E2C152E3
(1675526153.917793) vcan0 145#F982D780FC4810A1
(1675526153.920611) vcan0 0E0#E2731BF80080E000
(1675526153.920689) vcan0 28C#000000000034FEA9
(1675526153.920776) vcan0 290#0000000000000000
(1675526153.920925) vcan0 288#E1DF807F00000080
(1675526153.921004) vcan0 2B5#4B41186293A68086
(1675526153.921080) vcan0 2C0#BB9C00010000A0F1
(1675526153.921157) vcan0 2C5#39DF8CBE7BE6D470
(1675526153.921236) vcan0 340#9F00000000000000
(1675526153.921314) vcan0 3AF#0000000000000020
(1675526153.921391) vcan0 1B0#00C0000000B000FC
(1675526153.921541) vcan0 1B5#FFB87D7553E0FFEF
(1675526153.921618) vcan0 1D8#363339343234E043
(1675526153.921696) vcan0 010#008000002FB031F8
(1675526153.921773) vcan0 1D0#0000000000000061
(1675526153.921850) vcan0 1E0#0010B34300B917E0
(1675526153.923586) vcan0 2C3#BB9C00FFFF7F5450
(1675526153.923736) vcan0 125#E5F77FE5C1D0D735
(1675526153.923814) vcan0 3C8#BB9C008E882C008E
(1675526153.924701) vcan0 008#5B80AC0400800080
(1675526153.925797) vcan0 210#10E080A0BA69BA45
(1675526153.926810) vcan0 260#D0FF0055497487B0
(1675526153.927896) vcan0 0F5#5EA95EA97F7F0253
(1675526153.928984) vcan0 120#73A977A97FFE5589
(1675526153.929998) vcan0 130#FFFF1D6B296FFF11
(1675526153.930075) vcan0 010#008000002FB031F8
(1675526153.930226) vcan0 072#F000FF3F00788038
(1675526153.931095) vcan0 150#5E29F5F7FCF77CC0
(1675526153.931174) vcan0 2A9#8C260082C0000084
(1675526153.933556) vcan0 360#C59C00A7B165A001
(1675526153.936304) vcan0 008#5B80BCF400800080
(1675526153.936454) vcan0 055#F9F71938B2739E80
(1675526153.936531) vcan0 065#7CE619F801EE7402
(1675526153.936610) vcan0 070#000006F874E20D00
(1675526153.936687) vcan0 075#0000000000005458
(1675526153.937424) vcan0 080#43508000C2002C00
(1675526153.937503) vcan0 0B0#528319A3E2C152E3
(1675526153.937580) vcan0 145#F972D880FC4810A1
(1675526153.937730) vcan0 0E0#E2731AC00080C100
(1675526153.937808) vcan0 370#072AC0008503C71F
(1675526153.938535) vcan0 1B0#00C0000002B000FC
(1675526153.939548) vcan0 1B5#FFD3988260E0FFEF
(1675526153.940634) vcan0 1D8#363339343234E043
(1675526153.940713) vcan0 010#008000002FB031F8
(1675526153.940863) vcan0 1D0#0000000000000061
(1675526153.942096) vcan0 1E0#0010B30300B917E0
(1675526153.942173) vcan0 291#0000000000000000
(1675526153.942250) vcan0 390#80FF0500020A5D4F
(1675526153.943193) vcan0 125#E5F77FE5C1D0D735
(1675526153.943270) vcan0 288#E5DF807F00000080
(1675526153.944286) vcan0 072#F000FF3F0078A038
(1675526153.945311) vcan0 008#5B80CCE400800080
(1675526153.945387) vcan0 3B0#00D870386FB0C600
(1675526153.946433) vcan0 290#0000000000000000
(1675526153.950616) vcan0 0F5#4BA953A97F43F256
(1675526153.950689) vcan0 120#7BA96BA97FFF5589
(1675526153.950763) vcan0 130#87FF1D6B295FFF11
(1675526153.950838) vcan0 010#008000002FB031F8
(1675526153.950979) vcan0 150#4F29F607FCF77BC0
(1675526153.951053) vcan0 210#10E080A0BA69BA45
(1675526153.951126) vcan0 330#2800000000000000
(1675526153.951751) vcan0 3D0#990F6100250D80C3
(1675526153.952716) vcan0 008#5B80DCD400800080
(1675526153.953817) vcan0 430#E309DB01000033C6
(1675526153.954917) vcan0 055#F9F71938B2739E80
(1675526153.955959) vcan0 065#7AE619F8FFED7402
(1675526153.956034) vcan0 070#000006F874E20D00
(1675526153.957010) vcan0 075#0000000000005458
(1675526153.957154) vcan0 080#43508000C2002C00
(1675526153.957228) vcan0 0B0#528319A3E2C152E3
(1675526153.957300) vcan0 145#F962D980FC4810A1
(1675526153.958128) vcan0 0E0#E2731BC80080A000
(1675526153.958201) vcan0 28C#000000000034FEA9
(1675526153.958343) vcan0 2B5#4B41186293A68086
(1675526153.959513) vcan0 260#D0FF0055497487B0
(1675526153.959587) vcan0 1B0#00C0000003B000FC
(1675526153.959661) vcan0 1B5#FFEDB3906EE0FFEF
(1675526153.960625) vcan0 1D8#363339343234E043
(1675526153.960700) vcan0 1E0#0014A34300B917E0
(1675526153.963444) vcan0 010#008000002FB031F9
(1675526153.963519) vcan0 072#F000FF3F00788038
(1675526153.963661) vcan0 1D0#0000000000000261
(1675526153.963734) vcan0 2C3#BB9C00FFFF805450
(1675526153.963818) vcan0 125#E5F77FE5C1D0D735
(1675526153.964578) vcan0 008#5B80ECC400800080
(1675526153.965613) vcan0 288#EDDF807F00000080
(1675526153.966718) vcan0 0F5#4FA953A97F47E259
(1675526153.967822) vcan0 120#84A977A97FFD5589
(1675526153.968855) vcan0 130#8FFF1D6B294FFF11
(1675526153.969887) vcan0 150#5129FC17FCF769C0
(1675526153.970987) vcan0 010#008000002FB031F8
(1675526153.972021) vcan0 291#0000000000000000
(1675526153.973533) vcan0 2A9#8C26009BC0000084
(1675526153.976468) vcan0 008#5B80FCB400800080
(1675526153.976546) vcan0 072#F000FF3F0078A038
(1675526153.976624) vcan0 210#10E080A0BA69BA4D
(1675526153.976701) vcan0 055#F9F71938B2739E80
(1675526153.976778) vcan0 065#77E619F8FDED7402
(1675526153.976928) vcan0 070#000006F872E20D00
(1675526153.977017) vcan0 075#0000000000005458
(1675526153.977094) vcan0 080#42508000C2002C00
(1675526153.977607) vcan0 0B0#528319A3E2C152E3
(1675526153.977682) vcan0 145#F952DA80FC4810A1
(1675526153.977832) vcan0 0E0#E27318D000808300
(1675526153.977910) vcan0 290#0000000000000000
(1675526153.978707) vcan0 2C0#BB9C00000000A0F1
(1675526153.978784) vcan0 2C5#39DF8CBD79E6D470
(1675526153.979728) vcan0 1B0#00C0000001B000FC
(1675526153.982615) vcan0 1B5#FF08CE9D7BE0FFEF
(1675526153.982694) vcan0 1D8#363339343234E043
(1675526153.982842) vcan0 010#008000002FB031F8
(1675526153.982920) vcan0 1D0#0000000000000861
(1675526153.982997) vcan0 1E0#0018934300B917E0
(1675526153.983075) vcan0 125#E5FA7FE5C1D0D735
(1675526153.983730) vcan0 008#5B800CA400800080
(1675526153.984769) vcan0 260#D0FF00AA497487B0
(1675526153.985867) vcan0 0F5#4BA957A97F4BD25D
(1675526153.986881) vcan0 120#67A988A97FFF5589
(1675526153.988040) vcan0 130#97FF1D6B293FFF11
(1675526153.989142) vcan0 150#5129F527FCF759C0
(1675526153.990504) vcan0 010#008000002FB031F8
(1675526153.990582) vcan0 072#F000FF3F00788038
(1675526153.993475) vcan0 288#E1DF807F00000080
(1675526153.994564) vcan0 350#A200000000000080
(1675526153.995579) vcan0 008#5B801C9400800080
(1675526153.996683) vcan0 055#F9F71938B2759E80
(1675526153.996758) vcan0 065#7AE619F801EE7302
(1675526153.996831) vcan0 070#000006F872E20D00
(1675526153.996973) vcan0 075#0000000000005458
(1675526153.997047) vcan0 080#42508000C2002C00
(1675526153.997807) vcan0 0B0#528319A3E2C152E3
(1675526153.997892) vcan0 145#F942DB80FC4810A1
(1675526153.998034) vcan0 0E0#E27315D800806600
(1675526153.998109) vcan0 28C#000000000034FEA9
(1675526153.998182) vcan0 2B5#4B42186293A68085
(1675526153.998871) vcan0 340#9F00000000000000
(1675526153.999971) vcan0 1B0#00C0000002B000FC
(1675526154.002783) vcan0 1B5#FF23E8AA88E0FFEF
(1675526154.002856) vcan0 1D8#363339343234E043
(1675526154.002930) vcan0 1E0#0018930300B917E0
(1675526154.003004) vcan0 2C3#BB9C00FFFF805450
(1675526154.003147) vcan0 010#008000002FB031F8
(1675526154.003221) vcan0 1D0#0000000000000061
(1675526154.003295) vcan0 210#10E080A0BA69BA4D
(1675526154.003369) vcan0 291#0000000000000000
(1675526154.003510) vcan0 125#E5F77FE5C1D0D735
(1675526154.003859) vcan0 008#5B802C8400800080
(1675526154.004902) vcan0 072#F000FF3F0078A038
(1675526154.005994) vcan0 290#0000000000000000
(1675526154.007026) vcan0 0F5#4BA953A97F4FC260
(1675526154.008059) vcan0 120#7BA96BA97FFF5589
(1675526154.010526) vcan0 130#9FFF1D6B292FFF11
(1675526154.010600) vcan0 150#4F29EF37FCF74BC0
(1675526154.010743) vcan0 010#008000002FB031F8
(1675526154.010816) vcan0 2A9#8C260082C0000084
(1675526154.014586) vcan0 008#5B803C7400800080
(1675526154.015598) vcan0 055#F9F71938B2739E80
(1675526154.016698) vcan0 065#7AE619F800EE7202
(1675526154.016841) vcan0 070#000006F873E20D00
(1675526154.016915) vcan0 075#0000000000005458
(1675526154.016988) vcan0 080#43508000C2002C00
(1675526154.017818) vcan0 0B0#528318A3E2C152E3
(1675526154.017891) vcan0 145#F932DC80FC4810A1
(1675526154.017974) vcan0 0E0#E2731BE000804000
(1675526154.018871) vcan0 288#E5DF906F00000080
(1675526154.018945) vcan0 260#D0FF00AA497487B0
(1675526154.019910) vcan0 1B0#00C0000003B000FC
(1675526154.019985) vcan0 1B5#FF3E03B896E0FFEF
(1675526154.020126) vcan0 1D8#363339343234E043
(1675526154.020200) vcan0 1E0#001C834300B917E0
(1675526154.021233) vcan0 010#008000002FB031F8
(1675526154.021306) vcan0 072#F000FF3F00788038
(1675526154.021449) vcan0 1D0#0000000000000061
(1675526154.022277) vcan0 125#E5F77FE5C1D0D735
(1675526154.024748) vcan0 210#10E08020BA69BA45
(1675526154.025822) vcan0 008#5B804C6400800080
(1675526154.026909) vcan0 0F5#4BA957A97F53B263
(1675526154.027925) vcan0 120#8CA98CA97FFF5589
(1675526154.029011) vcan0 130#A7FF1D6B291FFF11
(1675526154.030035) vcan0 010#008000002FB031F8
(1675526154.030114) vcan0 150#5129F647FCF739C0
(1675526154.031129) vcan0 291#0000000000000000
(1675526154.031208) vcan0 330#2800000000000000
(1675526154.031284) vcan0 3CA#00000000D30000C8
(1675526154.034892) vcan0 072#F000FF3F0078A038
(1675526154.034969) vcan0 008#5B805C5400800080
(1675526154.035962) vcan0 360#C59C00A7B165A001
(1675526154.036036) vcan0 055#F9F71938B2739E80
(1675526154.036181) vcan0 065#77E619F8FFED7302
(1675526154.037009) vcan0 070#000006F873E20D00
(1675526154.039822) vcan0 075#0000000000005458
(1675526154.039963) vcan0 080#43508000C2002C00
(1675526154.040038) vcan0 0B0#528319A3E2C152E3
(1675526154.040112) vcan0 145#F922DD80FC4810A1
(1675526154.040184) vcan0 0E0#E2731AE800802100
(1675526154.040268) vcan0 28C#000000000034FEA9
(1675526154.040411) vcan0 290#0000000000000000
(1675526154.040485) vcan0 2B5#4B42186293A68086
(1675526154.040559) vcan0 2C0#BB9C00000000A0F1
(1675526154.040633) vcan0 2C5#39DF8CBD7CE6D470
(1675526154.040776) vcan0 370#0729C0008503C71F
(1675526154.040850) vcan0 3AF#0000000000000020
(1675526154.040924) vcan0 3E0#000000D935808092
(1675526154.040997) vcan0 1B0#00C0000004B000FC
(1675526154.041140) vcan0 1B5#FF591EC5A3E0FFEF
(1675526154.041487) vcan0 1D8#363339343234E043
(1675526154.041562) vcan0 010#008000002FB031F9
(1675526154.041635) vcan0 1D0#0000000000000261
(1675526154.041710) vcan0 1E0#0020734300B917E0
(1675526154.041852) vcan0 2C3#BB9C00FFFF815450
(1675526154.041926) vcan0 390#80FF050002025F4F
(1675526154.042558) vcan0 125#E5F77FE5C1D0D735
(1675526154.043589) vcan0 288#D9DF906F00000080
(1675526154.043663) vcan0 3C8#BB9C008E882C008E
(1675526154.044629) vcan0 008#5B806C4400800080
(1675526154.048416) vcan0 260#D0FF00AA497487B0
(1675526154.049431) vcan0 0F5#47A953A97F57A267
(1675526154.049581) vcan0 120#67A97BA97FFC5589
(1675526154.050526) vcan0 130#AFFF1D6B290FFF11
(1675526154.050602) vcan0 010#008000002FB031F8
(1675526154.050680) vcan0 072#F000FF3F00788038
(1675526154.050758) vcan0 150#4D29F257FCF72DC0
(1675526154.050905) vcan0 210#10E080A0BA69BA4D
(1675526154.051563) vcan0 2A9#8C26008AC0000084
(1675526154.052650) vcan0 008#5B807C3400800080
(1675526154.055109) vcan0 055#F9F71938B2739E80
(1675526154.056128) vcan0 065#76E619F8FFED7302
(1675526154.056216) vcan0 070#000006F873E20D00
(1675526154.057157) vcan0 075#0000000000005458
(1675526154.057236) vcan0 080#43508000C2002C00
(1675526154.060128) vcan0 0B0#528319A3E2C152E3
(1675526154.060205) vcan0 145#F912DE80FC4810A1
(1675526154.060356) vcan0 0E0#E27318F000800300
(1675526154.060433) vcan0 1B0#00C0000002B000FC
(1675526154.060511) vcan0 1B5#FF7439D2B0E0FFEF
(1675526154.060589) vcan0 1D8#363339343234E043
(1675526154.060665) vcan0 1E0#0020730300B917E0
(1675526154.061249) vcan0 581#FFFFFFFFFFFF0081
(1675526154.062265) vcan0 010#008000002FB031F8
(1675526154.062343) vcan0 1D0#0000000000000861
(1675526154.062420) vcan0 291#0000000000000000
(1675526154.062571) vcan0 400#0101010101590108
(1675526154.063369) vcan0 125#E5FA7FE5C1D0D735
(1675526154.063456) vcan0 405#0000000000000000
(1675526154.064400) vcan0 008#5B808C2400800080
(1675526154.067206) vcan0 290#0000000000000000
(1675526154.067280) vcan0 072#F000FF3F0078A038
(1675526154.067422) vcan0 3B0#00D870386FB0C400
(1675526154.068249) vcan0 288#E9DF906F00000080
(1675526154.069353) vcan0 0F5#5BA953A97F5B926A
(1675526154.069426) vcan0 120#84A973A97FF95589
(1675526154.070389) vcan0 130#B7FF1D6B29FFFF11
(1675526154.070464) vcan0 150#5729F467FCF713C0
(1675526154.071565) vcan0 010#008000002FB031F8
(1675526154.072599) vcan0 008#5B809C1400800080
(1675526154.075070) vcan0 055#F9F71938B2739E80
(1675526154.076119) vcan0 065#7CE619F802EE7302
(1675526154.076193) vcan0 070#000006F873E20D00
(1675526154.077295) vcan0 075#0000000000005458
(1675526154.077379) vcan0 080#43508000C2002C00
(1675526154.080057) vcan0 0B0#528319A3E2C152E3
(1675526154.080200) vcan0 145#F902DF80FC4810A1
(1675526154.080275) vcan0 0E0#E2731DF80080DE00
(1675526154.080348) vcan0 210#10E080A0BA69BA45
(1675526154.080421) vcan0 28C#000000000034FEA9
(1675526154.080565) vcan0 2B5#4B42186293A68086
(1675526154.080638) vcan0 340#9F00000000000000
(1675526154.080712) vcan0 260#D0FF0055497487B0
(1675526154.080785) vcan0 1B0#00C0000003B000FC
(1675526154.080928) vcan0 1B5#FF8E54E0BEE0FFEF
(1675526154.081001) vcan0 1D8#363339343234E043
(1675526154.081075) vcan0 1E0#0024634300B917E0
(1675526154.081149) vcan0 2C3#BB9C00FFFF815450
(1675526154.081291) vcan0 010#008000002FB031F8
(1675526154.081366) vcan0 072#F000FF3F00788038
(1675526154.084049) vcan0 1D0#0000000000000061
(1675526154.084192) vcan0 125#E5F77FE5C1D0D735
(1675526154.084266) vcan0 350#A200000000000080
(1675526154.085230) vcan0 008#5B80AC0400800080
(1675526154.086325) vcan0 0F5#53A94FA97F5F826D
(1675526154.087339) vcan0 120#93A98CA97FF35589
(1675526154.088428) vcan0 130#BFFF1D6B29EFFF11
(1675526154.089443) vcan0 150#5129F977FCF709C0
(1675526154.090531) vcan0 010#008000002FB031F8
(1675526154.090609) vcan0 291#0000000000000000
(1675526154.090686) vcan0 2A9#8C260093C0000084
(1675526154.092928) vcan0 288#F1DF906F00000080
(1675526154.095763) vcan0 072#F000FF3F0078A038
(1675526154.095840) vcan0 008#5B80BCF400800080
(1675526154.096857) vcan0 055#F9F71938B2739E80
(1675526154.096935) vcan0 065#79E619F800EE7302
(1675526154.097022) vcan0 070#000006F874E20D00
(1675526154.097099) vcan0 075#0000000000005458
(1675526154.097899) vcan0 080#43508000C2002C00
(1675526154.097975) vcan0 0B0#528319A3E2C152E3
(1675526154.098053) vcan0 0E0#E2731DC00080BE00
(1675526154.098130) vcan0 145#F9F2D080FC4810A1
(1675526154.098281) vcan0 290#0000000000000000
(1675526154.098934) vcan0 2C0#BB9C00000000A0F1
(1675526154.099012) vcan0 2C5#3ADF8CBD7BE6D470
(1675526154.100027) vcan0 1B0#00C0000002B000FC
(1675526154.100106) vcan0 1B5#FFA96FEDCBE0FFEF
(1675526154.102853) vcan0 1D8#363339343234E043
(1675526154.102931) vcan0 1E0#0028534300B917E0
(1675526154.103008) vcan0 010#008000002FB031F8
(1675526154.103086) vcan0 1D0#0000000000000061
(1675526154.103163) vcan0 210#10E080A0BA69BA4D
(1675526154.103320) vcan0 125#E5FA7FE5C1D0D735
(1675526154.103976) vcan0 008#5B80CCE400800080
(1675526154.105063) vcan0 260#D0FF0055497487B0
(1675526154.106124) vcan0 0F5#53A963A97F637271
(1675526154.107157) vcan0 120#6FA973A97FF85589
(1675526154.108188) vcan0 130#C7FF1D6B29DFFF11
(1675526154.109359) vcan0 150#5B29FD87FCF7EFC0
(1675526154.110733) vcan0 010#008000002FB031F8
(1675526154.110876) vcan0 072#F000FF3F00788038
(1675526154.110951) vcan0 330#2800000000000000
(1675526154.114792) vcan0 008#5B80DCD400800080
(1675526154.115843) vcan0 055#F9F71938B2759E80
(1675526154.115987) vcan0 065#77E619F8FFED7402
(1675526154.116952) vcan0 070#000006F874E20D00
(1675526154.117026) vcan0 075#0000000000005458
(1675526154.117099) vcan0 080#43508000C2002C00
(1675526154.117182) vcan0 0B0#528319A3E2C152E3
(1675526154.118009) vcan0 145#F9E2D180FC4810A1
(1675526154.118083) vcan0 0E0#E2731AC80080A100
(1675526154.118157) vcan0 28C#000000000034FEA9
(1675526154.118299) vcan0 2B5#4B42186293A68087
(1675526154.118374) vcan0 288#02E0A05F00000080
(1675526154.119066) vcan0 1B0#00C0000003B000FC
(1675526154.120235) vcan0 1B5#FFC489FAD8E0FFEF
(1675526154.120308) vcan0 1D8#363339343234DF43
(1675526154.122985) vcan0 1E0#0028530300B917E0
(1675526154.123126) vcan0 010#008000002FB031F9
(1675526154.123200) vcan0 1D0#0000000000000261
(1675526154.123274) vcan0 291#0000000000000000
(1675526154.123348) vcan0 2C3#BB9C00FFFF825450
(1675526154.123491) vcan0 125#E5FA7FE5C1D0D735
(1675526154.124114) vcan0 008#5B80ECC400800080
(1675526154.125167) vcan0 072#F000FF3F0078A038
(1675526154.126180) vcan0 210#10E080A0BA69BA45
(1675526154.126332) vcan0 290#0000000000000000
(1675526154.127273) vcan0 0F5#63A95EA97F676274
(1675526154.129662) vcan0 120#84A984A97FFB5589
(1675526154.129740) vcan0 130#CFFF1D6B29CFFF11
(1675526154.129816) vcan0 150#6029FF97FCF7DAC0
(1675526154.130686) vcan0 010#008000002FB031F8
(1675526154.130765) vcan0 2A9#8C26008AC0000084
(1675526154.134661) vcan0 360#C59C00A7B165A001
(1675526154.135742) vcan0 008#5B80FCB400800080
(1675526154.135816) vcan0 055#F9F71938B2739E80
(1675526154.136780) vcan0 065#7EE619F804EE7402
(1675526154.136923) vcan0 070#000006F874E20D00
(1675526154.136998) vcan0 075#0000000000005458
(1675526154.137071) vcan0 080#43508000C2002C00
(1675526154.137155) vcan0 0B0#528319A3E2C152E3
(1675526154.137846) vcan0 145#F9D2D280FC4810A1
(1675526154.137988) vcan0 0E0#E2731BD000808000
(1675526154.138063) vcan0 370#072AC0008503C71F
(1675526154.138959) vcan0 260#D0FF0055497487B0
(1675526154.139993) vcan0 1B0#00C0000002B000FC
(1675526154.140067) vcan0 1B5#FFDFA408E6E0FFEF
(1675526154.140140) vcan0 1D8#363339343234E043
(1675526154.142888) vcan0 010#008000002FB031F8
(1675526154.142961) vcan0 072#F000FF3F00788038
(1675526154.143105) vcan0 1D0#0000000000000861
(1675526154.143178) vcan0 1E0#002C434300B917E0
(1675526154.143251) vcan0 390#80FF0500023E504F
(1675526154.143326) vcan0 125#E5F77FE5C1D0D735
(1675526154.143949) vcan0 288#F1DFA05F00000080
(1675526154.144981) vcan0 008#5B800CA400800080
(1675526154.146010) vcan0 0F5#53A957A97F6B5277
(1675526154.147099) vcan0 120#84A96FA97FF65589
(1675526154.148257) vcan0 130#D7FF1D6B29BFFF11
(1675526154.149270) vcan0 150#5529FAA7FCF7D5C0
(1675526154.150576) vcan0 010#008000002FB031F8
(1675526154.150655) vcan0 210#10E080A0BA69BA45
(1675526154.150730) vcan0 291#0000000000000000
(1675526154.151676) vcan0 3CA#00000000D40000C8
(1675526154.151753) vcan0 3D0#990F6100250D80C3
(1675526154.155664) vcan0 008#5B801C9400800080
(1675526154.155741) vcan0 072#F000FF3F0078A038
(1675526154.155819) vcan0 055#F9F71938B2739E80
(1675526154.156763) vcan0 065#7DE619F801EE7402
(1675526154.156841) vcan0 070#000006F874E20D00
(1675526154.156918) vcan0 075#0000000000005458
(1675526154.156995) vcan0 080#43508000C2002C00
(1675526154.157806) vcan0 0B0#528319A3E2C152E3
(1675526154.157885) vcan0 145#F9C2D380FC4810A1
(1675526154.157963) vcan0 0E0#E2731DD800805E00
(1675526154.158040) vcan0 28C#000000000034FEA9
(1675526154.158117) vcan0 290#0000000000000000
(1675526154.158915) vcan0 2B5#4B43186293A68087
(1675526154.158991) vcan0 2C0#BB9C00000000A0F1
(1675526154.159071) vcan0 2C5#3ADF8CBD78E6D470
(1675526154.161744) vcan0 340#9F00000000000000
(1675526154.161822) vcan0 3AF#0000000000000020
(1675526154.161899) vcan0 1B0#00C0000002B000FC
(1675526154.162049) vcan0 1B5#FFFABF15F3E0FFEF
(1675526154.162127) vcan0 1D8#363339343234E043
(1675526154.162203) vcan0 1E0#0030334300B917E0
(1675526154.162280) vcan0 010#008000002FB031F8
(1675526154.162358) vcan0 1D0#0000000000000061
(1675526154.162448) vcan0 2C3#BB9C00FFFF835450
(1675526154.162814) vcan0 125#E5FA7FE5C1D0D735
(1675526154.163900) vcan0 3C8#BB9C008E882C008E
(1675526154.164989) vcan0 008#5B802C8400800080
(1675526154.166011) vcan0 288#02E0A05F00000080
(1675526154.167098) vcan0 260#D0FF0055497487B0
(1675526154.169987) vcan0 0F5#5BA95EA97F6F427B
(1675526154.170064) vcan0 120#67A977A97FFC5589
(1675526154.170213) vcan0 130#DFFF1D6B29AFFF11
(1675526154.170292) vcan0 150#5C29FFB7FCF7BEC0
(1675526154.171089) vcan0 010#008000002FB031F8
(1675526154.171167) vcan0 072#F000FF3F00788038
(1675526154.172109) vcan0 2A9#8C260093C0000084
(1675526154.173269) vcan0 350#A200000000000080
(1675526154.174284) vcan0 008#5B803C7400800080
(1675526154.175371) vcan0 210#10E08020BA69BA4D
(1675526154.176474) vcan0 055#F9F71938B2739E80
(1675526154.176552) vcan0 065#78E619F8FDED7402
(1675526154.179370) vcan0 070#000006F872E20D00
(1675526154.179448) vcan0 075#0000000000005458
(1675526154.179525) vcan0 080#42508000C2002C00
(1675526154.179602) vcan0 0B0#528319A3E2C152E3
(1675526154.179680) vcan0 145#F9B2D480FC4810A1
(1675526154.179757) vcan0 0E0#E2731AE000804100
(1675526154.179835) vcan0 1B0#00C0000001B000FC
(1675526154.180490) vcan0 1B5#FF15DA2301E0FFEF
(1675526154.180566) vcan0 1D8#363339343234E043
(1675526154.180643) vcan0 010#008000002FB031F8
(1675526154.180721) vcan0 1D0#0000000000000061
(1675526154.180798) vcan0 1E0#0030330300B917E0
(1675526154.181598) vcan0 291#0000000000000000
(1675526154.182685) vcan0 125#E5FA7FE5C1D0D735
(1675526154.185080) vcan0 072#F000FF3F0078A038
(1675526154.185157) vcan0 008#5B804C6400800080
(1675526154.186180) vcan0 3B0#00D870386FB0C400
(1675526154.186258) vcan0 290#0000000000000000
(1675526154.190010) vcan0 0F5#5EA95EA97F73327E
(1675526154.190089) vcan0 120#5EA97BA97FFC5589
(1675526154.190238) vcan0 130#E7FF1D5E29ACFA11
(1675526154.190316) vcan0 010#008000002FB031F8
(1675526154.190394) vcan0 150#5E29FFC7FCF7ACC0
(1675526154.191120) vcan0 330#2800000000000000
(1675526154.192207) vcan0 288#F1DFA05F00000080
(1675526154.193294) vcan0 008#5B805C5400800080
(1675526154.194451) vcan0 055#F9F71938B2739E80
(1675526154.195544) vcan0 065#78E619F8FFED7202
(1675526154.196510) vcan0 070#000006F872E20D00
(1675526154.196584) vcan0 075#0000000000005458
(1675526154.199403) vcan0 080#42508000C2002C00
(1675526154.199478) vcan0 0B0#528319A3E2C152E3
(1675526154.199552) vcan0 145#F9A2D580FC4810A1
(1675526154.199626) vcan0 0E0#E27317E800802400
(1675526154.199698) vcan0 28C#000000000034FEA9
(1675526154.199841) vcan0 2B5#4B43186293A68085
(1675526154.199915) vcan0 260#D0FF00AA497487B0
(1675526154.199988) vcan0 1B0#00C0000001B000FC
(1675526154.200061) vcan0 1B5#FF2FF5300EE0FFEF
(1675526154.200410) vcan0 1D8#363339343234E043
(1675526154.200483) vcan0 1E0#0034234300B917E0
(1675526154.200558) vcan0 2C3#BB9C00FFFF835450
(1675526154.203371) vcan0 010#008000002FB031F9
(1675526154.203446) vcan0 072#F000FF3F00788038
(1675526154.203519) vcan0 1D0#0000000000000261
(1675526154.203594) vcan0 210#10E080A0BA69BA4D
(1675526154.203675) vcan0 125#E5F77FE5C1D0D735
(1675526154.204435) vcan0 008#5B806C4400800080
(1675526154.205515) vcan0 0F5#4FA95EA97F772281
(1675526154.206549) vcan0 120#84A963A97FFC5589
(1675526154.207649) vcan0 130#EFFF1D5E299CF711
(1675526154.208681) vcan0 150#5729F9D7FCF7A3C0
(1675526154.209784) vcan0 010#008000002FB031F8
(1675526154.211160) vcan0 291#0000000000000000
(1675526154.211234) vcan0 2A9#8C26008AC0000084
(1675526154.215143) vcan0 008#5B807C3400800080
(1675526154.215217) vcan0 072#F000FF3F0078A038
(1675526154.216249) vcan0 055#F9F71838B2739E80
(1675526154.216399) vcan0 065#7EE619F804EE7202
(1675526154.216477) vcan0 070#000006F871E20D00
(1675526154.217277) vcan0 075#0000000000005458
(1675526154.217355) vcan0 080#42508000C2002C00
(1675526154.217443) vcan0 0B0#528319A3E2C152E3
(1675526154.217521) vcan0 0E0#E27319F000800200
(1675526154.218392) vcan0 145#F992D680FC4810A1
(1675526154.218471) vcan0 290#0000000000000000
(1675526154.218547) vcan0 2C0#BB9C00000000A0F1
(1675526154.218625) vcan0 288#06E0B04F00000080
(1675526154.218774) vcan0 2C5#3ADF8CBD7AE6D470
(1675526154.219428) vcan0 1B0#00C0000002B000FC
(1675526154.222320) vcan0 1B5#FF4A0F3D1BE0FFEF
(1675526154.222470) vcan0 1D8#363339343234E043
(1675526154.222549) vcan0 1E0#0038134300B917E0
(1675526154.222625) vcan0 010#008000002FB031F8
(1675526154.222704) vcan0 1D0#0000000000000861
(1675526154.222780) vcan0 125#E5F77FE5C1D0D735
(1675526154.223436) vcan0 210#0CE080A0BA69BA45
(1675526154.224451) vcan0 008#5B808C2400800080
(1675526154.225598) vcan0 260#D0FF00AA497487B0
(1675526154.226614) vcan0 0F5#5BA95EA97F7B1285
(1675526154.227702) vcan0 120#93A984A97FFB5589
(1675526154.230233) vcan0 130#F7FF1D5E298CF711
(1675526154.230310) vcan0 150#5C2900E8FCF78EC0
(1675526154.230388) vcan0 010#008000002FB031F8
(1675526154.230465) vcan0 072#F000FF3F00788038
(1675526154.234075) vcan0 360#C59C00A7B165A001
(1675526154.235091) vcan0 008#5B809C1400800080
(1675526154.236112) vcan0 055#F9F71838B2759E80
(1675526154.236190) vcan0 065#78E619F8FEED7202
(1675526154.236341) vcan0 070#000006F871E20D00
(1675526154.237211) vcan0 075#0000000000005458
(1675526154.237288) vcan0 080#42508000C2002C00
(1675526154.237367) vcan0 0B0#528319A3E2C152E3
(1675526154.237444) vcan0 145#F982D780FC4810A1
(1675526154.237542) vcan0 0E0#E27318F80080E300
(1675526154.238268) vcan0 28C#000000000034FEA9
(1675526154.238346) vcan0 2B5#4B43186293A68084
(1675526154.238423) vcan0 340#9F00000000000000
(1675526154.238502) vcan0 370#072AC0008503C71F
(1675526154.239300) vcan0 1B0#00C0000002B000FC
(1675526154.242189) vcan0 1B5#FF652A4B29E0FFEF
(1675526154.242338) vcan0 1D8#363339343234DF43
(1675526154.242416) vcan0 1E0#0038130300B917E0
(1675526154.242495) vcan0 010#008000002FB031F8
(1675526154.242571) vcan0 1D0#0000000000000061
(1675526154.242649) vcan0 291#0000000000000000
(1675526154.242727) vcan0 2C3#BB9C00FFFF845450
(1675526154.242875) vcan0 390#80FF0500023A514F
(1675526154.242953) vcan0 125#E5FA7FE5C1D0D735
(1675526154.243319) vcan0 288#02E0B04F00000080
(1675526154.244344) vcan0 072#F000FF3F0078A038
(1675526154.245437) vcan0 008#5B80AC0400800080
(1675526154.246526) vcan0 290#0000000000000000
(1675526154.247541) vcan0 0F5#4BA957A97F7F0288
(1675526154.250071) vcan0 120#6BA988A97FFF5589
(1675526154.250149) vcan0 130#FFFF1D5E297CF711
(1675526154.250226) vcan0 010#008000002FB031F8
(1675526154.250305) vcan0 150#5129FFF7FCF789C0
(1675526154.251175) vcan0 210#0CE080A0BA69BA4D
(1675526154.251253) vcan0 2A9#8C260082C0000084
(1675526154.255368) vcan0 008#5B80BCF400800080
(1675526154.256390) vcan0 055#F9F71838B2739E80
(1675526154.256540) vcan0 065#75E618F8FDED7102
(1675526154.256618) vcan0 070#000006F871E20D00
(1675526154.257489) vcan0 075#0000000000005458
(1675526154.257639) vcan0 080#42508000C2002C00
(1675526154.257727) vcan0 0B0#528319A3E2C152E3
(1675526154.257805) vcan0 0E0#E27315C00080C600
(1675526154.257882) vcan0 145#F972D880FC4810A1
(1675526154.258608) vcan0 260#D0FF00AA497487B0
(1675526154.259625) vcan0 1B0#00C0000002B000FC
(1675526154.259703) vcan0 1B5#FF80455836E0FFEF
(1675526154.259779) vcan0 1D8#363339343234E043
(1675526154.260721) vcan0 1E0#003C034300B917E0
(1675526154.260800) vcan0 010#008000002FB031F8
(1675526154.260877) vcan0 072#F000FF3F00788038
(1675526154.261027) vcan0 1D0#0000000000000061
(1675526154.261753) vcan0 125#E5F77FE5C1D0D735
(1675526154.264208) vcan0 350#A200000000000080
(1675526154.266811) vcan0 008#5B80CCE400800080
(1675526154.267968) vcan0 288#F5DFB04F00000080
(1675526154.269055) vcan0 0F5#57A963A97F43F28C
(1675526154.270093) vcan0 120#84A973A97FFF5589
(1675526154.270170) vcan0 130#87FF1D632967FA11
(1675526154.270248) vcan0 150#5C29F907FCF76EC0
(1675526154.270326) vcan0 3CA#00000000D50000C8
(1675526154.271051) vcan0 010#008000002FB031F8
(1675526154.271130) vcan0 291#0000000000000000
(1675526154.272142) vcan0 330#2800000000000000
(1675526154.273517) vcan0 008#5B80DCD400800080
(1675526154.274605) vcan0 072#F000FF3F0078A038
(1675526154.275629) vcan0 210#0CE080A0BA69BA45
(1675526154.275705) vcan0 055#F9F71838B2739E80
(1675526154.276647) vcan0 065#7BE618F803EE7102
(1675526154.276724) vcan0 070#000006F871E20D00
(1675526154.279611) vcan0 075#0000000000005458
(1675526154.279688) vcan0 080#42508000C2002C00
(1675526154.279766) vcan0 0B0#528319A3E2C152E3
(1675526154.279853) vcan0 145#F962D980FC4810A1
(1675526154.279930) vcan0 0E0#E27316C80080A500
(1675526154.280008) vcan0 28C#000000000034FEA9
(1675526154.280157) vcan0 290#0000000000000000
(1675526154.280234) vcan0 2B5#4B43176293A67E84
(1675526154.280313) vcan0 2C0#BB9C00010000A0F1
(1675526154.280390) vcan0 2C5#3ADF8CBD76E6D470
(1675526154.280466) vcan0 3AF#0000000000000020
(1675526154.280543) vcan0 1B0#00C0000002B000FC
(1675526154.280622) vcan0 1B5#FF9B606543E0FFEF
(1675526154.280699) vcan0 1D8#363339343234E043
(1675526154.280849) vcan0 010#008000002FB031F9
(1675526154.283591) vcan0 1D0#0000000000000261
(1675526154.283669) vcan0 1E0#0000F34300B917E0
(1675526154.283747) vcan0 2C3#BB9C00FFFF845450
(1675526154.283825) vcan0 125#E5F77FE5C1D0D735
(1675526154.283911) vcan0 3C8#BB9C008E882C008E
(1675526154.284709) vcan0 008#5B80ECC400800080
(1675526154.285732) vcan0 260#D0FF0055497487B0
(1675526154.286818) vcan0 0F5#4FA957A97F47E28F
(1675526154.287762) vcan0 120#98A984A97FFD5589
(1675526154.288849) vcan0 130#8FFF1D632957FF11
(1675526154.289863) vcan0 150#5329FD17FCF767C0
(1675526154.289941) vcan0 010#008000002FB031F8
(1675526154.290954) vcan0 072#F000FF3F00788038
(1675526154.291032) vcan0 2A9#8C26009BC0000084
(1675526154.293415) vcan0 288#02E0B04F00000080
(1675526154.296234) vcan0 008#5B80FCB400800080
(1675526154.296383) vcan0 055#F9F71838B2739E80
(1675526154.296461) vcan0 065#7DE618F802EE7102
(1675526154.296538) vcan0 070#000006F872E20D00
(1675526154.296616) vcan0 075#0000000000005458
(1675526154.297279) vcan0 080#42508000C2002C00
(1675526154.297358) vcan0 0B0#528319A3E2C152E3
(1675526154.297435) vcan0 145#F952DA80FC4810A1
(1675526154.297513) vcan0 0E0#E27316D000808500
(1675526154.298311) vcan0 1B0#00C0000003B000FC
(1675526154.299397) vcan0 1B5#FFB67B7351E0FFEF
(1675526154.300410) vcan0 1D8#363339343234DF43
(1675526154.300488) vcan0 1E0#0000F30300B917E0
(1675526154.300565) vcan0 010#008000002FB031F8
(1675526154.300642) vcan0 1D0#0000000000000861
(1675526154.303241) vcan0 210#0CE080A0BA69BA4D
(1675526154.303319) vcan0 291#0000000000000000
(1675526154.303467) vcan0 125#E5F77FE5C1D0D735
(1675526154.304266) vcan0 008#5B800CA400800080
(1675526154.305282) vcan0 072#F000FF3F0078A038
(1675526154.305358) vcan0 3B0#00FC703C6FB0C402
(1675526154.306317) vcan0 290#0000000000000000
(1675526154.307404) vcan0 0F5#4BA957A97F4BD292
(1675526154.308418) vcan0 120#6FA973A97FFF5589
(1675526154.309506) vcan0 130#97FF1D6329470112
(1675526154.310521) vcan0 150#5129FF27FCF759C0
(1675526154.310599) vcan0 010#008000002FB031F8
(1675526154.311901) vcan0 400#2401100101010309
(1675526154.311980) vcan0 405#D5076F73271B6701
(1675526154.314870) vcan0 008#5B801C9400800080
(1675526154.315965) vcan0 055#F9F71838B2739E80
(1675526154.316043) vcan0 065#76E618F8FCED7102
(1675526154.316982) vcan0 070#000006F872E20D00
(1675526154.317134) vcan0 075#0000000000005458
(1675526154.317209) vcan0 080#42508000C2002C00
(1675526154.317288) vcan0 0B0#528319A3E2C152E3
(1675526154.317365) vcan0 145#F942DB80FC4810A1
(1675526154.318028) vcan0 0E0#E27312D800806900
(1675526154.318106) vcan0 28C#000000000034FEA9
(1675526154.318183) vcan0 2B5#4B44176293A67E84
(1675526154.318261) vcan0 340#9F00000000000000
(1675526154.319060) vcan0 288#F1DFC03F00000080
(1675526154.319138) vcan0 260#D0FF0055497487B0
(1675526154.320151) vcan0 1B0#00C0000002B000FC
(1675526154.323039) vcan0 1B5#FFD096805EE0FFEF
(1675526154.323116) vcan0 1D8#363339343234E043
(1675526154.323195) vcan0 1E0#0004E34300B917E0
(1675526154.323271) vcan0 010#008000002FB031F8
(1675526154.323348) vcan0 072#F000FF3F00788038
(1675526154.323499) vcan0 1D0#0000000000000061
(1675526154.323577) vcan0 2C3#BB9C00FFFF855450
(1675526154.323654) vcan0 125#E5F77FE5C1D0D735
(1675526154.324094) vcan0 008#5B802C8400800080
(1675526154.325118) vcan0 210#0CE08020BA69BA45
(1675526154.326161) vcan0 0F5#63A957A97F4FC296
(1675526154.327176) vcan0 120#90A980A97FFB5589
(1675526154.328263) vcan0 130#9FFF1D6329370112
(1675526154.330649) vcan0 010#008000002FB031F8
(1675526154.330727) vcan0 150#5C29FA37FCF73EC0
(1675526154.330804) vcan0 291#0000000000000000
(1675526154.330882) vcan0 2A9#8C260082C0000084
(1675526154.334493) vcan0 072#F000FF3F0078A038
(1675526154.335588) vcan0 008#5B803C7400800080
(1675526154.335666) vcan0 360#C59C00A7B166A001
(1675526154.335816) vcan0 055#F9F71938B2739E80
(1675526154.336687) vcan0 065#76E618F8FFED7202
(1675526154.336765) vcan0 070#000005F872E20D00
(1675526154.336842) vcan0 075#0000000000005458
(1675526154.336920) vcan0 080#42508000C2002C00
(1675526154.337728) vcan0 0B0#528319A3E2C152E3
(1675526154.337805) vcan0 145#F932DC80FC4810A1
(1675526154.337884) vcan0 0E0#E27319E000804200
(1675526154.338032) vcan0 290#0000000000000000
(1675526154.338110) vcan0 2C0#BB9C00000000A0F1
(1675526154.338764) vcan0 2C5#39DF8CBD76E6D470
(1675526154.338915) vcan0 370#072AC0008503C71F
(1675526154.341663) vcan0 3E0#000000D935808092
(1675526154.341813) vcan0 1B0#00C0000004B000FC
(1675526154.341890) vcan0 1B5#FFEBB08D6CE0FFEF
(1675526154.341966) vcan0 1D8#363339343234E043
(1675526154.342044) vcan0 1E0#0008D34300B917E0
(1675526154.342121) vcan0 010#008000002FB031F8
(1675526154.342270) vcan0 1D0#0000000000000061
(1675526154.342348) vcan0 390#80FF05000236526F
(1675526154.342859) vcan0 125#E5F77FE5C1D0D735
(1675526154.343884) vcan0 288#F1DFC03F00000080
(1675526154.344972) vcan0 008#5B804C6400800080
(1675526154.346040) vcan0 260#D0FF0055497487B0
(1675526154.347057) vcan0 0F5#4FA953A97F53B299
(1675526154.348143) vcan0 120#93A97BA97FF85589
(1675526154.349229) vcan0 130#A7FF1D6329270112
(1675526154.352118) vcan0 150#5129FA47FCF739C0
(1675526154.352195) vcan0 010#008000002FB031F8
(1675526154.352273) vcan0 072#F000FF3F00788038
(1675526154.352351) vcan0 210#0CE080A0BA69BA45
(1675526154.352427) vcan0 330#2800000000000000
(1675526154.352578) vcan0 3D0#990F6100250D80C3
(1675526154.353162) vcan0 350#A200000000000080
(1675526154.354320) vcan0 008#5B805C5400800080
(1675526154.355335) vcan0 055#F9F71938B2739E80
(1675526154.356407) vcan0 065#7EE618F804EE7202
(1675526154.356492) vcan0 070#000005F872E20D00
(1675526154.359172) vcan0 075#0000000000005458
(1675526154.359245) vcan0 080#42508000C2002C00
(1675526154.359388) vcan0 0B0#528319A3E2C152E3
(1675526154.359461) vcan0 145#F922DD80FC4810A1
(1675526154.359535) vcan0 0E0#E27318E800802300
(1675526154.359609) vcan0 28C#000000000034FEA9
(1675526154.359753) vcan0 2B5#4B44176293A67E85
(1675526154.359827) vcan0 1B0#00C0000003B000FC
(1675526154.360380) vcan0 1B5#FF06CB9B79E0FFEF
(1675526154.360453) vcan0 1D8#363339343234E043
(1675526154.360527) vcan0 1E0#0008D30300B917E0
(1675526154.360601) vcan0 2C3#BB9C00FFFF865450
(1675526154.360743) vcan0 010#008000002FB031F9
(1675526154.361432) vcan0 1D0#0000000000000261
(1675526154.361507) vcan0 291#0000000000000000
(1675526154.362753) vcan0 125#E5F77FE5C1D0D735
(1675526154.363783) vcan0 008#5B806C4400800080
(1675526154.364884) vcan0 290#0000000000000000
(1675526154.365891) vcan0 072#F000FF3F0078A038
(1675526154.367049) vcan0 288#F5DFC03F00000080
(1675526154.369868) vcan0 0F5#57A95BA97F57A29C
(1675526154.369947) vcan0 120#77A977A97FFF5589
(1675526154.370023) vcan0 130#AFFF1D632917FF11
(1675526154.370173) vcan0 150#5929FF57FCF721C0
(1675526154.370973) vcan0 010#008000002FB031F8
(1675526154.371986) vcan0 2A9#8C26009BC0000084
(1675526154.373072) vcan0 008#5B807C3400800080
(1675526154.374157) vcan0 210#0CE080A0BA69BA4D
(1675526154.375244) vcan0 055#F9F71838B2739E80
(1675526154.376290) vcan0 065#7AE619F800EE7202
(1675526154.376365) vcan0 070#000006F871E20D00
(1675526154.379116) vcan0 075#0000000000005458
(1675526154.379190) vcan0 080#42508000C2002C00
(1675526154.379333) vcan0 0B0#528319A3E2C152E3
(1675526154.379408) vcan0 0E0#E27316F000800500
(1675526154.379480) vcan0 145#F912DE80FC4810A1
(1675526154.379555) vcan0 260#D0FF00AA497487B0
(1675526154.380175) vcan0 1B0#00C0000002B000FC
(1675526154.380249) vcan0 1B5#FF21E6A886E0FFEF
(1675526154.380392) vcan0 1D8#363339343234E043
(1675526154.380467) vcan0 010#008000002FB031F8
(1675526154.380540) vcan0 072#F000FF3F00788038
(1675526154.381229) vcan0 1D0#0000000000000861
(1675526154.381372) vcan0 1E0#000CC34300B917E0
(1675526154.382612) vcan0 125#E5F77FE5C1D0D735
(1675526154.383646) vcan0 008#5B808C2400800080
(1675526154.386255) vcan0 0F5#63A95EA97F5B92A0
(1675526154.387354) vcan0 120#80A988A97FFD5589
(1675526154.388369) vcan0 130#B7FF1D632907FF11
(1675526154.389457) vcan0 150#6029F967FCF70AC0
(1675526154.390471) vcan0 010#008000002FB031F8
(1675526154.390621) vcan0 291#0000000000000000
(1675526154.390699) vcan0 3CA#00000000D60000C8
(1675526154.391786) vcan0 288#EDDFC03F00000080
(1675526154.393160) vcan0 072#F000FF3F0078A038
(1675526154.394175) vcan0 008#5B809C1400800080
(1675526154.395261) vcan0 055#F9F71838B2739E80
(1675526154.396323) vcan0 065#77E618F8FEED7102
(1675526154.396398) vcan0 070#000005F871E20D00
(1675526154.396471) vcan0 075#0000000000005458
(1675526154.399214) vcan0 080#42508000C2002C00
(1675526154.399289) vcan0 0B0#528319A3E2C152E3
(1675526154.399361) vcan0 0E0#E27314F80080E700
(1675526154.399516) vcan0 145#F902DF80FC4810A1
(1675526154.399590) vcan0 28C#000000000034FEA9
(1675526154.399665) vcan0 290#0000000000000000
(1675526154.399739) vcan0 2B5#4B45176293A67E84
(1675526154.399881) vcan0 2C0#BB9C00000000A0F1
(1675526154.399954) vcan0 2C5#39DF8CBD80E6D470
(1675526154.400028) vcan0 340#9F00000000000000
(1675526154.400101) vcan0 3AF#0000000000000020
(1675526154.400243) vcan0 1B0#00C0000002B000FC
(1675526154.400316) vcan0 1B5#FF3C01B694E0FFEF
(1675526154.400391) vcan0 1D8#363339343234E043
(1675526154.400464) vcan0 1E0#0010B34300B917E0
(1675526154.403209) vcan0 2C3#BB9C00FFFF865450
(1675526154.403282) vcan0 010#008000002FB031F8
(1675526154.403357) vcan0 1D0#0000000000000061
(1675526154.403499) vcan0 210#0CE080A0BA69BA4D
(1675526154.403595) vcan0 125#E5F77FE5C1D0D735
(1675526154.403670) vcan0 3C8#BB9C008E882C008E
(1675526154.404290) vcan0 008#5B80AC0400800080
(1675526154.405323) vcan0 260#D0FF00AA497487B0
(1675526154.406390) vcan0 0F5#4FA95EA97F5F82A3
(1675526154.407422) vcan0 120#8CA973A97FFB5589
(1675526154.408522) vcan0 130#BFFF1D6329F7FF11
(1675526154.409555) vcan0 150#5729FA77FCF703C0
(1675526154.410586) vcan0 010#008000002FB031F8
(1675526154.412030) vcan0 072#F000FF3F00788038
(1675526154.412104) vcan0 2A9#8C260082C0000084
(1675526154.414985) vcan0 008#5B80BCF400800080
(1675526154.416081) vcan0 055#F9F71838B2759E80
(1675526154.416155) vcan0 065#7CE618F802EE7102
(1675526154.416230) vcan0 070#000006F871E20D00
(1675526154.417134) vcan0 075#0000000000005458
(1675526154.417209) vcan0 080#42508000C2002C00
(1675526154.417282) vcan0 0B0#528319A3E2C152E3
(1675526154.417356) vcan0 0E0#E27316C00080C500
(1675526154.418185) vcan0 145#F9F2D080FC4810A1
(1675526154.418258) vcan0 288#F1DFD02F00000080
(1675526154.419222) vcan0 1B0#00C0000003B000FC
(1675526154.420323) vcan0 1B5#FF571CC3A1E0FFEF
(1675526154.420396) vcan0 1D8#363339343234E043
(1675526154.420469) vcan0 1E0#0010B30300B917E0
(1675526154.420543) vcan0 010#008000002FB031F8
(1675526154.421645) vcan0 1D0#0000000000000061
(1675526154.421718) vcan0 291#0000000000000000
(1675526154.422685) vcan0 125#E5F77FE5C1D0D735
(1675526154.425510) vcan0 008#5B80CCE400800080
(1675526154.425585) vcan0 072#F000FF3F0078A038
(1675526154.425658) vcan0 210#0CE080A0BA69BA45
(1675526154.425743) vcan0 3B0#00D870386FB0C400
(1675526154.426570) vcan0 290#0000000000000000
(1675526154.427602) vcan0 0F5#5BA967A97F6372A6
(1675526154.428703) vcan0 120#7BA97BA97FFF5589
(1675526154.429737) vcan0 130#C7FF1D6729E30112
(1675526154.430768) vcan0 010#008000002FB031F8
(1675526154.430910) vcan0 150#6029FA87FCF7EAC0
(1675526154.430985) vcan0 330#2800000000000000
(1675526154.433182) vcan0 360#C59C00A7B166A001
(1675526154.435969) vcan0 008#5B80DCD400800080
(1675526154.436047) vcan0 055#F9F71838B2739E80
(1675526154.436123) vcan0 065#7FE618F803EE7102
(1675526154.437067) vcan0 070#000006F871E20D00
(1675526154.437144) vcan0 075#0000000000005458
(1675526154.437222) vcan0 080#42508000C2002C00
(1675526154.437300) vcan0 0B0#528319A3E2C152E3
(1675526154.437387) vcan0 0E0#E27312C80080A900
(1675526154.438114) vcan0 145#F9E2D180FC4810A1
(1675526154.438192) vcan0 28C#000000000034FEA9
(1675526154.438269) vcan0 2B5#4B45176293A67E84
(1675526154.438348) vcan0 370#072AC0008503C71F
(1675526154.439218) vcan0 260#D0FF00AA497487B0
(1675526154.439369) vcan0 1B0#00C0000002B000FC
(1675526154.440315) vcan0 1B5#FF7237D0AEE0FFEF
(1675526154.443135) vcan0 1D8#363339343234E043
(1675526154.443213) vcan0 1E0#0014A34300B917E0
(1675526154.443290) vcan0 010#008000002FB031F9
(1675526154.443369) vcan0 072#F000FF3F00788038
(1675526154.443517) vcan0 1D0#0000000000000261
(1675526154.443595) vcan0 2C3#BB9C00FFFF875450
(1675526154.443672) vcan0 390#80FF05000232534F
(1675526154.443750) vcan0 125#E5FA7FE5C1D0D735
(1675526154.443835) vcan0 288#F5DFD02F00000080
(1675526154.444203) vcan0 350#A200000000000080
(1675526154.445220) vcan0 008#5B80ECC400800080
(1675526154.446341) vcan0 0F5#5BA95EA97F6762AA
(1675526154.447375) vcan0 120#6BA977A97F005689
(1675526154.448407) vcan0 130#CFFF1D6729D30112
(1675526154.449508) vcan0 150#5C29FC97FCF7DEC0
(1675526154.450882) vcan0 010#008000002FB031F8
(1675526154.450956) vcan0 210#0CE080A0BA69BA4D
(1675526154.451099) vcan0 291#0000000000000000
(1675526154.451173) vcan0 2A9#8C26008AC0000084
(1675526154.454945) vcan0 008#5B80FCB400800080
(1675526154.455990) vcan0 072#F000FF3F0078A038
(1675526154.456134) vcan0 055#F9F71838B2739E80
(1675526154.456207) vcan0 065#78E618F8FDED7102
(1675526154.457104) vcan0 070#000006F871E20D00
(1675526154.457189) vcan0 075#0000000000005458
(1675526154.457264) vcan0 080#42508000C2002C00
(1675526154.457338) vcan0 0B0#528319A3E2C152E3
(1675526154.457411) vcan0 0E0#E2730ED000808D00
(1675526154.458169) vcan0 145#F9D2D280FC4810A1
(1675526154.458244) vcan0 290#0000000000000000
(1675526154.458316) vcan0 2C0#BB9C00000000A0F1
(1675526154.458390) vcan0 2C5#39DF8DBD7EE6D470
(1675526154.459218) vcan0 1B0#00C0000001B000FC
(1675526154.460319) vcan0 1B5#FF8C51DEBCE0FFEF
(1675526154.461761) vcan0 1D8#363339343234E043
(1675526154.461836) vcan0 1E0#0018934300B917E0
(1675526154.461910) vcan0 010#008000002FB031F8
(1675526154.462052) vcan0 1D0#0000000000000861
(1675526154.462811) vcan0 125#E5F77FE5C1D0D735
(1675526154.465458) vcan0 008#5B800CA400800080
(1675526154.466511) vcan0 288#E9DFD02F00000080
(1675526154.467614) vcan0 260#D0FF00AA497487B0
(1675526154.468647) vcan0 0F5#53A953A97F6B52AD
(1675526154.469680) vcan0 120#8CA980A97F015689
(1675526154.469824) vcan0 130#D7FF1D6729C30112
(1675526154.469898) vcan0 150#5329F9A7FCF7D7C0
(1675526154.470862) vcan0 010#008000002FB031F8
(1675526154.471896) vcan0 072#F000FF3F00788038
(1675526154.475717) vcan0 008#5B801C9400800080
(1675526154.475792) vcan0 210#0CE08020BA69BA45
(1675526154.476756) vcan0 055#F9F71838B2739E80
(1675526154.476831) vcan0 065#77E618F8FFED7102
(1675526154.476905) vcan0 070#000006F871E20D00
(1675526154.477047) vcan0 075#0000000000005458
(1675526154.479588) vcan0 080#41508000C2002C00
(1675526154.479661) vcan0 0B0#528319A3E2C152E3
(1675526154.479746) vcan0 0E0#E27312D800806900
(1675526154.479821) vcan0 145#F9C2D380FC4810A1
(1675526154.479895) vcan0 28C#000000000034FEA9
(1675526154.480038) vcan0 2B5#4B45176293A67E84
(1675526154.480112) vcan0 340#9F00000000000000
(1675526154.480185) vcan0 1B0#00C0000002B000FC
(1675526154.480259) vcan0 1B5#FFA76CEBC9E0FFEF
(1675526154.480401) vcan0 1D8#363339343234DF43
(1675526154.480749) vcan0 010#008000002FB031F8
(1675526154.480823) vcan0 1D0#0000000000000061
(1675526154.480896) vcan0 1E0#0018930300B917E0
(1675526154.480969) vcan0 291#0000000000000000
(1675526154.481797) vcan0 2C3#BB9C00FFFF885450
(1675526154.483105) vcan0 125#E5F77FE5C1D0D735
(1675526154.484137) vcan0 072#F000FF3F0078A038
(1675526154.485239) vcan0 008#5B802C8400800080
(1675526154.486324) vcan0 290#0000000000000000
(1675526154.489291) vcan0 0F5#4FA94FA97F6F42B0
(1675526154.490307) vcan0 120#93A980A97FFD5589
(1675526154.490456) vcan0 130#DFFF1D6729B30112
(1675526154.490533) vcan0 150#4F29FAB7FCF7CBC0
(1675526154.490612) vcan0 010#008000002FB031F8
(1675526154.490689) vcan0 2A9#8C260093C0000084
(1675526154.491416) vcan0 288#F5DFD02F00000080
(1675526154.492432) vcan0 008#5B803C7400800080
(1675526154.493588) vcan0 055#F9F71838B2739E80
(1675526154.494676) vcan0 065#7AE618F801EE7102
(1675526154.495689) vcan0 070#000006F870E20D00
(1675526154.497270) vcan0 075#0000000000005458
(1675526154.497344) vcan0 080#41508000C2002C00
(1675526154.497417) vcan0 0B0#528319A3E2C152E3
(1675526154.497491) vcan0 0E0#E27313E000804800
(1675526154.497645) vcan0 145#F9B2D480FC4810A1
(1675526154.498336) vcan0 260#D0FF0055497487B0
(1675526154.501149) vcan0 1B0#00C0000003B000FC
(1675526154.501225) vcan0 1B5#FFC287F8D7E0FFEF
(1675526154.501298) vcan0 1D8#363339343234E043
(1675526154.501373) vcan0 1E0#001C834300B917E0
(1675526154.501514) vcan0 010#008000002FB031F8
(1675526154.501588) vcan0 072#F000FF3F00788038
(1675526154.501662) vcan0 1D0#0000000000000061
(1675526154.501737) vcan0 210#0CE080A0BA69BA4D
(1675526154.502221) vcan0 125#E5F77FE5C1D0D735
(1675526154.503253) vcan0 008#5B804C6400800080
(1675526154.507263) vcan0 0F5#43A953A97F7332B4
(1675526154.508278) vcan0 120#6FA977A97F035689
(1675526154.509366) vcan0 130#E7FF1D6729A30112
(1675526154.510379) vcan0 150#4B29F9C7FCF7BFC0
(1675526154.510469) vcan0 3CA#00000000C00000C8
(1675526154.510618) vcan0 010#008000002FB031F8
(1675526154.511489) vcan0 291#0000000000000000
(1675526154.511566) vcan0 330#2800000000000000
(1675526154.511644) vcan0 425#0000000000000000
(1675526154.513952) vcan0 008#5B805C5400800080
(1675526154.514968) vcan0 072#F000FF3F0078A038
(1675526154.517911) vcan0 055#F9F71838B2739E80
(1675526154.517985) vcan0 065#79E618F8FFED7102
(1675526154.518059) vcan0 070#000006F870E20D00
(1675526154.518132) vcan0 075#0000000000005458
(1675526154.518274) vcan0 080#41508000C2002C00
(1675526154.518350) vcan0 0B0#528319A3E2C152E3
(1675526154.518423) vcan0 0E0#E27311E800802A00
(1675526154.518498) vcan0 145#F9A2D580FC4810A1
(1675526154.518571) vcan0 28C#000000000034FEA9
(1675526154.518723) vcan0 290#0000000000000000
(1675526154.518936) vcan0 2B5#4B45176293A67E83
(1675526154.519077) vcan0 288#EDDFE01F00000080
(1675526154.519152) vcan0 2C0#BB9C00000000A0F1
(1675526154.519223) vcan0 2C5#39DF8DBD78E6D470
(1675526154.519298) vcan0 3AF#0000000000000020
(1675526154.521837) vcan0 1B0#00C0000002B000FC
(1675526154.521980) vcan0 1B5#FFDDA206E4E0FFEF
(1675526154.522053) vcan0 1D8#363339343234E043
(1675526154.522128) vcan0 1E0#0020734300B917E0
(1675526154.522203) vcan0 2C3#BB9C00FFFF885450
(1675526154.522344) vcan0 010#008000002FB031F9
(1675526154.522417) vcan0 1D0#0000000000000261
(1675526154.522971) vcan0 125#E5F77FE5C1D0D735
(1675526154.524002) vcan0 3C8#BB9C008E882C008E
(1675526154.525035) vcan0 008#5B806C4400800080
(1675526154.525117) vcan0 210#0CE080A0BA69BA45
(1675526154.526182) vcan0 260#D0FF0055497487B0
(1675526154.527285) vcan0 0F5#57A94FA97F7722B7
(1675526154.528317) vcan0 120#8CA973A97FFF5589
(1675526154.529350) vcan0 130#EFFF1D672993FF11
(1675526154.530659) vcan0 150#5329F9D7FCF7A7C0
(1675526154.530801) vcan0 010#008000002FB031F8
(1675526154.530875) vcan0 072#F000FF3F00788038
(1675526154.530949) vcan0 2A9#8C26008AC0000084
(1675526154.534789) vcan0 350#A200000000000080
(1675526154.534931) vcan0 360#C59C00A7B166A001
