(1675526278.842066) vcan0 0F5#909896987F6762B9
(1675526278.848855) vcan0 120#8A97AD987F085689
(1675526278.849002) vcan0 130#CFFF1DA018AB0112
(1675526278.849078) vcan0 145#F9B2D480FC4810A1
(1675526278.849156) vcan0 150#9518DE97DCF7B6C0
(1675526278.849232) vcan0 260#D0FF00AA497487B0
(1675526278.849308) vcan0 288#83DF40BF00000080
(1675526278.849455) vcan0 290#0000000000000000
(1675526278.849532) vcan0 291#0000000000000000
(1675526278.849618) vcan0 2C0#6B8700000000A0F1
(1675526278.849694) vcan0 2C5#0EDF86E04DE60070
(1675526278.849771) vcan0 350#A200000000000080
(1675526278.849919) vcan0 072#F000FF3F0078A038
(1675526278.849995) vcan0 0E0#E2732BE000803000
(1675526278.850070) vcan0 3C8#6B87008E886C008E
(1675526278.850219) vcan0 010#000000002FB031F9
(1675526278.850295) vcan0 2A9#8C26009BC0000084
(1675526278.850443) vcan0 1B0#00C0000000B000FC
(1675526278.850519) vcan0 008#B880FC4215800080
(1675526278.851730) vcan0 1B5#FF7DDA0BFBE0FFEF
(1675526278.851806) vcan0 1D8#363339343234E143
(1675526278.851882) vcan0 1E0#0018934300B917E0
(1675526278.852030) vcan0 125#E58A7FE5C1D0D735
(1675526278.855576) vcan0 055#F3F70928B2699C80
(1675526278.859189) vcan0 010#000000002FB031F8
(1675526278.859274) vcan0 065#58E609F806CE1C02
(1675526278.863132) vcan0 070#00000AF81BE21500
(1675526278.863279) vcan0 072#F000FF3F00788038
(1675526278.863357) vcan0 075#0000000000005458
(1675526278.863433) vcan0 080#1A508000C2002C00
(1675526278.863511) vcan0 008#B8800C4700800080
(1675526278.863587) vcan0 0B0#398313A3E0C139A3
(1675526278.863734) vcan0 0F5#8B9891987F6B52BB
(1675526278.863810) vcan0 120#C6978D987FDF5589
(1675526278.863886) vcan0 130#D7FF1D9B18A0FF11
(1675526278.863962) vcan0 145#F9A2D580FC4810A1
(1675526278.864040) vcan0 150#9218D7A7DBF7A9C0
(1675526278.864186) vcan0 1D0#0000000000000261
(1675526278.864264) vcan0 210#20E08020A869DA45
(1675526278.864339) vcan0 28C#000000000010FEA8
(1675526278.866684) vcan0 2B5#4B6D336293A68036
(1675526278.866769) vcan0 0E0#E27329E800801200
(1675526278.866847) vcan0 288#62DF40BF00000080
(1675526278.870179) vcan0 010#000000002FB031F8
(1675526278.870257) vcan0 290#0000000000000000
(1675526278.870333) vcan0 291#0000000000000000
(1675526278.870408) vcan0 330#BA00000000000000
(1675526278.874188) vcan0 260#D0FF00AA497487B0
(1675526278.874265) vcan0 400#010300010100011D
(1675526278.874342) vcan0 405#2AF8E18649186701
(1675526278.874418) vcan0 008#B8801C3700800080
(1675526278.874493) vcan0 1B0#00C0000003B000FC
(1675526278.874570) vcan0 1B5#FF8CEA1303E0FFEF
(1675526278.874647) vcan0 1D8#363339343234E143
(1675526278.874794) vcan0 125#E5907FE5C1D0D735
(1675526278.874871) vcan0 1E0#001C834300B917E0
(1675526278.874946) vcan0 2C3#6B8700FFFF685450
(1675526278.875032) vcan0 425#0000000000000000
(1675526278.875110) vcan0 072#F000FF3F0078A038
(1675526278.876601) vcan0 010#000000002FB031F8
(1675526278.881632) vcan0 055#F3F70928B2699C80
(1675526278.881779) vcan0 065#57E609F802CE1A02
(1675526278.881856) vcan0 070#00000AF81BE21500
(1675526278.881932) vcan0 075#0000000000005458
(1675526278.882008) vcan0 080#19508000C2002C00
(1675526278.882085) vcan0 0B0#398313A3E0C139A3
(1675526278.882162) vcan0 0F5#83988B987F6F42BD
(1675526278.882309) vcan0 008#B8802C2700800080
(1675526278.882385) vcan0 120#FE989E987FE85589
(1675526278.882463) vcan0 130#DFFD1D91189AFF11
(1675526278.882559) vcan0 145#F992D680FC4810A1
(1675526278.882636) vcan0 150#8A18CCB7DAF7A1C0
(1675526278.882783) vcan0 1D0#0000000000000061
(1675526278.884082) vcan0 210#20E080A0A869DA4D
(1675526278.886567) vcan0 0E0#E27311F000800A00
(1675526278.891244) vcan0 010#000000002FB031F8
(1675526278.891320) vcan0 072#F000FF3F00788038
(1675526278.891396) vcan0 2A9#8C260082C0000084
(1675526278.891544) vcan0 1B0#00C0000004B000FC
(1675526278.891621) vcan0 008#B8803C1700800080
(1675526278.892620) vcan0 1B5#FF9DFA1B0AE0FFEF
(1675526278.892697) vcan0 1D8#363339343234E143
(1675526278.892773) vcan0 1E0#001C830300B917E0
(1675526278.892850) vcan0 125#E5907FE5C1D0D735
(1675526278.892997) vcan0 288#BCDF40BF00000080
(1675526278.894138) vcan0 360#6D8700D2A764A001
(1675526278.897830) vcan0 010#000000002FB031F8
(1675526278.897910) vcan0 055#F3F70928B2699C80
(1675526278.901882) vcan0 065#4FE608F8FBCD1A02
(1675526278.901981) vcan0 070#00000AF81CE21500
(1675526278.902057) vcan0 075#0000000000005458
(1675526278.902133) vcan0 080#1A508000C2002C00
(1675526278.902211) vcan0 0B0#398313A3E0C139A3
(1675526278.902287) vcan0 0F5#85988B987F7332BF
(1675526278.902363) vcan0 008#B380448C00800080
(1675526278.902509) vcan0 120#B298B2987FE15589
(1675526278.902589) vcan0 130#E7FF1D91188AFD11
(1675526278.902665) vcan0 145#F982D780FC4810A1
(1675526278.902742) vcan0 150#8418E5C7DAF797C0
(1675526278.902818) vcan0 1D0#0000000000000861
(1675526278.902966) vcan0 260#D0FF00AA497487B0
(1675526278.905875) vcan0 28C#000000000010FEA8
(1675526278.905949) vcan0 290#0000000000000000
(1675526278.906027) vcan0 291#0000000000000000
(1675526278.906104) vcan0 2B5#4B6E336293A68034
(1675526278.906189) vcan0 2C0#6B8700000000A0F1
(1675526278.906266) vcan0 2C5#0EDF86E05BE60070
(1675526278.906415) vcan0 072#F000FF3F0078A038
(1675526278.906492) vcan0 340#9A00000000000000
(1675526278.906567) vcan0 390#80FF051D0222574F
(1675526278.906644) vcan0 3AF#0000000000000020
(1675526278.906791) vcan0 3B0#00FC353C37A4C600
(1675526278.906869) vcan0 3CA#00000000560000C8
(1675526278.906946) vcan0 0E0#627300F80080FB00
(1675526278.909429) vcan0 010#000000002FB031F8
(1675526278.909506) vcan0 210#20E080A0A869DA45
(1675526278.909583) vcan0 3D0#940F6100170480C3
(1675526278.913347) vcan0 1B0#00C0000001B000FC
(1675526278.913424) vcan0 008#B18054700E800080
(1675526278.913499) vcan0 1B5#FFAD0A2312E0FFEF
(1675526278.913577) vcan0 1D8#363339343234E143
(1675526278.913661) vcan0 125#E5907FE5C1D0D735
(1675526278.913809) vcan0 1E0#0020734300B917E0
(1675526278.913885) vcan0 2C3#6B8700FFFF695450
(1675526278.913962) vcan0 430#2A082A00000011A6
(1675526278.915809) vcan0 288#A8DF40BF00000080
(1675526278.920912) vcan0 055#F3F70928B2699C80
(1675526278.920988) vcan0 065#4DE608F8FECD1A02
(1675526278.921064) vcan0 010#000000002FB031F9
(1675526278.921141) vcan0 070#00000AF81CE21500
(1675526278.921217) vcan0 072#F000FF3F00788038
(1675526278.921293) vcan0 075#0000000000005458
(1675526278.921370) vcan0 080#1A508000C2002C00
(1675526278.921517) vcan0 008#B18064600E800080
(1675526278.921593) vcan0 0B0#398313A3E0C139A3
(1675526278.921670) vcan0 0F5#7E988B987F7722C1
(1675526278.924864) vcan0 120#A698A6987F215689
(1675526278.924950) vcan0 130#EFFF1D91187AF711
(1675526278.925028) vcan0 145#F972D880FC4810A1
(1675526278.925105) vcan0 150#8518E6D7D9F786C0
(1675526278.925181) vcan0 1D0#0000000000000261
(1675526278.925257) vcan0 370#0720C000701BC71F
(1675526278.925403) vcan0 0E0#62730EC00080CD00
(1675526278.927322) vcan0 290#0000000000000000
(1675526278.932425) vcan0 260#D0FF0055497487B0
(1675526278.932501) vcan0 010#000000002FB031F8
(1675526278.932649) vcan0 291#0000000000000000
(1675526278.932727) vcan0 1B0#00C0000002B000FC
(1675526278.932804) vcan0 008#AF80743D23800080
(1675526278.932880) vcan0 1B5#FFBC1A2B1AE0FFEF
(1675526278.932956) vcan0 1D8#363339343234E143
(1675526278.933033) vcan0 125#E5907FE5C1D0D735
(1675526278.933108) vcan0 1E0#0024634300B917E0
(1675526278.933194) vcan0 2A9#8C26009BC0000084
(1675526278.933341) vcan0 350#A200000000000080
(1675526278.934833) vcan0 072#F000FF3F0078A038
(1675526278.934909) vcan0 210#20E080A0A869DA4D
(1675526278.937325) vcan0 010#000000002FB031F8
(1675526278.942430) vcan0 055#F3F70928B2699C80
(1675526278.942506) vcan0 065#4DE609F800CE1B02
(1675526278.942657) vcan0 070#00000AF81CE21500
(1675526278.942733) vcan0 075#0000000000005458
(1675526278.942809) vcan0 080#1A508000C2002C00
(1675526278.942885) vcan0 0B0#398313A3E0C139A3
(1675526278.943034) vcan0 0F5#6F9880987F7B12C3
(1675526278.943110) vcan0 008#AC80842132800080
(1675526278.943187) vcan0 120#859896987F105689
(1675526278.943263) vcan0 130#F7FD1D91186AF411
(1675526278.943339) vcan0 145#F962D980FC4810A1
(1675526278.943494) vcan0 150#7A18E2E7D9F781C0
(1675526278.943573) vcan0 1D0#0000000000000061
(1675526278.943719) vcan0 288#72DF50AF00000080
(1675526278.943795) vcan0 28C#000000000010FEA8
(1675526278.943943) vcan0 2B5#4B6E336293A68036
(1675526278.947491) vcan0 0E0#62730FC80080AC00
(1675526278.947566) vcan0 010#000000002FB031F8
(1675526278.951041) vcan0 072#F000FF3F00788038
(1675526278.951118) vcan0 330#BA00000000000000
(1675526278.951195) vcan0 1B0#00C0000002B000FC
(1675526278.951271) vcan0 1B5#FFCC2A3322E0FFEF
(1675526278.952338) vcan0 008#AC80941132800080
(1675526278.952414) vcan0 1D8#363339343234E143
(1675526278.952564) vcan0 1E0#0024630300B917E0
(1675526278.952642) vcan0 125#E5907FE5C1D0D735
(1675526278.952718) vcan0 2C3#6B8700FFFF695450
(1675526278.956144) vcan0 010#000000002FB031F8
(1675526278.960818) vcan0 055#F3F70928B2699C80
(1675526278.960893) vcan0 065#47E609F8FDCD1C02
(1675526278.960969) vcan0 070#00000AF81CE21500
(1675526278.961117) vcan0 075#0000000000005458
(1675526278.961194) vcan0 080#1A508000C2002C00
(1675526278.963757) vcan0 0B0#398313A3E0C139A3
(1675526278.963834) vcan0 008#AC80A40132800080
(1675526278.963910) vcan0 0F5#679888987F7F02C5
(1675526278.963987) vcan0 120#5298C2987F0F5689
(1675526278.964135) vcan0 130#FFFF1D91185AF711
(1675526278.964211) vcan0 145#F952DA80FC4810A1
(1675526278.964288) vcan0 150#7318D2F7D9F778C0
(1675526278.964363) vcan0 1D0#0000000000000061
(1675526278.964441) vcan0 210#20E080A0A869DA4D
(1675526278.964587) vcan0 260#D0FF0055497487B0
(1675526278.964672) vcan0 290#0000000000000000
(1675526278.964750) vcan0 291#0000000000000000
(1675526278.964827) vcan0 2C0#6B8700000000A0F1
(1675526278.964974) vcan0 2C5#0EDF86E04CE60070
(1675526278.965050) vcan0 072#F000FF3F0078A038
(1675526278.967391) vcan0 0E0#627306D000809500
(1675526278.967467) vcan0 288#6ADF50AF00000080
(1675526278.967615) vcan0 3C8#6B87008E886C008E
(1675526278.970879) vcan0 010#000000002FB031F8
(1675526278.970954) vcan0 2A9#8C260082C0000084
(1675526278.971102) vcan0 1B0#00C0000002B000FC
(1675526278.972243) vcan0 008#AC80B4F132800080
(1675526278.972320) vcan0 1B5#FFDC3A3B2AE0FFEF
(1675526278.972396) vcan0 1D8#363339343234E143
(1675526278.972473) vcan0 1E0#0028534300B917E0
(1675526278.972623) vcan0 125#E5907FE5C1D0D735
(1675526278.976037) vcan0 010#000000002FB031F8
(1675526278.980718) vcan0 055#F3F70928B2699C80
(1675526278.980794) vcan0 065#47E609F8FFCD1D02
(1675526278.980870) vcan0 070#00000AF81CE21500
(1675526278.981017) vcan0 072#F000FF3F00788038
(1675526278.981093) vcan0 075#0000000000005458
(1675526278.984712) vcan0 080#1A508000C2002C00
(1675526278.984790) vcan0 0B0#398313A3E0C139A3
(1675526278.984866) vcan0 008#AC80C4E132800080
(1675526278.984943) vcan0 0F5#6A9883987F43F2C7
(1675526278.985090) vcan0 120#7698A8987F095689
(1675526278.985166) vcan0 130#87FF1D91184AFD11
(1675526278.985243) vcan0 145#F942DB80FC4810A1
(1675526278.985319) vcan0 150#6F18CF07D9F76CC0
(1675526278.985395) vcan0 1D0#0000000000000861
(1675526278.985544) vcan0 28C#000000000010FEA8
(1675526278.985629) vcan0 2B5#4B6E326293A68037
(1675526278.985705) vcan0 340#9A00000000000000
(1675526278.985782) vcan0 210#20E080A0A869DA45
(1675526278.985928) vcan0 0E0#E2730AD800807100
(1675526278.987211) vcan0 010#000000002FB031F8
(1675526278.991962) vcan0 290#0000000000000000
(1675526278.992038) vcan0 291#0000000000000000
(1675526278.992185) vcan0 260#D0FF0055497487B0
(1675526278.992262) vcan0 1B0#00C0000001B000FC
(1675526278.992339) vcan0 1B5#FFEC4A4332E0FFEF
(1675526278.992416) vcan0 008#AC80D4D132800080
(1675526278.992492) vcan0 1D8#363339343234E143
(1675526278.992642) vcan0 1E0#002C434300B917E0
(1675526278.992718) vcan0 125#E5937FE5C1D0D735
(1675526278.992793) vcan0 2C3#6B8700FFFF6A5450
(1675526278.994428) vcan0 288#72DF50AF00000080
(1675526278.994513) vcan0 072#F000FF3F0078A038
(1675526278.994661) vcan0 360#6D8700D2A764A001
(1675526279.000475) vcan0 010#000000002FB031F9
(1675526279.000623) vcan0 055#F3F70928B2699C80
(1675526279.000698) vcan0 065#48E60AF801CE1E02
(1675526279.000776) vcan0 070#00000AF81CE21500
(1675526279.000852) vcan0 075#0000000000005458
(1675526279.000929) vcan0 080#1A508000C2002C00
(1675526279.004475) vcan0 0B0#398313A3E0C139A3
(1675526279.004552) vcan0 008#AC80E4C132800080
(1675526279.004627) vcan0 0F5#59987B987F47E2C9
(1675526279.004703) vcan0 120#C298AB987F015689
(1675526279.004780) vcan0 130#8FFD1D91183AFF11
(1675526279.004926) vcan0 145#F932DC80FC4810A1
(1675526279.005003) vcan0 150#6618CE17D9F765C0
(1675526279.005079) vcan0 1D0#0000000000000261
(1675526279.005165) vcan0 390#80FF051D021E586F
(1675526279.005242) vcan0 0E0#E27311E000804A00
(1675526279.006944) vcan0 010#000000002FB031F8
(1675526279.012045) vcan0 072#F000FF3F00788038
(1675526279.012120) vcan0 210#20E08020A869DA4D
(1675526279.012197) vcan0 2A9#8C26008AC0000084
(1675526279.012344) vcan0 1B0#00C0000003B000FC
(1675526279.012420) vcan0 1B5#FFFC5A4B3AE0FFEF
(1675526279.012497) vcan0 008#AC80F4C023800080
(1675526279.012648) vcan0 1D8#363339343234E143
(1675526279.012723) vcan0 1E0#002C430300B917E0
(1675526279.012801) vcan0 125#E5937FE5C1D0D735
(1675526279.014437) vcan0 288#66DF50AF00000080
(1675526279.016919) vcan0 055#F3F70928B2699C80
(1675526279.023228) vcan0 010#000000002FB031F8
(1675526279.023305) vcan0 065#4AE60AF802CE1E02
(1675526279.023391) vcan0 070#00000AF81CE21500
(1675526279.023467) vcan0 075#0000000000005458
(1675526279.023543) vcan0 080#1A508000C2002C00
(1675526279.023692) vcan0 0B0#398313A3E0C139A3
(1675526279.023768) vcan0 008#AC8004B023800080
(1675526279.023844) vcan0 0F5#5D9876987F4BD2CB
(1675526279.023920) vcan0 120#A698AD987FF85589
(1675526279.024067) vcan0 130#97FD1D91182AFF11
(1675526279.024144) vcan0 145#F922DD80FC4810A1
(1675526279.024220) vcan0 150#6218D027DAF759C0
(1675526279.024366) vcan0 1D0#0000000000000061
(1675526279.024443) vcan0 260#D0FF0055497487B0
(1675526279.024591) vcan0 28C#000000000010FEA8
(1675526279.024668) vcan0 290#0000000000000000
(1675526279.024814) vcan0 291#0000000000000000
(1675526279.024890) vcan0 2B5#4B6E326293A68037
(1675526279.024975) vcan0 2C0#6B8700000000A0F1
(1675526279.025052) vcan0 2C5#0EDF86E048E60070
(1675526279.025135) vcan0 350#A200000000000080
(1675526279.025205) vcan0 370#0720C000701BC71F
(1675526279.025353) vcan0 3AF#0000000000000020
(1675526279.025428) vcan0 072#F000FF3F0078A038
(1675526279.025505) vcan0 3B0#00D8353837A4C402
(1675526279.030748) vcan0 3CA#00000000400000C8
(1675526279.030826) vcan0 3E0#000000D930808090
(1675526279.030902) vcan0 0E0#E27314E800802700
(1675526279.031049) vcan0 010#000000002FB031F8
(1675526279.031126) vcan0 1B0#00C0000001B000FC
(1675526279.031202) vcan0 1B5#FF0C6A5242E0FFEF
(1675526279.031279) vcan0 008#AC8014B50E800080
(1675526279.031355) vcan0 1D8#363339343234E143
(1675526279.032069) vcan0 1E0#0030334300B917E0
(1675526279.032155) vcan0 125#E5937FE5C1D0D735
(1675526279.032303) vcan0 2C3#6B8700FFFF6A5450
(1675526279.032379) vcan0 330#BA00000000000000
(1675526279.034723) vcan0 210#20E080A0A869DA45
(1675526279.037205) vcan0 055#F3F70928B2679C80
(1675526279.042305) vcan0 010#000000002FB031F8
(1675526279.042381) vcan0 065#47E60AF8FFCD1D02
(1675526279.042458) vcan0 070#00000AF81CE21500
(1675526279.042534) vcan0 072#F000FF3F00788038
(1675526279.042603) vcan0 075#0000000000005458
(1675526279.042757) vcan0 080#1A508000C2002C00
(1675526279.042835) vcan0 008#AC8024B300800080
(1675526279.042912) vcan0 0B0#398313A3E0C139A3
(1675526279.042991) vcan0 0F5#679874987F4FC2CD
(1675526279.043069) vcan0 120#AB98C2987FFE5589
(1675526279.043218) vcan0 130#9FFD1D91181AFF11
(1675526279.043306) vcan0 145#F912DE80FC4810A1
(1675526279.043383) vcan0 150#6718CE37DAF744C0
(1675526279.043461) vcan0 1D0#0000000000000061
(1675526279.044694) vcan0 288#6ADF609F00000080
(1675526279.044782) vcan0 0E0#E27315F000800600
(1675526279.047231) vcan0 010#000000002FB031F8
(1675526279.052281) vcan0 290#0000000000000000
(1675526279.052430) vcan0 291#0000000000000000
(1675526279.052509) vcan0 2A9#8C260093C0000084
(1675526279.052589) vcan0 260#D0FF00AA497487B0
(1675526279.052662) vcan0 1B0#00C0000002B000FC
(1675526279.052805) vcan0 1B5#FF1C7A5A4AE0FFEF
(1675526279.052879) vcan0 008#AC8034A300800080
(1675526279.052954) vcan0 1D8#363339343234E143
(1675526279.053101) vcan0 1E0#0034234300B917E0
(1675526279.053170) vcan0 125#E5937FE5C1D0D735
(1675526279.053253) vcan0 072#F000FF3F0078A038
(1675526279.056069) vcan0 055#F3F70928B2699C80
(1675526279.060724) vcan0 010#000000002FB031F8
(1675526279.060800) vcan0 065#46E609F800CE1D02
(1675526279.060942) vcan0 070#00000AF81CE21500
(1675526279.061016) vcan0 075#0000000000005458
(1675526279.061090) vcan0 080#1A508000C2002C00
(1675526279.065761) vcan0 0B0#398313A3E0C139A3
(1675526279.065911) vcan0 008#AC80449300800080
(1675526279.065990) vcan0 0F5#579871987F53B2CF
(1675526279.066067) vcan0 120#BA98CE987FF35589
(1675526279.066146) vcan0 130#A7FF1D91180AFF11
(1675526279.066223) vcan0 145#F902DF80FC4810A1
(1675526279.066373) vcan0 150#6018CF47DAF73BC0
(1675526279.066450) vcan0 1D0#0000000000000861
(1675526279.066529) vcan0 210#20E080A0A869DA45
(1675526279.066614) vcan0 28C#000000000010FEA8
(1675526279.066693) vcan0 2B5#4B6E336293A68036
(1675526279.066842) vcan0 340#9A00000000000000
(1675526279.066920) vcan0 0E0#E27315F80080E600
(1675526279.066999) vcan0 288#4DDF609F00000080
(1675526279.068229) vcan0 010#000000002FB031F8
(1675526279.071909) vcan0 072#F000FF3F00788038
(1675526279.071987) vcan0 1B0#00C0000003B000FC
(1675526279.072065) vcan0 1B5#FF2C8A6252E0FFEF
(1675526279.072142) vcan0 008#AC80548300800080
(1675526279.072222) vcan0 1D8#363339343234E143
(1675526279.072371) vcan0 1E0#0034230300B917E0
(1675526279.072450) vcan0 125#E5937FE5C1D0D735
(1675526279.072527) vcan0 2C3#6B8700FFFF6A5450
(1675526279.079105) vcan0 055#F3F70928B2679C80
(1675526279.079179) vcan0 010#000000002FB031F9
(1675526279.079263) vcan0 065#47E609F800CE1D02
(1675526279.083091) vcan0 070#00000AF81CE21500
(1675526279.083170) vcan0 075#0000000000005458
(1675526279.083320) vcan0 080#1A508000C2002C00
(1675526279.083399) vcan0 0B0#398313A3E0C139A3
(1675526279.083475) vcan0 0F5#679879987F57A2D1
(1675526279.083553) vcan0 008#AC80647300800080
(1675526279.083631) vcan0 120#BA98BA987FF75589
(1675526279.083781) vcan0 130#AFFF1D9118FAFF11
(1675526279.083858) vcan0 145#F9F2D080FC4810A1
(1675526279.083936) vcan0 150#6218C557DBF729C0
(1675526279.084015) vcan0 1D0#0000000000000261
(1675526279.084093) vcan0 260#D0FF00AA497487B0
(1675526279.084242) vcan0 290#0000000000000000
(1675526279.089222) vcan0 291#0000000000000000
(1675526279.089300) vcan0 2C0#6B8700000000A0F1
(1675526279.089387) vcan0 2C5#0EDF86E047E60070
(1675526279.089463) vcan0 072#F000FF3F0078A038
(1675526279.089544) vcan0 210#20E080A0A869DA4D
(1675526279.089693) vcan0 0E0#E27317C00080C400
(1675526279.089771) vcan0 3C8#6B87008E886C008E
(1675526279.089848) vcan0 010#000000002FB031F8
(1675526279.089927) vcan0 2A9#8C26008AC0000084
(1675526279.091663) vcan0 1B0#00C0000003B000FC
(1675526279.091740) vcan0 008#AC80746300800080
(1675526279.091890) vcan0 1B5#FF3C9A6A5AE0FFEF
(1675526279.091967) vcan0 1D8#363339343234E143
(1675526279.094072) vcan0 125#E5937FE5C1D0D735
(1675526279.094151) vcan0 1E0#0038134300B917E0
(1675526279.094228) vcan0 288#83DF609F00000080
(1675526279.094306) vcan0 360#6D8700D2A764A001
(1675526279.096546) vcan0 010#000000002FB031F8
(1675526279.101185) vcan0 072#F000FF3F00788038
(1675526279.101264) vcan0 1D0#0000000000000061
(1675526279.101342) vcan0 055#F3F70928B2679C80
(1675526279.101491) vcan0 065#47E609F800CE1C02
(1675526279.101569) vcan0 070#00000AF81BE21500
(1675526279.101645) vcan0 075#0000000000005458
(1675526279.101725) vcan0 008#AC80845300800080
(1675526279.101801) vcan0 080#1A508000C2002C00
(1675526279.105069) vcan0 0B0#398313A3E0C139A3
(1675526279.105144) vcan0 0F5#6C9874987F5B92D3
(1675526279.105285) vcan0 120#B098B5987FFB5589
(1675526279.105359) vcan0 130#B7FF1D9118EAFF11
(1675526279.105435) vcan0 145#F9E2D180FC4810A1
(1675526279.105508) vcan0 150#7318D467DBF708C0
(1675526279.105652) vcan0 28C#000000000010FEA8
(1675526279.105725) vcan0 2B5#4B6E326293A68036
(1675526279.105807) vcan0 390#80FF051D021A594F
(1675526279.105880) vcan0 0E0#E27318C80080A300
(1675526279.107528) vcan0 290#0000000000000000
(1675526279.113602) vcan0 010#000000002FB031F8
(1675526279.113680) vcan0 210#20E080A0A869DA45
(1675526279.113830) vcan0 291#0000000000000000
(1675526279.113909) vcan0 260#D0FF00AA497487B0
(1675526279.113986) vcan0 330#BA00000000000000
(1675526279.114064) vcan0 1B0#00C0000001B000FC
(1675526279.114142) vcan0 008#AC80944300800080
(1675526279.114292) vcan0 1B5#FF4CAA7262E0FFEF
(1675526279.114369) vcan0 1D8#363339343234E143
(1675526279.114447) vcan0 125#E5967FE5C1D0D735
(1675526279.114524) vcan0 1E0#003C034300B917E0
(1675526279.114601) vcan0 2C3#6B8700FFFF6B5450
(1675526279.114752) vcan0 3D0#940F6100170480C3
(1675526279.114839) vcan0 350#A200000000000080
(1675526279.116071) vcan0 072#F000FF3F0078A038
(1675526279.116149) vcan0 288#8FDF609F00000080
(1675526279.121136) vcan0 055#F3F70928B2679C80
(1675526279.121278) vcan0 065#46E609F8FFCD1C02
(1675526279.121356) vcan0 070#00000AF81BE21500
(1675526279.121434) vcan0 010#000000002FB031F8
(1675526279.121511) vcan0 075#0000000000005458
(1675526279.121589) vcan0 080#1A508000C2002C00
(1675526279.121738) vcan0 0B0#398313A3E0C139A3
(1675526279.121816) vcan0 008#AC80A43300800080
(1675526279.121895) vcan0 0F5#659879987F5F82D5
(1675526279.121973) vcan0 120#BA98AD987FF55589
(1675526279.122049) vcan0 130#BFFF1D9118DAFF11
(1675526279.122199) vcan0 145#F9D2D280FC4810A1
(1675526279.122494) vcan0 150#7518DA77DBF7F6C0
(1675526279.122582) vcan0 1D0#0000000000000061
(1675526279.122656) vcan0 370#0720C000701BC71F
(1675526279.122800) vcan0 400#0F0102010100011E
(1675526279.122873) vcan0 405#6D870039002C3902
(1675526279.125072) vcan0 0E0#E2731CD000807F00
(1675526279.127545) vcan0 010#000000002FB031F8
(1675526279.132344) vcan0 072#F000FF3F00788038
(1675526279.132419) vcan0 1B0#00C0000001B000FC
(1675526279.132492) vcan0 008#AC80B42300800080
(1675526279.132587) vcan0 1B5#FF5CBA7A6AE0FFEF
(1675526279.132741) vcan0 1D8#363339343234E143
(1675526279.132819) vcan0 125#E59C7FE5C1D0D735
(1675526279.132896) vcan0 1E0#003C030300B917E0
(1675526279.132974) vcan0 2A9#8C26009BC0000084
(1675526279.134856) vcan0 210#20E080A0A869DA4D
(1675526279.137314) vcan0 055#F3F70928B2679C80
(1675526279.142442) vcan0 010#000000002FB031F8
(1675526279.142519) vcan0 065#4AE609F802CE1C02
(1675526279.142669) vcan0 070#00000AF81BE21500
(1675526279.142744) vcan0 075#0000000000005458
(1675526279.142818) vcan0 080#19508000C2002C00
(1675526279.142892) vcan0 0B0#398313A3E0C139A3
(1675526279.143034) vcan0 008#AC80C41300800080
(1675526279.143108) vcan0 0F5#6C9876987F6372D7
(1675526279.143183) vcan0 120#9098AD987FEF5589
(1675526279.143256) vcan0 130#C7FF1D9118CAFF11
(1675526279.143399) vcan0 145#F9C2D380FC4810A1
(1675526279.143474) vcan0 150#7718DB87DCF7E4C0
(1675526279.143547) vcan0 1D0#0000000000000861
(1675526279.143690) vcan0 260#D0FF0055497487B0
(1675526279.143765) vcan0 288#87DF708F00000080
(1675526279.148973) vcan0 28C#000000000010FEA8
(1675526279.149057) vcan0 290#0000000000000000
(1675526279.149136) vcan0 291#0000000000000000
(1675526279.149204) vcan0 2B5#4B6E326293A68035
(1675526279.149278) vcan0 072#F000FF3F0078A038
(1675526279.149420) vcan0 2C0#6B8700000000A0F1
(1675526279.149494) vcan0 2C5#0EDF86E048E60070
(1675526279.149568) vcan0 340#9A00000000000000
(1675526279.149643) vcan0 3AF#0000000000000020
(1675526279.149786) vcan0 3B0#00D8353837A4C400
(1675526279.149860) vcan0 3CA#00000000510000C8
(1675526279.149934) vcan0 0E0#E2731DD800805E00
(1675526279.150076) vcan0 010#000000002FB031F8
(1675526279.150150) vcan0 1B0#00C0000002B000FC
(1675526279.151591) vcan0 008#AC80D40300800080
(1675526279.151666) vcan0 1B5#FF6CCA8271E0FFEF
(1675526279.151739) vcan0 1D8#363339343234E043
(1675526279.151821) vcan0 125#E59E7FE5C1D0D735
(1675526279.151964) vcan0 1E0#0000F34300B917E0
(1675526279.152040) vcan0 2C3#6B8700FFFF6B5450
(1675526279.155326) vcan0 055#F3F70928B2679C80
(1675526279.160306) vcan0 065#4FE609F802CE1C02
(1675526279.160383) vcan0 010#000000002FB031F9
(1675526279.160461) vcan0 070#00000AF81BE21500
(1675526279.160610) vcan0 072#F000FF3F00788038
(1675526279.160688) vcan0 075#0000000000005458
(1675526279.160768) vcan0 080#19508000C2002C00
(1675526279.165478) vcan0 008#AA80E4E70E800080
(1675526279.165555) vcan0 0B0#398313A3E0C139A3
(1675526279.165634) vcan0 0F5#6C987B987F6762D9
(1675526279.165711) vcan0 120#88989B987FF25589
(1675526279.165790) vcan0 130#CFFF1D9118BAFF11
(1675526279.165939) vcan0 145#F9B2D480FC4810A1
(1675526279.166029) vcan0 150#7F18D997DCF7CCC0
(1675526279.166107) vcan0 1D0#0000000000000261
(1675526279.166184) vcan0 210#20E08020A869DA4D
(1675526279.166262) vcan0 0E0#E2731EE000803D00
(1675526279.166340) vcan0 288#8BDF708F00000080
(1675526279.167929) vcan0 290#0000000000000000
(1675526279.171676) vcan0 010#000000002FB031F8
(1675526279.171755) vcan0 291#0000000000000000
(1675526279.171904) vcan0 2A9#8C260082C0000084
(1675526279.171983) vcan0 260#D0FF0055497487B0
(1675526279.172059) vcan0 1B0#00C0000002B000FC
(1675526279.172138) vcan0 008#AA80F4D70E800080
(1675526279.172215) vcan0 1B5#FF7BDA8A79E0FFEF
(1675526279.172294) vcan0 1D8#363339343234E043
(1675526279.172443) vcan0 125#E59E7FE5C1D0D735
(1675526279.172522) vcan0 1E0#0004E34300B917E0
(1675526279.174219) vcan0 072#F000FF3F0078A038
(1675526279.180248) vcan0 010#000000002FB031F8
(1675526279.180324) vcan0 055#F3F70928B2679C80
(1675526279.180466) vcan0 065#50E609F801CE1B02
(1675526279.180539) vcan0 070#00000AF81BE21500
(1675526279.180614) vcan0 075#0000000000005458
(1675526279.180688) vcan0 080#19508000C2002C00
(1675526279.185295) vcan0 0B0#398313A3E0C139A3
(1675526279.185369) vcan0 0F5#6A9880987F6B52DB
(1675526279.185443) vcan0 008#AA8004C70E800080
(1675526279.185586) vcan0 120#A098B0987FF85589
(1675526279.185661) vcan0 130#D7FF1D9118AAFF11
(1675526279.185734) vcan0 145#F9A2D580FC4810A1
(1675526279.185809) vcan0 150#7618DAA7DDF7C5C0
(1675526279.185951) vcan0 1D0#0000000000000061
(1675526279.186025) vcan0 28C#000000000010FEA8
(1675526279.186109) vcan0 2B5#4B6E336293A68034
(1675526279.186198) vcan0 210#20E080A0A869DA45
(1675526279.186328) vcan0 0E0#E27321E800801A00
(1675526279.187703) vcan0 010#000000002FB031F8
(1675526279.192498) vcan0 072#F000FF3F00788038
(1675526279.192582) vcan0 330#BA00000000000000
(1675526279.192736) vcan0 1B0#00C0000002B000FC
(1675526279.192814) vcan0 1B5#FF8BEA9281E0FFEF
(1675526279.192891) vcan0 008#A88014AB1C800080
(1675526279.192970) vcan0 1D8#363339343234E143
(1675526279.193046) vcan0 1E0#0004E30300B917E0
(1675526279.193136) vcan0 125#E5A07FE5C1D0D735
(1675526279.193274) vcan0 2C3#6B8700FFFF6B5450
(1675526279.193353) vcan0 288#9BDF708F00000080
(1675526279.193863) vcan0 360#6D8700D2A764A001
(1675526279.199921) vcan0 010#000000002FB031F8
(1675526279.200020) vcan0 055#F3F70928B2679C80
(1675526279.200098) vcan0 065#4BE608F8FECD1902
(1675526279.200175) vcan0 070#00000AF81BE21500
(1675526279.200326) vcan0 075#0000000000005458
(1675526279.200401) vcan0 080#19508000C2002C00
(1675526279.203943) vcan0 0B0#398313A3E0C139A3
(1675526279.204017) vcan0 0F5#719880987F6F42DD
(1675526279.204159) vcan0 008#A880249B1C800080
(1675526279.204234) vcan0 120#9E989B987FF75589
(1675526279.204308) vcan0 130#DFFF1D91189AFF11
(1675526279.204382) vcan0 145#F992D680FC4810A1
(1675526279.204524) vcan0 150#7F18DEB7DDF7ACC0
(1675526279.204598) vcan0 1D0#0000000000000061
(1675526279.204673) vcan0 260#D0FF0055497487B0
(1675526279.204746) vcan0 290#0000000000000000
(1675526279.204889) vcan0 291#0000000000000000
(1675526279.204972) vcan0 2C0#6B8700000000A0F1
(1675526279.205047) vcan0 2C5#0EDF86E04EE60070
(1675526279.205189) vcan0 350#A200000000000080
(1675526279.207522) vcan0 390#80FF051D02165A4F
(1675526279.207598) vcan0 072#F000FF3F0078A038
(1675526279.207671) vcan0 0E0#E27323F00080F800
(1675526279.207745) vcan0 3C8#6B87008E886C008E
(1675526279.210966) vcan0 010#000000002FB031F8
(1675526279.211161) vcan0 210#20E080A0A869DA4D
(1675526279.211183) vcan0 2A9#8C260082C0000084
(1675526279.211257) vcan0 1B0#00C0000001B000FC
(1675526279.212358) vcan0 008#A880348B1C800080
(1675526279.212433) vcan0 1B5#FF9BFA9A89E0FFEF
(1675526279.212587) vcan0 1D8#363339343234E043
(1675526279.212669) vcan0 125#E5A37FE5C1D0D735
(1675526279.212748) vcan0 1E0#0008D34300B917E0
(1675526279.214926) vcan0 288#A3DF708F00000080
(1675526279.217382) vcan0 055#F3F70928B2679C80
(1675526279.222363) vcan0 010#000000002FB031F8
(1675526279.222511) vcan0 065#48E608F8FDCD1902
(1675526279.222591) vcan0 070#00000AF81BE21500
(1675526279.222596) vcan0 072#F000FF3F00788038
(1675526279.222740) vcan0 075#0000000000005458
(1675526279.222812) vcan0 080#19508000C2002C00
(1675526279.222886) vcan0 008#A880447B1C800080
(1675526279.222961) vcan0 0B0#398313A3E0C139A3
(1675526279.223034) vcan0 0F5#6F9880987F7332DF
(1675526279.223177) vcan0 120#96989B987FF75589
(1675526279.223252) vcan0 130#E7FF1D91188AFF11
(1675526279.223325) vcan0 145#F982D780FC4810A1
(1675526279.223399) vcan0 150#7818DFC7DDF7A3C0
(1675526279.223543) vcan0 1D0#0000000000000861
(1675526279.223625) vcan0 28C#000000000010FEA8
(1675526279.223700) vcan0 2B5#4B6F336293A68034
(1675526279.223842) vcan0 340#9A00000000000000
(1675526279.223916) vcan0 370#0720C000701BC71F
(1675526279.226318) vcan0 0E0#E27320F80080DB00
(1675526279.230774) vcan0 290#0000000000000000
(1675526279.230918) vcan0 260#D0FF00AA497487B0
(1675526279.230992) vcan0 010#000000002FB031F8
(1675526279.231066) vcan0 1B0#00C0000001B000FC
(1675526279.232304) vcan0 008#A680545732800080
(1675526279.232447) vcan0 1B5#FFAB0AA191E0FFEF
(1675526279.232522) vcan0 1D8#363339343234E143
(1675526279.232662) vcan0 125#E5A37FE5C1D0D735
(1675526279.232813) vcan0 1E0#000CC34300B917E0
(1675526279.232892) vcan0 291#0000000000000000
(1675526279.232970) vcan0 2C3#6B8700FFFF6C5450
(1675526279.234945) vcan0 072#F000FF3F0078A038
(1675526279.235024) vcan0 210#20E080A0A869DA45
(1675526279.239930) vcan0 010#000000002FB031F9
(1675526279.240008) vcan0 055#F3F70928B2679C80
(1675526279.240085) vcan0 065#49E608F8FDCD1A02
(1675526279.240162) vcan0 070#00000AF81BE21500
(1675526279.240240) vcan0 075#0000000000005458
(1675526279.240391) vcan0 080#19508000C2002C00
(1675526279.243864) vcan0 0B0#398313A3E0C139A3
(1675526279.243939) vcan0 008#A680644732800080
(1675526279.244013) vcan0 0F5#65987E987F7722E1
(1675526279.244086) vcan0 120#8398A6987FF55589
(1675526279.244228) vcan0 130#EFFF1D91187AFF11
(1675526279.244303) vcan0 145#F972D880FC4810A1
(1675526279.244429) vcan0 150#7218E2D7DEF799C0
(1675526279.244452) vcan0 1D0#0000000000000261
(1675526279.244535) vcan0 288#A3DF807F00000080
(1675526279.244678) vcan0 0E0#E27318C00080C300
(1675526279.246327) vcan0 010#000000002FB031F8
(1675526279.249891) vcan0 072#F000FF3F00788038
(1675526279.249965) vcan0 2A9#8C26009BC0000084
(1675526279.250106) vcan0 1B0#00C0000001B000FC
(1675526279.251209) vcan0 1B5#FFBB1AA999E0FFEF
(1675526279.251351) vcan0 008#A380742C40800080
(1675526279.251424) vcan0 1D8#363339343234E043
(1675526279.251499) vcan0 1E0#000CC30300B917E0
(1675526279.251571) vcan0 125#E5A37FE5C1D0D735
(1675526279.256361) vcan0 055#F3F70928B2679C80
(1675526279.261410) vcan0 010#000000002FB031F8
(1675526279.261487) vcan0 065#48E609F800CE1B02
(1675526279.261566) vcan0 070#00000AF81BE21500
(1675526279.261716) vcan0 075#0000000000005458
(1675526279.261803) vcan0 080#19508000C2002C00
(1675526279.261883) vcan0 0B0#398313A3E0C139A3
(1675526279.261961) vcan0 008#A380842A32800080
(1675526279.262039) vcan0 0F5#629874987F7B12E3
(1675526279.262116) vcan0 120#8098A3987FF65589
(1675526279.262265) vcan0 130#F7FF1D91186AFF11
(1675526279.262343) vcan0 145#F962D980FC4810A1
(1675526279.262421) vcan0 150#6D18E2E7DEF78EC0
(1675526279.267504) vcan0 1D0#0000000000000061
(1675526279.267578) vcan0 210#20E080A0A869DA45
(1675526279.267651) vcan0 260#D0FF00AA497487B0
(1675526279.267795) vcan0 28C#000000000010FEA8
(1675526279.267869) vcan0 290#0000000000000000
(1675526279.267942) vcan0 291#0000000000000000
(1675526279.268016) vcan0 2B5#4B6F326293A68035
(1675526279.268159) vcan0 2C0#6B8700000000A0F1
(1675526279.268243) vcan0 2C5#0EDF86E049E60070
(1675526279.268318) vcan0 072#F000FF3F0078A038
(1675526279.268391) vcan0 3AF#0000000000000020
(1675526279.268535) vcan0 3B0#00D8353837A4C400
(1675526279.268608) vcan0 3CA#00000000520000C8
(1675526279.268682) vcan0 0E0#E27314C80080A700
(1675526279.269920) vcan0 288#93DF807F00000080
(1675526279.269994) vcan0 010#000000002FB031F8
(1675526279.270137) vcan0 330#B900000000000000
(1675526279.271581) vcan0 1B0#00C0000003B000FC
(1675526279.271655) vcan0 1B5#FFCB2AB1A1E0FFEF
(1675526279.271727) vcan0 008#A180940E40800080
(1675526279.271801) vcan0 1D8#363339343234E143
(1675526279.271944) vcan0 125#E5A67FE5C1D0D735
(1675526279.272018) vcan0 1E0#0010B34300B917E0
(1675526279.272092) vcan0 2C3#6B8700FFFF6C5450
(1675526279.277781) vcan0 010#000000002FB031F8
(1675526279.277860) vcan0 072#F000FF3F00788038
(1675526279.281397) vcan0 055#F3F70928B2679C80
(1675526279.281475) vcan0 065#48E609F800CE1B02
(1675526279.281625) vcan0 070#00000AF81BE21500
(1675526279.281701) vcan0 075#0000000000005458
(1675526279.281780) vcan0 080#19508000C2002C00
(1675526279.281858) vcan0 0B0#398313A3E0C139A3
(1675526279.281936) vcan0 008#9F80A40040800080
(1675526279.282016) vcan0 0F5#5D987B987F7F02E5
(1675526279.285199) vcan0 120#9E98AD987FF35589
(1675526279.285274) vcan0 130#FFFF1D90185BFF11
(1675526279.285349) vcan0 145#F952DA80FC4810A1
(1675526279.285490) vcan0 150#7918DDF7DEF772C0
(1675526279.285564) vcan0 1D0#0000000000000061
(1675526279.285638) vcan0 210#20E080A0A869DA4D
(1675526279.285720) vcan0 0E0#E2730CD000808F00
(1675526279.289835) vcan0 010#000000002FB031F8
(1675526279.289978) vcan0 291#0000000000000000
(1675526279.290052) vcan0 290#0000000000000000
(1675526279.293813) vcan0 2A9#8C260082C0000084
(1675526279.293965) vcan0 260#D0FF00AA497487B0
(1675526279.294042) vcan0 1B0#00C0000003B000FC
(1675526279.294119) vcan0 008#9F80B4F040800080
(1675526279.294197) vcan0 1B5#FFDB39B9A9E0FFEF
(1675526279.294331) vcan0 1D8#363339343234E043
(1675526279.294424) vcan0 125#E5A97FE5C1D0D735
(1675526279.294502) vcan0 1E0#0014A34300B917E0
(1675526279.294580) vcan0 288#B0DF807F00000080
(1675526279.294659) vcan0 350#A200000000000080
(1675526279.294737) vcan0 072#F000FF3F0078A038
(1675526279.294815) vcan0 360#6D8700D2A764A001
(1675526279.296346) vcan0 010#000000002FB031F8
(1675526279.301397) vcan0 055#F3F70928B2679C80
(1675526279.301474) vcan0 065#4CE609F802CE1B02
(1675526279.301625) vcan0 070#00000AF81BE21500
(1675526279.301703) vcan0 075#0000000000005458
(1675526279.301781) vcan0 080#19508000C2002C00
(1675526279.301858) vcan0 0B0#398313A3E0C139A3
(1675526279.301936) vcan0 008#9D80C4CC56800080
(1675526279.302014) vcan0 0F5#6A9874987F43F2E7
(1675526279.302165) vcan0 120#A098B0987FF85589
(1675526279.302242) vcan0 130#87FF1D90184BFF11
(1675526279.302321) vcan0 145#F942DB80FC4810A1
(1675526279.302399) vcan0 150#6B18E507DEF770C0
(1675526279.302758) vcan0 1D0#0000000000000861
(1675526279.302831) vcan0 28C#000000000010FEA8
(1675526279.302905) vcan0 2B5#4B6F326293A68135
(1675526279.302989) vcan0 340#9A00000000000000
(1675526279.303132) vcan0 390#80FF051D02125B4F
(1675526279.305328) vcan0 0E0#E27307D800807400
(1675526279.308890) vcan0 010#000000002FB031F8
(1675526279.308966) vcan0 072#F000FF3F00788038
(1675526279.311432) vcan0 210#20E08020A869DA45
(1675526279.311575) vcan0 3D0#940F6100170480C3
(1675526279.311650) vcan0 1B0#00C0000002B000FC
(1675526279.311723) vcan0 008#9880D4B364800080
(1675526279.311797) vcan0 1B5#FFEB49C1B1E0FFEF
(1675526279.311940) vcan0 1D8#363339343234E143
(1675526279.312014) vcan0 125#E5AC7FE5C1D0D735
(1675526279.312089) vcan0 1E0#0014A30300B917E0
(1675526279.312163) vcan0 2C3#6B8700FFFF6C5450
(1675526279.313958) vcan0 288#ACDF807F00000080
(1675526279.316414) vcan0 055#F3F70928B2679C80
(1675526279.324063) vcan0 010#000000002FB031F9
(1675526279.324136) vcan0 065#4EE609F802CE1B02
(1675526279.324210) vcan0 070#00000AF81BE21500
(1675526279.324285) vcan0 075#0000000000005458
(1675526279.324427) vcan0 080#19508000C2002C00
(1675526279.324502) vcan0 0B0#398313A3E0C139A3
(1675526279.324576) vcan0 008#9680E48188800080
(1675526279.324651) vcan0 0F5#5D987B987F47E2E9
(1675526279.324794) vcan0 120#AD98A0987FF85589
(1675526279.324866) vcan0 130#8FFF1D90183BFF11
(1675526279.324941) vcan0 145#F932DC80FC4810A1
(1675526279.325084) vcan0 150#6D18E417DFF75EC0
(1675526279.325158) vcan0 1D0#0000000000000261
(1675526279.325232) vcan0 260#D0FF00AA497487B0
(1675526279.325373) vcan0 290#0000000000000000
(1675526279.325448) vcan0 291#0000000000000000
(1675526279.325530) vcan0 2C0#6B8700000000A0F1
(1675526279.325605) vcan0 2C5#0DDF86E04EE60070
(1675526279.325748) vcan0 370#0720C000701BC71F
(1675526279.325821) vcan0 3E0#000000D930808090
(1675526279.325895) vcan0 072#F000FF3F0078A038
(1675526279.331650) vcan0 0E0#627304E000805700
(1675526279.331723) vcan0 3C8#6B87008E886C008E
(1675526279.331799) vcan0 010#000000002FB031F8
(1675526279.331873) vcan0 2A9#8C26009BC0000084
(1675526279.332015) vcan0 1B0#00C0000002B000FC
(1675526279.332089) vcan0 008#9380F47B81800080
(1675526279.332163) vcan0 1B5#FFFB59C9B9E0FFEF
(1675526279.332238) vcan0 1D8#363339343234E143
(1675526279.332379) vcan0 125#E5AF7FE5C1D0D735
(1675526279.332454) vcan0 1E0#0018934300B917E0
(1675526279.334031) vcan0 210#20E080A0A869DA4D
(1675526279.336571) vcan0 055#F3F70928B2679C80
(1675526279.341691) vcan0 010#000000002FB031F8
(1675526279.341768) vcan0 065#46E609F8FCCD1A02
(1675526279.341846) vcan0 070#00000AF81BE21500
(1675526279.341996) vcan0 072#F000FF3F00788038
(1675526279.342075) vcan0 075#0000000000005458
(1675526279.342152) vcan0 080#19508000C2002C00
(1675526279.342230) vcan0 008#918004509E800080
(1675526279.342307) vcan0 0B0#398313A3E0C139A3
(1675526279.342385) vcan0 0F5#5B9874987F4BD2EB
(1675526279.342536) vcan0 120#AB98AD987FFE5589
(1675526279.342630) vcan0 130#97FF1D90182BFF11
(1675526279.342705) vcan0 145#F922DD80FC4810A1
(1675526279.342779) vcan0 150#6518E627E0F756C0
(1675526279.343127) vcan0 1D0#0000000000000061
(1675526279.343201) vcan0 288#9BDF906F00000080
(1675526279.343285) vcan0 28C#000000000010FEA8
(1675526279.343359) vcan0 2B5#4B6F326293A68134
(1675526279.345693) vcan0 0E0#627310E800802B00
(1675526279.349258) vcan0 010#000000002FB031F8
(1675526279.349333) vcan0 290#0000000000000000
(1675526279.349473) vcan0 291#0000000000000000
(1675526279.349549) vcan0 330#B900000000000000
(1675526279.353252) vcan0 260#D0FF0055497487B0
(1675526279.353327) vcan0 1B0#00C0000003B000FC
(1675526279.353400) vcan0 1B5#FF0B69D1C1E0FFEF
(1675526279.353474) vcan0 008#8D80143DA5800080
(1675526279.353617) vcan0 1D8#363339343234E143
(1675526279.353689) vcan0 125#E5B47FE5C1D0D735
(1675526279.353764) vcan0 1E0#001C834300B917E0
(1675526279.353838) vcan0 2C3#6B8700FFFF6D5450
(1675526279.353980) vcan0 072#F000FF3F0078A038
(1675526279.355707) vcan0 055#F3F70928B2679C80
(1675526279.359268) vcan0 010#000000002FB031F8
(1675526279.359342) vcan0 065#42E609F8FCCD1B02
(1675526279.359415) vcan0 070#00000AF81BE21500
(1675526279.362092) vcan0 075#0000000000005458
(1675526279.362235) vcan0 080#19508000C2002C00
(1675526279.362310) vcan0 0B0#398313A3E0C139A3
(1675526279.362382) vcan0 008#8A802413C2800080
(1675526279.362457) vcan0 0F5#5D9871987F4FC2ED
(1675526279.362531) vcan0 120#9698A3987FF85589
(1675526279.362610) vcan0 130#9FFF1D90181BFF11
(1675526279.362688) vcan0 145#F912DE80FC4810A1
(1675526279.362839) vcan0 150#6518DF37E0F746C0
(1675526279.362918) vcan0 1D0#0000000000000061
(1675526279.362995) vcan0 210#20E080A0A869DA4D
(1675526279.365736) vcan0 0E0#627320F00080FB00
(1675526279.365896) vcan0 288#B0DF906F00000080
(1675526279.368210) vcan0 010#000000002FB031F8
(1675526279.371893) vcan0 072#F000FF3F00788038
(1675526279.371972) vcan0 2A9#8C260082C0000084
(1675526279.372123) vcan0 400#010502000103021F
(1675526279.372200) vcan0 405#0000000000000024
(1675526279.372278) vcan0 1B0#00C0000004B000FC
(1675526279.372355) vcan0 008#86803400C9800080
(1675526279.372434) vcan0 1B5#FF1B79D9C8E0FFEF
(1675526279.372587) vcan0 1D8#363339343234E043
(1675526279.372662) vcan0 125#E5B97FE5C1D0D735
(1675526279.372735) vcan0 1E0#001C830300B917E0
(1675526279.379106) vcan0 010#000000002FB031F8
(1675526279.379179) vcan0 1D0#0000000000000861
(1675526279.379253) vcan0 291#0000000000000000
(1675526279.379327) vcan0 055#F3F70928B2679C80
(1675526279.381956) vcan0 065#44E609F800CE1C02
(1675526279.382099) vcan0 070#00000AF81BE21500
(1675526279.382173) vcan0 075#0000000000005458
(1675526279.382248) vcan0 080#19508000C2002C00
(1675526279.382322) vcan0 008#838044E5D7800080
(1675526279.382462) vcan0 0B0#398313A3E0C139A3
(1675526279.382583) vcan0 0F5#719865987F53B2EF
(1675526279.382663) vcan0 120#919899987FFF5589
(1675526279.382741) vcan0 130#A7FF1D90180BFF11
(1675526279.382818) vcan0 145#F902DF80FC4810A1
(1675526279.382896) vcan0 150#6118E647E1F73AC0
(1675526279.382974) vcan0 260#D0FF0055497487B0
(1675526279.384711) vcan0 28C#000000000010FEA8
(1675526279.384790) vcan0 290#0000000000000000
(1675526279.384866) vcan0 2B5#4B6F326293A68036
(1675526279.384944) vcan0 2C0#6B8700000000A0F1
(1675526279.385031) vcan0 2C5#0DDF86E045E60070
(1675526279.385182) vcan0 340#9A00000000000000
(1675526279.385259) vcan0 072#F000FF3F0078A038
(1675526279.385337) vcan0 210#20E080A0A869DA45
(1675526279.385415) vcan0 350#A200000000000080
(1675526279.385493) vcan0 3AF#0000000000000020
(1675526279.390681) vcan0 3B0#00D8353837A4C400
(1675526279.390830) vcan0 3CA#00000000530000C8
(1675526279.390908) vcan0 0E0#627318F80080E300
(1675526279.390985) vcan0 010#000000002FB031F8
(1675526279.391063) vcan0 1B0#00C0000003B000FC
(1675526279.391141) vcan0 008#7F8054D9D7800080
(1675526279.391218) vcan0 1B5#FF2A89E1D0E0FFEF
(1675526279.391368) vcan0 1D8#363339343234E043
(1675526279.392096) vcan0 125#E5BC7FE5C1D0D735
(1675526279.392173) vcan0 1E0#0020734300B917E0
(1675526279.392260) vcan0 2C3#6B8700FFFF6D5450
(1675526279.392410) vcan0 288#B8DF906F00000080
(1675526279.393592) vcan0 360#6D8700D2A764A001
(1675526279.396199) vcan0 010#000000002FB031F9
(1675526279.399766) vcan0 055#F3F70928B2679C80
(1675526279.399839) vcan0 065#45E609F801CE1C02
(1675526279.399914) vcan0 070#00000AF81BE21500
(1675526279.399988) vcan0 072#F000FF3F00788038
(1675526279.400130) vcan0 075#0000000000005458
(1675526279.403741) vcan0 080#19508000C2002C00
(1675526279.403819) vcan0 008#7F8064D0D0800080
(1675526279.403897) vcan0 0B0#398313A3E0C139A3
(1675526279.404047) vcan0 0F5#5B986A987F57A2F1
(1675526279.404126) vcan0 120#909894987FFF5589
(1675526279.404203) vcan0 130#AFFF1D9018FBFF11
(1675526279.404281) vcan0 145#F9F2D080FC4810A1
(1675526279.404368) vcan0 150#5E18E557E2F72DC0
(1675526279.404448) vcan0 1D0#0000000000000261
(1675526279.404525) vcan0 390#80FF051D020E5C4F
(1675526279.404675) vcan0 0E0#627319C00080C200
(1675526279.406196) vcan0 290#0000000000000000
(1675526279.409802) vcan0 010#000000002FB031F8
(1675526279.409880) vcan0 210#20E080A0A869DA4D
(1675526279.409958) vcan0 291#0000000000000000
(1675526279.410035) vcan0 2A9#8C26008AC0000084
(1675526279.410112) vcan0 260#D0FF0055497487B0
(1675526279.413738) vcan0 1B0#00C0000003B000FC
(1675526279.413811) vcan0 008#7D8074BBD7800080
(1675526279.413886) vcan0 1B5#FF3A99E8D8E0FFEF
(1675526279.413961) vcan0 125#E5C27FE5C1D0D735
(1675526279.414104) vcan0 1D8#363339343234E143
(1675526279.414176) vcan0 1E0#0024634300B917E0
(1675526279.414260) vcan0 072#F000FF3F0078A038
(1675526279.416183) vcan0 288#C4DF906F00000080
(1675526279.421247) vcan0 010#000000002FB031F8
(1675526279.421391) vcan0 1D0#0000000000000061
(1675526279.421466) vcan0 055#F3F70928B2679C80
(1675526279.421538) vcan0 065#45E609F800CE1C02
(1675526279.421614) vcan0 070#00000AF81BE21500
(1675526279.421755) vcan0 075#0000000000005458
(1675526279.421829) vcan0 080#19508000C2002C00
(1675526279.421904) vcan0 008#7A8084C3C2800080
(1675526279.421977) vcan0 0B0#398313A3E0C139A3
(1675526279.422121) vcan0 0F5#5B986C987F5B92F3
(1675526279.422194) vcan0 120#909890987FF75589
(1675526279.422268) vcan0 130#B7FF1D9018EBFF11
(1675526279.422581) vcan0 145#F9E2D180FC4810A1
(1675526279.422732) vcan0 150#6718EA67E4F714C0
(1675526279.422819) vcan0 28C#000000000010FEA8
(1675526279.422898) vcan0 2B5#4B6F326293A68136
(1675526279.422976) vcan0 370#0720C000701BC71F
(1675526279.425215) vcan0 0E0#62731AC80080A100
(1675526279.427672) vcan0 010#000000002FB031F8
(1675526279.432363) vcan0 072#F000FF3F00788038
(1675526279.432441) vcan0 1B0#00C0000001B000FC
(1675526279.432520) vcan0 008#788094B5C2800080
(1675526279.432599) vcan0 1B5#FF4AA9F0E0E0FFEF
(1675526279.432674) vcan0 125#E5C87FE5C1D0D735
(1675526279.432816) vcan0 1D8#363339343234E143
(1675526279.432891) vcan0 1E0#0024630300B917E0
(1675526279.432964) vcan0 2C3#6B8700FFFF6E5450
(1675526279.433039) vcan0 330#B900000000000000
(1675526279.433730) vcan0 210#20E080A0A869DA45
(1675526279.439830) vcan0 055#F3F70928B2679C80
(1675526279.439981) vcan0 010#000000002FB031F8
(1675526279.440055) vcan0 065#47E609F802CE1C02
(1675526279.440131) vcan0 070#00000AF81BE21500
(1675526279.440204) vcan0 075#0000000000005458
(1675526279.440278) vcan0 080#19508000C2002C00
(1675526279.443801) vcan0 0B0#398313A3E0C139A3
(1675526279.443878) vcan0 008#7480A4B8B3800080
(1675526279.444065) vcan0 0F5#679865987F5F82F5
(1675526279.444105) vcan0 120#9E987E987FFC5589
(1675526279.444183) vcan0 130#BFFF1D9018DBFF11
(1675526279.444260) vcan0 145#F9D2D280FC4810A1
(1675526279.444339) vcan0 150#6D18E977E5F7FEC0
(1675526279.444488) vcan0 1D0#0000000000000061
(1675526279.444565) vcan0 260#D0FF00AA497487B0
(1675526279.444643) vcan0 288#C0DFA05F00000080
(1675526279.444721) vcan0 290#0000000000000000
(1675526279.444808) vcan0 291#0000000000000000
(1675526279.444959) vcan0 2C0#6B8700000000A0F1
(1675526279.447413) vcan0 2C5#0DDF86E046E60070
(1675526279.447491) vcan0 072#F000FF3F0078A038
(1675526279.447569) vcan0 0E0#627325D000807600
(1675526279.447719) vcan0 3C8#6B87008E886C008E
(1675526279.450894) vcan0 010#000000002FB031F8
(1675526279.450972) vcan0 2A9#8C260093C0000084
(1675526279.451122) vcan0 1B0#00C0000002B000FC
(1675526279.451198) vcan0 1B5#FF5AB9F8E8E0FFEF
(1675526279.452213) vcan0 008#7480B499C2800080
(1675526279.452387) vcan0 1D8#363339343234E043
(1675526279.452441) vcan0 125#E5CA7FE5C1D0D735
(1675526279.452518) vcan0 1E0#0028534300B917E0
(1675526279.456092) vcan0 055#F3F70928B2679C80
(1675526279.460747) vcan0 010#000000002FB031F8
(1675526279.460830) vcan0 065#4BE609F804CE1C02
(1675526279.460904) vcan0 070#00000AF81BE21500
(1675526279.461047) vcan0 072#F000FF3F00788038
(1675526279.461122) vcan0 075#0000000000005458
(1675526279.465758) vcan0 080#19508000C2002C00
(1675526279.465908) vcan0 008#6F80C49DB3800080
(1675526279.465986) vcan0 0B0#398313A3E0C139A3
(1675526279.466063) vcan0 0F5#5D986F987F6372F7
(1675526279.466141) vcan0 120#90988D987F015689
(1675526279.466219) vcan0 130#C7FF1D9018CBFF11
(1675526279.466368) vcan0 145#F9C2D380FC4810A1
(1675526279.466446) vcan0 150#6318EC87E7F7F8C0
(1675526279.466524) vcan0 1D0#0000000000000861
(1675526279.466600) vcan0 210#20E08020A869DA45
