(1675526028.878069) vcan0 145#F972D880FC4810A1
(1675526028.878131) vcan0 288#91E0C03F00000080
(1675526028.878279) vcan0 28C#00002000001AFEA6
(1675526028.878356) vcan0 0F5#C99EB99E7F77227F
(1675526028.878438) vcan0 120#099FB69E7FFF5589
(1675526028.878514) vcan0 130#EF181EB91E4C1812
(1675526028.878592) vcan0 150#C11E28D820F844C0
(1675526028.878672) vcan0 290#0000000000000000
(1675526028.878759) vcan0 2B5#4B972C6293A694FF
(1675526028.878909) vcan0 2C0#468700000000A0F1
(1675526028.879206) vcan0 2C5#6ED77CD9D0E50070
(1675526028.879357) vcan0 010#008000002FB031F8
(1675526028.879434) vcan0 291#0000000000000000
(1675526028.879511) vcan0 370#271FC0004F1BC71F
(1675526028.879589) vcan0 3AF#0000000000000020
(1675526028.879666) vcan0 008#06804CE9D0800080
(1675526028.879815) vcan0 3E0#000000D92E808092
(1675526028.882168) vcan0 072#F000FF3F00B88038
(1675526028.883192) vcan0 210#62E080A0AC69C74D
(1675526028.884594) vcan0 0E0#627329E000803200
(1675526028.886196) vcan0 1B0#00C0000003B000FC
(1675526028.886274) vcan0 1B5#FF98F9E51BE0FFEF
(1675526028.887345) vcan0 010#008000002FB031F8
(1675526028.887421) vcan0 1D0#0000000000000061
(1675526028.887509) vcan0 1D8#363339343234DF43
(1675526028.887661) vcan0 1E0#000CC34300B917E0
(1675526028.890118) vcan0 008#09805CEBBB800080
(1675526028.890175) vcan0 125#E53480E5C1D0D735
(1675526028.892709) vcan0 055#F6F74228B2EC9D80
(1675526028.895219) vcan0 065#CDE542F8FFDDF702
(1675526028.898088) vcan0 070#00000BF8F7E20F00
(1675526028.898168) vcan0 075#0000000000005458
(1675526028.898249) vcan0 080#AF508000C2002C00
(1675526028.898398) vcan0 0B0#528318A3DCC152A3
(1675526028.898476) vcan0 145#F962D980FC4810A1
(1675526028.898559) vcan0 010#008000002FB031F8
(1675526028.898637) vcan0 072#F000FF3F00B8A038
(1675526028.898719) vcan0 0F5#C99ED39E7F7B1281
(1675526028.898796) vcan0 120#7E9EB69E7F185689
(1675526028.898948) vcan0 130#F7181EB91E3C1212
(1675526028.899034) vcan0 150#CE1E26E81EF827C0
(1675526028.899112) vcan0 2A9#8C260082C0000084
(1675526028.899189) vcan0 3CA#00000000510000C8
(1675526028.899266) vcan0 008#0B806CD2C2800080
(1675526028.899345) vcan0 288#68E0C03F00000080
(1675526028.901747) vcan0 260#D0FF0055497487B0
(1675526028.904297) vcan0 290#0000000000000000
(1675526028.905593) vcan0 0E0#62732AE800801100
(1675526028.906762) vcan0 1B0#00C0000004B000FC
(1675526028.908229) vcan0 010#008000002FB031F8
(1675526028.908382) vcan0 1B5#FFAC0DEF25E0FFEF
(1675526028.908462) vcan0 1D0#0000000000000861
(1675526028.908539) vcan0 1D8#363339343234DF43
(1675526028.908616) vcan0 1E0#0010B34300B917E0
(1675526028.908692) vcan0 210#62E080A0AC69C745
(1675526028.908772) vcan0 291#0000000000000000
(1675526028.908858) vcan0 2C3#468700FFFFC65450
(1675526028.909782) vcan0 008#0B807CE69E800080
(1675526028.909838) vcan0 125#E53180E5C1D0D735
(1675526028.910830) vcan0 072#F000FF3F00B88038
(1675526028.911951) vcan0 3B0#00FC1E3842C0C400
(1675526028.914675) vcan0 055#F6F74228B2EA9D80
(1675526028.914755) vcan0 065#D3E542F800DEF702
(1675526028.914909) vcan0 070#00000BF8F7E20F00
(1675526028.914987) vcan0 075#0000000000005458
(1675526028.915854) vcan0 080#AF508000C2002C00
(1675526028.915937) vcan0 0B0#528318A3DCC152A3
(1675526028.918753) vcan0 145#F952DA80FC4810A1
(1675526028.918881) vcan0 28C#00002000001AFEA7
(1675526028.918960) vcan0 2B5#4B972C6293A694FF
(1675526028.919037) vcan0 010#008000002FB031F8
(1675526028.919114) vcan0 0F5#D69EC39E7F7F0284
(1675526028.919205) vcan0 120#4D9E9A9E7F065689
(1675526028.919282) vcan0 130#FF151EA91E3C0D12
(1675526028.919358) vcan0 150#CC1E1EF81CF819C0
(1675526028.919438) vcan0 330#0000000000000000
(1675526028.919590) vcan0 340#8800000000000000
(1675526028.919887) vcan0 008#0B808CD69E800080
(1675526028.923616) vcan0 0E0#62732CF00080EF00
(1675526028.924963) vcan0 288#5CE0D02F00000080
(1675526028.926616) vcan0 1B0#00C0000002B000FC
(1675526028.926695) vcan0 1B5#FFC021F92FE0FFEF
(1675526028.926773) vcan0 010#008000002FB031F9
(1675526028.926925) vcan0 072#F000FF3F00B8A038
(1675526028.927687) vcan0 1D0#0000000000000261
(1675526028.927818) vcan0 1D8#363339343234DF43
(1675526028.927897) vcan0 1E0#0010B30300B917E0
(1675526028.930460) vcan0 008#0B809CEA7A800080
(1675526028.930517) vcan0 125#E52E80E5C1D0D735
(1675526028.930667) vcan0 210#61E080A0AC69C74D
(1675526028.931661) vcan0 260#D0FF0055497487B0
(1675526028.934139) vcan0 055#F6F74228B2EA9D80
(1675526028.936962) vcan0 065#D7E542F804DEF702
(1675526028.937044) vcan0 070#00000BF8F7E20F00
(1675526028.937193) vcan0 075#0000000000005458
(1675526028.937272) vcan0 080#AF508000C2002C00
(1675526028.937349) vcan0 0B0#528319A3DCC152A3
(1675526028.937426) vcan0 145#F942DB80FC4810A1
(1675526028.937511) vcan0 290#0000000000000000
(1675526028.937663) vcan0 2C0#468700000000A0F1
(1675526028.937743) vcan0 010#008000002FB031F8
(1675526028.937820) vcan0 0F5#BC9ECC9E7F43F286
(1675526028.937898) vcan0 120#CC9EB99E7F0F5689
(1675526028.937975) vcan0 130#87151EBC1E190712
(1675526028.938062) vcan0 150#C41E1E081AF811C0
(1675526028.938140) vcan0 291#0000000000000000
(1675526028.939461) vcan0 2A9#8C26009BC0000084
(1675526028.939615) vcan0 2C5#6ED77DD9D2E50070
(1675526028.939693) vcan0 008#0B80ACE96B800080
(1675526028.941006) vcan0 072#F000FF3F00B88038
(1675526028.941062) vcan0 360#468700A6C164A001
(1675526028.943662) vcan0 0E0#62733AF80080C100
(1675526028.946102) vcan0 1B0#00C0000005B000FC
(1675526028.947637) vcan0 010#008000002FB031F8
(1675526028.947713) vcan0 1B5#FFD4340339E0FFEF
(1675526028.947791) vcan0 1D0#0000000000000061
(1675526028.947870) vcan0 1D8#363339343234DF43
(1675526028.947947) vcan0 1E0#0014A34300B917E0
(1675526028.948098) vcan0 2C3#468700FFFFC65450
(1675526028.948175) vcan0 390#80FF050002025F4F
(1675526028.949095) vcan0 008#0B80BCF54F800080
(1675526028.949223) vcan0 288#5CE0D02F00000080
(1675526028.950273) vcan0 125#E52B80E5C1D0D735
(1675526028.952999) vcan0 350#A200000000000080
(1675526028.954151) vcan0 055#F6F74228B2EC9D80
(1675526028.955267) vcan0 065#D4E542F802DEF702
(1675526028.958089) vcan0 070#00000BF8F7E20F00
(1675526028.958166) vcan0 075#0000000000005458
(1675526028.958244) vcan0 080#AF508000C2002C00
(1675526028.958397) vcan0 0B0#528319A3DCC152A3
(1675526028.958476) vcan0 145#F932DC80FC4810A1
(1675526028.958556) vcan0 28C#00002000001AFEA7
(1675526028.958634) vcan0 2B5#4B982C6293A694FF
(1675526028.958710) vcan0 010#008000002FB031F8
(1675526028.958787) vcan0 072#F000FF3F00B8A038
(1675526028.958943) vcan0 0F5#DF9ECC9E7F47E289
(1675526028.959033) vcan0 120#D99EB69E7F155689
(1675526028.959110) vcan0 130#8F151ECC1EF90D12
(1675526028.959186) vcan0 150#D61E1E1818F8EFC0
(1675526028.959624) vcan0 210#61E080A0AC69C745
(1675526028.959705) vcan0 3D0#830F6100661780C3
(1675526028.959782) vcan0 008#0B80CCF440800080
(1675526028.962251) vcan0 260#D0FF00AA497487B0
(1675526028.964728) vcan0 0E0#62733DC000809E00
(1675526028.966131) vcan0 290#0000000000000000
(1675526028.966208) vcan0 1B0#00C0000007B000FC
(1675526028.966287) vcan0 1B5#FFE8480D43E0FFEF
(1675526028.967285) vcan0 010#008000002FB031F8
(1675526028.968584) vcan0 1D0#0000000000000061
(1675526028.968662) vcan0 1D8#363339343234DF43
(1675526028.968812) vcan0 1E0#0018934300B917E0
(1675526028.968891) vcan0 291#0000000000000000
(1675526028.969775) vcan0 008#0B80DCE440800080
(1675526028.971073) vcan0 125#E52B80E5C1D0D735
(1675526028.972553) vcan0 072#F000FF3F00B88038
(1675526028.973729) vcan0 055#F6F74228B2EA9D80
(1675526028.976596) vcan0 065#CFE542F8FDDDF702
(1675526028.976725) vcan0 070#00000BF8F7E20F00
(1675526028.976804) vcan0 075#0000000000005458
(1675526028.976881) vcan0 080#AF508000C2002C00
(1675526028.976976) vcan0 0B0#528318A3DCC152A3
(1675526028.977139) vcan0 145#F922DD80FC4810A1
(1675526028.977201) vcan0 288#3BE0D02F00000080
(1675526028.977279) vcan0 370#271FC0004F1BC71F
(1675526028.977355) vcan0 0F5#D69ED39E7F4BD28B
(1675526028.977435) vcan0 120#029FD39E7F1D5689
(1675526028.977587) vcan0 130#97121ED31EE21212
(1675526028.977737) vcan0 010#008000002FB031F8
(1675526028.979115) vcan0 150#D41E102816F8E1C0
(1675526028.979241) vcan0 2A9#8C260082C0000084
(1675526028.979321) vcan0 008#0B80ECE232800080
(1675526028.981703) vcan0 210#61E080A0AC69C745
(1675526028.984228) vcan0 0E0#627340C800807B00
(1675526028.986704) vcan0 1B0#00C0000001B000FC
(1675526028.989592) vcan0 010#008000002FB031F8
(1675526028.989743) vcan0 072#F000FF3F00B8A038
(1675526028.989824) vcan0 1B5#FFFC5C174CE0FFEF
(1675526028.989900) vcan0 1D0#0000000000000861
(1675526028.989978) vcan0 1D8#363339343234DF43
(1675526028.990057) vcan0 1E0#0018930300B917E0
(1675526028.990135) vcan0 2C3#468700FFFFC75450
(1675526028.990282) vcan0 008#0B80FCE123800080
(1675526028.990359) vcan0 3C8#4687008E882C008E
(1675526028.990436) vcan0 125#E52B80E5C1D0D735
(1675526028.992263) vcan0 260#D0FF00AA497487B0
(1675526028.994739) vcan0 055#F6F74228B2EA9D80
(1675526028.997667) vcan0 065#D2E542F8FFDDF702
(1675526028.997723) vcan0 070#00000BF8F7E20F00
(1675526028.997802) vcan0 075#0000000000005458
(1675526028.997952) vcan0 080#AF508000C2002C00
(1675526028.998028) vcan0 0B0#528318A3DCC152A3
(1675526028.998105) vcan0 145#F912DE80FC4810A1
(1675526028.998183) vcan0 28C#00002000001AFEA7
(1675526028.998260) vcan0 290#0000000000000000
(1675526028.998339) vcan0 010#008000002FB031F8
(1675526028.998493) vcan0 0F5#E29ED09E7F4FC28E
(1675526028.998571) vcan0 120#DF9ED39E7F145689
(1675526028.998650) vcan0 130#9F121ED31ED21212
(1675526028.998728) vcan0 150#D91E143814F8CCC0
(1675526028.998808) vcan0 291#0000000000000000
(1675526028.998896) vcan0 2B5#4B982C6293A695FF
(1675526029.000613) vcan0 2C0#468700000000A0F1
(1675526029.000671) vcan0 2C5#6FD77DD9D2E50070
(1675526029.000749) vcan0 330#0000000000000000
(1675526029.000827) vcan0 340#8800000000000000
(1675526029.000975) vcan0 3AF#0000000000000020
(1675526029.001053) vcan0 008#0B800CE60E800080
(1675526029.001142) vcan0 288#2BE0D02F00000080
(1675526029.001725) vcan0 072#F000FF3F00B88038
(1675526029.004200) vcan0 0E0#627339D000806200
(1675526029.006670) vcan0 1B0#00C0000005B000FC
(1675526029.008111) vcan0 010#008000002FB031F9
(1675526029.008189) vcan0 1B5#FF10702156E0FFEF
(1675526029.008267) vcan0 1D0#0000000000000261
(1675526029.008344) vcan0 1D8#363339343234DF43
(1675526029.008422) vcan0 1E0#001C834300B917E0
(1675526029.008508) vcan0 210#61E08020AC69C74D
(1675526029.009590) vcan0 008#0B801CD60E800080
(1675526029.009669) vcan0 125#E52B80E5C1D0D735
(1675526029.014841) vcan0 055#F6F74228B2EC9D80
(1675526029.014920) vcan0 065#D5E542F802DEF702
(1675526029.015067) vcan0 070#00000BF8F7E20F00
(1675526029.015150) vcan0 075#0000000000005458
(1675526029.015899) vcan0 080#AF508000C2002C00
(1675526029.017252) vcan0 0B0#528319A3DCC152A3
(1675526029.017330) vcan0 145#F902DF80FC4810A1
(1675526029.017481) vcan0 010#008000002FB031F8
(1675526029.017560) vcan0 072#F000FF3F00B8A038
(1675526029.017637) vcan0 0F5#059FCC9E7F53B290
(1675526029.020275) vcan0 120#B69EBC9E7F145689
(1675526029.020353) vcan0 130#A7121ECC1EC91812
(1675526029.020431) vcan0 150#E81E0F4813F8ADC0
(1675526029.020518) vcan0 2A9#8C26009BC0000084
(1675526029.020596) vcan0 3CA#00000000520000C8
(1675526029.020747) vcan0 008#0B802CD400800080
(1675526029.021336) vcan0 260#D0FF00AA497487B0
(1675526029.023886) vcan0 0E0#627341D800803A00
(1675526029.025230) vcan0 288#26E0E01F00000080
(1675526029.025287) vcan0 290#0000000000000000
(1675526029.028224) vcan0 1B0#00C0000006B000FC
(1675526029.028353) vcan0 010#008000002FB031F8
(1675526029.028430) vcan0 1B5#FF24842B60E0FFEF
(1675526029.028509) vcan0 1D0#0000000000000061
(1675526029.028586) vcan0 1D8#363339343234DF43
(1675526029.028738) vcan0 1E0#0020734300B917E0
(1675526029.028814) vcan0 291#0000000000000000
(1675526029.028893) vcan0 2C3#468700FFFFC75450
(1675526029.029339) vcan0 008#0B803CC400800080
(1675526029.029425) vcan0 125#E52B80E5C1D0D735
(1675526029.030741) vcan0 072#F000FF3F00B88038
(1675526029.031847) vcan0 210#61E080A0AC69C745
(1675526029.033199) vcan0 3B0#00D81E3842C0C400
(1675526029.036247) vcan0 055#F6F74228B2EC9D80
(1675526029.036400) vcan0 065#D6E542F803DEF702
(1675526029.036482) vcan0 070#00000BF8F7E20F00
(1675526029.036558) vcan0 075#0000000000005458
(1675526029.036636) vcan0 080#AF508000C2002C00
(1675526029.036714) vcan0 0B0#528319A3DCC152A3
(1675526029.036791) vcan0 145#F9F2D080FC4810A1
(1675526029.037293) vcan0 28C#00002000001AFEA7
(1675526029.037298) vcan0 2B5#4B992C6293A695FF
(1675526029.037303) vcan0 0F5#C69EC99E7F57A293
(1675526029.037378) vcan0 010#008000002FB031F8
(1675526029.037459) vcan0 120#D39ED99E7F185689
(1675526029.037546) vcan0 130#AF121ECC1EB91512
(1675526029.037623) vcan0 150#C71E0C5811F8BEC0
(1675526029.038791) vcan0 008#0B804CB400800080
(1675526029.041289) vcan0 360#468700A6C164A001
(1675526029.042762) vcan0 350#A200000000000080
(1675526029.044232) vcan0 0E0#627348E000801300
(1675526029.047210) vcan0 010#008000002FB031F8
(1675526029.047266) vcan0 072#F000FF3F00B8A038
(1675526029.047417) vcan0 1B0#00C000000BB000FC
(1675526029.047496) vcan0 1B5#FF3798356AE0FFEF
(1675526029.047574) vcan0 1D0#0000000000000061
(1675526029.047649) vcan0 1D8#363339343234DF43
(1675526029.048363) vcan0 1E0#0020730300B917E0
(1675526029.048440) vcan0 390#80FF0500023E504F
(1675526029.049681) vcan0 008#0B805CA400800080
(1675526029.049808) vcan0 125#E52E80E5C1D0D735
(1675526029.049898) vcan0 288#1EE0E01F00000080
(1675526029.052356) vcan0 260#D0FF00AA497487B0
(1675526029.054901) vcan0 055#F6F74228B2EC9D80
(1675526029.057721) vcan0 065#D1E542F800DEF702
(1675526029.057798) vcan0 070#00000BF8F7E20F00
(1675526029.057876) vcan0 075#0000000000005458
(1675526029.057953) vcan0 080#AF508000C2002C00
(1675526029.058103) vcan0 0B0#528319A3DCC152A3
(1675526029.058182) vcan0 145#F9E2D180FC4810A1
(1675526029.058259) vcan0 290#0000000000000000
(1675526029.058337) vcan0 2C0#468700000000A0F1
(1675526029.058414) vcan0 010#008000002FB031F8
(1675526029.058494) vcan0 0F5#AD9EC99E7F5B9295
(1675526029.058645) vcan0 120#119FDF9E7F185689
(1675526029.058724) vcan0 130#B7121ECC1EA90F12
(1675526029.058804) vcan0 150#BB1E096810F8BAC0
(1675526029.058894) vcan0 210#61E080A0AC69C74D
(1675526029.058970) vcan0 291#0000000000000000
(1675526029.059270) vcan0 2A9#8C260082C0000084
(1675526029.059350) vcan0 2C5#6FD77ED9D7E50070
(1675526029.059427) vcan0 008#0B806C9400800080
(1675526029.060372) vcan0 072#F000FF3F00B88038
(1675526029.062848) vcan0 0E0#627341E80080FA00
(1675526029.065324) vcan0 010#008000002FB031F8
(1675526029.066747) vcan0 1B0#00C0000004B000FC
(1675526029.066801) vcan0 1B5#FF4CAC3F74E0FFEF
(1675526029.066879) vcan0 1D0#0000000000000861
(1675526029.067889) vcan0 1D8#363339343234DF43
(1675526029.069188) vcan0 1E0#0024634300B917E0
(1675526029.069265) vcan0 2C3#468700FFFFC75450
(1675526029.069414) vcan0 008#0B807C8400800080
(1675526029.069491) vcan0 125#E52E80E5C1D0D735
(1675526029.073087) vcan0 055#F6F74228B2EC9D80
(1675526029.074506) vcan0 065#D0E542F8FDDDF702
(1675526029.074563) vcan0 070#00000BF8F7E20F00
(1675526029.075555) vcan0 075#0000000000005458
(1675526029.078507) vcan0 080#AF508000C2002C00
(1675526029.078638) vcan0 0B0#528318A3DCC152A3
(1675526029.078719) vcan0 145#F9D2D280FC4810A1
(1675526029.078797) vcan0 288#F9DFE01F00000080
(1675526029.078877) vcan0 0F5#C69EE89E7F5F8298
(1675526029.078956) vcan0 120#EF9EEC9E7F225689
(1675526029.079105) vcan0 130#BF121EE51E800D12
(1675526029.079184) vcan0 150#D71E08780FF88EC0
(1675526029.079261) vcan0 010#008000002FB031F8
(1675526029.079338) vcan0 072#F000FF3F00B8A038
(1675526029.079415) vcan0 28C#00002000001AFEA6
(1675526029.079495) vcan0 2B5#4B992C6293A694FF
(1675526029.079584) vcan0 330#0000000000000000
(1675526029.079733) vcan0 340#8800000000000000
(1675526029.079814) vcan0 370#271FC0004F1BC71F
(1675526029.079963) vcan0 008#0B808C7400800080
(1675526029.081116) vcan0 210#61E080A0AC69C74D
(1675526029.082542) vcan0 260#D0FF0055497487B0
(1675526029.084036) vcan0 0E0#627341F00080DA00
(1675526029.085083) vcan0 290#0000000000000000
(1675526029.086447) vcan0 1B0#00C0000007B000FC
(1675526029.086601) vcan0 010#008000002FB031F9
(1675526029.086681) vcan0 1B5#FF60C0497EE0FFEF
(1675526029.087556) vcan0 1D0#0000000000000261
(1675526029.087612) vcan0 1D8#363339343234DF43
(1675526029.088927) vcan0 1E0#0028534300B917E0
(1675526029.089055) vcan0 291#0000000000000000
(1675526029.089141) vcan0 008#0B809C6400800080
(1675526029.090085) vcan0 125#E53180E5C1D0D735
(1675526029.091486) vcan0 072#F000FF3F00B88038
(1675526029.094144) vcan0 055#F6F74228B2EC9D80
(1675526029.095193) vcan0 065#D4E542F800DEF702
(1675526029.098098) vcan0 070#00000BF8F7E20F00
(1675526029.098180) vcan0 075#0000000000005458
(1675526029.098259) vcan0 080#AF508000C2002C00
(1675526029.098337) vcan0 0B0#528318A3DCC152A3
(1675526029.098487) vcan0 145#F9C2D380FC4810A1
(1675526029.098566) vcan0 010#008000002FB031F8
(1675526029.098642) vcan0 0F5#D09EDC9E7F63729A
(1675526029.098720) vcan0 120#FC9EE59E7F0E5689
(1675526029.098797) vcan0 130#C7121EE51E700D12
(1675526029.098946) vcan0 150#D61E01880EF87FC0
(1675526029.099025) vcan0 2A9#8C26008AC0000084
(1675526029.099250) vcan0 008#0B80AC5400800080
(1675526029.100567) vcan0 288#16E0E01F00000080
(1675526029.103219) vcan0 0E0#62733BF80080C000
(1675526029.105693) vcan0 1B0#00C0000002B000FC
(1675526029.107277) vcan0 010#008000002FB031F8
(1675526029.107334) vcan0 072#F000FF3F00B8A038
(1675526029.107484) vcan0 1B5#FF73D45388E0FFEF
(1675526029.107560) vcan0 1D0#0000000000000061
(1675526029.107637) vcan0 1D8#363339343234DF43
(1675526029.108347) vcan0 1E0#0028530300B917E0
(1675526029.108404) vcan0 210#61E080A0AC69C745
(1675526029.108554) vcan0 2C3#468700FFFFC85450
(1675526029.111169) vcan0 008#0B80BC4400800080
(1675526029.111247) vcan0 125#E53480E5C1D0D735
(1675526029.111324) vcan0 3C8#4687008E882C008E
(1675526029.112210) vcan0 260#D0FF0055497487B0
(1675526029.114679) vcan0 055#F6F74228B2EC9D80
(1675526029.117664) vcan0 065#D9E542F804DEF702
(1675526029.117720) vcan0 070#00000BF8F7E20F00
(1675526029.117801) vcan0 075#0000000000005458
(1675526029.117878) vcan0 080#AF508000C2002C00
(1675526029.117954) vcan0 0B0#528319A3DCC152A3
(1675526029.118102) vcan0 145#F9B2D480FC4810A1
(1675526029.118182) vcan0 28C#00002000001AFEA7
(1675526029.118258) vcan0 290#0000000000000000
(1675526029.118336) vcan0 0F5#C99EE29E7F67629D
(1675526029.118412) vcan0 010#008000002FB031F8
(1675526029.118492) vcan0 120#DF9EE59E7F1A5689
(1675526029.118569) vcan0 130#CF121EE51E601212
(1675526029.118717) vcan0 150#D61E05980EF86FC0
(1675526029.118795) vcan0 291#0000000000000000
(1675526029.118874) vcan0 2B5#4B9A2C6293A694FF
(1675526029.119170) vcan0 2C0#468700000000A0F1
(1675526029.119260) vcan0 2C5#6FD77ED9D9E50070
(1675526029.119338) vcan0 3AF#0000000000000020
(1675526029.119488) vcan0 400#010300010100011D
(1675526029.119565) vcan0 405#D507F69345186701
(1675526029.119643) vcan0 008#0B80CC3400800080
(1675526029.119719) vcan0 425#0000000000000000
(1675526029.120746) vcan0 072#F000FF3F00B88038
(1675526029.124671) vcan0 0E0#627330C00080AB00
(1675526029.124798) vcan0 288#06E0F00F00000080
(1675526029.126110) vcan0 1B0#00C0000003B000FC
(1675526029.126240) vcan0 1B5#FF87E85D92E0FFEF
(1675526029.127231) vcan0 1D8#363339343234DF43
(1675526029.128580) vcan0 010#008000002FB031F8
(1675526029.128659) vcan0 1D0#0000000000000061
(1675526029.128737) vcan0 1E0#002C434300B917E0
(1675526029.129747) vcan0 008#0B80DC2400800080
(1675526029.131147) vcan0 125#E53480E5C1D0D735
(1675526029.131224) vcan0 210#61E080A0AC69C74D
(1675526029.132644) vcan0 350#A200000000000080
(1675526029.135618) vcan0 055#F6F74228B2EC9D80
(1675526029.135697) vcan0 065#D7E543F801DEF702
(1675526029.135848) vcan0 070#00000BF8F7E20F00
(1675526029.135926) vcan0 075#0000000000005458
(1675526029.136002) vcan0 080#AF508000C2002C00
(1675526029.136085) vcan0 0B0#528319A3DCC152A3
(1675526029.136162) vcan0 145#F9A2D580FC4810A1
(1675526029.136672) vcan0 0F5#DC9EE59E7F6B529F
(1675526029.136814) vcan0 120#029F0C9F7F0D5689
(1675526029.136892) vcan0 010#008000002FB031F8
(1675526029.136973) vcan0 072#F000FF3F00B8A038
(1675526029.137816) vcan0 130#D7151EE51E501212
(1675526029.139216) vcan0 150#E01E01A80DF855C0
(1675526029.139302) vcan0 2A9#8C260093C0000084
(1675526029.139380) vcan0 3CA#00000000530000C8
(1675526029.140692) vcan0 008#0B80EC1400800080
(1675526029.140821) vcan0 360#468700A6C164A001
(1675526029.141873) vcan0 260#D0FF0055497487B0
(1675526029.144294) vcan0 0E0#62732EC800808D00
(1675526029.145695) vcan0 290#0000000000000000
(1675526029.146862) vcan0 1B0#00C0000003B000FC
(1675526029.149584) vcan0 1B5#FF9BFC679CE0FFEF
(1675526029.149712) vcan0 010#008000002FB031F8
(1675526029.149790) vcan0 1D0#0000000000000861
(1675526029.149869) vcan0 1D8#363339343234DF43
(1675526029.149947) vcan0 1E0#0030334300B917E0
(1675526029.150024) vcan0 291#0000000000000000
(1675526029.150174) vcan0 2C3#468700FFFFC85450
(1675526029.150255) vcan0 390#80FF0500023A514F
(1675526029.150349) vcan0 008#0B80FC0400800080
(1675526029.150426) vcan0 125#E53480E5C1D0D735
(1675526029.150504) vcan0 288#1EE0F00F00000080
(1675526029.150943) vcan0 072#F000FF3F00B88038
(1675526029.152083) vcan0 3B0#00D81E3842C0C400
(1675526029.154655) vcan0 055#F6F74228B2EC9D80
(1675526029.158881) vcan0 065#D6E542F8FFDDF702
(1675526029.158936) vcan0 070#00000BF8F7E20F00
(1675526029.159013) vcan0 075#0000000000005458
(1675526029.159167) vcan0 080#AF508000C2002C00
(1675526029.159243) vcan0 0B0#528319A3DCC152A3
(1675526029.159323) vcan0 145#F992D680FC4810A1
(1675526029.159402) vcan0 28C#00002000001AFEA7
(1675526029.159478) vcan0 2B5#4B9A2C6293A695FF
(1675526029.159558) vcan0 010#008000002FB031F8
(1675526029.159710) vcan0 0F5#E59EE89E7F6F42A2
(1675526029.159796) vcan0 120#129FFC9E7F0E5689
(1675526029.159874) vcan0 130#DF151EE81E3D1512
(1675526029.159949) vcan0 150#E61E09B80DF83FC0
(1675526029.160030) vcan0 210#61E08020AC69C745
(1675526029.160110) vcan0 330#0000000000000000
(1675526029.160189) vcan0 340#8800000000000000
(1675526029.160338) vcan0 3D0#830F6100661780C3
(1675526029.160419) vcan0 008#0B800CF400800080
(1675526029.161436) vcan0 430#4A084A0000001AA6
(1675526029.163987) vcan0 0E0#627328D000807300
(1675526029.166487) vcan0 1B0#00C0000001B000FC
(1675526029.168020) vcan0 1B5#FFB01071A6E0FFEF
(1675526029.168097) vcan0 010#008000002FB031F9
(1675526029.168175) vcan0 072#F000FF3F00B8A038
(1675526029.168251) vcan0 1D0#0000000000000261
(1675526029.168400) vcan0 1D8#363339343234DF43
(1675526029.168488) vcan0 1E0#0030330300B917E0
(1675526029.170822) vcan0 008#0B801CE400800080
(1675526029.170878) vcan0 125#E53480E5C1D0D735
(1675526029.172003) vcan0 260#D0FF00AA497487B0
(1675526029.174471) vcan0 055#F6F74228B2EC9D80
(1675526029.177408) vcan0 065#D7E542F800DEF702
(1675526029.177466) vcan0 070#00000BF8F7E20F00
(1675526029.177543) vcan0 075#0000000000005458
(1675526029.177621) vcan0 080#AF508000C2002C00
(1675526029.177770) vcan0 0B0#528319A3DCC152A3
(1675526029.177848) vcan0 145#F982D780FC4810A1
(1675526029.177928) vcan0 288#33E0F00F00000080
(1675526029.178005) vcan0 290#0000000000000000
(1675526029.178084) vcan0 0F5#E29ED69E7F7332A4
(1675526029.178161) vcan0 120#F59EE59E7F0D5689
(1675526029.178310) vcan0 130#E7151EEC1E291212
(1675526029.178395) vcan0 010#008000002FB031F8
(1675526029.178473) vcan0 150#DC1E0DC80DF839C0
(1675526029.178549) vcan0 291#0000000000000000
(1675526029.178627) vcan0 2A9#8C26008AC0000084
(1675526029.179854) vcan0 2C0#468700000000A0F1
(1675526029.179983) vcan0 2C5#6FD77ED9D7E50070
(1675526029.180061) vcan0 370#271FC0004F1BC71F
(1675526029.180138) vcan0 3E0#000000D92E808092
(1675526029.180217) vcan0 008#0B802CD400800080
(1675526029.181354) vcan0 072#F000FF3F00B88038
(1675526029.181505) vcan0 210#61E080A0AC69C745
(1675526029.184000) vcan0 0E0#627328D800805300
(1675526029.186460) vcan0 1B0#00C0000007B000FC
(1675526029.189371) vcan0 010#008000002FB031F8
(1675526029.189500) vcan0 1B5#FFC4247BB0E0FFEF
(1675526029.189577) vcan0 1D0#0000000000000061
(1675526029.189670) vcan0 1D8#363339343234DF43
(1675526029.189748) vcan0 1E0#0034234300B917E0
(1675526029.189824) vcan0 2C3#468700FFFFC95450
(1675526029.189902) vcan0 008#0B803CC400800080
(1675526029.190051) vcan0 125#E53480E5C1D0D735
(1675526029.193211) vcan0 055#F6F74228B2EA9D80
(1675526029.194632) vcan0 065#DFE542F803DEF702
(1675526029.194689) vcan0 070#00000BF8F7E20F00
(1675526029.194767) vcan0 075#0000000000005458
(1675526029.195781) vcan0 080#AF508000C2002C00
(1675526029.198577) vcan0 0B0#528319A3DCC152A3
(1675526029.198705) vcan0 145#F972D880FC4810A1
(1675526029.198786) vcan0 28C#00002000001AFEA7
(1675526029.198862) vcan0 2B5#4B9B2C6293A695FF
(1675526029.198939) vcan0 0F5#059FEC9E7F7722A7
(1675526029.199016) vcan0 010#008000002FB031F8
(1675526029.199105) vcan0 072#F000FF3F00B8A038
(1675526029.199257) vcan0 120#C39EF59E7F085689
(1675526029.199336) vcan0 130#EF151EEC1E190D12
(1675526029.199413) vcan0 150#F81E11D80DF80DC0
(1675526029.199777) vcan0 008#0B804CB400800080
(1675526029.199859) vcan0 288#47E0F00F00000080
(1675526029.202222) vcan0 260#D0FF00AA497487B0
(1675526029.204775) vcan0 0E0#627326E000803500
(1675526029.206127) vcan0 290#0000000000000000
(1675526029.206183) vcan0 010#008000002FB031F8
(1675526029.206261) vcan0 1B0#00C0000006B000FC
(1675526029.207358) vcan0 1B5#FFD83885BAE0FFEF
(1675526029.210088) vcan0 1D0#0000000000000061
(1675526029.210146) vcan0 1D8#363339343234DF43
(1675526029.210295) vcan0 1E0#0038134300B917E0
(1675526029.210373) vcan0 210#61E080A0AC69C74D
(1675526029.210461) vcan0 291#0000000000000000
(1675526029.210539) vcan0 008#0B805CA400800080
(1675526029.210616) vcan0 125#E53180E5C1D0D735
(1675526029.211267) vcan0 072#F000FF3F00B88038
(1675526029.213685) vcan0 055#F6F74228B2EA9D80
(1675526029.216588) vcan0 065#DFE542F804DEF702
(1675526029.216665) vcan0 070#00000BF8F6E20F00
(1675526029.216814) vcan0 075#0000000000005458
(1675526029.216892) vcan0 080#AF508000C2002C00
(1675526029.216972) vcan0 0B0#528319A3DCC152A3
(1675526029.217051) vcan0 145#F962D980FC4810A1
(1675526029.217202) vcan0 0F5#E29EF29E7F7B12A9
(1675526029.217281) vcan0 010#008000002FB031F8
(1675526029.217360) vcan0 120#0C9FE89E7F005689
(1675526029.217727) vcan0 130#F7151EEC1E090712
(1675526029.217808) vcan0 150#EA1E14E80DF80BC0
(1675526029.219155) vcan0 2A9#8C260093C0000084
(1675526029.219211) vcan0 008#0B806C9400800080
(1675526029.221727) vcan0 350#A200000000000080
(1675526029.224222) vcan0 0E0#627327E800801400
(1675526029.225643) vcan0 288#4BE000FF00000080
(1675526029.226675) vcan0 1B0#00C0000006B000FC
(1675526029.228277) vcan0 1B5#FFEC4C8FC4E0FFEF
(1675526029.228356) vcan0 010#008000002FB031F8
(1675526029.228432) vcan0 072#F000FF3F00B8A038
(1675526029.228582) vcan0 1D0#0000000000000861
(1675526029.228658) vcan0 1D8#363339343234DF43
(1675526029.228740) vcan0 1E0#0038130300B917E0
(1675526029.228817) vcan0 2C3#468700FFFFC95450
(1675526029.231091) vcan0 008#0B807C8400800080
(1675526029.231217) vcan0 125#E53180E5C1D0D735
(1675526029.231295) vcan0 3C8#4687008E882C008E
(1675526029.231396) vcan0 210#61E080A0AC69C745
(1675526029.232232) vcan0 260#D0FF00AA497487B0
(1675526029.234703) vcan0 055#F6F74228B2EA9D80
(1675526029.237608) vcan0 065#D9E542F8FFDDF602
(1675526029.237737) vcan0 070#00000BF8F7E20F00
(1675526029.237815) vcan0 075#0000000000005458
(1675526029.237894) vcan0 080#AF508000C2002C00
(1675526029.237971) vcan0 0B0#528319A3DCC152A3
(1675526029.238048) vcan0 145#F952DA80FC4810A1
(1675526029.238129) vcan0 28C#00002000001AFEA7
(1675526029.238277) vcan0 290#0000000000000000
(1675526029.238355) vcan0 0F5#EC9EF89E7F7F02AC
(1675526029.238433) vcan0 010#008000002FB031F8
(1675526029.238510) vcan0 120#099FEC9E7F075689
(1675526029.238588) vcan0 130#FF151EEC1EF90112
(1675526029.238669) vcan0 150#F21E18F80DF8F3C0
(1675526029.238827) vcan0 291#0000000000000000
(1675526029.238904) vcan0 2B5#4B9B2C6293A695FF
(1675526029.240610) vcan0 2C0#468700000000A0F1
(1675526029.240764) vcan0 2C5#6FD77ED9DBE50070
(1675526029.240846) vcan0 330#0000000000000000
(1675526029.240922) vcan0 340#8800000000000000
(1675526029.241000) vcan0 3AF#0000000000000020
(1675526029.241077) vcan0 008#0B808C7400800080
(1675526029.241732) vcan0 072#F000FF3F00B88038
(1675526029.241790) vcan0 360#468700A6C164A001
(1675526029.244158) vcan0 0E0#627320F00080FB00
(1675526029.246708) vcan0 1B0#00C0000002B000FC
(1675526029.249653) vcan0 010#008000002FB031F9
(1675526029.249733) vcan0 1B5#FF006099CEE0FFEF
(1675526029.249811) vcan0 1D0#0000000000000261
(1675526029.249888) vcan0 1D8#363339343234DF43
(1675526029.249978) vcan0 1E0#003C034300B917E0
(1675526029.250054) vcan0 390#80FF05000236524F
(1675526029.250205) vcan0 008#0B809C6400800080
(1675526029.250282) vcan0 125#E53180E5C1D0D735
(1675526029.250360) vcan0 288#4FE000FF00000080
(1675526029.253421) vcan0 055#F6F74228B2EA9D80
(1675526029.254863) vcan0 065#D5E542F8FCDDF602
(1675526029.254921) vcan0 070#00000BF8F6E20F00
(1675526029.254998) vcan0 075#0000000000005458
(1675526029.255148) vcan0 080#AF508000C2002C00
(1675526029.255963) vcan0 0B0#528319A3DCC152A3
(1675526029.258904) vcan0 145#F942DB80FC4810A1
(1675526029.258960) vcan0 0F5#EF9E0C9F7F43F2AE
(1675526029.259037) vcan0 010#008000002FB031F8
(1675526029.259116) vcan0 072#F000FF3F00B8A038
(1675526029.259265) vcan0 120#029F1E9F7F105689
(1675526029.259351) vcan0 130#87151E021FD20412
(1675526029.259432) vcan0 150#FD1E19080DF8D8C0
(1675526029.259508) vcan0 210#61E080A0AC69C74D
(1675526029.259590) vcan0 2A9#8C26008AC0000084
(1675526029.259666) vcan0 3CA#00000000540000C8
(1675526029.259747) vcan0 008#0B80AC5400800080
(1675526029.261521) vcan0 260#D0FF0055497487B0
(1675526029.264017) vcan0 0E0#627322F80080D900
(1675526029.265293) vcan0 290#0000000000000000
(1675526029.268335) vcan0 1B0#00C0000003B000FC
(1675526029.268392) vcan0 010#008000002FB031F8
(1675526029.268543) vcan0 1B5#FF1474A3D8E0FFEF
(1675526029.268620) vcan0 1D0#0000000000000061
(1675526029.268698) vcan0 1D8#363339343234DF43
(1675526029.268774) vcan0 1E0#0000F34300B917E0
(1675526029.268851) vcan0 291#0000000000000000
(1675526029.268936) vcan0 2C3#468700FFFFCA5450
(1675526029.269526) vcan0 008#0B80BC4400800080
(1675526029.269602) vcan0 125#E53180E5C1D0D735
(1675526029.272041) vcan0 072#F000FF3F00B88038
(1675526029.273336) vcan0 3B0#00D81E3842C0C600
(1675526029.276361) vcan0 055#F6F74228B2EA9D80
(1675526029.276443) vcan0 065#DDE542F8FFDDF602
(1675526029.276521) vcan0 070#00000BF8F6E20F00
(1675526029.276598) vcan0 075#0000000000005458
(1675526029.276675) vcan0 080#AF508000C2002C00
(1675526029.276825) vcan0 0B0#528319A3DCC152A3
(1675526029.276900) vcan0 145#F932DC80FC4810A1
(1675526029.276973) vcan0 288#60E000FF00000080
(1675526029.277134) vcan0 28C#00002000001AFEA7
(1675526029.277204) vcan0 0F5#0C9FF59E7F47E2B1
(1675526029.277280) vcan0 120#059FF29E7F0C5689
(1675526029.277514) vcan0 130#8F121E021FC20A12
(1675526029.277663) vcan0 150#001F20180DF8C4C0
(1675526029.277741) vcan0 010#008000002FB031F8
(1675526029.277819) vcan0 2B5#4B9D2C6293A695FF
(1675526029.278890) vcan0 370#271FC000501BC71F
(1675526029.278947) vcan0 008#0D80CC3200800080
(1675526029.281510) vcan0 210#61E080A0AC69C74D
(1675526029.283987) vcan0 0E0#627319C00080C200
(1675526029.286413) vcan0 1B0#00C0000005B000FC
(1675526029.289409) vcan0 010#008000002FB031F8
(1675526029.289465) vcan0 072#F000FF3F00B8A038
(1675526029.289542) vcan0 1B5#FF2888ADE2E0FFEF
(1675526029.289694) vcan0 1D0#0000000000000061
(1675526029.289773) vcan0 1D8#363339343234DF43
(1675526029.289849) vcan0 1E0#0000F30300B917E0
(1675526029.289928) vcan0 008#0D80DC140E800080
(1675526029.290016) vcan0 125#E53180E5C1D0D735
(1675526029.292066) vcan0 260#D0FF0055497487B0
(1675526029.294513) vcan0 055#F6F74228B2EA9D80
(1675526029.297528) vcan0 065#E0E542F804DEF602
(1675526029.297533) vcan0 070#00000BF8F6E20F00
(1675526029.297537) vcan0 075#0000000000005458
(1675526029.297614) vcan0 080#AF508000C2002C00
(1675526029.297694) vcan0 0B0#52831AA3DCC152A3
(1675526029.297776) vcan0 145#F922DD80FC4810A1
(1675526029.297854) vcan0 290#0000000000000000
(1675526029.297933) vcan0 2C0#468700000000A0F1
(1675526029.298082) vcan0 010#008000002FB031F8
(1675526029.298161) vcan0 0F5#029FF29E7F4BD2B3
(1675526029.298237) vcan0 120#129F059F7F055689
(1675526029.298317) vcan0 130#97121E021FB20F12
(1675526029.298396) vcan0 150#FA1E1F280EF8BBC0
(1675526029.298494) vcan0 291#0000000000000000
(1675526029.298571) vcan0 2A9#8C260082C0000084
(1675526029.299819) vcan0 2C5#6FD77FD9DCE50070
(1675526029.299897) vcan0 008#0F80EC020E800080
(1675526029.300044) vcan0 288#64E000FF00000080
(1675526029.301345) vcan0 072#F000FF3F00B88038
(1675526029.303966) vcan0 0E0#62730BC80080B000
(1675526029.306437) vcan0 1B0#00C0000004B000FC
(1675526029.307998) vcan0 010#008000002FB031F8
(1675526029.308075) vcan0 1B5#FF3C9CB7ECE0FFEF
(1675526029.308225) vcan0 1D0#0000000000000861
(1675526029.308304) vcan0 1D8#363339343234DF43
(1675526029.308380) vcan0 1E0#0004E34300B917E0
(1675526029.308459) vcan0 210#61E08020AC69C745
(1675526029.308536) vcan0 2C3#468700FFFFCA5450
(1675526029.310815) vcan0 008#1280FCE11C800080
(1675526029.310950) vcan0 125#E52E80E5C1D0D735
(1675526029.312002) vcan0 350#A200000000000080
(1675526029.314424) vcan0 055#F6F74228B2EA9D80
(1675526029.317353) vcan0 065#DCE542F801DEF602
(1675526029.317433) vcan0 070#00000BF8F6E20F00
(1675526029.317582) vcan0 075#0000000000005458
(1675526029.317659) vcan0 080#AF508000C2002C00
(1675526029.317736) vcan0 0B0#52831AA3DCC152A3
(1675526029.317814) vcan0 145#F912DE80FC4810A1
(1675526029.317891) vcan0 28C#00002000001AFEA7
(1675526029.317974) vcan0 2B5#4B9D2C6293A695FF
(1675526029.318126) vcan0 0F5#F59EF89E7F4FC2B6
(1675526029.318206) vcan0 010#008000002FB031F8
(1675526029.318286) vcan0 072#F000FF3F00B8A038
(1675526029.318364) vcan0 120#129F189F7F095689
(1675526029.318444) vcan0 130#9F151E021FA20F12
(1675526029.318535) vcan0 150#F61E20380EF8AFC0
(1675526029.318613) vcan0 330#0000000000000000
(1675526029.319879) vcan0 340#8700000000000000
(1675526029.319959) vcan0 008#12800CBB32800080
(1675526029.322512) vcan0 260#D0FF0055497487B0
(1675526029.323809) vcan0 0E0#627308D000809300
(1675526029.324964) vcan0 290#0000000000000000
(1675526029.326388) vcan0 288#60E010EF00000080
(1675526029.326468) vcan0 1B0#00C0000004B000FC
(1675526029.326548) vcan0 1B5#FF50B0C1F6E0FFEF
(1675526029.326623) vcan0 010#008000002FB031F9
(1675526029.327442) vcan0 1D0#0000000000000261
(1675526029.328860) vcan0 1D8#363339343234DF43
(1675526029.328918) vcan0 1E0#0008D34300B917E0
(1675526029.329067) vcan0 291#0000000000000000
(1675526029.329144) vcan0 008#14801CA932800080
(1675526029.330038) vcan0 125#E52B80E5C1D0D735
(1675526029.331323) vcan0 072#F000FF3F00B88038
(1675526029.331400) vcan0 210#61E080A0AC69C74D
(1675526029.333969) vcan0 055#F6F74228B2EA9D80
(1675526029.335141) vcan0 065#DAE542F8FEDDF602
(1675526029.336491) vcan0 070#00000BF8F6E20F00
(1675526029.336620) vcan0 075#0000000000005458
(1675526029.336697) vcan0 080#AF508000C2002C00
(1675526029.336774) vcan0 0B0#52831AA3DCC152A3
(1675526029.336856) vcan0 145#F902DF80FC4810A1
(1675526029.339537) vcan0 0F5#FF9E0F9F7F53B2B8
(1675526029.339666) vcan0 010#008000002FB031F8
(1675526029.339744) vcan0 120#399F059F7F0F5689
(1675526029.339824) vcan0 130#A7151E051F8F1212
(1675526029.339902) vcan0 150#071F1F480EF88DC0
(1675526029.339979) vcan0 2A9#8C26009BC0000084
(1675526029.340083) vcan0 008#16802C9732800080
(1675526029.340602) vcan0 360#468700A6C164A001
(1675526029.343090) vcan0 0E0#627311D800806A00
(1675526029.345615) vcan0 1B0#00C0000004B000FC
(1675526029.348507) vcan0 010#008000002FB031F8
(1675526029.348590) vcan0 072#F000FF3F00B8A038
(1675526029.348743) vcan0 1B5#FF64C4CB00E0FFEF
(1675526029.348820) vcan0 1D0#0000000000000061
(1675526029.348898) vcan0 1D8#363339343234DF43
(1675526029.348976) vcan0 1E0#0008D30300B917E0
(1675526029.349057) vcan0 2C3#468700FFFFCB5450
(1675526029.349134) vcan0 390#80FF05000232534F
(1675526029.349572) vcan0 008#16803C8732800080
(1675526029.349721) vcan0 125#E52980E5C1D0D735
(1675526029.349798) vcan0 288#58E010EF00000080
(1675526029.349875) vcan0 3C8#4687008E882C008E
(1675526029.352095) vcan0 260#D0FF0055497487B0
(1675526029.354623) vcan0 055#F6F74228B2EA9D80
(1675526029.357418) vcan0 065#DFE542F800DEF602
(1675526029.357547) vcan0 070#00000BF8F6E20F00
(1675526029.357625) vcan0 075#0000000000005458
(1675526029.357701) vcan0 080#AF508000C2002C00
(1675526029.357781) vcan0 0B0#52831AA3DCC152A3
(1675526029.357931) vcan0 145#F9F2D080FC4810A1
(1675526029.358007) vcan0 28C#00002000001AFEA7
(1675526029.358087) vcan0 290#0000000000000000
(1675526029.358164) vcan0 010#008000002FB031F8
(1675526029.358242) vcan0 0F5#099FEF9E7F57A2BB
(1675526029.358394) vcan0 120#189F0C9F7F155689
(1675526029.358472) vcan0 130#AF151E091F7B1212
(1675526029.358553) vcan0 150#FC1E1C580EF889C0
(1675526029.358632) vcan0 210#61E080A0AC69C745
(1675526029.358729) vcan0 291#0000000000000000
(1675526029.359096) vcan0 2B5#4B9E2C6293A695FF
(1675526029.359173) vcan0 2C0#468700000000A0F1
(1675526029.359250) vcan0 2C5#6FD77FD9DFE50070
(1675526029.359328) vcan0 3AF#0000000000000020
(1675526029.359405) vcan0 3D0#830F6100661780C3
(1675526029.359556) vcan0 008#16804C6940800080
(1675526029.361702) vcan0 072#F000FF3F00B88038
(1675526029.364177) vcan0 0E0#62731CE000803F00
(1675526029.366739) vcan0 1B0#00C0000006B000FC
(1675526029.369485) vcan0 1B5#FF78D8D50AE0FFEF
(1675526029.369541) vcan0 1D8#363339343234DF43
(1675526029.369618) vcan0 010#008000002FB031F8
(1675526029.369698) vcan0 1D0#0000000000000061
(1675526029.369847) vcan0 1E0#000CC34300B917E0
(1675526029.369924) vcan0 400#0F0102010100011E
(1675526029.370011) vcan0 405#4687003D002E3002
(1675526029.370088) vcan0 008#16805C5940800080
(1675526029.370166) vcan0 125#E52680E5C1D0D735
(1675526029.373338) vcan0 055#F6F74228B2EA9D80
(1675526029.374763) vcan0 065#E2E542F803DEF602
(1675526029.374841) vcan0 070#00000BF8F6E20F00
(1675526029.374920) vcan0 075#0000000000005458
(1675526029.375788) vcan0 080#AF508000C2002C00
(1675526029.378725) vcan0 0B0#52831AA3DCC152A3
(1675526029.378803) vcan0 145#F9E2D180FC4810A1
(1675526029.378883) vcan0 288#4FE010EF00000080
(1675526029.378964) vcan0 370#271FC000501BC71F
(1675526029.379115) vcan0 0F5#159F0C9F7F5B92BD
(1675526029.379192) vcan0 120#F89E0F9F7F155689
(1675526029.379270) vcan0 130#B7151E0C1F680D12
(1675526029.379347) vcan0 010#008000002FB031F8
(1675526029.379434) vcan0 072#F000FF3F00B8A038
(1675526029.379514) vcan0 150#111F18680EF863C0
(1675526029.379592) vcan0 2A9#8C260082C0000084
(1675526029.379744) vcan0 3CA#00000000550000C8
(1675526029.379821) vcan0 008#16806C4940800080
(1675526029.381420) vcan0 210#61E080A0AC69C745
(1675526029.382698) vcan0 260#D0FF00AA497487B0
(1675526029.384176) vcan0 0E0#62731CE800801F00
(1675526029.384329) vcan0 290#0000000000000000
(1675526029.386821) vcan0 1B0#00C0000005B000FC
(1675526029.386985) vcan0 010#008000002FB031F8
(1675526029.387064) vcan0 1B5#FF8CEDDF14E0FFEF
(1675526029.387141) vcan0 1D0#0000000000000861
(1675526029.388028) vcan0 1D8#363339343234DF43
(1675526029.389306) vcan0 1E0#0010B34300B917E0
(1675526029.389384) vcan0 291#0000000000000000
(1675526029.389471) vcan0 2C3#468700FFFFCB5450
(1675526029.390842) vcan0 008#16807C3940800080
(1675526029.390921) vcan0 125#E52680E5C1D0D735
(1675526029.390998) vcan0 072#F000FF3F00B88038
(1675526029.391942) vcan0 3B0#00D81E3C42C0C400
(1675526029.394410) vcan0 055#F6F74228B2EA9D80
(1675526029.397370) vcan0 065#E2E542F801DEF602
(1675526029.397425) vcan0 070#00000BF8F6E20F00
(1675526029.397576) vcan0 075#0000000000005458
(1675526029.397656) vcan0 080#AF508000C2002C00
(1675526029.397735) vcan0 0B0#52831AA3DCC152A3
(1675526029.397813) vcan0 145#F9D2D280FC4810A1
(1675526029.397892) vcan0 28C#00002000001AFEA7
(1675526029.397970) vcan0 0F5#029F059F7F5F82C0
(1675526029.398118) vcan0 010#008000002FB031F8
(1675526029.398195) vcan0 120#319F1E9F7F105689
(1675526029.398282) vcan0 130#BF151E0C1F580712
(1675526029.398359) vcan0 150#031F1B780EF861C0
(1675526029.398437) vcan0 2B5#4B9E2C6293A695FF
(1675526029.398520) vcan0 330#0000000000000000
(1675526029.398670) vcan0 340#8700000000000000
(1675526029.399894) vcan0 008#16808C2940800080
(1675526029.399949) vcan0 288#3BE010EF00000080
(1675526029.402516) vcan0 350#A200000000000080
(1675526029.403796) vcan0 0E0#627322F00080F900
(1675526029.406474) vcan0 1B0#00C0000005B000FC
(1675526029.406529) vcan0 010#008000002FB031F9
(1675526029.406678) vcan0 072#F000FF3F00B8A038
(1675526029.407556) vcan0 1B5#FFA101E91EE0FFEF
(1675526029.408855) vcan0 1D0#0000000000000261
(1675526029.408912) vcan0 1D8#363339343234DF43
(1675526029.409064) vcan0 1E0#0010B30300B917E0
(1675526029.409150) vcan0 210#61E080A0AC69C74D
(1675526029.410343) vcan0 008#16809C2732800080
(1675526029.410420) vcan0 125#E52680E5C1D0D735
(1675526029.411842) vcan0 260#D0FF00AA497487B0
(1675526029.414499) vcan0 055#F6F74228B2EA9D80
(1675526029.414576) vcan0 065#DDE542F8FFDDF602
(1675526029.414654) vcan0 070#00000BF8F6E20F00
(1675526029.417354) vcan0 075#0000000000005458
(1675526029.417504) vcan0 080#AF508000C2002C00
(1675526029.417582) vcan0 0B0#52831AA3DCC152A3
(1675526029.417660) vcan0 145#F9C2D380FC4810A1
(1675526029.417738) vcan0 290#0000000000000000
(1675526029.417814) vcan0 2C0#468700000000A0F1
(1675526029.417894) vcan0 0F5#159F189F7F6372C2
(1675526029.417971) vcan0 010#008000002FB031F8
(1675526029.418050) vcan0 120#529F2F9F7F0E5689
(1675526029.418137) vcan0 130#C7151E181F3C0712
(1675526029.418286) vcan0 150#161F10880EF83EC0
(1675526029.418366) vcan0 291#0000000000000000
(1675526029.418515) vcan0 2A9#8C26009BC0000084
(1675526029.419838) vcan0 2C5#6FD77FD9E3E50070
(1675526029.419917) vcan0 008#1980AC2A1C800080
(1675526029.421411) vcan0 072#F000FF3F00B88038
(1675526029.423975) vcan0 0E0#627314F80080E700
(1675526029.425327) vcan0 288#4FE020DF00000080
(1675526029.428376) vcan0 1B0#00C0000003B000FC
(1675526029.428432) vcan0 1B5#FFB515F328E0FFEF
(1675526029.428513) vcan0 010#008000002FB031F8
(1675526029.428590) vcan0 1D0#0000000000000061
(1675526029.428742) vcan0 1D8#363339343234DF43
(1675526029.428819) vcan0 1E0#0014A34300B917E0
(1675526029.428899) vcan0 2C3#468700FFFFCC5450
(1675526029.429500) vcan0 008#1B80BC0232800080
(1675526029.429574) vcan0 125#E52680E5C1D0D735
(1675526029.430817) vcan0 210#61E080A0AC69C745
(1675526029.433493) vcan0 055#F6F74228B2EA9D80
(1675526029.434913) vcan0 065#E0E542F8FDDDF602
(1675526029.434970) vcan0 070#00000BF8F6E20F00
(1675526029.435046) vcan0 075#0000000000005458
(1675526029.435939) vcan0 080#AF508000C2002C00
(1675526029.436017) vcan0 0B0#52831AA3DCC152A3
(1675526029.438840) vcan0 145#F9B2D480FC4810A1
(1675526029.438916) vcan0 28C#00002000001AFEA7
(1675526029.439067) vcan0 0F5#129F289F7F6762C5
(1675526029.439144) vcan0 120#289F1B9F7F0B5689
(1675526029.439220) vcan0 010#00A000002FB031F8
(1675526029.439300) vcan0 072#F000FF3F00B8A038
(1675526029.439376) vcan0 130#CF151E1B1F290D12
(1675526029.439468) vcan0 150#1C1F19980EF828C0
(1675526029.439544) vcan0 2B5#4B9F2B6293A695FF
(1675526029.439698) vcan0 008#1B80CCE440800080
(1675526029.441482) vcan0 360#468700A6C164A001
(1675526029.442834) vcan0 260#D0FF00AA497487B0
(1675526029.444310) vcan0 0E0#627314C00080C700
(1675526029.444389) vcan0 290#0000000000000000
(1675526029.447296) vcan0 1B0#00C0000005B000FC
(1675526029.447447) vcan0 010#00A000002FB031F8
(1675526029.447528) vcan0 1B5#FFC929FD32E0FFEF
(1675526029.447606) vcan0 1D0#0000000000000061
(1675526029.447684) vcan0 1D8#363339343234DF43
(1675526029.447763) vcan0 1E0#0018934300B917E0
(1675526029.447841) vcan0 291#0000000000000000
(1675526029.448494) vcan0 390#80FF0500022E546F
(1675526029.449915) vcan0 008#1D80DCD240800080
(1675526029.449973) vcan0 125#E52480E5C1D0D735
(1675526029.450049) vcan0 288#3BE020DF00000080
(1675526029.451367) vcan0 072#F000FF3F00B88038
(1675526029.453912) vcan0 055#F6F74228B2EA9D80
(1675526029.456830) vcan0 065#E6E542F802DEF602
(1675526029.457446) vcan0 070#00000BF8F6E20F00
(1675526029.457451) vcan0 075#0000000000005458
(1675526029.457455) vcan0 080#AF508000C2002C00
(1675526029.457459) vcan0 0B0#52831AA3DCC152A3
(1675526029.457463) vcan0 145#F9A2D580FC4810A1
(1675526029.457467) vcan0 010#00A000002FB031F8
(1675526029.457471) vcan0 0F5#3F9F329F7F6B52C7
(1675526029.457544) vcan0 120#189F229F7F205689
(1675526029.457627) vcan0 130#D7151E221F120F12
(1675526029.457775) vcan0 150#381F13A80EF8FCC0
(1675526029.458364) vcan0 210#61E08020AC69C74D
(1675526029.458476) vcan0 2A9#8C260082C0000084
(1675526029.459548) vcan0 008#1D80ECC240800080
(1675526029.463201) vcan0 0E0#627317C80080A400
(1675526029.465751) vcan0 1B0#00C0000008B000FC
(1675526029.467290) vcan0 010#00A000002FB031F8
(1675526029.467346) vcan0 072#F000FF3F00B8A038
(1675526029.467424) vcan0 1B5#FFDD3D073CE0FFEF
(1675526029.467504) vcan0 1D0#0000000000000861
(1675526029.467654) vcan0 1D8#363339343234DF43
(1675526029.467731) vcan0 1E0#0018930300B917E0
(1675526029.468437) vcan0 2C3#468700FFFFCC5450
(1675526029.469733) vcan0 008#1F80FCB040800080
(1675526029.469861) vcan0 125#E51E80E5C1D0D735
(1675526029.469940) vcan0 3C8#4687008E882C008E
(1675526029.471131) vcan0 260#D0FF0055497487B0
(1675526029.474983) vcan0 055#F6F74228B2EA9D80
(1675526029.475145) vcan0 065#E7E542F803DEF602
(1675526029.475224) vcan0 070#00000BF8F6E20F00
(1675526029.475302) vcan0 075#0000000000005458
(1675526029.475382) vcan0 080#AE508000C2002C00
(1675526029.476086) vcan0 0B0#52831AA3DCC152A3
(1675526029.478935) vcan0 145#F992D680FC4810A1
(1675526029.479063) vcan0 288#33E020DF00000080
(1675526029.479142) vcan0 28C#00002000001AFEA7
(1675526029.479219) vcan0 0F5#1E9F0F9F7F6F42CA
(1675526029.479298) vcan0 120#329F399F7F0B5689
(1675526029.479373) vcan0 130#DF151E221F020F12
(1675526029.479524) vcan0 010#00A000002FB031F8
(1675526029.479603) vcan0 150#161F14B80DF80EC0
(1675526029.479679) vcan0 290#0000000000000000
(1675526029.479757) vcan0 291#0000000000000000
(1675526029.479835) vcan0 2B5#4B9F2B6293A695FF
(1675526029.479923) vcan0 2C0#468700000000A0F1
(1675526029.480576) vcan0 2C5#70D780D9E7E50070
(1675526029.480654) vcan0 330#0000000000000000
(1675526029.480730) vcan0 008#1F800CA040800080
(1675526029.480882) vcan0 340#8700000000000000
(1675526029.480960) vcan0 370#271FC000501BC71F
(1675526029.481039) vcan0 3AF#0000000000000020
(1675526029.481116) vcan0 3E0#000000D92E808092
(1675526029.481850) vcan0 072#F000FF3F00B88038
(1675526029.481927) vcan0 210#61E080A0AC69C74D
(1675526029.484292) vcan0 0E0#627321D000807A00
(1675526029.487033) vcan0 1B0#00C0000006B000FC
(1675526029.487089) vcan0 1B5#FFF1511146E0FFEF
(1675526029.487168) vcan0 010#00A000002FB031F9
(1675526029.487317) vcan0 1D0#0000000000000261
(1675526029.487395) vcan0 1D8#363339343234DF43
(1675526029.487482) vcan0 1E0#001C834300B917E0
(1675526029.489639) vcan0 008#1F801C9E32800080
(1675526029.489790) vcan0 125#E51E80E5C1D0D735
(1675526029.492162) vcan0 350#A200000000000080
(1675526029.494585) vcan0 055#F6F74228B2EA9D80
(1675526029.497488) vcan0 065#E3E542F801DEF602
(1675526029.497568) vcan0 070#00000BF8F6E20F00
(1675526029.497645) vcan0 075#0000000000005458
(1675526029.497795) vcan0 080#AF508000C2002C00
(1675526029.497872) vcan0 0B0#52831AA3DCC152A3
(1675526029.497950) vcan0 145#F982D780FC4810A1
(1675526029.498027) vcan0 0F5#259F329F7F7332CC
(1675526029.498106) vcan0 010#00A000002FB031F8
(1675526029.498185) vcan0 072#F000FF3F00B8A038
(1675526029.498338) vcan0 120#329F139F7F0B5689
