(1675526520.744053) vcan0 1B5#FFEE538EBEE0FFEF
(1675526520.744186) vcan0 1D8#363339343234DA43
(1675526520.744264) vcan0 1E0#0004E30300B917E0
(1675526520.744341) vcan0 2C3#5D8700FFFF095450
(1675526520.745428) vcan0 290#0000000000000000
(1675526520.745578) vcan0 072#F000FF3F0078A038
(1675526520.746952) vcan0 350#A200000000000080
(1675526520.748400) vcan0 008#20831CF5D7800080
(1675526520.750002) vcan0 010#000000002FB031F8
(1675526520.750080) vcan0 210#0DE180A0A869F145
(1675526520.751455) vcan0 2A9#8C26008AC0000084
(1675526520.751534) vcan0 288#E1DFA05F00000080
(1675526520.752909) vcan0 0F5#DC80E080BF6F416A
(1675526520.753059) vcan0 120#DF80E2807FFF5589
(1675526520.753141) vcan0 130#DFFD1DDE0065FF11
(1675526520.754462) vcan0 150#DE00F3B7BCF765C0
(1675526520.754536) vcan0 055#B5F7FF67B3009C80
(1675526520.754611) vcan0 065#3BE3F6E7008EFA01
(1675526520.757494) vcan0 070#000049A800E25B00
(1675526520.757568) vcan0 075#0000000000005458
(1675526520.757641) vcan0 080#FE4F8000C2002C00
(1675526520.757716) vcan0 0B0#39837CA200C239A3
(1675526520.757858) vcan0 145#FD82D780FCC810A1
(1675526520.757933) vcan0 28C#000020000016BE91
(1675526520.758024) vcan0 2B5#4B49596293A64A38
(1675526520.758101) vcan0 0E0#E27341C800807A00
(1675526520.758927) vcan0 008#20832C17A5800080
(1675526520.759072) vcan0 260#D0FF005549D585B0
(1675526520.760445) vcan0 010#000000002FB031F9
(1675526520.760589) vcan0 072#F000FF3F00788038
(1675526520.760662) vcan0 1D0#0000000000000A61
(1675526520.763134) vcan0 125#E5227DE4C1D0D734
(1675526520.764461) vcan0 1B0#00C0000000B001EC
(1675526520.764540) vcan0 1B5#FFEF548EBEE0FFEF
(1675526520.764617) vcan0 1D8#363339343234DA43
(1675526520.764768) vcan0 1E0#0008D34300B917E0
(1675526520.768448) vcan0 008#20833C3973800080
(1675526520.771117) vcan0 010#000000002FB031F8
(1675526520.772491) vcan0 291#0000000000000000
(1675526520.773983) vcan0 0F5#DC80E080BF73316A
(1675526520.774066) vcan0 120#DF80E2807FFF5589
(1675526520.774142) vcan0 130#E7FD1DDF0054FF11
(1675526520.774216) vcan0 150#DE00FBC7BCF755C0
(1675526520.775590) vcan0 055#B5F7FF67B3009C80
(1675526520.775663) vcan0 065#3BE3F6E7008EFB01
(1675526520.775805) vcan0 070#000049A800E25B00
(1675526520.775881) vcan0 075#0000000000005458
(1675526520.775954) vcan0 080#FE4F8000C2002C00
(1675526520.776029) vcan0 072#F000FF3F0078A038
(1675526520.776102) vcan0 0B0#39837CA200C239A3
(1675526520.778437) vcan0 145#FD72D880FCC810A1
(1675526520.778582) vcan0 210#0DE180A0A869F145
(1675526520.778655) vcan0 288#D5DFB04F00000080
(1675526520.778730) vcan0 290#0000000000000000
(1675526520.778803) vcan0 2C0#5D8700610300A0F1
(1675526520.778946) vcan0 2C5#00D71F0A3BE30070
(1675526520.779028) vcan0 0E0#E2733FD000805C00
(1675526520.779102) vcan0 008#20834C4D4F800080
(1675526520.779931) vcan0 010#000000002FB031F8
(1675526520.781443) vcan0 1D0#0000000000000061
(1675526520.782956) vcan0 125#E5227DE4C1D0D734
(1675526520.783029) vcan0 1B0#00C0000000B001EC
(1675526520.783104) vcan0 1B5#FFEF558FBFE0FFEF
(1675526520.783246) vcan0 1D8#363339343234DA43
(1675526520.784468) vcan0 1E0#000CC34300B917E0
(1675526520.784546) vcan0 2C3#5D8700FFFF095450
(1675526520.788442) vcan0 008#20835C5A32800080
(1675526520.789962) vcan0 260#D0FF00AA49D485B0
(1675526520.790040) vcan0 010#000000002FB031F8
(1675526520.790116) vcan0 072#F000FF3F00788038
(1675526520.791418) vcan0 2A9#8C260082C0000084
(1675526520.792939) vcan0 0F5#DD80E080BF77216A
(1675526520.793098) vcan0 120#DE80E4807FFF5589
(1675526520.793176) vcan0 130#EFFD1DDF0044FF11
(1675526520.794434) vcan0 150#DE00F3D7BBF745C0
(1675526520.794575) vcan0 055#B5F7FF67B3009C80
(1675526520.794649) vcan0 065#3CE3F6E7008EFB01
(1675526520.797465) vcan0 070#000049A800E25B00
(1675526520.797539) vcan0 075#0000000000005458
(1675526520.797682) vcan0 080#FE4F8000C2002C00
(1675526520.797756) vcan0 0B0#39837CA200C239A3
(1675526520.797829) vcan0 145#FD62D980FCC810A1
(1675526520.797904) vcan0 28C#000020000016BE91
(1675526520.798046) vcan0 2B5#4B49596293A64A38
(1675526520.798120) vcan0 340#5000000000000000
(1675526520.798195) vcan0 0E0#E2733FD800803C00
(1675526520.798954) vcan0 008#20836C5923800080
(1675526520.800466) vcan0 010#000000002FB031F8
(1675526520.800550) vcan0 1D0#0000000000000061
(1675526520.800624) vcan0 210#0DE18020A869F14D
(1675526520.800767) vcan0 291#0000000000000000
(1675526520.801939) vcan0 288#D0DFB04F00000080
(1675526520.803456) vcan0 125#E5227DE4C1D0D734
(1675526520.803537) vcan0 1B0#00C0000000B001EC
(1675526520.803614) vcan0 1B5#FFF0558FBFE0FFEF
(1675526520.803693) vcan0 1D8#363339343234DA43
(1675526520.803842) vcan0 1E0#000CC30300B917E0
(1675526520.804929) vcan0 290#0000000000000000
(1675526520.805080) vcan0 072#F000FF3F0078A038
(1675526520.805160) vcan0 3B0#00D845383EBCC402
(1675526520.808909) vcan0 008#20837C5E0E800080
(1675526520.810211) vcan0 010#000000002FB031F8
(1675526520.811660) vcan0 330#2800000000000000
(1675526520.813249) vcan0 0F5#DE80E080BF7B116A
(1675526520.813337) vcan0 120#DE80E4807FFF5589
(1675526520.813435) vcan0 130#F7FD1DDF0034FF11
(1675526520.813509) vcan0 150#DE00F1E7BCF735C0
(1675526520.813584) vcan0 3CA#00000000560000C8
(1675526520.814687) vcan0 055#B5F7FF67B3009C80
(1675526520.814830) vcan0 065#3CE3F6E7008EFB01
(1675526520.814903) vcan0 070#000049A800E25B00
(1675526520.816210) vcan0 075#0000000000005458
(1675526520.816285) vcan0 080#FE4F8000C2002C00
(1675526520.816428) vcan0 0B0#39837DA200C239A3
(1675526520.816501) vcan0 145#FD52DA80FCC810A1
(1675526520.816575) vcan0 370#0724C0005A1BC700
(1675526520.817677) vcan0 0E0#E2733EE000801D00
(1675526520.819189) vcan0 008#23838C4B0E800080
(1675526520.819264) vcan0 260#D0FF00AA49D285B0
(1675526520.820708) vcan0 010#000000002FB031F8
(1675526520.820789) vcan0 072#F000FF3F00788038
(1675526520.820864) vcan0 1D0#0000000000000061
(1675526520.822172) vcan0 125#E5227DE4C1D0D734
(1675526520.823702) vcan0 1B0#00C0000000B000EC
(1675526520.823846) vcan0 1B5#FFF0568FBFE0FFEF
(1675526520.823919) vcan0 1D8#363339343234DA43
(1675526520.823993) vcan0 1E0#0010B34300B917E0
(1675526520.824068) vcan0 2C3#5D8700FFFF095450
(1675526520.825170) vcan0 210#0DE180A0A869F145
(1675526520.826683) vcan0 288#E1DFB04F00000080
(1675526520.829358) vcan0 008#23839C4900800080
(1675526520.830735) vcan0 010#000000002FB031F8
(1675526520.832176) vcan0 291#0000000000000000
(1675526520.832320) vcan0 2A9#8C26009BC0000084
(1675526520.833668) vcan0 0F5#DE80E080BF7F016A
(1675526520.833817) vcan0 120#DE80E2807FFF5589
(1675526520.833918) vcan0 130#FFFD1DDF0024FF11
(1675526520.833995) vcan0 150#DF00FBF7BCF724C0
(1675526520.835227) vcan0 055#B5F7FF67B3009C80
(1675526520.835305) vcan0 065#3CE3F6E7008EFA01
(1675526520.835383) vcan0 070#000049A800E25B00
(1675526520.835533) vcan0 072#F000FF3F0078A038
(1675526520.835610) vcan0 075#0000000000005458
(1675526520.838212) vcan0 080#FE4F8000C2002C00
(1675526520.838288) vcan0 0B0#39837DA200C239A3
(1675526520.838367) vcan0 145#FD42DB80FCC810A1
(1675526520.838517) vcan0 28C#000020000016BE91
(1675526520.838594) vcan0 290#0000000000000000
(1675526520.838672) vcan0 2B5#4B49596293A64A38
(1675526520.838749) vcan0 2C0#5D8700630300A0F1
(1675526520.838827) vcan0 2C5#00D71F0A3CE30070
(1675526520.838977) vcan0 0E0#E2733DE80080FE00
(1675526520.839063) vcan0 350#A200000000000080
(1675526520.839142) vcan0 360#5D8700D3BF64A001
(1675526520.839219) vcan0 3AF#0000000000000020
(1675526520.839730) vcan0 008#2383AC2B0E800080
(1675526520.839809) vcan0 010#000000002FB031F9
(1675526520.839886) vcan0 1D0#0000000000000A61
(1675526520.841188) vcan0 390#80FF051D020A5D4F
(1675526520.841339) vcan0 3C8#5D87008E882C008E
(1675526520.842714) vcan0 125#E51F7DE4C1D0D734
(1675526520.842790) vcan0 1B0#00C0000000B000EC
(1675526520.844205) vcan0 1B5#FFF1568FC0E0FFEF
(1675526520.844280) vcan0 1D8#363339343234DA43
(1675526520.844353) vcan0 1E0#0014A34300B917E0
(1675526520.849356) vcan0 008#2583BC190E800080
(1675526520.850664) vcan0 260#D0FF00AA49D185B0
(1675526520.850807) vcan0 010#000000002FB031F8
(1675526520.850889) vcan0 072#F000FF3F00788038
(1675526520.852197) vcan0 210#0DE180A0A869F14D
(1675526520.852270) vcan0 3D0#8A0F6100340680C3
(1675526520.852344) vcan0 288#D9DFB04F00000080
(1675526520.853676) vcan0 0F5#DC80E180BF43F16A
(1675526520.853828) vcan0 120#DE80E3807FFF5589
(1675526520.853905) vcan0 130#87FD1DDF0014FF11
(1675526520.853983) vcan0 150#DF00F407BCF714C0
(1675526520.855217) vcan0 055#B5F7FF67B3009C80
(1675526520.855294) vcan0 065#3CE3F6E7008EFA01
(1675526520.855371) vcan0 070#000049A800E25B00
(1675526520.855522) vcan0 075#0000000000005458
(1675526520.855598) vcan0 080#FE4F8000C2002C00
(1675526520.856685) vcan0 0B0#39837DA2FFC139A3
(1675526520.856836) vcan0 145#FD32DC80FCC810A1
(1675526520.858212) vcan0 0E0#E2733BF00080E000
(1675526520.859670) vcan0 008#2583CCF423800080
(1675526520.861191) vcan0 010#000000002FB031F8
(1675526520.861341) vcan0 1D0#0000000000000061
(1675526520.861418) vcan0 291#0000000000000000
(1675526520.861496) vcan0 400#010100010204051A
(1675526520.861574) vcan0 405#5D87003B002D3402
(1675526520.862732) vcan0 125#E51C7DE4C1D0D734
(1675526520.862811) vcan0 1B0#00C0000000B000EC
(1675526520.864224) vcan0 1B5#FFF25790C0E0FFEF
(1675526520.864298) vcan0 1D8#363339343234DA43
(1675526520.864372) vcan0 1E0#0014A30300B917E0
(1675526520.864516) vcan0 2C3#5D8700FFFF095450
(1675526520.864590) vcan0 290#0000000000000000
(1675526520.865692) vcan0 072#F000FF3F0078A038
(1675526520.868438) vcan0 008#2783DCE223800080
(1675526520.871186) vcan0 010#000000002FB031F8
(1675526520.872708) vcan0 2A9#8C260082C0000084
(1675526520.872781) vcan0 0F5#DC80E280BF47E16A
(1675526520.872856) vcan0 120#DE80E3807FFF5589
(1675526520.874204) vcan0 130#8FFA1DDF0004FF11
(1675526520.874282) vcan0 150#DE00F517BDF705C0
(1675526520.874432) vcan0 055#B5F7FF67B3009C80
(1675526520.877178) vcan0 065#3BE3F5E7FF8DFA01
(1675526520.877329) vcan0 070#000049A800E25B00
(1675526520.877407) vcan0 075#0000000000005458
(1675526520.877485) vcan0 080#FE4F8000C2002C00
(1675526520.877563) vcan0 0B0#39837DA200C239A3
(1675526520.877639) vcan0 145#FD22DD80FCC810A1
(1675526520.877716) vcan0 210#0DE180A0A869F14D
(1675526520.877867) vcan0 288#D5DFC03F00000080
(1675526520.877944) vcan0 28C#000020000016BE91
(1675526520.878023) vcan0 2B5#4B49596293A64A37
(1675526520.878109) vcan0 340#5000000000000000
(1675526520.878187) vcan0 0E0#E2733CF80080BF00
(1675526520.878697) vcan0 008#2A83ECB240800080
(1675526520.880215) vcan0 260#D0FF00AA49D085B0
(1675526520.881732) vcan0 010#000000002FB031F8
(1675526520.881810) vcan0 072#F000FF3F00788038
(1675526520.881888) vcan0 1D0#0000000000000061
(1675526520.883191) vcan0 125#E5197DE4C1D0D734
(1675526520.883342) vcan0 1B0#00C0000000B000EC
(1675526520.883427) vcan0 1B5#FFF25790C0E0FFEF
(1675526520.883501) vcan0 1D8#363339343234DA43
(1675526520.883575) vcan0 1E0#0018934300B917E0
(1675526520.888444) vcan0 008#2C83FC914F800080
(1675526520.889956) vcan0 010#000000002FB031F8
(1675526520.890031) vcan0 291#0000000000000000
(1675526520.890173) vcan0 330#2800000000000000
(1675526520.892653) vcan0 0F5#DB80E280BF4BD16A
(1675526520.894032) vcan0 120#DE80E4807FFF5589
(1675526520.894111) vcan0 130#97FD1DDF00F4FF11
(1675526520.894189) vcan0 150#DE00F327BDF7F5C0
(1675526520.897005) vcan0 055#B5F7FF67B3009C80
(1675526520.897081) vcan0 065#39E3F6E7FF8DFA01
(1675526520.897159) vcan0 070#000049A800E25B00
(1675526520.897239) vcan0 072#F000FF3F0078A038
(1675526520.897316) vcan0 075#0000000000005458
(1675526520.897394) vcan0 080#FF4F8000C2002C00
(1675526520.897471) vcan0 0B0#39837CA200C239A3
(1675526520.897549) vcan0 145#FD12DE80FCC810A1
(1675526520.897698) vcan0 290#0000000000000000
(1675526520.897776) vcan0 2C0#5D8700630300A0F1
(1675526520.897853) vcan0 2C5#00D71F0A3BE30070
(1675526520.898436) vcan0 0E0#E2733DC000809E00
(1675526520.899961) vcan0 008#30830C6864800080
(1675526520.900037) vcan0 010#000000002FB031F8
(1675526520.900115) vcan0 1D0#0000000000000061
(1675526520.901417) vcan0 210#0BE180A0A869F145
(1675526520.901568) vcan0 288#D0DFC03F00000080
(1675526520.902942) vcan0 125#E5147DE4C1D0D734
(1675526520.903092) vcan0 1B0#00C0000000B000EC
(1675526520.903169) vcan0 1B5#FFF35890C0E0FFEF
(1675526520.903246) vcan0 1D8#363339343234DA43
(1675526520.904433) vcan0 1E0#001C834300B917E0
(1675526520.904576) vcan0 2C3#5D8700FFFF095450
(1675526520.908422) vcan0 008#33831C4673800080
(1675526520.909937) vcan0 260#D0FF005549D085B0
(1675526520.910079) vcan0 010#000000002FB031F8
(1675526520.910154) vcan0 072#F000FF3F00788038
(1675526520.910228) vcan0 2A9#8C26009BC0000084
(1675526520.912640) vcan0 0F5#DB80E280BF4FC16B
(1675526520.913963) vcan0 120#DF80E4807F005689
(1675526520.914042) vcan0 130#9FFA1DDF00E4FF11
(1675526520.917003) vcan0 150#DE00F137BEF7E5C0
(1675526520.917080) vcan0 055#B5F7FF67B3009C80
(1675526520.917157) vcan0 065#38E3F6E7FF8DFA01
(1675526520.917236) vcan0 070#000049A800E25B00
(1675526520.917314) vcan0 075#0000000000005458
(1675526520.917464) vcan0 080#FF4F8000C2002C00
(1675526520.917540) vcan0 0B0#39837CA200C239A3
(1675526520.917618) vcan0 145#FD02DF80FCC810A1
(1675526520.917696) vcan0 28C#000020000016BE90
(1675526520.917774) vcan0 2B5#4B49596293A64A38
(1675526520.917852) vcan0 370#0724C0005A1BC700
(1675526520.918433) vcan0 0E0#E2733EC800807D00
(1675526520.919955) vcan0 008#35832C188F800080
(1675526520.920042) vcan0 010#000000002FB031F9
(1675526520.920121) vcan0 1D0#0000000000000A61
(1675526520.921422) vcan0 291#0000000000000000
(1675526520.922944) vcan0 125#E50B7DE4C1D0D734
(1675526520.923021) vcan0 1B0#00C0000000B000EC
(1675526520.923098) vcan0 1B5#FFF35991C1E0FFEF
(1675526520.923249) vcan0 1D8#363339343234DA43
(1675526520.924433) vcan0 1E0#001C830300B917E0
(1675526520.924576) vcan0 290#0000000000000000
(1675526520.925952) vcan0 072#F000FF3F0078A038
(1675526520.926027) vcan0 210#0BE180A0A869F14D
(1675526520.926169) vcan0 3B0#00D845383EB8C400
(1675526520.926243) vcan0 288#CCDFC03F00000080
(1675526520.926317) vcan0 350#A200000000000080
(1675526520.928583) vcan0 008#39833CEEA5800080
(1675526520.929959) vcan0 010#000000002FB031F8
(1675526520.932574) vcan0 0F5#DC80E280BF53B16B
(1675526520.933970) vcan0 120#E080E4807FFF5589
(1675526520.934049) vcan0 130#A7FA1DDF00D4FF11
(1675526520.935568) vcan0 150#DF00F147BEF7D4C0
(1675526520.935646) vcan0 3CA#00000000400000C8
(1675526520.935797) vcan0 055#B5F7FF67B3009C80
(1675526520.935875) vcan0 065#38E3F6E7008EFB01
(1675526520.935951) vcan0 070#000049A800E25B00
(1675526520.936030) vcan0 075#0000000000005458
(1675526520.936107) vcan0 080#FF4F8000C2002C00
(1675526520.936257) vcan0 0B0#39837CA200C239A3
(1675526520.936334) vcan0 145#FDF2D080FCC810A1
(1675526520.937063) vcan0 360#5D8700D3BB64A001
(1675526520.939954) vcan0 0E0#E2733ED000805D00
(1675526520.940032) vcan0 008#3C834CCDB3800080
(1675526520.940110) vcan0 260#D0FF005549CF85B0
(1675526520.940198) vcan0 010#000000002FB031F8
(1675526520.940347) vcan0 072#F000FF3F00788038
(1675526520.940425) vcan0 1D0#0000000000000061
(1675526520.941442) vcan0 390#80FF051D02065E4F
(1675526520.942962) vcan0 125#E5067DE4C1D0D734
(1675526520.943039) vcan0 1B0#00C0000000B000EC
(1675526520.943117) vcan0 1B5#FFF45991C1E0FFEF
(1675526520.943195) vcan0 1D8#363339343234DA43
(1675526520.944455) vcan0 1E0#0020734300B917E0
(1675526520.944529) vcan0 2C3#5D8700FFFF095450
(1675526520.948442) vcan0 008#40835CA3C9800080
(1675526520.949953) vcan0 010#000000002FB031F8
(1675526520.950028) vcan0 210#0BE18020A869F145
(1675526520.951404) vcan0 291#0000000000000000
(1675526520.951548) vcan0 2A9#8C260082C0000084
(1675526520.951621) vcan0 288#D0DFC03F00000080
(1675526520.952937) vcan0 0F5#DC80E280BF57A16B
(1675526520.953012) vcan0 120#E080E4807FFF5589
(1675526520.953155) vcan0 130#AFFA1DE000C3FF11
(1675526520.953229) vcan0 150#DF00F357BDF7C4C0
(1675526520.954471) vcan0 072#F000FF3F0078A038
(1675526520.955918) vcan0 055#B5F7FF67B3009C80
(1675526520.956069) vcan0 065#38E3F7E7008EFB01
(1675526520.956147) vcan0 070#000049A800E25B00
(1675526520.956225) vcan0 075#0000000000005458
(1675526520.956303) vcan0 080#FF4F8000C2002C00
(1675526520.958976) vcan0 0B0#39837CA200C239A3
(1675526520.959055) vcan0 145#FDE2D180FCC810A1
(1675526520.959132) vcan0 28C#000020000016BE90
(1675526520.959282) vcan0 290#0000000000000000
(1675526520.959359) vcan0 2B5#4B49586293A64A39
(1675526520.959438) vcan0 0E0#E2733DD800803E00
(1675526520.959524) vcan0 2C0#5D8700620300A0F1
(1675526520.959602) vcan0 2C5#00D71F0A3AE30070
(1675526520.959679) vcan0 340#5000000000000000
(1675526520.959829) vcan0 3AF#0000000000000020
(1675526520.959906) vcan0 008#43836C97C2800080
(1675526520.960488) vcan0 010#000000002FB031F8
(1675526520.960567) vcan0 1D0#0000000000000061
(1675526520.961942) vcan0 3C8#5D87008E882C008E
(1675526520.963465) vcan0 125#E5007DE4C1D0D734
(1675526520.963470) vcan0 1B0#00C0000000B000EC
(1675526520.963612) vcan0 1B5#FFF45A91C1E0FFEF
(1675526520.963685) vcan0 1D8#363339343234DA43
(1675526520.963760) vcan0 1E0#0024634300B917E0
(1675526520.968631) vcan0 008#45837C68DF800080
(1675526520.969938) vcan0 260#D0FF005549CC85B0
(1675526520.971451) vcan0 010#000000002FB031F8
(1675526520.971547) vcan0 072#F000FF3F00788038
(1675526520.971690) vcan0 330#2800000000000000
(1675526520.972930) vcan0 0F5#DC80E280BF5B916B
(1675526520.973074) vcan0 120#DD80E5807FFF5589
(1675526520.973147) vcan0 130#B7FA1DE000B3FF11
(1675526520.973221) vcan0 150#DF00ED67BDF7B4C0
(1675526520.974471) vcan0 055#B5F7FF67B3009C80
(1675526520.977503) vcan0 065#38E3F7E7008EFB01
(1675526520.977580) vcan0 070#000049A800E25B00
(1675526520.977659) vcan0 075#0000000000005458
(1675526520.977736) vcan0 080#FF4F8000C2002C00
(1675526520.977814) vcan0 0B0#39837CA200C239A3
(1675526520.977962) vcan0 145#FDD2D280FCC810A1
(1675526520.978040) vcan0 210#0BE180A0A869F145
(1675526520.978119) vcan0 288#D5DFD02F00000080
(1675526520.978196) vcan0 0E0#E2733DE000801E00
(1675526520.978929) vcan0 008#47838C5ED7800080
(1675526520.980448) vcan0 010#000000002FB031F8
(1675526520.980527) vcan0 1D0#0000000000000061
(1675526520.981902) vcan0 291#0000000000000000
(1675526520.983561) vcan0 125#E5FB7CE4C1D0D734
(1675526520.983705) vcan0 1B0#00C0000000B000EC
(1675526520.983779) vcan0 1B5#FFF55A91C2E0FFEF
(1675526520.983854) vcan0 1D8#363339343234DA43
(1675526520.983996) vcan0 1E0#0024630300B917E0
(1675526520.984071) vcan0 2C3#5D8700FFFF095450
(1675526520.985104) vcan0 290#0000000000000000
(1675526520.985178) vcan0 072#F000FF3F0078A038
(1675526520.988954) vcan0 008#4C839C49D7800080
(1675526520.991700) vcan0 010#000000002FB031F8
(1675526520.991844) vcan0 2A9#8C26008AC0000084
(1675526520.993220) vcan0 0F5#DC80E180BF5F816B
(1675526520.993303) vcan0 120#DD80E5807FFF5589
(1675526520.993377) vcan0 130#BFFA1DE000A3FF11
(1675526520.993529) vcan0 150#DE00F377BCF7A5C0
(1675526520.994690) vcan0 055#B5F7FF67B3009C80
(1675526520.994840) vcan0 065#39E3F7E7008EFB01
(1675526520.994919) vcan0 070#000049A800E25B00
(1675526520.997733) vcan0 075#0000000000005458
(1675526520.997812) vcan0 080#FF4F8000C2002C00
(1675526520.997890) vcan0 0B0#39837CA200C239A3
(1675526520.997966) vcan0 145#FDC2D380FCC810A1
(1675526520.998116) vcan0 28C#000020000016BE90
(1675526520.998194) vcan0 2B5#4B49586293A64A39
(1675526520.998273) vcan0 0E0#E2733EE80080FD00
(1675526520.999216) vcan0 008#4E83AC3ED0800080
(1675526520.999293) vcan0 260#D0FF00AA49CA85B0
(1675526521.000670) vcan0 010#000000002FB031F9
(1675526521.000828) vcan0 072#F000FF3F00788038
(1675526521.000905) vcan0 1D0#0000000000000A61
(1675526521.000983) vcan0 210#0BE180A0A869F14D
(1675526521.001062) vcan0 288#D5DFD02F00000080
(1675526521.002222) vcan0 125#E5F57CE4C1D0D734
(1675526521.003728) vcan0 1B0#00C0000000B000EC
(1675526521.003802) vcan0 1B5#FFF65B92C2E0FFEF
(1675526521.003877) vcan0 1D8#363339343234DA43
(1675526521.004020) vcan0 1E0#0028534300B917E0
(1675526521.008819) vcan0 008#5083BC2CD0800080
(1675526521.010194) vcan0 010#000000002FB031F8
(1675526521.011706) vcan0 291#0000000000000000
(1675526521.011781) vcan0 425#0000000000000000
(1675526521.013156) vcan0 0F5#DC80DF80BF63716B
(1675526521.013300) vcan0 120#DC80E5807FFF5589
(1675526521.013373) vcan0 130#C7FA1DE00093FF11
(1675526521.013463) vcan0 150#DE00F387BBF795C0
(1675526521.014697) vcan0 055#B5F7FF67B3009C80
(1675526521.014775) vcan0 065#38E3F7E7008EFB01
(1675526521.017740) vcan0 070#000049A800E25B00
(1675526521.017818) vcan0 072#F000FF3F0078A038
(1675526521.017895) vcan0 075#0000000000005458
(1675526521.017973) vcan0 080#FF4F8000C2002C00
(1675526521.018122) vcan0 0B0#39837CA200C239A3
(1675526521.018201) vcan0 145#FDB2D480FCC810A1
(1675526521.018279) vcan0 290#0000000000000000
(1675526521.018357) vcan0 2C0#5D8700630300A0F1
(1675526521.018434) vcan0 2C5#00D71F0939E30070
(1675526521.018511) vcan0 350#A200000000000080
(1675526521.018662) vcan0 0E0#E2733EF00080DD00
(1675526521.018740) vcan0 370#0724C0005A1BC700
(1675526521.018817) vcan0 3E0#000000D937808090
(1675526521.019194) vcan0 008#5283CC21C9800080
(1675526521.020713) vcan0 010#000000002FB031F8
(1675526521.020790) vcan0 1D0#0000000000000061
(1675526521.022165) vcan0 125#E5F07CE4C1D0D734
(1675526521.023747) vcan0 1B0#00C0000000B002EC
(1675526521.023821) vcan0 1B5#FFF65B92C2E0FFEF
(1675526521.023894) vcan0 1D8#363339343234DA43
(1675526521.023969) vcan0 1E0#002C434300B917E0
(1675526521.024112) vcan0 2C3#5D8700FFFF095450
(1675526521.025217) vcan0 210#0BE180A0A869F145
(1675526521.026660) vcan0 288#DDDFD02F00000080
(1675526521.029338) vcan0 008#5583DC15C2800080
(1675526521.030714) vcan0 260#D0FF00AA49C985B0
(1675526521.030788) vcan0 010#000000002FB031F8
(1675526521.030931) vcan0 072#F000FF3F00788038
(1675526521.032239) vcan0 2A9#8C260093C0000084
(1675526521.033685) vcan0 0F5#DC80DF80BF67616B
(1675526521.033836) vcan0 120#DC80E4807FFF5589
(1675526521.033913) vcan0 130#CFFA1DE00083FF11
(1675526521.033992) vcan0 150#DD00F797BAF786C0
(1675526521.035225) vcan0 055#B5F7FF67B3009C80
(1675526521.035303) vcan0 065#37E3F7E7008EFB01
(1675526521.035382) vcan0 070#000049A800E25B00
(1675526521.035531) vcan0 075#0000000000005458
(1675526521.035608) vcan0 080#FF4F8000C2002C00
(1675526521.038207) vcan0 0B0#39837CA200C239A3
(1675526521.038285) vcan0 145#FDA2D580FCC810A1
(1675526521.038363) vcan0 28C#000020000016BE90
(1675526521.038513) vcan0 2B5#4B49586293A64A39
(1675526521.038592) vcan0 340#5000000000000000
(1675526521.038668) vcan0 360#5D8700D3BB64A001
(1675526521.038747) vcan0 0E0#E2733DF80080BE00
(1675526521.039700) vcan0 008#5583EC14B3800080
(1675526521.039778) vcan0 010#000000002FB031F8
(1675526521.041225) vcan0 1D0#0000000000000061
(1675526521.041304) vcan0 291#0000000000000000
(1675526521.041381) vcan0 390#80FF051D02025F4F
(1675526521.042685) vcan0 125#E5ED7CE4C1D0D734
(1675526521.042835) vcan0 1B0#00C0000000B003EC
(1675526521.042913) vcan0 1B5#FFF75C92C2E0FFEF
(1675526521.044183) vcan0 1D8#363339343234DA43
(1675526521.044327) vcan0 1E0#002C430300B917E0
(1675526521.045701) vcan0 290#0000000000000000
(1675526521.045776) vcan0 072#F000FF3F0078A038
(1675526521.045919) vcan0 3B0#00D845383EB8C400
(1675526521.048459) vcan0 008#5783FC179E800080
(1675526521.049903) vcan0 010#000000002FB031F8
(1675526521.050046) vcan0 210#0BE180A0A869F14D
(1675526521.050129) vcan0 330#2800000000000000
(1675526521.051438) vcan0 3D0#8A0F6100340680C3
(1675526521.051512) vcan0 288#E5DFD02F00000080
(1675526521.052954) vcan0 0F5#DC80DE80BF6B516B
(1675526521.053029) vcan0 120#DE80E4807FFF5589
(1675526521.053102) vcan0 130#D7FA1DE00073FF11
(1675526521.053244) vcan0 150#DD00F7A7B9F776C0
(1675526521.054472) vcan0 3CA#00000000510000C8
(1675526521.054551) vcan0 055#B5F7FF67B3009C80
(1675526521.054629) vcan0 065#37E3F7E7008EFB01
(1675526521.057445) vcan0 070#000049A800E25B00
(1675526521.057597) vcan0 075#0000000000005458
(1675526521.057674) vcan0 080#FF4F8000C2002C00
(1675526521.057753) vcan0 0B0#39837BA200C239A3
(1675526521.057831) vcan0 145#FD92D680FCC810A1
(1675526521.057908) vcan0 430#2A082800000015A6
(1675526521.057995) vcan0 0E0#E2733EC000809D00
(1675526521.058940) vcan0 008#59830CFEA5800080
(1675526521.059090) vcan0 260#D0FF00AA49CA85B0
(1675526521.060463) vcan0 010#000000002FB031F8
(1675526521.060541) vcan0 072#F000FF3F00788038
(1675526521.060618) vcan0 1D0#0000000000000061
(1675526521.063147) vcan0 125#E5EA7CE4C1D0D734
(1675526521.064471) vcan0 1B0#00C0000000B004EC
(1675526521.064547) vcan0 1B5#FFF75D93C3E0FFEF
(1675526521.064619) vcan0 1D8#363339343234DA43
(1675526521.064762) vcan0 1E0#0030334300B917E0
(1675526521.064836) vcan0 2C3#5D8700FFFF095450
(1675526521.068473) vcan0 008#59831C0B88800080
(1675526521.071078) vcan0 010#000000002FB031F8
(1675526521.072454) vcan0 291#0000000000000000
(1675526521.072596) vcan0 2A9#8C26008AC0000084
(1675526521.073962) vcan0 0F5#DC80DE80BF6F416B
(1675526521.074042) vcan0 120#DE80E1807FFF5589
(1675526521.074192) vcan0 130#DFFA1DE00063FF11
(1675526521.074269) vcan0 150#DD00F8B7B8F766C0
(1675526521.076941) vcan0 055#B5F7FF67B3009C80
(1675526521.077090) vcan0 065#37E3F7E7008EFB01
(1675526521.077168) vcan0 070#000049A800E25B00
(1675526521.077245) vcan0 075#0000000000005458
(1675526521.077323) vcan0 072#F000FF3F0078A038
(1675526521.077401) vcan0 080#FF4F8000C2002C00
(1675526521.077479) vcan0 0B0#39837BA200C239A3
(1675526521.077628) vcan0 145#FD82D780FCC810A1
(1675526521.077707) vcan0 210#0BE180A0A869F14D
(1675526521.077784) vcan0 288#D0DFE01F00000080
(1675526521.077862) vcan0 28C#000020000016BE90
(1675526521.077939) vcan0 290#0000000000000000
(1675526521.078601) vcan0 0E0#E2733DC800807E00
(1675526521.078679) vcan0 2B5#4B4A586293A64A39
(1675526521.078757) vcan0 2C0#5D8700640300A0F1
(1675526521.078834) vcan0 2C5#00D71F0938E30070
(1675526521.078986) vcan0 3AF#0000000000000020
(1675526521.079062) vcan0 008#59832C1073800080
(1675526521.081447) vcan0 010#000000002FB031F9
(1675526521.081526) vcan0 1D0#0000000000000A61
(1675526521.081675) vcan0 3C8#5D87008E882C008E
(1675526521.082978) vcan0 125#E5EA7CE4C1D0D734
(1675526521.083057) vcan0 1B0#00C0000000B005EC
(1675526521.083133) vcan0 1B5#FFF85D93C3E0FFEF
(1675526521.083212) vcan0 1D8#363339343234DA43
(1675526521.084466) vcan0 1E0#0034234300B917E0
(1675526521.088445) vcan0 008#59833C0073800080
(1675526521.089959) vcan0 260#D0FF005549C885B0
(1675526521.090042) vcan0 010#000000002FB031F8
(1675526521.090117) vcan0 072#F000FF3F00788038
(1675526521.092586) vcan0 0F5#DC80DA80BF73316B
(1675526521.093966) vcan0 120#DE80E1807F005689
(1675526521.094045) vcan0 130#E7FA1DE00053FF11
(1675526521.095637) vcan0 150#DB00F1C7B8F758C0
(1675526521.095787) vcan0 055#B5F7FF67B3009C80
(1675526521.095866) vcan0 065#38E3F7E7008EFB01
(1675526521.095943) vcan0 070#000049A800E25B00
(1675526521.096021) vcan0 075#0000000000005458
(1675526521.096099) vcan0 080#FF4F8000C2002C00
(1675526521.096177) vcan0 0B0#39837CA200C239A3
(1675526521.096326) vcan0 145#FD72D880FCC810A1
(1675526521.098423) vcan0 0E0#E2733ED000805D00
(1675526521.098572) vcan0 008#59834CFF64800080
(1675526521.099947) vcan0 010#000000002FB031F8
(1675526521.100033) vcan0 1D0#0000000000000061
(1675526521.100112) vcan0 210#0BE18020A869F145
(1675526521.101416) vcan0 291#0000000000000000
(1675526521.101565) vcan0 288#D0DFE01F00000080
(1675526521.102940) vcan0 125#E5EA7CE4C1D0D734
(1675526521.103091) vcan0 1B0#00C0000000B006EC
(1675526521.103167) vcan0 1B5#FFF85E93C3E0FFEF
(1675526521.103247) vcan0 1D8#363339343234DA43
(1675526521.104502) vcan0 1E0#0034230300B917E0
(1675526521.104644) vcan0 2C3#5D8700FFFF095450
(1675526521.104718) vcan0 290#0000000000000000
(1675526521.105958) vcan0 072#F000FF3F0078A038
(1675526521.106032) vcan0 350#A200000000000080
(1675526521.108572) vcan0 008#59835CFD56800080
(1675526521.109948) vcan0 010#000000002FB031F8
(1675526521.111459) vcan0 2A9#8C260093C0000084
(1675526521.111555) vcan0 400#000101010002031B
(1675526521.111630) vcan0 405#0000000000000022
(1675526521.112938) vcan0 0F5#D980DA80BF77216B
(1675526521.113081) vcan0 120#D980DF807F025689
(1675526521.113156) vcan0 130#EFF71DDF0044FF11
(1675526521.113229) vcan0 150#D900F1D7B7F74AC0
(1675526521.114467) vcan0 055#B5F7FF67B3009C80
(1675526521.116058) vcan0 065#39E3F7E7008EFB01
(1675526521.116137) vcan0 070#000049A800E25B00
(1675526521.116287) vcan0 075#0000000000005458
(1675526521.116365) vcan0 080#FF4F8000C2002C00
(1675526521.116442) vcan0 0B0#39837CA200C239A3
(1675526521.116519) vcan0 145#FD62D980FCC810A1
(1675526521.116598) vcan0 28C#000020000016BE90
(1675526521.116748) vcan0 2B5#4B4A586293A64A39
(1675526521.118916) vcan0 340#5000000000000000
(1675526521.119074) vcan0 370#0724C0005A1BC700
(1675526521.119152) vcan0 0E0#E2733FD800803C00
(1675526521.119231) vcan0 008#59836C0340800080
(1675526521.119309) vcan0 260#D0FF005549C785B0
(1675526521.120468) vcan0 010#000000002FB031F8
(1675526521.120546) vcan0 072#F000FF3F00788038
(1675526521.120624) vcan0 1D0#0000000000000061
(1675526521.123076) vcan0 125#E5EA7CE4C1D0D734
(1675526521.124403) vcan0 1B0#00C0000001B006EC
(1675526521.124553) vcan0 1B5#FFF95E93C4E0FFEF
(1675526521.124631) vcan0 1D8#363339343234DA43
(1675526521.124709) vcan0 1E0#0038134300B917E0
(1675526521.125940) vcan0 210#0BE180A0A869F14D
(1675526521.126016) vcan0 288#E1DFE01F00000080
(1675526521.128543) vcan0 008#59837C0132800080
(1675526521.129989) vcan0 010#000000002FB031F8
(1675526521.131443) vcan0 291#0000000000000000
(1675526521.131521) vcan0 330#2800000000000000
(1675526521.132965) vcan0 0F5#D880D280BF7B116B
(1675526521.133045) vcan0 120#D980DE807FFF5589
(1675526521.133132) vcan0 130#F7F71DDF0034FF11
(1675526521.133201) vcan0 150#D600F0E7B7F73DC0
(1675526521.134457) vcan0 055#B5F7FF67B3009C80
(1675526521.137477) vcan0 065#3AE3F7E7018EFB01
(1675526521.137550) vcan0 070#000049A800E25B00
(1675526521.137625) vcan0 072#F000FF3F0078A038
(1675526521.137767) vcan0 075#0000000000005458
(1675526521.137840) vcan0 080#FF4F8000C2002C00
(1675526521.137915) vcan0 0B0#39837CA200C239A3
(1675526521.137988) vcan0 145#FD52DA80FCC810A1
(1675526521.138131) vcan0 290#0000000000000000
(1675526521.138204) vcan0 2C0#5D8700650300A0F1
(1675526521.138288) vcan0 2C5#00D71F0939E30070
(1675526521.138363) vcan0 360#5D8700D3BB64A001
(1675526521.138505) vcan0 0E0#E27342E000801900
(1675526521.138922) vcan0 008#5C838CFD23800080
(1675526521.140435) vcan0 010#000000002FB031F8
(1675526521.140577) vcan0 1D0#0000000000000061
(1675526521.140652) vcan0 390#80FF051D023E504F
(1675526521.143124) vcan0 125#E5EA7CE4C1D0D734
(1675526521.144471) vcan0 1B0#00C0000001B008EC
(1675526521.144548) vcan0 1B5#FFF95F94C4E0FFEF
(1675526521.144627) vcan0 1D8#363339343234DA43
(1675526521.144705) vcan0 1E0#003C034300B917E0
(1675526521.144855) vcan0 2C3#5D8700FFFF095450
(1675526521.148464) vcan0 008#5C839CED23800080
(1675526521.149909) vcan0 260#D0FF005549C585B0
(1675526521.150059) vcan0 010#000000002FB031F8
(1675526521.150145) vcan0 072#F000FF3F00788038
(1675526521.150224) vcan0 210#0BE180A0A869F145
(1675526521.151455) vcan0 2A9#8C26008AC0000084
(1675526521.151531) vcan0 288#E1DFE01F00000080
(1675526521.152906) vcan0 0F5#D680D280BF7F016B
(1675526521.153054) vcan0 120#D580DE807FFF5589
(1675526521.153140) vcan0 130#FFF41DDE0025FF11
(1675526521.153211) vcan0 150#D400F7F7B7F72FC0
(1675526521.154468) vcan0 055#B5F7FF67B3009C80
(1675526521.154543) vcan0 065#3BE3F6E7008EFA01
(1675526521.157495) vcan0 070#000049A800E25B00
(1675526521.157569) vcan0 075#0000000000005458
(1675526521.157643) vcan0 080#FE4F8000C2002C00
(1675526521.157716) vcan0 0B0#39837CA200C239A3
(1675526521.157860) vcan0 145#FD42DB80FCC810A1
(1675526521.157934) vcan0 28C#000020000016BE90
(1675526521.158016) vcan0 2B5#4B4A586293A64A38
(1675526521.158089) vcan0 0E0#E27347E80080F400
(1675526521.158986) vcan0 008#5C83ACF20E800080
(1675526521.160430) vcan0 010#000000002FB031F9
(1675526521.160572) vcan0 1D0#0000000000000A61
(1675526521.161949) vcan0 291#0000000000000000
(1675526521.163461) vcan0 125#E5EA7CE4C1D0D734
(1675526521.163539) vcan0 1B0#00C0000001B009EC
(1675526521.163691) vcan0 1B5#FFFA5F94C4E0FFEF
(1675526521.163769) vcan0 1D8#363339343234DA43
(1675526521.163846) vcan0 1E0#003C030300B917E0
(1675526521.164936) vcan0 290#0000000000000000
(1675526521.166458) vcan0 072#F000FF3F0078A038
(1675526521.166535) vcan0 3B0#00FC45383EB8C400
(1675526521.169141) vcan0 008#5C83BCD41C800080
(1675526521.171590) vcan0 010#000000002FB031F8
(1675526521.172981) vcan0 0F5#CF80CB80BF43F16B
(1675526521.175961) vcan0 120#D580DA807FFB5589
(1675526521.176035) vcan0 130#87F21DDE0015FF11
(1675526521.176178) vcan0 150#D000F907B8F723C0
(1675526521.176252) vcan0 3CA#00000000520000C8
(1675526521.176326) vcan0 055#B5F7FF67B3009C80
(1675526521.176400) vcan0 065#3BE3F6E7008EFB01
(1675526521.176543) vcan0 070#000049A800E25B00
(1675526521.176616) vcan0 075#0000000000005458
(1675526521.176690) vcan0 080#FE4F8000C2002C00
(1675526521.176765) vcan0 0B0#39837CA200C239A3
(1675526521.176907) vcan0 145#FD32DC80FCC810A1
(1675526521.176982) vcan0 210#06E180A0A869F145
(1675526521.177467) vcan0 288#E1DFF00F00000080
(1675526521.177539) vcan0 0E0#E2734CF00080CF00
(1675526521.178915) vcan0 008#5C83CCC41C800080
(1675526521.180438) vcan0 260#D0FF005549C485B0
(1675526521.180581) vcan0 010#000000002FB031F8
(1675526521.181958) vcan0 072#F000FF3F00788038
(1675526521.182032) vcan0 1D0#0000000000000061
(1675526521.183614) vcan0 125#E5EA7CE4C1D0D734
(1675526521.183693) vcan0 1B0#00C0000001B00AEC
(1675526521.183770) vcan0 1B5#FFFA6094C4E0FFEF
(1675526521.183849) vcan0 1D8#363339343234DA43
(1675526521.183998) vcan0 1E0#0000F34300B917E0
(1675526521.184077) vcan0 2C3#5D8700FFFF095450
(1675526521.188765) vcan0 008#5E83DCC00E800080
(1675526521.191437) vcan0 010#000000002FB031F8
(1675526521.191586) vcan0 291#0000000000000000
(1675526521.191664) vcan0 2A9#8C260082C0000084
(1675526521.192967) vcan0 0F5#CF80CB80BF47E16C
(1675526521.193045) vcan0 120#CF80DA807FFB5589
(1675526521.193136) vcan0 130#8FEF1DDA0009FD11
(1675526521.193282) vcan0 150#CD00F717B8F716C0
(1675526521.194464) vcan0 055#B5F7FF67B3009C80
(1675526521.194539) vcan0 065#3AE3F6E7008EFA01
(1675526521.197490) vcan0 070#000049A800E25B00
(1675526521.197565) vcan0 072#F000FF3F0078A038
(1675526521.197639) vcan0 075#0000000000005458
(1675526521.197713) vcan0 080#FF4F8000C2002C00
(1675526521.197855) vcan0 0B0#39837DA200C239A3
(1675526521.197930) vcan0 145#FD22DD80FCC810A1
(1675526521.198005) vcan0 28C#000020000016BE90
(1675526521.198079) vcan0 290#0000000000000000
(1675526521.198222) vcan0 2B5#4B4A586293A64A38
(1675526521.198295) vcan0 2C0#5D8700630300A0F1
(1675526521.198369) vcan0 0E0#E2734DF80080AE00
(1675526521.198444) vcan0 2C5#00D71F093AE30070
(1675526521.198937) vcan0 340#4F00000000000000
(1675526521.199079) vcan0 350#A200000000000080
(1675526521.199154) vcan0 3AF#0000000000000020
(1675526521.199228) vcan0 008#5E83ECA21C800080
(1675526521.200467) vcan0 010#000000002FB031F8
(1675526521.200541) vcan0 1D0#0000000000000061
(1675526521.200683) vcan0 210#06E180A0A869F14D
(1675526521.201920) vcan0 288#EDDFF00F00000080
(1675526521.202064) vcan0 3C8#5D87008E882C008E
(1675526521.203460) vcan0 125#E5E87CE4C1D0D734
(1675526521.203539) vcan0 1B0#00C0000000B00BEC
(1675526521.203690) vcan0 1B5#FFFB6094C5E0FFEF
(1675526521.203767) vcan0 1D8#363339343234DA43
(1675526521.203845) vcan0 1E0#0004E34300B917E0
(1675526521.208607) vcan0 008#5E83FC921C800080
(1675526521.209980) vcan0 260#D0FF00AA49C585B0
(1675526521.211436) vcan0 010#000000002FB031F8
(1675526521.211587) vcan0 072#F000FF3F00788038
(1675526521.211665) vcan0 330#2800000000000000
(1675526521.212968) vcan0 0F5#C780C780BF4BD16C
(1675526521.213045) vcan0 120#CF80D2807FFF5589
(1675526521.213133) vcan0 130#97EF1DD900FAFD11
(1675526521.213201) vcan0 150#CB00FB27B8F708C0
(1675526521.214452) vcan0 055#B6F7FF67B3009C80
(1675526521.217474) vcan0 065#3AE3F6E7008EFA01
(1675526521.217546) vcan0 070#000048A800E25B00
(1675526521.217689) vcan0 075#0000000000005458
(1675526521.217764) vcan0 080#FF4F8000C2002C00
(1675526521.217837) vcan0 0B0#39837DA200C239A3
(1675526521.217911) vcan0 145#FD12DE80FCC810A1
(1675526521.217986) vcan0 370#0724C0005A1BC700
(1675526521.218128) vcan0 0E0#E27347C000809400
(1675526521.218964) vcan0 008#60830C801C800080
(1675526521.220410) vcan0 010#000000002FB031F8
(1675526521.220553) vcan0 1D0#0000000000000061
(1675526521.220628) vcan0 291#0000000000000000
(1675526521.223099) vcan0 125#E5E87CE4C1D0D734
(1675526521.224470) vcan0 1B0#00C0000002B00BEC
(1675526521.224548) vcan0 1B5#FFFB6195C5E0FFEF
(1675526521.224626) vcan0 1D8#363339343234DA43
(1675526521.224776) vcan0 1E0#0004E30300B917E0
(1675526521.224853) vcan0 2C3#5D8700FFFF095450
(1675526521.225941) vcan0 290#0000000000000000
(1675526521.226090) vcan0 072#F000FF3F0078A038
(1675526521.226167) vcan0 210#06E180A0A869F145
(1675526521.226245) vcan0 288#E5DFF00F00000080
(1675526521.228628) vcan0 008#60831C701C800080
(1675526521.230003) vcan0 010#000000002FB031F8
(1675526521.231460) vcan0 2A9#8C26009BC0000084
(1675526521.232906) vcan0 0F5#C380C780BF4FC16C
(1675526521.233057) vcan0 120#C880D2807FFE5589
(1675526521.233136) vcan0 130#9FEC1DD200F1F711
(1675526521.233212) vcan0 150#C500F937B8F7FEC0
(1675526521.234465) vcan0 055#B6F7FF67B3009C80
(1675526521.236114) vcan0 065#3BE3F6E7018EFB01
(1675526521.236190) vcan0 070#000048A800E25B00
(1675526521.236264) vcan0 075#0000000000005458
(1675526521.236339) vcan0 080#FE4F8000C2002C00
(1675526521.236482) vcan0 0B0#39837DA200C239A3
(1675526521.236556) vcan0 145#FD02DF80FCC810A1
(1675526521.236629) vcan0 28C#000020000016BE90
(1675526521.236703) vcan0 2B5#4B4A586293A64A38
(1675526521.238967) vcan0 360#5D8700D3BB64A001
(1675526521.239041) vcan0 0E0#E27342C800807900
(1675526521.239124) vcan0 008#60832C4A32800080
(1675526521.240431) vcan0 260#D0FF00AA49C385B0
(1675526521.240576) vcan0 010#000000002FB031F9
(1675526521.240649) vcan0 072#F000FF3F00788038
(1675526521.240725) vcan0 1D0#0000000000000A61
(1675526521.240798) vcan0 390#80FF051D023A514F
(1675526521.243134) vcan0 125#E5E57CE4C1D0D734
(1675526521.244464) vcan0 1B0#00C0000001B00CEC
(1675526521.244542) vcan0 1B5#FFFC6195C5E0FFEF
(1675526521.244692) vcan0 1D8#363339343234DA43
(1675526521.244769) vcan0 1E0#0008D34300B917E0
(1675526521.248450) vcan0 008#60833C3A32800080
(1675526521.249971) vcan0 010#000000002FB031F8
(1675526521.250047) vcan0 210#06E18020A869F14D
(1675526521.250127) vcan0 291#0000000000000000
(1675526521.251430) vcan0 3D0#8A0F6100340680C3
(1675526521.251527) vcan0 288#D0DFF00F00000080
(1675526521.252903) vcan0 0F5#C380C180BF53B16C
(1675526521.253053) vcan0 120#C880C8807FFF5589
(1675526521.253136) vcan0 130#A7E91DCF00E4F411
(1675526521.253208) vcan0 150#C200F747B8F7F1C0
(1675526521.254465) vcan0 055#B6F7FF67B3009C80
(1675526521.257484) vcan0 065#3CE3F6E7008EFB01
(1675526521.257559) vcan0 070#000048A800E25B00
(1675526521.257633) vcan0 072#F000FF3F0078A038
(1675526521.257775) vcan0 075#0000000000005458
(1675526521.257850) vcan0 080#FE4F8000C2002C00
(1675526521.257924) vcan0 0B0#39837DA200C239A3
(1675526521.257997) vcan0 145#FDF2D080FCC810A1
(1675526521.258140) vcan0 290#0000000000000000
(1675526521.258215) vcan0 2C0#5D8700630300A0F1
(1675526521.258289) vcan0 2C5#00D71F083BE30070
(1675526521.258372) vcan0 0E0#E2733DD000805E00
(1675526521.258926) vcan0 008#62834C2832800080
(1675526521.260440) vcan0 010#000000002FB031F8
(1675526521.260513) vcan0 1D0#0000000000000061
(1675526521.261958) vcan0 125#E5E27CE4C1D0D734
(1675526521.263401) vcan0 1B0#00C0000002B00CEC
(1675526521.263532) vcan0 1B5#FFFC6295C5E0FFEF
(1675526521.263611) vcan0 1D8#363339343234DA43
(1675526521.263761) vcan0 1E0#000CC34300B917E0
(1675526521.263840) vcan0 2C3#5D8700FFFF095450
(1675526521.268604) vcan0 008#62835C1832800080
(1675526521.269981) vcan0 260#D0FF00AA49C185B0
(1675526521.271429) vcan0 010#000000002FB031F8
(1675526521.271580) vcan0 072#F000FF3F00788038
(1675526521.271658) vcan0 2A9#8C260082C0000084
(1675526521.272959) vcan0 0F5#B380C180BF57A16C
(1675526521.273045) vcan0 120#BC80C8807F045689
(1675526521.273134) vcan0 130#AFE61DC800DBEF11
(1675526521.273201) vcan0 150#BA00F057B8F7E9C0
(1675526521.274456) vcan0 055#B6F7FF67B3009C80
(1675526521.277477) vcan0 065#3CE3F6E7008EFA01
(1675526521.277551) vcan0 070#000048A800E25B00
(1675526521.277695) vcan0 075#0000000000005458
(1675526521.277769) vcan0 080#FE4F8000C2002C00
(1675526521.277843) vcan0 0B0#39837DA200C239A3
(1675526521.277918) vcan0 145#FDE2D180FCC810A1
(1675526521.277992) vcan0 210#06E180A0A869F14D
(1675526521.278136) vcan0 288#BCDF00FF00000080
(1675526521.278210) vcan0 28C#000020000016BE91
(1675526521.278284) vcan0 2B5#4B4A586293A64A37
(1675526521.278358) vcan0 340#4F00000000000000
(1675526521.278500) vcan0 0E0#E2733AD800804100
(1675526521.278927) vcan0 008#65836C0532800080
(1675526521.280440) vcan0 010#000000002FB031F8
(1675526521.281952) vcan0 1D0#0000000000000061
(1675526521.282028) vcan0 291#0000000000000000
(1675526521.283531) vcan0 125#E5DF7CE4C1D0D734
(1675526521.283609) vcan0 1B0#00C0000002B00CEC
(1675526521.283687) vcan0 1B5#FFFD6295C6E0FFEF
(1675526521.283766) vcan0 1D8#363339343234DA43
(1675526521.283844) vcan0 1E0#000CC30300B917E0
(1675526521.284931) vcan0 290#0000000000000000
(1675526521.285082) vcan0 072#F000FF3F0078A038
(1675526521.285160) vcan0 3B0#00D8453C3EB8C400
(1675526521.286463) vcan0 350#A200000000000080
(1675526521.289142) vcan0 008#65837CE740800080
(1675526521.290438) vcan0 010#000000002FB031F8
(1675526521.291960) vcan0 330#2800000000000000
(1675526521.293431) vcan0 0F5#B380C080BF5B916C
(1675526521.293574) vcan0 120#BC80BD807F085689
(1675526521.293649) vcan0 130#B7E61DC800CBF111
(1675526521.293725) vcan0 150#B900EA67B8F7DAC0
(1675526521.293797) vcan0 3CA#00000000530000C8
(1675526521.294969) vcan0 055#B6F7FF67B3009C80
(1675526521.295044) vcan0 065#3CE3F5E7008EFA01
(1675526521.295118) vcan0 070#000048A800E25B00
(1675526521.295260) vcan0 075#0000000000005458
(1675526521.296431) vcan0 080#FE4F8000C2002C00
(1675526521.296573) vcan0 0B0#39837DA2FFC139A3
(1675526521.296647) vcan0 145#FDD2D280FCC810A1
(1675526521.297954) vcan0 0E0#E27333E000802800
(1675526521.299467) vcan0 008#67838CE332800080
(1675526521.299540) vcan0 260#D0FF005549C285B0
(1675526521.300916) vcan0 010#000000002FB031F8
(1675526521.301068) vcan0 072#F000FF3F00788038
(1675526521.301143) vcan0 1D0#0000000000000061
(1675526521.301217) vcan0 210#06E180A0A869F145
(1675526521.301292) vcan0 288#9FDF00FF00000080
(1675526521.302460) vcan0 125#E5DC7CE4C1D0D734
(1675526521.302534) vcan0 1B0#00C0000000B00CEC
(1675526521.303919) vcan0 1B5#FFFD6395C6E0FFEF
(1675526521.304062) vcan0 1D8#363339343234DA43
(1675526521.304136) vcan0 1E0#0010B34300B917E0
(1675526521.304211) vcan0 2C3#5D8700FFFF095450
(1675526521.309080) vcan0 008#67839CD332800080
(1675526521.310455) vcan0 010#000000002FB031F8
(1675526521.311970) vcan0 291#0000000000000000
(1675526521.312044) vcan0 2A9#8C26009BC0000084
(1675526521.313452) vcan0 0F5#A480C080BF5F816C
(1675526521.313531) vcan0 120#B380BD807F075689
(1675526521.313617) vcan0 130#BFE61DC000C3EC11
(1675526521.313695) vcan0 150#B900E177B8F7CAC0
(1675526521.315001) vcan0 055#B6F7FF67B3009C80
(1675526521.315079) vcan0 065#3AE3F5E7FF8DFA01
(1675526521.315228) vcan0 070#000048A800E25B00
(1675526521.315307) vcan0 072#F000FF3F0078A038
(1675526521.317979) vcan0 075#0000000000005458
(1675526521.318058) vcan0 080#FE4F8000C2002C00
(1675526521.318137) vcan0 0B0#39837DA200C239A3
(1675526521.318216) vcan0 145#FDC2D380FCC810A1
(1675526521.318291) vcan0 28C#000020000016BE91
(1675526521.318441) vcan0 290#0000000000000000
(1675526521.318519) vcan0 2B5#4B4A586293A64A37
(1675526521.318596) vcan0 2C0#5D8700620300A0F1
(1675526521.318674) vcan0 0E0#E2732FE800800C00
(1675526521.318752) vcan0 2C5#00D71F083CE30070
(1675526521.318838) vcan0 370#0724C0005A1BC700
(1675526521.318915) vcan0 3AF#0000000000000020
(1675526521.319499) vcan0 3E0#000000D937808090
(1675526521.319577) vcan0 008#6783ACAE47800080
(1675526521.320951) vcan0 010#000000002FB031F9
(1675526521.321029) vcan0 1D0#0000000000000A61
(1675526521.321177) vcan0 3C8#5D87008E882C008E
(1675526521.322482) vcan0 125#E5D97CE4C1D0D734
(1675526521.322559) vcan0 1B0#00C0000002B00CEC
(1675526521.323915) vcan0 1B5#FFFE6396C6E0FFEF
(1675526521.324057) vcan0 1D8#363339343234DA43
(1675526521.324131) vcan0 1E0#0014A34300B917E0
(1675526521.325439) vcan0 210#06E180A0A869F14D
(1675526521.326955) vcan0 288#83DF00FF00000080
(1675526521.328400) vcan0 008#6783BC9E47800080
(1675526521.329982) vcan0 260#D0FF005549C285B0
(1675526521.330064) vcan0 010#000000002FB031F8
(1675526521.330139) vcan0 072#F000FF3F00788038
(1675526521.332611) vcan0 0F5#A480BE80BF63716C
(1675526521.333891) vcan0 120#AB80B5807F045689
(1675526521.334041) vcan0 130#C7E61DC000B3F111
(1675526521.336934) vcan0 150#B200D987B8F7C1C0
(1675526521.337084) vcan0 055#B7F7FF67B3009C80
(1675526521.337163) vcan0 065#3AE3F6E7008EFA01
(1675526521.337240) vcan0 070#000047A800E25B00
(1675526521.337318) vcan0 075#0000000000005458
(1675526521.337395) vcan0 080#FF4F8000C2002C00
(1675526521.337546) vcan0 0B0#39837DA200C239A3
(1675526521.337623) vcan0 145#FDB2D480FCC810A1
(1675526521.337701) vcan0 360#5D8700D3BB64A001
(1675526521.337778) vcan0 0E0#E2732AF00080F100
(1675526521.338433) vcan0 008#6983CC9340800080
(1675526521.339963) vcan0 010#000000002FB031F8
(1675526521.340042) vcan0 1D0#0000000000000061
(1675526521.340119) vcan0 291#0000000000000000
(1675526521.341425) vcan0 390#80FF051D0236526F
(1675526521.342946) vcan0 125#E5D77CE4C1D0D734
(1675526521.343024) vcan0 1B0#00C0000000B00CEC
(1675526521.343101) vcan0 1B5#FFFE6496C6E0FFEF
(1675526521.343251) vcan0 1D8#363339343234DA43
(1675526521.344434) vcan0 1E0#0014A30300B917E0
(1675526521.344508) vcan0 2C3#5D8700FFFF095450
(1675526521.344652) vcan0 290#0000000000000000
(1675526521.345959) vcan0 072#F000FF3F0078A038
(1675526521.348636) vcan0 008#6C83DC8040800080
(1675526521.349944) vcan0 010#000000002FB031F8
(1675526521.351456) vcan0 210#06E180A0A869F145
(1675526521.351598) vcan0 2A9#8C260082C0000084
(1675526521.351680) vcan0 288#9FDF00FF00000080
(1675526521.352990) vcan0 0F5#A480BE80BF67616C
(1675526521.353063) vcan0 120#AB80B1807FFF5589
(1675526521.353137) vcan0 130#CFE61DBE00A5F411
(1675526521.353212) vcan0 150#B100DB97B7F7B2C0
(1675526521.355623) vcan0 055#B7F7FF67B3009C80
(1675526521.356926) vcan0 065#39E3F6E7008EFA01
(1675526521.357076) vcan0 070#000047A800E25B00
(1675526521.357155) vcan0 075#0000000000005458
(1675526521.357232) vcan0 080#FF4F8000C2002C00
(1675526521.357309) vcan0 0B0#39837DA200C239A3
(1675526521.359984) vcan0 145#FDA2D580FCC810A1
(1675526521.360062) vcan0 28C#000020000016BE90
(1675526521.360140) vcan0 2B5#4B4A576293A64A37
(1675526521.360218) vcan0 340#4F00000000000000
(1675526521.360368) vcan0 0E0#E2732BF80080D000
(1675526521.360454) vcan0 008#6E83EC5F4F800080
(1675526521.360532) vcan0 260#D0FF005549C285B0
(1675526521.361475) vcan0 581#FFFFFFFFFFFF0081
(1675526521.363142) vcan0 010#000000002FB031F8
(1675526521.363219) vcan0 072#F000FF3F00788038
(1675526521.363369) vcan0 1D0#0000000000000061
(1675526521.363450) vcan0 125#E5D47CE4C1D0D734
(1675526521.363525) vcan0 1B0#00C0000001B00CEC
(1675526521.363598) vcan0 1B5#FFFE6496C6E0FFEF
(1675526521.363741) vcan0 1D8#363339343234DA43
(1675526521.363816) vcan0 1E0#0018934300B917E0
(1675526521.364575) vcan0 400#000300030301001C
(1675526521.364650) vcan0 405#0000000000000023
(1675526521.368489) vcan0 008#7083FC4D4F800080
(1675526521.373746) vcan0 0F5#9A80B280BF6B516C
