(1675526561.455122) vcan0 120#0783EE837FB55589
(1675526561.455183) vcan0 125#E5FE59E4C1D0D735
(1675526561.455261) vcan0 130#9F071EC403FC1D12
(1675526561.455339) vcan0 150#2904F4347CF496C0
(1675526561.455488) vcan0 260#D0FF00AA497487B0
(1675526561.456217) vcan0 360#5D8700D2BB64A001
(1675526561.459249) vcan0 288#9ED6F00F00000080
(1675526561.459327) vcan0 055#D4F78428B2C99C80
(1675526561.459406) vcan0 008#8EA62C2104860080
(1675526561.459483) vcan0 065#B6E489F8F98D5902
(1675526561.459560) vcan0 070#00002BF853E25B00
(1675526561.459711) vcan0 075#0000000000005458
(1675526561.459788) vcan0 080#5A518000C2002C00
(1675526561.459865) vcan0 0B0#3983F5A2E5C139A3
(1675526561.459944) vcan0 145#FD02DF80FCC810A1
(1675526561.460028) vcan0 28C#000020000014FE1B
(1675526561.460109) vcan0 2B5#4B86006293A67F78
(1675526561.461844) vcan0 010#000000002FB031F9
(1675526561.461922) vcan0 072#F000FF3F00848038
(1675526561.462000) vcan0 1B0#00C0000002B000FC
(1675526561.462150) vcan0 1B5#FF3B3CC43EE0FFEF
(1675526561.463238) vcan0 1D0#0000000000000A61
(1675526561.463315) vcan0 1D8#363339343234D843
(1675526561.463394) vcan0 1E0#0008D34300B917E0
(1675526561.463469) vcan0 390#80FF051D023A514F
(1675526561.465819) vcan0 0E0#E2739FD00080FC00
(1675526561.467196) vcan0 008#A5A63CFA04860080
(1675526561.471103) vcan0 010#000000002FB031F8
(1675526561.472548) vcan0 210#EFDB8020A869EB4D
(1675526561.472690) vcan0 0F5#D2839F847F53B287
(1675526561.472764) vcan0 120#0B833B847FB45589
(1675526561.472849) vcan0 125#E5D259E4C1D0D735
(1675526561.472991) vcan0 130#A7071EC403EC2312
(1675526561.473066) vcan0 150#3004E14479F47FC0
(1675526561.473139) vcan0 291#0000000000000000
(1675526561.473213) vcan0 3D0#8B0F6100340680C3
(1675526561.475228) vcan0 072#F000FF3F0084A038
(1675526561.477972) vcan0 055#D4F78528B2C99C80
(1675526561.478051) vcan0 008#BEA64CAD28860080
(1675526561.478128) vcan0 065#AAE48CF8F98D5902
(1675526561.478277) vcan0 070#00002CF854E25B00
(1675526561.478357) vcan0 075#0000000000005458
(1675526561.478435) vcan0 080#5C518000C2002C00
(1675526561.479449) vcan0 0B0#3983F2A2E5C139A3
(1675526561.479599) vcan0 145#FDF2D080FCC810A1
(1675526561.479677) vcan0 290#0000000000000000
(1675526561.479754) vcan0 2C0#5D87003B0100A0F1
(1675526561.479841) vcan0 2C5#12D74E3AB3E40070
(1675526561.482079) vcan0 010#000000002FB031F8
(1675526561.482158) vcan0 1B0#00C0000003B000FC
(1675526561.482307) vcan0 1B5#FF3D3FC63FE0FFEF
(1675526561.482385) vcan0 1D0#0000000000000061
(1675526561.482464) vcan0 1D8#363339343234D843
(1675526561.483478) vcan0 1E0#000CC34300B917E0
(1675526561.483556) vcan0 288#71D6F00F00000080
(1675526561.483632) vcan0 2C3#5D8700FFFF3A5450
(1675526561.483783) vcan0 400#0101040201010112
(1675526561.483857) vcan0 405#5D870032002D3402
(1675526561.484960) vcan0 260#D0FF00AA497487B0
(1675526561.486474) vcan0 350#A200000000000080
(1675526561.486550) vcan0 0E0#E273A6D80080D500
(1675526561.486623) vcan0 008#D5A65C7737860080
(1675526561.490329) vcan0 0F5#CF83AB847F57A287
(1675526561.491716) vcan0 120#208355847FB25589
(1675526561.491789) vcan0 125#E5A559E4C1D0D735
(1675526561.493235) vcan0 010#000000002FB031F8
(1675526561.493308) vcan0 072#F000FF3F00888038
(1675526561.493382) vcan0 130#AF0C1ED603CA2912
(1675526561.493524) vcan0 150#3C04D25476F463C0
(1675526561.493599) vcan0 2A9#8C260082C0000084
(1675526561.495877) vcan0 210#EFDB80A0A869EB45
(1675526561.497179) vcan0 055#D4F78628B2C99C80
(1675526561.497329) vcan0 008#F0A66C0C77860080
(1675526561.498850) vcan0 065#A2E497F8F88D6202
(1675526561.498927) vcan0 070#00002CF854E25B00
(1675526561.499004) vcan0 075#0000000000005458
(1675526561.499083) vcan0 080#5F518000C2002C00
(1675526561.499232) vcan0 0B0#3983F0A2E5C139A3
(1675526561.499309) vcan0 145#FDE2D180FCC810A1
(1675526561.499407) vcan0 28C#000020000014FE18
(1675526561.499486) vcan0 2B5#4B86006293A67F8A
(1675526561.499562) vcan0 340#5800000000000000
(1675526561.502809) vcan0 010#000000002FB031F8
(1675526561.502960) vcan0 1D0#0000000000000061
(1675526561.503039) vcan0 1B0#00C0000003B000FC
(1675526561.503116) vcan0 1B5#FF3F41C741E0FFEF
(1675526561.503192) vcan0 1D8#363339343234D843
(1675526561.503270) vcan0 1E0#000CC30300B917E0
(1675526561.503421) vcan0 291#0000000000000000
(1675526561.505362) vcan0 072#F000FF3F0088A038
(1675526561.506738) vcan0 0E0#E273A2E00080B900
(1675526561.506813) vcan0 3B0#00D8493C3ABCC400
(1675526561.506888) vcan0 288#06D600FF00000080
(1675526561.508195) vcan0 290#0000000000000000
(1675526561.508338) vcan0 008#09A77CC594860080
(1675526561.510821) vcan0 010#000000002FB031F8
(1675526561.512196) vcan0 0F5#CA83C6847F5B9288
(1675526561.512339) vcan0 120#2D8355847FB15589
(1675526561.512413) vcan0 125#E57659E4C1D0D735
