(1675526526.027622) vcan0 1D0#0000000000000061
(1675526526.027684) vcan0 291#0000000000000000
(1675526526.028987) vcan0 1B0#00C0000002B000EC
(1675526526.032025) vcan0 1B5#FFF81D8598E0FFEF
(1675526526.032099) vcan0 1D8#363339343234DD43
(1675526526.032242) vcan0 1E0#00342B0100B917E0
(1675526526.032315) vcan0 2C3#5D8700FFFF035450
(1675526526.032390) vcan0 290#0000000000000000
(1675526526.032464) vcan0 350#A200000000000080
(1675526526.032607) vcan0 125#E5E061E4C1D0D735
(1675526526.032680) vcan0 072#F000FF3F0078A038
(1675526526.035972) vcan0 008#BC9E5C1BA9910080
(1675526526.037277) vcan0 010#000000002FB031F8
(1675526526.038798) vcan0 2A9#8C260082C0000084
(1675526526.038872) vcan0 260#D0FF00AA494F8CB0
(1675526526.041775) vcan0 0F5#9780C3807F772223
(1675526526.041852) vcan0 120#9C80B7807FEF5589
(1675526526.042003) vcan0 130#EF151E9C00871812
(1675526526.042080) vcan0 150#A4009ED756F57FC0
(1675526526.042158) vcan0 288#C2DE807F00000080
(1675526526.042235) vcan0 055#ACF70F28B2399C80
(1675526526.042315) vcan0 065#B8E33BE8008E2502
(1675526526.042392) vcan0 070#000052A80AE25B00
(1675526526.042542) vcan0 075#0000000000005458
(1675526526.042620) vcan0 080#2A508000C2002C00
(1675526526.042697) vcan0 0B0#118498A2EBC111A4
(1675526526.042775) vcan0 145#FD62D980FCC810A1
(1675526526.042853) vcan0 210#D1E180A0A869F24D
(1675526526.043291) vcan0 28C#000020000016FE98
(1675526526.043376) vcan0 2B5#4B3C7F6293A64B74
(1675526526.043455) vcan0 340#5300000000000000
(1675526526.045908) vcan0 008#029F6C6EFF910080
(1675526526.047282) vcan0 010#000000002FB031F8
(1675526526.047359) vcan0 072#F000FF3F00788038
(1675526526.047509) vcan0 0E0#E27192D80080F100
(1675526526.047586) vcan0 1D0#0000000000000061
(1675526526.048744) vcan0 1B0#00C0000003B000EC
(1675526526.050222) vcan0 1B5#FFF91E8698E0FFEF
(1675526526.050364) vcan0 1D8#363339343234DD43
(1675526526.050439) vcan0 1E0#00381B4100B917E0
(1675526526.051744) vcan0 125#E54E61E4C1D0D735
(1675526526.055653) vcan0 008#479F7CD740920080
(1675526526.057026) vcan0 010#000000002FB031F8
(1675526526.057101) vcan0 291#0000000000000000
(1675526526.057176) vcan0 330#2800000000000000
(1675526526.059770) vcan0 0F5#A580C3807F7B1223
(1675526526.061001) vcan0 120#AB80B7807FEF5589
(1675526526.061150) vcan0 130#F7151EAB00681B12
(1675526526.061230) vcan0 150#B40097E74CF55FC0
(1675526526.061307) vcan0 055#ADF70F28B2399C80
(1675526526.061384) vcan0 065#B7E33BE8008E2502
(1675526526.062616) vcan0 070#000052A80AE25B00
(1675526526.062766) vcan0 072#F000FF3F0078A038
(1675526526.062844) vcan0 075#0000000000005458
(1675526526.062922) vcan0 080#2B508000C2002C00
(1675526526.063000) vcan0 0B0#108499A2EBC110A4
(1675526526.063150) vcan0 145#FD52DA80FCC810A1
(1675526526.063227) vcan0 290#0000000000000000
(1675526526.063305) vcan0 2C0#5D8700AC0100A0F1
(1675526526.063382) vcan0 2C5#01D72D00B8E30070
(1675526526.065548) vcan0 288#B6DE807F00000080
(1675526526.065635) vcan0 008#8B9F8C586B920080
(1675526526.065714) vcan0 010#000000002FB031F8
(1675526526.067016) vcan0 1D0#0000000000000061
(1675526526.067095) vcan0 210#D4E180A0A869F245
(1675526526.067243) vcan0 0E0#E27191E00080D200
(1675526526.068546) vcan0 260#D0FF0055494E8CB0
(1675526526.070034) vcan0 1B0#00C0000002B000EC
(1675526526.070109) vcan0 1B5#FFF91E8698E0FFEF
(1675526526.070253) vcan0 1D8#363339343234DD43
(1675526526.070326) vcan0 1E0#003C0B4100B917E0
(1675526526.070400) vcan0 2C3#5D8700FFFF035450
(1675526526.071502) vcan0 125#E5C060E4C1D0D735
(1675526526.075410) vcan0 008#CD9F9CD39E920080
(1675526526.076787) vcan0 010#000000002FB031F8
(1675526526.076861) vcan0 072#F000FF3F00788038
(1675526526.078237) vcan0 2A9#8C26009BC0000084
(1675526526.079768) vcan0 0F5#A580D2807F7F0223
(1675526526.079847) vcan0 120#AB80C7807FEE5589
(1675526526.079997) vcan0 130#FF181EAB00581812
(1675526526.080076) vcan0 150#B40093F741F54FC0
(1675526526.080153) vcan0 055#ADF71028B2399C80
(1675526526.082824) vcan0 065#B5E33BE8FF8D2502
(1675526526.082902) vcan0 070#000052A80AE25B00
(1675526526.082979) vcan0 075#0000000000005458
(1675526526.083057) vcan0 080#2B508000C2002C00
(1675526526.083134) vcan0 0B0#108499A2ECC110A4
(1675526526.083283) vcan0 145#FD42DB80FCC810A1
(1675526526.083362) vcan0 28C#000020000016FE98
(1675526526.083439) vcan0 2B5#4B3C7E6293A64B74
(1675526526.083518) vcan0 370#0724C000591BC700
(1675526526.085397) vcan0 008#0FA0AC72AC920080
(1675526526.086772) vcan0 010#000000002FB031F9
(1675526526.088228) vcan0 1D0#0000000000000A61
(1675526526.088378) vcan0 0E0#E27196E80080AD00
(1675526526.088455) vcan0 291#0000000000000000
(1675526526.089742) vcan0 1B0#00C0000002B000EC
(1675526526.089886) vcan0 1B5#FFFA1F8699E0FFEF
(1675526526.089959) vcan0 1D8#363339343234DD43
(1675526526.090033) vcan0 1E0#003C0B0100B917E0
(1675526526.091477) vcan0 288#A1DE807F00000080
(1675526526.091552) vcan0 290#0000000000000000
(1675526526.091626) vcan0 072#F000FF3F0078A038
(1675526526.091768) vcan0 210#D4E180A0A869F24D
(1675526526.091843) vcan0 3B0#00D819383FC0C400
(1675526526.091917) vcan0 125#E53960E4C1D0D735
(1675526526.095484) vcan0 008#4FA0BC0CC2920080
(1675526526.095627) vcan0 010#000000002FB031F8
(1675526526.099401) vcan0 260#D0FF0055494F84B0
(1675526526.100788) vcan0 0F5#B580D2807F43F223
(1675526526.100866) vcan0 120#BD80C7807FEE5589
(1675526526.100943) vcan0 130#87181EBD00361B12
(1675526526.101094) vcan0 150#C3008C0735F530C0
(1675526526.101172) vcan0 3CA#00000000400000C8
(1675526526.102403) vcan0 055#ADF71028B2399C80
(1675526526.102481) vcan0 065#B5E33BE8FF8D2502
(1675526526.102632) vcan0 070#000052A80BE25B00
(1675526526.102709) vcan0 075#0000000000005458
(1675526526.102786) vcan0 080#2C508000C2002C00
(1675526526.102863) vcan0 0B0#0F8498A2ECC10FA4
(1675526526.102941) vcan0 145#FD32DC80FCC810A1
(1675526526.103020) vcan0 360#5D8700D2C364A001
(1675526526.105117) vcan0 008#8CA0CCD5AC920080
(1675526526.106638) vcan0 010#000000002FB031F8
(1675526526.106716) vcan0 072#F000FF3F00788038
(1675526526.106875) vcan0 1D0#0000000000000061
(1675526526.106954) vcan0 0E0#E27194F000808F00
(1675526526.107030) vcan0 390#80FF051D02165A4F
(1675526526.109488) vcan0 1B0#00C0000003B000EC
(1675526526.109631) vcan0 1B5#FFFA1F8699E0FFEF
(1675526526.109705) vcan0 1D8#363339343234DD43
(1675526526.111015) vcan0 1E0#0000FB4100B917E0
(1675526526.111090) vcan0 2C3#5D8700FFFF035450
(1675526526.112535) vcan0 125#E5BA5FE4C1D0D735
(1675526526.115146) vcan0 288#8DDE807F00000080
(1675526526.116522) vcan0 008#C7A0DCBC7A920080
(1675526526.116666) vcan0 010#000000002FB031F8
(1675526526.118041) vcan0 210#D4E18020A869F245
(1675526526.118116) vcan0 291#0000000000000000
(1675526526.118190) vcan0 2A9#8C260082C0000084
(1675526526.119540) vcan0 0F5#B580E2807F47E223
(1675526526.119629) vcan0 120#D080D5807FEC5589
(1675526526.119707) vcan0 130#8F181EBD00261812
(1675526526.119784) vcan0 150#CC00881728F517C0
(1675526526.122529) vcan0 350#A200000000000080
(1675526526.122606) vcan0 055#ADF71028B2399C80
(1675526526.122683) vcan0 065#B4E33BE8008E2602
(1675526526.122833) vcan0 070#000052A80BE25B00
(1675526526.122911) vcan0 072#F000FF3F0078A038
(1675526526.122989) vcan0 075#0000000000005458
(1675526526.123066) vcan0 080#2C508000C2002C00
(1675526526.123144) vcan0 0B0#0F8498A2ECC10FA4
(1675526526.123294) vcan0 145#FD22DD80FCC810A1
(1675526526.123372) vcan0 28C#000020000016FE98
(1675526526.123450) vcan0 290#0000000000000000
(1675526526.123526) vcan0 2B5#4B3C7D6293A64B75
(1675526526.124037) vcan0 2C0#5D8700AB0100A0F1
(1675526526.124123) vcan0 2C5#01D72D00B5E30070
(1675526526.124200) vcan0 340#5300000000000000
(1675526526.124350) vcan0 3AF#0000000000000020
(1675526526.125510) vcan0 3C8#5D87008E882C008E
(1675526526.125659) vcan0 008#00A1ECB339920080
(1675526526.127036) vcan0 010#000000002FB031F8
(1675526526.127112) vcan0 1D0#0000000000000061
(1675526526.127190) vcan0 0E0#E27192F800807100
(1675526526.128494) vcan0 260#D0FF0055494E84B0
(1675526526.130055) vcan0 1B0#00C0000003B000EC
(1675526526.130130) vcan0 1B5#FFFB208799E0FFEF
(1675526526.130203) vcan0 1D8#363339343234DD43
(1675526526.130346) vcan0 1E0#0004EB4100B917E0
(1675526526.131516) vcan0 125#E5405FE4C1D0D735
(1675526526.135423) vcan0 008#39A1FCACF8910080
(1675526526.136798) vcan0 010#000000002FB031F8
(1675526526.138265) vcan0 072#F000FF3F00788038
(1675526526.138338) vcan0 330#2800000000000000
(1675526526.139765) vcan0 0F5#C480F2807F4BD224
(1675526526.139842) vcan0 120#D080D5807FEC5589
(1675526526.139992) vcan0 130#97181ED000031D12
(1675526526.140071) vcan0 150#D30084271AF500C0
(1675526526.140148) vcan0 288#64DE906F00000080
(1675526526.141451) vcan0 055#ACF71028B2399C80
(1675526526.141602) vcan0 065#B3E33BE8FF8D2602
(1675526526.141680) vcan0 070#000052A80BE25B00
(1675526526.141756) vcan0 075#0000000000005458
(1675526526.141834) vcan0 080#2D508000C2002C00
(1675526526.141913) vcan0 0B0#0F8497A2ECC10FA4
(1675526526.142063) vcan0 145#FD12DE80FCC810A1
(1675526526.142861) vcan0 210#D4E180A0A869F245
(1675526526.145533) vcan0 008#72A10CD685910080
(1675526526.148287) vcan0 010#000000002FB031F8
(1675526526.148364) vcan0 1D0#0000000000000061
(1675526526.148442) vcan0 291#0000000000000000
(1675526526.148591) vcan0 0E0#E27192C000805100
(1675526526.149737) vcan0 1B0#00C0000002B000EC
(1675526526.149878) vcan0 1B5#FFFC21879AE0FFEF
(1675526526.149953) vcan0 1D8#363339343234DD43
(1675526526.150027) vcan0 1E0#0004EB0100B917E0
(1675526526.151266) vcan0 2C3#5D8700FFFF035450
(1675526526.151341) vcan0 290#0000000000000000
(1675526526.151484) vcan0 072#F000FF3F0078A038
(1675526526.151557) vcan0 125#E5CA5EE4C1D0D735
(1675526526.155193) vcan0 008#A8A11CEE27910080
(1675526526.156569) vcan0 010#000000002FB031F8
(1675526526.158013) vcan0 2A9#8C26008AC0000084
(1675526526.159476) vcan0 260#D0FF00AA494E84B0
(1675526526.159637) vcan0 0F5#C480F2807F4FC224
(1675526526.159715) vcan0 120#E280E0807FEB5589
(1675526526.159792) vcan0 130#9F1A1EE000E32312
(1675526526.162536) vcan0 150#DA0078370CF5E9C0
(1675526526.162613) vcan0 055#ACF71028B2399C80
(1675526526.162763) vcan0 065#B3E33BE8008E2602
(1675526526.162841) vcan0 070#000052A80BE25B00
(1675526526.162919) vcan0 075#0000000000005458
(1675526526.162997) vcan0 080#2D508000C2002C00
(1675526526.163074) vcan0 0B0#0E8497A2EDC10EA4
(1675526526.163152) vcan0 145#FD02DF80FCC810A1
(1675526526.163302) vcan0 28C#000020000016FE98
(1675526526.163380) vcan0 2B5#4B3D7D6293A64B75
(1675526526.165186) vcan0 288#58DE906F00000080
(1675526526.166562) vcan0 008#DFA12C0CC3900080
(1675526526.166639) vcan0 010#000000002FB031F9
(1675526526.168023) vcan0 072#F000FF3F00788038
(1675526526.168100) vcan0 1D0#0000000000000A61
(1675526526.168249) vcan0 0E0#E27192C800803100
(1675526526.168326) vcan0 210#D4E180A0A869F24D
(1675526526.169552) vcan0 1B0#00C0000002B000EC
(1675526526.169625) vcan0 1B5#FFFC21879AE0FFEF
(1675526526.169699) vcan0 1D8#363339343234DD43
(1675526526.171007) vcan0 1E0#0008DB4100B917E0
(1675526526.172520) vcan0 125#E5585EE4C1D0D735
(1675526526.175197) vcan0 008#16A23C1473900080
(1675526526.176573) vcan0 010#000000002FB031F8
(1675526526.178018) vcan0 291#0000000000000000
(1675526526.178093) vcan0 400#010300010100011D
(1675526526.178236) vcan0 405#D5075E9B48186701
(1675526526.178311) vcan0 425#0000000000000000
(1675526526.179553) vcan0 0F5#D38002817F53B224
(1675526526.179641) vcan0 120#E280EB807FE85589
(1675526526.179718) vcan0 130#A71A1EE000D32912
(1675526526.179798) vcan0 150#EA007447FFF4C9C0
(1675526526.182547) vcan0 055#ACF71028B2399C80
(1675526526.182624) vcan0 065#B4E33BE8008E2602
(1675526526.182701) vcan0 070#000052A80BE25B00
(1675526526.182851) vcan0 072#F000FF3F0078A038
(1675526526.182929) vcan0 075#0000000000005458
(1675526526.183007) vcan0 080#2C508000C2002C00
(1675526526.183086) vcan0 0B0#0E8497A2ECC10EA4
(1675526526.183163) vcan0 145#FDF2D080FCC810A1
(1675526526.183241) vcan0 290#0000000000000000
(1675526526.183390) vcan0 2C0#5D8700AC0100A0F1
(1675526526.183468) vcan0 2C5#01D72C00B4E30070
(1675526526.183545) vcan0 370#0724C000591BC700
(1675526526.184057) vcan0 3E0#000000D937808090
(1675526526.185512) vcan0 008#4CA24C1D24900080
(1675526526.187031) vcan0 010#000000002FB031F8
(1675526526.187111) vcan0 0E0#E27193D000801000
(1675526526.187188) vcan0 1D0#0000000000000061
(1675526526.188490) vcan0 260#D0FF00AA494E84B0
(1675526526.190057) vcan0 1B0#00C0000002B000EC
(1675526526.190130) vcan0 1B5#FFFD22879AE0FFEF
(1675526526.190204) vcan0 1D8#363339343234DD43
(1675526526.190347) vcan0 1E0#000CCB4100B917E0
(1675526526.190422) vcan0 288#47DE906F00000080
(1675526526.191524) vcan0 2C3#5D8700FFFF035450
(1675526526.191667) vcan0 210#D4E180A0A869F245
(1675526526.191742) vcan0 125#E5EA5DE4C1D0D735
(1675526526.195446) vcan0 008#83A25C1FDC8F0080
(1675526526.196756) vcan0 010#000000002FB031F8
(1675526526.196898) vcan0 072#F000FF3F00788038
(1675526526.198285) vcan0 2A9#8C260093C0000084
(1675526526.199792) vcan0 0F5#E28013817F57A224
(1675526526.199871) vcan0 120#F680EB807FE75589
(1675526526.199949) vcan0 130#AF1A1EEB00B82612
(1675526526.200027) vcan0 150#EA006D57F2F4B9C0
(1675526526.200176) vcan0 055#ACF71028B2399C80
(1675526526.202774) vcan0 065#B2E33CE8FF8D2602
(1675526526.202850) vcan0 070#000052A80BE25B00
(1675526526.203001) vcan0 075#0000000000005458
(1675526526.203080) vcan0 080#2D508000C2002C00
(1675526526.203159) vcan0 0B0#0D8497A2ECC10DA4
(1675526526.203237) vcan0 145#FDE2D180FCC810A1
(1675526526.203313) vcan0 28C#000020000016FE98
(1675526526.203464) vcan0 2B5#4B3D7C6293A64B76
(1675526526.203542) vcan0 340#5300000000000000
(1675526526.203618) vcan0 360#5D8700D2C364A001
(1675526526.205436) vcan0 008#BCA26CF3BF8F0080
(1675526526.206813) vcan0 010#000000002FB031F8
(1675526526.206891) vcan0 1D0#0000000000000061
(1675526526.208267) vcan0 291#0000000000000000
(1675526526.208344) vcan0 0E0#E27193D80080F000
(1675526526.208495) vcan0 390#80FF051D02125B4F
(1675526526.209783) vcan0 1B0#00C0000003B000EC
(1675526526.209856) vcan0 1B5#FFFE22889BE0FFEF
(1675526526.209931) vcan0 1D8#363339343234DD43
(1675526526.210073) vcan0 1E0#000CCB0100B917E0
(1675526526.211245) vcan0 290#0000000000000000
(1675526526.211387) vcan0 350#A200000000000080
(1675526526.211461) vcan0 072#F000FF3F0078A038
(1675526526.211536) vcan0 3B0#00D819383FC0C400
(1675526526.211678) vcan0 125#E57B5DE4C1D0D735
(1675526526.215313) vcan0 288#1EDE906F00000080
(1675526526.216491) vcan0 008#F2A27CC9A38F0080
(1675526526.216634) vcan0 010#000000002FB031F8
(1675526526.218008) vcan0 210#D4E180A0A869F24D
(1675526526.218152) vcan0 330#2800000000000000
(1675526526.218225) vcan0 3D0#890F6100340680C3
(1675526526.219555) vcan0 260#D0FF00AA494E84B0
(1675526526.219633) vcan0 0F5#E28013817F5B9224
(1675526526.219710) vcan0 120#0B81F8807FE75589
(1675526526.219789) vcan0 130#B71A1EEB00A82312
(1675526526.222531) vcan0 150#FB006967E6F498C0
(1675526526.222608) vcan0 055#ADF71028B2399C80
(1675526526.222687) vcan0 065#B3E33CE8008E2702
(1675526526.222838) vcan0 070#000052A80BE25B00
(1675526526.222988) vcan0 075#0000000000005458
(1675526526.223066) vcan0 080#2D508000C2002C00
(1675526526.223215) vcan0 0B0#0D8497A2EDC10DA4
(1675526526.223302) vcan0 145#FDD2D280FCC810A1
(1675526526.223380) vcan0 3CA#00000000510000C8
(1675526526.223458) vcan0 430#28082800000015A6
(1675526526.225191) vcan0 008#2BA38C879B8F0080
(1675526526.226569) vcan0 010#000000002FB031F8
(1675526526.228016) vcan0 072#F000FF3F00788038
(1675526526.228093) vcan0 0E0#E27195E00080CE00
(1675526526.228243) vcan0 1D0#0000000000000061
(1675526526.229542) vcan0 1B0#00C0000003B000EC
(1675526526.229617) vcan0 1B5#FFFE23889BE0FFEF
(1675526526.229759) vcan0 1D8#363339343234DD43
(1675526526.230999) vcan0 1E0#0010BB4100B917E0
(1675526526.231141) vcan0 2C3#5D8700FFFF035450
(1675526526.232516) vcan0 125#E50D5DE4C1D0D735
(1675526526.235193) vcan0 008#64A39C5A7F8F0080
(1675526526.236499) vcan0 010#000000002FB031F8
(1675526526.238024) vcan0 291#0000000000000000
(1675526526.238166) vcan0 2A9#8C26008AC0000084
(1675526526.239614) vcan0 0F5#F28024817F5F8224
(1675526526.239757) vcan0 120#1C81F8807FE55589
(1675526526.239831) vcan0 130#BF1D1EF8008B1D12
(1675526526.239905) vcan0 150#0B015877DAF477C0
(1675526526.242515) vcan0 288#F1DDA05F00000080
(1675526526.242657) vcan0 055#ADF71028B2399C80
(1675526526.242732) vcan0 065#B4E33DE8018E2702
(1675526526.242804) vcan0 070#000052A80BE25B00
(1675526526.242878) vcan0 075#0000000000005458
(1675526526.243022) vcan0 072#F000FF3F0078A038
(1675526526.243095) vcan0 080#2C508000C2002C00
(1675526526.243170) vcan0 0B0#0D8498A2ECC10DA4
(1675526526.243243) vcan0 145#FDC2D380FCC810A1
(1675526526.243386) vcan0 210#D4E180A0A869F24D
(1675526526.243471) vcan0 28C#000020000016FE98
(1675526526.243544) vcan0 290#0000000000000000
(1675526526.244030) vcan0 2B5#4B3D7C6293A64B74
(1675526526.244105) vcan0 2C0#5D8700AB0100A0F1
(1675526526.244248) vcan0 2C5#01D72C01B3E30070
(1675526526.244321) vcan0 3AF#0000000000000020
(1675526526.245491) vcan0 3C8#5D87008E882C008E
(1675526526.245635) vcan0 008#9BA3AC058D8F0080
(1675526526.247010) vcan0 010#000000002FB031F9
(1675526526.247084) vcan0 1D0#0000000000000A61
(1675526526.247228) vcan0 0E0#E27196E80080AD00
(1675526526.248533) vcan0 260#D0FF0055494E84B0
(1675526526.249992) vcan0 1B0#00C0000003B000EC
(1675526526.250136) vcan0 1B5#FFFF24889CE0FFEF
(1675526526.250209) vcan0 1D8#363339343234DD43
(1675526526.250283) vcan0 1E0#0014AB4100B917E0
(1675526526.251530) vcan0 125#E59E5CE4C1D0D735
(1675526526.255439) vcan0 008#D1A3BCBF8D8F0080
(1675526526.256814) vcan0 010#000000002FB031F8
(1675526526.256888) vcan0 072#F000FF3F00788038
(1675526526.259400) vcan0 0F5#008132817F637224
(1675526526.260778) vcan0 120#1C8106817FEA5589
(1675526526.260855) vcan0 130#C71D1E06016C1B12
(1675526526.260933) vcan0 150#11015187CFF461C0
(1675526526.262381) vcan0 055#AEF71028B2399C80
(1675526526.262459) vcan0 065#B5E33CE8008E2602
(1675526526.262537) vcan0 070#000051A80BE25B00
(1675526526.262687) vcan0 075#0000000000005458
(1675526526.262765) vcan0 080#2C508000C2002C00
(1675526526.262844) vcan0 0B0#0C8498A2ECC10CA4
(1675526526.262920) vcan0 145#FDB2D480FCC810A1
(1675526526.265235) vcan0 288#CCDDA05F00000080
(1675526526.265332) vcan0 008#0CA4CC659B8F0080
(1675526526.266783) vcan0 010#000000002FB031F8
(1675526526.266860) vcan0 1D0#0000000000000061
(1675526526.266938) vcan0 210#D4E18020A869F245
(1675526526.267017) vcan0 0E0#E2719AF000808900
(1675526526.267166) vcan0 291#0000000000000000
(1675526526.269479) vcan0 1B0#00C0000002B000EC
(1675526526.270789) vcan0 1B5#FF0025899CE0FFEF
(1675526526.270864) vcan0 1D8#363339343234DD43
(1675526526.271007) vcan0 1E0#0014AB0100B917E0
(1675526526.272247) vcan0 290#0000000000000000
(1675526526.272389) vcan0 2C3#5D8700FFFF035450
(1675526526.272464) vcan0 072#F000FF3F0078A038
(1675526526.272538) vcan0 125#E52F5CE4C1D0D735
(1675526526.275007) vcan0 008#43A4DC0FAA8F0080
(1675526526.276521) vcan0 010#000000002FB031F8
(1675526526.276619) vcan0 2A9#8C260093C0000084
(1675526526.279159) vcan0 260#D0FF0055494E84B0
(1675526526.280559) vcan0 0F5#008141817F676224
(1675526526.280637) vcan0 120#0C8112817FE95589
(1675526526.280715) vcan0 130#CF1D1E0C01561D12
(1675526526.283533) vcan0 150#20014597C5F442C0
(1675526526.283610) vcan0 055#AEF71028B2399C80
(1675526526.283760) vcan0 065#B4E33BE8008E2502
(1675526526.283838) vcan0 070#000051A80BE25B00
(1675526526.283916) vcan0 075#0000000000005458
(1675526526.283994) vcan0 080#2C508000C2002C00
(1675526526.284072) vcan0 0B0#0C8498A2ECC10CA4
(1675526526.284149) vcan0 145#FDA2D580FCC810A1
(1675526526.284299) vcan0 28C#000020000016FE98
(1675526526.284378) vcan0 2B5#4B3D7B6293A64B73
(1675526526.284456) vcan0 340#5300000000000000
(1675526526.284542) vcan0 370#0724C000591BC700
(1675526526.285052) vcan0 008#7EA4ECB6B88F0080
(1675526526.286500) vcan0 010#000000002FB031F8
(1675526526.286651) vcan0 072#F000FF3F00788038
(1675526526.286729) vcan0 0E0#E27199F800806A00
(1675526526.286805) vcan0 1D0#0000000000000061
(1675526526.289190) vcan0 1B0#00C0000002B000EC
(1675526526.290512) vcan0 1B5#FF0025899CE0FFEF
(1675526526.290655) vcan0 1D8#363339343234DD43
(1675526526.292028) vcan0 1E0#00189B4100B917E0
(1675526526.292104) vcan0 288#9BDDA05F00000080
(1675526526.292247) vcan0 210#D4E180A0A869F24D
(1675526526.292321) vcan0 125#E5C05BE4C1D0D735
(1675526526.294791) vcan0 008#B7A4FC57CE8F0080
(1675526526.296234) vcan0 010#000000002FB031F8
(1675526526.296376) vcan0 291#0000000000000000
(1675526526.296459) vcan0 330#2800000000000000
(1675526526.298930) vcan0 0F5#0C814F817F6B5224
(1675526526.300271) vcan0 120#F88021817FDF5589
(1675526526.303306) vcan0 130#D71D1E0C01461D12
(1675526526.303383) vcan0 150#26013AA7BBF42CC0
(1675526526.303461) vcan0 350#A200000000000080
(1675526526.303611) vcan0 055#AEF71028B2399C80
(1675526526.303689) vcan0 065#B3E33BE8008E2502
(1675526526.303766) vcan0 070#000050A80BE25B00
(1675526526.303844) vcan0 072#F000FF3F0078A038
(1675526526.303922) vcan0 075#0000000000005458
(1675526526.304000) vcan0 080#2C508000C2002C00
(1675526526.304150) vcan0 0B0#0C8498A2ECC10CA4
(1675526526.304227) vcan0 145#FD92D680FCC810A1
(1675526526.304305) vcan0 290#0000000000000000
(1675526526.304382) vcan0 2C0#5D8700AA0100A0F1
(1675526526.304470) vcan0 2C5#01D72C04B4E30070
(1675526526.304620) vcan0 360#5D8700D2C364A001
(1675526526.305923) vcan0 008#F2A40CFEDC8F0080
(1675526526.307297) vcan0 010#000000002FB031F8
(1675526526.307376) vcan0 1D0#0000000000000061
(1675526526.307453) vcan0 0E0#E2719EC000804500
(1675526526.307532) vcan0 390#80FF051D020E5C4F
(1675526526.308762) vcan0 260#D0FF0055494D84B0
(1675526526.310312) vcan0 1B0#00C0000002B000EC
(1675526526.310385) vcan0 1B5#FF0126899DE0FFEF
(1675526526.310460) vcan0 1D8#363339343234DD43
(1675526526.310533) vcan0 1E0#001C8B4100B917E0
(1675526526.310676) vcan0 2C3#5D8700FFFF035450
(1675526526.311779) vcan0 125#E5525BE4C1D0D735
(1675526526.314523) vcan0 288#45DDA05F00000080
(1675526526.316035) vcan0 008#2DA51C95F98F0080
(1675526526.316119) vcan0 010#000000002FB031F8
(1675526526.316192) vcan0 072#F000FF3F00788038
(1675526526.316266) vcan0 210#D4E180A0A869F245
(1675526526.316410) vcan0 2A9#8C26008AC0000084
(1675526526.318743) vcan0 0F5#18815C817F6F4224
(1675526526.320270) vcan0 120#D78021817FEF5589
(1675526526.320420) vcan0 130#DF1A1E0C01361812
(1675526526.320497) vcan0 150#2E0123B7B1F414C0
(1675526526.320575) vcan0 055#AEF71028B2399C80
(1675526526.320654) vcan0 065#B2E33BE8FF8D2502
(1675526526.321883) vcan0 070#000050A80BE25B00
(1675526526.322035) vcan0 075#0000000000005458
(1675526526.322111) vcan0 080#2D508000C2002C00
(1675526526.322188) vcan0 0B0#0B8498A2EDC10BA4
(1675526526.322267) vcan0 145#FD82D780FCC810A1
(1675526526.322343) vcan0 28C#000020000016FE98
(1675526526.322430) vcan0 2B5#4B3D7A6293A64B74
(1675526526.326037) vcan0 008#6BA52C1B24900080
(1675526526.326116) vcan0 010#000000002FB031F9
(1675526526.326194) vcan0 1D0#0000000000000A61
(1675526526.326272) vcan0 0E0#E2719FC800802400
(1675526526.327502) vcan0 291#0000000000000000
(1675526526.329019) vcan0 1B0#00C0000002B000EC
(1675526526.330553) vcan0 1B5#FF01278A9DE0FFEF
(1675526526.330626) vcan0 1D8#363339343234DD43
(1675526526.330701) vcan0 1E0#001C8B0100B917E0
(1675526526.330844) vcan0 290#0000000000000000
(1675526526.332016) vcan0 072#F000FF3F0078A038
(1675526526.332157) vcan0 125#E5DE5AE4C1D0D735
(1675526526.332232) vcan0 3B0#00FC2F383FC0C602
(1675526526.335934) vcan0 008#A6A53CB341900080
(1675526526.337310) vcan0 010#000000002FB031F8
(1675526526.338763) vcan0 260#D0FF0055494E84B0
(1675526526.341784) vcan0 0F5#188167817F733224
(1675526526.341862) vcan0 120#D7802F817FF55589
(1675526526.341939) vcan0 130#E7181E18011A1812
(1675526526.342089) vcan0 150#3A010CC7A6F4F8C0
(1675526526.342168) vcan0 055#AEF71028B2379C80
(1675526526.342245) vcan0 065#B0E33BE8FF8D2602
(1675526526.342323) vcan0 070#000050A80BE25B00
(1675526526.342402) vcan0 075#0000000000005458
(1675526526.342477) vcan0 080#2D508000C2002C00
(1675526526.342629) vcan0 0B0#0B8498A2EDC10BA4
(1675526526.342707) vcan0 145#FD72D880FCC810A1
(1675526526.342784) vcan0 210#C8E180A0A869F245
(1675526526.343293) vcan0 288#CFDCB04F00000080
(1675526526.343372) vcan0 3CA#00000000520000C8
(1675526526.344747) vcan0 008#E3A54C495E900080
(1675526526.346279) vcan0 010#000000002FB031F8
(1675526526.346356) vcan0 072#F000FF3F00788038
(1675526526.346435) vcan0 0E0#E271A0D000800300
(1675526526.346512) vcan0 1D0#0000000000000061
(1675526526.349044) vcan0 1B0#00C0000001B000EC
(1675526526.350510) vcan0 1B5#FF02288A9EE0FFEF
(1675526526.350585) vcan0 1D8#363339343234DD43
(1675526526.350727) vcan0 1E0#00207B4100B917E0
(1675526526.350801) vcan0 2C3#5D8700FFFF035450
(1675526526.351972) vcan0 125#E56D5AE4C1D0D735
(1675526526.354787) vcan0 008#1FA65CCA90900080
(1675526526.356231) vcan0 010#000000002FB031F8
(1675526526.356374) vcan0 291#0000000000000000
(1675526526.356448) vcan0 2A9#8C260082C0000084
(1675526526.358918) vcan0 0F5#1F8172817F772225
(1675526526.360272) vcan0 120#CB803A817FF25589
(1675526526.363311) vcan0 130#EF151E1F01031512
(1675526526.363389) vcan0 150#4201F1D69CF4E0C0
(1675526526.363467) vcan0 055#AEF71128B2399C80
(1675526526.363545) vcan0 065#AEE33BF8008E2602
(1675526526.363695) vcan0 070#000050F80BE25B00
(1675526526.363771) vcan0 072#F000FF3F0078A038
(1675526526.363850) vcan0 075#0000000000005458
(1675526526.363927) vcan0 080#2E508000C2002C00
(1675526526.364004) vcan0 0B0#0B8497A2EDC10BA4
(1675526526.364081) vcan0 145#FD62D980FCC810A1
(1675526526.364232) vcan0 28C#000020000016FE98
(1675526526.364309) vcan0 290#0000000000000000
(1675526526.364386) vcan0 2B5#4B3D796293A64B74
(1675526526.364464) vcan0 2C0#5D8700AB0100A0F1
(1675526526.364612) vcan0 2C5#01D72C05B1E30070
(1675526526.364763) vcan0 340#5300000000000000
(1675526526.364848) vcan0 3AF#0000000000000020
(1675526526.364999) vcan0 288#9DDCB04F00000080
(1675526526.365076) vcan0 3C8#5D87008E882C008E
(1675526526.366308) vcan0 008#5CA66C67A6900080
(1675526526.366388) vcan0 010#000000002FB031F8
(1675526526.366463) vcan0 1D0#0000000000000061
(1675526526.366542) vcan0 210#C8E180A0A869F24D
(1675526526.366692) vcan0 0E0#E2719CD80080E700
(1675526526.368930) vcan0 260#D0FF00AA494D84B0
(1675526526.370266) vcan0 1B0#00C0000001B000EC
(1675526526.371779) vcan0 1B5#FF02298B9EE0FFEF
(1675526526.371853) vcan0 1D8#363339343234DD43
(1675526526.371996) vcan0 1E0#00246B4100B917E0
(1675526526.372069) vcan0 125#E5F859E4C1D0D735
(1675526526.375634) vcan0 008#9AA67CF5CA900080
(1675526526.377011) vcan0 010#000000002FB031F8
(1675526526.377163) vcan0 072#F000FF3F00788038
(1675526526.377237) vcan0 330#2800000000000000
(1675526526.379687) vcan0 0F5#24817A817F7B1225
(1675526526.381063) vcan0 120#CB8047817FF65589
(1675526526.381141) vcan0 130#F7121E2401EE0F12
(1675526526.381218) vcan0 150#4A01E0E690F4C8C0
(1675526526.381296) vcan0 055#AEF71128B2399C80
(1675526526.382672) vcan0 065#ADE33CF8008E2702
(1675526526.382751) vcan0 070#000050F80BE25B00
(1675526526.382828) vcan0 075#0000000000005458
(1675526526.382906) vcan0 080#2E508000C2002C00
(1675526526.383057) vcan0 0B0#0A8497A2EEC10AA4
(1675526526.383134) vcan0 145#FD52DA80FCC810A1
(1675526526.383210) vcan0 370#0724C000591BC700
(1675526526.385307) vcan0 008#D9A68C89E7900080
(1675526526.388049) vcan0 010#000000002FB031F8
(1675526526.388136) vcan0 0E0#E2719BE00080C800
(1675526526.388214) vcan0 1D0#0000000000000061
(1675526526.388293) vcan0 291#0000000000000000
(1675526526.389518) vcan0 1B0#00C0000001B000EC
(1675526526.389661) vcan0 1B5#FF03298B9FE0FFEF
(1675526526.389736) vcan0 1D8#363339343234DD43
(1675526526.391109) vcan0 1E0#00246B0100B917E0
(1675526526.391252) vcan0 288#50DCB04F00000080
(1675526526.391327) vcan0 290#0000000000000000
(1675526526.391402) vcan0 2C3#5D8700FFFF035450
(1675526526.391545) vcan0 072#F000FF3F0078A038
(1675526526.391618) vcan0 210#C8E180A0A869F245
(1675526526.391693) vcan0 350#A200000000000080
(1675526526.391766) vcan0 125#E58459E4C1D0D735
(1675526526.396498) vcan0 008#14A79C2003910080
(1675526526.396641) vcan0 010#000000002FB031F8
(1675526526.396725) vcan0 2A9#8C26009BC0000084
(1675526526.399127) vcan0 0F5#278181817F7F0225
(1675526526.400558) vcan0 120#D78050817FF25589
(1675526526.400635) vcan0 130#FF0F1E2401DE0F12
(1675526526.403524) vcan0 150#4F01CDF684F4B3C0
(1675526526.403672) vcan0 260#D0FF00AA494E84B0
(1675526526.403750) vcan0 055#AFF71128B2399C80
(1675526526.403828) vcan0 065#ACE33DF8FF8D2702
(1675526526.403906) vcan0 070#000050F80BE25B00
(1675526526.403983) vcan0 075#0000000000005458
(1675526526.404061) vcan0 080#2E508000C2002C00
(1675526526.404212) vcan0 0B0#0A8497A2EEC10AA4
(1675526526.404290) vcan0 145#FD42DB80FCC810A1
(1675526526.404367) vcan0 28C#000020000016FE98
(1675526526.404444) vcan0 2B5#4B3D796293A64B77
(1675526526.404522) vcan0 360#5D8700D2C364A001
(1675526526.405041) vcan0 008#50A7ACCC0B910080
(1675526526.406488) vcan0 010#000000002FB031F9
(1675526526.406636) vcan0 072#F000FF3F00788038
(1675526526.406715) vcan0 0E0#E2719CE80080A700
(1675526526.406792) vcan0 1D0#0000000000000A61
(1675526526.406869) vcan0 390#80FF051D020A5D4F
(1675526526.409110) vcan0 1B0#00C0000001B000EC
(1675526526.410505) vcan0 1B5#FF032A8B9FE0FFEF
(1675526526.410648) vcan0 1D8#363339343234DD43
(1675526526.412025) vcan0 1E0#00285B4100B917E0
(1675526526.412098) vcan0 125#E51259E4C1D0D735
(1675526526.414638) vcan0 288#43DCB04F00000080
(1675526526.416015) vcan0 008#8DA7BC7119910080
(1675526526.417528) vcan0 010#000000002FB031F8
(1675526526.417604) vcan0 210#C8E18020A869F24D
(1675526526.417746) vcan0 291#0000000000000000
(1675526526.417769) vcan0 3D0#890F6100340680C3
(1675526526.419011) vcan0 0F5#278185817F43F225
(1675526526.422063) vcan0 120#DF8055817FF55589
(1675526526.422143) vcan0 130#870F1E2701CB1212
(1675526526.422221) vcan0 150#5401C20678F49EC0
(1675526526.422297) vcan0 055#AEF71128B2399C80
(1675526526.422447) vcan0 065#ADE33EF8008E2702
(1675526526.422526) vcan0 070#000050F80BE25B00
(1675526526.422603) vcan0 072#F000FF3F0078A038
(1675526526.422682) vcan0 075#0000000000005458
(1675526526.422759) vcan0 080#2E508000C2002C00
(1675526526.422835) vcan0 0B0#0A8496A2EEC10AA4
(1675526526.422985) vcan0 145#FD32DC80FCC810A1
(1675526526.423062) vcan0 290#0000000000000000
(1675526526.423140) vcan0 2C0#5D8700AC0100A0F1
(1675526526.423506) vcan0 2C5#02D72C09ADE30070
(1675526526.425036) vcan0 008#CAA7CC3A03910080
(1675526526.426485) vcan0 010#000000002FB031F8
(1675526526.426634) vcan0 0E0#E2719FF000808400
(1675526526.426713) vcan0 1D0#0000000000000061
(1675526526.426791) vcan0 400#0F0102010100011E
(1675526526.428023) vcan0 405#5D87003B002D3302
(1675526526.429540) vcan0 260#D0FF00AA494E84B0
(1675526526.429614) vcan0 1B0#00C0000000B000EC
(1675526526.429757) vcan0 1B5#FF042B8CA0E0FFEF
(1675526526.430994) vcan0 1D8#363339343234DD43
(1675526526.431138) vcan0 1E0#002C4B4100B917E0
(1675526526.431211) vcan0 2C3#5D8700FFFF035450
(1675526526.432520) vcan0 125#E59E58E4C1D0D735
(1675526526.435128) vcan0 008#08A8DCD519910080
(1675526526.436503) vcan0 010#000000002FB031F8
(1675526526.438015) vcan0 072#F000FF3F00788038
(1675526526.438100) vcan0 2A9#8C260082C0000084
(1675526526.439479) vcan0 0F5#2A8189817F47E225
(1675526526.439631) vcan0 120#DF8060817FF65589
(1675526526.439709) vcan0 130#8F121E2A01B80D12
(1675526526.439785) vcan0 150#5701C4166BF48BC0
(1675526526.442531) vcan0 288#5CDCC03F00000080
(1675526526.442609) vcan0 055#AEF71028B2379C80
(1675526526.442686) vcan0 065#ADE33EF8008E2702
(1675526526.442838) vcan0 070#000050F80BE25B00
(1675526526.442915) vcan0 075#0000000000005458
(1675526526.442993) vcan0 080#2D508000C2002C00
(1675526526.443070) vcan0 0B0#098497A2EEC109A4
(1675526526.443148) vcan0 145#FD22DD80FCC810A1
(1675526526.443225) vcan0 210#C8E180A0A869F24D
(1675526526.443302) vcan0 28C#000020000016FE98
(1675526526.443380) vcan0 2B5#4B3D786293A64B77
(1675526526.443467) vcan0 340#5300000000000000
(1675526526.445142) vcan0 008#45A8EC7A27910080
(1675526526.446506) vcan0 010#000000002FB031F8
(1675526526.448026) vcan0 1D0#0000000000000061
(1675526526.448102) vcan0 0E0#E2719BF800806800
(1675526526.448181) vcan0 291#0000000000000000
(1675526526.449550) vcan0 1B0#00C0000001B000EC
(1675526526.449622) vcan0 1B5#FF052C8CA0E0FFEF
(1675526526.449697) vcan0 1D8#363339343234DD43
(1675526526.451006) vcan0 1E0#002C4B0100B917E0
(1675526526.451148) vcan0 290#0000000000000000
(1675526526.451223) vcan0 072#F000FF3F0078A038
(1675526526.451297) vcan0 3B0#00D82F3C3FC0C400
(1675526526.451371) vcan0 125#E52A58E4C1D0D735
(1675526526.455280) vcan0 008#83A8FC2C27910080
(1675526526.456724) vcan0 010#000000002FB031F8
(1675526526.456878) vcan0 330#2800000000000000
(1675526526.459350) vcan0 0F5#30818E817F4BD225
(1675526526.460773) vcan0 120#F08069817FF55589
(1675526526.460852) vcan0 130#97121E3001A20A12
(1675526526.460931) vcan0 150#5C01CB265EF476C0
(1675526526.461080) vcan0 260#D0FF0055494E84B0
(1675526526.462385) vcan0 3CA#00000000530000C8
(1675526526.462464) vcan0 055#AEF71028B2369C80
(1675526526.462542) vcan0 065#AEE33EF8008E2702
(1675526526.462693) vcan0 070#000051F80AE25B00
(1675526526.462770) vcan0 075#0000000000005458
(1675526526.462848) vcan0 080#2B508000C2002C00
(1675526526.462924) vcan0 0B0#098497A2EEC109A4
(1675526526.463003) vcan0 145#FD12DE80FCC810A1
(1675526526.465028) vcan0 288#7DDCC03F00000080
(1675526526.467774) vcan0 008#C0A80CD036910080
(1675526526.467860) vcan0 010#000000002FB031F8
(1675526526.467938) vcan0 072#F000FF3F00788038
(1675526526.468088) vcan0 0E0#E2719BC000804800
(1675526526.468165) vcan0 1D0#0000000000000061
(1675526526.468243) vcan0 210#C8E180A0A869F245
(1675526526.469258) vcan0 1B0#00C0000001B000EC
(1675526526.469423) vcan0 1B5#FF052D8CA1E0FFEF
(1675526526.470797) vcan0 1D8#363339343234DD43
(1675526526.470875) vcan0 1E0#00303B4100B917E0
(1675526526.470953) vcan0 2C3#5D8700FFFF035450
(1675526526.472257) vcan0 125#E5B457E4C1D0D735
(1675526526.475000) vcan0 008#FBA81C9B20910080
(1675526526.476521) vcan0 010#000000002FB031F8
(1675526526.476599) vcan0 291#0000000000000000
(1675526526.476749) vcan0 2A9#8C26009BC0000084
(1675526526.479132) vcan0 0F5#35818F817F4FC225
(1675526526.480537) vcan0 120#FF8069817FFA5589
(1675526526.480611) vcan0 130#9F151E3001920712
(1675526526.480685) vcan0 150#5F01D63651F463C0
(1675526526.483565) vcan0 350#A200000000000080
(1675526526.483640) vcan0 055#AEF70F28B2349C80
(1675526526.483713) vcan0 065#AFE33CF8008E2602
(1675526526.483857) vcan0 070#000050F80AE25B00
(1675526526.483932) vcan0 072#F000FF3F0078A038
(1675526526.484005) vcan0 075#0000000000005458
(1675526526.484078) vcan0 080#29508000C2002C00
(1675526526.484153) vcan0 0B0#098497A2EDC109A4
(1675526526.484296) vcan0 145#FD02DF80FCC810A1
(1675526526.484369) vcan0 28C#000020000016FE98
(1675526526.484444) vcan0 290#0000000000000000
(1675526526.484516) vcan0 2B5#4B3D786293A64B75
(1675526526.484662) vcan0 2C0#5D8700B00100A0F1
(1675526526.484743) vcan0 2C5#02D72C0AAEE30070
(1675526526.484888) vcan0 370#0724C000591BC700
(1675526526.485031) vcan0 3AF#0000000000000020
(1675526526.485105) vcan0 3E0#000000D937808090
(1675526526.485247) vcan0 3C8#5D87008E882C008E
(1675526526.486553) vcan0 008#36A92C5D12910080
(1675526526.486628) vcan0 010#000000002FB031F9
(1675526526.486701) vcan0 0E0#E27199C800802A00
(1675526526.486844) vcan0 1D0#0000000000000A61
(1675526526.489111) vcan0 1B0#00C0000000B000EC
(1675526526.490502) vcan0 1B5#FF062E8DA1E0FFEF
(1675526526.490645) vcan0 1D8#363339343234DD43
(1675526526.492021) vcan0 1E0#00342B4100B917E0
(1675526526.492164) vcan0 260#D0FF0055494F84B0
(1675526526.492238) vcan0 288#9DDCC03F00000080
(1675526526.492312) vcan0 210#C8E180A0A869F24D
(1675526526.492395) vcan0 125#E54257E4C1D0D735
(1675526526.494798) vcan0 008#6DA93C42E7900080
(1675526526.496244) vcan0 010#000000002FB031F8
(1675526526.496384) vcan0 072#F000FF3F00788038
(1675526526.498858) vcan0 0F5#38818F817F53B225
(1675526526.500279) vcan0 120#FF806C817FF85589
(1675526526.501999) vcan0 130#A7151E35017D0A12
(1675526526.502072) vcan0 150#6201DF4644F450C0
(1675526526.502147) vcan0 055#AEF70C28B22E9C80
(1675526526.502289) vcan0 065#B1E33BF8018E2502
(1675526526.502364) vcan0 070#000051F808E25B00
(1675526526.502438) vcan0 075#0000000000005458
(1675526526.502511) vcan0 080#21508000C2002C00
(1675526526.502654) vcan0 0B0#088497A2EDC108A4
(1675526526.502729) vcan0 145#FDF2D080FCC810A1
(1675526526.502802) vcan0 360#5D8700D2C364A001
(1675526526.506038) vcan0 008#9FA94C489F900080
(1675526526.506113) vcan0 010#000000002FB031F8
(1675526526.506186) vcan0 1D0#0000000000000061
(1675526526.506330) vcan0 0E0#E2718DD000801600
(1675526526.507501) vcan0 291#0000000000000000
(1675526526.507644) vcan0 390#80FF051D02065E6F
(1675526526.509018) vcan0 1B0#00C0000000B000EC
(1675526526.512066) vcan0 1B5#FF072F8DA2E0FFEF
(1675526526.512145) vcan0 1D8#363339343234DD43
(1675526526.512223) vcan0 1E0#00342B0100B917E0
(1675526526.512300) vcan0 2C3#5D8700FFFF035450
(1675526526.512377) vcan0 290#0000000000000000
(1675526526.512527) vcan0 072#F000FF3F0078A038
(1675526526.512605) vcan0 125#E5DE56E4C1D0D735
(1675526526.514629) vcan0 288#AADCC03F00000080
(1675526526.516004) vcan0 008#CAA95C8F1D900080
(1675526526.517530) vcan0 010#000000002FB031F8
(1675526526.517608) vcan0 210#C8E180A0A869F245
(1675526526.517685) vcan0 2A9#8C260082C0000084
(1675526526.518990) vcan0 0F5#388191817F57A225
(1675526526.522049) vcan0 120#0C8175817FFA5589
(1675526526.522122) vcan0 130#AF151E38016A0A12
(1675526526.522195) vcan0 150#6301E55637F43FC0
(1675526526.522339) vcan0 260#D0FF0055494E84B0
(1675526526.522413) vcan0 055#AEF70828B22B9C80
(1675526526.522488) vcan0 065#B2E33AF8018E2502
(1675526526.522560) vcan0 070#000051F806E25B00
(1675526526.522703) vcan0 075#0000000000005458
(1675526526.522777) vcan0 080#18508000C2002C00
(1675526526.522853) vcan0 0B0#088498A2EDC108A4
(1675526526.522925) vcan0 145#FDE2D180FCC810A1
(1675526526.523069) vcan0 28C#000020000016FE98
(1675526526.523151) vcan0 2B5#4B3D776293A64B73
(1675526526.523500) vcan0 340#5300000000000000
(1675526526.525012) vcan0 008#EFA96CF97F8F0080
(1675526526.526526) vcan0 010#000000002FB031F8
(1675526526.526601) vcan0 072#F000FF3F00788038
(1675526526.526675) vcan0 0E0#E27183D800800000
(1675526526.526817) vcan0 1D0#0000000000000061
(1675526526.529150) vcan0 1B0#00C0000000B000EC
(1675526526.530546) vcan0 1B5#FF07308EA2E0FFEF
(1675526526.530626) vcan0 1D8#363339343234DD43
(1675526526.532001) vcan0 1E0#00381B4100B917E0
(1675526526.532151) vcan0 125#E59756E4C1D0D735
(1675526526.534754) vcan0 008#0AAA7CCA838E0080
(1675526526.536275) vcan0 010#000000002FB031F8
(1675526526.537794) vcan0 291#0000000000000000
(1675526526.537870) vcan0 330#2800000000000000
(1675526526.539254) vcan0 0F5#3A8193817F5B9226
(1675526526.539405) vcan0 120#148176817FFB5589
(1675526526.539481) vcan0 130#B7151E3A01580A12
(1675526526.542297) vcan0 150#6501E9662AF42DC0
(1675526526.542370) vcan0 288#B2DCD02F00000080
(1675526526.542445) vcan0 055#AEF70728B2279C7F
(1675526526.542588) vcan0 065#B3E336F8008E1F02
(1675526526.542660) vcan0 070#000050F805E25B00
(1675526526.542735) vcan0 075#0000000000005458
(1675526526.542811) vcan0 072#F000FF3F0078A038
(1675526526.542952) vcan0 080#15508000C2002C00
(1675526526.543026) vcan0 0B0#088498A2EDC108A4
(1675526526.543102) vcan0 145#FDD2D280FCC810A1
(1675526526.543175) vcan0 210#C8E180A0A869F245
(1675526526.543318) vcan0 290#0000000000000000
(1675526526.543803) vcan0 2C0#5D8700B30100A0F1
(1675526526.543886) vcan0 2C5#01D72C0DB3E30070
(1675526526.545261) vcan0 008#1CAA8CED3F8D0080
(1675526526.546772) vcan0 010#000000002FB031F8
(1675526526.546846) vcan0 1D0#0000000000000061
(1675526526.546919) vcan0 0E0#E27182E00080E100
(1675526526.549400) vcan0 1B0#00C0000000B000EC
(1675526526.550779) vcan0 1B5#FF08318EA3E0FFEF
(1675526526.550857) vcan0 1D8#363339343234DD43
(1675526526.551007) vcan0 1E0#003C0B4100B917E0
(1675526526.552310) vcan0 260#D0FF00AA494E84B0
(1675526526.552388) vcan0 2C3#5D8700FFFF035450
(1675526526.552467) vcan0 125#E57256E4C1D0D735
(1675526526.554994) vcan0 008#2AAA9C2BE58B0080
(1675526526.556514) vcan0 010#000000002FB031F8
(1675526526.556591) vcan0 072#F000FF3F00788038
(1675526526.556741) vcan0 2A9#8C26008AC0000084
(1675526526.559147) vcan0 0F5#3E8199817F5F8226
(1675526526.560542) vcan0 120#148176817FFB5589
(1675526526.560618) vcan0 130#BF151E3E01440712
(1675526526.562132) vcan0 150#6801E7761FF41AC0
(1675526526.562274) vcan0 055#AEF70628B2279C80
(1675526526.562347) vcan0 065#B4E333F8018E2002
(1675526526.562422) vcan0 070#000050F804E25B00
(1675526526.562495) vcan0 075#0000000000005458
(1675526526.562638) vcan0 080#13508000C2002C00
(1675526526.562712) vcan0 0B0#088498A2ECC108A4
(1675526526.562786) vcan0 145#FDC2D380FCC810A1
(1675526526.562861) vcan0 28C#000020000016FE98
(1675526526.563003) vcan0 2B5#4B3E776293A64B69
(1675526526.564788) vcan0 288#A6DCD02F00000080
(1675526526.567532) vcan0 008#2FAAACAA528A0080
(1675526526.567606) vcan0 010#000000002FB031F9
(1675526526.567689) vcan0 1D0#0000000000000A61
(1675526526.567832) vcan0 210#C8E18020A869F24D
(1675526526.567906) vcan0 0E0#E27187E80080BC00
(1675526526.567979) vcan0 291#0000000000000000
(1675526526.569013) vcan0 1B0#00C0000001B000EC
(1675526526.571989) vcan0 1B5#FF09328EA3E0FFEF
(1675526526.572141) vcan0 1D8#363339343234DD43
(1675526526.572219) vcan0 1E0#003C0B0100B917E0
(1675526526.572296) vcan0 350#A200000000000080
(1675526526.572373) vcan0 290#0000000000000000
(1675526526.572450) vcan0 072#F000FF3F0078A038
(1675526526.572600) vcan0 3B0#00D82F383FC0C400
(1675526526.572678) vcan0 125#E56D56E4C1D0D735
(1675526526.574774) vcan0 008#2FAABC45A9880080
(1675526526.576295) vcan0 010#000000002FB031F8
(1675526526.578895) vcan0 0F5#43819F817F637226
(1675526526.580246) vcan0 120#18817D817FF55589
(1675526526.583268) vcan0 130#C7121E3E01340712
(1675526526.583341) vcan0 150#6B01E38615F407C0
(1675526526.583484) vcan0 260#D0FF00AA494E84B0
(1675526526.583559) vcan0 055#AEF70728B2299C80
(1675526526.583632) vcan0 065#B3E330F8FF8D1E02
(1675526526.583776) vcan0 070#000050F805E25B00
(1675526526.583849) vcan0 075#0000000000005458
(1675526526.583923) vcan0 080#14508000C2002C00
(1675526526.583997) vcan0 0B0#078498A2EDC107A4
(1675526526.584140) vcan0 145#FDB2D480FCC810A1
(1675526526.584214) vcan0 370#0724C000591BC700
(1675526526.584289) vcan0 3CA#00000000540000C8
(1675526526.584775) vcan0 008#2FAACCDF00870080
(1675526526.586286) vcan0 010#000000002FB031F8
(1675526526.586361) vcan0 072#F000FF3F00788038
(1675526526.586448) vcan0 0E0#E27171F00080B200
(1675526526.587755) vcan0 1D0#0000000000000061
(1675526526.589269) vcan0 1B0#00C0000001B000EC
(1675526526.589341) vcan0 1B5#FF09338FA4E0FFEF
(1675526526.590718) vcan0 1D8#363339343234DD43
(1675526526.590869) vcan0 1E0#0000FB4100B917E0
(1675526526.590946) vcan0 288#58DCD02F00000080
(1675526526.591025) vcan0 2C3#5D8700FFFF035450
(1675526526.591102) vcan0 210#C8E180A0A869F245
(1675526526.592260) vcan0 125#E57556E4C1D0D735
(1675526526.595010) vcan0 008#2AAAD45B00800080
(1675526526.596529) vcan0 010#000000002FB031F8
(1675526526.596608) vcan0 291#0000000000000000
(1675526526.596684) vcan0 2A9#8C260093C0000084
(1675526526.599212) vcan0 0F5#4A81A4817F676226
(1675526526.600535) vcan0 120#1B8184817FF45589
(1675526526.600621) vcan0 130#CF121E43011F0A12
(1675526526.600697) vcan0 150#7101D3960DF4F1C0
(1675526526.603510) vcan0 055#AEF70628B2299C80
(1675526526.603652) vcan0 065#B2E32FF8008E1E02
(1675526526.603726) vcan0 070#000050F804E25B00
(1675526526.603800) vcan0 072#F000FF3F0078A038
(1675526526.603874) vcan0 075#0000000000005458
(1675526526.604018) vcan0 080#13508000C2002C00
(1675526526.604091) vcan0 0B0#078498A2EDC107A4
(1675526526.604165) vcan0 145#FDA2D580FCC810A1
(1675526526.604239) vcan0 28C#000020000016FE98
(1675526526.604382) vcan0 290#0000000000000000
(1675526526.604456) vcan0 2B5#4B3E776293A64B6A
(1675526526.604529) vcan0 2C0#5D8700B40100A0F1
(1675526526.604603) vcan0 2C5#01D72C0EB3E30070
(1675526526.604746) vcan0 340#5300000000000000
(1675526526.604828) vcan0 360#5D8700D2C364A001
(1675526526.605039) vcan0 3AF#0000000000000020
(1675526526.605113) vcan0 3C8#5D87008E882C008E
(1675526526.606488) vcan0 008#21AAE41440800080
(1675526526.606631) vcan0 010#000000002FB031F8
(1675526526.606705) vcan0 1D0#0000000000000061
(1675526526.606779) vcan0 0E0#E2716DF800809600
(1675526526.606922) vcan0 390#80FF051D02025F4F
(1675526526.609188) vcan0 1B0#00C0000001B000EC
(1675526526.610563) vcan0 1B5#FF0A348FA4E0FFEF
(1675526526.610641) vcan0 1D8#363339343234DD43
(1675526526.612018) vcan0 1E0#0004EB4100B917E0
(1675526526.612095) vcan0 260#D0FF00AA494E84B0
(1675526526.612245) vcan0 125#E58B56E4C1D0D735
(1675526526.614706) vcan0 288#3FDCD02F00000080
(1675526526.616008) vcan0 008#15AAF4B997800080
(1675526526.617536) vcan0 010#000000002FB031F8
(1675526526.617614) vcan0 072#F000FF3F00788038
(1675526526.617692) vcan0 210#B5E180A0A869F24D
(1675526526.617842) vcan0 330#2800000000000000
(1675526526.617919) vcan0 3D0#8A0F6100340680C3
(1675526526.619005) vcan0 0F5#4F81AB817F6B5226
(1675526526.622051) vcan0 120#1D8186817FF05589
(1675526526.622125) vcan0 130#D70F1E4A01080D12
(1675526526.622199) vcan0 150#7701C7A608F4DBC0
(1675526526.622343) vcan0 055#B0F70628B2279C80
(1675526526.622416) vcan0 065#B2E330F8008E1F02
(1675526526.622490) vcan0 070#00004FF804E25B00
(1675526526.622565) vcan0 075#0000000000005458
(1675526526.622707) vcan0 080#12508000C2002C00
(1675526526.622780) vcan0 0B0#078499A2EDC107A4
(1675526526.622855) vcan0 145#FD92D680FCC810A1
(1675526526.624786) vcan0 008#08AA0459F4800080
(1675526526.626232) vcan0 010#000000002FB031F8
(1675526526.626374) vcan0 0E0#E2716AC000807900
(1675526526.626449) vcan0 1D0#0000000000000061
(1675526526.627755) vcan0 291#0000000000000000
(1675526526.629266) vcan0 1B0#00C0000001B000EC
(1675526526.629340) vcan0 1B5#FF0B3590A5E0FFEF
(1675526526.630778) vcan0 1D8#363339343234DD43
(1675526526.630856) vcan0 1E0#0004EB0100B917E0
(1675526526.631006) vcan0 2C3#5D8700FFFF035450
(1675526526.631084) vcan0 290#0000000000000000
(1675526526.632242) vcan0 125#E5A756E4C1D0D735
(1675526526.632394) vcan0 072#F000FF3F0078A038
(1675526526.634995) vcan0 008#FAA914004B810080
(1675526526.636515) vcan0 010#000000002FB031F8
(1675526526.638036) vcan0 2A9#8C26008AC0000084
(1675526526.639522) vcan0 0F5#4F81B1817F6F4226
(1675526526.639666) vcan0 120#1D8187817FF05589
(1675526526.639741) vcan0 130#DF0C1E4F01F30F12
(1675526526.639814) vcan0 150#7C01BDB606F4C6C0
(1675526526.642494) vcan0 260#D0FF00AA494E84B0
(1675526526.642637) vcan0 055#B0F70628B2279C80
(1675526526.642712) vcan0 065#B3E330F8008E1F02
(1675526526.642786) vcan0 070#00004FF804E25B00
(1675526526.642929) vcan0 075#0000000000005458
(1675526526.643004) vcan0 080#11508000C2002C00
(1675526526.643077) vcan0 0B0#078499A2EDC107A4
(1675526526.643152) vcan0 145#FD82D780FCC810A1
(1675526526.643294) vcan0 210#B5E180A0A869F24D
(1675526526.643370) vcan0 288#FEDBE01F00000080
(1675526526.643443) vcan0 28C#000020000016FE98
(1675526526.643516) vcan0 2B5#4B3E766293A64B69
(1675526526.645176) vcan0 008#EFA9249EA8810080
(1675526526.646554) vcan0 010#000000002FB031F9
(1675526526.647998) vcan0 072#F000FF3F00788038
(1675526526.648140) vcan0 0E0#E2716AC800805900
(1675526526.648213) vcan0 1D0#0000000000000A61
(1675526526.649549) vcan0 1B0#00C0000002B000EC
(1675526526.649627) vcan0 1B5#FF0C3690A6E0FFEF
(1675526526.649705) vcan0 1D8#363339343234DD43
(1675526526.651008) vcan0 1E0#0008DB4100B917E0
(1675526526.651159) vcan0 125#E5C056E4C1D0D735
