(1675526512.824102) vcan0 008#5F803C7000800080
(1675526512.826423) vcan0 260#D0FF00AA497487B0
(1675526512.828893) vcan0 0F5#6F906D907F7332A2
(1675526512.830265) vcan0 120#91908F907F025689
(1675526512.830341) vcan0 130#E7041E7610ADFF11
(1675526512.830426) vcan0 150#6C10FEC7FAF7B7C0
(1675526512.830569) vcan0 288#D9DF708F00000080
(1675526512.831328) vcan0 0E0#E27309D800807200
(1675526512.832772) vcan0 010#000000002FB031F9
(1675526512.832846) vcan0 072#F000FF3F00788038
(1675526512.832920) vcan0 210#6FE080A0A869E44D
(1675526512.832993) vcan0 3D0#8C0F6100340680C3
(1675526512.834235) vcan0 008#5F804C6000800080
(1675526512.835755) vcan0 125#E5F97FE4C1D0D735
(1675526512.838350) vcan0 1B0#00C0000001B000FC
(1675526512.841234) vcan0 1B5#FFDA1BEB8BE0FFEF
(1675526512.841311) vcan0 1D8#363339343234E043
(1675526512.841386) vcan0 1E0#0034230300B917E0
(1675526512.841466) vcan0 2C3#5D8700FFFFF55450
(1675526512.841616) vcan0 055#EAF71328B2849C80
(1675526512.841695) vcan0 065#5EE615F801BE2702
(1675526512.841780) vcan0 070#000013F824E22000
(1675526512.841859) vcan0 075#0000000000005458
(1675526512.841935) vcan0 080#34508000C2002C00
(1675526512.842013) vcan0 0B0#39830EA3DBC139A3
(1675526512.842162) vcan0 145#F972D880FC4810A1
(1675526512.842312) vcan0 010#000000002FB031F8
(1675526512.843908) vcan0 1D0#0000000000000261
(1675526512.843983) vcan0 291#0000000000000000
(1675526512.844057) vcan0 400#010101010108010E
(1675526512.844199) vcan0 405#5E87003A002D3502
(1675526512.844273) vcan0 008#5F805C5000800080
(1675526512.844348) vcan0 3C8#5D87008E882C008E
(1675526512.846477) vcan0 072#F000FF3F0078A038
(1675526512.849219) vcan0 0F5#6A9072907F7722A3
(1675526512.849294) vcan0 120#8C90A2907F005689
(1675526512.849368) vcan0 130#EF041E76109DFF11
(1675526512.849452) vcan0 150#6E10F2D7FBF7A5C0
(1675526512.850346) vcan0 290#0000000000000000
(1675526512.850423) vcan0 0E0#E2730DE000804E00
(1675526512.853303) vcan0 010#000000002FB031F8
(1675526512.853377) vcan0 2A9#8C260082C0000084
(1675526512.854311) vcan0 008#5F806C4000800080
(1675526512.854462) vcan0 288#E9DF708F00000080
(1675526512.855762) vcan0 125#E5F97FE4C1D0D735
(1675526512.857279) vcan0 260#D0FF00AA497487B0
(1675526512.857357) vcan0 210#6FE080A0A869E445
(1675526512.860241) vcan0 1B0#00C0000000B000FC
(1675526512.860318) vcan0 1B5#FFE526F090E0FFEF
(1675526512.860469) vcan0 055#EAF71328B2849C80
(1675526512.860547) vcan0 065#65E615F806BE2602
(1675526512.860624) vcan0 070#000013F823E22000
(1675526512.860701) vcan0 075#0000000000005458
(1675526512.860789) vcan0 080#33508000C2002C00
(1675526512.860867) vcan0 0B0#39830EA3DBC139A3
(1675526512.861304) vcan0 145#F962D980FC4810A1
(1675526512.861453) vcan0 1D8#363339343234E043
(1675526512.861531) vcan0 1E0#0038134300B917E0
(1675526512.861610) vcan0 28C#000020000014FEA8
(1675526512.861687) vcan0 2B5#4B194A6293A67E44
(1675526512.862772) vcan0 010#000000002FB031F8
(1675526512.862850) vcan0 072#F000FF3F00788038
(1675526512.862927) vcan0 1D0#0000000000000061
(1675526512.863005) vcan0 340#9300000000000000
(1675526512.864287) vcan0 008#5F807C3000800080
(1675526512.868055) vcan0 350#A200000000000080
(1675526512.869431) vcan0 0F5#6C9076907F7B12A4
(1675526512.869574) vcan0 120#7D9086907FFC5589
(1675526512.869648) vcan0 130#F7011E76108DFF11
(1675526512.869731) vcan0 150#6D10F7E7FBF796C0
(1675526512.870969) vcan0 0E0#E2730FE800802C00
(1675526512.872139) vcan0 010#000000002FB031F8
(1675526512.872212) vcan0 291#0000000000000000
(1675526512.872287) vcan0 330#B400000000000000
(1675526512.874592) vcan0 008#5F808C2000800080
(1675526512.875822) vcan0 125#E5F97FE4C1D0D735
(1675526512.877341) vcan0 072#F000FF3F0078A038
(1675526512.878498) vcan0 1B0#00C0000000B000FC
(1675526512.881384) vcan0 1B5#FFEF30F696E0FFEF
(1675526512.881462) vcan0 1D8#363339343234E043
(1675526512.881610) vcan0 1E0#003C034300B917E0
(1675526512.881689) vcan0 055#EAF71228B2849C80
(1675526512.881764) vcan0 065#69E614F803BE2402
(1675526512.881843) vcan0 070#000013F823E22000
(1675526512.881921) vcan0 075#0000000000005458
(1675526512.882006) vcan0 080#32508000C2002C00
(1675526512.882157) vcan0 0B0#39830EA3DBC139A3
(1675526512.882235) vcan0 145#F952DA80FC4810A1
(1675526512.882312) vcan0 288#F5DF807F00000080
(1675526512.882388) vcan0 290#0000000000000000
(1675526512.883043) vcan0 010#000000002FB031F8
(1675526512.883120) vcan0 1D0#0000000000000061
(1675526512.883196) vcan0 210#6FE080A0A869E44D
(1675526512.883275) vcan0 2C0#5D8700000000A0F1
(1675526512.883351) vcan0 2C3#5D8700FFFFF55450
(1675526512.883503) vcan0 2C5#16D785BE66E60070
(1675526512.884076) vcan0 008#5F809C1000800080
(1675526512.886545) vcan0 260#D0FF00AA497487B0
(1675526512.889356) vcan0 0F5#759073907F7F02A6
(1675526512.889430) vcan0 120#7D9081907FFA5589
(1675526512.889574) vcan0 130#FF011E76107DFF11
(1675526512.889672) vcan0 150#7110F5F7FBF782C0
(1675526512.890430) vcan0 0E0#E2730EF000800D00
(1675526512.891872) vcan0 010#000000002FB031F8
(1675526512.891948) vcan0 072#F000FF3F00788038
(1675526512.892980) vcan0 2A9#8C26009BC0000084
(1675526512.894307) vcan0 008#5F80AC0000800080
(1675526512.895824) vcan0 125#E5F97FE4C1D0D735
(1675526512.898500) vcan0 1B0#00C0000001B000FC
(1675526512.899945) vcan0 1B5#FFFA3BFB9BE0FFEF
(1675526512.900093) vcan0 055#EAF71228B2849C80
(1675526512.900172) vcan0 065#6DE613F805BE2302
(1675526512.900248) vcan0 070#000013F822E22000
(1675526512.900328) vcan0 075#0000000000005458
(1675526512.900406) vcan0 080#32508000C2002C00
(1675526512.901136) vcan0 0B0#39830EA3DBC139A3
(1675526512.904012) vcan0 145#F942DB80FC4810A1
(1675526512.904095) vcan0 1D8#363339343234E043
(1675526512.904170) vcan0 1E0#003C030300B917E0
(1675526512.904244) vcan0 28C#000020000014FEA8
(1675526512.904319) vcan0 010#000000002FB031F8
(1675526512.904461) vcan0 1D0#0000000000000861
(1675526512.904535) vcan0 291#0000000000000000
(1675526512.904608) vcan0 2B5#4B194B6293A67E3F
(1675526512.904683) vcan0 370#0722C000601BC735
(1675526512.904826) vcan0 008#5F80BCF000800080
(1675526512.904898) vcan0 288#EDDF807F00000080
(1675526512.906889) vcan0 072#F000FF3F0078A038
(1675526512.907032) vcan0 210#6FE080A0A869E44D
(1675526512.907107) vcan0 3B0#00D8343838B0C400
(1675526512.909438) vcan0 0F5#759079907F43F2A7
(1675526512.909580) vcan0 120#969094907F005689
(1675526512.909655) vcan0 130#87011E76106DFF11
(1675526512.909737) vcan0 150#7410FD07FBF76FC0
(1675526512.909813) vcan0 290#0000000000000000
(1675526512.910913) vcan0 3CA#00000000560000C8
(1675526512.910987) vcan0 0E0#E2730AF80080F100
(1675526512.912361) vcan0 010#000000002FB031F9
(1675526512.913464) vcan0 008#5F80CCE000800080
(1675526512.915895) vcan0 125#E5F97FE4C1D0D735
(1675526512.917341) vcan0 360#5E8700D2B364A001
(1675526512.917420) vcan0 260#D0FF00AA497487B0
(1675526512.920237) vcan0 1B0#00C0000002B000FC
(1675526512.920314) vcan0 1B5#FF054600A0E0FFEF
(1675526512.920391) vcan0 055#EAF71228B2849C80
(1675526512.920542) vcan0 065#6CE612F801BE2102
(1675526512.920619) vcan0 070#000013F822E22000
(1675526512.920696) vcan0 075#0000000000005458
(1675526512.920775) vcan0 080#31508000C2002C00
(1675526512.920860) vcan0 0B0#39830EA3DBC139A3
(1675526512.921298) vcan0 145#F932DC80FC4810A1
(1675526512.921592) vcan0 1D8#363339343234E043
(1675526512.921671) vcan0 1E0#0000F34300B917E0
(1675526512.921748) vcan0 2C3#5D8700FFFFF65450
(1675526512.921824) vcan0 010#000000002FB031F8
(1675526512.921975) vcan0 072#F000FF3F00788038
(1675526512.922775) vcan0 1D0#0000000000000261
(1675526512.922850) vcan0 390#80FF051D02165A4F
(1675526512.924145) vcan0 008#5F80DCD000800080
(1675526512.927921) vcan0 0F5#729080907F47E2A8
(1675526512.929367) vcan0 120#9A90A4907F005689
(1675526512.929440) vcan0 130#8F011E8010530112
(1675526512.929515) vcan0 150#7C10FA17FAF757C0
(1675526512.930482) vcan0 288#EDDF807F00000080
(1675526512.931857) vcan0 0E0#E27309C00080D200
(1675526512.931938) vcan0 010#000000002FB031F8
(1675526512.932014) vcan0 210#6FE08020A869E445
(1675526512.932087) vcan0 291#0000000000000000
(1675526512.933328) vcan0 2A9#8C260082C0000084
(1675526512.934447) vcan0 008#5F80ECC000800080
(1675526512.935821) vcan0 125#E5F97FE4C1D0D735
(1675526512.937341) vcan0 072#F000FF3F0078A038
(1675526512.938502) vcan0 1B0#00C0000002B000FC
(1675526512.939950) vcan0 1B5#FF0F5106A6E0FFEF
(1675526512.940098) vcan0 055#EAF71228B2849C80
(1675526512.940176) vcan0 065#66E611F8FCBD2002
(1675526512.940254) vcan0 070#000013F822E22000
(1675526512.940333) vcan0 075#0000000000005458
(1675526512.940410) vcan0 080#31508000C2002C00
(1675526512.941136) vcan0 0B0#39830EA3DBC139A3
(1675526512.945389) vcan0 145#F922DD80FC4810A1
(1675526512.945473) vcan0 1D8#363339343234E043
(1675526512.945548) vcan0 1E0#0004E34300B917E0
(1675526512.945622) vcan0 28C#000020000014FEA8
(1675526512.945764) vcan0 290#0000000000000000
(1675526512.945840) vcan0 010#000000002FB031F8
(1675526512.945914) vcan0 1D0#0000000000000061
(1675526512.945988) vcan0 2B5#4B194B6293A6803E
(1675526512.946131) vcan0 2C0#5D8700000000A0F1
(1675526512.946206) vcan0 2C5#15D785BE6EE60070
(1675526512.946280) vcan0 340#9300000000000000
(1675526512.946353) vcan0 3AF#0000000000000020
(1675526512.946496) vcan0 008#5F80FCB000800080
(1675526512.946570) vcan0 260#D0FF0055497487B0
(1675526512.948972) vcan0 0F5#789076907F4BD2AA
(1675526512.950344) vcan0 120#8D9097907F005689
(1675526512.950421) vcan0 130#97011E8010430412
(1675526512.950511) vcan0 150#7210F927FAF751C0
(1675526512.950653) vcan0 0E0#E27307C80080B400
(1675526512.952987) vcan0 010#000000002FB031F8
(1675526512.953061) vcan0 072#F000FF3F00788038
(1675526512.953205) vcan0 330#B400000000000000
(1675526512.954304) vcan0 008#5F800CA000800080
(1675526512.954456) vcan0 288#E9DF807F00000080
(1675526512.955831) vcan0 125#E5F97FE4C1D0D735
(1675526512.956989) vcan0 210#6FE080A0A869E445
(1675526512.958363) vcan0 350#A200000000000080
(1675526512.959450) vcan0 1B0#00C0000001B000FC
(1675526512.962268) vcan0 1B5#FF1A5B0BABE0FFEF
(1675526512.962347) vcan0 055#EAF71228B2849C80
(1675526512.962425) vcan0 065#61E611F8FCBD2002
(1675526512.962503) vcan0 070#000013F822E22000
(1675526512.962653) vcan0 075#0000000000005458
(1675526512.962740) vcan0 080#32508000C2002C00
(1675526512.962818) vcan0 0B0#39830EA3DBC139A3
(1675526512.962894) vcan0 145#F912DE80FC4810A1
(1675526512.962973) vcan0 1D8#363339343234E043
(1675526512.963051) vcan0 1E0#0004E30300B917E0
(1675526512.963201) vcan0 2C3#5D8700FFFFF65450
(1675526512.963279) vcan0 010#000000002FB031F8
(1675526512.963357) vcan0 1D0#0000000000000061
(1675526512.963435) vcan0 291#0000000000000000
(1675526512.963510) vcan0 008#5F801C9000800080
(1675526512.964771) vcan0 3C8#5D87008E882C008E
(1675526512.966284) vcan0 072#F000FF3F0078A038
(1675526512.968819) vcan0 0F5#739076907F4FC2AB
(1675526512.968893) vcan0 120#99908C907F055689
(1675526512.969858) vcan0 130#9F011E8010330412
(1675526512.971233) vcan0 150#7510F737FAF73EC0
(1675526512.971314) vcan0 290#0000000000000000
(1675526512.971390) vcan0 0E0#E27304D000809700
(1675526512.972697) vcan0 010#000000002FB031F8
(1675526512.972842) vcan0 2A9#8C26008AC0000084
(1675526512.973869) vcan0 008#5F802C8000800080
(1675526512.976185) vcan0 125#E5F97FE4C1D0D735
(1675526512.977562) vcan0 260#D0FF0055497487B0
(1675526512.980592) vcan0 1B0#00C0000001B000FC
(1675526512.980670) vcan0 1B5#FF256610B0E0FFEF
(1675526512.980748) vcan0 055#EAF71228B2849C80
(1675526512.980827) vcan0 065#5FE611F8FEBD2102
(1675526512.980975) vcan0 070#000013F822E22000
(1675526512.981054) vcan0 075#0000000000005458
(1675526512.981139) vcan0 080#32508000C2002C00
(1675526512.981210) vcan0 0B0#39830EA3DBC139A3
(1675526512.981287) vcan0 145#F902DF80FC4810A1
(1675526512.981373) vcan0 1D8#363339343234E043
(1675526512.981739) vcan0 1E0#0008D34300B917E0
(1675526512.981817) vcan0 288#F5DF906F00000080
(1675526512.981965) vcan0 28C#000020000014FEA8
(1675526512.982043) vcan0 010#000000002FB031F8
(1675526512.982842) vcan0 072#F000FF3F00788038
(1675526512.984136) vcan0 1D0#0000000000000861
(1675526512.984278) vcan0 210#6FE080A0A869E445
(1675526512.984351) vcan0 2B5#4B194B6293A68040
(1675526512.985589) vcan0 008#5F803C7000800080
(1675526512.988195) vcan0 0F5#78907B907F53B2AC
(1675526512.989433) vcan0 120#A8909F907F025689
(1675526512.989576) vcan0 130#A7041E8010230412
(1675526512.989650) vcan0 150#7910FA47FAF72AC0
(1675526512.990957) vcan0 0E0#627300D800807B00
(1675526512.992127) vcan0 010#000000002FB031F9
(1675526512.992211) vcan0 291#0000000000000000
(1675526512.992284) vcan0 425#0000000000000000
(1675526512.993521) vcan0 008#5F804C6000800080
(1675526512.996110) vcan0 125#E5F97FE4C1D0D735
(1675526512.997413) vcan0 072#F000FF3F0078A038
(1675526513.000374) vcan0 1B0#00C0000001B000FC
(1675526513.000525) vcan0 1B5#FF307116B6E0FFEF
(1675526513.000602) vcan0 055#EAF71228B2849C80
(1675526513.000680) vcan0 065#63E612F8FEBD2302
(1675526513.000758) vcan0 070#000013F822E22000
(1675526513.000836) vcan0 075#0000000000005458
(1675526513.000985) vcan0 080#31508000C2002C00
(1675526513.001062) vcan0 0B0#39830EA3DBC139A3
(1675526513.001142) vcan0 145#F9F2D080FC4810A1
(1675526513.001509) vcan0 1D8#363339343234E043
(1675526513.001588) vcan0 1E0#000CC34300B917E0
(1675526513.001674) vcan0 290#0000000000000000
(1675526513.001753) vcan0 2C0#5D8700000000A0F1
(1675526513.002552) vcan0 010#000000002FB031F8
(1675526513.003927) vcan0 1D0#0000000000000261
(1675526513.004003) vcan0 2C3#5D8700FFFFF65450
(1675526513.004075) vcan0 2C5#14D785BE60E60070
(1675526513.004150) vcan0 370#0722C000601BC735
(1675526513.004293) vcan0 3E0#000000D932808090
(1675526513.005397) vcan0 008#5F805C5000800080
(1675526513.005470) vcan0 288#F5DF906F00000080
(1675526513.006504) vcan0 260#D0FF0055497487B0
(1675526513.006579) vcan0 210#6FE080A0A869E44D
(1675526513.008912) vcan0 0F5#769070907F57A2AE
(1675526513.010355) vcan0 120#94909A907F005689
(1675526513.010428) vcan0 130#AF011E8010130412
(1675526513.010573) vcan0 150#7E10FD57FAF715C0
(1675526513.010655) vcan0 0E0#E27305E000805600
(1675526513.011894) vcan0 010#000000002FB031F8
(1675526513.011966) vcan0 072#F000FF3F00788038
(1675526513.012931) vcan0 2A9#8C260093C0000084
(1675526513.014229) vcan0 008#5F806C4000800080
(1675526513.015747) vcan0 125#E5F97FE4C1D0D735
(1675526513.016833) vcan0 360#5E8700D2B364A001
(1675526513.019363) vcan0 1B0#00C0000001B000FC
(1675526513.022104) vcan0 1B5#FF3A7B1BBBE0FFEF
(1675526513.022182) vcan0 1D8#363339343234E043
(1675526513.022260) vcan0 055#EAF71228B2849C80
(1675526513.022337) vcan0 065#67E613F802BE2302
(1675526513.022415) vcan0 070#000013F822E22000
(1675526513.022565) vcan0 075#0000000000005458
(1675526513.022641) vcan0 080#31508000C2002C00
(1675526513.022720) vcan0 0B0#39830EA3DBC139A3
(1675526513.022808) vcan0 145#F9E2D180FC4810A1
(1675526513.022885) vcan0 1E0#000CC30300B917E0
(1675526513.022963) vcan0 28C#000020000014FEA8
(1675526513.023112) vcan0 2B5#4B194B6293A68141
(1675526513.023189) vcan0 010#000000002FB031F8
(1675526513.023268) vcan0 1D0#0000000000000061
(1675526513.023346) vcan0 291#0000000000000000
(1675526513.023637) vcan0 340#9300000000000000
(1675526513.023717) vcan0 390#80FF051D020E5C4F
(1675526513.023794) vcan0 008#5F807C3000800080
(1675526513.026201) vcan0 072#F000FF3F0078A038
(1675526513.027577) vcan0 3B0#00D8343838B0C400
(1675526513.030594) vcan0 0F5#759086907F5B92AF
(1675526513.030667) vcan0 120#809092907FFE5589
(1675526513.030810) vcan0 130#B7011E801003FF11
(1675526513.030883) vcan0 150#7A10FB67FAF709C0
(1675526513.030978) vcan0 288#EDDF906F00000080
(1675526513.031053) vcan0 290#0000000000000000
(1675526513.031128) vcan0 3CA#00000000400000C8
(1675526513.031201) vcan0 0E0#E27308E800803300
(1675526513.031755) vcan0 010#000000002FB031F8
(1675526513.031830) vcan0 210#6FE080A0A869E44D
(1675526513.033065) vcan0 330#B500000000000000
(1675526513.033210) vcan0 3D0#8D0F6100340680C3
(1675526513.034588) vcan0 008#5F808C2000800080
(1675526513.035745) vcan0 125#E5F97FE4C1D0D735
(1675526513.037193) vcan0 260#D0FF00AA497487B0
(1675526513.037271) vcan0 430#2A082800000014A6
(1675526513.040157) vcan0 1B0#00C0000003B000FC
(1675526513.040234) vcan0 1B5#FF458620C0E0FFEF
(1675526513.040311) vcan0 055#EAF71228B2849C80
(1675526513.040461) vcan0 065#6EE613F805BE2302
(1675526513.040547) vcan0 070#000013F822E22000
(1675526513.040625) vcan0 075#0000000000005458
(1675526513.040702) vcan0 080#31508000C2002C00
(1675526513.040781) vcan0 0B0#39830EA3DBC139A3
(1675526513.041217) vcan0 145#F9D2D280FC4810A1
(1675526513.041293) vcan0 1D8#363339343234E043
(1675526513.041445) vcan0 1E0#0010B34300B917E0
(1675526513.041524) vcan0 2C3#5D8700FFFFF65450
(1675526513.042683) vcan0 010#000000002FB031F8
(1675526513.042759) vcan0 072#F000FF3F00788038
(1675526513.042838) vcan0 1D0#0000000000000061
(1675526513.044195) vcan0 008#5F809C1000800080
(1675526513.047969) vcan0 350#A200000000000080
(1675526513.049343) vcan0 0F5#76907D907F5F82B0
(1675526513.049418) vcan0 120#89908A907FFF5589
(1675526513.049561) vcan0 130#BFFF1D8310F0FF11
(1675526513.049643) vcan0 150#7A10F977FAF7F9C0
(1675526513.050882) vcan0 0E0#E27309F000801200
(1675526513.052393) vcan0 010#000000002FB031F8
(1675526513.053494) vcan0 291#0000000000000000
(1675526513.053568) vcan0 2A9#8C26008AC0000084
(1675526513.053713) vcan0 008#5F80AC0000800080
(1675526513.054879) vcan0 288#E1DF906F00000080
(1675526513.056399) vcan0 125#E5F97FE4C1D0D735
(1675526513.056476) vcan0 072#F000FF3F0078A038
(1675526513.057490) vcan0 210#6FE080A0A869E445
(1675526513.058863) vcan0 1B0#00C0000001B000FC
(1675526513.058941) vcan0 1B5#FF509126C6E0FFEF
(1675526513.060028) vcan0 1D8#363339343234E043
(1675526513.062915) vcan0 055#EAF71228B2849C80
(1675526513.062992) vcan0 065#73E612F805BE2202
(1675526513.063071) vcan0 070#000013F821E22000
(1675526513.063158) vcan0 075#0000000000005458
(1675526513.063235) vcan0 080#30508000C2002C00
(1675526513.063385) vcan0 0B0#39830EA3DBC139A3
(1675526513.063463) vcan0 145#F9C2D380FC4810A1
(1675526513.063539) vcan0 1E0#0014A34300B917E0
(1675526513.063615) vcan0 28C#000020000014FEA8
(1675526513.063693) vcan0 290#0000000000000000
(1675526513.063772) vcan0 010#000000002FB031F8
(1675526513.063923) vcan0 1D0#0000000000000861
(1675526513.063996) vcan0 2B5#4B1A4B6293A6813F
(1675526513.064071) vcan0 2C0#5D8700000000A0F1
(1675526513.064144) vcan0 2C5#13D785BE68E60070
(1675526513.064356) vcan0 3AF#0000000000000020
(1675526513.064429) vcan0 008#5F80BCF000800080
(1675526513.066968) vcan0 260#D0FF00AA497487B0
(1675526513.069437) vcan0 0F5#819080907F6372B2
(1675526513.070887) vcan0 120#97909D907FFF5589
(1675526513.070961) vcan0 130#C7FF1D8310E0FF11
(1675526513.071036) vcan0 150#7B10F587FAF7E8C0
(1675526513.071177) vcan0 0E0#E27308F80080F300
(1675526513.072349) vcan0 010#000000002FB031F9
(1675526513.072492) vcan0 072#F000FF3F00788038
(1675526513.073454) vcan0 008#5F80CCE000800080
(1675526513.076035) vcan0 125#E5F97FE4C1D0D735
(1675526513.078489) vcan0 1B0#00C0000001B000FC
(1675526513.080007) vcan0 1B5#FF5A9C2BCBE0FFEF
(1675526513.080084) vcan0 055#EAF71228B2849C80
(1675526513.080162) vcan0 065#74E612F802BE2102
(1675526513.080239) vcan0 070#000013F821E22000
(1675526513.080318) vcan0 075#0000000000005458
(1675526513.080395) vcan0 080#30508000C2002C00
(1675526513.081121) vcan0 0B0#39830EA3DBC139A3
(1675526513.081207) vcan0 145#F9B2D480FC4810A1
(1675526513.083875) vcan0 1D8#363339343234E043
(1675526513.083953) vcan0 1E0#0014A30300B917E0
(1675526513.084095) vcan0 288#F9DFA05F00000080
(1675526513.084168) vcan0 2C3#5D8700FFFFF75450
(1675526513.084243) vcan0 010#000000002FB031F8
(1675526513.084316) vcan0 1D0#0000000000000261
(1675526513.084390) vcan0 210#6FE08020A869E44D
(1675526513.084463) vcan0 291#0000000000000000
(1675526513.084607) vcan0 008#5F80DCD000800080
(1675526513.084680) vcan0 3C8#5D87008E882C008E
(1675526513.086465) vcan0 072#F000FF3F0078A038
(1675526513.088937) vcan0 0F5#759084907F6762B3
(1675526513.090243) vcan0 120#8F90A8907FFF5589
(1675526513.090315) vcan0 130#CFFF1D8310D0FF11
(1675526513.090390) vcan0 150#7C10FD97FAF7D7C0
(1675526513.090473) vcan0 290#0000000000000000
(1675526513.090617) vcan0 0E0#E27309C00080D200
(1675526513.091787) vcan0 010#000000002FB031F8
(1675526513.091861) vcan0 2A9#8C260093C0000084
(1675526513.092893) vcan0 400#010302040101010F
(1675526513.092967) vcan0 405#0000000000000000
(1675526513.094163) vcan0 008#5F80ECC000800080
(1675526513.095609) vcan0 125#E5F97FE4C1D0D735
(1675526513.096696) vcan0 260#D0FF00AA497487B0
(1675526513.099221) vcan0 1B0#00C0000002B000FC
(1675526513.101962) vcan0 1B5#FF65A630D0E0FFEF
(1675526513.102039) vcan0 055#EAF71228B2829C80
(1675526513.102190) vcan0 065#6AE611F8FBBD2002
(1675526513.102269) vcan0 070#000013F822E22000
(1675526513.102346) vcan0 075#0000000000005458
(1675526513.102424) vcan0 080#31508000C2002C00
(1675526513.102510) vcan0 0B0#39830EA3DBC139A3
(1675526513.102588) vcan0 145#F9A2D580FC4810A1
(1675526513.102665) vcan0 1D8#363339343234E043
(1675526513.102743) vcan0 1E0#0018934300B917E0
(1675526513.102892) vcan0 28C#000020000014FEA9
(1675526513.102971) vcan0 010#000000002FB031F8
(1675526513.103049) vcan0 072#F000FF3F00788038
(1675526513.103126) vcan0 1D0#0000000000000061
(1675526513.103204) vcan0 2B5#4B1A4B6293A6823E
(1675526513.104548) vcan0 340#9400000000000000
(1675526513.104621) vcan0 370#0722C000601BC735
(1675526513.104697) vcan0 008#5F80FCB000800080
(1675526513.104838) vcan0 288#02E0A05F00000080
(1675526513.107103) vcan0 210#6FE080A0A869E44D
(1675526513.109437) vcan0 0F5#73907E907F6B52B4
(1675526513.110744) vcan0 120#959086907FFF5589
(1675526513.110826) vcan0 130#D7011E8410BF0112
(1675526513.110901) vcan0 150#7810FEA7FAF7CBC0
(1675526513.111043) vcan0 0E0#E27307C80080B400
(1675526513.112212) vcan0 010#000000002FB031F8
(1675526513.112356) vcan0 291#0000000000000000
(1675526513.112429) vcan0 330#B500000000000000
(1675526513.113734) vcan0 008#5F800CA000800080
(1675526513.116395) vcan0 125#E5F97FE4C1D0D735
(1675526513.116473) vcan0 072#F000FF3F0078A038
(1675526513.116552) vcan0 360#5E8700D2B364A001
(1675526513.118720) vcan0 1B0#00C0000001B000FC
(1675526513.121533) vcan0 1B5#FF70B136D6E0FFEF
(1675526513.121611) vcan0 055#EAF71228B2849C80
(1675526513.121688) vcan0 065#65E611F8FBBD2002
(1675526513.121766) vcan0 070#000013F822E22000
(1675526513.121915) vcan0 075#0000000000005458
(1675526513.122004) vcan0 080#31508000C2002C00
(1675526513.122082) vcan0 0B0#39830EA3DBC139A3
(1675526513.122160) vcan0 145#F992D680FC4810A1
(1675526513.122237) vcan0 1D8#363339343234E043
(1675526513.122313) vcan0 1E0#001C834300B917E0
(1675526513.122392) vcan0 290#0000000000000000
(1675526513.122543) vcan0 2C0#5D8700000000A0F1
(1675526513.122620) vcan0 010#000000002FB031F8
(1675526513.122699) vcan0 1D0#0000000000000061
(1675526513.123997) vcan0 2C3#5D8700FFFFF75450
(1675526513.124070) vcan0 2C5#12D786BE6AE60070
(1675526513.124213) vcan0 390#80FF051D020E5C4F
(1675526513.124286) vcan0 008#5F801C9000800080
(1675526513.126553) vcan0 260#D0FF0055497487B0
(1675526513.128887) vcan0 0F5#739073907F6F42B6
(1675526513.130194) vcan0 120#A2908D907F025689
(1675526513.130345) vcan0 130#DF011E8410AF0112
(1675526513.130421) vcan0 150#7310FEB7FAF7C0C0
(1675526513.130495) vcan0 288#FEDFA05F00000080
(1675526513.130570) vcan0 0E0#E27305D000809600
(1675526513.131738) vcan0 010#000000002FB031F8
(1675526513.131812) vcan0 072#F000FF3F00788038
(1675526513.132845) vcan0 210#6FE080A0A869E445
(1675526513.132988) vcan0 2A9#8C26008AC0000084
(1675526513.134088) vcan0 008#5F802C8000800080
(1675526513.135610) vcan0 125#E5F97FE4C1D0D735
(1675526513.138208) vcan0 350#A200000000000080
(1675526513.139582) vcan0 1B0#00C0000001B000FC
(1675526513.139731) vcan0 1B5#FF7BBC3BDBE0FFEF
(1675526513.139808) vcan0 055#EAF71228B2849C80
(1675526513.139886) vcan0 065#60E611F8FCBD2102
(1675526513.139963) vcan0 070#000013F822E22000
(1675526513.140699) vcan0 075#0000000000005458
(1675526513.140777) vcan0 080#31508000C2002C00
(1675526513.143445) vcan0 0B0#39830EA3DBC139A3
(1675526513.143594) vcan0 145#F982D780FC4810A1
(1675526513.143673) vcan0 1D8#363339343234E043
(1675526513.143751) vcan0 1E0#001C830300B917E0
(1675526513.143852) vcan0 28C#000020000014FEA8
(1675526513.143927) vcan0 2B5#4B1A4B6293A68340
(1675526513.144001) vcan0 010#000000002FB031F8
(1675526513.144075) vcan0 1D0#0000000000000861
(1675526513.144217) vcan0 291#0000000000000000
(1675526513.144293) vcan0 008#5F803C7000800080
(1675526513.146148) vcan0 072#F000FF3F0078A038
(1675526513.147521) vcan0 3B0#00D8343838B0C400
(1675526513.149102) vcan0 0F5#7D9075907F7332B7
(1675526513.149176) vcan0 120#AF90A1907F025689
(1675526513.149259) vcan0 130#E7011E84109FFF11
(1675526513.150224) vcan0 150#7510FEC7FAF7AEC0
(1675526513.150367) vcan0 290#0000000000000000
(1675526513.150439) vcan0 3CA#00000000510000C8
(1675526513.150513) vcan0 0E0#E27302D800807900
(1675526513.152984) vcan0 010#000000002FB031F9
(1675526513.154126) vcan0 008#5F804C6000800080
(1675526513.154200) vcan0 288#F1DFA05F00000080
(1675526513.155507) vcan0 125#E5F97FE4C1D0D735
(1675526513.156952) vcan0 260#D0FF0055497487B0
(1675526513.157025) vcan0 210#6FE080A0A869E445
(1675526513.159977) vcan0 1B0#00C0000001B000FC
(1675526513.160121) vcan0 1B5#FF85C640E0E0FFEF
(1675526513.160194) vcan0 1D8#363339343234E043
(1675526513.160267) vcan0 055#EAF71228B2829C80
(1675526513.160341) vcan0 065#5CE612F8FDBD2302
(1675526513.160423) vcan0 070#000013F822E22000
(1675526513.160567) vcan0 075#0000000000005458
(1675526513.161121) vcan0 080#31508000C2002C00
(1675526513.161264) vcan0 0B0#39830EA3DBC139A3
(1675526513.161337) vcan0 145#F972D880FC4810A1
(1675526513.161411) vcan0 1E0#0020734300B917E0
(1675526513.161486) vcan0 2C3#5D8700FFFFF75450
(1675526513.163614) vcan0 010#000000002FB031F8
(1675526513.163689) vcan0 072#F000FF3F00788038
(1675526513.163878) vcan0 1D0#0000000000000261
(1675526513.164031) vcan0 008#5F805C5000800080
(1675526513.167854) vcan0 0F5#7D9076907F7722B8
(1675526513.169302) vcan0 120#959099907F035689
(1675526513.169379) vcan0 130#EF011E84108FFF11
(1675526513.169458) vcan0 150#7910FAD7FAF79AC0
(1675526513.170689) vcan0 0E0#627301E000805A00
(1675526513.171877) vcan0 010#000000002FB031F8
(1675526513.171955) vcan0 291#0000000000000000
(1675526513.172034) vcan0 2A9#8C260082C0000084
(1675526513.174326) vcan0 008#5F806C4000800080
(1675526513.175769) vcan0 125#E5F97FE4C1D0D735
(1675526513.177280) vcan0 072#F000FF3F0078A038
(1675526513.178862) vcan0 1B0#00C0000001B000FC
(1675526513.178935) vcan0 1B5#FF90D146E6E0FFEF
(1675526513.179967) vcan0 055#EAF71228B2849C80
(1675526513.180042) vcan0 065#61E613F802BE2302
(1675526513.180186) vcan0 070#000013F822E22000
(1675526513.180259) vcan0 075#0000000000005458
(1675526513.180333) vcan0 080#31508000C2002C00
(1675526513.181024) vcan0 0B0#39830EA3DBC139A3
(1675526513.185387) vcan0 145#F962D980FC4810A1
(1675526513.185463) vcan0 1D8#363339343234E043
(1675526513.185551) vcan0 1E0#0024634300B917E0
(1675526513.185702) vcan0 288#F1DFB04F00000080
(1675526513.185780) vcan0 28C#000020000014FEA8
(1675526513.185857) vcan0 010#000000002FB031F8
(1675526513.185935) vcan0 1D0#0000000000000061
(1675526513.186013) vcan0 210#6FE080A0A869E445
(1675526513.186163) vcan0 290#0000000000000000
(1675526513.186240) vcan0 2B5#4B1A4B6293A68342
(1675526513.186317) vcan0 2C0#5D8700000000A0F1
(1675526513.186395) vcan0 2C5#12D786BE5FE60070
(1675526513.186474) vcan0 340#9400000000000000
(1675526513.186552) vcan0 3AF#0000000000000020
(1675526513.186701) vcan0 008#5F807C3000800080
(1675526513.186778) vcan0 260#D0FF0055497487B0
(1675526513.188947) vcan0 0F5#72907D907F7B12BA
(1675526513.190392) vcan0 120#869094907F015689
(1675526513.190478) vcan0 130#F7011E84107FFF11
(1675526513.190556) vcan0 150#7810FBE7FAF78BC0
(1675526513.190634) vcan0 0E0#627305E800803600
(1675526513.191864) vcan0 010#000000002FB031F8
(1675526513.192013) vcan0 072#F000FF3F00788038
(1675526513.192956) vcan0 330#B500000000000000
(1675526513.194395) vcan0 008#5F808C2000800080
(1675526513.195839) vcan0 125#E5F97FE4C1D0D735
(1675526513.198512) vcan0 1B0#00C0000001B000FC
(1675526513.201325) vcan0 1B5#FF9BDC4BEBE0FFEF
(1675526513.201400) vcan0 1D8#363339343234E043
(1675526513.201542) vcan0 055#EAF71228B2849C80
(1675526513.201614) vcan0 065#69E613F805BE2402
(1675526513.201688) vcan0 070#000013F822E22000
(1675526513.201762) vcan0 075#0000000000005458
(1675526513.201907) vcan0 080#31508000C2002C00
(1675526513.201988) vcan0 0B0#39830EA3DBC139A3
(1675526513.202063) vcan0 145#F952DA80FC4810A1
(1675526513.202137) vcan0 1E0#0024630300B917E0
(1675526513.202211) vcan0 2C3#5D8700FFFFF75450
(1675526513.202355) vcan0 370#0722C000601BC735
(1675526513.202497) vcan0 010#000000002FB031F8
(1675526513.203802) vcan0 1D0#0000000000000061
(1675526513.203943) vcan0 291#0000000000000000
(1675526513.204021) vcan0 008#5F809C1000800080
(1675526513.204099) vcan0 288#F5DFB04F00000080
(1675526513.204970) vcan0 3C8#5D87008E882C008E
(1675526513.206416) vcan0 072#F000FF3F0078A038
(1675526513.207433) vcan0 210#6FE080A0A869E44D
(1675526513.208879) vcan0 0F5#79907E907F7F02BB
(1675526513.208955) vcan0 120#A29094907F005689
(1675526513.210043) vcan0 130#FF011E84106FFF11
(1675526513.211352) vcan0 150#7C10FDF7FAF777C0
(1675526513.211432) vcan0 290#0000000000000000
(1675526513.211508) vcan0 0E0#62730AF000801100
(1675526513.212522) vcan0 010#000000002FB031F8
(1675526513.213912) vcan0 2A9#8C26009BC0000084
(1675526513.213987) vcan0 008#5F80AC0000800080
(1675526513.215431) vcan0 125#E5F97FE4C1D0D735
(1675526513.216530) vcan0 360#5E8700D2B364A001
(1675526513.216675) vcan0 260#D0FF0055497487B0
(1675526513.219007) vcan0 1B0#00C0000002B000FC
(1675526513.221820) vcan0 1B5#FFA6E750F0E0FFEF
(1675526513.221893) vcan0 1D8#363339343234E043
(1675526513.222037) vcan0 055#EAF71228B2829C80
(1675526513.222109) vcan0 065#72E613F808BE2302
(1675526513.222184) vcan0 070#000013F821E22000
(1675526513.222258) vcan0 075#0000000000005458
(1675526513.222408) vcan0 080#30508000C2002C00
(1675526513.222484) vcan0 0B0#39830EA3DBC139A3
(1675526513.222557) vcan0 145#F942DB80FC4810A1
(1675526513.222632) vcan0 1E0#0028534300B917E0
(1675526513.222774) vcan0 28C#000020000014FEA8
(1675526513.222847) vcan0 2B5#4B1A4B6293A68341
(1675526513.222923) vcan0 010#000000002FB031F8
(1675526513.222995) vcan0 072#F000FF3F00788038
(1675526513.223138) vcan0 1D0#0000000000000861
(1675526513.224321) vcan0 390#80FF051D02065E4F
(1675526513.224465) vcan0 008#5F80BCF000800080
(1675526513.228237) vcan0 350#A200000000000080
(1675526513.229612) vcan0 0F5#849081907F43F2BC
(1675526513.229754) vcan0 120#9D90A4907F055689
(1675526513.229830) vcan0 130#87FF1D84105FFF11
(1675526513.229904) vcan0 150#8210FD07FAF761C0
(1675526513.229985) vcan0 288#E9DFB04F00000080
(1675526513.231155) vcan0 0E0#62730CF80080EF00
(1675526513.232187) vcan0 010#000000002FB031F9
(1675526513.232261) vcan0 210#6FE08020A869E44D
(1675526513.232405) vcan0 291#0000000000000000
(1675526513.232479) vcan0 3D0#8D0F6100340680C3
(1675526513.233649) vcan0 008#5F80CCE000800080
(1675526513.236184) vcan0 125#E5F97FE4C1D0D735
(1675526513.236263) vcan0 072#F000FF3F0078A038
(1675526513.238717) vcan0 1B0#00C0000001B000FC
(1675526513.241675) vcan0 1B5#FFB0F156F6E0FFEF
(1675526513.241753) vcan0 055#EAF71228B2849C80
(1675526513.241831) vcan0 065#74E612F803BE2102
(1675526513.241908) vcan0 070#000013F821E22000
(1675526513.241986) vcan0 075#0000000000005458
(1675526513.242062) vcan0 080#30508000C2002C00
(1675526513.242222) vcan0 0B0#39830EA3DBC139A3
(1675526513.242301) vcan0 145#F932DC80FC4810A1
(1675526513.242378) vcan0 1D8#363339343234E043
(1675526513.242455) vcan0 1E0#002C434300B917E0
(1675526513.242534) vcan0 290#0000000000000000
(1675526513.242611) vcan0 2C0#5D8700000000A0F1
(1675526513.242763) vcan0 2C3#5D8700FFFFF85450
(1675526513.242839) vcan0 010#000000002FB031F8
(1675526513.244061) vcan0 1D0#0000000000000261
(1675526513.244205) vcan0 2C5#12D786BE75E60070
(1675526513.244280) vcan0 008#5F80DCD000800080
(1675526513.246749) vcan0 260#D0FF00AA497487B0
(1675526513.249220) vcan0 0F5#869094907F47E2BE
(1675526513.250528) vcan0 120#949095907F005689
(1675526513.250601) vcan0 130#8FFF1D8A10490112
(1675526513.250672) vcan0 150#8810F717FAF74BC0
(1675526513.250825) vcan0 0E0#62730CC00080CF00
(1675526513.253090) vcan0 010#000000002FB031F8
(1675526513.253164) vcan0 072#F000FF3F00788038
(1675526513.253240) vcan0 2A9#8C260082C0000084
(1675526513.254304) vcan0 008#5D80ECC200800080
(1675526513.254454) vcan0 288#F1DFB04F00000080
(1675526513.255829) vcan0 125#E5FC7FE4C1D0D735
(1675526513.256987) vcan0 210#6FE080A0A869E445
(1675526513.259439) vcan0 1B0#00C0000003B000FC
(1675526513.262326) vcan0 1B5#FFBBFC5BFBE0FFEF
(1675526513.262477) vcan0 055#EAF71228B2849C80
(1675526513.262553) vcan0 065#74E611F801BE2002
(1675526513.262632) vcan0 070#000013F821E22000
(1675526513.262710) vcan0 075#0000000000005458
(1675526513.262786) vcan0 080#30508000C2002C00
(1675526513.262865) vcan0 0B0#39830EA3DBC139A3
(1675526513.262959) vcan0 145#F922DD80FC4810A1
(1675526513.263109) vcan0 1D8#363339343234E043
(1675526513.263188) vcan0 1E0#002C430300B917E0
(1675526513.263264) vcan0 28C#000020000014FEA9
(1675526513.263341) vcan0 2B5#4B1A4B6293A6843E
(1675526513.263418) vcan0 010#000000002FB031F8
(1675526513.263567) vcan0 1D0#0000000000000061
(1675526513.263645) vcan0 291#0000000000000000
(1675526513.263869) vcan0 340#9400000000000000
(1675526513.264013) vcan0 008#5D80F43200800080
(1675526513.266484) vcan0 072#F000FF3F0078A038
(1675526513.267516) vcan0 3B0#00D8343C38B0C400
(1675526513.268824) vcan0 0F5#7E9087907F4BD2BF
(1675526513.270543) vcan0 120#A7909C907FFF5589
(1675526513.270616) vcan0 130#97011E94102F0712
(1675526513.270689) vcan0 150#8910FA27FAF73AC0
(1675526513.270774) vcan0 290#0000000000000000
(1675526513.270915) vcan0 3CA#00000000520000C8
(1675526513.270992) vcan0 0E0#62730DC80080AE00
(1675526513.271612) vcan0 010#000000002FB031F8
(1675526513.271688) vcan0 330#B500000000000000
(1675526513.274089) vcan0 008#5D80042200800080
(1675526513.276689) vcan0 125#E5FC7FE4C1D0D735
(1675526513.276769) vcan0 260#D0FF00AA497487B0
(1675526513.279366) vcan0 1B0#00C0000002B000FC
(1675526513.279444) vcan0 1B5#FFC6076000E0FFEF
(1675526513.279522) vcan0 055#EAF71228B2849C80
(1675526513.279599) vcan0 065#6FE611F8FEBD1F02
(1675526513.280398) vcan0 070#000014F821E22000
(1675526513.283212) vcan0 075#0000000000005458
(1675526513.283363) vcan0 080#30508000C2002C00
(1675526513.283440) vcan0 0B0#39830EA3DBC139A3
(1675526513.283527) vcan0 145#F912DE80FC4810A1
(1675526513.283605) vcan0 1D8#363339343234E043
(1675526513.283683) vcan0 1E0#0030334300B917E0
(1675526513.283760) vcan0 288#FEDFC03F00000080
(1675526513.283909) vcan0 2C3#5D8700FFFFF85450
(1675526513.283984) vcan0 010#000000002FB031F8
(1675526513.284058) vcan0 072#F000FF3F00788038
(1675526513.284200) vcan0 1D0#0000000000000061
(1675526513.284274) vcan0 210#70E080A0A869E44D
(1675526513.284691) vcan0 008#5D80141200800080
(1675526513.287367) vcan0 0F5#819089907F4FC2C0
(1675526513.289699) vcan0 120#AD90AB907F035689
(1675526513.289841) vcan0 130#9F011E94101F0A12
(1675526513.290941) vcan0 150#8210FF37FAF731C0
(1675526513.291085) vcan0 0E0#62730ED000808D00
(1675526513.292459) vcan0 010#000000002FB031F8
(1675526513.292541) vcan0 291#0000000000000000
(1675526513.292616) vcan0 2A9#8C26009BC0000084
(1675526513.293513) vcan0 008#5D80240200800080
(1675526513.295888) vcan0 125#E5FC7FE4C1D0D735
(1675526513.297265) vcan0 072#F000FF3F0078A038
(1675526513.300224) vcan0 1B0#00C0000000B000FC
(1675526513.300303) vcan0 1B5#FFD1126606E0FFEF
(1675526513.300452) vcan0 1D8#363339343234E043
(1675526513.300530) vcan0 1E0#0034234300B917E0
(1675526513.300607) vcan0 055#EAF71228B2849C80
(1675526513.300686) vcan0 065#69E611F8FBBD2002
(1675526513.300763) vcan0 070#000014F822E22000
(1675526513.300914) vcan0 075#0000000000005458
(1675526513.301353) vcan0 080#30508000C2002C00
(1675526513.301431) vcan0 0B0#39830EA3DBC139A3
(1675526513.301509) vcan0 145#F902DF80FC4810A1
(1675526513.301594) vcan0 28C#000020000014FEA9
(1675526513.301673) vcan0 290#0000000000000000
(1675526513.304257) vcan0 010#000000002FB031F8
(1675526513.304331) vcan0 1D0#0000000000000861
(1675526513.304405) vcan0 2B5#4B1B4B6293A6853F
(1675526513.304478) vcan0 2C0#5D8700000000A0F1
(1675526513.304621) vcan0 2C5#11D786BE74E60070
(1675526513.304696) vcan0 370#0722C000601BC735
(1675526513.304769) vcan0 3AF#0000000000000020
(1675526513.304844) vcan0 3E0#000000D932808090
(1675526513.304986) vcan0 008#5D8034F200800080
(1675526513.305059) vcan0 288#F9DFC03F00000080
(1675526513.306845) vcan0 260#D0FF00AA497487B0
(1675526513.306918) vcan0 210#70E080A0A869E44D
(1675526513.309184) vcan0 0F5#8A9087907F53B2C2
(1675526513.310558) vcan0 120#B390AB907FFF5589
(1675526513.310583) vcan0 130#A7011E94100F0A12
(1675526513.310726) vcan0 150#8310FD47FAF720C0
(1675526513.310799) vcan0 0E0#62730DD800806E00
(1675526513.312037) vcan0 010#000000002FB031F9
(1675526513.312111) vcan0 072#F000FF3F00788038
(1675526513.313555) vcan0 008#5D8044E200800080
(1675526513.316101) vcan0 125#E5FE7FE4C1D0D735
(1675526513.317116) vcan0 360#5E8700D2B364A001
(1675526513.318491) vcan0 350#A200000000000080
(1675526513.321450) vcan0 1B0#00C0000002B000FC
(1675526513.321527) vcan0 1B5#FFDB1C6B0BE0FFEF
(1675526513.321679) vcan0 055#EAF71228B2849C80
(1675526513.321756) vcan0 065#65E611F8FBBD2002
(1675526513.321833) vcan0 070#000014F822E22000
(1675526513.321912) vcan0 075#0000000000005458
(1675526513.321988) vcan0 080#31508000C2002C00
(1675526513.322075) vcan0 0B0#39830EA3DBC139A3
(1675526513.322223) vcan0 145#F9F2D080FC4810A1
(1675526513.322301) vcan0 1D8#363339343234E043
(1675526513.322379) vcan0 1E0#0034230300B917E0
(1675526513.322458) vcan0 2C3#5D8700FFFFF85450
(1675526513.322535) vcan0 010#000000002FB031F8
(1675526513.322685) vcan0 1D0#0000000000000261
(1675526513.322763) vcan0 291#0000000000000000
(1675526513.323990) vcan0 390#80FF051D02025F6F
(1675526513.324062) vcan0 008#5D8054D200800080
(1675526513.324138) vcan0 3C8#5D87008E882C008E
(1675526513.326610) vcan0 072#F000FF3F0078A038
(1675526513.329081) vcan0 0F5#929086907F57A2C3
(1675526513.330590) vcan0 120#A490A2907FFF5589
(1675526513.330665) vcan0 130#AF041E9410FF0A12
(1675526513.330808) vcan0 150#88100058FAF70BC0
(1675526513.330892) vcan0 288#FEDFC03F00000080
(1675526513.330966) vcan0 290#0000000000000000
(1675526513.331039) vcan0 0E0#62730BE000805000
(1675526513.332143) vcan0 010#000000002FB031F8
(1675526513.332217) vcan0 210#70E080A0A869E445
(1675526513.332289) vcan0 2A9#8C260082C0000084
(1675526513.333460) vcan0 008#5D8064C200800080
(1675526513.336035) vcan0 125#E5FE7FE4C1D0D735
(1675526513.337266) vcan0 260#D0FF0055497487B0
(1675526513.338569) vcan0 1B0#00C0000004B000FC
(1675526513.339728) vcan0 1B5#FFE6277010E0FFEF
(1675526513.339806) vcan0 055#EAF71228B2849C80
(1675526513.341038) vcan0 065#66E612F8FFBD2202
(1675526513.341115) vcan0 070#000014F822E22000
(1675526513.341192) vcan0 075#0000000000005458
(1675526513.341340) vcan0 080#31508000C2002C00
(1675526513.341429) vcan0 0B0#39830EA3DBC139A3
(1675526513.344022) vcan0 145#F9E2D180FC4810A1
(1675526513.344096) vcan0 1D8#363339343234E043
(1675526513.344170) vcan0 1E0#0038134300B917E0
(1675526513.344243) vcan0 28C#000020000014FEA8
(1675526513.344387) vcan0 2B5#4B1B4B6293A68541
(1675526513.344461) vcan0 340#9400000000000000
(1675526513.344536) vcan0 581#FFFFFFFFFFFF0081
(1675526513.344608) vcan0 010#000000002FB031F8
(1675526513.344684) vcan0 072#F000FF3F00788038
(1675526513.344826) vcan0 1D0#0000000000000061
(1675526513.344898) vcan0 008#5D8074B200800080
(1675526513.344974) vcan0 400#0401010202010210
(1675526513.345048) vcan0 405#0000000000000000
(1675526513.347584) vcan0 0F5#80908A907F5B92C4
(1675526513.348960) vcan0 120#8990B0907F025689
(1675526513.349041) vcan0 130#B7041E9410EF0712
(1675526513.350143) vcan0 150#7D10FE67FBF706C0
(1675526513.351517) vcan0 0E0#62730CE800802F00
(1675526513.354087) vcan0 008#5D8084A200800080
(1675526513.354166) vcan0 010#000000002FB031F8
(1675526513.354243) vcan0 288#F5DFC03F00000080
(1675526513.355187) vcan0 291#0000000000000000
(1675526513.356488) vcan0 330#B500000000000000
(1675526513.356567) vcan0 125#E5FE7FE4C1D0D735
(1675526513.358012) vcan0 072#F000FF3F0078A038
(1675526513.358090) vcan0 210#70E080A0A869E445
(1675526513.359103) vcan0 1B0#00C0000003B000FC
(1675526513.359253) vcan0 055#EAF71228B2849C80
(1675526513.360196) vcan0 065#6DE612F804BE2302
(1675526513.363007) vcan0 070#000014F822E22000
(1675526513.363085) vcan0 075#0000000000005458
(1675526513.363168) vcan0 080#31508000C2002C00
(1675526513.363319) vcan0 0B0#39830EA3DBC139A3
(1675526513.363398) vcan0 145#F9D2D280FC4810A1
(1675526513.363473) vcan0 1B5#FFF1327616E0FFEF
(1675526513.363549) vcan0 1D8#363339343234E043
(1675526513.363628) vcan0 1E0#003C034300B917E0
(1675526513.363707) vcan0 290#0000000000000000
(1675526513.363859) vcan0 2C0#5D8700000000A0F1
(1675526513.363935) vcan0 2C3#5D8700FFFFF85450
(1675526513.364008) vcan0 2C5#11D786BE69E60070
(1675526513.364562) vcan0 010#000000002FB031F8
(1675526513.364636) vcan0 1D0#0000000000000061
(1675526513.364709) vcan0 008#5D80949200800080
(1675526513.367110) vcan0 260#D0FF0055497487B0
(1675526513.368485) vcan0 0F5#86908C907F5F82C6
(1675526513.369995) vcan0 120#9A909F907F085689
(1675526513.370079) vcan0 130#BF011E9410DF0112
(1675526513.370223) vcan0 150#8810FB77FBF7EBC0
(1675526513.371048) vcan0 0E0#62730DF000800E00
(1675526513.372150) vcan0 010#000000002FB031F8
(1675526513.373457) vcan0 072#F000FF3F00788038
(1675526513.373530) vcan0 2A9#8C26008AC0000084
(1675526513.374953) vcan0 008#5D80A48200800080
(1675526513.376111) vcan0 125#E5FE7FE4C1D0D735
(1675526513.378566) vcan0 1B0#00C0000001B000FC
(1675526513.381383) vcan0 1B5#FFFC3D7B1BE0FFEF
(1675526513.381461) vcan0 055#EAF71228B2849C80
(1675526513.381538) vcan0 065#72E612F804BE2302
(1675526513.381687) vcan0 070#000014F822E22000
(1675526513.381764) vcan0 075#0000000000005458
(1675526513.381842) vcan0 080#31508000C2002C00
(1675526513.381920) vcan0 0B0#39830EA3DBC139A3
(1675526513.382008) vcan0 145#F9C2D380FC4810A1
(1675526513.382085) vcan0 1D8#363339343234E043
(1675526513.382235) vcan0 1E0#003C030300B917E0
(1675526513.382315) vcan0 288#F1DFD02F00000080
(1675526513.382392) vcan0 28C#000020000014FEA8
(1675526513.382469) vcan0 010#000000002FB031F8
(1675526513.383915) vcan0 1D0#0000000000000861
(1675526513.383991) vcan0 210#70E08020A869E445
(1675526513.384066) vcan0 291#0000000000000000
(1675526513.384139) vcan0 2B5#4B1B4B6293A68540
(1675526513.384283) vcan0 008#5D80B45D15800080
(1675526513.386479) vcan0 072#F000FF3F0078A038
(1675526513.387785) vcan0 3B0#00D8343838B0C400
(1675526513.390802) vcan0 0F5#84908D907F6372C7
(1675526513.390876) vcan0 120#8D9095907F025689
(1675526513.390950) vcan0 130#C7011E8F10D4FD11
(1675526513.391032) vcan0 150#8510FD87FBF7DEC0
(1675526513.391174) vcan0 290#0000000000000000
(1675526513.391248) vcan0 3CA#00000000530000C8
(1675526513.391320) vcan0 0E0#62730EF80080ED00
(1675526513.391878) vcan0 010#000000002FB031F9
(1675526513.394379) vcan0 008#5B80C44F15800080
(1675526513.395611) vcan0 125#E5FE7FE4C1D0D735
(1675526513.397058) vcan0 260#D0FF0055497487B0
(1675526513.400088) vcan0 1B0#00C0000002B000FC
(1675526513.400167) vcan0 1B5#FF06478020E0FFEF
(1675526513.400244) vcan0 1D8#363339343234E043
(1675526513.400393) vcan0 055#EAF71228B2849C80
(1675526513.400471) vcan0 065#76E612F804BE2202
(1675526513.400549) vcan0 070#000014F821E22000
(1675526513.400627) vcan0 075#0000000000005458
(1675526513.400705) vcan0 080#30508000C2002C00
(1675526513.401224) vcan0 0B0#39830EA3DBC139A3
(1675526513.401373) vcan0 145#F9B2D480FC4810A1
(1675526513.401451) vcan0 1E0#0000F34300B917E0
(1675526513.401529) vcan0 2C3#5D8700FFFFF95450
(1675526513.402329) vcan0 370#0722C000601BC735
(1675526513.403633) vcan0 010#000000002FB031F8
(1675526513.403710) vcan0 072#F000FF3F00788038
(1675526513.403862) vcan0 1D0#0000000000000261
(1675526513.405168) vcan0 008#5B80D43F15800080
(1675526513.405244) vcan0 288#E9DFD02F00000080
(1675526513.406688) vcan0 210#70E080A0A869E44D
(1675526513.409225) vcan0 350#A200000000000080
(1675526513.409298) vcan0 0F5#8D9086907F6762C8
(1675526513.409373) vcan0 120#949091907F055689
(1675526513.409515) vcan0 130#CFFF1D9510BEFF11
(1675526513.409589) vcan0 150#9110F797FBF7C2C0
(1675526513.410628) vcan0 0E0#62730CC00080CF00
(1675526513.412139) vcan0 010#000000002FB031F8
(1675526513.412215) vcan0 291#0000000000000000
(1675526513.412288) vcan0 2A9#8C260093C0000084
(1675526513.413663) vcan0 008#5B80E42F15800080
(1675526513.416185) vcan0 125#E5FE7FE4C1D0D735
(1675526513.416262) vcan0 072#F000FF3F0078A038
(1675526513.417495) vcan0 360#5E8700D2B364A001
(1675526513.420527) vcan0 1B0#00C0000001B000FC
(1675526513.420606) vcan0 1B5#FF11528626E0FFEF
(1675526513.420683) vcan0 055#EAF71228B2849C80
(1675526513.420760) vcan0 065#76E612F801BE2102
(1675526513.420910) vcan0 070#000014F822E22000
(1675526513.420988) vcan0 075#0000000000005458
(1675526513.421064) vcan0 080#30508000C2002C00
(1675526513.421141) vcan0 0B0#39830EA3DBC139A3
(1675526513.421229) vcan0 145#F9A2D580FC4810A1
(1675526513.421595) vcan0 1D8#363339343234E043
(1675526513.421673) vcan0 1E0#0004E34300B917E0
(1675526513.421751) vcan0 28C#000020000014FEA9
(1675526513.421901) vcan0 010#000000002FB031F8
(1675526513.421979) vcan0 1D0#0000000000000061
(1675526513.424545) vcan0 290#0000000000000000
(1675526513.424621) vcan0 2B5#4B1B4B6293A6853F
(1675526513.424694) vcan0 2C0#5D8700000000A0F1
(1675526513.424767) vcan0 2C5#11D786BE74E60070
(1675526513.424912) vcan0 340#9400000000000000
(1675526513.424985) vcan0 390#80FF051D02025F4F
(1675526513.425059) vcan0 3AF#0000000000000020
(1675526513.425134) vcan0 008#5B80F41F15800080
(1675526513.427057) vcan0 260#D0FF00AA497487B0
(1675526513.428500) vcan0 0F5#809084907F6B52CA
(1675526513.429541) vcan0 120#9F908A907F045689
(1675526513.430988) vcan0 130#D7FF1D9410AFFF11
(1675526513.431062) vcan0 150#8810FBA7FBF7BBC0
(1675526513.431137) vcan0 288#F5DFD02F00000080
(1675526513.431210) vcan0 0E0#627303C80080B800
(1675526513.432653) vcan0 010#000000002FB031F8
(1675526513.432726) vcan0 072#F000FF3F00788038
(1675526513.432802) vcan0 210#70E080A0A869E44D
(1675526513.432946) vcan0 330#B500000000000000
(1675526513.433018) vcan0 3D0#8D0F6100340680C3
(1675526513.433708) vcan0 008#5B80040F15800080
(1675526513.436177) vcan0 125#E5FE7FE4C1D0D735
(1675526513.438993) vcan0 1B0#00C0000002B000FC
(1675526513.439073) vcan0 1B5#FF1C5D8B2BE0FFEF
(1675526513.439221) vcan0 055#EAF71228B2849C80
(1675526513.440089) vcan0 065#71E611F8FEBD2002
(1675526513.440178) vcan0 070#000014F822E22000
(1675526513.440256) vcan0 075#0000000000005458
(1675526513.443000) vcan0 080#31508000C2002C00
(1675526513.443079) vcan0 0B0#39830EA3DAC139A3
(1675526513.443156) vcan0 145#F992D680FC4810A1
(1675526513.443233) vcan0 1D8#363339343234E043
(1675526513.443383) vcan0 1E0#0004E30300B917E0
(1675526513.443460) vcan0 2C3#5D8700FFFFF95450
(1675526513.443538) vcan0 010#000000002FB031F8
(1675526513.443615) vcan0 1D0#0000000000000061
(1675526513.443693) vcan0 291#0000000000000000
(1675526513.444056) vcan0 008#5B8014FF15800080
(1675526513.444197) vcan0 3C8#5D87008E882C008E
(1675526513.446601) vcan0 072#F000FF3F0078A038
(1675526513.449075) vcan0 0F5#809089907F6F42CB
(1675526513.450519) vcan0 120#AA9096907F025689
(1675526513.450614) vcan0 130#DFFF1D94109FFF11
(1675526513.450690) vcan0 150#8810FBB7FBF7ABC0
