(1675526031.513664) vcan0 0F5#969CA99C7F733258
(1675526031.513732) vcan0 120#D59CC49C7FFC5589
(1675526031.513810) vcan0 130#E7FF1DCD1C4AFF11
(1675526031.514608) vcan0 150#9F1CFDC7F4F778C0
(1675526031.514687) vcan0 010#008800002FB031F8
(1675526031.514765) vcan0 008#718014FE00800080
(1675526031.517510) vcan0 072#F000FF3F00788038
(1675526031.517585) vcan0 2A9#8C260093C0000084
(1675526031.517727) vcan0 2C0#468700000000A0F1
(1675526031.517803) vcan0 2C5#0AEF72EE69E50070
(1675526031.517877) vcan0 370#071FC000721BC71F
(1675526031.517950) vcan0 3AF#0000000000000020
(1675526031.518094) vcan0 3E0#000000D92E808092
(1675526031.518579) vcan0 0E0#E27315D000808600
(1675526031.519760) vcan0 1B0#00C0000001B000FC
(1675526031.520797) vcan0 1B5#FF88C2B5CDE0FFEF
(1675526031.521829) vcan0 1D8#363339343234E043
(1675526031.522931) vcan0 1E0#0034234300B917E0
(1675526031.523968) vcan0 2C3#468700FFFFBB5450
(1675526031.524041) vcan0 010#008800002FB031F9
(1675526031.525009) vcan0 008#718024EE00800080
(1675526031.527978) vcan0 1D0#0000000000000261
(1675526031.528057) vcan0 210#0CE080A0A869C74D
(1675526031.528135) vcan0 291#0000000000000000
(1675526031.528212) vcan0 125#E5EB7FE5C1D0D735
(1675526031.529011) vcan0 072#F000FF3F0078A038
(1675526031.529088) vcan0 3B0#00D8513C43B8C400
(1675526031.530103) vcan0 260#D0FF00AA497487B0
(1675526031.531116) vcan0 055#F8F70128B2389C80
(1675526031.531194) vcan0 065#65E503F8FEDD0E02
(1675526031.532218) vcan0 070#000006F809E20F00
(1675526031.532296) vcan0 075#0000000000005458
(1675526031.535040) vcan0 080#04508000C2002C00
(1675526031.535120) vcan0 0B0#52830EA3E4C152A3
(1675526031.535197) vcan0 145#F9A2D580FC4810A1
(1675526031.535275) vcan0 288#EDDF708F00000080
(1675526031.535353) vcan0 0F5#A79CA79C7F77225A
(1675526031.535431) vcan0 120#D29CCA9C7FFF5589
(1675526031.535581) vcan0 130#EFFF1DCD1C3AFF11
(1675526031.535656) vcan0 150#A71CF9D7F4F760C0
(1675526031.535730) vcan0 010#008800002FB031F8
(1675526031.535803) vcan0 008#718034DE00800080
(1675526031.535947) vcan0 330#D300000000000000
(1675526031.536158) vcan0 290#0000000000000000
(1675526031.537263) vcan0 350#A200000000000080
(1675526031.538296) vcan0 0E0#E27313D800806800
(1675526031.539342) vcan0 1B0#00C0000002B000FC
(1675526031.543252) vcan0 1B5#FF9AD5BED6E0FFEF
(1675526031.543326) vcan0 1D8#363339343234E043
(1675526031.544293) vcan0 1E0#0038134300B917E0
(1675526031.544368) vcan0 010#008800002FB031F8
(1675526031.544442) vcan0 008#718044CE00800080
(1675526031.545340) vcan0 072#F000FF3F00788038
(1675526031.545414) vcan0 1D0#0000000000000861
(1675526031.546402) vcan0 125#E5EB7FE5C1D0D735
(1675526031.547490) vcan0 210#0CE080A0A869C745
(1675526031.548579) vcan0 055#F8F70028B2319C7F
(1675526031.549669) vcan0 065#65E502F8FFDD0A02
(1675526031.550757) vcan0 070#000006F806E20F00
(1675526031.551920) vcan0 075#0000000000005458
(1675526031.554666) vcan0 080#01508000C2002C00
(1675526031.554744) vcan0 0B0#52830EA3E4C152A3
(1675526031.554831) vcan0 145#F992D680FC4810A1
(1675526031.554910) vcan0 28C#000000000016FEA5
(1675526031.554987) vcan0 2B5#4B29196293A67525
(1675526031.555066) vcan0 340#8C00000000000000
(1675526031.555215) vcan0 0F5#9C9CA49C7F7B125D
(1675526031.555292) vcan0 120#C39CD89C7FFF5589
(1675526031.555370) vcan0 130#F7FF1DC41C33FA11
(1675526031.555447) vcan0 150#A01CF9E7F5F757C0
(1675526031.555596) vcan0 010#008800002FB031F8
(1675526031.555672) vcan0 008#718054BE00800080
(1675526031.555745) vcan0 291#0000000000000000
(1675526031.555820) vcan0 2A9#8C26008AC0000084
(1675526031.555963) vcan0 288#EDDF708F00000080
(1675526031.558574) vcan0 072#F000FF3F0078A038
(1675526031.559609) vcan0 360#50870095BA64A041
(1675526031.560712) vcan0 260#D0FF00AA497487B0
(1675526031.561618) vcan0 0E0#E27315E000804600
(1675526031.562721) vcan0 1B0#00C0000002B000FC
(1675526031.563758) vcan0 1B5#FFADE8C8DFE0FFEF
(1675526031.563831) vcan0 1D8#363339343234E043
(1675526031.563974) vcan0 1E0#0038130300B917E0
(1675526031.564048) vcan0 2C3#468700FFFFBC5450
(1675526031.564808) vcan0 010#008800002FB031F8
(1675526031.564952) vcan0 008#718064AE00800080
(1675526031.565025) vcan0 1D0#0000000000000061
(1675526031.565100) vcan0 390#80FF050002025F4F
(1675526031.565894) vcan0 125#E5EB7FE5C1D0D735
(1675526031.568355) vcan0 055#F8F70028B2279C7F
(1675526031.571248) vcan0 065#63E501F800DE0702
(1675526031.572334) vcan0 070#000006F804E20F00
(1675526031.572413) vcan0 075#0000000000005458
(1675526031.572489) vcan0 080#FF4F8000C2002C00
(1675526031.572579) vcan0 0B0#52830EA3E4C152A3
(1675526031.573450) vcan0 145#F982D780FC4810A1
(1675526031.573602) vcan0 290#0000000000000000
(1675526031.573677) vcan0 0F5#8E9CA49C7F7F025F
(1675526031.573756) vcan0 120#CD9CC79C7FFE5589
