(1675525708.043606) vcan0 065#69E62CF802CE7802
(1675525708.043665) vcan0 070#00000AF876E21500
(1675525708.046477) vcan0 075#0000000000005458
(1675525708.046483) vcan0 080#72508000C2002C00
(1675525708.046625) vcan0 0B0#39831AA3E2C139A3
(1675525708.046700) vcan0 145#F9E2D180FC4810A1
(1675525708.046774) vcan0 1B0#00C0000003B000FC
(1675525708.046846) vcan0 1B5#FFC64A8CE5E0FFEF
(1675525708.046941) vcan0 1D8#363339343234DF43
(1675525708.047016) vcan0 1E0#0014A34300B917E0
(1675525708.047157) vcan0 28C#000000000016FEA8
(1675525708.047231) vcan0 288#B8DFF00F00000080
(1675525708.047306) vcan0 2B5#4B9C276293A67C87
(1675525708.047380) vcan0 2C3#528700FFFF845450
(1675525708.047952) vcan0 008#88801C6700800080
(1675525708.048028) vcan0 340#9800000000000000
(1675525708.048103) vcan0 3C8#5287008E882C008E
(1675525708.048176) vcan0 010#008800002FB031F8
(1675525708.048321) vcan0 330#2800000000000000
(1675525708.049445) vcan0 0E0#E2732FD000806C00
(1675525708.053502) vcan0 0F5#DD98E8987F47E2EB
(1675525708.054950) vcan0 120#049914997FFB5589
(1675525708.055024) vcan0 130#8F0C1EF518D60412
(1675525708.055168) vcan0 150#E218E917E8F7E9C0
(1675525708.056362) vcan0 125#E5C47FE4C1D0D735
(1675525708.056452) vcan0 008#88802C5700800080
(1675525708.057863) vcan0 010#008800002FB031F8
(1675525708.057951) vcan0 072#F000FF3F007CA038
(1675525708.058093) vcan0 1D0#0000000000000061
(1675525708.060669) vcan0 260#D0FF0055497487B0
(1675525708.062167) vcan0 210#0BE080A0A869CC45
(1675525708.063698) vcan0 055#F4F72B28B2F09C80
(1675525708.063773) vcan0 065#68E62BF803CE7702
(1675525708.063847) vcan0 070#00000AF875E21500
(1675525708.063924) vcan0 075#0000000000005458
(1675525708.065275) vcan0 080#71508000C2002C00
(1675525708.065351) vcan0 0B0#39831AA3E2C139A3
(1675525708.065425) vcan0 145#F9D2D280FC4810A1
(1675525708.065500) vcan0 1B0#00C0000002B000FC
(1675525708.065641) vcan0 1B5#FFD65A94EDE0FFEF
(1675525708.065737) vcan0 1D8#363339343234DF43
(1675525708.065812) vcan0 1E0#0018934300B917E0
(1675525708.065885) vcan0 290#0000000000000000
(1675525708.068134) vcan0 2C0#528700000000A0F1
(1675525708.068280) vcan0 2C5#3DE78BD769E60070
(1675525708.068353) vcan0 008#88803C4700800080
(1675525708.068430) vcan0 010#008800002FB031F8
(1675525708.068502) vcan0 291#0000000000000000
(1675525708.068645) vcan0 2A9#8C260093C0000084
(1675525708.069654) vcan0 0E0#E2732CD800804F00
(1675525708.071187) vcan0 288#ACDFF00F00000080
(1675525708.073021) vcan0 072#F000FF3F007C8038
(1675525708.073026) vcan0 360#5C8700BEB16BA041
(1675525708.074187) vcan0 0F5#E198E7987F4BD2ED
(1675525708.075695) vcan0 120#049916997FF95589
(1675525708.075773) vcan0 130#970C1EF518C60412
(1675525708.075859) vcan0 150#E418EA27E8F7D7C0
(1675525708.077197) vcan0 125#E5C47FE4C1D0D735
(1675525708.077274) vcan0 008#88804C3700800080
(1675525708.077347) vcan0 010#008800002FB031F8
(1675525708.077422) vcan0 1D0#0000000000000061
(1675525708.078692) vcan0 390#80FF0519021E584F
(1675525708.082685) vcan0 055#F4F72A28B2EA9C7F
(1675525708.084200) vcan0 065#66E62BF800CE7502
(1675525708.084276) vcan0 070#00000AF873E21500
(1675525708.084418) vcan0 075#0000000000005458
(1675525708.084492) vcan0 080#6F508000C2002C00
(1675525708.084566) vcan0 0B0#39831AA3E2C139A3
(1675525708.087164) vcan0 145#F9C2D380FC4810A1
(1675525708.087255) vcan0 1B0#00C0000001B000FC
(1675525708.087328) vcan0 1B5#FFE76A9CF5E0FFEF
(1675525708.087402) vcan0 1D8#363339343234DF43
(1675525708.087486) vcan0 1E0#0018930300B917E0
(1675525708.087560) vcan0 28C#000000000016FEA8
(1675525708.087704) vcan0 2B5#4B9D276293A67C85
(1675525708.087778) vcan0 2C3#528700FFFF845450
(1675525708.087852) vcan0 008#88805C2700800080
(1675525708.087926) vcan0 010#008800002FB031F8
(1675525708.088707) vcan0 072#F000FF3F007CA038
(1675525708.088783) vcan0 210#0BE080A0A869CC4D
(1675525708.088856) vcan0 3D0#9C0F6100C50580C3
(1675525708.090189) vcan0 0E0#E27327E000803400
(1675525708.091686) vcan0 260#D0FF00AA497487B0
(1675525708.093184) vcan0 290#0000000000000000
(1675525708.094612) vcan0 0F5#E598EA987F4FC2EF
(1675525708.094751) vcan0 120#0C990E997FF95589
(1675525708.094755) vcan0 130#9F0C1EF518B60412
(1675525708.096198) vcan0 150#E718E937E8F7C4C0
(1675525708.096281) vcan0 288#BCDFF00F00000080
(1675525708.096356) vcan0 125#E5C47FE4C1D0D735
(1675525708.097698) vcan0 008#88806C1700800080
(1675525708.097772) vcan0 010#008800002FB031F8
(1675525708.097845) vcan0 1D0#0000000000000061
(1675525708.097990) vcan0 291#0000000000000000
(1675525708.099187) vcan0 400#0300030D0D010121
(1675525708.101938) vcan0 072#F000FF3F007C8038
(1675525708.103363) vcan0 055#F4F72928B2E89C80
(1675525708.103519) vcan0 065#64E62AF8FECD7302
(1675525708.103596) vcan0 070#00000AF871E21500
(1675525708.106406) vcan0 075#0000000000005458
(1675525708.106483) vcan0 080#6D508000C2002C00
(1675525708.106556) vcan0 0B0#39831AA3E2C139A3
(1675525708.106631) vcan0 145#F9B2D480FC4810A1
(1675525708.106775) vcan0 1B0#00C0000001B000FC
(1675525708.106872) vcan0 1B5#FFF77AA4FDE0FFEF
(1675525708.106946) vcan0 1D8#363339343234DF43
(1675525708.107019) vcan0 1E0#001C834300B917E0
(1675525708.107093) vcan0 008#88807C0700800080
(1675525708.107943) vcan0 010#008800002FB031F8
(1675525708.108020) vcan0 2A9#8C26008AC0000084
(1675525708.109416) vcan0 0E0#E27323E800801800
(1675525708.110917) vcan0 210#0FE080A0A869CC4D
(1675525708.113755) vcan0 0F5#ED98EA987F53B2F1
(1675525708.115136) vcan0 120#019910997FFA5589
(1675525708.115212) vcan0 130#A70C1EF518A60412
(1675525708.115355) vcan0 150#EB18E647E8F7B0C0
(1675525708.116612) vcan0 3CA#00000000520000C8
(1675525708.116768) vcan0 125#E5C47FE4C1D0D735
(1675525708.116842) vcan0 008#88808CF700800080
(1675525708.118115) vcan0 010#008800002FB031F9
(1675525708.118269) vcan0 072#F000FF3F007CA038
(1675525708.118344) vcan0 1D0#0000000000000A61
(1675525708.119620) vcan0 350#A200000000000080
(1675525708.121166) vcan0 288#B8DF00FF00000080
(1675525708.122692) vcan0 260#D0FF00AA497487B0
(1675525708.125665) vcan0 055#F4F72828B2E59C80
(1675525708.125757) vcan0 065#68E62AF801CE7102
(1675525708.125831) vcan0 070#00000AF86FE21500
(1675525708.125906) vcan0 075#0000000000005458
(1675525708.126049) vcan0 080#6B508000C2002C00
(1675525708.126122) vcan0 0B0#398319A3E2C139A3
(1675525708.126197) vcan0 145#F9A2D580FC4810A1
(1675525708.126270) vcan0 1B0#00C0000001B000FC
(1675525708.126344) vcan0 1B5#FF078BAC05E0FFEF
(1675525708.126487) vcan0 1D8#363339343234DF43
(1675525708.126560) vcan0 1E0#0020734300B917E0
(1675525708.126646) vcan0 28C#000000000016FEA8
(1675525708.128707) vcan0 290#0000000000000000
(1675525708.128783) vcan0 2B5#4B9D276293A67B81
(1675525708.128857) vcan0 2C0#528700000000A0F1
(1675525708.128932) vcan0 008#88809CE700800080
(1675525708.129006) vcan0 2C3#528700FFFF855450
(1675525708.129150) vcan0 2C5#3CE78BD764E60070
(1675525708.129223) vcan0 340#9800000000000000
(1675525708.129298) vcan0 370#0720C0007B1BC71F
(1675525708.129372) vcan0 3AF#0000000000000020
(1675525708.129446) vcan0 3E0#000000D92E808090
(1675525708.129588) vcan0 010#008800002FB031F8
(1675525708.129663) vcan0 291#0000000000000000
(1675525708.129746) vcan0 330#2800000000000000
(1675525708.130186) vcan0 0E0#E27321F00080FA00
(1675525708.131667) vcan0 072#F000FF3F007C8038
(1675525708.133168) vcan0 0F5#E098F2987F57A2F3
(1675525708.134687) vcan0 120#EA9816997FF85589
(1675525708.134758) vcan0 130#AF0C1EF518960412
(1675525708.136191) vcan0 150#E918E957E8F7A2C0
(1675525708.136267) vcan0 125#E5C47FE4C1D0D735
(1675525708.137698) vcan0 008#8880ACD700800080
(1675525708.137773) vcan0 010#008800002FB031F8
(1675525708.137848) vcan0 1D0#0000000000000061
(1675525708.137923) vcan0 210#0FE08020A869CC45
(1675525708.142918) vcan0 055#F4F72728B2E19C80
(1675525708.145938) vcan0 065#66E629F801CE6F02
(1675525708.146014) vcan0 070#00000AF86DE21500
(1675525708.146089) vcan0 075#0000000000005458
(1675525708.146162) vcan0 080#68508000C2002C00
(1675525708.146305) vcan0 0B0#398319A3E2C139A3
(1675525708.146378) vcan0 145#F992D680FC4810A1
(1675525708.146469) vcan0 1B0#00C0000002B000FC
(1675525708.146542) vcan0 1B5#FF179BB40DE0FFEF
(1675525708.146617) vcan0 1D8#363339343234DF43
(1675525708.146760) vcan0 1E0#0020730300B917E0
(1675525708.146833) vcan0 288#B8DF00FF00000080
(1675525708.147449) vcan0 008#8880BCC700800080
(1675525708.147524) vcan0 010#008800002FB031F8
(1675525708.147598) vcan0 072#F000FF3F007CA038
(1675525708.148933) vcan0 2A9#8C260093C0000084
(1675525708.150418) vcan0 0E0#E27323F80080D800
(1675525708.151916) vcan0 260#D0FF00AA497487B0
(1675525708.153417) vcan0 290#0000000000000000
(1675525708.154873) vcan0 0F5#E398F8987F5B92F5
(1675525708.155020) vcan0 120#FE9821997FF55589
(1675525708.155094) vcan0 130#B70C1EF81883FF11
(1675525708.155166) vcan0 150#ED18E967E8F78EC0
(1675525708.156450) vcan0 125#E5C67FE4C1D0D735
(1675525708.156526) vcan0 008#8880CCB700800080
(1675525708.157946) vcan0 010#008800002FB031F8
(1675525708.158023) vcan0 1D0#0000000000000061
(1675525708.158095) vcan0 291#0000000000000000
(1675525708.161916) vcan0 072#F000FF3F007C8038
(1675525708.163450) vcan0 210#0FE080A0A869CC4D
(1675525708.163523) vcan0 3B0#00D8193839B0C600
(1675525708.163598) vcan0 055#F4F72728B2DF9C80
(1675525708.163671) vcan0 065#63E628F8FFCD6D02
(1675525708.166448) vcan0 070#00000AF86BE21500
(1675525708.166522) vcan0 075#0000000000005458
(1675525708.166598) vcan0 080#67508000C2002C00
(1675525708.166672) vcan0 0B0#398319A3E2C139A3
(1675525708.166747) vcan0 145#F982D780FC4810A1
(1675525708.166821) vcan0 1B0#00C0000001B000FC
(1675525708.166973) vcan0 1B5#FF27ABBC15E0FFEF
(1675525708.167048) vcan0 1D8#363339343234DF43
(1675525708.167121) vcan0 1E0#0024634300B917E0
(1675525708.167196) vcan0 28C#000000000016FEA8
(1675525708.167268) vcan0 2B5#4B9D276293A6797D
(1675525708.167411) vcan0 2C3#528700FFFF855450
(1675525708.167494) vcan0 3C8#5287008E882C008E
(1675525708.167939) vcan0 008#8880DCA700800080
(1675525708.168013) vcan0 010#008800002FB031F8
(1675525708.169418) vcan0 0E0#E2731DC00080BE00
(1675525708.170918) vcan0 288#B4DF00FF00000080
(1675525708.172457) vcan0 360#5C8700BEB16BA041
(1675525708.173941) vcan0 0F5#EA98ED987F5F82F7
(1675525708.175448) vcan0 120#199909997FF85589
(1675525708.175526) vcan0 130#BF0C1EF81873FF11
(1675525708.175600) vcan0 150#EB18EA77E8F780C0
(1675525708.176941) vcan0 125#E5C67FE4C1D0D735
(1675525708.177016) vcan0 008#8880EC9700800080
(1675525708.178374) vcan0 010#008800002FB031F8
(1675525708.178523) vcan0 072#F000FF3F007CA038
(1675525708.178598) vcan0 1D0#0000000000000861
(1675525708.178671) vcan0 390#80FF0519021A594F
(1675525708.181106) vcan0 260#D0FF0055497487B0
(1675525708.182602) vcan0 055#F4F72628B2DB9C80
(1675525708.184127) vcan0 065#64E627F8FECD6B02
(1675525708.184202) vcan0 070#00000AF86AE21500
(1675525708.184276) vcan0 075#0000000000005458
(1675525708.184420) vcan0 080#65508000C2002C00
(1675525708.184494) vcan0 0B0#398319A3E2C139A3
(1675525708.187164) vcan0 145#F972D880FC4810A1
(1675525708.187253) vcan0 1B0#00C0000001B000FC
(1675525708.187327) vcan0 1B5#FF38BBC41DE0FFEF
(1675525708.187410) vcan0 1D8#363339343234DF43
(1675525708.187485) vcan0 1E0#0028534300B917E0
(1675525708.187628) vcan0 290#0000000000000000
(1675525708.187702) vcan0 2C0#528700000000A0F1
(1675525708.187776) vcan0 2C5#3AE78BD864E60070
(1675525708.187849) vcan0 008#8880FC8700800080
(1675525708.187994) vcan0 010#008800002FB031F8
(1675525708.188702) vcan0 210#0FE080A0A869CC45
(1675525708.188778) vcan0 291#0000000000000000
(1675525708.188852) vcan0 2A9#8C26008AC0000084
(1675525708.190191) vcan0 0E0#E27319C80080A200
(1675525708.191685) vcan0 072#F000FF3F007C8038
(1675525708.193185) vcan0 0F5#E598F0987F6372F9
(1675525708.194689) vcan0 120#1E9904997FFC5589
(1675525708.194753) vcan0 130#C70A1EF81863FF11
(1675525708.196196) vcan0 150#EA18E787E8F771C0
(1675525708.196279) vcan0 288#BCDF00FF00000080
(1675525708.196355) vcan0 125#E5C67FE4C1D0D735
(1675525708.197695) vcan0 008#88800C7700800080
(1675525708.197771) vcan0 010#008800002FB031F9
(1675525708.197845) vcan0 1D0#0000000000000261
(1675525708.202918) vcan0 055#F4F72628B2DB9C80
(1675525708.205991) vcan0 065#69E627F802CE6A02
(1675525708.205996) vcan0 070#00000AF869E21500
(1675525708.206509) vcan0 075#0000000000005458
(1675525708.206513) vcan0 080#64508000C2002C00
(1675525708.206517) vcan0 0B0#398319A3E2C139A3
(1675525708.206521) vcan0 145#F962D980FC4810A1
(1675525708.206526) vcan0 1B0#00C0000000B000FC
(1675525708.206531) vcan0 1B5#FF48CBCC25E0FFEF
(1675525708.206672) vcan0 1D8#363339343234DF43
(1675525708.206745) vcan0 1E0#0028530300B917E0
(1675525708.206832) vcan0 28C#000000000016FEA8
(1675525708.206907) vcan0 2B5#4B9D276293A6787B
(1675525708.207456) vcan0 2C3#528700FFFF855450
(1675525708.207532) vcan0 340#9800000000000000
(1675525708.207606) vcan0 008#88801C6700800080
(1675525708.207748) vcan0 010#008800002FB031F8
(1675525708.207822) vcan0 072#F000FF3F007CA038
(1675525708.208946) vcan0 330#2800000000000000
(1675525708.210432) vcan0 0E0#E2731BD000808000
(1675525708.211941) vcan0 350#A200000000000080
(1675525708.212017) vcan0 260#D0FF0055497487B0
(1675525708.213446) vcan0 290#0000000000000000
(1675525708.213521) vcan0 210#0FE080A0A869CC4D
(1675525708.214950) vcan0 0F5#F09801997F6762FB
(1675525708.215025) vcan0 120#219911997F005689
(1675525708.215168) vcan0 130#CF0A1E0119490112
(1675525708.215250) vcan0 150#F918E997E8F752C0
(1675525708.216360) vcan0 125#E5C67FE4C1D0D735
(1675525708.216451) vcan0 008#88802C5700800080
(1675525708.217849) vcan0 010#008800002FB031F8
(1675525708.219446) vcan0 1D0#0000000000000061
(1675525708.219523) vcan0 291#0000000000000000
(1675525708.219666) vcan0 405#0000000000000000
(1675525708.220935) vcan0 288#B4DF10EF00000080
(1675525708.222507) vcan0 055#F4F72628B2DB9C80
(1675525708.223947) vcan0 065#69E626F801CE6902
(1675525708.224023) vcan0 070#00000AF868E21500
(1675525708.224165) vcan0 075#0000000000005458
(1675525708.224241) vcan0 072#F000FF3F007C8038
(1675525708.225590) vcan0 080#64508000C2002C00
(1675525708.225666) vcan0 0B0#398319A3E2C139A3
(1675525708.225739) vcan0 145#F952DA80FC4810A1
(1675525708.225837) vcan0 1B0#00C0000003B000FC
(1675525708.225911) vcan0 1B5#FF58DCD42DE0FFEF
(1675525708.225984) vcan0 1D8#363339343234DF43
(1675525708.226128) vcan0 1E0#002C434300B917E0
(1675525708.226202) vcan0 370#0720C0007B1BC71F
(1675525708.227061) vcan0 008#88803C4700800080
(1675525708.228543) vcan0 010#008800002FB031F8
(1675525708.228724) vcan0 2A9#8C260082C0000084
(1675525708.230360) vcan0 0E0#E2731ED800805D00
(1675525708.234439) vcan0 0F5#EA98F4987F6B52FD
(1675525708.234513) vcan0 120#06990C997FF35589
(1675525708.235950) vcan0 130#D70A1E0119390712
(1675525708.236024) vcan0 150#EF18E7A7E8F74CC0
(1675525708.236098) vcan0 3CA#00000000530000C8
(1675525708.236172) vcan0 125#E5C67FE4C1D0D735
(1675525708.237442) vcan0 008#88804C3700800080
(1675525708.239042) vcan0 010#008800002FB031F8
(1675525708.239047) vcan0 072#F000FF3F0078A038
(1675525708.239121) vcan0 1D0#0000000000000061
(1675525708.239568) vcan0 210#0FE080A0A869CC45
(1675525708.240441) vcan0 260#D0FF0055497487B0
(1675525708.241919) vcan0 055#F4F72528B2DA9C80
(1675525708.243417) vcan0 065#69E626F800CE6802
(1675525708.245104) vcan0 070#00000AF867E21500
(1675525708.245179) vcan0 075#0000000000005458
(1675525708.245253) vcan0 080#63508000C2002C00
(1675525708.245328) vcan0 0B0#398319A3E2C139A3
(1675525708.245471) vcan0 145#F942DB80FC4810A1
(1675525708.245545) vcan0 1B0#00C0000005B000FC
(1675525708.245620) vcan0 1B5#FF68ECDC36E0FFEF
(1675525708.245693) vcan0 1D8#363339343234DF43
(1675525708.245767) vcan0 1E0#0030334300B917E0
(1675525708.247918) vcan0 28C#000000000016FEA8
(1675525708.248007) vcan0 288#BCDF10EF00000080
(1675525708.248083) vcan0 290#0000000000000000
(1675525708.248158) vcan0 2B5#4B9E276293A67879
(1675525708.248299) vcan0 008#88805C2700800080
(1675525708.248374) vcan0 2C0#528700000000A0F1
(1675525708.248449) vcan0 2C3#528700FFFF865450
(1675525708.248523) vcan0 010#008800002FB031F8
(1675525708.248665) vcan0 291#0000000000000000
(1675525708.248739) vcan0 2C5#38E78BD869E60070
(1675525708.249415) vcan0 3AF#0000000000000020
(1675525708.249503) vcan0 425#0000000000000000
(1675525708.250918) vcan0 0E0#E27321E000803A00
(1675525708.252441) vcan0 072#F000FF3F00788038
(1675525708.253917) vcan0 0F5#E898FC987F6F42FF
(1675525708.255455) vcan0 120#049911997FF55589
(1675525708.255541) vcan0 130#DF0C1E0119290412
(1675525708.255617) vcan0 150#F218EAB7E8F739C0
(1675525708.256941) vcan0 125#E5C97FE4C1D0D735
(1675525708.257015) vcan0 008#88806C1700800080
(1675525708.258441) vcan0 010#008800002FB031F8
(1675525708.258515) vcan0 1D0#0000000000000861
(1675525708.261166) vcan0 210#0FE080A0A869CC45
(1675525708.262667) vcan0 055#F4F72528B2DA9C80
(1675525708.264126) vcan0 065#6DE625F802CE6802
(1675525708.264201) vcan0 070#00000AF867E21500
(1675525708.264275) vcan0 075#0000000000005458
(1675525708.264420) vcan0 080#62508000C2002C00
(1675525708.264491) vcan0 0B0#398318A3E2C139A3
(1675525708.265699) vcan0 145#F932DC80FC4810A1
(1675525708.265774) vcan0 1B0#00C0000004B000FC
(1675525708.265850) vcan0 1B5#FF78FCE43EE0FFEF
(1675525708.265933) vcan0 1D8#363339343234DF43
(1675525708.266007) vcan0 1E0#0030330300B917E0
(1675525708.267196) vcan0 008#88807C0700800080
(1675525708.267336) vcan0 010#008800002FB031F8
(1675525708.268692) vcan0 072#F000FF3F0078A038
(1675525708.268767) vcan0 2A9#8C26009BC0000084
(1675525708.270183) vcan0 0E0#E2731FE800801C00
(1675525708.271612) vcan0 288#BCDF10EF00000080
(1675525708.271700) vcan0 260#D0FF0055497487B0
(1675525708.271845) vcan0 360#5C8700BEB16BA041
(1675525708.273182) vcan0 290#0000000000000000
(1675525708.274614) vcan0 0F5#F598F5987F733201
(1675525708.274699) vcan0 120#0E991C997FF65589
(1675525708.274826) vcan0 130#E70A1E0119190412
(1675525708.276106) vcan0 150#F518EDC7E8F726C0
(1675525708.276195) vcan0 125#E5C97FE4C1D0D735
(1675525708.277621) vcan0 008#88808CF700800080
(1675525708.277699) vcan0 010#008800002FB031F9
(1675525708.277843) vcan0 1D0#0000000000000261
(1675525708.277916) vcan0 291#0000000000000000
(1675525708.279187) vcan0 390#80FF051902165A4F
(1675525708.281933) vcan0 072#F000FF3F00788038
(1675525708.283449) vcan0 3B0#00D8193839B0C400
(1675525708.283523) vcan0 055#F4F72528B2DA9C80
(1675525708.283597) vcan0 065#6AE625F801CE6702
(1675525708.283671) vcan0 070#00000AF866E21500
(1675525708.286443) vcan0 075#0000000000005458
(1675525708.286519) vcan0 080#62508000C2002C00
(1675525708.286594) vcan0 0B0#398318A3E2C139A3
(1675525708.286736) vcan0 145#F922DD80FC4810A1
(1675525708.286809) vcan0 1B0#00C0000002B000FC
(1675525708.286882) vcan0 1B5#FF890CED46E0FFEF
(1675525708.286966) vcan0 1D8#363339343234DF43
(1675525708.287111) vcan0 1E0#0034234300B917E0
(1675525708.287185) vcan0 28C#000000000016FEA8
(1675525708.287258) vcan0 2B5#4B9E276293A67877
(1675525708.287333) vcan0 2C3#528700FFFF865450
(1675525708.287407) vcan0 340#9800000000000000
(1675525708.288080) vcan0 008#88809CE700800080
(1675525708.288155) vcan0 3C8#5287008E882C008E
(1675525708.288231) vcan0 010#008800002FB031F8
(1675525708.288304) vcan0 210#0FE08020A869CC4D
(1675525708.288448) vcan0 330#2800000000000000
(1675525708.288522) vcan0 3D0#9C0F6100C50580C3
(1675525708.289535) vcan0 0E0#E27319F000800200
(1675525708.291067) vcan0 430#3D083D0000001586
(1675525708.295199) vcan0 0F5#ED98F8987F772203
(1675525708.295273) vcan0 120#069913997FFB5589
(1675525708.295357) vcan0 130#EF0A1E0119090412
(1675525708.295432) vcan0 150#F218EAD7E8F719C0
(1675525708.296695) vcan0 125#E5C97FE4C1D0D735
(1675525708.296772) vcan0 288#BCDF10EF00000080
(1675525708.296846) vcan0 008#8880ACD700800080
(1675525708.298198) vcan0 010#008800002FB031F8
(1675525708.298275) vcan0 072#F000FF3F0078A038
(1675525708.298349) vcan0 1D0#0000000000000061
(1675525708.299684) vcan0 350#A200000000000080
(1675525708.301167) vcan0 260#D0FF00AA497487B0
(1675525708.302669) vcan0 055#F4F72528B2DA9C80
(1675525708.304129) vcan0 065#67E625F8FECD6602
(1675525708.304204) vcan0 070#00000AF866E21500
(1675525708.304348) vcan0 075#0000000000005458
(1675525708.304422) vcan0 080#62508000C2002C00
(1675525708.304496) vcan0 0B0#398318A3E2C139A3
(1675525708.307164) vcan0 145#F912DE80FC4810A1
(1675525708.307254) vcan0 1B0#00C0000002B000FC
(1675525708.307330) vcan0 1B5#FF991DF54EE0FFEF
(1675525708.307402) vcan0 1D8#363339343234DF43
(1675525708.307478) vcan0 1E0#0038134300B917E0
(1675525708.307620) vcan0 290#0000000000000000
(1675525708.307695) vcan0 2C0#528700000000A0F1
(1675525708.307769) vcan0 2C5#36E78BD868E60070
(1675525708.307843) vcan0 008#8880BCC700800080
(1675525708.307986) vcan0 010#008800002FB031F8
(1675525708.308699) vcan0 291#0000000000000000
(1675525708.308772) vcan0 2A9#8C260082C0000084
(1675525708.310168) vcan0 0E0#E27310F80080EB00
(1675525708.311682) vcan0 072#F000FF3F00788038
(1675525708.313169) vcan0 210#0FE080A0A869CC4D
(1675525708.314612) vcan0 0F5#F298FA987F7B1205
(1675525708.314700) vcan0 120#199924997FFC5589
(1675525708.314799) vcan0 130#F70A1E0119F90112
(1675525708.316219) vcan0 150#F618EBE7E8F705C0
(1675525708.316294) vcan0 125#E5C97FE4C1D0D735
(1675525708.317699) vcan0 008#8880CCB700800080
(1675525708.317773) vcan0 010#008800002FB031F8
(1675525708.317916) vcan0 1D0#0000000000000061
(1675525708.320417) vcan0 288#C4DF20DF00000080
(1675525708.321943) vcan0 055#F4F72528B2DA9C80
(1675525708.323441) vcan0 065#68E625F8FECD6602
(1675525708.323517) vcan0 070#00000AF866E21500
(1675525708.326442) vcan0 075#0000000000005458
(1675525708.326518) vcan0 080#62508000C2002C00
(1675525708.326660) vcan0 0B0#398318A3E2C139A3
(1675525708.326734) vcan0 145#F902DF80FC4810A1
(1675525708.326808) vcan0 1B0#00C0000003B000FC
(1675525708.326892) vcan0 1B5#FFA92DFD56E0FFEF
(1675525708.327035) vcan0 1D8#363339343234DF43
(1675525708.327108) vcan0 1E0#0038130300B917E0
(1675525708.327182) vcan0 28C#000000000016FEA8
(1675525708.327256) vcan0 2B5#4B9E276293A67876
(1675525708.327330) vcan0 2C3#528700FFFF865450
(1675525708.327473) vcan0 370#0720C0007B1BC71F
(1675525708.327918) vcan0 008#8880DCA700800080
(1675525708.329437) vcan0 010#008800002FB031F8
(1675525708.329511) vcan0 072#F000FF3F0078A038
(1675525708.330916) vcan0 0E0#E27309C00080D200
(1675525708.332417) vcan0 260#D0FF00AA497487B0
(1675525708.333979) vcan0 290#0000000000000000
(1675525708.335377) vcan0 0F5#049901997F7F0207
(1675525708.335523) vcan0 120#149914997FFC5589
(1675525708.335599) vcan0 130#FF0A1E0419E6FF11
(1675525708.335686) vcan0 150#0219EDF7E8F7E8C0
(1675525708.336946) vcan0 125#E5C97FE4C1D0D735
(1675525708.337023) vcan0 008#8880EC9700800080
(1675525708.338371) vcan0 010#008800002FB031F8
(1675525708.338449) vcan0 1D0#0000000000000061
(1675525708.338594) vcan0 210#0FE080A0A869CC45
(1675525708.338669) vcan0 291#0000000000000000
(1675525708.341238) vcan0 072#F000FF3F00788038
(1675525708.342728) vcan0 055#F4F72528B2DA9C80
(1675525708.344198) vcan0 065#6CE625F802CE6602
(1675525708.344273) vcan0 070#00000AF865E21500
(1675525708.344346) vcan0 075#0000000000005458
(1675525708.344489) vcan0 080#61508000C2002C00
(1675525708.345774) vcan0 0B0#398318A3E2C139A3
(1675525708.345849) vcan0 145#F9F2D080FC4810A1
(1675525708.345925) vcan0 1B0#00C0000003B000FC
(1675525708.346079) vcan0 1B5#FFB93D055EE0FFEF
(1675525708.346154) vcan0 1D8#363339343234DF43
(1675525708.346228) vcan0 1E0#003C034300B917E0
(1675525708.346300) vcan0 288#C8DF20DF00000080
(1675525708.348699) vcan0 008#8880FC8700800080
(1675525708.348775) vcan0 010#008800002FB031F8
(1675525708.348848) vcan0 2A9#8C26009BC0000084
(1675525708.348991) vcan0 400#0203010202010222
(1675525708.350189) vcan0 0E0#E27306C80080B500
(1675525708.354237) vcan0 0F5#ED9801997F43F209
(1675525708.355702) vcan0 120#14990C997FFA5589
(1675525708.355778) vcan0 130#870A1E0419D6FF11
(1675525708.355853) vcan0 150#F718EE07E8F7E4C0
(1675525708.355927) vcan0 3CA#00000000540000C8
(1675525708.356069) vcan0 125#E5CC7FE4C1D0D735
(1675525708.357190) vcan0 008#868004F900800080
(1675525708.358695) vcan0 010#008800002FB031F9
(1675525708.358771) vcan0 072#F000FF3F0078A038
(1675525708.358845) vcan0 1D0#0000000000000A61
(1675525708.361416) vcan0 260#D0FF00AA497487B0
(1675525708.362849) vcan0 210#0FE080A0A869CC4D
(1675525708.365946) vcan0 055#F4F72428B2DA9C80
(1675525708.366020) vcan0 065#6EE625F801CE6502
(1675525708.366165) vcan0 070#00000AF865E21500
(1675525708.366238) vcan0 075#0000000000005458
(1675525708.366313) vcan0 080#61508000C2002C00
(1675525708.366388) vcan0 0B0#398318A3E2C139A3
(1675525708.366461) vcan0 145#F9E2D180FC4810A1
(1675525708.366605) vcan0 1B0#00C0000004B000FC
(1675525708.366679) vcan0 1B5#FFC94D0D66E0FFEF
(1675525708.366753) vcan0 1D8#363339343234DF43
(1675525708.366827) vcan0 1E0#0000F34300B917E0
(1675525708.366978) vcan0 28C#000000000016FEA8
(1675525708.367067) vcan0 290#0000000000000000
(1675525708.368911) vcan0 2B5#4B9E276293A67976
(1675525708.368987) vcan0 2C0#528700000000A0F1
(1675525708.369061) vcan0 008#868014E900800080
(1675525708.369137) vcan0 2C3#528700FFFF875450
(1675525708.369279) vcan0 2C5#36E78BD86CE60070
(1675525708.369353) vcan0 010#008800002FB031F8
(1675525708.369428) vcan0 291#0000000000000000
(1675525708.369502) vcan0 330#2800000000000000
(1675525708.369575) vcan0 340#9800000000000000
(1675525708.369718) vcan0 3AF#0000000000000020
(1675525708.370441) vcan0 0E0#E27309D000809200
(1675525708.371938) vcan0 288#CCDF20DF00000080
(1675525708.372014) vcan0 072#F000FF3F00788038
(1675525708.373437) vcan0 360#5C8700BEB16BA041
(1675525708.374875) vcan0 0F5#F09804997F47E20B
(1675525708.375020) vcan0 120#F89809997F005689
(1675525708.375506) vcan0 130#8F0A1E0419C6FF11
(1675525708.375512) vcan0 150#FA18F117E8F7D1C0
(1675525708.376445) vcan0 125#E5CE7FE4C1D0D735
(1675525708.376519) vcan0 008#838024CE0E800080
(1675525708.377944) vcan0 010#008800002FB031F8
(1675525708.378019) vcan0 1D0#0000000000000061
(1675525708.378094) vcan0 390#80FF051902125B4F
(1675525708.381937) vcan0 055#F4F72428B2D89C80
(1675525708.383443) vcan0 065#6BE624F801CE6502
(1675525708.383518) vcan0 070#00000AF865E21500
(1675525708.386476) vcan0 075#0000000000005458
(1675525708.386552) vcan0 080#61508000C2002C00
(1675525708.386627) vcan0 0B0#398318A3E2C139A3
(1675525708.386701) vcan0 145#F9D2D280FC4810A1
(1675525708.386792) vcan0 1B0#00C0000001B000FC
(1675525708.386936) vcan0 1B5#FFDA5D156EE0FFEF
(1675525708.387011) vcan0 1D8#363339343234DF43
(1675525708.387084) vcan0 1E0#0000F30300B917E0
(1675525708.387158) vcan0 008#818034C00E800080
(1675525708.387871) vcan0 010#008800002FB031F8
(1675525708.387949) vcan0 072#F000FF3F0078A038
(1675525708.388093) vcan0 210#14E080A0A869CC45
(1675525708.388166) vcan0 2A9#8C260082C0000084
(1675525708.389458) vcan0 0E0#E27302D800807900
(1675525708.389789) vcan0 350#A200000000000080
(1675525708.391225) vcan0 260#D0FF0055497487B0
(1675525708.392723) vcan0 290#0000000000000000
(1675525708.394362) vcan0 0F5#F898F8987F4BD20D
(1675525708.395824) vcan0 120#339914997FF45589
(1675525708.395898) vcan0 130#970A1E0419B6FF11
(1675525708.395983) vcan0 150#F818EE27E8F7C3C0
(1675525708.396126) vcan0 125#E5D17FE4C1D0D735
(1675525708.396202) vcan0 288#C4DF20DF00000080
(1675525708.397323) vcan0 008#818044A21C800080
(1675525708.397398) vcan0 010#008800002FB031F8
(1675525708.397541) vcan0 1D0#0000000000000061
(1675525708.398862) vcan0 291#0000000000000000
(1675525708.401563) vcan0 072#F000FF3F00788038
(1675525708.403007) vcan0 3B0#00D8193839B0C400
(1675525708.403152) vcan0 055#F4F72428B2D89C80
(1675525708.404736) vcan0 065#6EE624F8FFCD6502
(1675525708.404812) vcan0 070#00000AF865E21500
(1675525708.404886) vcan0 075#0000000000005458
(1675525708.404961) vcan0 080#60508000C2002C00
(1675525708.405104) vcan0 0B0#398318A3E2C139A3
(1675525708.405178) vcan0 145#F9C2D380FC4810A1
(1675525708.405274) vcan0 1B0#00C0000002B000FC
(1675525708.405349) vcan0 1B5#FFEA6E1D76E0FFEF
(1675525708.407531) vcan0 1D8#363339343234DF43
(1675525708.407612) vcan0 1E0#0004E34300B917E0
(1675525708.407687) vcan0 28C#000000000016FEA8
(1675525708.407830) vcan0 2B5#4B9F276293A67A75
(1675525708.407904) vcan0 2C3#528700FFFF875450
(1675525708.407979) vcan0 3C8#5287008E882C008E
(1675525708.408053) vcan0 008#818054921C800080
(1675525708.408194) vcan0 010#008800002FB031F8
(1675525708.410309) vcan0 0E0#627302E000805900
(1675525708.411792) vcan0 210#14E080A0A869CC4D
(1675525708.413311) vcan0 0F5#F59801997F4FC20F
(1675525708.414792) vcan0 120#2E9911997FFD5589
(1675525708.414886) vcan0 130#9F0A1E0419A6FF11
(1675525708.414961) vcan0 150#FB18EA37E8F7B0C0
(1675525708.416313) vcan0 125#E5D17FE4C1D0D735
(1675525708.417744) vcan0 008#818064732B800080
(1675525708.417894) vcan0 010#008800002FB031F8
(1675525708.417968) vcan0 072#F000FF3F0078A038
(1675525708.418041) vcan0 1D0#0000000000000861
(1675525708.420474) vcan0 288#CCDF30CF00000080
(1675525708.422066) vcan0 260#D0FF0055497487B0
(1675525708.423570) vcan0 055#F4F72428B2D69C80
(1675525708.423647) vcan0 065#6EE624F801CE6402
(1675525708.423790) vcan0 070#00000AF864E21500
(1675525708.425150) vcan0 075#0000000000005458
(1675525708.425295) vcan0 080#60508000C2002C00
(1675525708.425368) vcan0 0B0#398318A3E2C139A3
(1675525708.425443) vcan0 145#F9B2D480FC4810A1
(1675525708.425516) vcan0 1B0#00C0000001B000FC
(1675525708.425590) vcan0 1B5#FFFA7E257EE0FFEF
(1675525708.425684) vcan0 1D8#363339343234DF43
(1675525708.425828) vcan0 1E0#0008D34300B917E0
(1675525708.428088) vcan0 290#0000000000000000
(1675525708.428164) vcan0 2C0#528700000000A0F1
(1675525708.428238) vcan0 2C5#34E78BD86FE60070
(1675525708.428382) vcan0 370#0720C0007B1BC71F
(1675525708.428456) vcan0 008#7F8074652B800080
(1675525708.428529) vcan0 3E0#000000D92E808090
(1675525708.428602) vcan0 010#008800002FB031F8
(1675525708.429479) vcan0 291#0000000000000000
(1675525708.429570) vcan0 2A9#8C26008AC0000084
(1675525708.430973) vcan0 0E0#627301E800803A00
(1675525708.432612) vcan0 072#F000FF3F00788038
(1675525708.434386) vcan0 0F5#FC98FC987F53B211
(1675525708.435574) vcan0 120#319921997FFF5589
(1675525708.435649) vcan0 130#A70A1E041996FF11
(1675525708.435737) vcan0 150#FC18EF47E8F79FC0
(1675525708.435878) vcan0 125#E5D17FE4C1D0D735
(1675525708.437072) vcan0 008#7F8084552B800080
(1675525708.438572) vcan0 010#008800002FB031F9
(1675525708.438648) vcan0 1D0#0000000000000261
(1675525708.438723) vcan0 210#14E08020A869CC45
(1675525708.442541) vcan0 055#F4F72428B2D69C80
(1675525708.443994) vcan0 065#6CE624F8FFCD6402
(1675525708.444076) vcan0 070#00000AF864E21500
(1675525708.444224) vcan0 075#0000000000005458
(1675525708.444297) vcan0 080#60508000C2002C00
(1675525708.447068) vcan0 0B0#398318A3E2C139A3
(1675525708.447073) vcan0 145#F9A2D580FC4810A1
(1675525708.447216) vcan0 1B0#00C0000002B000FC
(1675525708.447289) vcan0 1B5#FF0A8E2D86E0FFEF
(1675525708.447362) vcan0 1D8#363339343234DF43
(1675525708.447463) vcan0 1E0#0008D30300B917E0
(1675525708.447537) vcan0 288#C4DF30CF00000080
(1675525708.447610) vcan0 28C#000000000016FEA8
(1675525708.447753) vcan0 2B5#4B9F276293A67A75
(1675525708.447827) vcan0 008#7F8094452B800080
(1675525708.447899) vcan0 2C3#528700FFFF875450
(1675525708.447975) vcan0 340#9900000000000000
(1675525708.448574) vcan0 010#008800002FB031F8
(1675525708.448654) vcan0 072#F000FF3F0078A038
(1675525708.448728) vcan0 330#2800000000000000
(1675525708.450062) vcan0 0E0#627301F000801A00
(1675525708.451542) vcan0 260#D0FF0055497487B0
(1675525708.453044) vcan0 290#0000000000000000
(1675525708.454487) vcan0 0F5#F298F8987F57A213
(1675525708.454575) vcan0 120#15991E997FFC5589
(1675525708.454752) vcan0 130#AF0A1E041986FF11
(1675525708.455991) vcan0 150#F518ED57E8F796C0
(1675525708.456147) vcan0 125#E5D17FE4C1D0D735
(1675525708.457495) vcan0 008#7F80A4352B800080
(1675525708.457644) vcan0 010#008800002FB031F8
(1675525708.457719) vcan0 1D0#0000000000000061
(1675525708.457795) vcan0 291#0000000000000000
(1675525708.461543) vcan0 072#F000FF3F00788038
(1675525708.463063) vcan0 210#14E080A0A869CC45
(1675525708.463139) vcan0 055#F4F72428B2D49C80
(1675525708.466037) vcan0 065#6AE624F8FFCD6402
(1675525708.466113) vcan0 070#00000AF863E21500
(1675525708.466187) vcan0 075#0000000000005458
(1675525708.466264) vcan0 080#5F508000C2002C00
(1675525708.466406) vcan0 0B0#398318A3E2C139A3
(1675525708.466479) vcan0 145#F992D680FC4810A1
(1675525708.466553) vcan0 1B0#00C0000001B000FC
(1675525708.466636) vcan0 1B5#FF1B9E358EE0FFEF
(1675525708.466711) vcan0 1D8#363339343234DF43
(1675525708.466854) vcan0 1E0#000CC34300B917E0
(1675525708.467575) vcan0 008#7F80B4252B800080
(1675525708.467649) vcan0 010#008800002FB031F8
(1675525708.467724) vcan0 2A9#8C260093C0000084
(1675525708.467797) vcan0 405#2AF89A1347186701
(1675525708.470306) vcan0 0E0#E27302F80080F900
(1675525708.471732) vcan0 288#D5DF30CF00000080
(1675525708.471823) vcan0 360#5C8700BEB16BA041
(1675525708.473230) vcan0 0F5#F89804997F5B9215
(1675525708.474792) vcan0 120#E89821997FF95589
(1675525708.474883) vcan0 130#B70A1E041976FF11
(1675525708.474957) vcan0 150#FD18EE67E8F77EC0
(1675525708.476319) vcan0 3CA#00000000550000C8
(1675525708.476393) vcan0 125#E5D17FE4C1D0D735
(1675525708.477753) vcan0 008#7F80C4241C800080
(1675525708.477897) vcan0 010#008800002FB031F8
(1675525708.477971) vcan0 072#F000FF3F0078A038
(1675525708.478047) vcan0 1D0#0000000000000061
(1675525708.478120) vcan0 390#80FF051902125B4F
(1675525708.480560) vcan0 350#A200000000000080
(1675525708.482057) vcan0 260#D0FF00AA497487B0
(1675525708.483488) vcan0 055#F4F72428B2D49C80
(1675525708.483578) vcan0 065#6CE624F800CE6302
(1675525708.483720) vcan0 070#00000AF863E21500
(1675525708.486574) vcan0 075#0000000000005458
(1675525708.486579) vcan0 080#5F508000C2002C00
(1675525708.486722) vcan0 0B0#398318A3E2C139A3
(1675525708.486795) vcan0 145#F982D780FC4810A1
(1675525708.486870) vcan0 1B0#00C0000002B000FC
(1675525708.486944) vcan0 1B5#FF2BAF3D96E0FFEF
(1675525708.487098) vcan0 1D8#363339343234DF43
(1675525708.487172) vcan0 1E0#0010B34300B917E0
(1675525708.487245) vcan0 28C#000000000016FEA8
(1675525708.487320) vcan0 290#0000000000000000
(1675525708.487394) vcan0 2B5#4B9F276293A67A74
(1675525708.487536) vcan0 2C0#528700000000A0F1
(1675525708.487619) vcan0 008#7F80D4141C800080
(1675525708.488141) vcan0 2C3#528700FFFF885450
(1675525708.488216) vcan0 2C5#34E78BD86BE60070
(1675525708.488292) vcan0 010#008800002FB031F8
(1675525708.488435) vcan0 210#14E080A0A869CC4D
(1675525708.488507) vcan0 291#0000000000000000
(1675525708.488583) vcan0 3AF#0000000000000020
(1675525708.488658) vcan0 3D0#9C0F6100C50580C3
(1675525708.489687) vcan0 0E0#E27306C00080D500
(1675525708.491181) vcan0 072#F000FF3F00788038
(1675525708.493917) vcan0 0F5#FA9806997F5F8217
(1675525708.496760) vcan0 120#16992C997FFD5589
(1675525708.496836) vcan0 130#BF0A1E0819620112
(1675525708.496911) vcan0 150#FF18F277E8F76CC0
(1675525708.497053) vcan0 125#E5D17FE4C1D0D735
(1675525708.497143) vcan0 288#D0DF30CF00000080
(1675525708.497202) vcan0 008#7F80E4120E800080
(1675525708.498236) vcan0 010#008800002FB031F8
(1675525708.498323) vcan0 1D0#0000000000000061
(1675525708.502312) vcan0 055#F4F72328B2D29C80
(1675525708.503824) vcan0 065#6BE624F801CE6302
(1675525708.503899) vcan0 070#00000AF862E21500
(1675525708.503974) vcan0 075#0000000000005458
(1675525708.505383) vcan0 080#5E508000C2002C00
(1675525708.505460) vcan0 0B0#398318A3E2C139A3
(1675525708.505603) vcan0 145#F972D880FC4810A1
(1675525708.505690) vcan0 1B0#00C0000002B000FC
(1675525708.505765) vcan0 1B5#FF3BBF459FE0FFEF
(1675525708.505839) vcan0 1D8#363339343234DF43
(1675525708.505912) vcan0 1E0#0010B30300B917E0
(1675525708.508317) vcan0 008#7F80F4020E800080
(1675525708.508393) vcan0 010#008800002FB031F8
(1675525708.508467) vcan0 072#F000FF3F0078A038
(1675525708.508541) vcan0 2A9#8C26008AC0000084
(1675525708.509792) vcan0 0E0#E27303C80080B800
(1675525708.511291) vcan0 260#D0FF00AA497487B0
(1675525708.512815) vcan0 210#14E080A0A869CC4D
(1675525708.514321) vcan0 290#0000000000000000
(1675525708.514397) vcan0 0F5#FC9801997F637219
(1675525708.514472) vcan0 120#269926997FFE5589
(1675525708.515825) vcan0 130#C70A1E0819520112
(1675525708.515901) vcan0 150#FE18ED87E9F75DC0
(1675525708.515987) vcan0 125#E5D17FE4C1D0D735
(1675525708.517323) vcan0 008#7F80040000800080
(1675525708.517399) vcan0 010#008800002FB031F9
(1675525708.517542) vcan0 1D0#0000000000000A61
(1675525708.518812) vcan0 291#0000000000000000
(1675525708.520363) vcan0 288#CCDF40BF00000080
(1675525708.521965) vcan0 072#F000FF3F00788038
(1675525708.523325) vcan0 3B0#00FC193839B0C402
(1675525708.523401) vcan0 055#F4F72328B2D49C80
(1675525708.523474) vcan0 065#6BE623F8FFCD6202
(1675525708.526317) vcan0 070#00000AF862E21500
(1675525708.526394) vcan0 075#0000000000005458
(1675525708.526467) vcan0 080#5E508000C2002C00
(1675525708.526611) vcan0 0B0#398318A3E2C139A3
(1675525708.526685) vcan0 145#F962D980FC4810A1
(1675525708.526759) vcan0 1B0#00C0000003B000FC
(1675525708.526841) vcan0 1B5#FF4BCF4DA7E0FFEF
(1675525708.526916) vcan0 1D8#363339343234DF43
(1675525708.527058) vcan0 1E0#0014A34300B917E0
(1675525708.527132) vcan0 28C#000000000016FEA8
(1675525708.527206) vcan0 2B5#4B9F276293A67B73
(1675525708.527281) vcan0 2C3#528700FFFF885450
(1675525708.527745) vcan0 340#9900000000000000
(1675525708.527824) vcan0 008#7F8014F000800080
(1675525708.527899) vcan0 370#0720C0007B1BC71F
(1675525708.528043) vcan0 3C8#5287008E882C008E
(1675525708.529231) vcan0 010#008800002FB031F8
(1675525708.529320) vcan0 330#2800000000000000
(1675525708.530819) vcan0 0E0#E27305D000809600
(1675525708.533568) vcan0 0F5#019909997F67621B
(1675525708.535075) vcan0 120#2C991E997FFF5589
(1675525708.535149) vcan0 130#CF0A1E0919410112
(1675525708.535245) vcan0 150#0519EF97E9F745C0
(1675525708.536538) vcan0 125#E5D47FE4C1D0D735
(1675525708.536612) vcan0 008#7F8024E000800080
(1675525708.538068) vcan0 010#008800002FB031F8
(1675525708.538145) vcan0 072#F000FF3F0078A038
(1675525708.538218) vcan0 1D0#0000000000000061
(1675525708.538293) vcan0 210#14E080A0A869CC45
(1675525708.540815) vcan0 260#D0FF00AA497487B0
(1675525708.542226) vcan0 055#F4F72328B2D49C80
(1675525708.543738) vcan0 065#6EE623F800CE6202
(1675525708.543824) vcan0 070#00000AF862E21500
(1675525708.543967) vcan0 075#0000000000005458
(1675525708.546916) vcan0 080#5E508000C2002C00
(1675525708.546921) vcan0 0B0#398318A3E2C139A3
(1675525708.546925) vcan0 145#F952DA80FC4810A1
(1675525708.547000) vcan0 1B0#00C0000001B000FC
(1675525708.547085) vcan0 1B5#FF5BDF55AFE0FFEF
(1675525708.547228) vcan0 1D8#363339343234DF43
(1675525708.547303) vcan0 1E0#0018934300B917E0
(1675525708.547377) vcan0 290#0000000000000000
(1675525708.547452) vcan0 288#C4DF40BF00000080
(1675525708.547595) vcan0 2C0#528700000000A0F1
(1675525708.547668) vcan0 2C5#33E78BD86EE60070
(1675525708.547743) vcan0 008#7F8034D000800080
(1675525708.548241) vcan0 010#008800002FB031F8
(1675525708.548396) vcan0 291#0000000000000000
(1675525708.548471) vcan0 2A9#8C260093C0000084
(1675525708.549809) vcan0 0E0#E27307D800807400
(1675525708.551292) vcan0 072#F000FF3F00788038
(1675525708.554071) vcan0 0F5#049906997F6B521E
(1675525708.555577) vcan0 120#299911997FF75589
(1675525708.555654) vcan0 130#D70A1E0919310112
(1675525708.555740) vcan0 150#0519EDA7E9F735C0
(1675525708.555884) vcan0 125#E5D47FE4C1D0D735
(1675525708.556990) vcan0 008#7F8044C000800080
(1675525708.558613) vcan0 010#008800002FB031F8
(1675525708.558689) vcan0 1D0#0000000000000061
(1675525708.561315) vcan0 210#14E080A0A869CC4D
(1675525708.562791) vcan0 055#F4F72328B2D29C80
(1675525708.564454) vcan0 065#72E623F803CE6202
(1675525708.564529) vcan0 070#00000AF861E21500
(1675525708.564672) vcan0 075#0000000000005458
(1675525708.564736) vcan0 080#5D508000C2002C00
(1675525708.564812) vcan0 0B0#398318A3E2C139A3
(1675525708.564886) vcan0 145#F942DB80FC4810A1
(1675525708.567286) vcan0 1B0#00C0000002B000FC
(1675525708.567363) vcan0 1B5#FF6CF05EB7E0FFEF
(1675525708.567438) vcan0 1D8#363339343234DF43
(1675525708.567525) vcan0 1E0#0018930300B917E0
(1675525708.567599) vcan0 28C#000000000016FEA8
(1675525708.567742) vcan0 2B5#4BA0276293A67B73
(1675525708.567816) vcan0 2C3#528700FFFF895450
(1675525708.567892) vcan0 008#7F8054B000800080
(1675525708.567966) vcan0 010#008800002FB031F8
(1675525708.568108) vcan0 072#F000FF3F0078A038
(1675525708.570057) vcan0 0E0#E2730CE000804F00
(1675525708.571490) vcan0 350#A200000000000080
(1675525708.571577) vcan0 288#D9DF40BF00000080
(1675525708.571718) vcan0 260#D0FF00AA497487B0
(1675525708.573765) vcan0 360#5C8700BEB16BA041
(1675525708.573780) vcan0 290#0000000000000000
(1675525708.574506) vcan0 0F5#FA980C997F6F4220
(1675525708.574586) vcan0 120#14991E997FFE5589
(1675525708.574791) vcan0 130#DF0A1E0C191E0412
(1675525708.576075) vcan0 150#0219F0B7E9F728C0
(1675525708.576150) vcan0 125#E5D47FE4C1D0D735
(1675525708.577573) vcan0 008#7F8064A000800080
(1675525708.577648) vcan0 010#008800002FB031F8
(1675525708.577722) vcan0 1D0#0000000000000861
(1675525708.579066) vcan0 291#0000000000000000
(1675525708.579143) vcan0 390#80FF0519020A5D6F
(1675525708.581817) vcan0 072#F000FF3F00788038
(1675525708.583315) vcan0 055#F4F72328B2D19C80
(1675525708.583390) vcan0 065#6EE623F801CE6102
(1675525708.584900) vcan0 070#00000AF861E21500
(1675525708.584976) vcan0 075#0000000000005458
(1675525708.585053) vcan0 080#5D508000C2002C00
(1675525708.585195) vcan0 0B0#398318A3E2C139A3
(1675525708.585270) vcan0 145#F932DC80FC4810A1
(1675525708.585343) vcan0 1B0#00C0000002B000FC
(1675525708.585429) vcan0 1B5#FF7C0066BFE0FFEF
(1675525708.585502) vcan0 1D8#363339343234DF43
(1675525708.586441) vcan0 1E0#001C834300B917E0
(1675525708.586515) vcan0 008#7F80749000800080
(1675525708.587864) vcan0 010#008800002FB031F8
(1675525708.588017) vcan0 210#14E08020A869CC45
(1675525708.588092) vcan0 2A9#8C26008AC0000084
(1675525708.589442) vcan0 0E0#E2730DE800802E00
(1675525708.594893) vcan0 0F5#FE980E997F733222
(1675525708.594968) vcan0 120#2E9924997FF75589
(1675525708.595042) vcan0 130#E70A1E0E190C0112
(1675525708.595115) vcan0 150#0619F0C7EAF714C0
(1675525708.596238) vcan0 3CA#00000000560000C8
(1675525708.596392) vcan0 125#E5D47FE4C1D0D735
(1675525708.596467) vcan0 288#D0DF40BF00000080
(1675525708.597754) vcan0 008#7F80848000800080
(1675525708.597840) vcan0 010#008800002FB031F9
(1675525708.597985) vcan0 072#F000FF3F0078A038
(1675525708.598059) vcan0 1D0#0000000000000261
(1675525708.598134) vcan0 400#0201020001010023
(1675525708.600562) vcan0 260#D0FF0055497487B0
(1675525708.602058) vcan0 055#F4F72328B2D19C80
(1675525708.603563) vcan0 065#6BE623F8FECD6002
(1675525708.603638) vcan0 070#00000AF860E21500
(1675525708.605225) vcan0 075#0000000000005458
(1675525708.605230) vcan0 080#5C508000C2002C00
(1675525708.605307) vcan0 0B0#398318A3E2C139A3
(1675525708.605449) vcan0 145#F922DD80FC4810A1
(1675525708.605523) vcan0 1B0#00C0000002B000FC
(1675525708.605597) vcan0 1B5#FF8C106EC7E0FFEF
(1675525708.605757) vcan0 1D8#363339343234DF43
(1675525708.605761) vcan0 1E0#0020734300B917E0
(1675525708.608199) vcan0 28C#000000000016FEA8
(1675525708.608277) vcan0 290#0000000000000000
(1675525708.608351) vcan0 2B5#4BA0276293A67B72
(1675525708.608425) vcan0 2C0#528700000000A0F1
(1675525708.608500) vcan0 008#7F80947000800080
(1675525708.608643) vcan0 2C3#528700FFFF895450
(1675525708.608716) vcan0 2C5#32E78BD86FE60070
(1675525708.608791) vcan0 010#008800002FB031F8
(1675525708.608866) vcan0 291#0000000000000000
(1675525708.608938) vcan0 330#2800000000000000
(1675525708.609081) vcan0 340#9900000000000000
(1675525708.609155) vcan0 3AF#0000000000000020
(1675525708.609683) vcan0 0E0#E2730CF000800F00
(1675525708.612570) vcan0 072#F000FF3F00788038
(1675525708.612646) vcan0 210#14E080A0A869CC4D
(1675525708.614060) vcan0 0F5#FE9801997F772224
(1675525708.615576) vcan0 120#339919997FFE5589
(1675525708.615652) vcan0 130#EF0A1E0E19FC0112
(1675525708.615726) vcan0 150#FF18EFD7EAF70CC0
(1675525708.615869) vcan0 125#E5D47FE4C1D0D735
(1675525708.617065) vcan0 008#7F80A46000800080
(1675525708.617142) vcan0 010#008800002FB031F8
(1675525708.618559) vcan0 1D0#0000000000000061
(1675525708.620041) vcan0 288#D0DF50AF00000080
(1675525708.622814) vcan0 055#F4F72228B2D19C80
(1675525708.624463) vcan0 065#6EE623F800CE6002
(1675525708.624538) vcan0 070#00000AF860E21500
(1675525708.624614) vcan0 075#0000000000005458
(1675525708.624687) vcan0 080#5C508000C2002C00
(1675525708.624807) vcan0 0B0#398318A3E2C139A3
(1675525708.624881) vcan0 145#F912DE80FC4810A1
(1675525708.625024) vcan0 1B0#00C0000002B000FC
(1675525708.627254) vcan0 1B5#FF9C2076CFE0FFEF
(1675525708.627400) vcan0 1D8#363339343234DF43
(1675525708.627473) vcan0 1E0#0020730300B917E0
(1675525708.627548) vcan0 370#0720C0007B1BC71F
(1675525708.627620) vcan0 008#7F80B45000800080
(1675525708.628821) vcan0 010#008800002FB031F8
(1675525708.628897) vcan0 072#F000FF3F0078A038
(1675525708.628970) vcan0 2A9#8C260082C0000084
(1675525708.630307) vcan0 0E0#E2730FF80080EC00
(1675525708.631791) vcan0 260#D0FF0055497487B0
(1675525708.633290) vcan0 290#0000000000000000
(1675525708.634814) vcan0 0F5#FE9806997F7B1226
(1675525708.634894) vcan0 120#2E992E997FFE5589
(1675525708.634967) vcan0 130#F70A1E0E19EC0112
(1675525708.636326) vcan0 150#0219F0E7EAF7F8C0
(1675525708.636402) vcan0 125#E5D47FE4C1D0D735
(1675525708.637823) vcan0 008#7F80C44000800080
(1675525708.637898) vcan0 010#008800002FB031F8
(1675525708.637972) vcan0 1D0#0000000000000061
(1675525708.638046) vcan0 210#14E080A0A869CC45
(1675525708.638121) vcan0 291#0000000000000000
(1675525708.641793) vcan0 072#F000FF3F00788038
(1675525708.643319) vcan0 3B0#00D8193C39B0C400
(1675525708.643397) vcan0 055#F4F72228B2D19C80
(1675525708.643470) vcan0 065#6EE623F802CE6002
(1675525708.646222) vcan0 070#00000AF860E21500
(1675525708.646313) vcan0 075#0000000000005458
(1675525708.646387) vcan0 080#5C508000C2002C00
(1675525708.646463) vcan0 0B0#398318A3E2C139A3
(1675525708.646537) vcan0 145#F902DF80FC4810A1
(1675525708.646680) vcan0 1B0#00C0000001B000FC
(1675525708.646754) vcan0 1B5#FFAD317ED7E0FFEF
(1675525708.646839) vcan0 1D8#363339343234DF43
(1675525708.647836) vcan0 1E0#0024634300B917E0
(1675525708.647910) vcan0 28C#000000000016FEA8
(1675525708.647986) vcan0 288#E1DF50AF00000080
(1675525708.648059) vcan0 2B5#4BA0276293A67B71
(1675525708.648201) vcan0 2C3#528700FFFF895450
(1675525708.648274) vcan0 008#7F80D43000800080
(1675525708.648349) vcan0 3C8#5287008E882C008E
(1675525708.648424) vcan0 010#008800002FB031F8
(1675525708.649363) vcan0 0E0#E27312C00080C900
(1675525708.653308) vcan0 0F5#0E9906997F7F0228
(1675525708.654782) vcan0 120#0C9929997FFE5589
(1675525708.654859) vcan0 130#FF0A1E1119D90412
(1675525708.654933) vcan0 150#0A19F6F7EAF7E0C0
(1675525708.656312) vcan0 125#E5D47FE4C1D0D735
(1675525708.657746) vcan0 008#7F80E42000800080
(1675525708.657832) vcan0 010#008800002FB031F8
(1675525708.657976) vcan0 072#F000FF3F0078A038
(1675525708.658049) vcan0 1D0#0000000000000861
(1675525708.660611) vcan0 350#A200000000000080
(1675525708.662110) vcan0 260#D0FF0055497487B0
(1675525708.662184) vcan0 210#15E080A0A869CC45
(1675525708.663563) vcan0 055#F4F72228B2D19C80
(1675525708.663641) vcan0 065#6EE622F800CE6002
(1675525708.663782) vcan0 070#00000AF860E21500
(1675525708.666563) vcan0 075#0000000000005458
(1675525708.666640) vcan0 080#5C508000C2002C00
(1675525708.666713) vcan0 0B0#398318A3E2C139A3
(1675525708.666856) vcan0 145#F9F2D080FC4810A1
(1675525708.666931) vcan0 1B0#00C0000004B000FC
(1675525708.667003) vcan0 1B5#FFBD4186DFE0FFEF
