(1675525572.622507) vcan0 1D8#363339343234DB63
(1675525572.623528) vcan0 1E0#001C8BC180BD17E0
(1675525572.623672) vcan0 210#74DF00A0C969CD4D
(1675525572.624639) vcan0 055#F9F7FF67B3009880
(1675525572.624713) vcan0 065#00E0FFE7008E0002
(1675525572.624786) vcan0 070#000005A800E20D00
(1675525572.625616) vcan0 075#0000000000005418
(1675525572.628503) vcan0 080#FF4F8000C2002400
(1675525572.628644) vcan0 0B0#FF8374A200C2FFA3
(1675525572.628719) vcan0 145#FD52DA80FC4010A1
(1675525572.628792) vcan0 290#010DE40D0ACCF60B
(1675525572.628934) vcan0 2C0#669C00010000A0E1
(1675525572.629009) vcan0 2C5#00E7221100E00070
(1675525572.629084) vcan0 370#0726C000850FCB1F
(1675525572.629157) vcan0 3E0#000000D935808000
(1675525572.629242) vcan0 010#000000002FB031F8
(1675525572.629384) vcan0 072#F000FF170000A010
(1675525572.629457) vcan0 1D0#0000000000000061
(1675525572.629600) vcan0 008#DA80783500800080
(1675525572.630705) vcan0 0F5#00800080BF53B1A5
(1675525572.631733) vcan0 120#008000806FF75589
(1675525572.632750) vcan0 130#A6FF1D0000B3FF11
(1675525572.634273) vcan0 150#0000034814E8B3C0
(1675525572.634351) vcan0 288#02E0B04F00000080
(1675525572.634428) vcan0 3C8#669C008A882C008E
(1675525572.634507) vcan0 3CA#00000000400000E8
(1675525572.635379) vcan0 010#000000002FB031F8
(1675525572.636397) vcan0 291#0000000000000000
(1675525572.637484) vcan0 2A9#AC0600D3C0000084
(1675525572.638499) vcan0 008#DA80882500800080
(1675525572.639517) vcan0 1B0#00806D0000B0A3FC
(1675525572.640614) vcan0 1B5#F9E52ED83BC0FF2F
(1675525572.644833) vcan0 1D8#363339343234DB63
(1675525572.644909) vcan0 1E0#00207BC180BD17E0
(1675525572.644988) vcan0 072#F000FF1700008010
(1675525572.645067) vcan0 2C3#739C00FFFF605450
(1675525572.645145) vcan0 055#F9F7FF67B3009880
(1675525572.645296) vcan0 065#00E0FFE7008E0002
(1675525572.645371) vcan0 070#000005A800E20D00
(1675525572.645884) vcan0 075#0000000000005418
(1675525572.645962) vcan0 080#FF4F8000C2002400
(1675525572.646038) vcan0 0B0#FF8374A200C2FFA3
(1675525572.646189) vcan0 145#FD42DB80FC4010A1
(1675525572.646267) vcan0 28C#800000000030BE00
(1675525572.646994) vcan0 2B5#4BFB004293A6D800
(1675525572.647072) vcan0 340#0000000000000000
(1675525572.648016) vcan0 010#000000002FB031F9
(1675525572.648103) vcan0 1D0#0000000000000261
(1675525572.649120) vcan0 210#74DF0020C969CD4D
(1675525572.650137) vcan0 008#DA80981500800080
(1675525572.651154) vcan0 0F5#00800080BF57A1A5
(1675525572.652243) vcan0 120#008000806FF75589
(1675525572.655067) vcan0 130#AEFF1D0000A3FF11
(1675525572.655143) vcan0 150#0000035814E8A3C0
(1675525572.655222) vcan0 290#010DE40D0ACCF60B
(1675525572.656165) vcan0 288#02E0B04F00000080
(1675525572.657184) vcan0 010#000000002FB031F8
(1675525572.658270) vcan0 072#F000FF170000A010
(1675525572.659289) vcan0 008#DA80A80500800080
(1675525572.660376) vcan0 1B0#00806D0000B0A3FC
(1675525572.661400) vcan0 1B5#F9E52ED83BC0FF2F
(1675525572.662563) vcan0 1D8#363339343234DA63
(1675525572.663581) vcan0 1E0#00207B8180BD17E0
(1675525572.664681) vcan0 055#F9F7FF67B3009880
(1675525572.667571) vcan0 065#00E0FFE7008E0002
(1675525572.667649) vcan0 070#000005A800E20D00
(1675525572.667727) vcan0 075#0000000000005418
(1675525572.667804) vcan0 080#FF4F8000C2002400
(1675525572.667882) vcan0 0B0#FF8374A200C2FFA3
(1675525572.667960) vcan0 145#FD32DC80FC4010A1
(1675525572.668688) vcan0 010#000000002FB031F8
(1675525572.668767) vcan0 1D0#0000000000000861
(1675525572.668844) vcan0 291#0000000000000000
(1675525572.669715) vcan0 008#DA80B8F500800080
(1675525572.670804) vcan0 0F5#00800080BF5B91A5
(1675525572.671827) vcan0 120#008000806FF85589
(1675525572.672987) vcan0 130#B6FF1D000093FF11
(1675525572.673065) vcan0 150#0000036814E893C0
(1675525572.674009) vcan0 072#F000FF1700008010
(1675525572.675540) vcan0 210#74DF00A0C969CD45
(1675525572.676630) vcan0 010#000000002FB031F8
(1675525572.677648) vcan0 2A9#AC0600CAC0000084
(1675525572.678735) vcan0 008#DA80C8E500800080
(1675525572.679751) vcan0 1B0#00806D0000B0A3FC
(1675525572.680839) vcan0 1B5#F9E52ED83BC0FF2F
(1675525572.681934) vcan0 1D8#363339343234DA63
(1675525572.683025) vcan0 1E0#00246BC180BD17E0
(1675525572.683101) vcan0 288#02E0B04F00000080
(1675525572.685849) vcan0 2C3#739C00FFFF605450
(1675525572.685926) vcan0 360#739C00D30300A001
(1675525572.686005) vcan0 055#F9F7FF67B3009880
(1675525572.686082) vcan0 065#00E0FFE7008E0002
(1675525572.686158) vcan0 070#000005A800E20D00
(1675525572.686237) vcan0 075#0000000000005418
(1675525572.686316) vcan0 080#FF4F8000C2002400
(1675525572.686401) vcan0 0B0#FF8374A200C2FFA3
(1675525572.686553) vcan0 145#FD22DD80FC4010A1
(1675525572.686632) vcan0 28C#800000000030BE00
(1675525572.686853) vcan0 290#010DE40D0ACCF60B
(1675525572.686931) vcan0 2B5#4BFB004293A6D800
(1675525572.687008) vcan0 2C0#669C00010000A0E1
(1675525572.687158) vcan0 2C5#00E7221100E00070
(1675525572.687886) vcan0 3AF#0000000000000020
(1675525572.692155) vcan0 010#000000002FB031F8
(1675525572.692232) vcan0 072#F000FF170000A010
(1675525572.692311) vcan0 1D0#0000000000000061
(1675525572.692459) vcan0 390#80FF001D022E544F
(1675525572.692539) vcan0 008#DA80D8D500800080
(1675525572.692617) vcan0 0F5#00800080BF5F81A5
(1675525572.693271) vcan0 120#008000806FF95589
(1675525572.693349) vcan0 130#BEFF1D000083FF11
(1675525572.693435) vcan0 150#0000037814E883C0
(1675525572.694306) vcan0 010#000000002FB031F8
(1675525572.695393) vcan0 210#74DF00A0C969CD45
(1675525572.696408) vcan0 291#0000000000000000
(1675525572.697425) vcan0 330#0000000000000000
(1675525572.698513) vcan0 3D0#990F61002A0080C2
(1675525572.699530) vcan0 008#DA80E8C500800080
(1675525572.700617) vcan0 1B0#00806D0000B0A3FC
(1675525572.701593) vcan0 1B5#F9E52ED83BC0FF2F
(1675525572.702681) vcan0 1D8#363339343234DB63
(1675525572.702758) vcan0 1E0#00285BC180BD17E0
(1675525572.703704) vcan0 072#F000FF1700008010
(1675525572.706521) vcan0 055#F9F7FF67B3009880
(1675525572.706600) vcan0 065#00E0FFE7008E0002
(1675525572.706678) vcan0 070#000005A800E20D00
(1675525572.706755) vcan0 075#0000000000005418
(1675525572.706844) vcan0 080#FF4F8000C2002400
(1675525572.706993) vcan0 0B0#FF8374A200C2FFA3
(1675525572.707072) vcan0 145#FD12DE80FC4010A1
(1675525572.707655) vcan0 288#FEDFC03F00000080
(1675525572.708671) vcan0 010#000000002FB031F8
(1675525572.708748) vcan0 1D0#0000000000000061
(1675525572.709694) vcan0 008#DA80F8B500800080
(1675525572.710782) vcan0 0F5#00800080BF6371A5
(1675525572.711806) vcan0 120#008000806FF75589
(1675525572.713329) vcan0 130#C6FF1D000073FF11
(1675525572.713405) vcan0 150#0000038814E873C0
(1675525572.714350) vcan0 290#010DE40D0ACCF60B
(1675525572.715441) vcan0 010#000000002FB031F8
(1675525572.716529) vcan0 072#F000FF170000A010
(1675525572.717474) vcan0 2A9#AC0600C2C0000084
(1675525572.718562) vcan0 008#DA8008A500800080
(1675525572.722492) vcan0 1B0#00806D0000B0A3FC
(1675525572.722570) vcan0 1B5#F9E52ED83BC0FF2F
(1675525572.722718) vcan0 1D8#363339343234DB63
(1675525572.723520) vcan0 1E0#00285B8180BD17E0
(1675525572.723600) vcan0 210#74DF00A0C969CD4D
(1675525572.723749) vcan0 2C3#739C00FFFF605450
(1675525572.724547) vcan0 055#F9F7FF67B3009880
(1675525572.724626) vcan0 065#00E0FFE7008E0002
(1675525572.724776) vcan0 070#000005A800E20D00
(1675525572.725647) vcan0 075#0000000000005418
(1675525572.725725) vcan0 080#FF4F8000C2002400
(1675525572.725874) vcan0 0B0#FF8374A200C2FFA3
(1675525572.725954) vcan0 145#FD02DF80FC4010A1
(1675525572.726679) vcan0 28C#800000000030BE00
(1675525572.726759) vcan0 2B5#4BFB004293A6D800
(1675525572.730950) vcan0 340#0000000000000000
(1675525572.731037) vcan0 370#0726C000850FCB1F
(1675525572.731115) vcan0 010#000000002FB031F9
(1675525572.731192) vcan0 1D0#0000000000000261
(1675525572.731271) vcan0 291#0000000000000000
(1675525572.731356) vcan0 008#DA80189500800080
(1675525572.732013) vcan0 0F5#00800080BF6761A5
(1675525572.733032) vcan0 120#008000806FF95589
(1675525572.733108) vcan0 130#CEFF1D000063FF11
(1675525572.733258) vcan0 072#F000FF1700008010
(1675525572.733336) vcan0 150#0000029814E863C0
(1675525572.734137) vcan0 288#02E0C03F00000080
(1675525572.734216) vcan0 3B0#00D877280000C400
(1675525572.735159) vcan0 010#000000002FB031F8
(1675525572.736251) vcan0 008#DA80288500800080
(1675525572.737194) vcan0 1B0#00806D0000B0A3FC
(1675525572.738283) vcan0 1B5#F9E52ED83BC0FF2F
(1675525572.739380) vcan0 1D8#363339343234DB63
(1675525572.740397) vcan0 1E0#002C4BC180BD17E0
(1675525572.741415) vcan0 055#F9F7FF67B3009880
(1675525572.743950) vcan0 065#00E0FFE7008E0002
(1675525572.745040) vcan0 070#000005A800E20D00
(1675525572.745118) vcan0 075#0000000000005418
(1675525572.746063) vcan0 080#FF4F8000C2002400
(1675525572.746141) vcan0 0B0#FF8374A200C2FFA3
(1675525572.746290) vcan0 145#FDF2D080FC4010A1
(1675525572.746367) vcan0 290#010DE40D0ACCF60B
(1675525572.746445) vcan0 2C0#669C00000000A0E1
(1675525572.747101) vcan0 2C5#00E7221100E00070
(1675525572.751450) vcan0 010#000000002FB031F8
(1675525572.751528) vcan0 072#F000FF170000A010
(1675525572.751605) vcan0 1D0#0000000000000861
(1675525572.751756) vcan0 210#74DF00A0C969CD45
(1675525572.751843) vcan0 008#DA80387500800080
(1675525572.752499) vcan0 0F5#00800080BF6B51A5
(1675525572.752650) vcan0 120#008000806FF75589
(1675525572.752726) vcan0 130#D6FF1D000053FF11
(1675525572.753600) vcan0 150#000004A814E853C0
(1675525572.753678) vcan0 3C8#669C008A882C008E
(1675525572.753755) vcan0 3CA#00000000510000E8
(1675525572.754554) vcan0 288#EDDFC03F00000080
(1675525572.755642) vcan0 010#000000002FB031F8
(1675525572.756730) vcan0 291#0000000000000000
(1675525572.757748) vcan0 2A9#AC0600DBC0000084
(1675525572.758836) vcan0 008#DA80486500800080
(1675525572.759923) vcan0 1B0#00806D0000B0A3FC
(1675525572.760939) vcan0 1B5#F9E52ED83BC0FF2F
(1675525572.761891) vcan0 1D8#363339343234DB63
(1675525572.763053) vcan0 1E0#00303BC180BD17E0
(1675525572.765884) vcan0 072#F000FF1700008010
(1675525572.766035) vcan0 2C3#739C00FFFF605450
(1675525572.766112) vcan0 055#F9F7FF67B3009880
(1675525572.766190) vcan0 065#00E0FFE7008E0002
(1675525572.766267) vcan0 070#000005A800E20D00
(1675525572.766346) vcan0 075#0000000000005418
(1675525572.766423) vcan0 080#FF4F8000C2002400
(1675525572.766500) vcan0 0B0#FF8374A200C2FFA3
(1675525572.766579) vcan0 145#FDE2D180FC4010A1
(1675525572.766728) vcan0 28C#800000000030BE00
(1675525572.767024) vcan0 2B5#4BFB004293A6D800
(1675525572.768040) vcan0 010#000000002FB031F8
(1675525572.768117) vcan0 1D0#0000000000000061
(1675525572.769060) vcan0 008#DA80585500800080
(1675525572.770151) vcan0 0F5#00800080BF6F41A5
(1675525572.773046) vcan0 120#008000806FF75589
(1675525572.773146) vcan0 130#DEFF1D000043FF11
(1675525572.773224) vcan0 150#0000FDB714E843C0
(1675525572.773304) vcan0 210#74DF00A0C969CD4D
(1675525572.774104) vcan0 290#010DE40D0ACCF60B
(1675525572.775191) vcan0 010#000000002FB031F8
(1675525572.776208) vcan0 072#F000FF170000A010
(1675525572.777298) vcan0 330#0000000000000000
(1675525572.778243) vcan0 008#DA80684500800080
(1675525572.779331) vcan0 1B0#00806D0000B0A3FC
(1675525572.780418) vcan0 1B5#F9E52ED83BC0FF2F
(1675525572.781442) vcan0 1D8#363339343234DB63
(1675525572.782460) vcan0 1E0#00303B8180BD17E0
(1675525572.783474) vcan0 288#FEDFC03F00000080
(1675525572.786295) vcan0 360#739C00D30300A001
(1675525572.786373) vcan0 055#F9F7FF67B3009880
(1675525572.786450) vcan0 065#00E0FFE7008E0002
(1675525572.786537) vcan0 070#000005A800E20D00
(1675525572.786616) vcan0 075#0000000000005418
(1675525572.786765) vcan0 080#FF4F8000C2002400
(1675525572.786842) vcan0 0B0#FF8374A200C2FFA3
(1675525572.786920) vcan0 145#FDD2D280FC4010A1
(1675525572.787360) vcan0 010#000000002FB031F8
(1675525572.788376) vcan0 1D0#0000000000000061
(1675525572.788455) vcan0 291#0000000000000000
(1675525572.789473) vcan0 390#80FF001D0226566F
(1675525572.790491) vcan0 008#DA80783500800080
(1675525572.791515) vcan0 0F5#00800080BF7331A5
(1675525572.792534) vcan0 120#008000806FF85589
(1675525572.795431) vcan0 130#E6FF1D000033FF11
(1675525572.795510) vcan0 150#000002C814E833C0
(1675525572.795586) vcan0 072#F000FF1700008010
(1675525572.796531) vcan0 010#000000002FB031F8
(1675525572.797488) vcan0 210#74DF0020C969CD45
(1675525572.798576) vcan0 2A9#AC0600C2C0000084
(1675525572.799592) vcan0 008#DA80882500800080
(1675525572.800608) vcan0 1B0#00806D0000B0A4FC
(1675525572.801627) vcan0 1B5#F9E52ED83BC0FF2F
(1675525572.802643) vcan0 1D8#363339343234DB63
(1675525572.802793) vcan0 1E0#00342BC180BD17E0
(1675525572.803667) vcan0 2C3#739C00FFFF605450
(1675525572.806702) vcan0 055#F9F7FF67B3009880
(1675525572.806781) vcan0 065#00E0FFE7008E0002
(1675525572.806859) vcan0 070#000005A800E20D00
(1675525572.806934) vcan0 075#0000000000005418
(1675525572.807014) vcan0 080#FF4F8000C2002400
(1675525572.807091) vcan0 0B0#FF8374A200C2FFA3
(1675525572.807169) vcan0 145#FDC2D380FC4010A1
(1675525572.807247) vcan0 28C#800000000030BE00
(1675525572.807405) vcan0 290#010DE40D0ACCF60B
(1675525572.807485) vcan0 2B5#4BFB004293A6D800
(1675525572.807561) vcan0 2C0#669C00010000A0E1
(1675525572.807711) vcan0 2C5#00E7221100E00070
(1675525572.807789) vcan0 340#0000000000000000
(1675525572.807867) vcan0 288#F5DFD02F00000080
(1675525572.807944) vcan0 3AF#0000000000000020
(1675525572.810548) vcan0 010#000000002FB031F9
(1675525572.810625) vcan0 072#F000FF170000A010
(1675525572.810702) vcan0 1D0#0000000000000261
(1675525572.810780) vcan0 008#DA80981500800080
(1675525572.811587) vcan0 0F5#00800080BF7721A5
(1675525572.812676) vcan0 120#008000806FF75589
(1675525572.812754) vcan0 130#EEFF1D000023FF11
(1675525572.813697) vcan0 150#0000FCD714E823C0
(1675525572.814709) vcan0 010#000000002FB031F8
(1675525572.815810) vcan0 291#0000000000000000
(1675525572.816823) vcan0 008#DA80A80500800080
(1675525572.817839) vcan0 1B0#00806D0000B0A4FC
(1675525572.818927) vcan0 1B5#F9E52ED83BC0FF2F
(1675525572.819942) vcan0 1D8#363339343234DB63
(1675525572.820959) vcan0 072#F000FF1700008010
(1675525572.823493) vcan0 1E0#00381BC180BD17E0
(1675525572.823570) vcan0 210#74DF00A0C969CD4D
(1675525572.824513) vcan0 055#F9F7FF67B3009880
(1675525572.824662) vcan0 065#00E0FFE7008E0002
(1675525572.825607) vcan0 070#000005A800E20D00
(1675525572.825685) vcan0 075#0000000000005418
(1675525572.825762) vcan0 080#FF4F8000C2002400
(1675525572.825911) vcan0 0B0#FF8374A200C2FFA3
(1675525572.826567) vcan0 145#FDB2D480FC4010A1
(1675525572.826717) vcan0 370#0726C000850FCB1F
(1675525572.830842) vcan0 010#000000002FB031F8
(1675525572.830920) vcan0 1D0#0000000000000861
(1675525572.831068) vcan0 008#DA80B8F500800080
(1675525572.831804) vcan0 0F5#00800080BF7B11A5
(1675525572.832820) vcan0 120#008000806FF85589
(1675525572.832971) vcan0 130#F6FF1D000013FF11
(1675525572.833048) vcan0 150#000003E814E813C0
(1675525572.833990) vcan0 288#02E0D02F00000080
(1675525572.835007) vcan0 290#010DE40D0ACCF60B
(1675525572.836023) vcan0 010#000000002FB031F8
(1675525572.837110) vcan0 072#F000FF170000A010
(1675525572.838124) vcan0 2A9#AC0600DBC0000084
(1675525572.839142) vcan0 008#DA80C8E500800080
(1675525572.840158) vcan0 1B0#00806D0000B0A3FC
(1675525572.841173) vcan0 1B5#F9E52ED83BC0FF2F
(1675525572.842297) vcan0 1D8#363339343234DB63
(1675525572.843275) vcan0 1E0#00381B8180BD17E0
(1675525572.843350) vcan0 2C3#739C00FFFF605450
(1675525572.844319) vcan0 055#F9F7FF67B3009880
(1675525572.845424) vcan0 065#00E0FFE7008E0002
(1675525572.848313) vcan0 070#000005A800E20D00
(1675525572.848387) vcan0 075#0000000000005418
(1675525572.848460) vcan0 080#FF4F8000C2002400
(1675525572.848535) vcan0 0B0#FF8374A200C2FFA3
(1675525572.848609) vcan0 145#FDA2D580FC4010A1
(1675525572.848751) vcan0 28C#800000000030BE00
(1675525572.848827) vcan0 2B5#4BFB004293A6D800
(1675525572.848900) vcan0 010#000000002FB031F8
(1675525572.848974) vcan0 1D0#0000000000000061
(1675525572.849323) vcan0 210#74DF00A0C969CD4D
(1675525572.849396) vcan0 291#0000000000000000
(1675525572.852181) vcan0 008#DA80D8D500800080
(1675525572.852268) vcan0 0F5#00800080BF7F01A5
(1675525572.853215) vcan0 120#008000806FFA5589
(1675525572.853293) vcan0 130#FEFF1D000003FF11
(1675525572.853442) vcan0 150#000003F814E803C0
(1675525572.853521) vcan0 072#F000FF1700008010
(1675525572.853598) vcan0 3B0#00D8772C0000C402
(1675525572.854327) vcan0 288#F5DFD02F00000080
(1675525572.855341) vcan0 010#000000002FB031F8
(1675525572.856431) vcan0 330#0000000000000000
(1675525572.857521) vcan0 400#0100000000000015
(1675525572.858536) vcan0 405#2AF89264111B6201
(1675525572.859625) vcan0 008#DA80E8C500800080
(1675525572.860714) vcan0 1B0#00806D0000B0A3FC
(1675525572.863542) vcan0 1B5#F9E52ED83BC0FF2F
(1675525572.863619) vcan0 1D8#363339343234DB63
(1675525572.863697) vcan0 1E0#003C0BC180BD17E0
(1675525572.864650) vcan0 055#F9F7FF67B3009880
(1675525572.864728) vcan0 065#00E0FFE7008E0002
(1675525572.864806) vcan0 070#000005A800E20D00
(1675525572.865751) vcan0 075#0000000000005418
(1675525572.865829) vcan0 080#FF4F8000C2002400
(1675525572.865906) vcan0 0B0#FF8374A200C2FFA3
(1675525572.865981) vcan0 145#FD92D680FC4010A1
(1675525572.866783) vcan0 290#010DE40D0ACCF60B
(1675525572.866862) vcan0 2C0#669C00010000A0E1
(1675525572.866940) vcan0 2C5#00E7221100E00070
(1675525572.867884) vcan0 010#000000002FB031F8
(1675525572.868901) vcan0 072#F000FF170000A010
(1675525572.871729) vcan0 1D0#0000000000000061
(1675525572.871807) vcan0 008#DA80F8B500800080
(1675525572.872824) vcan0 0F5#00800080BF43F1A5
(1675525572.872900) vcan0 120#008000806FFA5589
(1675525572.872988) vcan0 130#86FF1D0000F3FF11
(1675525572.873065) vcan0 150#0000FF0714E8F3C0
(1675525572.873866) vcan0 210#74DF00A0C969CD45
(1675525572.873943) vcan0 3C8#669C008A882C008E
(1675525572.874022) vcan0 3CA#00000000520000E8
(1675525572.874966) vcan0 010#000000002FB031F8
(1675525572.877860) vcan0 291#0000000000000000
(1675525572.878948) vcan0 2A9#AC0600C2C0000084
(1675525572.879964) vcan0 008#DA8008A500800080
(1675525572.881134) vcan0 1B0#00806D0000B09DFC
(1675525572.882173) vcan0 1B5#F9E52ED83BC0FF2F
(1675525572.883187) vcan0 1D8#363339343234DB63
(1675525572.883267) vcan0 1E0#0000FBC180BD17E0
(1675525572.883343) vcan0 072#F000FF1700008010
(1675525572.883493) vcan0 288#02E0D02F00000080
(1675525572.884293) vcan0 2C3#739C00FFFF605450
(1675525572.884380) vcan0 360#739C00D30300A001
(1675525572.884531) vcan0 055#F9F7FF67B3009880
(1675525572.885331) vcan0 065#00E0FFE7008E0002
(1675525572.885407) vcan0 070#000005A800E20D00
(1675525572.885485) vcan0 075#0000000000005418
(1675525572.885636) vcan0 080#FF4F8000C2002400
(1675525572.885715) vcan0 0B0#FF8374A200C2FFA3
(1675525572.886440) vcan0 145#FD82D780FC4010A1
(1675525572.886517) vcan0 28C#800000000030BE00
(1675525572.886595) vcan0 2B5#4BFB004293A6D800
(1675525572.887832) vcan0 340#0000000000000000
(1675525572.887910) vcan0 010#000000002FB031F9
(1675525572.888856) vcan0 1D0#0000000000000261
(1675525572.888934) vcan0 390#80FF001D0226564F
(1675525572.889952) vcan0 008#DA80189500800080
(1675525572.892780) vcan0 0F5#00800080BF47E1A5
(1675525572.892870) vcan0 120#008000806FF75589
(1675525572.892946) vcan0 130#8EFF1D0000E3FF11
(1675525572.893024) vcan0 150#0000031814E8E3C0
(1675525572.893825) vcan0 290#010DE40D0ACCF60B
(1675525572.894916) vcan0 010#000000002FB031F8
(1675525572.895933) vcan0 072#F000FF170000A010
(1675525572.897021) vcan0 210#74DF00A0C969CD45
(1675525572.898111) vcan0 3D0#990F61002A0080C2
(1675525572.899128) vcan0 008#DA80288500800080
(1675525572.900218) vcan0 1B0#00806D0000B0A1FC
(1675525572.901235) vcan0 1B5#F9E52ED83BC0FF2F
(1675525572.902263) vcan0 1D8#363339343234DB63
(1675525572.903279) vcan0 1E0#0000FB8180BD17E0
(1675525572.904297) vcan0 055#F9F7FF67B3009880
(1675525572.907269) vcan0 065#00E0FFE7008E0002
(1675525572.907418) vcan0 070#000005A800E20D00
(1675525572.907508) vcan0 075#0000000000005418
(1675525572.907586) vcan0 080#FF4F8000C2002400
(1675525572.907664) vcan0 0B0#FF8374A200C2FFA3
(1675525572.907741) vcan0 145#FD72D880FC4010A1
(1675525572.907821) vcan0 288#F9DFE01F00000080
(1675525572.908331) vcan0 010#000000002FB031F8
(1675525572.908410) vcan0 1D0#0000000000000861
(1675525572.908487) vcan0 291#0000000000000000
(1675525572.909433) vcan0 008#DA80387500800080
(1675525572.910449) vcan0 0F5#00800080BF4BD1A5
(1675525572.911474) vcan0 120#008000806FF75589
(1675525572.912493) vcan0 130#96FF1D0000D3FF11
(1675525572.913658) vcan0 150#0000032814E8D3C0
(1675525572.915034) vcan0 072#F000FF1700008010
(1675525572.916051) vcan0 010#000000002FB031F8
(1675525572.917215) vcan0 2A9#AC0600CAC0000084
(1675525572.918242) vcan0 008#DA80486500800080
(1675525572.919187) vcan0 1B0#00806D0000B0A2FC
(1675525572.920205) vcan0 1B5#F9E52ED83BC0FF2F
(1675525572.921375) vcan0 1D8#363339343234DB63
(1675525572.922320) vcan0 1E0#0004EBC180BD17E0
(1675525572.925144) vcan0 210#74DF00A0C969CD4D
(1675525572.925294) vcan0 2C3#739C00FFFF605450
(1675525572.925371) vcan0 055#F9F7FF67B3009880
(1675525572.925449) vcan0 065#00E0FFE7008E0002
(1675525572.925526) vcan0 070#000005A800E20D00
(1675525572.925606) vcan0 075#0000000000005418
(1675525572.925756) vcan0 080#FF4F8000C2002400
(1675525572.926268) vcan0 0B0#FF8374A200C2FFA3
(1675525572.926347) vcan0 145#FD62D980FC4010A1
(1675525572.926424) vcan0 28C#800000000030BE00
(1675525572.926502) vcan0 290#010DE40D0ACCF60B
(1675525572.927251) vcan0 2B5#4BFB004293A6D800
(1675525572.927330) vcan0 2C0#669C00010000A0E1
(1675525572.927408) vcan0 2C5#00E7221100E00070
(1675525572.927486) vcan0 370#0726C000850FCB1F
(1675525572.931618) vcan0 3AF#0000000000000020
(1675525572.931700) vcan0 3E0#000000D935808000
(1675525572.931777) vcan0 010#000000002FB031F8
(1675525572.931855) vcan0 072#F000FF170000A010
(1675525572.931933) vcan0 1D0#0000000000000061
(1675525572.932009) vcan0 008#DA80585500800080
(1675525572.932596) vcan0 0F5#00800080BF4FC1A5
(1675525572.932675) vcan0 120#008000806FF75589
(1675525572.932825) vcan0 130#9EFF1D0000C3FF11
(1675525572.933698) vcan0 150#0000033814E8C3C0
(1675525572.933850) vcan0 288#02E0E01F00000080
(1675525572.934723) vcan0 010#000000002FB031F8
(1675525572.935755) vcan0 291#0000000000000000
(1675525572.936842) vcan0 330#0000000000000000
(1675525572.937864) vcan0 008#DA80684500800080
(1675525572.938881) vcan0 1B0#00806D0000B0A3FC
(1675525572.939972) vcan0 1B5#F9E52ED83BC0FF2F
(1675525572.940990) vcan0 1D8#363339343234DB63
(1675525572.942088) vcan0 072#F000FF1700008010
(1675525572.943106) vcan0 1E0#0008DBC180BD17E0
(1675525572.946075) vcan0 055#F9F7FF67B3009880
(1675525572.946153) vcan0 065#00E0FFE7008E0002
(1675525572.946231) vcan0 070#000005A800E20D00
(1675525572.946308) vcan0 075#0000000000005418
(1675525572.946459) vcan0 080#FF4F8000C2002400
(1675525572.946536) vcan0 0B0#FF8374A200C2FFA3
(1675525572.946614) vcan0 145#FD52DA80FC4010A1
(1675525572.947128) vcan0 010#000000002FB031F8
(1675525572.948157) vcan0 1D0#0000000000000061
(1675525572.949175) vcan0 210#74DF0020C969CD45
(1675525572.950267) vcan0 008#DA80783500800080
(1675525572.951283) vcan0 0F5#00800080BF53B1A5
(1675525572.952742) vcan0 120#008000806FF85589
(1675525572.952894) vcan0 130#A6FF1D0000B3FF11
(1675525572.952973) vcan0 150#0000004814E8B3C0
(1675525572.953918) vcan0 290#010DE40D0ACCF60B
(1675525572.954936) vcan0 288#F9DFE01F00000080
(1675525572.955954) vcan0 010#000000002FB031F8
(1675525572.957046) vcan0 072#F000FF170000A010
(1675525572.958061) vcan0 2A9#AC0600D3C0000084
(1675525572.959079) vcan0 008#DA80882500800080
(1675525572.963352) vcan0 1B0#00806D0000B0A3FC
(1675525572.963431) vcan0 1B5#F9E52ED83BC0FF2F
(1675525572.963508) vcan0 1D8#363339343234DB63
(1675525572.963595) vcan0 1E0#0008DB8180BD17E0
(1675525572.963674) vcan0 2C3#739C00FFFF605450
(1675525572.964403) vcan0 055#F9F7FF67B3009880
(1675525572.965423) vcan0 065#00E0FFE7008E0002
(1675525572.965574) vcan0 070#000005A800E20D00
(1675525572.965651) vcan0 075#0000000000005418
(1675525572.965728) vcan0 080#FF4F8000C2002400
(1675525572.965806) vcan0 0B0#FF8374A200C2FFA3
(1675525572.966536) vcan0 145#FD42DB80FC4010A1
(1675525572.966613) vcan0 28C#800000000030BE00
(1675525572.966691) vcan0 2B5#4BFB004293A6D800
(1675525572.966768) vcan0 340#0000000000000000
(1675525572.967499) vcan0 010#000000002FB031F9
(1675525572.968590) vcan0 1D0#0000000000000261
(1675525572.968666) vcan0 291#0000000000000000
(1675525572.969613) vcan0 008#DA80981500800080
(1675525572.970713) vcan0 0F5#00800080BF57A1A5
(1675525572.973539) vcan0 120#008000806FF95589
(1675525572.973616) vcan0 130#AEFF1D0000A3FF11
(1675525572.973695) vcan0 150#0000005814E8A3C0
(1675525572.973845) vcan0 072#F000FF1700008010
(1675525572.973924) vcan0 210#74DF00A0C969CD4D
(1675525572.974000) vcan0 3B0#00D877280000C400
(1675525572.974654) vcan0 010#000000002FB031F8
(1675525572.975672) vcan0 008#DA80A80500800080
(1675525572.976761) vcan0 1B0#00806D0000B0A3FC
(1675525572.977778) vcan0 1B5#F9E52ED83BC0FF2F
(1675525572.978868) vcan0 1D8#363339343234DB63
(1675525572.979884) vcan0 1E0#000CCBC180BD17E0
(1675525572.982546) vcan0 288#F9DFE01F00000080
(1675525572.983563) vcan0 360#739C00D30300A001
(1675525572.984654) vcan0 055#F9F7FF67B3009880
(1675525572.984739) vcan0 065#00E0FFE7008E0002
(1675525572.985687) vcan0 070#000005A800E20D00
(1675525572.985765) vcan0 075#0000000000005418
(1675525572.985842) vcan0 080#FF4F8000C2002400
(1675525572.985921) vcan0 0B0#FF8374A200C2FFA3
(1675525572.985998) vcan0 145#FD32DC80FC4010A1
(1675525572.986800) vcan0 290#010DE40D0ACCF60B
(1675525572.989697) vcan0 2C0#669C00000000A0E1
(1675525572.989774) vcan0 2C5#00E7221100E00070
(1675525572.989851) vcan0 010#000000002FB031F8
(1675525572.989931) vcan0 072#F000FF170000A010
(1675525572.990007) vcan0 1D0#0000000000000861
(1675525572.990086) vcan0 390#80FF001D0222574F
(1675525572.990815) vcan0 008#DA80B8F500800080
(1675525572.991767) vcan0 0F5#00800080BF5B91A5
(1675525572.992858) vcan0 120#008000806FF85589
(1675525572.992946) vcan0 130#B6FF1D000093FF11
(1675525572.993023) vcan0 150#0000006814E893C0
(1675525572.993898) vcan0 3C8#669C008A882C008E
(1675525572.993974) vcan0 3CA#00000000530000E8
(1675525572.994992) vcan0 010#000000002FB031F8
(1675525572.996081) vcan0 210#74DF00A0C969CD45
(1675525573.000350) vcan0 291#0000000000000000
(1675525573.000428) vcan0 2A9#AC0600CAC0000084
(1675525573.000506) vcan0 008#DA80C8E500800080
(1675525573.001387) vcan0 1B0#00806D0000B0A3FC
(1675525573.002475) vcan0 1B5#F9E52ED83BC0FF2F
(1675525573.002555) vcan0 1D8#363339343234DA63
(1675525573.003501) vcan0 072#F000FF1700008010
(1675525573.003579) vcan0 1E0#0010BBC180BD17E0
(1675525573.003655) vcan0 2C3#739C00FFFF605450
(1675525573.004601) vcan0 055#F9F7FF67B3009880
(1675525573.004689) vcan0 065#00E0FFE7008E0002
(1675525573.005707) vcan0 070#000005A800E20D00
(1675525573.005784) vcan0 075#0000000000005418
(1675525573.005862) vcan0 080#FF4F8000C2002400
(1675525573.005940) vcan0 0B0#FF8374A200C2FFA3
(1675525573.006019) vcan0 145#FD22DD80FC4010A1
(1675525573.006675) vcan0 28C#800000000030BE00
(1675525573.006824) vcan0 2B5#4BFB004293A6D800
(1675525573.007841) vcan0 288#FEDFF00F00000080
(1675525573.007919) vcan0 010#000000002FB031F8
(1675525573.009371) vcan0 1D0#0000000000000061
(1675525573.010387) vcan0 008#DA80D8D500800080
(1675525573.011414) vcan0 0F5#00800080BF5F81A5
(1675525573.012429) vcan0 120#008000806FF75589
(1675525573.012579) vcan0 130#BEFF1D000083FF11
(1675525573.013524) vcan0 150#0000007814E883C0
(1675525573.014696) vcan0 290#010DE40D0ACCF60B
(1675525573.018817) vcan0 010#000000002FB031F8
(1675525573.018894) vcan0 072#F000FF170000A010
(1675525573.018974) vcan0 330#0000000000000000
(1675525573.019916) vcan0 008#DA80E8C500800080
(1675525573.020935) vcan0 1B0#00806D0000B0A3FC
(1675525573.022031) vcan0 1B5#F9E52ED83BC0FF2F
(1675525573.023122) vcan0 1D8#363339343234DB63
(1675525573.023200) vcan0 1E0#0010BB8180BD17E0
(1675525573.023276) vcan0 210#74DF00A0C969CD4D
(1675525573.024147) vcan0 055#F9F7FF67B3009880
(1675525573.025237) vcan0 065#00E0FFE7008E0002
(1675525573.025313) vcan0 070#000005A800E20D00
(1675525573.025392) vcan0 075#0000000000005418
(1675525573.025541) vcan0 080#FF4F8000C2002400
(1675525573.026268) vcan0 0B0#FF8374A200C2FFA3
(1675525573.028086) vcan0 145#FD12DE80FC4010A1
(1675525573.028165) vcan0 370#0726C000850FCB1F
(1675525573.028242) vcan0 010#000000002FB031F8
(1675525573.029115) vcan0 1D0#0000000000000061
(1675525573.029192) vcan0 291#0000000000000000
(1675525573.030208) vcan0 008#DA80F8B500800080
(1675525573.031225) vcan0 0F5#00800080BF6371A5
(1675525573.032249) vcan0 120#008000806FF85589
(1675525573.033411) vcan0 130#C6FF1D000073FF11
(1675525573.033488) vcan0 150#0000038814E873C0
(1675525573.033566) vcan0 072#F000FF1700008010
(1675525573.033644) vcan0 288#F9DFF00F00000080
(1675525573.034443) vcan0 010#000000002FB031F8
(1675525573.035532) vcan0 2A9#AC0600D3C0000084
(1675525573.036551) vcan0 008#DA8008A500800080
(1675525573.039009) vcan0 1B0#00806D0000B0A3FC
(1675525573.040037) vcan0 1B5#F9E52ED83BC0FF2F
(1675525573.041132) vcan0 1D8#363339343234DA63
(1675525573.042168) vcan0 1E0#0014ABC180BD17E0
(1675525573.043259) vcan0 2C3#739C00FFFF605450
(1675525573.046081) vcan0 055#F9F7FF67B3009880
(1675525573.046157) vcan0 065#00E0FFE7008E0002
(1675525573.046236) vcan0 070#000005A800E20D00
(1675525573.046314) vcan0 075#0000000000005418
(1675525573.046391) vcan0 080#FF4F8000C2002400
(1675525573.046468) vcan0 0B0#FF8374A200C2FFA3
(1675525573.046547) vcan0 145#FD02DF80FC4010A1
(1675525573.046625) vcan0 28C#800000000030BE00
(1675525573.047138) vcan0 290#010DE40D0ACCF60B
(1675525573.047287) vcan0 2B5#4BFB004293A6D800
(1675525573.047366) vcan0 2C0#669C00010000A0E1
(1675525573.047443) vcan0 2C5#00E7221100E00070
(1675525573.047530) vcan0 340#0000000000000000
(1675525573.048187) vcan0 3AF#0000000000000020
(1675525573.048265) vcan0 010#000000002FB031F9
(1675525573.051084) vcan0 072#F000FF170000A010
(1675525573.051161) vcan0 1D0#0000000000000261
(1675525573.051240) vcan0 210#74DF00A0C969CD4D
(1675525573.051318) vcan0 008#DA80189500800080
(1675525573.052125) vcan0 0F5#00800080BF6761A5
(1675525573.053213) vcan0 120#008000806FF75589
(1675525573.053290) vcan0 130#CEFF1D000063FF11
(1675525573.053366) vcan0 150#0000009814E863C0
(1675525573.054240) vcan0 288#F1DFF00F00000080
(1675525573.055328) vcan0 010#000000002FB031F8
(1675525573.056344) vcan0 291#0000000000000000
(1675525573.057433) vcan0 425#0000000000000000
(1675525573.058448) vcan0 008#DA80288500800080
(1675525573.059483) vcan0 1B0#00806D0000B0A3FC
(1675525573.060573) vcan0 1B5#F9E52ED83BC0FF2F
(1675525573.063396) vcan0 1D8#363339343234DB63
(1675525573.063475) vcan0 1E0#00189BC180BD17E0
(1675525573.063623) vcan0 072#F000FF1700008010
(1675525573.064496) vcan0 055#F9F7FF67B3009880
(1675525573.064573) vcan0 065#00E0FFE7008E0002
(1675525573.065516) vcan0 070#000005A800E20D00
(1675525573.065667) vcan0 075#0000000000005418
(1675525573.065745) vcan0 080#FF4F8000C2002400
(1675525573.065822) vcan0 0B0#FF8374A200C2FFA3
(1675525573.066622) vcan0 145#FDF2D080FC4010A1
(1675525573.067710) vcan0 010#000000002FB031F8
(1675525573.068725) vcan0 1D0#0000000000000861
(1675525573.069814) vcan0 008#DA80387500800080
(1675525573.070757) vcan0 0F5#00800080BF6B51A5
(1675525573.071862) vcan0 120#008000806FF75589
(1675525573.073314) vcan0 130#D6FF1D000053FF11
(1675525573.073391) vcan0 150#0000FEA714E853C0
(1675525573.073469) vcan0 210#74DF00A0C969CD45
(1675525573.074341) vcan0 290#010DE40D0ACCF60B
(1675525573.075429) vcan0 010#000000002FB031F8
(1675525573.076445) vcan0 072#F000FF170000A010
(1675525573.077462) vcan0 2A9#AC0600CAC0000084
(1675525573.081731) vcan0 008#DA80486500800080
(1675525573.082674) vcan0 1B0#00806D0000B0A3FC
(1675525573.082751) vcan0 1B5#F9E52ED83BC0FF2F
(1675525573.082900) vcan0 1D8#363339343234DA63
(1675525573.082979) vcan0 1E0#00189B8180BD17E0
(1675525573.083779) vcan0 288#F9DFF00F00000080
(1675525573.083856) vcan0 2C3#739C00FFFF605450
(1675525573.083933) vcan0 360#739C00D30300A001
(1675525573.084826) vcan0 055#F9F7FF67B3009880
(1675525573.084903) vcan0 065#00E0FFE7008E0002
(1675525573.084982) vcan0 070#000005A800E20D00
(1675525573.085924) vcan0 075#0000000000005418
(1675525573.086004) vcan0 080#FF4F8000C2002400
(1675525573.086081) vcan0 0B0#FF8374A200C2FFA3
(1675525573.086158) vcan0 145#FDE2D180FC4010A1
(1675525573.086236) vcan0 28C#800000000030BE00
(1675525573.086891) vcan0 2B5#4BFB004293A6D800
(1675525573.087979) vcan0 010#000000002FB031F8
(1675525573.088923) vcan0 1D0#0000000000000061
(1675525573.089001) vcan0 291#0000000000000000
(1675525573.091868) vcan0 390#80FF001D021E584F
(1675525573.091944) vcan0 008#DA80585500800080
(1675525573.092842) vcan0 0F5#00800080BF6F41A5
(1675525573.092917) vcan0 120#008000806FF95589
(1675525573.093068) vcan0 130#DEFF1D000043FF11
(1675525573.093142) vcan0 150#000000B814E843C0
(1675525573.093901) vcan0 072#F000FF1700008010
(1675525573.093976) vcan0 3B0#00FC75280000C400
(1675525573.094874) vcan0 010#000000002FB031F8
(1675525573.095976) vcan0 210#74DF0020C969CD45
(1675525573.097011) vcan0 330#0000000000000000
(1675525573.098047) vcan0 3D0#990F61002B0080C2
(1675525573.099081) vcan0 008#DA80684500800080
(1675525573.101883) vcan0 1B0#00806D0000B0A3FC
(1675525573.102973) vcan0 1B5#F9E52ED83BC0FF2F
(1675525573.103049) vcan0 1D8#363339343234DB63
(1675525573.103129) vcan0 1E0#001C8BC180BD17E0
(1675525573.103206) vcan0 430#2A082A00000030C6
(1675525573.104006) vcan0 055#F9F7FF67B3009880
(1675525573.105097) vcan0 065#00E0FFE7008E0002
(1675525573.105185) vcan0 070#000005A800E20D00
(1675525573.105263) vcan0 075#0000000000005418
(1675525573.106063) vcan0 080#FF4F8000C2002400
(1675525573.106141) vcan0 0B0#FF8374A200C2FFA3
(1675525573.106292) vcan0 145#FDD2D280FC4010A1
(1675525573.106367) vcan0 290#010DE40D0ACCF60B
(1675525573.106445) vcan0 2C0#669C00010000A0E1
(1675525573.107174) vcan0 2C5#00E7221100E00070
(1675525573.108695) vcan0 288#02E000FF00000080
(1675525573.108773) vcan0 010#000000002FB031F8
(1675525573.108850) vcan0 072#F000FF170000A010
(1675525573.108929) vcan0 1D0#0000000000000061
(1675525573.109007) vcan0 400#0101010100000016
(1675525573.109734) vcan0 405#739C003300343B02
(1675525573.110821) vcan0 008#DA80783500800080
(1675525573.111840) vcan0 0F5#00800080BF7331A5
(1675525573.112865) vcan0 120#008000806FF85589
(1675525573.112943) vcan0 130#E6FF1D000033FF11
(1675525573.117210) vcan0 150#000003C814E833C0
(1675525573.117287) vcan0 3C8#669C008A882C008E
(1675525573.117365) vcan0 3CA#00000000540000E8
(1675525573.118239) vcan0 010#000000002FB031F8
(1675525573.118314) vcan0 291#0000000000000000
(1675525573.118393) vcan0 2A9#AC0600C2C0000084
(1675525573.119265) vcan0 008#DA80882500800080
(1675525573.120351) vcan0 1B0#00806D0000B0A3FC
(1675525573.121375) vcan0 1B5#F9E52ED83BC0FF2F
(1675525573.122390) vcan0 1D8#363339343234DB63
(1675525573.123479) vcan0 072#F000FF1700008010
(1675525573.123557) vcan0 1E0#00207BC180BD17E0
(1675525573.123633) vcan0 210#74DF00A0C969CD4D
(1675525573.123783) vcan0 2C3#739C00FFFF605450
(1675525573.124592) vcan0 055#F9F7FF67B3009880
(1675525573.124668) vcan0 065#00E0FFE7008E0002
(1675525573.125613) vcan0 070#000005A800E20D00
(1675525573.125691) vcan0 075#0000000000005418
(1675525573.125842) vcan0 080#FF4F8000C2002400
(1675525573.125918) vcan0 0B0#FF8374A200C2FFA3
(1675525573.128596) vcan0 145#FDC2D380FC4010A1
(1675525573.128673) vcan0 28C#800000000030BE00
(1675525573.128750) vcan0 2B5#4BFB004293A6D800
(1675525573.128828) vcan0 340#0000000000000000
(1675525573.128905) vcan0 370#0726C000850FCB1F
(1675525573.129054) vcan0 010#000000002FB031F9
(1675525573.129134) vcan0 1D0#0000000000000261
(1675525573.129643) vcan0 008#DA80981500800080
(1675525573.130661) vcan0 0F5#00800080BF7721A5
(1675525573.131680) vcan0 120#008000806FF95589
(1675525573.132777) vcan0 130#EEFF1D000023FF11
(1675525573.132856) vcan0 150#000003D814E823C0
(1675525573.133799) vcan0 288#FEDF00FF00000080
(1675525573.134814) vcan0 290#010DE40D0ACCF60B
(1675525573.135829) vcan0 010#000000002FB031F8
(1675525573.138793) vcan0 072#F000FF170000A010
(1675525573.139809) vcan0 008#DA80A80500800080
(1675525573.140825) vcan0 1B0#00806D0000B0A3FC
(1675525573.141921) vcan0 1B5#F9E52ED83BC0FF2F
(1675525573.142937) vcan0 1D8#363339343234DB63
(1675525573.143016) vcan0 1E0#00207B8180BD17E0
(1675525573.144031) vcan0 055#F9F7FF67B3009880
(1675525573.145047) vcan0 065#00E0FFE7008E0002
(1675525573.145197) vcan0 070#000005A800E20D00
(1675525573.145275) vcan0 075#0000000000005418
(1675525573.146074) vcan0 080#FF4F8000C2002400
(1675525573.149047) vcan0 0B0#FF8374A200C2FFA3
(1675525573.149134) vcan0 145#FDB2D480FC4010A1
(1675525573.149274) vcan0 010#000000002FB031F8
(1675525573.149352) vcan0 1D0#0000000000000861
(1675525573.149429) vcan0 210#74DF00A0C969CD45
(1675525573.149506) vcan0 291#0000000000000000
(1675525573.150089) vcan0 008#DA80B8F500800080
(1675525573.151105) vcan0 0F5#00800080BF7B11A5
(1675525573.152198) vcan0 120#008000806FF85589
(1675525573.153286) vcan0 130#F6FF1D000013FF11
(1675525573.153364) vcan0 150#0000FFE714E813C0
(1675525573.153443) vcan0 072#F000FF1700008010
(1675525573.154313) vcan0 288#F1DF00FF00000080
(1675525573.155329) vcan0 010#000000002FB031F8
(1675525573.156346) vcan0 2A9#AC0600DBC0000084
(1675525573.158948) vcan0 008#DA80C8E500800080
(1675525573.159975) vcan0 1B0#00806D0000B0A3FC
(1675525573.161063) vcan0 1B5#F9E52ED83BC0FF2F
(1675525573.162087) vcan0 1D8#363339343234DB63
(1675525573.163102) vcan0 1E0#00246BC180BD17E0
(1675525573.163252) vcan0 2C3#739C00FFFF605450
(1675525573.164195) vcan0 055#F9F7FF67B3009880
(1675525573.165284) vcan0 065#00E0FFE7008E0002
(1675525573.168034) vcan0 070#000005A800E20D00
(1675525573.168111) vcan0 075#0000000000005418
(1675525573.168188) vcan0 080#FF4F8000C2002400
(1675525573.168267) vcan0 0B0#FF8374A200C2FFA3
(1675525573.168343) vcan0 145#FDA2D580FC4010A1
(1675525573.168494) vcan0 28C#800000000030BE00
(1675525573.168572) vcan0 290#010DE40D0ACCF60B
(1675525573.168650) vcan0 2B5#4BFB004293A6D800
(1675525573.168728) vcan0 2C0#669C00010000A0E1
(1675525573.168815) vcan0 2C5#00E7221100E00070
(1675525573.168893) vcan0 3AF#0000000000000020
(1675525573.169042) vcan0 010#000000002FB031F8
(1675525573.169121) vcan0 072#F000FF170000A010
(1675525573.169198) vcan0 1D0#0000000000000061
(1675525573.170142) vcan0 008#DA80D8D500800080
(1675525573.174407) vcan0 0F5#00800080BF7F01A5
(1675525573.174484) vcan0 120#008000806FF95589
(1675525573.174561) vcan0 130#FEFF1D000003FF11
(1675525573.174639) vcan0 150#0000FEF714E803C0
(1675525573.174716) vcan0 210#74DF00A0C969CD4D
(1675525573.175516) vcan0 010#000000002FB031F8
(1675525573.176532) vcan0 291#0000000000000000
(1675525573.177622) vcan0 330#0000000000000000
(1675525573.178637) vcan0 008#DA80E8C500800080
(1675525573.179652) vcan0 1B0#00806D0000B0A3FC
(1675525573.180749) vcan0 1B5#F9E52ED83BC0FF2F
(1675525573.181775) vcan0 1D8#363339343234DA63
(1675525573.182862) vcan0 072#F000FF1700008010
(1675525573.183878) vcan0 1E0#00285BC180BD17E0
(1675525573.183955) vcan0 288#F5DF00FF00000080
(1675525573.184032) vcan0 360#739C00D30300A001
(1675525573.184906) vcan0 055#F9F7FF67B3009880
(1675525573.184984) vcan0 065#00E0FFE7008E0002
(1675525573.185062) vcan0 070#000005A800E20D00
(1675525573.185213) vcan0 075#0000000000005418
(1675525573.186446) vcan0 080#FF4F8000C2002400
(1675525573.186524) vcan0 0B0#FF8374A200C2FFA3
(1675525573.186600) vcan0 145#FD92D680FC4010A1
(1675525573.187473) vcan0 010#000000002FB031F8
(1675525573.188488) vcan0 1D0#0000000000000061
(1675525573.188567) vcan0 390#80FF001D021A594F
(1675525573.192769) vcan0 008#DA80F8B500800080
(1675525573.192847) vcan0 0F5#00800080BF43F1A5
(1675525573.192925) vcan0 120#008000806FFA5589
(1675525573.193076) vcan0 130#86FF1D0000F3FF11
(1675525573.193154) vcan0 150#0000FF0714E8F3C0
(1675525573.193881) vcan0 290#010DE40D0ACCF60B
(1675525573.194898) vcan0 010#000000002FB031F8
(1675525573.195983) vcan0 072#F000FF170000A010
(1675525573.197073) vcan0 210#74DF00A0C969CD45
(1675525573.198017) vcan0 2A9#AC0600C2C0000084
(1675525573.199105) vcan0 008#DA8008A500800080
(1675525573.200121) vcan0 1B0#00806D0000B0A3FC
(1675525573.201210) vcan0 1B5#F9E52ED83BC0FF2F
(1675525573.202233) vcan0 1D8#363339343234DB63
(1675525573.203248) vcan0 1E0#00285B8180BD17E0
(1675525573.203325) vcan0 2C3#739C00FFFF605450
(1675525573.204279) vcan0 055#F9F7FF67B3009880
(1675525573.205293) vcan0 065#00E0FFE7008E0002
(1675525573.205373) vcan0 070#000005A800E20D00
(1675525573.205452) vcan0 075#0000000000005418
(1675525573.206758) vcan0 080#FF4F8000C2002400
(1675525573.206835) vcan0 0B0#FF8374A200C2FFA3
(1675525573.206912) vcan0 145#FD82D780FC4010A1
(1675525573.207063) vcan0 28C#800000000030BE00
(1675525573.207140) vcan0 2B5#4BFB004293A6D800
(1675525573.207217) vcan0 340#0000000000000000
(1675525573.207874) vcan0 288#F9DF10EF00000080
(1675525573.207950) vcan0 010#000000002FB031F9
(1675525573.208897) vcan0 1D0#0000000000000261
(1675525573.213240) vcan0 291#0000000000000000
(1675525573.213317) vcan0 008#DA80189500800080
(1675525573.213395) vcan0 0F5#00800080BF47E1A5
(1675525573.213482) vcan0 120#008000806FF95589
(1675525573.213561) vcan0 130#8EFF1D0000E3FF11
(1675525573.213710) vcan0 150#0000001814E8E3C0
(1675525573.213789) vcan0 072#F000FF1700008010
(1675525573.214226) vcan0 3B0#00D875280000C400
(1675525573.215316) vcan0 010#000000002FB031F8
(1675525573.216332) vcan0 008#DA80288500800080
(1675525573.217421) vcan0 1B0#00806D0000B0A3FC
(1675525573.218364) vcan0 1B5#F9E52ED83BC0FF2F
(1675525573.219451) vcan0 1D8#363339343234DA63
(1675525573.220540) vcan0 1E0#002C4BC180BD17E0
(1675525573.221598) vcan0 210#74DF00A0C969CD4D
(1675525573.222615) vcan0 055#F9F7FF67B3009880
(1675525573.223632) vcan0 065#00E0FFE7008E0002
(1675525573.224649) vcan0 070#000005A800E20D00
(1675525573.225739) vcan0 075#0000000000005418
(1675525573.225824) vcan0 080#FF4F8000C2002400
(1675525573.228574) vcan0 0B0#FF8374A200C2FFA3
(1675525573.228652) vcan0 145#FD72D880FC4010A1
(1675525573.228730) vcan0 290#010DE40D0ACCF60B
(1675525573.228808) vcan0 2C0#669C00010000A0E1
(1675525573.228884) vcan0 2C5#00E7221100E00070
(1675525573.228962) vcan0 370#0726C000850FCB1F
(1675525573.229041) vcan0 3E0#000000D935808000
(1675525573.229117) vcan0 010#000000002FB031F8
(1675525573.229268) vcan0 072#F000FF170000A010
(1675525573.229346) vcan0 1D0#0000000000000861
(1675525573.229567) vcan0 008#DA80387500800080
(1675525573.230658) vcan0 0F5#00800080BF4BD1A5
(1675525573.231682) vcan0 120#008000806FF75589
(1675525573.232771) vcan0 130#96FF1D0000D3FF11
(1675525573.232849) vcan0 150#0000022814E8D3C0
(1675525573.235692) vcan0 288#02E010EF00000080
(1675525573.235772) vcan0 3C8#669C008A882C008E
(1675525573.235849) vcan0 3CA#00000000550000E8
(1675525573.236723) vcan0 010#000000002FB031F8
(1675525573.237812) vcan0 291#0000000000000000
(1675525573.238828) vcan0 2A9#AC0600DBC0000084
(1675525573.239916) vcan0 008#DA80486500800080
(1675525573.240934) vcan0 1B0#00806D0000B0A3FC
(1675525573.241958) vcan0 1B5#F9E52ED83BC0FF2F
(1675525573.243047) vcan0 1D8#363339343234DA63
(1675525573.243125) vcan0 1E0#00303BC180BD17E0
(1675525573.243200) vcan0 072#F000FF1700008010
(1675525573.244076) vcan0 2C3#739C00FFFF605450
(1675525573.245093) vcan0 055#F9F7FF67B3009880
(1675525573.245170) vcan0 065#00E0FFE7008E0002
(1675525573.247990) vcan0 070#000005A800E20D00
(1675525573.248076) vcan0 075#0000000000005418
(1675525573.248227) vcan0 080#FF4F8000C2002400
(1675525573.248305) vcan0 0B0#FF8374A200C2FFA3
(1675525573.248383) vcan0 145#FD62D980FC4010A1
(1675525573.248460) vcan0 28C#800000000030BE00
(1675525573.248538) vcan0 2B5#4BFB004293A6D800
(1675525573.248688) vcan0 010#000000002FB031F8
(1675525573.248767) vcan0 1D0#0000000000000061
(1675525573.249137) vcan0 210#74DF0020C969CD4D
(1675525573.250150) vcan0 008#DA80585500800080
(1675525573.251239) vcan0 0F5#00800080BF4FC1A5
(1675525573.252258) vcan0 120#008000806FF85589
(1675525573.253274) vcan0 130#9EFF1D0000C3FF11
(1675525573.253351) vcan0 150#0000003814E8C3C0
(1675525573.254802) vcan0 290#010DE40D0ACCF60B
(1675525573.255817) vcan0 288#FEDF10EF00000080
(1675525573.256841) vcan0 010#000000002FB031F8
(1675525573.257929) vcan0 072#F000FF170000A010
(1675525573.258944) vcan0 330#0000000000000000
(1675525573.260033) vcan0 008#DA80684500800080
(1675525573.261119) vcan0 1B0#00806D0000B0A3FC
(1675525573.262112) vcan0 1B5#F9E52ED83BC0FF2F
(1675525573.263217) vcan0 1D8#363339343234DA63
(1675525573.263291) vcan0 1E0#00303B8180BD17E0
(1675525573.266048) vcan0 055#F9F7FF67B3009880
(1675525573.266121) vcan0 065#00E0FFE7008E0002
(1675525573.266196) vcan0 070#000005A800E20D00
(1675525573.266339) vcan0 075#0000000000005418
(1675525573.266414) vcan0 080#FF4F8000C2002400
(1675525573.266487) vcan0 0B0#FF8374A200C2FFA3
(1675525573.266563) vcan0 145#FD52DA80FC4010A1
(1675525573.267118) vcan0 010#000000002FB031F8
(1675525573.268164) vcan0 1D0#0000000000000061
(1675525573.268238) vcan0 291#0000000000000000
(1675525573.269275) vcan0 008#DA80783500800080
(1675525573.270240) vcan0 0F5#00800080BF53B1A5
(1675525573.271275) vcan0 120#008000806FF95589
(1675525573.272327) vcan0 130#A6FF1D0000B3FF11
(1675525573.273364) vcan0 150#0000024814E8B3C0
(1675525573.274813) vcan0 072#F000FF1700008010
(1675525573.274886) vcan0 210#74DF00A0C969CD45
(1675525573.275851) vcan0 010#000000002FB031F8
(1675525573.276956) vcan0 2A9#AC0600C2C0000084
(1675525573.277993) vcan0 008#DA80882500800080
(1675525573.281897) vcan0 1B0#00806D0000B0A4FC
(1675525573.282986) vcan0 1B5#F9E52ED83BC0FF2F
(1675525573.283067) vcan0 1D8#363339343234DB63
(1675525573.283142) vcan0 1E0#00342BC180BD17E0
(1675525573.283231) vcan0 288#02E010EF00000080
(1675525573.283958) vcan0 2C3#739C00FFFF605450
(1675525573.284037) vcan0 360#739C00D30300A001
(1675525573.284982) vcan0 055#F9F7FF67B3009880
(1675525573.285059) vcan0 065#00E0FFE7008E0002
(1675525573.285211) vcan0 070#000005A800E20D00
(1675525573.285287) vcan0 075#0000000000005418
(1675525573.286089) vcan0 080#FF4F8000C2002400
(1675525573.286167) vcan0 0B0#FF8374A200C2FFA3
(1675525573.286246) vcan0 145#FD42DB80FC4010A1
(1675525573.286323) vcan0 28C#800000000030BE00
(1675525573.290305) vcan0 290#010DE40D0ACCF60B
(1675525573.290382) vcan0 2B5#4BFB004293A6D800
(1675525573.290532) vcan0 2C0#669C00010000A0E1
(1675525573.290610) vcan0 2C5#00E7221100E00070
(1675525573.290688) vcan0 340#0000000000000000
(1675525573.290774) vcan0 3AF#0000000000000020
(1675525573.290850) vcan0 010#000000002FB031F9
(1675525573.290930) vcan0 072#F000FF170000A010
(1675525573.291081) vcan0 1D0#0000000000000261
(1675525573.291158) vcan0 390#80FF001D02125B4F
(1675525573.291237) vcan0 008#DA80981500800080
(1675525573.291389) vcan0 0F5#00800080BF57A1A5
(1675525573.292496) vcan0 120#008000806FF65589
(1675525573.293532) vcan0 130#AEFF1D0000A3FF11
(1675525573.293606) vcan0 150#0000035814E8A3C0
(1675525573.294642) vcan0 010#000000002FB031F8
(1675525573.295676) vcan0 210#74DF00A0C969CD45
(1675525573.296645) vcan0 291#0000000000000000
(1675525573.297680) vcan0 3D0#990F61002C0080C2
(1675525573.298784) vcan0 008#DA80A80500800080
(1675525573.302765) vcan0 1B0#00806D0000B0A4FC
(1675525573.302854) vcan0 1B5#F9E52ED83BC0FF2F
(1675525573.302933) vcan0 1D8#363339343234DA63
(1675525573.303010) vcan0 1E0#00381BC180BD17E0
(1675525573.303812) vcan0 072#F000FF1700008010
(1675525573.304901) vcan0 055#F9F7FF67B3009880
(1675525573.304979) vcan0 065#00E0FFE7008E0002
(1675525573.305058) vcan0 070#000005A800E20D00
(1675525573.305857) vcan0 075#0000000000005418
