(1675526546.953348) vcan0 290#0000000000000000
(1675526546.953414) vcan0 2C0#5D8700200100A0F1
(1675526546.953499) vcan0 2C5#2ACF5B7603E50070
(1675526546.953578) vcan0 1B0#00C0000002B000FC
(1675526546.953655) vcan0 1B5#FF80D46E10E0FFEF
(1675526546.953805) vcan0 0E0#E27324F80080D700
(1675526546.953883) vcan0 1D8#363339343234DD43
(1675526546.954033) vcan0 1E0#002C434300B917E0
(1675526546.954112) vcan0 2C3#5D8700FFFF555450
(1675526546.954188) vcan0 010#000000002FB031F8
(1675526546.954338) vcan0 1D0#0000000000000061
(1675526546.956643) vcan0 008#4F80DCBD23800080
(1675526546.958020) vcan0 125#E50780E4C1D0D735
(1675526546.960628) vcan0 350#A200000000000080
(1675526546.962071) vcan0 0F5#09880D887F6762BA
(1675526546.962144) vcan0 120#158819887FFC5589
(1675526546.962288) vcan0 130#CF341E0608553412
(1675526546.963527) vcan0 150#0308FE97FEF758C0
(1675526546.963679) vcan0 010#000000002FB031F8
(1675526546.963753) vcan0 072#F000FF3F00788038
(1675526546.963828) vcan0 288#F9DF708F00000080
(1675526546.963902) vcan0 2A9#8C260082C0000084
(1675526546.966136) vcan0 260#D0FF0055497487B0
(1675526546.967582) vcan0 008#5180EC9C32800080
(1675526546.970253) vcan0 055#D9F78828B2229D80
(1675526546.970331) vcan0 065#09E575F8048E7B02
(1675526546.970481) vcan0 070#000028F88EE23700
(1675526546.970558) vcan0 075#0000000000005458
(1675526546.970636) vcan0 080#63518000C2002C00
(1675526546.970714) vcan0 0B0#6B83F9A2D8C16BA3
(1675526546.970792) vcan0 145#FDA2D580FC4810A1
(1675526546.970871) vcan0 28C#000020000014FEA3
(1675526546.973037) vcan0 2B5#4BAC4D6293A693A4
(1675526546.973187) vcan0 340#7200000000000000
(1675526546.973273) vcan0 1B0#00C0000002B000FC
(1675526546.973349) vcan0 0E0#E27328C00080B300
(1675526546.973428) vcan0 1B5#FF85D97113E0FFEF
(1675526546.973506) vcan0 1D8#363339343234DD43
(1675526546.973582) vcan0 010#000000002FB031F8
(1675526546.973660) vcan0 1D0#0000000000000061
(1675526546.974530) vcan0 1E0#002C430300B917E0
(1675526546.974681) vcan0 210#A9E08020A869E94D
(1675526546.974758) vcan0 291#0000000000000000
(1675526546.977179) vcan0 008#5180FC8C32800080
(1675526546.978553) vcan0 125#E50480E4C1D0D735
(1675526546.978627) vcan0 072#F000FF3F0078A038
(1675526546.978770) vcan0 3B0#00D819383BBCC400
(1675526546.980076) vcan0 290#0000000000000000
(1675526546.982683) vcan0 0F5#16881D887F6B52BB
(1675526546.982756) vcan0 120#298815887FFA5589
(1675526546.982838) vcan0 130#D7311E10083B3112
(1675526546.982914) vcan0 150#0F08FEA7FEF73CC0
(1675526546.983055) vcan0 010#000000002FB031F8
(1675526546.984088) vcan0 330#4B00000000000000
(1675526546.984162) vcan0 3CA#00000000530000C8
(1675526546.986644) vcan0 288#F1DF708F00000080
(1675526546.988020) vcan0 008#54800C7932800080
(1675526546.990837) vcan0 055#D9F78728B2229D80
(1675526546.990915) vcan0 065#0FE577F8068E7E02
(1675526546.991065) vcan0 070#000027F88EE23600
(1675526546.991141) vcan0 075#0000000000005458
(1675526546.991220) vcan0 080#61518000C2002C00
(1675526546.991298) vcan0 0B0#6B83FAA2D8C16BA3
(1675526546.991375) vcan0 145#FD92D680FC4810A1
(1675526546.991526) vcan0 370#0723C0005D1BC735
(1675526546.992181) vcan0 1B0#00C0000002B000FC
(1675526546.992268) vcan0 1B5#FF8ADF7315E0FFEF
(1675526546.992345) vcan0 0E0#E27326C800809500
(1675526546.995093) vcan0 1D8#363339343234DD43
(1675526546.995169) vcan0 010#000000002FB031F8
(1675526546.995243) vcan0 072#F000FF3F00788038
(1675526546.995317) vcan0 1D0#0000000000000061
(1675526546.995460) vcan0 1E0#0030334300B917E0
(1675526546.995534) vcan0 2C3#5D8700FFFF555450
(1675526546.997663) vcan0 260#D0FF00AA497487B0
(1675526546.997807) vcan0 008#54801C5B40800080
(1675526546.997881) vcan0 125#E50480E4C1D0D735
(1675526546.997953) vcan0 210#A9E080A0A869E945
(1675526547.001380) vcan0 0F5#218821887F6F42BB
(1675526547.002824) vcan0 120#20882A887FFC5589
(1675526547.002897) vcan0 130#DF311E1808232B12
(1675526547.002972) vcan0 150#1708FBB7FEF724C0
(1675526547.003123) vcan0 010#000000002FB031F8
(1675526547.003197) vcan0 291#0000000000000000
(1675526547.004299) vcan0 2A9#8C26009BC0000084
(1675526547.006932) vcan0 008#54802C4B40800080
(1675526547.008309) vcan0 072#F000FF3F0078A038
(1675526547.008385) vcan0 360#5D8700D2BF64A001
(1675526547.012429) vcan0 055#DAF78628B2229D80
(1675526547.012506) vcan0 065#17E579F8058E8102
(1675526547.012658) vcan0 070#000027F88DE23600
(1675526547.012735) vcan0 075#0000000000005458
(1675526547.012813) vcan0 080#5F518000C2002C00
(1675526547.012890) vcan0 0B0#6B83FCA2D8C16BA3
(1675526547.012969) vcan0 145#FD82D780FC4810A1
(1675526547.013119) vcan0 28C#000020000014FEA3
(1675526547.013197) vcan0 290#0000000000000000
(1675526547.013274) vcan0 2B5#4BAC4E6293A690A9
(1675526547.013361) vcan0 2C0#5D8700200100A0F1
