(1675526145.980343) vcan0 130#FFFF1D772963FF11
(1675526145.980407) vcan0 150#5929EBF7EFF781C0
(1675526145.981712) vcan0 0E0#E27321C00080BA00
(1675526145.981861) vcan0 010#008000002FB031F8
(1675526145.982802) vcan0 2A9#8C260093C0000084
(1675526145.985613) vcan0 008#8180B44E00800080
(1675526145.986705) vcan0 125#E5DA7FE5C1D0D735
(1675526145.987738) vcan0 288#C0DF10EF00000080
(1675526145.988837) vcan0 055#F9F71538B2719E80
(1675526145.988980) vcan0 065#78E615F8FFED6302
(1675526145.989053) vcan0 070#000005F862E20D00
(1675526145.989142) vcan0 075#0000000000005458
(1675526145.989954) vcan0 080#39508000C2002C00
(1675526145.990040) vcan0 0B0#528318A3E2C152E3
(1675526145.990112) vcan0 145#F972D880FC4810A1
(1675526145.990186) vcan0 1B0#00C0000002B000FC
(1675526145.991014) vcan0 1B5#FF2AEDF8E1E0FFEF
(1675526145.991087) vcan0 1D8#363339343234E043
(1675526145.991161) vcan0 1E0#003C034300B917E0
(1675526145.992057) vcan0 010#008000002FB031F8
(1675526145.993363) vcan0 072#F000FF3F00788038
(1675526145.993438) vcan0 1D0#0000000000000061
(1675526145.993580) vcan0 210#0DE080A0B869BC4D
(1675526145.994406) vcan0 008#8180C43E00800080
(1675526145.998289) vcan0 0F5#4FA95BA97F43F281
(1675526145.999377) vcan0 120#A4A993A97FEC5589
(1675526146.000461) vcan0 130#87FF1D772953FF11
(1675526146.000540) vcan0 150#5529EB07EFF775C0
(1675526146.000616) vcan0 260#D0FF0055497487B0
(1675526146.001495) vcan0 3CA#00000000D30000C8
(1675526146.001573) vcan0 0E0#E27325C800809600
(1675526146.002586) vcan0 010#008000002FB031F8
(1675526146.002663) vcan0 291#0000000000000000
(1675526146.002742) vcan0 330#2800000000000000
(1675526146.002818) vcan0 425#0000000000000000
(1675526146.003616) vcan0 008#8180D42E00800080
(1675526146.006072) vcan0 072#F000FF3F0078A038
(1675526146.007159) vcan0 125#E5DA7FE5C1D0D735
(1675526146.010045) vcan0 055#F9F71538B2719E80
(1675526146.010122) vcan0 065#7EE615F804EE6202
(1675526146.010199) vcan0 070#000005F862E20D00
(1675526146.010276) vcan0 075#0000000000005458
(1675526146.010354) vcan0 080#39508000C2002C00
(1675526146.010504) vcan0 0B0#528318A3E2C152E3
(1675526146.010582) vcan0 145#F962D980FC4810A1
(1675526146.010670) vcan0 1B0#00C0000004B000FC
(1675526146.010748) vcan0 1B5#FF450805EEE0FFEF
(1675526146.011115) vcan0 1D8#363339343234E043
(1675526146.011194) vcan0 1E0#0000F34300B917E0
(1675526146.011270) vcan0 28C#000000000036FEA9
(1675526146.011348) vcan0 290#0000000000000000
(1675526146.012146) vcan0 2B5#4BC1176293A67A76
(1675526146.012223) vcan0 2C0#BB9C00000000A0F1
(1675526146.014967) vcan0 010#008000002FB031F8
(1675526146.015045) vcan0 1D0#0000000000000061
(1675526146.015123) vcan0 2C3#BB9C00FFFF9A5450
(1675526146.015273) vcan0 2C5#33DF8CBE77E6D470
(1675526146.015349) vcan0 3AF#0000000000000020
(1675526146.015427) vcan0 288#D9DF20DF00000080
(1675526146.015504) vcan0 008#8180E41E00800080
(1675526146.016014) vcan0 210#0DE080A0B869BC45
(1675526146.017100) vcan0 3C8#BB9C008E882C008E
(1675526146.018133) vcan0 0F5#57A95BA97F47E284
(1675526146.019233) vcan0 120#77A988A97FF45589
(1675526146.020264) vcan0 130#8FFD1D772943FF11
(1675526146.020339) vcan0 150#5929F217EFF761C0
(1675526146.021371) vcan0 0E0#E27323D000807800
(1675526146.022472) vcan0 010#008000002FB031F9
(1675526146.023847) vcan0 072#F000FF3F00788038
(1675526146.023990) vcan0 2A9#8C26008AC0000084
(1675526146.024954) vcan0 008#8180F40E00800080
(1675526146.027717) vcan0 360#C59C00A7B166A001
(1675526146.027796) vcan0 125#E5DA7FE5C1D0D735
(1675526146.028810) vcan0 055#F9F71538B2719E80
(1675526146.028888) vcan0 065#78E615F8FEED6202
(1675526146.028965) vcan0 070#000005F863E20D00
(1675526146.029908) vcan0 075#0000000000005458
(1675526146.029994) vcan0 080#39508000C2002C00
(1675526146.030072) vcan0 0B0#528318A3E2C152E3
(1675526146.030149) vcan0 145#F952DA80FC4810A1
(1675526146.031021) vcan0 1B0#00C0000004B000FC
(1675526146.031098) vcan0 1B5#FF602212FCE0FFEF
(1675526146.031175) vcan0 1D8#363339343234E043
(1675526146.031254) vcan0 1E0#0000F30300B917E0
(1675526146.031331) vcan0 260#D0FF0055497487B0
(1675526146.031985) vcan0 350#A200000000000080
(1675526146.034873) vcan0 370#0729C0008703C71F
(1675526146.034952) vcan0 010#008000002FB031F8
(1675526146.035030) vcan0 1D0#0000000000000A61
(1675526146.035107) vcan0 291#0000000000000000
(1675526146.035256) vcan0 390#80FF0500021E584F
(1675526146.035334) vcan0 008#818004FE00800080
(1675526146.035915) vcan0 072#F000FF3F0078A038
(1675526146.036962) vcan0 3B0#00FC753870B0C400
(1675526146.038064) vcan0 288#C8DF20DF00000080
(1675526146.038207) vcan0 290#0000000000000000
(1675526146.039101) vcan0 0F5#4FA957A97F4BD287
(1675526146.040202) vcan0 120#90A990A97FF65589
(1675526146.040277) vcan0 130#97FF1D772933FF11
(1675526146.041719) vcan0 150#5329EF27EFF757C0
(1675526146.041793) vcan0 0E0#E27321D800805A00
(1675526146.041867) vcan0 010#008000002FB031F8
(1675526146.042830) vcan0 210#0DE080A0B869BC45
(1675526146.042905) vcan0 3D0#980F6100250D80C3
(1675526146.043801) vcan0 008#818014EE00800080
(1675526146.048079) vcan0 125#E5DA7FE5C1D0D735
(1675526146.048156) vcan0 430#0B0AD401000034C6
(1675526146.048232) vcan0 055#F9F71538B2719E80
(1675526146.049250) vcan0 065#76E615F8FEED6302
(1675526146.049340) vcan0 070#000005F863E20D00
(1675526146.049419) vcan0 075#0000000000005458
(1675526146.049497) vcan0 080#39508000C2002C00
(1675526146.050295) vcan0 0B0#528318A3E2C152E3
(1675526146.050372) vcan0 145#F942DB80FC4810A1
(1675526146.050450) vcan0 1B0#00C0000002B000FC
(1675526146.050598) vcan0 1B5#FF7A3D2009E0FFEF
(1675526146.050677) vcan0 1D8#363339343234E043
(1675526146.051331) vcan0 1E0#0004E34300B917E0
(1675526146.051480) vcan0 28C#000000000036FEA9
(1675526146.051557) vcan0 2B5#4BC1176293A67A76
(1675526146.051635) vcan0 2C3#BB9C00FFFF9A5450
(1675526146.051712) vcan0 340#9F00000000000000
(1675526146.052438) vcan0 010#008000002FB031F8
(1675526146.052516) vcan0 072#F000FF3F00788038
(1675526146.053457) vcan0 1D0#0000000000000061
(1675526146.054842) vcan0 400#730101020201010A
(1675526146.054917) vcan0 405#C59C003B00353B02
(1675526146.054995) vcan0 008#818024DE00800080
(1675526146.058941) vcan0 0F5#53A957A97F4FC28B
(1675526146.059973) vcan0 120#A4A988A97FF45589
(1675526146.060116) vcan0 130#9FFD1D772923FF11
(1675526146.061079) vcan0 150#5529EB37EFF745C0
(1675526146.061153) vcan0 260#D0FF0055497487B0
(1675526146.062187) vcan0 0E0#E27326E000803500
(1675526146.063220) vcan0 010#008000002FB031F8
(1675526146.063363) vcan0 288#C0DF20DF00000080
(1675526146.063437) vcan0 291#0000000000000000
(1675526146.064332) vcan0 2A9#8C260093C0000084
(1675526146.064405) vcan0 008#818034CE00800080
(1675526146.066754) vcan0 125#E5DA7FE5C1D0D735
(1675526146.066898) vcan0 072#F000FF3F0078A038
(1675526146.067940) vcan0 210#0DE080A0B869BC4D
(1675526146.070753) vcan0 055#F9F71538B2719E80
(1675526146.070827) vcan0 065#7BE615F802EE6302
(1675526146.070901) vcan0 070#000005F864E20D00
(1675526146.070974) vcan0 075#0000000000005458
(1675526146.071117) vcan0 080#3A508000C2002C00
(1675526146.071191) vcan0 0B0#528318A3E2C152E3
(1675526146.071265) vcan0 145#F932DC80FC4810A1
(1675526146.071338) vcan0 1B0#00C0000002B000FC
(1675526146.071480) vcan0 1B5#FF95582D16E0FFEF
(1675526146.071554) vcan0 1D8#363339343234E043
(1675526146.071629) vcan0 1E0#0008D34300B917E0
(1675526146.071703) vcan0 290#0000000000000000
(1675526146.071775) vcan0 2C0#BB9C00000000A0F1
(1675526146.071918) vcan0 2C5#33DF8CBE77E6D470
(1675526146.071991) vcan0 010#008000002FB031F8
(1675526146.074741) vcan0 1D0#0000000000000061
(1675526146.074815) vcan0 008#818044BE00800080
(1675526146.075780) vcan0 0F5#4FA95BA97F53B28E
(1675526146.076922) vcan0 120#84A98CA97FF75589
(1675526146.077938) vcan0 130#A7FF1D772913FF11
(1675526146.079023) vcan0 150#5529EB47F0F735C0
(1675526146.080181) vcan0 0E0#E27327E800801400
(1675526146.081195) vcan0 010#008000002FB031F8
(1675526146.082280) vcan0 072#F000FF3F00788038
(1675526146.082357) vcan0 330#2800000000000000
(1675526146.084670) vcan0 008#818054AE00800080
(1675526146.087654) vcan0 125#E5DA7FE5C1D0D735
(1675526146.088687) vcan0 288#C8DF20DF00000080
(1675526146.088760) vcan0 055#F9F71538B2719E80
(1675526146.089726) vcan0 065#7DE615F802EE6402
(1675526146.089868) vcan0 070#000005F864E20D00
(1675526146.089892) vcan0 075#0000000000005458
(1675526146.090037) vcan0 080#3A508000C2002C00
(1675526146.090110) vcan0 0B0#528318A3E2C152E3
(1675526146.090800) vcan0 145#F922DD80FC4810A1
(1675526146.090875) vcan0 1B0#00C0000004B000FC
(1675526146.091016) vcan0 1B5#FFB0733B24E0FFEF
(1675526146.091090) vcan0 1D8#363339343234E043
(1675526146.091165) vcan0 1E0#0008D30300B917E0
(1675526146.091855) vcan0 260#D0FF00AA497487B0
(1675526146.091997) vcan0 28C#000000000036FEA9
(1675526146.093372) vcan0 2B5#4BC1176293A67A77
(1675526146.093445) vcan0 010#008000002FB031F8
(1675526146.093589) vcan0 1D0#0000000000000061
(1675526146.093661) vcan0 210#0DE080A0B869BC45
(1675526146.093735) vcan0 291#0000000000000000
(1675526146.093808) vcan0 2C3#BB9C00FFFF9B5450
(1675526146.094450) vcan0 008#8180649E00800080
(1675526146.095482) vcan0 072#F000FF3F0078A038
(1675526146.098221) vcan0 290#0000000000000000
(1675526146.099310) vcan0 0F5#4BA95EA97F57A291
(1675526146.100324) vcan0 120#88A98CA97FFA5589
(1675526146.100401) vcan0 130#AFFF1D772903FF11
(1675526146.100477) vcan0 150#5529ED57F0F725C0
(1675526146.101492) vcan0 0E0#E27321F00080FA00
(1675526146.102507) vcan0 010#008000002FB031F9
(1675526146.102656) vcan0 2A9#8C26008AC0000084
(1675526146.103599) vcan0 008#8180748E00800080
(1675526146.104613) vcan0 125#E5DA7FE5C1D0D735
(1675526146.106987) vcan0 055#F9F71638B2719E80
(1675526146.110007) vcan0 065#78E615F8FDED6402
(1675526146.110081) vcan0 070#000005F865E20D00
(1675526146.110154) vcan0 075#0000000000005458
(1675526146.110238) vcan0 080#3A508000C2002C00
(1675526146.110381) vcan0 0B0#528318A3E2C152E3
(1675526146.110456) vcan0 145#F912DE80FC4810A1
(1675526146.110530) vcan0 1B0#00C0000001B000FC
(1675526146.110603) vcan0 1B5#FFCB8E4831E0FFEF
(1675526146.111087) vcan0 1D8#363339343234E043
(1675526146.111161) vcan0 1E0#000CC34300B917E0
(1675526146.112125) vcan0 010#008000002FB031F8
(1675526146.112199) vcan0 072#F000FF3F00788038
(1675526146.112341) vcan0 1D0#0000000000000A61
(1675526146.113170) vcan0 288#C0DF30CF00000080
(1675526146.114269) vcan0 008#8180847E00800080
(1675526146.116602) vcan0 210#0DE08020B869BC4D
(1675526146.117717) vcan0 0F5#5BA953A97F5B9295
(1675526146.118747) vcan0 120#93A980A97FFA5589
(1675526146.121558) vcan0 130#B7FF1D7729F3FF11
(1675526146.121641) vcan0 150#5729F067F0F713C0
(1675526146.121784) vcan0 260#D0FF00AA497487B0
(1675526146.121857) vcan0 350#A200000000000080
(1675526146.121932) vcan0 3CA#00000000D40000C8
(1675526146.122005) vcan0 0E0#E27324F80080D700
(1675526146.122147) vcan0 010#008000002FB031F8
(1675526146.122632) vcan0 291#0000000000000000
(1675526146.123731) vcan0 008#8180946E00800080
(1675526146.124832) vcan0 125#E5DA7FE5C1D0D735
(1675526146.125934) vcan0 072#F000FF3F0078A038
(1675526146.126918) vcan0 360#C59C00A7B166A001
(1675526146.127951) vcan0 055#F9F71638B2719E80
(1675526146.129120) vcan0 065#78E615F8FFED6402
(1675526146.131999) vcan0 070#000005F865E20D00
(1675526146.132072) vcan0 075#0000000000005458
(1675526146.132145) vcan0 080#3A508000C2002C00
(1675526146.132231) vcan0 0B0#528318A3E2C152E3
(1675526146.132374) vcan0 145#F902DF80FC4810A1
(1675526146.132448) vcan0 1B0#00C0000002B000FC
(1675526146.132521) vcan0 1B5#FFE6A9553FE0FFEF
(1675526146.132595) vcan0 1D8#363339343234E043
(1675526146.132737) vcan0 1E0#0010B34300B917E0
(1675526146.132812) vcan0 28C#000000000036FEA9
(1675526146.132885) vcan0 290#0000000000000000
(1675526146.132959) vcan0 2B5#4BC2176293A67A78
(1675526146.133101) vcan0 2C0#BB9C00000000A0F1
(1675526146.133174) vcan0 2C3#BB9C00FFFF9C5450
(1675526146.133248) vcan0 010#008000002FB031F8
(1675526146.134964) vcan0 1D0#0000000000000061
(1675526146.135037) vcan0 2C5#33DF8CBE7AE6D470
(1675526146.135180) vcan0 340#9F00000000000000
(1675526146.135254) vcan0 370#072AC0008703C71F
(1675526146.135337) vcan0 390#80FF0500021A594F
(1675526146.135410) vcan0 3AF#0000000000000020
(1675526146.135553) vcan0 3E0#000000D935808092
(1675526146.135628) vcan0 008#8180A45E00800080
(1675526146.136043) vcan0 288#B8DF30CF00000080
(1675526146.137089) vcan0 3C8#BB9C008E882C008E
(1675526146.138190) vcan0 0F5#43A95BA97F5F8298
(1675526146.139222) vcan0 120#8CA98CA97FF55589
(1675526146.140255) vcan0 130#BFFF1D7729E3FF11
(1675526146.140397) vcan0 150#4F29E877F0F70BC0
(1675526146.141362) vcan0 0E0#E27328C00080B300
(1675526146.142736) vcan0 010#008000002FB031F8
(1675526146.142811) vcan0 072#F000FF3F00788038
(1675526146.142953) vcan0 210#0DE080A0B869BC4D
(1675526146.143026) vcan0 2A9#8C260082C0000084
(1675526146.143854) vcan0 008#8180B44E00800080
(1675526146.146705) vcan0 125#E5DA7FE5C1D0D735
(1675526146.147813) vcan0 055#F9F71638B2719E80
(1675526146.148847) vcan0 065#7DE615F8FFED6502
(1675526146.148921) vcan0 070#000005F865E20D00
(1675526146.148995) vcan0 075#0000000000005458
(1675526146.149889) vcan0 080#3B508000C2002C00
(1675526146.149962) vcan0 0B0#528318A3E2C152E3
(1675526146.150105) vcan0 145#F9F2D080FC4810A1
(1675526146.150180) vcan0 1B0#00C0000004B000FC
(1675526146.150252) vcan0 1B5#FF01C4634CE0FFEF
(1675526146.150942) vcan0 1D8#363339343234E043
(1675526146.151085) vcan0 1E0#0010B30300B917E0
(1675526146.151159) vcan0 260#D0FF00AA497487B0
(1675526146.152124) vcan0 010#008000002FB031F8
(1675526146.152197) vcan0 1D0#0000000000000061
(1675526146.153436) vcan0 291#0000000000000000
(1675526146.154480) vcan0 008#8180C43E00800080
(1675526146.157354) vcan0 072#F000FF3F0078A038
(1675526146.157430) vcan0 3B0#00D8753870B0C400
(1675526146.158375) vcan0 290#0000000000000000
(1675526146.159462) vcan0 0F5#47A953A97F63729B
(1675526146.160477) vcan0 120#77A984A97FFB5589
(1675526146.160628) vcan0 130#C7FF1D7729D3FF11
(1675526146.160704) vcan0 150#4D29E887F0F7FDC0
(1675526146.161573) vcan0 0E0#E27326C800809500
(1675526146.162660) vcan0 010#008000002FB031F8
(1675526146.162737) vcan0 330#2800000000000000
(1675526146.163679) vcan0 288#B4DF30CF00000080
(1675526146.164838) vcan0 008#8180D42E00800080
(1675526146.167198) vcan0 210#0DE080A0B869BC45
(1675526146.167273) vcan0 125#E5DA7FE5C1D0D735
(1675526146.170083) vcan0 055#F9F71638B2719E80
(1675526146.170168) vcan0 065#7AE616F8FFED6502
(1675526146.170242) vcan0 070#000005F866E20D00
(1675526146.170316) vcan0 075#0000000000005458
(1675526146.170459) vcan0 080#3B508000C2002C00
(1675526146.170532) vcan0 0B0#528318A3E2C152E3
(1675526146.170606) vcan0 145#F9E2D180FC4810A1
(1675526146.170679) vcan0 1B0#00C0000001B000FC
(1675526146.170822) vcan0 1B5#FF1CDF7059E0FFEF
(1675526146.170897) vcan0 1D8#363339343234E043
(1675526146.171176) vcan0 1E0#0014A34300B917E0
(1675526146.171250) vcan0 28C#000000000036FEA9
(1675526146.171324) vcan0 2B5#4BC2176293A67B79
(1675526146.171397) vcan0 2C3#BB9C00FFFF9C5450
(1675526146.172291) vcan0 010#008000002FB031F8
(1675526146.173665) vcan0 072#F000FF3F00788038
(1675526146.173739) vcan0 1D0#0000000000000061
(1675526146.174712) vcan0 008#8180E41E00800080
(1675526146.175744) vcan0 0F5#53A957A97F67629F
(1675526146.176859) vcan0 120#8CA984A97FF55589
(1675526146.180683) vcan0 130#CFFF1D7729C3FF11
(1675526146.180760) vcan0 150#5529E797F0F7E5C0
(1675526146.180838) vcan0 260#D0FF0055497487B0
(1675526146.181781) vcan0 0E0#E27327D000807400
(1675526146.181857) vcan0 010#008000002FB031F9
(1675526146.182799) vcan0 291#0000000000000000
(1675526146.182878) vcan0 2A9#8C26009BC0000084
(1675526146.183892) vcan0 008#8180F40E00800080
(1675526146.184906) vcan0 072#F000FF3F0078A038
(1675526146.186135) vcan0 125#E5DA7FE5C1D0D735
(1675526146.188568) vcan0 288#C4DF30CF00000080
(1675526146.188641) vcan0 055#F9F71638B2719E80
(1675526146.188784) vcan0 065#78E616F8FEED6502
(1675526146.188869) vcan0 070#000005F867E20D00
(1675526146.189628) vcan0 075#0000000000005458
(1675526146.189702) vcan0 080#3B508000C2002C00
(1675526146.189844) vcan0 0B0#528318A3E2C152E3
(1675526146.189918) vcan0 145#F9D2D280FC4810A1
(1675526146.192455) vcan0 1B0#00C0000002B000FC
(1675526146.192529) vcan0 1B5#FF36F97D67E0FFEF
(1675526146.192672) vcan0 1D8#363339343234E043
(1675526146.192746) vcan0 1E0#0018934300B917E0
(1675526146.192819) vcan0 290#0000000000000000
(1675526146.192893) vcan0 2C0#BB9C00000000A0F1
(1675526146.193036) vcan0 2C5#33DF8CBE79E6D470
(1675526146.193109) vcan0 010#008000002FB031F8
(1675526146.193184) vcan0 1D0#0000000000000A61
(1675526146.193256) vcan0 210#10E080A0B869BC4D
(1675526146.193537) vcan0 008#818004FE00800080
(1675526146.194713) vcan0 0F5#43A957A97F6B52A2
(1675526146.195744) vcan0 120#93A998A97FF45589
(1675526146.196756) vcan0 130#D7FF1D7729B3FF11
(1675526146.197792) vcan0 150#4D29ECA7F1F7DDC0
(1675526146.201700) vcan0 0E0#E2732DD800804E00
(1675526146.201774) vcan0 010#008000002FB031F8
(1675526146.202737) vcan0 072#F000FF3F00788038
(1675526146.203838) vcan0 008#818014EE00800080
(1675526146.204870) vcan0 125#E5DA7FE5C1D0D735
(1675526146.205905) vcan0 055#F9F71638B2719E80
(1675526146.206997) vcan0 065#79E616F800EE6702
(1675526146.208154) vcan0 070#000005F867E20D00
(1675526146.210971) vcan0 075#0000000000005458
(1675526146.211048) vcan0 080#3C508000C2002C00
(1675526146.211127) vcan0 0B0#528318A3E2C152E3
(1675526146.211204) vcan0 145#F9C2D380FC4810A1
(1675526146.211291) vcan0 1B0#00C0000002B000FC
(1675526146.211442) vcan0 1B5#FF51148B74E0FFEF
(1675526146.211520) vcan0 1D8#363339343234DF43
(1675526146.211596) vcan0 1E0#0018930300B917E0
(1675526146.211673) vcan0 260#D0FF0055497487B0
(1675526146.211750) vcan0 28C#000000000036FEA9
(1675526146.212045) vcan0 2B5#4BC2176293A67C7A
(1675526146.212123) vcan0 2C3#BB9C00FFFF9D5450
(1675526146.212200) vcan0 340#9F00000000000000
(1675526146.214946) vcan0 010#008000002FB031F8
(1675526146.215024) vcan0 1D0#0000000000000061
(1675526146.215100) vcan0 291#0000000000000000
(1675526146.215250) vcan0 350#A200000000000080
(1675526146.215328) vcan0 288#B4DF40BF00000080
(1675526146.215407) vcan0 008#818024DE00800080
(1675526146.216132) vcan0 072#F000FF3F0078A038
(1675526146.217101) vcan0 210#10E080A0B869BC45
(1675526146.218132) vcan0 290#0000000000000000
(1675526146.219165) vcan0 0F5#4FA957A97F6F42A5
(1675526146.220265) vcan0 120#6FA96FA97FF85589
(1675526146.220340) vcan0 130#DFFF1D6F29ABFD11
(1675526146.220414) vcan0 150#5329E8B7F1F7C7C0
(1675526146.221309) vcan0 0E0#E2732EE000802D00
(1675526146.222342) vcan0 010#008000002FB031F8
(1675526146.223784) vcan0 2A9#8C260082C0000084
(1675526146.224817) vcan0 008#818034CE00800080
(1675526146.227644) vcan0 360#C59C00A7B166A001
(1675526146.227717) vcan0 125#E5DA7FE5C1D0D735
(1675526146.228681) vcan0 055#F9F71638B2719E80
(1675526146.228754) vcan0 065#7DE616F803EE6702
(1675526146.228897) vcan0 070#000005F867E20D00
(1675526146.229722) vcan0 075#0000000000005458
(1675526146.229820) vcan0 080#3C508000C2002C00
(1675526146.229893) vcan0 0B0#528318A3E2C152E3
(1675526146.230037) vcan0 145#F9B2D480FC4810A1
(1675526146.230111) vcan0 1B0#00C0000002B000FC
(1675526146.230804) vcan0 1B5#FF6C2F9881E0FFEF
(1675526146.230876) vcan0 1D8#363339343234E043
(1675526146.231020) vcan0 1E0#001C834300B917E0
(1675526146.231093) vcan0 370#072AC0008703C71F
(1675526146.231782) vcan0 010#008000002FB031F8
(1675526146.233225) vcan0 072#F000FF3F00788038
(1675526146.233367) vcan0 1D0#0000000000000061
(1675526146.233440) vcan0 390#80FF050002165A4F
(1675526146.234334) vcan0 008#818044BE00800080
(1675526146.238153) vcan0 288#BCDF40BF00000080
(1675526146.239242) vcan0 0F5#5BA95EA97F7332A9
(1675526146.240257) vcan0 120#90A980A97FEF5589
(1675526146.240343) vcan0 130#E7FF1D6F299BFA11
(1675526146.240494) vcan0 150#5C29E8C7F1F7AEC0
(1675526146.240571) vcan0 260#D0FF0055497487B0
(1675526146.241370) vcan0 3CA#00000000D50000C8
(1675526146.241446) vcan0 0E0#E2732BE800801000
(1675526146.242389) vcan0 010#008000002FB031F8
(1675526146.242466) vcan0 210#10E080A0B869BC45
(1675526146.242615) vcan0 291#0000000000000000
(1675526146.242692) vcan0 330#2800000000000000
(1675526146.243490) vcan0 3D0#980F6100250D80C3
(1675526146.244576) vcan0 008#818054AE00800080
(1675526146.246881) vcan0 072#F000FF3F0078A038
(1675526146.247025) vcan0 125#E5DA7FE5C1D0D735
(1675526146.249904) vcan0 055#F9F71638B26F9E80
(1675526146.249978) vcan0 065#79E616F8FFED6702
(1675526146.250052) vcan0 070#000005F868E20D00
(1675526146.250137) vcan0 075#0000000000005458
(1675526146.250282) vcan0 080#3C508000C2002C00
(1675526146.250355) vcan0 0B0#528318A3E2C152E3
(1675526146.250975) vcan0 145#F9A2D580FC4810A1
(1675526146.251050) vcan0 1B0#00C0000002B000FC
(1675526146.251123) vcan0 1B5#FF874AA58FE0FFEF
(1675526146.251266) vcan0 1D8#363339343234E043
(1675526146.252025) vcan0 1E0#0020734300B917E0
(1675526146.252099) vcan0 28C#000000000036FEA9
(1675526146.252242) vcan0 010#008000002FB031F8
(1675526146.252315) vcan0 1D0#0000000000000061
(1675526146.252459) vcan0 290#0000000000000000
(1675526146.253490) vcan0 2B5#4BC2176293A67C7B
(1675526146.253564) vcan0 2C0#BB9C00000000A0F1
(1675526146.253639) vcan0 2C3#BB9C00FFFF9D5450
(1675526146.253779) vcan0 2C5#33DF8CBE7AE6D470
(1675526146.253863) vcan0 3AF#0000000000000020
(1675526146.254553) vcan0 008#8180649E00800080
(1675526146.255587) vcan0 3C8#BB9C008E882C008E
(1675526146.256688) vcan0 0F5#5BA95BA97F7722AC
(1675526146.257723) vcan0 120#9CA984A97FF35589
(1675526146.258893) vcan0 130#EFFF1D6F298BFA11
(1675526146.261637) vcan0 150#5B29E9D7F1F79FC0
(1675526146.261712) vcan0 0E0#E27331F00080EA00
(1675526146.262677) vcan0 010#008000002FB031F9
(1675526146.263775) vcan0 072#F000FF3F00788038
(1675526146.263850) vcan0 288#CCDF40BF00000080
(1675526146.263923) vcan0 2A9#8C26009BC0000084
(1675526146.264818) vcan0 008#8180748E00800080
(1675526146.265918) vcan0 125#E5DA7FE5C1D0D735
(1675526146.266994) vcan0 210#10E08020B869BC4D
(1675526146.268080) vcan0 055#F9F71638B2719E80
(1675526146.270981) vcan0 065#7AE616F800EE6802
(1675526146.271060) vcan0 070#000005F868E20D00
(1675526146.271209) vcan0 075#0000000000005458
(1675526146.271287) vcan0 080#3C508000C2002C00
(1675526146.271365) vcan0 0B0#528318A3E2C152E3
(1675526146.271441) vcan0 145#F992D680FC4810A1
(1675526146.271520) vcan0 1B0#00C0000002B000FC
(1675526146.271597) vcan0 1B5#FFA265B39CE0FFEF
(1675526146.271748) vcan0 1D8#363339343234E043
(1675526146.271825) vcan0 1E0#0020730300B917E0
(1675526146.271902) vcan0 260#D0FF0055497487B0
(1675526146.272053) vcan0 010#008000002FB031F8
(1675526146.272202) vcan0 1D0#0000000000000A61
(1675526146.272279) vcan0 291#0000000000000000
(1675526146.273150) vcan0 008#8180847E00800080
(1675526146.277103) vcan0 072#F000FF3F0078A038
(1675526146.277186) vcan0 3B0#00D8753870B0C400
(1675526146.278151) vcan0 290#0000000000000000
(1675526146.279183) vcan0 0F5#57A963A97F7B12B0
(1675526146.280282) vcan0 120#63A977A97FF15589
(1675526146.280357) vcan0 130#F7FF1D6F297BFA11
(1675526146.280430) vcan0 150#5C29EFE7F1F78EC0
(1675526146.281393) vcan0 0E0#E27330F80080CB00
(1675526146.282495) vcan0 010#008000002FB031F8
(1675526146.283664) vcan0 008#8180946E00800080
(1675526146.286133) vcan0 125#E5DA7FE5C1D0D735
(1675526146.289016) vcan0 288#C0DF40BF00000080
(1675526146.289095) vcan0 055#F9F71638B2719E80
(1675526146.289172) vcan0 065#7CE616F801EE6802
(1675526146.289320) vcan0 070#000005F868E20D00
(1675526146.289398) vcan0 075#0000000000005458
(1675526146.290053) vcan0 080#3C508000C2002C00
(1675526146.290141) vcan0 0B0#528318A3E2C152E3
(1675526146.290290) vcan0 145#F982D780FC4810A1
(1675526146.290368) vcan0 1B0#00C0000003B000FC
(1675526146.290446) vcan0 1B5#FFBD80C0AAE0FFEF
(1675526146.291171) vcan0 1D8#363339343234E043
(1675526146.291248) vcan0 1E0#0024634300B917E0
(1675526146.291327) vcan0 28C#000000000036FEA9
(1675526146.291402) vcan0 2B5#4BC3176293A67D7B
(1675526146.292273) vcan0 2C3#BB9C00FFFF9E5450
(1675526146.295089) vcan0 340#9F00000000000000
(1675526146.295239) vcan0 010#008000002FB031F8
(1675526146.295316) vcan0 072#F000FF3F00788038
(1675526146.295394) vcan0 1D0#0000000000000061
(1675526146.295471) vcan0 210#10E080A0B869BC45
(1675526146.295548) vcan0 008#8180A45E00800080
(1675526146.296201) vcan0 0F5#53A95EA97F7F02B3
(1675526146.297275) vcan0 120#84A984A97FF35589
(1675526146.298308) vcan0 130#FFFF1D6F296BFA11
(1675526146.299408) vcan0 150#5929EBF7F1F781C0
(1675526146.300441) vcan0 260#D0FF00AA497487B0
(1675526146.302021) vcan0 350#A200000000000080
(1675526146.302096) vcan0 0E0#E2732AC00080B100
(1675526146.302170) vcan0 010#008000002FB031F8
(1675526146.302244) vcan0 291#0000000000000000
(1675526146.302386) vcan0 2A9#8C260082C0000084
(1675526146.303076) vcan0 400#010100010101000B
(1675526146.303150) vcan0 405#8F07000000000005
(1675526146.304114) vcan0 008#8180B44E00800080
(1675526146.308364) vcan0 072#F000FF3F0078A038
(1675526146.308444) vcan0 125#E5DA7FE5C1D0D735
(1675526146.308521) vcan0 055#F9F71638B2719E80
(1675526146.308599) vcan0 065#7EE616F802EE6802
(1675526146.309407) vcan0 070#000005F868E20D00
(1675526146.309486) vcan0 075#0000000000005458
(1675526146.309563) vcan0 080#3C508000C2002C00
(1675526146.309639) vcan0 0B0#528318A3E2C152E3
(1675526146.310584) vcan0 145#F972D880FC4810A1
(1675526146.310661) vcan0 1B0#00C0000000B000FC
(1675526146.310737) vcan0 1B5#FFD89ACEB7E0FFEF
(1675526146.310816) vcan0 1D8#363339343234E043
(1675526146.310893) vcan0 1E0#0028534300B917E0
(1675526146.311619) vcan0 290#0000000000000000
(1675526146.311696) vcan0 2C0#BB9C00000000A0F1
(1675526146.311774) vcan0 2C5#33DF8CBE7EE6D470
(1675526146.311851) vcan0 010#008000002FB031F8
(1675526146.312652) vcan0 1D0#0000000000000061
(1675526146.313738) vcan0 288#C8DF50AF00000080
(1675526146.314822) vcan0 008#8180C43E00800080
(1675526146.317327) vcan0 210#10E080A0B869BC4D
(1675526146.320206) vcan0 0F5#63A95BA97F43F2B6
(1675526146.320347) vcan0 120#80A97BA97FF25589
(1675526146.320423) vcan0 130#87FF1D6F295BFD11
(1675526146.320496) vcan0 150#5E29ED07F1F76CC0
(1675526146.321322) vcan0 0E0#E27330C800808B00
(1675526146.322354) vcan0 010#008000002FB031F8
(1675526146.322428) vcan0 072#F000FF3F00788038
(1675526146.322501) vcan0 330#2800000000000000
(1675526146.323396) vcan0 008#8180D42E00800080
(1675526146.324497) vcan0 125#E5DA7FE5C1D0D735
(1675526146.325597) vcan0 360#C59C00A7B166A001
(1675526146.326682) vcan0 055#F9F71638B2719E80
(1675526146.327718) vcan0 065#7CE616F8FFED6802
(1675526146.330597) vcan0 070#000005F868E20D00
(1675526146.330739) vcan0 075#0000000000005458
(1675526146.330825) vcan0 080#3C508000C2002C00
(1675526146.330899) vcan0 0B0#528318A3E2C152E3
(1675526146.330971) vcan0 145#F962D980FC4810A1
(1675526146.331114) vcan0 1B0#00C0000002B000FC
(1675526146.331188) vcan0 1B5#FFF2B5DBC4E0FFEF
(1675526146.331263) vcan0 1D8#363339343234E043
(1675526146.331336) vcan0 1E0#0028530300B917E0
(1675526146.331479) vcan0 260#D0FF00AA497487B0
(1675526146.331692) vcan0 28C#000000000036FEA9
(1675526146.331833) vcan0 2B5#4BC3176293A67D7B
(1675526146.333207) vcan0 2C3#BB9C00FFFF9F5450
(1675526146.333281) vcan0 370#072AC0008703C71F
(1675526146.333355) vcan0 010#008000002FB031F8
(1675526146.333497) vcan0 1D0#0000000000000061
(1675526146.333572) vcan0 291#0000000000000000
(1675526146.333646) vcan0 390#80FF050002125B4F
(1675526146.334275) vcan0 008#8180E41E00800080
(1675526146.335444) vcan0 072#F000FF3F0078A038
(1675526146.336476) vcan0 288#C4DF50AF00000080
(1675526146.337502) vcan0 290#0000000000000000
(1675526146.341760) vcan0 0F5#4BA95BA97F47E2BA
(1675526146.341838) vcan0 120#73A97BA97FF05589
(1675526146.341915) vcan0 130#8FFF1D6F294BFF11
(1675526146.341992) vcan0 150#5329EB17F1F767C0
(1675526146.342142) vcan0 0E0#E27330D000806B00
(1675526146.342217) vcan0 010#008000002FB031F9
(1675526146.342298) vcan0 210#10E080A0B869BC4D
(1675526146.342807) vcan0 2A9#8C26008AC0000084
(1675526146.343891) vcan0 008#8180F40E00800080
(1675526146.344904) vcan0 125#E5DA7FE5C1D0D735
(1675526146.345992) vcan0 055#F9F71638B2719E80
(1675526146.347068) vcan0 065#79E616F8FEED6702
(1675526146.348179) vcan0 070#000005F868E20D00
(1675526146.349211) vcan0 075#0000000000005458
(1675526146.349284) vcan0 080#3C508000C2002C00
(1675526146.349358) vcan0 0B0#528318A3E2C152E3
(1675526146.350255) vcan0 145#F952DA80FC4810A1
(1675526146.350397) vcan0 1B0#00C0000004B000FC
(1675526146.351702) vcan0 1B5#FF0DD0E8D2E0FFEF
(1675526146.351775) vcan0 1D8#363339343234E043
(1675526146.351918) vcan0 1E0#002C434300B917E0
(1675526146.354730) vcan0 010#008000002FB031F8
(1675526146.354871) vcan0 072#F000FF3F00788038
(1675526146.354945) vcan0 1D0#0000000000000A61
(1675526146.355019) vcan0 008#818004FE00800080
(1675526146.355777) vcan0 0F5#47A957A97F4BD2BD
(1675526146.356892) vcan0 120#80A988A97FF65589
(1675526146.357927) vcan0 130#97FF1D6F293BFF11
(1675526146.358968) vcan0 150#4F29F227F1F75BC0
(1675526146.360070) vcan0 260#D0FF00AA497487B0
(1675526146.361102) vcan0 3CA#00000000D60000C8
(1675526146.362203) vcan0 0E0#E2732BD800805000
(1675526146.362276) vcan0 010#008000002FB031F8
(1675526146.363241) vcan0 291#0000000000000000
(1675526146.363314) vcan0 288#C8DF50AF00000080
(1675526146.364552) vcan0 008#818014EE00800080
(1675526146.367643) vcan0 125#E5DA7FE5C1D0D735
(1675526146.367721) vcan0 072#F000FF3F0078A038
(1675526146.367799) vcan0 210#10E080A0B869BC45
(1675526146.368739) vcan0 055#F9F71638B2719E80
(1675526146.368817) vcan0 065#7AE616F800EE6702
(1675526146.368895) vcan0 070#000005F867E20D00
(1675526146.369764) vcan0 075#0000000000005458
(1675526146.369841) vcan0 080#3C508000C2002C00
(1675526146.369943) vcan0 0B0#528318A3E2C152E3
(1675526146.370020) vcan0 145#F942DB80FC4810A1
(1675526146.370098) vcan0 1B0#00C0000001B000FC
(1675526146.370825) vcan0 1B5#FF28EBF6DFE0FFEF
(1675526146.370902) vcan0 1D8#363339343234E043
(1675526146.370981) vcan0 1E0#0030334300B917E0
(1675526146.371129) vcan0 28C#000000000036FEA9
(1675526146.372359) vcan0 290#0000000000000000
(1675526146.372437) vcan0 2B5#4BC3176293A67D7B
(1675526146.372514) vcan0 2C0#BB9C00000000A0F1
(1675526146.372591) vcan0 010#008000002FB031F8
(1675526146.372669) vcan0 1D0#0000000000000061
(1675526146.372818) vcan0 2C3#BB9C00FFFF9F5450
(1675526146.372896) vcan0 2C5#33DF8CBE7CE6D470
(1675526146.373407) vcan0 340#9F00000000000000
(1675526146.373484) vcan0 3AF#0000000000000020
(1675526146.374435) vcan0 008#818024DE00800080
(1675526146.378318) vcan0 3C8#BB9C008E882C008E
(1675526146.379351) vcan0 0F5#63A95BA97F4FC2C0
(1675526146.380451) vcan0 120#84A977A97FF35589
(1675526146.380526) vcan0 130#9FFF1D6F292BFF11
(1675526146.380599) vcan0 150#5E29ED37F1F73CC0
(1675526146.381493) vcan0 0E0#E2732FE000802C00
(1675526146.381568) vcan0 010#008000002FB031F8
(1675526146.382531) vcan0 072#F000FF3F00788038
(1675526146.382674) vcan0 2A9#8C260093C0000084
(1675526146.383635) vcan0 008#818034CE00800080
(1675526146.386035) vcan0 125#E5D77FE5C1D0D735
(1675526146.388871) vcan0 288#CCDF50AF00000080
(1675526146.388949) vcan0 055#F9F71638B2719E80
(1675526146.389027) vcan0 065#79E616F800EE6802
(1675526146.389177) vcan0 070#000005F868E20D00
(1675526146.389266) vcan0 075#0000000000005458
(1675526146.389922) vcan0 080#3C508000C2002C00
(1675526146.389998) vcan0 0B0#528318A3E2C152E3
(1675526146.390148) vcan0 145#F932DC80FC4810A1
(1675526146.390225) vcan0 1B0#00C0000005B000FC
(1675526146.391023) vcan0 1B5#FF430603ECE0FFEF
(1675526146.391102) vcan0 1D8#363339343234E043
(1675526146.391179) vcan0 1E0#0030330300B917E0
(1675526146.391257) vcan0 260#D0FF0055497487B0
(1675526146.391333) vcan0 350#A200000000000080
(1675526146.392059) vcan0 010#008000002FB031F8
(1675526146.393577) vcan0 1D0#0000000000000061
(1675526146.393654) vcan0 210#10E080A0B869BC4D
(1675526146.393732) vcan0 291#0000000000000000
(1675526146.394601) vcan0 008#818044BE00800080
(1675526146.395758) vcan0 072#F000FF3F0078A038
(1675526146.396712) vcan0 3B0#00D8753C70B0C600
(1675526146.397814) vcan0 290#0000000000000000
(1675526146.402131) vcan0 0F5#4BA957A97F53B2C4
(1675526146.402204) vcan0 120#84A988A97FF45589
(1675526146.402278) vcan0 130#A7FF1D6F291BFF11
(1675526146.402351) vcan0 150#5129EF47F1F739C0
(1675526146.402495) vcan0 0E0#E27331E800800A00
(1675526146.402569) vcan0 010#008000002FB031F8
(1675526146.402642) vcan0 330#2800000000000000
(1675526146.403195) vcan0 008#818054AE00800080
(1675526146.404226) vcan0 125#E5DA7FE5C1D0D735
(1675526146.405257) vcan0 055#F9F71638B2719E80
(1675526146.406358) vcan0 065#77E616F8FFED6802
(1675526146.407441) vcan0 070#000005F868E20D00
(1675526146.408474) vcan0 075#0000000000005458
(1675526146.409504) vcan0 080#3C508000C2002C00
(1675526146.409599) vcan0 0B0#528318A3E2C152E3
(1675526146.410562) vcan0 145#F922DD80FC4810A1
(1675526146.410705) vcan0 1B0#00C0000004B000FC
(1675526146.410780) vcan0 1B5#FF5E2110FAE0FFEF
(1675526146.413522) vcan0 1D8#363339343234E043
(1675526146.413596) vcan0 1E0#0034234300B917E0
(1675526146.413670) vcan0 28C#000000000036FEA9
(1675526146.413743) vcan0 2B5#4BC3176293A67D7B
(1675526146.413886) vcan0 2C3#BB9C00FFFFA05450
(1675526146.413959) vcan0 010#008000002FB031F8
(1675526146.414032) vcan0 072#F000FF3F00788038
(1675526146.414105) vcan0 1D0#0000000000000061
(1675526146.414248) vcan0 288#C4DF609F00000080
(1675526146.414597) vcan0 008#8180649E00800080
(1675526146.415629) vcan0 210#10E08020B869BC45
(1675526146.416698) vcan0 0F5#4FA953A97F57A2C7
(1675526146.420532) vcan0 120#73A97BA97FF75589
(1675526146.420610) vcan0 130#AFFF1D6F290BFF11
(1675526146.420689) vcan0 150#5129EB57F1F729C0
(1675526146.420838) vcan0 260#D0FF0055497487B0
(1675526146.421636) vcan0 0E0#E2732EF00080ED00
(1675526146.421713) vcan0 010#008000002FB031F9
(1675526146.422655) vcan0 291#0000000000000000
(1675526146.422732) vcan0 2A9#8C26008AC0000084
(1675526146.423746) vcan0 008#8180748E00800080
(1675526146.424760) vcan0 125#E5DA7FE5C1D0D735
(1675526146.425846) vcan0 072#F000FF3F0078A038
(1675526146.426929) vcan0 360#C59C00A7B166A001
(1675526146.428236) vcan0 055#F9F71638B2719E80
(1675526146.429269) vcan0 065#77E616F800EE6802
(1675526146.429342) vcan0 070#000005F867E20D00
(1675526146.429486) vcan0 075#0000000000005458
(1675526146.429568) vcan0 080#3C508000C2002C00
(1675526146.432108) vcan0 0B0#528318A3E2C152E3
(1675526146.432182) vcan0 145#F912DE80FC4810A1
(1675526146.432256) vcan0 1B0#00C0000000B000FC
(1675526146.432329) vcan0 1B5#FF793B1E07E0FFEF
(1675526146.432471) vcan0 1D8#363339343234E043
(1675526146.432545) vcan0 1E0#0038134300B917E0
(1675526146.432620) vcan0 290#0000000000000000
(1675526146.432693) vcan0 2C0#BB9C00000000A0F1
(1675526146.432835) vcan0 2C5#34DF8CBE77E6D470
(1675526146.432909) vcan0 370#072AC0008703C71F
(1675526146.432983) vcan0 3E0#000000D935808092
(1675526146.433057) vcan0 010#008000002FB031F8
(1675526146.433199) vcan0 1D0#0000000000000A61
(1675526146.433274) vcan0 390#80FF0500020E5C6F
(1675526146.434236) vcan0 008#8180847E00800080
(1675526146.438153) vcan0 288#D0DF609F00000080
(1675526146.439253) vcan0 0F5#5BA957A97F5B92CA
(1675526146.440284) vcan0 120#88A97BA97FF35589
(1675526146.440360) vcan0 130#B7FF1D6F29FBFF11
(1675526146.440502) vcan0 150#5929F067F1F711C0
(1675526146.441329) vcan0 0E0#E2732AF80080D100
(1675526146.442497) vcan0 010#008000002FB031F8
(1675526146.442571) vcan0 072#F000FF3F00788038
(1675526146.442646) vcan0 210#10E080A0B869BC45
(1675526146.442788) vcan0 3D0#980F6100250D80C3
(1675526146.443547) vcan0 008#8180946E00800080
(1675526146.445948) vcan0 125#E5DA7FE5C1D0D735
(1675526146.448812) vcan0 055#F9F71638B2719E80
(1675526146.448955) vcan0 065#7DE616F803EE6702
(1675526146.449029) vcan0 070#000005F868E20D00
(1675526146.449102) vcan0 075#0000000000005458
(1675526146.450008) vcan0 080#3C508000C2002C00
(1675526146.450084) vcan0 0B0#528318A3E2C152E3
(1675526146.450157) vcan0 145#F902DF80FC4810A1
(1675526146.450230) vcan0 1B0#00C0000002B000FC
(1675526146.450373) vcan0 1B5#FF93562B15E0FFEF
(1675526146.451062) vcan0 1D8#363339343234E043
(1675526146.451135) vcan0 1E0#0038130300B917E0
(1675526146.451209) vcan0 260#D0FF0055497487B0
(1675526146.451352) vcan0 28C#000000000036FEA9
(1675526146.452111) vcan0 2B5#4BC4176293A67D7B
(1675526146.452185) vcan0 2C3#BB9C00FFFFA05450
(1675526146.454999) vcan0 010#008000002FB031F8
(1675526146.455072) vcan0 1D0#0000000000000061
(1675526146.455214) vcan0 291#0000000000000000
(1675526146.455289) vcan0 340#9F00000000000000
(1675526146.455363) vcan0 008#8180A45E00800080
(1675526146.456060) vcan0 072#F000FF3F0078A038
(1675526146.457151) vcan0 290#0000000000000000
(1675526146.458253) vcan0 0F5#57A95EA97F5F82CE
(1675526146.459352) vcan0 120#93A98CA97FF35589
(1675526146.460451) vcan0 130#BFFF1D6F29EBFF11
(1675526146.460526) vcan0 150#5B29F277F1F7FFC0
(1675526146.461490) vcan0 0E0#E2732FC00080AC00
(1675526146.463001) vcan0 010#008000002FB031F8
(1675526146.463073) vcan0 2A9#8C260093C0000084
(1675526146.463216) vcan0 288#D9DF609F00000080
(1675526146.464042) vcan0 008#8180B44E00800080
(1675526146.466997) vcan0 125#E5DA7FE5C1D0D735
(1675526146.467074) vcan0 210#10E080A0B869BC4D
(1675526146.468016) vcan0 055#F9F71638B2719E80
(1675526146.469174) vcan0 065#7AE616F800EE6802
(1675526146.469251) vcan0 070#000005F868E20D00
(1675526146.470276) vcan0 075#0000000000005458
(1675526146.470353) vcan0 080#3C508000C2002C00
(1675526146.470431) vcan0 0B0#528318A3E2C152E3
(1675526146.470508) vcan0 145#F9F2D080FC4810A1
(1675526146.470585) vcan0 1B0#00C0000004B000FC
(1675526146.471384) vcan0 1B5#FFAE713822E0FFEF
(1675526146.471460) vcan0 1D8#363339343234E043
(1675526146.471610) vcan0 1E0#003C034300B917E0
(1675526146.472481) vcan0 010#008000002FB031F8
(1675526146.472559) vcan0 072#F000FF3F00788038
(1675526146.473861) vcan0 1D0#0000000000000061
(1675526146.474947) vcan0 008#8180C43E00800080
(1675526146.478940) vcan0 0F5#57A95BA97F6372D1
(1675526146.480040) vcan0 120#6BA984A97FF45589
(1675526146.480114) vcan0 130#C7FF1D6F29DBFF11
(1675526146.480189) vcan0 150#5929F387F1F7F1C0
(1675526146.481096) vcan0 260#D0FF00AA497487B0
(1675526146.481169) vcan0 350#A200000000000080
(1675526146.481243) vcan0 3CA#00000000C00000C8
(1675526146.481317) vcan0 0E0#E2732BC800809000
(1675526146.482143) vcan0 010#008000002FB031F8
(1675526146.482217) vcan0 291#0000000000000000
(1675526146.482292) vcan0 330#2800000000000000
(1675526146.483186) vcan0 008#8180D42E00800080
(1675526146.485657) vcan0 072#F000FF3F0078A038
(1675526146.486757) vcan0 125#E5DA7FE5C1D0D735
(1675526146.489638) vcan0 288#CCDF609F00000080
(1675526146.489711) vcan0 055#F9F71638B2719E80
(1675526146.489785) vcan0 065#78E616F8FEED6802
(1675526146.489858) vcan0 070#000005F868E20D00
(1675526146.490002) vcan0 075#0000000000005458
(1675526146.490075) vcan0 080#3C508000C2002C00
(1675526146.490159) vcan0 0B0#528318A3E2C152E3
(1675526146.490233) vcan0 145#F9E2D180FC4810A1
(1675526146.490719) vcan0 1B0#00C0000003B000FC
(1675526146.490793) vcan0 1B5#FFC98C462FE0FFEF
(1675526146.490866) vcan0 1D8#363339343234E043
(1675526146.490940) vcan0 1E0#0000F34300B917E0
(1675526146.491766) vcan0 28C#000000000036FEA9
(1675526146.491840) vcan0 290#0000000000000000
(1675526146.491914) vcan0 2B5#4BC4176293A67D7B
(1675526146.494586) vcan0 2C0#BB9C00000000A0F1
(1675526146.494659) vcan0 010#008000002FB031F8
(1675526146.494733) vcan0 1D0#0000000000000061
(1675526146.494806) vcan0 210#10E080A0B869BC45
(1675526146.494949) vcan0 2C3#BB9C00FFFFA15450
(1675526146.495023) vcan0 2C5#34DF8CBE7DE6D470
(1675526146.495095) vcan0 3AF#0000000000000020
(1675526146.495177) vcan0 008#8180E41E00800080
(1675526146.495663) vcan0 3C8#BB9C008E882C008E
(1675526146.496696) vcan0 0F5#4BA95EA97F6762D4
(1675526146.497805) vcan0 120#8CA984A97FF95589
(1675526146.498836) vcan0 130#CFFF1D6F29CBFF11
(1675526146.499868) vcan0 150#5529EF97F1F7E5C0
(1675526146.500969) vcan0 0E0#E27326D000807500
(1675526146.501999) vcan0 010#008000002FB031F9
(1675526146.503304) vcan0 072#F000FF3F00788038
(1675526146.503447) vcan0 2A9#8C26008AC0000084
(1675526146.504410) vcan0 008#8180F40E00800080
(1675526146.507207) vcan0 125#E5DA7FE5C1D0D735
(1675526146.508364) vcan0 055#F9F71638B2719E80
(1675526146.508442) vcan0 065#7BE616F801EE6802
(1675526146.509383) vcan0 070#000005F868E20D00
(1675526146.509460) vcan0 075#0000000000005458
(1675526146.509562) vcan0 080#3C508000C2002C00
(1675526146.509640) vcan0 0B0#528318A3E2C152E3
(1675526146.510367) vcan0 145#F9D2D280FC4810A1
(1675526146.510444) vcan0 1B0#00C0000002B000FC
(1675526146.510522) vcan0 1B5#FFE4A7533DE0FFEF
(1675526146.510599) vcan0 1D8#363339343234E043
(1675526146.510749) vcan0 1E0#0000F30300B917E0
(1675526146.511401) vcan0 260#D0FF00AA497487B0
(1675526146.512486) vcan0 010#008000002FB031F8
(1675526146.512562) vcan0 1D0#0000000000000A61
(1675526146.515376) vcan0 291#0000000000000000
(1675526146.515453) vcan0 288#C4DF708F00000080
(1675526146.515532) vcan0 008#818004FE00800080
(1675526146.516473) vcan0 072#F000FF3F0078A038
(1675526146.517457) vcan0 210#10E080A0B869BC4D
(1675526146.517530) vcan0 3B0#00D8753870B0C400
(1675526146.518506) vcan0 290#0000000000000000
(1675526146.519540) vcan0 0F5#53A953A97F6B52D8
(1675526146.519614) vcan0 120#88A980A97FF45589
(1675526146.520576) vcan0 130#D7FF1D6F29BBFF11
(1675526146.520662) vcan0 150#5329F2A7F1F7D7C0
(1675526146.522039) vcan0 0E0#E2732DD800804E00
(1675526146.522112) vcan0 010#008000002FB031F8
(1675526146.523078) vcan0 008#818014EE00800080
(1675526146.526960) vcan0 125#E5D77FE5C1D0D735
(1675526146.527035) vcan0 360#C59C00A7B166A001
(1675526146.527999) vcan0 055#F9F71638B2719E80
(1675526146.529031) vcan0 065#7DE616F801EE6802
(1675526146.529105) vcan0 070#000005F868E20D00
(1675526146.529248) vcan0 075#0000000000005458
(1675526146.530006) vcan0 080#3C508000C2002C00
(1675526146.530081) vcan0 0B0#528318A3E2C152E3
(1675526146.530164) vcan0 145#F9C2D380FC4810A1
(1675526146.530308) vcan0 1B0#00C0000002B000FC
(1675526146.530381) vcan0 1B5#FFFFC2614AE0FFEF
(1675526146.531071) vcan0 1D8#363339343234E043
(1675526146.531146) vcan0 1E0#0004E34300B917E0
(1675526146.531289) vcan0 28C#000000000036FEA9
(1675526146.533964) vcan0 2B5#4BC5176293A67D7B
(1675526146.534037) vcan0 2C3#BB9C00FFFFA25450
(1675526146.534180) vcan0 340#9F00000000000000
(1675526146.534253) vcan0 010#008000002FB031F8
(1675526146.534328) vcan0 072#F000FF3F00788038
(1675526146.534402) vcan0 1D0#0000000000000061
(1675526146.534543) vcan0 370#072AC0008703C71F
(1675526146.534618) vcan0 390#80FF0500020A5D4F
(1675526146.535034) vcan0 008#818024DE00800080
(1675526146.536135) vcan0 288#BCDF708F00000080
(1675526146.537070) vcan0 0F5#4BA95BA97F6F42DB
(1675526146.538156) vcan0 120#6BA97BA97FF55589
(1675526146.539172) vcan0 130#DFFF1D6F29ABFF11
(1675526146.540258) vcan0 150#5329E9B7F1F7C7C0
(1675526146.543147) vcan0 260#D0FF00AA497487B0
(1675526146.543226) vcan0 0E0#E2732FE000802C00
(1675526146.543303) vcan0 010#008000002FB031F8
(1675526146.543452) vcan0 210#10E080A0B869BC4D
(1675526146.543531) vcan0 291#0000000000000000
(1675526146.543609) vcan0 2A9#8C260082C0000084
(1675526146.544118) vcan0 008#818034CE00800080
(1675526146.545205) vcan0 125#E5DA7FE5C1D0D735
(1675526146.546219) vcan0 072#F000FF3F0078A038
(1675526146.547300) vcan0 055#F9F71638B2719E80
(1675526146.548331) vcan0 065#78E616F8FDED6802
(1675526146.551284) vcan0 070#000005F868E20D00
(1675526146.551369) vcan0 075#0000000000005458
(1675526146.551443) vcan0 080#3C508000C2002C00
(1675526146.551517) vcan0 0B0#528318A3E2C152E3
(1675526146.551591) vcan0 145#F9B2D480FC4810A1
(1675526146.551734) vcan0 1B0#00C0000003B000FC
(1675526146.551808) vcan0 1B5#FF1ADD6E57E0FFEF
(1675526146.551882) vcan0 1D8#363339343234E043
(1675526146.551956) vcan0 1E0#0008D34300B917E0
(1675526146.552098) vcan0 290#0000000000000000
(1675526146.552172) vcan0 2C0#BB9C00000000A0F1
(1675526146.552246) vcan0 2C5#34DF8CBE7BE6D470
(1675526146.552319) vcan0 581#FFFFFFFFFFFF0081
(1675526146.553420) vcan0 010#008000002FB031F8
(1675526146.554386) vcan0 1D0#0000000000000061
(1675526146.557257) vcan0 400#010102010102010C
(1675526146.557336) vcan0 008#818044BE00800080
(1675526146.557424) vcan0 405#48314C3437564D11
(1675526146.558296) vcan0 0F5#47A95EA97F7332DE
(1675526146.559384) vcan0 120#80A97BA97FF65589
(1675526146.560397) vcan0 130#E7FF1D6F299BFF11
(1675526146.560546) vcan0 150#5329E8C7F1F7B7C0
(1675526146.561489) vcan0 0E0#E27327E800801400
(1675526146.562575) vcan0 288#C0DF708F00000080
(1675526146.563591) vcan0 010#008000002FB031F8
(1675526146.564678) vcan0 072#F000FF3F00788038
(1675526146.564756) vcan0 330#2800000000000000
(1675526146.564835) vcan0 008#818054AE00800080
(1675526146.567065) vcan0 125#E5DA7FE5C1D0D735
(1675526146.570017) vcan0 210#10E08020B869BC45
(1675526146.570090) vcan0 055#F9F71638B2719E80
(1675526146.570164) vcan0 065#78E616F8FFED6802
(1675526146.570306) vcan0 070#000005F868E20D00
(1675526146.570390) vcan0 075#0000000000005458
(1675526146.570463) vcan0 080#3D508000C2002C00
(1675526146.570539) vcan0 0B0#528318A3E2C152E3
(1675526146.570681) vcan0 145#F9A2D580FC4810A1
(1675526146.570754) vcan0 1B0#00C0000002B000FC
(1675526146.570826) vcan0 1B5#FF34F77B65E0FFEF
(1675526146.571109) vcan0 1D8#363339343234E043
(1675526146.571182) vcan0 1E0#0008D30300B917E0
(1675526146.571258) vcan0 260#D0FF00AA497487B0
(1675526146.571399) vcan0 28C#000000000036FEA9
(1675526146.572161) vcan0 2B5#4BC5176293A67E7C
(1675526146.574972) vcan0 2C3#BB9C00FFFFA25450
(1675526146.575044) vcan0 350#A200000000000080
(1675526146.575118) vcan0 010#008000002FB031F8
(1675526146.575261) vcan0 1D0#0000000000000061
(1675526146.575336) vcan0 291#0000000000000000
(1675526146.575417) vcan0 008#8180649E00800080
(1675526146.576039) vcan0 072#F000FF3F0078A038
(1675526146.577083) vcan0 290#0000000000000000
(1675526146.578185) vcan0 0F5#5EA957A97F7722E2
(1675526146.579285) vcan0 120#90A973A97FF65589
(1675526146.580386) vcan0 130#EFFF1D6F298BFF11
(1675526146.580460) vcan0 150#5B29EBD7F1F79FC0
(1675526146.581425) vcan0 0E0#E27329F00080F200
(1675526146.582457) vcan0 010#008000002FB031F9
(1675526146.582530) vcan0 2A9#8C26009BC0000084
(1675526146.584930) vcan0 008#8180748E00800080
(1675526146.587719) vcan0 125#E5D77FE5C1D0D735
(1675526146.588808) vcan0 288#C8DF708F00000080
(1675526146.588885) vcan0 055#F9F71638B2719E80
(1675526146.588963) vcan0 065#7DE616F803EE6802
(1675526146.589041) vcan0 070#000005F869E20D00
(1675526146.589849) vcan0 075#0000000000005458
(1675526146.589926) vcan0 080#3D508000C2002C00
(1675526146.590003) vcan0 0B0#528318A3E2C152E3
(1675526146.590153) vcan0 145#F992D680FC4810A1
(1675526146.590230) vcan0 1B0#00C0000004B000FC
(1675526146.590957) vcan0 1B5#FF4F128972E0FFEF
(1675526146.591035) vcan0 1D8#363339343234E043
(1675526146.591112) vcan0 1E0#000CC34300B917E0
(1675526146.592056) vcan0 010#008000002FB031F8
(1675526146.592132) vcan0 072#F000FF3F00788038
(1675526146.593364) vcan0 1D0#0000000000000A61
(1675526146.593514) vcan0 210#10E080A0B869BC4D
(1675526146.594457) vcan0 008#8180847E00800080
(1675526146.598343) vcan0 0F5#4FA967A97F7B12E5
(1675526146.599375) vcan0 120#88A98CA97FF25589
(1675526146.600407) vcan0 130#F7FF1D6F297BFF11
(1675526146.600492) vcan0 150#5B29EDE7F1F78FC0
(1675526146.600633) vcan0 260#D0FF0055497487B0
(1675526146.600707) vcan0 3CA#00000000D10000C8
(1675526146.601466) vcan0 0E0#E2732BF80080D000
(1675526146.601608) vcan0 010#008000002FB031F8
(1675526146.602641) vcan0 291#0000000000000000
(1675526146.602714) vcan0 425#0000000000000000
(1675526146.603680) vcan0 008#8180946E00800080
(1675526146.606078) vcan0 125#E5DA7FE5C1D0D735
(1675526146.607098) vcan0 072#F000FF3F0078A038
