(1675526317.109943) vcan0 290#0000000000000000
(1675526317.110082) vcan0 2C0#6B8700710300A0F1
(1675526317.112782) vcan0 2C5#00DF21003BE30070
(1675526317.112858) vcan0 370#0720C000711BC71F
(1675526317.112937) vcan0 010#000000002FB031F8
(1675526317.113083) vcan0 2A9#8C26008AC0000084
(1675526317.113160) vcan0 3E0#000000D930808090
(1675526317.113873) vcan0 1B0#00C04A0000B072FC
(1675526317.114875) vcan0 1B5#FF628C436AE0FFEF
(1675526317.115022) vcan0 1D8#363339343234DE43
(1675526317.115948) vcan0 1E0#002C43C380BD17E0
(1675526317.116026) vcan0 210#B3E080A0A869D045
(1675526317.116174) vcan0 2C3#6B8700FFFF9F5450
(1675526317.117031) vcan0 008#EB83E4B100800080
(1675526317.118099) vcan0 010#000000002FB031F8
(1675526317.119244) vcan0 072#F000FF3F00788038
(1675526317.120258) vcan0 1D0#0000000000000861
(1675526317.121697) vcan0 288#FEDFE01F00000080
(1675526317.121774) vcan0 0E0#62731EF80080DD00
(1675526317.124617) vcan0 0F5#00800080BF47E171
(1675526317.124693) vcan0 120#008000807F015689
(1675526317.125692) vcan0 130#8FFF1D0000E3FF11
(1675526317.125767) vcan0 150#0000FF17ACF7E3C0
(1675526317.126837) vcan0 260#D0FF0055497487B0
(1675526317.126915) vcan0 125#E53F7CE4C1D0D734
(1675526317.127911) vcan0 008#EB83F4A100800080
(1675526317.127987) vcan0 055#C4F7FF67B3009C80
(1675526317.128064) vcan0 065#37E3F8E7FF8DFC01
(1675526317.129000) vcan0 070#00003AA800E25B00
(1675526317.129076) vcan0 075#0000000000005458
(1675526317.129154) vcan0 080#FF4F8000C2002C00
(1675526317.129230) vcan0 0B0#398383A200C239A3
(1675526317.129377) vcan0 145#FD42DB80FCC810A1
(1675526317.130031) vcan0 28C#000000000012BE90
(1675526317.131386) vcan0 010#000000002FB031F8
(1675526317.131464) vcan0 291#0000000000000000
(1675526317.131540) vcan0 2B5#4B4A416293A6372F
(1675526317.131616) vcan0 340#5500000000000000
(1675526317.134384) vcan0 072#F000FF3F0078A038
(1675526317.135453) vcan0 1B0#00C0480000B071FC
(1675526317.135529) vcan0 1B5#FF628C436AE0FFEF
(1675526317.135604) vcan0 1D8#363339343234DE43
(1675526317.135681) vcan0 1E0#002C438380BD17E0
(1675526317.136606) vcan0 008#EB83049100800080
(1675526317.137677) vcan0 290#0000000000000000
(1675526317.138674) vcan0 010#000000002FB031F8
(1675526317.139746) vcan0 1D0#0000000000000061
(1675526317.139822) vcan0 210#B3E080A0A869D04D
(1675526317.140820) vcan0 0E0#62731FC00080BC00
(1675526317.143389) vcan0 0F5#00800080BF4BD171
(1675526317.146299) vcan0 120#008000807F025689
(1675526317.146376) vcan0 130#97FF1D0000D3FF11
(1675526317.146452) vcan0 150#00000128ACF7D3C0
(1675526317.146528) vcan0 288#02E0E01F00000080
(1675526317.146676) vcan0 3CA#00000000D20000C8
(1675526317.147318) vcan0 125#E53F7CE4C1D0D734
(1675526317.147395) vcan0 008#EB83148100800080
(1675526317.148393) vcan0 055#C4F7FF67B3009C80
(1675526317.148470) vcan0 065#38E3F9E7008EFD01
(1675526317.148618) vcan0 070#00003AA800E25B00
(1675526317.148693) vcan0 075#0000000000005458
(1675526317.149515) vcan0 080#FF4F8000C2002C00
(1675526317.149592) vcan0 0B0#398383A200C239A3
(1675526317.149738) vcan0 145#FD32DC80FCC810A1
(1675526317.150948) vcan0 010#000000002FB031F8
(1675526317.151037) vcan0 072#F000FF3F00788038
(1675526317.151112) vcan0 2A9#8C260093C0000084
(1675526317.152040) vcan0 1B0#00C0430000B06DFC
(1675526317.153178) vcan0 1B5#FF628C436AE0FFEF
(1675526317.154248) vcan0 1D8#363339343234DD43
(1675526317.155245) vcan0 1E0#003033C380BD17E0
(1675526317.156383) vcan0 2C3#6B8700FFFF9F5450
(1675526317.160641) vcan0 350#A200000000000080
(1675526317.160717) vcan0 3C8#6B87008E886C008E
(1675526317.160866) vcan0 260#D0FF00AA497487B0
(1675526317.160943) vcan0 008#EB83247100800080
(1675526317.161018) vcan0 010#000000002FB031F8
(1675526317.161095) vcan0 1D0#0000000000000061
(1675526317.161172) vcan0 291#0000000000000000
(1675526317.161743) vcan0 0E0#627320C800809B00
(1675526317.162812) vcan0 072#F000FF3F0078A038
(1675526317.163959) vcan0 210#AAE080A0A869D045
(1675526317.164957) vcan0 3B0#00D8383838B8C602
(1675526317.165106) vcan0 0F5#00800080BF4FC171
(1675526317.165182) vcan0 120#008000807F005689
(1675526317.165258) vcan0 130#9FFF1D0000C3FF11
(1675526317.166044) vcan0 150#00000138ACF7C3C0
(1675526317.167110) vcan0 125#E53F7CE4C1D0D734
(1675526317.167187) vcan0 008#EB83346100800080
(1675526317.168185) vcan0 055#C4F7FF67B3009C80
(1675526317.168261) vcan0 065#38E3F9E7008EFD01
(1675526317.171009) vcan0 070#00003AA800E25B00
(1675526317.171085) vcan0 075#0000000000005458
(1675526317.171163) vcan0 080#FF4F8000C2002C00
(1675526317.171241) vcan0 0B0#398383A200C239A3
(1675526317.171319) vcan0 145#FD22DD80FCC810A1
(1675526317.171469) vcan0 28C#000000000012BE90
(1675526317.171493) vcan0 010#000000002FB031F9
(1675526317.171644) vcan0 290#0000000000000000
