(1675525748.729289) vcan0 1B5#FF0787CEF8E0FFEF
(1675525748.729351) vcan0 1D8#363339343234E043
(1675525748.730320) vcan0 1E0#0010B34300B917E0
(1675525748.730473) vcan0 2C3#528700FFFFA25450
(1675525748.730548) vcan0 3C8#5287008E882C008E
(1675525748.731447) vcan0 010#009000002FB031F9
(1675525748.732481) vcan0 1D0#0000000000000261
(1675525748.732563) vcan0 055#F3F74228B2629D80
(1675525748.733946) vcan0 065#72E742F803CEB306
(1675525748.734087) vcan0 070#00000DF8B3E21500
(1675525748.734160) vcan0 075#0000000000005458
(1675525748.734236) vcan0 080#AD508000C2002C00
(1675525748.734312) vcan0 0B0#39831CA3DFC139A3
(1675525748.734454) vcan0 145#F972D880FC4810A1
(1675525748.734528) vcan0 390#80FF051D0222574F
(1675525748.735014) vcan0 008#6180DC7F4F800080
(1675525748.736120) vcan0 0E0#E2732FF00080EC00
(1675525748.740309) vcan0 0F5#F49CF49C7F5F82F3
(1675525748.740419) vcan0 120#F99C0F9D7FFE5589
(1675525748.740498) vcan0 130#BF151EF71C701212
(1675525748.740650) vcan0 150#F41CFD77F8F773C0
(1675525748.740727) vcan0 350#A200000000000080
(1675525748.741383) vcan0 125#E5E97FE4C1D0D735
(1675525748.742481) vcan0 010#009000002FB031F8
(1675525748.742559) vcan0 072#F000FF3F0078A038
(1675525748.742637) vcan0 210#1EE080A0A869CD4D
(1675525748.743654) vcan0 290#0000000000000000
(1675525748.743732) vcan0 2A9#8C26008AC0000084
(1675525748.744676) vcan0 008#6180EC7E40800080
(1675525748.745841) vcan0 288#F5DF10EF00000080
(1675525748.746911) vcan0 1B0#00C0000002B000FC
(1675525748.747952) vcan0 1B5#FF1A9AD702E0FFEF
(1675525748.749120) vcan0 1D8#363339343234E043
(1675525748.750283) vcan0 1E0#0010B30300B917E0
(1675525748.752771) vcan0 010#009000002FB031F8
(1675525748.755522) vcan0 1D0#0000000000000861
(1675525748.755667) vcan0 055#F3F74228B2649D80
(1675525748.755742) vcan0 065#75E742F802CEB306
(1675525748.755816) vcan0 070#00000DF8B3E21500
(1675525748.755902) vcan0 075#0000000000005458
(1675525748.755977) vcan0 080#AD508000C2002C00
(1675525748.756118) vcan0 0B0#39831CA3DFC139A3
(1675525748.756195) vcan0 145#F962D980FC4810A1
(1675525748.756268) vcan0 260#D0FF00AA497487B0
(1675525748.756343) vcan0 28C#000000000014FEAA
(1675525748.756485) vcan0 291#0000000000000000
(1675525748.756561) vcan0 2B5#4B02326293A695C3
(1675525748.756635) vcan0 340#A100000000000000
(1675525748.756710) vcan0 008#6180FC7C32800080
(1675525748.756852) vcan0 0E0#E27330F80080CB00
(1675525748.759533) vcan0 072#F000FF3F00788038
(1675525748.759608) vcan0 3B0#00D819383BB4C600
(1675525748.759750) vcan0 0F5#EE9CF79C7F6372F5
(1675525748.759823) vcan0 120#129D189D7FFC5589
(1675525748.759899) vcan0 130#C7151EF71C601212
(1675525748.759982) vcan0 150#F21CFD87F6F765C0
(1675525748.760730) vcan0 125#E5E97FE4C1D0D735
(1675525748.761747) vcan0 010#009000002FB031F8
(1675525748.762912) vcan0 330#BF00000000000000
(1675525748.764007) vcan0 008#61800C821C800080
(1675525748.765167) vcan0 210#1EE080A0A869CD45
(1675525748.767484) vcan0 1B0#00C0000001B000FC
(1675525748.768575) vcan0 1B5#FF2CACE10BE0FFEF
(1675525748.769591) vcan0 1D8#363339343234E043
(1675525748.769742) vcan0 1E0#0014A34300B917E0
(1675525748.769820) vcan0 2C3#528700FFFFA25450
(1675525748.772535) vcan0 288#EDDF10EF00000080
(1675525748.773707) vcan0 055#F3F74228B2649D80
(1675525748.773781) vcan0 065#77E742F803CEB306
(1675525748.773855) vcan0 070#00000DF8B3E21500
(1675525748.773930) vcan0 075#0000000000005458
(1675525748.774084) vcan0 010#009000002FB031F8
(1675525748.774778) vcan0 072#F000FF3F0078A038
(1675525748.774853) vcan0 080#AD508000C2002C00
(1675525748.774927) vcan0 0B0#39831CA3DFC139A3
(1675525748.775002) vcan0 145#F952DA80FC4810A1
(1675525748.775830) vcan0 1D0#0000000000000061
(1675525748.775906) vcan0 008#61801C800E800080
(1675525748.775979) vcan0 290#0000000000000000
(1675525748.776122) vcan0 2C0#528700000000A0F1
(1675525748.776197) vcan0 2C5#66E7A2BC79E70070
(1675525748.778742) vcan0 370#0720C000781BC71F
(1675525748.778816) vcan0 3E0#000000D92E808090
(1675525748.778892) vcan0 0E0#E27333C00080A800
(1675525748.779033) vcan0 405#3156590000000010
(1675525748.779796) vcan0 0F5#FE9C0A9D7F6762F7
(1675525748.779871) vcan0 120#319D189D7FFA5589
(1675525748.780024) vcan0 130#CF151E0A1D3C1812
(1675525748.780097) vcan0 150#041DFA97F5F742C0
(1675525748.780855) vcan0 125#E5E97FE4C1D0D735
(1675525748.782018) vcan0 260#D0FF00AA497487B0
(1675525748.783111) vcan0 010#009000002FB031F8
(1675525748.784205) vcan0 291#0000000000000000
(1675525748.785296) vcan0 2A9#8C260093C0000084
(1675525748.785375) vcan0 008#61802C700E800080
(1675525748.787763) vcan0 072#F000FF3F00788038
(1675525748.788924) vcan0 1B0#00C0000003B000FC
(1675525748.789944) vcan0 1B5#FF3FBFEA15E0FFEF
(1675525748.790096) vcan0 1D8#363339343234E043
