(1675526037.726188) vcan0 065#EAE5F4F700DED501
(1675526037.726252) vcan0 070#00000BF8D5E10F00
(1675526037.726328) vcan0 075#0000000000005458
(1675526037.726407) vcan0 080#E04F8000C2002C00
(1675526037.726483) vcan0 0B0#528310A3D4C152A3
(1675526037.726633) vcan0 010#008000002FB031F8
(1675526037.726710) vcan0 0E0#E2732BC800809000
(1675526037.726788) vcan0 145#F9A2D580FC4810A1
(1675526037.726866) vcan0 210#49E08020A969C64D
(1675526037.726952) vcan0 288#F5DF20DF00000080
(1675526037.727030) vcan0 008#7880ECA700800080
(1675526037.727178) vcan0 2A9#8C260082C0000084
(1675526037.727256) vcan0 260#D0FF00AA497487B0
(1675526037.729702) vcan0 125#E5EC7FE5C1D0D735
(1675526037.732143) vcan0 1B0#00C0270004B030FC
(1675526037.733542) vcan0 1B5#FF7CE6074EE0FFEF
(1675526037.733693) vcan0 1D8#363339343234E043
(1675526037.733773) vcan0 1E0#0018930300B917E0
(1675526037.733850) vcan0 2C3#468700FFFFE95450
(1675526037.735164) vcan0 010#008000002FB031F8
(1675526037.735169) vcan0 072#F000FF3F0078A038
(1675526037.735251) vcan0 1D0#0000000000000861
(1675526037.736206) vcan0 008#7880FC9700800080
(1675526037.741050) vcan0 0F5#259F3F9FBF6F411F
(1675526037.742450) vcan0 120#629F6D9F7FF15589
(1675526037.743548) vcan0 130#DFE61D691FBBE611
(1675526037.743677) vcan0 150#321F00B8F0F7F2C0
(1675526037.743754) vcan0 055#F3F7F367B3009C80
(1675526037.746440) vcan0 065#EBE5F3F701DED501
(1675526037.746497) vcan0 070#00000BF8D5E10F00
(1675526037.746582) vcan0 075#0000000000005458
(1675526037.746734) vcan0 080#E04F8000C2002C00
(1675526037.746812) vcan0 0B0#528310A3D4C152A3
(1675526037.746888) vcan0 0E0#E2732DD000806E00
(1675526037.746967) vcan0 145#F992D680FC4810A1
(1675526037.747044) vcan0 28C#000020000018BEA7
(1675526037.747124) vcan0 290#0000000000000000
(1675526037.747271) vcan0 010#008000002FB031F8
(1675526037.747348) vcan0 008#76800C8900800080
(1675526037.747431) vcan0 291#0000000000000000
(1675526037.747511) vcan0 2B5#4B1F2D6293A62800
(1675526037.747597) vcan0 2C0#468700000000A0F1
(1675526037.747678) vcan0 2C5#00D77DBAECE50070
(1675526037.750386) vcan0 330#0000000000000000
(1675526037.750538) vcan0 340#8800000000000000
(1675526037.750618) vcan0 370#171FC000551BC71F
(1675526037.750696) vcan0 3AF#0000000000000020
(1675526037.750773) vcan0 3C8#4687008E882C008E
(1675526037.750850) vcan0 3E0#000000D92E808092
(1675526037.750999) vcan0 125#E5EF7FE5C1D0D735
(1675526037.751078) vcan0 288#F1DF20DF00000080
(1675526037.751155) vcan0 072#F000FF3F00788038
(1675526037.751233) vcan0 210#49E080A0A969C64D
(1675526037.751603) vcan0 1B0#00C02A0005B035FC
(1675526037.752938) vcan0 1B5#FF91FA1158E0FFEF
(1675526037.752996) vcan0 1D8#363339343234DF43
(1675526037.753072) vcan0 1E0#001C834300B917E0
(1675526037.754394) vcan0 010#008000002FB031F9
(1675526037.755593) vcan0 1D0#0000000000000261
(1675526037.756693) vcan0 008#768014F900800080
(1675526037.758109) vcan0 260#D0FF0055497487B0
(1675526037.760650) vcan0 0F5#229F289FBF733121
(1675526037.763139) vcan0 120#7A9F669F7FFB5589
(1675526037.763217) vcan0 130#E7E41D691FABE311
(1675526037.763298) vcan0 150#251FFAC7F0F7EFC0
(1675526037.766131) vcan0 3CA#00000000530000C8
(1675526037.766187) vcan0 055#F3F7F367B3009C80
(1675526037.766264) vcan0 065#E6E5F3F7FFDDD501
(1675526037.766413) vcan0 070#00000BF8D5E10F00
(1675526037.766496) vcan0 075#0000000000005458
(1675526037.766573) vcan0 080#E04F8000C2002C00
(1675526037.766652) vcan0 010#008000002FB031F8
(1675526037.766730) vcan0 072#F000FF3F0078A038
(1675526037.766818) vcan0 0B0#528310A3D4C152A3
(1675526037.766970) vcan0 0E0#E2732DD800804E00
(1675526037.767050) vcan0 145#F982D780FC4810A1
(1675526037.767127) vcan0 2A9#8C26008AC0000084
(1675526037.767206) vcan0 008#768024E900800080
(1675526037.768594) vcan0 125#E5EF7FE5C1D0D735
(1675526037.771010) vcan0 1B0#00C02B0004B03AFC
(1675526037.772284) vcan0 1B5#FFA50F1B62E0FFEF
(1675526037.773381) vcan0 1D8#363339343234DF43
(1675526037.773437) vcan0 1E0#0020734300B917E0
(1675526037.773517) vcan0 290#0000000000000000
(1675526037.774994) vcan0 2C3#468700FFFFEA5450
(1675526037.775078) vcan0 010#008000002FB031F8
(1675526037.775156) vcan0 1D0#0000000000000061
(1675526037.775236) vcan0 210#49E080A0A969C645
(1675526037.775995) vcan0 288#02E020DF00000080
(1675526037.776122) vcan0 291#0000000000000000
(1675526037.776202) vcan0 008#748034DB00800080
(1675526037.779911) vcan0 072#F000FF3F00788038
(1675526037.779987) vcan0 3B0#00D8453840C0C400
(1675526037.782281) vcan0 0F5#0F9F129FBF772124
(1675526037.785200) vcan0 120#779F639F7FF65589
(1675526037.785257) vcan0 130#EFE41D691F9BE311
(1675526037.785406) vcan0 150#101FFFD7F0F7F4C0
(1675526037.785483) vcan0 055#F3F7F367B3009C80
(1675526037.785562) vcan0 065#E2E5F3F7FCDDD501
