(1675526559.382141) vcan0 1D0#0000000000000061
(1675526559.383386) vcan0 008#16806C8900800080
(1675526559.384912) vcan0 210#9BE180A0A869F64D
(1675526559.386389) vcan0 1B0#00C0930000B0DEEC
(1675526559.387933) vcan0 1B5#FF00000000E0FFEF
(1675526559.387989) vcan0 1D8#363339343234DC43
(1675526559.388067) vcan0 1E0#00381BC180BD17E0
(1675526559.388215) vcan0 350#A200000000000080
(1675526559.390657) vcan0 010#000000002FB031F8
(1675526559.392199) vcan0 291#0000000000000000
(1675526559.392254) vcan0 330#2800000000000000
(1675526559.393700) vcan0 0E0#E27101D800808200
(1675526559.393787) vcan0 008#16807C7900800080
(1675526559.393866) vcan0 055#B0F7FF67B3009C80
(1675526559.395331) vcan0 065#3DE3F7E7028EFC01
(1675526559.395388) vcan0 070#00004DA800E25B00
(1675526559.395464) vcan0 075#0000000000005458
(1675526559.395614) vcan0 080#FD4F8000C2002C00
(1675526559.395697) vcan0 0B0#39837AA200C239A3
(1675526559.395772) vcan0 145#FDD2D280FCC810A1
(1675526559.395849) vcan0 290#0000000000000000
(1675526559.398133) vcan0 072#F000FF3F0078A038
(1675526559.398261) vcan0 2C0#5D8700630300A0F1
(1675526559.398338) vcan0 2C5#00DF1E003AE30070
(1675526559.398415) vcan0 360#5D8700D2C364A001
(1675526559.398497) vcan0 0F5#00800080BF5B9100
(1675526559.398649) vcan0 120#008000807FF85589
(1675526559.398726) vcan0 130#B7FF1D000093FF11
(1675526559.398812) vcan0 150#0000FB6703F893C0
(1675526559.398889) vcan0 125#E53F80E4C1D0D734
(1675526559.399683) vcan0 288#E9DF609F00000080
(1675526559.401174) vcan0 010#000000002FB031F8
(1675526559.401302) vcan0 1D0#0000000000000061
(1675526559.401380) vcan0 390#80FF051D021E584F
(1675526559.402622) vcan0 008#16808C6900800080
(1675526559.406700) vcan0 1B0#00C0930000B0DDEC
(1675526559.408043) vcan0 1B5#FF00000000E0FFEF
(1675526559.408101) vcan0 1D8#363339343234DC43
(1675526559.409536) vcan0 1E0#003C0BC180BD17E0
(1675526559.409663) vcan0 2C3#5D8700FFFF005450
(1675526559.411027) vcan0 260#D0FF005549E185B0
(1675526559.411155) vcan0 010#000000002FB031F9
(1675526559.411234) vcan0 072#F000FF3F00788038
(1675526559.411309) vcan0 210#9BE180A0A869F645
(1675526559.411401) vcan0 2A9#8C26008AC0000084
(1675526559.412543) vcan0 0E0#E27101E000806200
(1675526559.414091) vcan0 008#16809C5900800080
(1675526559.414168) vcan0 055#B0F7FF67B3009C80
(1675526559.414246) vcan0 065#3BE3F6E7008EFA01
(1675526559.416974) vcan0 070#00004DA800E25B00
(1675526559.417135) vcan0 075#0000000000005458
(1675526559.417207) vcan0 080#FE4F8000C2002C00
(1675526559.417284) vcan0 0B0#39837AA2FFC139A3
(1675526559.417362) vcan0 145#FDC2D380FCC810A1
(1675526559.417439) vcan0 28C#004020000016BE91
(1675526559.417590) vcan0 2B5#4B14636293A64E3B
(1675526559.417670) vcan0 0F5#00800080BF5F8100
(1675526559.417748) vcan0 120#008000807FF85589
(1675526559.417826) vcan0 130#BFFF1D000083FF11
(1675526559.417903) vcan0 150#0000F97703F883C0
(1675526559.418516) vcan0 125#E53F80E4C1D0D734
(1675526559.421257) vcan0 581#FFFFFFFFFFFF0081
(1675526559.422802) vcan0 010#000000002FB031F8
(1675526559.422860) vcan0 1D0#0000000000000A61
(1675526559.423008) vcan0 291#0000000000000000
(1675526559.424320) vcan0 008#1680AC4900800080
(1675526559.424396) vcan0 400#0101010101590108
(1675526559.424545) vcan0 405#0000000000000000
(1675526559.424624) vcan0 290#0000000000000000
(1675526559.425756) vcan0 288#F1DF708F00000080
(1675526559.427279) vcan0 1B0#00C0940000B0DDEC
(1675526559.427335) vcan0 1B5#FF00000000E0FFEF
(1675526559.427484) vcan0 1D8#363339343234DC43
(1675526559.427562) vcan0 1E0#003C0B8180BD17E0
(1675526559.428758) vcan0 072#F000FF3F0078A038
(1675526559.428909) vcan0 3B0#00D84B383CC0C400
(1675526559.432734) vcan0 0E0#E27101E800804200
(1675526559.434155) vcan0 008#1680BC3900800080
(1675526559.437205) vcan0 010#000000002FB031F8
(1675526559.437287) vcan0 055#B1F7FF67B3009C80
(1675526559.437364) vcan0 065#3BE3F5E7008EFA01
(1675526559.437442) vcan0 070#00004DA800E25B00
(1675526559.437591) vcan0 075#0000000000005458
(1675526559.437670) vcan0 080#FE4F8000C2002C00
(1675526559.437746) vcan0 0B0#39837AA200C239A3
(1675526559.437824) vcan0 145#FDB2D480FCC810A1
(1675526559.437904) vcan0 0F5#00800080BF637100
(1675526559.437984) vcan0 120#008000807FF85589
(1675526559.438135) vcan0 130#C7FF1D000073FF11
(1675526559.438214) vcan0 150#0000FC8703F873C0
(1675526559.438295) vcan0 3CA#00000000550000C8
(1675526559.438662) vcan0 210#9BE180A0A869F645
(1675526559.438749) vcan0 125#E53F80E4C1D0D734
(1675526559.440161) vcan0 260#D0FF00AA49E185B0
(1675526559.441687) vcan0 010#000000002FB031F8
(1675526559.443158) vcan0 072#F000FF3F00788038
(1675526559.443236) vcan0 008#1680CC2900800080
(1675526559.443386) vcan0 1D0#0000000000000061
(1675526559.446184) vcan0 1B0#00C0940000B0DEEC
