(1675526284.129324) vcan0 360#718700D2A769A001
(1675526284.130382) vcan0 055#CFF71828B24F9C80
(1675526284.134567) vcan0 065#F1E317F8F98D0F02
(1675526284.134644) vcan0 070#00002FF80FE25B00
(1675526284.134720) vcan0 075#0000000000005458
(1675526284.134806) vcan0 080#40508000C2002C00
(1675526284.134883) vcan0 0B0#3983BCA2E2C139A3
(1675526284.134960) vcan0 125#E55E8FE4C1D0D735
(1675526284.135034) vcan0 145#FD12DE80FCC810A1
(1675526284.135183) vcan0 1B0#00C0000004B000FC
(1675526284.135258) vcan0 1B5#FF308D1A1AE0FFEF
(1675526284.135335) vcan0 1D8#363339343234DD43
(1675526284.135411) vcan0 010#000000002FB031F9
(1675526284.135487) vcan0 1D0#0000000000000261
(1675526284.135705) vcan0 1E0#0038134300B917E0
(1675526284.135783) vcan0 390#80FF05190232534F
(1675526284.136710) vcan0 008#398F98A8F9860080
(1675526284.136788) vcan0 3C8#6B87008E886C008E
(1675526284.137715) vcan0 290#0000000000000000
(1675526284.138784) vcan0 260#D0FF0055497487B0
(1675526284.139860) vcan0 0F5#A38327837F5B92D1
(1675526284.140939) vcan0 120#648326837F275689
(1675526284.144844) vcan0 130#B7041E66032AFF11
(1675526284.144993) vcan0 010#000000002FB031F8
(1675526284.145067) vcan0 072#F000FF3F00788038
(1675526284.145144) vcan0 150#61032E6967F92FC0
(1675526284.145221) vcan0 210#12E080A0A869CF45
(1675526284.146006) vcan0 3D0#9B0F6100170480C3
(1675526284.146082) vcan0 008#208FA89A0F870080
(1675526284.147008) vcan0 288#6EE3B04F00000080
(1675526284.148078) vcan0 0E0#62733AC00080A100
(1675526284.149075) vcan0 055#CFF71828B24F9C80
(1675526284.150152) vcan0 065#E2E318F8F48D0F02
(1675526284.151221) vcan0 070#00002FF810E25B00
(1675526284.152292) vcan0 075#0000000000005458
(1675526284.153290) vcan0 080#41508000C2002C00
(1675526284.154846) vcan0 0B0#3983B9A2E2C139A3
(1675526284.154935) vcan0 125#E5278FE4C1D0D735
(1675526284.155013) vcan0 145#FD02DF80FCC810A1
(1675526284.155089) vcan0 28C#000000000018FE9C
(1675526284.155164) vcan0 1B0#00C0000003B000FC
(1675526284.155313) vcan0 1B5#FF328F1C1BE0FFEF
(1675526284.155389) vcan0 1D8#363339343234DD43
(1675526284.155465) vcan0 010#000000002FB031F8
(1675526284.155605) vcan0 1D0#0000000000000061
(1675526284.155610) vcan0 1E0#003C034300B917E0
(1675526284.157822) vcan0 291#0000000000000000
(1675526284.157973) vcan0 2B5#4B04336293A66438
(1675526284.158048) vcan0 2C3#6B8700FFFF5D5450
(1675526284.158126) vcan0 008#058FB8971D870080
(1675526284.158203) vcan0 340#5200000000000000
(1675526284.158915) vcan0 072#F000FF3F0078A038
(1675526284.159925) vcan0 0F5#A1832A837F5F82D1
(1675526284.161009) vcan0 120#248315837F245689
(1675526284.162148) vcan0 130#BF0C1E66031AFF11
(1675526284.163146) vcan0 150#6903257962F917C0
(1675526284.164214) vcan0 010#000000002FB031F8
(1675526284.165355) vcan0 2A9#8C260082C0000084
(1675526284.166351) vcan0 008#EC8EC8A11D870080
(1675526284.167422) vcan0 0E0#62733CC800807F00
(1675526284.168563) vcan0 210#12E080A0A869CF4D
(1675526284.171267) vcan0 288#3DE3C03F00000080
(1675526284.172406) vcan0 055#CFF71828B24F9C80
(1675526284.172485) vcan0 065#D3E318F8F28D1002
(1675526284.172631) vcan0 070#00002EF80FE25B00
(1675526284.172707) vcan0 075#0000000000005458
(1675526284.173492) vcan0 080#40508000C2002C00
(1675526284.176335) vcan0 0B0#3983B5A2E2C139A3
(1675526284.176410) vcan0 125#E5F28EE4C1D0D735
(1675526284.176497) vcan0 145#FDF2D080FCC810A1
(1675526284.176575) vcan0 260#D0FF00AA497487B0
(1675526284.176650) vcan0 1B0#00C0000004B000FC
(1675526284.176798) vcan0 1B5#FF34911D1CE0FFEF
(1675526284.176875) vcan0 1D8#363339343234DD43
(1675526284.176951) vcan0 010#000000002FB031F8
(1675526284.177026) vcan0 072#F000FF3F00788038
(1675526284.177103) vcan0 1D0#0000000000000061
(1675526284.177251) vcan0 1E0#003C030300B917E0
(1675526284.177328) vcan0 290#0000000000000000
(1675526284.177404) vcan0 2C0#6B8700E40100A0F1
(1675526284.177480) vcan0 008#D18ED89E2B870080
(1675526284.177557) vcan0 2C5#01DF2F44DFE30070
(1675526284.179343) vcan0 370#0720C000751BCB1F
(1675526284.179420) vcan0 3E0#000000D930808090
(1675526284.180347) vcan0 0F5#89832C837F6372D2
(1675526284.181493) vcan0 120#6083E4827F215689
(1675526284.182563) vcan0 010#000000002FB031F8
(1675526284.183561) vcan0 130#C70C1E66030AFF11
(1675526284.184630) vcan0 150#5C0316895EF914C0
(1675526284.184707) vcan0 291#0000000000000000
(1675526284.185635) vcan0 330#2800000000000000
(1675526284.185781) vcan0 3CA#00000000D50000C8
(1675526284.186780) vcan0 008#B58EE89B3A870080
(1675526284.187847) vcan0 0E0#627333D000806800
(1675526284.188847) vcan0 072#F000FF3F0078A038
(1675526284.191335) vcan0 055#CFF71A28B24F9C80
(1675526284.192404) vcan0 065#C1E318F8F08D1002
(1675526284.192480) vcan0 070#00002EF810E25B00
(1675526284.192627) vcan0 075#0000000000005458
(1675526284.195329) vcan0 080#45508000C2002C00
(1675526284.195406) vcan0 0B0#3983B1A2E2C139A3
(1675526284.195491) vcan0 125#E5BB8EE4C1D0D735
(1675526284.195567) vcan0 145#FDE2D180FCC810A1
(1675526284.195715) vcan0 28C#000000000018FE9A
(1675526284.195792) vcan0 1B0#00C0000004B000FC
(1675526284.195868) vcan0 1B5#FF36931E1DE0FFEF
(1675526284.195944) vcan0 1D8#363339343234DD43
(1675526284.196020) vcan0 010#000000002FB031F8
(1675526284.196168) vcan0 1D0#0000000000000861
(1675526284.196245) vcan0 1E0#0000F34300B917E0
(1675526284.196321) vcan0 210#12E080A0A869CF45
(1675526284.196398) vcan0 2B5#4B04316293A6643A
(1675526284.196475) vcan0 2C3#6B8700FFFF5D5450
(1675526284.196622) vcan0 008#9A8EF8914F870080
(1675526284.199345) vcan0 288#F3E2C03F00000080
(1675526284.200343) vcan0 290#0000000000000000
(1675526284.201414) vcan0 350#A200000000000080
(1675526284.202562) vcan0 260#D0FF00AA497487B0
(1675526284.203559) vcan0 0F5#81832F837F6762D2
(1675526284.204630) vcan0 120#AE8305837F195689
(1675526284.204706) vcan0 130#CF0A1E6603FAFF11
(1675526284.204783) vcan0 010#000000002FB031F8
(1675526284.204930) vcan0 072#F000FF3F00788038
(1675526284.205006) vcan0 150#5A03FD985AF906C0
(1675526284.205651) vcan0 2A9#8C26008AC0000084
(1675526284.206719) vcan0 008#7F8E089457870080
(1675526284.207789) vcan0 0E0#62732CD800804F00
(1675526284.210286) vcan0 055#CFF71C28B24F9C80
(1675526284.211353) vcan0 065#B0E318F8F38D0F02
(1675526284.212350) vcan0 070#00002FF812E25B00
(1675526284.212428) vcan0 075#0000000000005458
(1675526284.215267) vcan0 080#4C508000C2002C00
(1675526284.215414) vcan0 0B0#3983ACA2E9C139A3
(1675526284.215499) vcan0 125#E5808EE4C1D0D735
(1675526284.215577) vcan0 145#FDD2D280FCC810A1
(1675526284.215653) vcan0 1B0#00C0000002B000FC
(1675526284.215729) vcan0 1B5#FF39951F1EE0FFEF
(1675526284.215806) vcan0 1D8#363339343234DD43
(1675526284.215882) vcan0 010#000000002FB031F9
(1675526284.216029) vcan0 1D0#0000000000000261
(1675526284.216106) vcan0 1E0#0004E34300B917E0
(1675526284.216182) vcan0 291#0000000000000000
(1675526284.216400) vcan0 008#638E188B6C870080
(1675526284.217397) vcan0 072#F000FF3F0078A038
(1675526284.218536) vcan0 210#12E080A0A869CF4D
(1675526284.219559) vcan0 3B0#00FC3F3832A4C400
(1675526284.222401) vcan0 288#FBE2C03F00000080
(1675526284.223471) vcan0 0F5#A08335837F6B52D2
(1675526284.224608) vcan0 120#638349837F135689
(1675526284.224695) vcan0 130#D70C1E6603EAFF11
(1675526284.224772) vcan0 010#000000002FB031F8
(1675526284.224848) vcan0 150#5D03FDA855F9F3C0
(1675526284.225633) vcan0 008#468E28897B870080
(1675526284.226702) vcan0 0E0#62732EE000802D00
(1675526284.227699) vcan0 360#718700D2A769A001
(1675526284.228840) vcan0 055#CFF71E28B24F9C80
(1675526284.229915) vcan0 065#A1E31AF8F08D1202
(1675526284.230914) vcan0 070#00002FF813E25B00
(1675526284.231912) vcan0 075#0000000000005458
(1675526284.232980) vcan0 080#50508000C2002C00
(1675526284.235824) vcan0 0B0#3983A7A2EEC139A3
(1675526284.235899) vcan0 125#E54A8EE4C1D0D735
(1675526284.235975) vcan0 145#FDC2D380FCC810A1
(1675526284.236053) vcan0 1B0#00C0000005B000FC
(1675526284.236128) vcan0 1B5#FF3B97201FE0FFEF
(1675526284.236283) vcan0 1D8#363339343234DD43
(1675526284.236359) vcan0 010#000000002FB031F8
(1675526284.236435) vcan0 072#F000FF3F00788038
(1675526284.236512) vcan0 1D0#0000000000000061
(1675526284.236589) vcan0 1E0#0004E30300B917E0
(1675526284.236738) vcan0 260#D0FF00AA497485B0
(1675526284.236814) vcan0 28C#000000000018FE99
(1675526284.236890) vcan0 290#0000000000000000
(1675526284.236966) vcan0 008#2D8E388489870080
(1675526284.237043) vcan0 2B5#4B042F6293A66240
(1675526284.239778) vcan0 2C0#6B8700E30100A0F1
(1675526284.239856) vcan0 2C3#6B8700FFFF5D5450
(1675526284.239933) vcan0 2C5#02DF3043BEE30070
(1675526284.240081) vcan0 340#5200000000000000
(1675526284.240158) vcan0 390#80FF0519022E544F
(1675526284.240234) vcan0 3AF#0000000000000020
(1675526284.240886) vcan0 0F5#A2832E837F6F42D2
(1675526284.241885) vcan0 120#538332837F0E5689
(1675526284.243026) vcan0 130#DF0F1E6603DAFF11
(1675526284.244023) vcan0 010#000000002FB031F8
(1675526284.245020) vcan0 150#720304B950F9CEC0
(1675526284.245098) vcan0 210#12E08020A869CF45
(1675526284.245173) vcan0 291#0000000000000000
(1675526284.246101) vcan0 2A9#8C260093C0000084
(1675526284.246177) vcan0 008#118E489089870080
(1675526284.247531) vcan0 288#03E3C03F00000080
(1675526284.247609) vcan0 0E0#627326E800801500
(1675526284.248606) vcan0 072#F000FF3F0078A038
(1675526284.249718) vcan0 055#CEF71F28B24F9C80
(1675526284.250614) vcan0 065#95E31BF8F08D1202
(1675526284.251718) vcan0 070#00002FF814E25B00
(1675526284.252752) vcan0 075#0000000000005458
(1675526284.252847) vcan0 080#54508000C2002C00
(1675526284.252921) vcan0 0B0#3983A3A2F1C139A3
(1675526284.253818) vcan0 125#E5158EE4C1D0D735
(1675526284.258072) vcan0 145#FDB2D480FCC810A1
(1675526284.258146) vcan0 1B0#00C0000005B000FC
(1675526284.258289) vcan0 1B5#FF3D992120E0FFEF
(1675526284.258363) vcan0 1D8#363339343234DD43
(1675526284.258435) vcan0 1E0#0008D34300B917E0
(1675526284.258509) vcan0 010#000000002FB031F8
(1675526284.258583) vcan0 1D0#0000000000000061
(1675526284.258725) vcan0 008#F68D58869F870080
(1675526284.258799) vcan0 3C8#6B87008E886C008E
(1675526284.259148) vcan0 290#0000000000000000
(1675526284.260239) vcan0 260#D0FF0055497585B0
(1675526284.261259) vcan0 0F5#7C8326837F7332D3
(1675526284.262346) vcan0 120#998331837F135689
(1675526284.263372) vcan0 130#E70C1E6603CAFF11
(1675526284.264315) vcan0 150#5B03FDC84BF9D5C0
(1675526284.265404) vcan0 010#000000002FB031F8
(1675526284.265481) vcan0 072#F000FF3F00788038
(1675526284.266427) vcan0 330#2800000000000000
(1675526284.266505) vcan0 008#DD8D688F9F870080
(1675526284.267448) vcan0 0E0#62732CF00080EF00
(1675526284.269884) vcan0 210#12E080A0A869CF4D
(1675526284.272837) vcan0 288#CAE2D02F00000080
(1675526284.272912) vcan0 055#CFF72128B2519C80
(1675526284.272987) vcan0 065#8EE31EF8F68D1402
(1675526284.273059) vcan0 070#00002FF815E25B00
(1675526284.273203) vcan0 075#0000000000005458
(1675526284.273277) vcan0 080#57508000C2002C00
(1675526284.273352) vcan0 0B0#3983A0A2F3C139A3
(1675526284.273906) vcan0 125#E5E08DE4C1D0D735
(1675526284.273989) vcan0 145#FDA2D580FCC810A1
(1675526284.274064) vcan0 28C#000000000018FE97
(1675526284.274138) vcan0 1B0#00C0000006B000FC
(1675526284.274280) vcan0 1B5#FF3F9B2221E0FFEF
(1675526284.274969) vcan0 1D8#363339343234DD43
(1675526284.275043) vcan0 010#000000002FB031F8
(1675526284.275119) vcan0 1D0#0000000000000861
(1675526284.277867) vcan0 1E0#000CC34300B917E0
(1675526284.277940) vcan0 291#0000000000000000
(1675526284.278015) vcan0 2B5#4B042E6293A66145
(1675526284.278088) vcan0 2C3#6B8700FFFF5D5450
(1675526284.278162) vcan0 008#C48D78A790870080
(1675526284.278306) vcan0 370#0720C000751BCB1F
(1675526284.278928) vcan0 072#F000FF3F0078A038
(1675526284.279965) vcan0 0F5#798339837F7722D3
(1675526284.281001) vcan0 120#838334837F125689
(1675526284.282043) vcan0 130#EF0A1E6603BAFF11
(1675526284.283078) vcan0 010#000000002FB031F8
(1675526284.284179) vcan0 150#5103F0D845F9CFC0
(1675526284.285215) vcan0 2A9#8C26008AC0000084
(1675526284.286317) vcan0 008#AB8D88BE82870080
(1675526284.287349) vcan0 0E0#62732EF80080CD00
(1675526284.289781) vcan0 055#CEF72228B2529C80
(1675526284.292735) vcan0 065#88E31EF8F98D1302
(1675526284.292808) vcan0 070#00002FF816E25A00
(1675526284.292883) vcan0 075#0000000000005458
(1675526284.293027) vcan0 080#5B508000C2002C00
(1675526284.293100) vcan0 0B0#39839DA2F4C139A3
(1675526284.293789) vcan0 125#E5AF8DE4C1D0D735
(1675526284.293864) vcan0 145#FD92D680FCC810A1
(1675526284.293937) vcan0 260#D0FF0055497985B0
(1675526284.294079) vcan0 1B0#00C0000004B000FC
(1675526284.294850) vcan0 1B5#FF429D2422E0FFEF
(1675526284.294924) vcan0 1D8#363339343234DD43
(1675526284.294998) vcan0 010#000000002FB031F9
(1675526284.295141) vcan0 072#F000FF3F00788038
(1675526284.295214) vcan0 1D0#0000000000000261
(1675526284.295906) vcan0 1E0#000CC30300B917E0
(1675526284.298790) vcan0 210#12E080A0A869CF4D
(1675526284.298864) vcan0 290#0000000000000000
(1675526284.298938) vcan0 008#928D98DD6C870080
(1675526284.299081) vcan0 2C0#6B8700E30100A0F1
(1675526284.299154) vcan0 288#E7E2D02F00000080
(1675526284.299228) vcan0 2C5#02DF2F428CE30070
(1675526284.299298) vcan0 350#A200000000000080
(1675526284.299884) vcan0 0F5#858344837F7B12D3
(1675526284.300900) vcan0 120#7B8337837F0B5689
(1675526284.302062) vcan0 130#F70C1E6603AAFF11
(1675526284.303088) vcan0 010#000000002FB031F8
(1675526284.304105) vcan0 150#6303F9E840F9ADC0
(1675526284.305191) vcan0 291#0000000000000000
(1675526284.305269) vcan0 3CA#00000000D60000C8
(1675526284.305346) vcan0 400#010300010100011D
(1675526284.306652) vcan0 405#D5071A9849186701
(1675526284.306729) vcan0 425#0000000000000000
(1675526284.306879) vcan0 008#778DA8F65E870080
(1675526284.307751) vcan0 0E0#62732DC00080AE00
(1675526284.308765) vcan0 072#F000FF3F0078A038
(1675526284.309835) vcan0 055#CFF72228B2549C80
(1675526284.310868) vcan0 065#85E320F8FC8D1502
(1675526284.311971) vcan0 070#00002FF816E25A00
(1675526284.316223) vcan0 075#0000000000005458
(1675526284.316297) vcan0 080#5C508000C2002C00
(1675526284.316371) vcan0 0B0#39839CA2F5C139A3
(1675526284.316458) vcan0 125#E57A8DE4C1D0D735
(1675526284.316599) vcan0 145#FD82D780FCC810A1
(1675526284.316672) vcan0 28C#000000000018FE96
(1675526284.316748) vcan0 1B0#00C0000002B000FC
(1675526284.316821) vcan0 1B5#FF449F2523E0FFEF
(1675526284.316963) vcan0 010#000000002FB031F8
(1675526284.317037) vcan0 1D0#0000000000000061
(1675526284.317112) vcan0 1D8#363339343234DD43
(1675526284.317185) vcan0 1E0#0010B34300B917E0
(1675526284.317328) vcan0 2B5#4B042C6293A66048
(1675526284.317403) vcan0 2C3#6B8700FFFF5D5450
(1675526284.317477) vcan0 340#5300000000000000
(1675526284.317551) vcan0 008#5E8DB81548870080
(1675526284.317626) vcan0 210#12E080A0A869CF45
(1675526284.318384) vcan0 288#BEE2D02F00000080
(1675526284.319303) vcan0 290#0000000000000000
(1675526284.320402) vcan0 260#D0FF0055497985B0
(1675526284.324376) vcan0 0F5#83833C837F7F02D3
(1675526284.324455) vcan0 120#9C8339837F075689
(1675526284.324605) vcan0 130#FF0A1E66039AFF11
(1675526284.324682) vcan0 010#000000002FB031F8
(1675526284.324758) vcan0 072#F000FF3F00788038
(1675526284.325487) vcan0 150#5E03F4F83BF9A2C0
(1675526284.325564) vcan0 2A9#8C260093C0000084
(1675526284.326509) vcan0 008#458DC82C3A870080
(1675526284.327526) vcan0 0E0#62732CC800808F00
(1675526284.328613) vcan0 360#718700D2A769A001
(1675526284.329689) vcan0 055#CEF72328B2549C80
(1675526284.330722) vcan0 065#88E321F8FF8D1602
(1675526284.331757) vcan0 070#00002FF817E25900
(1675526284.332793) vcan0 075#0000000000005458
(1675526284.332935) vcan0 080#5D508000C2002C00
(1675526284.334324) vcan0 0B0#39839CA2F6C139A3
(1675526284.334401) vcan0 125#E5488DE4C1D0D735
(1675526284.334474) vcan0 145#FD72D880FCC810A1
(1675526284.334548) vcan0 1B0#00C0000001B000FC
(1675526284.334693) vcan0 1B5#FF46A12624E0FFEF
(1675526284.334765) vcan0 1D8#363339343234DD43
(1675526284.334839) vcan0 010#000000002FB031F8
(1675526284.335392) vcan0 1D0#0000000000000061
(1675526284.335467) vcan0 1E0#0014A34300B917E0
(1675526284.335541) vcan0 291#0000000000000000
(1675526284.339681) vcan0 390#80FF0519022A556F
(1675526284.339759) vcan0 008#2C8DD8442B870080
(1675526284.339837) vcan0 072#F000FF3F0078A038
(1675526284.339914) vcan0 3B0#00D83F3C32A4C600
(1675526284.340786) vcan0 0F5#838341837F43F2D4
(1675526284.341875) vcan0 120#8C8333837F0C5689
(1675526284.342907) vcan0 130#87041E66038AFF11
(1675526284.343922) vcan0 150#6303E60836F98DC0
(1675526284.345010) vcan0 010#000000002FB031F8
(1675526284.345089) vcan0 210#12E080A0A869CF45
(1675526284.345166) vcan0 330#2800000000000000
(1675526284.346037) vcan0 3D0#9B0F6100170480C3
(1675526284.346115) vcan0 008#138DE84D2B870080
(1675526284.347129) vcan0 288#B6E2D02F00000080
(1675526284.348145) vcan0 0E0#62732AD000807100
(1675526284.349233) vcan0 430#2808280000001586
(1675526284.352123) vcan0 055#CFF72428B2589C80
(1675526284.352197) vcan0 065#93E322F8088E1602
(1675526284.352270) vcan0 070#00002FF817E25900
(1675526284.353168) vcan0 075#0000000000005458
(1675526284.353240) vcan0 080#5F508000C2002C00
(1675526284.353314) vcan0 0B0#39839DA2F5C139A3
(1675526284.353409) vcan0 125#E5178DE4C1D0D735
(1675526284.353551) vcan0 145#FD62D980FCC810A1
(1675526284.354243) vcan0 260#D0FF00AA497C85B0
(1675526284.354316) vcan0 1B0#00C0000002B000FC
(1675526284.354390) vcan0 1B5#FF49A32725E0FFEF
(1675526284.354465) vcan0 1D8#363339343234DD43
(1675526284.357075) vcan0 010#000000002FB031F8
(1675526284.357218) vcan0 072#F000FF3F00788038
(1675526284.357293) vcan0 1D0#0000000000000861
(1675526284.357366) vcan0 1E0#0014A30300B917E0
(1675526284.357440) vcan0 28C#000000000018FE95
(1675526284.357581) vcan0 290#0000000000000000
(1675526284.357655) vcan0 008#FA8CF86C16870080
(1675526284.357729) vcan0 2B5#4B042C6293A65F49
(1675526284.357803) vcan0 2C0#6B8700E20100A0F1
(1675526284.357876) vcan0 2C3#6B8700FFFF5D5450
(1675526284.358028) vcan0 2C5#02DF2F4286E30070
(1675526284.358104) vcan0 3AF#0000000000000020
(1675526284.358178) vcan0 0F5#7F8332837F47E2D4
(1675526284.359211) vcan0 120#718332837F025689
(1675526284.360315) vcan0 130#8F071E66037AFF11
(1675526284.364284) vcan0 150#5603ED1831F98AC0
(1675526284.365372) vcan0 010#000000002FB031F8
(1675526284.365450) vcan0 291#0000000000000000
(1675526284.366392) vcan0 2A9#8C26008AC0000084
(1675526284.366471) vcan0 008#E18C087516870080
(1675526284.367486) vcan0 0E0#62732BD800805000
(1675526284.368501) vcan0 072#F000FF3F0078A038
(1675526284.369601) vcan0 210#12E080A0A869CF4D
(1675526284.370616) vcan0 288#A9E2E01F00000080
(1675526284.371704) vcan0 055#CEF72328B25B9C81
(1675526284.372791) vcan0 065#A0E322F80B8E1602
(1675526284.372879) vcan0 070#00002FF817E25900
(1675526284.373029) vcan0 075#0000000000005458
(1675526284.375704) vcan0 080#5F508000C2002C00
(1675526284.375781) vcan0 0B0#3983A0A2F2C139A3
(1675526284.375860) vcan0 125#E5E88CE4C1D0D735
(1675526284.375939) vcan0 145#FD52DA80FCC810A1
(1675526284.376089) vcan0 1B0#00C0000003B000FC
(1675526284.376165) vcan0 1B5#FF4BA52826E0FFEF
(1675526284.376243) vcan0 1D8#363339343234DD43
(1675526284.376321) vcan0 010#000000002FB031F9
(1675526284.376398) vcan0 1D0#0000000000000261
(1675526284.376476) vcan0 1E0#0018934300B917E0
(1675526284.376625) vcan0 370#0720C000751BCB1F
(1675526284.376703) vcan0 008#C88C187E16870080
(1675526284.376782) vcan0 3C8#6B87008E886C008E
(1675526284.377798) vcan0 290#0000000000000000
(1675526284.378895) vcan0 350#A200000000000080
(1675526284.382905) vcan0 260#D0FF00AA497D85B0
(1675526284.383938) vcan0 0F5#868334837F4BD2D4
(1675526284.384013) vcan0 120#B28336837F085689
(1675526284.384085) vcan0 130#97011E66036AFF11
(1675526284.385052) vcan0 010#000000002FB031F8
(1675526284.385194) vcan0 072#F000FF3F00788038
(1675526284.385268) vcan0 150#5E03E5282DF972C0
(1675526284.386098) vcan0 008#B18C288516870080
(1675526284.387198) vcan0 0E0#627334E000802700
(1675526284.388231) vcan0 055#CEF72428B25F9C80
(1675526284.389351) vcan0 065#ADE322F80C8E1602
(1675526284.390384) vcan0 070#00002FF818E25900
(1675526284.391486) vcan0 075#0000000000005458
(1675526284.392520) vcan0 080#61508000C2002C00
(1675526284.395270) vcan0 0B0#3983A4A2EFC139A3
(1675526284.395367) vcan0 125#E5B68CE4C1D0D735
(1675526284.395509) vcan0 145#FD42DB80FCC810A1
(1675526284.395584) vcan0 28C#000000000018FE97
(1675526284.395657) vcan0 1B0#00C0000004B000FC
(1675526284.395730) vcan0 1B5#FF4DA72927E0FFEF
(1675526284.395873) vcan0 1D8#363339343234DD43
(1675526284.395946) vcan0 010#000000002FB031F8
(1675526284.396019) vcan0 1D0#0000000000000061
(1675526284.396094) vcan0 1E0#001C834300B917E0
(1675526284.396169) vcan0 210#12E08020A869CF45
(1675526284.396311) vcan0 291#0000000000000000
(1675526284.396385) vcan0 2B5#4B042D6293A65F48
(1675526284.396459) vcan0 008#988C388E16870080
(1675526284.396533) vcan0 2C3#6B8700FFFF5E5450
(1675526284.397976) vcan0 288#ADE2E01F00000080
(1675526284.398050) vcan0 340#5300000000000000
(1675526284.399024) vcan0 072#F000FF3F0078A038
(1675526284.400059) vcan0 0F5#818318837F4FC2D4
(1675526284.401092) vcan0 120#9F833A837F0B5689
(1675526284.402127) vcan0 130#9FFF1D66035AFF11
(1675526284.403230) vcan0 010#000000002FB031F8
(1675526284.404264) vcan0 150#4F03E63828F971C0
(1675526284.405297) vcan0 2A9#8C260082C0000084
(1675526284.406331) vcan0 008#7F8C48A607870080
(1675526284.407637) vcan0 0E0#62732DE800800E00
(1675526284.411749) vcan0 055#CEF72528B2639C80
(1675526284.412837) vcan0 065#BCE323F80B8E1702
(1675526284.412915) vcan0 070#00002FF818E25900
(1675526284.412993) vcan0 075#0000000000005458
(1675526284.413864) vcan0 080#62508000C2002C00
(1675526284.413944) vcan0 0B0#3983A7A2EDC139A3
(1675526284.414020) vcan0 125#E5848CE4C1D0D735
(1675526284.414107) vcan0 145#FD32DC80FCC810A1
(1675526284.414256) vcan0 1B0#00C0000005B000FC
(1675526284.414913) vcan0 1B5#FF50A92A28E0FFEF
(1675526284.414991) vcan0 010#000000002FB031F8
(1675526284.415067) vcan0 072#F000FF3F00788038
(1675526284.415218) vcan0 1D0#0000000000000061
(1675526284.415946) vcan0 1D8#363339343234DD43
(1675526284.416096) vcan0 1E0#001C830300B917E0
(1675526284.420168) vcan0 260#D0FF00AA497F85B0
(1675526284.420311) vcan0 290#0000000000000000
(1675526284.420385) vcan0 008#668C58AF07870080
(1675526284.420459) vcan0 2C0#6B8700E10100A0F1
(1675526284.420534) vcan0 2C5#02D72E41B0E30070
(1675526284.420606) vcan0 210#0EE080A0A869CF4D
(1675526284.421230) vcan0 288#A9E2E01F00000080
(1675526284.422331) vcan0 0F5#A3833A837F53B2D5
(1675526284.423372) vcan0 120#6C8334837F0F5689
(1675526284.424406) vcan0 130#A7011E66034AFF11
(1675526284.424480) vcan0 010#000000002FB031F8
(1675526284.424552) vcan0 150#5C03E94824F954C0
(1675526284.425448) vcan0 291#0000000000000000
(1675526284.425523) vcan0 330#2800000000000000
(1675526284.425596) vcan0 3CA#00000000C00000C8
(1675526284.426493) vcan0 008#4D8C68C7F9860080
(1675526284.427526) vcan0 0E0#62732CF00080EF00
(1675526284.428627) vcan0 072#F000FF3F0078A038
(1675526284.429691) vcan0 360#718700D2A769A001
(1675526284.430727) vcan0 055#CDF72428B2639C80
(1675526284.433609) vcan0 065#CBE324F80D8E1802
(1675526284.433683) vcan0 070#000030F817E25A00
(1675526284.433757) vcan0 075#0000000000005458
(1675526284.433901) vcan0 080#60508000C2002C00
(1675526284.433984) vcan0 0B0#3983ACA2E8C139A3
(1675526284.434057) vcan0 125#E5558CE4C1D0D735
(1675526284.434132) vcan0 145#FD22DD80FCC810A1
(1675526284.434206) vcan0 28C#000000000018FE98
(1675526284.434691) vcan0 1B0#00C0000006B000FC
(1675526284.434765) vcan0 1B5#FF52AC2C29E0FFEF
(1675526284.434840) vcan0 010#000000002FB031F8
(1675526284.434914) vcan0 1D0#0000000000000861
(1675526284.435056) vcan0 1D8#363339343234DD43
(1675526284.436159) vcan0 1E0#0020734300B917E0
(1675526284.436232) vcan0 2B5#4B042E6293A66146
(1675526284.436374) vcan0 2C3#6B8700FFFF5E5450
(1675526284.436448) vcan0 390#80FF05190226564F
(1675526284.436522) vcan0 008#368C78CEF9860080
(1675526284.437213) vcan0 290#0000000000000000
(1675526284.438384) vcan0 260#D0FF00AA497F85B0
(1675526284.439448) vcan0 0F5#768343837F57A2D5
(1675526284.440464) vcan0 120#868321837F0B5689
(1675526284.441483) vcan0 130#AFFF1D66033AFF11
(1675526284.445674) vcan0 010#000000002FB031F8
(1675526284.445822) vcan0 072#F000FF3F00788038
(1675526284.445901) vcan0 150#6603E55820F93AC0
(1675526284.445978) vcan0 210#0EE080A0A869CF45
(1675526284.446058) vcan0 2A9#8C26009BC0000084
(1675526284.446135) vcan0 008#1D8C88E5EB860080
(1675526284.446790) vcan0 288#B2E2E01F00000080
(1675526284.447805) vcan0 0E0#627334F80080C700
(1675526284.448965) vcan0 055#CDF72428B2659C80
(1675526284.449954) vcan0 065#D8E325F80E8E1802
(1675526284.451058) vcan0 070#000030F817E25B00
(1675526284.452091) vcan0 075#0000000000005458
(1675526284.453143) vcan0 080#61508000C2002C00
(1675526284.453278) vcan0 0B0#3983B1A2E2C139A3
(1675526284.453352) vcan0 125#E5268CE4C1D0D735
(1675526284.454179) vcan0 145#FD12DE80FCC810A1
(1675526284.454323) vcan0 1B0#00C0000008B000FC
(1675526284.454395) vcan0 1B5#FF54AE2D2AE0FFEF
(1675526284.454469) vcan0 1D8#363339343234DD43
(1675526284.454544) vcan0 1E0#0024634300B917E0
(1675526284.455506) vcan0 010#000000002FB031F9
(1675526284.455651) vcan0 1D0#0000000000000261
(1675526284.455725) vcan0 291#0000000000000000
(1675526284.456620) vcan0 008#068C98ECEB860080
(1675526284.460558) vcan0 072#F000FF3F0078A038
(1675526284.460632) vcan0 3B0#00D83F3832A4C402
(1675526284.461576) vcan0 0F5#7E8333837F5B92D5
(1675526284.462664) vcan0 120#9E833E837F1D5689
(1675526284.463682) vcan0 130#B7FF1D66032AFF11
(1675526284.464781) vcan0 150#5803DD681BF938C0
(1675526284.465869) vcan0 010#000000002FB031F8
(1675526284.465946) vcan0 008#EF8BA8F4EB860080
(1675526284.466889) vcan0 0E0#627327C00080B400
(1675526284.467978) vcan0 210#0EE080A0A869CF4D
(1675526284.471893) vcan0 288#80E2F00F00000080
(1675526284.471967) vcan0 055#CDF72528B2669C80
(1675526284.472039) vcan0 065#E2E324F80C8E1702
(1675526284.472938) vcan0 070#000030F818E25B00
(1675526284.473011) vcan0 075#0000000000005458
(1675526284.473085) vcan0 080#63508000C2002C00
(1675526284.473229) vcan0 0B0#3983B4A2E1C139A3
(1675526284.473303) vcan0 125#E5F48BE4C1D0D735
(1675526284.474062) vcan0 145#FD02DF80FCC810A1
(1675526284.474136) vcan0 260#D0FF0055498285B0
(1675526284.474280) vcan0 1B0#00C0000003B000FC
(1675526284.474361) vcan0 1B5#FF57B02E2BE0FFEF
(1675526284.476970) vcan0 010#000000002FB031F8
(1675526284.477045) vcan0 072#F000FF3F00788038
(1675526284.477118) vcan0 1D0#0000000000000061
(1675526284.477262) vcan0 1D8#363339343234DD43
(1675526284.477336) vcan0 1E0#0024630300B917E0
(1675526284.477409) vcan0 28C#000000000018FE9A
(1675526284.477484) vcan0 290#0000000000000000
(1675526284.477627) vcan0 008#D98BB81EC7860080
(1675526284.477699) vcan0 2B5#4B042F6293A66242
(1675526284.477772) vcan0 2C0#6B8700E00100A0F1
(1675526284.477847) vcan0 2C3#6B8700FFFF5E5450
(1675526284.477922) vcan0 2C5#03D72F41CFE30070
(1675526284.478065) vcan0 340#5300000000000000
(1675526284.478139) vcan0 350#A200000000000080
(1675526284.478214) vcan0 370#0720C000751BCB1F
(1675526284.480956) vcan0 3AF#0000000000000020
(1675526284.481033) vcan0 3E0#000000D930808090
(1675526284.481977) vcan0 0F5#96833D837F5F82D6
(1675526284.483063) vcan0 120#75833F837F165689
(1675526284.484082) vcan0 130#BFFF1D66031AFF11
(1675526284.484160) vcan0 010#000000002FB031F8
(1675526284.485249) vcan0 150#6003D77817F920C0
(1675526284.485326) vcan0 291#0000000000000000
(1675526284.485404) vcan0 2A9#8C260082C0000084
(1675526284.486276) vcan0 008#C28BC825C7860080
(1675526284.487291) vcan0 0E0#62732AC800809100
(1675526284.488380) vcan0 072#F000FF3F0078A038
(1675526284.489409) vcan0 055#CEF72728B2689C80
(1675526284.490374) vcan0 065#EEE325F80A8E1802
(1675526284.491408) vcan0 070#000030F819E25B00
(1675526284.492921) vcan0 075#0000000000005458
(1675526284.493005) vcan0 080#67508000C2002C00
(1675526284.493079) vcan0 0B0#3983B8A2E1C139A3
(1675526284.493153) vcan0 125#E5CD8BE4C1D0D735
(1675526284.493982) vcan0 145#FDF2D080FCC810A1
(1675526284.494056) vcan0 1B0#00C0000006B000FC
(1675526284.494129) vcan0 1B5#FF59B22F2CE0FFEF
(1675526284.494272) vcan0 1D8#363339343234DD43
(1675526284.495031) vcan0 010#000000002FB031F8
(1675526284.497915) vcan0 1D0#0000000000000061
(1675526284.497989) vcan0 1E0#0028534300B917E0
(1675526284.498063) vcan0 210#0EE080A0A869CF4D
(1675526284.498205) vcan0 008#AB8BD849AA860080
(1675526284.498281) vcan0 288#7CE2F00F00000080
(1675526284.498355) vcan0 3C8#6B87008E886C008E
(1675526284.498976) vcan0 290#0000000000000000
(1675526284.500011) vcan0 260#D0FF0055498385B0
(1675526284.501039) vcan0 0F5#B98351837F6372D6
(1675526284.502126) vcan0 120#708332837F145689
(1675526284.503142) vcan0 130#C7FF1D66030AFF11
(1675526284.504230) vcan0 150#7A03D68813F9F6C0
(1675526284.505246) vcan0 010#000000002FB031F8
(1675526284.505324) vcan0 072#F000FF3F00788038
(1675526284.505473) vcan0 330#2800000000000000
(1675526284.508078) vcan0 008#948BE85F9B860080
(1675526284.508154) vcan0 0E0#62732AD000807100
(1675526284.509097) vcan0 055#CDF72828B26A9C80
(1675526284.510170) vcan0 065#F3E325F8078E1802
(1675526284.511205) vcan0 070#000030F819E25B00
(1675526284.512308) vcan0 075#0000000000005458
(1675526284.513207) vcan0 080#6A508000C2002C00
(1675526284.516225) vcan0 0B0#3983BAA2E1C139A3
(1675526284.516300) vcan0 125#E5A18BE4C1D0D735
(1675526284.516384) vcan0 145#FDE2D180FCC810A1
(1675526284.516458) vcan0 28C#000000000018FE9B
(1675526284.516532) vcan0 1B0#00C0000006B000FC
(1675526284.516675) vcan0 1B5#FF5BB4302DE0FFEF
(1675526284.516749) vcan0 010#000000002FB031F8
(1675526284.516822) vcan0 1D0#0000000000000861
(1675526284.516896) vcan0 1D8#363339343234DD43
(1675526284.517039) vcan0 1E0#002C434300B917E0
(1675526284.517113) vcan0 291#0000000000000000
(1675526284.517185) vcan0 2B5#4B04306293A66343
(1675526284.517260) vcan0 2C3#6B8700FFFF5E5450
(1675526284.517335) vcan0 008#808BF88777860080
(1675526284.517478) vcan0 072#F000FF3F0078A038
(1675526284.519855) vcan0 210#0EE080A0A869CF45
(1675526284.520889) vcan0 288#6CE2F00F00000080
(1675526284.521923) vcan0 0F5#AE8350837F6762D6
(1675526284.522964) vcan0 120#A78346837F105689
(1675526284.523999) vcan0 130#CFFF1D6603FAFF11
(1675526284.525102) vcan0 010#000000002FB031F8
(1675526284.525176) vcan0 150#8803D2980FF9D8C0
(1675526284.525248) vcan0 2A9#8C26009BC0000084
(1675526284.526146) vcan0 008#6B8B089A69860080
(1675526284.527179) vcan0 0E0#627331D800804A00
(1675526284.529624) vcan0 360#718700D2A769A001
(1675526284.533810) vcan0 055#CEF72928B26A9C80
(1675526284.533886) vcan0 065#F9E327F8058E1902
(1675526284.533960) vcan0 070#000030F81AE25B00
(1675526284.534101) vcan0 075#0000000000005458
(1675526284.534175) vcan0 080#6D508000C2002C00
(1675526284.534249) vcan0 0B0#3983BBA2E1C139A3
(1675526284.534323) vcan0 125#E5788BE4C1D0D735
(1675526284.534466) vcan0 145#FDD2D280FCC810A1
(1675526284.534562) vcan0 1B0#00C0000007B000FC
(1675526284.534911) vcan0 1B5#FF5DB6312EE0FFEF
(1675526284.534985) vcan0 010#000000002FB031F9
(1675526284.535059) vcan0 072#F000FF3F00788038
(1675526284.535133) vcan0 1D0#0000000000000261
(1675526284.535960) vcan0 1D8#363339343234DD43
(1675526284.536034) vcan0 1E0#002C430300B917E0
(1675526284.536108) vcan0 260#D0FF0055498585B0
(1675526284.536182) vcan0 290#0000000000000000
(1675526284.536325) vcan0 008#598B18C045860080
(1675526284.537016) vcan0 2C0#6B8700E00100A0F1
(1675526284.537090) vcan0 2C5#03D73140F5E30070
(1675526284.539801) vcan0 390#80FF05190222574F
(1675526284.540818) vcan0 0F5#7E8353837F6B52D6
(1675526284.541978) vcan0 120#7F8350837F0B5689
(1675526284.542994) vcan0 130#D7FF1D6603EAFF11
(1675526284.544090) vcan0 010#000000002FB031F8
(1675526284.545107) vcan0 150#7103D4A80BF9DFC0
(1675526284.545185) vcan0 210#0EE08020A869CF45
(1675526284.545335) vcan0 291#0000000000000000
(1675526284.545413) vcan0 3CA#00000000D10000C8
(1675526284.546210) vcan0 3D0#9B0F6100170480C3
(1675526284.546289) vcan0 008#458B28D237860080
(1675526284.547233) vcan0 288#8DE2F00F00000080
(1675526284.547309) vcan0 0E0#627335E000802600
(1675526284.548252) vcan0 072#F000FF3F0078A038
(1675526284.552320) vcan0 055#CDF72A28B26C9C80
(1675526284.552395) vcan0 065#FBE328F8038E1A02
(1675526284.552472) vcan0 070#000030F81BE25B00
(1675526284.553330) vcan0 075#0000000000005458
(1675526284.553477) vcan0 080#70508000C2002C00
(1675526284.553553) vcan0 0B0#3983BCA2E1C139A3
(1675526284.553639) vcan0 125#E54E8BE4C1D0D735
(1675526284.553717) vcan0 145#FDC2D380FCC810A1
(1675526284.554431) vcan0 1B0#00C0000008B000FC
(1675526284.554508) vcan0 1B5#FF60B83330E0FFEF
(1675526284.554585) vcan0 1D8#363339343234DD43
(1675526284.554661) vcan0 1E0#0030334300B917E0
(1675526284.557293) vcan0 010#000000002FB031F8
(1675526284.557367) vcan0 1D0#0000000000000061
(1675526284.557514) vcan0 28C#000000000018FE9C
(1675526284.557591) vcan0 2B5#4B04316293A66444
(1675526284.557666) vcan0 2C3#6B8700FFFF5E5450
(1675526284.557744) vcan0 340#5300000000000000
(1675526284.557820) vcan0 008#2E8B38EF21860080
(1675526284.557896) vcan0 400#0F0102010100011E
(1675526284.558045) vcan0 405#71870039002E3C02
(1675526284.558403) vcan0 290#0000000000000000
(1675526284.559490) vcan0 350#A200000000000080
(1675526284.560560) vcan0 260#D0FF00AA498685B0
(1675526284.561627) vcan0 0F5#9E8365837F6F42D7
(1675526284.562626) vcan0 120#8D8343837F095689
(1675526284.563766) vcan0 130#DF011E6603DAFF11
(1675526284.566680) vcan0 150#7303E2B807F9CDC0
(1675526284.566756) vcan0 010#000000002FB031F8
(1675526284.566833) vcan0 072#F000FF3F00788038
(1675526284.566909) vcan0 2A9#8C260082C0000084
(1675526284.567055) vcan0 008#178B480413860080
(1675526284.567841) vcan0 0E0#627338E800800300
(1675526284.568839) vcan0 210#0EE080A0A869CF4D
(1675526284.569911) vcan0 288#89E200FF00000080
(1675526284.570979) vcan0 055#CEF72B28B26A9C80
(1675526284.572048) vcan0 065#F6E329F8FE8D1A02
(1675526284.572124) vcan0 070#00002FF81BE25B00
(1675526284.573063) vcan0 075#0000000000005458
(1675526284.576048) vcan0 080#72508000C2002C00
(1675526284.576126) vcan0 0B0#3983BDA2E1C139A3
(1675526284.576201) vcan0 125#E5228BE4C1D0D735
(1675526284.576349) vcan0 145#FDB2D480FCC810A1
(1675526284.576425) vcan0 370#0720C000751BCB1F
(1675526284.576502) vcan0 1B0#00C0000006B000FC
(1675526284.576576) vcan0 1B5#FF62BA3431E0FFEF
(1675526284.576653) vcan0 1D8#363339343234DD43
(1675526284.576801) vcan0 010#000000002FB031F8
(1675526284.576878) vcan0 1D0#0000000000000061
(1675526284.576954) vcan0 1E0#0034234300B917E0
(1675526284.577031) vcan0 291#0000000000000000
(1675526284.577106) vcan0 008#008B58F628860080
(1675526284.577255) vcan0 072#F000FF3F0078A038
(1675526284.578181) vcan0 3B0#00D83F3832A4C400
(1675526284.582100) vcan0 0F5#AF8357837F7332D7
(1675526284.583170) vcan0 120#A0833D837F0E5689
(1675526284.584242) vcan0 010#000000002FB031F8
(1675526284.584319) vcan0 130#E7041E6603CAFF11
(1675526284.585246) vcan0 150#8903DAC803F9A7C0
(1675526284.585321) vcan0 330#2800000000000000
(1675526284.586392) vcan0 008#EA8A68FD28860080
(1675526284.587461) vcan0 0E0#627339F00080E200
(1675526284.588531) vcan0 055#CEF72C28B26C9C80
(1675526284.589530) vcan0 065#F1E32AF8FC8D1B02
(1675526284.590600) vcan0 070#000030F81CE25B00
(1675526284.591669) vcan0 075#0000000000005458
(1675526284.592668) vcan0 080#74508000C2002C00
(1675526284.595580) vcan0 0B0#3983BBA2E1C139A3
(1675526284.595655) vcan0 125#E5F38AE4C1D0D735
(1675526284.595733) vcan0 145#FDA2D580FCC810A1
(1675526284.595819) vcan0 260#D0FF00AA498885B0
(1675526284.595966) vcan0 1B0#00C0000003B000FC
(1675526284.596043) vcan0 1B5#FF64BC3532E0FFEF
(1675526284.596118) vcan0 1D8#363339343234DD43
(1675526284.596197) vcan0 010#000000002FB031F8
(1675526284.596273) vcan0 072#F000FF3F00788038
(1675526284.596349) vcan0 1D0#0000000000000861
(1675526284.596496) vcan0 1E0#0034230300B917E0
(1675526284.596572) vcan0 210#0EE080A0A869CF45
(1675526284.596649) vcan0 28C#000000000018FE9C
(1675526284.598571) vcan0 008#D18A78E945860080
(1675526284.598647) vcan0 290#0000000000000000
(1675526284.598721) vcan0 288#7CE200FF00000080
(1675526284.598868) vcan0 2B5#4B04306293A66546
(1675526284.598945) vcan0 2C0#6B8700DE0100A0F1
(1675526284.599022) vcan0 2C3#6B8700FFFF5E5450
(1675526284.599108) vcan0 2C5#03D73340FAE30070
(1675526284.599183) vcan0 3AF#0000000000000020
(1675526284.599693) vcan0 0F5#A48365837F7722D7
(1675526284.600693) vcan0 120#9A833F837F155689
(1675526284.601760) vcan0 010#000000002FB031F8
(1675526284.602829) vcan0 130#EF041E6603BAFF11
(1675526284.603825) vcan0 150#8003D6D8FFF8A0C0
(1675526284.604893) vcan0 291#0000000000000000
(1675526284.604970) vcan0 2A9#8C26008AC0000084
(1675526284.606180) vcan0 008#B58A88D862860080
(1675526284.607248) vcan0 0E0#627335F80080C600
(1675526284.608316) vcan0 072#F000FF3F0078A038
(1675526284.609351) vcan0 055#CEF72D28B26C9C80
(1675526284.612124) vcan0 065#EEE32BF8FD8D1C02
(1675526284.612272) vcan0 070#00002FF81CE25B00
(1675526284.613199) vcan0 075#0000000000005458
(1675526284.613286) vcan0 080#76508000C2002C00
(1675526284.613361) vcan0 0B0#3983BBA2E1C139A3
(1675526284.613438) vcan0 125#E5C18AE4C1D0D735
(1675526284.613585) vcan0 145#FD92D680FCC810A1
(1675526284.614229) vcan0 1B0#00C0000002B000FC
(1675526284.614377) vcan0 1B5#FF67BF3633E0FFEF
(1675526284.614454) vcan0 1D8#363339343234DD43
(1675526284.614529) vcan0 010#000000002FB031F9
(1675526284.615314) vcan0 1D0#0000000000000261
(1675526284.615390) vcan0 1E0#0038134300B917E0
(1675526284.616390) vcan0 008#988A98AC9B860080
(1675526284.616467) vcan0 3C8#6B87008E886C008E
(1675526284.619384) vcan0 210#0EE080A0A869D04D
(1675526284.620383) vcan0 288#70E200FF00000080
(1675526284.621451) vcan0 290#0000000000000000
(1675526284.622523) vcan0 260#D0FF00AA498985B0
(1675526284.623531) vcan0 0F5#B28362837F7B12D7
(1675526284.624601) vcan0 120#97837A837F045689
(1675526284.624678) vcan0 130#F70A1E7C03940112
(1675526284.624755) vcan0 010#000000002FB031F8
(1675526284.624831) vcan0 072#F000FF3F00788038
(1675526284.624979) vcan0 150#8E03D6E8FBF882C0
(1675526284.625621) vcan0 008#7F8AA889C7860080
(1675526284.626690) vcan0 0E0#62732CC00080AF00
(1675526284.627762) vcan0 360#718700D2A769A001
(1675526284.630254) vcan0 055#CEF72D28B26C9C80
(1675526284.631322) vcan0 065#E5E32CF8F98D1C02
(1675526284.632391) vcan0 070#00002FF81DE25B00
(1675526284.632468) vcan0 075#0000000000005458
(1675526284.635168) vcan0 080#77508000C2002C00
(1675526284.635244) vcan0 0B0#3983BAA2E2C139A3
(1675526284.635320) vcan0 125#E58D8AE4C1D0D735
(1675526284.635406) vcan0 145#FD82D780FCC810A1
(1675526284.635556) vcan0 28C#000000000018FE9B
(1675526284.635631) vcan0 1B0#00C0000003B000FC
(1675526284.635706) vcan0 1B5#FF69C13734E0FFEF
(1675526284.635784) vcan0 010#000000002FB031F8
(1675526284.635860) vcan0 1D0#0000000000000061
(1675526284.635935) vcan0 1D8#363339343234DD43
(1675526284.636083) vcan0 1E0#003C034300B917E0
(1675526284.636161) vcan0 291#0000000000000000
(1675526284.636236) vcan0 2B5#4B04306293A66448
(1675526284.636313) vcan0 2C3#6B8700FFFF5E5450
(1675526284.636390) vcan0 008#618AB865F9860080
(1675526284.639231) vcan0 340#5300000000000000
(1675526284.639315) vcan0 390#80FF0519021E584F
(1675526284.639392) vcan0 072#F000FF3F0078A038
(1675526284.640180) vcan0 0F5#BA8356837F7F02D8
(1675526284.641329) vcan0 120#B48365837F0B5689
(1675526284.642399) vcan0 130#FF0C1E7C03840712
(1675526284.643466) vcan0 150#8503D0F8F7F87BC0
(1675526284.644464) vcan0 010#000000002FB031F8
(1675526284.645531) vcan0 210#0EE080A0A869CF45
(1675526284.645609) vcan0 2A9#8C260093C0000084
(1675526284.646608) vcan0 008#448AC8303A870080
(1675526284.646685) vcan0 288#53E200FF00000080
(1675526284.647755) vcan0 0E0#627322C800809900
(1675526284.650123) vcan0 055#CEF72D28B26A9C80
(1675526284.651121) vcan0 065#DCE32DF8F98D1C02
(1675526284.652261) vcan0 070#00002FF81DE25B00
(1675526284.652410) vcan0 075#0000000000005458
(1675526284.655181) vcan0 080#77508000C2002C00
(1675526284.655257) vcan0 0B0#3983B7A2E2C139A3
(1675526284.655331) vcan0 125#E5588AE4C1D0D735
(1675526284.655420) vcan0 145#FD72D880FCC810A1
(1675526284.655497) vcan0 1B0#00C0000005B000FC
(1675526284.655645) vcan0 1B5#FF6CC33835E0FFEF
(1675526284.655720) vcan0 1D8#363339343234DD43
(1675526284.655797) vcan0 1E0#003C030300B917E0
(1675526284.655873) vcan0 260#D0FF0055498B85B0
(1675526284.655949) vcan0 010#000000002FB031F8
(1675526284.656097) vcan0 072#F000FF3F00788038
(1675526284.656173) vcan0 1D0#0000000000000061
(1675526284.656250) vcan0 290#0000000000000000
(1675526284.656324) vcan0 2C0#6B8700DA0100A0F1
(1675526284.656402) vcan0 008#288AD80A6C870080
(1675526284.659240) vcan0 2C5#03D73440E3E30070
(1675526284.659318) vcan0 350#A200000000000080
(1675526284.660246) vcan0 0F5#BB837B837F43F2D8
(1675526284.661318) vcan0 120#CE834A837F175689
(1675526284.662405) vcan0 130#870C1E7C03740D12
(1675526284.663405) vcan0 150#9903BD08F3F857C0
(1675526284.664475) vcan0 3CA#00000000D20000C8
(1675526284.665546) vcan0 010#000000002FB031F8
(1675526284.665622) vcan0 291#0000000000000000
(1675526284.665697) vcan0 330#2800000000000000
(1675526284.666555) vcan0 008#0B8AE8F390870080
(1675526284.667626) vcan0 0E0#627328D000807300
(1675526284.668695) vcan0 072#F000FF3F0078A038
(1675526284.669767) vcan0 210#0EE080A0A869CF4D
(1675526284.672256) vcan0 288#2FE210EF00000080
(1675526284.672333) vcan0 055#CEF72D28B26C9C80
(1675526284.672409) vcan0 065#D9E32DF8FC8D1D02
(1675526284.672486) vcan0 070#00002FF81DE25B00
(1675526284.672561) vcan0 075#0000000000005458
(1675526284.675192) vcan0 080#78508000C2002C00
(1675526284.675290) vcan0 0B0#3983B5A2E1C139A3
(1675526284.675367) vcan0 125#E5208AE4C1D0D735
(1675526284.675443) vcan0 145#FD62D980FCC810A1
(1675526284.675591) vcan0 1B0#00C0000006B000FC
(1675526284.675668) vcan0 1B5#FF6EC53A36E0FFEF
(1675526284.675743) vcan0 1D8#363339343234DD43
(1675526284.675820) vcan0 1E0#0000F34300B917E0
(1675526284.675898) vcan0 010#000000002FB031F8
(1675526284.675973) vcan0 1D0#0000000000000861
(1675526284.676121) vcan0 28C#000000000018FE9B
(1675526284.676198) vcan0 2B5#4B042F6293A66449
(1675526284.676272) vcan0 2C3#6B8700FFFF5E5450
(1675526284.676349) vcan0 370#0720C000751BCB1F
(1675526284.676425) vcan0 008#EF89F8E3AD870080
(1675526284.680201) vcan0 290#0000000000000000
(1675526284.681268) vcan0 260#D0FF0055498C85B0
(1675526284.682419) vcan0 0F5#AD836D837F47E2D8
(1675526284.683417) vcan0 120#AB835D837F1E5689
(1675526284.684486) vcan0 130#8F0F1E7C03640F12
(1675526284.684563) vcan0 010#000000002FB031F8
(1675526284.684710) vcan0 072#F000FF3F00788038
(1675526284.685568) vcan0 150#8E03BC18EFF852C0
(1675526284.685645) vcan0 2A9#8C26008AC0000084
(1675526284.686571) vcan0 008#D28908D3CA870080
(1675526284.687639) vcan0 0E0#62732AD800805100
(1675526284.690129) vcan0 055#CEF72E28B26A9C80
(1675526284.691126) vcan0 065#D5E32DF8FD8D1D02
(1675526284.692195) vcan0 070#00002FF81DE25B00
(1675526284.692272) vcan0 075#0000000000005458
(1675526284.695042) vcan0 080#79508000C2002C00
(1675526284.695190) vcan0 0B0#3983B5A2E1C139A3
(1675526284.695267) vcan0 125#E5EA89E4C1D0D735
(1675526284.695352) vcan0 145#FD52DA80FCC810A1
(1675526284.695428) vcan0 1B0#00C0000002B000FC
(1675526284.695504) vcan0 1B5#FF70C73B37E0FFEF
(1675526284.695581) vcan0 1D8#363339343234DD43
(1675526284.695728) vcan0 010#000000002FB031F9
(1675526284.695805) vcan0 1D0#0000000000000261
(1675526284.695882) vcan0 1E0#0004E34300B917E0
(1675526284.695956) vcan0 210#11E08020A869CF4D
(1675526284.696176) vcan0 291#0000000000000000
(1675526284.696254) vcan0 008#B78918BAEE870080
(1675526284.697180) vcan0 288#26E210EF00000080
(1675526284.698251) vcan0 072#F000FF3F0078A038
(1675526284.701047) vcan0 3B0#00D83F3832A4C400
(1675526284.702118) vcan0 0F5#B18370837F4BD2D8
(1675526284.703188) vcan0 120#81839B837F0E5689
(1675526284.704329) vcan0 130#970C1E81034F1212
(1675526284.704415) vcan0 010#000000002FB031F8
(1675526284.705342) vcan0 150#8F03B928EAF841C0
(1675526284.706410) vcan0 008#978928A512880080
(1675526284.707408) vcan0 0E0#627323E000803800
(1675526284.708477) vcan0 055#CEF72E28B26C9C80
(1675526284.709550) vcan0 065#D3E32DF8FE8D1D02
(1675526284.710621) vcan0 070#00002FF81DE25B00
(1675526284.713464) vcan0 075#0000000000005458
(1675526284.713541) vcan0 080#7A508000C2002C00
(1675526284.713688) vcan0 0B0#3983B4A2E2C139A3
(1675526284.714544) vcan0 125#E5B289E4C1D0D735
(1675526284.714619) vcan0 145#FD42DB80FCC810A1
(1675526284.714698) vcan0 1B0#00C0000002B000FC
(1675526284.714772) vcan0 010#000000002FB031F8
(1675526284.715558) vcan0 072#F000FF3F00788038
(1675526284.715636) vcan0 1B5#FF73CA3C38E0FFEF
(1675526284.715792) vcan0 1D0#0000000000000061
(1675526284.715867) vcan0 1D8#363339343234DD43
(1675526284.715943) vcan0 1E0#0004E30300B917E0
(1675526284.718502) vcan0 008#778938982F880080
(1675526284.718579) vcan0 260#D0FF0055498F85B0
(1675526284.718655) vcan0 28C#000000000018FE9A
(1675526284.718732) vcan0 290#0000000000000000
(1675526284.718807) vcan0 2B5#4B052E6293A6634A
(1675526284.718884) vcan0 2C0#6B8700D40100A0F1
(1675526284.719031) vcan0 2C3#6B8700FFFF5E5450
(1675526284.719106) vcan0 2C5#03D73540D8E30070
(1675526284.719185) vcan0 340#5300000000000000
(1675526284.719268) vcan0 3AF#0000000000000020
(1675526284.719488) vcan0 210#11E080A0A869CF45
(1675526284.720555) vcan0 288#01E210EF00000080
(1675526284.721624) vcan0 0F5#C38375837F4FC2D9
(1675526284.722631) vcan0 120#F3836C837F0B5689
(1675526284.723772) vcan0 130#9F0A1E85033B0F12
(1675526284.726614) vcan0 010#000000002FB031F8
(1675526284.726689) vcan0 150#9B03B638E5F825C0
(1675526284.726766) vcan0 291#0000000000000000
(1675526284.726842) vcan0 2A9#8C260093C0000084
(1675526284.726920) vcan0 008#5789488453880080
(1675526284.727633) vcan0 0E0#627322E800801900
(1675526284.728701) vcan0 072#F000FF3F0078A038
(1675526284.729773) vcan0 360#718700D2A769A001
(1675526284.730840) vcan0 055#CEF72F28B26C9C80
(1675526284.731839) vcan0 065#D7E32EF8018E1D02
(1675526284.732978) vcan0 070#00002FF81EE25B00
(1675526284.733055) vcan0 075#0000000000005458
(1675526284.733203) vcan0 080#7C508000C2002C00
(1675526284.733279) vcan0 0B0#3983B3A2E2C139A3
(1675526284.734074) vcan0 125#E57889E4C1D0D735
(1675526284.735499) vcan0 145#FD32DC80FCC810A1
(1675526284.735646) vcan0 1B0#00C0000003B000FC
(1675526284.735722) vcan0 1B5#FF75CC3D3AE0FFEF
(1675526284.735799) vcan0 010#000000002FB031F8
(1675526284.735875) vcan0 1D0#0000000000000061
(1675526284.735951) vcan0 1D8#363339343234DD43
(1675526284.736098) vcan0 1E0#0008D34300B917E0
(1675526284.736176) vcan0 390#80FF0519021A594F
(1675526284.736677) vcan0 008#3989588461880080
(1675526284.736754) vcan0 3C8#6B87008E886C008E
(1675526284.742007) vcan0 290#0000000000000000
(1675526284.742082) vcan0 350#A200000000000080
(1675526284.743081) vcan0 260#D0FF0055499085B0
(1675526284.744149) vcan0 0F5#C78377837F53B2D9
(1675526284.744227) vcan0 120#22845A837F0D5689
(1675526284.744310) vcan0 130#A70A1E85032B0A12
(1675526284.745172) vcan0 010#000000002FB031F8
(1675526284.745247) vcan0 072#F000FF3F00788038
(1675526284.745392) vcan0 150#9C03AB48E0F814C0
(1675526284.745469) vcan0 210#11E080A0A869CF45
(1675526284.745547) vcan0 330#2800000000000000
(1675526284.746332) vcan0 3D0#9B0F6100170480C3
(1675526284.746407) vcan0 008#178968886F880080
(1675526284.746484) vcan0 288#06E210EF00000080
(1675526284.747412) vcan0 0E0#627321F00080FA00
(1675526284.748409) vcan0 055#CEF72F28B26E9C80
(1675526284.749482) vcan0 065#DCE32EF8048E1D02
(1675526284.750551) vcan0 070#00002FF81EE25A00
(1675526284.751691) vcan0 075#0000000000005458
(1675526284.753185) vcan0 080#7D508000C2002C00
(1675526284.753262) vcan0 0B0#3983B4A2E2C139A3
(1675526284.753347) vcan0 125#E53E89E4C1D0D735
(1675526284.754275) vcan0 145#FD22DD80FCC810A1
