(1675526306.758742) vcan0 2B5#4B70376293A62700
(1675526306.758808) vcan0 008#2B80A03400800080
(1675526306.758891) vcan0 2C0#6B8700000000A0F1
(1675526306.758981) vcan0 2C5#00D77D87D2E50070
(1675526306.759066) vcan0 340#9700000000000000
(1675526306.759149) vcan0 350#A200000000000080
(1675526306.759230) vcan0 360#6B8700D3AB64A001
(1675526306.760529) vcan0 3AF#0000000000000020
(1675526306.762209) vcan0 010#000000002FB031F9
(1675526306.762292) vcan0 1D0#0000000000000A61
(1675526306.762374) vcan0 291#0000000000000000
(1675526306.762456) vcan0 390#80FF051D0236524F
(1675526306.763298) vcan0 1B0#00C0000001B000FC
(1675526306.763381) vcan0 1B5#FF1B9D01C8E0FFEF
(1675526306.763463) vcan0 1D8#363339343234E043
(1675526306.763546) vcan0 1E0#003C030300B917E0
(1675526306.764692) vcan0 0E0#62732BC00080B000
(1675526306.766220) vcan0 072#F000FF3F0078A038
(1675526306.766303) vcan0 3B0#00D8453835A8C400
(1675526306.767309) vcan0 008#2B80B02400800080
(1675526306.767469) vcan0 288#3FE010EF00000080
(1675526306.768768) vcan0 125#E56280E5C1D0D735
(1675526306.771582) vcan0 010#000000002FB031F8
(1675526306.771666) vcan0 210#59E080A0A869F54D
(1675526306.771747) vcan0 3D0#8E0F6100170480C3
(1675526306.772666) vcan0 0F5#2C8927897F6372B3
(1675526306.774039) vcan0 120#3D8931897F065689
(1675526306.774121) vcan0 130#C7EF1D3F092BE911
(1675526306.774204) vcan0 150#2909128813F841C0
(1675526306.774286) vcan0 3CA#00000000510000C8
(1675526306.777031) vcan0 055#DAF7DA27B2009C80
(1675526306.777113) vcan0 065#C3E5DAF7FDADD801
(1675526306.777220) vcan0 070#000024F8D8E13400
(1675526306.777302) vcan0 075#0000000000005458
(1675526306.777384) vcan0 080#9F4F8000C2002C00
(1675526306.777476) vcan0 0B0#6B8310A3D7C16BA3
(1675526306.777557) vcan0 145#FDB2D480FC4810A1
(1675526306.777639) vcan0 260#D0FF0055497487B0
(1675526306.777721) vcan0 370#0724C000681BCB1F
(1675526306.777805) vcan0 430#28082800000010A6
(1675526306.777886) vcan0 008#2B80C01400800080
(1675526306.779644) vcan0 010#000000002FB031F8
(1675526306.781098) vcan0 072#F000FF3F00788038
(1675526306.781180) vcan0 1D0#0000000000000061
(1675526306.782556) vcan0 1B0#00C0000001B000FC
(1675526306.782638) vcan0 1B5#FF21A304CBE0FFEF
(1675526306.783632) vcan0 1D8#363339343234E043
(1675526306.783714) vcan0 1E0#0000F34300B917E0
(1675526306.783796) vcan0 2C3#6B8700FFFF6D5450
(1675526306.785099) vcan0 0E0#627329C800809200
(1675526306.785180) vcan0 290#0000000000000000
(1675526306.787650) vcan0 008#2B80D00400800080
(1675526306.789100) vcan0 125#E56280E5C1D0D735
(1675526306.791616) vcan0 010#000000002FB031F8
(1675526306.791699) vcan0 291#0000000000000000
(1675526306.794442) vcan0 2A9#8C26009BC0000084
(1675526306.794524) vcan0 288#43E010EF00000080
(1675526306.794607) vcan0 3C8#6B87008E886C008E
(1675526306.794690) vcan0 0F5#25891F897F6762B4
(1675526306.794772) vcan0 120#418930897F015689
(1675526306.794854) vcan0 130#CFF21D3D091DEF11
(1675526306.794936) vcan0 150#2409149813F836C0
(1675526306.795551) vcan0 055#DAF7DA27B2009C80
(1675526306.795633) vcan0 065#BFE5DAF7FDADD801
(1675526306.795715) vcan0 070#000024F8D8E13400
(1675526306.797089) vcan0 072#F000FF3F0078A038
(1675526306.797227) vcan0 075#0000000000005458
(1675526306.797319) vcan0 080#9F4F8000C2002C00
(1675526306.797402) vcan0 0B0#6B8310A3D7C16BA3
(1675526306.797483) vcan0 145#FDA2D580FC4810A1
(1675526306.797566) vcan0 210#59E080A0A869F545
(1675526306.797649) vcan0 28C#000000000010BEA6
(1675526306.799934) vcan0 008#2B80E0F400800080
(1675526306.800015) vcan0 2B5#4B70376293A62700
(1675526306.801010) vcan0 010#000000002FB031F8
(1675526306.801093) vcan0 1D0#0000000000000061
(1675526306.802468) vcan0 1B0#00C0000001B000FC
(1675526306.803922) vcan0 1B5#FF27A906CEE0FFEF
(1675526306.804003) vcan0 1D8#363339343234E043
(1675526306.804086) vcan0 1E0#0004E34300B917E0
(1675526306.804167) vcan0 0E0#62732BD000807000
(1675526306.805467) vcan0 260#D0FF00AA497487B0
(1675526306.806918) vcan0 008#2B80F0E400800080
(1675526306.809507) vcan0 125#E56280E5C1D0D735
(1675526306.810960) vcan0 010#000000002FB031F8
(1675526306.811044) vcan0 072#F000FF3F00788038
(1675526306.811124) vcan0 330#B800000000000000
(1675526306.812423) vcan0 0F5#20891A897F6B52B5
(1675526306.812505) vcan0 120#3D892B897FFF5589
(1675526306.813502) vcan0 130#D7F21D3D090DF411
(1675526306.813583) vcan0 150#1F0918A813F82BC0
(1675526306.814807) vcan0 055#DAF7DA27B2009C80
(1675526306.817844) vcan0 065#BBE5DAF7FCADD701
(1675526306.817929) vcan0 070#000024F8D7E13400
(1675526306.818010) vcan0 075#0000000000005458
(1675526306.818092) vcan0 080#9E4F8000C2002C00
(1675526306.818174) vcan0 0B0#6B830FA3D7C16BA3
(1675526306.818256) vcan0 145#FD92D680FC4810A1
(1675526306.818338) vcan0 290#0000000000000000
