(1675526033.582917) vcan0 1E0#00303B4100B917E0
(1675526033.582982) vcan0 28C#00002000001CBE59
(1675526033.583128) vcan0 2B5#4B4F006293A63B2F
(1675526033.583205) vcan0 2C3#468700FFFF015450
(1675526033.583283) vcan0 340#4400000000000000
(1675526033.583359) vcan0 010#008000002FB031F9
(1675526033.583448) vcan0 330#0000000000000000
(1675526033.583526) vcan0 400#0300030D0D010121
(1675526033.583820) vcan0 405#2AF82F9145186701
(1675526033.587602) vcan0 0F5#F38037817F6F4210
(1675526033.588949) vcan0 120#CF801A817FF55589
(1675526033.589007) vcan0 130#DFF41D37010BFD11
(1675526033.590440) vcan0 150#140123B785F42EC0
(1675526033.590497) vcan0 008#E9A60CB3308D0080
(1675526033.593024) vcan0 010#008000002FB031F8
(1675526033.594445) vcan0 072#F000FF3F0084A038
(1675526033.594572) vcan0 1D0#0000000000000261
(1675526033.594651) vcan0 288#5ADD906F00000080
(1675526033.595963) vcan0 0E0#E27192C800803100
(1675526033.597488) vcan0 210#B9DC80A0AA69C94D
(1675526033.600456) vcan0 1B0#00C0000000B001EC
(1675526033.600583) vcan0 055#D1F7FD27B2009C80
(1675526033.600674) vcan0 065#7FE305E8008E0302
(1675526033.600752) vcan0 070#00002EA8FFE15B00
(1675526033.600831) vcan0 075#0000000000005458
(1675526033.600907) vcan0 080#FA4F8000C2002C00
(1675526033.600986) vcan0 008#1DA71C1F7F8D0080
(1675526033.601136) vcan0 0B0#88839BA2FFC188A3
(1675526033.601212) vcan0 125#E55F59E5C1D0D735
(1675526033.601291) vcan0 145#FD82D780FCC810A1
(1675526033.601368) vcan0 1B5#FF76813C41E0FFEF
(1675526033.601447) vcan0 1D8#363339343234D943
(1675526033.601673) vcan0 1E0#00303B0100B917E0
(1675526033.602984) vcan0 290#0000000000000000
(1675526033.603041) vcan0 2C0#468700630300A0F1
(1675526033.603117) vcan0 2C5#00D72B1081E30070
(1675526033.603269) vcan0 010#008000002FB031F8
(1675526033.604506) vcan0 291#0000000000000000
(1675526033.604595) vcan0 2A9#8C26008AC0000084
(1675526033.607088) vcan0 072#F000FF3F00848038
(1675526033.608432) vcan0 260#D0FF00AA499B84B0
(1675526033.608559) vcan0 360#468700C8C164A401
(1675526033.608636) vcan0 0F5#EF8034817F733210
(1675526033.609948) vcan0 120#CF801A817FF75589
(1675526033.610006) vcan0 130#E7F41D3401FEFD11
(1675526033.610153) vcan0 150#11011FC77CF421C0
(1675526033.610229) vcan0 008#54A72C97C08D0080
(1675526033.612692) vcan0 010#008000002FB031F8
(1675526033.613917) vcan0 1D0#0000000000000061
(1675526033.613994) vcan0 390#80FF050002165A4F
(1675526033.615432) vcan0 0E0#E27194D000800F00
(1675526033.618157) vcan0 1B0#00C0000000B001EC
(1675526033.619433) vcan0 055#D1F7FE27B2009C80
(1675526033.619586) vcan0 065#7FE305E8008E0302
(1675526033.619677) vcan0 070#00002EA8FFE15B00
(1675526033.619754) vcan0 075#0000000000005458
(1675526033.622446) vcan0 080#FB4F8000C2002C00
(1675526033.622529) vcan0 008#88A73C030F8E0080
(1675526033.622678) vcan0 0B0#87839BA2FFC187A3
(1675526033.622755) vcan0 145#FD72D880FCC810A1
(1675526033.622831) vcan0 125#E5F858E5C1D0D735
(1675526033.622908) vcan0 1B5#FF76813C41E0FFEF
(1675526033.622985) vcan0 1D8#363339343234D943
(1675526033.623135) vcan0 1E0#00342B4100B917E0
(1675526033.623213) vcan0 288#76DD906F00000080
(1675526033.623290) vcan0 28C#00002000001CBE5F
(1675526033.623368) vcan0 2B5#4B4F006293A63B2F
(1675526033.623446) vcan0 2C3#468700FFFF015450
(1675526033.623527) vcan0 010#008000002FB031F8
(1675526033.623678) vcan0 072#F000FF3F0084A038
(1675526033.624927) vcan0 210#B9DC80A0AA69CA45
(1675526033.625004) vcan0 3D0#810F6100661780C3
(1675526033.627622) vcan0 0F5#EF8030817F772210
(1675526033.628917) vcan0 120#CA8018817FF85589
(1675526033.628974) vcan0 130#EFF41D3001F2FA11
(1675526033.630408) vcan0 150#0F0124D773F413C0
(1675526033.630537) vcan0 290#0000000000000000
(1675526033.630615) vcan0 008#BFA74C74578E0080
(1675526033.633134) vcan0 010#008000002FB031F8
(1675526033.634445) vcan0 1D0#0000000000000061
(1675526033.634521) vcan0 291#0000000000000000
(1675526033.634599) vcan0 3C8#4687008E882C008E
(1675526033.635969) vcan0 0E0#E27197D80080EC00
(1675526033.637466) vcan0 260#D0FF00AA499084B0
(1675526033.637544) vcan0 072#F000FF3F00848038
(1675526033.638650) vcan0 1B0#00C0000000B001EC
(1675526033.641457) vcan0 055#D1F7FE27B2009C80
(1675526033.641513) vcan0 065#7FE305E8008E0302
(1675526033.641590) vcan0 070#00002EA8FFE15B00
(1675526033.641740) vcan0 075#0000000000005458
(1675526033.641823) vcan0 080#FB4F8000C2002C00
(1675526033.641900) vcan0 008#F8A75CDBA78E0080
(1675526033.641980) vcan0 0B0#87839AA2FFC187A3
(1675526033.642060) vcan0 145#FD62D980FCC810A1
(1675526033.642140) vcan0 125#E59058E5C1D0D735
(1675526033.642219) vcan0 1B5#FF77823C42E0FFEF
(1675526033.642296) vcan0 1D8#363339343234D943
(1675526033.642373) vcan0 1E0#00381B4100B917E0
(1675526033.643026) vcan0 370#271EC000451BC700
