(1675525742.520328) vcan0 1D8#363339343234D843
(1675525742.520344) vcan0 1E0#0034234300B917E0
(1675525742.520349) vcan0 260#D0FF00AA496685B0
(1675525742.520353) vcan0 2C3#528700FFFFCB5450
(1675525742.520357) vcan0 008#8D808C955D800080
(1675525742.520361) vcan0 290#0000000000000000
(1675525742.520406) vcan0 010#008800002FB031F8
(1675525742.520493) vcan0 1D0#0000000000000261
(1675525742.522874) vcan0 0E0#E2733BC00080A000
(1675525742.527537) vcan0 0F5#7A847D84BF772110
(1675525742.527542) vcan0 120#7E848A847FFF5589
(1675525742.527621) vcan0 130#EFEF1D84049BEC11
(1675525742.527699) vcan0 150#7B04F8D7FAF7A4C0
(1675525742.530033) vcan0 008#8D809C6F73800080
(1675525742.530115) vcan0 288#F5DF30CF00000080
(1675525742.530193) vcan0 055#D9F7FF67B3009C80
(1675525742.536201) vcan0 065#1CE3FBF7018EFC01
(1675525742.536208) vcan0 070#000025F800E23700
(1675525742.536211) vcan0 075#0000000000005458
(1675525742.536216) vcan0 080#FF4F8000C2002C00
(1675525742.536221) vcan0 0B0#39837CA200C239A3
(1675525742.536225) vcan0 125#E5B77FE4C1D0D735
(1675525742.536229) vcan0 010#008800002FB031F8
(1675525742.536233) vcan0 072#F000FF3F00788038
(1675525742.536238) vcan0 145#FDF2D080FCC810A1
(1675525742.536242) vcan0 1B0#00C0130000B01AFC
(1675525742.536246) vcan0 1B5#FF4481FDF7E0FFEF
(1675525742.536250) vcan0 1D8#363339343234D843
(1675525742.537664) vcan0 1E0#0038134300B917E0
(1675525742.541244) vcan0 008#9180AC6A64800080
(1675525742.541249) vcan0 010#008800002FB031F8
(1675525742.541252) vcan0 1D0#0000000000000061
(1675525742.541257) vcan0 210#49E08020A869D445
(1675525742.541261) vcan0 291#0000000000000000
(1675525742.543708) vcan0 072#F000FF3F0078A038
(1675525742.547390) vcan0 0E0#E2733BC800808000
(1675525742.547396) vcan0 0F5#71847584BF7B1110
(1675525742.547477) vcan0 120#7C8485847FFF5589
(1675525742.547556) vcan0 130#F7F21D7E0491EC11
(1675525742.547647) vcan0 150#7304FAE7F9F79CC0
(1675525742.547725) vcan0 260#D0FF0055496285B0
(1675525742.554961) vcan0 008#9180BC5A64800080
(1675525742.554967) vcan0 055#D9F7FF67B3009C80
(1675525742.554971) vcan0 065#1DE3FBF7018EFC01
(1675525742.554975) vcan0 010#008800002FB031F8
(1675525742.554980) vcan0 070#000025F800E23700
(1675525742.554983) vcan0 075#0000000000005458
(1675525742.554988) vcan0 080#FF4F8000C2002C00
(1675525742.554991) vcan0 0B0#39837DA200C239A3
(1675525742.554996) vcan0 125#E5B47FE4C1D0D735
(1675525742.555000) vcan0 145#FDE2D180FCC810A1
(1675525742.555004) vcan0 28C#000000000016BE8D
(1675525742.555009) vcan0 290#0000000000000000
(1675525742.555013) vcan0 2A9#8C26008AC0000084
(1675525742.555017) vcan0 2B5#4B0D406293A63730
(1675525742.555021) vcan0 2C0#528700500300A0F1
(1675525742.555025) vcan0 2C5#00E71D611AE30070
(1675525742.555029) vcan0 340#6E00000000000000
(1675525742.555033) vcan0 3AF#0000000000000020
(1675525742.555038) vcan0 400#0101010100000016
(1675525742.555042) vcan0 288#EDDF30CF00000080
(1675525742.557428) vcan0 1B0#00C0140001B01BFC
(1675525742.557509) vcan0 1B5#FF4784FEF8E0FFEF
(1675525742.557588) vcan0 1D8#363339343234D843
(1675525742.560093) vcan0 1E0#0038130300B917E0
(1675525742.560098) vcan0 2C3#528700FFFFCB5450
(1675525742.560102) vcan0 008#9380CC3973800080
(1675525742.560178) vcan0 010#008800002FB031F8
(1675525742.560258) vcan0 072#F000FF3F00788038
(1675525742.560337) vcan0 1D0#0000000000000861
(1675525742.562639) vcan0 210#49E080A0A869D44D
(1675525742.568607) vcan0 0E0#E2733CD000805F00
(1675525742.568612) vcan0 0F5#6A846E84BF7F0110
(1675525742.568616) vcan0 120#70847B847FFF5589
(1675525742.568620) vcan0 130#FFEF1D74048BEC11
(1675525742.568625) vcan0 150#6C04F8F7F9F793C0
(1675525742.568629) vcan0 008#9680DC2673800080
(1675525742.573645) vcan0 055#D9F7FF67B3009C80
(1675525742.573650) vcan0 065#1EE3FBF7008EFC01
(1675525742.573655) vcan0 010#008800002FB031F8
(1675525742.573659) vcan0 070#000025F800E23800
(1675525742.573663) vcan0 075#0000000000005458
(1675525742.573732) vcan0 080#FF4F8000C2002C00
(1675525742.573736) vcan0 0B0#39837DA200C239A3
(1675525742.573740) vcan0 125#E5B27FE4C1D0D735
(1675525742.573744) vcan0 145#FDD2D280FCC810A1
(1675525742.573748) vcan0 291#0000000000000000
(1675525742.573756) vcan0 330#D800000000000000
(1675525742.573761) vcan0 072#F000FF3F0078A038
(1675525742.577289) vcan0 360#558700AEB564A041
(1675525742.577294) vcan0 1B0#00C0160001B01CFC
(1675525742.577372) vcan0 1B5#FF4A8700FAE0FFEF
(1675525742.577459) vcan0 1D8#363339343234D843
(1675525742.581035) vcan0 1E0#003C034300B917E0
(1675525742.581039) vcan0 260#D0FF0055496185B0
(1675525742.581043) vcan0 008#9880ECFF88800080
(1675525742.581048) vcan0 288#E1DF30CF00000080
(1675525742.581052) vcan0 290#0000000000000000
(1675525742.581056) vcan0 010#008800002FB031F8
