(1675526515.467999) vcan0 1B0#00C0000001B000EC
(1675526515.469333) vcan0 1B5#FF07070404E0FFEF
(1675526515.469410) vcan0 1D8#363339343234D643
(1675526515.469488) vcan0 1E0#00285B4100B917E0
(1675526515.470797) vcan0 210#A5DC80A0A869F34D
(1675526515.470925) vcan0 0E0#E27156E80080ED00
(1675526515.472313) vcan0 010#000000002FB031F8
(1675526515.473852) vcan0 291#0000000000000000
(1675526515.473908) vcan0 350#A200000000000080
(1675526515.473985) vcan0 008#6F82B8FF5B840080
(1675526515.475251) vcan0 125#E5E982E4C1D0D734
(1675526515.475378) vcan0 260#D0FF005549D485B0
(1675526515.476741) vcan0 055#D6F7E427B2009C80
(1675526515.479776) vcan0 065#A6E31CE8FF8D1202
(1675526515.479903) vcan0 070#000027A8F0E15B00
(1675526515.479982) vcan0 075#0000000000005458
(1675526515.480057) vcan0 080#B94F8000C2002C00
(1675526515.480137) vcan0 072#F000FF3F0080A038
(1675526515.480214) vcan0 0B0#1884AAA2EFC118A4
(1675526515.480363) vcan0 0F5#768072807F43F200
(1675526515.480442) vcan0 120#778076807FF95589
(1675526515.480521) vcan0 130#87011E7200810712
(1675526515.480602) vcan0 145#FD32DC80FCC810A1
(1675526515.480679) vcan0 150#7400020844F87FC0
(1675526515.480759) vcan0 290#0000000000000000
(1675526515.480913) vcan0 2C0#5D8700CB0100A0F1
(1675526515.481360) vcan0 2C5#00DF3000A7E30070
(1675526515.481442) vcan0 360#5D8700D2B764A001
(1675526515.482854) vcan0 010#000000002FB031F8
(1675526515.484320) vcan0 1D0#0000000000000061
(1675526515.484448) vcan0 390#80FF051D021A594F
(1675526515.484532) vcan0 008#6182C80B4D840080
(1675526515.486982) vcan0 288#0AE0807F00000080
(1675526515.488508) vcan0 1B0#00C0000000B000EC
(1675526515.488586) vcan0 1B5#FF07080404E0FFEF
(1675526515.488735) vcan0 1D8#363339343234D643
(1675526515.488817) vcan0 1E0#002C4B4100B917E0
(1675526515.488893) vcan0 2C3#5D8700FFFF005450
(1675526515.490033) vcan0 0E0#E27158F00080CB00
(1675526515.492752) vcan0 010#000000002FB031F8
(1675526515.494301) vcan0 072#F000FF3F00808038
(1675526515.494353) vcan0 210#A5DC80A0A869F345
(1675526515.494450) vcan0 2A9#8C260082C0000084
(1675526515.494597) vcan0 008#5182D80B4D840080
(1675526515.494675) vcan0 125#E5CB82E4C1D0D734
(1675526515.497135) vcan0 055#D6F7E527B2009C80
(1675526515.498241) vcan0 065#A4E31CE8FF8D1202
(1675526515.498393) vcan0 070#000027A8F0E15B00
(1675526515.501261) vcan0 075#0000000000005458
(1675526515.501389) vcan0 080#BB4F8000C2002C00
(1675526515.501467) vcan0 0B0#1884A9A2EFC118A4
(1675526515.501544) vcan0 0F5#768072807F47E201
(1675526515.501621) vcan0 120#7D8076807FFA5589
(1675526515.501773) vcan0 130#8F011E76006D0A12
(1675526515.501849) vcan0 145#FD22DD80FCC810A1
(1675526515.501928) vcan0 150#7400031841F86FC0
(1675526515.502004) vcan0 28C#000020000016BE15
(1675526515.502082) vcan0 2B5#4B25016293A64D3A
(1675526515.502171) vcan0 340#4D00000000000000
(1675526515.502825) vcan0 010#000000002FB031F8
(1675526515.504318) vcan0 1D0#0000000000000061
(1675526515.504447) vcan0 291#0000000000000000
(1675526515.504525) vcan0 008#4482E81E37840080
(1675526515.505836) vcan0 260#D0FF005549D485B0
(1675526515.507254) vcan0 290#0000000000000000
(1675526515.510296) vcan0 1B0#00C0000000B000EC
(1675526515.510374) vcan0 1B5#FF08080404E0FFEF
(1675526515.510452) vcan0 1D8#363339343234D643
(1675526515.510602) vcan0 072#F000FF3F0080A038
(1675526515.510680) vcan0 1E0#002C4B0100B917E0
(1675526515.510757) vcan0 3B0#00D84A383EB4C400
(1675526515.510836) vcan0 0E0#E2715BF80080A800
(1675526515.511802) vcan0 288#12E0906F00000080
(1675526515.513346) vcan0 010#000000002FB031F8
(1675526515.514817) vcan0 008#3482F81E37840080
(1675526515.514894) vcan0 330#2800000000000000
(1675526515.514972) vcan0 125#E5AD82E4C1D0D734
(1675526515.517469) vcan0 055#D6F7E527B2009C80
(1675526515.518798) vcan0 065#A4E31CE8008E1202
(1675526515.518876) vcan0 070#000027A8F0E15B00
(1675526515.519023) vcan0 075#0000000000005458
(1675526515.520388) vcan0 080#BB4F8000C2002C00
(1675526515.520516) vcan0 0B0#1784A9A2EFC117A4
(1675526515.520593) vcan0 0F5#7D8079807F4BD201
(1675526515.520670) vcan0 120#7D8076807FF85589
(1675526515.520821) vcan0 130#97011E76005D0712
(1675526515.520897) vcan0 145#FD12DE80FCC810A1
(1675526515.520975) vcan0 150#740003283EF85FC0
(1675526515.521054) vcan0 210#A5DC80A0A869F345
(1675526515.521142) vcan0 3CA#00000000400000C8
(1675526515.523308) vcan0 010#000000002FB031F8
(1675526515.523365) vcan0 072#F000FF3F00808038
(1675526515.523442) vcan0 1D0#0000000000000061
(1675526515.524779) vcan0 008#2682082A29840080
(1675526515.527519) vcan0 1B0#00C0000001B000EC
(1675526515.529044) vcan0 1B5#FF08080504E0FFEF
(1675526515.529122) vcan0 1D8#363339343234D743
(1675526515.529199) vcan0 1E0#00303B4100B917E0
(1675526515.529352) vcan0 2C3#5D8700FFFF005450
(1675526515.529430) vcan0 0E0#E2715CC000808700
(1675526515.532941) vcan0 010#000000002FB031F8
(1675526515.534249) vcan0 291#0000000000000000
(1675526515.535788) vcan0 2A9#8C26008AC0000084
(1675526515.535843) vcan0 008#1682182A29840080
(1675526515.535993) vcan0 125#E58E82E4C1D0D734
(1675526515.536070) vcan0 260#D0FF00AA49D385B0
(1675526515.537292) vcan0 055#D6F7E627B2009C80
(1675526515.537370) vcan0 065#A3E31DE8FE8D1302
(1675526515.537519) vcan0 070#000027A8F0E15B00
(1675526515.540330) vcan0 075#0000000000005458
(1675526515.540386) vcan0 080#BC4F8000C2002C00
(1675526515.540537) vcan0 072#F000FF3F0080A038
(1675526515.540614) vcan0 0B0#1684A9A2F0C116A4
(1675526515.540692) vcan0 0F5#7D8079807F4FC201
(1675526515.540769) vcan0 120#7D8076807FFB5589
(1675526515.540850) vcan0 130#9F011E79004A0412
(1675526515.540928) vcan0 145#FD02DF80FCC810A1
(1675526515.541076) vcan0 150#7B0008383CF848C0
(1675526515.541156) vcan0 288#0EE0906F00000080
(1675526515.541233) vcan0 28C#000020000016BE18
(1675526515.541311) vcan0 290#0000000000000000
(1675526515.541392) vcan0 2B5#4B25006293A64D3B
(1675526515.541764) vcan0 2C0#5D8700CA0100A0F1
(1675526515.541841) vcan0 2C5#00DF3000A6E30070
(1675526515.541992) vcan0 3AF#0000000000000020
(1675526515.542067) vcan0 3C8#5D87008E882C008E
(1675526515.543319) vcan0 010#000000002FB031F9
(1675526515.543377) vcan0 1D0#0000000000000A61
(1675526515.544815) vcan0 210#A5DC80A0A869F34D
(1675526515.544873) vcan0 008#0682282A29840080
(1675526515.547550) vcan0 1B0#00C0000000B000EC
(1675526515.549075) vcan0 1B5#FF08090504E0FFEF
(1675526515.549152) vcan0 1D8#363339343234D743
(1675526515.549230) vcan0 1E0#00342B4100B917E0
(1675526515.550547) vcan0 0E0#E2715EC800806500
(1675526515.553218) vcan0 010#000000002FB031F8
(1675526515.554561) vcan0 072#F000FF3F00808038
(1675526515.554616) vcan0 400#0102A20101026101
(1675526515.554707) vcan0 405#D507BE9A48186701
(1675526515.556041) vcan0 008#F98138123F840080
(1675526515.556169) vcan0 125#E56D82E4C1D0D734
(1675526515.557560) vcan0 055#D6F7E627B2009C80
(1675526515.557688) vcan0 065#A0E31DE8FF8D1302
(1675526515.557768) vcan0 070#000027A8F1E15B00
(1675526515.557844) vcan0 075#0000000000005458
(1675526515.557923) vcan0 080#BE4F8000C2002C00
(1675526515.559183) vcan0 0B0#1684A8A2F0C116A4
(1675526515.559259) vcan0 0F5#7D8079807F53B201
(1675526515.559337) vcan0 120#7D8080807FFB5589
(1675526515.559487) vcan0 130#A7041E7D00360712
(1675526515.559568) vcan0 145#FDF2D080FCC810A1
(1675526515.559644) vcan0 150#7B00044839F838C0
(1675526515.559723) vcan0 370#2724C000581BC700
(1675526515.563311) vcan0 288#22E0906F00000080
(1675526515.563368) vcan0 010#000000002FB031F8
(1675526515.563446) vcan0 1D0#0000000000000061
(1675526515.563524) vcan0 291#0000000000000000
(1675526515.564784) vcan0 350#A200000000000080
(1675526515.564861) vcan0 008#E68148153F840080
(1675526515.565008) vcan0 260#D0FF00AA49D285B0
(1675526515.566308) vcan0 290#0000000000000000
(1675526515.567809) vcan0 1B0#00C0000000B000EC
(1675526515.567937) vcan0 072#F000FF3F0080A038
(1675526515.569426) vcan0 1B5#FF09090504E0FFEF
(1675526515.569482) vcan0 1D8#363339343234D743
(1675526515.569631) vcan0 1E0#00342B0100B917E0
(1675526515.569708) vcan0 210#A5DC80A0A869F345
(1675526515.569785) vcan0 2C3#5D8700FFFF005450
(1675526515.569862) vcan0 0E0#E2715ED000804500
(1675526515.573512) vcan0 010#000000002FB031F8
(1675526515.573570) vcan0 2A9#8C260093C0000084
(1675526515.575006) vcan0 008#D48158FB5B840080
(1675526515.575133) vcan0 125#E54982E4C1D0D734
(1675526515.576498) vcan0 055#D6F7E627B2009C80
(1675526515.579558) vcan0 065#A0E31EE8008E1302
(1675526515.579686) vcan0 070#000027A8F1E15B00
(1675526515.579764) vcan0 075#0000000000005458
(1675526515.579840) vcan0 080#BE4F8000C2002C00
(1675526515.579919) vcan0 0B0#1584A8A2F0C115A4
(1675526515.580071) vcan0 0F5#858081807F57A201
(1675526515.580148) vcan0 120#838080807FF85589
(1675526515.580226) vcan0 130#AF041E7D00260712
(1675526515.580305) vcan0 145#FDE2D180FCC810A1
(1675526515.580383) vcan0 150#7B000B5837F828C0
(1675526515.580459) vcan0 28C#000020000016BE1A
(1675526515.580613) vcan0 2B5#4B25006293A64D3C
(1675526515.581064) vcan0 340#4D00000000000000
(1675526515.581145) vcan0 360#5D8700D2B764A001
(1675526515.582538) vcan0 010#000000002FB031F8
(1675526515.584061) vcan0 072#F000FF3F00808038
(1675526515.584140) vcan0 1D0#0000000000000061
(1675526515.584218) vcan0 390#80FF051D02125B4F
(1675526515.584296) vcan0 008#C28168EE6A840080
(1675526515.586788) vcan0 288#1EE0906F00000080
(1675526515.588350) vcan0 1B0#00C0000001B000EC
(1675526515.588408) vcan0 1B5#FF09090505E0FFEF
(1675526515.588483) vcan0 1D8#363339343234D743
(1675526515.588633) vcan0 1E0#00381B4100B917E0
(1675526515.589775) vcan0 0E0#E2715FD800802400
(1675526515.592491) vcan0 010#000000002FB031F8
(1675526515.594013) vcan0 210#A5DC8020A869F34D
(1675526515.594090) vcan0 291#0000000000000000
(1675526515.594178) vcan0 330#2800000000000000
(1675526515.594330) vcan0 3D0#880F6100340680C3
(1675526515.594407) vcan0 008#B28178E078840080
(1675526515.595545) vcan0 125#E52282E4C1D0D734
(1675526515.595602) vcan0 260#D0FF00AA49D185B0
(1675526515.597119) vcan0 055#D6F7E727B2009C80
(1675526515.597135) vcan0 065#9FE31EE8FF8D1402
(1675526515.598625) vcan0 070#000027A8F1E15B00
(1675526515.598755) vcan0 075#0000000000005458
(1675526515.598832) vcan0 072#F000FF3F0080A038
(1675526515.598909) vcan0 080#BF4F8000C2002C00
(1675526515.598986) vcan0 0B0#1484A8A2F0C114A4
(1675526515.599141) vcan0 0F5#858081807F5B9201
(1675526515.599218) vcan0 120#838087807FF95589
(1675526515.599296) vcan0 130#B7041E8100120712
(1675526515.600191) vcan0 145#FDD2D280FCC810A1
(1675526515.600281) vcan0 150#83000A6834F810C0
(1675526515.600357) vcan0 290#0000000000000000
(1675526515.600434) vcan0 2C0#5D8700C60100A0F1
(1675526515.600583) vcan0 2C5#00DF3000A2E30070
(1675526515.604271) vcan0 010#000000002FB031F8
(1675526515.604348) vcan0 1D0#0000000000000061
(1675526515.604427) vcan0 008#A08188BE9C840080
(1675526515.607036) vcan0 1B0#00C0000000B000EC
(1675526515.608529) vcan0 1B5#FF0A0A0505E0FFEF
(1675526515.608659) vcan0 1D8#363339343234D743
(1675526515.608736) vcan0 1E0#003C0B4100B917E0
(1675526515.608812) vcan0 2C3#5D8700FFFF005450
(1675526515.610074) vcan0 0E0#E27161E000800200
(1675526515.612744) vcan0 288#16E0A05F00000080
(1675526515.614021) vcan0 010#000000002FB031F9
(1675526515.615564) vcan0 008#8B81989FC0840080
(1675526515.615651) vcan0 072#F000FF3F00808038
(1675526515.615729) vcan0 125#E5FC81E4C1D0D734
(1675526515.615807) vcan0 2A9#8C26008AC0000084
(1675526515.616985) vcan0 055#D6F7E727B2009C80
(1675526515.617114) vcan0 065#9DE31FE8FE8D1402
(1675526515.620032) vcan0 070#000027A8F1E15B00
(1675526515.620111) vcan0 075#0000000000005458
(1675526515.620190) vcan0 080#C14F8000C2002C00
(1675526515.620337) vcan0 0B0#1484A7A2F1C114A4
(1675526515.620414) vcan0 0F5#858081807F5F8201
(1675526515.620492) vcan0 120#8A8087807FF95589
(1675526515.620570) vcan0 130#BF041E8500FE0A12
(1675526515.620646) vcan0 145#FDC2D380FCC810A1
(1675526515.620795) vcan0 150#8300077832F800C0
(1675526515.620873) vcan0 210#A5DC80A0A869F34D
(1675526515.620954) vcan0 28C#000020000016BE1F
(1675526515.621044) vcan0 2B5#4B26006293A64D3E
(1675526515.622785) vcan0 010#000000002FB031F8
(1675526515.624305) vcan0 1D0#0000000000000A61
(1675526515.624383) vcan0 291#0000000000000000
(1675526515.624533) vcan0 008#7981A884DD840080
(1675526515.625830) vcan0 260#D0FF005549D185B0
(1675526515.627241) vcan0 290#0000000000000000
(1675526515.628958) vcan0 1B0#00C0000001B000EC
(1675526515.629015) vcan0 1B5#FF0A0A0605E0FFEF
(1675526515.629163) vcan0 072#F000FF3F0080A038
(1675526515.629241) vcan0 1D8#363339343234D743
(1675526515.629319) vcan0 1E0#003C0B0100B917E0
(1675526515.629396) vcan0 3B0#00FC4A3C3EB4C600
(1675526515.629473) vcan0 0E0#E27163E80080E000
(1675526515.634313) vcan0 010#000000002FB031F8
(1675526515.634369) vcan0 008#6581B86BFA840080
(1675526515.634460) vcan0 125#E5D281E4C1D0D735
(1675526515.636980) vcan0 055#D6F7E827B2009C80
(1675526515.638281) vcan0 065#9DE320E8008E1502
(1675526515.638409) vcan0 070#000027A8F1E15B00
(1675526515.639898) vcan0 075#0000000000005458
(1675526515.639955) vcan0 080#C14F8000C2002C00
(1675526515.640105) vcan0 0B0#1484A7A2F1C114A4
(1675526515.640182) vcan0 0F5#8E808A807F637201
(1675526515.640262) vcan0 120#8A8087807FF75589
(1675526515.640340) vcan0 130#C7041E8A00E90A12
(1675526515.640419) vcan0 145#FDB2D480FCC810A1
(1675526515.640497) vcan0 150#8C000B882FF8E7C0
(1675526515.640646) vcan0 288#12E0A05F00000080
(1675526515.640724) vcan0 3CA#00000000510000C8
(1675526515.644047) vcan0 010#000000002FB031F8
(1675526515.644196) vcan0 072#F000FF3F00808038
(1675526515.644287) vcan0 1D0#0000000000000061
(1675526515.644362) vcan0 210#A5DC80A0A869F345
(1675526515.644441) vcan0 008#5081C86108850080
(1675526515.647951) vcan0 1B0#00C0000001B000EC
(1675526515.649304) vcan0 1B5#FF0A0A0605E0FFEF
(1675526515.649381) vcan0 1D8#363339343234D743
(1675526515.649530) vcan0 1E0#0000FB4100B917E0
(1675526515.650823) vcan0 2C3#5D8700FFFF005450
(1675526515.650901) vcan0 0E0#E27163F00080C000
(1675526515.652321) vcan0 010#000000002FB031F8
(1675526515.653845) vcan0 291#0000000000000000
(1675526515.653922) vcan0 2A9#8C260093C0000084
(1675526515.654005) vcan0 350#A200000000000080
(1675526515.654083) vcan0 008#3C81D8323B850080
(1675526515.655291) vcan0 125#E5A881E4C1D0D735
(1675526515.655349) vcan0 260#D0FF005549D085B0
(1675526515.656789) vcan0 055#D6F7E827B2009C80
(1675526515.659770) vcan0 065#9BE321E8008E1602
(1675526515.659922) vcan0 070#000027A8F2E15B00
(1675526515.660003) vcan0 075#0000000000005458
(1675526515.660080) vcan0 080#C24F8000C2002C00
(1675526515.660158) vcan0 072#F000FF3F0080A038
(1675526515.660235) vcan0 0B0#1384A7A2F1C113A4
(1675526515.660319) vcan0 0F5#8E808A807F676201
(1675526515.660467) vcan0 120#8A8091807FF85589
(1675526515.660544) vcan0 130#CF071E8A00D90712
(1675526515.660623) vcan0 145#FDA2D580FCC810A1
(1675526515.660700) vcan0 150#8C0007982CF8D7C0
(1675526515.660780) vcan0 28C#000020000016BE23
(1675526515.660930) vcan0 290#0000000000000000
(1675526515.662735) vcan0 2B5#4B26006293A64D40
(1675526515.662888) vcan0 2C0#5D8700C30100A0F1
(1675526515.662986) vcan0 2C5#00DF3000A0E30070
(1675526515.663062) vcan0 340#4D00000000000000
(1675526515.663140) vcan0 370#2724C000581BC700
(1675526515.663217) vcan0 3AF#0000000000000020
(1675526515.663294) vcan0 3C8#5D87008E882C008E
(1675526515.663444) vcan0 3E0#000000D93880801D
(1675526515.663522) vcan0 288#1AE0A05F00000080
(1675526515.664312) vcan0 010#000000002FB031F8
(1675526515.664389) vcan0 1D0#0000000000000061
(1675526515.664468) vcan0 008#2781E8135F850080
(1675526515.667028) vcan0 1B0#00C0000000B000EC
(1675526515.668501) vcan0 1B5#FF0B0B0605E0FFEF
(1675526515.668631) vcan0 1D8#363339343234D743
(1675526515.668709) vcan0 1E0#0004EB4100B917E0
(1675526515.668786) vcan0 210#A5DC80A0A869F34D
(1675526515.670042) vcan0 0E0#E27162F80080A100
(1675526515.672763) vcan0 010#000000002FB031F8
(1675526515.674286) vcan0 072#F000FF3F00808038
(1675526515.674437) vcan0 330#2800000000000000
(1675526515.674514) vcan0 008#1181F80B6D850080
(1675526515.674592) vcan0 125#E57C81E4C1D0D735
(1675526515.676983) vcan0 055#D6F7E927B2009C80
(1675526515.678333) vcan0 065#99E321E8FE8D1602
(1675526515.678388) vcan0 070#000027A8F2E15B00
(1675526515.679951) vcan0 075#0000000000005458
(1675526515.680007) vcan0 080#C44F8000C2002C00
(1675526515.680084) vcan0 0B0#1384A7A2F1C113A4
(1675526515.680235) vcan0 0F5#988094807F6B5201
(1675526515.680313) vcan0 120#958091807FF75589
(1675526515.680389) vcan0 130#D7071E8E00C50A12
(1675526515.680469) vcan0 145#FD92D680FCC810A1
(1675526515.680546) vcan0 150#8C0008A829F8C7C0
(1675526515.680633) vcan0 360#5D8700D2B764A001
(1675526515.684060) vcan0 010#000000002FB031F8
(1675526515.684116) vcan0 1D0#0000000000000061
(1675526515.684192) vcan0 291#0000000000000000
(1675526515.684271) vcan0 390#80FF051D02125B6F
(1675526515.684421) vcan0 008#FC8008ED91850080
(1675526515.685555) vcan0 260#D0FF005549CF85B0
(1675526515.687105) vcan0 290#0000000000000000
(1675526515.688694) vcan0 288#06E0A05F00000080
(1675526515.688750) vcan0 1B0#00C0000001B000EC
(1675526515.688828) vcan0 072#F000FF3F0080A038
(1675526515.688976) vcan0 1B5#FF0B0B0606E0FFEF
(1675526515.689055) vcan0 1D8#363339343234D743
(1675526515.689141) vcan0 1E0#0004EB0100B917E0
(1675526515.689209) vcan0 2C3#5D8700FFFF005450
(1675526515.690180) vcan0 0E0#E27165C000807E00
(1675526515.692831) vcan0 010#000000002FB031F9
(1675526515.695495) vcan0 210#A5DC80A0A869F345
(1675526515.695621) vcan0 2A9#8C26008AC0000084
(1675526515.695698) vcan0 008#E58018D7AE850080
(1675526515.695775) vcan0 125#E55081E4C1D0D735
(1675526515.697096) vcan0 055#D6F7E927B2009C80
(1675526515.697100) vcan0 065#98E323E8008E1702
(1675526515.700039) vcan0 070#000028A8F2E15B00
(1675526515.700166) vcan0 075#0000000000005458
(1675526515.700243) vcan0 080#C54F8000C2002C00
(1675526515.700322) vcan0 0B0#1284A6A2F2C112A4
(1675526515.700403) vcan0 0F5#988094807F6F4201
(1675526515.700482) vcan0 120#95809A807FF75589
(1675526515.700631) vcan0 130#DF071E9400AF0D12
(1675526515.700710) vcan0 145#FD82D780FCC810A1
(1675526515.700786) vcan0 150#960002B825F8ADC0
(1675526515.700873) vcan0 28C#000020000016BE23
(1675526515.700951) vcan0 2B5#4B26006293A64D41
(1675526515.702821) vcan0 010#000000002FB031F8
(1675526515.704345) vcan0 072#F000FF3F00808038
(1675526515.704424) vcan0 1D0#0000000000000A61
(1675526515.704501) vcan0 008#D18028B7D2850080
(1675526515.706984) vcan0 1B0#00C0000000B000EC
(1675526515.708530) vcan0 1B5#FF0C0C0606E0FFEF
(1675526515.708586) vcan0 1D8#363339343234D743
(1675526515.708735) vcan0 1E0#0008DB4100B917E0
(1675526515.710046) vcan0 0E0#E27165C800805E00
(1675526515.712694) vcan0 288#0AE0B04F00000080
(1675526515.713990) vcan0 010#000000002FB031F8
(1675526515.715532) vcan0 291#0000000000000000
(1675526515.715609) vcan0 008#BA8038B0E0850080
(1675526515.715688) vcan0 125#E51F81E4C1D0D735
(1675526515.715846) vcan0 260#D0FF00AA49CE85B0
(1675526515.716987) vcan0 055#D6F7E927B2009C80
(1675526515.717115) vcan0 065#97E323E8008E1702
(1675526515.720034) vcan0 070#000028A8F3E15B00
(1675526515.720110) vcan0 075#0000000000005458
(1675526515.720190) vcan0 080#C54F8000C2002C00
(1675526515.720341) vcan0 072#F000FF3F0080A038
(1675526515.720419) vcan0 0B0#1284A6A2F2C112A4
(1675526515.720496) vcan0 0F5#988094807F733201
(1675526515.720571) vcan0 120#9E809A807FF95589
(1675526515.720652) vcan0 130#E70A1E98009B0D12
(1675526515.720730) vcan0 145#FD72D880FCC810A1
(1675526515.720882) vcan0 150#960004C821F89DC0
(1675526515.720961) vcan0 210#A5DC80A0A869F345
(1675526515.721041) vcan0 290#0000000000000000
(1675526515.721122) vcan0 2C0#5D8700C00100A0F1
(1675526515.721578) vcan0 2C5#00DF2F009BE30070
(1675526515.723095) vcan0 010#000000002FB031F8
(1675526515.724562) vcan0 1D0#0000000000000061
(1675526515.724688) vcan0 008#A180489404860080
(1675526515.727264) vcan0 1B0#00C0000002B000EC
(1675526515.728758) vcan0 1B5#FF0C0C0706E0FFEF
(1675526515.728886) vcan0 1D8#363339343234D743
(1675526515.728966) vcan0 1E0#000CCB4100B917E0
(1675526515.729043) vcan0 2C3#5D8700FFFF005450
(1675526515.730300) vcan0 0E0#E27166D000803D00
(1675526515.732949) vcan0 010#000000002FB031F8
(1675526515.734295) vcan0 072#F000FF3F00808038
(1675526515.734371) vcan0 2A9#8C260082C0000084
(1675526515.735792) vcan0 008#8880587928860080
(1675526515.735870) vcan0 125#E5ED80E4C1D0D735
(1675526515.737287) vcan0 055#D6F7EA27B2009C80
(1675526515.737376) vcan0 065#95E325E8FE8D1802
(1675526515.737524) vcan0 070#000028A8F3E15B00
(1675526515.740318) vcan0 075#0000000000005458
(1675526515.740396) vcan0 080#C74F8000C2002C00
(1675526515.740474) vcan0 0B0#1184A5A2F2C111A4
(1675526515.740626) vcan0 0F5#A280A0807F772201
(1675526515.740703) vcan0 120#9E809A807FF65589
(1675526515.740784) vcan0 130#EF0A1E9E00850D12
(1675526515.740861) vcan0 145#FD62D980FCC810A1
(1675526515.740938) vcan0 150#A10002D81DF882C0
(1675526515.741088) vcan0 288#06E0B04F00000080
(1675526515.741165) vcan0 28C#000020000016BE27
(1675526515.741243) vcan0 2B5#4B26006293A64D43
(1675526515.741320) vcan0 340#4D00000000000000
(1675526515.742940) vcan0 010#000000002FB031F8
(1675526515.744282) vcan0 1D0#0000000000000061
(1675526515.744339) vcan0 210#A5DC8020A869F34D
(1675526515.745775) vcan0 291#0000000000000000
(1675526515.745832) vcan0 350#A200000000000080
(1675526515.745982) vcan0 008#7180684D5B860080
(1675526515.746058) vcan0 260#D0FF00AA49CD85B0
(1675526515.747278) vcan0 290#0000000000000000
(1675526515.748867) vcan0 1B0#00C0000002B000EC
(1675526515.748995) vcan0 072#F000FF3F0080A038
(1675526515.749073) vcan0 1B5#FF0C0C0706E0FFEF
(1675526515.749150) vcan0 1D8#363339343234D743
(1675526515.749232) vcan0 1E0#000CCB0100B917E0
(1675526515.749385) vcan0 3B0#00D84A383EB4C402
(1675526515.749462) vcan0 0E0#E27167D800801C00
(1675526515.752901) vcan0 010#000000002FB031F8
(1675526515.754439) vcan0 330#2800000000000000
(1675526515.754495) vcan0 008#5680784A69860080
(1675526515.754581) vcan0 125#E5B880E4C1D0D735
(1675526515.757285) vcan0 055#D6F7EA27B2009C80
(1675526515.757363) vcan0 065#96E325E8008E1802
(1675526515.757439) vcan0 070#000028A8F3E15B00
(1675526515.757589) vcan0 075#0000000000005458
(1675526515.760274) vcan0 080#C84F8000C2002C00
(1675526515.760401) vcan0 0B0#1184A5A2F3C111A4
(1675526515.760479) vcan0 0F5#A280A0807F7B1201
(1675526515.760555) vcan0 120#AE80A6807FF75589
(1675526515.760639) vcan0 130#F70A1E9E00750D12
(1675526515.760716) vcan0 145#FD52DA80FCC810A1
(1675526515.760864) vcan0 150#A10003E819F872C0
(1675526515.760941) vcan0 370#2724C000581BC700
(1675526515.761019) vcan0 3CA#00000000520000C8
(1675526515.762982) vcan0 288#0EE0B04F00000080
(1675526515.764278) vcan0 010#000000002FB031F8
(1675526515.764405) vcan0 072#F000FF3F00808038
(1675526515.764485) vcan0 1D0#0000000000000061
(1675526515.765805) vcan0 008#3D80883686860080
(1675526515.767238) vcan0 1B0#00C0000000B000EC
(1675526515.768763) vcan0 1B5#FF0D0D0706E0FFEF
(1675526515.768840) vcan0 1D8#363339343234D743
(1675526515.768990) vcan0 1E0#0010BB4100B917E0
(1675526515.769068) vcan0 210#73DC80A0A869F345
(1675526515.769144) vcan0 2C3#5D8700FFFF005450
(1675526515.770280) vcan0 0E0#E27167E00080FC00
(1675526515.772932) vcan0 010#000000002FB031F8
(1675526515.774279) vcan0 291#0000000000000000
(1675526515.774356) vcan0 2A9#8C26009BC0000084
(1675526515.775780) vcan0 008#2480980DB8860080
(1675526515.775858) vcan0 125#E58180E4C1D0D735
(1675526515.776005) vcan0 260#D0FF00AA49CD85B0
(1675526515.777338) vcan0 055#D6F7E927B2009C80
(1675526515.777394) vcan0 065#97E326E8018E1802
(1675526515.780328) vcan0 070#000028A8F3E15B00
(1675526515.780456) vcan0 075#0000000000005458
(1675526515.780534) vcan0 072#F000FF3F0080A038
(1675526515.780611) vcan0 080#C64F8000C2002C00
(1675526515.780688) vcan0 0B0#1084A5A2F2C110A4
(1675526515.780767) vcan0 0F5#AC80A9807F7F0201
(1675526515.780845) vcan0 120#AE80A6807FF85589
(1675526515.780998) vcan0 130#FF0A1EA200610D12
(1675526515.781075) vcan0 145#FD42DB80FCC810A1
(1675526515.781155) vcan0 150#A10004F814F862C0
(1675526515.781233) vcan0 28C#000020000016BE27
(1675526515.781313) vcan0 290#0000000000000000
(1675526515.783257) vcan0 2B5#4B26006293A64D44
(1675526515.783384) vcan0 2C0#5D8700C10100A0F1
(1675526515.783473) vcan0 2C5#00DF2F0098E30070
(1675526515.783550) vcan0 360#5D8700D2B764A001
(1675526515.783627) vcan0 3AF#0000000000000020
(1675526515.783776) vcan0 3C8#5D87008E882C008E
(1675526515.783854) vcan0 010#000000002FB031F9
(1675526515.783933) vcan0 1D0#0000000000000A61
(1675526515.784011) vcan0 390#80FF051D020A5D4F
(1675526515.784798) vcan0 008#0980A8EDE3860080
(1675526515.787538) vcan0 288#16E0B04F00000080
(1675526515.789069) vcan0 1B0#00C0000001B000EC
(1675526515.789144) vcan0 1B5#FF0D0E0707E0FFEF
(1675526515.789223) vcan0 1D8#363339343234D743
(1675526515.789371) vcan0 1E0#0014AB4100B917E0
(1675526515.789448) vcan0 0E0#E27168E80080DB00
(1675526515.792907) vcan0 010#000000002FB031F8
(1675526515.794305) vcan0 072#F000FF3F00808038
(1675526515.794392) vcan0 210#73DC80A0A869F34D
(1675526515.794469) vcan0 3D0#880F6100340680C3
(1675526515.795836) vcan0 008#1480BC2D07870080
(1675526515.795913) vcan0 125#E54980E4C1D0D735
(1675526515.797279) vcan0 055#D6F7E927B2009C80
(1675526515.797335) vcan0 065#97E326E8008E1802
(1675526515.797485) vcan0 070#000028A8F3E15B00
(1675526515.798979) vcan0 075#0000000000005458
(1675526515.799056) vcan0 080#C64F8000C2002C00
(1675526515.799134) vcan0 0B0#1084A6A2F2C110A4
(1675526515.799212) vcan0 0F5#AC80A9807F43F201
(1675526515.799360) vcan0 120#AD80B0807FF95589
(1675526515.799438) vcan0 130#870C1EAC00471212
(1675526515.799516) vcan0 145#FD32DC80FCC810A1
(1675526515.799594) vcan0 150#AA00070810F849C0
(1675526515.804258) vcan0 010#000000002FB031F8
(1675526515.804388) vcan0 1D0#0000000000000061
(1675526515.804465) vcan0 291#0000000000000000
(1675526515.804542) vcan0 400#020B011601010102
(1675526515.804693) vcan0 008#2F80CCE524870080
(1675526515.804774) vcan0 405#5D870032002D3302
(1675526515.805790) vcan0 260#D0FF00AA49CC85B0
(1675526515.807230) vcan0 290#0000000000000000
(1675526515.808953) vcan0 1B0#00C0000000B000EC
(1675526515.809030) vcan0 1B5#FF0E0E0707E0FFEF
(1675526515.809108) vcan0 1D8#363339343234D743
(1675526515.809260) vcan0 072#F000FF3F0080A038
(1675526515.809334) vcan0 1E0#0014AB0100B917E0
(1675526515.809414) vcan0 2C3#5D8700FFFF005450
(1675526515.809492) vcan0 0E0#E27166F00080BD00
(1675526515.812763) vcan0 288#02E0C03F00000080
(1675526515.815481) vcan0 010#000000002FB031F8
(1675526515.815609) vcan0 008#4880DC9F41870080
(1675526515.815688) vcan0 2A9#8C260082C0000084
(1675526515.815765) vcan0 125#E51380E4C1D0D735
(1675526515.817033) vcan0 055#D6F7EA27B2009C80
(1675526515.817161) vcan0 065#95E325E8FF8D1702
(1675526515.820026) vcan0 070#000028A8F3E15B00
(1675526515.820153) vcan0 075#0000000000005458
(1675526515.820231) vcan0 080#C74F8000C2002C00
(1675526515.820309) vcan0 0B0#0F84A5A2F2C10FA4
(1675526515.820390) vcan0 0F5#B680B3807F47E201
(1675526515.820540) vcan0 120#AD80B0807FF95589
(1675526515.820618) vcan0 130#8F0C1EAC00370D12
(1675526515.820696) vcan0 145#FD22DD80FCC810A1
(1675526515.820772) vcan0 150#AA0000180BF839C0
(1675526515.820854) vcan0 210#73DC80A0A869F34D
(1675526515.820932) vcan0 28C#000020000016BE2C
(1675526515.821089) vcan0 2B5#4B26006293A64D43
(1675526515.821169) vcan0 340#4D00000000000000
(1675526515.822857) vcan0 010#000000002FB031F8
(1675526515.824323) vcan0 072#F000FF3F00848038
(1675526515.824452) vcan0 1D0#0000000000000061
(1675526515.824528) vcan0 008#6480EC654F870080
(1675526515.827106) vcan0 1B0#00C0000001B000EC
(1675526515.828507) vcan0 1B5#FF0E0E0807E0FFEF
(1675526515.828585) vcan0 1D8#363339343234D743
(1675526515.828735) vcan0 1E0#00189B4100B917E0
(1675526515.830036) vcan0 0E0#E27167F800809C00
(1675526515.832759) vcan0 010#000000002FB031F8
(1675526515.834300) vcan0 291#0000000000000000
(1675526515.834358) vcan0 330#2800000000000000
(1675526515.834513) vcan0 350#A200000000000080
(1675526515.834588) vcan0 008#7F80FC2465870080
(1675526515.834680) vcan0 125#E5DD7FE4C1D0D735
(1675526515.835816) vcan0 260#D0FF005549CB85B0
(1675526515.837293) vcan0 055#D6F7EA27B2009C80
(1675526515.840285) vcan0 065#97E325E8018E1702
(1675526515.840414) vcan0 070#000028A8F3E15B00
(1675526515.840492) vcan0 072#F000FF3F0084A038
(1675526515.840569) vcan0 075#0000000000005458
(1675526515.840647) vcan0 080#C74F8000C2002C00
(1675526515.840723) vcan0 0B0#0F84A5A2F2C10FA4
(1675526515.840872) vcan0 0F5#B680B3807F4BD201
(1675526515.840949) vcan0 120#AD80BB807FF75589
(1675526515.841027) vcan0 130#970C1EB000230D12
(1675526515.841105) vcan0 145#FD12DE80FCC810A1
(1675526515.841183) vcan0 150#B400002806F81FC0
(1675526515.841261) vcan0 288#02E0C03F00000080
(1675526515.841849) vcan0 290#0000000000000000
(1675526515.841949) vcan0 2C0#5D8700C10100A0F1
(1675526515.842024) vcan0 2C5#00DF2F0097E30070
(1675526515.843238) vcan0 010#000000002FB031F8
(1675526515.843386) vcan0 1D0#0000000000000061
(1675526515.843466) vcan0 210#73DC80A0A869F345
(1675526515.844781) vcan0 008#98800CFB65870080
(1675526515.847514) vcan0 1B0#00C0000000B000EC
(1675526515.849048) vcan0 1B5#FF0F0F0807E0FFEF
(1675526515.849144) vcan0 1D8#363339343234D743
(1675526515.849205) vcan0 1E0#001C8B4100B917E0
(1675526515.849353) vcan0 2C3#5D8700FFFF005450
(1675526515.849431) vcan0 0E0#E27166C000807D00
(1675526515.852938) vcan0 010#000000002FB031F8
(1675526515.854281) vcan0 072#F000FF3F00848038
(1675526515.854411) vcan0 2A9#8C26009BC0000084
(1675526515.855784) vcan0 008#B1801CD265870080
(1675526515.855914) vcan0 125#E5A97FE4C1D0D735
(1675526515.857341) vcan0 055#D6F7EA27B2009C80
(1675526515.857398) vcan0 065#96E325E8008E1702
(1675526515.857476) vcan0 070#000028A8F3E15B00
(1675526515.860358) vcan0 075#0000000000005458
(1675526515.860414) vcan0 080#C64F8000C2002C00
(1675526515.860493) vcan0 0B0#0E84A5A2F2C10EA4
(1675526515.860572) vcan0 0F5#C080BF807F4FC201
(1675526515.860723) vcan0 120#BD80BB807FFA5589
(1675526515.860799) vcan0 130#9F0C1EB6000D1212
(1675526515.860878) vcan0 145#FD02DF80FCC810A1
(1675526515.860955) vcan0 150#B400003801F80FC0
(1675526515.861033) vcan0 28C#000020000016BE2E
(1675526515.861110) vcan0 2B5#4B26006293A64D43
(1675526515.861262) vcan0 370#2724C000581BC700
(1675526515.862937) vcan0 288#02E0C03F00000080
(1675526515.864368) vcan0 010#000000002FB031F9
(1675526515.864425) vcan0 1D0#0000000000000A61
(1675526515.864501) vcan0 291#0000000000000000
(1675526515.865750) vcan0 008#C8802CC14F870080
(1675526515.865903) vcan0 260#D0FF005549CA85B0
(1675526515.867273) vcan0 290#0000000000000000
(1675526515.868865) vcan0 1B0#00C0000002B000EC
(1675526515.868991) vcan0 1B5#FF0F100808E0FFEF
(1675526515.869071) vcan0 072#F000FF3F0084A038
(1675526515.869148) vcan0 1D8#363339343234D743
(1675526515.869230) vcan0 1E0#001C8B0100B917E0
(1675526515.869380) vcan0 210#73DC80A0A869F34D
(1675526515.869457) vcan0 3B0#00D84A383EB8C400
(1675526515.869539) vcan0 0E0#E27165C800805E00
(1675526515.872817) vcan0 010#000000002FB031F8
(1675526515.875533) vcan0 008#E1803CA641870080
(1675526515.875661) vcan0 125#E5777FE4C1D0D735
(1675526515.877140) vcan0 055#D6F7EA27B2009C80
(1675526515.877221) vcan0 065#95E325E8FF8D1702
(1675526515.880017) vcan0 070#000028A8F3E15B00
(1675526515.880093) vcan0 075#0000000000005458
(1675526515.880243) vcan0 080#C74F8000C2002C00
(1675526515.880326) vcan0 0B0#0E84A5A2F2C10EA4
(1675526515.880403) vcan0 0F5#C080BF807F53B202
(1675526515.880481) vcan0 120#C980C3807FF95589
(1675526515.880557) vcan0 130#A70C1EBF00F41512
(1675526515.880637) vcan0 145#FDF2D080FCC810A1
(1675526515.880787) vcan0 150#BF000048FDF7F4C0
(1675526515.880865) vcan0 360#5D8700D2BB64A001
(1675526515.880945) vcan0 3CA#00000000530000C8
(1675526515.882800) vcan0 010#000000002FB031F8
(1675526515.884346) vcan0 072#F000FF3F00848038
(1675526515.884435) vcan0 1D0#0000000000000061
(1675526515.884513) vcan0 390#80FF051D02065E4F
(1675526515.884589) vcan0 008#F5804C9F24870080
(1675526515.887107) vcan0 288#02E0C03F00000080
(1675526515.888577) vcan0 1B0#00C0000000B000EC
(1675526515.888704) vcan0 1B5#FF10100808E0FFEF
(1675526515.888783) vcan0 1D8#363339343234D743
(1675526515.888860) vcan0 1E0#00207B4100B917E0
(1675526515.889997) vcan0 2C3#5D8700FFFF005450
(1675526515.890124) vcan0 0E0#E27166D000803D00
(1675526515.892735) vcan0 010#000000002FB031F8
(1675526515.894263) vcan0 210#73DC8020A869F345
(1675526515.894340) vcan0 291#0000000000000000
(1675526515.894488) vcan0 2A9#8C260082C0000084
(1675526515.894570) vcan0 008#0C815CA3F9860080
(1675526515.894646) vcan0 125#E5457FE4C1D0D735
(1675526515.895786) vcan0 260#D0FF005549C885B0
(1675526515.897300) vcan0 055#D6F7EA27B2009C80
(1675526515.897428) vcan0 065#97E325E8008E1702
(1675526515.897506) vcan0 070#000028A8F3E15B00
(1675526515.900315) vcan0 075#0000000000005458
(1675526515.900443) vcan0 080#C74F8000C2002C00
(1675526515.900522) vcan0 072#F000FF3F0084A038
(1675526515.900599) vcan0 0B0#0D84A5A2F3C10DA4
(1675526515.900677) vcan0 0F5#CA80C9807F57A202
(1675526515.900756) vcan0 120#C980C3807FF65589
(1675526515.900837) vcan0 130#AF0C1EC000E30F12
(1675526515.900989) vcan0 145#FDE2D180FCC810A1
(1675526515.901068) vcan0 150#BF000058F8F7E4C0
(1675526515.901146) vcan0 28C#000020000016BE2E
(1675526515.901225) vcan0 290#0000000000000000
(1675526515.901304) vcan0 2B5#4B26006293A64D43
(1675526515.901753) vcan0 2C0#5D8700C10100A0F1
(1675526515.901905) vcan0 2C5#00DF2F0097E30070
(1675526515.901982) vcan0 340#4D00000000000000
(1675526515.902060) vcan0 3AF#0000000000000020
(1675526515.902136) vcan0 3C8#5D87008E882C008E
(1675526515.903314) vcan0 010#000000002FB031F8
(1675526515.903370) vcan0 1D0#0000000000000061
(1675526515.904807) vcan0 008#23816CA0D5860080
(1675526515.907525) vcan0 1B0#00C0000001B000EC
(1675526515.909051) vcan0 1B5#FF10110908E0FFEF
(1675526515.909135) vcan0 1D8#363339343234D743
(1675526515.909278) vcan0 1E0#00246B4100B917E0
(1675526515.909356) vcan0 0E0#E27164D800801F00
(1675526515.912969) vcan0 288#06E0D02F00000080
(1675526515.914263) vcan0 010#000000002FB031F8
(1675526515.915785) vcan0 008#3A817C96B8860080
(1675526515.915874) vcan0 072#F000FF3F00848038
(1675526515.915952) vcan0 125#E5197FE4C1D0D735
(1675526515.916101) vcan0 330#2800000000000000
(1675526515.917289) vcan0 055#D6F7E927B2009C80
(1675526515.917418) vcan0 065#97E324E8008E1702
(1675526515.917498) vcan0 070#000028A8F3E15B00
(1675526515.918881) vcan0 075#0000000000005458
(1675526515.919008) vcan0 080#C64F8000C2002C00
(1675526515.919087) vcan0 0B0#0D84A5A2F2C10DA4
(1675526515.919164) vcan0 0F5#CA80C9807F5B9202
(1675526515.919313) vcan0 120#D280D6807FF85589
(1675526515.919395) vcan0 130#B70C1EC900CA1512
(1675526515.919472) vcan0 145#FDD2D280FCC810A1
(1675526515.919555) vcan0 150#C9000268F3F7CAC0
(1675526515.920467) vcan0 210#73DC80A0A869F345
(1675526515.923243) vcan0 010#000000002FB031F8
(1675526515.923341) vcan0 1D0#0000000000000061
(1675526515.923489) vcan0 291#0000000000000000
(1675526515.924788) vcan0 350#A200000000000080
(1675526515.924866) vcan0 008#4C818C919B860080
(1675526515.924943) vcan0 260#D0FF00AA49C785B0
(1675526515.926308) vcan0 290#0000000000000000
(1675526515.927802) vcan0 1B0#00C0000001B000EC
(1675526515.927930) vcan0 072#F000FF3F0084A038
(1675526515.929349) vcan0 1B5#FF11110908E0FFEF
(1675526515.929427) vcan0 1D8#363339343234D743
(1675526515.929505) vcan0 1E0#00246B0100B917E0
(1675526515.929584) vcan0 2C3#5D8700FFFF005450
(1675526515.929662) vcan0 0E0#E27163E000800000
(1675526515.933252) vcan0 010#000000002FB031F8
(1675526515.934541) vcan0 2A9#8C26008AC0000084
(1675526515.936086) vcan0 008#60819CA662860080
(1675526515.936144) vcan0 125#E5ED7EE4C1D0D735
(1675526515.937540) vcan0 055#D6F7EA27B2009C80
(1675526515.937667) vcan0 065#95E324E8FF8D1702
(1675526515.937745) vcan0 070#000028A8F3E15B00
(1675526515.937822) vcan0 075#0000000000005458
(1675526515.939135) vcan0 080#C74F8000C2002C00
(1675526515.939286) vcan0 0B0#0D84A5A2F2C10DA4
(1675526515.939367) vcan0 0F5#D280D1807F5F8202
(1675526515.939444) vcan0 120#D280D6807FF95589
(1675526515.939522) vcan0 130#BF0C1ED200B11512
(1675526515.939599) vcan0 145#FDC2D380FCC810A1
(1675526515.939679) vcan0 150#CD000078EFF7B6C0
(1675526515.939832) vcan0 288#02E0D02F00000080
(1675526515.940686) vcan0 28C#000020000016BE2F
(1675526515.940813) vcan0 2B5#4B26006293A64D42
(1675526515.943357) vcan0 010#000000002FB031F9
(1675526515.946089) vcan0 072#F000FF3F00848038
(1675526515.946166) vcan0 1D0#0000000000000A61
(1675526515.946244) vcan0 210#73DC80A0A869F34D
(1675526515.946394) vcan0 008#7581AC9E45860080
(1675526515.947534) vcan0 1B0#00C0000001B000EC
(1675526515.949078) vcan0 1B5#FF11120909E0FFEF
(1675526515.949143) vcan0 1D8#363339343234D743
(1675526515.949213) vcan0 1E0#00285B4100B917E0
(1675526515.949362) vcan0 0E0#E27164E80080DF00
(1675526515.952952) vcan0 010#000000002FB031F8
(1675526515.954300) vcan0 291#0000000000000000
(1675526515.954376) vcan0 425#0000000000000000
(1675526515.955815) vcan0 008#8981BC9E21860080
(1675526515.955870) vcan0 125#E5C37EE4C1D0D735
(1675526515.955948) vcan0 260#D0FF00AA49C685B0
(1675526515.957284) vcan0 055#D6F7EA27B2009C80
(1675526515.957371) vcan0 065#96E324E8008E1702
(1675526515.957520) vcan0 070#000028A8F3E15B00
(1675526515.960339) vcan0 075#0000000000005458
(1675526515.960417) vcan0 080#C74F8000C2002C00
(1675526515.960495) vcan0 0B0#0C84A5A2F2C10CA4
(1675526515.960572) vcan0 072#F000FF3F0084A038
(1675526515.960719) vcan0 0F5#D280D1807F637202
(1675526515.960803) vcan0 120#D980CE807FF75589
(1675526515.960878) vcan0 130#C70C1ED200A11212
(1675526515.960958) vcan0 145#FDB2D480FCC810A1
(1675526515.961036) vcan0 150#D1000288EAF7A2C0
(1675526515.961114) vcan0 290#0000000000000000
(1675526515.961267) vcan0 2C0#5D8700C40100A0F1
(1675526515.961345) vcan0 2C5#00DF2F0196E30070
(1675526515.961423) vcan0 370#2724C000581BC700
(1675526515.961793) vcan0 3E0#000000D938808029
(1675526515.963295) vcan0 288#F5DFD02F00000080
(1675526515.963373) vcan0 010#000000002FB031F8
(1675526515.963450) vcan0 1D0#0000000000000061
(1675526515.964819) vcan0 008#9E81CC801A860080
(1675526515.967534) vcan0 1B0#00C0000001B000EC
(1675526515.969147) vcan0 1B5#FF12120A09E0FFEF
(1675526515.969217) vcan0 1D8#363339343234D743
(1675526515.969296) vcan0 1E0#002C4B4100B917E0
(1675526515.969446) vcan0 210#73DC80A0A869F345
(1675526515.969527) vcan0 2C3#5D8700FFFF005450
(1675526515.969603) vcan0 0E0#E27161F00080C200
(1675526515.973320) vcan0 010#000000002FB031F8
(1675526515.973378) vcan0 072#F000FF3F00848038
(1675526515.973530) vcan0 2A9#8C260093C0000084
(1675526515.974844) vcan0 008#B081DC92E7850080
(1675526515.974901) vcan0 125#E5997EE4C1D0D735
(1675526515.976346) vcan0 055#D6F7E927B2009C80
(1675526515.977835) vcan0 065#97E324E8018E1702
(1675526515.977913) vcan0 070#000028A8F3E15B00
(1675526515.977991) vcan0 075#0000000000005458
(1675526515.978141) vcan0 080#C64F8000C2002C00
(1675526515.978218) vcan0 0B0#0C84A5A2F2C10CA4
(1675526515.980783) vcan0 0F5#DA80D8807F676202
(1675526515.980861) vcan0 120#D980CE807FF85589
(1675526515.980940) vcan0 130#CF0C1ED8008B1212
(1675526515.981015) vcan0 145#FDA2D580FCC810A1
(1675526515.981164) vcan0 150#D900FD97E6F78AC0
(1675526515.981244) vcan0 28C#000020000016BE2D
(1675526515.981321) vcan0 2B5#4B26006293A64D41
(1675526515.981403) vcan0 340#4D00000000000000
(1675526515.981479) vcan0 360#5D8700D2BB64A001
(1675526515.982274) vcan0 010#000000002FB031F8
(1675526515.983823) vcan0 1D0#0000000000000061
(1675526515.983881) vcan0 291#0000000000000000
(1675526515.984035) vcan0 390#80FF051D02025F4F
(1675526515.984113) vcan0 008#C281EC94C3850080
(1675526515.985322) vcan0 260#D0FF00AA49C585B0
(1675526515.986855) vcan0 290#0000000000000000
(1675526515.988321) vcan0 1B0#00C0000001B000EC
(1675526515.988449) vcan0 072#F000FF3F0084A038
(1675526515.988528) vcan0 1B5#FF13130A09E0FFEF
(1675526515.988606) vcan0 1D8#363339343234D743
(1675526515.989743) vcan0 1E0#002C4B0100B917E0
(1675526515.989870) vcan0 288#02E0D02F00000080
(1675526515.989950) vcan0 3B0#00D84A383EB8C400
(1675526515.990026) vcan0 0E0#E27163F80080A000
(1675526515.992533) vcan0 010#000000002FB031F8
(1675526515.994001) vcan0 210#73DC80A0A869F34D
(1675526515.994131) vcan0 330#2800000000000000
(1675526515.994209) vcan0 3D0#880F6100340680C3
(1675526515.994285) vcan0 008#D781FC6FC3850080
(1675526515.995543) vcan0 125#E5737EE4C1D0D735
(1675526515.997111) vcan0 055#D6F7E927B2009C80
(1675526515.997168) vcan0 065#97E323E8008E1602
(1675526516.000031) vcan0 070#000028A8F3E15B00
(1675526516.000110) vcan0 075#0000000000005458
(1675526516.000189) vcan0 080#C64F8000C2002C00
(1675526516.000267) vcan0 0B0#0B84A6A2F2C10BA4
(1675526516.000350) vcan0 0F5#E180D8807F6B5202
(1675526516.000502) vcan0 120#E180DF807FF75589
(1675526516.000579) vcan0 130#D70C1EDA00791212
(1675526516.000660) vcan0 145#FD92D680FCC810A1
(1675526516.000735) vcan0 150#D90000A8E2F77AC0
(1675526516.000813) vcan0 3CA#00000000540000C8
(1675526516.000897) vcan0 430#2A082800000015A6
(1675526516.002776) vcan0 010#000000002FB031F8
(1675526516.004299) vcan0 072#F000FF3F00848038
(1675526516.004377) vcan0 1D0#0000000000000061
(1675526516.004453) vcan0 008#ED810C49C3850080
(1675526516.007017) vcan0 1B0#00C0000001B000EC
(1675526516.008542) vcan0 1B5#FF13130A0AE0FFEF
(1675526516.008619) vcan0 1D8#363339343234D743
(1675526516.008769) vcan0 1E0#00303B4100B917E0
(1675526516.008847) vcan0 2C3#5D8700FFFF005450
(1675526516.010034) vcan0 0E0#E27170C000807300
(1675526516.012754) vcan0 288#F1DFE01F00000080
(1675526516.014034) vcan0 350#A200000000000080
(1675526516.015633) vcan0 008#04821C12D2850080
(1675526516.015784) vcan0 010#000000002FB031F9
(1675526516.015864) vcan0 125#E5477EE4C1D0D735
(1675526516.015951) vcan0 291#0000000000000000
(1675526516.016029) vcan0 2A9#8C26008AC0000084
(1675526516.016105) vcan0 260#D0FF005549C485B0
(1675526516.017184) vcan0 055#D6F7E927B2009C80
(1675526516.017313) vcan0 065#98E322E8008E1602
(1675526516.017390) vcan0 070#000028A8F3E15B00
(1675526516.021516) vcan0 075#0000000000005458
(1675526516.021645) vcan0 080#C64F8000C2002C00
(1675526516.021723) vcan0 0B0#0B84A5A2F2C10BA4
(1675526516.021805) vcan0 072#F000FF3F0084A038
(1675526516.021881) vcan0 0F5#E180DF807F6F4202
(1675526516.021958) vcan0 120#E880E5807FF75589
(1675526516.022112) vcan0 130#DF0A1EDF00640F12
(1675526516.022189) vcan0 145#FD82D780FCC810A1
(1675526516.022269) vcan0 150#E000FFB7DFF763C0
(1675526516.022347) vcan0 210#73DC80A0A869F34D
(1675526516.022433) vcan0 28C#000020000016BE2F
(1675526516.022512) vcan0 290#0000000000000000
(1675526516.022661) vcan0 2B5#4B26006293A64D41
(1675526516.022740) vcan0 2C0#5D8700C80100A0F1
(1675526516.022817) vcan0 2C5#00DF2F0197E30070
(1675526516.022895) vcan0 3AF#0000000000000020
(1675526516.022976) vcan0 3C8#5D87008E882C008E
(1675526516.023052) vcan0 010#000000002FB031F8
(1675526516.024596) vcan0 1D0#0000000000000A61
(1675526516.024653) vcan0 008#1F822CCAEF850080
(1675526516.027288) vcan0 1B0#00C0000001B000EC
(1675526516.028756) vcan0 1B5#FF14140A0AE0FFEF
(1675526516.028884) vcan0 1D8#363339343234D743
(1675526516.028962) vcan0 1E0#00342B4100B917E0
(1675526516.030276) vcan0 0E0#E2716BC800805800
(1675526516.032927) vcan0 010#000000002FB031F8
(1675526516.034284) vcan0 072#F000FF3F00848038
(1675526516.035762) vcan0 008#38823C7C13860080
(1675526516.035913) vcan0 125#E50F7EE4C1D0D735
(1675526516.037280) vcan0 055#D6F7E827B2009C80
(1675526516.037410) vcan0 065#9AE322E8028E1602
(1675526516.037487) vcan0 070#000028A8F2E15B00
(1675526516.040297) vcan0 075#0000000000005458
(1675526516.040425) vcan0 080#C34F8000C2002C00
(1675526516.040504) vcan0 0B0#0B84A6A2F2C10BA4
(1675526516.040581) vcan0 0F5#E680E6807F733202
(1675526516.040662) vcan0 120#E880E5807FF55589
(1675526516.040811) vcan0 130#E70A1EE100520D12
(1675526516.040889) vcan0 145#FD72D880FCC810A1
(1675526516.040966) vcan0 150#E000F9C7DCF753C0
(1675526516.041045) vcan0 288#E5DFE01F00000080
(1675526516.042905) vcan0 010#000000002FB031F8
(1675526516.044333) vcan0 1D0#0000000000000061
(1675526516.044391) vcan0 210#65DC8020A869F345
(1675526516.045828) vcan0 291#0000000000000000
(1675526516.045955) vcan0 008#56824C0E53860080
(1675526516.046037) vcan0 260#D0FF005549C385B0
(1675526516.047285) vcan0 290#0000000000000000
(1675526516.048949) vcan0 1B0#00C0000001B000EC
(1675526516.049077) vcan0 1B5#FF14150B0AE0FFEF
(1675526516.049156) vcan0 072#F000FF3F0084A038
(1675526516.049233) vcan0 1D8#363339343234D743
(1675526516.049314) vcan0 1E0#00342B0100B917E0
(1675526516.049392) vcan0 2C3#5D8700FFFF005450
(1675526516.049473) vcan0 0E0#E27170D000803300
(1675526516.053058) vcan0 010#000000002FB031F8
(1675526516.053116) vcan0 2A9#8C260093C0000084
(1675526516.054551) vcan0 400#01010101010B0303
(1675526516.054609) vcan0 405#0000000000000000
(1675526516.054757) vcan0 008#76825C79B8860080
(1675526516.054834) vcan0 125#E5D27DE4C1D0D735
(1675526516.057243) vcan0 055#D6F7E827B2009C80
(1675526516.058541) vcan0 065#9BE321E8008E1502
(1675526516.058670) vcan0 070#000027A8F2E15B00
(1675526516.058747) vcan0 075#0000000000005458
(1675526516.061561) vcan0 080#C34F8000C2002C00
(1675526516.061639) vcan0 0B0#0A84A6A2F1C10AA4
(1675526516.061788) vcan0 0F5#E680E6807F772202
(1675526516.061865) vcan0 120#EE80ED807FF45589
(1675526516.061943) vcan0 130#EF0A1EE6003D0D12
(1675526516.062021) vcan0 145#FD62D980FCC810A1
(1675526516.062098) vcan0 150#E600FCD7D8F73DC0
(1675526516.062178) vcan0 28C#000020000016BE32
(1675526516.062330) vcan0 2B5#4B26006293A64D3F
(1675526516.062418) vcan0 340#4D00000000000000
(1675526516.062499) vcan0 370#2724C000581BC700
(1675526516.063012) vcan0 288#E5DFE01F00000080
(1675526516.063089) vcan0 010#000000002FB031F8
(1675526516.064526) vcan0 072#F000FF3F00848038
(1675526516.064603) vcan0 1D0#0000000000000061
(1675526516.064753) vcan0 008#98826CE816870080
(1675526516.067281) vcan0 1B0#00C0000001B000EC
(1675526516.068824) vcan0 1B5#FF15150B0BE0FFEF
(1675526516.068879) vcan0 1D8#363339343234D743
(1675526516.068958) vcan0 1E0#00381B4100B917E0
(1675526516.069106) vcan0 210#65DC80A0A869F34D
(1675526516.070317) vcan0 0E0#E27173D800801000
(1675526516.072982) vcan0 010#000000002FB031F8
(1675526516.074324) vcan0 291#0000000000000000
(1675526516.074382) vcan0 330#2800000000000000
(1675526516.075840) vcan0 008#BC827C2B9F870080
(1675526516.075895) vcan0 125#E58A7DE4C1D0D735
(1675526516.075972) vcan0 260#D0FF005549C185B0
(1675526516.077292) vcan0 055#D6F7E827B2009C80
(1675526516.077446) vcan0 065#9AE321E8008E1502
(1675526516.077527) vcan0 070#000027A8F2E15B00
(1675526516.080340) vcan0 075#0000000000005458
(1675526516.080419) vcan0 080#C34F8000C2002C00
(1675526516.080496) vcan0 072#F000FF3F0084A038
(1675526516.080647) vcan0 0B0#0A84A6A2F1C10AA4
(1675526516.080724) vcan0 0F5#EE80ED807F7B1202
(1675526516.080805) vcan0 120#EE80F2807FF65589
(1675526516.080883) vcan0 130#F7071EED00260D12
(1675526516.080960) vcan0 145#FD52DA80FCC810A1
(1675526516.081037) vcan0 150#ED00F8E7D4F726C0
(1675526516.081188) vcan0 290#0000000000000000
(1675526516.081275) vcan0 2C0#5D8700CE0100A0F1
(1675526516.081356) vcan0 2C5#00DF2E0299E30070
(1675526516.081437) vcan0 360#5D8700D2BB64A001
(1675526516.082942) vcan0 010#000000002FB031F8
(1675526516.084290) vcan0 1D0#0000000000000061
(1675526516.085760) vcan0 390#80FF051D023E504F
(1675526516.085910) vcan0 008#E3828C632F880080
(1675526516.087279) vcan0 1B0#00C0000001B000EC
(1675526516.088806) vcan0 1B5#FF16160B0BE0FFEF
(1675526516.088881) vcan0 1D8#363339343234D743
(1675526516.089032) vcan0 1E0#003C0B4100B917E0
(1675526516.089114) vcan0 288#D9DFE01F00000080
(1675526516.089190) vcan0 2C3#5D8700FFFF005450
