(1675526499.626249) vcan0 070#00002CF8D4E13300
(1675526499.626309) vcan0 075#0000000000005458
(1675526499.626460) vcan0 080#984F8000C2002C00
(1675526499.626538) vcan0 0B0#3983B5A2D4C139A3
(1675526499.626623) vcan0 145#FD52DA80FCC810A1
(1675526499.628864) vcan0 1B0#00C0000004B000FC
(1675526499.628942) vcan0 010#000000002FB031F8
(1675526499.630388) vcan0 1B5#FF50A1D97AE0FFEF
(1675526499.630466) vcan0 1D0#0000000000000061
(1675526499.630543) vcan0 1D8#363339343234DC43
(1675526499.630620) vcan0 1E0#0024630300B917E0
(1675526499.630770) vcan0 291#0000000000000000
(1675526499.630848) vcan0 2C3#5D8700FFFF465450
(1675526499.630927) vcan0 288#A3DF10EF00000080
(1675526499.631006) vcan0 400#020B011601010102
(1675526499.634376) vcan0 405#5D870036002D3402
(1675526499.634450) vcan0 0E0#E27322E800801900
(1675526499.634525) vcan0 008#378194A90E800080
(1675526499.634668) vcan0 072#F000FF3F0078A038
(1675526499.635769) vcan0 290#0000000000000000
(1675526499.637233) vcan0 125#E5277FE4C1D0D735
(1675526499.639842) vcan0 0F5#9B86AB867F7F0214
(1675526499.639915) vcan0 120#A886AF867FFE5589
(1675526499.640059) vcan0 130#FFF41DA90654F111
(1675526499.640132) vcan0 150#9C06E1F7DEF761C0
(1675526499.640206) vcan0 010#000000002FB031F8
(1675526499.641232) vcan0 2A9#8C26008AC0000084
(1675526499.643835) vcan0 210#75E180A0A869EB45
(1675526499.645280) vcan0 008#3781A4990E800080
(1675526499.645357) vcan0 055#D2F7DB27B2009C80
(1675526499.645435) vcan0 065#E4E3D8F7EBADD501
(1675526499.645514) vcan0 070#00002CF8D8E13300
(1675526499.645591) vcan0 075#0000000000005458
(1675526499.646822) vcan0 080#A24F8000C2002C00
(1675526499.646972) vcan0 0B0#3983AFA2D4C139A3
(1675526499.647049) vcan0 145#FD42DB80FCC810A1
(1675526499.647137) vcan0 260#D0FF00AA497487B0
(1675526499.647215) vcan0 28C#000020000014BE9C
(1675526499.647292) vcan0 2B5#4B93576293A63808
(1675526499.649747) vcan0 1B0#00C0000001B000FC
(1675526499.649825) vcan0 010#000000002FB031F9
(1675526499.649903) vcan0 072#F000FF3F00788038
(1675526499.649980) vcan0 1B5#FF54A6DB7CE0FFEF
(1675526499.650130) vcan0 1D0#0000000000000A61
(1675526499.650209) vcan0 1D8#363339343234DC43
(1675526499.650285) vcan0 1E0#0028534300B917E0
(1675526499.651240) vcan0 0E0#E27322F00080F900
(1675526499.653841) vcan0 008#3781B4890E800080
(1675526499.655217) vcan0 288#9BDF20DF00000080
(1675526499.656735) vcan0 125#E5277FE4C1D0D735
(1675526499.659332) vcan0 0F5#9486A3867F43F214
(1675526499.659411) vcan0 010#000000002FB031F8
(1675526499.659497) vcan0 120#A386A7867FFF5589
(1675526499.659647) vcan0 130#87F41DA70646F411
(1675526499.659726) vcan0 150#9F06E007DEF74EC0
(1675526499.660812) vcan0 291#0000000000000000
(1675526499.663342) vcan0 072#F000FF3F0078A038
(1675526499.664717) vcan0 008#3781C48700800080
(1675526499.664861) vcan0 055#D3F7E527B2009C80
(1675526499.666374) vcan0 065#C5E3D9F7E7ADD501
(1675526499.666447) vcan0 070#00002BF8E3E13200
(1675526499.666521) vcan0 075#0000000000005458
(1675526499.666663) vcan0 080#BB4F8000C2002C00
(1675526499.666737) vcan0 0B0#CE83A7A2DCC1CEA3
(1675526499.666812) vcan0 145#FD32DC80FCC810A1
(1675526499.666885) vcan0 290#0000000000000000
(1675526499.667028) vcan0 2C0#5D87006E0200A0F1
(1675526499.667103) vcan0 2C5#00D73E8300E40070
(1675526499.670337) vcan0 1B0#00C0000001B000FC
(1675526499.670410) vcan0 010#000000002FB031F8
(1675526499.670554) vcan0 1B5#FF58AADE7EE0FFEF
(1675526499.670628) vcan0 1D0#0000000000000061
(1675526499.670702) vcan0 1D8#363339343234DC43
(1675526499.670774) vcan0 1E0#002C434300B917E0
(1675526499.670917) vcan0 210#75E180A0A869EA4D
(1675526499.671763) vcan0 2C3#5D8700FFFF465450
(1675526499.671836) vcan0 0E0#E27322F80080D900
(1675526499.674310) vcan0 008#3781D47700800080
(1675526499.675687) vcan0 350#A200000000000080
(1675526499.675830) vcan0 260#D0FF00AA497487B0
(1675526499.677207) vcan0 125#E5277FE4C1D0D735
(1675526499.680223) vcan0 0F5#9986A3867F47E215
(1675526499.680367) vcan0 010#000000002FB031F8
(1675526499.680440) vcan0 072#F000FF3F00788038
(1675526499.680523) vcan0 120#A086B8867FFF5589
(1675526499.680597) vcan0 130#8FF71DA70636F711
(1675526499.680671) vcan0 150#9B06E117DEF742C0
(1675526499.680814) vcan0 2A9#8C260093C0000084
(1675526499.680889) vcan0 288#B0DF20DF00000080
(1675526499.684118) vcan0 008#3781E46700800080
(1675526499.685495) vcan0 055#D5F7EF27B2009C80
(1675526499.685573) vcan0 065#B1E3E0F7E4ADE301
(1675526499.685652) vcan0 070#000029F8EDE13100
(1675526499.685801) vcan0 075#0000000000005458
(1675526499.685878) vcan0 080#D54F8000C2002C00
(1675526499.689557) vcan0 0B0#C7839DA2E9C1C7A3
(1675526499.689708) vcan0 145#FD22DD80FCC810A1
(1675526499.689785) vcan0 28C#000020000014BE9B
(1675526499.689864) vcan0 2B5#4B93576293A63A19
(1675526499.689940) vcan0 340#6C00000000000000
(1675526499.690026) vcan0 370#0723C0005C1BC735
(1675526499.690105) vcan0 010#000000002FB031F8
(1675526499.690255) vcan0 1B0#00C0000000B000FC
(1675526499.690332) vcan0 1B5#FF5CAEE080E0FFEF
(1675526499.690409) vcan0 1D0#0000000000000061
(1675526499.690488) vcan0 1D8#363339343234DC43
(1675526499.690997) vcan0 1E0#002C430300B917E0
(1675526499.691075) vcan0 291#0000000000000000
(1675526499.693558) vcan0 0E0#E2731FC00080BC00
(1675526499.693700) vcan0 072#F000FF3F0078A038
(1675526499.695007) vcan0 210#75E180A0A869EA4D
(1675526499.695083) vcan0 3B0#00D819383AC0C400
(1675526499.695157) vcan0 008#3781F45700800080
(1675526499.695300) vcan0 290#0000000000000000
(1675526499.696468) vcan0 125#E5277FE4C1D0D735
(1675526499.699075) vcan0 0F5#9686A4867F4BD215
(1675526499.699157) vcan0 010#000000002FB031F8
(1675526499.699232) vcan0 120#A686B0867FFF5589
(1675526499.700471) vcan0 130#97F71DA70626F711
(1675526499.700545) vcan0 150#9D06E527DEF730C0
(1675526499.700689) vcan0 330#2800000000000000
(1675526499.700762) vcan0 3CA#00000000530000C8
(1675526499.703039) vcan0 360#5D8700D2C364A001
(1675526499.704488) vcan0 008#3781044700800080
(1675526499.704565) vcan0 055#D7F7F427B2009C80
(1675526499.706156) vcan0 065#8EE3E5F7E0ADE401
(1675526499.706234) vcan0 070#000027F8F3E13000
(1675526499.706310) vcan0 075#0000000000005458
(1675526499.706390) vcan0 080#E24F8000C2002C00
(1675526499.706466) vcan0 0B0#BF8396A2EEC1BFA3
(1675526499.706546) vcan0 145#FD12DE80FCC810A1
(1675526499.706694) vcan0 260#D0FF0055497487B0
(1675526499.706781) vcan0 288#8FDF20DF00000080
(1675526499.708734) vcan0 1B0#00C0000000B000FC
(1675526499.711481) vcan0 010#000000002FB031F8
(1675526499.711556) vcan0 072#F000FF3F00788038
(1675526499.711700) vcan0 1B5#FF61B3E282E0FFEF
(1675526499.711775) vcan0 1D0#0000000000000061
(1675526499.711848) vcan0 1D8#363339343234DC43
(1675526499.711922) vcan0 1E0#0030334300B917E0
(1675526499.712066) vcan0 2C3#5D8700FFFF465450
(1675526499.712139) vcan0 390#80FF051D022E544F
(1675526499.712213) vcan0 0E0#E2731CC800809F00
(1675526499.714070) vcan0 008#3781143700800080
(1675526499.716542) vcan0 125#E5277FE4C1D0D735
(1675526499.717984) vcan0 010#000000002FB031F8
(1675526499.719635) vcan0 0F5#9486A1867F4FC216
(1675526499.719709) vcan0 120#9E86A3867FFF5589
(1675526499.719791) vcan0 130#9FFA1DA70616F711
(1675526499.719867) vcan0 150#9B06DB37DEF722C0
(1675526499.720009) vcan0 210#75E18020A869EA45
(1675526499.720082) vcan0 291#0000000000000000
(1675526499.720157) vcan0 2A9#8C26008AC0000084
(1675526499.723464) vcan0 072#F000FF3F0078A038
(1675526499.726206) vcan0 008#3781242700800080
(1675526499.726350) vcan0 055#D9F7F727B3009C80
(1675526499.726423) vcan0 065#80E3F1F7EFADFC01
(1675526499.726497) vcan0 070#000026F8F6E13000
(1675526499.726571) vcan0 075#0000000000005458
(1675526499.726714) vcan0 080#E94F8000C2002C00
(1675526499.726788) vcan0 0B0#B8838EA2F5C1B8A3
(1675526499.726862) vcan0 145#FD02DF80FCC810A1
(1675526499.728991) vcan0 28C#000020000014BE97
(1675526499.729066) vcan0 290#0000000000000000
(1675526499.729148) vcan0 2B5#4B93556293A63A39
(1675526499.729222) vcan0 2C0#5D8700BE0200A0F1
(1675526499.729296) vcan0 2C5#00D73B83D5E30070
(1675526499.729439) vcan0 3AF#0000000000000020
(1675526499.729514) vcan0 1B0#00C0100000B000FC
(1675526499.729587) vcan0 1B5#FF65B7E484E0FFEF
(1675526499.729660) vcan0 1D8#363339343234DC43
(1675526499.730353) vcan0 1E0#0034234300B917E0
(1675526499.730495) vcan0 010#000000002FB031F9
(1675526499.731670) vcan0 1D0#0000000000000A61
(1675526499.731820) vcan0 288#9BDF20DF00000080
(1675526499.731897) vcan0 0E0#E2731AD000808100
(1675526499.734210) vcan0 008#3581341900800080
(1675526499.735587) vcan0 260#D0FF0055497487B0
(1675526499.736963) vcan0 125#E5277FE4C1D0D735
(1675526499.740862) vcan0 0F5#9386A1867F53B216
(1675526499.740949) vcan0 120#A386A7867F005689
(1675526499.741028) vcan0 130#A7FA1DA3060AFD11
(1675526499.741106) vcan0 150#9C06DF47DEF711C0
(1675526499.741183) vcan0 3C8#5D87008E882C008E
(1675526499.741276) vcan0 010#000000002FB031F8
(1675526499.742241) vcan0 072#F000FF3F00788038
(1675526499.744783) vcan0 008#3581440900800080
(1675526499.744925) vcan0 055#DAF7F927B3009C80
(1675526499.745000) vcan0 065#71E3F9F7ECADFC01
(1675526499.748838) vcan0 070#000025F8F9E12F00
(1675526499.748912) vcan0 075#0000000000005458
(1675526499.749056) vcan0 080#EF4F8000C2002C00
(1675526499.749135) vcan0 0B0#B2838AA2F6C1B2A3
(1675526499.749204) vcan0 145#FDF2D080FCC810A1
(1675526499.749279) vcan0 210#75E180A0A869EA45
(1675526499.749422) vcan0 1B0#00C01A0000B004FC
(1675526499.749506) vcan0 1B5#FF69BBE686E0FFEF
(1675526499.751740) vcan0 1D8#363339343234DC43
(1675526499.751818) vcan0 1E0#0034230300B917E0
(1675526499.751896) vcan0 2C3#5D8700FFFF475450
(1675526499.751973) vcan0 010#000000002FB031F8
(1675526499.752123) vcan0 1D0#0000000000000061
(1675526499.752201) vcan0 291#0000000000000000
(1675526499.752279) vcan0 0E0#E27315D800806600
(1675526499.754304) vcan0 072#F000FF3F0078A038
(1675526499.754453) vcan0 008#358154EB0E800080
(1675526499.755684) vcan0 290#0000000000000000
(1675526499.755834) vcan0 288#9FDF30CF00000080
(1675526499.757210) vcan0 125#E5277FE4C1D0D735
(1675526499.759954) vcan0 010#000000002FB031F8
(1675526499.760030) vcan0 0F5#8F869F86BF57A117
(1675526499.760181) vcan0 120#9B86A6867F035689
(1675526499.760267) vcan0 130#AFFA1DA306FAFD11
(1675526499.760344) vcan0 150#9906DE57DEF704C0
(1675526499.760423) vcan0 2A9#8C260082C0000084
(1675526499.765061) vcan0 008#358164DB0E800080
(1675526499.765205) vcan0 055#DBF7F927B3009C80
(1675526499.765278) vcan0 065#75E3FDF7FBADFF01
(1675526499.769118) vcan0 070#000024F8F8E12E00
(1675526499.769194) vcan0 075#0000000000005458
(1675526499.769268) vcan0 080#EE4F8000C2002C00
(1675526499.769341) vcan0 0B0#AB8387A2F8C1ABA3
(1675526499.769485) vcan0 145#FDE2D180FCC810A1
(1675526499.769559) vcan0 260#D0FF0055497487B0
(1675526499.769632) vcan0 28C#000020000014BE94
(1675526499.769708) vcan0 2B5#4B93546293A63E3D
(1675526499.769850) vcan0 340#6C00000000000000
(1675526499.769924) vcan0 350#A200000000000080
(1675526499.770006) vcan0 1B0#00C01C0000B00BFC
(1675526499.770081) vcan0 1B5#FF6EC0E889E0FFEF
(1675526499.770223) vcan0 010#000000002FB031F8
(1675526499.770504) vcan0 072#F000FF3F00788038
(1675526499.770579) vcan0 1D0#0000000000000061
(1675526499.770653) vcan0 1D8#363339343234DC43
(1675526499.770794) vcan0 1E0#0038134300B917E0
(1675526499.770869) vcan0 210#75E180A0A869EA4D
(1675526499.771958) vcan0 0E0#E27312E000804900
(1675526499.773477) vcan0 008#338174CD0E800080
(1675526499.776077) vcan0 125#E5277FE4C1D0D735
(1675526499.778602) vcan0 0F5#9586A086BF5B9118
(1675526499.780122) vcan0 010#000000002FB031F8
(1675526499.780199) vcan0 120#9686B0867FFF5589
(1675526499.780277) vcan0 130#B7FA1DA306EAFD11
(1675526499.780354) vcan0 150#9806DF67DEF7F5C0
(1675526499.780453) vcan0 291#0000000000000000
(1675526499.780530) vcan0 330#2800000000000000
(1675526499.780680) vcan0 425#0000000000000000
(1675526499.780756) vcan0 288#9FDF30CF00000080
(1675526499.784078) vcan0 072#F000FF3F0078A038
(1675526499.784221) vcan0 008#338184BD0E800080
(1675526499.785458) vcan0 055#DBF7F927B3009C80
(1675526499.785601) vcan0 065#72E3FEF7FDAD0002
(1675526499.785674) vcan0 070#000023F8F9E12D00
(1675526499.785748) vcan0 075#0000000000005458
(1675526499.785892) vcan0 080#EF4F8000C2002C00
(1675526499.789593) vcan0 0B0#A58388A2F8C1A5A3
(1675526499.789665) vcan0 145#FDD2D280FCC810A1
(1675526499.789810) vcan0 290#0000000000000000
(1675526499.789883) vcan0 2C0#5D87001D0300A0F1
(1675526499.789958) vcan0 2C5#00D7358390E30070
(1675526499.790040) vcan0 370#0723C0005C1BC735
(1675526499.790115) vcan0 3E0#000000D935808090
(1675526499.790257) vcan0 010#000000002FB031F8
(1675526499.790331) vcan0 1B0#00C01B0001B011FC
(1675526499.790405) vcan0 1B5#FF72C4EA8BE0FFEF
(1675526499.790481) vcan0 1D0#0000000000000061
(1675526499.790623) vcan0 1D8#363339343234DC43
(1675526499.790970) vcan0 1E0#003C034300B917E0
(1675526499.791114) vcan0 2C3#5D8700FFFF475450
(1675526499.792457) vcan0 0E0#E2730FE800802C00
(1675526499.793977) vcan0 210#75E180A0A869EA45
(1675526499.794055) vcan0 008#338194AD0E800080
(1675526499.795429) vcan0 260#D0FF00AA497487B0
(1675526499.796947) vcan0 125#E52A7FE4C1D0D735
(1675526499.799764) vcan0 010#000000002FB031F8
(1675526499.799841) vcan0 072#F000FF3F00788038
(1675526499.799927) vcan0 0F5#8D869386BF5F8118
(1675526499.800004) vcan0 120#95869B867FFC5589
(1675526499.800084) vcan0 130#BFFD1D9E06DFFA11
(1675526499.800232) vcan0 150#9906E077DEF7E4C0
(1675526499.800310) vcan0 2A9#8C26009BC0000084
(1675526499.803474) vcan0 360#5D8700D2C364A001
(1675526499.803618) vcan0 008#3381A48823800080
(1675526499.806362) vcan0 055#DBF7FA67B3009C80
(1675526499.806436) vcan0 065#6DE3FFF7FBADFF01
(1675526499.806579) vcan0 070#000023F8FAE12D00
(1675526499.806652) vcan0 075#0000000000005458
(1675526499.806727) vcan0 080#F14F8000C2002C00
(1675526499.806801) vcan0 0B0#A08387A2F8C1A0A3
(1675526499.807766) vcan0 145#FDC2D380FCC810A1
(1675526499.807840) vcan0 288#A3DF30CF00000080
(1675526499.807915) vcan0 28C#000020000014BE94
(1675526499.807996) vcan0 2B5#4B93546293A6423E
(1675526499.810467) vcan0 1B0#00C0180002B015FC
(1675526499.810609) vcan0 010#000000002FB031F9
(1675526499.810685) vcan0 1B5#FF76C8EC8DE0FFEF
(1675526499.810759) vcan0 1D0#0000000000000A61
(1675526499.810833) vcan0 1D8#363339343234DC43
(1675526499.810977) vcan0 1E0#003C030300B917E0
(1675526499.811050) vcan0 291#0000000000000000
(1675526499.811125) vcan0 390#80FF051D022A554F
(1675526499.811814) vcan0 0E0#E27310F000800B00
(1675526499.814488) vcan0 072#F000FF3F0078A038
(1675526499.814637) vcan0 3B0#00D819383AC0C400
(1675526499.814716) vcan0 008#3381B47823800080
(1675526499.815947) vcan0 290#0000000000000000
(1675526499.816096) vcan0 125#E52A7FE4C1D0D735
(1675526499.819850) vcan0 0F5#8D868A86BF637119
(1675526499.819937) vcan0 010#000000002FB031F8
(1675526499.820014) vcan0 120#8F86A6867FFF5589
(1675526499.820092) vcan0 130#C7FA1D9B06D2F711
(1675526499.820243) vcan0 150#9106E187DEF7DCC0
(1675526499.820320) vcan0 210#75E180A0A869EA4D
(1675526499.821283) vcan0 3CA#00000000540000C8
(1675526499.821357) vcan0 3D0#8B0F6100340680C3
(1675526499.823828) vcan0 430#28082800000014A6
(1675526499.825203) vcan0 008#3381C46823800080
(1675526499.825346) vcan0 055#DAF7FA67B3009C80
(1675526499.825420) vcan0 065#71E3FFF700AE0002
(1675526499.825494) vcan0 070#000024F8F9E12C00
(1675526499.825636) vcan0 075#0000000000005458
(1675526499.826737) vcan0 080#F14F8000C2002C00
(1675526499.826812) vcan0 0B0#9A8385A2F9C19AA3
(1675526499.826954) vcan0 145#FDB2D480FCC810A1
(1675526499.827038) vcan0 260#D0FF00AA497487B0
(1675526499.829372) vcan0 1B0#00C0170002B019FC
(1675526499.829445) vcan0 010#000000002FB031F8
(1675526499.829520) vcan0 072#F000FF3F00788038
(1675526499.829594) vcan0 1B5#FF7ACDEF8FE0FFEF
(1675526499.830763) vcan0 1D0#0000000000000061
(1675526499.830836) vcan0 1D8#363339343234DC43
(1675526499.830910) vcan0 1E0#0000F34300B917E0
(1675526499.831054) vcan0 2C3#5D8700FFFF475450
(1675526499.831128) vcan0 288#A8DF30CF00000080
(1675526499.832246) vcan0 0E0#E27311F80080EA00
(1675526499.833693) vcan0 008#3381D45823800080
(1675526499.836291) vcan0 125#E52A7FE4C1D0D735
(1675526499.838816) vcan0 0F5#85868B86BF676119
(1675526499.840191) vcan0 120#9A869B867F035689
(1675526499.840342) vcan0 130#CFFA1D9B06C2FA11
(1675526499.840427) vcan0 150#8806E397DEF7D5C0
(1675526499.841708) vcan0 010#000000002FB031F8
(1675526499.841852) vcan0 291#0000000000000000
(1675526499.841926) vcan0 2A9#8C260082C0000084
(1675526499.844330) vcan0 008#3381E44823800080
(1675526499.847212) vcan0 055#DBF7F967B3009C80
(1675526499.847354) vcan0 065#7BE3FFF705AE0002
(1675526499.847428) vcan0 070#000023F8F8E12C00
(1675526499.847503) vcan0 072#F000FF3F0078A038
(1675526499.847577) vcan0 075#0000000000005458
(1675526499.847719) vcan0 080#EE4F8000C2002C00
(1675526499.847794) vcan0 0B0#958387A2F8C195A3
(1675526499.847867) vcan0 145#FDA2D580FCC810A1
(1675526499.847942) vcan0 210#75E180A0A869EA45
(1675526499.848084) vcan0 28C#000020000014BE94
(1675526499.848160) vcan0 290#0000000000000000
(1675526499.848243) vcan0 2B5#4B93556293A6463D
(1675526499.849962) vcan0 2C0#5D8700670300A0F1
(1675526499.850105) vcan0 2C5#00D733837FE30070
(1675526499.850178) vcan0 340#6C00000000000000
(1675526499.850253) vcan0 3AF#0000000000000020
(1675526499.850326) vcan0 1B0#00C0170001B01BFC
(1675526499.850469) vcan0 1B5#FF7FD1F191E0FFEF
(1675526499.850544) vcan0 1D8#363339343234DC43
(1675526499.850617) vcan0 1E0#0004E34300B917E0
(1675526499.850691) vcan0 010#000000002FB031F8
(1675526499.850834) vcan0 1D0#0000000000000061
(1675526499.851402) vcan0 0E0#E27311C00080CA00
(1675526499.854001) vcan0 008#3381F44615800080
(1675526499.856746) vcan0 350#A200000000000080
(1675526499.856823) vcan0 288#B4DF40BF00000080
(1675526499.856900) vcan0 260#D0FF00AA497487B0
(1675526499.856987) vcan0 125#E52A7FE4C1D0D735
(1675526499.859370) vcan0 0F5#7C868F86BF6B511A
(1675526499.859447) vcan0 120#93869B867F035689
(1675526499.859526) vcan0 130#D7FA1D9306BAF711
(1675526499.859603) vcan0 150#8906E9A7DEF7C4C0
(1675526499.859681) vcan0 010#000000002FB031F8
(1675526499.860769) vcan0 072#F000FF3F00788038
(1675526499.860845) vcan0 330#2800000000000000
(1675526499.860924) vcan0 3C8#5D87008E882C008E
(1675526499.863344) vcan0 008#3381043615800080
(1675526499.864719) vcan0 055#DBF7F867B3009C80
(1675526499.868833) vcan0 065#7CE3FEF703AEFD01
(1675526499.868906) vcan0 070#000023F8F7E12C00
(1675526499.869048) vcan0 075#0000000000005458
(1675526499.869132) vcan0 080#ED4F8000C2002C00
(1675526499.869197) vcan0 0B0#908389A2F7C190A3
(1675526499.869282) vcan0 145#FD92D680FCC810A1
(1675526499.869356) vcan0 1B0#00C0170001B01DFC
(1675526499.869431) vcan0 010#000000002FB031F8
(1675526499.871761) vcan0 1B5#FF83D5F393E0FFEF
(1675526499.871840) vcan0 1D0#0000000000000061
(1675526499.871918) vcan0 1D8#363339343234DC43
(1675526499.872066) vcan0 1E0#0004E30300B917E0
(1675526499.872143) vcan0 210#7CE18020A869EA4D
(1675526499.872221) vcan0 291#0000000000000000
(1675526499.872299) vcan0 2C3#5D8700FFFF475450
(1675526499.872378) vcan0 0E0#E27310C80080AB00
(1675526499.874401) vcan0 072#F000FF3F0078A038
(1675526499.874480) vcan0 008#3381142615800080
(1675526499.875710) vcan0 290#0000000000000000
(1675526499.877228) vcan0 125#E52A7FE4C1D0D735
(1675526499.880262) vcan0 0F5#77868B86BF6F411A
(1675526499.880351) vcan0 010#000000002FB031F8
(1675526499.880430) vcan0 120#9386A4867F035689
(1675526499.880507) vcan0 130#DFF71D9106ACF111
(1675526499.880586) vcan0 150#8406E5B7DEF7B9C0
(1675526499.880734) vcan0 2A9#8C26009BC0000084
(1675526499.880812) vcan0 400#01010101010B0303
(1675526499.880891) vcan0 405#0000000000000000
(1675526499.880968) vcan0 288#A8DF40BF00000080
(1675526499.884093) vcan0 008#3381241615800080
(1675526499.885467) vcan0 055#DBF7F867B3009C80
(1675526499.885610) vcan0 065#7EE3FCF701AEFA01
(1675526499.885684) vcan0 070#000024F8F7E12C00
(1675526499.885758) vcan0 075#0000000000005458
(1675526499.885833) vcan0 080#ED4F8000C2002C00
(1675526499.887069) vcan0 0B0#8C8389A2F7C18CA3
(1675526499.887212) vcan0 145#FD82D780FCC810A1
(1675526499.887298) vcan0 260#D0FF0055497487B0
(1675526499.887373) vcan0 28C#000020000014BE95
(1675526499.887446) vcan0 2B5#4B93576293A64639
(1675526499.887589) vcan0 370#0723C0005C1BC735
(1675526499.889993) vcan0 010#000000002FB031F9
(1675526499.890066) vcan0 072#F000FF3F00788038
(1675526499.890141) vcan0 1B0#00C0170001B01EFC
(1675526499.890283) vcan0 1B5#FF87D9F595E0FFEF
(1675526499.890358) vcan0 1D0#0000000000000A61
(1675526499.890431) vcan0 1D8#363339343234DC43
(1675526499.890506) vcan0 1E0#0008D34300B917E0
(1675526499.891446) vcan0 0E0#E27310D000808B00
(1675526499.894119) vcan0 210#7CE180A0A869EA4D
(1675526499.894198) vcan0 008#3381340615800080
(1675526499.896584) vcan0 125#E52A7FE4C1D0D735
(1675526499.897960) vcan0 0F5#75868586BF73311B
(1675526499.899486) vcan0 010#000000002FB031F8
(1675526499.899565) vcan0 120#90869A867F035689
(1675526499.899643) vcan0 130#E7F71D91069CF411
(1675526499.899792) vcan0 150#7F06DCC7DEF7AEC0
(1675526499.899869) vcan0 291#0000000000000000
(1675526499.903369) vcan0 072#F000FF3F0078A038
(1675526499.904746) vcan0 360#5D8700D2C364A001
(1675526499.904820) vcan0 008#3381440B00800080
(1675526499.904895) vcan0 055#DBF7F867B3009C80
(1675526499.905037) vcan0 065#83E3FBF704AEFA01
(1675526499.908811) vcan0 070#000024F8F7E12C00
(1675526499.908952) vcan0 075#0000000000005458
(1675526499.909027) vcan0 080#EB4F8000C2002C00
(1675526499.909102) vcan0 0B0#878389A2F7C187A3
(1675526499.909174) vcan0 145#FD72D880FCC810A1
(1675526499.909317) vcan0 288#93DF40BF00000080
(1675526499.909399) vcan0 290#0000000000000000
(1675526499.909474) vcan0 2C0#5D8700650300A0F1
(1675526499.909548) vcan0 2C5#00D72F827FE30070
(1675526499.909690) vcan0 1B0#00C0170001B01FFC
(1675526499.909764) vcan0 010#000000002FB031F8
(1675526499.910317) vcan0 1B5#FF8BDEF797E0FFEF
(1675526499.910459) vcan0 1D0#0000000000000061
(1675526499.910534) vcan0 1D8#363339343234DC43
(1675526499.910608) vcan0 1E0#000CC34300B917E0
(1675526499.910751) vcan0 2C3#5D8700FFFF475450
(1675526499.910824) vcan0 390#80FF051D0226564F
(1675526499.911885) vcan0 0E0#E2730FD800806C00
(1675526499.913190) vcan0 008#338154FB00800080
(1675526499.917084) vcan0 260#D0FF0055497487B0
(1675526499.917162) vcan0 125#E52A7FE4C1D0D735
(1675526499.918465) vcan0 010#000000002FB031F8
(1675526499.920159) vcan0 072#F000FF3F00788038
(1675526499.920311) vcan0 0F5#78868586BF77211B
(1675526499.920388) vcan0 120#8F8685867F025689
(1675526499.920467) vcan0 130#EFF41D91068CFA11
(1675526499.920543) vcan0 150#8106DCD7DEF79CC0
(1675526499.920622) vcan0 210#7CE180A0A869EB45
(1675526499.920700) vcan0 2A9#8C260082C0000084
(1675526499.923952) vcan0 008#308164EE00800080
(1675526499.925327) vcan0 055#DAF7F767B3009C80
(1675526499.925470) vcan0 065#85E3FAF702AEF801
(1675526499.925545) vcan0 070#000024F8F6E12C00
(1675526499.925619) vcan0 075#0000000000005458
(1675526499.930898) vcan0 080#EA4F8000C2002C00
(1675526499.930971) vcan0 0B0#83838AA2F6C183A3
(1675526499.931044) vcan0 145#FD62D980FCC810A1
(1675526499.931117) vcan0 28C#000020000014BE95
(1675526499.931305) vcan0 2B5#4B93586293A64635
(1675526499.931383) vcan0 340#6C00000000000000
(1675526499.931461) vcan0 1B0#00C0170001B020FC
(1675526499.931538) vcan0 1B5#FF90E2F99AE0FFEF
(1675526499.931616) vcan0 010#000000002FB031F8
(1675526499.931693) vcan0 1D0#0000000000000061
(1675526499.931845) vcan0 1D8#363339343234DC43
(1675526499.931922) vcan0 1E0#000CC30300B917E0
(1675526499.932001) vcan0 291#0000000000000000
(1675526499.932150) vcan0 288#9BDF40BF00000080
(1675526499.932227) vcan0 0E0#E27309E000805200
(1675526499.934829) vcan0 008#308174D00E800080
(1675526499.934905) vcan0 072#F000FF3F0078A038
(1675526499.935056) vcan0 290#0000000000000000
(1675526499.936215) vcan0 3B0#00D819383AC0C400
(1675526499.938814) vcan0 125#E52A7FE4C1D0D735
(1675526499.938901) vcan0 0F5#75868286BF7B111C
(1675526499.938978) vcan0 120#788690867FFF5589
(1675526499.940210) vcan0 130#F7F41D8F067EF711
(1675526499.940361) vcan0 150#7C06DFE7DEF791C0
(1675526499.940438) vcan0 3CA#00000000550000C8
(1675526499.940515) vcan0 010#000000002FB031F8
(1675526499.940594) vcan0 330#2800000000000000
(1675526499.944124) vcan0 008#2E8184B41C800080
(1675526499.946940) vcan0 210#7CE180A0A869EA45
(1675526499.947082) vcan0 055#DBF7F867B3009C80
(1675526499.947158) vcan0 065#84E3F9F700AEF801
(1675526499.947231) vcan0 070#000023F8F6E12C00
(1675526499.947374) vcan0 075#0000000000005458
(1675526499.947448) vcan0 080#EB4F8000C2002C00
(1675526499.947522) vcan0 0B0#7F838BA2F6C17FA3
(1675526499.947597) vcan0 145#FD52DA80FCC810A1
(1675526499.947749) vcan0 260#D0FF0055490586B0
(1675526499.947826) vcan0 350#A200000000000080
(1675526499.949611) vcan0 1B0#00C0170000B021FC
(1675526499.949685) vcan0 1B5#FF94E6FB9CE0FFEF
(1675526499.949827) vcan0 1D8#363339343234DC43
(1675526499.949901) vcan0 1E0#0010B34300B917E0
(1675526499.949976) vcan0 2C3#5D8700FFFF475450
(1675526499.951008) vcan0 010#000000002FB031F8
(1675526499.951082) vcan0 072#F000FF3F00788038
(1675526499.951158) vcan0 1D0#0000000000000061
(1675526499.952456) vcan0 0E0#E27302E800803900
(1675526499.953970) vcan0 008#2C8194A61C800080
(1675526499.955483) vcan0 288#A8DF50AF00000080
(1675526499.956996) vcan0 125#E52D7FE4C1D0D735
(1675526499.959809) vcan0 0F5#75868186BF7F011C
(1675526499.959884) vcan0 120#7A8688867FFE5589
(1675526499.959968) vcan0 130#FFF41D8F066EFA11
(1675526499.960042) vcan0 150#7B06E0F7DEF782C0
(1675526499.960186) vcan0 010#000000002FB031F8
(1675526499.960260) vcan0 291#0000000000000000
(1675526499.960334) vcan0 2A9#8C26008AC0000084
(1675526499.964905) vcan0 072#F000FF3F0078A038
(1675526499.964984) vcan0 008#2A81A47440800080
(1675526499.965063) vcan0 055#DBF7F867B3009C80
(1675526499.965141) vcan0 065#82E3F9F7FFADF701
(1675526499.968892) vcan0 070#000023F8F7E12C00
(1675526499.968968) vcan0 075#0000000000005458
(1675526499.969046) vcan0 080#EC4F8000C2002C00
(1675526499.969143) vcan0 0B0#7C838AA2F6C17CA3
(1675526499.969203) vcan0 145#FD42DB80FCC810A1
(1675526499.969352) vcan0 28C#000020000014BE95
(1675526499.969430) vcan0 290#0000000000000000
(1675526499.969515) vcan0 2B5#4B94596293A64734
(1675526499.969593) vcan0 2C0#5D8700670300A0F1
(1675526499.969671) vcan0 2C5#00D72E8182E30070
(1675526499.969748) vcan0 3AF#0000000000000020
(1675526499.969898) vcan0 1B0#00C0170001B022FC
(1675526499.971758) vcan0 1B5#FF98EAFD9EE0FFEF
(1675526499.971833) vcan0 010#000000002FB031F9
(1675526499.971908) vcan0 1D0#0000000000000A61
(1675526499.972049) vcan0 1D8#363339343234DC43
(1675526499.972123) vcan0 1E0#0014A34300B917E0
(1675526499.972198) vcan0 210#7CE180A0A869EA4D
(1675526499.972274) vcan0 0E0#627300F000801B00
(1675526499.974401) vcan0 008#2781B4584F800080
(1675526499.975708) vcan0 260#D0FF0055490086B0
(1675526499.977221) vcan0 125#E5327FE4C1D0D735
(1675526499.979967) vcan0 010#000000002FB031F8
(1675526499.980120) vcan0 072#F000FF3F00788038
(1675526499.980193) vcan0 0F5#71867C86BF43F11D
(1675526499.980267) vcan0 120#818682867FFB5589
(1675526499.980341) vcan0 130#87F41D880665FA11
(1675526499.980485) vcan0 150#7706E107DFF776C0
(1675526499.981379) vcan0 288#A3DF50AF00000080
(1675526499.981456) vcan0 3C8#5D87008E882C008E
(1675526499.985355) vcan0 008#2381C43E5D800080
(1675526499.985432) vcan0 055#DBF7F867B3009C80
(1675526499.985582) vcan0 065#82E3F8F700AEF701
(1675526499.985659) vcan0 070#000023F8F7E12C00
(1675526499.985736) vcan0 075#0000000000005458
(1675526499.986751) vcan0 080#EC4F8000C2002C00
(1675526499.986830) vcan0 0B0#78838BA2F6C178A3
(1675526499.986906) vcan0 145#FD32DC80FCC810A1
(1675526499.987057) vcan0 370#0723C0005C1BC735
(1675526499.989376) vcan0 010#000000002FB031F8
(1675526499.989455) vcan0 1B0#00C0180001B022FC
(1675526499.989532) vcan0 1B5#FF9CEFFFA0E0FFEF
(1675526499.989610) vcan0 1D0#0000000000000061
(1675526499.989761) vcan0 1D8#363339343234DC43
(1675526499.990776) vcan0 1E0#0014A30300B917E0
(1675526499.990854) vcan0 291#0000000000000000
(1675526499.990931) vcan0 2C3#5D8700FFFF475450
(1675526499.992256) vcan0 0E0#627304F80080F700
(1675526499.994867) vcan0 072#F000FF3F0078A038
(1675526499.994940) vcan0 210#7CE180A0A869EA45
(1675526499.995015) vcan0 008#2081D40D81800080
(1675526499.995158) vcan0 290#0000000000000000
(1675526499.997353) vcan0 125#E5377FE4C1D0D735
(1675526499.998727) vcan0 0F5#6B867786BF47E11D
(1675526499.998871) vcan0 010#000000002FB031F8
(1675526500.000255) vcan0 120#788682867FFB5589
(1675526500.000330) vcan0 130#8FF41D7F065EF411
(1675526500.000404) vcan0 150#7406E317DFF769C0
(1675526500.000547) vcan0 2A9#8C260093C0000084
(1675526500.002890) vcan0 360#5D8700D2C364A001
(1675526500.004265) vcan0 008#1C81E4F38F800080
(1675526500.007223) vcan0 055#DBF7F867B3009C80
(1675526500.007374) vcan0 065#7EE3F8F7FEADF701
(1675526500.007451) vcan0 070#000023F8F7E12C00
(1675526500.007530) vcan0 075#0000000000005458
(1675526500.007606) vcan0 080#ED4F8000C2002C00
(1675526500.007685) vcan0 0B0#75838AA2F6C175A3
(1675526500.007834) vcan0 145#FD22DD80FCC810A1
(1675526500.007913) vcan0 260#D0FF00AA49F585B0
(1675526500.007989) vcan0 288#B0DF50AF00000080
(1675526500.008068) vcan0 28C#000020000014BE95
(1675526500.008154) vcan0 2B5#4B945A6293A64634
(1675526500.008231) vcan0 340#6B00000000000000
(1675526500.009964) vcan0 1B0#00C01A0001B023FC
(1675526500.010115) vcan0 010#000000002FB031F8
(1675526500.010192) vcan0 072#F000FF3F00788038
(1675526500.010269) vcan0 1B5#FFA0F301A2E0FFEF
(1675526500.010347) vcan0 1D0#0000000000000061
(1675526500.010425) vcan0 1D8#363339343234DC43
(1675526500.010574) vcan0 1E0#0018934300B917E0
(1675526500.010652) vcan0 390#80FF051D0222574F
(1675526500.011375) vcan0 0E0#627304C00080D700
(1675526500.013983) vcan0 008#1A81F4C1B3800080
(1675526500.016523) vcan0 125#E5407FE4C1D0D735
(1675526500.017831) vcan0 010#000000002FB031F8
(1675526500.020715) vcan0 0F5#69866E86BF4BD11E
(1675526500.020856) vcan0 120#70868D867FFF5589
(1675526500.020939) vcan0 130#97F21D7F064EF111
(1675526500.021013) vcan0 150#6F06E627DFF75EC0
(1675526500.021088) vcan0 210#7CE18020A869EA4D
(1675526500.021162) vcan0 291#0000000000000000
(1675526500.021307) vcan0 330#2800000000000000
(1675526500.021385) vcan0 3D0#8B0F6100340680C3
(1675526500.023410) vcan0 072#F000FF3F0078A038
(1675526500.024713) vcan0 008#15810499D0800080
(1675526500.024861) vcan0 055#DBF7F867B3009C80
(1675526500.024940) vcan0 065#7EE3F8F700AEF801
(1675526500.028908) vcan0 070#000023F8F7E12C00
(1675526500.028986) vcan0 075#0000000000005458
(1675526500.029064) vcan0 080#ED4F8000C2002C00
(1675526500.029141) vcan0 0B0#72838AA2F7C172A3
(1675526500.029292) vcan0 145#FD12DE80FCC810A1
(1675526500.029370) vcan0 290#0000000000000000
(1675526500.029456) vcan0 2C0#5D8700670300A0F1
(1675526500.029535) vcan0 2C5#00D72C8081E30070
(1675526500.029612) vcan0 1B0#00C01C0001B024FC
(1675526500.029690) vcan0 010#000000002FB031F8
(1675526500.030201) vcan0 1B5#FFA4F703A4E0FFEF
(1675526500.030351) vcan0 1D0#0000000000000061
(1675526500.030428) vcan0 1D8#363339343234DC43
(1675526500.030506) vcan0 1E0#001C834300B917E0
(1675526500.030583) vcan0 2C3#5D8700FFFF475450
(1675526500.031722) vcan0 288#B8DF50AF00000080
(1675526500.031865) vcan0 0E0#627305C80080B600
(1675526500.034405) vcan0 008#1381148BD0800080
(1675526500.035712) vcan0 350#A200000000000080
(1675526500.037224) vcan0 260#D0FF00AA49EF85B0
(1675526500.037297) vcan0 125#E5487FE4C1D0D735
(1675526500.038742) vcan0 0F5#5E866C86BF4FC11E
(1675526500.038825) vcan0 120#7C867A867FFF5589
(1675526500.038898) vcan0 130#9FF21D750648F111
(1675526500.038972) vcan0 150#6706E937E0F756C0
(1675526500.040210) vcan0 010#000000002FB031F8
(1675526500.040354) vcan0 072#F000FF3F00788038
(1675526500.040429) vcan0 2A9#8C26008AC0000084
(1675526500.044124) vcan0 008#0E81246AE6800080
(1675526500.045498) vcan0 210#7CE180A0A869EB45
(1675526500.045577) vcan0 055#DBF7F867B3009C80
(1675526500.045653) vcan0 065#7CE3F8F7FFADF801
(1675526500.045805) vcan0 070#000023F8F7E12C00
(1675526500.049625) vcan0 075#0000000000005458
(1675526500.049704) vcan0 080#ED4F8000C2002C00
(1675526500.049781) vcan0 0B0#6F838AA2F7C16FA3
(1675526500.049858) vcan0 145#FD02DF80FCC810A1
(1675526500.050009) vcan0 28C#000020000014BE95
(1675526500.050096) vcan0 2B5#4B945A6293A64632
(1675526500.050174) vcan0 1B0#00C01E0001B027FC
(1675526500.050252) vcan0 1B5#FFA9FB05A6E0FFEF
(1675526500.050330) vcan0 1D8#363339343234DC43
(1675526500.050407) vcan0 010#000000002FB031F9
(1675526500.050558) vcan0 1D0#0000000000000A61
(1675526500.050995) vcan0 1E0#001C830300B917E0
(1675526500.051072) vcan0 291#0000000000000000
(1675526500.052456) vcan0 0E0#627306D000809500
(1675526500.055131) vcan0 072#F000FF3F0078A038
(1675526500.055206) vcan0 3B0#00FC4C3C3AC0C400
(1675526500.055350) vcan0 008#0A8134390A810080
(1675526500.055424) vcan0 290#0000000000000000
(1675526500.056526) vcan0 288#ACDF609F00000080
(1675526500.059133) vcan0 125#E5507FE4C1D0D735
(1675526500.059206) vcan0 0F5#5A866586BF53B11F
(1675526500.059301) vcan0 120#6B867D867FFF5589
(1675526500.059377) vcan0 130#A7F21D750638EC11
(1675526500.059450) vcan0 150#6306E647E1F74AC0
(1675526500.060482) vcan0 010#000000002FB031F8
(1675526500.060557) vcan0 3CA#00000000560000C8
(1675526500.063112) vcan0 008#07814443F4800080
(1675526500.064485) vcan0 055#DBF7F967B3009C80
(1675526500.068601) vcan0 065#79E3F8F7FDADF601
(1675526500.068750) vcan0 070#000023F8F8E12C00
(1675526500.068827) vcan0 075#0000000000005458
(1675526500.068906) vcan0 080#EE4F8000C2002C00
(1675526500.068983) vcan0 0B0#6C8389A2F7C16CA3
(1675526500.069061) vcan0 145#FDF2D080FCC810A1
(1675526500.069211) vcan0 260#D0FF00AA49E785B0
(1675526500.069289) vcan0 1B0#00C0200001B02AFC
(1675526500.071518) vcan0 010#000000002FB031F8
(1675526500.071602) vcan0 072#F000FF3F00788038
(1675526500.071675) vcan0 1B5#FFADFF08A8E0FFEF
(1675526500.071750) vcan0 1D0#0000000000000061
(1675526500.071824) vcan0 1D8#363339343234DC43
(1675526500.071967) vcan0 1E0#0020734300B917E0
(1675526500.072042) vcan0 210#7CE180A0A869EA4D
(1675526500.072116) vcan0 2C3#5D8700FFFF475450
(1675526500.072189) vcan0 0E0#627306D800807500
(1675526500.074114) vcan0 008#0381542703810080
(1675526500.076585) vcan0 125#E5567FE4C1D0D735
(1675526500.077960) vcan0 0F5#53865F86BF57A11F
(1675526500.080706) vcan0 010#000000002FB031F8
(1675526500.080781) vcan0 120#60866C867F005689
(1675526500.080924) vcan0 130#AFEF1D6B0632EC11
(1675526500.080997) vcan0 150#5B06E557E1F742C0
(1675526500.081071) vcan0 291#0000000000000000
(1675526500.081154) vcan0 2A9#8C260093C0000084
(1675526500.081305) vcan0 288#ACDF609F00000080
(1675526500.084628) vcan0 072#F000FF3F0078A038
(1675526500.084706) vcan0 008#018164120A810080
(1675526500.084784) vcan0 055#DBF7F967B3009C80
(1675526500.086087) vcan0 065#77E3F8F7FFADF601
(1675526500.086238) vcan0 070#000023F8F8E12C00
(1675526500.086314) vcan0 075#0000000000005458
(1675526500.086392) vcan0 080#EE4F8000C2002C00
(1675526500.086471) vcan0 0B0#698389A2F7C169A3
(1675526500.086547) vcan0 145#FDE2D180FCC810A1
(1675526500.086698) vcan0 28C#000020000014BE95
(1675526500.089226) vcan0 290#0000000000000000
(1675526500.089305) vcan0 2B5#4B945A6293A64633
(1675526500.089382) vcan0 2C0#5D8700670300A0F1
(1675526500.089461) vcan0 2C5#00D72B7F7EE30070
(1675526500.089547) vcan0 340#6B00000000000000
(1675526500.089625) vcan0 370#0723C0005C1BC735
(1675526500.089775) vcan0 3AF#0000000000000020
(1675526500.089854) vcan0 3E0#000000D935808090
(1675526500.089932) vcan0 1B0#00C0220001B02DFC
(1675526500.090009) vcan0 010#000000002FB031F8
(1675526500.090087) vcan0 1B5#FFB1030AAAE0FFEF
(1675526500.090236) vcan0 1D0#0000000000000061
(1675526500.090315) vcan0 1D8#363339343234DC43
(1675526500.090393) vcan0 1E0#0024634300B917E0
(1675526500.091762) vcan0 0E0#627307E000805400
(1675526500.094508) vcan0 210#7CE180A0A869EA4D
(1675526500.094582) vcan0 008#FC80740F03810080
(1675526500.097122) vcan0 260#D0FF005549E285B0
(1675526500.097196) vcan0 125#E55E7FE4C1D0D735
(1675526500.098502) vcan0 0F5#4C865A86BF5B9120
(1675526500.100159) vcan0 010#000000002FB031F8
(1675526500.100303) vcan0 072#F000FF3F00788038
(1675526500.100378) vcan0 120#63866C867F025689
(1675526500.100452) vcan0 130#B7EF1D6B0622F111
(1675526500.100526) vcan0 150#5606E167E3F737C0
(1675526500.100668) vcan0 330#2800000000000000
(1675526500.100743) vcan0 3C8#5D87008E882C008E
(1675526500.104089) vcan0 360#5D8700D2C364A001
(1675526500.104163) vcan0 008#FA80840103810080
(1675526500.105471) vcan0 055#DBF7F967B3009C80
(1675526500.105614) vcan0 065#74E3F8F7FDADF701
(1675526500.105687) vcan0 070#000023F8F8E12C00
(1675526500.105762) vcan0 075#0000000000005458
(1675526500.105835) vcan0 080#EF4F8000C2002C00
(1675526500.107006) vcan0 0B0#678388A2F8C167A3
(1675526500.107081) vcan0 145#FDD2D280FCC810A1
(1675526500.107163) vcan0 288#B4DF609F00000080
(1675526500.109702) vcan0 1B0#00C0230001B030FC
(1675526500.109777) vcan0 010#000000002FB031F8
(1675526500.109919) vcan0 1B5#FFB5080CACE0FFEF
(1675526500.109994) vcan0 1D0#0000000000000061
(1675526500.110067) vcan0 1D8#363339343234DC43
(1675526500.110140) vcan0 1E0#0024630300B917E0
(1675526500.113615) vcan0 291#0000000000000000
(1675526500.113693) vcan0 2C3#5D8700FFFF475450
(1675526500.113772) vcan0 390#80FF051D021E586F
(1675526500.113849) vcan0 0E0#627306E800803500
(1675526500.114000) vcan0 072#F000FF3F0078A038
(1675526500.115014) vcan0 008#F8809403F4800080
(1675526500.115092) vcan0 290#0000000000000000
(1675526500.116469) vcan0 125#E5637FE4C1D0D735
(1675526500.119068) vcan0 0F5#4B865586BF5F8121
(1675526500.119226) vcan0 010#000000002FB031F8
(1675526500.119304) vcan0 120#638663867F025689
(1675526500.119380) vcan0 130#BFEF1D63061AEF11
(1675526500.120469) vcan0 150#5206E777E4F72BC0
(1675526500.120620) vcan0 210#7CE180A0A869EB45
(1675526500.120697) vcan0 2A9#8C26008AC0000084
(1675526500.123129) vcan0 008#F580A404E6800080
(1675526500.124506) vcan0 055#DBF7F967B3009C80
(1675526500.128620) vcan0 065#72E3F8F7FEADF701
(1675526500.128695) vcan0 070#000023F8F9E12C00
(1675526500.128837) vcan0 075#0000000000005458
(1675526500.128911) vcan0 080#F04F8000C2002C00
(1675526500.128985) vcan0 0B0#648387A2F8C164A3
(1675526500.129059) vcan0 145#FDC2D380FCC810A1
(1675526500.129204) vcan0 260#D0FF005549D785B0
(1675526500.129278) vcan0 28C#000020000014BE94
(1675526500.129359) vcan0 2B5#4B945B6293A64633
(1675526500.129433) vcan0 350#A200000000000080
(1675526500.129576) vcan0 1B0#00C0260001B032FC
(1675526500.129994) vcan0 1B5#FFB90C0EAEE0FFEF
(1675526500.130068) vcan0 1D8#363339343234DC43
(1675526500.130140) vcan0 1E0#0028534300B917E0
(1675526500.134118) vcan0 581#FFFFFFFFFFFF0081
(1675526500.134196) vcan0 010#000000002FB031F9
(1675526500.134345) vcan0 072#F000FF3F00788038
(1675526500.134424) vcan0 1D0#0000000000000A61
(1675526500.134501) vcan0 288#B4DF609F00000080
(1675526500.134579) vcan0 400#0102040101010104
(1675526500.134657) vcan0 0E0#627307F000801400
(1675526500.134806) vcan0 405#3156590000000010
(1675526500.134883) vcan0 008#F380B4F6E6800080
(1675526500.136619) vcan0 125#E5697FE4C1D0D735
(1675526500.138001) vcan0 0F5#41864C86BF637121
(1675526500.139449) vcan0 120#548665867F005689
(1675526500.139600) vcan0 130#C7EC1D540619E911
(1675526500.139678) vcan0 150#4B06E787E5F722C0
(1675526500.142100) vcan0 010#000000002FB031F8
(1675526500.142251) vcan0 291#0000000000000000
(1675526500.143481) vcan0 008#F180C4F7D7800080
(1675526500.147665) vcan0 055#DBF7FA67B3009C80
(1675526500.147743) vcan0 065#6FE3F8F7FEADF701
(1675526500.147821) vcan0 070#000023F8F9E12C00
(1675526500.147900) vcan0 075#0000000000005458
(1675526500.147978) vcan0 072#F000FF3F0078A038
(1675526500.148056) vcan0 080#F04F8000C2002C00
(1675526500.148206) vcan0 0B0#628387A2F8C162A3
(1675526500.148282) vcan0 145#FDB2D480FCC810A1
(1675526500.148360) vcan0 210#89E180A0A869EA45
(1675526500.148446) vcan0 290#0000000000000000
(1675526500.148524) vcan0 2C0#5D8700670300A0F1
(1675526500.148675) vcan0 2C5#00D7297E76E30070
(1675526500.148969) vcan0 1B0#00C0270001B035FC
(1675526500.149048) vcan0 1B5#FFBD1010B0E0FFEF
(1675526500.149197) vcan0 1D8#363339343234DC43
(1675526500.151638) vcan0 1E0#002C434300B917E0
(1675526500.151711) vcan0 2C3#5D8700FFFF485450
(1675526500.151787) vcan0 010#000000002FB031F8
(1675526500.151928) vcan0 1D0#0000000000000061
(1675526500.152003) vcan0 0E0#62730AF80080F100
(1675526500.154067) vcan0 008#EE80D4FFC2800080
(1675526500.155511) vcan0 288#B4DF708F00000080
(1675526500.156955) vcan0 260#D0FF005549D385B0
(1675526500.157099) vcan0 125#E56C7FE4C1D0D735
(1675526500.159570) vcan0 0F5#3E864786BF676122
(1675526500.159653) vcan0 120#4F8659867F015689
(1675526500.159796) vcan0 130#CFEC1D50060DE311
(1675526500.159870) vcan0 150#4606EB97E6F717C0
(1675526500.159944) vcan0 010#000000002FB031F8
(1675526500.160978) vcan0 072#F000FF3F00788038
(1675526500.161121) vcan0 2A9#8C260082C0000084
(1675526500.163604) vcan0 008#EC80E4F1C2800080
(1675526500.164980) vcan0 055#DBF7FA67B3009C80
(1675526500.165057) vcan0 065#6DE3F8F7FEADF801
(1675526500.169096) vcan0 070#000023F8F9E12C00
(1675526500.169246) vcan0 075#0000000000005458
(1675526500.169324) vcan0 080#F14F8000C2002C00
(1675526500.169401) vcan0 0B0#608386A2F9C160A3
(1675526500.169479) vcan0 145#FDA2D580FCC810A1
(1675526500.169556) vcan0 28C#000020000014BE94
(1675526500.169634) vcan0 2B5#4B945B6293A64634
(1675526500.169793) vcan0 340#6A00000000000000
(1675526500.169872) vcan0 1B0#00C0280001B038FC
(1675526500.169950) vcan0 1B5#FFC11412B2E0FFEF
(1675526500.170027) vcan0 1D8#363339343234DC43
(1675526500.170104) vcan0 1E0#002C430300B917E0
(1675526500.170472) vcan0 010#000000002FB031F8
(1675526500.170550) vcan0 1D0#0000000000000061
(1675526500.170627) vcan0 210#89E18020A869EA4D
(1675526500.170777) vcan0 291#0000000000000000
(1675526500.171970) vcan0 0E0#62730CC00080CF00
(1675526500.174578) vcan0 008#EA80F4F2B3800080
(1675526500.174653) vcan0 072#F000FF3F0078A038
(1675526500.174795) vcan0 3B0#00D84C383AC0C400
(1675526500.175964) vcan0 290#0000000000000000
(1675526500.178570) vcan0 125#E5707FE4C1D0D735
(1675526500.178712) vcan0 0F5#36864186BF6B5122
(1675526500.180097) vcan0 120#41864D867F005689
(1675526500.180239) vcan0 130#D7EC1D5006FDE611
(1675526500.180314) vcan0 150#3F06EBA7E7F70EC0
(1675526500.180388) vcan0 010#000000002FB031F8
(1675526500.180460) vcan0 330#2800000000000000
(1675526500.180603) vcan0 3CA#00000000400000C8
(1675526500.184117) vcan0 288#CCDF708F00000080
(1675526500.184196) vcan0 008#E88004E4B3800080
(1675526500.185497) vcan0 055#DBF7FA67B3009C80
(1675526500.185575) vcan0 065#6AE3F9F7FEADF801
(1675526500.185653) vcan0 070#000023F8FAE12C00
(1675526500.185802) vcan0 075#0000000000005458
(1675526500.185881) vcan0 080#F24F8000C2002C00
(1675526500.186966) vcan0 0B0#5E8386A2F9C15EA3
(1675526500.187118) vcan0 145#FD92D680FCC810A1
(1675526500.187195) vcan0 260#D0FF00AA49CA85B0
(1675526500.187281) vcan0 370#0723C0005C1BC735
(1675526500.189954) vcan0 1B0#00C0290001B03AFC
(1675526500.190104) vcan0 1B5#FFC51814B4E0FFEF
(1675526500.190180) vcan0 010#000000002FB031F8
(1675526500.190258) vcan0 072#F000FF3F00788038
(1675526500.190336) vcan0 1D0#0000000000000061
(1675526500.190413) vcan0 1D8#363339343234DC43
(1675526500.190564) vcan0 1E0#0030334300B917E0
(1675526500.190640) vcan0 2C3#5D8700FFFF485450
(1675526500.191500) vcan0 0E0#62730EC80080AD00
(1675526500.194109) vcan0 210#89E180A0A869EA45
(1675526500.194182) vcan0 008#E58014F397800080
(1675526500.196589) vcan0 125#E5757FE4C1D0D735
(1675526500.197965) vcan0 0F5#32863786BF6F4123
(1675526500.199545) vcan0 010#000000002FB031F8
(1675526500.199689) vcan0 120#3F864F867FFF5589
(1675526500.199784) vcan0 130#DFE91D4606F7E611
(1675526500.199859) vcan0 150#3906EFB7E8F704C0
(1675526500.199935) vcan0 291#0000000000000000
(1675526500.200078) vcan0 2A9#8C26009BC0000084
(1675526500.204837) vcan0 072#F000FF3F0078A038
(1675526500.204917) vcan0 360#5D8700D2C364A001
(1675526500.205065) vcan0 008#E38024E597800080
(1675526500.205144) vcan0 055#DBF7FB67B3009C80
(1675526500.205221) vcan0 065#66E3F9F7FEADF801
(1675526500.207748) vcan0 070#000023F8FAE12C00
(1675526500.207827) vcan0 075#0000000000005458
(1675526500.207904) vcan0 080#F34F8000C2002C00
(1675526500.207982) vcan0 0B0#5C8385A2F9C15CA3
(1675526500.208131) vcan0 145#FD82D780FCC810A1
(1675526500.208209) vcan0 288#C0DF708F00000080
(1675526500.208286) vcan0 28C#000020000014BE94
(1675526500.208375) vcan0 290#0000000000000000
(1675526500.208453) vcan0 2B5#4B945B6293A64635
(1675526500.208531) vcan0 2C0#5D8700660300A0F1
(1675526500.208680) vcan0 2C5#00D7297D71E30070
(1675526500.208758) vcan0 3AF#0000000000000020
(1675526500.211927) vcan0 1B0#00C02B0001B03CFC
(1675526500.212005) vcan0 010#000000002FB031F9
(1675526500.212084) vcan0 1B5#FFC91C16B6E0FFEF
(1675526500.212161) vcan0 1D0#0000000000000A61
(1675526500.212238) vcan0 1D8#363339343234DC43
(1675526500.212387) vcan0 1E0#0034234300B917E0
(1675526500.212465) vcan0 390#80FF051D021A594F
(1675526500.212542) vcan0 0E0#62730ED000808D00
(1675526500.214346) vcan0 008#E18034DF8F800080
(1675526500.215724) vcan0 350#A200000000000080
(1675526500.217242) vcan0 260#D0FF00AA49C685B0
(1675526500.217329) vcan0 125#E5787FE4C1D0D735
(1675526500.220214) vcan0 010#000000002FB031F8
(1675526500.220364) vcan0 072#F000FF3F00788038
(1675526500.220442) vcan0 0F5#28863486BF733123
(1675526500.220520) vcan0 120#39863A867F015689
(1675526500.220597) vcan0 130#E7E91D3B06F2E111
(1675526500.220676) vcan0 150#3306EBC7E9F7FAC0
(1675526500.220825) vcan0 210#89E180A0A869EA4D
(1675526500.220904) vcan0 3D0#8B0F6100340680C3
(1675526500.220980) vcan0 3C8#5D87008E882C008E
(1675526500.224085) vcan0 008#DE8044CA97800080
(1675526500.225461) vcan0 055#DBF7FB67B3009C80
(1675526500.225604) vcan0 065#64E3F9F7FE8DF901
(1675526500.225678) vcan0 070#000023F8FBE12C00
(1675526500.225754) vcan0 075#0000000000005458
(1675526500.225826) vcan0 080#F44F8000C2002C00
(1675526500.226948) vcan0 0B0#5A8384A2FAC15AA3
(1675526500.227090) vcan0 145#FD72D880FCC810A1
(1675526500.229973) vcan0 1B0#00C02D0002B03FFC
(1675526500.230116) vcan0 010#000000002FB031F8
(1675526500.230190) vcan0 1B5#FFCD2018B8E0FFEF
(1675526500.230263) vcan0 1D0#0000000000000061
(1675526500.230338) vcan0 1D8#363339343234DC43
(1675526500.230480) vcan0 1E0#0034230300B917E0
(1675526500.230554) vcan0 291#0000000000000000
(1675526500.230627) vcan0 2C3#5D8700FFFF485450
(1675526500.230703) vcan0 288#D0DF708F00000080
(1675526500.231449) vcan0 0E0#627314D800806700
(1675526500.234048) vcan0 008#DC8054AEA5800080
(1675526500.235494) vcan0 072#F000FF3F0078A038
(1675526500.235572) vcan0 290#0000000000000000
(1675526500.236946) vcan0 125#E57D7FE4C1D0D735
(1675526500.239554) vcan0 0F5#1E862786BF772124
(1675526500.239705) vcan0 120#30863B867F025689
(1675526500.239782) vcan0 130#EFE61D3A06E3E311
(1675526500.239859) vcan0 150#2806F0D7EAF7F5C0
(1675526500.240944) vcan0 010#000000002FB031F8
(1675526500.241094) vcan0 2A9#8C260082C0000084
(1675526500.243576) vcan0 008#DA8064A79E800080
(1675526500.244952) vcan0 210#89E180A0A869EA45
(1675526500.245095) vcan0 055#DBF7FB67B3009C80
(1675526500.249073) vcan0 065#64E3F9F7008EF901
(1675526500.249216) vcan0 070#000023F8FBE12D00
(1675526500.249291) vcan0 075#0000000000005458
(1675526500.249365) vcan0 080#F44F8000C2002C00
(1675526500.249507) vcan0 0B0#588384A2FAC158A3
(1675526500.249580) vcan0 145#FD62D980FCC810A1
(1675526500.249655) vcan0 260#D0FF00AA49BE85B0
(1675526500.249737) vcan0 28C#000020000014BE93
(1675526500.249811) vcan0 2B5#4B945B6293A64636
(1675526500.249955) vcan0 340#6A00000000000000
