(1675526312.969567) vcan0 0F5#298453847F57A2E1
(1675526312.972396) vcan0 120#348453847FFB5589
(1675526312.972471) vcan0 010#000000002FB031F8
(1675526312.973480) vcan0 130#AFFD1D54044BFF11
(1675526312.973558) vcan0 150#3E048B5783F761C0
(1675526312.973633) vcan0 1D0#0000000000000861
(1675526312.973709) vcan0 291#0000000000000000
(1675526312.974495) vcan0 072#F000FF3F0078A038
(1675526312.975563) vcan0 3B0#00D84B3836A4C402
(1675526312.976563) vcan0 008#AD858C0BC2800080
(1675526312.979053) vcan0 1B0#00C0000000B000FC
(1675526312.980121) vcan0 1B5#FFEC0B85C0E0FFEF
(1675526312.981196) vcan0 1D8#363339343234D643
(1675526312.982196) vcan0 1E0#0024634300B917E0
(1675526312.985105) vcan0 010#000000002FB031F8
(1675526312.985255) vcan0 0E0#E27356E80080E500
(1675526312.985329) vcan0 055#D9F7FF27B2009C80
(1675526312.985406) vcan0 065#3CE3FFF7008E0002
(1675526312.985482) vcan0 070#000025F800E23E00
(1675526312.985568) vcan0 075#0000000000005458
(1675526312.985646) vcan0 080#FE4F8000C2002C00
(1675526312.986218) vcan0 0B0#398387A200C239A3
(1675526312.986295) vcan0 145#FD02DF80FCC810A1
(1675526312.986372) vcan0 288#A6DEF00F00000080
(1675526312.986448) vcan0 28C#000000000014BE91
(1675526312.986596) vcan0 290#0000000000000000
(1675526312.987240) vcan0 2B5#4BF5366293A63730
(1675526312.987386) vcan0 2C0#6B8700650300A0F1
(1675526312.987463) vcan0 210#18E080A0A869D045
(1675526312.990093) vcan0 2C5#00DF22583BE30070
(1675526312.990169) vcan0 340#7200000000000000
(1675526312.990283) vcan0 370#0720C000731BCB1F
(1675526312.990359) vcan0 3AF#0000000000000020
(1675526312.990435) vcan0 3C8#6B87008E886C008E
(1675526312.990513) vcan0 125#E5997AE4C1D0D735
(1675526312.990598) vcan0 3E0#000000D930808090
(1675526312.991243) vcan0 260#D0FF00AA491885B0
(1675526312.991320) vcan0 008#B4859CD0E6800080
(1675526312.992246) vcan0 0F5#26844F847F5B92E1
(1675526312.992324) vcan0 120#2A8450847FFD5589
(1675526312.993321) vcan0 010#000000002FB031F8
(1675526312.993397) vcan0 072#F000FF3F00788038
(1675526312.993474) vcan0 130#B7FD1D53043CFD11
(1675526312.993620) vcan0 150#3B048B6783F754C0
(1675526312.994760) vcan0 1D0#0000000000000061
(1675526312.998805) vcan0 008#BB85AC8D11810080
(1675526312.999874) vcan0 1B0#00C0000000B000FC
(1675526313.000945) vcan0 010#000000002FB031F8
(1675526313.002014) vcan0 1B5#FFEF0D86C1E0FFEF
(1675526313.003082) vcan0 1D8#363339343234D643
(1675526313.003158) vcan0 1E0#0024630300B917E0
(1675526313.003257) vcan0 0E0#E2735BF00080C000
(1675526313.004184) vcan0 291#0000000000000000
(1675526313.004260) vcan0 2A9#8C260082C0000084
(1675526313.004337) vcan0 2C3#6B8700FFFF325450
(1675526313.004413) vcan0 055#D9F7FF27B2009C80
(1675526313.005199) vcan0 065#3BE3FFF7008E0002
(1675526313.005347) vcan0 070#000025F800E23E00
(1675526313.005424) vcan0 075#0000000000005458
(1675526313.005500) vcan0 080#FE4F8000C2002C00
(1675526313.006639) vcan0 0B0#398387A200C239A3
(1675526313.006717) vcan0 145#FDF2D080FCC810A1
(1675526313.007715) vcan0 072#F000FF3F0078A038
(1675526313.010487) vcan0 125#E58E7AE4C1D0D735
(1675526313.010634) vcan0 288#A6DEF00F00000080
(1675526313.011562) vcan0 008#C285BC3C4B810080
(1675526313.012631) vcan0 0F5#288450847F5F82E1
(1675526313.012714) vcan0 120#268463847FFD5589
(1675526313.012793) vcan0 010#000000002FB031F8
(1675526313.012869) vcan0 130#BFFD1D50042FFD11
(1675526313.013726) vcan0 150#3B048B7783F744C0
(1675526313.013801) vcan0 1D0#0000000000000061
(1675526313.013878) vcan0 210#1BE080A0A869D04D
(1675526313.014736) vcan0 290#0000000000000000
(1675526313.017218) vcan0 008#CB85CC0767810080
(1675526313.021136) vcan0 260#D0FF00AA491685B0
(1675526313.022121) vcan0 1B0#00C0000000B000FC
(1675526313.022270) vcan0 1B5#FFF21087C2E0FFEF
(1675526313.023199) vcan0 010#000000002FB031F8
(1675526313.023274) vcan0 072#F000FF3F00788038
(1675526313.023422) vcan0 1D8#363339343234D643
(1675526313.023499) vcan0 0E0#E2735EF800809D00
(1675526313.024284) vcan0 1E0#0028534300B917E0
(1675526313.024368) vcan0 330#2800000000000000
(1675526313.024446) vcan0 055#D9F7FF27B2009C80
(1675526313.024522) vcan0 065#3AE3FFF7FF8D0002
(1675526313.025378) vcan0 070#000025F800E23F00
(1675526313.025454) vcan0 075#0000000000005458
(1675526313.025532) vcan0 080#FF4F8000C2002C00
(1675526313.025608) vcan0 0B0#398386A200C239A3
(1675526313.026747) vcan0 145#FDE2D180FCC810A1
(1675526313.026896) vcan0 28C#000000000014BE91
(1675526313.026971) vcan0 2B5#4BF5366293A63730
(1675526313.027828) vcan0 125#E57D7AE4C1D0D735
(1675526313.031733) vcan0 008#D485DCC293810080
(1675526313.032729) vcan0 0F5#27844F847F6372E2
(1675526313.032807) vcan0 010#000000002FB031F9
(1675526313.032882) vcan0 120#2D8455847FFA5589
(1675526313.033030) vcan0 130#C7FD1D50041FFD11
