(1675525700.122316) vcan0 291#0000000000000000
(1675525700.122379) vcan0 125#E5F57FE4C1D0D735
(1675525700.122529) vcan0 2C3#528700FFFFB45450
(1675525700.122607) vcan0 400#010102010102010C
(1675525700.122686) vcan0 425#0000000000000000
(1675525700.122764) vcan0 008#4F80DCD20E800080
(1675525700.123489) vcan0 260#D0FF0055497487B0
(1675525700.124506) vcan0 072#F000FF3F00788038
(1675525700.125584) vcan0 0F5#F394FE947F5F82F0
(1675525700.126688) vcan0 120#2A9536957F0A5689
(1675525700.127723) vcan0 130#BFFD1D21154DFF11
(1675525700.128836) vcan0 010#008800002FB031F8
(1675525700.129871) vcan0 150#F814FA77FAF777C0
(1675525700.129944) vcan0 1D0#0000000000000861
(1675525700.130089) vcan0 581#FFFFFFFFFFFF0081
(1675525700.132720) vcan0 008#4F80ECC20E800080
(1675525700.133735) vcan0 055#F5F7FF27B22B9C80
(1675525700.133807) vcan0 065#62E5FFF7FDCD0002
(1675525700.133951) vcan0 070#000009F801E21500
(1675525700.134919) vcan0 075#0000000000005458
(1675525700.134991) vcan0 080#FF4F8000C2002C00
(1675525700.135064) vcan0 0B0#39830DA3E3C139A3
(1675525700.135140) vcan0 0E0#E27309C00080D200
(1675525700.135896) vcan0 145#F972D880FC4810A1
(1675525700.135975) vcan0 210#18E080A0A869CC45
(1675525700.136052) vcan0 288#E1DFD02F00000080
(1675525700.136996) vcan0 1B0#00C0000003B000FC
(1675525700.138022) vcan0 1B5#FFFD85DA2DE0FFEF
(1675525700.139111) vcan0 1D8#363339343234E043
(1675525700.139188) vcan0 1E0#0010B30300B917E0
(1675525700.142005) vcan0 010#008800002FB031F8
(1675525700.142083) vcan0 072#F000FF3F0078A038
(1675525700.142161) vcan0 2A9#8C26009BC0000084
(1675525700.142239) vcan0 125#E5F57FE4C1D0D735
(1675525700.142317) vcan0 008#4F80FCB20E800080
(1675525700.143044) vcan0 290#0000000000000000
(1675525700.144132) vcan0 360#5C8700C6B164A041
(1675525700.145148) vcan0 0F5#0195FA947F6372F2
(1675525700.146193) vcan0 120#229529957FFF5589
(1675525700.147365) vcan0 010#008800002FB031F9
(1675525700.148399) vcan0 130#C7FD1D1F153FFF11
(1675525700.149436) vcan0 150#FE14F687F9F761C0
(1675525700.152319) vcan0 1D0#0000000000000261
(1675525700.152407) vcan0 291#0000000000000000
(1675525700.152550) vcan0 390#80FF05190226564F
(1675525700.152624) vcan0 3C8#5287008E882C008E
(1675525700.152699) vcan0 008#4F800CA20E800080
(1675525700.153389) vcan0 055#F5F7FF27B22B9C80
(1675525700.154422) vcan0 065#61E5FFF7FECD0102
(1675525700.154565) vcan0 070#000009F800E21500
(1675525700.154640) vcan0 072#F000FF3F00788038
(1675525700.154715) vcan0 075#0000000000005458
(1675525700.155593) vcan0 080#FF4F8000C2002C00
(1675525700.155671) vcan0 0B0#39830DA3E3C139A3
(1675525700.155822) vcan0 0E0#E2730AC80080B100
(1675525700.155900) vcan0 145#F962D980FC4810A1
(1675525700.155978) vcan0 260#D0FF00AA497487B0
(1675525700.158508) vcan0 28C#000000000016FEA5
(1675525700.158586) vcan0 2B5#4B152A6293A6751D
(1675525700.158673) vcan0 340#8700000000000000
(1675525700.158824) vcan0 3B0#00D842383AB0C400
(1675525700.158901) vcan0 1B0#00C0000002B000FC
(1675525700.158977) vcan0 1B5#FF0B92E134E0FFEF
(1675525700.159561) vcan0 1D8#363339343234E043
(1675525700.159640) vcan0 010#008800002FB031F8
(1675525700.159790) vcan0 1E0#0014A34300B917E0
(1675525700.159868) vcan0 210#18E08020A869CC4D
(1675525700.159946) vcan0 2C3#528700FFFFB45450
(1675525700.160675) vcan0 125#E5F57FE4C1D0D735
(1675525700.160752) vcan0 330#AD00000000000000
(1675525700.160832) vcan0 288#EDDFD02F00000080
(1675525700.160910) vcan0 3D0#9A0F6100C50580C3
(1675525700.163440) vcan0 008#4F801CA000800080
(1675525700.164530) vcan0 430#3F083F0000001586
(1675525700.164607) vcan0 350#A200000000000080
(1675525700.165573) vcan0 0F5#FF9404957F6762F4
(1675525700.166610) vcan0 120#39951B957F025689
(1675525700.167647) vcan0 130#CFFD1D1B1533FD11
(1675525700.168819) vcan0 010#008800002FB031F8
(1675525700.169855) vcan0 072#F000FF3F0078A038
(1675525700.169929) vcan0 150#0115FA97F9F74DC0
(1675525700.170004) vcan0 1D0#0000000000000061
(1675525700.170902) vcan0 008#4F802C9000800080
(1675525700.171936) vcan0 055#F5F7FF27B2299C80
(1675525700.172969) vcan0 065#63E5FFF700CE0102
(1675525700.174074) vcan0 070#000009F800E21500
(1675525700.174147) vcan0 075#0000000000005458
(1675525700.176833) vcan0 080#FF4F8000C2002C00
(1675525700.176908) vcan0 0B0#39830DA3E3C139A3
(1675525700.177051) vcan0 0E0#E2730AD000809100
(1675525700.177133) vcan0 145#F952DA80FC4810A1
(1675525700.177210) vcan0 290#0000000000000000
(1675525700.177285) vcan0 2C0#528700F40000A0F1
(1675525700.177359) vcan0 2C5#01EF71E663E50070
(1675525700.180037) vcan0 1B0#00C0000001B000FC
(1675525700.180111) vcan0 1B5#FF18A0E83AE0FFEF
(1675525700.180186) vcan0 1D8#363339343234E043
(1675525700.180258) vcan0 1E0#0018934300B917E0
(1675525700.180403) vcan0 010#008800002FB031F8
(1675525700.180475) vcan0 291#0000000000000000
(1675525700.180550) vcan0 125#E5F57FE4C1D0D735
(1675525700.180624) vcan0 2A9#8C260082C0000084
(1675525700.181112) vcan0 008#4F803C8000800080
(1675525700.182147) vcan0 260#D0FF00AA497487B0
(1675525700.183251) vcan0 072#F000FF3F00788038
(1675525700.184353) vcan0 210#17E080A0A869CC4D
(1675525700.185371) vcan0 288#EDDFE01F00000080
(1675525700.186414) vcan0 0F5#FC94F7947F6B52F5
(1675525700.187448) vcan0 120#329526957F045689
(1675525700.188552) vcan0 130#D7FD1D1B1523FD11
(1675525700.189587) vcan0 150#F914FDA7F9F746C0
(1675525700.189662) vcan0 010#008800002FB031F8
(1675525700.189735) vcan0 1D0#0000000000000061
(1675525700.192004) vcan0 008#51804C6E00800080
(1675525700.194819) vcan0 055#F5F7FF27B2299C80
(1675525700.194894) vcan0 065#63E5FFF701CE0102
(1675525700.195035) vcan0 070#000009F800E21500
(1675525700.195110) vcan0 075#0000000000005458
(1675525700.195185) vcan0 080#FF4F8000C2002C00
(1675525700.195258) vcan0 0B0#39830DA3E3C139A3
(1675525700.195404) vcan0 0E0#E27312D800806900
(1675525700.195917) vcan0 145#F942DB80FC4810A1
(1675525700.195995) vcan0 28C#000000000016FEA5
(1675525700.196096) vcan0 2B5#4B152A6293A6751D
(1675525700.196173) vcan0 370#0720C0007A1BC71F
(1675525700.196972) vcan0 1B0#00C0000002B000FC
(1675525700.197988) vcan0 1B5#FF26AEEF41E0FFEF
(1675525700.199076) vcan0 1D8#363339343234E043
(1675525700.199155) vcan0 1E0#0018930300B917E0
(1675525700.200605) vcan0 2C3#528700FFFFB45450
(1675525700.200755) vcan0 125#E5F27FE4C1D0D735
(1675525700.200832) vcan0 010#008800002FB031F8
(1675525700.200911) vcan0 072#F000FF3F0078A038
(1675525700.201711) vcan0 008#51805C500E800080
(1675525700.202727) vcan0 290#0000000000000000
(1675525700.208077) vcan0 0F5#F39403957F6F42F7
(1675525700.209111) vcan0 120#229521957FFE5589
(1675525700.209185) vcan0 130#DFFD1D1B1513FD11
(1675525700.209328) vcan0 010#008800002FB031F8
(1675525700.209415) vcan0 150#FB14F8B7F9F734C0
(1675525700.210178) vcan0 1D0#0000000000000061
(1675525700.210251) vcan0 210#17E080A0A869CC45
(1675525700.210394) vcan0 291#0000000000000000
(1675525700.211223) vcan0 288#E9DFE01F00000080
(1675525700.212259) vcan0 008#51806C400E800080
(1675525700.213432) vcan0 055#F5F7FF27B2279C80
(1675525700.214466) vcan0 065#65E5FFF700CE0002
(1675525700.214539) vcan0 070#000009F800E21500
(1675525700.214681) vcan0 072#F000FF3F00788038
(1675525700.214756) vcan0 075#0000000000005458
(1675525700.215547) vcan0 080#FF4F8000C2002C00
(1675525700.215624) vcan0 0B0#39830DA3E3C139A3
(1675525700.215702) vcan0 0E0#E27313E000804800
(1675525700.215780) vcan0 145#F932DC80FC4810A1
(1675525700.215929) vcan0 260#D0FF00AA497487B0
(1675525700.218181) vcan0 1B0#00C0000002B000FC
(1675525700.219196) vcan0 1B5#FF34BBF548E0FFEF
(1675525700.219347) vcan0 1D8#363339343234E043
(1675525700.219425) vcan0 010#008800002FB031F8
(1675525700.219503) vcan0 1E0#001C834300B917E0
(1675525700.220377) vcan0 2A9#8C26009BC0000084
(1675525700.220456) vcan0 125#E5F27FE4C1D0D735
(1675525700.224569) vcan0 008#51807C300E800080
(1675525700.225711) vcan0 0F5#F394F8947F7332F9
(1675525700.226746) vcan0 120#109513957F035689
(1675525700.227782) vcan0 130#E7FD1D13150BFA11
(1675525700.228953) vcan0 010#008800002FB031F9
(1675525700.229988) vcan0 072#F000FF3F0078A038
(1675525700.230063) vcan0 150#F514FCC7F9F72AC0
(1675525700.230207) vcan0 1D0#0000000000000A61
(1675525700.230279) vcan0 3CA#00000000400000C8
(1675525700.231048) vcan0 008#51808C121C800080
(1675525700.232083) vcan0 055#F5F7FF27B2279C80
(1675525700.233116) vcan0 065#65E5FFF701CE0002
(1675525700.234219) vcan0 070#000009F800E21500
(1675525700.234293) vcan0 075#0000000000005458
(1675525700.235259) vcan0 080#FF4F8000C2002C00
(1675525700.235325) vcan0 0B0#39830DA3E3C139A3
(1675525700.235404) vcan0 0E0#E27319E800802200
(1675525700.235555) vcan0 145#F922DD80FC4810A1
(1675525700.235632) vcan0 210#17E080A0A869CC4D
(1675525700.236288) vcan0 288#E9DFE01F00000080
(1675525700.239251) vcan0 28C#000000000016FEA5
(1675525700.239329) vcan0 290#0000000000000000
(1675525700.239408) vcan0 2B5#4B152A6293A6751C
(1675525700.239557) vcan0 2C0#528700F40000A0F1
(1675525700.239635) vcan0 2C5#01EF70E665E50070
(1675525700.239724) vcan0 340#8700000000000000
(1675525700.239801) vcan0 3AF#0000000000000020
(1675525700.239879) vcan0 1B0#00C0000002B000FC
(1675525700.239957) vcan0 1B5#FF41C9FC4FE0FFEF
(1675525700.240033) vcan0 1D8#363339343234E043
(1675525700.240184) vcan0 010#008800002FB031F8
(1675525700.240261) vcan0 1E0#0020734300B917E0
(1675525700.242218) vcan0 291#0000000000000000
(1675525700.242297) vcan0 125#E5F27FE4C1D0D735
(1675525700.242373) vcan0 2C3#528700FFFFB55450
(1675525700.242453) vcan0 330#AD00000000000000
(1675525700.242530) vcan0 405#0000000000000020
(1675525700.242683) vcan0 008#54809CFF1C800080
(1675525700.243337) vcan0 260#D0FF0055497487B0
(1675525700.244430) vcan0 072#F000FF3F00788038
(1675525700.244508) vcan0 360#5C8700C6B164A041
(1675525700.245537) vcan0 0F5#F89406957F7722FA
(1675525700.246643) vcan0 120#1D9522957F065689
(1675525700.247749) vcan0 130#EFFD1D1315FBF711
(1675525700.248783) vcan0 010#008800002FB031F8
(1675525700.249827) vcan0 150#FF14F9D7F9F710C0
(1675525700.249963) vcan0 1D0#0000000000000061
(1675525700.252776) vcan0 390#80FF05190226564F
(1675525700.252850) vcan0 008#5680ACD732800080
(1675525700.253816) vcan0 055#F5F7FF27B2279C80
(1675525700.253892) vcan0 065#66E5FFF700CE0002
(1675525700.253964) vcan0 070#000009F800E21500
(1675525700.254932) vcan0 075#0000000000005458
(1675525700.255006) vcan0 080#FF4F8000C2002C00
(1675525700.255147) vcan0 0B0#39830DA3E3C139A3
(1675525700.255222) vcan0 0E0#E27321F00080FA00
(1675525700.256072) vcan0 145#F912DE80FC4810A1
(1675525700.256181) vcan0 350#A200000000000080
(1675525700.257135) vcan0 1B0#00C0000002B000FC
(1675525700.258215) vcan0 1B5#FF4FD70355E0FFEF
(1675525700.259231) vcan0 1D8#363339343234E043
(1675525700.259309) vcan0 010#008800002FB031F8
(1675525700.262127) vcan0 072#F000FF3F0078A038
(1675525700.262203) vcan0 1E0#0020730300B917E0
(1675525700.262282) vcan0 125#E5EF7FE4C1D0D735
(1675525700.262360) vcan0 210#17E080A0A869CC45
(1675525700.262509) vcan0 2A9#8C260082C0000084
(1675525700.262586) vcan0 288#E1DFE01F00000080
(1675525700.262664) vcan0 008#5680BCB940800080
(1675525700.263175) vcan0 290#0000000000000000
(1675525700.264264) vcan0 0F5#EC94F8947F7B12FC
(1675525700.265301) vcan0 120#0E9508957F025689
(1675525700.266336) vcan0 130#F7FD1D0E15F0F711
(1675525700.267382) vcan0 010#008800002FB031F8
(1675525700.268417) vcan0 150#F214F6E7F9F70DC0
(1675525700.271305) vcan0 1D0#0000000000000061
(1675525700.271381) vcan0 291#0000000000000000
(1675525700.271524) vcan0 3C8#5287008E882C008E
(1675525700.272492) vcan0 008#5880CCA740800080
(1675525700.273528) vcan0 055#F5F7FF27B2279C80
(1675525700.274562) vcan0 065#65E5FFF700CE0002
(1675525700.274637) vcan0 070#000009F800E21500
(1675525700.274710) vcan0 072#F000FF3F00788038
(1675525700.274854) vcan0 075#0000000000005458
(1675525700.274928) vcan0 080#FF4F8000C2002C00
(1675525700.275696) vcan0 0B0#39830DA3E3C139A3
(1675525700.275774) vcan0 0E0#E2732BF80080D000
(1675525700.275852) vcan0 145#F902DF80FC4810A1
(1675525700.276003) vcan0 260#D0FF0055497487B0
(1675525700.276745) vcan0 28C#000000000016FEA5
(1675525700.279564) vcan0 2B5#4B152A6293A6751B
(1675525700.279642) vcan0 3B0#00D842383AB0C400
(1675525700.279721) vcan0 1B0#00C0000002B000FC
(1675525700.279872) vcan0 1B5#FF5DE40A5CE0FFEF
(1675525700.279950) vcan0 1D8#363339343234E043
(1675525700.280027) vcan0 010#008800002FB031F8
(1675525700.280104) vcan0 1E0#0024634300B917E0
(1675525700.280183) vcan0 2C3#528700FFFFB55450
(1675525700.280332) vcan0 125#E5EC7FE4C1D0D735
(1675525700.280774) vcan0 008#5B80DC854F800080
(1675525700.281789) vcan0 210#17E080A0A869CC4D
(1675525700.282807) vcan0 288#E5DFF00F00000080
(1675525700.283967) vcan0 0F5#EF94FA947F7F02FE
(1675525700.285054) vcan0 120#179504957F055689
(1675525700.286058) vcan0 130#FFFD1D0E15E0F711
(1675525700.288545) vcan0 150#F414F9F7F9F7FBC0
(1675525700.289651) vcan0 010#008800002FB031F8
(1675525700.289792) vcan0 072#F000FF3F0078A038
(1675525700.289869) vcan0 1D0#0000000000000061
(1675525700.290694) vcan0 008#5D80EC5E64800080
(1675525700.293579) vcan0 055#F5F7FF27B2279C80
(1675525700.294681) vcan0 065#65E5FFF700CE0002
(1675525700.294755) vcan0 070#000009F800E21500
(1675525700.294830) vcan0 075#0000000000005458
(1675525700.294905) vcan0 080#FF4F8000C2002C00
(1675525700.295682) vcan0 0B0#39830DA3E3C139A3
(1675525700.295832) vcan0 0E0#E27328C00080B300
(1675525700.295910) vcan0 145#F9F2D080FC4810A1
(1675525700.295988) vcan0 290#0000000000000000
(1675525700.296065) vcan0 2C0#528700F50000A0F1
(1675525700.296792) vcan0 2C5#00EF70E666E50070
(1675525700.296878) vcan0 370#0720C0007A1BC71F
(1675525700.296956) vcan0 3E0#000000D92E808090
(1675525700.297899) vcan0 1B0#00C0000000B000FC
(1675525700.298988) vcan0 1B5#FF6AF21163E0FFEF
(1675525700.300437) vcan0 1D8#363339343234E043
(1675525700.300514) vcan0 1E0#0028534300B917E0
(1675525700.300665) vcan0 125#E5E97FE4C1D0D735
(1675525700.300742) vcan0 010#008800002FB031F8
(1675525700.300820) vcan0 291#0000000000000000
(1675525700.300898) vcan0 2A9#8C26008AC0000084
(1675525700.301626) vcan0 008#5F80FC4C64800080
(1675525700.302642) vcan0 260#D0FF0055497487B0
(1675525700.303802) vcan0 072#F000FF3F00788038
(1675525700.309028) vcan0 0F5#EF94F7947F43F200
(1675525700.309102) vcan0 120#1F9517957F065689
(1675525700.309176) vcan0 130#87FD1D0E15D0F711
(1675525700.309331) vcan0 010#008800002FB031F9
(1675525700.309405) vcan0 150#F314F607F9F7ECC0
(1675525700.310167) vcan0 1D0#0000000000000A61
(1675525700.310241) vcan0 210#17E08020A869CC45
(1675525700.311209) vcan0 288#D9DFF00F00000080
(1675525700.312244) vcan0 008#61800C2B73800080
(1675525700.313416) vcan0 055#F5F7FF27B2279C80
(1675525700.314520) vcan0 065#63E5FFF700CE0002
(1675525700.314663) vcan0 070#000009F800E21500
(1675525700.314736) vcan0 075#0000000000005458
(1675525700.314810) vcan0 080#FF4F8000C2002C00
(1675525700.315623) vcan0 0B0#39830DA3E3C139A3
(1675525700.315701) vcan0 0E0#E27327C800809400
(1675525700.315782) vcan0 145#F9E2D180FC4810A1
(1675525700.315858) vcan0 28C#000000000016FEA5
(1675525700.316009) vcan0 2B5#4B152A6293A6751B
(1675525700.316674) vcan0 340#8700000000000000
(1675525700.319564) vcan0 1B0#00C0000000B000FC
(1675525700.319640) vcan0 1B5#FF7800176AE0FFEF
(1675525700.319720) vcan0 1D8#363339343234E043
(1675525700.319869) vcan0 010#008800002FB031F8
(1675525700.319946) vcan0 072#F000FF3F0078A038
(1675525700.320024) vcan0 1E0#0028530300B917E0
(1675525700.320101) vcan0 125#E5E47FE4C1D0D735
(1675525700.320758) vcan0 2C3#528700FFFFB55450
(1675525700.320836) vcan0 330#AD00000000000000
(1675525700.321780) vcan0 008#64801C1873800080
(1675525700.322941) vcan0 290#0000000000000000
(1675525700.323959) vcan0 0F5#E694F5947F47E201
(1675525700.325120) vcan0 120#0E950D957F065689
(1675525700.326135) vcan0 130#8FFD1D0E15C0FA11
(1675525700.328539) vcan0 010#008800002FB031F8
(1675525700.329652) vcan0 150#ED14F217F9F7E2C0
(1675525700.329728) vcan0 1D0#0000000000000061
(1675525700.329801) vcan0 291#0000000000000000
(1675525700.330697) vcan0 008#64802C0873800080
(1675525700.333582) vcan0 055#F5F7FF27B2269C80
(1675525700.333658) vcan0 065#63E5FFF7FECD0002
(1675525700.334622) vcan0 070#000009F800E21500
(1675525700.334696) vcan0 072#F000FF3F00788038
(1675525700.334840) vcan0 075#0000000000005458
(1675525700.334914) vcan0 080#FF4F8000C2002C00
(1675525700.335784) vcan0 0B0#39830DA3E3C139A3
(1675525700.335860) vcan0 0E0#E27323D000807800
(1675525700.336002) vcan0 145#F9D2D280FC4810A1
(1675525700.336076) vcan0 210#17E080A0A869CC45
(1675525700.336149) vcan0 260#D0FF00AA497487B0
(1675525700.336840) vcan0 288#E1DFF00F00000080
(1675525700.337968) vcan0 1B0#00C0000001B000FC
(1675525700.340854) vcan0 1B5#FF860D1E71E0FFEF
(1675525700.340999) vcan0 1D8#363339343234E043
(1675525700.341072) vcan0 010#008800002FB031F8
(1675525700.341148) vcan0 1E0#002C434300B917E0
(1675525700.341222) vcan0 2A9#8C260093C0000084
(1675525700.341364) vcan0 125#E5E17FE4C1D0D735
(1675525700.341921) vcan0 008#64803CE388800080
(1675525700.343091) vcan0 360#5C8700C6B164A041
(1675525700.344125) vcan0 350#A200000000000080
(1675525700.345161) vcan0 0F5#E894F3947F4BD203
(1675525700.346354) vcan0 120#0B951B957FFC5589
(1675525700.347444) vcan0 010#008800002FB031F8
(1675525700.348533) vcan0 072#F000FF3F0078A038
(1675525700.349552) vcan0 130#97FD1D0E15B0FD11
(1675525700.352443) vcan0 150#ED14F627F9F7D2C0
(1675525700.352539) vcan0 1D0#0000000000000061
(1675525700.352616) vcan0 390#80FF0519021E584F
(1675525700.352694) vcan0 3CA#00000000510000C8
(1675525700.352844) vcan0 008#66804CE673800080
(1675525700.353573) vcan0 055#F5F7FF27B2229C80
(1675525700.354662) vcan0 065#63E5FFF700CE0002
(1675525700.354739) vcan0 070#000009F8FFE11500
(1675525700.354817) vcan0 075#0000000000005458
(1675525700.354895) vcan0 080#FE4F8000C2002C00
(1675525700.355045) vcan0 0B0#39830DA3E3C139A3
(1675525700.355714) vcan0 0E0#E27326D800805500
(1675525700.358599) vcan0 145#F9C2D380FC4810A1
(1675525700.358672) vcan0 28C#000000000016FEA5
(1675525700.358814) vcan0 290#0000000000000000
(1675525700.358890) vcan0 2B5#4B152A6293A6751B
(1675525700.358964) vcan0 2C0#528700F40000A0F1
(1675525700.359047) vcan0 2C5#00EF70E663E50070
(1675525700.359121) vcan0 3AF#0000000000000020
(1675525700.359263) vcan0 1B0#00C0000001B000FC
(1675525700.359339) vcan0 1B5#FF931B2577E0FFEF
(1675525700.359412) vcan0 1D8#363339343234E043
(1675525700.359694) vcan0 010#008800002FB031F8
(1675525700.359768) vcan0 1E0#0030334300B917E0
(1675525700.359841) vcan0 210#17E080A0A869CC4D
(1675525700.359983) vcan0 125#E5E17FE4C1D0D735
(1675525700.360745) vcan0 291#0000000000000000
(1675525700.363628) vcan0 2C3#528700FFFFB65450
(1675525700.363703) vcan0 3D0#9A0F6100C50580C3
(1675525700.363776) vcan0 288#E1DFF00F00000080
(1675525700.363919) vcan0 008#66805CE564800080
(1675525700.363993) vcan0 072#F000FF3F00788038
(1675525700.364683) vcan0 260#D0FF00AA497487B0
(1675525700.365715) vcan0 0F5#E494F7947F4FC205
(1675525700.366804) vcan0 120#F89428957F015689
(1675525700.367822) vcan0 130#9FFD1D0E15A0FF11
(1675525700.368983) vcan0 010#008800002FB031F8
(1675525700.370000) vcan0 150#ED14F637F9F7C2C0
(1675525700.370149) vcan0 1D0#0000000000000061
(1675525700.370229) vcan0 400#010102010101010D
(1675525700.371100) vcan0 008#66806CD564800080
(1675525700.372116) vcan0 055#F5F7FF27B2229C80
(1675525700.375009) vcan0 065#63E5FFF700CEFF01
(1675525700.375089) vcan0 070#000009F8FFE11500
(1675525700.375165) vcan0 075#0000000000005458
(1675525700.375318) vcan0 080#FE4F8000C2002C00
(1675525700.375392) vcan0 0B0#39830DA3E3C139A3
(1675525700.375468) vcan0 0E0#E2731CE000803F00
(1675525700.375542) vcan0 145#F9B2D480FC4810A1
(1675525700.376110) vcan0 1B0#00C0000001B000FC
(1675525700.377147) vcan0 1B5#FFA1292C7EE0FFEF
(1675525700.378181) vcan0 1D8#363339343234E043
(1675525700.379354) vcan0 010#008800002FB031F8
(1675525700.379428) vcan0 072#F000FF3F0078A038
(1675525700.382112) vcan0 1E0#0030330300B917E0
(1675525700.382182) vcan0 125#E5E17FE4C1D0D735
(1675525700.382326) vcan0 2A9#8C26008AC0000084
(1675525700.382401) vcan0 008#66807CD356800080
(1675525700.383162) vcan0 290#0000000000000000
(1675525700.384198) vcan0 210#17E080A0A869CC4D
(1675525700.385323) vcan0 288#F1DF00FF00000080
(1675525700.386414) vcan0 0F5#ED94E9947F53B206
(1675525700.387433) vcan0 120#15951F957FFE5589
(1675525700.388522) vcan0 130#A7FD1D0E1590FF11
(1675525700.389539) vcan0 150#EB14F947F8F7B4C0
(1675525700.389627) vcan0 010#008800002FB031F9
(1675525700.392449) vcan0 1D0#0000000000000A61
(1675525700.392528) vcan0 291#0000000000000000
(1675525700.392605) vcan0 3C8#5287008E882C008E
(1675525700.392755) vcan0 008#66808CD940800080
(1675525700.393555) vcan0 055#F5F7FF27B2229C80
(1675525700.394643) vcan0 065#62E5FFF700CEFF01
(1675525700.394721) vcan0 070#000009F8FFE11500
(1675525700.394799) vcan0 072#F000FF3F00788038
(1675525700.394950) vcan0 075#0000000000005458
(1675525700.395027) vcan0 080#FE4F8000C2002C00
(1675525700.395737) vcan0 0B0#39830DA3E3C139A3
(1675525700.395813) vcan0 0E0#E27310E800802B00
(1675525700.395886) vcan0 145#F9A2D580FC4810A1
(1675525700.395960) vcan0 260#D0FF00AA497487B0
(1675525700.396791) vcan0 28C#000000000016FEA5
(1675525700.398244) vcan0 2B5#4B152A6293A6751A
(1675525700.398320) vcan0 340#8700000000000000
(1675525700.398463) vcan0 370#0720C0007A1BC71F
(1675525700.398535) vcan0 3B0#00D842383AB0C400
(1675525700.398610) vcan0 1B0#00C0000002B000FC
(1675525700.399304) vcan0 1B5#FFAF363285E0FFEF
(1675525700.399376) vcan0 1D8#363339343234E043
(1675525700.399518) vcan0 1E0#0034234300B917E0
(1675525700.399594) vcan0 2C3#528700FFFFB65450
(1675525700.400354) vcan0 125#E5E17FE4C1D0D735
(1675525700.404542) vcan0 010#008800002FB031F8
(1675525700.404683) vcan0 330#AD00000000000000
(1675525700.404757) vcan0 008#66809CD732800080
(1675525700.405691) vcan0 0F5#E894EF947F57A208
(1675525700.406781) vcan0 120#1F951D957F025689
(1675525700.407797) vcan0 130#AFFD1D0E1580FF11
(1675525700.408824) vcan0 010#008800002FB031F8
(1675525700.409984) vcan0 072#F000FF3F0078A038
(1675525700.410060) vcan0 150#EB14F957F8F7A4C0
(1675525700.410211) vcan0 1D0#0000000000000061
(1675525700.410289) vcan0 210#17E080A0A869CC45
(1675525700.411089) vcan0 288#DDDF00FF00000080
(1675525700.412177) vcan0 008#6680ACD623800080
(1675525700.413265) vcan0 055#F5F7FF27B2209C80
(1675525700.414279) vcan0 065#60E5FFF7FFCDFF01
(1675525700.414358) vcan0 070#000009F8FEE11500
(1675525700.414507) vcan0 075#0000000000005458
(1675525700.414586) vcan0 080#FD4F8000C2002C00
(1675525700.415458) vcan0 0B0#39830DA3E3C139A3
(1675525700.415553) vcan0 0E0#627302F000801900
(1675525700.416841) vcan0 145#F992D680FC4810A1
(1675525700.416917) vcan0 290#0000000000000000
(1675525700.417001) vcan0 2C0#528700F50000A0F1
(1675525700.417144) vcan0 2C5#00EF70E661E50070
(1675525700.419824) vcan0 1B0#00C0000002B000FC
(1675525700.419898) vcan0 1B5#FFBC44398CE0FFEF
(1675525700.420040) vcan0 1D8#363339343234E043
(1675525700.420115) vcan0 010#008800002FB031F8
(1675525700.420189) vcan0 1E0#0038134300B917E0
(1675525700.420264) vcan0 291#0000000000000000
(1675525700.420407) vcan0 125#E5E47FE4C1D0D735
(1675525700.420479) vcan0 2A9#8C260093C0000084
(1675525700.420896) vcan0 008#6680BCC623800080
(1675525700.422067) vcan0 260#D0FF00AA497487B0
(1675525700.423173) vcan0 072#F000FF3F00788038
(1675525700.424206) vcan0 0F5#F094F3947F5B920A
(1675525700.425391) vcan0 120#219515957F035689
(1675525700.426426) vcan0 130#B7FD1D081576FD11
(1675525700.427472) vcan0 010#008800002FB031F8
(1675525700.429946) vcan0 150#F114F567F7F78EC0
(1675525700.430020) vcan0 1D0#0000000000000061
(1675525700.430986) vcan0 008#6680CCC415800080
(1675525700.433868) vcan0 055#F5F7FF27B2209C80
(1675525700.433944) vcan0 065#5FE5FFF700CEFF01
(1675525700.434017) vcan0 070#000009F8FEE11500
(1675525700.434913) vcan0 075#0000000000005458
(1675525700.434987) vcan0 080#FD4F8000C2002C00
(1675525700.435062) vcan0 0B0#39830DA3E4C139A3
(1675525700.435203) vcan0 0E0#627311F80080EA00
(1675525700.435978) vcan0 145#F982D780FC4810A1
(1675525700.436052) vcan0 210#17E080A0A869CC4D
(1675525700.436128) vcan0 288#D0DF00FF00000080
(1675525700.436202) vcan0 28C#000000000016FEA5
(1675525700.436346) vcan0 2B5#4B152A6293A6751A
(1675525700.437115) vcan0 350#A200000000000080
(1675525700.438149) vcan0 1B0#00C0000001B000FC
(1675525700.439184) vcan0 1B5#FFCA524092E0FFEF
(1675525700.442070) vcan0 1D8#363339343234E043
(1675525700.442212) vcan0 010#008800002FB031F8
(1675525700.442286) vcan0 072#F000FF3F0078A038
(1675525700.442360) vcan0 1E0#0038130300B917E0
(1675525700.442436) vcan0 125#E5E47FE4C1D0D735
(1675525700.442579) vcan0 2C3#528700FFFFB65450
(1675525700.442653) vcan0 008#6680DCC900800080
(1675525700.443206) vcan0 290#0000000000000000
(1675525700.444241) vcan0 360#5C8700C6B164A041
(1675525700.445346) vcan0 0F5#DF94EC947F5F820B
(1675525700.446443) vcan0 120#22951D957F045689
(1675525700.447532) vcan0 130#BFFD1D081566FD11
(1675525700.448622) vcan0 010#008800002FB031F8
(1675525700.449727) vcan0 150#E514F177F7F78AC0
(1675525700.452621) vcan0 1D0#0000000000000861
(1675525700.452699) vcan0 291#0000000000000000
(1675525700.452776) vcan0 390#80FF0519021A596F
(1675525700.452927) vcan0 008#6680ECB900800080
(1675525700.453655) vcan0 055#F5F7FF27B2209C80
(1675525700.454744) vcan0 065#5DE5FFF7FECDFE01
(1675525700.454823) vcan0 070#000009F8FEE11500
(1675525700.454900) vcan0 072#F000FF3F00788038
(1675525700.454979) vcan0 075#0000000000005458
(1675525700.455128) vcan0 080#FD4F8000C2002C00
(1675525700.455931) vcan0 0B0#39830DA3E4C139A3
(1675525700.456005) vcan0 0E0#62731DC00080BE00
(1675525700.456080) vcan0 145#F972D880FC4810A1
(1675525700.456153) vcan0 260#D0FF0055497487B0
(1675525700.456984) vcan0 1B0#00C0000002B000FC
(1675525700.458442) vcan0 1B5#FFD85F4799E0FFEF
(1675525700.459613) vcan0 1D8#363339343234E043
(1675525700.459689) vcan0 010#008800002FB031F8
(1675525700.459763) vcan0 1E0#003C034300B917E0
(1675525700.459835) vcan0 210#0CE08020A869CC45
(1675525700.459909) vcan0 125#E5E67FE4C1D0D735
(1675525700.460669) vcan0 2A9#8C26008AC0000084
(1675525700.460744) vcan0 288#C8DF00FF00000080
(1675525700.461711) vcan0 008#6480F42B00800080
(1675525700.466979) vcan0 0F5#DF94F0947F63720D
(1675525700.467997) vcan0 120#159517957F045689
(1675525700.469087) vcan0 130#C7FD1D081556FD11
(1675525700.469164) vcan0 010#008800002FB031F9
(1675525700.469241) vcan0 072#F000FF3F0078A038
(1675525700.470113) vcan0 150#E714EE87F7F778C0
(1675525700.470191) vcan0 1D0#0000000000000261
(1675525700.470278) vcan0 3CA#00000000520000C8
(1675525700.471149) vcan0 008#618004100E800080
(1675525700.472236) vcan0 055#F5F7FF27B2209C80
(1675525700.473251) vcan0 065#5EE5FFF700CEFE01
(1675525700.474268) vcan0 070#000009F8FEE11500
(1675525700.474418) vcan0 075#0000000000005458
(1675525700.475366) vcan0 080#FD4F8000C2002C00
(1675525700.475440) vcan0 0B0#39830DA3E4C139A3
(1675525700.475517) vcan0 0E0#627325C800809600
(1675525700.475660) vcan0 145#F962D980FC4810A1
(1675525700.475734) vcan0 28C#000000000016FEA5
(1675525700.476425) vcan0 290#0000000000000000
(1675525700.476500) vcan0 2B5#4B15296293A67419
(1675525700.478015) vcan0 2C0#528700F40000A0F1
(1675525700.478090) vcan0 2C5#00EF70E65EE50070
(1675525700.478164) vcan0 340#8700000000000000
(1675525700.478268) vcan0 3AF#0000000000000020
(1675525700.479028) vcan0 1B0#00C0000001B000FC
(1675525700.479171) vcan0 1B5#FFE56D4DA0E0FFEF
(1675525700.479245) vcan0 1D8#363339343234E043
(1675525700.483365) vcan0 010#008800002FB031F8
(1675525700.483439) vcan0 1E0#0000F34300B917E0
(1675525700.483513) vcan0 291#0000000000000000
(1675525700.483587) vcan0 125#E5E97FE4C1D0D735
(1675525700.483730) vcan0 2C3#528700FFFFB75450
(1675525700.483803) vcan0 330#AD00000000000000
(1675525700.483878) vcan0 008#5F8014F41C800080
(1675525700.484435) vcan0 260#D0FF0055497487B0
(1675525700.485476) vcan0 072#F000FF3F00788038
(1675525700.485554) vcan0 210#0CE080A0A869CC4D
(1675525700.485632) vcan0 288#BCDF10EF00000080
(1675525700.486504) vcan0 0F5#D994E6947F67620F
(1675525700.487602) vcan0 120#049501957FFF5589
(1675525700.488691) vcan0 130#CFFD1D04154AFA11
(1675525700.489781) vcan0 150#DF14EE97F6F770C0
(1675525700.490799) vcan0 010#008800002FB031F8
(1675525700.490876) vcan0 1D0#0000000000000061
(1675525700.491892) vcan0 405#0000000000000021
(1675525700.491969) vcan0 008#5D8024D72B800080
(1675525700.492913) vcan0 055#F5F7FF27B2209C80
(1675525700.495921) vcan0 065#5BE5FFF7FFCDFE01
(1675525700.495996) vcan0 070#000009F8FEE11500
(1675525700.496070) vcan0 075#0000000000005458
(1675525700.496142) vcan0 080#FD4F8000C2002C00
(1675525700.496285) vcan0 0B0#39830DA3E4C139A3
(1675525700.496360) vcan0 0E0#62732BD000807000
(1675525700.496432) vcan0 145#F952DA80FC4810A1
(1675525700.496507) vcan0 370#0720C0007A1BC71F
(1675525700.496932) vcan0 1B0#00C0000002B000FC
(1675525700.498038) vcan0 1B5#FFF37A54A7E0FFEF
(1675525700.499074) vcan0 1D8#363339343234E043
(1675525700.499147) vcan0 1E0#0000F30300B917E0
(1675525700.500114) vcan0 125#E5EF7FE4C1D0D735
(1675525700.503001) vcan0 010#008800002FB031F8
(1675525700.503077) vcan0 072#F000FF3F0078A038
(1675525700.503152) vcan0 008#588034A84F800080
(1675525700.503295) vcan0 2A9#8C260082C0000084
(1675525700.504054) vcan0 290#0000000000000000
(1675525700.505089) vcan0 0F5#E494FA947F6B5211
(1675525700.506198) vcan0 120#0C950C957F025689
(1675525700.507215) vcan0 130#D7FD1D04153AFA11
(1675525700.508376) vcan0 150#EF14EEA7F6F750C0
(1675525700.509390) vcan0 010#008800002FB031F8
(1675525700.510480) vcan0 1D0#0000000000000061
(1675525700.510570) vcan0 210#0CE080A0A869CC45
(1675525700.511515) vcan0 288#DDDF10EF00000080
(1675525700.511594) vcan0 291#0000000000000000
(1675525700.512968) vcan0 3C8#5287008E882C008E
(1675525700.513046) vcan0 008#5680448C5D800080
(1675525700.514134) vcan0 055#F5F7FE27B2209C80
(1675525700.514212) vcan0 065#5BE5FFF7FFCDFE01
(1675525700.514290) vcan0 070#000009F8FEE11500
(1675525700.515162) vcan0 072#F000FF3F00788038
(1675525700.515377) vcan0 075#0000000000005458
(1675525700.515386) vcan0 080#FD4F8000C2002C00
(1675525700.515463) vcan0 0B0#39830CA3E3C139A3
(1675525700.515535) vcan0 0E0#627330D800804B00
(1675525700.519449) vcan0 145#F942DB80FC4810A1
(1675525700.519591) vcan0 260#D0FF0055497487B0
(1675525700.519665) vcan0 28C#000000000016FEA5
(1675525700.519748) vcan0 2B5#4B15296293A6741A
(1675525700.519822) vcan0 3B0#00FC423C3AB0C600
(1675525700.519896) vcan0 1B0#00C0000003B000FC
(1675525700.520039) vcan0 1B5#FF00885BAEE0FFEF
(1675525700.520112) vcan0 1D8#363339343234E043
(1675525700.520188) vcan0 010#008800002FB031F8
(1675525700.520262) vcan0 1E0#0004E34300B917E0
(1675525700.520405) vcan0 2C3#528700FFFFB75450
(1675525700.520548) vcan0 125#E5F57FE4C1D0D735
(1675525700.521720) vcan0 008#5180546B73800080
(1675525700.522825) vcan0 350#A200000000000080
(1675525700.523860) vcan0 0F5#DF94E6947F6F4212
(1675525700.525032) vcan0 120#0C9503957F055689
(1675525700.526045) vcan0 130#DFFD1D04152AFD11
(1675525700.527135) vcan0 010#008800002FB031F8
(1675525700.528152) vcan0 072#F000FF3F0078A038
(1675525700.529323) vcan0 150#E214F2B7F6F74DC0
(1675525700.530628) vcan0 1D0#0000000000000861
(1675525700.531645) vcan0 008#4F8064418F800080
(1675525700.534463) vcan0 055#F5F7FE27B2209C80
(1675525700.534542) vcan0 065#5AE5FFF700CEFE01
(1675525700.534621) vcan0 070#000009F8FEE11500
(1675525700.534771) vcan0 075#0000000000005458
(1675525700.534849) vcan0 080#FD4F8000C2002C00
(1675525700.535498) vcan0 0B0#39830CA3E3C139A3
(1675525700.535640) vcan0 0E0#627336E000802500
(1675525700.535716) vcan0 145#F932DC80FC4810A1
(1675525700.535789) vcan0 210#0CE080A0A869CC45
(1675525700.536688) vcan0 288#E1DF10EF00000080
(1675525700.536762) vcan0 290#0000000000000000
(1675525700.536837) vcan0 2C0#528700F50000A0F1
(1675525700.536911) vcan0 2C5#00EF70E65BE50070
(1675525700.537754) vcan0 1B0#00C0000003B000FC
(1675525700.538790) vcan0 1B5#FF0E9662B4E0FFEF
(1675525700.541741) vcan0 1D8#363339343234E043
(1675525700.541814) vcan0 1E0#0008D34300B917E0
(1675525700.541958) vcan0 010#008800002FB031F8
(1675525700.542032) vcan0 291#0000000000000000
(1675525700.542106) vcan0 125#E5FA7FE4C1D0D735
(1675525700.542180) vcan0 2A9#8C26009BC0000084
(1675525700.542324) vcan0 008#4B807411B3800080
(1675525700.542810) vcan0 260#D0FF00AA497487B0
(1675525700.543845) vcan0 072#F000FF3F00788038
(1675525700.545019) vcan0 360#5C8700C5B164A041
(1675525700.546054) vcan0 0F5#DF94E8947F733214
(1675525700.547215) vcan0 120#1095FD947F045689
(1675525700.548234) vcan0 010#008800002FB031F9
(1675525700.549322) vcan0 130#E7FD1D04151AFD11
(1675525700.549409) vcan0 150#E314F6C7F7F73CC0
(1675525700.550859) vcan0 1D0#0000000000000261
(1675525700.551009) vcan0 390#80FF0519021A594F
(1675525700.551955) vcan0 008#488084F5C2800080
(1675525700.552972) vcan0 055#F5F7FE27B2209C80
(1675525700.554059) vcan0 065#59E5FFF7FFCDFE01
(1675525700.554138) vcan0 070#000009F8FEE11500
(1675525700.555082) vcan0 075#0000000000005458
(1675525700.555160) vcan0 080#FD4F8000C2002C00
(1675525700.555236) vcan0 0B0#39830CA3E3C139A3
(1675525700.559368) vcan0 0E0#627340E80080FB00
(1675525700.559441) vcan0 145#F922DD80FC4810A1
(1675525700.559585) vcan0 28C#000000000016FEA5
(1675525700.559658) vcan0 2B5#4B15296293A6741A
(1675525700.559733) vcan0 340#8700000000000000
(1675525700.559807) vcan0 1B0#00C0000001B000FC
(1675525700.559889) vcan0 1B5#FF1CA368BBE0FFEF
(1675525700.560033) vcan0 1D8#363339343234E043
(1675525700.560106) vcan0 010#008800002FB031F8
(1675525700.560180) vcan0 072#F000FF3F0078A038
(1675525700.560254) vcan0 1E0#0008D30300B917E0
(1675525700.560469) vcan0 125#E50280E4C1D0D735
(1675525700.560542) vcan0 210#0CE080A0A869CC4D
(1675525700.560616) vcan0 2C3#528700FFFFB75450
(1675525700.560760) vcan0 330#AD00000000000000
(1675525700.561522) vcan0 288#E5DF10EF00000080
(1675525700.561595) vcan0 3D0#9A0F6100C50580C3
(1675525700.561668) vcan0 008#448094DBD0800080
(1675525700.562566) vcan0 290#0000000000000000
(1675525700.563533) vcan0 0F5#E094E6947F772216
(1675525700.566193) vcan0 120#0495FE947F085689
(1675525700.567231) vcan0 130#EFFD1D04150AFD11
(1675525700.568289) vcan0 010#008800002FB031F8
(1675525700.569326) vcan0 150#E314F8D7F7F72CC0
(1675525700.569399) vcan0 1D0#0000000000000061
(1675525700.570367) vcan0 291#0000000000000000
(1675525700.571401) vcan0 008#4480A4C4D7800080
(1675525700.575648) vcan0 055#F5F7FE27B2209C80
(1675525700.575723) vcan0 065#58E5FFF700CEFE01
(1675525700.575798) vcan0 070#000009F8FEE11500
(1675525700.575873) vcan0 072#F000FF3F00788038
(1675525700.575946) vcan0 075#0000000000005458
(1675525700.576090) vcan0 080#FD4F8000C2002C00
(1675525700.576163) vcan0 0B0#39830CA3E3C139A3
(1675525700.576239) vcan0 0E0#627339F00080E200
(1675525700.576313) vcan0 145#F912DE80FC4810A1
(1675525700.576457) vcan0 260#D0FF00AA497487B0
(1675525700.576670) vcan0 1B0#00C0000001B000FC
(1675525700.577718) vcan0 1B5#FF29B16FC2E0FFEF
(1675525700.578823) vcan0 1D8#363339343234E043
(1675525700.578896) vcan0 1E0#000CC34300B917E0
(1675525700.579861) vcan0 010#008800002FB031F8
(1675525700.579937) vcan0 2A9#8C260082C0000084
(1675525700.580011) vcan0 125#E50580E4C1D0D735
(1675525700.580911) vcan0 008#4480B4B4D7800080
(1675525700.581945) vcan0 210#0CE080A0A869CC4D
(1675525700.582979) vcan0 288#EDDF20DF00000080
(1675525700.585439) vcan0 0F5#D394E2947F7B1217
(1675525700.589273) vcan0 120#049504957F015689
(1675525700.589423) vcan0 130#F7FD1D0415FAFF11
(1675525700.589501) vcan0 150#DA14F8E7F8F725C0
(1675525700.589579) vcan0 010#008800002FB031F8
(1675525700.589657) vcan0 072#F000FF3F0078A038
(1675525700.590385) vcan0 1D0#0000000000000061
(1675525700.590474) vcan0 3CA#00000000530000C8
(1675525700.591490) vcan0 008#4180C4B5C9800080
(1675525700.592579) vcan0 055#F5F7FE27B2209C80
(1675525700.593597) vcan0 065#57E5FFF7FECDFE01
(1675525700.594685) vcan0 070#000009F8FEE11500
(1675525700.594763) vcan0 075#0000000000005458
(1675525700.594841) vcan0 080#FD4F8000C2002C00
(1675525700.594920) vcan0 0B0#39830CA3E3C139A3
(1675525700.595701) vcan0 0E0#627331F80080CA00
(1675525700.598589) vcan0 145#F902DF80FC4810A1
(1675525700.598664) vcan0 28C#000000000016FEA5
(1675525700.598806) vcan0 290#0000000000000000
(1675525700.598881) vcan0 2B5#4B15296293A67419
(1675525700.598954) vcan0 2C0#528700F50000A0F1
(1675525700.599029) vcan0 2C5#00EF70E659E50070
(1675525700.599103) vcan0 370#0720C0007A1BC71F
(1675525700.599254) vcan0 3AF#0000000000000020
(1675525700.599330) vcan0 3E0#000000D92E808090
(1675525700.599402) vcan0 1B0#00C0000002B000FC
(1675525700.599478) vcan0 1B5#FF37BF76C9E0FFEF
(1675525700.599553) vcan0 1D8#363339343234E043
(1675525700.599698) vcan0 1E0#0010B34300B917E0
(1675525700.599772) vcan0 2C3#528700FFFFB85450
(1675525700.599845) vcan0 125#E50880E4C1D0D735
(1675525700.602460) vcan0 010#008800002FB031F8
(1675525700.602602) vcan0 291#0000000000000000
(1675525700.602678) vcan0 008#4180D4C9A5800080
(1675525700.603506) vcan0 260#D0FF00AA497487B0
(1675525700.604614) vcan0 072#F000FF3F00788038
(1675525700.605619) vcan0 0F5#D794DB947F7F0219
(1675525700.606783) vcan0 120#F59413957F045689
(1675525700.607798) vcan0 130#FFFD1D0415EAFF11
(1675525700.608900) vcan0 010#008800002FB031F8
(1675525700.609916) vcan0 150#D914FAF7F9F716C0
(1675525700.609995) vcan0 1D0#0000000000000061
(1675525700.610072) vcan0 210#0CE08020A869CC45
(1675525700.610946) vcan0 288#E5DF20DF00000080
(1675525700.612035) vcan0 008#4180E4C797800080
(1675525700.613196) vcan0 055#F5F7FE27B2209C80
(1675525700.615986) vcan0 065#57E5FFF700CEFE01
(1675525700.616060) vcan0 070#000009F8FEE11500
(1675525700.616135) vcan0 075#0000000000005458
(1675525700.616207) vcan0 080#FD4F8000C2002C00
(1675525700.616351) vcan0 0B0#39830CA3E3C139A3
(1675525700.616426) vcan0 0E0#627324C00080B700
(1675525700.616500) vcan0 145#F9F2D080FC4810A1
(1675525700.616573) vcan0 350#A200000000000080
(1675525700.617062) vcan0 1B0#00C0000001B000FC
(1675525700.618188) vcan0 1B5#FF44CC7DCFE0FFEF
(1675525700.619225) vcan0 1D8#363339343234E043
(1675525700.619300) vcan0 010#008800002FB031F8
(1675525700.619374) vcan0 072#F000FF3F0078A038
(1675525700.622125) vcan0 1E0#0010B30300B917E0
(1675525700.622200) vcan0 125#E50880E4C1D0D735
(1675525700.622274) vcan0 2A9#8C26009BC0000084
(1675525700.622417) vcan0 400#010101010108010E
(1675525700.622492) vcan0 008#4180F4CD81800080
(1675525700.623183) vcan0 290#0000000000000000
(1675525700.624219) vcan0 0F5#D994DD947F43F21B
(1675525700.625401) vcan0 120#EF9408957F015689
(1675525700.626419) vcan0 130#87FD1D0115DDFF11
(1675525700.627437) vcan0 010#008800002FB031F9
(1675525700.628527) vcan0 150#DB14F807FAF704C0
(1675525700.629543) vcan0 1D0#0000000000000A61
(1675525700.629629) vcan0 291#0000000000000000
(1675525700.630647) vcan0 3C8#5287008E882C008E
(1675525700.631665) vcan0 008#418004DA64800080
(1675525700.634272) vcan0 055#F5F7FE27B2209C80
(1675525700.634351) vcan0 065#58E5FFF700CEFE01
(1675525700.634501) vcan0 070#000009F8FEE11500
(1675525700.634577) vcan0 072#F000FF3F00788038
(1675525700.635378) vcan0 075#0000000000005458
(1675525700.635454) vcan0 080#FD4F8000C2002C00
(1675525700.635528) vcan0 0B0#39830CA3E3C139A3
(1675525700.635602) vcan0 0E0#62731FC800809C00
(1675525700.639587) vcan0 145#F9E2D180FC4810A1
(1675525700.639661) vcan0 210#0CE080A0A869CC4D
(1675525700.639737) vcan0 260#D0FF0055497487B0
(1675525700.639812) vcan0 288#F9DF20DF00000080
(1675525700.639954) vcan0 28C#000000000016FEA5
(1675525700.640045) vcan0 2B5#4B15296293A67419
(1675525700.640158) vcan0 340#8700000000000000
(1675525700.640194) vcan0 3B0#00D842383AB0C400
(1675525700.640268) vcan0 1B0#00C0000000B000FC
(1675525700.640340) vcan0 1B5#FF52DA83D6E0FFEF
(1675525700.640482) vcan0 1D8#363339343234E043
(1675525700.640558) vcan0 010#008800002FB031F8
(1675525700.640634) vcan0 1E0#0014A34300B917E0
(1675525700.640708) vcan0 2C3#528700FFFFB85450
(1675525700.640850) vcan0 125#E50580E4C1D0D735
(1675525700.640924) vcan0 330#AD00000000000000
(1675525700.641823) vcan0 008#418014EE40800080
(1675525700.642857) vcan0 360#5C8700C5B164A041
(1675525700.643961) vcan0 0F5#D994E2947F47E21C
(1675525700.644995) vcan0 120#FD941A957F075689
(1675525700.648944) vcan0 130#8FFD1D0115CDFF11
(1675525700.649032) vcan0 010#008800002FB031F8
(1675525700.650051) vcan0 072#F000FF3F0078A038
(1675525700.650128) vcan0 150#DD14FE17FBF7F2C0
(1675525700.650205) vcan0 1D0#0000000000000061
(1675525700.650282) vcan0 390#80FF051902125B4F
(1675525700.651082) vcan0 008#418024EC32800080
(1675525700.652244) vcan0 055#F5F7FE27B2209C80
(1675525700.653257) vcan0 065#59E5FFF701CEFE01
(1675525700.654346) vcan0 070#000009F8FEE11500
(1675525700.654425) vcan0 075#0000000000005458
(1675525700.654501) vcan0 080#FD4F8000C2002C00
(1675525700.657227) vcan0 0B0#39830CA3E3C139A3
(1675525700.657302) vcan0 0E0#627322D000807900
(1675525700.657375) vcan0 145#F9D2D280FC4810A1
(1675525700.657448) vcan0 290#0000000000000000
(1675525700.657590) vcan0 2C0#528700F50000A0F1
(1675525700.657674) vcan0 2C5#00EF6FE65AE50070
(1675525700.658366) vcan0 1B0#00C0000000B000FC
(1675525700.659401) vcan0 1B5#FF5FE78ADDE0FFEF
(1675525700.659476) vcan0 1D8#363339343234E043
(1675525700.659618) vcan0 010#008800002FB031F8
(1675525700.659692) vcan0 1E0#0018934300B917E0
(1675525700.659767) vcan0 210#0CE080A0A869CC45
(1675525700.660459) vcan0 125#E50580E4C1D0D735
(1675525700.660533) vcan0 291#0000000000000000
(1675525700.660676) vcan0 2A9#8C260082C0000084
(1675525700.663356) vcan0 288#EDDF20DF00000080
(1675525700.663431) vcan0 008#418034EB23800080
(1675525700.664396) vcan0 072#F000FF3F00788038
(1675525700.664470) vcan0 260#D0FF0055497487B0
(1675525700.665472) vcan0 0F5#D494DD947F4BD21E
(1675525700.666632) vcan0 120#049506957F065689
(1675525700.667657) vcan0 130#97FD1D0115BDFF11
(1675525700.668673) vcan0 010#008800002FB031F8
(1675525700.669764) vcan0 150#D814FB27FCF7E7C0
(1675525700.669841) vcan0 1D0#0000000000000061
(1675525700.670929) vcan0 008#418044F00E800080
(1675525700.671944) vcan0 055#F5F7FE27B2209C80
(1675525700.672961) vcan0 065#57E5FEF700CEFD01
(1675525700.674048) vcan0 070#000009F8FDE11500
(1675525700.675063) vcan0 075#0000000000005458
(1675525700.677969) vcan0 080#FD4F8000C2002C00
(1675525700.678046) vcan0 0B0#39830CA3E3C139A3
(1675525700.678190) vcan0 0E0#627328D800805300
(1675525700.678265) vcan0 145#F9C2D380FC4810A1
(1675525700.678339) vcan0 28C#000000000016FEA5
(1675525700.678414) vcan0 2B5#4B15296293A67419
(1675525700.679174) vcan0 1B0#00C0000000B000FC
(1675525700.679262) vcan0 1B5#FF6DF591E4E0FFEF
(1675525700.679336) vcan0 1D8#363339343234E043
(1675525700.679411) vcan0 1E0#0018930300B917E0
(1675525700.679484) vcan0 010#008800002FB031F8
(1675525700.680656) vcan0 072#F000FF3F0078A038
(1675525700.680730) vcan0 125#E50580E4C1D0D735
(1675525700.680805) vcan0 2C3#528700FFFFB85450
(1675525700.681745) vcan0 008#418054EE00800080
(1675525700.682739) vcan0 290#0000000000000000
(1675525700.683913) vcan0 210#0CE080A0A869CC4D
(1675525700.684947) vcan0 288#F1DF30CF00000080
(1675525700.685990) vcan0 0F5#DB94D9947F4FC220
(1675525700.687077) vcan0 120#0895FC947F075689
(1675525700.688165) vcan0 130#9FFD1D0115ADFF11
(1675525700.690985) vcan0 150#DA14FC37FDF7D5C0
(1675525700.691063) vcan0 010#008800002FB031F8
(1675525700.691152) vcan0 1D0#0000000000000061
(1675525700.691229) vcan0 291#0000000000000000
(1675525700.692030) vcan0 008#418064DE00800080
(1675525700.693190) vcan0 055#F5F7FE27B2209C80
(1675525700.694207) vcan0 065#57E5FEF700CEFD01
(1675525700.694286) vcan0 070#000009F8FDE11500
(1675525700.694435) vcan0 075#0000000000005458
(1675525700.695311) vcan0 072#F000FF3F00788038
(1675525700.698060) vcan0 080#FD4F8000C2002C00
(1675525700.698202) vcan0 0B0#39830CA3E3C139A3
(1675525700.698277) vcan0 0E0#627327E000803400
(1675525700.698389) vcan0 145#F9B2D480FC4810A1
(1675525700.698425) vcan0 260#D0FF0055497487B0
(1675525700.698500) vcan0 370#0720C0007A1BC71F
(1675525700.698642) vcan0 1B0#00C0000003B000FC
(1675525700.699128) vcan0 1B5#FF7B0398EAE0FFEF
(1675525700.699210) vcan0 1D8#363339343234E043
(1675525700.699352) vcan0 1E0#001C834300B917E0
(1675525700.700317) vcan0 125#E50280E4C1D0D735
(1675525700.700392) vcan0 010#008800002FB031F8
(1675525700.700465) vcan0 2A9#8C26008AC0000084
(1675525700.701364) vcan0 008#418074CE00800080
(1675525700.702396) vcan0 350#A200000000000080
(1675525700.704939) vcan0 0F5#DB94D7947F53B222
(1675525700.705982) vcan0 120#0E9506957F035689
(1675525700.707143) vcan0 130#A7FD1DFF14A0FD11
(1675525700.708158) vcan0 010#008800002FB031F9
(1675525700.709246) vcan0 072#F000FF3F0078A038
(1675525700.709322) vcan0 150#D914FF47FEF7C6C0
(1675525700.710268) vcan0 1D0#0000000000000A61
(1675525700.710345) vcan0 210#0CE080A0A869CC45
(1675525700.710422) vcan0 3CA#00000000540000C8
(1675525700.711378) vcan0 288#FEDF30CF00000080
(1675525700.715582) vcan0 008#418084BE00800080
(1675525700.715727) vcan0 055#F5F7FE27B2209C80
(1675525700.715802) vcan0 065#59E5FEF700CEFD01
(1675525700.715875) vcan0 070#000009F8FDE11500
(1675525700.715949) vcan0 075#0000000000005458
(1675525700.716092) vcan0 080#FD4F8000C2002C00
(1675525700.716166) vcan0 0B0#39830CA3E3C139A3
(1675525700.716241) vcan0 0E0#627329E800801200
(1675525700.716314) vcan0 145#F9A2D580FC4810A1
(1675525700.716458) vcan0 28C#000000000016FEA5
(1675525700.716531) vcan0 290#0000000000000000
(1675525700.716674) vcan0 2B5#4B15296293A67419
(1675525700.716818) vcan0 2C0#528700F40000A0F1
(1675525700.716890) vcan0 2C5#00EF6FE658E50070
(1675525700.716965) vcan0 340#8600000000000000
(1675525700.717048) vcan0 3AF#0000000000000020
(1675525700.717810) vcan0 1B0#00C0000003B000FC
(1675525700.718915) vcan0 1B5#FF88109EF1E0FFEF
(1675525700.718989) vcan0 1D8#363339343234E043
(1675525700.719063) vcan0 010#008800002FB031F8
(1675525700.721675) vcan0 1E0#0020734300B917E0
(1675525700.721820) vcan0 291#0000000000000000
(1675525700.721895) vcan0 125#E50580E4C1D0D735
(1675525700.721970) vcan0 2C3#528700FFFFB85450
(1675525700.722043) vcan0 330#AD00000000000000
(1675525700.722117) vcan0 425#0000000000000000
(1675525700.722260) vcan0 008#418094AE00800080
(1675525700.722882) vcan0 072#F000FF3F00788038
(1675525700.723920) vcan0 260#D0FF0055497487B0
(1675525700.724954) vcan0 0F5#CC94D7947F57A223
(1675525700.725991) vcan0 120#0495FE947F005689
(1675525700.727172) vcan0 130#AFFD1DFE1491FD11
(1675525700.728207) vcan0 010#008800002FB031F8
(1675525700.729241) vcan0 150#D1140058FFF7BEC0
(1675525700.729315) vcan0 1D0#0000000000000061
(1675525700.732130) vcan0 008#4180A49E00800080
(1675525700.733167) vcan0 055#F5F7FE27B2209C80
(1675525700.734200) vcan0 065#5AE5FEF701CEFD01
(1675525700.734342) vcan0 070#000009F8FDE11500
(1675525700.734417) vcan0 075#0000000000005458
(1675525700.735323) vcan0 080#FD4F8000C2002C00
(1675525700.735403) vcan0 0B0#39830CA3E3C139A3
(1675525700.735481) vcan0 0E0#62732AF00080F100
(1675525700.735560) vcan0 145#F992D680FC4810A1
(1675525700.735639) vcan0 210#0CE080A0A869CC45
(1675525700.736437) vcan0 288#F9DF30CF00000080
(1675525700.737454) vcan0 1B0#00C0000003B000FC
(1675525700.738989) vcan0 1B5#FF961EA5F8E0FFEF
(1675525700.739068) vcan0 1D8#363339343234E043
(1675525700.739144) vcan0 010#008800002FB031F8
(1675525700.740016) vcan0 072#F000FF3F0078A038
(1675525700.740093) vcan0 1E0#0020730300B917E0
(1675525700.740171) vcan0 125#E50580E4C1D0D735
(1675525700.740322) vcan0 2A9#8C260093C0000084
(1675525700.740399) vcan0 405#2AF85A1247186701
(1675525700.741199) vcan0 008#4180B48E00800080
(1675525700.742216) vcan0 290#0000000000000000
(1675525700.746486) vcan0 360#5C8700C5B164A041
(1675525700.747523) vcan0 0F5#C994D4947F5B9225
