(1675526542.810601) vcan0 260#D0FF0055491285B0
(1675526542.814482) vcan0 008#86ABB4100E800080
(1675526542.815857) vcan0 010#000000002FB031F8
(1675526542.817303) vcan0 291#0000000000000000
(1675526542.818822) vcan0 0F5#3A8338847F43F28C
(1675526542.818910) vcan0 120#4B82A5837FEE5589
(1675526542.818987) vcan0 130#87F71D3903B70A12
(1675526542.819065) vcan0 150#B7039604EFF339C0
(1675526542.820312) vcan0 0E0#E27306F100801400
(1675526542.820455) vcan0 072#F000FF3F0090A038
(1675526542.823339) vcan0 055#D6F72328B2729C81
(1675526542.823413) vcan0 065#36E42EF8098E1D02
(1675526542.823554) vcan0 070#000028F816E25B00
(1675526542.823629) vcan0 075#0000000000005458
(1675526542.823703) vcan0 080#7A508000C2002C00
(1675526542.823776) vcan0 0B0#3983D0A2E6C139A3
(1675526542.823919) vcan0 145#FD32DC80FCC810A1
(1675526542.823992) vcan0 210#45DC80A0A869F045
(1675526542.824066) vcan0 290#0000000000000000
(1675526542.824141) vcan0 2C0#5D87009A0100A0F1
(1675526542.824283) vcan0 2C5#03D7384033E40070
(1675526542.824845) vcan0 008#84ABC4020E800080
(1675526542.824919) vcan0 288#73D5F00F00000080
(1675526542.826292) vcan0 125#E54855E4C1D0D735
(1675526542.826436) vcan0 010#000000002FB031F8
(1675526542.826510) vcan0 1D0#0000000000000061
(1675526542.827816) vcan0 1B0#00C0000001B000EC
(1675526542.827958) vcan0 1B5#FFCC630A50E0FFEF
(1675526542.829357) vcan0 1D8#363339343234DB43
(1675526542.829436) vcan0 1E0#002C434300B917E0
(1675526542.829513) vcan0 2C3#5D8700FFFF0C5450
(1675526542.834492) vcan0 008#84ABD4F20E800080
(1675526542.835795) vcan0 010#000000002FB031F8
(1675526542.837315) vcan0 072#F000FF3F00908038
(1675526542.837392) vcan0 2A9#8C260082C0000084
(1675526542.838840) vcan0 0F5#3E8340847F47E28C
(1675526542.838918) vcan0 120#5782A9837FE35589
(1675526542.839004) vcan0 130#8FF71D3A03A60712
(1675526542.839083) vcan0 150#BB037E14EFF325C0
(1675526542.840347) vcan0 0E0#E27301F90080F900
(1675526542.840422) vcan0 055#D6F72528B2769C80
(1675526542.843374) vcan0 065#3EE42DF8078E1D02
(1675526542.843447) vcan0 070#000028F817E25B00
(1675526542.843522) vcan0 075#0000000000005458
(1675526542.843597) vcan0 080#7F508000C2002C00
(1675526542.843739) vcan0 0B0#3983D1A2E6C139A3
(1675526542.843813) vcan0 145#FD22DD80FCC810A1
(1675526542.843887) vcan0 260#D0FF00AA491285B0
(1675526542.843962) vcan0 28C#000020000016FE72
(1675526542.844104) vcan0 2B5#4B54006293A6643C
(1675526542.844178) vcan0 340#5200000000000000
(1675526542.844799) vcan0 008#84ABE4E20E800080
(1675526542.846313) vcan0 125#E54855E4C1D0D735
(1675526542.846397) vcan0 010#000000002FB031F8
(1675526542.846540) vcan0 1D0#0000000000000061
(1675526542.846613) vcan0 210#45DC8020A869F04D
(1675526542.846687) vcan0 291#0000000000000000
(1675526542.847788) vcan0 1B0#00C0000001B000EC
(1675526542.847932) vcan0 1B5#FFCD650B51E0FFEF
(1675526542.849347) vcan0 1D8#363339343234DB43
(1675526542.849425) vcan0 1E0#002C430300B917E0
(1675526542.849502) vcan0 288#6FD5F00F00000080
(1675526542.850806) vcan0 072#F000FF3F0090A038
(1675526542.850955) vcan0 290#0000000000000000
(1675526542.851033) vcan0 3B0#00D840383DC0C400
(1675526542.853560) vcan0 008#84ABF4D20E800080
(1675526542.855079) vcan0 350#A200000000000080
(1675526542.856598) vcan0 010#000000002FB031F8
(1675526542.856677) vcan0 330#2800000000000000
(1675526542.858060) vcan0 0F5#428340847F4BD28C
(1675526542.858210) vcan0 120#7882A2837FE55589
(1675526542.858289) vcan0 130#97FA1D41038F0712
(1675526542.859590) vcan0 150#C2037C24EFF30EC0
(1675526542.859666) vcan0 3CA#00000000560000C8
(1675526542.861041) vcan0 0E0#E273FDC00080DE00
(1675526542.861184) vcan0 055#D6F72628B2789C80
(1675526542.861258) vcan0 065#43E42EF8058E1D02
(1675526542.861332) vcan0 070#000028F818E25B00
(1675526542.861475) vcan0 075#0000000000005458
(1675526542.862577) vcan0 080#84508000C2002C00
(1675526542.862651) vcan0 0B0#3983D3A2E6C139A3
(1675526542.862793) vcan0 145#FD12DE80FCC810A1
(1675526542.862866) vcan0 370#0724C0005A1BC735
(1675526542.864038) vcan0 008#84AB04C20E800080
(1675526542.865550) vcan0 125#E54855E4C1D0D735
(1675526542.865632) vcan0 010#000000002FB031F8
(1675526542.865776) vcan0 072#F000FF3F00908038
(1675526542.867081) vcan0 1D0#0000000000000061
(1675526542.868594) vcan0 1B0#00C0000000B000EC
(1675526542.868667) vcan0 1B5#FFCF680C52E0FFEF
(1675526542.868812) vcan0 1D8#363339343234DB43
(1675526542.868886) vcan0 1E0#0030334300B917E0
(1675526542.868959) vcan0 2C3#5D8700FFFF0C5450
(1675526542.871214) vcan0 210#45DC80A0A869F045
(1675526542.872590) vcan0 260#D0FF00AA491585B0
(1675526542.874034) vcan0 008#84AB14B20E800080
(1675526542.874185) vcan0 288#8BD5F00F00000080
(1675526542.875561) vcan0 010#000000002FB031F8
(1675526542.875638) vcan0 291#0000000000000000
