(1675526026.231365) vcan0 260#D0FF00AA497487B0
(1675526026.231497) vcan0 008#9D80B07240800080
(1675526026.235256) vcan0 010#008800002FB031F8
(1675526026.235333) vcan0 0F5#10A0E49F7F47E22A
(1675526026.235420) vcan0 120#38A008A07F1C5689
(1675526026.235498) vcan0 130#8F011E0D20B60712
(1675526026.235577) vcan0 150#F91F63184FF8CBC0
(1675526026.235654) vcan0 2A9#8C26008AC0000084
(1675526026.239993) vcan0 210#13E08020A869C545
(1675526026.240071) vcan0 0E0#62736FD800800C00
(1675526026.240149) vcan0 055#F6F71528B2B99C80
(1675526026.240227) vcan0 065#10E615F803DE5202
(1675526026.240304) vcan0 070#000007F852E20F00
(1675526026.244997) vcan0 075#0000000000005458
(1675526026.245074) vcan0 080#39508000C2002C00
(1675526026.245154) vcan0 0B0#528314A3DFC152A3
(1675526026.245231) vcan0 145#F942DB80FC4810A1
(1675526026.245382) vcan0 370#071FC000671BC71F
(1675526026.245458) vcan0 008#9F80C06040800080
(1675526026.245538) vcan0 010#008800002FB031F8
(1675526026.245624) vcan0 072#F000FF3F0078A038
(1675526026.245701) vcan0 1D0#0000000000000061
(1675526026.245779) vcan0 1B0#00C0000003B000FC
(1675526026.245929) vcan0 1B5#FF605767D7E0FFEF
(1675526026.246006) vcan0 1D8#363339343234E043
(1675526026.246083) vcan0 125#E5EE80E5C1D0D735
(1675526026.246234) vcan0 1E0#002C434300B917E0
(1675526026.247538) vcan0 288#41E130CF00000080
(1675526026.252090) vcan0 008#9F80D0414F800080
(1675526026.252240) vcan0 010#008800002FB031F9
(1675526026.252319) vcan0 291#0000000000000000
(1675526026.254561) vcan0 0F5#F59FEA9F7F4BD22D
(1675526026.254640) vcan0 120#1BA009A07F255689
(1675526026.254791) vcan0 130#97011E0D20A60112
(1675526026.254867) vcan0 150#EF1F672850F8C5C0
(1675526026.254946) vcan0 3CA#00000000C00000C8
(1675526026.261634) vcan0 072#F000FF3F00788038
(1675526026.261713) vcan0 055#F6F71528B2B79C80
(1675526026.261790) vcan0 065#0FE615F801DE5202
(1675526026.261868) vcan0 070#000007F852E20F00
(1675526026.261945) vcan0 075#0000000000005458
(1675526026.262096) vcan0 080#39508000C2002C00
(1675526026.262174) vcan0 0B0#528314A3DFC152A3
(1675526026.262252) vcan0 0E0#627363E00080F800
(1675526026.262328) vcan0 145#F932DC80FC4810A1
(1675526026.262406) vcan0 260#D0FF00AA497487B0
(1675526026.265731) vcan0 28C#000000000018FEA7
(1675526026.265880) vcan0 290#0000000000000000
(1675526026.265957) vcan0 008#A180E02F4F800080
(1675526026.266035) vcan0 2B5#4BDD276293A67A67
(1675526026.266113) vcan0 2C0#468700000000A0F1
(1675526026.266191) vcan0 2C5#27E781E310E60070
(1675526026.266278) vcan0 3AF#0000000000000020
(1675526026.266429) vcan0 010#008800002FB031F8
(1675526026.266507) vcan0 1D0#0000000000000261
(1675526026.266584) vcan0 210#13E080A0A869C545
(1675526026.266662) vcan0 1B0#00C0000004B000FC
(1675526026.266740) vcan0 1B5#FF746B71E1E0FFEF
(1675526026.266890) vcan0 1D8#363339343234E043
(1675526026.266966) vcan0 125#E5F380E5C1D0D735
(1675526026.267045) vcan0 1E0#0030334300B917E0
(1675526026.267193) vcan0 2C3#468700FFFF555450
(1675526026.269512) vcan0 008#A380F00864800080
(1675526026.269590) vcan0 010#008800002FB031F8
(1675526026.274140) vcan0 072#F000FF3F0078A038
(1675526026.274291) vcan0 2A9#8C260082C0000084
(1675526026.274367) vcan0 0F5#FD9FE49F7F4FC230
(1675526026.274446) vcan0 120#52A0F59F7F1B5689
(1675526026.274531) vcan0 130#9F011E0D2096FF11
(1675526026.275475) vcan0 150#F01F6E3850F8B4C0
(1675526026.275627) vcan0 288#4DE130CF00000080
(1675526026.284004) vcan0 350#A200000000000080
(1675526026.284082) vcan0 055#F6F71528B2B79C80
(1675526026.284232) vcan0 065#0CE615F8FEDD5202
(1675526026.284310) vcan0 070#000007F851E20F00
(1675526026.284387) vcan0 075#0000000000005458
(1675526026.284464) vcan0 080#39508000C2002C00
(1675526026.284542) vcan0 0B0#528314A3DFC152A3
(1675526026.284691) vcan0 0E0#627368E80080D300
(1675526026.284770) vcan0 145#F922DD80FC4810A1
(1675526026.284847) vcan0 008#A68000F564800080
(1675526026.284924) vcan0 010#008800002FB031F8
(1675526026.285074) vcan0 1D0#0000000000000061
(1675526026.285151) vcan0 291#0000000000000000
(1675526026.285239) vcan0 1B0#00C0000001B000FC
(1675526026.285389) vcan0 1B5#FF89807CECE0FFEF
(1675526026.285467) vcan0 1D8#363339343234E043
(1675526026.285546) vcan0 125#E5F680E5C1D0D735
(1675526026.285623) vcan0 1E0#0030330300B917E0
(1675526026.293865) vcan0 072#F000FF3F00788038
(1675526026.293943) vcan0 210#13E080A0A869C54D
(1675526026.294094) vcan0 3B0#00FC33383CBCC400
(1675526026.294171) vcan0 290#0000000000000000
(1675526026.294249) vcan0 260#D0FF0055497487B0
(1675526026.294327) vcan0 008#A88010E364800080
(1675526026.294405) vcan0 010#008800002FB031F8
(1675526026.294482) vcan0 330#CD00000000000000
(1675526026.294560) vcan0 0F5#F19FE49F7F53B232
(1675526026.294709) vcan0 120#47A00EA07F265689
(1675526026.295220) vcan0 130#A7011E0D2086FF11
(1675526026.295379) vcan0 150#EA1F6E4851F8AAC0
(1675526026.303974) vcan0 360#4B8700A8BD64A041
(1675526026.304051) vcan0 055#F6F71528B2B59C80
(1675526026.304128) vcan0 065#0FE615F800DE5102
(1675526026.304207) vcan0 070#000007F850E20F00
(1675526026.304357) vcan0 075#0000000000005458
(1675526026.304434) vcan0 080#38508000C2002C00
(1675526026.304512) vcan0 0B0#528314A3DFC152A3
(1675526026.304590) vcan0 0E0#627378F00080A300
(1675526026.304668) vcan0 145#F912DE80FC4810A1
(1675526026.304745) vcan0 288#45E130CF00000080
(1675526026.304896) vcan0 28C#000000000018FEA7
(1675526026.304974) vcan0 2B5#4BDD276293A67A66
(1675526026.305052) vcan0 340#9100000000000000
(1675526026.305200) vcan0 008#AA8020B481800080
(1675526026.305279) vcan0 010#008800002FB031F8
(1675526026.305365) vcan0 072#F000FF3F0078A038
(1675526026.305514) vcan0 1D0#0000000000000861
(1675526026.305594) vcan0 390#80FF0500021E584F
(1675526026.305670) vcan0 1B0#00C0000002B000FC
(1675526026.305749) vcan0 1B5#FF9E9586F6E0FFEF
(1675526026.305825) vcan0 1D8#363339343234E043
(1675526026.305905) vcan0 125#E5F880E5C1D0D735
(1675526026.306055) vcan0 1E0#0034234300B917E0
(1675526026.306131) vcan0 2C3#468700FFFF555450
(1675526026.313934) vcan0 008#AC8030B86B800080
(1675526026.314013) vcan0 010#008800002FB031F8
(1675526026.314090) vcan0 210#13E080A0A869C545
(1675526026.314240) vcan0 291#0000000000000000
(1675526026.314317) vcan0 2A9#8C26009BC0000084
(1675526026.314395) vcan0 0F5#0DA0E19F7F57A235
(1675526026.315265) vcan0 120#3DA008A07F245689
(1675526026.315352) vcan0 130#AFFF1D0D2076FF11
(1675526026.315505) vcan0 150#F61F685851F88EC0
(1675526026.315510) vcan0 3C8#4687008E882C008E
(1675526026.323825) vcan0 072#F000FF3F00788038
(1675526026.323893) vcan0 055#F6F71528B2B59C80
(1675526026.324044) vcan0 065#0FE615F802DE5102
(1675526026.324122) vcan0 070#000007F850E20F00
(1675526026.324200) vcan0 075#0000000000005458
(1675526026.324276) vcan0 080#38508000C2002C00
(1675526026.324354) vcan0 0B0#528314A3DFC152A3
(1675526026.324504) vcan0 0E0#627375F800808600
(1675526026.324583) vcan0 145#F902DF80FC4810A1
(1675526026.324661) vcan0 260#D0FF0055497487B0
(1675526026.324738) vcan0 290#0000000000000000
(1675526026.324888) vcan0 008#AC80409281800080
(1675526026.324967) vcan0 2C0#468700000000A0F1
(1675526026.325054) vcan0 2C5#27E781E30FE60070
(1675526026.325203) vcan0 581#FFFFFFFFFFFF0081
(1675526026.327732) vcan0 1B0#00C0000004B000FC
(1675526026.327883) vcan0 010#008800002FB031F9
(1675526026.327961) vcan0 125#E5FE80E5C1D0D735
(1675526026.328038) vcan0 1B5#FFB3AA9000E0FFEF
(1675526026.328116) vcan0 1D0#0000000000000261
(1675526026.328194) vcan0 1D8#363339343234E043
(1675526026.328342) vcan0 1E0#0038134300B917E0
(1675526026.328420) vcan0 288#51E130CF00000080
(1675526026.328497) vcan0 400#0101010101010224
(1675526026.328574) vcan0 405#0000000000000027
(1675526026.328653) vcan0 008#AF80507F81800080
(1675526026.330257) vcan0 0F5#F59FE49F7F5B9237
(1675526026.336107) vcan0 120#2AA009A07F235689
(1675526026.336184) vcan0 130#B7011E102063FF11
(1675526026.336274) vcan0 150#EC1F6C6852F888C0
(1675526026.336352) vcan0 010#008800002FB031F8
(1675526026.336429) vcan0 072#F000FF3F0078A038
(1675526026.338598) vcan0 055#F6F71528B2B59C80
(1675526026.344885) vcan0 065#0FE615F800DE5002
(1675526026.344963) vcan0 070#000007F850E20F00
(1675526026.345114) vcan0 075#0000000000005458
(1675526026.345192) vcan0 080#38508000C2002C00
(1675526026.345268) vcan0 0B0#528314A3DFC152A3
(1675526026.345346) vcan0 0E0#62736AC000807100
(1675526026.345425) vcan0 145#F9F2D080FC4810A1
(1675526026.345573) vcan0 210#13E080A0A869C54D
(1675526026.345650) vcan0 28C#000000000018FEA7
(1675526026.345727) vcan0 2B5#4BDD276293A67A65
(1675526026.345806) vcan0 370#071FC000671BC71F
(1675526026.345958) vcan0 008#B180605F8F800080
(1675526026.346043) vcan0 010#008800002FB031F8
(1675526026.346123) vcan0 1B0#00C0000004B000FC
(1675526026.346199) vcan0 1B5#FFC8BE9B0BE0FFEF
(1675526026.352084) vcan0 1D0#0000000000000061
(1675526026.352234) vcan0 125#E50481E5C1D0D735
(1675526026.352312) vcan0 1D8#363339343234E043
(1675526026.352390) vcan0 1E0#0038130300B917E0
(1675526026.352468) vcan0 291#0000000000000000
(1675526026.352545) vcan0 2C3#468700FFFF565450
(1675526026.352623) vcan0 072#F000FF3F00788038
(1675526026.352700) vcan0 290#0000000000000000
(1675526026.352850) vcan0 288#51E140BF00000080
(1675526026.352929) vcan0 260#D0FF0055497487B0
(1675526026.353005) vcan0 008#B380704597800080
(1675526026.353083) vcan0 010#008800002FB031F8
(1675526026.354605) vcan0 2A9#8C260082C0000084
(1675526026.354693) vcan0 0F5#FA9FE89F7F5F823A
(1675526026.354771) vcan0 120#3EA00DA07F225689
(1675526026.354848) vcan0 130#BFFF1D102053FF11
(1675526026.354926) vcan0 150#F01F6B7853F874C0
(1675526026.362937) vcan0 055#F6F71528B2B59C80
(1675526026.363016) vcan0 065#0BE615F8FEDD5002
(1675526026.363093) vcan0 070#000007F850E20F00
(1675526026.363171) vcan0 075#0000000000005458
(1675526026.363249) vcan0 080#38508000C2002C00
(1675526026.363327) vcan0 0B0#528314A3E0C152A3
(1675526026.363404) vcan0 0E0#62736AC800805100
(1675526026.363481) vcan0 145#F9E2D180FC4810A1
(1675526026.363631) vcan0 008#B680803297800080
(1675526026.363709) vcan0 010#008800002FB031F8
(1675526026.366890) vcan0 072#F000FF3F0078A038
(1675526026.366969) vcan0 1D0#0000000000000061
(1675526026.367058) vcan0 210#13E080A0A869C54D
(1675526026.367137) vcan0 1B0#00C0000007B000FC
(1675526026.367285) vcan0 1B5#FFDDD3A515E0FFEF
(1675526026.367363) vcan0 1D8#363339343234E043
(1675526026.367441) vcan0 125#E50981E5C1D0D735
(1675526026.367517) vcan0 1E0#003C034300B917E0
(1675526026.367594) vcan0 350#A200000000000080
(1675526026.370492) vcan0 008#B88090288F800080
(1675526026.370643) vcan0 010#008800002FB031F8
(1675526026.376710) vcan0 291#0000000000000000
(1675526026.376788) vcan0 330#CD00000000000000
(1675526026.376866) vcan0 425#0000000000000000
(1675526026.377017) vcan0 0F5#09A0D79F7F63723D
(1675526026.377093) vcan0 120#53A002A07F235689
(1675526026.377171) vcan0 130#C7FF1D102043FF11
(1675526026.377249) vcan0 150#EF1F6E8854F865C0
(1675526026.377350) vcan0 288#5EE140BF00000080
(1675526026.377427) vcan0 3CA#00000000D10000C8
(1675526026.377504) vcan0 072#F000FF3F00788038
(1675526026.381915) vcan0 055#F6F71528B2B59C80
(1675526026.382057) vcan0 065#0FE615F800DE5002
(1675526026.382069) vcan0 070#000007F850E20F00
(1675526026.382219) vcan0 075#0000000000005458
(1675526026.382296) vcan0 080#38508000C2002C00
(1675526026.382374) vcan0 0B0#528314A3E0C152A3
(1675526026.382451) vcan0 0E0#627377D000802400
(1675526026.382529) vcan0 145#F9D2D280FC4810A1
(1675526026.382607) vcan0 260#D0FF00AA497487B0
(1675526026.382757) vcan0 28C#000000000018FEA7
(1675526026.382836) vcan0 290#0000000000000000
(1675526026.382913) vcan0 008#BA80A0079E800080
(1675526026.383063) vcan0 2B5#4BDD276293A67A65
(1675526026.386896) vcan0 2C0#468700000000A0F1
(1675526026.386974) vcan0 2C5#27E781E30EE60070
(1675526026.387124) vcan0 340#9100000000000000
(1675526026.387202) vcan0 3AF#0000000000000020
(1675526026.387280) vcan0 010#008800002FB031F8
(1675526026.387358) vcan0 1D0#0000000000000861
(1675526026.387436) vcan0 1B0#00C0000003B000FC
(1675526026.387584) vcan0 1B5#FFF2E8AF1FE0FFEF
(1675526026.387663) vcan0 1D8#363339343234E043
(1675526026.387739) vcan0 125#E50C81E5C1D0D735
(1675526026.387818) vcan0 1E0#0000F34300B917E0
(1675526026.387966) vcan0 2C3#468700FFFF565450
(1675526026.388045) vcan0 210#13E08020A869C545
(1675526026.389349) vcan0 008#BC80B0EEA5800080
(1675526026.395556) vcan0 010#008800002FB031F8
(1675526026.395633) vcan0 072#F000FF3F0078A038
(1675526026.395734) vcan0 2A9#8C26009BC0000084
(1675526026.395813) vcan0 0F5#10A0E89F7F67623F
(1675526026.395962) vcan0 120#40A00DA07F235689
(1675526026.396040) vcan0 130#CF011E102033FF11
(1675526026.396117) vcan0 150#FB1F719856F849C0
(1675526026.396194) vcan0 360#4B8700A8BD64A041
(1675526026.399081) vcan0 055#F6F71428B2B59C80
(1675526026.399160) vcan0 065#0FE615F801DE5002
(1675526026.405231) vcan0 070#000007F84FE20F00
(1675526026.405309) vcan0 075#0000000000005458
(1675526026.405386) vcan0 080#38508000C2002C00
(1675526026.405536) vcan0 0B0#528314A3E0C152A3
(1675526026.405614) vcan0 0E0#62737AD800800100
(1675526026.405692) vcan0 145#F9C2D380FC4810A1
(1675526026.405769) vcan0 288#62E140BF00000080
(1675526026.405846) vcan0 008#BF80C0E997800080
(1675526026.405935) vcan0 010#008800002FB031F9
(1675526026.406086) vcan0 1D0#0000000000000261
(1675526026.406163) vcan0 291#0000000000000000
(1675526026.406241) vcan0 390#80FF0500021A594F
(1675526026.406319) vcan0 1B0#00C0000003B000FC
(1675526026.406468) vcan0 1B5#FF06FCBA29E0FFEF
(1675526026.407702) vcan0 125#E50E81E5C1D0D735
(1675526026.407780) vcan0 1D8#363339343234E043
(1675526026.407929) vcan0 1E0#0000F30300B917E0
(1675526026.408007) vcan0 072#F000FF3F00788038
(1675526026.408083) vcan0 3B0#00D833383CBCC400
(1675526026.415017) vcan0 290#0000000000000000
(1675526026.415096) vcan0 260#D0FF00AA497487B0
(1675526026.415172) vcan0 008#C180D0D797800080
(1675526026.415331) vcan0 010#008800002FB031F8
(1675526026.415400) vcan0 210#13E080A0A869C54D
(1675526026.415486) vcan0 3D0#8C0F6100661780C3
(1675526026.415565) vcan0 0F5#17A0E19F7F6B5242
(1675526026.415642) vcan0 120#3DA006A07F255689
(1675526026.415721) vcan0 130#D7FF1D102023FF11
(1675526026.415800) vcan0 150#FB1F72A857F839C0
(1675526026.417460) vcan0 430#41084300000017A6
(1675526026.424745) vcan0 0E0#62736EE00080ED00
(1675526026.424821) vcan0 055#F6F71428B2B59C80
(1675526026.424971) vcan0 065#0FE615F801DE4F02
(1675526026.425049) vcan0 070#000007F84FE20F00
(1675526026.425199) vcan0 075#0000000000005458
(1675526026.425277) vcan0 080#38508000C2002C00
(1675526026.425356) vcan0 0B0#528314A3E0C152A3
(1675526026.425433) vcan0 145#F9B2D480FC4810A1
(1675526026.425511) vcan0 28C#000000000018FEA7
(1675526026.425661) vcan0 2B5#4BDE276293A67A65
(1675526026.425749) vcan0 008#C380E0CD8F800080
(1675526026.425825) vcan0 010#008800002FB031F8
(1675526026.425904) vcan0 072#F000FF3F0078A038
(1675526026.426053) vcan0 1D0#0000000000000061
(1675526026.426130) vcan0 1B0#00C0000004B000FC
(1675526026.428733) vcan0 1B5#FF1B11C434E0FFEF
(1675526026.428812) vcan0 1D8#363339343234E043
(1675526026.428888) vcan0 125#E51481E5C1D0D735
(1675526026.429039) vcan0 1E0#0004E34300B917E0
(1675526026.429116) vcan0 288#66E140BF00000080
(1675526026.429193) vcan0 2C3#468700FFFF575450
(1675526026.429270) vcan0 008#C580F0BB8F800080
(1675526026.434546) vcan0 010#008800002FB031F8
(1675526026.434624) vcan0 0F5#05A0F49F7F6F4244
(1675526026.434701) vcan0 120#44A01BA07F295689
(1675526026.434780) vcan0 130#DFFF1D102013FF11
(1675526026.434865) vcan0 150#FC1F73B858F828C0
(1675526026.435880) vcan0 291#0000000000000000
(1675526026.435959) vcan0 2A9#8C260082C0000084
(1675526026.436036) vcan0 3C8#4687008E882C008E
(1675526026.442240) vcan0 072#F000FF3F00788038
(1675526026.442318) vcan0 210#15E080A0A869C545
(1675526026.442396) vcan0 055#F6F71428B2B59C80
(1675526026.442472) vcan0 065#0EE614F8FFDD4F02
(1675526026.442551) vcan0 070#000007F84FE20F00
(1675526026.442700) vcan0 075#0000000000005458
(1675526026.442779) vcan0 080#37508000C2002C00
(1675526026.442857) vcan0 0B0#528314A3E0C152A3
(1675526026.442934) vcan0 0E0#62736BE80080D000
(1675526026.443011) vcan0 145#F9A2D580FC4810A1
(1675526026.443089) vcan0 260#D0FF00AA497487B0
(1675526026.443240) vcan0 290#0000000000000000
(1675526026.443326) vcan0 2C0#468700000000A0F1
(1675526026.443475) vcan0 008#C88000A097800080
(1675526026.443554) vcan0 2C5#26E781E310E60070
(1675526026.446156) vcan0 370#071FC000671BC71F
(1675526026.446232) vcan0 3E0#000000D92E808092
(1675526026.446311) vcan0 010#008800002FB031F8
(1675526026.446387) vcan0 1D0#0000000000000061
(1675526026.446467) vcan0 1B0#00C0000006B000FC
(1675526026.446615) vcan0 1B5#FF3026CF3EE0FFEF
(1675526026.446693) vcan0 1D8#363339343234E043
(1675526026.446771) vcan0 125#E51A81E5C1D0D735
(1675526026.446848) vcan0 1E0#0008D34300B917E0
(1675526026.446927) vcan0 288#6EE150AF00000080
(1675526026.448604) vcan0 008#CA8010879E800080
(1675526026.454443) vcan0 010#008800002FB031F8
(1675526026.454521) vcan0 072#F000FF3F0078A038
(1675526026.454607) vcan0 330#CE00000000000000
(1675526026.454756) vcan0 0F5#10A0E89F7F733247
(1675526026.454835) vcan0 120#52A011A07F245689
(1675526026.454913) vcan0 130#E7FF1D102003FF11
(1675526026.454990) vcan0 150#FB1F79C85AF819C0
(1675526026.460480) vcan0 350#A200000000000080
(1675526026.460558) vcan0 055#F6F71428B2B49C80
(1675526026.460637) vcan0 065#10E614F800DE4F02
(1675526026.460787) vcan0 070#000007F84FE20F00
(1675526026.460864) vcan0 075#0000000000005458
(1675526026.460942) vcan0 080#37508000C2002C00
(1675526026.465490) vcan0 0B0#528314A3E0C152A3
(1675526026.465568) vcan0 0E0#627378F00080A300
(1675526026.465645) vcan0 145#F992D680FC4810A1
(1675526026.465722) vcan0 28C#000000000018FEA7
(1675526026.465801) vcan0 2B5#4BDE276293A67A64
(1675526026.465889) vcan0 340#9100000000000000
(1675526026.465967) vcan0 008#CC80206EA5800080
(1675526026.466118) vcan0 010#008800002FB031F8
(1675526026.466195) vcan0 1D0#0000000000000861
(1675526026.466273) vcan0 210#15E080A0A869C545
(1675526026.466349) vcan0 291#0000000000000000
(1675526026.466498) vcan0 1B0#00C0000002B000FC
(1675526026.466578) vcan0 1B5#FF453BD948E0FFEF
(1675526026.470125) vcan0 125#E51D81E5C1D0D735
(1675526026.470201) vcan0 1D8#363339343234E043
(1675526026.470279) vcan0 1E0#0008D30300B917E0
(1675526026.470358) vcan0 2C3#468700FFFF575450
(1675526026.470437) vcan0 072#F000FF3F00788038
(1675526026.470586) vcan0 290#0000000000000000
(1675526026.470663) vcan0 260#D0FF00AA497487B0
(1675526026.473696) vcan0 008#CF80305BA5800080
(1675526026.473783) vcan0 010#008800002FB031F8
(1675526026.473859) vcan0 2A9#8C26008AC0000084
(1675526026.475021) vcan0 0F5#17A0EA9F7F772249
(1675526026.475100) vcan0 120#55A009A07F275689
(1675526026.475176) vcan0 130#EFFF1D1020F3FF11
(1675526026.475254) vcan0 150#002076D85BF803C0
(1675526026.475332) vcan0 288#6AE150AF00000080
(1675526026.483523) vcan0 055#F6F71428B2B29C80
(1675526026.483602) vcan0 065#10E614F800DE4F02
(1675526026.483752) vcan0 070#000007F84EE20F00
(1675526026.483828) vcan0 075#0000000000005458
(1675526026.483907) vcan0 080#37508000C2002C00
(1675526026.483984) vcan0 0B0#528314A3E0C152A3
(1675526026.484063) vcan0 0E0#62737AF800808100
(1675526026.484211) vcan0 145#F982D780FC4810A1
(1675526026.484290) vcan0 008#D1804049A5800080
(1675526026.484376) vcan0 010#008800002FB031F8
(1675526026.484452) vcan0 072#F000FF3F0078A038
(1675526026.484604) vcan0 1D0#0000000000000061
(1675526026.484898) vcan0 1B0#00C0000001B000FC
(1675526026.484975) vcan0 1B5#FF5A4FE353E0FFEF
(1675526026.485054) vcan0 1D8#363339343234E043
(1675526026.485135) vcan0 125#E52281E5C1D0D735
(1675526026.485280) vcan0 1E0#000CC34300B917E0
(1675526026.488603) vcan0 210#15E080A0A869C54D
(1675526026.488682) vcan0 008#D180504F8F800080
(1675526026.492151) vcan0 010#008800002FB031F9
(1675526026.492231) vcan0 291#0000000000000000
(1675526026.494617) vcan0 0F5#1FA0EB9F7F7B124C
(1675526026.494694) vcan0 120#2AA021A07F285689
(1675526026.494773) vcan0 130#F7011E1F20D40412
(1675526026.494850) vcan0 150#052076E85DF8EEC0
(1675526026.494938) vcan0 3CA#00000000D20000C8
(1675526026.502018) vcan0 072#F000FF3F00788038
(1675526026.502168) vcan0 360#4B8700A8BD64A041
(1675526026.502247) vcan0 055#F6F71428B2B29C80
(1675526026.502324) vcan0 065#0FE614F800DE4E02
(1675526026.502402) vcan0 070#000007F84DE20F00
(1675526026.502479) vcan0 075#0000000000005458
(1675526026.502630) vcan0 080#36508000C2002C00
(1675526026.502708) vcan0 0B0#528314A3E0C152A3
(1675526026.502786) vcan0 0E0#627372C000806900
(1675526026.502865) vcan0 145#F972D880FC4810A1
(1675526026.502942) vcan0 260#D0FF0055497487B0
(1675526026.503093) vcan0 288#7EE150AF00000080
(1675526026.503169) vcan0 28C#000000000018FEA7
(1675526026.503321) vcan0 008#D380603D8F800080
(1675526026.503398) vcan0 290#0000000000000000
(1675526026.504938) vcan0 2B5#4BDE276293A67A64
(1675526026.505016) vcan0 2C0#468700000000A0F1
(1675526026.505094) vcan0 2C5#26E781E310E60070
(1675526026.505170) vcan0 3AF#0000000000000020
(1675526026.505248) vcan0 010#008800002FB031F8
(1675526026.505398) vcan0 1D0#0000000000000261
(1675526026.505475) vcan0 390#80FF050002165A4F
(1675526026.505553) vcan0 1B0#00C0000001B000FC
(1675526026.505630) vcan0 1B5#FF6F64EE5DE0FFEF
(1675526026.505709) vcan0 125#E52481E5C1D0D735
(1675526026.505786) vcan0 1D8#363339343234E043
(1675526026.505937) vcan0 1E0#0010B34300B917E0
(1675526026.506014) vcan0 2C3#468700FFFF585450
(1675526026.507534) vcan0 008#D580702B8F800080
(1675526026.512315) vcan0 010#008800002FB031F8
(1675526026.512392) vcan0 072#F000FF3F0078A038
(1675526026.512482) vcan0 210#15E080A0A869C545
(1675526026.514724) vcan0 2A9#8C260093C0000084
(1675526026.514802) vcan0 0F5#0EA0FB9F7F7F024F
(1675526026.514952) vcan0 120#47A0FF9F7F245689
(1675526026.515028) vcan0 130#FF011E1F20C40A12
(1675526026.515155) vcan0 150#04207BF85EF8DFC0
(1675526026.523109) vcan0 0E0#627370C800804B00
(1675526026.523186) vcan0 055#F6F71428B2AE9C80
(1675526026.523265) vcan0 065#0FE614F8FFDD4D02
(1675526026.523474) vcan0 070#000007F84CE20F00
(1675526026.523491) vcan0 075#0000000000005458
(1675526026.523568) vcan0 080#35508000C2002C00
(1675526026.523646) vcan0 0B0#528313A3E0C152A3
(1675526026.523725) vcan0 145#F962D980FC4810A1
(1675526026.523875) vcan0 008#D580801397800080
(1675526026.523954) vcan0 010#008800002FB031F8
(1675526026.524039) vcan0 1D0#0000000000000061
(1675526026.525487) vcan0 291#0000000000000000
(1675526026.525564) vcan0 1B0#00C0000003B000FC
(1675526026.525641) vcan0 1B5#FF8479F867E0FFEF
(1675526026.525720) vcan0 1D8#363339343234E043
(1675526026.525870) vcan0 125#E52781E5C1D0D735
(1675526026.532794) vcan0 1E0#0010B30300B917E0
(1675526026.532873) vcan0 288#97E150AF00000080
(1675526026.532951) vcan0 072#F000FF3F00788038
(1675526026.533028) vcan0 3B0#00D833383CBCC400
(1675526026.533106) vcan0 290#0000000000000000
(1675526026.533183) vcan0 260#D0FF0055497487B0
(1675526026.533262) vcan0 008#D880900F88800080
(1675526026.533338) vcan0 0F5#17A0EE9F7F43F251
(1675526026.535220) vcan0 010#008800002FB031F8
(1675526026.535299) vcan0 120#53A005A07F295689
(1675526026.535405) vcan0 130#87FF1D1F20B40A12
(1675526026.535483) vcan0 150#0220840860F8D1C0
(1675526026.535561) vcan0 330#CE00000000000000
(1675526026.543657) vcan0 210#15E08020A869C54D
(1675526026.543734) vcan0 0E0#627374D000802700
(1675526026.543813) vcan0 055#F6F71328B2AE9C80
(1675526026.543963) vcan0 065#10E614F801DE4C02
(1675526026.544040) vcan0 070#000007F84CE20F00
(1675526026.544116) vcan0 075#0000000000005458
(1675526026.544195) vcan0 080#35508000C2002C00
(1675526026.544274) vcan0 0B0#528313A3E0C152A3
(1675526026.544351) vcan0 145#F952DA80FC4810A1
(1675526026.544501) vcan0 28C#000000000018FEA7
(1675526026.544579) vcan0 2B5#4BDE276293A67A62
(1675526026.544655) vcan0 340#9100000000000000
(1675526026.544734) vcan0 008#D880A00681800080
(1675526026.544891) vcan0 370#071FC000671BC71F
(1675526026.544968) vcan0 010#008800002FB031F8
(1675526026.549731) vcan0 072#F000FF3F0078A038
(1675526026.549810) vcan0 1D0#0000000000000861
(1675526026.549960) vcan0 1B0#00C0000002B000FC
(1675526026.550038) vcan0 1B5#FF998E0272E0FFEF
(1675526026.550117) vcan0 1D8#363339343234E043
(1675526026.550193) vcan0 125#E52A81E5C1D0D735
(1675526026.550272) vcan0 1E0#0014A34300B917E0
(1675526026.550349) vcan0 2C3#468700FFFF585450
(1675526026.550428) vcan0 350#A200000000000080
(1675526026.550577) vcan0 288#8FE1609F00000080
(1675526026.550655) vcan0 008#DA80B01164800080
(1675526026.553254) vcan0 010#008800002FB031F8
(1675526026.553330) vcan0 291#0000000000000000
(1675526026.553409) vcan0 2A9#8C26008AC0000084
(1675526026.555877) vcan0 0F5#14A0F79F7F47E254
(1675526026.555954) vcan0 120#66A014A07F2A5689
(1675526026.556033) vcan0 130#8FFF1D1F20A40A12
(1675526026.556111) vcan0 150#0520821862F8BEC0
(1675526026.556260) vcan0 3C8#4687008E882C008E
(1675526026.556339) vcan0 072#F000FF3F00788038
(1675526026.564458) vcan0 055#F6F71328B2AE9C80
(1675526026.564536) vcan0 065#0FE614F800DE4C02
(1675526026.564615) vcan0 070#000007F84BE20F00
(1675526026.564765) vcan0 075#0000000000005458
(1675526026.564842) vcan0 080#34508000C2002C00
(1675526026.564921) vcan0 0B0#528313A3E0C152A3
(1675526026.565065) vcan0 0E0#62737AD800800100
(1675526026.565074) vcan0 145#F942DB80FC4810A1
(1675526026.565227) vcan0 260#D0FF0055497487B0
(1675526026.565304) vcan0 290#0000000000000000
(1675526026.565393) vcan0 2C0#468700000000A0F1
(1675526026.565471) vcan0 008#DA80C0085D800080
(1675526026.565548) vcan0 2C5#25E781E311E60070
(1675526026.565698) vcan0 010#008800002FB031F8
(1675526026.565777) vcan0 1D0#0000000000000061
(1675526026.565853) vcan0 210#15E080A0A869C54D
(1675526026.566004) vcan0 1B0#00C0000002B000FC
(1675526026.566081) vcan0 1B5#FFADA20D7CE0FFEF
(1675526026.566159) vcan0 125#E52A81E5C1D0D735
(1675526026.566237) vcan0 1D8#363339343234E043
(1675526026.566314) vcan0 1E0#0018934300B917E0
(1675526026.569568) vcan0 008#DA80D0064F800080
(1675526026.569647) vcan0 010#008800002FB031F9
(1675526026.575629) vcan0 072#F000FF3F0078A038
(1675526026.575707) vcan0 400#0102A20101026101
(1675526026.575785) vcan0 405#D5072E9D45186701
(1675526026.575873) vcan0 0F5#24A0EE9F7F4BD256
(1675526026.575950) vcan0 120#40A014A07F335689
(1675526026.576100) vcan0 130#97FF1D1F20940A12
(1675526026.576178) vcan0 150#0920812864F8AAC0
(1675526026.576256) vcan0 288#87E1609F00000080
(1675526026.579146) vcan0 0E0#627377E00080E400
(1675526026.579223) vcan0 055#F6F71328B2AE9C80
(1675526026.584156) vcan0 065#0EE613F8FFDD4B02
(1675526026.584308) vcan0 070#000007F84BE20F00
(1675526026.584385) vcan0 075#0000000000005458
(1675526026.584463) vcan0 080#34508000C2002C00
(1675526026.584540) vcan0 0B0#528313A3E0C152A3
(1675526026.584618) vcan0 145#F932DC80FC4810A1
(1675526026.584768) vcan0 28C#000000000018FEA7
(1675526026.584844) vcan0 2B5#4BDF276293A67A60
(1675526026.584922) vcan0 008#DA80E00540800080
(1675526026.585010) vcan0 010#008800002FB031F8
(1675526026.585087) vcan0 1D0#0000000000000261
(1675526026.585238) vcan0 291#0000000000000000
(1675526026.585316) vcan0 1B0#00C0000003B000FC
(1675526026.585394) vcan0 1B5#FFC2B71786E0FFEF
(1675526026.585471) vcan0 125#E52A81E5C1D0D735
(1675526026.588867) vcan0 1D8#363339343234E043
(1675526026.588944) vcan0 1E0#0018930300B917E0
(1675526026.589093) vcan0 2C3#468700FFFF595450
(1675526026.589172) vcan0 072#F000FF3F00788038
(1675526026.589249) vcan0 210#15E080A0A869C545
(1675526026.589326) vcan0 290#0000000000000000
(1675526026.591353) vcan0 260#D0FF00AA497487B0
(1675526026.591432) vcan0 008#DA80F0F540800080
(1675526026.601288) vcan0 010#008800002FB031F8
(1675526026.601440) vcan0 2A9#8C260093C0000084
(1675526026.601533) vcan0 0F5#08A0F59F7F4FC259
(1675526026.601612) vcan0 120#39A017A07F2B5689
(1675526026.601689) vcan0 130#9FFF1D1F20840412
(1675526026.601768) vcan0 150#FE1F813866F8A6C0
(1675526026.601846) vcan0 360#4B8700A8BD64A041
(1675526026.601994) vcan0 0E0#62736EE80080CD00
(1675526026.602073) vcan0 055#F6F71328B2AE9C80
(1675526026.602151) vcan0 065#10E613F800DE4B02
(1675526026.602228) vcan0 070#000007F84AE20F00
(1675526026.602378) vcan0 075#0000000000005458
(1675526026.602456) vcan0 080#34508000C2002C00
(1675526026.602534) vcan0 0B0#528313A3E0C152A3
(1675526026.602610) vcan0 145#F922DD80FC4810A1
(1675526026.602761) vcan0 288#A3E1609F00000080
(1675526026.602839) vcan0 008#DA8000F332800080
(1675526026.605369) vcan0 010#008800002FB031F8
(1675526026.605456) vcan0 072#F000FF3F0078A038
(1675526026.605534) vcan0 1D0#0000000000000061
(1675526026.605684) vcan0 1B0#00C0000005B000FC
(1675526026.605763) vcan0 1B5#FFD7CC2291E0FFEF
(1675526026.605840) vcan0 1D8#363339343234E043
(1675526026.605917) vcan0 125#E52A81E5C1D0D735
(1675526026.605995) vcan0 1E0#001C834300B917E0
(1675526026.606145) vcan0 390#80FF050002125B4F
(1675526026.607882) vcan0 008#DA8010E332800080
(1675526026.613810) vcan0 010#008800002FB031F8
(1675526026.613888) vcan0 210#15E080A0A869C54D
(1675526026.613966) vcan0 291#0000000000000000
(1675526026.614045) vcan0 330#CE00000000000000
(1675526026.614121) vcan0 0F5#14A0F19F7F53B25C
(1675526026.619902) vcan0 120#55A0FF9F7F235689
(1675526026.619980) vcan0 130#A7011E1F2074FF11
(1675526026.620140) vcan0 150#0220884868F891C0
(1675526026.620219) vcan0 3CA#00000000D30000C8
(1675526026.620298) vcan0 3D0#8C0F6100661780C3
(1675526026.620376) vcan0 072#F000FF3F00788038
(1675526026.620452) vcan0 0E0#62736CF00080AF00
(1675526026.620602) vcan0 055#F6F71328B2AE9C80
(1675526026.620680) vcan0 065#10E613F802DE4A02
(1675526026.620757) vcan0 070#000007F84AE20F00
(1675526026.623862) vcan0 075#0000000000005458
(1675526026.624011) vcan0 080#34508000C2002C00
(1675526026.624089) vcan0 0B0#528313A3E0C152A3
(1675526026.624165) vcan0 145#F912DE80FC4810A1
(1675526026.624243) vcan0 260#D0FF00AA497487B0
(1675526026.624320) vcan0 28C#000000000018FEA7
(1675526026.624471) vcan0 290#0000000000000000
(1675526026.624549) vcan0 008#DA8020E91C800080
(1675526026.624636) vcan0 2B5#4BDF276293A67A60
(1675526026.624714) vcan0 2C0#468700000000A0F1
(1675526026.624791) vcan0 2C5#24E781E311E60070
(1675526026.624941) vcan0 340#9100000000000000
(1675526026.625018) vcan0 3AF#0000000000000020
(1675526026.625096) vcan0 010#008800002FB031F8
(1675526026.625245) vcan0 1D0#0000000000000861
(1675526026.627916) vcan0 1B0#00C0000003B000FC
(1675526026.627994) vcan0 1B5#FFECE02C9BE0FFEF
(1675526026.628073) vcan0 125#E52D81E5C1D0D735
(1675526026.628149) vcan0 1D8#363339343234E043
(1675526026.628226) vcan0 1E0#0020734300B917E0
(1675526026.628377) vcan0 288#A7E1609F00000080
(1675526026.628454) vcan0 2C3#468700FFFF595450
(1675526026.628531) vcan0 008#DC8030D71C800080
(1675526026.630415) vcan0 0F5#17A0F19F7F57A25E
(1675526026.637789) vcan0 010#008800002FB031F8
(1675526026.637867) vcan0 072#F000FF3F0078A038
(1675526026.637943) vcan0 120#55A014A07F2C5689
(1675526026.638022) vcan0 130#AFFF1D1F2064FF11
(1675526026.638099) vcan0 150#0420895869F87FC0
(1675526026.638249) vcan0 2A9#8C26008AC0000084
(1675526026.638326) vcan0 210#15E080A0A869C545
(1675526026.638403) vcan0 350#A200000000000080
(1675526026.644037) vcan0 055#F6F71328B2AE9C80
(1675526026.644115) vcan0 065#0FE613F800DE4A02
(1675526026.644191) vcan0 070#000007F84AE20F00
(1675526026.644270) vcan0 075#0000000000005458
(1675526026.644348) vcan0 080#34508000C2002C00
(1675526026.644498) vcan0 0B0#528313A3E0C152A3
(1675526026.644577) vcan0 0E0#627371F800808A00
(1675526026.644656) vcan0 145#F902DF80FC4810A1
(1675526026.644741) vcan0 370#071FC000671BC71F
(1675526026.644820) vcan0 008#DC8040D50E800080
(1675526026.644969) vcan0 010#008800002FB031F8
(1675526026.645047) vcan0 1D0#0000000000000061
(1675526026.647719) vcan0 291#0000000000000000
(1675526026.647797) vcan0 1B0#00C0000001B000FC
(1675526026.647875) vcan0 1B5#FF01F536A5E0FFEF
(1675526026.647953) vcan0 125#E52A81E5C1D0D735
(1675526026.648102) vcan0 1D8#363339343234E043
(1675526026.648254) vcan0 1E0#0020730300B917E0
(1675526026.648259) vcan0 072#F000FF3F00788038
(1675526026.648336) vcan0 3B0#00D833383CBCC400
(1675526026.654904) vcan0 290#0000000000000000
(1675526026.654982) vcan0 288#9FE1708F00000080
(1675526026.655134) vcan0 260#D0FF00AA497487B0
(1675526026.655212) vcan0 008#DC8050C50E800080
(1675526026.655299) vcan0 010#008800002FB031F9
(1675526026.655376) vcan0 0F5#2DA0F19F7F5B9261
(1675526026.655454) vcan0 120#5BA014A07F295689
(1675526026.655533) vcan0 130#B7FF1D1F2054FF11
(1675526026.655609) vcan0 150#0F2086686BF864C0
(1675526026.657347) vcan0 0E0#62736DC000806E00
(1675526026.664673) vcan0 055#F6F71328B2AE9C80
(1675526026.664751) vcan0 065#0FE613F800DE4A02
(1675526026.664888) vcan0 070#000007F84AE20F00
(1675526026.664907) vcan0 075#0000000000005458
(1675526026.664983) vcan0 080#34508000C2002C00
(1675526026.665061) vcan0 0B0#528313A3E0C152A3
(1675526026.665211) vcan0 145#F9F2D080FC4810A1
(1675526026.665289) vcan0 28C#000000000018FEA7
(1675526026.665367) vcan0 2B5#4BDF276293A67A5F
(1675526026.665444) vcan0 008#DC8060C300800080
(1675526026.665533) vcan0 010#008800002FB031F8
(1675526026.665684) vcan0 072#F000FF3F0078A038
(1675526026.665759) vcan0 1D0#0000000000000261
(1675526026.665838) vcan0 210#15E080A0A869C545
(1675526026.665989) vcan0 1B0#00C0000004B000FC
(1675526026.666138) vcan0 1B5#FF160A41B0E0FFEF
(1675526026.666217) vcan0 125#E52A81E5C1D0D735
(1675526026.666295) vcan0 1D8#363339343234E043
(1675526026.666372) vcan0 1E0#0024634300B917E0
(1675526026.666449) vcan0 2C3#468700FFFF5A5450
(1675526026.670936) vcan0 008#DC8070B300800080
(1675526026.671013) vcan0 010#008800002FB031F8
(1675526026.671091) vcan0 291#0000000000000000
(1675526026.674490) vcan0 2A9#8C260082C0000084
(1675526026.674567) vcan0 0F5#19A0F49F7F5F8263
(1675526026.674646) vcan0 120#50A00BA07F285689
(1675526026.674742) vcan0 130#BFFF1D212042FF11
(1675526026.674820) vcan0 150#062086786CF85DC0
(1675526026.679228) vcan0 288#9FE1708F00000080
(1675526026.679306) vcan0 3C8#4687008E882C008E
(1675526026.679458) vcan0 072#F000FF3F00788038
(1675526026.679536) vcan0 0E0#62736CC800804F00
(1675526026.679615) vcan0 055#F6F71328B2AC9C80
(1675526026.684376) vcan0 065#12E613F800DE4A02
(1675526026.684454) vcan0 070#000007F84AE20F00
(1675526026.684532) vcan0 075#0000000000005458
(1675526026.684609) vcan0 080#33508000C2002C00
(1675526026.684759) vcan0 0B0#528313A3E0C152A3
(1675526026.684836) vcan0 145#F9E2D180FC4810A1
(1675526026.684914) vcan0 260#D0FF0055497487B0
(1675526026.684993) vcan0 290#0000000000000000
(1675526026.685070) vcan0 2C0#468700000000A0F1
(1675526026.685167) vcan0 008#DC8080A300800080
(1675526026.685245) vcan0 2C5#24E781E30FE60070
(1675526026.685393) vcan0 010#008800002FB031F8
(1675526026.685471) vcan0 1D0#0000000000000061
(1675526026.685548) vcan0 1B0#00C0000003B000FC
(1675526026.685698) vcan0 1B5#FF2B1F4BBAE0FFEF
(1675526026.686857) vcan0 125#E52A81E5C1D0D735
(1675526026.686935) vcan0 1D8#363339343234E043
(1675526026.687012) vcan0 1E0#0028534300B917E0
(1675526026.687091) vcan0 210#15E08020A869C54D
(1675526026.690486) vcan0 008#DC80909300800080
(1675526026.690565) vcan0 010#008800002FB031F8
(1675526026.695471) vcan0 072#F000FF3F0078A038
(1675526026.695550) vcan0 330#CE00000000000000
(1675526026.695627) vcan0 0F5#21A006A07F637266
(1675526026.695706) vcan0 120#58A017A07F2C5689
(1675526026.695794) vcan0 130#C7FF1D212032FF11
(1675526026.695872) vcan0 150#142086886DF83FC0
(1675526026.696022) vcan0 360#4B8700A8BD64A041
(1675526026.701870) vcan0 0E0#62736BD000803000
(1675526026.701947) vcan0 055#F6F71328B2AE9C80
(1675526026.702026) vcan0 065#11E613F802DE4A02
(1675526026.702104) vcan0 070#000007F849E20F00
(1675526026.702252) vcan0 075#0000000000005458
(1675526026.702330) vcan0 080#33508000C2002C00
(1675526026.702408) vcan0 0B0#528313A3E0C152A3
(1675526026.702487) vcan0 145#F9D2D280FC4810A1
(1675526026.702563) vcan0 288#ABE1708F00000080
(1675526026.702713) vcan0 28C#000000000018FEA7
(1675526026.702791) vcan0 2B5#4BDF276293A67A5F
(1675526026.702870) vcan0 008#DC80A08300800080
(1675526026.709008) vcan0 340#9100000000000000
(1675526026.709093) vcan0 010#008800002FB031F8
(1675526026.709244) vcan0 1D0#0000000000000861
(1675526026.709323) vcan0 291#0000000000000000
(1675526026.709401) vcan0 390#80FF0500020E5C6F
(1675526026.709558) vcan0 1B0#00C0000005B000FC
(1675526026.709636) vcan0 1B5#FF403355C4E0FFEF
(1675526026.709713) vcan0 125#E52A81E5C1D0D735
(1675526026.709791) vcan0 1D8#363339343234E043
(1675526026.709868) vcan0 1E0#0028530300B917E0
(1675526026.709946) vcan0 2C3#468700FFFF5A5450
(1675526026.710095) vcan0 072#F000FF3F00788038
(1675526026.710173) vcan0 290#0000000000000000
(1675526026.710251) vcan0 260#D0FF0055497487B0
(1675526026.711485) vcan0 008#DC80B07300800080
(1675526026.715239) vcan0 010#008800002FB031F8
(1675526026.715316) vcan0 210#13E080A0A869C545
(1675526026.715403) vcan0 2A9#8C26009BC0000084
(1675526026.715480) vcan0 0F5#17A0F19F7F676269
(1675526026.715558) vcan0 120#69A010A07F2B5689
(1675526026.715635) vcan0 130#CFFF1D212022FF11
(1675526026.715714) vcan0 150#04208A986EF83FC0
(1675526026.721134) vcan0 0E0#62736AD800801100
(1675526026.721276) vcan0 055#F6F71328B2AE9C80
(1675526026.721355) vcan0 065#10E613F8FFDD4A02
(1675526026.721431) vcan0 070#000007F84AE20F00
(1675526026.721509) vcan0 075#0000000000005458
(1675526026.721587) vcan0 080#33508000C2002C00
(1675526026.721736) vcan0 0B0#528313A3E0C152A3
(1675526026.721814) vcan0 145#F9C2D380FC4810A1
(1675526026.724851) vcan0 008#DC80C06300800080
(1675526026.724929) vcan0 010#008800002FB031F8
(1675526026.725007) vcan0 072#F000FF3F0078A038
(1675526026.725093) vcan0 1D0#0000000000000061
(1675526026.725243) vcan0 1B0#00C0000004B000FC
(1675526026.725322) vcan0 1B5#FF554860CFE0FFEF
(1675526026.725399) vcan0 125#E52A81E5C1D0D735
(1675526026.725477) vcan0 1D8#363339343234E043
(1675526026.725553) vcan0 1E0#002C434300B917E0
(1675526026.725703) vcan0 288#9FE1708F00000080
(1675526026.729824) vcan0 350#A200000000000080
(1675526026.729903) vcan0 008#DC80D05300800080
(1675526026.735532) vcan0 0F5#24A0EE9F7F6B526B
(1675526026.735609) vcan0 010#008800002FB031F9
(1675526026.735759) vcan0 120#53A017A07F2B5689
(1675526026.735837) vcan0 130#D7FF1D212012FF11
(1675526026.735915) vcan0 150#092086A86FF82AC0
(1675526026.739021) vcan0 291#0000000000000000
(1675526026.739171) vcan0 3CA#00000000D40000C8
(1675526026.739260) vcan0 072#F000FF3F00788038
(1675526026.739338) vcan0 210#13E080A0A869C54D
(1675526026.743022) vcan0 0E0#627367E00080F400
(1675526026.743099) vcan0 055#F6F71328B2AC9C80
(1675526026.743178) vcan0 065#10E613F800DE4902
(1675526026.743256) vcan0 070#000007F849E20F00
(1675526026.743333) vcan0 075#0000000000005458
(1675526026.743482) vcan0 080#33508000C2002C00
(1675526026.743561) vcan0 0B0#528313A3E0C152A3
(1675526026.743637) vcan0 145#F9B2D480FC4810A1
(1675526026.743715) vcan0 260#D0FF0055497487B0
(1675526026.743793) vcan0 28C#000000000018FEA7
(1675526026.743942) vcan0 290#0000000000000000
(1675526026.744021) vcan0 008#DC80E04300800080
(1675526026.744097) vcan0 2B5#4BE0276293A67A5F
(1675526026.744176) vcan0 2C0#468700000000A0F1
(1675526026.744335) vcan0 2C5#24E781E310E60070
(1675526026.747007) vcan0 370#071FC000671BC71F
(1675526026.747084) vcan0 3AF#0000000000000020
(1675526026.747161) vcan0 010#008800002FB031F8
(1675526026.747239) vcan0 1D0#0000000000000261
(1675526026.747316) vcan0 3E0#000000D92E808092
(1675526026.747467) vcan0 1B0#00C0000002B000FC
(1675526026.747545) vcan0 1B5#FF6A5D6AD9E0FFEF
(1675526026.747622) vcan0 125#E52A81E5C1D0D735
(1675526026.747700) vcan0 1D8#363339343234E043
(1675526026.747777) vcan0 1E0#0030334300B917E0
(1675526026.747927) vcan0 2C3#468700FFFF5B5450
(1675526026.748076) vcan0 288#B4E1807F00000080
(1675526026.749458) vcan0 008#DC80F03300800080
(1675526026.754223) vcan0 010#008800002FB031F8
(1675526026.754300) vcan0 072#F000FF3F0078A038
(1675526026.754385) vcan0 2A9#8C260082C0000084
(1675526026.754464) vcan0 0F5#21A0EE9F7F6F426E
(1675526026.754542) vcan0 120#47A014A07F2A5689
(1675526026.754692) vcan0 130#DFFF1D212002FF11
(1675526026.754769) vcan0 150#08208AB86FF81BC0
(1675526026.760339) vcan0 0E0#627367E80080D400
(1675526026.760418) vcan0 055#F6F71328B2AC9C80
(1675526026.760496) vcan0 065#13E613F800DE4902
(1675526026.760574) vcan0 070#000007F849E20F00
(1675526026.760724) vcan0 075#0000000000005458
(1675526026.760801) vcan0 080#33508000C2002C00
(1675526026.767442) vcan0 0B0#528313A3E0C152A3
(1675526026.767592) vcan0 145#F9A2D580FC4810A1
(1675526026.767670) vcan0 008#DC80002300800080
(1675526026.767749) vcan0 010#008800002FB031F8
(1675526026.767825) vcan0 1D0#0000000000000061
(1675526026.767913) vcan0 210#13E080A0A869C54D
(1675526026.767991) vcan0 291#0000000000000000
(1675526026.768141) vcan0 1B0#00C0000005B000FC
(1675526026.768220) vcan0 1B5#FF7E7275E3E0FFEF
(1675526026.768296) vcan0 125#E52A81E5C1D0D735
(1675526026.768374) vcan0 1D8#363339343234E043
(1675526026.768452) vcan0 1E0#0030330300B917E0
(1675526026.768602) vcan0 072#F000FF3F00788038
(1675526026.768680) vcan0 3B0#00D8333C3CBCC600
(1675526026.769990) vcan0 290#0000000000000000
(1675526026.770068) vcan0 260#D0FF0055497487B0
(1675526026.774761) vcan0 008#DC80101300800080
(1675526026.774839) vcan0 010#008800002FB031F8
(1675526026.774914) vcan0 330#CE00000000000000
(1675526026.774994) vcan0 0F5#17A0F59F7F733270
(1675526026.775072) vcan0 120#4BA017A07F305689
(1675526026.775160) vcan0 130#E7FF1D2120F2FF11
(1675526026.775311) vcan0 150#06208CC870F80DC0
(1675526026.775389) vcan0 288#B0E1807F00000080
(1675526026.780800) vcan0 0E0#62736AF00080B100
(1675526026.780879) vcan0 055#F6F71328B2AC9C80
(1675526026.781028) vcan0 065#12E613F802DE4902
(1675526026.781106) vcan0 070#000007F849E20F00
(1675526026.781183) vcan0 075#0000000000005458
(1675526026.781261) vcan0 080#33508000C2002C00
(1675526026.784728) vcan0 0B0#528313A3E0C152A3
(1675526026.784804) vcan0 145#F992D680FC4810A1
(1675526026.784882) vcan0 28C#000000000018FEA7
(1675526026.784959) vcan0 2B5#4BE0276293A67A5F
(1675526026.785109) vcan0 340#9100000000000000
(1675526026.785187) vcan0 008#DC80200300800080
(1675526026.785264) vcan0 010#008800002FB031F8
(1675526026.785349) vcan0 072#F000FF3F0078A038
(1675526026.785427) vcan0 1D0#0000000000000861
(1675526026.785506) vcan0 1B0#00C0000004B000FC
(1675526026.785584) vcan0 1B5#FF93867FEEE0FFEF
(1675526026.785733) vcan0 1D8#363339343234E043
(1675526026.785812) vcan0 125#E52A81E5C1D0D735
(1675526026.785889) vcan0 1E0#0034234300B917E0
(1675526026.785967) vcan0 2C3#468700FFFF5B5450
(1675526026.787195) vcan0 210#13E080A0A869C545
(1675526026.791820) vcan0 008#DC8030F300800080
(1675526026.791971) vcan0 010#008800002FB031F8
(1675526026.792048) vcan0 291#0000000000000000
(1675526026.800128) vcan0 2A9#8C26009BC0000084
(1675526026.800278) vcan0 0F5#1BA0EB9F7F772273
(1675526026.800357) vcan0 120#69A01BA07F2C5689
(1675526026.800437) vcan0 130#EFFF1D2120E2FF11
(1675526026.800529) vcan0 150#03208CD870F800C0
(1675526026.800607) vcan0 3C8#4687008E882C008E
(1675526026.800685) vcan0 072#F000FF3F00788038
(1675526026.800834) vcan0 360#4B8700A8BD64A041
(1675526026.800913) vcan0 0E0#62736CF800808F00
(1675526026.800991) vcan0 288#B4E1807F00000080
(1675526026.801068) vcan0 055#F6F71328B2AC9C80
(1675526026.804104) vcan0 065#10E613F8FFDD4902
(1675526026.804182) vcan0 070#000007F849E20F00
(1675526026.804332) vcan0 075#0000000000005458
(1675526026.804411) vcan0 080#33508000C2002C00
(1675526026.804488) vcan0 0B0#528313A3E0C152A3
(1675526026.804566) vcan0 145#F982D780FC4810A1
(1675526026.804643) vcan0 260#D0FF00AA497487B0
(1675526026.804794) vcan0 008#DC8040E300800080
(1675526026.804872) vcan0 290#0000000000000000
(1675526026.804958) vcan0 2C0#468700000000A0F1
(1675526026.805035) vcan0 2C5#23E781E313E60070
(1675526026.805113) vcan0 010#008800002FB031F9
(1675526026.805192) vcan0 1D0#0000000000000261
(1675526026.805341) vcan0 390#80FF0500020A5D4F
(1675526026.805562) vcan0 1B0#00C0000001B000FC
(1675526026.805641) vcan0 1B5#FFA89B89F8E0FFEF
(1675526026.805791) vcan0 125#E52A81E5C1D0D735
(1675526026.805868) vcan0 1D8#363339343234E043
(1675526026.805946) vcan0 1E0#0038134300B917E0
(1675526026.808114) vcan0 008#DC8050D300800080
(1675526026.814323) vcan0 010#008800002FB031F8
(1675526026.814401) vcan0 072#F000FF3F0078A038
(1675526026.814478) vcan0 210#13E080A0A869C54D
(1675526026.814628) vcan0 3D0#8C0F6100661780C3
(1675526026.814633) vcan0 0F5#17A0E49F7F7B1276
(1675526026.814735) vcan0 120#69A009A07F2E5689
(1675526026.814813) vcan0 130#F7FF1D2120D2FF11
(1675526026.814890) vcan0 150#FD1F8DE870F8F7C0
(1675526026.816701) vcan0 350#A200000000000080
(1675526026.824026) vcan0 0E0#62736BC000807000
(1675526026.824106) vcan0 055#F6F71328B2AC9C80
(1675526026.824185) vcan0 065#10E613F8FFDD4902
(1675526026.824262) vcan0 070#000007F849E20F00
(1675526026.824412) vcan0 075#0000000000005458
(1675526026.824491) vcan0 080#33508000C2002C00
(1675526026.824568) vcan0 0B0#528313A3E0C152A3
(1675526026.824645) vcan0 145#F972D880FC4810A1
(1675526026.824722) vcan0 28C#000000000018FEA7
(1675526026.824874) vcan0 2B5#4BE0276293A67B5E
(1675526026.824951) vcan0 008#DC8060C300800080
(1675526026.825028) vcan0 010#008800002FB031F8
(1675526026.825116) vcan0 1D0#0000000000000061
(1675526026.825267) vcan0 291#0000000000000000
(1675526026.825344) vcan0 400#020B011601010102
(1675526026.825495) vcan0 405#4B87003C002E3502
(1675526026.825573) vcan0 1B0#00C0000001B000FC
(1675526026.825721) vcan0 1B5#FFBDB09402E0FFEF
(1675526026.825799) vcan0 125#E52A81E5C1D0D735
(1675526026.825877) vcan0 1D8#363339343234E043
(1675526026.825955) vcan0 1E0#0038130300B917E0
(1675526026.826033) vcan0 288#ABE1807F00000080
(1675526026.826111) vcan0 2C3#468700FFFF5C5450
(1675526026.831377) vcan0 072#F000FF3F00788038
(1675526026.831458) vcan0 290#0000000000000000
(1675526026.831532) vcan0 260#D0FF00AA497487B0
(1675526026.831610) vcan0 008#DC8070B300800080
(1675526026.836452) vcan0 010#008800002FB031F8
(1675526026.836556) vcan0 0F5#27A0DD9F7F7F0278
(1675526026.836633) vcan0 120#47A021A07F2D5689
(1675526026.836711) vcan0 130#FFFF1D2120C2FF11
(1675526026.836790) vcan0 150#02208AF870F8E1C0
(1675526026.836866) vcan0 2A9#8C260082C0000084
(1675526026.836944) vcan0 210#13E08020A869C545
(1675526026.841279) vcan0 0E0#62736BC800805000
(1675526026.841357) vcan0 055#F6F71328B2AC9C80
(1675526026.841436) vcan0 065#12E613F800DE4902
(1675526026.841512) vcan0 070#000007F849E20F00
(1675526026.841662) vcan0 075#0000000000005458
(1675526026.841740) vcan0 080#33508000C2002C00
(1675526026.841817) vcan0 0B0#528313A3E0C152A3
(1675526026.841897) vcan0 145#F962D980FC4810A1
(1675526026.841972) vcan0 370#071FC000671BC71F
(1675526026.846085) vcan0 008#DC8080A300800080
(1675526026.846174) vcan0 010#008800002FB031F8
(1675526026.846252) vcan0 072#F000FF3F0078A038
(1675526026.846402) vcan0 1D0#0000000000000061
(1675526026.846481) vcan0 1B0#00C0000004B000FC
(1675526026.846557) vcan0 1B5#FFD2C59E0DE0FFEF
(1675526026.846635) vcan0 125#E52A81E5C1D0D735
(1675526026.846712) vcan0 1D8#363339343234E043
(1675526026.846862) vcan0 1E0#003C034300B917E0
(1675526026.846939) vcan0 288#B4E1906F00000080
(1675526026.848606) vcan0 008#DC80909300800080
(1675526026.854521) vcan0 010#008800002FB031F8
(1675526026.854600) vcan0 291#0000000000000000
(1675526026.854679) vcan0 330#CE00000000000000
(1675526026.854828) vcan0 0F5#14A0F79F7F43F27B
(1675526026.854906) vcan0 120#58A002A07F295689
(1675526026.854983) vcan0 130#87FF1D2120B2FF11
(1675526026.855073) vcan0 150#05208D0870F8CEC0
(1675526026.855150) vcan0 3CA#00000000D50000C8
(1675526026.860636) vcan0 072#F000FF3F00788038
