(1675525713.322335) vcan0 2C3#528700FFFFD15450
(1675525713.323269) vcan0 010#008800002FB031F8
(1675525713.323345) vcan0 2A9#8C260082C0000084
(1675525713.325727) vcan0 055#F6F72C28B22C9D80
(1675525713.328616) vcan0 065#FEE42DF8FFDDA602
(1675525713.328691) vcan0 070#000009F8A5E20F00
(1675525713.328789) vcan0 075#0000000000005458
(1675525713.328863) vcan0 080#75508000C2002C00
(1675525713.329007) vcan0 0B0#5283F8A2DFC152A3
(1675525713.329081) vcan0 145#F902DF80FC4810A1
(1675525713.329706) vcan0 28C#000000000016FEA3
(1675525713.329780) vcan0 290#0000000000000000
(1675525713.329853) vcan0 2B5#4BD1316293A6A5CC
(1675525713.329927) vcan0 2C0#528700000000A0F1
(1675525713.330757) vcan0 2C5#3AE761E4FEE40070
(1675525713.330832) vcan0 360#578700AFB564A041
(1675525713.330905) vcan0 3AF#0000000000000020
(1675525713.331046) vcan0 0F5#3F9A449A7F772291
(1675525713.331877) vcan0 008#028094DF0E800080
(1675525713.333323) vcan0 120#7B9A449A7F015689
(1675525713.333396) vcan0 130#EF0A1E441AC50712
(1675525713.333470) vcan0 150#411A1AD814F8C8C0
(1675525713.333552) vcan0 010#008800002FB031F9
(1675525713.333695) vcan0 072#F000FF3F0078A038
(1675525713.333771) vcan0 1D0#0000000000000261
(1675525713.334482) vcan0 390#80FF051D023A514F
(1675525713.334562) vcan0 0E0#627342D000805900
(1675525713.335507) vcan0 288#5CE0C03F00000080
(1675525713.338258) vcan0 260#D0FF0055497487B0
(1675525713.339347) vcan0 125#E54080E4C1D0D735
(1675525713.340440) vcan0 1B0#00C0000002B000FC
(1675525713.341528) vcan0 008#0080A4D10E800080
(1675525713.341606) vcan0 1B5#FFEB8D1B00E0FFEF
(1675525713.341684) vcan0 1D8#363339343234E043
(1675525713.341835) vcan0 1E0#000CC34300B917E0
(1675525713.342562) vcan0 010#008800002FB031F8
(1675525713.344012) vcan0 210#2EE080A0A869D04D
(1675525713.344090) vcan0 291#0000000000000000
(1675525713.344180) vcan0 3D0#940F6100C50580C3
(1675525713.348168) vcan0 055#F6F72C28B22C9D80
(1675525713.348242) vcan0 065#F9E42DF800DEA602
(1675525713.348386) vcan0 070#000009F8A5E20F00
(1675525713.348460) vcan0 072#F000FF3F00788038
(1675525713.348535) vcan0 075#0000000000005458
(1675525713.349228) vcan0 080#75508000C2002C00
(1675525713.349303) vcan0 0B0#5283F8A2DFC152A3
(1675525713.349446) vcan0 145#F9F2D080FC4810A1
(1675525713.350413) vcan0 008#0080B4C10E800080
(1675525713.351519) vcan0 0F5#449A419A7F7B1293
(1675525713.351660) vcan0 120#749A5B9A7F065689
(1675525713.351734) vcan0 130#F70A1E441AB50712
(1675525713.352636) vcan0 150#421A1CE814F8B7C0
(1675525713.352709) vcan0 3CA#00000000400000C8
(1675525713.352784) vcan0 010#008800002FB031F8
(1675525713.353908) vcan0 1D0#0000000000000061
(1675525713.354051) vcan0 400#0101010201010119
(1675525713.355069) vcan0 0E0#627346D800803500
(1675525713.357967) vcan0 290#0000000000000000
(1675525713.359057) vcan0 125#E54080E4C1D0D735
(1675525713.360220) vcan0 288#68E0C03F00000080
(1675525713.361237) vcan0 008#0080C4B10E800080
(1675525713.361316) vcan0 1B0#00C0000001B000FC
(1675525713.361466) vcan0 1B5#FFFC9E2308E0FFEF
(1675525713.362340) vcan0 1D8#363339343234E043
(1675525713.362416) vcan0 1E0#0010B34300B917E0
(1675525713.362495) vcan0 2C3#528700FFFFD25450
(1675525713.363367) vcan0 010#008800002FB031F8
(1675525713.363443) vcan0 072#F000FF3F0078A038
(1675525713.363593) vcan0 2A9#8C26009BC0000084
(1675525713.365828) vcan0 260#D0FF00AA497487B0
(1675525713.368654) vcan0 055#F6F72C28B22C9D80
(1675525713.368728) vcan0 065#F5E42DF8FBDDA702
(1675525713.368802) vcan0 070#000009F8A5E20F00
(1675525713.368877) vcan0 075#0000000000005458
(1675525713.369019) vcan0 080#75508000C2002C00
(1675525713.369092) vcan0 0B0#5283F7A2DFC152A3
(1675525713.369167) vcan0 145#F9E2D180FC4810A1
(1675525713.369242) vcan0 210#2EE080A0A869D045
(1675525713.369728) vcan0 28C#000000000016FEA3
(1675525713.369804) vcan0 2B5#4BD1316293A6A3CE
(1675525713.369879) vcan0 340#8200000000000000
(1675525713.369952) vcan0 370#0720C000711BC71F
(1675525713.370782) vcan0 008#0080D4931C800080
(1675525713.371816) vcan0 0F5#449A349A7F7F0295
(1675525713.371961) vcan0 120#549A6B9A7F085689
(1675525713.373338) vcan0 130#FF0A1E441AA50112
(1675525713.373420) vcan0 150#3C1A1DF814F8ADC0
(1675525713.373496) vcan0 010#008800002FB031F8
(1675525713.373640) vcan0 1D0#0000000000000861
(1675525713.373712) vcan0 291#0000000000000000
(1675525713.374489) vcan0 0E0#627342E000801900
(1675525713.378328) vcan0 072#F000FF3F00788038
(1675525713.378480) vcan0 3B0#00D83F383DB4C400
(1675525713.379425) vcan0 125#E54080E4C1D0D735
(1675525713.380589) vcan0 1B0#00C0000004B000FC
(1675525713.381609) vcan0 008#0080E4831C800080
(1675525713.381760) vcan0 1B5#FF0DAF2C11E0FFEF
(1675525713.381837) vcan0 1D8#363339343234E043
(1675525713.381914) vcan0 1E0#0010B30300B917E0
(1675525713.382789) vcan0 010#008800002FB031F8
(1675525713.384094) vcan0 330#D600000000000000
(1675525713.387133) vcan0 288#54E0C03F00000080
(1675525713.387228) vcan0 055#F6F72C28B22C9D80
(1675525713.387305) vcan0 065#F7E42DF8FEDDA702
(1675525713.388178) vcan0 070#000009F8A5E20F00
(1675525713.388257) vcan0 075#0000000000005458
(1675525713.388404) vcan0 080#75508000C2002C00
(1675525713.388483) vcan0 0B0#5283F8A2DFC152A3
(1675525713.388562) vcan0 145#F9D2D280FC4810A1
(1675525713.389363) vcan0 290#0000000000000000
(1675525713.389441) vcan0 2C0#528700000000A0F1
(1675525713.389518) vcan0 2C5#3CE760E3F7E40070
(1675525713.390463) vcan0 008#0080F4810E800080
(1675525713.391551) vcan0 0F5#399A379A7F43F298
(1675525713.391629) vcan0 120#5B9A5F9A7FFF5589
(1675525713.391707) vcan0 130#870C1E4E1A8B0712
(1675525713.393160) vcan0 150#381A1D0814F8A1C0
(1675525713.393236) vcan0 010#008800002FB031F8
(1675525713.393323) vcan0 072#F000FF3F0078A038
(1675525713.393400) vcan0 1D0#0000000000000061
(1675525713.394205) vcan0 210#2EE080A0A869D04D
(1675525713.395298) vcan0 0E0#627341E80080FA00
(1675525713.397976) vcan0 260#D0FF00AA497487B0
(1675525713.399065) vcan0 125#E54080E4C1D0D735
(1675525713.400081) vcan0 1B0#00C0000003B000FC
(1675525713.401169) vcan0 008#008004710E800080
(1675525713.401247) vcan0 1B5#FF1EC03419E0FFEF
(1675525713.402263) vcan0 1D8#363339343234E043
(1675525713.402340) vcan0 1E0#0014A34300B917E0
(1675525713.403645) vcan0 2C3#528700FFFFD25450
(1675525713.403724) vcan0 010#008800002FB031F8
(1675525713.403801) vcan0 291#0000000000000000
(1675525713.403879) vcan0 2A9#8C260082C0000084
(1675525713.407712) vcan0 055#F6F72C28B22C9D80
(1675525713.407802) vcan0 065#FAE42DF801DEA802
(1675525713.407881) vcan0 070#000009F8A5E20F00
(1675525713.407959) vcan0 072#F000FF3F00788038
(1675525713.408830) vcan0 075#0000000000005458
(1675525713.408908) vcan0 080#75508000C2002C00
(1675525713.409058) vcan0 0B0#5283F8A2DFC152A3
(1675525713.409143) vcan0 145#F9C2D380FC4810A1
(1675525713.409213) vcan0 28C#000000000016FEA3
(1675525713.409942) vcan0 2B5#4BD2316293A69FCE
(1675525713.410020) vcan0 350#A200000000000080
(1675525713.410965) vcan0 288#58E0D02F00000080
(1675525713.411044) vcan0 008#008014610E800080
(1675525713.411195) vcan0 0F5#489A3E9A7F47E29A
(1675525713.412067) vcan0 120#709A509A7F075689
(1675525713.413445) vcan0 130#8F0A1E561A730D12
(1675525713.413523) vcan0 150#421A1A1814F887C0
(1675525713.413610) vcan0 010#008800002FB031F9
(1675525713.413688) vcan0 1D0#0000000000000261
(1675525713.416467) vcan0 0E0#627343F00080D800
(1675525713.417573) vcan0 290#0000000000000000
(1675525713.417713) vcan0 210#2EE080A0A869D04D
(1675525713.418683) vcan0 125#E54080E4C1D0D735
(1675525713.419788) vcan0 1B0#00C0000002B000FC
(1675525713.420962) vcan0 008#008024510E800080
(1675525713.421997) vcan0 1B5#FF2FD13D22E0FFEF
(1675525713.422072) vcan0 1D8#363339343234E043
(1675525713.422214) vcan0 1E0#0018934300B917E0
(1675525713.423181) vcan0 010#008800002FB031F8
(1675525713.424473) vcan0 072#F000FF3F0078A038
(1675525713.427510) vcan0 260#D0FF00AA497487B0
(1675525713.427589) vcan0 055#F6F72C28B22A9D80
(1675525713.427667) vcan0 065#FDE42DF803DEA802
(1675525713.427754) vcan0 070#000009F8A5E20F00
(1675525713.428557) vcan0 075#0000000000005458
(1675525713.428636) vcan0 080#75508000C2002C00
(1675525713.428714) vcan0 0B0#5283F9A2DFC152A3
(1675525713.428792) vcan0 145#F9B2D480FC4810A1
(1675525713.428942) vcan0 360#578700AFB564A041
(1675525713.429744) vcan0 008#008034410E800080
(1675525713.430759) vcan0 0F5#4D9A4F9A7F4BD29C
(1675525713.431850) vcan0 120#899A509A7F085689
(1675525713.431927) vcan0 130#970A1E5C1A5D0F12
(1675525713.432006) vcan0 150#4E1A1A2815F86BC0
(1675525713.432950) vcan0 010#008800002FB031F8
(1675525713.434400) vcan0 1D0#0000000000000061
(1675525713.434479) vcan0 291#0000000000000000
(1675525713.434558) vcan0 390#80FF051D0236526F
(1675525713.434636) vcan0 0E0#627341F80080BA00
(1675525713.437393) vcan0 288#60E0D02F00000080
(1675525713.437470) vcan0 3C8#5287008E882C008E
(1675525713.437548) vcan0 072#F000FF3F00788038
(1675525713.438422) vcan0 125#E54080E4C1D0D735
(1675525713.439581) vcan0 1B0#00C0000003B000FC
(1675525713.440672) vcan0 008#008044310E800080
(1675525713.441835) vcan0 1B5#FF40E2452AE0FFEF
(1675525713.441914) vcan0 1D8#363339343234E043
(1675525713.441991) vcan0 1E0#0018930300B917E0
(1675525713.442070) vcan0 2C3#528700FFFFD25450
(1675525713.442870) vcan0 010#008800002FB031F8
(1675525713.442947) vcan0 210#2EE080A0A869D045
(1675525713.443965) vcan0 2A9#8C26008AC0000084
(1675525713.446506) vcan0 055#F6F72C28B22A9D80
(1675525713.449327) vcan0 065#FFE42DF802DEA702
(1675525713.449406) vcan0 070#000009F8A4E20F00
(1675525713.449497) vcan0 075#0000000000005458
(1675525713.449575) vcan0 080#75508000C2002C00
(1675525713.449725) vcan0 0B0#5283FAA2DFC152A3
(1675525713.449803) vcan0 145#F9A2D580FC4810A1
(1675525713.449881) vcan0 28C#000000000016FEA3
(1675525713.449961) vcan0 290#0000000000000000
(1675525713.450037) vcan0 2B5#4BD2316293A69CCC
(1675525713.450116) vcan0 2C0#528700000000A0F1
(1675525713.450486) vcan0 2C5#3DE760E3FDE40070
(1675525713.450636) vcan0 340#8200000000000000
(1675525713.450711) vcan0 3AF#0000000000000020
(1675525713.451587) vcan0 008#008054210E800080
(1675525713.451664) vcan0 0F5#5B9A599A7F4FC29E
(1675525713.454487) vcan0 120#939A629A7F035689
(1675525713.454564) vcan0 130#9F0A1E5C1A4D0F12
(1675525713.454642) vcan0 150#5A1A1D3815F84FC0
(1675525713.454730) vcan0 010#008800002FB031F8
(1675525713.454880) vcan0 072#F000FF3F0078A038
(1675525713.454958) vcan0 1D0#0000000000000861
(1675525713.455035) vcan0 0E0#627342C000809900
(1675525713.455546) vcan0 260#D0FF0055497487B0
(1675525713.456714) vcan0 125#E54080E4C1D0D735
(1675525713.460762) vcan0 288#54E0D02F00000080
(1675525713.461781) vcan0 008#008064110E800080
(1675525713.461858) vcan0 1B0#00C0000003B000FC
(1675525713.462008) vcan0 1B5#FF51F34E33E0FFEF
(1675525713.462086) vcan0 1D8#363339343234E043
(1675525713.462165) vcan0 1E0#001C834300B917E0
(1675525713.462893) vcan0 010#008800002FB031F8
(1675525713.462971) vcan0 291#0000000000000000
(1675525713.463048) vcan0 330#D600000000000000
(1675525713.465294) vcan0 055#F6F72C28B22A9D80
(1675525713.466332) vcan0 065#01E52CF802DEA602
(1675525713.469222) vcan0 070#000009F8A4E20F00
(1675525713.469301) vcan0 075#0000000000005458
(1675525713.469451) vcan0 080#75508000C2002C00
(1675525713.469530) vcan0 0B0#5283FBA2DFC152A3
(1675525713.469607) vcan0 145#F992D680FC4810A1
(1675525713.469684) vcan0 370#0720C000711BC71F
(1675525713.469762) vcan0 072#F000FF3F0078A038
(1675525713.469841) vcan0 210#2EE080A0A869D045
(1675525713.470280) vcan0 008#0080740F00800080
(1675525713.471442) vcan0 0F5#679A5D9A7F53B2A0
(1675525713.471519) vcan0 120#659A769A7F075689
(1675525713.471670) vcan0 130#A70C1E651A341212
(1675525713.472546) vcan0 150#621A1C4815F837C0
(1675525713.472624) vcan0 3CA#00000000510000C8
(1675525713.473569) vcan0 010#008800002FB031F8
(1675525713.474961) vcan0 0E0#627342C800807900
(1675525713.475040) vcan0 1D0#0000000000000061
(1675525713.475117) vcan0 405#0000000000000027
(1675525713.477650) vcan0 290#0000000000000000
(1675525713.478811) vcan0 125#E54080E4C1D0D735
(1675525713.479903) vcan0 1B0#00C0000002B000FC
(1675525713.480993) vcan0 008#008084FF00800080
(1675525713.482157) vcan0 1B5#FF6204563BE0FFEF
(1675525713.482233) vcan0 1D8#363339343234E043
(1675525713.482383) vcan0 1E0#0020734300B917E0
(1675525713.482461) vcan0 2C3#528700FFFFD35450
(1675525713.484847) vcan0 010#008800002FB031F8
(1675525713.484925) vcan0 072#F000FF3F00788038
(1675525713.485003) vcan0 2A9#8C260093C0000084
(1675525713.486019) vcan0 288#54E0D02F00000080
(1675525713.487036) vcan0 260#D0FF0055497487B0
(1675525713.487127) vcan0 055#F6F72C28B22A9D80
(1675525713.488431) vcan0 065#FEE42CF800DEA402
(1675525713.488581) vcan0 070#000009F8A4E20F00
(1675525713.488660) vcan0 075#0000000000005458
(1675525713.488736) vcan0 080#75508000C2002C00
(1675525713.488815) vcan0 0B0#5283FCA2DFC152A3
(1675525713.488894) vcan0 145#F982D780FC4810A1
(1675525713.489626) vcan0 28C#000000000016FEA3
(1675525713.489704) vcan0 2B5#4BD3316293A69ACA
(1675525713.490724) vcan0 008#008094EF00800080
(1675525713.491812) vcan0 0F5#599A5D9A7F57A2A2
(1675525713.496079) vcan0 120#659A739A7F075689
(1675525713.496157) vcan0 130#AF0C1E651A240F12
(1675525713.496234) vcan0 150#5B1A175815F82EC0
(1675525713.496312) vcan0 010#008800002FB031F9
(1675525713.496389) vcan0 1D0#0000000000000261
(1675525713.496479) vcan0 210#2EE08020A869D04D
(1675525713.496630) vcan0 291#0000000000000000
(1675525713.496707) vcan0 0E0#627341D000805A00
(1675525713.497220) vcan0 072#F000FF3F00788038
(1675525713.498309) vcan0 3B0#00D83F3C3DB0C600
(1675525713.499328) vcan0 350#A200000000000080
(1675525713.499404) vcan0 125#E54080E4C1D0D735
(1675525713.500421) vcan0 1B0#00C0000003B000FC
(1675525713.501438) vcan0 008#0080A4DF00800080
(1675525713.501516) vcan0 1B5#FF73165F44E0FFEF
(1675525713.501665) vcan0 1D8#363339343234E043
(1675525713.502612) vcan0 1E0#0020730300B917E0
(1675525713.503987) vcan0 010#008800002FB031F8
(1675525713.506952) vcan0 055#F6F72C28B22A9D80
(1675525713.508116) vcan0 065#FBE42CF8FDDDA402
(1675525713.508194) vcan0 070#000009F8A4E20F00
(1675525713.508282) vcan0 075#0000000000005458
(1675525713.508360) vcan0 080#75508000C2002C00
(1675525713.509161) vcan0 0B0#5283FBA2DFC152A3
(1675525713.509239) vcan0 145#F972D880FC4810A1
(1675525713.509318) vcan0 290#0000000000000000
(1675525713.509395) vcan0 2C0#528700000000A0F1
(1675525713.509545) vcan0 2C5#3EE760E3FBE40070
(1675525713.510201) vcan0 288#60E0E01F00000080
(1675525713.511363) vcan0 008#0080B4CF00800080
(1675525713.511442) vcan0 0F5#569A529A7F5B92A4
(1675525713.511591) vcan0 120#819A769A7F075689
(1675525713.512464) vcan0 130#B70C1E651A140A12
(1675525713.513841) vcan0 150#541A196815F825C0
(1675525713.513919) vcan0 010#008800002FB031F8
(1675525713.513996) vcan0 072#F000FF3F0078A038
(1675525713.514178) vcan0 1D0#0000000000000061
(1675525713.514990) vcan0 0E0#627348D800803300
(1675525713.517809) vcan0 260#D0FF0055497487B0
(1675525713.517888) vcan0 210#2EE080A0A869D045
(1675525713.518978) vcan0 125#E54380E4C1D0D735
(1675525713.520071) vcan0 1B0#00C0000002B000FC
(1675525713.521159) vcan0 008#0280C02F0E800080
(1675525713.521310) vcan0 1B5#FF8427674CE0FFEF
(1675525713.522262) vcan0 1D8#363339343234E043
(1675525713.522344) vcan0 1E0#0024634300B917E0
(1675525713.522423) vcan0 2C3#528700FFFFD35450
(1675525713.523440) vcan0 010#008800002FB031F8
(1675525713.523518) vcan0 291#0000000000000000
(1675525713.523596) vcan0 2A9#8C26008AC0000084
(1675525713.525771) vcan0 055#F6F72C28B22A9D80
(1675525713.528662) vcan0 065#FCE42CF8FFDDA402
(1675525713.528814) vcan0 070#000009F8A4E20F00
(1675525713.528902) vcan0 072#F000FF3F00788038
(1675525713.528979) vcan0 075#0000000000005458
(1675525713.529057) vcan0 080#74508000C2002C00
(1675525713.529140) vcan0 0B0#5283FBA2DFC152A3
(1675525713.529212) vcan0 145#F962D980FC4810A1
(1675525713.529869) vcan0 28C#000000000016FEA3
(1675525713.529946) vcan0 2B5#4BD3316293A698CA
(1675525713.530024) vcan0 340#8200000000000000
(1675525713.530103) vcan0 360#578700AFB164A041
(1675525713.530902) vcan0 008#0280D01F0E800080
(1675525713.531052) vcan0 0F5#599A5B9A7F5F82A7
(1675525713.531996) vcan0 120#959A749A7F055689
(1675525713.532073) vcan0 130#BF0C1E711AF80D12
(1675525713.534822) vcan0 150#5A1A1D7815F80FC0
(1675525713.534901) vcan0 010#008800002FB031F8
(1675525713.535051) vcan0 1D0#0000000000000861
(1675525713.535136) vcan0 390#80FF051D022E544F
(1675525713.535214) vcan0 0E0#62734CE000800F00
(1675525713.535869) vcan0 288#54E0E01F00000080
(1675525713.537029) vcan0 290#0000000000000000
(1675525713.538118) vcan0 125#E54380E4C1D0D735
(1675525713.539143) vcan0 1B0#00C0000004B000FC
(1675525713.540232) vcan0 008#0480E00D0E800080
(1675525713.541613) vcan0 1B5#FF96387055E0FFEF
(1675525713.541764) vcan0 1D8#363339343234E043
(1675525713.541841) vcan0 1E0#0028534300B917E0
(1675525713.544601) vcan0 010#008800002FB031F8
(1675525713.544679) vcan0 072#F000FF3F0078A038
(1675525713.544757) vcan0 210#2EE080A0A869D04D
(1675525713.544834) vcan0 330#D600000000000000
(1675525713.544913) vcan0 3D0#940F6100C50580C3
(1675525713.545714) vcan0 260#D0FF0055497487B0
(1675525713.546898) vcan0 055#F6F72C28B22A9D80
(1675525713.547918) vcan0 065#FFE42CF800DEA502
(1675525713.547995) vcan0 070#000009F8A4E20F00
(1675525713.548146) vcan0 075#0000000000005458
(1675525713.548224) vcan0 080#74508000C2002C00
(1675525713.549099) vcan0 0B0#5283FCA2DFC152A3
(1675525713.549178) vcan0 145#F952DA80FC4810A1
(1675525713.550125) vcan0 008#0480F0EF1C800080
(1675525713.551502) vcan0 0F5#609A599A7F6372A9
(1675525713.551581) vcan0 120#A39A749A7F085689
(1675525713.551659) vcan0 130#C70C1E711AE80D12
(1675525713.552533) vcan0 150#5C1A198816F8FDC0
(1675525713.555356) vcan0 010#008800002FB031F8
(1675525713.555434) vcan0 1D0#0000000000000061
(1675525713.555584) vcan0 291#0000000000000000
(1675525713.555665) vcan0 0E0#62734DE80080EE00
(1675525713.556548) vcan0 3C8#5287008E882C008E
(1675525713.557566) vcan0 072#F000FF3F00788038
(1675525713.558655) vcan0 125#E54680E4C1D0D735
(1675525713.559816) vcan0 288#68E0E01F00000080
(1675525713.560831) vcan0 008#068000C732800080
(1675525713.561924) vcan0 1B0#00C0000001B000FC
(1675525713.562000) vcan0 1B5#FFA749785DE0FFEF
(1675525713.563232) vcan0 1D8#363339343234E043
(1675525713.563311) vcan0 1E0#0028530300B917E0
(1675525713.563388) vcan0 2C3#528700FFFFD35450
(1675525713.563537) vcan0 010#008800002FB031F8
(1675525713.563615) vcan0 2A9#8C260093C0000084
(1675525713.567309) vcan0 055#F6F72C28B22A9D80
(1675525713.567387) vcan0 065#04E52CF803DEA502
(1675525713.567462) vcan0 070#000009F8A4E20F00
(1675525713.568336) vcan0 075#0000000000005458
(1675525713.568425) vcan0 080#74508000C2002C00
(1675525713.568501) vcan0 0B0#5283FDA2DFC152A3
(1675525713.568651) vcan0 145#F942DB80FC4810A1
(1675525713.569453) vcan0 210#2EE080A0A869D045
(1675525713.569530) vcan0 28C#000000000016FEA3
(1675525713.569608) vcan0 290#0000000000000000
(1675525713.569686) vcan0 2B5#4BD3316293A695CA
(1675525713.569763) vcan0 2C0#528700000000A0F1
(1675525713.570564) vcan0 2C5#3EE761E3FEE40070
(1675525713.570643) vcan0 370#0720C000711BC71F
(1675525713.570792) vcan0 3AF#0000000000000020
(1675525713.573400) vcan0 3E0#000000D92F808092
(1675525713.573477) vcan0 008#068010B732800080
(1675525713.573555) vcan0 0F5#719A6E9A7F6762AB
(1675525713.573634) vcan0 120#899A879A7F055689
(1675525713.573783) vcan0 130#CF0C1E711AD80A12
(1675525713.573872) vcan0 150#6F1A1E9816F8DAC0
(1675525713.573951) vcan0 010#008800002FB031F9
(1675525713.574028) vcan0 072#F000FF3F0078A038
(1675525713.574106) vcan0 1D0#0000000000000261
(1675525713.574479) vcan0 0E0#62734EF00080CD00
(1675525713.575570) vcan0 260#D0FF00AA497487B0
(1675525713.576589) vcan0 125#E54980E4C1D0D735
(1675525713.579052) vcan0 1B0#00C0000003B000FC
(1675525713.581949) vcan0 008#068020A732800080
(1675525713.582027) vcan0 1B5#FFB85A8166E0FFEF
(1675525713.582177) vcan0 1D8#363339343234E043
(1675525713.582254) vcan0 1E0#002C434300B917E0
(1675525713.583127) vcan0 010#008800002FB031F8
(1675525713.584174) vcan0 291#0000000000000000
(1675525713.585268) vcan0 288#5CE0E01F00000080
(1675525713.586360) vcan0 055#F6F72C28B22A9D80
(1675525713.587391) vcan0 065#05E52CF802DEA402
(1675525713.587542) vcan0 070#000009F8A3E20F00
(1675525713.588489) vcan0 075#0000000000005458
(1675525713.588567) vcan0 072#F000FF3F00788038
(1675525713.589872) vcan0 080#74508000C2002C00
(1675525713.589951) vcan0 0B0#5283FDA2DFC152A3
(1675525713.590101) vcan0 145#F932DC80FC4810A1
(1675525713.590180) vcan0 350#A200000000000080
(1675525713.592856) vcan0 0F5#799A7C9A7F6B52AD
(1675525713.593005) vcan0 008#0980308640800080
(1675525713.593085) vcan0 120#7F9A8D9A7F055689
(1675525713.593161) vcan0 130#D70C1E7C1ABD0A12
(1675525713.593240) vcan0 150#7A1A1CA816F8BFC0
(1675525713.593317) vcan0 3CA#00000000520000C8
(1675525713.593468) vcan0 010#008800002FB031F8
(1675525713.593545) vcan0 1D0#0000000000000061
(1675525713.593995) vcan0 210#2EE080A0A869D04D
(1675525713.595052) vcan0 0E0#62734EF80080AD00
(1675525713.596070) vcan0 290#0000000000000000
(1675525713.598536) vcan0 125#E54C80E4C1D0D735
(1675525713.601358) vcan0 1B0#00C0000002B000FC
(1675525713.601435) vcan0 008#0B8040654F800080
(1675525713.601514) vcan0 1B5#FFC96B896EE0FFEF
(1675525713.601664) vcan0 1D8#363339343234E043
(1675525713.602392) vcan0 1E0#0030334300B917E0
(1675525713.602541) vcan0 2C3#528700FFFFD45450
(1675525713.602620) vcan0 010#008800002FB031F8
(1675525713.603491) vcan0 072#F000FF3F0078A038
(1675525713.603573) vcan0 2A9#8C26008AC0000084
(1675525713.603649) vcan0 400#010100010204051A
(1675525713.604598) vcan0 260#D0FF00AA497487B0
(1675525713.605616) vcan0 055#F6F72C28B2289D80
(1675525713.606808) vcan0 065#04E52CF800DEA302
(1675525713.609630) vcan0 070#000009F8A3E20F00
(1675525713.609707) vcan0 075#0000000000005458
(1675525713.609786) vcan0 080#74508000C2002C00
(1675525713.609863) vcan0 0B0#5283FDA2DFC152A3
(1675525713.609941) vcan0 145#F922DD80FC4810A1
(1675525713.610093) vcan0 28C#000000000016FEA3
(1675525713.610170) vcan0 2B5#4BD3316293A693C7
(1675525713.610247) vcan0 340#8200000000000000
(1675525713.610689) vcan0 288#5CE0F00F00000080
(1675525713.611705) vcan0 008#0B8050554F800080
(1675525713.611856) vcan0 0F5#879A849A7F6F42AF
(1675525713.611933) vcan0 120#8A9A8D9A7F085689
(1675525713.612011) vcan0 130#DF0C1E871AA20F12
(1675525713.613100) vcan0 150#851A19B816F8A4C0
(1675525713.613179) vcan0 010#008800002FB031F8
(1675525713.613271) vcan0 1D0#0000000000000861
(1675525713.613349) vcan0 291#0000000000000000
(1675525713.614253) vcan0 0E0#627350C000808B00
(1675525713.616718) vcan0 072#F000FF3F00788038
(1675525713.617881) vcan0 210#2EE08020A869D04D
(1675525713.617958) vcan0 3B0#00D83F383DB0C400
(1675525713.618903) vcan0 125#E54F80E4C1D0D735
(1675525713.619995) vcan0 1B0#00C0000002B000FC
(1675525713.622886) vcan0 008#0D8060434F800080
(1675525713.622964) vcan0 1B5#FFDA7C9277E0FFEF
(1675525713.623042) vcan0 1D8#363339343234E043
(1675525713.623119) vcan0 1E0#0030330300B917E0
(1675525713.623198) vcan0 010#008800002FB031F8
(1675525713.623347) vcan0 330#D600000000000000
(1675525713.623932) vcan0 055#F6F72B28B2249D80
(1675525713.624988) vcan0 065#02E52CF800DEA202
(1675525713.626158) vcan0 070#000009F8A2E20F00
(1675525713.627197) vcan0 075#0000000000005458
(1675525713.628305) vcan0 080#73508000C2002C00
(1675525713.631188) vcan0 0B0#5283FEA2DFC152A3
(1675525713.631263) vcan0 145#F912DE80FC4810A1
(1675525713.631407) vcan0 290#0000000000000000
(1675525713.631481) vcan0 2C0#528700000000A0F1
(1675525713.631555) vcan0 2C5#3EE761E303E50070
(1675525713.631629) vcan0 360#578700AFB164A041
(1675525713.631772) vcan0 008#0F80701C64800080
(1675525713.631847) vcan0 0F5#819A849A7F7332B1
(1675525713.631922) vcan0 120#A39A979A7F0B5689
(1675525713.632271) vcan0 130#E70C1E871A920F12
(1675525713.632344) vcan0 150#821A1CC816F897C0
(1675525713.635210) vcan0 010#008800002FB031F8
(1675525713.635290) vcan0 072#F000FF3F0078A038
(1675525713.635386) vcan0 1D0#0000000000000061
(1675525713.635465) vcan0 390#80FF051D022E544F
(1675525713.635542) vcan0 0E0#627350C800806B00
(1675525713.636345) vcan0 288#4BE0F00F00000080
(1675525713.637437) vcan0 260#D0FF00AA497487B0
(1675525713.638455) vcan0 125#E55180E4C1D0D735
(1675525713.639616) vcan0 1B0#00C0000003B000FC
(1675525713.640708) vcan0 008#128080FA73800080
(1675525713.641726) vcan0 1B5#FFEC8E9A7FE0FFEF
(1675525713.643176) vcan0 1D8#363339343234E043
(1675525713.643255) vcan0 1E0#0034234300B917E0
(1675525713.643333) vcan0 2C3#528700FFFFD45450
(1675525713.643409) vcan0 010#008800002FB031F8
(1675525713.643487) vcan0 210#2EE080A0A869D045
(1675525713.646062) vcan0 291#0000000000000000
(1675525713.646141) vcan0 2A9#8C260082C0000084
(1675525713.647252) vcan0 055#F6F72B28B2219D80
(1675525713.647330) vcan0 065#02E52BF8FEDDA102
(1675525713.648350) vcan0 070#000009F8A0E20F00
(1675525713.648501) vcan0 072#F000FF3F00788038
(1675525713.648579) vcan0 075#0000000000005458
(1675525713.648656) vcan0 080#71508000C2002C00
(1675525713.648733) vcan0 0B0#5283FDA2DFC152A3
(1675525713.649463) vcan0 145#F902DF80FC4810A1
(1675525713.649540) vcan0 28C#000000000016FEA3
(1675525713.649618) vcan0 2B5#4BD4316293A690C6
(1675525713.650493) vcan0 008#148090F764800080
(1675525713.651659) vcan0 0F5#6E9A6E9A7F7722B3
(1675525713.651737) vcan0 120#B39A8C9A7F085689
(1675525713.652969) vcan0 130#EF0C1E871A820F12
(1675525713.653048) vcan0 150#6E1A16D817F89BC0
(1675525713.653140) vcan0 010#008800002FB031F9
(1675525713.653220) vcan0 1D0#0000000000000261
(1675525713.654457) vcan0 0E0#62734FD000804C00
(1675525713.655549) vcan0 290#0000000000000000
(1675525713.656718) vcan0 125#E55680E4C1D0D735
(1675525713.660628) vcan0 1B0#00C0000004B000FC
(1675525713.661790) vcan0 008#1480A0EE5D800080
(1675525713.661941) vcan0 1B5#FFFD9FA388E0FFEF
(1675525713.662019) vcan0 1D8#363339343234E043
(1675525713.662096) vcan0 1E0#0038134300B917E0
(1675525713.662174) vcan0 288#5CE0F00F00000080
(1675525713.662900) vcan0 010#008800002FB031F8
(1675525713.662980) vcan0 072#F000FF3F0078A038
(1675525713.665244) vcan0 055#F6F72A28B21D9D80
(1675525713.666349) vcan0 065#03E52BF800DEA102
(1675525713.669238) vcan0 070#000009F89CE20F00
(1675525713.669312) vcan0 075#0000000000005458
(1675525713.669396) vcan0 080#6F508000C2002C00
(1675525713.669470) vcan0 0B0#5283FEA2DFC152A3
(1675525713.669615) vcan0 145#F9F2D080FC4810A1
(1675525713.669689) vcan0 210#2EE080A0A869D045
(1675525713.669763) vcan0 260#D0FF0055497487B0
(1675525713.669837) vcan0 370#0720C000711BC71F
(1675525713.670324) vcan0 008#1680B0C673800080
(1675525713.671360) vcan0 0F5#769A749A7F7B12B6
(1675525713.671434) vcan0 120#9F9A979A7F075689
(1675525713.671578) vcan0 130#F70C1E871A720F12
(1675525713.672407) vcan0 150#751A1DE817F884C0
(1675525713.673512) vcan0 010#008800002FB031F8
(1675525713.673586) vcan0 1D0#0000000000000061
(1675525713.674844) vcan0 291#0000000000000000
(1675525713.674923) vcan0 0E0#627354D800802700
(1675525713.676013) vcan0 3C8#5287008E882C008E
(1675525713.678850) vcan0 072#F000FF3F00788038
(1675525713.679000) vcan0 350#A200000000000080
(1675525713.679951) vcan0 125#E55980E4C1D0D735
(1675525713.680968) vcan0 1B0#00C0000002B000FC
(1675525713.681120) vcan0 008#1980C0A581800080
(1675525713.682136) vcan0 1B5#FF0EB0AC91E0FFEF
(1675525713.682214) vcan0 1D8#363339343234E043
(1675525713.682365) vcan0 1E0#0038130300B917E0
(1675525713.682444) vcan0 2C3#528700FFFFD55450
(1675525713.683244) vcan0 010#008800002FB031F8
(1675525713.684339) vcan0 2A9#8C26009BC0000084
(1675525713.685646) vcan0 288#5CE0F00F00000080
(1675525713.688613) vcan0 055#F6F72828B2169D7F
(1675525713.688690) vcan0 065#04E52BF802DE9F02
(1675525713.688841) vcan0 070#000009F897E20F00
(1675525713.688918) vcan0 075#0000000000005458
(1675525713.689005) vcan0 080#6B508000C2002C00
(1675525713.689086) vcan0 0B0#5283FEA2DFC152A3
(1675525713.689167) vcan0 145#F9E2D180FC4810A1
(1675525713.689243) vcan0 28C#000000000016FEA3
(1675525713.689683) vcan0 290#0000000000000000
(1675525713.689835) vcan0 2B5#4BD4306293A68CC3
(1675525713.689914) vcan0 2C0#528700000000A0F1
(1675525713.689991) vcan0 2C5#3EE761E303E50070
(1675525713.690069) vcan0 340#8200000000000000
(1675525713.690872) vcan0 3AF#0000000000000020
(1675525713.690949) vcan0 008#1D80D09181800080
(1675525713.693698) vcan0 0F5#7D9A7D9A7F7F02B8
(1675525713.693775) vcan0 120#A29A909A7F065689
(1675525713.693854) vcan0 130#FF0C1E8C1A5D0F12
(1675525713.693933) vcan0 150#7D1A1AF818F86CC0
(1675525713.694083) vcan0 010#008800002FB031F8
(1675525713.694174) vcan0 072#F000FF3F0078A038
(1675525713.694253) vcan0 1D0#0000000000000861
(1675525713.694331) vcan0 210#2EE080A0A869D04D
(1675525713.694846) vcan0 0E0#627358E000800300
(1675525713.695935) vcan0 260#D0FF0055497487B0
(1675525713.696953) vcan0 125#E55F80E4C1D0D735
(1675525713.699418) vcan0 1B0#00C0000004B000FC
(1675525713.700507) vcan0 008#1D80E08181800080
(1675525713.701597) vcan0 1B5#FF1FC1B499E0FFEF
(1675525713.704421) vcan0 1D8#363339343234E043
(1675525713.704499) vcan0 1E0#003C034300B917E0
(1675525713.704577) vcan0 010#008800002FB031F8
(1675525713.704655) vcan0 291#0000000000000000
(1675525713.704733) vcan0 330#D600000000000000
(1675525713.704883) vcan0 425#0000000000000000
(1675525713.705468) vcan0 055#F6F72728B20E9D7F
(1675525713.706496) vcan0 065#03E52AF800DE9B02
(1675525713.707586) vcan0 070#000009F893E20F00
(1675525713.707665) vcan0 072#F000FF3F00788038
(1675525713.708609) vcan0 075#0000000000005458
(1675525713.711649) vcan0 080#68508000C2002C00
(1675525713.711728) vcan0 0B0#5283FFA2DFC152A3
(1675525713.711805) vcan0 145#F9D2D280FC4810A1
(1675525713.711883) vcan0 288#5CE000FF00000080
(1675525713.711962) vcan0 008#1F80F05997800080
(1675525713.712114) vcan0 0F5#909A879A7F43F2BA
(1675525713.712191) vcan0 120#AA9A9C9A7F0B5689
(1675525713.712269) vcan0 130#870C1E901A490A12
(1675525713.712709) vcan0 150#8B1A240819F84EC0
(1675525713.712786) vcan0 3CA#00000000530000C8
(1675525713.712863) vcan0 010#008800002FB031F8
(1675525713.713810) vcan0 1D0#0000000000000061
(1675525713.714921) vcan0 0E0#627351E80080EA00
(1675525713.716011) vcan0 290#0000000000000000
(1675525713.717174) vcan0 210#2EE080A0A869D045
(1675525713.719493) vcan0 125#E56580E4C1D0D735
(1675525713.722530) vcan0 008#1F80005888800080
(1675525713.722611) vcan0 1B0#00C0000004B000FC
(1675525713.722688) vcan0 1B5#FF31D2BDA2E0FFEF
(1675525713.722765) vcan0 1D8#363339343234E043
(1675525713.722844) vcan0 1E0#0000F34300B917E0
(1675525713.722994) vcan0 2C3#528700FFFFD55450
(1675525713.723577) vcan0 010#008800002FB031F8
(1675525713.723655) vcan0 072#F000FF3F0078A038
(1675525713.723734) vcan0 2A9#8C260082C0000084
(1675525713.723883) vcan0 405#2AF8470847186701
(1675525713.724761) vcan0 260#D0FF0055497487B0
(1675525713.725779) vcan0 055#F6F72628B2079D7F
(1675525713.726880) vcan0 065#01E528F8FEDD9602
(1675525713.728041) vcan0 070#000008F88FE20F00
(1675525713.728118) vcan0 075#0000000000005458
(1675525713.729494) vcan0 080#65508000C2002C00
(1675525713.729571) vcan0 0B0#5283FFA2DFC152A3
(1675525713.729722) vcan0 145#F9C2D380FC4810A1
(1675525713.729799) vcan0 28C#000000000016FEA3
(1675525713.729878) vcan0 2B5#4BD5306293A687BA
(1675525713.729956) vcan0 360#578700AFB164A041
(1675525713.733859) vcan0 008#2280104C81800080
(1675525713.733936) vcan0 0F5#9F9AA29A7F47E2BC
(1675525713.734014) vcan0 120#A39AA89A7F085689
(1675525713.734091) vcan0 130#8F0C1EA21A270A12
(1675525713.734247) vcan0 150#A01A1C1819F829C0
(1675525713.734325) vcan0 010#008800002FB031F9
(1675525713.734403) vcan0 1D0#0000000000000261
(1675525713.734503) vcan0 291#0000000000000000
(1675525713.734580) vcan0 390#80FF051D0226564F
(1675525713.734946) vcan0 0E0#627346F00080D500
(1675525713.735962) vcan0 288#70E000FF00000080
(1675525713.737052) vcan0 072#F000FF3F00788038
(1675525713.738217) vcan0 3B0#00D83F383DB0C400
(1675525713.739235) vcan0 125#E56780E4C1D0D735
(1675525713.740615) vcan0 1B0#00C0000004B000FC
(1675525713.741707) vcan0 008#2480204873800080
(1675525713.741784) vcan0 1B5#FF42E4C5AAE0FFEF
(1675525713.741934) vcan0 1D8#363339343234E043
(1675525713.744542) vcan0 1E0#0000F30300B917E0
(1675525713.744691) vcan0 010#008800002FB031F8
(1675525713.744769) vcan0 210#2EE080A0A869D04D
(1675525713.744848) vcan0 3D0#940F6100C50580C3
(1675525713.745720) vcan0 055#F7F72528B2009D7F
(1675525713.746904) vcan0 065#02E527F800DE8F02
(1675525713.747922) vcan0 070#000008F88AE20F00
(1675525713.748001) vcan0 075#0000000000005458
(1675525713.748080) vcan0 080#62508000C2002C00
(1675525713.749024) vcan0 0B0#5283FFA2DFC152A3
(1675525713.749103) vcan0 145#F9B2D480FC4810A1
(1675525713.749182) vcan0 290#0000000000000000
(1675525713.749258) vcan0 2C0#528700000000A0F1
(1675525713.749336) vcan0 2C5#3CE762E402E50070
(1675525713.750136) vcan0 430#3F083F0000001686
(1675525713.751515) vcan0 008#2480302A81800080
(1675525713.751593) vcan0 0F5#909A939A7F4BD2BE
(1675525713.751671) vcan0 120#C99AA89A7F0F5689
(1675525713.751748) vcan0 130#970C1EA21A170F12
(1675525713.752549) vcan0 150#911A22281AF828C0
(1675525713.753997) vcan0 010#008800002FB031F8
(1675525713.754087) vcan0 072#F000FF3F0078A038
(1675525713.754173) vcan0 1D0#0000000000000061
(1675525713.755048) vcan0 0E0#627344F80080B700
(1675525713.756215) vcan0 260#D0FF00AA497487B0
(1675525713.758676) vcan0 125#E56A80E4C1D0D735
(1675525713.759766) vcan0 1B0#00C0000003B000FC
(1675525713.760858) vcan0 008#2480402873800080
(1675525713.761947) vcan0 1B5#FF53F5CEB3E0FFEF
(1675525713.762025) vcan0 1D8#363339343234E043
(1675525713.763475) vcan0 1E0#0004E34300B917E0
(1675525713.763554) vcan0 288#64E000FF00000080
(1675525713.763630) vcan0 2C3#528700FFFFD55450
(1675525713.763708) vcan0 010#008800002FB031F8
(1675525713.763858) vcan0 291#0000000000000000
(1675525713.763937) vcan0 2A9#8C26009BC0000084
(1675525713.767844) vcan0 055#F7F72428B2F99C7F
(1675525713.767933) vcan0 065#FCE426F800DE8B02
(1675525713.768010) vcan0 070#000008F886E20F00
(1675525713.768088) vcan0 072#F000FF3F00788038
(1675525713.768167) vcan0 075#0000000000005458
(1675525713.768967) vcan0 080#5F508000C2002C00
(1675525713.769044) vcan0 0B0#528300A3DFC152A3
(1675525713.769122) vcan0 145#F9A2D580FC4810A1
(1675525713.769273) vcan0 210#2EE08020A869D045
(1675525713.770073) vcan0 28C#000000000016FEA3
(1675525713.770150) vcan0 2B5#4BD5306293A681AE
(1675525713.770228) vcan0 340#8200000000000000
(1675525713.770307) vcan0 350#A200000000000080
(1675525713.770384) vcan0 370#0720C000711BC71F
(1675525713.771112) vcan0 008#2680502C5D800080
(1675525713.771191) vcan0 0F5#8D9A8A9A7F4FC2C0
(1675525713.771269) vcan0 120#BC9AAE9A7F0B5689
(1675525713.772149) vcan0 130#9F0C1EA21A071212
(1675525713.772300) vcan0 150#8B1A1D381BF81EC0
(1675525713.773243) vcan0 010#008800002FB031F8
(1675525713.774627) vcan0 1D0#0000000000000861
(1675525713.774705) vcan0 0E0#627347C000809400
(1675525713.777596) vcan0 290#0000000000000000
(1675525713.778685) vcan0 125#E56A80E4C1D0D735
(1675525713.779849) vcan0 1B0#00C0000002B000FC
(1675525713.780942) vcan0 008#2680602A4F800080
(1675525713.782033) vcan0 1B5#FF6406D6BBE0FFEF
(1675525713.782111) vcan0 1D8#363339343234E043
(1675525713.782188) vcan0 1E0#0008D34300B917E0
(1675525713.783062) vcan0 010#008800002FB031F8
(1675525713.784328) vcan0 072#F000FF3F0078A038
(1675525713.785562) vcan0 330#D600000000000000
(1675525713.788523) vcan0 288#68E000FF00000080
(1675525713.788614) vcan0 055#F7F72228B2F19C7F
(1675525713.788764) vcan0 065#F8E424F8FCDD8702
(1675525713.788843) vcan0 070#000008F881E20F00
(1675525713.788920) vcan0 075#0000000000005458
(1675525713.788999) vcan0 080#5B508000C2002C00
(1675525713.789076) vcan0 0B0#528300A3DFC152A3
(1675525713.789229) vcan0 145#F992D680FC4810A1
(1675525713.789308) vcan0 260#D0FF00AA497487B0
(1675525713.789751) vcan0 008#2680702940800080
(1675525713.790768) vcan0 0F5#849A799A7F53B2C2
(1675525713.791930) vcan0 120#AE9A999A7F0B5689
(1675525713.792011) vcan0 130#A70A1EA21AF70F12
(1675525713.792088) vcan0 150#7E1A1E481DF81BC0
(1675525713.793105) vcan0 010#008800002FB031F8
(1675525713.794340) vcan0 1D0#0000000000000061
(1675525713.794420) vcan0 210#2EE080A0A869D04D
(1675525713.794506) vcan0 291#0000000000000000
(1675525713.794585) vcan0 0E0#627343C800807800
(1675525713.795460) vcan0 3C8#5287008E882C008E
(1675525713.798356) vcan0 072#F000FF3F00788038
(1675525713.799444) vcan0 125#E56780E4C1D0D735
(1675525713.800461) vcan0 1B0#00C0000003B000FC
(1675525713.801549) vcan0 008#2680802732800080
(1675525713.801628) vcan0 1B5#FF7617DFC4E0FFEF
(1675525713.801705) vcan0 1D8#363339343234E043
(1675525713.801783) vcan0 1E0#0008D30300B917E0
(1675525713.802801) vcan0 2C3#528700FFFFD65450
(1675525713.802879) vcan0 010#008800002FB031F8
(1675525713.802955) vcan0 2A9#8C260082C0000084
(1675525713.805205) vcan0 055#F7F72028B2E89C7F
(1675525713.808101) vcan0 065#FCE424F8FEDD8802
(1675525713.808253) vcan0 070#000008F87AE20F00
(1675525713.808347) vcan0 075#0000000000005458
(1675525713.808426) vcan0 080#56508000C2002C00
(1675525713.809226) vcan0 0B0#528300A3DFC152A3
(1675525713.809304) vcan0 145#F982D780FC4810A1
(1675525713.809382) vcan0 28C#000000000016FEA3
(1675525713.809461) vcan0 290#0000000000000000
(1675525713.809540) vcan0 2B5#4BD5306293A67AAA
(1675525713.810266) vcan0 2C0#528700000000A0F1
(1675525713.810345) vcan0 2C5#3AE762E4F9E40070
(1675525713.810423) vcan0 3AF#0000000000000020
(1675525713.812816) vcan0 008#2680902D1C800080
(1675525713.812897) vcan0 0F5#959A809A7F57A2C5
(1675525713.812975) vcan0 120#C79A9F9A7F065689
(1675525713.814212) vcan0 130#AF0A1EA21AE70D12
(1675525713.814364) vcan0 150#8A1A25581EF8FFC0
(1675525713.814444) vcan0 288#81E010EF00000080
(1675525713.814481) vcan0 010#008800002FB031F9
(1675525713.814562) vcan0 072#F000FF3F0078A038
(1675525713.814715) vcan0 1D0#0000000000000261
(1675525713.814793) vcan0 0E0#62733ED000805D00
(1675525713.815379) vcan0 260#D0FF00AA497487B0
(1675525713.816541) vcan0 210#2EE080A0A869D04D
(1675525713.817633) vcan0 125#E56780E4C1D0D735
(1675525713.820097) vcan0 1B0#00C0000002B000FC
(1675525713.821115) vcan0 008#2680A01D1C800080
(1675525713.821193) vcan0 1B5#FF8728E8CDE0FFEF
(1675525713.822210) vcan0 1D8#363339343234E043
(1675525713.822360) vcan0 1E0#000CC34300B917E0
(1675525713.823591) vcan0 010#008800002FB031F8
(1675525713.823669) vcan0 291#0000000000000000
(1675525713.827720) vcan0 055#F7F71F28B2E19C7F
(1675525713.827796) vcan0 065#04E522F803DE7E02
(1675525713.827885) vcan0 070#000008F877E20F00
(1675525713.827963) vcan0 072#F000FF3F00788038
(1675525713.828766) vcan0 075#0000000000005458
(1675525713.828845) vcan0 080#54508000C2002C00
(1675525713.828922) vcan0 0B0#528301A3DFC152A3
(1675525713.829072) vcan0 145#F972D880FC4810A1
(1675525713.829150) vcan0 360#578700AFB164A041
(1675525713.829877) vcan0 008#2680B01B0E800080
(1675525713.830968) vcan0 0F5#979A939A7F5B92C7
(1675525713.832128) vcan0 120#B39ABA9A7F0B5689
(1675525713.832278) vcan0 130#B70A1EA21AD70A12
(1675525713.832357) vcan0 150#951A28681FF8E4C0
(1675525713.832436) vcan0 3CA#00000000540000C8
(1675525713.833526) vcan0 010#008800002FB031F8
(1675525713.833604) vcan0 1D0#0000000000000061
(1675525713.833681) vcan0 390#80FF051D0226564F
(1675525713.834573) vcan0 0E0#627339D800804200
(1675525713.836024) vcan0 288#7CE010EF00000080
(1675525713.837114) vcan0 290#0000000000000000
(1675525713.838205) vcan0 125#E56780E4C1D0D735
(1675525713.839222) vcan0 1B0#00C0000003B000FC
(1675525713.840315) vcan0 008#2680C00B0E800080
(1675525713.843284) vcan0 1B5#FF983AF0D5E0FFEF
(1675525713.843363) vcan0 1D8#363339343234E043
(1675525713.843441) vcan0 1E0#0010B34300B917E0
(1675525713.843520) vcan0 2C3#528700FFFFD65450
(1675525713.843597) vcan0 010#008800002FB031F8
(1675525713.843675) vcan0 072#F000FF3F0078A038
(1675525713.843823) vcan0 210#29E080A0A869D045
(1675525713.843902) vcan0 2A9#8C26008AC0000084
(1675525713.844343) vcan0 055#F7F71D28B2DA9C7F
(1675525713.845432) vcan0 065#05E521F805DE7B02
(1675525713.846542) vcan0 070#000008F86FE20F00
(1675525713.847633) vcan0 075#0000000000005458
(1675525713.848869) vcan0 080#4E508000C2002C00
(1675525713.851621) vcan0 0B0#528303A3DFC152A3
(1675525713.851699) vcan0 145#F962D980FC4810A1
(1675525713.851776) vcan0 260#D0FF00AA497487B0
(1675525713.851928) vcan0 28C#000000000016FEA3
(1675525713.852005) vcan0 2B5#4BD5306293A6759C
(1675525713.852083) vcan0 340#8200000000000000
(1675525713.852161) vcan0 008#2680D00900800080
(1675525713.852238) vcan0 0F5#AA9A909A7F5F82C9
(1675525713.852315) vcan0 120#C79AB19A7F145689
(1675525713.852466) vcan0 130#BF0A1EAA1ABF0412
(1675525713.852544) vcan0 150#9D1A267820F8CCC0
(1675525713.852695) vcan0 010#008800002FB031F8
(1675525713.853858) vcan0 1D0#0000000000000861
(1675525713.856549) vcan0 291#0000000000000000
(1675525713.856699) vcan0 400#000101010002031B
(1675525713.856779) vcan0 0E0#62732FE000802C00
(1675525713.857652) vcan0 072#F000FF3F00788038
(1675525713.857802) vcan0 3B0#00D83F383DB0C402
(1675525713.858819) vcan0 350#A200000000000080
(1675525713.859980) vcan0 125#E56580E4C1D0D735
(1675525713.861287) vcan0 1B0#00C0000003B000FC
(1675525713.861366) vcan0 008#2680E0F900800080
(1675525713.861443) vcan0 1B5#FFAA4BF9DEE0FFEF
(1675525713.861521) vcan0 1D8#363339343234E043
(1675525713.862392) vcan0 1E0#0010B30300B917E0
(1675525713.862471) vcan0 288#89E010EF00000080
(1675525713.863488) vcan0 010#008800002FB031F8
(1675525713.863565) vcan0 330#D600000000000000
(1675525713.865966) vcan0 055#F7F71B28B2D29C7F
(1675525713.867012) vcan0 065#06E51FF801DE7202
(1675525713.868049) vcan0 070#000007F868E20F00
(1675525713.868123) vcan0 075#0000000000005458
(1675525713.868198) vcan0 080#48508000C2002C00
(1675525713.870948) vcan0 0B0#528302A3DFC152A3
(1675525713.871022) vcan0 145#F952DA80FC4810A1
(1675525713.871164) vcan0 210#29E080A0A869D045
(1675525713.871239) vcan0 290#0000000000000000
(1675525713.871314) vcan0 2C0#528700000000A0F1
(1675525713.871389) vcan0 2C5#34E763E606E50070
(1675525713.871531) vcan0 370#0720C000711BC71F
(1675525713.871606) vcan0 3E0#000000D92F808092
(1675525713.871679) vcan0 008#2680F0E900800080
(1675525713.871753) vcan0 0F5#A59A9F9A7F6372CB
(1675525713.872034) vcan0 120#D09AB99A7F055689
(1675525713.872109) vcan0 130#C7071EAA1AAF0412
(1675525713.872206) vcan0 150#A21A2D8821F8B7C0
(1675525713.873175) vcan0 010#008800002FB031F8
(1675525713.873317) vcan0 072#F000FF3F0078A038
(1675525713.874511) vcan0 1D0#0000000000000061
(1675525713.874595) vcan0 0E0#62732DE800800E00
(1675525713.875611) vcan0 260#D0FF0055497487B0
(1675525713.879588) vcan0 125#E56580E4C1D0D735
(1675525713.880681) vcan0 1B0#00C0000002B000FC
(1675525713.881773) vcan0 008#268000D900800080
(1675525713.881850) vcan0 1B5#FFBB5C01E6E0FFEF
(1675525713.881928) vcan0 1D8#363339343234E043
(1675525713.882078) vcan0 1E0#0014A34300B917E0
(1675525713.882158) vcan0 2C3#528700FFFFD75450
(1675525713.882886) vcan0 010#008800002FB031F8
(1675525713.883976) vcan0 291#0000000000000000
(1675525713.884053) vcan0 2A9#8C260093C0000084
(1675525713.886456) vcan0 288#8DE010EF00000080
(1675525713.889203) vcan0 055#F7F71A28B2C99C7F
(1675525713.889284) vcan0 065#06E51DF802DE6702
(1675525713.889364) vcan0 070#000007F865E20F00
(1675525713.889441) vcan0 072#F000FF3F00788038
(1675525713.889591) vcan0 075#0000000000005458
(1675525713.889670) vcan0 080#47508000C2002C00
(1675525713.889747) vcan0 0B0#528302A3E1C152A3
(1675525713.889825) vcan0 145#F942DB80FC4810A1
(1675525713.889903) vcan0 28C#000000000016FEA3
(1675525713.889982) vcan0 2B5#4BD6306293A67486
(1675525713.890348) vcan0 008#268010C900800080
(1675525713.891436) vcan0 0F5#A39A909A7F6762CD
(1675525713.891515) vcan0 120#C29AA69A7F0A5689
(1675525713.891592) vcan0 130#CF071EAA1A9F0412
(1675525713.892609) vcan0 150#991A2A9822F8B0C0
(1675525713.893779) vcan0 010#008800002FB031F9
(1675525713.893929) vcan0 1D0#0000000000000261
(1675525713.894007) vcan0 210#29E080A0A869D04D
(1675525713.894958) vcan0 0E0#627329F00080F200
(1675525713.895977) vcan0 290#0000000000000000
(1675525713.898435) vcan0 125#E55F80E4C1D0D735
(1675525713.899522) vcan0 1B0#00C0000002B000FC
(1675525713.900538) vcan0 008#268020B900800080
(1675525713.901628) vcan0 1B5#FFCC6E0AEFE0FFEF
(1675525713.901705) vcan0 1D8#363339343234E043
(1675525713.903008) vcan0 1E0#0018934300B917E0
(1675525713.903087) vcan0 010#008800002FB031F8
(1675525713.903164) vcan0 072#F000FF3F0078A038
(1675525713.907068) vcan0 055#F7F71A28B2C49C7F
(1675525713.907145) vcan0 065#FCE41BF8FFDD6402
(1675525713.908162) vcan0 070#000007F863E20F00
(1675525713.908251) vcan0 075#0000000000005458
(1675525713.908328) vcan0 080#45508000C2002C00
(1675525713.908407) vcan0 0B0#528302A3E2C152A3
(1675525713.909207) vcan0 145#F932DC80FC4810A1
(1675525713.909284) vcan0 260#D0FF0055497487B0
(1675525713.910228) vcan0 008#268030A900800080
(1675525713.911317) vcan0 0F5#9A9A899A7F6B52CF
(1675525713.911397) vcan0 120#CB9AA69A7F145689
(1675525713.911473) vcan0 130#D7071EAA1A8F0412
(1675525713.912492) vcan0 150#911A2AA823F8A8C0
(1675525713.912571) vcan0 288#95E020DF00000080
(1675525713.913875) vcan0 010#008800002FB031F8
(1675525713.913954) vcan0 1D0#0000000000000061
(1675525713.914032) vcan0 291#0000000000000000
(1675525713.916861) vcan0 0E0#627326F80080D500
(1675525713.916935) vcan0 3C8#5287008E882C008E
(1675525713.917989) vcan0 072#F000FF3F00788038
(1675525713.918063) vcan0 210#29E08020A869D045
(1675525713.919030) vcan0 125#E55980E4C1D0D735
(1675525713.920134) vcan0 1B0#00C0000001B000FC
(1675525713.921171) vcan0 008#2680409900800080
(1675525713.921244) vcan0 1B5#FFDE7F13F8E0FFEF
(1675525713.922347) vcan0 1D8#363339343234E043
(1675525713.922423) vcan0 1E0#0018930300B917E0
(1675525713.922566) vcan0 2C3#528700FFFFD75450
(1675525713.923465) vcan0 010#008800002FB031F8
(1675525713.923539) vcan0 2A9#8C26008AC0000084
(1675525713.925928) vcan0 055#F7F71928B2BE9C7F
(1675525713.928824) vcan0 065#FAE41AF8FADD6202
(1675525713.928903) vcan0 070#000006F85FE20F00
(1675525713.929053) vcan0 075#0000000000005458
(1675525713.929136) vcan0 080#42508000C2002C00
(1675525713.929218) vcan0 0B0#528301A3E3C152A3
(1675525713.929298) vcan0 145#F922DD80FC4810A1
(1675525713.929375) vcan0 28C#000000000016FEA3
(1675525713.929453) vcan0 290#0000000000000000
(1675525713.929892) vcan0 2B5#4BD6306293A6747F
(1675525713.929970) vcan0 2C0#528700000000A0F1
(1675525713.930120) vcan0 2C5#31E763E6FFE40070
(1675525713.930198) vcan0 340#8100000000000000
(1675525713.931070) vcan0 360#578700AFB164A041
(1675525713.931150) vcan0 3AF#0000000000000020
(1675525713.931226) vcan0 008#2280580D00800080
(1675525713.933831) vcan0 0F5#9C9A8E9A7F6F42D2
(1675525713.933907) vcan0 120#C99AB69A7F0B5689
(1675525713.933986) vcan0 130#DF071EAA1A7F0412
(1675525713.934062) vcan0 150#951A2EB823F894C0
(1675525713.934141) vcan0 010#008800002FB031F8
(1675525713.934249) vcan0 072#F000FF3F0078A038
(1675525713.934329) vcan0 1D0#0000000000000861
(1675525713.934406) vcan0 390#80FF051D0222574F
(1675525713.934918) vcan0 0E0#627325C00080B600
(1675525713.936082) vcan0 288#81E020DF00000080
(1675525713.937173) vcan0 260#D0FF0055497487B0
(1675525713.938262) vcan0 125#E55480E4C1D0D735
(1675525713.940724) vcan0 1B0#00C0000003B000FC
(1675525713.941813) vcan0 008#1F8068F20E800080
(1675525713.941892) vcan0 1B5#FFEF901B00E0FFEF
(1675525713.941969) vcan0 1D8#363339343234E043
(1675525713.944646) vcan0 1E0#001C834300B917E0
(1675525713.944724) vcan0 010#008800002FB031F8
(1675525713.944802) vcan0 210#29E080A0A869D04D
(1675525713.944879) vcan0 291#0000000000000000
(1675525713.944957) vcan0 330#D600000000000000
(1675525713.945050) vcan0 3D0#940F6100C50580C3
