(1675526555.242432) vcan0 072#F000FF3F0078A038
(1675526555.243789) vcan0 008#A88024B700800080
(1675526555.243939) vcan0 055#C8F7FF67B3009C80
(1675526555.247978) vcan0 065#3EE3F9F7008EFB01
(1675526555.248055) vcan0 070#000036F800E24200
(1675526555.248134) vcan0 075#0000000000005458
(1675526555.248211) vcan0 080#FD4F8000C2002C00
(1675526555.248363) vcan0 0B0#3B837CA2FFC13BA3
(1675526555.248441) vcan0 145#FD82D780FCC810A1
(1675526555.248518) vcan0 28C#000020000014BE91
(1675526555.248603) vcan0 290#0000000000000000
(1675526555.248682) vcan0 2B5#4B955F6293A6463A
(1675526555.248760) vcan0 2C0#5D8700680300A0F1
(1675526555.248910) vcan0 2C5#00D7214D42E30070
(1675526555.248988) vcan0 3AF#0000000000000020
(1675526555.249065) vcan0 1B0#00C02B0001B04BFC
(1675526555.249214) vcan0 1B5#FF64B76203E0FFEF
(1675526555.249292) vcan0 1D8#363339343234D943
(1675526555.249445) vcan0 1E0#0034234300B917E0
(1675526555.249522) vcan0 010#000000002FB031F9
(1675526555.249601) vcan0 1D0#0000000000000A61
(1675526555.249678) vcan0 210#8CE180A0A869EA4D
(1675526555.250842) vcan0 0E0#627301D000809A00
(1675526555.253439) vcan0 008#A88034A700800080
(1675526555.255892) vcan0 125#E5B27FE4C1D0D735
(1675526555.257339) vcan0 260#D0FF0055491DDDB0
(1675526555.257437) vcan0 0F5#B783BC83BF733136
(1675526555.260109) vcan0 120#C383BA837FFF5589
(1675526555.260187) vcan0 010#000000002FB031F8
(1675526555.260338) vcan0 072#F000FF3F00788038
(1675526555.260414) vcan0 130#E7D31DC3036DD311
(1675526555.260487) vcan0 150#C003FEC7F7F770C0
(1675526555.260563) vcan0 288#F5DF10EF00000080
(1675526555.260637) vcan0 3C8#5D87008E882C008E
(1675526555.263929) vcan0 008#A880449700800080
(1675526555.264002) vcan0 055#C7F7FE67B3009C80
(1675526555.266678) vcan0 065#3FE3F9F7018EFB01
(1675526555.266821) vcan0 070#000037F800E24300
(1675526555.266896) vcan0 075#0000000000005458
(1675526555.267038) vcan0 080#FD4F8000C2002C00
(1675526555.267112) vcan0 0B0#3B837CA2FFC13BA3
(1675526555.267186) vcan0 145#FD72D880FCC810A1
(1675526555.267268) vcan0 370#0723C0005D1BC735
(1675526555.269398) vcan0 1B0#00C0290001B047FC
(1675526555.269540) vcan0 1B5#FF67BA6405E0FFEF
(1675526555.269615) vcan0 010#000000002FB031F8
(1675526555.269689) vcan0 1D0#0000000000000061
(1675526555.269831) vcan0 1D8#363339343234D943
(1675526555.269905) vcan0 1E0#0034230300B917E0
(1675526555.269979) vcan0 291#0000000000000000
(1675526555.270053) vcan0 2C3#5D8700FFFF495450
(1675526555.270806) vcan0 0E0#627301D800807A00
(1675526555.273413) vcan0 072#F000FF3F0078A038
(1675526555.273486) vcan0 210#8CE180A0A869EA45
(1675526555.273628) vcan0 008#A880548700800080
(1675526555.274800) vcan0 290#0000000000000000
(1675526555.277408) vcan0 125#E5B27FE4C1D0D735
(1675526555.277482) vcan0 0F5#AF83B583BF772137
(1675526555.278797) vcan0 010#000000002FB031F8
(1675526555.278941) vcan0 120#B383B7837FFF5589
(1675526555.279015) vcan0 130#EFD61DBB0365D311
(1675526555.279089) vcan0 150#B503FDD7F7F76BC0
(1675526555.279163) vcan0 2A9#8C260093C0000084
(1675526555.282643) vcan0 360#5D8700D2C364A001
(1675526555.284086) vcan0 008#A880647700800080
(1675526555.284160) vcan0 055#C7F7FE67B3009C80
(1675526555.284303) vcan0 065#40E3F9F7008EFB01
(1675526555.284378) vcan0 070#000037F800E24400
(1675526555.288150) vcan0 075#0000000000005458
(1675526555.288292) vcan0 080#FC4F8000C2002C00
(1675526555.288367) vcan0 0B0#3B837CA2FFC13BA3
(1675526555.288440) vcan0 145#FD62D980FCC810A1
(1675526555.288514) vcan0 288#E1DF10EF00000080
(1675526555.288657) vcan0 28C#000020000014BE91
(1675526555.288741) vcan0 2B5#4B955F6293A6463B
(1675526555.288814) vcan0 260#D0FF00AA491ADDB0
(1675526555.288889) vcan0 340#6500000000000000
(1675526555.289033) vcan0 350#A200000000000080
(1675526555.289107) vcan0 1B0#00C0260001B043FC
(1675526555.289180) vcan0 1B5#FF69BC6506E0FFEF
(1675526555.289323) vcan0 010#000000002FB031F8
(1675526555.289397) vcan0 072#F000FF3F00788038
(1675526555.289607) vcan0 1D0#0000000000000061
(1675526555.289682) vcan0 1D8#363339343234D843
(1675526555.289755) vcan0 1E0#0038134300B917E0
(1675526555.289830) vcan0 390#80FF051D0232534F
(1675526555.291059) vcan0 0E0#627301E000805A00
(1675526555.292573) vcan0 008#A880746700800080
(1675526555.295177) vcan0 125#E5B27FE4C1D0D735
(1675526555.297652) vcan0 0F5#A883AC83BF7B1137
(1675526555.299311) vcan0 120#A583AA837FFF5589
(1675526555.299385) vcan0 010#000000002FB031F8
(1675526555.299458) vcan0 130#F7D81DB00360D811
(1675526555.299532) vcan0 150#AE03F6E7F7F762C0
(1675526555.299607) vcan0 210#8CE18020A869EA4D
(1675526555.299751) vcan0 291#0000000000000000
(1675526555.299824) vcan0 330#2900000000000000
(1675526555.299898) vcan0 3D0#8B0F6100340680C3
(1675526555.303140) vcan0 072#F000FF3F0078A038
