(1675525885.473003) vcan0 130#C7FF1D6729E3FF11
(1675525885.473495) vcan0 150#5929FB87FDF7F1C0
(1675525885.473572) vcan0 010#008000002FB031F8
(1675525885.473650) vcan0 1D0#0000000000000061
(1675525885.474593) vcan0 291#0000000000000000
(1675525885.474673) vcan0 390#80FF050002165A4F
(1675525885.475615) vcan0 290#0000000000000000
(1675525885.476705) vcan0 072#F000FF3F0078A038
(1675525885.480897) vcan0 3B0#00D872386BB8C400
(1675525885.480974) vcan0 0E0#62730FE800802C00
(1675525885.481919) vcan0 1B0#00C0000002B000FC
(1675525885.482069) vcan0 1B5#FF59743F8AE0FFEF
(1675525885.483013) vcan0 008#5480F43B00800080
(1675525885.483090) vcan0 1D8#363339343234E143
(1675525885.483168) vcan0 1E0#0014A30300B917E0
(1675525885.483255) vcan0 2C3#4F9E00FFFFA25450
(1675525885.484199) vcan0 010#008000002FB031F8
(1675525885.484277) vcan0 210#04E080A0C569C44D
(1675525885.484354) vcan0 330#2800000000000000
(1675525885.484433) vcan0 3D0#9B0F6100641B80C3
(1675525885.485232) vcan0 288#EDDF10EF00000080
(1675525885.486321) vcan0 125#E5F97FE5C1D0D735
(1675525885.487337) vcan0 055#F9F71738B2949E80
(1675525885.488425) vcan0 065#7AE617F800EE6902
(1675525885.488529) vcan0 070#000005F86AE20D00
(1675525885.488608) vcan0 075#0000000000005458
(1675525885.488684) vcan0 080#3D508000C2002C00
(1675525885.489413) vcan0 0B0#52831AA3E4C152E3
(1675525885.492308) vcan0 145#F9E2D180FC4810A1
(1675525885.492385) vcan0 430#2E082E0000002CC6
(1675525885.492462) vcan0 0F5#5BA953A97F67628E
(1675525885.492552) vcan0 120#A4A980A97F025689
(1675525885.492629) vcan0 008#5480042B00800080
(1675525885.493359) vcan0 130#CFFF1D6729D3FF11
(1675525885.493436) vcan0 150#4F29FA97FDF7EBC0
(1675525885.493514) vcan0 260#D0FF0055497487B0
(1675525885.494459) vcan0 010#008000002FB031F8
(1675525885.494538) vcan0 072#F000FF3F00788038
(1675525885.494615) vcan0 1D0#0000000000000861
(1675525885.494692) vcan0 400#730101020201010A
(1675525885.494771) vcan0 405#609E003C00333C02
(1675525885.495570) vcan0 0E0#62730EF000800D00
(1675525885.496587) vcan0 1B0#00C0000003B000FC
(1675525885.500418) vcan0 1B5#FF748F4D97E0FFEF
(1675525885.501505) vcan0 008#5480141B00800080
(1675525885.502593) vcan0 1D8#363339343234E143
(1675525885.503608) vcan0 1E0#0018934300B917E0
(1675525885.504708) vcan0 010#008000002FB031F8
(1675525885.504785) vcan0 291#0000000000000000
(1675525885.504863) vcan0 2A9#8C26009BC0000084
(1675525885.505734) vcan0 125#E5F97FE5C1D0D735
(1675525885.506823) vcan0 055#F9F71738B2949E80
(1675525885.507839) vcan0 065#7EE617F802EE6A02
(1675525885.507989) vcan0 070#000005F86AE20D00
(1675525885.508936) vcan0 075#0000000000005458
(1675525885.511754) vcan0 072#F000FF3F0078A038
(1675525885.511832) vcan0 080#3D508000C2002C00
(1675525885.511910) vcan0 0B0#52831AA3E4C152E3
(1675525885.511989) vcan0 145#F9D2D280FC4810A1
(1675525885.512139) vcan0 210#04E080A0C569C445
(1675525885.512216) vcan0 28C#00000000002CFEA9
(1675525885.512295) vcan0 290#0000000000000000
(1675525885.512371) vcan0 2B5#4B5B176293A67D78
(1675525885.512459) vcan0 2C0#4F9E00000000A0F1
(1675525885.512537) vcan0 288#F5DF10EF00000080
(1675525885.512687) vcan0 2C5#35DF8DBE7EE6D470
(1675525885.512766) vcan0 3AF#0000000000000020
(1675525885.512844) vcan0 0F5#4BA957A97F6B5291
(1675525885.512921) vcan0 008#5480240B00800080
(1675525885.512997) vcan0 120#7BA98CA97F005689
(1675525885.515674) vcan0 130#D7FF1D6729C3FF11
(1675525885.515752) vcan0 150#5C29FAA7FDF7CEC0
(1675525885.515829) vcan0 010#008000002FB031F8
(1675525885.515906) vcan0 1D0#0000000000000061
(1675525885.516708) vcan0 0E0#62730AF80080F100
(1675525885.517795) vcan0 1B0#00C0000002B000FC
(1675525885.518872) vcan0 1B5#FF8FAA5AA5E0FFEF
(1675525885.519907) vcan0 008#548034FB00800080
(1675525885.520941) vcan0 1D8#363339343234E143
(1675525885.521986) vcan0 1E0#001C834300B917E0
(1675525885.523093) vcan0 260#D0FF00AA497487B0
(1675525885.523166) vcan0 2C3#4F9E00FFFFA25450
(1675525885.524132) vcan0 010#008000002FB031F9
(1675525885.524206) vcan0 072#F000FF3F00788038
(1675525885.525173) vcan0 125#E5F97FE5C1D0D735
(1675525885.527577) vcan0 055#F9F71738B2949E80
(1675525885.528625) vcan0 065#7AE617F800EE6A02
(1675525885.528705) vcan0 070#000005F869E20D00
(1675525885.531525) vcan0 075#0000000000005458
(1675525885.531604) vcan0 080#3D508000C2002C00
(1675525885.531680) vcan0 0B0#52831AA3E4C152E3
(1675525885.531830) vcan0 145#F9C2D380FC4810A1
(1675525885.531909) vcan0 370#0726C0008E03CF1F
(1675525885.532564) vcan0 0F5#57A95BA97F6F4295
(1675525885.532714) vcan0 120#7BA980A97FFE5589
(1675525885.532802) vcan0 008#548044EB00800080
(1675525885.532879) vcan0 130#DFFF1D6729B3FF11
(1675525885.533680) vcan0 150#6029FBB7FDF7BAC0
(1675525885.533758) vcan0 010#008000002FB031F8
(1675525885.533835) vcan0 1D0#0000000000000261
(1675525885.533912) vcan0 210#04E080A0C569C44D
(1675525885.534712) vcan0 291#0000000000000000
(1675525885.535801) vcan0 288#F5DF10EF00000080
(1675525885.538684) vcan0 290#0000000000000000
(1675525885.538758) vcan0 072#F000FF3F0078A038
(1675525885.539723) vcan0 0E0#62730BC00080D000
(1675525885.540828) vcan0 1B0#00C0000002B000FC
(1675525885.541863) vcan0 1B5#FFAAC567B2E0FFEF
(1675525885.542900) vcan0 008#548054DB00800080
(1675525885.542975) vcan0 1D8#363339343234E143
(1675525885.543118) vcan0 1E0#001C830300B917E0
(1675525885.543955) vcan0 010#008000002FB031F8
(1675525885.544098) vcan0 2A9#8C260082C0000084
(1675525885.545064) vcan0 125#E5F97FE5C1D0D735
(1675525885.546097) vcan0 055#F9F71738B2949E80
(1675525885.547130) vcan0 065#77E617F8FEED6902
(1675525885.548234) vcan0 070#000005F869E20D00
(1675525885.548307) vcan0 075#0000000000005458
(1675525885.551004) vcan0 080#3D508000C2002C00
(1675525885.551156) vcan0 0B0#52831AA3E4C152E3
(1675525885.551233) vcan0 145#F9B2D480FC4810A1
(1675525885.551310) vcan0 28C#00000000002CFEA9
(1675525885.551389) vcan0 2B5#4B5B176293A67D78
(1675525885.551467) vcan0 340#9F00000000000000
(1675525885.552122) vcan0 0F5#4BA94FA97F733298
(1675525885.552199) vcan0 120#98A97BA97FFF5589
(1675525885.553142) vcan0 008#548064CB00800080
(1675525885.553228) vcan0 130#E7FF1D6729A3FF11
(1675525885.553380) vcan0 150#5529FAC7FDF7B5C0
(1675525885.556054) vcan0 260#D0FF00AA497487B0
(1675525885.556133) vcan0 3CA#00000000550000C8
(1675525885.556283) vcan0 010#008000002FB031F8
(1675525885.556358) vcan0 072#F000FF3F00788038
(1675525885.556437) vcan0 1D0#0000000000000061
(1675525885.557163) vcan0 210#07E080A0C569C44D
(1675525885.558106) vcan0 0E0#627309C80080B200
(1675525885.559166) vcan0 288#F9DF20DF00000080
(1675525885.560270) vcan0 350#A200000000000080
(1675525885.561305) vcan0 1B0#00C0000002B000FC
(1675525885.562340) vcan0 1B5#FFC5DF75BFE0FFEF
(1675525885.562483) vcan0 008#548074BB00800080
(1675525885.563448) vcan0 1D8#363339343234E143
(1675525885.563522) vcan0 1E0#0020734300B917E0
(1675525885.563605) vcan0 2C3#4F9E00FFFFA35450
(1675525885.566283) vcan0 010#008000002FB031F8
(1675525885.566358) vcan0 291#0000000000000000
(1675525885.566433) vcan0 330#2800000000000000
(1675525885.566506) vcan0 3C8#4F9E008E882C008E
(1675525885.566580) vcan0 125#E5F97FE5C1D0D735
(1675525885.567341) vcan0 055#F9F71638B2949E80
(1675525885.568374) vcan0 065#7AE617F8FEED6A02
(1675525885.568449) vcan0 070#000005F869E20D00
(1675525885.568549) vcan0 072#F000FF3F0078A038
(1675525885.568627) vcan0 075#0000000000005458
(1675525885.569428) vcan0 080#3D508000C2002C00
(1675525885.569579) vcan0 0B0#52831AA3E4C152E3
(1675525885.569656) vcan0 145#F9A2D580FC4810A1
(1675525885.569733) vcan0 290#0000000000000000
(1675525885.570533) vcan0 2C0#4F9E00000000A0F1
(1675525885.573431) vcan0 2C5#35DF8DBE77E6D470
(1675525885.573510) vcan0 360#609E0071BB51A001
(1675525885.573587) vcan0 0F5#57A957A97F77229B
(1675525885.573664) vcan0 120#88A993A97F005689
(1675525885.573813) vcan0 008#548084AB00800080
(1675525885.573892) vcan0 130#EFFF1D672993FF11
(1675525885.573969) vcan0 150#5929FED7FDF7A1C0
(1675525885.574048) vcan0 010#008000002FB031F8
(1675525885.574126) vcan0 1D0#0000000000000861
(1675525885.574492) vcan0 390#80FF050002125B4F
(1675525885.575578) vcan0 0E0#627307D000809400
(1675525885.576594) vcan0 1B0#00C0000002B000FC
(1675525885.577680) vcan0 1B5#FFE0FA82CDE0FFEF
(1675525885.578761) vcan0 008#5480949B00800080
(1675525885.579794) vcan0 1D8#363339343234E143
(1675525885.582403) vcan0 1E0#0024634300B917E0
(1675525885.583458) vcan0 260#D0FF00AA497487B0
(1675525885.583534) vcan0 010#008000002FB031F8
(1675525885.583607) vcan0 072#F000FF3F00788038
(1675525885.584505) vcan0 210#07E08020C569C445
(1675525885.584579) vcan0 2A9#8C26009BC0000084
(1675525885.585545) vcan0 288#EDDF20DF00000080
(1675525885.586579) vcan0 125#E5F97FE5C1D0D735
(1675525885.589409) vcan0 055#F9F71638B2949E80
(1675525885.589558) vcan0 065#79E617F802EE6902
(1675525885.589637) vcan0 070#000005F869E20D00
(1675525885.589714) vcan0 075#0000000000005458
(1675525885.589793) vcan0 080#3D508000C2002C00
(1675525885.589870) vcan0 0B0#52831AA3E4C152E3
(1675525885.590019) vcan0 145#F992D680FC4810A1
(1675525885.590097) vcan0 28C#00000000002CFEA9
(1675525885.590176) vcan0 2B5#4B5B176293A67D77
(1675525885.590406) vcan0 0F5#57A95BA97F7B129F
(1675525885.591497) vcan0 120#67A96FA97FFF5589
(1675525885.592583) vcan0 008#5480A48B00800080
(1675525885.592661) vcan0 130#F7FF1D672983FF11
(1675525885.593605) vcan0 150#5329FAE7FDF797C0
(1675525885.593682) vcan0 010#008000002FB031F8
(1675525885.597940) vcan0 1D0#0000000000000061
(1675525885.598018) vcan0 291#0000000000000000
(1675525885.598096) vcan0 290#0000000000000000
(1675525885.599019) vcan0 072#F000FF3F0078A038
(1675525885.599092) vcan0 3B0#00D8723C6BB8C400
(1675525885.599990) vcan0 0E0#627308D800807300
(1675525885.601093) vcan0 1B0#00C0000000B000FC
(1675525885.602128) vcan0 1B5#FFFA1590DAE0FFEF
(1675525885.603231) vcan0 008#5480B47B00800080
(1675525885.603305) vcan0 1D8#363339343234E143
(1675525885.603389) vcan0 1E0#0024630300B917E0
(1675525885.603464) vcan0 2C3#4F9E00FFFFA45450
(1675525885.604225) vcan0 010#008000002FB031F9
(1675525885.605330) vcan0 125#E5F97FE5C1D0D735
(1675525885.606364) vcan0 055#F9F71638B2949E80
(1675525885.607330) vcan0 065#76E616F8FEED6902
(1675525885.608433) vcan0 070#000005F869E20D00
(1675525885.608538) vcan0 075#0000000000005458
(1675525885.608683) vcan0 080#3D508000C2002C00
(1675525885.609512) vcan0 0B0#52831AA3E4C152E3
(1675525885.610751) vcan0 145#F982D780FC4810A1
(1675525885.610825) vcan0 210#07E080A0C569C445
(1675525885.610899) vcan0 288#F9DF20DF00000080
(1675525885.613783) vcan0 0F5#47A957A97F7F02A2
(1675525885.613858) vcan0 120#90A980A97FFE5589
(1675525885.614002) vcan0 008#5480C46B00800080
(1675525885.614025) vcan0 130#FFFF1D672973FF11
(1675525885.614168) vcan0 150#5729FBF7FDF783C0
(1675525885.614243) vcan0 260#D0FF00AA497487B0
(1675525885.614317) vcan0 010#008000002FB031F8
(1675525885.614391) vcan0 072#F000FF3F00788038
(1675525885.614465) vcan0 1D0#0000000000000261
(1675525885.614815) vcan0 0E0#627306E000805500
(1675525885.615918) vcan0 1B0#00C0000004B000FC
(1675525885.616952) vcan0 1B5#FF15309DE7E0FFEF
(1675525885.617987) vcan0 008#5480D45B00800080
(1675525885.619017) vcan0 1D8#363339343234E143
(1675525885.620121) vcan0 1E0#0028534300B917E0
(1675525885.622462) vcan0 010#008000002FB031F8
(1675525885.623496) vcan0 291#0000000000000000
(1675525885.623638) vcan0 2A9#8C260082C0000084
(1675525885.624606) vcan0 125#E5F97FE5C1D0D735
(1675525885.627433) vcan0 055#F9F71638B2949E80
(1675525885.628466) vcan0 065#77E616F8FEED6902
(1675525885.628549) vcan0 070#000005F869E20D00
(1675525885.628629) vcan0 072#F000FF3F0078A038
(1675525885.628779) vcan0 075#0000000000005458
(1675525885.629580) vcan0 080#3D508000C2002C00
(1675525885.629657) vcan0 0B0#52831AA3E4C152E3
(1675525885.629736) vcan0 145#F972D880FC4810A1
(1675525885.629814) vcan0 28C#00000000002CFEA9
(1675525885.630613) vcan0 290#0000000000000000
(1675525885.630692) vcan0 2B5#4B5C176293A67D77
(1675525885.630771) vcan0 2C0#4F9E00010000A0F1
(1675525885.630920) vcan0 2C5#35DF8DBE76E6D470
(1675525885.630998) vcan0 340#9F00000000000000
(1675525885.631582) vcan0 370#0726C0008E03CF1F
(1675525885.634473) vcan0 3AF#0000000000000020
(1675525885.634558) vcan0 3E0#000000D933808092
(1675525885.634709) vcan0 0F5#5BA957A97F43F2A6
(1675525885.634786) vcan0 120#98A98CA97FFF5589
(1675525885.634865) vcan0 008#5480E44B00800080
(1675525885.634942) vcan0 130#87FF1D672963FF11
(1675525885.635020) vcan0 150#4929FB07FDF781C0
(1675525885.635098) vcan0 010#008000002FB031F8
(1675525885.635249) vcan0 1D0#0000000000000061
(1675525885.635326) vcan0 210#07E080A0C569C44D
(1675525885.635550) vcan0 288#F1DF20DF00000080
(1675525885.636636) vcan0 0E0#627304E800803700
(1675525885.637724) vcan0 1B0#00C0000003B000FC
(1675525885.638732) vcan0 1B5#FF304BAAF5E0FFEF
(1675525885.639836) vcan0 008#5480F43B00800080
(1675525885.642653) vcan0 1D8#363339343234E143
(1675525885.642728) vcan0 1E0#002C434300B917E0
(1675525885.643705) vcan0 260#D0FF0055497487B0
(1675525885.643779) vcan0 010#008000002FB031F8
(1675525885.643851) vcan0 072#F000FF3F00788038
(1675525885.643927) vcan0 2C3#4F9E00FFFFA45450
(1675525885.644755) vcan0 330#2800000000000000
(1675525885.645791) vcan0 125#E5F97FE5C1D0D735
(1675525885.646894) vcan0 055#F9F71738B2949E80
(1675525885.647929) vcan0 065#7EE616F803EE6902
(1675525885.648980) vcan0 070#000005F869E20D00
(1675525885.649060) vcan0 075#0000000000005458
(1675525885.649137) vcan0 080#3D508000C2002C00
(1675525885.649288) vcan0 0B0#52831AA3E4C152E3
(1675525885.650375) vcan0 145#F962D980FC4810A1
(1675525885.651463) vcan0 350#A200000000000080
(1675525885.652480) vcan0 0F5#4FA95EA97F47E2A9
(1675525885.652629) vcan0 120#73A980A97FFF5589
(1675525885.652715) vcan0 008#5480042B00800080
(1675525885.652794) vcan0 130#8FFF1D672953FF11
(1675525885.653593) vcan0 150#4F29FB17FDF76BC0
(1675525885.653671) vcan0 010#008000002FB031F8
(1675525885.653749) vcan0 1D0#0000000000000861
(1675525885.654617) vcan0 291#0000000000000000
(1675525885.658936) vcan0 290#0000000000000000
(1675525885.659011) vcan0 072#F000FF3F0078A038
(1675525885.659155) vcan0 210#07E080A0C569C445
(1675525885.659983) vcan0 0E0#627302F000801900
(1675525885.661084) vcan0 288#FEDF30CF00000080
(1675525885.662118) vcan0 1B0#00C0000002B000FC
(1675525885.662193) vcan0 1B5#FF4B66B802E0FFEF
(1675525885.663089) vcan0 008#5480141B00800080
(1675525885.663162) vcan0 1D8#363339343234E143
(1675525885.663305) vcan0 1E0#002C430300B917E0
(1675525885.663389) vcan0 010#008000002FB031F8
(1675525885.663463) vcan0 2A9#8C26008AC0000084
(1675525885.664153) vcan0 125#E5F97FE5C1D0D735
(1675525885.665255) vcan0 055#F9F71738B2949E80
(1675525885.666289) vcan0 065#7BE617F804EE6902
(1675525885.667322) vcan0 070#000005F869E20D00
(1675525885.668427) vcan0 075#0000000000005458
(1675525885.668499) vcan0 080#3D508000C2002C00
(1675525885.669490) vcan0 0B0#52831AA3E4C152E3
(1675525885.669567) vcan0 145#F952DA80FC4810A1
(1675525885.670800) vcan0 28C#00000000002CFEA9
(1675525885.670878) vcan0 2B5#4B5C176293A67C78
(1675525885.670956) vcan0 360#609E0071BB51A001
(1675525885.673776) vcan0 0F5#4BA95EA97F4BD2AC
(1675525885.673854) vcan0 120#90A980A97FFD5589
(1675525885.673929) vcan0 008#5480240B00800080
(1675525885.674090) vcan0 130#97FF1D672943FF11
(1675525885.674168) vcan0 150#5729FF27FDF753C0
(1675525885.674245) vcan0 260#D0FF0055497487B0
(1675525885.674324) vcan0 3CA#00000000560000C8
(1675525885.674401) vcan0 010#008000002FB031F8
(1675525885.674478) vcan0 072#F000FF3F00788038
(1675525885.674846) vcan0 1D0#0000000000000061
(1675525885.674922) vcan0 390#80FF0500020E5C6F
(1675525885.675938) vcan0 0E0#627302F80080F900
(1675525885.676954) vcan0 1B0#00C0000001B000FC
(1675525885.678041) vcan0 1B5#FF6681C510E0FFEF
(1675525885.679103) vcan0 008#548034FB00800080
(1675525885.681714) vcan0 1D8#363339343234E143
(1675525885.682817) vcan0 1E0#0030334300B917E0
(1675525885.683850) vcan0 2C3#4F9E00FFFFA55450
(1675525885.683925) vcan0 010#008000002FB031F9
(1675525885.684008) vcan0 210#07E080A0C569C44D
(1675525885.684150) vcan0 291#0000000000000000
(1675525885.684225) vcan0 3D0#9B0F6100641B80C3
(1675525885.684916) vcan0 125#E5F97FE5C1D0D735
(1675525885.685950) vcan0 288#FEDF30CF00000080
(1675525885.686093) vcan0 3C8#4F9E008E882C008E
(1675525885.690214) vcan0 055#F9F71738B2949E80
(1675525885.690292) vcan0 065#76E617F8FEED6902
(1675525885.690369) vcan0 070#000005F86AE20D00
(1675525885.690448) vcan0 072#F000FF3F0078A038
(1675525885.690525) vcan0 075#0000000000005458
(1675525885.690676) vcan0 080#3E508000C2002C00
(1675525885.690753) vcan0 0B0#52831AA3E4C152E3
(1675525885.690832) vcan0 145#F942DB80FC4810A1
(1675525885.690908) vcan0 290#0000000000000000
(1675525885.690987) vcan0 2C0#4F9E00000000A0F1
(1675525885.691072) vcan0 2C5#35DF8DBE7CE6D470
(1675525885.691296) vcan0 0F5#57A94FA97F4FC2B0
(1675525885.692312) vcan0 120#A0A984A97FFE5589
(1675525885.692462) vcan0 008#548044EB00800080
(1675525885.693407) vcan0 130#9FFF1D672933FF11
(1675525885.693484) vcan0 150#4F29FF37FDF74BC0
(1675525885.693562) vcan0 010#008000002FB031F8
(1675525885.694432) vcan0 1D0#0000000000000261
(1675525885.695519) vcan0 0E0#627302C00080D900
(1675525885.699309) vcan0 1B0#00C0000002B000FC
(1675525885.700344) vcan0 1B5#FF819BD21DE0FFEF
(1675525885.701447) vcan0 008#548054DB00800080
(1675525885.702480) vcan0 1D8#363339343234E143
(1675525885.703517) vcan0 1E0#0034234300B917E0
(1675525885.703591) vcan0 260#D0FF0055497487B0
(1675525885.704624) vcan0 010#008000002FB031F8
(1675525885.704708) vcan0 072#F000FF3F00788038
(1675525885.704780) vcan0 2A9#8C260093C0000084
(1675525885.705679) vcan0 125#E5F97FE5C1D0D735
(1675525885.706713) vcan0 055#F9F71738B2949E80
(1675525885.709561) vcan0 065#79E617F8FEED6A02
(1675525885.709637) vcan0 070#000005F86AE20D00
(1675525885.709717) vcan0 075#0000000000005458
(1675525885.709793) vcan0 080#3E508000C2002C00
(1675525885.709873) vcan0 0B0#52831AA3E4C152E3
(1675525885.710022) vcan0 145#F932DC80FC4810A1
(1675525885.710101) vcan0 210#07E080A0C569C445
(1675525885.710179) vcan0 28C#00000000002CFEA9
(1675525885.710256) vcan0 2B5#4B5C176293A67D78
(1675525885.710623) vcan0 340#9F00000000000000
(1675525885.710700) vcan0 288#F5DF30CF00000080
(1675525885.711644) vcan0 0F5#47A95BA97F53B2B3
(1675525885.712739) vcan0 120#6BA98CA97F005689
(1675525885.712817) vcan0 008#548064CB00800080
(1675525885.712895) vcan0 130#A7FF1D672923FF11
(1675525885.715570) vcan0 150#5529FE47FDF735C0
(1675525885.715647) vcan0 010#008000002FB031F8
(1675525885.715722) vcan0 1D0#0000000000000061
(1675525885.715803) vcan0 291#0000000000000000
(1675525885.716602) vcan0 290#0000000000000000
(1675525885.717690) vcan0 072#F000FF3F0078A038
(1675525885.718701) vcan0 3B0#00D872386BB8C400
(1675525885.719737) vcan0 0E0#627301C80080BA00
(1675525885.720773) vcan0 1B0#00C0000002B000FC
(1675525885.721875) vcan0 1B5#FF9CB6E02AE0FFEF
(1675525885.722909) vcan0 008#548074BB00800080
(1675525885.722985) vcan0 1D8#363339343234E143
(1675525885.723057) vcan0 1E0#0034230300B917E0
(1675525885.723140) vcan0 2C3#4F9E00FFFFA55450
(1675525885.723968) vcan0 010#008000002FB031F8
(1675525885.726784) vcan0 330#2800000000000000
(1675525885.726859) vcan0 125#E5F97FE5C1D0D735
(1675525885.727824) vcan0 055#F9F71738B2949E80
(1675525885.727898) vcan0 065#7DE617F803EE6A02
(1675525885.728042) vcan0 070#000005F86AE20D00
(1675525885.728908) vcan0 075#0000000000005458
(1675525885.728988) vcan0 080#3E508000C2002C00
(1675525885.729145) vcan0 0B0#52831AA3E4C152E3
(1675525885.729215) vcan0 145#F922DD80FC4810A1
(1675525885.729942) vcan0 370#0726C0008E03CF1F
(1675525885.730958) vcan0 0F5#4FA957A97F57A2B6
(1675525885.732047) vcan0 120#80A97BA97FFC5589
(1675525885.734939) vcan0 008#548084AB00800080
(1675525885.735017) vcan0 130#AFFF1D672913FF11
(1675525885.735105) vcan0 150#5729FA57FDF723C0
(1675525885.735182) vcan0 260#D0FF00AA497487B0
(1675525885.735259) vcan0 010#008000002FB031F8
(1675525885.735411) vcan0 072#F000FF3F00788038
(1675525885.735487) vcan0 1D0#0000000000000861
(1675525885.735565) vcan0 210#07E08020C569C44D
(1675525885.736005) vcan0 288#F1DF30CF00000080
(1675525885.737090) vcan0 0E0#627301D000809A00
(1675525885.738105) vcan0 350#A200000000000080
(1675525885.739167) vcan0 1B0#00C0000002B000FC
(1675525885.740269) vcan0 008#5480949B00800080
(1675525885.741308) vcan0 1B5#FFB6D1ED38E0FFEF
(1675525885.742823) vcan0 1D8#363339343234E143
(1675525885.742898) vcan0 1E0#0038134300B917E0
(1675525885.743863) vcan0 010#008000002FB031F8
(1675525885.743937) vcan0 291#0000000000000000
(1675525885.744022) vcan0 2A9#8C26008AC0000084
(1675525885.744166) vcan0 400#010100010101000B
(1675525885.744925) vcan0 405#8F07000000000005
(1675525885.745961) vcan0 125#E5F97FE5C1D0D735
(1675525885.747066) vcan0 055#F9F71738B2949E80
(1675525885.751282) vcan0 065#77E617F800EE6A02
(1675525885.751360) vcan0 070#000005F86AE20D00
(1675525885.751438) vcan0 072#F000FF3F0078A038
(1675525885.751517) vcan0 075#0000000000005458
(1675525885.751593) vcan0 080#3E508000C2002C00
(1675525885.751743) vcan0 0B0#52831AA3E4C152E3
(1675525885.751821) vcan0 145#F912DE80FC4810A1
(1675525885.751899) vcan0 28C#00000000002CFEA9
(1675525885.751976) vcan0 290#0000000000000000
(1675525885.752054) vcan0 2B5#4B5C176293A67D78
(1675525885.752203) vcan0 2C0#4F9E00000000A0F1
(1675525885.752228) vcan0 2C5#35DF8DBE79E6D470
(1675525885.752380) vcan0 3AF#0000000000000020
(1675525885.752457) vcan0 0F5#53A94FA97F5B92BA
(1675525885.752536) vcan0 120#93A97BA97FFE5589
(1675525885.752613) vcan0 008#5480A48B00800080
(1675525885.753413) vcan0 130#B7FF1D672903FF11
(1675525885.753489) vcan0 150#53290068FDF717C0
(1675525885.753568) vcan0 010#008000002FB031F8
(1675525885.754512) vcan0 1D0#0000000000000061
(1675525885.757114) vcan0 210#07E080A0C569C44D
(1675525885.758203) vcan0 0E0#627300D800807B00
(1675525885.759219) vcan0 288#FEDF40BF00000080
(1675525885.760255) vcan0 1B0#00C0000003B000FC
(1675525885.761361) vcan0 1B5#FFD1ECFA45E0FFEF
(1675525885.762395) vcan0 008#5480B47B00800080
(1675525885.762468) vcan0 1D8#363339343234E143
(1675525885.763442) vcan0 1E0#003C034300B917E0
(1675525885.763586) vcan0 260#D0FF00AA497487B0
(1675525885.763661) vcan0 010#008000002FB031F9
(1675525885.767780) vcan0 072#F000FF3F00788038
(1675525885.767854) vcan0 2C3#4F9E00FFFFA65450
(1675525885.767930) vcan0 125#E5F97FE5C1D0D735
(1675525885.768072) vcan0 055#F9F71738B2949E80
(1675525885.768147) vcan0 065#75E617F8FDED6A02
(1675525885.768843) vcan0 070#000005F86AE20D00
(1675525885.768922) vcan0 075#0000000000005458
(1675525885.769001) vcan0 080#3E508000C2002C00
(1675525885.769150) vcan0 0B0#52831AA3E4C152E3
(1675525885.769228) vcan0 145#F902DF80FC4810A1
(1675525885.769885) vcan0 360#609E0071BB51A001
(1675525885.770971) vcan0 0F5#4FA957A97F5F82BD
(1675525885.772135) vcan0 120#73A98CA97F015689
(1675525885.773159) vcan0 008#5480C46B00800080
(1675525885.773238) vcan0 130#BFFF1D6729F3FF11
(1675525885.773388) vcan0 150#5529FF77FDF705C0
(1675525885.773465) vcan0 010#008000002FB031F8
(1675525885.774263) vcan0 1D0#0000000000000261
(1675525885.774343) vcan0 291#0000000000000000
(1675525885.774420) vcan0 390#80FF0500020A5D4F
(1675525885.776589) vcan0 290#0000000000000000
(1675525885.777676) vcan0 072#F000FF3F0078A038
(1675525885.778690) vcan0 0E0#E27302E000805900
(1675525885.782603) vcan0 1B0#00C0000002B000FC
(1675525885.782746) vcan0 1B5#FFEC070852E0FFEF
(1675525885.782821) vcan0 008#5480D45B00800080
(1675525885.782895) vcan0 1D8#363339343234E143
(1675525885.783721) vcan0 1E0#003C030300B917E0
(1675525885.783798) vcan0 010#008000002FB031F8
(1675525885.783881) vcan0 210#07E080A0C569C445
(1675525885.783954) vcan0 2A9#8C260093C0000084
(1675525885.784783) vcan0 125#E5F97FE5C1D0D735
(1675525885.785816) vcan0 288#02E040BF00000080
(1675525885.786782) vcan0 055#F9F71738B2949E80
(1675525885.787884) vcan0 065#7EE617F800EE6A02
(1675525885.787958) vcan0 070#000005F86AE20D00
(1675525885.788907) vcan0 075#0000000000005458
(1675525885.789057) vcan0 080#3E508000C2002C00
(1675525885.791730) vcan0 0B0#52831AA3E4C152E3
(1675525885.791807) vcan0 145#F9F2D080FC4810A1
(1675525885.791958) vcan0 28C#00000000002CFEA9
(1675525885.792035) vcan0 2B5#4B5D176293A67E79
(1675525885.792113) vcan0 340#9F00000000000000
(1675525885.792192) vcan0 0F5#57A95EA97F6372C0
(1675525885.792846) vcan0 120#77A977A97FFC5589
(1675525885.792933) vcan0 008#5480E44B00800080
(1675525885.793009) vcan0 130#C7FF1D6729E3FF11
(1675525885.793088) vcan0 150#51290088FDF7F9C0
(1675525885.793887) vcan0 260#D0FF00AA497487B0
(1675525885.793964) vcan0 3CA#00000000400000C8
(1675525885.794042) vcan0 010#008000002FB031F8
(1675525885.794193) vcan0 072#F000FF3F00788038
(1675525885.794270) vcan0 1D0#0000000000000061
(1675525885.796438) vcan0 0E0#E27301E800803A00
(1675525885.797527) vcan0 1B0#00C0000001B000FC
(1675525885.798545) vcan0 1B5#FF07221560E0FFEF
(1675525885.799512) vcan0 008#5480F43B00800080
(1675525885.800616) vcan0 1D8#363339343234E143
(1675525885.801650) vcan0 1E0#0000F34300B917E0
(1675525885.802682) vcan0 2C3#4F9E00FFFFA75450
(1675525885.803786) vcan0 010#008000002FB031F8
(1675525885.804762) vcan0 291#0000000000000000
(1675525885.804837) vcan0 330#2800000000000000
(1675525885.807584) vcan0 125#E5F97FE5C1D0D735
(1675525885.807658) vcan0 3C8#4F9E008E882C008E
(1675525885.807732) vcan0 055#F9F71738B2949E80
(1675525885.808549) vcan0 065#7BE617F804EE6A02
(1675525885.808554) vcan0 070#000005F86BE20D00
(1675525885.808705) vcan0 072#F000FF3F0078A038
(1675525885.808782) vcan0 075#0000000000005458
(1675525885.809655) vcan0 080#3E508000C2002C00
(1675525885.809732) vcan0 0B0#52831AA3E4C152E3
(1675525885.809809) vcan0 145#F9E2D180FC4810A1
(1675525885.812558) vcan0 210#07E080A0C569C445
(1675525885.812635) vcan0 290#0000000000000000
(1675525885.812712) vcan0 2C0#4F9E00010000A0F1
(1675525885.812863) vcan0 2C5#35DF8DBE7DE6D470
(1675525885.812947) vcan0 288#F5DF40BF00000080
(1675525885.813026) vcan0 0F5#53A95EA97F6762C4
(1675525885.813105) vcan0 120#93A97BA97F015689
(1675525885.813183) vcan0 008#5480042B00800080
(1675525885.813260) vcan0 130#CFFF1D6729D3FF11
(1675525885.813555) vcan0 150#5529FE97FDF7E5C0
(1675525885.813634) vcan0 010#008000002FB031F8
(1675525885.813709) vcan0 1D0#0000000000000861
(1675525885.814653) vcan0 0E0#627300F000801B00
(1675525885.815669) vcan0 1B0#00C0000002B000FC
(1675525885.816754) vcan0 1B5#FF223C226DE0FFEF
(1675525885.819183) vcan0 008#5480141B00800080
(1675525885.820284) vcan0 1D8#363339343234E143
(1675525885.821319) vcan0 1E0#0004E34300B917E0
(1675525885.822286) vcan0 260#D0FF0055497487B0
(1675525885.823388) vcan0 010#008000002FB031F8
(1675525885.823471) vcan0 072#F000FF3F00788038
(1675525885.824438) vcan0 2A9#8C26008AC0000084
(1675525885.825404) vcan0 125#E5F97FE5C1D0D735
(1675525885.829705) vcan0 055#F9F71738B2949E80
(1675525885.829782) vcan0 065#78E617F8FEED6B02
(1675525885.829861) vcan0 070#000005F86BE20D00
(1675525885.829940) vcan0 075#0000000000005458
(1675525885.830017) vcan0 080#3E508000C2002C00
(1675525885.830095) vcan0 0B0#52831AA3E4C152E3
(1675525885.830243) vcan0 145#F9D2D280FC4810A1
(1675525885.830322) vcan0 28C#00000000002CFEA9
(1675525885.830399) vcan0 2B5#4B5D176293A67E79
(1675525885.830478) vcan0 370#0726C0008E03CF1F
(1675525885.830773) vcan0 350#A200000000000080
(1675525885.831792) vcan0 0F5#5BA95BA97F6B52C7
(1675525885.832879) vcan0 120#88A993A97F005689
(1675525885.832966) vcan0 008#5480240B00800080
(1675525885.833046) vcan0 130#D7FF1D6729C3FF11
(1675525885.833133) vcan0 150#5929FFA7FDF7D1C0
(1675525885.833850) vcan0 010#008000002FB031F8
(1675525885.833928) vcan0 1D0#0000000000000061
(1675525885.834005) vcan0 210#05E080A0C569C44D
(1675525885.834880) vcan0 291#0000000000000000
(1675525885.837843) vcan0 288#0AE040BF00000080
(1675525885.837922) vcan0 290#0000000000000000
(1675525885.838870) vcan0 072#F000FF3F0078A038
(1675525885.838944) vcan0 3B0#00D872386BB8C600
(1675525885.839909) vcan0 0E0#E27301F80080FA00
(1675525885.841013) vcan0 1B0#00C0000002B000FC
(1675525885.842050) vcan0 1B5#FF3D57307AE0FFEF
(1675525885.843086) vcan0 008#548034FB00800080
(1675525885.843159) vcan0 1D8#363339343234E143
(1675525885.843310) vcan0 1E0#0004E30300B917E0
(1675525885.843384) vcan0 2C3#4F9E00FFFFA75450
(1675525885.844076) vcan0 010#008000002FB031F9
(1675525885.845111) vcan0 125#E5FC7FE5C1D0D735
(1675525885.846214) vcan0 055#F9F71738B2949E80
(1675525885.847250) vcan0 065#7AE617F8FFED6B02
(1675525885.848694) vcan0 070#000005F86BE20D00
(1675525885.848774) vcan0 075#0000000000005458
(1675525885.848852) vcan0 080#3E508000C2002C00
(1675525885.848930) vcan0 0B0#52831AA3E4C152E3
(1675525885.849730) vcan0 145#F9C2D380FC4810A1
(1675525885.852551) vcan0 0F5#57A95BA97F6F42CA
(1675525885.852627) vcan0 120#5EA97BA97FFF5589
(1675525885.852705) vcan0 008#548044EB00800080
(1675525885.852784) vcan0 130#DFFF1D6729B3FF11
(1675525885.853582) vcan0 150#552904B8FDF7C5C0
(1675525885.853669) vcan0 260#D0FF0055497487B0
(1675525885.853820) vcan0 010#008000002FB031F8
(1675525885.853898) vcan0 072#F000FF3F00788038
(1675525885.854697) vcan0 1D0#0000000000000261
(1675525885.855714) vcan0 210#05E080A0C569C445
(1675525885.856801) vcan0 0E0#627300C00080DB00
(1675525885.857818) vcan0 288#FEDF50AF00000080
(1675525885.858822) vcan0 1B0#00C0000002B000FC
(1675525885.859927) vcan0 1B5#FF58723D88E0FFEF
(1675525885.860963) vcan0 008#548054DB00800080
(1675525885.863305) vcan0 1D8#363339343234E143
(1675525885.863448) vcan0 1E0#0008D34300B917E0
(1675525885.863521) vcan0 010#008000002FB031F8
(1675525885.863594) vcan0 291#0000000000000000
(1675525885.863669) vcan0 2A9#8C260082C0000084
(1675525885.866145) vcan0 125#E5FC7FE5C1D0D735
(1675525885.867187) vcan0 055#F9F71738B2949E80
(1675525885.868291) vcan0 065#7FE617F803EE6B02
(1675525885.868367) vcan0 070#000005F86BE20D00
(1675525885.868440) vcan0 072#F000FF3F0078A038
(1675525885.869271) vcan0 075#0000000000005458
(1675525885.869350) vcan0 080#3E508000C2002C00
(1675525885.869500) vcan0 0B0#52831AA3E4C152E3
(1675525885.869577) vcan0 145#F9B2D480FC4810A1
(1675525885.869656) vcan0 28C#00000000002CFEA9
(1675525885.870383) vcan0 290#0000000000000000
(1675525885.870460) vcan0 2B5#4B5D176293A67E79
(1675525885.870538) vcan0 2C0#4F9E00010000A0F1
(1675525885.870616) vcan0 2C5#35DF8DBE7FE6D470
(1675525885.871414) vcan0 340#9F00000000000000
(1675525885.872935) vcan0 360#609E0071BB51A001
(1675525885.873013) vcan0 3AF#0000000000000020
(1675525885.873097) vcan0 0F5#4BA95BA97F7332CE
(1675525885.873176) vcan0 120#88A980A97FFC5589
(1675525885.873254) vcan0 008#548064CB00800080
(1675525885.873406) vcan0 130#E7FF1D6729A3FF11
(1675525885.873483) vcan0 150#5E29FFC7FDF7ACC0
(1675525885.873994) vcan0 010#008000002FB031F8
(1675525885.874073) vcan0 1D0#0000000000000061
(1675525885.874151) vcan0 390#80FF050002065E4F
(1675525885.879175) vcan0 0E0#627300C80080BB00
(1675525885.880278) vcan0 1B0#00C0000002B000FC
(1675525885.881314) vcan0 1B5#FF728D4B95E0FFEF
(1675525885.882484) vcan0 008#548074BB00800080
(1675525885.882559) vcan0 1D8#363339343234E143
(1675525885.883525) vcan0 1E0#000CC34300B917E0
(1675525885.883599) vcan0 260#D0FF0055497487B0
(1675525885.883672) vcan0 010#008000002FB031F8
(1675525885.883757) vcan0 072#F000FF3F00788038
(1675525885.884584) vcan0 210#05E08020C569C44D
(1675525885.884660) vcan0 2C3#4F9E00FFFFA85450
(1675525885.884734) vcan0 330#2800000000000000
(1675525885.884875) vcan0 3D0#9B0F6100641B80C3
(1675525885.885636) vcan0 125#E5FC7FE5C1D0D735
(1675525885.885709) vcan0 288#02E050AF00000080
(1675525885.886742) vcan0 055#F9F71738B2949E80
(1675525885.887778) vcan0 065#79E617F801EE6B02
(1675525885.888844) vcan0 070#000005F86AE20D00
(1675525885.890151) vcan0 075#0000000000005458
(1675525885.890228) vcan0 080#3E508000C2002C00
(1675525885.890306) vcan0 0B0#52831AA3E4C152E3
(1675525885.890457) vcan0 145#F9A2D580FC4810A1
(1675525885.893136) vcan0 0F5#67A957A97F7722D1
(1675525885.893280) vcan0 120#93A984A97FFC5589
(1675525885.893315) vcan0 008#548084AB00800080
(1675525885.893393) vcan0 130#EFFF1D672993FF11
(1675525885.893544) vcan0 150#5C2900D8FDF79EC0
(1675525885.894201) vcan0 010#008000002FB031F8
(1675525885.894278) vcan0 1D0#0000000000000861
(1675525885.894427) vcan0 291#0000000000000000
(1675525885.895298) vcan0 290#0000000000000000
(1675525885.896314) vcan0 072#F000FF3F0078A038
(1675525885.897403) vcan0 0E0#627300D000809B00
(1675525885.898488) vcan0 1B0#00C0000005B000FC
(1675525885.899561) vcan0 1B5#FF8DA858A3E0FFEF
(1675525885.900596) vcan0 008#5480949B00800080
(1675525885.901630) vcan0 1D8#363339343234E143
(1675525885.903075) vcan0 1E0#000CC30300B917E0
(1675525885.904109) vcan0 010#008000002FB031F8
(1675525885.905145) vcan0 2A9#8C26009BC0000084
(1675525885.906258) vcan0 125#E5FC7FE5C1D0D735
(1675525885.909024) vcan0 055#F9F71738B2949E80
(1675525885.909168) vcan0 065#77E617F8FDED6A02
(1675525885.909242) vcan0 070#000005F86AE20D00
(1675525885.909315) vcan0 075#0000000000005458
(1675525885.909388) vcan0 080#3E508000C2002C00
(1675525885.910081) vcan0 0B0#52831AA3E4C152E3
(1675525885.910224) vcan0 145#F992D680FC4810A1
(1675525885.910298) vcan0 210#05E080A0C569C445
(1675525885.910373) vcan0 28C#00000000002CFEA9
(1675525885.910446) vcan0 2B5#4B5D176293A67E79
(1675525885.911205) vcan0 288#FEDF50AF00000080
(1675525885.912240) vcan0 0F5#4FA963A97F7B12D5
(1675525885.912313) vcan0 120#6FA980A97FFF5589
(1675525885.912389) vcan0 008#5480A48B00800080
(1675525885.913288) vcan0 130#F7FF1D672983FF11
(1675525885.916181) vcan0 150#6229FFE7FDF788C0
(1675525885.916254) vcan0 260#D0FF0055497487B0
(1675525885.916397) vcan0 3CA#00000000510000C8
(1675525885.916471) vcan0 010#008000002FB031F8
(1675525885.916546) vcan0 072#F000FF3F00788038
(1675525885.916620) vcan0 1D0#0000000000000061
(1675525885.917244) vcan0 0E0#627300D800807B00
(1675525885.918346) vcan0 350#A200000000000080
(1675525885.919401) vcan0 1B0#00C0000004B000FC
(1675525885.920369) vcan0 1B5#FFA8C365B0E0FFEF
(1675525885.921406) vcan0 008#5480B47B00800080
(1675525885.922441) vcan0 1D8#363339343234E143
(1675525885.923544) vcan0 1E0#0010B34300B917E0
(1675525885.923620) vcan0 2C3#4F9E00FFFFA85450
(1675525885.923693) vcan0 010#008000002FB031F9
(1675525885.926441) vcan0 291#0000000000000000
(1675525885.926525) vcan0 125#E5FC7FE5C1D0D735
(1675525885.926600) vcan0 3C8#4F9E008E882C008E
(1675525885.927498) vcan0 055#F9F71738B2949E80
(1675525885.928547) vcan0 065#7BE617F8FFED6A02
(1675525885.928701) vcan0 070#000005F869E20D00
(1675525885.928779) vcan0 072#F000FF3F0078A038
(1675525885.928856) vcan0 075#0000000000005458
(1675525885.929585) vcan0 080#3D508000C2002C00
(1675525885.929662) vcan0 0B0#52831AA3E4C152E3
(1675525885.929740) vcan0 145#F982D780FC4810A1
(1675525885.929819) vcan0 290#0000000000000000
(1675525885.929897) vcan0 2C0#4F9E00000000A0F1
(1675525885.930623) vcan0 2C5#35DF8DBE78E6D470
(1675525885.930700) vcan0 370#0726C0008E03CF1F
(1675525885.932152) vcan0 3E0#000000D933808092
(1675525885.932229) vcan0 0F5#57A963A97F7F02D8
(1675525885.932313) vcan0 120#88A977A97FFE5589
(1675525885.932392) vcan0 008#5480C46B00800080
(1675525885.933194) vcan0 130#FFFF1D672973FF11
(1675525885.933272) vcan0 150#5E29FEF7FDF77CC0
(1675525885.933350) vcan0 010#008000002FB031F8
(1675525885.934221) vcan0 1D0#0000000000000261
(1675525885.934372) vcan0 210#05E080A0C569C44D
(1675525885.935317) vcan0 288#02E050AF00000080
(1675525885.940592) vcan0 0E0#627302E000805900
(1675525885.941627) vcan0 1B0#00C0000002B000FC
(1675525885.942733) vcan0 1B5#FFC3DE73BDE0FFEF
(1675525885.942806) vcan0 008#5480D45B00800080
(1675525885.942881) vcan0 1D8#363339343234E143
(1675525885.942956) vcan0 1E0#0014A34300B917E0
(1675525885.943784) vcan0 260#D0FF00AA497487B0
(1675525885.943858) vcan0 010#008000002FB031F8
(1675525885.943941) vcan0 072#F000FF3F00788038
(1675525885.944016) vcan0 2A9#8C260082C0000084
(1675525885.944844) vcan0 125#E5FC7FE5C1D0D735
(1675525885.945877) vcan0 055#F9F71638B2949E80
(1675525885.946982) vcan0 065#7CE617F803EE6902
(1675525885.948017) vcan0 070#000005F869E20D00
(1675525885.949134) vcan0 075#0000000000005458
(1675525885.949204) vcan0 080#3D508000C2002C00
(1675525885.949283) vcan0 0B0#52831AA3E4C152E3
(1675525885.949360) vcan0 145#F972D880FC4810A1
(1675525885.949437) vcan0 28C#00000000002CFEA9
(1675525885.950166) vcan0 2B5#4B5E176293A67E78
(1675525885.951543) vcan0 340#9F00000000000000
(1675525885.952631) vcan0 0F5#63A95EA97F43F2DB
(1675525885.952709) vcan0 120#98A988A97FFC5589
(1675525885.952786) vcan0 008#5480E44B00800080
(1675525885.955471) vcan0 130#87FF1D672963FF11
(1675525885.955547) vcan0 150#59290008FDF771C0
(1675525885.955626) vcan0 010#008000002FB031F8
(1675525885.955705) vcan0 1D0#0000000000000061
(1675525885.955782) vcan0 291#0000000000000000
(1675525885.956510) vcan0 290#0000000000000000
(1675525885.957597) vcan0 072#F000FF3F0078A038
(1675525885.958682) vcan0 210#05E080A0C569C44D
(1675525885.958756) vcan0 3B0#00FC72386BB8C400
(1675525885.959723) vcan0 0E0#627303E800803800
(1675525885.960758) vcan0 288#02E0609F00000080
(1675525885.961791) vcan0 1B0#00C0000005B000FC
(1675525885.962896) vcan0 1B5#FFDEF880CBE0FFEF
(1675525885.962970) vcan0 008#5480F43B00800080
(1675525885.963045) vcan0 1D8#363339343234E143
(1675525885.965792) vcan0 1E0#0014A30300B917E0
(1675525885.965878) vcan0 2C3#4F9E00FFFFA95450
(1675525885.965952) vcan0 010#008000002FB031F8
(1675525885.966027) vcan0 330#2800000000000000
(1675525885.966170) vcan0 125#E5FC7FE5C1D0D735
(1675525885.966862) vcan0 055#F9F71638B2949E80
(1675525885.967895) vcan0 065#7AE617F8FFED6902
(1675525885.968986) vcan0 070#000005F868E20D00
(1675525885.969066) vcan0 075#0000000000005458
(1675525885.969145) vcan0 080#3C508000C2002C00
(1675525885.969223) vcan0 0B0#52831AA3E4C152E3
(1675525885.969300) vcan0 145#F962D980FC4810A1
(1675525885.970028) vcan0 360#609E0071BB51A001
(1675525885.971191) vcan0 0F5#57A963A97F47E2DF
(1675525885.972208) vcan0 120#73A984A97FFE5589
(1675525885.975027) vcan0 008#5480042B00800080
(1675525885.975176) vcan0 130#8FFF1D6B294F0112
(1675525885.975264) vcan0 150#64290018FDF756C0
(1675525885.975342) vcan0 260#D0FF00AA497487B0
(1675525885.975421) vcan0 010#008000002FB031F8
(1675525885.975497) vcan0 072#F000FF3F00788038
(1675525885.975576) vcan0 1D0#0000000000000861
(1675525885.975653) vcan0 390#80FF050002025F4F
(1675525885.976165) vcan0 0E0#627301F000801A00
(1675525885.977181) vcan0 1B0#00C0000003B000FC
(1675525885.978270) vcan0 008#5480141B00800080
(1675525885.979323) vcan0 1B5#FFF9138DD8E0FFEF
(1675525885.980359) vcan0 1D8#363339343234E143
(1675525885.983175) vcan0 1E0#0018934300B917E0
(1675525885.983250) vcan0 010#008000002FB031F8
(1675525885.984213) vcan0 210#05E080A0C569C445
(1675525885.984288) vcan0 291#0000000000000000
(1675525885.984430) vcan0 2A9#8C26009BC0000084
(1675525885.985270) vcan0 125#E5FC7FE5C1D0D735
(1675525885.986372) vcan0 288#EDDF609F00000080
(1675525885.987406) vcan0 055#F9F71638B2949E80
(1675525885.988440) vcan0 065#79E616F800EE6802
(1675525885.988552) vcan0 070#000005F868E20D00
(1675525885.988705) vcan0 075#0000000000005458
(1675525885.988782) vcan0 080#3C508000C2002C00
(1675525885.989582) vcan0 0B0#52831AA3E4C152E3
(1675525885.989661) vcan0 145#F952DA80FC4810A1
(1675525885.989737) vcan0 28C#00000000002CFEA9
(1675525885.992340) vcan0 072#F000FF3F0078A038
(1675525885.992492) vcan0 290#0000000000000000
(1675525885.992568) vcan0 2B5#4B5E176293A67D76
(1675525885.992647) vcan0 2C0#4F9E00000000A0F1
(1675525885.992725) vcan0 2C5#35DF8DBE7AE6D470
(1675525885.992802) vcan0 3AF#0000000000000020
(1675525885.992888) vcan0 0F5#63A967A97F4BD2E2
(1675525885.993039) vcan0 120#80A980A97FFD5589
(1675525885.993116) vcan0 008#5480240B00800080
(1675525885.993195) vcan0 130#97FF1D6B293F0112
(1675525885.993489) vcan0 150#5B29FA27FDF74FC0
(1675525885.994504) vcan0 581#FFFFFFFFFFFF0081
(1675525885.995594) vcan0 010#008000002FB031F9
(1675525885.995672) vcan0 1D0#0000000000000261
(1675525885.995750) vcan0 400#010102010102010C
(1675525885.998570) vcan0 405#48314C3437564D11
(1675525885.999606) vcan0 0E0#627306F80080F500
(1675525886.000709) vcan0 1B0#00C0000002B000FC
(1675525886.001746) vcan0 1B5#FF132E9BE6E0FFEF
(1675525886.002780) vcan0 008#548034FB00800080
(1675525886.002922) vcan0 1D8#363339343234E143
(1675525886.002999) vcan0 1E0#001C834300B917E0
(1675525886.003835) vcan0 260#D0FF00AA497487B0
(1675525886.003979) vcan0 2C3#4F9E00FFFFAA5450
(1675525886.004944) vcan0 125#E5FC7FE5C1D0D735
(1675525886.005978) vcan0 010#008000002FB031F8
(1675525886.006052) vcan0 072#F000FF3F0078A038
(1675525886.007021) vcan0 055#F9F71638B2949E80
(1675525886.008123) vcan0 065#7DE616F801EE6702
(1675525886.008197) vcan0 070#000005F867E20D00
(1675525886.010932) vcan0 075#0000000000005458
(1675525886.011007) vcan0 080#3C508000C2002C00
(1675525886.011150) vcan0 0B0#52831AA3E4C152E3
(1675525886.011223) vcan0 145#F942DB80FC4810A1
(1675525886.011297) vcan0 210#05E080A0C569C445
(1675525886.011371) vcan0 288#F5DF609F00000080
(1675525886.011995) vcan0 350#A200000000000080
(1675525886.012344) vcan0 0F5#57A95EA97F4FC2E5
(1675525886.012498) vcan0 120#A0A977A97FFE5589
(1675525886.012571) vcan0 008#548044EB00800080
(1675525886.012646) vcan0 130#9FFF1D6B292F0112
(1675525886.013404) vcan0 150#5E29FB37FDF73CC0
(1675525886.014575) vcan0 010#008000002FB031F8
(1675525886.014651) vcan0 1D0#0000000000000061
(1675525886.014794) vcan0 291#0000000000000000
(1675525886.015622) vcan0 290#0000000000000000
(1675525886.016726) vcan0 072#F000FF3F00788038
(1675525886.017761) vcan0 0E0#62730BC00080D000
(1675525886.018837) vcan0 1B0#00C0000003B000FC
(1675525886.019928) vcan0 1B5#FF2E49A8F3E0FFEF
(1675525886.020946) vcan0 008#548054DB00800080
(1675525886.022034) vcan0 1D8#363339343234E143
(1675525886.024706) vcan0 1E0#001C830300B917E0
(1675525886.024858) vcan0 010#008000002FB031F8
(1675525886.024947) vcan0 2A9#8C260082C0000084
(1675525886.025891) vcan0 125#E5FC7FE5C1D0D735
(1675525886.026980) vcan0 055#F9F71638B2949E80
(1675525886.027996) vcan0 065#7AE616F802EE6802
(1675525886.029015) vcan0 070#000005F867E20D00
(1675525886.029088) vcan0 075#0000000000005458
(1675525886.031909) vcan0 080#3C508000C2002C00
(1675525886.031984) vcan0 0B0#52831AA3E4C152E3
(1675525886.032058) vcan0 145#F932DC80FC4810A1
(1675525886.032132) vcan0 28C#00000000002CFEA9
(1675525886.032206) vcan0 2B5#4B5F176293A67C76
(1675525886.032280) vcan0 340#9F00000000000000
(1675525886.032423) vcan0 370#0726C0008E03CF1F
(1675525886.032497) vcan0 0F5#63A963A97F53B2E9
(1675525886.032572) vcan0 120#8CA990A97FFF5589
(1675525886.032988) vcan0 008#548064BD0E800080
(1675525886.033088) vcan0 130#A7FF1D6B291F0112
(1675525886.033163) vcan0 150#6029FF47FDF72AC0
(1675525886.033236) vcan0 260#D0FF0055497487B0
(1675525886.034135) vcan0 3CA#00000000520000C8
(1675525886.034209) vcan0 010#008000002FB031F8
(1675525886.035519) vcan0 072#F000FF3F00788038
(1675525886.035593) vcan0 1D0#0000000000000061
(1675525886.035737) vcan0 210#05E08020C569C44D
(1675525886.035812) vcan0 288#FEDF609F00000080
(1675525886.036638) vcan0 0E0#62730AC80080B100
(1675525886.037741) vcan0 1B0#00C0000003B000FC
(1675525886.038753) vcan0 1B5#FF4964B600E0FFEF
(1675525886.039842) vcan0 008#548074AD0E800080
(1675525886.040858) vcan0 1D8#363339343234E143
(1675525886.041948) vcan0 1E0#0020734300B917E0
(1675525886.046281) vcan0 2C3#4F9E00FFFFAA5450
(1675525886.046377) vcan0 010#008000002FB031F8
(1675525886.046454) vcan0 291#0000000000000000
(1675525886.046531) vcan0 330#2800000000000000
(1675525886.046611) vcan0 425#0000000000000000
(1675525886.046686) vcan0 125#E5FC7FE5C1D0D735
(1675525886.046765) vcan0 3C8#4F9E008E882C008E
(1675525886.047348) vcan0 055#F9F71638B2949E80
(1675525886.048534) vcan0 065#79E616F8FFED6702
(1675525886.048609) vcan0 070#000005F867E20D00
(1675525886.048684) vcan0 072#F000FF3F0078A038
(1675525886.048758) vcan0 075#0000000000005458
(1675525886.049519) vcan0 080#3C508000C2002C00
(1675525886.049593) vcan0 0B0#52831AA3E4C152E3
(1675525886.049668) vcan0 145#F922DD80FC4810A1
(1675525886.049742) vcan0 290#0000000000000000
(1675525886.050572) vcan0 2C0#4F9E00000000A0F1
(1675525886.050656) vcan0 2C5#35DF8DBE7BE6D470
(1675525886.051624) vcan0 0F5#57A957A97F57A2EC
(1675525886.052798) vcan0 120#73A988A97FFE5589
(1675525886.055475) vcan0 008#5480849D0E800080
(1675525886.055550) vcan0 130#AFFF1D6B290F0112
(1675525886.055692) vcan0 150#5E29FF57FDF71CC0
(1675525886.055766) vcan0 010#008000002FB031F8
(1675525886.055840) vcan0 1D0#0000000000000861
(1675525886.056669) vcan0 210#05E080A0C569C445
(1675525886.057706) vcan0 0E0#62730CD000808F00
(1675525886.058770) vcan0 288#F9DF708F00000080
(1675525886.059859) vcan0 1B0#00C0000003B000FC
(1675525886.060876) vcan0 1B5#FF647FC30EE0FFEF
(1675525886.061968) vcan0 008#518094900E800080
(1675525886.064787) vcan0 1D8#363339343234E143
(1675525886.064865) vcan0 1E0#0024634300B917E0
(1675525886.064953) vcan0 260#D0FF0055497487B0
(1675525886.065031) vcan0 010#008000002FB031F8
(1675525886.065107) vcan0 072#F000FF3F00788038
(1675525886.065185) vcan0 2A9#8C26008AC0000084
(1675525886.065841) vcan0 125#E5FC7FE5C1D0D735
(1675525886.067001) vcan0 055#F9F71638B2949E80
(1675525886.068016) vcan0 065#7AE616F800EE6702
(1675525886.068093) vcan0 070#000005F867E20D00
(1675525886.069082) vcan0 075#0000000000005458
(1675525886.069158) vcan0 080#3C508000C2002C00
(1675525886.069301) vcan0 0B0#52831AA3E4C152E3
(1675525886.069374) vcan0 145#F912DE80FC4810A1
(1675525886.069448) vcan0 28C#00000000002CFEA9
(1675525886.071922) vcan0 2B5#4B5F176293A67C76
(1675525886.071996) vcan0 360#609E0071BB51A001
(1675525886.072139) vcan0 0F5#4FA95EA97F5B92EF
(1675525886.072222) vcan0 120#A0A97BA97FFE5589
(1675525886.072984) vcan0 008#5180A4800E800080
(1675525886.073057) vcan0 130#B7FF1D6B29FFFF11
(1675525886.073200) vcan0 150#5B29FE67FDF70FC0
(1675525886.074029) vcan0 010#008000002FB031F8
(1675525886.074174) vcan0 1D0#0000000000000061
(1675525886.074246) vcan0 291#0000000000000000
(1675525886.075146) vcan0 390#80FF0500023E504F
(1675525886.076179) vcan0 290#0000000000000000
(1675525886.077214) vcan0 072#F000FF3F0078A038
(1675525886.078383) vcan0 3B0#00D872386BB8C400
(1675525886.079350) vcan0 0E0#62730DD800806E00
(1675525886.082242) vcan0 1B0#00C0000001B000FC
(1675525886.082393) vcan0 1B5#FF7F99D01BE0FFEF
(1675525886.082473) vcan0 008#5180B4700E800080
(1675525886.083344) vcan0 1D8#363339343234E143
(1675525886.083431) vcan0 1E0#0024630300B917E0
(1675525886.083509) vcan0 2C3#4F9E00FFFFAB5450
(1675525886.083588) vcan0 010#008000002FB031F9
(1675525886.084459) vcan0 210#05E080A0C569C44D
(1675525886.084611) vcan0 3D0#9B0F6100641B80C3
(1675525886.085556) vcan0 125#E5FC7FE5C1D0D735
(1675525886.086574) vcan0 288#02E0708F00000080
(1675525886.087662) vcan0 055#F9F71638B2949E80
(1675525886.087739) vcan0 065#7CE616F802EE6702
(1675525886.088750) vcan0 070#000005F866E20D00
(1675525886.091570) vcan0 075#0000000000005458
(1675525886.091644) vcan0 080#3B508000C2002C00
(1675525886.091718) vcan0 0B0#52831AA3E4C152E3
(1675525886.091792) vcan0 145#F902DF80FC4810A1
(1675525886.091936) vcan0 430#2E082C0000002CC6
(1675525886.092628) vcan0 0F5#5EA957A97F5F82F3
(1675525886.092712) vcan0 120#A0A984A97FFF5589
(1675525886.092786) vcan0 008#5180C4600E800080
(1675525886.092860) vcan0 130#BFFF1D6B29EFFF11
(1675525886.093003) vcan0 150#5B29FF77FDF7FFC0
(1675525886.093696) vcan0 260#D0FF0055497487B0
(1675525886.093770) vcan0 010#008000002FB031F8
(1675525886.093844) vcan0 072#F000FF3F00788038
(1675525886.094741) vcan0 1D0#0000000000000261
