(1675526491.700812) vcan0 010#000000002FB031F8
(1675526491.702323) vcan0 072#F000FF3F00788038
(1675526491.702400) vcan0 1D0#0000000000000061
(1675526491.702478) vcan0 008#16808C6900800080
(1675526491.706285) vcan0 1B0#00C07E0000B0BDEC
(1675526491.707701) vcan0 1B5#FF00000000E0FFEF
(1675526491.707829) vcan0 1D8#363339343234DD43
(1675526491.707907) vcan0 1E0#0010BBC180BD17E0
(1675526491.709221) vcan0 2C3#5D8700FFFF005450
(1675526491.709347) vcan0 0E0#627100E000806300
(1675526491.710645) vcan0 288#F9DFA05F00000080
(1675526491.710723) vcan0 350#A200000000000080
(1675526491.710800) vcan0 260#D0FF005549E185B0
(1675526491.712166) vcan0 008#16809C5900800080
(1675526491.713651) vcan0 010#000000002FB031F9
(1675526491.713799) vcan0 291#0000000000000000
(1675526491.713879) vcan0 2A9#8C26008AC0000084
(1675526491.713956) vcan0 125#E53F80E4C1D0D734
(1675526491.715168) vcan0 3C8#5D87008E882C008E
(1675526491.715320) vcan0 055#B6F7FF67B3009C80
(1675526491.715401) vcan0 065#38E3F8E7008EFC01
(1675526491.716766) vcan0 070#000048A800E25B00
(1675526491.716916) vcan0 075#0000000000005458
(1675526491.716994) vcan0 080#FF4F8000C2002C00
(1675526491.717071) vcan0 0B0#39837CA200C239A3
(1675526491.717147) vcan0 0F5#00800080BF5F8100
(1675526491.717228) vcan0 120#008000807FF95589
(1675526491.717378) vcan0 072#F000FF3F0078A038
(1675526491.717457) vcan0 130#BFFF1D000083FF11
(1675526491.719670) vcan0 145#FDC2D380FCC810A1
(1675526491.719728) vcan0 150#0000FC7703F883C0
(1675526491.719876) vcan0 210#D8E080A0A869F44D
(1675526491.719952) vcan0 28C#000020000016BE90
(1675526491.720031) vcan0 290#0000000000000000
(1675526491.720107) vcan0 2B5#4B22556293A64D39
(1675526491.720187) vcan0 2C0#5D8700530300A0F1
(1675526491.720264) vcan0 2C5#00DF1F0039E30070
(1675526491.720412) vcan0 3AF#0000000000000020
(1675526491.721200) vcan0 010#000000002FB031F8
(1675526491.722677) vcan0 1D0#0000000000000A61
(1675526491.722826) vcan0 008#1680AC4900800080
(1675526491.725433) vcan0 1B0#00C07E0000B0BDEC
(1675526491.726960) vcan0 1B5#FF00000000E0FFEF
(1675526491.727037) vcan0 1D8#363339343234DD43
(1675526491.727115) vcan0 1E0#0014ABC180BD17E0
(1675526491.728501) vcan0 0E0#627100E800804300
(1675526491.731243) vcan0 010#000000002FB031F8
(1675526491.732516) vcan0 072#F000FF3F00788038
(1675526491.734061) vcan0 008#1680BC3900800080
(1675526491.734119) vcan0 125#E53F80E4C1D0D734
(1675526491.735561) vcan0 288#02E0A05F00000080
(1675526491.735690) vcan0 055#B6F7FF67B3009C80
(1675526491.735767) vcan0 065#3BE3F8E7018EFC01
(1675526491.735844) vcan0 070#000048A800E25B00
(1675526491.735922) vcan0 075#0000000000005458
(1675526491.737186) vcan0 080#FF4F8000C2002C00
(1675526491.737264) vcan0 0B0#39837CA200C239A3
(1675526491.737414) vcan0 0F5#00800080BF637100
(1675526491.737492) vcan0 120#008000807FFA5589
(1675526491.737569) vcan0 130#C7FF1D000073FF11
(1675526491.737652) vcan0 145#FDB2D480FCC810A1
(1675526491.737729) vcan0 150#0000018803F873C0
(1675526491.741269) vcan0 260#D0FF005549E285B0
(1675526491.741398) vcan0 010#000000002FB031F8
(1675526491.741477) vcan0 1D0#0000000000000061
(1675526491.742786) vcan0 210#D8E08020A869F445
(1675526491.742914) vcan0 291#0000000000000000
(1675526491.742991) vcan0 008#1680CC2900800080
(1675526491.744301) vcan0 290#0000000000000000
(1675526491.745859) vcan0 1B0#00C07E0000B0BBEC
(1675526491.747329) vcan0 072#F000FF3F0078A038
(1675526491.747458) vcan0 1B5#FF00000000E0FFEF
(1675526491.747534) vcan0 1D8#363339343234DD43
(1675526491.747610) vcan0 1E0#0014AB8180BD17E0
(1675526491.747693) vcan0 2C3#5D8700FFFF005450
(1675526491.748772) vcan0 0E0#627100F000802300
(1675526491.750315) vcan0 010#000000002FB031F8
(1675526491.751784) vcan0 2A9#8C260093C0000084
(1675526491.753337) vcan0 008#1680DC1900800080
(1675526491.754805) vcan0 125#E53F80E4C1D0D734
(1675526491.755113) vcan0 055#B6F7FF67B3009C80
(1675526491.757803) vcan0 065#3CE3F8E7028EFC01
(1675526491.757955) vcan0 070#000048A800E25B00
(1675526491.758036) vcan0 075#0000000000005458
(1675526491.758113) vcan0 080#FD4F8000C2002C00
(1675526491.758192) vcan0 0B0#39837DA200C239A3
(1675526491.758267) vcan0 0F5#00800080BF676100
(1675526491.758420) vcan0 120#008000807FF95589
(1675526491.758499) vcan0 130#CFFF1D000063FF11
(1675526491.758575) vcan0 145#FDA2D580FCC810A1
(1675526491.758652) vcan0 150#0000FF9703F863C0
(1675526491.758728) vcan0 28C#000020000016BE90
(1675526491.758809) vcan0 2B5#4B22556293A64D37
(1675526491.758960) vcan0 340#4A00000000000000
(1675526491.759268) vcan0 370#0724C000581BC700
(1675526491.760812) vcan0 288#FEDFA05F00000080
(1675526491.762284) vcan0 010#000000002FB031F8
(1675526491.762413) vcan0 072#F000FF3F00788038
(1675526491.762490) vcan0 1D0#0000000000000061
(1675526491.762568) vcan0 008#1680EC0900800080
(1675526491.766298) vcan0 1B0#00C07F0000B0BCEC
(1675526491.767719) vcan0 1B5#FF00000000E0FFEF
(1675526491.767847) vcan0 1D8#363339343234DD43
(1675526491.767926) vcan0 1E0#00189BC180BD17E0
(1675526491.769116) vcan0 210#D8E080A0A869F44D
(1675526491.769244) vcan0 0E0#627100F800800300
(1675526491.770668) vcan0 260#D0FF005549E285B0
(1675526491.772141) vcan0 010#000000002FB031F8
(1675526491.772289) vcan0 291#0000000000000000
(1675526491.772370) vcan0 330#2800000000000000
(1675526491.772455) vcan0 008#1680FCF900800080
(1675526491.773719) vcan0 125#E53F80E4C1D0D734
(1675526491.775192) vcan0 055#B7F7FF67B3009C80
(1675526491.775321) vcan0 065#3BE3F7E7008EFB01
(1675526491.775400) vcan0 070#000047A800E25B00
(1675526491.778140) vcan0 075#0000000000005458
(1675526491.778218) vcan0 080#FE4F8000C2002C00
(1675526491.778369) vcan0 072#F000FF3F0078A038
(1675526491.778448) vcan0 0B0#39837DA200C239A3
(1675526491.778526) vcan0 0F5#00800080BF6B5100
(1675526491.778606) vcan0 120#008000807FF95589
(1675526491.778683) vcan0 130#D7FF1D000053FF11
(1675526491.778760) vcan0 145#FD92D680FCC810A1
(1675526491.778910) vcan0 150#0000FFA703F853C0
(1675526491.778986) vcan0 290#0000000000000000
(1675526491.779068) vcan0 2C0#5D8700520300A0F1
(1675526491.779155) vcan0 2C5#00DF1F003AE30070
(1675526491.779667) vcan0 360#5D8700D3BB64A001
(1675526491.781181) vcan0 010#000000002FB031F8
(1675526491.782705) vcan0 1D0#0000000000000061
(1675526491.782784) vcan0 390#80FF051D020E5C4F
(1675526491.782934) vcan0 008#16800CE900800080
(1675526491.784176) vcan0 288#F9DFA05F00000080
(1675526491.785661) vcan0 1B0#00C07E0000B0BDEC
(1675526491.787205) vcan0 1B5#FF00000000E0FFEF
(1675526491.787262) vcan0 1D8#363339343234DD43
(1675526491.787339) vcan0 1E0#001C8BC180BD17E0
(1675526491.787488) vcan0 2C3#5D8700FFFF005450
(1675526491.788696) vcan0 0E0#627100C00080E300
(1675526491.791473) vcan0 010#000000002FB031F8
(1675526491.792765) vcan0 072#F000FF3F00788038
(1675526491.792842) vcan0 210#D8E080A0A869F445
(1675526491.793001) vcan0 2A9#8C26008AC0000084
(1675526491.794268) vcan0 008#16801CD900800080
(1675526491.794422) vcan0 125#E53F80E4C1D0D734
(1675526491.795940) vcan0 055#B7F7FF67B3009C80
(1675526491.795996) vcan0 065#37E3F7E7FE8DFB01
(1675526491.796147) vcan0 070#000047A800E25B00
(1675526491.796225) vcan0 075#0000000000005458
(1675526491.796304) vcan0 080#FF4F8000C2002C00
(1675526491.796383) vcan0 0B0#39837DA200C239A3
(1675526491.796462) vcan0 0F5#00800080BF6F4100
(1675526491.798805) vcan0 120#008000807FF85589
(1675526491.798862) vcan0 130#DFFF1D000043FF11
(1675526491.798939) vcan0 145#FD82D780FCC810A1
(1675526491.799089) vcan0 150#0000FFB703F843C0
(1675526491.799169) vcan0 28C#000020000016BE91
(1675526491.799248) vcan0 2B5#4B22556293A64D39
(1675526491.800280) vcan0 350#A200000000000080
(1675526491.801805) vcan0 260#D0FF005549E185B0
(1675526491.801884) vcan0 010#000000002FB031F9
(1675526491.802031) vcan0 1D0#0000000000000A61
(1675526491.802110) vcan0 291#0000000000000000
(1675526491.803346) vcan0 008#16802CC900800080
(1675526491.804821) vcan0 290#0000000000000000
(1675526491.806265) vcan0 1B0#00C07E0000B0BDEC
(1675526491.806392) vcan0 1B5#FF00000000E0FFEF
(1675526491.806472) vcan0 1D8#363339343234DD43
(1675526491.807783) vcan0 1E0#001C8B8180BD17E0
(1675526491.807910) vcan0 072#F000FF3F0078A038
(1675526491.807990) vcan0 3B0#00D84A383DB8C400
(1675526491.809303) vcan0 0E0#627100C80080C300
(1675526491.810829) vcan0 288#02E0B04F00000080
(1675526491.812301) vcan0 008#16803CB900800080
(1675526491.813854) vcan0 010#000000002FB031F8
(1675526491.813911) vcan0 125#E53F80E4C1D0D734
(1675526491.815367) vcan0 055#B7F7FF67B3009C80
(1675526491.815422) vcan0 065#36E3F8E7FF8DFC01
(1675526491.815573) vcan0 070#000047A800E25B00
(1675526491.818258) vcan0 075#0000000000005458
(1675526491.818385) vcan0 080#FF4F8000C2002C00
(1675526491.818468) vcan0 0B0#39837CA200C239A3
(1675526491.818545) vcan0 0F5#00800080BF733100
(1675526491.818625) vcan0 120#008000807FFA5589
(1675526491.818778) vcan0 130#E7FF1D000033FF11
(1675526491.818855) vcan0 145#FD72D880FCC810A1
(1675526491.818935) vcan0 150#0000FFC703F833C0
(1675526491.819013) vcan0 210#D8E080A0A869F445
(1675526491.819090) vcan0 3CA#00000000530000C8
(1675526491.821067) vcan0 010#000000002FB031F8
(1675526491.822551) vcan0 072#F000FF3F00788038
(1675526491.822628) vcan0 1D0#0000000000000061
(1675526491.822777) vcan0 008#16804CA900800080
(1675526491.825310) vcan0 1B0#00C07E0000B0BDEC
(1675526491.826857) vcan0 1B5#FF00000000E0FFEF
(1675526491.826913) vcan0 1D8#363339343234DD43
(1675526491.826989) vcan0 1E0#00207BC180BD17E0
(1675526491.827138) vcan0 2C3#5D8700FFFF005450
(1675526491.828333) vcan0 0E0#627100D00080A300
(1675526491.829875) vcan0 260#D0FF00AA49E285B0
(1675526491.831275) vcan0 010#000000002FB031F8
(1675526491.831353) vcan0 291#0000000000000000
(1675526491.832774) vcan0 2A9#8C260082C0000084
(1675526491.832850) vcan0 008#16805C9900800080
(1675526491.834272) vcan0 125#E53F80E4C1D0D734
(1675526491.837328) vcan0 288#02E0B04F00000080
(1675526491.837385) vcan0 055#B7F7FF67B3009C80
(1675526491.837463) vcan0 065#38E3F8E7018EFC01
(1675526491.837610) vcan0 070#000047A800E25B00
(1675526491.837689) vcan0 075#0000000000005458
(1675526491.837769) vcan0 080#FF4F8000C2002C00
(1675526491.837846) vcan0 072#F000FF3F0078A038
(1675526491.837924) vcan0 0B0#39837CA200C239A3
(1675526491.838003) vcan0 0F5#00800080BF772100
(1675526491.838151) vcan0 120#008000807FF85589
(1675526491.838230) vcan0 130#EFFF1D000023FF11
(1675526491.838306) vcan0 145#FD62D980FCC810A1
(1675526491.838958) vcan0 150#000001D803F823C0
(1675526491.839039) vcan0 28C#000020000016BE90
(1675526491.839116) vcan0 290#0000000000000000
(1675526491.839195) vcan0 2B5#4B22556293A64D39
(1675526491.839273) vcan0 2C0#5D8700540300A0F1
(1675526491.839360) vcan0 2C5#00DF1F0039E30070
(1675526491.839511) vcan0 340#4A00000000000000
(1675526491.841802) vcan0 3AF#0000000000000020
(1675526491.841857) vcan0 3C8#5D87008E882C008E
(1675526491.842012) vcan0 010#000000002FB031F8
(1675526491.842090) vcan0 1D0#0000000000000061
(1675526491.842171) vcan0 210#D8E080A0A869F44D
(1675526491.843302) vcan0 008#16806C8900800080
(1675526491.846068) vcan0 1B0#00C07E0000B0BDEC
(1675526491.847472) vcan0 1B5#FF00000000E0FFEF
(1675526491.847551) vcan0 1D8#363339343234DD43
(1675526491.848968) vcan0 1E0#00246BC180BD17E0
(1675526491.849047) vcan0 0E0#627100D800808300
(1675526491.850411) vcan0 010#000000002FB031F8
(1675526491.851875) vcan0 072#F000FF3F00788038
(1675526491.852003) vcan0 330#2800000000000000
(1675526491.852102) vcan0 400#0101010201010119
(1675526491.852177) vcan0 405#2AF8A09A48186701
(1675526491.853435) vcan0 008#16807C7900800080
(1675526491.854962) vcan0 125#E53F80E4C1D0D734
(1675526491.855039) vcan0 055#B7F7FF67B3009C80
(1675526491.855116) vcan0 065#39E3F9E7018EFC01
(1675526491.856557) vcan0 070#000047A800E25B00
(1675526491.856686) vcan0 075#0000000000005458
(1675526491.856763) vcan0 080#FF4F8000C2002C00
(1675526491.856841) vcan0 0B0#39837CA200C239A3
(1675526491.856921) vcan0 0F5#00800080BF7B1100
(1675526491.856998) vcan0 120#008000807FF85589
(1675526491.857146) vcan0 130#F7FF1D000013FF11
(1675526491.858104) vcan0 145#FD52DA80FCC810A1
(1675526491.858183) vcan0 150#0000FFE703F813C0
(1675526491.858259) vcan0 370#0724C000581BC700
(1675526491.859524) vcan0 288#F5DFB04F00000080
(1675526491.860999) vcan0 260#D0FF00AA49E185B0
(1675526491.861152) vcan0 010#000000002FB031F8
(1675526491.862518) vcan0 1D0#0000000000000061
(1675526491.862644) vcan0 291#0000000000000000
(1675526491.862723) vcan0 008#16808C6900800080
(1675526491.865341) vcan0 290#0000000000000000
(1675526491.868062) vcan0 1B0#00C07E0000B0BBEC
(1675526491.868139) vcan0 072#F000FF3F0078A038
(1675526491.868216) vcan0 1B5#FF00000000E0FFEF
(1675526491.868366) vcan0 1D8#363339343234DD43
(1675526491.868443) vcan0 1E0#00246B8180BD17E0
(1675526491.868520) vcan0 210#D8E080A0A869F445
(1675526491.869601) vcan0 2C3#5D8700FFFF005450
(1675526491.869658) vcan0 0E0#627100E000806300
(1675526491.871097) vcan0 010#000000002FB031F8
(1675526491.871155) vcan0 2A9#8C26009BC0000084
(1675526491.872523) vcan0 008#16809C5900800080
(1675526491.874014) vcan0 125#E53F80E4C1D0D734
(1675526491.875545) vcan0 055#B7F7FF67B3009C80
(1675526491.875623) vcan0 065#39E3F8E7008EFC01
(1675526491.875701) vcan0 070#000047A800E25B00
(1675526491.875849) vcan0 075#0000000000005458
(1675526491.875927) vcan0 080#FF4F8000C2002C00
(1675526491.878559) vcan0 0B0#39837DA200C239A3
(1675526491.878689) vcan0 0F5#00800080BF7F0100
(1675526491.878766) vcan0 120#008000807FFA5589
(1675526491.878843) vcan0 130#FFFF1D000003FF11
(1675526491.878924) vcan0 145#FD42DB80FCC810A1
(1675526491.879002) vcan0 150#0000FDF703F803C0
(1675526491.879081) vcan0 28C#000020000016BE90
(1675526491.879231) vcan0 2B5#4B22556293A64D38
(1675526491.879317) vcan0 360#5D8700D3BB64A001
(1675526491.881300) vcan0 010#000000002FB031F9
(1675526491.882640) vcan0 072#F000FF3F00788038
(1675526491.882768) vcan0 1D0#0000000000000A61
(1675526491.884143) vcan0 390#80FF051D020A5D4F
(1675526491.884294) vcan0 008#1680AC4900800080
(1675526491.885666) vcan0 288#02E0B04F00000080
(1675526491.887209) vcan0 1B0#00C07E0000B0BCEC
(1675526491.887265) vcan0 1B5#FF00000000E0FFEF
(1675526491.887413) vcan0 1D8#363339343234DD43
(1675526491.887491) vcan0 1E0#00285BC180BD17E0
(1675526491.888748) vcan0 0E0#627100E800804300
(1675526491.890224) vcan0 350#A200000000000080
(1675526491.891694) vcan0 260#D0FF00AA49E285B0
(1675526491.891821) vcan0 010#000000002FB031F8
(1675526491.891901) vcan0 210#D8E08020A869F44D
(1675526491.891987) vcan0 291#0000000000000000
(1675526491.892065) vcan0 3D0#870F6100340680C3
(1675526491.893147) vcan0 008#1680BC3900800080
(1675526491.894672) vcan0 125#E53F80E4C1D0D734
(1675526491.894750) vcan0 055#B6F7FF67B3009C80
(1675526491.896318) vcan0 065#3AE3F8E7018EFC01
(1675526491.896375) vcan0 070#000047A800E25B00
(1675526491.896452) vcan0 075#0000000000005458
(1675526491.896600) vcan0 080#FF4F8000C2002C00
(1675526491.896683) vcan0 0B0#39837CA200C239A3
(1675526491.896760) vcan0 072#F000FF3F0078A038
(1675526491.896836) vcan0 0F5#00800080BF43F100
(1675526491.899126) vcan0 120#008000807FF95589
(1675526491.899254) vcan0 130#87FF1D0000F3FF11
(1675526491.899331) vcan0 145#FD32DC80FCC810A1
(1675526491.899409) vcan0 150#0000000803F8F3C0
(1675526491.899495) vcan0 290#0000000000000000
(1675526491.899571) vcan0 2C0#5D8700520300A0F1
(1675526491.899725) vcan0 2C5#00DF1F0039E30070
(1675526491.900672) vcan0 010#000000002FB031F8
(1675526491.902164) vcan0 1D0#0000000000000061
(1675526491.902291) vcan0 008#1680CC2900800080
(1675526491.906157) vcan0 1B0#00C07E0000B0BCEC
(1675526491.907627) vcan0 1B5#FF00000000E0FFEF
(1675526491.907685) vcan0 1D8#363339343234DD43
(1675526491.909000) vcan0 1E0#002C4BC180BD17E0
(1675526491.909135) vcan0 2C3#5D8700FFFF005450
(1675526491.909207) vcan0 0E0#627100F000802300
(1675526491.910522) vcan0 288#F5DFC03F00000080
(1675526491.912048) vcan0 008#1680DC1900800080
(1675526491.913538) vcan0 010#000000002FB031F8
(1675526491.913667) vcan0 072#F000FF3F00788038
(1675526491.913756) vcan0 2A9#8C260082C0000084
(1675526491.913833) vcan0 125#E53F80E4C1D0D734
(1675526491.915147) vcan0 055#B6F7FF67B3009C80
(1675526491.915152) vcan0 065#39E3F8E7FF8DFC01
(1675526491.918110) vcan0 070#000047A800E25B00
(1675526491.918167) vcan0 075#0000000000005458
(1675526491.918317) vcan0 080#FF4F8000C2002C00
(1675526491.918394) vcan0 0B0#39837DA200C239A3
(1675526491.918471) vcan0 0F5#00800080BF47E100
(1675526491.918548) vcan0 120#008000807FF95589
(1675526491.918628) vcan0 130#8FFF1D0000E3FF11
(1675526491.918704) vcan0 145#FD22DD80FCC810A1
(1675526491.918856) vcan0 150#0000FD1703F8E3C0
(1675526491.918939) vcan0 210#D8E080A0A869F44D
(1675526491.919016) vcan0 28C#000020000016BE90
(1675526491.919096) vcan0 2B5#4B22556293A64D38
(1675526491.919185) vcan0 340#4A00000000000000
(1675526491.920754) vcan0 260#D0FF005549E285B0
(1675526491.922173) vcan0 010#000000002FB031F8
(1675526491.923696) vcan0 1D0#0000000000000061
(1675526491.923774) vcan0 008#1680EC0900800080
(1675526491.923928) vcan0 291#0000000000000000
(1675526491.925170) vcan0 290#0000000000000000
(1675526491.926660) vcan0 072#F000FF3F0078A038
(1675526491.926738) vcan0 1B0#00C07C0000B0BDEC
(1675526491.926815) vcan0 1B5#FF00000000E0FFEF
(1675526491.926967) vcan0 1D8#363339343234DD43
(1675526491.927046) vcan0 1E0#002C4B8180BD17E0
(1675526491.928182) vcan0 3B0#00D84A3C3DB8C600
(1675526491.929705) vcan0 0E0#627100F800800300
(1675526491.931178) vcan0 010#000000002FB031F8
(1675526491.932720) vcan0 330#2800000000000000
(1675526491.932776) vcan0 008#1680FCF900800080
(1675526491.934211) vcan0 125#E53F80E4C1D0D734
(1675526491.935682) vcan0 055#B6F7FF67B3009C80
(1675526491.935739) vcan0 065#36E3F8E7FE8DFC01
(1675526491.935886) vcan0 070#000048A800E25B00
(1675526491.935965) vcan0 075#0000000000005458
(1675526491.936042) vcan0 080#FF4F8000C2002C00
(1675526491.938682) vcan0 0B0#39837CA200C239A3
(1675526491.938810) vcan0 0F5#00800080BF4BD100
(1675526491.938889) vcan0 120#008000807FF95589
(1675526491.938965) vcan0 130#97FF1D0000D3FF11
(1675526491.939043) vcan0 145#FD12DE80FCC810A1
(1675526491.939195) vcan0 150#0000FF2703F8D3C0
(1675526491.939273) vcan0 288#F9DFC03F00000080
(1675526491.939352) vcan0 3CA#00000000540000C8
(1675526491.941443) vcan0 010#000000002FB031F8
(1675526491.942807) vcan0 072#F000FF3F00788038
(1675526491.942885) vcan0 1D0#0000000000000061
(1675526491.942961) vcan0 210#D8E080A0A869F445
(1675526491.944327) vcan0 008#16800CE900800080
(1675526491.945873) vcan0 1B0#00C07C0000B0BBEC
(1675526491.947274) vcan0 1B5#FF00000000E0FFEF
(1675526491.947351) vcan0 1D8#363339343234DD43
(1675526491.947429) vcan0 1E0#00303BC180BD17E0
(1675526491.947577) vcan0 2C3#5D8700FFFF005450
(1675526491.948766) vcan0 0E0#627100C00080E300
(1675526491.950298) vcan0 260#D0FF005549E185B0
(1675526491.951842) vcan0 010#000000002FB031F8
(1675526491.951898) vcan0 291#0000000000000000
(1675526491.951974) vcan0 2A9#8C26009BC0000084
(1675526491.953357) vcan0 008#16801CD900800080
(1675526491.954827) vcan0 125#E53F80E4C1D0D734
(1675526491.955146) vcan0 3C8#5D87008E882C008E
(1675526491.957779) vcan0 055#B6F7FF67B3009C80
(1675526491.957906) vcan0 065#36E3F8E7008EFC01
(1675526491.957985) vcan0 070#000048A800E25B00
(1675526491.958063) vcan0 075#0000000000005458
(1675526491.958139) vcan0 072#F000FF3F0078A038
(1675526491.958217) vcan0 080#FF4F8000C2002C00
(1675526491.958366) vcan0 0B0#39837CA200C239A3
(1675526491.958446) vcan0 0F5#00800080BF4FC100
(1675526491.958523) vcan0 120#008000807FFA5589
(1675526491.958601) vcan0 130#9FFF1D0000C3FF11
(1675526491.958681) vcan0 145#FD02DF80FCC810A1
(1675526491.958760) vcan0 150#0000FF3703F8C3C0
(1675526491.958908) vcan0 28C#000020000016BE90
(1675526491.960849) vcan0 290#0000000000000000
(1675526491.960905) vcan0 2B5#4B22546293A64D39
(1675526491.960990) vcan0 2C0#5D8700520300A0F1
(1675526491.961138) vcan0 2C5#00DF1F0039E30070
(1675526491.961217) vcan0 370#0724C000581BC700
(1675526491.961295) vcan0 3AF#0000000000000020
(1675526491.961372) vcan0 3E0#000000D938808090
(1675526491.961450) vcan0 288#06E0C03F00000080
(1675526491.962306) vcan0 010#000000002FB031F9
(1675526491.962361) vcan0 1D0#0000000000000A61
(1675526491.962438) vcan0 008#16802CC900800080
(1675526491.966247) vcan0 1B0#00C07E0000B0BBEC
(1675526491.967724) vcan0 1B5#FF00000000E0FFEF
(1675526491.967801) vcan0 1D8#363339343234DD43
(1675526491.967879) vcan0 1E0#00342BC180BD17E0
(1675526491.969191) vcan0 210#D5E080A0A869F44D
(1675526491.969317) vcan0 0E0#627100C80080C300
(1675526491.970613) vcan0 010#000000002FB031F8
(1675526491.972163) vcan0 072#F000FF3F00788038
(1675526491.972220) vcan0 008#16803CB900800080
(1675526491.973658) vcan0 125#E53F80E4C1D0D734
(1675526491.975247) vcan0 055#B6F7FF67B3009C80
(1675526491.975253) vcan0 065#36E3F8E7008EFC01
(1675526491.975403) vcan0 070#000047A800E25B00
(1675526491.978212) vcan0 075#0000000000005458
(1675526491.978288) vcan0 080#FF4F8000C2002C00
(1675526491.978369) vcan0 0B0#39837CA200C239A3
(1675526491.978518) vcan0 0F5#00800080BF53B100
(1675526491.978595) vcan0 120#008000807FFA5589
(1675526491.978676) vcan0 130#A7FF1D0000B3FF11
(1675526491.978751) vcan0 145#FDF2D080FCC810A1
(1675526491.978832) vcan0 150#0000024803F8B3C0
(1675526491.978911) vcan0 360#5D8700D2BB64A001
(1675526491.979636) vcan0 350#A200000000000080
(1675526491.981166) vcan0 260#D0FF005549E285B0
(1675526491.981244) vcan0 010#000000002FB031F8
(1675526491.981322) vcan0 1D0#0000000000000061
(1675526491.982690) vcan0 291#0000000000000000
(1675526491.982768) vcan0 390#80FF051D020A5D6F
(1675526491.982852) vcan0 008#16804CA900800080
(1675526491.984168) vcan0 288#02E0C03F00000080
(1675526491.985731) vcan0 290#0000000000000000
(1675526491.988739) vcan0 1B0#00C07E0000B0BCEC
(1675526491.988794) vcan0 072#F000FF3F0078A038
(1675526491.988871) vcan0 1B5#FF00000000E0FFEF
(1675526491.989019) vcan0 1D8#363339343234DD43
(1675526491.989098) vcan0 1E0#00342B8180BD17E0
(1675526491.989176) vcan0 2C3#5D8700FFFF005450
(1675526491.989254) vcan0 0E0#627100D00080A300
(1675526491.991474) vcan0 010#000000002FB031F8
(1675526491.992828) vcan0 210#D5E080A0A869F445
(1675526491.992906) vcan0 2A9#8C260082C0000084
(1675526491.994325) vcan0 008#16805C9900800080
(1675526491.994402) vcan0 125#E53F80E4C1D0D734
(1675526491.995954) vcan0 055#B6F7FF67B3009C80
(1675526491.996010) vcan0 065#36E3F9E7008EFC01
(1675526491.996160) vcan0 070#000047A800E25B00
(1675526491.996238) vcan0 075#0000000000005458
(1675526491.996316) vcan0 080#FF4F8000C2002C00
(1675526491.996392) vcan0 0B0#39837CA200C239A3
(1675526491.996474) vcan0 0F5#00800080BF57A100
(1675526491.998814) vcan0 120#008000807FF75589
(1675526491.998891) vcan0 130#AFFF1D0000A3FF11
(1675526491.998971) vcan0 145#FDE2D180FCC810A1
(1675526491.999048) vcan0 150#0000015803F8A3C0
(1675526491.999126) vcan0 28C#000020000016BE90
(1675526491.999283) vcan0 2B5#4B22546293A64D3A
(1675526491.999360) vcan0 340#4A00000000000000
(1675526492.001529) vcan0 010#000000002FB031F8
(1675526492.002995) vcan0 072#F000FF3F00788038
(1675526492.003052) vcan0 1D0#0000000000000061
(1675526492.004417) vcan0 008#16806C8900800080
(1675526492.005921) vcan0 1B0#00C07E0000B0BCEC
(1675526492.007467) vcan0 1B5#FF00000000E0FFEF
(1675526492.007525) vcan0 1D8#363339343234DD43
(1675526492.007602) vcan0 1E0#00381BC180BD17E0
(1675526492.008983) vcan0 0E0#627100D800808300
(1675526492.010453) vcan0 288#FEDFD02F00000080
(1675526492.010582) vcan0 260#D0FF00AA49E185B0
(1675526492.011947) vcan0 008#16807C7900800080
(1675526492.013415) vcan0 010#000000002FB031F8
(1675526492.013473) vcan0 291#0000000000000000
(1675526492.013559) vcan0 330#2800000000000000
(1675526492.013707) vcan0 125#E53F80E4C1D0D734
(1675526492.015240) vcan0 055#B6F7FF67B3009C80
(1675526492.015245) vcan0 065#38E3F9E7018EFC01
(1675526492.016559) vcan0 070#000048A800E25B00
(1675526492.016687) vcan0 075#0000000000005458
(1675526492.016764) vcan0 080#FF4F8000C2002C00
(1675526492.016841) vcan0 0B0#39837CA200C239A3
(1675526492.016919) vcan0 0F5#00800080BF5B9100
(1675526492.016997) vcan0 120#008000807FF95589
(1675526492.017149) vcan0 072#F000FF3F0078A038
(1675526492.019420) vcan0 130#B7FF1D000093FF11
(1675526492.019496) vcan0 145#FDD2D280FCC810A1
(1675526492.019576) vcan0 150#0000FC6703F893C0
(1675526492.019723) vcan0 210#D5E080A0A869F445
(1675526492.019801) vcan0 290#0000000000000000
(1675526492.019888) vcan0 2C0#5D8700510300A0F1
(1675526492.019966) vcan0 2C5#00DF1F0037E30070
(1675526492.022169) vcan0 010#000000002FB031F8
(1675526492.023518) vcan0 1D0#0000000000000061
(1675526492.023595) vcan0 008#16808C6900800080
(1675526492.026285) vcan0 1B0#00C07E0000B0BDEC
(1675526492.027707) vcan0 1B5#FF00000000E0FFEF
(1675526492.027764) vcan0 1D8#363339343234DD43
(1675526492.027912) vcan0 1E0#003C0BC180BD17E0
(1675526492.029224) vcan0 2C3#5D8700FFFF005450
(1675526492.029280) vcan0 0E0#627100E000806300
(1675526492.030716) vcan0 010#000000002FB031F9
(1675526492.032183) vcan0 072#F000FF3F00788038
(1675526492.032238) vcan0 2A9#8C26008AC0000084
(1675526492.032315) vcan0 008#16809C5900800080
(1675526492.033699) vcan0 125#E53F80E4C1D0D734
(1675526492.035180) vcan0 055#B6F7FF67B3009C80
(1675526492.035237) vcan0 065#3AE3F9E7028EFC01
(1675526492.035389) vcan0 070#000048A800E25B00
(1675526492.038220) vcan0 075#0000000000005458
(1675526492.038277) vcan0 080#FF4F8000C2002C00
(1675526492.038354) vcan0 0B0#39837CA200C239A3
(1675526492.038432) vcan0 0F5#00800080BF5F8100
(1675526492.038582) vcan0 120#008000807FF85589
(1675526492.038659) vcan0 130#BFFF1D000083FF11
(1675526492.038740) vcan0 145#FDC2D380FCC810A1
(1675526492.038817) vcan0 150#0000FD7703F883C0
(1675526492.038895) vcan0 288#02E0D02F00000080
(1675526492.039044) vcan0 28C#000020000016BE90
(1675526492.039122) vcan0 2B5#4B22546293A64D39
(1675526492.040867) vcan0 260#D0FF00AA49E285B0
(1675526492.042288) vcan0 010#000000002FB031F8
(1675526492.043842) vcan0 1D0#0000000000000A61
(1675526492.043921) vcan0 210#D5E08020A869F44D
(1675526492.043999) vcan0 291#0000000000000000
(1675526492.044074) vcan0 008#1680AC4900800080
(1675526492.045363) vcan0 290#0000000000000000
(1675526492.046832) vcan0 072#F000FF3F0078A038
(1675526492.046958) vcan0 1B0#00C07C0000B0BDEC
(1675526492.047037) vcan0 1B5#FF00000000E0FFEF
(1675526492.047114) vcan0 1D8#363339343234DD43
(1675526492.047196) vcan0 1E0#003C0B8180BD17E0
(1675526492.048276) vcan0 3B0#00FC4A383DB8C402
(1675526492.048332) vcan0 0E0#627100E800804300
(1675526492.051016) vcan0 010#000000002FB031F8
(1675526492.052414) vcan0 008#1680BC3900800080
(1675526492.053960) vcan0 125#E53F80E4C1D0D734
(1675526492.055427) vcan0 055#B6F7FF67B3009C80
(1675526492.055517) vcan0 065#39E3F8E7008EFB01
(1675526492.055595) vcan0 070#000048A800E25B00
(1675526492.058458) vcan0 075#0000000000005458
(1675526492.058535) vcan0 080#FF4F8000C2002C00
(1675526492.058614) vcan0 0B0#39837DA200C239A3
(1675526492.058690) vcan0 0F5#00800080BF637100
(1675526492.058841) vcan0 120#008000807FF85589
(1675526492.058920) vcan0 130#C7FF1D000073FF11
(1675526492.058998) vcan0 145#FDB2D480FCC810A1
(1675526492.059078) vcan0 150#0000FF8703F873C0
(1675526492.059156) vcan0 370#0724C000581BC700
(1675526492.059233) vcan0 3CA#00000000550000C8
(1675526492.059964) vcan0 288#F5DFD02F00000080
(1675526492.061384) vcan0 010#000000002FB031F8
(1675526492.061511) vcan0 072#F000FF3F00788038
(1675526492.061592) vcan0 1D0#0000000000000061
(1675526492.062915) vcan0 008#1680CC2900800080
(1675526492.065673) vcan0 1B0#00C07E0000B0BCEC
(1675526492.067147) vcan0 1B5#FF00000000E0FFEF
(1675526492.067297) vcan0 1D8#363339343234DD43
(1675526492.067376) vcan0 1E0#0000FBC180BD17E0
(1675526492.067454) vcan0 210#D5E080A0A869F445
(1675526492.067530) vcan0 2C3#5D8700FFFF005450
(1675526492.068671) vcan0 0E0#627100F000802300
(1675526492.070196) vcan0 350#A200000000000080
(1675526492.071738) vcan0 260#D0FF00AA49E285B0
(1675526492.071794) vcan0 010#000000002FB031F8
(1675526492.071873) vcan0 291#0000000000000000
(1675526492.071951) vcan0 2A9#8C260093C0000084
(1675526492.073214) vcan0 008#1680DC1900800080
(1675526492.074632) vcan0 125#E53F80E4C1D0D734
(1675526492.077682) vcan0 055#B6F7FF67B3009C80
(1675526492.077811) vcan0 065#37E3F8E7FF8DFB01
(1675526492.077889) vcan0 070#000048A800E25B00
(1675526492.077968) vcan0 075#0000000000005458
(1675526492.078116) vcan0 080#FF4F8000C2002C00
(1675526492.078196) vcan0 072#F000FF3F0078A038
(1675526492.078274) vcan0 0B0#39837CA200C239A3
(1675526492.078352) vcan0 0F5#00800080BF676100
(1675526492.078429) vcan0 120#008000807FF85589
(1675526492.078509) vcan0 130#CFFF1D000063FF11
(1675526492.078659) vcan0 145#FDA2D580FCC810A1
(1675526492.078738) vcan0 150#0000FD9703F863C0
(1675526492.078814) vcan0 28C#000020000016BE90
(1675526492.079330) vcan0 290#0000000000000000
(1675526492.079406) vcan0 2B5#4B22556293A64D39
(1675526492.079556) vcan0 2C0#5D8700530300A0F1
(1675526492.079635) vcan0 2C5#00DF1F0039E30070
(1675526492.079723) vcan0 340#4A00000000000000
(1675526492.079800) vcan0 360#5D8700D2BB64A001
(1675526492.079878) vcan0 3AF#0000000000000020
(1675526492.079957) vcan0 3C8#5D87008E882C008E
(1675526492.082218) vcan0 010#000000002FB031F8
(1675526492.082274) vcan0 1D0#0000000000000061
(1675526492.082353) vcan0 390#80FF051D02025F4F
(1675526492.082501) vcan0 008#1680EC0900800080
(1675526492.084966) vcan0 288#02E0D02F00000080
(1675526492.086317) vcan0 1B0#00C07C0000B0BCEC
(1675526492.087793) vcan0 1B5#FF00000000E0FFEF
(1675526492.087870) vcan0 1D8#363339343234DD43
(1675526492.088019) vcan0 1E0#0004EBC180BD17E0
(1675526492.089284) vcan0 0E0#627100F800800300
(1675526492.090810) vcan0 010#000000002FB031F8
(1675526492.092350) vcan0 072#F000FF3F00788038
(1675526492.092409) vcan0 210#D5E080A0A869F44D
(1675526492.092486) vcan0 330#2800000000000000
(1675526492.092635) vcan0 3D0#870F6100340680C3
(1675526492.092713) vcan0 008#1680FCF900800080
(1675526492.093851) vcan0 125#E53F80E4C1D0D734
(1675526492.095241) vcan0 055#B6F7FF67B3009C80
(1675526492.095369) vcan0 065#36E3F8E7FF8DFC01
(1675526492.095447) vcan0 070#000047A800E25B00
(1675526492.096942) vcan0 075#0000000000005458
(1675526492.097091) vcan0 080#FF4F8000C2002C00
(1675526492.097171) vcan0 0B0#39837CA200C239A3
(1675526492.097248) vcan0 0F5#00800080BF6B5100
(1675526492.097327) vcan0 120#008000807FF85589
(1675526492.097404) vcan0 130#D7FF1D000053FF11
(1675526492.097486) vcan0 145#FD92D680FCC810A1
(1675526492.097637) vcan0 150#000001A803F853C0
(1675526492.100864) vcan0 260#D0FF00AA49E185B0
(1675526492.103731) vcan0 010#000000002FB031F8
(1675526492.103789) vcan0 008#16800CE900800080
(1675526492.103865) vcan0 1D0#0000000000000061
(1675526492.104016) vcan0 291#0000000000000000
(1675526492.104096) vcan0 400#010100010204051A
(1675526492.104172) vcan0 405#5D87003B002D3202
(1675526492.105164) vcan0 290#0000000000000000
(1675526492.106634) vcan0 1B0#00C07E0000B0BBEC
(1675526492.106785) vcan0 1B5#FF00000000E0FFEF
(1675526492.106866) vcan0 1D8#363339343234DD43
(1675526492.106942) vcan0 1E0#0004EB8180BD17E0
(1675526492.107020) vcan0 2C3#5D8700FFFF005450
(1675526492.108160) vcan0 072#F000FF3F0078A038
(1675526492.108312) vcan0 0E0#627100C00080E300
(1675526492.109681) vcan0 288#F5DFE01F00000080
(1675526492.112455) vcan0 008#16801CD900800080
(1675526492.113748) vcan0 010#000000002FB031F9
(1675526492.115327) vcan0 2A9#8C26008AC0000084
(1675526492.115406) vcan0 125#E53F80E4C1D0D734
(1675526492.115483) vcan0 055#B6F7FF67B3009C80
(1675526492.115633) vcan0 065#37E3F9E7008EFC01
(1675526492.115709) vcan0 070#000047A800E25B00
(1675526492.116966) vcan0 075#0000000000005458
(1675526492.117024) vcan0 080#FF4F8000C2002C00
(1675526492.117100) vcan0 0B0#39837CA200C239A3
(1675526492.117249) vcan0 0F5#00800080BF6F4100
(1675526492.117328) vcan0 120#008000807FFA5589
(1675526492.117404) vcan0 130#DFFF1D000043FF11
(1675526492.117484) vcan0 145#FD82D780FCC810A1
(1675526492.117561) vcan0 150#0000FDB703F843C0
(1675526492.118473) vcan0 210#D5E080A0A869F44D
(1675526492.118560) vcan0 28C#000020000016BE90
(1675526492.118639) vcan0 2B5#4B22546293A64D39
(1675526492.122378) vcan0 010#000000002FB031F8
(1675526492.125224) vcan0 008#16802CC900800080
(1675526492.125302) vcan0 072#F000FF3F00788038
(1675526492.125379) vcan0 1D0#0000000000000A61
(1675526492.126622) vcan0 1B0#00C07E0000B0BBEC
(1675526492.126774) vcan0 1B5#FF00000000E0FFEF
(1675526492.126855) vcan0 1D8#363339343234DD43
(1675526492.126929) vcan0 1E0#0008DBC180BD17E0
(1675526492.128186) vcan0 0E0#627100C80080C300
(1675526492.130909) vcan0 260#D0FF005549E185B0
(1675526492.132134) vcan0 010#000000002FB031F8
(1675526492.133674) vcan0 291#0000000000000000
(1675526492.133731) vcan0 008#16803CB900800080
(1675526492.133884) vcan0 125#E53F80E4C1D0D734
(1675526492.135247) vcan0 288#F9DFE01F00000080
(1675526492.135251) vcan0 055#B7F7FF67B3009C80
(1675526492.138187) vcan0 065#39E3F9E7018EFC01
(1675526492.138315) vcan0 070#000047A800E25B00
(1675526492.138394) vcan0 075#0000000000005458
(1675526492.138471) vcan0 072#F000FF3F0078A038
(1675526492.138553) vcan0 080#FF4F8000C2002C00
(1675526492.138631) vcan0 0B0#39837CA200C239A3
(1675526492.138779) vcan0 0F5#00800080BF733100
(1675526492.138857) vcan0 120#008000807FF75589
(1675526492.138936) vcan0 130#E7FF1D000033FF11
(1675526492.139015) vcan0 145#FD72D880FCC810A1
(1675526492.139093) vcan0 150#0000FFC703F833C0
(1675526492.139171) vcan0 290#0000000000000000
(1675526492.139324) vcan0 2C0#5D8700510300A0F1
(1675526492.139618) vcan0 2C5#00DF1F0038E30070
(1675526492.141178) vcan0 010#000000002FB031F8
(1675526492.141235) vcan0 1D0#0000000000000061
(1675526492.142670) vcan0 210#D5E080A0A869F445
(1675526492.142797) vcan0 008#16804CA900800080
(1675526492.145415) vcan0 1B0#00C07C0000B0BBEC
(1675526492.146937) vcan0 1B5#FF00000000E0FFEF
(1675526492.147016) vcan0 1D8#363339343234DD43
(1675526492.147094) vcan0 1E0#000CCBC180BD17E0
(1675526492.147243) vcan0 2C3#5D8700FFFF005450
(1675526492.148436) vcan0 0E0#627100D00080A300
(1675526492.151122) vcan0 010#000000002FB031F8
(1675526492.152397) vcan0 072#F000FF3F00788038
(1675526492.152549) vcan0 2A9#8C260093C0000084
(1675526492.153915) vcan0 008#16805C9900800080
(1675526492.154042) vcan0 125#E53F80E4C1D0D734
(1675526492.155464) vcan0 055#B7F7FF67B3009C80
(1675526492.155551) vcan0 065#3AE3F9E7028EFC01
(1675526492.155629) vcan0 070#000047A800E25B00
(1675526492.155706) vcan0 075#0000000000005458
(1675526492.158462) vcan0 080#FF4F8000C2002C00
(1675526492.158589) vcan0 0B0#39837DA200C239A3
(1675526492.158668) vcan0 0F5#00800080BF772100
(1675526492.158744) vcan0 120#008000807FF85589
(1675526492.158823) vcan0 130#EFFF1D000023FF11
(1675526492.158900) vcan0 145#FD62D980FCC810A1
(1675526492.159049) vcan0 150#0000FFD703F823C0
(1675526492.159129) vcan0 28C#000020000016BE90
(1675526492.159205) vcan0 2B5#4B22546293A64D38
(1675526492.159283) vcan0 340#4A00000000000000
(1675526492.159360) vcan0 370#0724C000581BC700
(1675526492.159949) vcan0 288#F5DFE01F00000080
(1675526492.161442) vcan0 350#A200000000000080
(1675526492.161530) vcan0 260#D0FF005549E285B0
(1675526492.161608) vcan0 010#000000002FB031F8
(1675526492.161686) vcan0 1D0#0000000000000061
(1675526492.161764) vcan0 291#0000000000000000
(1675526492.162959) vcan0 008#16806C8900800080
(1675526492.164428) vcan0 290#0000000000000000
(1675526492.165986) vcan0 1B0#00C07C0000B0BBEC
(1675526492.168904) vcan0 1B5#FF00000000E0FFEF
(1675526492.168960) vcan0 072#F000FF3F0078A038
(1675526492.169109) vcan0 1D8#363339343234DD43
(1675526492.169189) vcan0 1E0#000CCB8180BD17E0
(1675526492.169265) vcan0 210#D5E080A0A869F44D
(1675526492.169341) vcan0 3B0#00D84A383DB8C400
(1675526492.169422) vcan0 0E0#627100D800808300
(1675526492.170390) vcan0 010#000000002FB031F8
(1675526492.171912) vcan0 330#2800000000000000
(1675526492.173465) vcan0 008#16807C7900800080
(1675526492.173521) vcan0 125#E53F80E4C1D0D734
(1675526492.175257) vcan0 055#B7F7FF67B3009C80
(1675526492.177930) vcan0 065#3BE3F8E7018EFC01
(1675526492.177987) vcan0 070#000047A800E25B00
(1675526492.178064) vcan0 075#0000000000005458
(1675526492.178213) vcan0 080#FE4F8000C2002C00
(1675526492.178291) vcan0 0B0#39837DA200C239A3
(1675526492.178367) vcan0 0F5#00800080BF7B1100
(1675526492.178447) vcan0 120#008000807FF85589
(1675526492.178523) vcan0 130#F7FF1D000013FF11
(1675526492.178602) vcan0 145#FD52DA80FCC810A1
(1675526492.178751) vcan0 150#0000FDE703F813C0
(1675526492.178828) vcan0 360#5D8700D2BB64A001
(1675526492.178909) vcan0 3CA#00000000560000C8
(1675526492.180660) vcan0 010#000000002FB031F8
(1675526492.182209) vcan0 072#F000FF3F00788038
(1675526492.182266) vcan0 1D0#0000000000000061
(1675526492.182343) vcan0 390#80FF051D02025F4F
(1675526492.182491) vcan0 008#16808C6900800080
(1675526492.184878) vcan0 288#06E0E01F00000080
(1675526492.186216) vcan0 1B0#00C07C0000B0BBEC
(1675526492.187689) vcan0 1B5#FF00000000E0FFEF
(1675526492.187766) vcan0 1D8#363339343234DD43
(1675526492.187915) vcan0 1E0#0010BBC180BD17E0
(1675526492.187992) vcan0 2C3#5D8700FFFF005450
(1675526492.189235) vcan0 0E0#627100E000806300
(1675526492.190657) vcan0 260#D0FF005549E285B0
(1675526492.192150) vcan0 010#000000002FB031F8
(1675526492.192229) vcan0 210#D5E08020A869F445
(1675526492.192307) vcan0 291#0000000000000000
(1675526492.192459) vcan0 2A9#8C26008AC0000084
(1675526492.192544) vcan0 008#16809C5900800080
(1675526492.193684) vcan0 125#E53F80E4C1D0D734
(1675526492.195155) vcan0 055#B7F7FF67B3009C80
(1675526492.195284) vcan0 065#3BE3F8E7008EFC01
(1675526492.195363) vcan0 070#000047A800E25B00
(1675526492.198172) vcan0 075#0000000000005458
(1675526492.198300) vcan0 080#FE4F8000C2002C00
(1675526492.198378) vcan0 072#F000FF3F0078A038
(1675526492.198456) vcan0 0B0#39837DA200C239A3
(1675526492.198604) vcan0 0F5#00800080BF7F0100
(1675526492.198686) vcan0 120#008000807FF95589
(1675526492.198762) vcan0 130#FFFF1D000003FF11
(1675526492.198840) vcan0 145#FD42DB80FCC810A1
(1675526492.198918) vcan0 150#000002F803F803C0
(1675526492.198995) vcan0 28C#000020000016BE90
(1675526492.199148) vcan0 290#0000000000000000
(1675526492.199238) vcan0 2B5#4B22546293A64D37
(1675526492.199674) vcan0 2C0#5D8700500300A0F1
(1675526492.199749) vcan0 2C5#00DF1F003AE30070
(1675526492.199827) vcan0 3AF#0000000000000020
(1675526492.199905) vcan0 3C8#5D87008E882C008E
(1675526492.201192) vcan0 010#000000002FB031F9
(1675526492.202667) vcan0 1D0#0000000000000A61
(1675526492.202744) vcan0 008#1680AC4900800080
(1675526492.205422) vcan0 1B0#00C07E0000B0BCEC
(1675526492.206916) vcan0 1B5#FF00000000E0FFEF
(1675526492.207044) vcan0 1D8#363339343234DD43
(1675526492.207121) vcan0 1E0#0014ABC180BD17E0
(1675526492.208432) vcan0 0E0#627100E800804300
(1675526492.209976) vcan0 288#02E0F00F00000080
(1675526492.212643) vcan0 008#1680BC3900800080
(1675526492.213919) vcan0 010#000000002FB031F8
(1675526492.214020) vcan0 072#F000FF3F00788038
(1675526492.215421) vcan0 125#E53F80E4C1D0D734
(1675526492.215500) vcan0 055#B7F7FF67B3009C80
(1675526492.215579) vcan0 065#39E3F7E7FE8DFB01
(1675526492.215728) vcan0 070#000047A800E25B00
(1675526492.215804) vcan0 075#0000000000005458
(1675526492.218438) vcan0 080#FF4F8000C2002C00
(1675526492.218565) vcan0 0B0#39837DA200C239A3
(1675526492.218644) vcan0 0F5#00800080BF43F100
(1675526492.218720) vcan0 120#008000807FFA5589
(1675526492.218798) vcan0 130#87FF1D0000F3FF11
(1675526492.218875) vcan0 145#FD32DC80FCC810A1
(1675526492.219024) vcan0 150#0000010803F8F3C0
(1675526492.219100) vcan0 210#D5E080A0A869F445
(1675526492.219874) vcan0 260#D0FF00AA49E285B0
(1675526492.221416) vcan0 010#000000002FB031F8
(1675526492.222887) vcan0 1D0#0000000000000061
(1675526492.223014) vcan0 008#1680CC2900800080
(1675526492.223091) vcan0 291#0000000000000000
(1675526492.225659) vcan0 290#0000000000000000
(1675526492.227081) vcan0 072#F000FF3F0078A038
(1675526492.227159) vcan0 1B0#00C07C0000B0BBEC
(1675526492.228578) vcan0 1B5#FF00000000E0FFEF
(1675526492.228727) vcan0 1D8#363339343234DD43
(1675526492.228809) vcan0 1E0#0014AB8180BD17E0
(1675526492.228885) vcan0 2C3#5D8700FFFF005450
(1675526492.228964) vcan0 0E0#627100F000802300
(1675526492.231244) vcan0 010#000000002FB031F8
(1675526492.232589) vcan0 2A9#8C260082C0000084
(1675526492.234008) vcan0 008#1680DC1900800080
(1675526492.234137) vcan0 125#E53F80E4C1D0D734
(1675526492.235521) vcan0 055#B7F7FF67B3009C80
(1675526492.235617) vcan0 065#38E3F7E7FF8DFC01
(1675526492.235695) vcan0 070#000047A800E25B00
(1675526492.235846) vcan0 075#0000000000005458
(1675526492.238535) vcan0 080#FF4F8000C2002C00
(1675526492.238663) vcan0 0B0#39837DA200C239A3
(1675526492.238742) vcan0 0F5#00800080BF47E100
(1675526492.238817) vcan0 120#008000807FFA5589
(1675526492.238897) vcan0 130#8FFF1D0000E3FF11
(1675526492.239046) vcan0 145#FD22DD80FCC810A1
(1675526492.239123) vcan0 150#0000011803F8E3C0
(1675526492.239203) vcan0 288#FEDFF00F00000080
(1675526492.239280) vcan0 28C#000020000016BE90
(1675526492.239358) vcan0 2B5#4B22546293A64D38
(1675526492.239507) vcan0 340#4A00000000000000
(1675526492.241243) vcan0 010#000000002FB031F8
(1675526492.242589) vcan0 072#F000FF3F00788038
(1675526492.242676) vcan0 1D0#0000000000000061
(1675526492.244095) vcan0 210#D5E080A0A869F44D
(1675526492.244172) vcan0 008#1680EC0900800080
(1675526492.245618) vcan0 1B0#00C07C0000B0BBEC
(1675526492.247018) vcan0 1B5#FF00000000E0FFEF
(1675526492.247096) vcan0 1D8#363339343234DD43
(1675526492.247176) vcan0 1E0#00189BC180BD17E0
(1675526492.248560) vcan0 0E0#627100F800800300
(1675526492.250031) vcan0 350#A200000000000080
(1675526492.251554) vcan0 260#D0FF00AA49E285B0
(1675526492.251630) vcan0 010#000000002FB031F8
(1675526492.251708) vcan0 291#0000000000000000
(1675526492.251860) vcan0 330#2800000000000000
(1675526492.251937) vcan0 425#0000000000000000
(1675526492.253064) vcan0 008#1680FCF900800080
(1675526492.254592) vcan0 125#E53F80E4C1D0D734
(1675526492.257540) vcan0 055#B7F7FF67B3009C80
(1675526492.257620) vcan0 065#35E3F8E7FE8DFC01
(1675526492.257699) vcan0 070#000047A800E25B00
(1675526492.257848) vcan0 075#0000000000005458
(1675526492.257924) vcan0 080#FF4F8000C2002C00
(1675526492.258005) vcan0 0B0#39837CA200C239A3
(1675526492.258084) vcan0 072#F000FF3F0078A038
(1675526492.258165) vcan0 0F5#00800080BF4BD100
(1675526492.258243) vcan0 120#008000807FF75589
(1675526492.258394) vcan0 130#97FF1D0000D3FF11
(1675526492.258475) vcan0 145#FD12DE80FCC810A1
(1675526492.258552) vcan0 150#0000FF2703F8D3C0
(1675526492.258631) vcan0 290#0000000000000000
(1675526492.259067) vcan0 2C0#5D8700530300A0F1
(1675526492.259216) vcan0 2C5#00DF1F0039E30070
(1675526492.259296) vcan0 370#0724C000581BC700
(1675526492.259385) vcan0 3E0#000000D938808090
(1675526492.260540) vcan0 288#FEDFF00F00000080
(1675526492.262018) vcan0 010#000000002FB031F8
(1675526492.262095) vcan0 1D0#0000000000000061
(1675526492.263513) vcan0 008#16800CE900800080
(1675526492.266182) vcan0 1B0#00C07C0000B0BBEC
(1675526492.267526) vcan0 1B5#FF00000000E0FFEF
(1675526492.267654) vcan0 1D8#363339343234DD43
(1675526492.267730) vcan0 1E0#001C8BC180BD17E0
(1675526492.269044) vcan0 210#D4E080A0A869F445
(1675526492.269169) vcan0 2C3#5D8700FFFF005450
(1675526492.269248) vcan0 0E0#627100C00080E300
(1675526492.270561) vcan0 010#000000002FB031F9
(1675526492.272084) vcan0 072#F000FF3F00788038
(1675526492.272162) vcan0 2A9#8C26009BC0000084
(1675526492.273585) vcan0 008#16801CD900800080
(1675526492.273673) vcan0 125#E53F80E4C1D0D734
(1675526492.275102) vcan0 055#B7F7FF67B3009C80
(1675526492.275182) vcan0 065#37E3F8E7008EFC01
(1675526492.277993) vcan0 070#000047A800E25B00
(1675526492.278120) vcan0 075#0000000000005458
(1675526492.278197) vcan0 080#FF4F8000C2002C00
(1675526492.278274) vcan0 0B0#39837CA200C239A3
(1675526492.278424) vcan0 0F5#00800080BF4FC100
(1675526492.278503) vcan0 120#008000807FF85589
(1675526492.278577) vcan0 130#9FFF1D0000C3FF11
(1675526492.278658) vcan0 145#FD02DF80FCC810A1
(1675526492.278737) vcan0 150#0000FF3703F8C3C0
(1675526492.278815) vcan0 28C#000020000016BE90
(1675526492.278965) vcan0 2B5#4B22546293A64D39
(1675526492.279043) vcan0 360#5D8700D2BB64A001
(1675526492.280731) vcan0 260#D0FF00AA49E285B0
(1675526492.282030) vcan0 010#000000002FB031F8
(1675526492.283573) vcan0 1D0#0000000000000A61
(1675526492.283630) vcan0 291#0000000000000000
(1675526492.283779) vcan0 390#80FF051D023A514F
(1675526492.283857) vcan0 008#16802CC900800080
(1675526492.285046) vcan0 290#0000000000000000
(1675526492.285196) vcan0 288#F1DFF00F00000080
(1675526492.286564) vcan0 072#F000FF3F0078A038
(1675526492.286692) vcan0 1B0#00C07E0000B0BBEC
(1675526492.286770) vcan0 1B5#FF00000000E0FFEF
(1675526492.286847) vcan0 1D8#363339343234DD43
(1675526492.287987) vcan0 1E0#001C8B8180BD17E0
(1675526492.288114) vcan0 3B0#00D84A383DB8C400
(1675526492.288192) vcan0 0E0#627100C80080C300
(1675526492.290754) vcan0 010#000000002FB031F8
(1675526492.292293) vcan0 210#D4E080A0A869F44D
(1675526492.292351) vcan0 3D0#870F6100340680C3
(1675526492.292500) vcan0 008#16803CB900800080
(1675526492.293816) vcan0 125#E53F80E4C1D0D734
(1675526492.295344) vcan0 055#B7F7FF67B3009C80
(1675526492.295422) vcan0 065#38E3F9E7018EFD01
(1675526492.295499) vcan0 070#000047A800E25B00
(1675526492.298334) vcan0 075#0000000000005458
(1675526492.298412) vcan0 080#FF4F8000C2002C00
(1675526492.298562) vcan0 0B0#39837DA200C239A3
(1675526492.298640) vcan0 0F5#00800080BF53B100
(1675526492.298716) vcan0 120#008000807FF65589
(1675526492.298796) vcan0 130#A7FF1D0000B3FF11
(1675526492.298872) vcan0 145#FDF2D080FCC810A1
(1675526492.298951) vcan0 150#0000FC4703F8B3C0
(1675526492.299104) vcan0 3CA#00000000400000C8
(1675526492.299182) vcan0 430#28082800000015A6
(1675526492.301046) vcan0 010#000000002FB031F8
(1675526492.302514) vcan0 072#F000FF3F00788038
(1675526492.302646) vcan0 1D0#0000000000000061
(1675526492.302725) vcan0 008#16804CA900800080
(1675526492.305284) vcan0 1B0#00C07E0000B0BBEC
(1675526492.306810) vcan0 1B5#FF00000000E0FFEF
(1675526492.306893) vcan0 1D8#363339343234DD43
(1675526492.306971) vcan0 1E0#00207BC180BD17E0
(1675526492.307119) vcan0 2C3#5D8700FFFF005450
(1675526492.308311) vcan0 0E0#627100D00080A300
(1675526492.309837) vcan0 288#FEDF00FF00000080
(1675526492.311310) vcan0 260#D0FF005549E285B0
(1675526492.312854) vcan0 008#16805C9900800080
(1675526492.312910) vcan0 010#000000002FB031F8
(1675526492.312991) vcan0 291#0000000000000000
(1675526492.314270) vcan0 2A9#8C260082C0000084
(1675526492.314404) vcan0 125#E53F80E4C1D0D734
(1675526492.317298) vcan0 055#B7F7FF67B3009C80
(1675526492.317428) vcan0 065#39E3F8E7008EFC01
(1675526492.317505) vcan0 070#000047A800E25B00
(1675526492.317582) vcan0 075#0000000000005458
(1675526492.317660) vcan0 080#FF4F8000C2002C00
(1675526492.317736) vcan0 0B0#39837DA200C239A3
(1675526492.317816) vcan0 0F5#00800080BF57A100
(1675526492.317964) vcan0 120#008000807FFA5589
(1675526492.318041) vcan0 130#AFFF1D0000A3FF11
(1675526492.318121) vcan0 072#F000FF3F0078A038
(1675526492.318198) vcan0 145#FDE2D180FCC810A1
(1675526492.318277) vcan0 150#0000FD5703F8A3C0
(1675526492.318932) vcan0 210#D4E080A0A869F44D
(1675526492.319009) vcan0 28C#000020000016BE90
(1675526492.319090) vcan0 290#0000000000000000
(1675526492.319175) vcan0 2B5#4B22546293A64D38
(1675526492.319323) vcan0 2C0#5D8700520300A0F1
(1675526492.319401) vcan0 2C5#00DF1F0039E30070
(1675526492.319481) vcan0 340#4A00000000000000
(1675526492.321764) vcan0 3AF#0000000000000020
(1675526492.321841) vcan0 3C8#5D87008E882C008E
(1675526492.321996) vcan0 010#000000002FB031F8
(1675526492.323317) vcan0 1D0#0000000000000061
(1675526492.323393) vcan0 008#16806C8900800080
