(1675526161.920126) vcan0 008#2B80144400800080
(1675526161.921201) vcan0 072#F000FF3F0078A038
(1675526161.923587) vcan0 010#008800002FB031F9
(1675526161.924610) vcan0 0E0#62732EC800808D00
(1675526161.925709) vcan0 1D0#0000000000000261
(1675526161.926795) vcan0 0F5#5BA977A97F6F421E
(1675526161.926872) vcan0 120#B5A96FA97F035689
(1675526161.928032) vcan0 130#DFFF1D80299A0112
(1675526161.928110) vcan0 150#682910B807F8B2C0
(1675526161.930709) vcan0 008#2B80243400800080
(1675526161.930859) vcan0 210#0AE080A0B469AD4D
(1675526161.931803) vcan0 125#E51E80E5C1D0D735
(1675526161.932964) vcan0 055#F8F71438B20D9E80
(1675526161.933977) vcan0 065#79E614F8FFED5E02
(1675526161.935069) vcan0 070#000007F85EE20D00
(1675526161.935146) vcan0 075#0000000000005458
(1675526161.935225) vcan0 080#37508000C2002C00
(1675526161.939266) vcan0 0B0#52830FA3DFC152E3
(1675526161.939417) vcan0 145#F9A2D580FC4810A1
(1675526161.939493) vcan0 010#008800002FB031F8
(1675526161.939596) vcan0 072#F000FF3F00788038
(1675526161.939675) vcan0 28C#000000000030FEA9
(1675526161.939752) vcan0 2B5#4BC5266293A6367A
(1675526161.939830) vcan0 330#2800000000000000
(1675526161.939908) vcan0 1B0#00C0000007B000FC
(1675526161.939986) vcan0 1B5#FFA1F44DECE0FFEF
(1675526161.940134) vcan0 1D8#363339343234E043
(1675526161.940212) vcan0 1E0#0008D34300B917E0
(1675526161.940289) vcan0 370#0728C0007503C71F
(1675526161.940366) vcan0 260#D0FF0055497487B0
(1675526161.940445) vcan0 008#2B80342400800080
(1675526161.941532) vcan0 360#C09C00A7B153A041
(1675526161.942547) vcan0 288#3FE010EF00000080
(1675526161.943632) vcan0 290#0000000000000000
(1675526161.946021) vcan0 010#008800002FB031F8
(1675526161.946098) vcan0 0E0#627333D000806800
(1675526161.946188) vcan0 1D0#0000000000000061
(1675526161.948931) vcan0 291#0000000000000000
(1675526161.949081) vcan0 390#80FF0500022A554F
(1675526161.949159) vcan0 0F5#5BA967A97F733221
(1675526161.949236) vcan0 120#88A97BA97F055689
(1675526161.949313) vcan0 130#E7FF1D80298A0112
(1675526161.949391) vcan0 150#602915C807F8AAC0
(1675526161.950045) vcan0 008#2B80441400800080
(1675526161.951061) vcan0 072#F000FF3F0078A038
(1675526161.951138) vcan0 125#E51E80E5C1D0D735
(1675526161.952154) vcan0 055#F8F71438B20B9E80
(1675526161.953241) vcan0 065#7CE614F801EE5E02
(1675526161.954727) vcan0 070#000007F85EE20D00
(1675526161.954801) vcan0 075#0000000000005458
(1675526161.955767) vcan0 080#36508000C2002C00
(1675526161.955909) vcan0 0B0#528310A3DFC152E3
(1675526161.955992) vcan0 145#F992D680FC4810A1
(1675526161.956068) vcan0 010#008800002FB031F8
(1675526161.956141) vcan0 210#0AE080A0B469AD45
(1675526161.958609) vcan0 2A9#8C260093C0000084
(1675526161.958684) vcan0 1B0#00C0000002B000FC
(1675526161.958827) vcan0 1B5#FFBB0F5AF9E0FFEF
(1675526161.958900) vcan0 1D8#363339343234E043
(1675526161.958975) vcan0 1E0#0008D30300B917E0
(1675526161.959047) vcan0 2C3#BB9C00FFFF265450
(1675526161.959670) vcan0 3C8#BB9C008E882C008E
(1675526161.960772) vcan0 008#2B8054EF15800080
(1675526161.961805) vcan0 350#A200000000000080
(1675526161.964266) vcan0 010#008800002FB031F8
(1675526161.967084) vcan0 072#F000FF3F00788038
(1675526161.967234) vcan0 0E0#627332D800804900
(1675526161.967311) vcan0 1D0#0000000000000861
(1675526161.967398) vcan0 0F5#67A967A97F772225
(1675526161.967477) vcan0 120#90A993A97F0C5689
(1675526161.967553) vcan0 130#EFFF1D80297A0112
(1675526161.968135) vcan0 150#672910D807F893C0
(1675526161.969223) vcan0 260#D0FF0055497487B0
(1675526161.969300) vcan0 288#2BE010EF00000080
(1675526161.970316) vcan0 008#2B8064DF15800080
(1675526161.971403) vcan0 125#E52180E5C1D0D735
(1675526161.973932) vcan0 055#F8F71438B20D9E80
(1675526161.976631) vcan0 065#7DE614F802EE5E02
(1675526161.976781) vcan0 070#000007F85EE20D00
(1675526161.976858) vcan0 075#0000000000005458
(1675526161.976936) vcan0 080#36508000C2002C00
(1675526161.977014) vcan0 0B0#528310A3DFC152E3
(1675526161.977091) vcan0 145#F982D780FC4810A1
(1675526161.977168) vcan0 28C#000000000030FEA9
(1675526161.977328) vcan0 290#0000000000000000
(1675526161.977405) vcan0 010#008800002FB031F8
(1675526161.977483) vcan0 1B0#00C0000003B000FC
(1675526161.977851) vcan0 1B5#FFD62A6806E0FFEF
(1675526161.977928) vcan0 1D8#363339343234E043
(1675526161.978005) vcan0 1E0#000CC34300B917E0
(1675526161.978082) vcan0 291#0000000000000000
(1675526161.978883) vcan0 2B5#4BC6266293A6367A
(1675526161.981701) vcan0 2C0#BB9C00000000A0F1
(1675526161.981779) vcan0 2C5#30DF88BE7AE6D470
(1675526161.981856) vcan0 340#9F00000000000000
(1675526161.982007) vcan0 3AF#0000000000000020
(1675526161.982084) vcan0 008#2B8074CF15800080
(1675526161.982163) vcan0 072#F000FF3F0078A038
(1675526161.982241) vcan0 210#0AE080A0B469AD4D
(1675526161.982750) vcan0 010#008800002FB031F8
(1675526161.983922) vcan0 0E0#627332E000802900
(1675526161.985011) vcan0 1D0#0000000000000061
(1675526161.986025) vcan0 0F5#57A96BA97F7B1228
(1675526161.987113) vcan0 120#9CA98CA97F035689
(1675526161.988488) vcan0 130#F7FF1D80296A0112
(1675526161.988564) vcan0 150#60290EE807F88AC0
(1675526161.988641) vcan0 3CA#00000000D60000C8
(1675526161.991387) vcan0 008#2B8084BF15800080
(1675526161.991465) vcan0 125#E52180E5C1D0D735
(1675526161.992480) vcan0 055#F8F71438B20D9E80
(1675526161.993637) vcan0 065#7BE614F802EE5E02
(1675526161.994692) vcan0 070#000007F85EE20D00
(1675526161.994844) vcan0 075#0000000000005458
(1675526161.995787) vcan0 080#36508000C2002C00
(1675526161.995866) vcan0 0B0#528310A3DFC152E3
(1675526161.995943) vcan0 145#F972D880FC4810A1
(1675526161.996030) vcan0 288#22E020DF00000080
(1675526161.996109) vcan0 010#008800002FB031F8
(1675526161.996836) vcan0 072#F000FF3F00788038
(1675526161.996914) vcan0 2A9#8C26008AC0000084
(1675526161.997064) vcan0 1B0#00C0000005B000FC
(1675526161.998151) vcan0 1B5#FFF1457514E0FFEF
(1675526161.998228) vcan0 1D8#363339343234E043
(1675526161.998378) vcan0 1E0#0010B34300B917E0
(1675526161.998455) vcan0 2C3#BB9C00FFFF275450
(1675526161.999687) vcan0 260#D0FF00AA497487B0
(1675526162.000846) vcan0 008#2B8094AF15800080
(1675526162.001862) vcan0 290#0000000000000000
(1675526162.004250) vcan0 010#008800002FB031F9
(1675526162.005336) vcan0 0E0#627329E800801200
(1675526162.006422) vcan0 1D0#0000000000000261
(1675526162.006501) vcan0 210#0AE080A0B469AD45
(1675526162.006587) vcan0 291#0000000000000000
(1675526162.007817) vcan0 0F5#57A95BA97F7F022C
(1675526162.007895) vcan0 120#98A988A97F025689
(1675526162.007972) vcan0 130#FFFF1D80295AFF11
(1675526162.008051) vcan0 150#592909F807F881C0
(1675526162.008920) vcan0 008#2B80A49F15800080
(1675526162.011666) vcan0 072#F000FF3F0078A038
(1675526162.011743) vcan0 3B0#00D8733C69B0C400
(1675526162.011821) vcan0 125#E52180E5C1D0D735
(1675526162.012763) vcan0 055#F8F71438B20D9E80
(1675526162.013852) vcan0 065#79E614F8FEED5E02
(1675526162.014903) vcan0 070#000007F85EE20D00
(1675526162.014981) vcan0 075#0000000000005458
(1675526162.015059) vcan0 080#36508000C2002C00
(1675526162.016001) vcan0 0B0#528310A3DFC152E3
(1675526162.016079) vcan0 145#F962D980FC4810A1
(1675526162.016166) vcan0 010#008800002FB031F8
(1675526162.016244) vcan0 28C#000000000030FEA9
(1675526162.018772) vcan0 2B5#4BC6266293A6367A
(1675526162.018850) vcan0 330#2800000000000000
(1675526162.019001) vcan0 1B0#00C0000003B000FC
(1675526162.019077) vcan0 1B5#FF0C608221E0FFEF
(1675526162.019154) vcan0 1D8#363339343234E043
(1675526162.019233) vcan0 1E0#0010B30300B917E0
(1675526162.019958) vcan0 288#3FE020DF00000080
(1675526162.020036) vcan0 008#2B80B48F15800080
(1675526162.022205) vcan0 010#008800002FB031F8
(1675526162.026197) vcan0 072#F000FF3F00788038
(1675526162.026276) vcan0 0E0#62732AF00080F100
(1675526162.027218) vcan0 1D0#0000000000000061
(1675526162.027296) vcan0 0F5#73A967A97F43F22F
(1675526162.027373) vcan0 120#98A963A97F005689
(1675526162.027463) vcan0 130#87FF1D80294AFF11
(1675526162.027541) vcan0 150#6D29130806F85DC0
(1675526162.028267) vcan0 260#D0FF00AA497487B0
(1675526162.029282) vcan0 008#2B80C47F15800080
(1675526162.030728) vcan0 210#0AE080A0B469AD45
(1675526162.031743) vcan0 125#E52180E5C1D0D735
(1675526162.034562) vcan0 055#F8F71438B20D9E80
(1675526162.034639) vcan0 065#7CE614F801EE5E02
(1675526162.034717) vcan0 070#000007F85EE20D00
(1675526162.035586) vcan0 075#0000000000005458
(1675526162.035736) vcan0 080#36508000C2002C00
(1675526162.035814) vcan0 0B0#52830FA3DFC152E3
(1675526162.035893) vcan0 010#008800002FB031F8
(1675526162.036763) vcan0 145#F952DA80FC4810A1
(1675526162.036841) vcan0 290#0000000000000000
(1675526162.036919) vcan0 291#0000000000000000
(1675526162.037004) vcan0 2A9#8C26008AC0000084
(1675526162.037155) vcan0 1B0#00C0000005B000FC
(1675526162.037809) vcan0 1B5#FF277A902EE0FFEF
(1675526162.037959) vcan0 1D8#363339343234E043
(1675526162.038037) vcan0 1E0#0014A34300B917E0
(1675526162.040709) vcan0 2C0#BB9C00000000A0F1
(1675526162.040858) vcan0 2C3#BB9C00FFFF285450
(1675526162.040936) vcan0 2C5#30DF88BE7AE6D470
(1675526162.041013) vcan0 370#0728C0007503C71F
(1675526162.041090) vcan0 3E0#000000D935808092
(1675526162.041169) vcan0 008#2880D46423800080
(1675526162.041319) vcan0 072#F000FF3F0078A038
(1675526162.041828) vcan0 360#C09C00A7B153A041
(1675526162.042844) vcan0 288#2BE020DF00000080
(1675526162.043931) vcan0 010#008800002FB031F8
(1675526162.044997) vcan0 0E0#627331F80080CA00
(1675526162.047823) vcan0 1D0#0000000000000861
(1675526162.047900) vcan0 390#80FF05000226566F
(1675526162.047979) vcan0 0F5#47A95EA97F47E232
(1675526162.048057) vcan0 120#ACA99CA97F075689
(1675526162.048135) vcan0 130#8FFF1D80293AFF11
(1675526162.048283) vcan0 150#5329111806F867C0
(1675526162.048865) vcan0 008#2880E45423800080
(1675526162.050024) vcan0 125#E52480E5C1D0D735
(1675526162.051040) vcan0 350#A200000000000080
(1675526162.053495) vcan0 055#F8F71438B20D9E80
(1675526162.054625) vcan0 065#7AE614F8FFED5E02
(1675526162.054700) vcan0 070#000007F85EE20D00
(1675526162.057442) vcan0 075#0000000000005458
(1675526162.057518) vcan0 080#36508000C2002C00
(1675526162.057591) vcan0 0B0#52830FA3DFC152E3
(1675526162.057665) vcan0 145#F942DB80FC4810A1
(1675526162.057749) vcan0 010#008800002FB031F8
(1675526162.057891) vcan0 072#F000FF3F00788038
(1675526162.057965) vcan0 210#0AE08020B469AD4D
(1675526162.058040) vcan0 28C#000000000030FEA9
(1675526162.058113) vcan0 2B5#4BC7266293A6367A
(1675526162.058256) vcan0 1B0#00C0000007B000FC
(1675526162.058331) vcan0 1B5#FF42959D3CE0FFEF
(1675526162.058405) vcan0 1D8#363339343234E043
(1675526162.058479) vcan0 1E0#0018934300B917E0
(1675526162.058621) vcan0 340#9F00000000000000
(1675526162.058697) vcan0 3D0#980F6100250D80C3
(1675526162.059934) vcan0 260#D0FF00AA497487B0
(1675526162.060008) vcan0 008#2880F4590E800080
(1675526162.061039) vcan0 290#0000000000000000
(1675526162.063440) vcan0 0E0#62732FC00080AC00
(1675526162.064560) vcan0 010#008800002FB031F8
(1675526162.065586) vcan0 1D0#0000000000000061
(1675526162.066674) vcan0 291#0000000000000000
(1675526162.066753) vcan0 400#010100010204051A
(1675526162.069568) vcan0 0F5#5BA95BA97F4BD236
(1675526162.069645) vcan0 120#93A980A97F025689
(1675526162.069724) vcan0 130#97FF1D80292AFF11
(1675526162.069801) vcan0 150#5B29092806F84FC0
(1675526162.069878) vcan0 405#C09C003B00343B02
(1675526162.069957) vcan0 288#2BE020DF00000080
(1675526162.070682) vcan0 008#288004490E800080
(1675526162.071772) vcan0 125#E52480E5C1D0D735
(1675526162.071849) vcan0 072#F000FF3F0078A038
(1675526162.072792) vcan0 055#F8F71438B20D9E80
(1675526162.073878) vcan0 065#78E614F8FFED5E02
(1675526162.075199) vcan0 070#000007F85DE20D00
(1675526162.075341) vcan0 075#0000000000005458
(1675526162.075437) vcan0 080#36508000C2002C00
(1675526162.075511) vcan0 0B0#52830FA3DFC152E3
(1675526162.076270) vcan0 145#F932DC80FC4810A1
(1675526162.077783) vcan0 010#008800002FB031F8
(1675526162.077858) vcan0 1B0#00C0000003B000FC
(1675526162.077999) vcan0 1B5#FF5DB0AA49E0FFEF
(1675526162.078073) vcan0 1D8#363339343234E043
(1675526162.078147) vcan0 1E0#0018930300B917E0
(1675526162.078221) vcan0 2A9#8C260093C0000084
(1675526162.078363) vcan0 2C3#BB9C00FFFF285450
(1675526162.078986) vcan0 3C8#BB9C008E882C008E
(1675526162.080018) vcan0 008#288014390E800080
(1675526162.081051) vcan0 210#06E080A0B469AD45
(1675526162.084926) vcan0 0E0#62732EC800808D00
(1675526162.086013) vcan0 010#008800002FB031F8
(1675526162.087030) vcan0 072#F000FF3F00788038
(1675526162.087117) vcan0 1D0#0000000000000061
(1675526162.087266) vcan0 0F5#67A95BA97F4FC239
(1675526162.087344) vcan0 120#8CA99CA97FF95589
(1675526162.088504) vcan0 130#9FFF1D80291AFF11
(1675526162.088581) vcan0 150#6029143805F83AC0
(1675526162.088658) vcan0 260#D0FF00AA497487B0
(1675526162.089529) vcan0 008#288024290E800080
(1675526162.092418) vcan0 125#E52480E5C1D0D735
(1675526162.093577) vcan0 055#F8F71438B20D9E80
(1675526162.094641) vcan0 065#7BE614F802EE5D02
(1675526162.094715) vcan0 070#000007F85DE20D00
(1675526162.094789) vcan0 075#0000000000005458
(1675526162.095688) vcan0 080#36508000C2002C00
(1675526162.095762) vcan0 0B0#52830FA3DFC152E3
(1675526162.095836) vcan0 145#F922DD80FC4810A1
(1675526162.095979) vcan0 010#008800002FB031F9
(1675526162.096748) vcan0 288#43E030CF00000080
(1675526162.096824) vcan0 28C#000000000030FEA9
(1675526162.096967) vcan0 290#0000000000000000
(1675526162.097040) vcan0 1B0#00C0000002B000FC
(1675526162.099645) vcan0 1B5#FF78CBB857E0FFEF
(1675526162.099720) vcan0 1D8#363339343234E043
(1675526162.099862) vcan0 1E0#001C834300B917E0
(1675526162.099937) vcan0 291#0000000000000000
(1675526162.100011) vcan0 2B5#4BC7266293A63679
(1675526162.100083) vcan0 2C0#BB9C00000000A0F1
(1675526162.100227) vcan0 2C5#30DF88BE7AE6D470
(1675526162.100301) vcan0 330#2800000000000000
(1675526162.100374) vcan0 3AF#0000000000000020
(1675526162.100792) vcan0 008#288034190E800080
(1675526162.100935) vcan0 072#F000FF3F0078A038
(1675526162.103265) vcan0 010#008800002FB031F8
(1675526162.104344) vcan0 0E0#627329D000807200
(1675526162.105433) vcan0 1D0#0000000000000261
(1675526162.106521) vcan0 210#06E080A0B469AD4D
(1675526162.107900) vcan0 0F5#4FA95BA97F53B23C
(1675526162.107977) vcan0 120#93A984A97F075689
(1675526162.108054) vcan0 130#A7FF1D80290AFF11
(1675526162.108131) vcan0 150#5529144805F835C0
(1675526162.108210) vcan0 3CA#00000000C00000C8
(1675526162.110451) vcan0 008#288044090E800080
(1675526162.111468) vcan0 125#E52480E5C1D0D735
(1675526162.112553) vcan0 055#F8F71438B20D9E80
(1675526162.113568) vcan0 065#7DE614F801EE5D02
(1675526162.114623) vcan0 070#000007F85EE20D00
(1675526162.117573) vcan0 075#0000000000005458
(1675526162.117646) vcan0 080#36508000C2002C00
(1675526162.117721) vcan0 0B0#52830FA3DFC152E3
(1675526162.117803) vcan0 145#F912DE80FC4810A1
(1675526162.117878) vcan0 010#008800002FB031F8
(1675526162.118020) vcan0 072#F000FF3F00788038
(1675526162.118095) vcan0 2A9#8C260082C0000084
(1675526162.118168) vcan0 1B0#00C0000004B000FC
(1675526162.118241) vcan0 1B5#FF93E6C564E0FFEF
(1675526162.118383) vcan0 1D8#363339343234E043
(1675526162.118458) vcan0 1E0#0020734300B917E0
(1675526162.118532) vcan0 2C3#BB9C00FFFF295450
(1675526162.119084) vcan0 260#D0FF0055497487B0
(1675526162.119159) vcan0 288#33E030CF00000080
(1675526162.120122) vcan0 008#288054F90E800080
(1675526162.121293) vcan0 290#0000000000000000
(1675526162.123628) vcan0 010#008800002FB031F8
(1675526162.124707) vcan0 0E0#627330D800804B00
(1675526162.126155) vcan0 1D0#0000000000000861
(1675526162.126315) vcan0 291#0000000000000000
(1675526162.127258) vcan0 0F5#5EA95BA97F57A240
(1675526162.127336) vcan0 120#A8A980A97F005689
(1675526162.127413) vcan0 130#AFFF1D8029FAFF11
(1675526162.127492) vcan0 150#5C290F5805F81EC0
(1675526162.129949) vcan0 008#288064E90E800080
(1675526162.131037) vcan0 072#F000FF3F0078A038
(1675526162.131114) vcan0 210#06E080A0B469AD4D
(1675526162.131191) vcan0 125#E52480E5C1D0D735
(1675526162.132062) vcan0 3B0#00D8733869B0C400
(1675526162.133151) vcan0 055#F8F71438B20D9E80
(1675526162.134301) vcan0 065#79E614F8FEED5E02
(1675526162.135336) vcan0 070#000007F85EE20D00
(1675526162.135409) vcan0 075#0000000000005458
(1675526162.136855) vcan0 080#36508000C2002C00
(1675526162.136928) vcan0 010#008800002FB031F8
(1675526162.137015) vcan0 0B0#52830FA3DFC152E3
(1675526162.137088) vcan0 145#F902DF80FC4810A1
(1675526162.137231) vcan0 28C#000000000030FEA9
(1675526162.137305) vcan0 1B0#00C0000003B000FC
(1675526162.137379) vcan0 1B5#FFAE01D371E0FFEF
(1675526162.139646) vcan0 1D8#363339343234E043
(1675526162.139788) vcan0 1E0#0020730300B917E0
(1675526162.139862) vcan0 2B5#4BC7266293A6367A
(1675526162.139936) vcan0 340#9F00000000000000
(1675526162.140010) vcan0 370#0728C0007503C71F
(1675526162.140838) vcan0 008#288074E700800080
(1675526162.140912) vcan0 360#C09C00A7B153A041
(1675526162.141878) vcan0 350#A200000000000080
(1675526162.142911) vcan0 288#5CE030CF00000080
(1675526162.145418) vcan0 010#008800002FB031F8
(1675526162.146433) vcan0 072#F000FF3F00788038
(1675526162.146520) vcan0 0E0#62732FE000802C00
(1675526162.146671) vcan0 1D0#0000000000000061
(1675526162.146750) vcan0 390#80FF05000222574F
(1675526162.149279) vcan0 0F5#57A95EA97F5B9243
(1675526162.149355) vcan0 120#7BA9A4A97FF55589
(1675526162.149434) vcan0 130#B7FF1D8029EAFF11
(1675526162.149584) vcan0 150#5B291B6805F80FC0
(1675526162.149661) vcan0 260#D0FF0055497487B0
(1675526162.150460) vcan0 008#288084D700800080
(1675526162.151476) vcan0 125#E52480E5C1D0D735
(1675526162.152564) vcan0 055#F8F71438B20D9E80
(1675526162.153578) vcan0 065#7AE614F800EE5E02
(1675526162.154710) vcan0 070#000007F85FE20D00
(1675526162.156224) vcan0 075#0000000000005458
(1675526162.156297) vcan0 080#37508000C2002C00
(1675526162.156370) vcan0 0B0#52830FA3DFC152E3
(1675526162.156525) vcan0 145#F9F2D080FC4810A1
(1675526162.156598) vcan0 010#008800002FB031F8
(1675526162.156672) vcan0 210#06E080A0B469AD45
(1675526162.156745) vcan0 290#0000000000000000
(1675526162.159217) vcan0 291#0000000000000000
(1675526162.159290) vcan0 1B0#00C0000002B000FC
(1675526162.159434) vcan0 1B5#FFC81CE07FE0FFEF
(1675526162.159507) vcan0 1D8#363339343234E043
(1675526162.159580) vcan0 1E0#0024634300B917E0
(1675526162.159654) vcan0 2A9#8C26009BC0000084
(1675526162.159797) vcan0 2C0#BB9C00000000A0F1
(1675526162.159871) vcan0 2C3#BB9C00FFFF295450
(1675526162.159945) vcan0 2C5#2FDF88BE7AE6D470
(1675526162.160293) vcan0 008#288094C700800080
(1675526162.161327) vcan0 072#F000FF3F0078A038
(1675526162.165218) vcan0 0E0#627328E800801300
(1675526162.166245) vcan0 010#008800002FB031F9
(1675526162.166394) vcan0 1D0#0000000000000261
(1675526162.167337) vcan0 0F5#5EA967A97F5F8246
(1675526162.167415) vcan0 120#7BA988A97F075689
(1675526162.167494) vcan0 130#BFFF1D8029DAFF11
(1675526162.167571) vcan0 150#6229147805F8F8C0
(1675526162.169813) vcan0 288#3FE030CF00000080
(1675526162.170828) vcan0 008#2880A4B700800080
(1675526162.173724) vcan0 125#E52480E5C1D0D735
(1675526162.174777) vcan0 055#F8F71438B20D9E80
(1675526162.174919) vcan0 065#7EE614F800EE5F02
(1675526162.174994) vcan0 070#000007F85FE20D00
(1675526162.175069) vcan0 075#0000000000005458
(1675526162.175896) vcan0 080#37508000C2002C00
(1675526162.175970) vcan0 0B0#528310A3DFC152E3
(1675526162.176044) vcan0 145#F9E2D180FC4810A1
(1675526162.176129) vcan0 28C#000000000030FEA9
(1675526162.176204) vcan0 2B5#4BC7266293A63679
(1675526162.176965) vcan0 010#008800002FB031F8
(1675526162.177039) vcan0 072#F000FF3F00788038
(1675526162.177112) vcan0 1B0#00C0000003B000FC
(1675526162.177188) vcan0 1B5#FFE336ED8CE0FFEF
(1675526162.178428) vcan0 1D8#363339343234E043
(1675526162.178501) vcan0 1E0#0028534300B917E0
(1675526162.178643) vcan0 330#2800000000000000
(1675526162.178717) vcan0 260#D0FF0055497487B0
(1675526162.179477) vcan0 008#2880B4A700800080
(1675526162.180646) vcan0 210#06E080A0B469AD4D
(1675526162.181819) vcan0 290#0000000000000000
(1675526162.183194) vcan0 0E0#62732AF00080F100
(1675526162.184278) vcan0 010#008800002FB031F8
(1675526162.185294) vcan0 1D0#0000000000000061
(1675526162.186331) vcan0 291#0000000000000000
(1675526162.187491) vcan0 0F5#67A967A97F63724A
(1675526162.187570) vcan0 120#C9A990A97FF35589
(1675526162.188802) vcan0 130#C7FF1D8029CAFF11
(1675526162.188952) vcan0 150#6729158805F8E3C0
(1675526162.191843) vcan0 008#2880C49700800080
(1675526162.191920) vcan0 072#F000FF3F0078A038
(1675526162.191999) vcan0 125#E52480E5C1D0D735
(1675526162.192870) vcan0 055#F8F71438B20D9E80
(1675526162.193959) vcan0 065#7CE614F800EE5E02
(1675526162.195070) vcan0 070#000007F85FE20D00
(1675526162.195144) vcan0 075#0000000000005458
(1675526162.195287) vcan0 080#37508000C2002C00
(1675526162.196114) vcan0 0B0#52830FA3DFC152E3
(1675526162.196258) vcan0 145#F9D2D280FC4810A1
(1675526162.196331) vcan0 010#008800002FB031F8
(1675526162.196415) vcan0 288#64E040BF00000080
(1675526162.197175) vcan0 2A9#8C26008AC0000084
(1675526162.197318) vcan0 1B0#00C0000005B000FC
(1675526162.197391) vcan0 1B5#FFFE51FB99E0FFEF
(1675526162.198562) vcan0 1D8#363339343234E043
(1675526162.198637) vcan0 1E0#0028530300B917E0
(1675526162.198711) vcan0 2C3#BB9C00FFFF2A5450
(1675526162.200018) vcan0 3C8#BB9C008E882C008E
(1675526162.200161) vcan0 008#2880D48700800080
(1675526162.204207) vcan0 010#008800002FB031F8
(1675526162.205241) vcan0 072#F000FF3F00788038
(1675526162.206276) vcan0 0E0#627325F80080D600
(1675526162.206348) vcan0 1D0#0000000000000861
(1675526162.206491) vcan0 210#06E08020B469AD45
(1675526162.207320) vcan0 0F5#5BA963A97F67624D
(1675526162.207462) vcan0 120#88A993A97FFF5589
(1675526162.207548) vcan0 130#CFFF1D8029BAFF11
(1675526162.207622) vcan0 150#5E291F9805F8DCC0
(1675526162.208724) vcan0 260#D0FF00AA497487B0
(1675526162.211673) vcan0 008#2880E47700800080
(1675526162.211747) vcan0 125#E52180E5C1D0D735
(1675526162.212711) vcan0 055#F8F71438B20B9E80
(1675526162.213880) vcan0 065#7AE614F8FEED5F02
(1675526162.214867) vcan0 070#000007F85FE20D00
(1675526162.214942) vcan0 075#0000000000005458
(1675526162.215086) vcan0 080#37508000C2002C00
(1675526162.215914) vcan0 0B0#52830FA3DFC152E3
(1675526162.216057) vcan0 145#F9C2D380FC4810A1
(1675526162.216130) vcan0 010#008800002FB031F8
(1675526162.216204) vcan0 28C#000000000030FEA9
(1675526162.217032) vcan0 290#0000000000000000
(1675526162.217107) vcan0 291#0000000000000000
(1675526162.217204) vcan0 1B0#00C0000002B000FC
(1675526162.217278) vcan0 1B5#FF196C08A7E0FFEF
(1675526162.220021) vcan0 1D8#363339343234E043
(1675526162.220097) vcan0 1E0#002C434300B917E0
(1675526162.220169) vcan0 2B5#4BC8266293A6367B
(1675526162.220245) vcan0 2C0#BB9C00000000A0F1
(1675526162.220387) vcan0 2C5#2FDF88BE7FE6D470
(1675526162.220460) vcan0 340#9F00000000000000
(1675526162.220534) vcan0 3AF#0000000000000020
(1675526162.220606) vcan0 425#0000000000000000
(1675526162.220749) vcan0 288#54E040BF00000080
(1675526162.220824) vcan0 008#2880F46700800080
(1675526162.221102) vcan0 072#F000FF3F0078A038
(1675526162.223369) vcan0 010#008800002FB031F8
(1675526162.224414) vcan0 0E0#627328C00080B300
(1675526162.225504) vcan0 1D0#0000000000000061
(1675526162.226530) vcan0 0F5#77A95BA97F6B5250
(1675526162.227978) vcan0 120#8CA973A97FFD5589
(1675526162.228057) vcan0 130#D7FF1D8029AAFF11
(1675526162.228134) vcan0 150#68291AA805F8C2C0
(1675526162.228211) vcan0 3CA#00000000D10000C8
(1675526162.230599) vcan0 008#2880045700800080
(1675526162.230676) vcan0 210#06E080A0B469AD45
(1675526162.231620) vcan0 125#E52180E5C1D0D735
(1675526162.232705) vcan0 350#A200000000000080
(1675526162.233792) vcan0 055#F8F71438B20D9E80
(1675526162.234844) vcan0 065#7AE614F800EE5F02
(1675526162.234917) vcan0 070#000007F85EE20D00
(1675526162.234991) vcan0 075#0000000000005458
(1675526162.235065) vcan0 080#36508000C2002C00
(1675526162.239043) vcan0 0B0#528310A3DFC152E3
(1675526162.239117) vcan0 145#F9B2D480FC4810A1
(1675526162.239201) vcan0 010#008800002FB031F8
(1675526162.239274) vcan0 072#F000FF3F00788038
(1675526162.239416) vcan0 2A9#8C260082C0000084
(1675526162.239491) vcan0 370#0728C0007503C71F
(1675526162.239565) vcan0 1B0#00C0000005B000FC
(1675526162.239639) vcan0 1B5#FF348715B4E0FFEF
(1675526162.239780) vcan0 1D8#363339343234E043
(1675526162.239854) vcan0 1E0#0030334300B917E0
(1675526162.239929) vcan0 2C3#BB9C00FFFF2B5450
(1675526162.240003) vcan0 260#D0FF00AA497487B0
(1675526162.240145) vcan0 008#2880144700800080
(1675526162.241179) vcan0 360#C09C00A7B153A041
(1675526162.242213) vcan0 290#0000000000000000
(1675526162.243312) vcan0 288#4FE040BF00000080
(1675526162.245793) vcan0 010#008800002FB031F8
(1675526162.245872) vcan0 0E0#62732BC800809000
(1675526162.248554) vcan0 1D0#0000000000000061
(1675526162.248633) vcan0 291#0000000000000000
(1675526162.248783) vcan0 390#80FF0500021A594F
(1675526162.248860) vcan0 0F5#32A95BA97F6F4254
(1675526162.248936) vcan0 120#A8A980A97FFC5589
(1675526162.249015) vcan0 130#DFFF1D80299AFF11
(1675526162.249092) vcan0 150#462918B805F8D4C0
(1675526162.249675) vcan0 008#2880243700800080
(1675526162.250690) vcan0 072#F000FF3F0078A038
(1675526162.250767) vcan0 3B0#00D8733869B0C400
(1675526162.251782) vcan0 125#E52180E5C1D0D735
(1675526162.254303) vcan0 055#F8F71438B20B9E80
(1675526162.254378) vcan0 065#79E614F800EE5E02
(1675526162.255344) vcan0 070#000007F85EE20D00
(1675526162.255417) vcan0 075#0000000000005458
(1675526162.255490) vcan0 080#36508000C2002C00
(1675526162.255577) vcan0 0B0#52830FA3DFC152E3
(1675526162.256403) vcan0 010#008800002FB031F9
(1675526162.259214) vcan0 145#F9A2D580FC4810A1
(1675526162.259287) vcan0 210#06E080A0B469AD4D
(1675526162.259361) vcan0 28C#000000000030FEA9
(1675526162.259505) vcan0 2B5#4BC8266293A6367A
(1675526162.259579) vcan0 1B0#00C000000CB000FC
(1675526162.259652) vcan0 1B5#FF4FA223C2E0FFEF
(1675526162.259726) vcan0 1D8#363339343234E043
(1675526162.259868) vcan0 1E0#0030330300B917E0
(1675526162.259943) vcan0 330#2800000000000000
(1675526162.260017) vcan0 3D0#980F6100250D80C3
(1675526162.260298) vcan0 008#2880342700800080
(1675526162.261331) vcan0 430#CB08C200000030C6
(1675526162.265141) vcan0 0E0#627336D000806500
(1675526162.266157) vcan0 010#008800002FB031F8
(1675526162.266244) vcan0 072#F000FF3F00788038
(1675526162.266395) vcan0 1D0#0000000000000261
(1675526162.267269) vcan0 0F5#3BA936A97F733257
(1675526162.267346) vcan0 120#77A984A97F005689
(1675526162.267423) vcan0 130#E7FF1D80298AFF11
(1675526162.268653) vcan0 150#382918C805F8D2C0
(1675526162.268732) vcan0 260#D0FF00AA497487B0
(1675526162.269817) vcan0 288#4FE040BF00000080
(1675526162.270833) vcan0 008#2880441700800080
(1675526162.270983) vcan0 125#E52180E5C1D0D735
(1675526162.273440) vcan0 055#F8F71438B20D9E80
(1675526162.274436) vcan0 065#77E614F8FEED5E02
(1675526162.274579) vcan0 070#000007F85DE20D00
(1675526162.275544) vcan0 075#0000000000005458
(1675526162.275619) vcan0 080#36508000C2002C00
(1675526162.275693) vcan0 0B0#528310A3DFC152E3
(1675526162.275777) vcan0 145#F992D680FC4810A1
(1675526162.275920) vcan0 290#0000000000000000
(1675526162.278461) vcan0 2C0#BB9C00000000A0F1
(1675526162.278535) vcan0 2C5#2FDF88BE79E6D470
(1675526162.278609) vcan0 010#008800002FB031F8
(1675526162.278684) vcan0 1B0#00C0000006B000FC
(1675526162.278826) vcan0 1B5#FF6ABD30CFE0FFEF
(1675526162.278900) vcan0 1D8#363339343234E043
(1675526162.278973) vcan0 1E0#0034234300B917E0
(1675526162.279047) vcan0 291#0000000000000000
(1675526162.279189) vcan0 2A9#8C26009BC0000084
(1675526162.279263) vcan0 2C3#BB9C00FFFF2B5450
(1675526162.279543) vcan0 008#2880540700800080
(1675526162.280644) vcan0 072#F000FF3F0078A038
(1675526162.281746) vcan0 210#06E080A0B469AD45
(1675526162.284202) vcan0 0E0#627329D800805200
(1675526162.286960) vcan0 010#008800002FB031F8
(1675526162.287108) vcan0 1D0#0000000000000861
(1675526162.287187) vcan0 0F5#4FA94FA97F77225B
(1675526162.287263) vcan0 120#88A96FA97FFF5589
(1675526162.287342) vcan0 130#EFFF1D80297AFF11
(1675526162.288067) vcan0 150#4F2917D805F8ABC0
(1675526162.289081) vcan0 008#288064F700800080
(1675526162.290168) vcan0 125#E52180E5C1D0D735
(1675526162.292624) vcan0 055#F8F71438B20D9E80
(1675526162.295581) vcan0 065#74E614F8FEED5D02
(1675526162.295725) vcan0 070#000007F85EE20D00
(1675526162.295798) vcan0 075#0000000000005458
(1675526162.295873) vcan0 080#36508000C2002C00
(1675526162.295947) vcan0 0B0#528310A3DFC152E3
(1675526162.296088) vcan0 145#F982D780FC4810A1
(1675526162.296165) vcan0 010#008800002FB031F8
(1675526162.296659) vcan0 072#F000FF3F00788038
(1675526162.296802) vcan0 288#47E050AF00000080
(1675526162.296877) vcan0 28C#000000000030FEA9
(1675526162.296950) vcan0 2B5#4BC8266293A63679
(1675526162.297708) vcan0 1B0#00C0000005B000FC
(1675526162.297851) vcan0 1B5#FF85D83EDCE0FFEF
(1675526162.297926) vcan0 1D8#363339343234E043
(1675526162.297999) vcan0 1E0#0038134300B917E0
(1675526162.299100) vcan0 340#9F00000000000000
(1675526162.299174) vcan0 260#D0FF0055497487B0
(1675526162.300138) vcan0 008#288074E700800080
(1675526162.302677) vcan0 290#0000000000000000
(1675526162.303777) vcan0 0E0#62732DE000802E00
(1675526162.304782) vcan0 010#008800002FB031F8
(1675526162.307745) vcan0 1D0#0000000000000061
(1675526162.307822) vcan0 210#06E080A0B469AD4D
(1675526162.307910) vcan0 291#0000000000000000
(1675526162.307989) vcan0 0F5#43A94FA97F7B125E
(1675526162.308065) vcan0 120#A0A980A97F0E5689
(1675526162.308144) vcan0 130#F7FD1D80296AFF11
(1675526162.308293) vcan0 150#492915E805F8A1C0
(1675526162.308804) vcan0 008#288084D700800080
(1675526162.309820) vcan0 072#F000FF3F0078A038
(1675526162.310980) vcan0 125#E52480E5C1D0D735
(1675526162.313366) vcan0 055#F8F71538B20D9E80
(1675526162.314437) vcan0 065#76E614F801EE5E02
(1675526162.317319) vcan0 070#000007F861E20D00
(1675526162.317462) vcan0 075#0000000000005458
(1675526162.317536) vcan0 080#38508000C2002C00
(1675526162.317610) vcan0 0B0#528310A3DFC152E3
(1675526162.317684) vcan0 145#F972D880FC4810A1
(1675526162.317827) vcan0 010#008800002FB031F8
(1675526162.317912) vcan0 2A9#8C260082C0000084
(1675526162.317985) vcan0 400#000101010002031B
(1675526162.318060) vcan0 405#0000000000000022
(1675526162.318132) vcan0 1B0#00C0000004B000FC
(1675526162.318275) vcan0 1B5#FFA0F24BEAE0FFEF
(1675526162.318349) vcan0 1D8#363339343234E043
(1675526162.318423) vcan0 1E0#0038130300B917E0
(1675526162.318496) vcan0 2C3#BB9C00FFFF2C5450
(1675526162.319462) vcan0 288#3BE050AF00000080
(1675526162.320770) vcan0 3C8#BB9C008E882C008E
(1675526162.320913) vcan0 008#268094BB0E800080
(1675526162.321877) vcan0 350#A200000000000080
(1675526162.325743) vcan0 0E0#627338E800800300
(1675526162.325821) vcan0 010#008800002FB031F8
(1675526162.326908) vcan0 072#F000FF3F00788038
(1675526162.326987) vcan0 1D0#0000000000000061
(1675526162.327075) vcan0 0F5#47A943A97F7F0261
(1675526162.327154) vcan0 120#A4A988A97F015689
(1675526162.327953) vcan0 130#FFFF1D80295AFF11
(1675526162.328031) vcan0 150#452911F805F895C0
(1675526162.329047) vcan0 260#D0FF0055497487B0
(1675526162.330065) vcan0 008#2680A4AB0E800080
(1675526162.331514) vcan0 210#06E080A0B469AD4D
(1675526162.331591) vcan0 125#E52480E5C1D0D735
(1675526162.334465) vcan0 055#F8F71538B20D9E80
(1675526162.334539) vcan0 065#79E614F802EE6102
(1675526162.334682) vcan0 070#000007F861E20D00
(1675526162.335510) vcan0 075#0000000000005458
(1675526162.335652) vcan0 080#38508000C2002C00
(1675526162.335727) vcan0 0B0#528310A3DFC152E3
(1675526162.335801) vcan0 145#F962D980FC4810A1
(1675526162.335875) vcan0 28C#000000000030FEA9
(1675526162.336578) vcan0 010#008800002FB031F9
(1675526162.336720) vcan0 290#0000000000000000
(1675526162.336795) vcan0 291#0000000000000000
(1675526162.336869) vcan0 1B0#00C0000002B000FC
(1675526162.337628) vcan0 1B5#FFBA0D58F7E0FFEF
(1675526162.337771) vcan0 1D8#363339343234E043
(1675526162.337845) vcan0 1E0#003C034300B917E0
(1675526162.340589) vcan0 2B5#4BC8256293A6367C
(1675526162.340664) vcan0 2C0#BB9C00000000A0F1
(1675526162.340736) vcan0 2C5#2FDF88BE74E6D470
(1675526162.340811) vcan0 330#2800000000000000
(1675526162.340953) vcan0 370#0728C0007503C71F
(1675526162.341026) vcan0 3AF#0000000000000020
(1675526162.341100) vcan0 3E0#000000D935808092
(1675526162.341176) vcan0 008#2680B49B0E800080
(1675526162.341317) vcan0 072#F000FF3F0078A038
(1675526162.341672) vcan0 360#C09C00A7B153A041
(1675526162.342705) vcan0 288#3FE050AF00000080
(1675526162.343739) vcan0 010#008800002FB031F8
(1675526162.344921) vcan0 0E0#62732CF00080EF00
(1675526162.347739) vcan0 1D0#0000000000000261
(1675526162.347816) vcan0 390#80FF0500021A594F
(1675526162.347895) vcan0 0F5#53A947A97F43F265
(1675526162.347972) vcan0 120#90A990A97FFB5589
(1675526162.348049) vcan0 130#87FF1D80294AFF11
(1675526162.348128) vcan0 150#4D29130805F87DC0
(1675526162.348276) vcan0 3CA#00000000D20000C8
(1675526162.348788) vcan0 008#2680C48B0E800080
(1675526162.349803) vcan0 125#E52480E5C1D0D735
(1675526162.352260) vcan0 055#F8F71538B20D9E80
(1675526162.355028) vcan0 065#79E615F800EE6102
(1675526162.355103) vcan0 070#000007F862E20D00
(1675526162.355198) vcan0 075#0000000000005458
(1675526162.356163) vcan0 080#39508000C2002C00
(1675526162.356238) vcan0 010#008800002FB031F8
(1675526162.356379) vcan0 072#F000FF3F00788038
(1675526162.356454) vcan0 0B0#52830FA3DFC152E3
(1675526162.357214) vcan0 145#F952DA80FC4810A1
(1675526162.357355) vcan0 210#05E08020B469AD45
(1675526162.357428) vcan0 1B0#00C0000002B000FC
(1675526162.357502) vcan0 1B5#FFD5286604E0FFEF
(1675526162.357576) vcan0 1D8#363339343234E043
(1675526162.358336) vcan0 1E0#0000F34300B917E0
(1675526162.358407) vcan0 2A9#8C260093C0000084
(1675526162.358482) vcan0 2C3#BB9C00FFFF2C5450
(1675526162.359720) vcan0 260#D0FF0055497487B0
(1675526162.360753) vcan0 008#2680D47B0E800080
(1675526162.363156) vcan0 290#0000000000000000
(1675526162.364205) vcan0 0E0#627324F80080D700
(1675526162.365294) vcan0 010#008800002FB031F8
(1675526162.366382) vcan0 1D0#0000000000000861
(1675526162.366460) vcan0 291#0000000000000000
(1675526162.367691) vcan0 0F5#4FA95EA97F47E268
(1675526162.367769) vcan0 120#98A990A97FFF5589
(1675526162.367847) vcan0 130#8FFF1D80293AFF11
(1675526162.367925) vcan0 150#5729131805F863C0
(1675526162.369370) vcan0 288#43E050AF00000080
(1675526162.370460) vcan0 008#2680E46B0E800080
(1675526162.371475) vcan0 125#E52480E5C1D0D735
(1675526162.371553) vcan0 072#F000FF3F0078A038
(1675526162.371631) vcan0 3B0#00FC733869B0C400
(1675526162.372573) vcan0 055#F8F71538B20D9E80
(1675526162.373661) vcan0 065#7BE615F801EE6102
(1675526162.374715) vcan0 070#000007F863E20D00
(1675526162.374799) vcan0 075#0000000000005458
(1675526162.376108) vcan0 080#39508000C2002C00
(1675526162.376183) vcan0 0B0#528310A3DFC152E3
(1675526162.376325) vcan0 145#F942DB80FC4810A1
(1675526162.376400) vcan0 28C#000000000030FEA9
(1675526162.376472) vcan0 2B5#4BC9256293A6367E
(1675526162.378944) vcan0 340#9F00000000000000
(1675526162.379017) vcan0 010#008800002FB031F8
(1675526162.379091) vcan0 1B0#00C0000005B000FC
(1675526162.379235) vcan0 1B5#FFF0437312E0FFEF
(1675526162.379308) vcan0 1D8#363339343234E043
(1675526162.379382) vcan0 1E0#0000F30300B917E0
(1675526162.380003) vcan0 008#2680F45B0E800080
(1675526162.381175) vcan0 210#05E080A0B469AD4D
(1675526162.383508) vcan0 0E0#62732CC00080AF00
(1675526162.386009) vcan0 010#008800002FB031F8
(1675526162.386098) vcan0 072#F000FF3F00788038
(1675526162.387042) vcan0 1D0#0000000000000061
(1675526162.387192) vcan0 0F5#5EA95BA97F4BD26B
(1675526162.387271) vcan0 120#84A94FA97F075689
(1675526162.387347) vcan0 130#97FF1D80292AFF11
(1675526162.388220) vcan0 150#5C29112805F84EC0
(1675526162.389306) vcan0 260#D0FF0055497487B0
(1675526162.391911) vcan0 008#2680044B0E800080
(1675526162.391988) vcan0 125#E52480E5C1D0D735
(1675526162.393074) vcan0 055#F8F71538B20D9E80
(1675526162.394097) vcan0 065#7CE615F801EE6302
(1675526162.395201) vcan0 070#000007F864E20D00
(1675526162.395274) vcan0 075#0000000000005458
(1675526162.395348) vcan0 080#3A508000C2002C00
(1675526162.398093) vcan0 0B0#528310A3DFC152E3
(1675526162.398166) vcan0 145#F932DC80FC4810A1
(1675526162.398251) vcan0 288#4BE0609F00000080
(1675526162.398325) vcan0 010#008800002FB031F8
(1675526162.398467) vcan0 290#0000000000000000
(1675526162.398542) vcan0 291#0000000000000000
(1675526162.398616) vcan0 1B0#00C0000003B000FC
(1675526162.398689) vcan0 1B5#FF0B5E801FE0FFEF
(1675526162.398833) vcan0 1D8#363339343234E043
(1675526162.398907) vcan0 1E0#0004E34300B917E0
(1675526162.398981) vcan0 2A9#8C26008AC0000084
(1675526162.399055) vcan0 2C0#BB9C00000000A0F1
(1675526162.399130) vcan0 2C3#BB9C00FFFF2D5450
(1675526162.399272) vcan0 2C5#30DF88BF7BE6D470
(1675526162.400236) vcan0 008#2680143B0E800080
(1675526162.401542) vcan0 072#F000FF3F0078A038
(1675526162.404261) vcan0 0E0#627335C800808600
(1675526162.405350) vcan0 010#008800002FB031F9
(1675526162.406448) vcan0 1D0#0000000000000261
(1675526162.406526) vcan0 210#05E080A0B469AD45
(1675526162.407541) vcan0 0F5#53A953A97F4FC26F
(1675526162.407619) vcan0 120#53A963A97FFA5589
(1675526162.407697) vcan0 130#9FFF1D632937FA11
(1675526162.407774) vcan0 150#5329173805F847C0
(1675526162.410158) vcan0 008#2680242B0E800080
(1675526162.411320) vcan0 125#E52480E5C1D0D735
(1675526162.412336) vcan0 350#A200000000000080
(1675526162.413423) vcan0 055#F8F71538B20B9E80
(1675526162.414453) vcan0 065#79E615F8FFED6302
(1675526162.415555) vcan0 070#000007F864E20D00
(1675526162.418363) vcan0 075#0000000000005458
(1675526162.418439) vcan0 080#3A508000C2002C00
(1675526162.418512) vcan0 0B0#528310A3DFC152E3
(1675526162.418587) vcan0 010#008800002FB031F8
(1675526162.418669) vcan0 072#F000FF3F00788038
(1675526162.418812) vcan0 145#F922DD80FC4810A1
(1675526162.418887) vcan0 28C#000000000030FEA9
(1675526162.418960) vcan0 1B0#00C0000002B000FC
(1675526162.419035) vcan0 1B5#FF26788E2CE0FFEF
(1675526162.419178) vcan0 1D8#363339343234E043
(1675526162.419251) vcan0 1E0#0008D34300B917E0
(1675526162.419324) vcan0 2B5#4BC9256293A6377F
(1675526162.419399) vcan0 330#2800000000000000
(1675526162.419542) vcan0 260#D0FF00AA497487B0
(1675526162.419615) vcan0 288#58E0609F00000080
(1675526162.420853) vcan0 008#2480342B00800080
(1675526162.421885) vcan0 290#0000000000000000
(1675526162.424369) vcan0 0E0#62733CD000805F00
(1675526162.425404) vcan0 010#008800002FB031F8
(1675526162.426439) vcan0 1D0#0000000000000061
(1675526162.426522) vcan0 291#0000000000000000
(1675526162.426664) vcan0 0F5#63A957A97F53B272
(1675526162.427492) vcan0 120#8CA973A97F025689
(1675526162.427634) vcan0 130#A7FF1D632927F411
(1675526162.427709) vcan0 150#5C291B4805F82EC0
(1675526162.430315) vcan0 008#2480440D0E800080
(1675526162.431416) vcan0 072#F000FF3F0078A038
(1675526162.431491) vcan0 125#E52780E5C1D0D735
(1675526162.431563) vcan0 210#05E080A0B469AD45
(1675526162.432459) vcan0 055#F8F71538B20D9E80
(1675526162.433492) vcan0 065#7AE615F800EE6402
(1675526162.436294) vcan0 070#000007F863E20D00
(1675526162.436373) vcan0 075#0000000000005458
(1675526162.436523) vcan0 080#39508000C2002C00
(1675526162.436600) vcan0 0B0#528310A3DFC152E3
(1675526162.436677) vcan0 145#F912DE80FC4810A1
(1675526162.436764) vcan0 010#008800002FB031F8
(1675526162.436842) vcan0 2A9#8C26008AC0000084
(1675526162.436920) vcan0 370#0728C0007503C71F
(1675526162.437359) vcan0 1B0#00C0000003B000FC
(1675526162.437510) vcan0 1B5#FF41939B3AE0FFEF
(1675526162.437587) vcan0 1D8#363339343234E043
(1675526162.437665) vcan0 1E0#0008D30300B917E0
(1675526162.438465) vcan0 2C3#BB9C00FFFF2E5450
(1675526162.439482) vcan0 3C8#BB9C008E882C008E
(1675526162.440568) vcan0 008#248054FD0E800080
(1675526162.441944) vcan0 360#C09C00A7B153A041
(1675526162.444935) vcan0 288#3FE0609F00000080
(1675526162.446039) vcan0 0E0#62733CD800803F00
(1675526162.446113) vcan0 010#008800002FB031F8
(1675526162.446187) vcan0 072#F000FF3F00788038
(1675526162.447084) vcan0 1D0#0000000000000861
(1675526162.447167) vcan0 390#80FF050002125B4F
(1675526162.447241) vcan0 0F5#57A95EA97F57A275
(1675526162.447383) vcan0 120#93A963A97FF85589
(1675526162.447459) vcan0 130#AFFF1D632917EF11
(1675526162.448150) vcan0 150#5B29145805F81FC0
(1675526162.449184) vcan0 260#D0FF00AA497487B0
(1675526162.450285) vcan0 008#228064EF0E800080
(1675526162.451591) vcan0 125#E52980E5C1D0D735
(1675526162.454564) vcan0 055#F8F71538B20D9E80
(1675526162.454640) vcan0 065#7AE615F800EE6302
(1675526162.454713) vcan0 070#000007F863E20D00
(1675526162.455611) vcan0 075#0000000000005458
(1675526162.455685) vcan0 080#39508000C2002C00
(1675526162.455828) vcan0 0B0#528310A3DFC152E3
(1675526162.455902) vcan0 145#F902DF80FC4810A1
(1675526162.455976) vcan0 010#008800002FB031F8
(1675526162.456676) vcan0 210#05E080A0B469AD4D
(1675526162.456818) vcan0 28C#000000000030FEA9
(1675526162.456893) vcan0 290#0000000000000000
(1675526162.456967) vcan0 291#0000000000000000
(1675526162.457793) vcan0 1B0#00C0000003B000FC
(1675526162.457868) vcan0 1B5#FF5CAEA847E0FFEF
(1675526162.457942) vcan0 1D8#363339343234E043
(1675526162.460686) vcan0 1E0#000CC34300B917E0
(1675526162.460762) vcan0 2B5#4BCA256293A6377F
(1675526162.460835) vcan0 2C0#BB9C00000000A0F1
(1675526162.460909) vcan0 2C5#30DF88BE7AE6D470
(1675526162.461051) vcan0 340#9F00000000000000
(1675526162.461135) vcan0 3AF#0000000000000020
(1675526162.461199) vcan0 3D0#980F6100250D80C3
(1675526162.461272) vcan0 008#228074DF0E800080
(1675526162.461416) vcan0 072#F000FF3F0078A038
(1675526162.461840) vcan0 0E0#627336E000802500
(1675526162.462873) vcan0 010#008800002FB031F8
(1675526162.463905) vcan0 1D0#0000000000000061
(1675526162.466427) vcan0 0F5#57A957A97F5B9279
(1675526162.467462) vcan0 120#5EA967A97F005689
(1675526162.467537) vcan0 130#B7FF1D632907E911
(1675526162.467611) vcan0 150#5729156805F813C0
(1675526162.468779) vcan0 3CA#00000000D30000C8
(1675526162.469956) vcan0 288#4FE0609F00000080
(1675526162.470023) vcan0 008#228084CF0E800080
(1675526162.470987) vcan0 125#E52980E5C1D0D735
(1675526162.474850) vcan0 055#F8F71538B20D9E80
(1675526162.475000) vcan0 065#7CE615F802EE6302
(1675526162.475077) vcan0 070#000008F863E20D00
(1675526162.475156) vcan0 075#0000000000005458
(1675526162.475234) vcan0 080#39508000C2002C00
(1675526162.476045) vcan0 0B0#528310A3DFC152E3
(1675526162.476121) vcan0 145#F9F2D080FC4810A1
(1675526162.477064) vcan0 010#008800002FB031F8
(1675526162.477143) vcan0 072#F000FF3F00788038
(1675526162.477292) vcan0 1B0#00C0000002B000FC
(1675526162.477371) vcan0 1B5#FF76C9B655E0FFEF
(1675526162.477449) vcan0 1D8#363339343234E043
(1675526162.479906) vcan0 1E0#0010B34300B917E0
(1675526162.479984) vcan0 2A9#8C260093C0000084
(1675526162.480062) vcan0 2C3#BB9C00FFFF2E5450
(1675526162.480211) vcan0 260#D0FF00AA497487B0
(1675526162.480289) vcan0 008#228094BF0E800080
(1675526162.481086) vcan0 210#05E080A0B469AD45
(1675526162.482101) vcan0 290#0000000000000000
(1675526162.484538) vcan0 0E0#627332E800800900
(1675526162.485639) vcan0 010#008800002FB031F9
(1675526162.486682) vcan0 1D0#0000000000000261
(1675526162.486824) vcan0 291#0000000000000000
(1675526162.486899) vcan0 0F5#6FA963A97F5F827C
(1675526162.488139) vcan0 120#77A96BA97F025689
(1675526162.488213) vcan0 130#BFFF1D6B29EFEC11
(1675526162.488285) vcan0 150#6929177806F8F1C0
(1675526162.489181) vcan0 008#2280A4AF0E800080
(1675526162.490693) vcan0 072#F000FF3F0078A038
(1675526162.490768) vcan0 125#E52980E5C1D0D735
(1675526162.491799) vcan0 3B0#00D8733869B0C600
(1675526162.492901) vcan0 055#F8F71538B20D9E80
(1675526162.493936) vcan0 065#7BE615F800EE6302
(1675526162.495068) vcan0 070#000007F863E20D00
(1675526162.495146) vcan0 075#0000000000005458
(1675526162.495225) vcan0 080#39508000C2002C00
(1675526162.497971) vcan0 0B0#528310A3DFC152E3
(1675526162.498080) vcan0 145#F9E2D180FC4810A1
(1675526162.498158) vcan0 010#008800002FB031F8
(1675526162.498236) vcan0 288#43E0708F00000080
(1675526162.498313) vcan0 28C#000000000030FEA9
(1675526162.498464) vcan0 2B5#4BCA256293A6377F
(1675526162.498541) vcan0 330#2800000000000000
(1675526162.498618) vcan0 1B0#00C0000004B000FC
(1675526162.498695) vcan0 1B5#FF91E4C362E0FFEF
(1675526162.498774) vcan0 1D8#363339343234E043
(1675526162.498850) vcan0 1E0#0010B30300B917E0
(1675526162.499073) vcan0 008#2280B48A23800080
(1675526162.500088) vcan0 350#A200000000000080
(1675526162.503917) vcan0 0E0#627338F00080E300
(1675526162.504961) vcan0 010#008800002FB031F8
(1675526162.506132) vcan0 072#F000FF3F00788038
(1675526162.506205) vcan0 1D0#0000000000000061
(1675526162.507181) vcan0 210#05E08020B469AD4D
(1675526162.507255) vcan0 0F5#57A95EA97F63727F
(1675526162.508494) vcan0 120#98A973A97F025689
(1675526162.508568) vcan0 130#C7FF1D6B29DFF111
(1675526162.508643) vcan0 150#5B29148806F8EFC0
(1675526162.509540) vcan0 260#D0FF0055497487B0
(1675526162.512418) vcan0 008#2280C47A23800080
(1675526162.512560) vcan0 125#E52980E5C1D0D735
(1675526162.513524) vcan0 055#F8F71538B20D9E80
(1675526162.514559) vcan0 065#7AE615F8FFED6302
(1675526162.515719) vcan0 070#000007F863E20D00
(1675526162.515797) vcan0 075#0000000000005458
(1675526162.515876) vcan0 080#39508000C2002C00
(1675526162.515953) vcan0 010#008800002FB031F8
(1675526162.516751) vcan0 0B0#52830FA3DFC152E3
(1675526162.516830) vcan0 145#F9D2D280FC4810A1
(1675526162.516915) vcan0 290#0000000000000000
(1675526162.517066) vcan0 291#0000000000000000
(1675526162.519596) vcan0 1B0#00C0000004B000FC
(1675526162.519674) vcan0 1B5#FFACFFD16FE0FFEF
(1675526162.519751) vcan0 1D8#363339343234E043
(1675526162.519830) vcan0 1E0#0014A34300B917E0
(1675526162.519979) vcan0 2A9#8C260082C0000084
(1675526162.520056) vcan0 2C0#BB9C00000000A0F1
(1675526162.520134) vcan0 2C3#BB9C00FFFF2F5450
(1675526162.520212) vcan0 2C5#31DF88BE7CE6D470
(1675526162.520290) vcan0 288#47E0708F00000080
(1675526162.520655) vcan0 008#1F80D46D23800080
(1675526162.520732) vcan0 072#F000FF3F0078A038
(1675526162.523046) vcan0 0E0#627342F80080B900
(1675526162.524062) vcan0 010#008800002FB031F8
(1675526162.525166) vcan0 1D0#0000000000000861
(1675526162.527509) vcan0 0F5#5BA957A97F676283
(1675526162.527584) vcan0 120#7BA963A97FFF5589
(1675526162.527725) vcan0 130#CFFF1D6B29CFF711
(1675526162.527799) vcan0 150#5929159806F8E1C0
(1675526162.529928) vcan0 008#1F80E45D23800080
(1675526162.530961) vcan0 210#05E080A0B469AD4D
(1675526162.531036) vcan0 125#E52980E5C1D0D735
(1675526162.534927) vcan0 055#F8F71538B20D9E80
(1675526162.535004) vcan0 065#7AE615F800EE6302
(1675526162.535081) vcan0 070#000007F863E20D00
(1675526162.535158) vcan0 075#0000000000005458
(1675526162.535309) vcan0 080#39508000C2002C00
(1675526162.535964) vcan0 0B0#528310A3DFC152E3
(1675526162.536041) vcan0 145#F9C2D380FC4810A1
(1675526162.536190) vcan0 010#008800002FB031F8
(1675526162.536269) vcan0 072#F000FF3F00788038
(1675526162.537077) vcan0 28C#000000000030FEA9
(1675526162.537155) vcan0 2B5#4BCA256293A6377E
(1675526162.537233) vcan0 1B0#00C0000001B000FC
(1675526162.537310) vcan0 1B5#FFC719DE7DE0FFEF
(1675526162.539983) vcan0 1D8#363339343234E043
(1675526162.540060) vcan0 1E0#0018934300B917E0
(1675526162.540137) vcan0 340#9F00000000000000
(1675526162.540215) vcan0 370#0728C0007503C71F
(1675526162.540295) vcan0 260#D0FF0055497487B0
(1675526162.540371) vcan0 008#1D80F44F23800080
(1675526162.541027) vcan0 360#C09C00A7B153A041
(1675526162.542114) vcan0 290#0000000000000000
(1675526162.543129) vcan0 288#43E0708F00000080
(1675526162.545925) vcan0 010#008800002FB031F8
(1675526162.546067) vcan0 0E0#62734CC000808F00
(1675526162.546142) vcan0 1D0#0000000000000061
(1675526162.546978) vcan0 291#0000000000000000
(1675526162.547121) vcan0 390#80FF050002125B4F
(1675526162.547195) vcan0 0F5#5EA957A97F6B5286
