(1675526294.691632) vcan0 1E0#003C030300B917E0
(1675526294.691836) vcan0 260#D0FF00AA49D885B0
(1675526294.691911) vcan0 290#0000000000000000
(1675526294.691987) vcan0 008#5184D89BBE810080
(1675526294.692064) vcan0 2C0#6B8700670100A0F1
(1675526294.694620) vcan0 2C5#0BD75343CEE40070
(1675526294.694696) vcan0 210#14E080A0A869CF4D
(1675526294.695700) vcan0 288#83E1A05F00000080
(1675526294.696696) vcan0 0F5#5F8475847F43F2E7
(1675526294.697775) vcan0 120#54844B847F075689
(1675526294.698845) vcan0 010#000000002FB031F8
(1675526294.699845) vcan0 130#871D1E6704880F12
(1675526294.700914) vcan0 150#670484086EF888C0
(1675526294.700990) vcan0 291#0000000000000000
(1675526294.701067) vcan0 330#2800000000000000
(1675526294.701213) vcan0 3CA#00000000D30000C8
(1675526294.702001) vcan0 008#4D84E8B39A810080
(1675526294.702998) vcan0 0E0#62731CD000807F00
(1675526294.704066) vcan0 072#F000FF3F0078A038
(1675526294.705138) vcan0 360#718700D2A769A001
(1675526294.707482) vcan0 055#CDF74A28B2969C80
(1675526294.707558) vcan0 065#D6E44BF8058E2F02
(1675526294.710259) vcan0 070#000030F82FE25B00
(1675526294.710408) vcan0 075#0000000000005458
(1675526294.710484) vcan0 080#C4508000C2002C00
(1675526294.710569) vcan0 0B0#3983F4A2E1C139A3
(1675526294.710645) vcan0 125#E5A484E4C1D0D735
(1675526294.710722) vcan0 145#FD62D980FCC810A1
(1675526294.710798) vcan0 1B0#00C0000008B000FC
(1675526294.710945) vcan0 1B5#FFEC3C7972E0FFEF
(1675526294.711021) vcan0 010#000000002FB031F8
(1675526294.711098) vcan0 1D0#0000000000000861
(1675526294.711175) vcan0 1D8#363339343234DE43
(1675526294.711251) vcan0 1E0#0000F34300B917E0
(1675526294.711400) vcan0 28C#000000000018FEA2
(1675526294.711476) vcan0 2B5#4B072F6293A6714F
(1675526294.711551) vcan0 2C3#6B8700FFFF5F5450
(1675526294.714180) vcan0 008#4884F8CC76810080
(1675526294.714257) vcan0 390#80FF05190236524F
(1675526294.715258) vcan0 290#0000000000000000
(1675526294.716257) vcan0 350#A200000000000080
(1675526294.717407) vcan0 0F5#768446847F47E2E7
(1675526294.718476) vcan0 120#95845C847FFF5589
(1675526294.719546) vcan0 130#8F1D1E6904761512
(1675526294.720544) vcan0 150#6D047D186DF872C0
(1675526294.720693) vcan0 010#000000002FB031F8
(1675526294.720769) vcan0 072#F000FF3F00788038
(1675526294.720844) vcan0 210#14E080A0A869CF45
(1675526294.721632) vcan0 260#D0FF00AA49D985B0
(1675526294.721706) vcan0 2A9#8C26009BC0000084
(1675526294.721783) vcan0 008#488408CB67810080
(1675526294.722710) vcan0 288#55E1A05F00000080
(1675526294.723994) vcan0 0E0#627322D800805900
(1675526294.725069) vcan0 055#CDF74A28B2969C80
(1675526294.727842) vcan0 065#DDE44BF8078E2F02
(1675526294.727918) vcan0 070#000030F82FE25B00
(1675526294.728915) vcan0 075#0000000000005458
(1675526294.729011) vcan0 080#C3508000C2002C00
(1675526294.729089) vcan0 0B0#3983F6A2E1C139A3
(1675526294.729166) vcan0 125#E59984E4C1D0D735
(1675526294.729244) vcan0 145#FD52DA80FCC810A1
(1675526294.729959) vcan0 1B0#00C0000009B000FC
(1675526294.730036) vcan0 1B5#FFEF3F7A74E0FFEF
(1675526294.730111) vcan0 1D8#363339343234DE43
(1675526294.730260) vcan0 1E0#0004E34300B917E0
(1675526294.731045) vcan0 010#000000002FB031F9
(1675526294.731122) vcan0 1D0#0000000000000261
(1675526294.731199) vcan0 291#0000000000000000
(1675526294.732056) vcan0 008#448418E343810080
(1675526294.735986) vcan0 072#F000FF3F0078A038
(1675526294.736135) vcan0 3B0#00FC393832A4C400
(1675526294.737061) vcan0 0F5#87844C847F4BD2E7
(1675526294.738133) vcan0 120#9D846C847FF85589
(1675526294.739139) vcan0 130#971D1E6904661B12
(1675526294.740280) vcan0 150#58046F286DF877C0
(1675526294.741347) vcan0 010#000000002FB031F8
(1675526294.741424) vcan0 008#3F8428E635810080
(1675526294.742424) vcan0 0E0#627324E000803700
(1675526294.743424) vcan0 210#14E080A0A869CF4D
(1675526294.745913) vcan0 288#51E1B04F00000080
(1675526294.746981) vcan0 055#CDF74A28B2969C80
(1675526294.748052) vcan0 065#E3E44AF8058E2F02
(1675526294.748128) vcan0 070#000030F82FE25B00
(1675526294.750828) vcan0 075#0000000000005458
(1675526294.750906) vcan0 080#C2508000C2002C00
(1675526294.750981) vcan0 0B0#3983F7A2E1C139A3
(1675526294.751057) vcan0 125#E59684E4C1D0D735
(1675526294.751206) vcan0 145#FD42DB80FCC810A1
(1675526294.751280) vcan0 1B0#00C0000008B000FC
(1675526294.751367) vcan0 1B5#FFF2427C75E0FFEF
(1675526294.751443) vcan0 010#000000002FB031F8
(1675526294.751520) vcan0 072#F000FF3F00788038
(1675526294.751595) vcan0 1D0#0000000000000061
(1675526294.751744) vcan0 1D8#363339343234DE43
(1675526294.751820) vcan0 1E0#0004E30300B917E0
(1675526294.751896) vcan0 260#D0FF005549DE85B0
(1675526294.751972) vcan0 28C#000000000018FEA2
(1675526294.752047) vcan0 008#3B8438F718810080
(1675526294.754674) vcan0 290#0000000000000000
(1675526294.754751) vcan0 2B5#4B072E6293A6714F
(1675526294.754907) vcan0 2C0#6B8700660100A0F1
(1675526294.754983) vcan0 2C3#6B8700FFFF5F5450
(1675526294.755060) vcan0 2C5#0BD75544D8E40070
(1675526294.755136) vcan0 340#5800000000000000
(1675526294.755212) vcan0 370#0720C000751BCB1F
(1675526294.755297) vcan0 3AF#0000000000000020
(1675526294.755442) vcan0 3E0#000000D92F808090
(1675526294.755804) vcan0 0F5#9A846E847F4FC2E8
(1675526294.756802) vcan0 120#848471847FFF5589
(1675526294.757872) vcan0 130#9F1D1E6F04502012
(1675526294.759013) vcan0 010#000000002FB031F8
(1675526294.760083) vcan0 150#850472386CF83AC0
(1675526294.761082) vcan0 291#0000000000000000
(1675526294.762575) vcan0 2A9#8C260082C0000084
(1675526294.762652) vcan0 008#388448EA18810080
(1675526294.762729) vcan0 0E0#627328E800801300
(1675526294.763657) vcan0 072#F000FF3F0078A038
(1675526294.764656) vcan0 055#CDF74A28B2969C80
(1675526294.765727) vcan0 065#E9E44AF8058E2F02
(1675526294.766798) vcan0 070#000030F82FE25B00
(1675526294.767868) vcan0 075#0000000000005458
(1675526294.772133) vcan0 080#C2508000C2002C00
(1675526294.772209) vcan0 0B0#3983F9A2E1C139A3
(1675526294.772286) vcan0 125#E58E84E4C1D0D735
(1675526294.772361) vcan0 145#FD32DC80FCC810A1
(1675526294.772438) vcan0 1B0#00C0000006B000FC
(1675526294.772586) vcan0 1B5#FFF4457D77E0FFEF
(1675526294.772662) vcan0 1D8#363339343234DE43
(1675526294.772738) vcan0 010#000000002FB031F8
(1675526294.772815) vcan0 1D0#0000000000000061
(1675526294.772892) vcan0 1E0#0008D34300B917E0
(1675526294.773041) vcan0 210#14E080A0A869CF4D
(1675526294.773119) vcan0 008#368458F103810080
(1675526294.773194) vcan0 288#49E1B04F00000080
(1675526294.773271) vcan0 3C8#6B87008E886C008E
(1675526294.774197) vcan0 290#0000000000000000
(1675526294.775197) vcan0 0F5#A3846C847F53B2E8
(1675526294.776275) vcan0 120#878456847F025689
(1675526294.777347) vcan0 130#A71D1E71043E2012
(1675526294.778345) vcan0 150#89046F486CF826C0
(1675526294.779415) vcan0 010#000000002FB031F8
(1675526294.780836) vcan0 072#F000FF3F00788038
(1675526294.780911) vcan0 260#D0FF005549DF85B0
(1675526294.780988) vcan0 330#2800000000000000
(1675526294.781845) vcan0 008#348468F3F4800080
(1675526294.782913) vcan0 0E0#62731DF00080FE00
(1675526294.786892) vcan0 055#CDF74928B2969C80
(1675526294.787890) vcan0 065#F1E44AF8088E2F02
(1675526294.788037) vcan0 070#000030F82EE25B00
(1675526294.788966) vcan0 075#0000000000005458
(1675526294.789042) vcan0 080#C1508000C2002C00
(1675526294.789118) vcan0 0B0#3983F9A2E1C139A3
(1675526294.789267) vcan0 125#E58884E4C1D0D735
(1675526294.789351) vcan0 145#FD22DD80FCC810A1
(1675526294.790065) vcan0 1B0#00C0000005B000FC
(1675526294.790142) vcan0 1B5#FFF7477F78E0FFEF
(1675526294.790218) vcan0 1D8#363339343234DE43
(1675526294.790294) vcan0 010#000000002FB031F8
(1675526294.791081) vcan0 1D0#0000000000000861
(1675526294.791158) vcan0 1E0#000CC34300B917E0
(1675526294.791305) vcan0 28C#000000000018FEA2
(1675526294.792587) vcan0 291#0000000000000000
(1675526294.792664) vcan0 2B5#4B072E6293A6724E
(1675526294.792741) vcan0 008#318478F4E6800080
(1675526294.792818) vcan0 2C3#6B8700FFFF5F5450
(1675526294.793673) vcan0 072#F000FF3F0078A038
(1675526294.794671) vcan0 210#14E080A0A869CF45
(1675526294.795768) vcan0 288#2DE1B04F00000080
(1675526294.796766) vcan0 0F5#848478847F57A2E8
(1675526294.797845) vcan0 120#89848C847F095689
(1675526294.800689) vcan0 130#AF1D1E7604291B12
(1675526294.800836) vcan0 010#000000002FB031F8
(1675526294.800914) vcan0 150#7E0469586CF821C0
(1675526294.800990) vcan0 2A9#8C26009BC0000084
(1675526294.801774) vcan0 008#318488F3D7800080
(1675526294.802847) vcan0 0E0#627326F80080D500
(1675526294.803845) vcan0 360#718700D2A769A001
(1675526294.804916) vcan0 055#CEF74928B2969C80
(1675526294.805916) vcan0 065#F9E44AF8088E2F02
(1675526294.806982) vcan0 070#00002FF82EE25B00
(1675526294.807983) vcan0 075#0000000000005458
(1675526294.809051) vcan0 080#C0508000C2002C00
(1675526294.809142) vcan0 0B0#3983FBA2E1C139A3
(1675526294.809203) vcan0 125#E58584E4C1D0D735
(1675526294.809350) vcan0 145#FD12DE80FCC810A1
(1675526294.811916) vcan0 1B0#00C0000005B000FC
(1675526294.812063) vcan0 1B5#FFFA4A807AE0FFEF
(1675526294.812141) vcan0 010#000000002FB031F9
(1675526294.812215) vcan0 072#F000FF3F00788038
(1675526294.812293) vcan0 1D0#0000000000000261
(1675526294.812369) vcan0 1D8#363339343234DE43
(1675526294.812516) vcan0 1E0#000CC30300B917E0
(1675526294.812592) vcan0 260#D0FF005549E485B0
(1675526294.812669) vcan0 290#0000000000000000
(1675526294.812745) vcan0 008#2D8498F5C9800080
(1675526294.812822) vcan0 2C0#6B8700630100A0F1
(1675526294.812899) vcan0 2C5#0CD75845F5E40070
(1675526294.813047) vcan0 350#A200000000000080
(1675526294.813133) vcan0 390#80FF05190232534F
(1675526294.814051) vcan0 0F5#85847D847F5B92E9
(1675526294.819375) vcan0 120#9584A0847F035689
(1675526294.820453) vcan0 130#B71D1E84040B1512
(1675526294.820528) vcan0 010#000000002FB031F8
(1675526294.820606) vcan0 150#6E0462686CF821C0
(1675526294.820752) vcan0 210#14E08020A869CF45
(1675526294.820829) vcan0 291#0000000000000000
(1675526294.821545) vcan0 3CA#00000000D40000C8
(1675526294.821622) vcan0 3D0#9A0F6100170480C3
(1675526294.821697) vcan0 008#2D84A8FBB3800080
(1675526294.822554) vcan0 288#20E1B04F00000080
(1675526294.822629) vcan0 0E0#627331C00080AA00
(1675526294.823629) vcan0 072#F000FF3F0078A038
(1675526294.824698) vcan0 055#CEF74928B2969C80
(1675526294.825699) vcan0 065#FEE449F8058E2E02
(1675526294.826696) vcan0 070#00002FF82EE25B00
(1675526294.827836) vcan0 075#0000000000005458
(1675526294.828907) vcan0 080#C0508000C2002C00
(1675526294.828992) vcan0 0B0#3983FCA2E1C139A3
(1675526294.829069) vcan0 125#E58384E4C1D0D735
(1675526294.829147) vcan0 145#FD02DF80FCC810A1
(1675526294.831704) vcan0 1B0#00C0000008B000FC
(1675526294.831782) vcan0 1B5#FFFD4D817BE0FFEF
(1675526294.831856) vcan0 1D8#363339343234DE43
(1675526294.832005) vcan0 010#000000002FB031F8
(1675526294.832081) vcan0 1D0#0000000000000061
(1675526294.832157) vcan0 1E0#0010B34300B917E0
(1675526294.832233) vcan0 28C#000000000018FEA3
(1675526294.832310) vcan0 2B5#4B072E6293A6724D
(1675526294.832386) vcan0 2C3#6B8700FFFF5F5450
(1675526294.832536) vcan0 008#2B84B8EDB3800080
(1675526294.832611) vcan0 340#5900000000000000
(1675526294.832760) vcan0 290#0000000000000000
(1675526294.833829) vcan0 0F5#A78485847F5F82E9
(1675526294.834910) vcan0 120#868472847F0B5689
(1675526294.835907) vcan0 130#BF1A1E9004EF1512
(1675526294.839886) vcan0 150#8F045A786CF8F0C0
(1675526294.840956) vcan0 260#D0FF00AA49E585B0
(1675526294.841102) vcan0 010#000000002FB031F8
(1675526294.841179) vcan0 072#F000FF3F00788038
(1675526294.842035) vcan0 2A9#8C260082C0000084
(1675526294.842111) vcan0 008#2884C8EEA5800080
(1675526294.843110) vcan0 0E0#627337C800808400
(1675526294.844177) vcan0 210#14E080A0A869CF4D
(1675526294.845207) vcan0 288#EBE0C03F00000080
(1675526294.846278) vcan0 055#CDF74928B2969C80
(1675526294.847351) vcan0 065#04E549F8068E2E02
(1675526294.848349) vcan0 070#000030F82EE25B00
(1675526294.851188) vcan0 075#0000000000005458
(1675526294.851264) vcan0 080#BF508000C2002C00
(1675526294.851350) vcan0 0B0#3983FDA2E1C139A3
(1675526294.851426) vcan0 125#E57A84E4C1D0D735
(1675526294.851504) vcan0 145#FDF2D080FCC810A1
(1675526294.851580) vcan0 1B0#00C0000006B000FC
(1675526294.851728) vcan0 1B5#FF0050837CE0FFEF
(1675526294.851804) vcan0 1D8#363339343234DE43
(1675526294.851880) vcan0 010#000000002FB031F8
(1675526294.851957) vcan0 1D0#0000000000000061
(1675526294.852032) vcan0 1E0#0014A34300B917E0
(1675526294.852181) vcan0 291#0000000000000000
(1675526294.852258) vcan0 370#0720C000751BCB1F
(1675526294.852333) vcan0 008#2484D8D4B3800080
(1675526294.852411) vcan0 072#F000FF3F0078A038
(1675526294.854757) vcan0 3B0#00D8393832A4C400
(1675526294.855835) vcan0 0F5#B2848F847F6372EA
(1675526294.856904) vcan0 120#7A8462847F145689
(1675526294.857911) vcan0 010#000000002FB031F8
(1675526294.858981) vcan0 130#C71A1E9004DF1812
(1675526294.860050) vcan0 150#9E0450886CF8D1C0
(1675526294.861120) vcan0 330#2800000000000000
(1675526294.862119) vcan0 008#1F84E8DE9E800080
(1675526294.863186) vcan0 0E0#62733BD000806000
(1675526294.866970) vcan0 055#CDF74828B2969C80
(1675526294.868040) vcan0 065#0DE549F8088E2E02
(1675526294.868118) vcan0 070#000030F82EE25B00
(1675526294.869045) vcan0 075#0000000000005458
(1675526294.869193) vcan0 080#BE508000C2002C00
(1675526294.869270) vcan0 0B0#3983FEA2E1C139A3
(1675526294.870552) vcan0 125#E56F84E4C1D0D735
(1675526294.870629) vcan0 145#FDE2D180FCC810A1
(1675526294.870703) vcan0 1B0#00C0000002B000FC
(1675526294.870852) vcan0 1B5#FF0353857EE0FFEF
(1675526294.870949) vcan0 1D8#363339343234DE43
(1675526294.871024) vcan0 010#000000002FB031F8
(1675526294.871102) vcan0 072#F000FF3F00788038
(1675526294.871178) vcan0 1D0#0000000000000861
(1675526294.871612) vcan0 1E0#0014A30300B917E0
(1675526294.871687) vcan0 210#14E080A0A869CF45
(1675526294.875805) vcan0 260#D0FF00AA49E985B0
(1675526294.875952) vcan0 008#1B84F8AEC2800080
(1675526294.876029) vcan0 28C#000000000018FEA3
(1675526294.876105) vcan0 290#0000000000000000
(1675526294.876181) vcan0 2B5#4B072E6293A6734C
(1675526294.876258) vcan0 288#F7E0C03F00000080
(1675526294.876404) vcan0 2C0#6B8700620100A0F1
(1675526294.876482) vcan0 2C3#6B8700FFFF605450
(1675526294.876556) vcan0 2C5#0CD75A4500E50070
(1675526294.876634) vcan0 3AF#0000000000000020
(1675526294.876934) vcan0 0F5#BB848A847F6762EA
(1675526294.877931) vcan0 120#8F849E847F175689
(1675526294.878998) vcan0 130#CF151E9004CF1512
(1675526294.880068) vcan0 010#000000002FB031F8
(1675526294.880144) vcan0 150#A10454986CF8BEC0
(1675526294.881070) vcan0 291#0000000000000000
(1675526294.881219) vcan0 2A9#8C26008AC0000084
(1675526294.881294) vcan0 400#0201020001010023
(1675526294.881370) vcan0 405#0000000000000026
(1675526294.882157) vcan0 008#14840881E6800080
(1675526294.884928) vcan0 0E0#627338D800804300
(1675526294.885074) vcan0 072#F000FF3F0078A038
(1675526294.886003) vcan0 055#CDF74828B2969C80
(1675526294.887071) vcan0 065#14E548F8068E2E02
(1675526294.888141) vcan0 070#000030F82DE25B00
(1675526294.888217) vcan0 075#0000000000005458
(1675526294.889152) vcan0 080#BD508000C2002C00
(1675526294.889229) vcan0 0B0#3983FFA2E1C139A3
(1675526294.889378) vcan0 125#E56484E4C1D0D735
(1675526294.889454) vcan0 145#FDD2D280FCC810A1
(1675526294.890239) vcan0 1B0#00C0000002B000FC
(1675526294.890316) vcan0 1B5#FF0656867FE0FFEF
(1675526294.890392) vcan0 1D8#363339343234DE43
(1675526294.890469) vcan0 1E0#0018934300B917E0
(1675526294.890545) vcan0 010#000000002FB031F9
(1675526294.891684) vcan0 1D0#0000000000000261
(1675526294.891833) vcan0 008#0D84185A03810080
(1675526294.892760) vcan0 3C8#6B87008E886C008E
(1675526294.893830) vcan0 210#13E080A0A869D04D
(1675526294.894902) vcan0 288#FFE0C03F00000080
(1675526294.895830) vcan0 290#0000000000000000
(1675526294.896901) vcan0 350#A200000000000080
(1675526294.899891) vcan0 0F5#A38485847F6B52EA
(1675526294.899969) vcan0 120#E28468847F145689
(1675526294.900046) vcan0 130#D7151E9B04B41812
(1675526294.900121) vcan0 010#000000002FB031F8
(1675526294.900907) vcan0 072#F000FF3F00788038
(1675526294.900983) vcan0 150#990450A86CF8B6C0
(1675526294.901061) vcan0 260#D0FF00AA49EC85B0
(1675526294.901987) vcan0 008#0684281F35810080
(1675526294.903057) vcan0 0E0#62732EE000802D00
(1675526294.904055) vcan0 360#718700D2A769A001
(1675526294.905056) vcan0 055#CDF74828B2969C80
(1675526294.906125) vcan0 065#1BE548F8088E2E02
(1675526294.907194) vcan0 070#000030F82DE25B00
(1675526294.908194) vcan0 075#0000000000005458
(1675526294.908269) vcan0 080#BC508000C2002C00
(1675526294.911110) vcan0 0B0#398300A3E1C139A3
(1675526294.911195) vcan0 125#E55484E4C1D0D735
(1675526294.911271) vcan0 145#FDC2D380FCC810A1
(1675526294.911348) vcan0 1B0#00C0000004B000FC
(1675526294.911425) vcan0 1B5#FF09598881E0FFEF
(1675526294.911571) vcan0 1D8#363339343234DE43
(1675526294.911648) vcan0 010#000000002FB031F8
(1675526294.911724) vcan0 1D0#0000000000000061
(1675526294.911801) vcan0 1E0#001C834300B917E0
(1675526294.911878) vcan0 28C#000000000018FEA3
(1675526294.912026) vcan0 291#0000000000000000
(1675526294.912104) vcan0 2B5#4B082E6293A6734C
(1675526294.912183) vcan0 008#FB8338DA76810080
(1675526294.912258) vcan0 2C3#6B8700FFFF605450
(1675526294.916374) vcan0 340#5900000000000000
(1675526294.916449) vcan0 390#80FF0519022E544F
(1675526294.916526) vcan0 072#F000FF3F0078A038
(1675526294.917392) vcan0 0F5#C58497847F6F42EB
(1675526294.918460) vcan0 120#AD8483847F195689
(1675526294.919528) vcan0 130#DF181E9B04A41212
(1675526294.920526) vcan0 150#A40458B86DF89BC0
(1675526294.920673) vcan0 010#000000002FB031F8
(1675526294.920749) vcan0 210#13E080A0A869D045
(1675526294.920825) vcan0 2A9#8C260093C0000084
(1675526294.921611) vcan0 008#EF83488EBE810080
(1675526294.922681) vcan0 288#08E1C03F00000080
(1675526294.922756) vcan0 0E0#62731FE800801C00
(1675526294.923684) vcan0 055#CDF74728B2969C80
(1675526294.924753) vcan0 065#21E548F8068E2D02
(1675526294.925824) vcan0 070#000030F82DE25B00
(1675526294.928734) vcan0 075#0000000000005458
(1675526294.928810) vcan0 080#BC508000C2002C00
(1675526294.928885) vcan0 0B0#398301A3E1C139A3
(1675526294.928969) vcan0 125#E53E84E4C1D0D735
(1675526294.929757) vcan0 145#FDB2D480FCC810A1
(1675526294.929833) vcan0 1B0#00C0000005B000FC
(1675526294.929980) vcan0 1B5#FF0C5C8982E0FFEF
(1675526294.930057) vcan0 1D8#363339343234DE43
(1675526294.930843) vcan0 1E0#001C830300B917E0
(1675526294.930918) vcan0 010#000000002FB031F8
(1675526294.930995) vcan0 072#F000FF3F00788038
(1675526294.931071) vcan0 1D0#0000000000000061
(1675526294.931219) vcan0 260#D0FF005549F085B0
(1675526294.933703) vcan0 290#0000000000000000
(1675526294.933781) vcan0 008#E4835848FF810080
(1675526294.933929) vcan0 2C0#6B8700610100A0F1
(1675526294.934005) vcan0 2C5#0CD75D451EE50070
(1675526294.934791) vcan0 0F5#B884A0847F7332EB
(1675526294.935791) vcan0 120#B784B5847F155689
(1675526294.936870) vcan0 130#E7181EA604890F12
(1675526294.938009) vcan0 150#AA045CC86DF885C0
(1675526294.939080) vcan0 3CA#00000000D50000C8
(1675526294.940079) vcan0 010#000000002FB031F8
(1675526294.941146) vcan0 291#0000000000000000
(1675526294.941222) vcan0 330#2800000000000000
(1675526294.942221) vcan0 008#D68368E85C820080
(1675526294.942297) vcan0 0E0#627328F00080F300
(1675526294.943295) vcan0 072#F000FF3F0078A038
(1675526294.945643) vcan0 210#13E080A0A869D04D
(1675526294.948408) vcan0 288#45E1D02F00000080
(1675526294.948485) vcan0 125#E51F84E4C1D0D735
(1675526294.948561) vcan0 055#CDF74728B2969C80
(1675526294.948709) vcan0 065#2AE548F8078E2D02
(1675526294.948785) vcan0 070#000030F82DE25B00
(1675526294.948861) vcan0 075#0000000000005458
(1675526294.949584) vcan0 080#BB508000C2002C00
(1675526294.949660) vcan0 0B0#398303A3E1C139A3
(1675526294.949736) vcan0 145#FDA2D580FCC810A1
(1675526294.949814) vcan0 1B0#00C0000002B000FC
(1675526294.950598) vcan0 1B5#FF0F5F8B84E0FFEF
(1675526294.950746) vcan0 010#000000002FB031F8
(1675526294.950822) vcan0 1D0#0000000000000861
(1675526294.950897) vcan0 1D8#363339343234DE43
(1675526294.950975) vcan0 1E0#0020734300B917E0
(1675526294.953460) vcan0 28C#000000000018FEA4
(1675526294.953536) vcan0 2B5#4B082F6293A6744B
(1675526294.953613) vcan0 2C3#6B8700FFFF605450
(1675526294.953689) vcan0 008#C4837893B3820080
(1675526294.953766) vcan0 370#0720C000751BCB1F
(1675526294.954481) vcan0 290#0000000000000000
(1675526294.955624) vcan0 0F5#BD84A0847F7722EB
(1675526294.956632) vcan0 120#DF849E847F025689
(1675526294.957702) vcan0 130#EF151EB5046A1512
(1675526294.958843) vcan0 150#AD046ED86CF872C0
(1675526294.959842) vcan0 010#000000002FB031F8
(1675526294.960910) vcan0 072#F000FF3F00788038
(1675526294.960986) vcan0 260#D0FF005549F285B0
(1675526294.961135) vcan0 2A9#8C26008AC0000084
(1675526294.961990) vcan0 008#B483882E17830080
(1675526294.963270) vcan0 0E0#62732CF80080CF00
(1675526294.967392) vcan0 055#CEF74728B2969C80
(1675526294.968459) vcan0 065#2EE548F8058E2D02
(1675526294.968536) vcan0 070#00002FF82DE25B00
(1675526294.968613) vcan0 075#0000000000005458
(1675526294.968761) vcan0 080#BA508000C2002C00
(1675526294.968835) vcan0 0B0#398304A3E1C139A3
(1675526294.969482) vcan0 125#E5FE83E4C1D0D735
(1675526294.969636) vcan0 145#FD92D680FCC810A1
(1675526294.969714) vcan0 1B0#00C0000003B000FC
(1675526294.969791) vcan0 1B5#FF13628C85E0FFEF
(1675526294.970574) vcan0 1D8#363339343234DE43
(1675526294.970653) vcan0 010#000000002FB031F9
(1675526294.970729) vcan0 1D0#0000000000000261
(1675526294.970876) vcan0 1E0#0024634300B917E0
(1675526294.970951) vcan0 210#13E08020A869D04D
(1675526294.973439) vcan0 291#0000000000000000
(1675526294.973517) vcan0 008#A28398E067830080
(1675526294.973664) vcan0 288#51E1D02F00000080
(1675526294.974518) vcan0 072#F000FF3F0078A038
(1675526294.975589) vcan0 3B0#00D8393832A4C400
(1675526294.976588) vcan0 0F5#C184B6847F7B12EC
(1675526294.977657) vcan0 120#A18488847F135689
(1675526294.978727) vcan0 130#F71A1EB5045A1B12
(1675526294.979742) vcan0 010#000000002FB031F8
(1675526294.980883) vcan0 150#B10472E86BF85EC0
(1675526294.981951) vcan0 008#9083A885C4830080
(1675526294.983021) vcan0 0E0#62731EC00080BD00
(1675526294.985370) vcan0 055#CEF74728B2969C80
(1675526294.988211) vcan0 065#33E547F8058E2D02
(1675526294.988286) vcan0 070#00002FF82DE25B00
(1675526294.988434) vcan0 075#0000000000005458
(1675526294.988511) vcan0 080#BA508000C2002C00
(1675526294.989296) vcan0 0B0#398305A3E1C139A3
(1675526294.989373) vcan0 125#E5D783E4C1D0D735
(1675526294.989449) vcan0 145#FD82D780FCC810A1
(1675526294.989528) vcan0 1B0#00C0000005B000FC
(1675526294.990312) vcan0 1B5#FF16658E87E0FFEF
(1675526294.990460) vcan0 1D8#363339343234DE43
(1675526294.990537) vcan0 1E0#0024630300B917E0
(1675526294.990622) vcan0 010#000000002FB031F8
(1675526294.990697) vcan0 072#F000FF3F00788038
(1675526294.991413) vcan0 1D0#0000000000000061
(1675526294.991489) vcan0 260#D0FF005549F585B0
(1675526294.994188) vcan0 28C#000000000018FEA4
(1675526294.994264) vcan0 008#7B83B8321B840080
(1675526294.994412) vcan0 290#0000000000000000
(1675526294.994489) vcan0 2B5#4B082F6293A6754A
(1675526294.994565) vcan0 2C0#6B87005F0100A0F1
(1675526294.994641) vcan0 2C3#6B8700FFFF605450
(1675526294.994717) vcan0 2C5#0CD75F462CE50070
(1675526294.994794) vcan0 340#5B00000000000000
(1675526294.994943) vcan0 350#A200000000000080
(1675526294.995020) vcan0 3AF#0000000000000020
(1675526294.995241) vcan0 210#13E080A0A869CF45
(1675526294.996309) vcan0 288#5EE1D02F00000080
(1675526294.997386) vcan0 0F5#D284AD847F7F02EC
(1675526294.998385) vcan0 120#C98499847F0C5689
(1675526294.999526) vcan0 130#FF181EB5044A1812
(1675526295.000949) vcan0 010#000000002FB031F8
(1675526295.001024) vcan0 150#C30476F869F83CC0
(1675526295.001102) vcan0 291#0000000000000000
(1675526295.001250) vcan0 2A9#8C260093C0000084
(1675526295.002034) vcan0 008#6783C8E76A840080
(1675526295.003032) vcan0 0E0#627314C80080A700
(1675526295.004101) vcan0 072#F000FF3F0078A038
(1675526295.005140) vcan0 360#718700D2A769A001
(1675526295.006210) vcan0 125#E5AB83E4C1D0D735
(1675526295.007350) vcan0 055#CDF74628B2969C80
(1675526295.011606) vcan0 065#39E547F8048E2D02
(1675526295.011683) vcan0 070#000030F82DE25B00
(1675526295.011831) vcan0 075#0000000000005458
(1675526295.011854) vcan0 080#BA508000C2002C00
(1675526295.012003) vcan0 0B0#398305A3E1C139A3
(1675526295.012081) vcan0 145#FD72D880FCC810A1
(1675526295.012157) vcan0 1B0#00C0000005B000FC
(1675526295.012232) vcan0 1B5#FF19688F88E0FFEF
(1675526295.012310) vcan0 1D8#363339343234DE43
(1675526295.012457) vcan0 010#000000002FB031F8
(1675526295.012534) vcan0 1D0#0000000000000061
(1675526295.012610) vcan0 1E0#0028534300B917E0
(1675526295.012686) vcan0 390#80FF0519022A554F
(1675526295.012763) vcan0 008#5283D896C0840080
(1675526295.012910) vcan0 3C8#6B87008E886C008E
(1675526295.013768) vcan0 290#0000000000000000
(1675526295.014836) vcan0 0F5#BE8481847F43F2ED
(1675526295.015837) vcan0 120#E28491847F055689
(1675526295.016907) vcan0 130#87151EB5043A1212
(1675526295.017985) vcan0 150#BF04780867F830C0
(1675526295.020471) vcan0 010#000000002FB031F8
(1675526295.020547) vcan0 072#F000FF3F00788038
(1675526295.020625) vcan0 210#13E080A0A869CF45
(1675526295.021624) vcan0 260#D0FF005549F785B0
(1675526295.021700) vcan0 330#2800000000000000
(1675526295.021776) vcan0 3D0#9A0F6100170480C3
(1675526295.021923) vcan0 008#3E83E860FA840080
(1675526295.022708) vcan0 0E0#627317D000808400
(1675526295.022786) vcan0 288#62E1D02F00000080
(1675526295.027332) vcan0 055#CDF74628B2969C80
(1675526295.027552) vcan0 065#3FE547F8068E2D02
(1675526295.028622) vcan0 070#000030F82CE25B00
(1675526295.028698) vcan0 075#0000000000005458
(1675526295.028846) vcan0 080#B9508000C2002C00
(1675526295.028921) vcan0 0B0#398306A3E1C139A3
(1675526295.029020) vcan0 125#E58483E4C1D0D735
(1675526295.029807) vcan0 145#FD62D980FCC810A1
(1675526295.029883) vcan0 1B0#00C0000007B000FC
(1675526295.029960) vcan0 1B5#FF1C6B918AE0FFEF
(1675526295.030036) vcan0 1D8#363339343234DE43
(1675526295.030822) vcan0 010#000000002FB031F8
(1675526295.030969) vcan0 1D0#0000000000000861
(1675526295.031045) vcan0 1E0#002C434300B917E0
(1675526295.031121) vcan0 28C#000000000018FEA4
(1675526295.033536) vcan0 291#0000000000000000
(1675526295.033684) vcan0 2B5#4B082F6293A6764A
(1675526295.033760) vcan0 008#2783F81050850080
(1675526295.033835) vcan0 2C3#6B8700FFFF605450
(1675526295.034691) vcan0 072#F000FF3F0078A038
(1675526295.035766) vcan0 0F5#C184C6847F47E2ED
(1675526295.036835) vcan0 120#868486847F0A5689
(1675526295.037844) vcan0 130#8F181EB5042A0F12
(1675526295.038982) vcan0 150#AD04731864F832C0
(1675526295.040052) vcan0 010#000000002FB031F8
(1675526295.041474) vcan0 2A9#8C26008AC0000084
(1675526295.041550) vcan0 008#118308EB7B850080
(1675526295.042478) vcan0 0E0#62730CD800806F00
(1675526295.043616) vcan0 210#13E080A0A869CF4D
(1675526295.047529) vcan0 288#45E1E01F00000080
(1675526295.047606) vcan0 055#CDF74628B2969C80
(1675526295.048604) vcan0 065#41E546F8038E2D02
(1675526295.048751) vcan0 070#000030F82CE25B00
(1675526295.048829) vcan0 075#0000000000005458
(1675526295.048905) vcan0 080#B9508000C2002C00
(1675526295.049690) vcan0 0B0#398307A3E1C139A3
(1675526295.049766) vcan0 125#E55883E4C1D0D735
(1675526295.049843) vcan0 145#FD52DA80FCC810A1
(1675526295.049999) vcan0 1B0#00C000000CB000FC
(1675526295.050076) vcan0 1B5#FF1F6E928BE0FFEF
(1675526295.050790) vcan0 010#000000002FB031F9
(1675526295.050868) vcan0 072#F000FF3F00788038
(1675526295.050944) vcan0 1D0#0000000000000261
(1675526295.051021) vcan0 1D8#363339343234DE43
(1675526295.053578) vcan0 1E0#002C430300B917E0
(1675526295.053653) vcan0 260#D0FF00AA49FB85B0
(1675526295.053730) vcan0 008#FA8218C0AE850080
(1675526295.053807) vcan0 290#0000000000000000
(1675526295.053882) vcan0 2C0#6B8700590100A0F1
(1675526295.054032) vcan0 2C5#0CD7634640E50070
(1675526295.054108) vcan0 370#0720C000751BCB1F
(1675526295.054185) vcan0 3E0#000000D92F808090
(1675526295.054616) vcan0 0F5#CC84B3847F4BD2ED
(1675526295.055686) vcan0 120#9F846C847F0D5689
(1675526295.056836) vcan0 130#97121EB5041A0A12
(1675526295.057834) vcan0 010#000000002FB031F8
(1675526295.058902) vcan0 150#C2046E2860F80DC0
(1675526295.059973) vcan0 291#0000000000000000
(1675526295.061043) vcan0 3CA#00000000D60000C8
(1675526295.062326) vcan0 008#E3822895E0850080
(1675526295.062404) vcan0 0E0#627304E000805700
(1675526295.063400) vcan0 072#F000FF3F0078A038
(1675526295.067262) vcan0 125#E52683E4C1D0D735
(1675526295.068262) vcan0 055#CDF74628B2969C80
(1675526295.068409) vcan0 065#44E546F8028E2C02
(1675526295.068486) vcan0 070#000030F82CE25B00
(1675526295.068561) vcan0 075#0000000000005458
(1675526295.069348) vcan0 080#B8508000C2002C00
(1675526295.069424) vcan0 0B0#398307A3E1C139A3
(1675526295.069500) vcan0 145#FD42DB80FCC810A1
(1675526295.069586) vcan0 1B0#00C0000003B000FC
(1675526295.070374) vcan0 1B5#FF2271948DE0FFEF
(1675526295.070522) vcan0 1D8#363339343234DE43
(1675526295.070598) vcan0 010#000000002FB031F8
(1675526295.070673) vcan0 1D0#0000000000000061
(1675526295.070751) vcan0 1E0#0030334300B917E0
(1675526295.071466) vcan0 210#13E080A0A869CF45
(1675526295.074374) vcan0 28C#000000000018FEA5
(1675526295.074450) vcan0 2B5#4B082F6293A67649
(1675526295.074526) vcan0 008#CC82387704860080
(1675526295.074603) vcan0 2C3#6B8700FFFF605450
(1675526295.074679) vcan0 340#5B00000000000000
(1675526295.074827) vcan0 288#0CE1E01F00000080
(1675526295.075405) vcan0 290#0000000000000000
(1675526295.076475) vcan0 350#A200000000000080
(1675526295.077545) vcan0 0F5#D384A7847F4FC2EE
(1675526295.078552) vcan0 120#0285BD847F085689
(1675526295.079622) vcan0 130#9F0F1EB5040A0412
(1675526295.080692) vcan0 010#000000002FB031F8
(1675526295.080768) vcan0 072#F000FF3F00788038
(1675526295.080845) vcan0 150#BC045B385CF803C0
(1675526295.080921) vcan0 260#D0FF00AA49FF85B0
(1675526295.081990) vcan0 2A9#8C260082C0000084
(1675526295.082065) vcan0 008#B382485C28860080
(1675526295.082994) vcan0 0E0#627301E800803A00
(1675526295.084063) vcan0 055#CDF74628B2969C80
(1675526295.088039) vcan0 065#45E546F8018E2C02
(1675526295.088116) vcan0 070#00002FF82CE25B00
(1675526295.088192) vcan0 075#0000000000005458
(1675526295.089048) vcan0 080#B8508000C2002C00
(1675526295.089142) vcan0 0B0#398308A3E1C139A3
(1675526295.089273) vcan0 125#E5F782E4C1D0D735
(1675526295.089358) vcan0 145#FD32DC80FCC810A1
(1675526295.090144) vcan0 1B0#00C0000002B000FC
(1675526295.090219) vcan0 1B5#FF2574958EE0FFEF
(1675526295.090296) vcan0 1D8#363339343234DE43
(1675526295.090373) vcan0 010#000000002FB031F8
(1675526295.090449) vcan0 1D0#0000000000000061
(1675526295.091165) vcan0 1E0#0034234300B917E0
(1675526295.091242) vcan0 291#0000000000000000
(1675526295.092238) vcan0 008#9F82584345860080
(1675526295.095080) vcan0 072#F000FF3F0078A038
(1675526295.095156) vcan0 210#13E080A0A869D04D
(1675526295.095232) vcan0 3B0#00D8393832A4C400
(1675526295.096090) vcan0 288#14E1E01F00000080
(1675526295.097230) vcan0 0F5#D784A6847F53B2EE
(1675526295.098298) vcan0 120#B484CC847F045689
(1675526295.099365) vcan0 130#A7121EC504EA0712
(1675526295.100372) vcan0 010#000000002FB031F8
(1675526295.100449) vcan0 150#B3045C4858F8FCC0
(1675526295.100596) vcan0 330#2800000000000000
(1675526295.101452) vcan0 008#8882683C53860080
(1675526295.102522) vcan0 0E0#E27307F000801400
(1675526295.103521) vcan0 360#718700D2A769A001
(1675526295.106008) vcan0 055#CDF74628B2969C80
(1675526295.107079) vcan0 065#46E546F8018E2C02
(1675526295.108147) vcan0 070#00002FF82CE25B00
(1675526295.108224) vcan0 075#0000000000005458
(1675526295.110921) vcan0 080#B8508000C2002C00
(1675526295.110998) vcan0 0B0#398308A3E1C139A3
(1675526295.111075) vcan0 125#E5C882E4C1D0D735
(1675526295.111151) vcan0 145#FD22DD80FCC810A1
(1675526295.111298) vcan0 1B0#00C0000002B000FC
(1675526295.111375) vcan0 1B5#FF28779790E0FFEF
(1675526295.111459) vcan0 1D8#363339343234DE43
(1675526295.111537) vcan0 1E0#0034230300B917E0
(1675526295.111613) vcan0 010#000000002FB031F8
(1675526295.111690) vcan0 072#F000FF3F00788038
(1675526295.111837) vcan0 1D0#0000000000000861
(1675526295.111914) vcan0 260#D0FF00AA490286B0
(1675526295.111991) vcan0 28C#000000000018FEA5
(1675526295.112067) vcan0 008#7182784353860080
(1675526295.112144) vcan0 290#0000000000000000
(1675526295.114773) vcan0 2B5#4B082E6293A67649
(1675526295.114848) vcan0 2C0#6B8700520100A0F1
(1675526295.114998) vcan0 2C3#6B8700FFFF605450
(1675526295.115074) vcan0 2C5#0CD7644645E50070
(1675526295.115150) vcan0 390#80FF05190226564F
(1675526295.115227) vcan0 3AF#0000000000000020
(1675526295.115944) vcan0 0F5#C984C9847F57A2EE
(1675526295.117022) vcan0 120#B084CC847F045689
(1675526295.118022) vcan0 130#AF151EC504DA0A12
(1675526295.119091) vcan0 150#BD04605854F8E2C0
(1675526295.120160) vcan0 010#000000002FB031F8
(1675526295.120236) vcan0 210#13E08020A869D045
(1675526295.121164) vcan0 291#0000000000000000
(1675526295.121311) vcan0 2A9#8C26009BC0000084
(1675526295.121388) vcan0 008#5D82884753860080
(1675526295.124085) vcan0 0E0#627300F80080FB00
(1675526295.124162) vcan0 288#FFE0E01F00000080
(1675526295.125162) vcan0 072#F000FF3F0078A038
(1675526295.126159) vcan0 055#CDF74628B2969C80
(1675526295.127300) vcan0 065#45E546F8008E2C02
(1675526295.128369) vcan0 070#00002FF82CE25B00
(1675526295.128445) vcan0 075#0000000000005458
(1675526295.128521) vcan0 080#B8508000C2002C00
(1675526295.129458) vcan0 0B0#398308A3E1C139A3
(1675526295.129534) vcan0 125#E59F82E4C1D0D735
(1675526295.129611) vcan0 145#FD12DE80FCC810A1
(1675526295.129687) vcan0 1B0#00C0000006B000FC
(1675526295.132313) vcan0 1B5#FF2B7A9991E0FFEF
(1675526295.132391) vcan0 1D8#363339343234DE43
(1675526295.132467) vcan0 1E0#0038134300B917E0
(1675526295.132543) vcan0 008#4B82986D2F860080
(1675526295.132691) vcan0 581#FFFFFFFFFFFF0081
(1675526295.132768) vcan0 3C8#6B87008E886C008E
(1675526295.133480) vcan0 010#000000002FB031F9
(1675526295.133557) vcan0 1D0#0000000000000261
(1675526295.133632) vcan0 400#0101010101010224
(1675526295.133710) vcan0 405#0000000000000027
(1675526295.134494) vcan0 290#0000000000000000
(1675526295.135565) vcan0 0F5#C684BA847F5B92EF
(1675526295.136640) vcan0 120#F284B5847FFF5589
(1675526295.137639) vcan0 130#B7121EC804C70D12
(1675526295.138778) vcan0 150#C30449684FF8CCC0
(1675526295.140132) vcan0 260#D0FF0055490586B0
(1675526295.141141) vcan0 008#3882A87728860080
(1675526295.142198) vcan0 0E0#E27307C00080D400
(1675526295.143269) vcan0 010#000000002FB031F8
(1675526295.144337) vcan0 072#F000FF3F00788038
(1675526295.148240) vcan0 288#85E0F00F00000080
(1675526295.148316) vcan0 055#CDF74628B2969C80
(1675526295.148393) vcan0 065#45E546F8008E2C02
(1675526295.148541) vcan0 070#00002FF82CE25B00
(1675526295.148617) vcan0 075#0000000000005458
(1675526295.149402) vcan0 080#B8508000C2002C00
(1675526295.149478) vcan0 0B0#398308A3E1C139A3
(1675526295.149555) vcan0 125#E57582E4C1D0D735
(1675526295.149652) vcan0 145#FD02DF80FCC810A1
(1675526295.150437) vcan0 1B0#00C0000003B000FC
(1675526295.150514) vcan0 1B5#FF2E7D9A93E0FFEF
(1675526295.150591) vcan0 1D8#363339343234DE43
(1675526295.150738) vcan0 1E0#003C034300B917E0
(1675526295.150816) vcan0 210#13E080A0A869CF4D
(1675526295.151529) vcan0 28C#000000000018FEA5
(1675526295.154295) vcan0 2B5#4B082E6293A67549
(1675526295.154372) vcan0 2C3#6B8700FFFF605450
(1675526295.154448) vcan0 008#2682B8ACF6850080
(1675526295.154596) vcan0 340#5C00000000000000
(1675526295.154672) vcan0 370#0720C000751BCB1F
(1675526295.154748) vcan0 010#000000002FB031F8
(1675526295.154826) vcan0 1D0#0000000000000061
(1675526295.154904) vcan0 291#0000000000000000
(1675526295.155407) vcan0 072#F000FF3F0078A038
(1675526295.156411) vcan0 0F5#DB84B4847F5F82EF
(1675526295.157552) vcan0 120#FB84C8847F025689
(1675526295.158621) vcan0 130#BF151EC804B70D12
(1675526295.159691) vcan0 150#C6042E784AF8B9C0
(1675526295.160689) vcan0 008#1482C8E1C3850080
(1675526295.161758) vcan0 010#000000002FB031F8
(1675526295.163177) vcan0 2A9#8C260082C0000084
(1675526295.163253) vcan0 0E0#E2730CC80080AF00
(1675526295.164323) vcan0 125#E55482E4C1D0D735
(1675526295.168110) vcan0 055#CDF74628B2969C80
(1675526295.168257) vcan0 065#43E546F8FF8D2C02
(1675526295.168334) vcan0 070#000030F82CE25B00
(1675526295.169190) vcan0 075#0000000000005458
(1675526295.169267) vcan0 080#B8508000C2002C00
(1675526295.169345) vcan0 0B0#398308A3E1C139A3
(1675526295.169491) vcan0 145#FDF2D080FCC810A1
(1675526295.169577) vcan0 1B0#00C0000003B000FC
(1675526295.170223) vcan0 1B5#FF31809C95E0FFEF
(1675526295.170369) vcan0 1D8#363339343234DE43
(1675526295.170445) vcan0 1E0#003C030300B917E0
(1675526295.170523) vcan0 260#D0FF0055490986B0
(1675526295.171307) vcan0 290#0000000000000000
(1675526295.171383) vcan0 010#000000002FB031F8
(1675526295.171461) vcan0 072#F000FF3F00788038
(1675526295.174231) vcan0 1D0#0000000000000061
(1675526295.174307) vcan0 008#0682D81191850080
(1675526295.174382) vcan0 210#10E080A0A869CF4D
(1675526295.174457) vcan0 2C0#6B8700470100A0F1
(1675526295.174534) vcan0 2C5#0DD7674645E50070
(1675526295.174612) vcan0 350#A200000000000080
(1675526295.174759) vcan0 288#8DE0F00F00000080
(1675526295.175271) vcan0 0F5#CF84CF847F6372F0
(1675526295.176277) vcan0 120#C784E8847F085689
(1675526295.177347) vcan0 130#C71A1EDD04920F12
(1675526295.178416) vcan0 150#D704318845F898C0
(1675526295.179485) vcan0 010#000000002FB031F8
(1675526295.180625) vcan0 291#0000000000000000
(1675526295.180700) vcan0 330#2800000000000000
(1675526295.181630) vcan0 3CA#00000000C00000C8
(1675526295.182981) vcan0 425#0000000000000000
(1675526295.183059) vcan0 008#F981E8653B850080
(1675526295.183136) vcan0 0E0#627306D000809500
(1675526295.183993) vcan0 072#F000FF3F0078A038
(1675526295.185061) vcan0 125#E53682E4C1D0D735
(1675526295.187898) vcan0 055#CDF74628B2969C80
(1675526295.188047) vcan0 065#42E546F8008E2C02
(1675526295.188122) vcan0 070#00002FF82CE25B00
(1675526295.188978) vcan0 075#0000000000005458
(1675526295.189064) vcan0 080#B8508000C2002C00
(1675526295.189140) vcan0 0B0#398307A3E1C139A3
(1675526295.189286) vcan0 145#FDE2D180FCC810A1
(1675526295.190071) vcan0 1B0#00C0000004B000FC
(1675526295.190149) vcan0 1B5#FF35839D96E0FFEF
(1675526295.190224) vcan0 1D8#363339343234DE43
(1675526295.190301) vcan0 010#000000002FB031F8
(1675526295.191086) vcan0 1D0#0000000000000861
(1675526295.191163) vcan0 1E0#0000F34300B917E0
(1675526295.191310) vcan0 28C#000000000018FEA5
(1675526295.191385) vcan0 2B5#4B082E6293A67549
(1675526295.194020) vcan0 2C3#6B8700FFFF605450
(1675526295.194089) vcan0 008#E981F8A7FA840080
(1675526295.194946) vcan0 210#10E080A0A869CF45
(1675526295.196015) vcan0 288#68E0F00F00000080
(1675526295.197085) vcan0 290#0000000000000000
(1675526295.198091) vcan0 0F5#DA84CE847F6762F0
(1675526295.199161) vcan0 120#D484D3847F005689
(1675526295.200233) vcan0 130#CF181EDD04821212
(1675526295.200310) vcan0 010#000000002FB031F8
(1675526295.200386) vcan0 072#F000FF3F00788038
(1675526295.200463) vcan0 150#E4042D9841F87BC0
(1675526295.201248) vcan0 260#D0FF0055490B86B0
(1675526295.201324) vcan0 2A9#8C26009BC0000084
(1675526295.201471) vcan0 008#DB8108DFC0840080
(1675526295.202328) vcan0 0E0#627301D800807A00
(1675526295.204741) vcan0 360#718700D2A769A001
(1675526295.207584) vcan0 125#E51782E4C1D0D735
(1675526295.207661) vcan0 055#CDF74628B2969C80
(1675526295.208659) vcan0 065#45E546F8028E2C02
(1675526295.208736) vcan0 070#000030F82CE25B00
(1675526295.208813) vcan0 075#0000000000005458
(1675526295.208899) vcan0 080#B8508000C2002C00
(1675526295.208975) vcan0 0B0#398307A3E1C139A3
(1675526295.209690) vcan0 145#FDD2D280FCC810A1
(1675526295.209766) vcan0 1B0#00C0000003B000FC
(1675526295.209843) vcan0 1B5#FF38869F98E0FFEF
(1675526295.209990) vcan0 1D8#363339343234DE43
(1675526295.210778) vcan0 1E0#0004E34300B917E0
(1675526295.210854) vcan0 010#000000002FB031F9
(1675526295.210930) vcan0 1D0#0000000000000261
(1675526295.211007) vcan0 291#0000000000000000
(1675526295.213564) vcan0 390#80FF05190222576F
(1675526295.213639) vcan0 008#D081181387840080
(1675526295.214567) vcan0 072#F000FF3F0078A038
(1675526295.215709) vcan0 3B0#00D8393C32A4C400
(1675526295.216708) vcan0 0F5#DE84D4847F6B52F0
(1675526295.217778) vcan0 120#0A85C4847FFF5589
(1675526295.218855) vcan0 130#D7181EDA04750F12
(1675526295.219853) vcan0 150#D3041BA83DF87CC0
(1675526295.220923) vcan0 010#000000002FB031F8
(1675526295.221000) vcan0 210#10E080A0A869CF45
(1675526295.221074) vcan0 3D0#9A0F6100170480C3
(1675526295.222003) vcan0 008#C48128494D840080
(1675526295.223001) vcan0 0E0#627314E000804700
(1675526295.223149) vcan0 288#3FE0F00F00000080
(1675526295.224075) vcan0 430#2808280000001586
(1675526295.226492) vcan0 125#E5FE81E4C1D0D735
(1675526295.229333) vcan0 055#CDF74628B2969C80
(1675526295.229410) vcan0 065#48E546F8028E2C02
(1675526295.229487) vcan0 070#000030F82CE25B00
(1675526295.229563) vcan0 075#0000000000005458
(1675526295.229711) vcan0 080#B8508000C2002C00
(1675526295.229787) vcan0 0B0#398308A3E1C139A3
(1675526295.229871) vcan0 145#FDC2D380FCC810A1
(1675526295.229948) vcan0 1B0#00C0000004B000FC
(1675526295.230024) vcan0 1B5#FF3B8AA099E0FFEF
(1675526295.230386) vcan0 1D8#363339343234DE43
(1675526295.230462) vcan0 010#000000002FB031F8
(1675526295.230539) vcan0 072#F000FF3F00788038
(1675526295.230686) vcan0 1D0#0000000000000061
(1675526295.231473) vcan0 1E0#0004E30300B917E0
(1675526295.231549) vcan0 260#D0FF00AA497487B0
(1675526295.234315) vcan0 28C#000000000018FEA5
(1675526295.234394) vcan0 008#B78138781B840080
(1675526295.234470) vcan0 290#0000000000000000
(1675526295.234618) vcan0 2B5#4B092E6293A67549
(1675526295.234695) vcan0 2C0#6B87003E0100A0F1
(1675526295.234770) vcan0 2C3#6B8700FFFF605450
(1675526295.234847) vcan0 2C5#0DD7684644E50070
(1675526295.234933) vcan0 340#5C00000000000000
(1675526295.235080) vcan0 3AF#0000000000000020
(1675526295.235370) vcan0 0F5#CE84D6847F6F42F1
(1675526295.236439) vcan0 120#EB84FE847F025689
(1675526295.237508) vcan0 130#DF151EE4045B0F12
(1675526295.238649) vcan0 150#DF0419B83AF860C0
(1675526295.239715) vcan0 010#000000002FB031F8
(1675526295.240713) vcan0 291#0000000000000000
(1675526295.243551) vcan0 2A9#8C260082C0000084
(1675526295.243627) vcan0 008#AB8148A8E8830080
(1675526295.243704) vcan0 0E0#627311E800802A00
(1675526295.244702) vcan0 072#F000FF3F0078A038
(1675526295.245774) vcan0 210#10E080A0A869CF4D
(1675526295.246771) vcan0 125#E5E381E4C1D0D735
(1675526295.247839) vcan0 055#CEF74628B2969C80
(1675526295.247916) vcan0 065#4CE546F8038E2C02
(1675526295.248925) vcan0 070#00002FF82CE25B00
(1675526295.248999) vcan0 075#0000000000005458
(1675526295.249077) vcan0 080#B7508000C2002C00
(1675526295.249153) vcan0 0B0#398309A3E1C139A3
(1675526295.249229) vcan0 145#FDB2D480FCC810A1
(1675526295.251782) vcan0 1B0#00C0000004B000FC
(1675526295.251860) vcan0 1B5#FF3E8DA29BE0FFEF
(1675526295.251937) vcan0 1D8#363339343234DE43
(1675526295.252083) vcan0 010#000000002FB031F8
(1675526295.252160) vcan0 1D0#0000000000000061
(1675526295.252235) vcan0 1E0#0008D34300B917E0
(1675526295.252311) vcan0 288#74E000FF00000080
(1675526295.252388) vcan0 370#0720C000751BCB1F
(1675526295.252536) vcan0 008#A08158C7C4830080
(1675526295.252967) vcan0 3C8#6B87008E886C008E
(1675526295.253966) vcan0 290#0000000000000000
(1675526295.255048) vcan0 350#A200000000000080
(1675526295.256116) vcan0 0F5#F984D0847F7332F1
(1675526295.257186) vcan0 120#CA8413857FF75589
(1675526295.258182) vcan0 130#E71A1EE4044B1512
(1675526295.261092) vcan0 150#E90428C837F846C0
(1675526295.261169) vcan0 010#000000002FB031F8
(1675526295.261246) vcan0 072#F000FF3F00788038
(1675526295.261320) vcan0 260#D0FF00AA497487B0
(1675526295.261470) vcan0 330#2800000000000000
(1675526295.262111) vcan0 008#928168E9A0830080
(1675526295.262260) vcan0 0E0#627310F000800B00
(1675526295.263186) vcan0 125#E5CA81E4C1D0D735
(1675526295.264326) vcan0 055#CDF74528B2969C80
(1675526295.265401) vcan0 065#52E546F8058E2C02
(1675526295.266471) vcan0 070#00002FF82CE25B00
(1675526295.267468) vcan0 075#0000000000005458
(1675526295.270316) vcan0 080#B7508000C2002C00
(1675526295.270391) vcan0 0B0#398309A3E1C139A3
(1675526295.270469) vcan0 145#FDA2D580FCC810A1
(1675526295.270544) vcan0 1B0#00C0000007B000FC
(1675526295.270621) vcan0 1B5#FF4190A49CE0FFEF
(1675526295.270769) vcan0 1D8#363339343234DE43
(1675526295.270844) vcan0 1E0#000CC34300B917E0
(1675526295.270921) vcan0 010#000000002FB031F8
(1675526295.270998) vcan0 1D0#0000000000000861
(1675526295.271358) vcan0 210#10E08020A869CF45
(1675526295.271433) vcan0 28C#000000000018FEA5
(1675526295.271510) vcan0 291#0000000000000000
(1675526295.271658) vcan0 008#878178F292830080
(1675526295.272442) vcan0 2B5#4B092E6293A67548
(1675526295.272519) vcan0 2C3#6B8700FFFF605450
(1675526295.273943) vcan0 288#54E000FF00000080
(1675526295.274954) vcan0 072#F000FF3F0078A038
(1675526295.276093) vcan0 0F5#FC84E1847F7722F2
(1675526295.277165) vcan0 120#018500857FFF5589
(1675526295.278232) vcan0 130#EF151EE4043B1212
(1675526295.279231) vcan0 010#000000002FB031F8
(1675526295.280302) vcan0 150#E4041ED834F83BC0
(1675526295.280377) vcan0 2A9#8C26008AC0000084
(1675526295.281376) vcan0 008#758188DFA7830080
(1675526295.282374) vcan0 0E0#627303F80080F800
(1675526295.284720) vcan0 125#E5AB81E4C1D0D735
(1675526295.287563) vcan0 055#CEF74528B2969C80
(1675526295.288631) vcan0 065#59E546F8078E2C02
(1675526295.288707) vcan0 070#00002FF82CE25B00
(1675526295.288785) vcan0 075#0000000000005458
(1675526295.288861) vcan0 080#B6508000C2002C00
(1675526295.289008) vcan0 0B0#39830AA3E1C139A3
(1675526295.289683) vcan0 145#FD92D680FCC810A1
(1675526295.289759) vcan0 1B0#00C0000003B000FC
(1675526295.289836) vcan0 1B5#FF4593A59EE0FFEF
(1675526295.289983) vcan0 1D8#363339343234DE43
(1675526295.290768) vcan0 1E0#000CC30300B917E0
(1675526295.290846) vcan0 010#000000002FB031F9
(1675526295.290922) vcan0 072#F000FF3F00788038
(1675526295.290997) vcan0 1D0#0000000000000261
(1675526295.291074) vcan0 260#D0FF00AA497487B0
(1675526295.294983) vcan0 290#0000000000000000
(1675526295.295061) vcan0 008#658198C2C4830080
(1675526295.295136) vcan0 2C0#6B8700390100A0F1
(1675526295.295213) vcan0 2C5#0DD7694754E50070
(1675526295.295290) vcan0 210#10E080A0A869CF4D
(1675526295.296003) vcan0 288#47E000FF00000080
(1675526295.297074) vcan0 0F5#0085EF847F7B12F2
(1675526295.298080) vcan0 120#1485E6847FFF5589
(1675526295.299220) vcan0 130#F7121EFA04151512
(1675526295.300290) vcan0 010#000000002FB031F8
(1675526295.300365) vcan0 150#DF0415E832F830C0
(1675526295.300514) vcan0 291#0000000000000000
(1675526295.301371) vcan0 3CA#00000000D10000C8
(1675526295.301447) vcan0 008#5381A8A7E1830080
(1675526295.302374) vcan0 0E0#E27303C00080D800
(1675526295.303441) vcan0 072#F000FF3F0078A038
(1675526295.304512) vcan0 360#718700D2A769A001
(1675526295.306858) vcan0 125#E58881E4C1D0D735
(1675526295.307927) vcan0 055#CEF74528B2969C80
(1675526295.308003) vcan0 065#62E546F8078E2C02
(1675526295.308078) vcan0 070#00002FF82CE25B00
(1675526295.310850) vcan0 075#0000000000005458
(1675526295.310926) vcan0 080#B5508000C2002C00
(1675526295.311011) vcan0 0B0#39830CA3E2C139A3
(1675526295.311089) vcan0 145#FD82D780FCC810A1
(1675526295.311164) vcan0 1B0#00C0000003B000FC
(1675526295.311240) vcan0 1B5#FF4896A7A0E0FFEF
(1675526295.311388) vcan0 1D8#363339343234DE43
(1675526295.311465) vcan0 1E0#0010B34300B917E0
(1675526295.311540) vcan0 28C#000000000018FEA5
(1675526295.311618) vcan0 010#000000002FB031F8
(1675526295.311693) vcan0 1D0#0000000000000061
(1675526295.311842) vcan0 2B5#4B092E6293A67548
(1675526295.311919) vcan0 2C3#6B8700FFFF605450
(1675526295.311995) vcan0 008#3E81B8800C840080
(1675526295.312071) vcan0 340#5D00000000000000
(1675526295.314840) vcan0 390#80FF0519021E584F
