(1675526167.201197) vcan0 070#000006F88AE20D00
(1675526167.201257) vcan0 072#F000FF3F00788038
(1675526167.202055) vcan0 075#0000000000005458
(1675526167.202134) vcan0 080#50508000C2002C00
(1675526167.202210) vcan0 0B0#52831AA3E3C152E3
(1675526167.202360) vcan0 145#F9B2D480FC4810A1
(1675526167.203157) vcan0 1D0#0000000000000061
(1675526167.203236) vcan0 370#072AC0008E03C71F
(1675526167.203314) vcan0 390#80FF050002165A4F
(1675526167.204184) vcan0 0F5#63A95EA97F733285
(1675526167.204281) vcan0 120#93A984A97FFF5589
(1675526167.205197) vcan0 130#E7011E6F299BFF11
(1675526167.205339) vcan0 150#60290EC800F8AAC0
(1675526167.208088) vcan0 3CA#00000000C00000C8
(1675526167.208160) vcan0 0E0#E27319F000800200
(1675526167.208236) vcan0 008#3B805C7400800080
(1675526167.209135) vcan0 260#D0FF0055497487B0
(1675526167.210232) vcan0 125#E50B80E5C1D0D735
(1675526167.211333) vcan0 010#008000002FB031F8
(1675526167.211408) vcan0 210#09E080A0B569B345
(1675526167.211551) vcan0 291#0000000000000000
(1675526167.211624) vcan0 330#2800000000000000
(1675526167.212453) vcan0 3D0#980F6100250D80C3
(1675526167.213486) vcan0 1B0#00C0000003B000FC
(1675526167.214564) vcan0 1B5#FFBF2D877EE0FFEF
(1675526167.214643) vcan0 1D8#363339343234E043
(1675526167.214730) vcan0 1E0#0020734300B917E0
(1675526167.214808) vcan0 2C3#BB9C00FFFF515450
(1675526167.215825) vcan0 008#3B806C6400800080
(1675526167.215903) vcan0 072#F000FF3F0078A038
(1675526167.216991) vcan0 288#2BE040BF00000080
(1675526167.220748) vcan0 055#F9F71E38B2569E80
(1675526167.220826) vcan0 065#77E61EF8FEED8A02
(1675526167.220975) vcan0 070#000006F88AE20D00
(1675526167.221052) vcan0 010#008000002FB031F8
(1675526167.221853) vcan0 075#0000000000005458
(1675526167.221930) vcan0 080#50508000C2002C00
(1675526167.222007) vcan0 0B0#52831AA3E3C152E3
(1675526167.222085) vcan0 145#F9A2D580FC4810A1
(1675526167.223028) vcan0 1D0#0000000000000061
(1675526167.223107) vcan0 28C#000000000036FEA9
(1675526167.223183) vcan0 290#0000000000000000
(1675526167.223269) vcan0 2B5#4B9A176293A6819B
(1675526167.223348) vcan0 2C0#BB9C00000000A0F1
(1675526167.224074) vcan0 2C5#45DF8DBB7FE6D470
(1675526167.224153) vcan0 3AF#0000000000000020
(1675526167.226797) vcan0 0F5#53A953A97F772289
(1675526167.226942) vcan0 120#9CA988A97F015689
(1675526167.227014) vcan0 130#EF011E6F298BFF11
(1675526167.227089) vcan0 150#53290DD800F8A7C0
(1675526167.227161) vcan0 0E0#E27318F80080E300
(1675526167.227305) vcan0 008#3B807C5400800080
(1675526167.227928) vcan0 125#E50B80E5C1D0D735
(1675526167.228960) vcan0 010#008000002FB031F9
(1675526167.230131) vcan0 072#F000FF3F00788038
(1675526167.231164) vcan0 2A9#8C26008AC0000084
(1675526167.232267) vcan0 1B0#00C0000002B000FC
(1675526167.233298) vcan0 1B5#FFDA48948CE0FFEF
(1675526167.234715) vcan0 1D8#363339343234E043
(1675526167.234793) vcan0 1E0#0020730300B917E0
(1675526167.235809) vcan0 008#3B808C4400800080
(1675526167.235884) vcan0 210#09E08020B569B34D
(1675526167.238704) vcan0 3C8#BB9C008E882C008E
(1675526167.239791) vcan0 260#D0FF0055497487B0
(1675526167.240879) vcan0 055#F9F71E38B2569E80
(1675526167.240958) vcan0 010#008000002FB031F8
(1675526167.241035) vcan0 065#7BE61EF801EE8A02
(1675526167.241914) vcan0 070#000006F88AE20D00
(1675526167.241986) vcan0 075#0000000000005458
(1675526167.242061) vcan0 080#50508000C2002C00
(1675526167.242213) vcan0 0B0#52831AA3E3C152E3
(1675526167.242290) vcan0 145#F992D680FC4810A1
(1675526167.243020) vcan0 1D0#0000000000000A61
(1675526167.243097) vcan0 291#0000000000000000
(1675526167.243182) vcan0 288#26E040BF00000080
(1675526167.244055) vcan0 0F5#5BA95EA97F7B128C
(1675526167.244132) vcan0 120#84A98CA97FFC5589
(1675526167.245603) vcan0 130#F7FF1D6F297BFF11
(1675526167.245677) vcan0 150#5C2908E800F88EC0
(1675526167.245750) vcan0 0E0#E27320C00080BB00
(1675526167.245824) vcan0 008#3B809C3400800080
(1675526167.245968) vcan0 072#F000FF3F0078A038
(1675526167.246041) vcan0 3B0#00D860386EB0C400
(1675526167.249539) vcan0 290#0000000000000000
(1675526167.250639) vcan0 125#E50B80E5C1D0D735
(1675526167.251673) vcan0 010#008000002FB031F8
(1675526167.252773) vcan0 1B0#00C0000002B000FC
(1675526167.253806) vcan0 1B5#FFF563A199E0FFEF
(1675526167.254912) vcan0 1D8#363339343234DF43
(1675526167.254987) vcan0 1E0#0024634300B917E0
(1675526167.255072) vcan0 2C3#BB9C00FFFF525450
(1675526167.255146) vcan0 350#A200000000000080
(1675526167.256043) vcan0 008#3B80AC2400800080
(1675526167.258443) vcan0 055#F9F71E38B2569E80
(1675526167.261186) vcan0 065#7EE61EF803EE8A02
(1675526167.261260) vcan0 010#008000002FB031F8
(1675526167.261335) vcan0 070#000006F88AE20D00
(1675526167.261477) vcan0 072#F000FF3F00788038
(1675526167.262237) vcan0 075#0000000000005458
