(1675526549.022271) vcan0 1B5#FF00000000E0FFEF
(1675526549.023509) vcan0 1D8#363339343234DE43
(1675526549.023566) vcan0 1E0#00342B8180BD17E0
(1675526549.023646) vcan0 2C3#5D8700FFFF005450
(1675526549.026180) vcan0 0E0#627100D00080A300
(1675526549.027456) vcan0 010#000000002FB031F8
(1675526549.027609) vcan0 2A9#8C260093C0000084
(1675526549.028978) vcan0 008#16805C9900800080
(1675526549.030548) vcan0 055#B4F7FF67B3009C80
(1675526549.030555) vcan0 065#34E3F8E7008EFC01
(1675526549.030632) vcan0 070#00004AA800E25B00
(1675526549.030712) vcan0 075#0000000000005458
(1675526549.033472) vcan0 080#FF4F8000C2002C00
(1675526549.033550) vcan0 0B0#39837AA200C239A3
(1675526549.033700) vcan0 125#E53F80E4C1D0D734
(1675526549.033778) vcan0 145#FDE2D180FCC810A1
(1675526549.033854) vcan0 28C#000020000016BE90
(1675526549.033932) vcan0 0F5#00800080BF57A100
(1675526549.034008) vcan0 120#008000807FF65589
(1675526549.034160) vcan0 130#AFFF1D0000A3FF11
(1675526549.034237) vcan0 150#0000015803F8A3C0
(1675526549.034314) vcan0 2B5#4B1B5A6293A64E3B
(1675526549.034391) vcan0 340#4A00000000000000
(1675526549.034469) vcan0 360#5D8700D2BF64A001
(1675526549.036238) vcan0 010#000000002FB031F8
(1675526549.037760) vcan0 072#F000FF3F00788038
(1675526549.037840) vcan0 1D0#0000000000000061
(1675526549.037987) vcan0 390#80FF051D02125B4F
(1675526549.039228) vcan0 008#16806C8900800080
(1675526549.039285) vcan0 288#FEDF906F00000080
(1675526549.040723) vcan0 260#D0FF00AA49E285B0
(1675526549.042200) vcan0 1B0#00C0C00000B01FED
(1675526549.042350) vcan0 1B5#FF00000000E0FFEF
(1675526549.042430) vcan0 1D8#363339343234DE43
(1675526549.043741) vcan0 1E0#00381BC180BD17E0
(1675526549.045214) vcan0 0E0#627100D800808300
(1675526549.046758) vcan0 010#000000002FB031F8
(1675526549.046887) vcan0 210#12E18020A869F54D
(1675526549.048250) vcan0 291#0000000000000000
(1675526549.048376) vcan0 330#2800000000000000
(1675526549.048463) vcan0 3D0#860F6100340680C3
(1675526549.048538) vcan0 008#16807C7900800080
(1675526549.049801) vcan0 055#B4F7FF67B3009C80
(1675526549.051356) vcan0 065#34E3F8E7008EFC01
(1675526549.051506) vcan0 070#00004AA800E25B00
(1675526549.051589) vcan0 075#0000000000005458
(1675526549.051664) vcan0 080#FF4F8000C2002C00
(1675526549.051741) vcan0 0B0#39837AA200C239A3
(1675526549.051818) vcan0 125#E53F80E4C1D0D734
(1675526549.051900) vcan0 072#F000FF3F0078A038
(1675526549.054237) vcan0 0F5#00800080BF5B9100
(1675526549.054295) vcan0 120#008000807FF95589
(1675526549.054444) vcan0 130#B7FF1D000093FF11
(1675526549.054520) vcan0 145#FDD2D280FCC810A1
(1675526549.054603) vcan0 150#0000FF6703F893C0
(1675526549.054679) vcan0 290#0000000000000000
(1675526549.054766) vcan0 2C0#5D87004B0300A0F1
(1675526549.054841) vcan0 2C5#00DF1F0036E30070
(1675526549.056887) vcan0 010#000000002FB031F8
(1675526549.058233) vcan0 1D0#0000000000000061
(1675526549.059726) vcan0 008#16808C6900800080
(1675526549.061250) vcan0 1B0#00C0C00000B020ED
(1675526549.062775) vcan0 1B5#FF00000000E0FFEF
(1675526549.062852) vcan0 1D8#363339343234DE43
(1675526549.062932) vcan0 1E0#003C0BC180BD17E0
(1675526549.063081) vcan0 2C3#5D8700FFFF005450
(1675526549.064197) vcan0 288#FEDFA05F00000080
(1675526549.065675) vcan0 0E0#627100E000806300
(1675526549.067219) vcan0 010#000000002FB031F9
(1675526549.068741) vcan0 072#F000FF3F00788038
(1675526549.068819) vcan0 008#16809C5900800080
(1675526549.068897) vcan0 2A9#8C26008AC0000084
(1675526549.070276) vcan0 055#B4F7FF67B3009C80
(1675526549.070353) vcan0 065#35E3F8E7008EFC01
(1675526549.070430) vcan0 070#00004AA800E25B00
(1675526549.071866) vcan0 075#0000000000005458
(1675526549.071993) vcan0 080#FF4F8000C2002C00
(1675526549.072072) vcan0 0B0#39837AA200C239A3
(1675526549.072148) vcan0 125#E53F80E4C1D0D734
(1675526549.072226) vcan0 145#FDC2D380FCC810A1
(1675526549.072305) vcan0 0F5#00800080BF5F8100
(1675526549.072385) vcan0 120#008000807FF85589
(1675526549.074738) vcan0 130#BFFF1D000083FF11
(1675526549.074815) vcan0 150#0000027803F883C0
(1675526549.074894) vcan0 210#12E180A0A869F54D
(1675526549.074972) vcan0 260#D0FF005549E185B0
(1675526549.075054) vcan0 28C#000020000016BE90
(1675526549.075203) vcan0 2B5#4B1B5A6293A64E3B
(1675526549.075288) vcan0 350#A200000000000080
(1675526549.076241) vcan0 010#000000002FB031F8
(1675526549.077731) vcan0 1D0#0000000000000A61
(1675526549.077858) vcan0 291#0000000000000000
(1675526549.079229) vcan0 008#1680AC4900800080
(1675526549.080797) vcan0 290#0000000000000000
(1675526549.082336) vcan0 072#F000FF3F0078A038
(1675526549.082464) vcan0 3B0#00D84B3C3DBCC400
(1675526549.082543) vcan0 1B0#00C0C00000B020ED
(1675526549.082619) vcan0 1B5#FF00000000E0FFEF
(1675526549.082700) vcan0 1D8#363339343234DE43
