(1675526533.955263) vcan0 065#53E3FCF7FFADFB01
(1675526533.955396) vcan0 070#000020F8FDE12A00
(1675526533.955474) vcan0 075#0000000000005458
(1675526533.955550) vcan0 080#F94F8000C2002C00
(1675526533.955628) vcan0 0B0#478383A2FCC147A3
(1675526533.955715) vcan0 145#FDB2D480FCC810A1
(1675526533.955865) vcan0 008#9680CC7E2B800080
(1675526533.955943) vcan0 288#02E030CF00000080
(1675526533.958182) vcan0 010#000000002FB031F8
(1675526533.958259) vcan0 1D0#0000000000000061
(1675526533.958337) vcan0 291#0000000000000000
(1675526533.959638) vcan0 1B0#00C0470003B068FC
(1675526533.959788) vcan0 1B5#FF4617C427E0FFEF
(1675526533.959865) vcan0 1D8#363339343234DE43
(1675526533.959942) vcan0 1E0#0014A30300B917E0
(1675526533.960022) vcan0 2C3#5D8700FFFF345450
(1675526533.962273) vcan0 260#D0FF00AA497487B0
(1675526533.963647) vcan0 290#0000000000000000
(1675526533.965162) vcan0 072#F000FF3F0078A038
(1675526533.965235) vcan0 008#9680DC7D1C800080
(1675526533.967705) vcan0 0E0#E27341F80080BA00
(1675526533.969021) vcan0 0F5#29862A86BF676142
(1675526533.970534) vcan0 010#000000002FB031F8
(1675526533.970609) vcan0 120#35863D867FFD5589
(1675526533.970750) vcan0 130#CFD61D370626D011
(1675526533.970823) vcan0 150#2D060098F6F730C0
(1675526533.970898) vcan0 2A9#8C260082C0000084
(1675526533.973141) vcan0 125#E5C27FE4C1D0D735
(1675526533.974519) vcan0 210#C9E080A0A869EE4D
(1675526533.974668) vcan0 055#DEF7FD67B3009C80
(1675526533.974747) vcan0 065#52E3FCF700AEFB01
(1675526533.974825) vcan0 070#000020F8FDE12B00
(1675526533.974902) vcan0 075#0000000000005458
(1675526533.978705) vcan0 080#F94F8000C2002C00
(1675526533.978732) vcan0 0B0#468382A2FDC146A3
(1675526533.978808) vcan0 145#FDA2D580FCC810A1
(1675526533.978959) vcan0 008#9680EC6D1C800080
(1675526533.979045) vcan0 28C#000020000014BE92
(1675526533.979124) vcan0 2B5#4B76526293A64837
(1675526533.979201) vcan0 340#7900000000000000
(1675526533.979279) vcan0 010#000000002FB031F8
(1675526533.980078) vcan0 072#F000FF3F00788038
(1675526533.980157) vcan0 1D0#0000000000000061
(1675526533.980232) vcan0 1B0#00C0470002B068FC
(1675526533.980308) vcan0 1B5#FF4A1BC629E0FFEF
(1675526533.980459) vcan0 1D8#363339343234DE43
(1675526533.981562) vcan0 1E0#0018934300B917E0
(1675526533.981640) vcan0 288#E5DF40BF00000080
(1675526533.985390) vcan0 008#9680FC5D1C800080
(1675526533.987921) vcan0 0E0#E27341C000809A00
(1675526533.989295) vcan0 010#000000002FB031F8
(1675526533.989374) vcan0 291#0000000000000000
(1675526533.989452) vcan0 330#2800000000000000
(1675526533.990763) vcan0 0F5#1E862286BF6B5143
(1675526533.990912) vcan0 120#338636867FFC5589
(1675526533.990991) vcan0 130#D7D61D33061ACD11
(1675526533.991101) vcan0 150#2306F8A7F6F72AC0
(1675526533.993438) vcan0 260#D0FF00AA497487B0
(1675526533.993513) vcan0 072#F000FF3F0078A038
(1675526533.996260) vcan0 125#E5C27FE4C1D0D735
(1675526533.996402) vcan0 055#DEF7FD67B3009C80
(1675526533.996476) vcan0 065#52E3FCF700AEFC01
(1675526533.996550) vcan0 070#000020F8FDE12B00
(1675526533.996692) vcan0 075#0000000000005458
(1675526533.996766) vcan0 080#F94F8000C2002C00
(1675526533.996841) vcan0 0B0#458382A2FDC145A3
(1675526533.996915) vcan0 145#FD92D680FCC810A1
(1675526533.997058) vcan0 008#96800C5B0E800080
(1675526533.997134) vcan0 290#0000000000000000
(1675526533.997215) vcan0 2C0#5D8700650300A0F1
(1675526533.997289) vcan0 2C5#00D7247A54E30070
(1675526533.997773) vcan0 010#000000002FB031F8
(1675526533.997919) vcan0 1D0#0000000000000061
(1675526534.000526) vcan0 210#C9E080A0A869EE45
(1675526534.000600) vcan0 1B0#00C0480001B069FC
(1675526534.000673) vcan0 1B5#FF4E1FC82BE0FFEF
(1675526534.000746) vcan0 1D8#363339343234DE43
(1675526534.000890) vcan0 1E0#001C834300B917E0
(1675526534.001842) vcan0 2C3#5D8700FFFF345450
(1675526534.004372) vcan0 008#96801C4B0E800080
(1675526534.005748) vcan0 288#D5DF40BF00000080
(1675526534.008492) vcan0 0E0#E27341C800807A00
(1675526534.008570) vcan0 010#000000002FB031F8
(1675526534.009804) vcan0 072#F000FF3F00788038
(1675526534.009881) vcan0 2A9#8C26009BC0000084
(1675526534.009967) vcan0 0F5#13861C86BF6F4143
(1675526534.010045) vcan0 120#22861C867FFF5589
(1675526534.011269) vcan0 130#DFD31D250618CD11
(1675526534.011410) vcan0 150#1C06F8B7F6F721C0
(1675526534.013882) vcan0 125#E5C27FE4C1D0D735
(1675526534.013955) vcan0 055#DDF7FD67B3009C80
(1675526534.016836) vcan0 065#52E3FCF700AEFC01
(1675526534.016909) vcan0 070#000021F8FDE12B00
(1675526534.016983) vcan0 075#0000000000005458
(1675526534.017057) vcan0 080#F94F8000C2002C00
(1675526534.017200) vcan0 0B0#448382A2FDC144A3
(1675526534.017275) vcan0 145#FD82D780FCC810A1
(1675526534.017348) vcan0 008#96802C2623800080
(1675526534.017423) vcan0 28C#000020000014BE92
(1675526534.017564) vcan0 2B5#4B76526293A64836
(1675526534.017638) vcan0 370#0723C0005C1BC735
(1675526534.018281) vcan0 010#000000002FB031F9
(1675526534.018425) vcan0 1D0#0000000000000A61
(1675526534.018499) vcan0 291#0000000000000000
(1675526534.019806) vcan0 1B0#00C0480002B06BFC
(1675526534.019880) vcan0 1B5#FF5223CA2DE0FFEF
(1675526534.020023) vcan0 1D8#363339343234DE43
(1675526534.020097) vcan0 1E0#001C830300B917E0
(1675526534.022421) vcan0 260#D0FF0055497487B0
(1675526534.023799) vcan0 072#F000FF3F0078A038
(1675526534.023877) vcan0 210#C9E080A0A869EE4D
(1675526534.024027) vcan0 290#0000000000000000
(1675526534.025331) vcan0 3B0#00D861383CBCC400
(1675526534.025408) vcan0 008#98803C1423800080
(1675526534.027936) vcan0 0E0#E27341D000805A00
(1675526534.029312) vcan0 010#000000002FB031F8
(1675526534.033517) vcan0 0F5#FE850A86BF733144
(1675526534.033600) vcan0 120#14861A867FFF5589
(1675526534.033743) vcan0 130#E7D31D22060BD311
(1675526534.033816) vcan0 150#0E06F4C7F5F71FC0
(1675526534.033891) vcan0 288#D9DF40BF00000080
(1675526534.033965) vcan0 350#A200000000000080
(1675526534.034108) vcan0 3CA#00000000550000C8
(1675526534.034181) vcan0 125#E5BF7FE4C1D0D735
(1675526534.034256) vcan0 360#5D8700D2BF64A001
(1675526534.036315) vcan0 055#DDF7FD67B3009C80
(1675526534.036389) vcan0 065#50E3FCF7FFADFB01
(1675526534.036463) vcan0 070#000021F8FDE12B00
(1675526534.036606) vcan0 075#0000000000005458
(1675526534.036679) vcan0 080#F94F8000C2002C00
(1675526534.036754) vcan0 0B0#448382A2FDC144A3
(1675526534.036828) vcan0 145#FD72D880FCC810A1
(1675526534.036969) vcan0 008#98804C0423800080
(1675526534.038901) vcan0 010#000000002FB031F8
(1675526534.039044) vcan0 072#F000FF3F00788038
(1675526534.039119) vcan0 1D0#0000000000000061
(1675526534.040286) vcan0 390#80FF051D0226564F
(1675526534.040430) vcan0 1B0#00C0490003B06CFC
(1675526534.040505) vcan0 1B5#FF5527CC2FE0FFEF
(1675526534.040578) vcan0 1D8#363339343234DE43
(1675526534.040652) vcan0 1E0#0020734300B917E0
(1675526534.041843) vcan0 2C3#5D8700FFFF345450
(1675526534.044445) vcan0 008#9A805CF223800080
(1675526534.046900) vcan0 0E0#E27343D800803800
(1675526534.048273) vcan0 010#000000002FB031F8
(1675526534.049937) vcan0 210#C9E08020A869EE45
(1675526534.050015) vcan0 291#0000000000000000
(1675526534.050093) vcan0 2A9#8C260082C0000084
(1675526534.050242) vcan0 0F5#F585FF85BF772144
(1675526534.050337) vcan0 120#05860A867FFF5589
(1675526534.050415) vcan0 130#EFD31D13060AD511
(1675526534.050493) vcan0 150#FB05F4D7F5F723C0
(1675526534.053904) vcan0 260#D0FF0055497487B0
(1675526534.053979) vcan0 125#E5BC7FE4C1D0D735
(1675526534.054121) vcan0 072#F000FF3F0078A038
(1675526534.054196) vcan0 055#DDF7FD67B3009C80
(1675526534.055434) vcan0 065#50E3FCF700AEFC01
(1675526534.055507) vcan0 070#000021F8FDE12C00
(1675526534.055581) vcan0 075#0000000000005458
(1675526534.055724) vcan0 080#F94F8000C2002C00
(1675526534.055799) vcan0 0B0#438382A2FDC143A3
(1675526534.055872) vcan0 145#FD62D980FCC810A1
(1675526534.056014) vcan0 008#9D806CD032800080
(1675526534.058280) vcan0 288#DDDF40BF00000080
(1675526534.058421) vcan0 28C#000020000014BE92
(1675526534.058505) vcan0 290#0000000000000000
(1675526534.058579) vcan0 2B5#4B76526293A64837
(1675526534.058652) vcan0 2C0#5D8700630300A0F1
(1675526534.058795) vcan0 2C5#00D7247853E30070
(1675526534.058870) vcan0 340#7900000000000000
(1675526534.058944) vcan0 3AF#0000000000000020
(1675526534.059017) vcan0 010#000000002FB031F8
(1675526534.059159) vcan0 1D0#0000000000000061
(1675526534.059782) vcan0 1B0#00C0490001B06DFC
(1675526534.059925) vcan0 1B5#FF592BCE31E0FFEF
(1675526534.059998) vcan0 1D8#363339343234DE43
(1675526534.060072) vcan0 1E0#0024634300B917E0
(1675526534.064935) vcan0 008#9F807CA947800080
(1675526534.066378) vcan0 3C8#5D87008E882C008E
(1675526534.067754) vcan0 0E0#E27349E000801200
(1675526534.070431) vcan0 0F5#EA85EF85BF7B1145
(1675526534.070516) vcan0 120#0586F8857FFB5589
(1675526534.070589) vcan0 010#000000002FB031F8
(1675526534.070663) vcan0 072#F000FF3F00788038
(1675526534.070805) vcan0 130#F7D01D080605D511
(1675526534.071772) vcan0 150#F405F5E7F5F71AC0
(1675526534.071923) vcan0 330#2800000000000000
(1675526534.074447) vcan0 125#E5B77FE4C1D0D735
(1675526534.074597) vcan0 055#DDF7FD67B3009C80
(1675526534.074747) vcan0 065#4FE3FCF700AEFC01
(1675526534.074825) vcan0 070#000021F8FDE12C00
(1675526534.074904) vcan0 075#0000000000005458
(1675526534.075847) vcan0 080#F94F8000C2002C00
(1675526534.075925) vcan0 0B0#438382A2FDC143A3
(1675526534.076003) vcan0 145#FD52DA80FCC810A1
(1675526534.076081) vcan0 008#A1808C8856800080
(1675526534.076157) vcan0 210#C9E080A0A869EE45
(1675526534.078405) vcan0 010#000000002FB031F8
(1675526534.079778) vcan0 1D0#0000000000000061
(1675526534.079928) vcan0 291#0000000000000000
(1675526534.080007) vcan0 1B0#00C0490002B06DFC
(1675526534.080085) vcan0 1B5#FF5D2FD033E0FFEF
(1675526534.081302) vcan0 1D8#363339343234DE43
(1675526534.081376) vcan0 1E0#0024630300B917E0
(1675526534.081519) vcan0 288#E1DF50AF00000080
(1675526534.081594) vcan0 2C3#5D8700FFFF345450
(1675526534.083994) vcan0 260#D0FF0055497487B0
(1675526534.084137) vcan0 072#F000FF3F0078A038
(1675526534.084210) vcan0 290#0000000000000000
(1675526534.085311) vcan0 008#A6809C5673800080
(1675526534.087918) vcan0 0E0#E2734CE80080EF00
(1675526534.089296) vcan0 010#000000002FB031F8
(1675526534.089370) vcan0 2A9#8C26008AC0000084
(1675526534.090753) vcan0 0F5#E185E785BF7F0145
(1675526534.090896) vcan0 120#F785F1857FFB5589
(1675526534.090969) vcan0 130#FFD01DFD0501D511
(1675526534.091056) vcan0 150#E505F5F7F5F719C0
(1675526534.092289) vcan0 125#E5AB7FE4C1D0D735
(1675526534.095321) vcan0 055#DDF7FD67B3009C80
(1675526534.095398) vcan0 065#4DE3FCF7FFADFB01
(1675526534.095476) vcan0 070#000021F8FEE12C00
(1675526534.095553) vcan0 075#0000000000005458
(1675526534.095704) vcan0 080#FA4F8000C2002C00
(1675526534.095781) vcan0 0B0#428382A2FDC142A3
(1675526534.095858) vcan0 145#FD42DB80FCC810A1
(1675526534.095936) vcan0 008#AA80AC1E97800080
(1675526534.096015) vcan0 28C#000020000014BE92
(1675526534.096166) vcan0 2B5#4B76526293A64836
(1675526534.097899) vcan0 010#000000002FB031F9
(1675526534.099282) vcan0 072#F000FF3F00788038
(1675526534.099432) vcan0 1D0#0000000000000A61
(1675526534.099509) vcan0 210#C9E080A0A869EE4D
(1675526534.100810) vcan0 1B0#00C04A0001B06EFC
(1675526534.100887) vcan0 1B5#FF6133D235E0FFEF
(1675526534.100965) vcan0 1D8#363339343234DE43
(1675526534.101114) vcan0 1E0#0028534300B917E0
(1675526534.104677) vcan0 008#AF80BCEDB3800080
(1675526534.106051) vcan0 288#E1DF50AF00000080
(1675526534.108654) vcan0 0E0#E2734DF00080CE00
(1675526534.108728) vcan0 010#000000002FB031F8
(1675526534.108803) vcan0 291#0000000000000000
(1675526534.110176) vcan0 400#0101010102010205
(1675526534.110249) vcan0 405#D5078A9C48186701
(1675526534.110323) vcan0 425#0000000000000000
(1675526534.110465) vcan0 0F5#D485E185BF43F146
(1675526534.110549) vcan0 120#E585EC857FFD5589
(1675526534.110624) vcan0 130#87D01DF705F7D511
(1675526534.110697) vcan0 150#E105F207F5F70DC0
(1675526534.114152) vcan0 125#E5A07FE4C1D0D735
(1675526534.114230) vcan0 072#F000FF3F0078A038
(1675526534.114308) vcan0 260#D0FF00AA497487B0
(1675526534.114458) vcan0 055#DCF7FD67B3009C80
(1675526534.114533) vcan0 065#4CE3FBF7FFADFB01
(1675526534.117060) vcan0 070#000021F8FEE12C00
(1675526534.117139) vcan0 075#0000000000005458
(1675526534.117216) vcan0 080#FA4F8000C2002C00
(1675526534.117295) vcan0 0B0#418381A2FDC141A3
(1675526534.117445) vcan0 145#FD32DC80FCC810A1
(1675526534.117523) vcan0 008#B680CCB9D0800080
(1675526534.117601) vcan0 290#0000000000000000
(1675526534.117677) vcan0 2C0#5D8700630300A0F1
(1675526534.117764) vcan0 2C5#00D7237450E30070
(1675526534.117841) vcan0 370#0723C0005C1BC735
(1675526534.117991) vcan0 3E0#000000D935808090
(1675526534.119654) vcan0 010#000000002FB031F8
(1675526534.119732) vcan0 1D0#0000000000000061
(1675526534.119808) vcan0 1B0#00C04A0002B06FFC
(1675526534.121113) vcan0 1B5#FF6536D437E0FFEF
(1675526534.121187) vcan0 1D8#363339343234DE43
(1675526534.121260) vcan0 1E0#002C434300B917E0
(1675526534.121333) vcan0 2C3#5D8700FFFF345450
(1675526534.121478) vcan0 350#A200000000000080
(1675526534.122510) vcan0 210#C9E080A0A869EE45
(1675526534.125117) vcan0 008#BC80DC6F03810080
(1675526534.127655) vcan0 0E0#E2734CF80080AF00
(1675526534.129030) vcan0 010#000000002FB031F8
(1675526534.129173) vcan0 072#F000FF3F00788038
(1675526534.129257) vcan0 2A9#8C260093C0000084
(1675526534.130563) vcan0 0F5#C585CC85BF47E146
(1675526534.130636) vcan0 120#E385DA857FFF5589
(1675526534.130710) vcan0 130#8FD01DE105FDD311
(1675526534.130855) vcan0 150#D505F817F5F709C0
(1675526534.130928) vcan0 288#D9DF50AF00000080
(1675526534.133138) vcan0 125#E5927FE4C1D0D735
(1675526534.136027) vcan0 360#5D8700D2BF64A001
(1675526534.136177) vcan0 055#DCF7FE67B3009C80
(1675526534.136255) vcan0 065#4CE3FCF700AEFC01
(1675526534.136333) vcan0 070#000022F8FEE12D00
(1675526534.136410) vcan0 075#0000000000005458
(1675526534.136487) vcan0 080#FA4F8000C2002C00
(1675526534.136639) vcan0 0B0#418381A2FDC141A3
(1675526534.136759) vcan0 145#FD22DD80FCC810A1
(1675526534.136794) vcan0 008#C380EC2635810080
(1675526534.136880) vcan0 28C#000020000014BE92
(1675526534.136957) vcan0 2B5#4B76526293A64837
(1675526534.137036) vcan0 340#7700000000000000
(1675526534.138700) vcan0 010#000000002FB031F8
(1675526534.140145) vcan0 1D0#0000000000000061
(1675526534.140296) vcan0 291#0000000000000000
(1675526534.140373) vcan0 390#80FF051D0222574F
(1675526534.140451) vcan0 1B0#00C04A0003B070FC
(1675526534.140528) vcan0 1B5#FF693AD639E0FFEF
(1675526534.140606) vcan0 1D8#363339343234DE43
(1675526534.140756) vcan0 1E0#002C430300B917E0
(1675526534.143036) vcan0 260#D0FF00AA497487B0
(1675526534.143109) vcan0 072#F000FF3F0078A038
(1675526534.143252) vcan0 3B0#00D861383CBCC400
(1675526534.143326) vcan0 290#0000000000000000
(1675526534.144561) vcan0 008#CC80FCDB67810080
(1675526534.147178) vcan0 0E0#E2734EC000808D00
(1675526534.148552) vcan0 010#000000002FB031F8
(1675526534.148626) vcan0 210#C9E080A0A869EE4D
(1675526534.150205) vcan0 330#2800000000000000
(1675526534.150280) vcan0 3D0#8A0F6100340680C3
(1675526534.150354) vcan0 0F5#BE85C185BF4BD147
(1675526534.150495) vcan0 120#D285CB857F005689
(1675526534.150571) vcan0 130#97D01DE105EDD511
(1675526534.150644) vcan0 150#C405F427F4F70AC0
(1675526534.150719) vcan0 3CA#00000000560000C8
(1675526534.152781) vcan0 125#E57F7FE4C1D0D735
(1675526534.155524) vcan0 430#2A082800000015A6
(1675526534.155674) vcan0 055#DCF7FE67B3009C80
(1675526534.155751) vcan0 065#4AE3FCF7FFADFC01
(1675526534.155830) vcan0 070#000022F8FEE12D00
(1675526534.155907) vcan0 075#0000000000005458
(1675526534.156005) vcan0 080#FB4F8000C2002C00
(1675526534.156084) vcan0 0B0#418381A2FEC141A3
(1675526534.156234) vcan0 145#FD12DE80FCC810A1
(1675526534.156310) vcan0 008#D5800C8F9A810080
(1675526534.157036) vcan0 288#D0DF50AF00000080
(1675526534.159636) vcan0 010#000000002FB031F8
(1675526534.159787) vcan0 072#F000FF3F00788038
(1675526534.159864) vcan0 1D0#0000000000000061
(1675526534.159941) vcan0 1B0#00C04C0001B070FC
(1675526534.161098) vcan0 1B5#FF6C3ED83AE0FFEF
(1675526534.161172) vcan0 1D8#363339343234DE43
(1675526534.161246) vcan0 1E0#0030334300B917E0
(1675526534.161321) vcan0 2C3#5D8700FFFF345450
(1675526534.164954) vcan0 008#E1801C48C5810080
(1675526534.167425) vcan0 0E0#E27350C800806B00
(1675526534.168798) vcan0 0F5#B485B985BF4FC147
(1675526534.170524) vcan0 120#C385C4857F035689
(1675526534.170599) vcan0 010#000000002FB031F8
(1675526534.170673) vcan0 130#9FCD1DD105EDD511
(1675526534.170747) vcan0 150#BD05F137F3F701C0
(1675526534.170889) vcan0 291#0000000000000000
(1675526534.170963) vcan0 2A9#8C26008AC0000084
(1675526534.174402) vcan0 125#E56C7FE4C1D0D735
(1675526534.174545) vcan0 260#D0FF00AA497487B0
(1675526534.174620) vcan0 055#DCF7FE67B3009C80
(1675526534.174694) vcan0 065#49E3FCF7FFADFC01
(1675526534.174769) vcan0 070#000022F8FEE12D00
(1675526534.174911) vcan0 072#F000FF3F0078A038
(1675526534.177309) vcan0 075#0000000000005458
(1675526534.177384) vcan0 080#FB4F8000C2002C00
(1675526534.177526) vcan0 0B0#408380A2FEC140A3
(1675526534.177601) vcan0 008#EA802CE60D820080
(1675526534.177684) vcan0 145#FD02DF80FCC810A1
(1675526534.177758) vcan0 210#C9E080A0A869EE4D
(1675526534.177832) vcan0 28C#000020000014BE92
(1675526534.177975) vcan0 290#0000000000000000
(1675526534.178049) vcan0 2B5#4B76526293A64837
(1675526534.178124) vcan0 2C0#5D8700630300A0F1
(1675526534.178197) vcan0 2C5#00D723714EE30070
(1675526534.178354) vcan0 3AF#0000000000000020
(1675526534.179921) vcan0 010#000000002FB031F9
(1675526534.179996) vcan0 1D0#0000000000000A61
(1675526534.180138) vcan0 1B0#00C04C0002B071FC
(1675526534.180211) vcan0 1B5#FF7042D93CE0FFEF
(1675526534.181311) vcan0 1D8#363339343234DE43
(1675526534.181386) vcan0 1E0#0034234300B917E0
(1675526534.181530) vcan0 288#D0DF609F00000080
(1675526534.185161) vcan0 008#F3803CA931820080
(1675526534.186545) vcan0 3C8#5D87008E882C008E
(1675526534.188056) vcan0 0E0#E27353D000804800
(1675526534.188129) vcan0 010#000000002FB031F8
(1675526534.188204) vcan0 072#F000FF3F00788038
(1675526534.189510) vcan0 0F5#A785B185BF53B148
(1675526534.189652) vcan0 120#B485B2857F085689
(1675526534.189725) vcan0 130#A7CD1DC305EBD311
(1675526534.189799) vcan0 150#B105F147F2F7FDC0
(1675526534.192195) vcan0 125#E5567FE4C1D0D735
(1675526534.193571) vcan0 055#DBF7FE67B3009C80
(1675526534.195221) vcan0 065#49E3FCF700AEFC01
(1675526534.195362) vcan0 070#000023F8FEE12D00
(1675526534.195436) vcan0 075#0000000000005458
(1675526534.195511) vcan0 080#FB4F8000C2002C00
(1675526534.195584) vcan0 0B0#408380A2FEC140A3
(1675526534.195726) vcan0 145#FDF2D080FCC810A1
(1675526534.195810) vcan0 008#FE804C635C820080
(1675526534.199171) vcan0 010#000000002FB031F8
(1675526534.199246) vcan0 1D0#0000000000000061
(1675526534.199320) vcan0 210#C9E08020A869EE45
(1675526534.199463) vcan0 291#0000000000000000
(1675526534.200564) vcan0 1B0#00C04C0002B071FC
(1675526534.200638) vcan0 1B5#FF7445DB3EE0FFEF
(1675526534.200712) vcan0 1D8#363339343234DE43
(1675526534.200854) vcan0 1E0#0034230300B917E0
(1675526534.200927) vcan0 2C3#5D8700FFFF345450
(1675526534.203216) vcan0 072#F000FF3F0078A038
(1675526534.204519) vcan0 260#D0FF0055497487B0
(1675526534.204668) vcan0 290#0000000000000000
(1675526534.206042) vcan0 008#07815C168F820080
(1675526534.206121) vcan0 288#C8DF609F00000080
(1675526534.208643) vcan0 0E0#E27355D800802600
(1675526534.208731) vcan0 010#000000002FB031F8
(1675526534.208880) vcan0 2A9#8C260093C0000084
(1675526534.210039) vcan0 0F5#9485AC85BF57A148
(1675526534.210189) vcan0 120#AB85AB857F055689
(1675526534.210267) vcan0 130#AFCD1DB205ECCD11
(1675526534.211502) vcan0 150#A605F257F1F7F8C0
(1675526534.211644) vcan0 350#A200000000000080
(1675526534.214186) vcan0 125#E5407FE4C1D0D735
(1675526534.214261) vcan0 055#DBF7FE67B3009C80
(1675526534.214333) vcan0 065#48E3FCF700AEFC01
(1675526534.217012) vcan0 070#000023F8FEE12E00
(1675526534.217155) vcan0 075#0000000000005458
(1675526534.217230) vcan0 080#FB4F8000C2002C00
(1675526534.217304) vcan0 0B0#3F8380A2FEC13FA3
(1675526534.217447) vcan0 145#FDE2D180FCC810A1
(1675526534.217520) vcan0 008#15816CD4B3820080
(1675526534.217604) vcan0 28C#000020000014BE92
(1675526534.217679) vcan0 2B5#4B76526293A64838
(1675526534.217754) vcan0 340#7700000000000000
(1675526534.217895) vcan0 370#0723C0005C1BC735
(1675526534.219682) vcan0 010#000000002FB031F8
(1675526534.219756) vcan0 072#F000FF3F00788038
(1675526534.219948) vcan0 1D0#0000000000000061
(1675526534.219972) vcan0 1B0#00C04D0003B072FC
(1675526534.221045) vcan0 1B5#FF7849DD40E0FFEF
(1675526534.221195) vcan0 1D8#363339343234DE43
(1675526534.221275) vcan0 1E0#0038134300B917E0
(1675526534.222579) vcan0 210#C7E080A0A869EE4D
(1675526534.225178) vcan0 008#20817C9DCF820080
(1675526534.227704) vcan0 0E0#E27357E000800400
(1675526534.229079) vcan0 010#000000002FB031F8
(1675526534.229157) vcan0 291#0000000000000000
(1675526534.229244) vcan0 330#2800000000000000
(1675526534.230547) vcan0 0F5#8C85A385BF5B9149
(1675526534.230625) vcan0 120#A085A0857FFF5589
(1675526534.230775) vcan0 130#B7CD1DAC05E2D011
(1675526534.230853) vcan0 150#9B05ED67EFF7F3C0
(1675526534.230931) vcan0 288#C0DF609F00000080
(1675526534.233212) vcan0 125#E52A7FE4C1D0D735
(1675526534.234657) vcan0 260#D0FF0055497487B0
(1675526534.234800) vcan0 072#F000FF3F0078A038
(1675526534.234872) vcan0 055#DBF7FE67B3009C80
(1675526534.234947) vcan0 065#47E3FCF700AEFC01
(1675526534.235020) vcan0 070#000023F8FFE12E00
(1675526534.235163) vcan0 075#0000000000005458
(1675526534.235237) vcan0 080#FB4F8000C2002C00
(1675526534.238672) vcan0 0B0#3F8380A2FEC13FA3
(1675526534.238815) vcan0 145#FDD2D280FCC810A1
(1675526534.238898) vcan0 008#2C818C5DF3820080
(1675526534.238970) vcan0 290#0000000000000000
(1675526534.239046) vcan0 2C0#5D8700630300A0F1
(1675526534.239120) vcan0 2C5#00D7236D4AE30070
(1675526534.239262) vcan0 360#5D8700D2BF64A001
(1675526534.239337) vcan0 010#000000002FB031F8
(1675526534.239409) vcan0 1D0#0000000000000061
(1675526534.240033) vcan0 390#80FF051D021E584F
(1675526534.240108) vcan0 1B0#00C04D0003B073FC
(1675526534.240248) vcan0 1B5#FF7B4DDF42E0FFEF
(1675526534.240324) vcan0 1D8#363339343234DE43
(1675526534.241557) vcan0 1E0#003C034300B917E0
(1675526534.241635) vcan0 2C3#5D8700FFFF345450
(1675526534.245461) vcan0 008#3A819C2110830080
(1675526534.247916) vcan0 0E0#E2735CE80080DF00
(1675526534.249294) vcan0 010#000000002FB031F8
(1675526534.249380) vcan0 072#F000FF3F00788038
(1675526534.249531) vcan0 210#C7E080A0A869EE45
(1675526534.249609) vcan0 2A9#8C26008AC0000084
(1675526534.250766) vcan0 0F5#7D858A85BF5F8149
(1675526534.250916) vcan0 120#8E858F857FF85589
(1675526534.250994) vcan0 130#BFCD1D9305EBCD11
(1675526534.251089) vcan0 150#8C05EB77ECF7F2C0
(1675526534.252329) vcan0 125#E5117FE4C1D0D735
(1675526534.255284) vcan0 055#DBF7FE67B3009C80
(1675526534.255428) vcan0 065#47E3FCF700AEFC01
(1675526534.255503) vcan0 070#000023F8FFE12E00
(1675526534.255576) vcan0 075#0000000000005458
(1675526534.255650) vcan0 080#FB4F8000C2002C00
(1675526534.255724) vcan0 0B0#3F8380A2FEC13FA3
(1675526534.255799) vcan0 145#FDC2D380FCC810A1
(1675526534.255940) vcan0 008#4581ACE234830080
(1675526534.256032) vcan0 288#DDDF609F00000080
(1675526534.256107) vcan0 28C#000020000014BE92
(1675526534.256180) vcan0 2B5#4B76536293A64838
(1675526534.257900) vcan0 010#000000002FB031F9
(1675526534.259275) vcan0 1D0#0000000000000A61
(1675526534.259349) vcan0 291#0000000000000000
(1675526534.260795) vcan0 1B0#00C04D0004B073FC
(1675526534.260870) vcan0 1B5#FF7F50E144E0FFEF
(1675526534.260943) vcan0 1D8#363339343234DE43
(1675526534.261121) vcan0 1E0#003C030300B917E0
(1675526534.263434) vcan0 260#D0FF0055497487B0
(1675526534.264811) vcan0 290#0000000000000000
(1675526534.264889) vcan0 072#F000FF3F0078A038
(1675526534.264967) vcan0 3B0#00D861383CBCC602
(1675526534.266271) vcan0 008#5081BCB843830080
(1675526534.267788) vcan0 0E0#E27360F00080BB00
(1675526534.270400) vcan0 0F5#78858085BF63714A
(1675526534.270478) vcan0 120#82857C857FF45589
(1675526534.270627) vcan0 010#000000002FB031F8
(1675526534.270705) vcan0 130#C7CD1D8F05DFCD11
(1675526534.271795) vcan0 150#7E05F587EAF7F0C0
(1675526534.271873) vcan0 3CA#00000000400000C8
(1675526534.274401) vcan0 125#E5F57EE4C1D0D735
(1675526534.274554) vcan0 055#DAF7FE67B3009C80
(1675526534.274630) vcan0 065#47E3FCF700AEFC01
(1675526534.274709) vcan0 070#000024F8FFE12F00
(1675526534.274785) vcan0 075#0000000000005458
(1675526534.275802) vcan0 080#FB4F8000C2002C00
(1675526534.275879) vcan0 0B0#3E8380A2FEC13EA3
(1675526534.275957) vcan0 145#FDB2D480FCC810A1
(1675526534.276034) vcan0 008#5E81CC8C51830080
(1675526534.276112) vcan0 210#C7E080A0A869EE45
(1675526534.278434) vcan0 010#000000002FB031F8
(1675526534.279811) vcan0 072#F000FF3F00788038
(1675526534.279889) vcan0 1D0#0000000000000061
(1675526534.279965) vcan0 1B0#00C04D0002B073FC
(1675526534.280043) vcan0 1B5#FF8254E245E0FFEF
(1675526534.281403) vcan0 1D8#363339343234DE43
(1675526534.281477) vcan0 1E0#0000F34300B917E0
(1675526534.281552) vcan0 288#DDDF708F00000080
(1675526534.281627) vcan0 2C3#5D8700FFFF345450
(1675526534.285136) vcan0 008#6C81DC605F830080
(1675526534.287671) vcan0 0E0#E27364F800809700
(1675526534.289044) vcan0 010#000000002FB031F8
(1675526534.289119) vcan0 291#0000000000000000
(1675526534.289263) vcan0 2A9#8C260082C0000084
(1675526534.290569) vcan0 0F5#68856E85BF67614A
(1675526534.290643) vcan0 120#6E8571857FF65589
(1675526534.290726) vcan0 130#CFCA1D7B05E3CA11
(1675526534.290802) vcan0 150#7605F297E7F7E8C0
(1675526534.293141) vcan0 125#E5DC7EE4C1D0D735
(1675526534.294659) vcan0 072#F000FF3F0078A038
(1675526534.294815) vcan0 260#D0FF0055497487B0
(1675526534.294819) vcan0 055#DAF7FE67B3009C80
(1675526534.294967) vcan0 065#47E3FCF700AEFC01
(1675526534.295044) vcan0 070#000024F8FFE12F00
(1675526534.295121) vcan0 075#0000000000005458
(1675526534.295200) vcan0 080#FB4F8000C2002C00
(1675526534.295276) vcan0 0B0#3E8380A2FEC13EA3
(1675526534.300186) vcan0 145#FDA2D580FCC810A1
(1675526534.300263) vcan0 008#7781EC2F75830080
(1675526534.300342) vcan0 28C#000020000014BE92
(1675526534.300492) vcan0 290#0000000000000000
(1675526534.300569) vcan0 2B5#4B76536293A64838
(1675526534.300669) vcan0 2C0#5D8700660300A0F1
(1675526534.300745) vcan0 2C5#00D7226B49E30070
(1675526534.300823) vcan0 340#7600000000000000
(1675526534.300903) vcan0 3AF#0000000000000020
(1675526534.300979) vcan0 010#000000002FB031F8
(1675526534.301137) vcan0 1D0#0000000000000061
(1675526534.301203) vcan0 210#C7E080A0A869EE4D
(1675526534.301277) vcan0 1B0#00C04D0007B073FC
(1675526534.301419) vcan0 1B5#FF8657E447E0FFEF
(1675526534.301493) vcan0 1D8#363339343234DE43
(1675526534.301636) vcan0 1E0#0004E34300B917E0
(1675526534.301711) vcan0 350#A200000000000080
(1675526534.305416) vcan0 008#8581FCFB8B830080
(1675526534.306792) vcan0 288#E5DF708F00000080
(1675526534.306935) vcan0 3C8#5D87008E882C008E
(1675526534.308309) vcan0 0E0#E2735EC000807D00
(1675526534.308393) vcan0 010#000000002FB031F8
(1675526534.308467) vcan0 072#F000FF3F00788038
(1675526534.308611) vcan0 330#2800000000000000
(1675526534.309781) vcan0 0F5#44856485BF6B514A
(1675526534.309924) vcan0 120#6B8566857FF55589
(1675526534.309998) vcan0 130#D7CA1D7105DDCD11
(1675526534.310072) vcan0 150#5B05F5A7E4F7F3C0
(1675526534.312423) vcan0 125#E5C37EE4C1D0D735
(1675526534.313800) vcan0 055#DAF7FE67B3009C80
(1675526534.315536) vcan0 065#46E3FCF700AEFC01
(1675526534.315615) vcan0 070#000024F8FFE12F00
(1675526534.315691) vcan0 075#0000000000005458
(1675526534.315770) vcan0 080#FC4F8000C2002C00
(1675526534.315845) vcan0 0B0#3E8380A2FEC13EA3
(1675526534.315925) vcan0 145#FD92D680FCC810A1
(1675526534.316075) vcan0 008#90810CE883830080
(1675526534.316160) vcan0 370#0723C0005C1BC735
(1675526534.318041) vcan0 010#000000002FB031F8
(1675526534.320784) vcan0 1D0#0000000000000061
(1675526534.320860) vcan0 291#0000000000000000
(1675526534.321019) vcan0 1B0#00C04D0006B073FC
(1675526534.321093) vcan0 1B5#FF895BE649E0FFEF
(1675526534.321168) vcan0 1D8#363339343234DE43
(1675526534.321242) vcan0 1E0#0004E30300B917E0
(1675526534.321315) vcan0 2C3#5D8700FFFF345450
(1675526534.323446) vcan0 072#F000FF3F0078A038
(1675526534.324821) vcan0 210#C7E080A0A869EE45
(1675526534.324895) vcan0 260#D0FF00AA497487B0
(1675526534.324970) vcan0 290#0000000000000000
(1675526534.326276) vcan0 008#9B811CCD83830080
(1675526534.327790) vcan0 0E0#E27358C800806300
(1675526534.327863) vcan0 010#000000002FB031F8
(1675526534.327947) vcan0 2A9#8C26009BC0000084
(1675526534.330419) vcan0 0F5#57855A85BF6F414B
(1675526534.330493) vcan0 120#5E8560857FFB5589
(1675526534.330567) vcan0 130#DFCA1D6705D7CA11
(1675526534.330709) vcan0 150#5C05F2B7E1F7E2C0
(1675526534.331770) vcan0 288#A3DF708F00000080
(1675526534.334801) vcan0 125#E5A87EE4C1D0D735
(1675526534.334879) vcan0 360#5D8700D2BF64A001
(1675526534.335029) vcan0 055#DAF7FE67B3009C80
(1675526534.335108) vcan0 065#46E3FCF700AEFC01
(1675526534.335184) vcan0 070#000024F8FFE13000
(1675526534.335263) vcan0 075#0000000000005458
(1675526534.335342) vcan0 080#FC4F8000C2002C00
(1675526534.335419) vcan0 0B0#3D837FA2FEC13DA3
(1675526534.335570) vcan0 145#FD82D780FCC810A1
(1675526534.335647) vcan0 008#A7812CB183830080
(1675526534.335733) vcan0 28C#000020000014BE92
(1675526534.336317) vcan0 2B5#4B76536293A64838
(1675526534.338916) vcan0 010#000000002FB031F9
(1675526534.338994) vcan0 072#F000FF3F00788038
(1675526534.340442) vcan0 1D0#0000000000000A61
(1675526534.340520) vcan0 390#80FF051D021A594F
(1675526534.340598) vcan0 1B0#00C04D0004B073FC
(1675526534.340676) vcan0 1B5#FF8D5EE84BE0FFEF
(1675526534.340825) vcan0 1D8#363339343234DE43
(1675526534.340902) vcan0 1E0#0008D34300B917E0
(1675526534.344273) vcan0 008#B2813CA475830080
(1675526534.346813) vcan0 0E0#E27357D000804400
(1675526534.349558) vcan0 010#000000002FB031F8
(1675526534.349631) vcan0 210#C7E08020A869EE4D
(1675526534.349706) vcan0 291#0000000000000000
(1675526534.349848) vcan0 3D0#8A0F6100340680C3
(1675526534.349931) vcan0 0F5#42854F85BF73314B
(1675526534.350006) vcan0 120#468553857FFD5589
(1675526534.351047) vcan0 130#E7CA1D6005CECD11
(1675526534.351129) vcan0 150#4F05E2C7DEF7DFC0
(1675526534.353658) vcan0 125#E5927EE4C1D0D735
(1675526534.353809) vcan0 260#D0FF00AA497487B0
(1675526534.353922) vcan0 072#F000FF3F0078A038
(1675526534.356562) vcan0 055#D9F7FE67B3009C80
(1675526534.356641) vcan0 065#46E3FCF700AEFC01
(1675526534.356718) vcan0 070#000025F8FFE13000
(1675526534.356868) vcan0 075#0000000000005458
(1675526534.356946) vcan0 080#FC4F8000C2002C00
(1675526534.357023) vcan0 0B0#3D837FA2FEC13DA3
(1675526534.357100) vcan0 145#FD72D880FCC810A1
(1675526534.357178) vcan0 008#BD814C9F5F830080
(1675526534.357327) vcan0 288#93DF708F00000080
(1675526534.357415) vcan0 290#0000000000000000
(1675526534.357492) vcan0 2C0#5D8700630300A0F1
(1675526534.357570) vcan0 2C5#00D7226747E30070
(1675526534.359162) vcan0 010#000000002FB031F8
(1675526534.360682) vcan0 1D0#0000000000000061
(1675526534.360760) vcan0 400#0301010101010206
(1675526534.360838) vcan0 1B0#00C04D0003B073FC
(1675526534.360988) vcan0 1B5#FF9062E94CE0FFEF
(1675526534.361066) vcan0 1D8#363339343234DE43
(1675526534.361143) vcan0 1E0#000CC34300B917E0
(1675526534.361359) vcan0 2C3#5D8700FFFF345450
(1675526534.361363) vcan0 405#5D87003B002D3402
(1675526534.364584) vcan0 008#C9815C7B67830080
(1675526534.367056) vcan0 0E0#E27357D800802400
(1675526534.369802) vcan0 0F5#39854685BF77214C
(1675526534.369875) vcan0 120#388552857FFF5589
(1675526534.369959) vcan0 130#EFCA1D5105CDD011
(1675526534.370101) vcan0 010#000000002FB031F8
(1675526534.370176) vcan0 072#F000FF3F00788038
(1675526534.370249) vcan0 150#4205DCD7DBF7DCC0
(1675526534.371260) vcan0 2A9#8C260082C0000084
(1675526534.373933) vcan0 125#E57C7EE4C1D0D735
(1675526534.374011) vcan0 055#D9F7FE67B3009C80
(1675526534.376757) vcan0 065#45E3FCF700AEFC01
(1675526534.376907) vcan0 070#000025F8FFE13100
(1675526534.376984) vcan0 075#0000000000005458
(1675526534.377136) vcan0 080#FC4F8000C2002C00
(1675526534.377212) vcan0 0B0#3D837FA2FEC13DA3
(1675526534.377290) vcan0 145#FD62D980FCC810A1
(1675526534.377367) vcan0 008#D4816C7651830080
(1675526534.377445) vcan0 210#C7E080A0A869EE4D
(1675526534.377523) vcan0 28C#000020000014BE92
(1675526534.377610) vcan0 2B5#4B76536293A64838
(1675526534.377760) vcan0 340#7600000000000000
(1675526534.378272) vcan0 010#000000002FB031F8
(1675526534.380005) vcan0 1D0#0000000000000061
(1675526534.380083) vcan0 1B0#00C04D0001B073FC
(1675526534.380161) vcan0 1B5#FF9465EB4EE0FFEF
(1675526534.380238) vcan0 1D8#363339343234DE43
(1675526534.380388) vcan0 1E0#000CC30300B917E0
(1675526534.380464) vcan0 288#72DF807F00000080
(1675526534.380542) vcan0 291#0000000000000000
(1675526534.383864) vcan0 260#D0FF00AA497487B0
(1675526534.384006) vcan0 072#F000FF3F0078A038
(1675526534.384081) vcan0 290#0000000000000000
(1675526534.385319) vcan0 3B0#00FC483C3BB8C400
(1675526534.385393) vcan0 008#E0817C6843830080
(1675526534.387931) vcan0 0E0#E27356E000800500
(1675526534.389316) vcan0 010#000000002FB031F8
(1675526534.389389) vcan0 330#2800000000000000
(1675526534.390903) vcan0 0F5#22853A85BF7B114C
(1675526534.390976) vcan0 120#38853F857FFD5589
(1675526534.391125) vcan0 130#F7CA1D4305CBD311
(1675526534.391203) vcan0 150#3905DAE7D8F7D5C0
(1675526534.391280) vcan0 350#A200000000000080
(1675526534.391358) vcan0 3CA#00000000510000C8
(1675526534.394894) vcan0 125#E5657EE4C1D0D735
(1675526534.395045) vcan0 055#D9F7FE67B3009C80
(1675526534.395122) vcan0 065#45E3FBF700AEFC01
(1675526534.395199) vcan0 070#000025F8FFE13100
(1675526534.395278) vcan0 075#0000000000005458
(1675526534.395354) vcan0 080#FC4F8000C2002C00
(1675526534.396295) vcan0 0B0#3D837FA2FEC13DA3
(1675526534.396374) vcan0 145#FD52DA80FCC810A1
(1675526534.396459) vcan0 008#E6818C6134830080
(1675526534.398915) vcan0 010#000000002FB031F8
(1675526534.398994) vcan0 072#F000FF3F00788038
(1675526534.399071) vcan0 1D0#0000000000000061
(1675526534.400445) vcan0 210#C7E080A0A869EE45
(1675526534.400523) vcan0 1B0#00C04C0004B073FC
(1675526534.400600) vcan0 1B5#FF9768ED50E0FFEF
(1675526534.400678) vcan0 1D8#363339343234DE43
(1675526534.400828) vcan0 1E0#0010B34300B917E0
(1675526534.400905) vcan0 2C3#5D8700FFFF355450
(1675526534.405651) vcan0 008#F2819C6910830080
(1675526534.405724) vcan0 288#76DF807F00000080
(1675526534.407031) vcan0 0E0#E27355E80080E600
(1675526534.409639) vcan0 010#000000002FB031F8
(1675526534.409780) vcan0 291#0000000000000000
(1675526534.409855) vcan0 2A9#8C26009BC0000084
(1675526534.409938) vcan0 0F5#19852885BF7F014D
(1675526534.410013) vcan0 120#1C8534857FFE5589
(1675526534.411048) vcan0 130#FFCA1D3E05C0D811
(1675526534.411278) vcan0 150#2305D3F7D5F7DBC0
(1675526534.413655) vcan0 125#E5527EE4C1D0D735
(1675526534.413806) vcan0 260#D0FF0055497487B0
(1675526534.413885) vcan0 072#F000FF3F0078A038
(1675526534.415189) vcan0 055#D8F7FE67B3009C80
(1675526534.415266) vcan0 065#45E3FBF700AEFC01
(1675526534.415344) vcan0 070#000026F8FFE13100
(1675526534.415421) vcan0 075#0000000000005458
(1675526534.415572) vcan0 080#FC4F8000C2002C00
(1675526534.415647) vcan0 0B0#3C837FA2FEC13CA3
(1675526534.415727) vcan0 145#FD42DB80FCC810A1
(1675526534.419594) vcan0 008#FB81AC5E02830080
(1675526534.419698) vcan0 28C#000020000014BE91
(1675526534.419784) vcan0 290#0000000000000000
(1675526534.419862) vcan0 2B5#4B77536293A64838
(1675526534.419939) vcan0 2C0#5D8700650300A0F1
(1675526534.420017) vcan0 2C5#00D7226546E30070
(1675526534.420095) vcan0 370#0723C0005C1BC735
(1675526534.420244) vcan0 3AF#0000000000000020
(1675526534.420323) vcan0 3E0#000000D935808090
(1675526534.420400) vcan0 010#000000002FB031F9
(1675526534.420477) vcan0 1D0#0000000000000A61
(1675526534.420556) vcan0 1B0#00C04D0003B072FC
(1675526534.420633) vcan0 1B5#FF9A6CEE51E0FFEF
(1675526534.420783) vcan0 1D8#363339343234DE43
(1675526534.420858) vcan0 1E0#0014A34300B917E0
(1675526534.422184) vcan0 210#C7E080A0A869EE4D
(1675526534.424656) vcan0 008#0682BC4202830080
(1675526534.426033) vcan0 3C8#5D87008E882C008E
(1675526534.427556) vcan0 0E0#E27352F00080C900
(1675526534.427630) vcan0 010#000000002FB031F8
(1675526534.427705) vcan0 072#F000FF3F00788038
(1675526534.430176) vcan0 0F5#0F851E85BF43F14D
(1675526534.430251) vcan0 120#178538857FFC5589
(1675526534.430324) vcan0 130#87CA1D3405BAD811
(1675526534.431517) vcan0 150#1905CC07D2F7D5C0
(1675526534.431661) vcan0 288#56DF807F00000080
(1675526534.433038) vcan0 125#E53E7EE4C1D0D735
(1675526534.433182) vcan0 360#5D8700D2BB64A001
(1675526534.435858) vcan0 055#D8F7FE67B3009C80
(1675526534.435933) vcan0 065#44E3FBF700AEFC01
(1675526534.436075) vcan0 070#000026F8FFE13200
(1675526534.436231) vcan0 075#0000000000005458
(1675526534.436235) vcan0 080#FC4F8000C2002C00
(1675526534.436298) vcan0 008#0D82CC42EC820080
(1675526534.436395) vcan0 0B0#3C837FA2FEC13CA3
(1675526534.436470) vcan0 145#FD32DC80FCC810A1
(1675526534.439694) vcan0 010#000000002FB031F8
(1675526534.439769) vcan0 1D0#0000000000000061
(1675526534.439842) vcan0 291#0000000000000000
(1675526534.439917) vcan0 390#80FF051D02165A6F
(1675526534.440058) vcan0 1B0#00C04C0002B072FC
(1675526534.441099) vcan0 1B5#FF9D6FF053E0FFEF
(1675526534.441173) vcan0 1D8#363339343234DE43
(1675526534.441246) vcan0 1E0#0014A30300B917E0
(1675526534.441322) vcan0 2C3#5D8700FFFF355450
(1675526534.442563) vcan0 072#F000FF3F0078A038
(1675526534.442635) vcan0 260#D0FF0055497487B0
(1675526534.444013) vcan0 290#0000000000000000
(1675526534.445523) vcan0 008#1882DC35DE820080
(1675526534.447038) vcan0 0E0#E2734CF80080AF00
(1675526534.449656) vcan0 010#000000002FB031F8
(1675526534.449730) vcan0 210#C7E080A0A869EE45
(1675526534.449872) vcan0 2A9#8C260082C0000084
(1675526534.449946) vcan0 0F5#FD841685BF47E14D
(1675526534.451048) vcan0 120#09851A857FFF5589
(1675526534.451129) vcan0 130#8FCA1D1E05C0D811
(1675526534.451280) vcan0 150#1005C817D0F7CEC0
(1675526534.452513) vcan0 125#E5287EE4C1D0D735
(1675526534.455546) vcan0 055#D8F7FE67B3009C80
(1675526534.455623) vcan0 065#43E3FBF7FFADFC01
(1675526534.455772) vcan0 070#000026F8FFE13200
(1675526534.455852) vcan0 075#0000000000005458
(1675526534.455929) vcan0 080#FC4F8000C2002C00
(1675526534.456006) vcan0 0B0#3C837FA2FEC13CA3
(1675526534.456083) vcan0 145#FD22DD80FCC810A1
(1675526534.456234) vcan0 008#1F82EC25D7820080
(1675526534.456321) vcan0 288#5ADF807F00000080
(1675526534.456400) vcan0 28C#000020000014BE91
(1675526534.456477) vcan0 2B5#4B77536293A64838
(1675526534.456554) vcan0 340#7500000000000000
(1675526534.458145) vcan0 010#000000002FB031F8
(1675526534.459521) vcan0 072#F000FF3F00788038
(1675526534.459671) vcan0 1D0#0000000000000061
(1675526534.459750) vcan0 1B0#00C04C0003B072FC
(1675526534.461056) vcan0 1B5#FFA172F155E0FFEF
(1675526534.461201) vcan0 1D8#363339343234DE43
(1675526534.461273) vcan0 1E0#0018934300B917E0
(1675526534.464909) vcan0 008#2882FC22C1820080
(1675526534.467377) vcan0 0E0#E27348C000809300
(1675526534.468753) vcan0 0F5#F2840585BF4BD14E
(1675526534.470470) vcan0 120#00850E857FFF5589
(1675526534.470543) vcan0 010#000000002FB031F8
(1675526534.470626) vcan0 130#97CA1D1005BED311
(1675526534.470701) vcan0 150#0305C927CEF7CBC0
(1675526534.470774) vcan0 291#0000000000000000
(1675526534.470917) vcan0 330#2800000000000000
(1675526534.474365) vcan0 125#E5157EE4C1D0D735
(1675526534.474517) vcan0 260#D0FF0055497487B0
(1675526534.474595) vcan0 055#D7F7FE67B3009C80
(1675526534.474672) vcan0 065#42E3FBF700AEFC01
(1675526534.474751) vcan0 070#000027F8FFE13300
(1675526534.474828) vcan0 072#F000FF3F0078A038
(1675526534.477284) vcan0 075#0000000000005458
(1675526534.477435) vcan0 080#FC4F8000C2002C00
(1675526534.477513) vcan0 0B0#3C837FA2FFC13CA3
(1675526534.477591) vcan0 008#32820C16B3820080
(1675526534.477670) vcan0 145#FD12DE80FCC810A1
(1675526534.477819) vcan0 210#C7E080A0A869EE45
(1675526534.477834) vcan0 290#0000000000000000
(1675526534.477983) vcan0 2C0#5D8700650300A0F1
(1675526534.478063) vcan0 2C5#00D7226145E30070
(1675526534.479871) vcan0 010#000000002FB031F8
(1675526534.480021) vcan0 1D0#0000000000000061
(1675526534.480098) vcan0 1B0#00C04C0003B072FC
(1675526534.480177) vcan0 1B5#FFA476F356E0FFEF
(1675526534.481282) vcan0 1D8#363339343234DE43
(1675526534.481434) vcan0 1E0#001C834300B917E0
(1675526534.481510) vcan0 2C3#5D8700FFFF355450
(1675526534.481588) vcan0 288#5EDF906F00000080
(1675526534.481666) vcan0 350#A200000000000080
(1675526534.485136) vcan0 008#3B821CFDB3820080
(1675526534.487587) vcan0 0E0#E27346C800807500
(1675526534.488891) vcan0 010#000000002FB031F8
(1675526534.489042) vcan0 072#F000FF3F00788038
(1675526534.489136) vcan0 2A9#8C26008AC0000084
(1675526534.490431) vcan0 0F5#DF84F984BF4FC14E
(1675526534.490509) vcan0 120#F384FC847FFE5589
(1675526534.490585) vcan0 130#9FCA1D0205BCCD11
(1675526534.490664) vcan0 150#F504CB37CDF7CAC0
(1675526534.493022) vcan0 125#E5027EE4C1D0D735
(1675526534.494463) vcan0 055#D7F7FE67B3009C80
(1675526534.494541) vcan0 065#42E3FBF700AEFC01
(1675526534.494616) vcan0 070#000027F8FFE13300
(1675526534.494690) vcan0 075#0000000000005458
(1675526534.496065) vcan0 080#FC4F8000C2002C00
(1675526534.496140) vcan0 0B0#3C837FA2FFC13CA3
(1675526534.496214) vcan0 145#FD02DF80FCC810A1
(1675526534.496288) vcan0 008#44822CFA9D820080
(1675526534.496430) vcan0 28C#000020000014BE91
(1675526534.496503) vcan0 2B5#4B77536293A64738
(1675526534.498914) vcan0 010#000000002FB031F9
(1675526534.498989) vcan0 1D0#0000000000000A61
(1675526534.499132) vcan0 210#C7E08020A869EE4D
(1675526534.499206) vcan0 291#0000000000000000
(1675526534.499281) vcan0 1B0#00C04C0003B072FC
(1675526534.499355) vcan0 1B5#FFA779F558E0FFEF
(1675526534.500388) vcan0 1D8#363339343234DE43
(1675526534.500531) vcan0 1E0#001C830300B917E0
(1675526534.503001) vcan0 072#F000FF3F0078A038
(1675526534.504306) vcan0 3B0#00D848383BB8C400
(1675526534.504385) vcan0 260#D0FF00AA497487B0
(1675526534.504462) vcan0 290#0000000000000000
(1675526534.505767) vcan0 008#4F823CDF9D820080
(1675526534.505917) vcan0 288#66DF906F00000080
(1675526534.508372) vcan0 0E0#E2734BD000805000
(1675526534.508452) vcan0 010#000000002FB031F8
(1675526534.509692) vcan0 0F5#DB84EC84BF53B14F
(1675526534.509771) vcan0 120#E684F1847FFC5589
(1675526534.511161) vcan0 130#A7CA1DF504BAC711
(1675526534.511305) vcan0 150#EA04CD47CBF7C5C0
(1675526534.511378) vcan0 3CA#00000000520000C8
(1675526534.513783) vcan0 125#E5EE7DE4C1D0D735
(1675526534.513856) vcan0 055#D6F7FE67B3009C80
(1675526534.516534) vcan0 065#42E3FBF700AEFC01
(1675526534.516608) vcan0 070#000027F8FFE13400
(1675526534.516751) vcan0 075#0000000000005458
(1675526534.516825) vcan0 080#FD4F8000C2002C00
(1675526534.516898) vcan0 0B0#3B837FA2FFC13BA3
(1675526534.516973) vcan0 145#FDF2D080FCC810A1
(1675526534.517117) vcan0 008#5A824CB6AB820080
(1675526534.517191) vcan0 370#0723C0005C1BC735
(1675526534.518018) vcan0 010#000000002FB031F8
(1675526534.518170) vcan0 072#F000FF3F00788038
(1675526534.518246) vcan0 1D0#0000000000000061
(1675526534.520649) vcan0 1B0#00C04C0002B072FC
(1675526534.520721) vcan0 1B5#FFAA7CF659E0FFEF
(1675526534.520795) vcan0 1D8#363339343234DE43
(1675526534.520871) vcan0 1E0#0020734300B917E0
(1675526534.521045) vcan0 2C3#5D8700FFFF355450
(1675526534.523000) vcan0 210#C6E080A0A869EE45
(1675526534.524376) vcan0 008#64825C94B3820080
(1675526534.526979) vcan0 0E0#E2734FD800802C00
(1675526534.528282) vcan0 010#000000002FB031F8
(1675526534.528359) vcan0 291#0000000000000000
(1675526534.530023) vcan0 2A9#8C260093C0000084
(1675526534.530101) vcan0 0F5#D384E184BF57A14F
(1675526534.530178) vcan0 120#D984DC847FFC5589
(1675526534.530255) vcan0 130#AFCA1DF104AECA11
(1675526534.530341) vcan0 150#E104D057CAF7BEC0
(1675526534.530420) vcan0 288#6EDF906F00000080
(1675526534.532528) vcan0 125#E5D87DE4C1D0D735
(1675526534.535343) vcan0 072#F000FF3F0078A038
(1675526534.535417) vcan0 360#5D8700D2BB64A001
(1675526534.535491) vcan0 260#D0FF00AA497487B0
(1675526534.535564) vcan0 055#D6F7FE67B3009C80
(1675526534.535707) vcan0 065#42E3FCF700AEFC01
(1675526534.535781) vcan0 070#000028F8FFE13400
(1675526534.535853) vcan0 075#0000000000005458
(1675526534.535928) vcan0 080#FD4F8000C2002C00
(1675526534.536071) vcan0 0B0#3B837EA2FFC13BA3
(1675526534.536898) vcan0 145#FDE2D180FCC810A1
(1675526534.537042) vcan0 008#6F826C6BC1820080
(1675526534.537115) vcan0 28C#000020000014BE91
(1675526534.537189) vcan0 290#0000000000000000
(1675526534.537270) vcan0 2B5#4B77536293A64738
(1675526534.537415) vcan0 2C0#5D8700630300A0F1
(1675526534.537489) vcan0 2C5#00D7215F43E30070
(1675526534.537564) vcan0 340#7500000000000000
(1675526534.537638) vcan0 3AF#0000000000000020
(1675526534.539765) vcan0 010#000000002FB031F8
(1675526534.539908) vcan0 1D0#0000000000000061
(1675526534.539983) vcan0 390#80FF051D02125B4F
(1675526534.540056) vcan0 1B0#00C04C0003B072FC
(1675526534.540199) vcan0 1B5#FFAD7FF85BE0FFEF
(1675526534.540273) vcan0 1D8#363339343234DE43
(1675526534.540348) vcan0 1E0#0024634300B917E0
(1675526534.544866) vcan0 008#7A827C50C1820080
(1675526534.546312) vcan0 3C8#5D87008E882C008E
(1675526534.548850) vcan0 0E0#E27352E000800900
(1675526534.548994) vcan0 010#000000002FB031F8
(1675526534.549076) vcan0 072#F000FF3F00788038
(1675526534.549150) vcan0 210#C6E080A0A869EE4D
(1675526534.550390) vcan0 330#2800000000000000
(1675526534.550532) vcan0 3D0#8A0F6100340680C3
(1675526534.550605) vcan0 0F5#C984D384BF5B914F
(1675526534.550678) vcan0 120#CE84CF847FFB5589
(1675526534.550752) vcan0 130#B7CA1DDB04B4CA11
(1675526534.550894) vcan0 150#D004D067C9F7BFC0
(1675526534.553062) vcan0 125#E5C27DE4C1D0D735
(1675526534.555808) vcan0 055#D6F7FE67B3009C80
(1675526534.555887) vcan0 065#42E3FBF700AEFC01
(1675526534.555964) vcan0 070#000028F8FFE13400
(1675526534.556113) vcan0 075#0000000000005458
(1675526534.556191) vcan0 080#FD4F8000C2002C00
(1675526534.556269) vcan0 0B0#3B837EA2FFC13BA3
(1675526534.556345) vcan0 145#FDD2D280FCC810A1
(1675526534.556433) vcan0 008#86828C26CF820080
(1675526534.556511) vcan0 288#7FDF906F00000080
(1675526534.558388) vcan0 010#000000002FB031F8
(1675526534.559765) vcan0 1D0#0000000000000061
(1675526534.559916) vcan0 291#0000000000000000
(1675526534.559992) vcan0 1B0#00C04C0002B072FC
(1675526534.560071) vcan0 1B5#FFB082F95DE0FFEF
(1675526534.560148) vcan0 1D8#363339343234DE43
(1675526534.561297) vcan0 1E0#0024630300B917E0
(1675526534.561371) vcan0 2C3#5D8700FFFF355450
(1675526534.563910) vcan0 260#D0FF00AA497487B0
(1675526534.563983) vcan0 290#0000000000000000
(1675526534.565293) vcan0 072#F000FF3F0078A038
(1675526534.565434) vcan0 008#8F829CFEDE820080
(1675526534.567902) vcan0 0E0#E27353E80080E800
(1675526534.569327) vcan0 0F5#B784C284BF5F8150
(1675526534.572284) vcan0 010#000000002FB031F8
(1675526534.572435) vcan0 120#CE84BE847FFB5589
(1675526534.572511) vcan0 130#BFCA1DD204ADCA11
(1675526534.572590) vcan0 150#C104D677C7F7BEC0
(1675526534.572668) vcan0 2A9#8C26008AC0000084
(1675526534.572745) vcan0 350#A200000000000080
(1675526534.572895) vcan0 125#E5AC7DE4C1D0D735
(1675526534.575063) vcan0 210#C6E080A0A869EE4D
(1675526534.575141) vcan0 055#D5F7FE67B3009C80
(1675526534.575218) vcan0 065#42E3FBF700AEFC01
(1675526534.575295) vcan0 070#000029F8FFE13500
(1675526534.575446) vcan0 075#0000000000005458
(1675526534.575524) vcan0 080#FD4F8000C2002C00
(1675526534.575602) vcan0 0B0#3B837EA2FFC13BA3
(1675526534.578921) vcan0 145#FDC2D380FCC810A1
(1675526534.579000) vcan0 008#9C82ACD3EC820080
(1675526534.579101) vcan0 28C#000020000014BE91
(1675526534.579179) vcan0 2B5#4B77536293A64738
