(1675526563.521687) vcan0 1E0#001C830300B917E0
(1675526563.521750) vcan0 288#12E0609F00000080
(1675526563.522828) vcan0 260#D0FF00AA497487B0
(1675526563.525505) vcan0 072#F000FF3F0078A038
(1675526563.525580) vcan0 3B0#00D85F3C3CBCC400
(1675526563.525653) vcan0 290#0000000000000000
(1675526563.526893) vcan0 008#8D803C1F23800080
(1675526563.529435) vcan0 010#000000002FB031F8
(1675526563.530877) vcan0 0E0#E2734DD000804E00
(1675526563.532458) vcan0 0F5#318734877F53B21C
(1675526563.532539) vcan0 120#508742877FFB5589
(1675526563.532693) vcan0 130#A7EC1D4A0762F111
(1675526563.532773) vcan0 150#37070248F5F775C0
(1675526563.532852) vcan0 350#A200000000000080
(1675526563.532929) vcan0 3CA#00000000400000C8
(1675526563.536468) vcan0 125#E5CD7FE4C1D0D735
(1675526563.536546) vcan0 055#D2F7D227B2009C80
(1675526563.536695) vcan0 065#8AE4D2F7FDADCF01
(1675526563.536773) vcan0 070#00002CF8CFE13400
(1675526563.536852) vcan0 075#0000000000005458
(1675526563.536930) vcan0 080#8A4F8000C2002C00
(1675526563.537944) vcan0 0B0#6B83D9A2CEC16BA3
(1675526563.538020) vcan0 145#FDF2D080FC4810A1
(1675526563.538098) vcan0 008#8D804C0F23800080
(1675526563.540483) vcan0 010#000000002FB031F8
(1675526563.540561) vcan0 072#F000FF3F00788038
(1675526563.540649) vcan0 1D0#0000000000000061
(1675526563.541881) vcan0 210#D2E080A0A869EE45
(1675526563.541957) vcan0 1B0#00C0000002B000FC
(1675526563.542035) vcan0 1B5#FF18E82F91E0FFEF
(1675526563.542113) vcan0 1D8#363339343234DF43
(1675526563.542263) vcan0 1E0#0020734300B917E0
(1675526563.543386) vcan0 2C3#5D8700FFFF305450
(1675526563.545998) vcan0 288#0EE0609F00000080
(1675526563.547375) vcan0 008#8F805CFD23800080
(1675526563.549987) vcan0 010#000000002FB031F8
(1675526563.550060) vcan0 291#0000000000000000
(1675526563.552909) vcan0 0E0#E27353D800802800
(1675526563.552988) vcan0 2A9#8C260093C0000084
(1675526563.553065) vcan0 400#0201020001010023
(1675526563.553144) vcan0 405#0000000000000026
(1675526563.553221) vcan0 0F5#2F872C877F57A21D
(1675526563.553307) vcan0 120#398739877FF35589
(1675526563.553458) vcan0 130#AFEC1D4A0752EC11
(1675526563.553536) vcan0 150#2F070758F5F76DC0
(1675526563.553613) vcan0 260#D0FF0055497487B0
(1675526563.554340) vcan0 072#F000FF3F0078A038
(1675526563.554492) vcan0 055#D2F7D227B2009C80
(1675526563.558535) vcan0 065#86E4D2F7FCADCF01
(1675526563.558613) vcan0 070#00002CF8CFE13300
(1675526563.558690) vcan0 075#0000000000005458
(1675526563.558768) vcan0 080#8A4F8000C2002C00
(1675526563.558846) vcan0 0B0#6B83D8A2CEC16BA3
(1675526563.558995) vcan0 125#E5CD7FE4C1D0D735
(1675526563.559074) vcan0 145#FDE2D180FC4810A1
(1675526563.559151) vcan0 008#8F806CFB15800080
(1675526563.559229) vcan0 28C#000020000014BEA0
(1675526563.559306) vcan0 290#0000000000000000
(1675526563.559401) vcan0 2B5#4B754D6293A62500
(1675526563.559552) vcan0 2C0#5D8700E70000A0F1
(1675526563.559629) vcan0 2C5#00D7518793E40070
(1675526563.559894) vcan0 340#8300000000000000
(1675526563.559929) vcan0 370#0723C0005B1BC735
(1675526563.560080) vcan0 3AF#0000000000000020
(1675526563.560157) vcan0 3E0#000000D935808094
(1675526563.560235) vcan0 010#000000002FB031F8
(1675526563.561322) vcan0 1D0#0000000000000061
(1675526563.561472) vcan0 1B0#00C0000001B000FC
(1675526563.561550) vcan0 1B5#FF1DED3194E0FFEF
(1675526563.561627) vcan0 1D8#363339343234DF43
(1675526563.561706) vcan0 1E0#0024634300B917E0
(1675526563.563954) vcan0 210#D2E080A0A869EE4D
(1675526563.566493) vcan0 3C8#5D87008E882C008E
(1675526563.567871) vcan0 008#8F807CEB15800080
(1675526563.570488) vcan0 010#000000002FB031F8
(1675526563.570564) vcan0 072#F000FF3F00788038
(1675526563.570637) vcan0 0E0#E27359E000800200
(1675526563.571878) vcan0 330#2800000000000000
(1675526563.571952) vcan0 0F5#258728877F5B921D
(1675526563.572094) vcan0 120#1D8741877FF15589
(1675526563.572169) vcan0 130#B7EC1D32075AE611
(1675526563.572243) vcan0 150#2A070468F5F762C0
(1675526563.573339) vcan0 288#02E0609F00000080
(1675526563.576012) vcan0 360#5D8700D2BF64A001
(1675526563.576089) vcan0 125#E5CD7FE4C1D0D735
(1675526563.576167) vcan0 055#D2F7D227B2009C80
(1675526563.576245) vcan0 065#81E4D2F7FCADCF01
(1675526563.576395) vcan0 070#00002CF8CFE13300
(1675526563.577409) vcan0 075#0000000000005458
(1675526563.577488) vcan0 080#8A4F8000C2002C00
(1675526563.577574) vcan0 0B0#6B83D7A2CEC16BA3
(1675526563.577651) vcan0 145#FDD2D280FC4810A1
(1675526563.577729) vcan0 008#8F808CCD23800080
(1675526563.579972) vcan0 010#000000002FB031F8
(1675526563.581347) vcan0 1D0#0000000000000061
(1675526563.581497) vcan0 291#0000000000000000
(1675526563.581575) vcan0 390#80FF051D021E586F
(1675526563.581652) vcan0 1B0#00C0000001B000FC
(1675526563.582872) vcan0 1B5#FF22F23496E0FFEF
