(1675525750.798930) vcan0 075#0000000000005458
(1675525750.798991) vcan0 080#E34F8000C2002C00
(1675525750.799133) vcan0 0B0#3983DBA2E2C139A3
(1675525750.802980) vcan0 125#E51581E4C1D0D735
(1675525750.803055) vcan0 145#F9B2D480FC4810A1
(1675525750.803140) vcan0 1B0#00C0000003B000FC
(1675525750.803213) vcan0 1B5#FFDB5AA9FEE0FFEF
(1675525750.803357) vcan0 1D8#363339343234E043
(1675525750.803432) vcan0 1E0#001C834300B917E0
(1675525750.803505) vcan0 010#008800002FB031F8
(1675525750.803581) vcan0 2A9#8C26009BC0000084
(1675525750.804066) vcan0 008#C88070B90E800080
(1675525750.805102) vcan0 260#D0FF00AA497487B0
(1675525750.806206) vcan0 350#A200000000000080
(1675525750.807310) vcan0 0F5#44913B917F53B2AC
(1675525750.808346) vcan0 120#6B9132917F0B5689
(1675525750.809363) vcan0 130#A7FA1D5B1147FD11
(1675525750.810455) vcan0 150#3F114C484DF863C0
(1675525750.811474) vcan0 3CA#00000000520000C8
(1675525750.812563) vcan0 010#008800002FB031F9
(1675525750.813581) vcan0 072#F000FF3F0078A038
(1675525750.813678) vcan0 1D0#0000000000000A61
(1675525750.813756) vcan0 0E0#62734FE80080EC00
(1675525750.814918) vcan0 008#C88080A90E800080
(1675525750.817957) vcan0 210#18E080A0A869CC4D
(1675525750.818035) vcan0 055#F4F7F427B2009C80
(1675525750.818259) vcan0 065#70E4F4F700CEE301
(1675525750.818978) vcan0 070#00000AF8E3E11500
(1675525750.819121) vcan0 075#0000000000005458
(1675525750.819195) vcan0 080#E34F8000C2002C00
(1675525750.819270) vcan0 0B0#3983DBA2E2C139A3
(1675525750.819343) vcan0 125#E51581E4C1D0D735
(1675525750.820035) vcan0 145#F9A2D580FC4810A1
(1675525750.820178) vcan0 28C#000000000016BE9F
(1675525750.820253) vcan0 290#0000000000000000
(1675525750.820326) vcan0 2B5#4B1F2B6293A67F00
(1675525750.821227) vcan0 2C0#528700FD0000A0F1
(1675525750.821312) vcan0 2C5#00EF4CDD70E40070
(1675525750.821385) vcan0 340#7800000000000000
(1675525750.823997) vcan0 3AF#0000000000000020
(1675525750.824141) vcan0 1B0#00C0000002B000FC
(1675525750.824214) vcan0 1B5#FFE665AF03E0FFEF
(1675525750.824289) vcan0 1D8#363339343234E043
(1675525750.824364) vcan0 1E0#0020734300B917E0
(1675525750.824507) vcan0 288#04E1609F00000080
(1675525750.824580) vcan0 2C3#528700FFFF0A5450
(1675525750.824655) vcan0 010#008800002FB031F8
(1675525750.824728) vcan0 291#0000000000000000
(1675525750.824803) vcan0 330#9A00000000000000
(1675525750.824944) vcan0 405#0000000000000026
(1675525750.825020) vcan0 008#C88090990E800080
(1675525750.825096) vcan0 072#F000FF3F00788038
(1675525750.826267) vcan0 360#5C8700D0B164A041
(1675525750.827382) vcan0 0F5#53911A917F57A2AE
(1675525750.829970) vcan0 120#719142917F0F5689
(1675525750.831006) vcan0 130#AFFA1D5B1137FD11
(1675525750.832042) vcan0 150#371153584EF85BC0
(1675525750.833146) vcan0 010#008800002FB031F8
(1675525750.833221) vcan0 1D0#0000000000000061
(1675525750.833296) vcan0 390#80FF051902025F4F
(1675525750.834194) vcan0 0E0#627353F00080C800
(1675525750.834268) vcan0 008#C880A0890E800080
(1675525750.835235) vcan0 260#D0FF0055497487B0
(1675525750.839429) vcan0 055#F4F7F427B2009C80
(1675525750.839509) vcan0 065#6EE4F4F700CEE301
(1675525750.839650) vcan0 070#00000AF8E3E11500
(1675525750.839725) vcan0 075#0000000000005458
(1675525750.839798) vcan0 080#E34F8000C2002C00
(1675525750.839873) vcan0 0B0#3983DBA2E2C139A3
(1675525750.839965) vcan0 125#E51581E4C1D0D735
(1675525750.840040) vcan0 145#F992D680FC4810A1
(1675525750.840528) vcan0 1B0#00C0000005B000FC
(1675525750.841632) vcan0 1B5#FFF170B509E0FFEF
(1675525750.841774) vcan0 1D8#363339343234E043
(1675525750.841848) vcan0 1E0#0020730300B917E0
(1675525750.842677) vcan0 010#008800002FB031F8
(1675525750.842822) vcan0 072#F000FF3F0078A038
(1675525750.843790) vcan0 210#18E080A0A869CC45
(1675525750.843864) vcan0 2A9#8C260082C0000084
(1675525750.844830) vcan0 008#C880B0790E800080
(1675525750.845865) vcan0 288#0CE1609F00000080
(1675525750.846901) vcan0 290#0000000000000000
(1675525750.847935) vcan0 0F5#51912F917F5B92AF
(1675525750.850450) vcan0 120#6B9155917F125689
(1675525750.851535) vcan0 130#B7F71D5A1128FD11
(1675525750.852499) vcan0 150#3F1157684FF843C0
(1675525750.855396) vcan0 010#008800002FB031F8
(1675525750.855473) vcan0 1D0#0000000000000061
(1675525750.855552) vcan0 291#0000000000000000
(1675525750.855701) vcan0 0E0#627359F80080A200
(1675525750.855777) vcan0 008#C880C0690E800080
(1675525750.856580) vcan0 3C8#5287008E882C008E
(1675525750.857600) vcan0 072#F000FF3F00788038
(1675525750.857677) vcan0 3B0#00D84D3839B0C400
(1675525750.858623) vcan0 055#F5F7F527B2009C80
(1675525750.858775) vcan0 065#6CE4F4F7FFCDE301
(1675525750.858848) vcan0 070#00000AF8E3E11500
(1675525750.858924) vcan0 075#0000000000005458
(1675525750.859686) vcan0 080#E34F8000C2002C00
