(1675525686.925919) vcan0 120#DF89F2897FFF5589
(1675525686.925984) vcan0 130#EFE41DF10929DE11
(1675525686.926061) vcan0 150#DB090AD807F83FC0
(1675525686.926138) vcan0 210#CAE08020A869E34D
(1675525686.926219) vcan0 291#0000000000000000
(1675525686.926368) vcan0 055#E8F7E867B3009C80
(1675525686.929737) vcan0 065#2CE4E8F7058ED801
(1675525686.929743) vcan0 070#000016F8D8E12100
(1675525686.929747) vcan0 075#0000000000005458
(1675525686.929752) vcan0 080#C24F8000C2002C00
(1675525686.929756) vcan0 0B0#3983BCA2D8C139A3
(1675525686.929760) vcan0 145#FDE2D180FCC810A1
(1675525686.929765) vcan0 28C#000020000016BE9D
(1675525686.929768) vcan0 290#0000000000000000
(1675525686.929773) vcan0 2B5#4BCB516293A64A00
(1675525686.929777) vcan0 2C0#528700D00100A0F1
(1675525686.929781) vcan0 008#0D8094B032800080
(1675525686.929786) vcan0 072#F000FF3F0078A038
(1675525686.929790) vcan0 2C5#00DF35B41EE40070
(1675525686.931157) vcan0 340#7100000000000000
(1675525686.931235) vcan0 3AF#0000000000000020
(1675525686.933721) vcan0 010#008000002FB031F8
(1675525686.935157) vcan0 2A9#8C26008AC0000084
(1675525686.935237) vcan0 1B0#00C0000001B001FC
(1675525686.935315) vcan0 1B5#FF9ABBDA77E0FFEF
(1675525686.935395) vcan0 1D8#363339343234D943
(1675525686.935546) vcan0 1E0#0038134300B917E0
(1675525686.936673) vcan0 350#A200000000000080
(1675525686.936753) vcan0 0E0#62733FF00080DC00
(1675525686.939341) vcan0 008#0D80A49240800080
(1675525686.940658) vcan0 288#FEDF30CF00000080
(1675525686.942156) vcan0 125#E53080E4C1D0D735
(1675525686.944750) vcan0 010#008000002FB031F8
(1675525686.944755) vcan0 072#F000FF3F00788038
(1675525686.944760) vcan0 0F5#D189CC89BF7B11D8
(1675525686.944764) vcan0 120#F389EE897FFB5589
(1675525686.944768) vcan0 130#F7E41DF10919E311
(1675525686.946123) vcan0 150#CE09FFE708F83CC0
(1675525686.946202) vcan0 1D0#0000000000000861
(1675525686.949085) vcan0 055#E7F7E767B3009C80
(1675525686.949175) vcan0 065#30E4E8F7048ED801
(1675525686.949252) vcan0 070#000017F8D8E12200
(1675525686.949332) vcan0 075#0000000000005458
(1675525686.949482) vcan0 080#C14F8000C2002C00
(1675525686.949560) vcan0 0B0#3983BDA2D8C139A3
(1675525686.949637) vcan0 145#FDD2D280FCC810A1
(1675525686.949727) vcan0 210#CAE080A0A869E345
(1675525686.949807) vcan0 008#0B80B48440800080
(1675525686.952971) vcan0 260#D0FF00AA497487B0
(1675525686.954402) vcan0 010#008000002FB031F9
(1675525686.954481) vcan0 291#0000000000000000
(1675525686.954559) vcan0 1B0#00C0000002B001FC
(1675525686.956008) vcan0 1B5#FFA1C2DD7BE0FFEF
(1675525686.956100) vcan0 1D8#363339343234D943
(1675525686.956177) vcan0 1E0#0038130300B917E0
(1675525686.956256) vcan0 2C3#528700FFFFB85450
(1675525686.956336) vcan0 330#2800000000000000
(1675525686.956413) vcan0 0E0#627344F80080B700
(1675525686.956491) vcan0 290#0000000000000000
(1675525686.958884) vcan0 072#F000FF3F0078A038
(1675525686.958975) vcan0 360#528700C2C164A001
(1675525686.959054) vcan0 008#0B80C47440800080
(1675525686.961549) vcan0 125#E53080E4C1D0D735
(1675525686.963978) vcan0 010#008000002FB031F8
(1675525686.965462) vcan0 1D0#0000000000000261
(1675525686.965549) vcan0 0F5#CC89C889BF7F01D9
(1675525686.965699) vcan0 120#E689DC897F035689
(1675525686.965777) vcan0 130#FFE41DE60914E311
(1675525686.965856) vcan0 150#CA0903F808F830C0
(1675525686.965935) vcan0 288#0EE040BF00000080
(1675525686.966012) vcan0 390#80FF051D0226564F
(1675525686.968540) vcan0 055#E7F7E767B3009C80
(1675525686.968619) vcan0 065#34E4E7F7038ED801
(1675525686.968698) vcan0 070#000017F8D8E12200
(1675525686.968776) vcan0 075#0000000000005458
(1675525686.968855) vcan0 080#C14F8000C2002C00
(1675525686.968929) vcan0 0B0#3983BFA2D8C139A3
(1675525686.969010) vcan0 145#FDC2D380FCC810A1
(1675525686.969099) vcan0 28C#000020000016BE9D
(1675525686.969251) vcan0 2B5#4BCB516293A64A00
(1675525686.969329) vcan0 008#0980D46640800080
(1675525686.969407) vcan0 3C8#5287008E882C008E
(1675525686.973728) vcan0 010#008000002FB031F8
(1675525686.975163) vcan0 072#F000FF3F00788038
(1675525686.975243) vcan0 1B0#00C0000002B001FC
(1675525686.975322) vcan0 1B5#FFA7C8E07EE0FFEF
(1675525686.975400) vcan0 1D8#363339343234D943
(1675525686.975477) vcan0 1E0#003C034300B917E0
(1675525686.976624) vcan0 210#CAE080A0A869E345
(1675525686.976704) vcan0 2A9#8C260093C0000084
(1675525686.976782) vcan0 0E0#627345C000809600
(1675525686.979295) vcan0 008#0980E45640800080
(1675525686.981736) vcan0 125#E53280E4C1D0D735
(1675525686.984433) vcan0 260#D0FF0055497487B0
(1675525686.984550) vcan0 010#008000002FB031F8
(1675525686.984629) vcan0 1D0#0000000000000061
(1675525686.984707) vcan0 291#0000000000000000
(1675525686.984859) vcan0 0F5#BC89C489BF43F1D9
(1675525686.984938) vcan0 120#E289E4897F0C5689
(1675525686.987452) vcan0 130#87E41DE30907E111
(1675525686.987548) vcan0 150#C009040808F82AC0
(1675525686.987628) vcan0 3CA#00000000400000C8
(1675525686.987705) vcan0 055#E7F7E767B3009C80
(1675525686.987854) vcan0 065#38E4E7F7048ED801
(1675525686.987934) vcan0 070#000017F8D8E12200
(1675525686.988010) vcan0 075#0000000000005458
(1675525686.988089) vcan0 080#C04F8000C2002C00
(1675525686.988167) vcan0 0B0#3983C0A2D8C139A3
(1675525686.988247) vcan0 145#FDB2D480FCC810A1
(1675525686.988397) vcan0 290#0000000000000000
(1675525686.988484) vcan0 2C0#528700D00100A0F1
(1675525686.990213) vcan0 2C5#00DF38B42FE40070
(1675525686.990217) vcan0 370#0722C0005C1BC71F
(1675525686.990221) vcan0 072#F000FF3F0078A038
(1675525686.990225) vcan0 008#0980F45B2B800080
(1675525686.990230) vcan0 288#12E040BF00000080
(1675525686.990233) vcan0 3B0#00D886383FC0C600
(1675525686.990238) vcan0 3E0#000000D933808090
(1675525686.992796) vcan0 010#008000002FB031F8
(1675525686.995542) vcan0 1B0#00C0000002B000FC
(1675525686.995623) vcan0 1B5#FFADCEE381E0FFEF
(1675525686.995699) vcan0 1D8#363339343234D943
(1675525686.995780) vcan0 1E0#0000F34300B917E0
(1675525686.995857) vcan0 2C3#528700FFFFB85450
(1675525686.995937) vcan0 0E0#627346C800807500
(1675525686.998170) vcan0 008#0980043640800080
(1675525686.999450) vcan0 210#CAE080A0A869E34D
(1675525687.001037) vcan0 125#E53280E4C1D0D735
(1675525687.003615) vcan0 0F5#B489B589BF47E1DA
(1675525687.005039) vcan0 120#D789D1897F085689
(1675525687.005119) vcan0 130#8FE41DD70903E311
(1675525687.005198) vcan0 150#B409051808F826C0
(1675525687.008049) vcan0 010#008000002FB031F8
(1675525687.008129) vcan0 072#F000FF3F00788038
(1675525687.008207) vcan0 1D0#0000000000000061
(1675525687.008285) vcan0 405#3156590000000010
(1675525687.008364) vcan0 055#E7F7E767B3009C80
(1675525687.008514) vcan0 065#3DE4E7F7048ED801
(1675525687.008593) vcan0 070#000017F8D8E12200
(1675525687.008672) vcan0 075#0000000000005458
(1675525687.008749) vcan0 080#C04F8000C2002C00
(1675525687.008826) vcan0 0B0#3983C1A2D8C139A3
(1675525687.008912) vcan0 145#FDA2D580FCC810A1
(1675525687.009065) vcan0 28C#000020000016BE9D
(1675525687.009157) vcan0 2B5#4BCB516293A64900
(1675525687.009238) vcan0 340#7000000000000000
(1675525687.009494) vcan0 008#0980142640800080
(1675525687.013356) vcan0 260#D0FF0055497487B0
(1675525687.014761) vcan0 1B0#00C0000002B000FC
(1675525687.014850) vcan0 1B5#FFB4D5E684E0FFEF
(1675525687.014923) vcan0 1D8#363339343234D943
(1675525687.016324) vcan0 1E0#0000F30300B917E0
(1675525687.016483) vcan0 288#02E040BF00000080
(1675525687.016559) vcan0 010#008000002FB031F8
(1675525687.016633) vcan0 0E0#627345D000805600
(1675525687.016707) vcan0 290#0000000000000000
(1675525687.016782) vcan0 291#0000000000000000
(1675525687.016925) vcan0 2A9#8C26008AC0000084
(1675525687.019029) vcan0 008#0980242432800080
(1675525687.021782) vcan0 072#F000FF3F0078A038
(1675525687.021861) vcan0 125#E53280E4C1D0D735
(1675525687.024338) vcan0 0F5#B089B889BF4BD1DB
(1675525687.027276) vcan0 120#D489E0897F0B5689
(1675525687.027355) vcan0 130#97E61DD709F3E911
(1675525687.027436) vcan0 150#B409052809F816C0
(1675525687.027513) vcan0 350#A200000000000080
(1675525687.027664) vcan0 010#008000002FB031F9
(1675525687.027743) vcan0 1D0#0000000000000A61
(1675525687.027820) vcan0 210#CAE080A0A869E34D
(1675525687.027899) vcan0 055#E7F7E767B3009C80
(1675525687.027977) vcan0 065#41E4E7F7038ED801
(1675525687.028055) vcan0 070#000017F8D8E12300
(1675525687.028206) vcan0 075#0000000000005458
(1675525687.028290) vcan0 080#BF4F8000C2002C00
(1675525687.028783) vcan0 0B0#3983C2A2D8C139A3
(1675525687.028864) vcan0 145#FD92D680FCC810A1
(1675525687.028941) vcan0 008#0980341432800080
(1675525687.033907) vcan0 010#008000002FB031F8
(1675525687.036799) vcan0 072#F000FF3F00788038
(1675525687.036879) vcan0 1B0#00C0000000B000FC
(1675525687.036956) vcan0 1B5#FFBADBEA87E0FFEF
(1675525687.037034) vcan0 1D8#363339343234D943
(1675525687.037186) vcan0 1E0#0004E34300B917E0
(1675525687.037262) vcan0 2C3#528700FFFFB85450
(1675525687.037340) vcan0 330#2800000000000000
(1675525687.037418) vcan0 0E0#627343D800803800
(1675525687.038186) vcan0 008#0980441323800080
(1675525687.039687) vcan0 288#12E040BF00000080
(1675525687.041198) vcan0 125#E53280E4C1D0D735
(1675525687.042692) vcan0 260#D0FF0055497487B0
(1675525687.046883) vcan0 010#008000002FB031F8
(1675525687.046888) vcan0 1D0#0000000000000061
(1675525687.046892) vcan0 0F5#AF89AD89BF4FC1DC
(1675525687.046897) vcan0 120#CB89D5897F045689
(1675525687.046901) vcan0 130#9FE61DD509E5E911
(1675525687.046905) vcan0 150#AE09043809F80CC0
(1675525687.046910) vcan0 291#0000000000000000
(1675525687.046914) vcan0 055#E6F7E667B3009C80
(1675525687.046985) vcan0 065#45E4E7F7058ED801
(1675525687.049777) vcan0 070#000018F8D8E12300
(1675525687.049857) vcan0 075#0000000000005458
(1675525687.049936) vcan0 080#BE4F8000C2002C00
(1675525687.050012) vcan0 0B0#3983C3A2D8C139A3
(1675525687.050091) vcan0 145#FD82D780FCC810A1
(1675525687.050242) vcan0 28C#000020000016BE9E
(1675525687.050321) vcan0 290#0000000000000000
(1675525687.050408) vcan0 2B5#4BCB506293A63A00
(1675525687.050485) vcan0 072#F000FF3F0078A038
(1675525687.050564) vcan0 008#0980540323800080
(1675525687.050642) vcan0 210#CAE080A0A869E345
(1675525687.050721) vcan0 2C0#528700D00100A0F1
(1675525687.051277) vcan0 2C5#00DF39B338E40070
(1675525687.051356) vcan0 3AF#0000000000000020
(1675525687.053917) vcan0 010#008000002FB031F8
(1675525687.055283) vcan0 2A9#8C260093C0000084
(1675525687.055362) vcan0 1B0#00C0000002B000FC
(1675525687.055441) vcan0 1B5#FFC1E1ED8AE0FFEF
(1675525687.055518) vcan0 1D8#363339343234D943
(1675525687.055596) vcan0 1E0#0008D34300B917E0
(1675525687.056798) vcan0 0E0#627346E000801500
(1675525687.058286) vcan0 360#528700C1C164A001
(1675525687.058367) vcan0 008#0980640115800080
(1675525687.060948) vcan0 125#E53580E4C1D0D735
(1675525687.063363) vcan0 010#008000002FB031F8
(1675525687.064803) vcan0 072#F000FF3F00788038
(1675525687.064881) vcan0 0F5#A589A889BF53B1DD
(1675525687.064960) vcan0 120#C189C4897F075689
(1675525687.065036) vcan0 130#A7E61DC409E6E611
(1675525687.067707) vcan0 150#A709034809F803C0
(1675525687.067799) vcan0 1D0#0000000000000061
(1675525687.067878) vcan0 288#1EE050AF00000080
(1675525687.068028) vcan0 390#80FF051D0222574F
(1675525687.068107) vcan0 055#E6F7E667B2009C80
(1675525687.068184) vcan0 065#4AE4E6F7048ED701
(1675525687.068264) vcan0 070#000018F8D7E12300
(1675525687.068342) vcan0 075#0000000000005458
(1675525687.068419) vcan0 080#BD4F8000C2002C00
(1675525687.068571) vcan0 0B0#3983C5A2D7C139A3
(1675525687.068590) vcan0 145#FD72D880FCC810A1
(1675525687.069293) vcan0 008#098074F115800080
(1675525687.073223) vcan0 260#D0FF0055497487B0
(1675525687.074529) vcan0 010#008000002FB031F8
(1675525687.074609) vcan0 210#CAE08020A869E34D
(1675525687.074686) vcan0 1B0#00C0000001B000FC
(1675525687.074765) vcan0 1B5#FFC7E8F08DE0FFEF
(1675525687.076154) vcan0 1D8#363339343234D843
(1675525687.076234) vcan0 1E0#0008D30300B917E0
(1675525687.076311) vcan0 291#0000000000000000
(1675525687.076388) vcan0 2C3#528700FFFFB85450
(1675525687.076468) vcan0 3D0#890F6100C50580C3
(1675525687.076545) vcan0 0E0#627344E80080F700
(1675525687.076624) vcan0 290#0000000000000000
(1675525687.079026) vcan0 072#F000FF3F0078A038
(1675525687.079105) vcan0 008#068084E415800080
(1675525687.081716) vcan0 125#E53580E4C1D0D735
(1675525687.083000) vcan0 010#008000002FB031F8
(1675525687.084528) vcan0 1D0#0000000000000061
(1675525687.084608) vcan0 0F5#9E899B89BF57A1DD
(1675525687.084685) vcan0 120#C889B7897F065689
(1675525687.084763) vcan0 130#AFE61DC409D6E611
(1675525687.084913) vcan0 150#9C0909580AF8FEC0
(1675525687.087114) vcan0 055#E5F7E567B2009C80
(1675525687.087118) vcan0 065#4DE4E6F7048ED701
(1675525687.087197) vcan0 070#000019F8D6E12300
(1675525687.089957) vcan0 075#0000000000005458
(1675525687.090049) vcan0 080#BB4F8000C2002C00
(1675525687.090199) vcan0 0B0#3983C6A2D6C139A3
(1675525687.090278) vcan0 145#FD62D980FCC810A1
(1675525687.090357) vcan0 28C#000020000016BE9E
(1675525687.090435) vcan0 2B5#4BCB506293A63701
(1675525687.090523) vcan0 340#7000000000000000
(1675525687.090600) vcan0 370#0722C0005C1BC71F
(1675525687.090678) vcan0 008#068094C623800080
(1675525687.090831) vcan0 288#1EE050AF00000080
(1675525687.090909) vcan0 3C8#5287008E882C008E
(1675525687.093861) vcan0 010#008000002FB031F8
(1675525687.095409) vcan0 072#F000FF3F00788038
(1675525687.095488) vcan0 1B0#00C0000002B000FC
(1675525687.095573) vcan0 1B5#FFCDEEF391E0FFEF
(1675525687.095669) vcan0 1D8#363339343234D843
(1675525687.095747) vcan0 1E0#000CC34300B917E0
(1675525687.095826) vcan0 2A9#8C26008AC0000084
(1675525687.095904) vcan0 0E0#627342F00080D900
(1675525687.098440) vcan0 210#CAE080A0A869E345
(1675525687.098534) vcan0 008#0680A4CB0E800080
(1675525687.101217) vcan0 125#E53580E4C1D0D735
(1675525687.102531) vcan0 260#D0FF00AA497487B0
(1675525687.106672) vcan0 010#008000002FB031F8
(1675525687.106677) vcan0 1D0#0000000000000861
(1675525687.106681) vcan0 0F5#988998897F5B92DE
(1675525687.106686) vcan0 120#B089B2897F015689
(1675525687.106690) vcan0 130#B7E61DB209D8E311
(1675525687.106694) vcan0 150#980909680AF8F2C0
(1675525687.106698) vcan0 291#0000000000000000
(1675525687.106702) vcan0 3CA#00000000510000C8
(1675525687.106775) vcan0 055#E4F7E467B2009C80
(1675525687.109660) vcan0 065#53E4E5F7048ED601
(1675525687.109739) vcan0 070#00001AF8D5E12300
(1675525687.109817) vcan0 075#0000000000005458
(1675525687.109970) vcan0 080#B94F8000C2002C00
(1675525687.110047) vcan0 0B0#3983C7A2D5C139A3
(1675525687.110124) vcan0 145#FD52DA80FCC810A1
(1675525687.110214) vcan0 290#0000000000000000
(1675525687.110292) vcan0 2C0#528700D00100A0F1
(1675525687.110371) vcan0 2C5#00DF3CB249E40070
(1675525687.110520) vcan0 008#0680B4BB0E800080
(1675525687.110598) vcan0 072#F000FF3F0078A038
(1675525687.110677) vcan0 3B0#00D886383FC0C400
(1675525687.113541) vcan0 1B0#00C0000002B000FC
(1675525687.114952) vcan0 1B5#FFD3F4F694E0FFEF
(1675525687.115045) vcan0 010#008000002FB031F9
(1675525687.116653) vcan0 1D8#363339343234D843
(1675525687.116733) vcan0 1E0#0010B34300B917E0
(1675525687.116811) vcan0 288#16E050AF00000080
(1675525687.116962) vcan0 2C3#528700FFFFB85450
(1675525687.117041) vcan0 330#2800000000000000
(1675525687.117119) vcan0 350#A200000000000080
(1675525687.117197) vcan0 0E0#627342F80080B900
(1675525687.119326) vcan0 008#0680C4AB0E800080
(1675525687.121838) vcan0 125#E53580E4C1D0D735
(1675525687.124535) vcan0 010#008000002FB031F8
(1675525687.124613) vcan0 072#F000FF3F00788038
(1675525687.124694) vcan0 1D0#0000000000000261
(1675525687.124782) vcan0 0F5#888987897F5F82DF
(1675525687.124860) vcan0 120#B789A6897F005689
(1675525687.124948) vcan0 130#BFE61DB209C8E311
(1675525687.127124) vcan0 150#87090B780AF8F3C0
(1675525687.127131) vcan0 210#CAE080A0A869E34D
(1675525687.127136) vcan0 055#E4F7E427B2009C80
(1675525687.127141) vcan0 065#57E4E4F7038ED501
(1675525687.127214) vcan0 070#00001AF8D5E12400
(1675525687.128574) vcan0 075#0000000000005458
(1675525687.128668) vcan0 080#B84F8000C2002C00
(1675525687.128748) vcan0 0B0#3983C8A2D5C139A3
(1675525687.128836) vcan0 145#FD42DB80FCC810A1
(1675525687.128990) vcan0 28C#000020000016BE9E
(1675525687.129067) vcan0 2B5#4BCB506293A63700
(1675525687.130136) vcan0 008#0480D49D0E800080
(1675525687.134129) vcan0 260#D0FF00AA497487B0
(1675525687.134134) vcan0 010#008000002FB031F8
(1675525687.134138) vcan0 291#0000000000000000
(1675525687.136952) vcan0 2A9#8C260082C0000084
(1675525687.137048) vcan0 1B0#00C0000002B000FC
(1675525687.137135) vcan0 1B5#FFDAFBF997E0FFEF
(1675525687.137208) vcan0 1D8#363339343234D843
(1675525687.137358) vcan0 1E0#0010B30300B917E0
(1675525687.137437) vcan0 400#0F0102010100011E
(1675525687.137514) vcan0 0E0#627342C000809900
(1675525687.137592) vcan0 290#0000000000000000
(1675525687.138526) vcan0 072#F000FF3F0078A038
(1675525687.138540) vcan0 008#0480E47F1C800080
(1675525687.138692) vcan0 288#16E050AF00000080
(1675525687.141228) vcan0 125#E53780E4C1D0D735
(1675525687.143840) vcan0 010#008000002FB031F8
(1675525687.145058) vcan0 1D0#0000000000000061
(1675525687.145152) vcan0 0F5#838985897F6372E0
(1675525687.145303) vcan0 120#AB8999897F075689
(1675525687.145384) vcan0 130#C7E61DAB09BFE111
(1675525687.145462) vcan0 150#840904880AF8E6C0
(1675525687.149279) vcan0 055#E4F7E427B2009C80
(1675525687.149284) vcan0 065#5BE4E4F7048ED501
(1675525687.149288) vcan0 070#00001AF8D5E12400
(1675525687.149292) vcan0 075#0000000000005458
(1675525687.149296) vcan0 080#B84F8000C2002C00
(1675525687.149301) vcan0 0B0#3983C9A2D5C139A3
(1675525687.149305) vcan0 145#FD32DC80FCC810A1
(1675525687.149309) vcan0 210#CAE080A0A869E345
(1675525687.149313) vcan0 008#0480F46F1C800080
(1675525687.153200) vcan0 010#008000002FB031F8
(1675525687.154549) vcan0 072#F000FF3F00788038
(1675525687.154629) vcan0 1B0#00C0000001B000FC
(1675525687.154706) vcan0 1B5#FFE001FC9AE0FFEF
(1675525687.156007) vcan0 1D8#363339343234D943
(1675525687.156104) vcan0 1E0#0014A34300B917E0
(1675525687.156185) vcan0 2C3#528700FFFFB95450
(1675525687.156263) vcan0 0E0#627340C800807B00
(1675525687.158689) vcan0 360#528700C1C164A001
(1675525687.160038) vcan0 008#028004522B800080
(1675525687.161452) vcan0 125#E53A80E4C1D0D735
(1675525687.164134) vcan0 260#D0FF00AA497487B0
(1675525687.164214) vcan0 010#008000002FB031F8
(1675525687.167048) vcan0 1D0#0000000000000061
(1675525687.167148) vcan0 0F5#7D8980897F6762E0
(1675525687.167227) vcan0 120#9B89AD897F0B5689
(1675525687.167305) vcan0 130#CFE41D9F09BBE311
(1675525687.167385) vcan0 150#7E0907980AF8DCC0
(1675525687.167462) vcan0 288#1AE0609F00000080
(1675525687.167541) vcan0 291#0000000000000000
(1675525687.167688) vcan0 390#80FF051D021E586F
(1675525687.167768) vcan0 055#E4F7E427B2009C80
(1675525687.167848) vcan0 065#60E4E4F7058ED501
(1675525687.167925) vcan0 070#00001AF8D5E12400
(1675525687.168004) vcan0 075#0000000000005458
(1675525687.168091) vcan0 080#B74F8000C2002C00
(1675525687.170045) vcan0 0B0#3983CBA2D5C139A3
(1675525687.170124) vcan0 145#FD22DD80FCC810A1
(1675525687.170203) vcan0 28C#000020000016BE9E
(1675525687.170353) vcan0 290#0000000000000000
(1675525687.170440) vcan0 2B5#4BCB506293A63700
(1675525687.170517) vcan0 072#F000FF3F0078A038
(1675525687.170596) vcan0 008#028014422B800080
(1675525687.170673) vcan0 2C0#528700CE0100A0F1
(1675525687.170751) vcan0 2C5#00DF3DB152E40070
(1675525687.170829) vcan0 340#7000000000000000
(1675525687.170983) vcan0 3AF#0000000000000020
(1675525687.173951) vcan0 010#008000002FB031F8
(1675525687.176914) vcan0 210#CAE080A0A869E345
(1675525687.176995) vcan0 2A9#8C26009BC0000084
(1675525687.177074) vcan0 1B0#00C0000001B000FC
(1675525687.177153) vcan0 1B5#FFE607FF9DE0FFEF
(1675525687.177303) vcan0 1D8#363339343234D943
(1675525687.177382) vcan0 1E0#0018934300B917E0
(1675525687.177461) vcan0 0E0#62733DD000805E00
(1675525687.178384) vcan0 008#028024322B800080
(1675525687.181107) vcan0 125#E53A80E4C1D0D735
(1675525687.183738) vcan0 010#008000002FB031F8
(1675525687.187754) vcan0 072#F000FF3F00788038
(1675525687.187760) vcan0 1D0#0000000000000861
(1675525687.187765) vcan0 0F5#778977897F6B52E1
(1675525687.187768) vcan0 120#91898E897F085689
(1675525687.187773) vcan0 130#D7E61D9109B9DE11
(1675525687.187777) vcan0 150#770908A80AF8D3C0
(1675525687.187781) vcan0 055#E3F7E327B2009C80
(1675525687.187785) vcan0 065#64E4E4F7048ED501
(1675525687.187790) vcan0 070#00001BF8D5E12500
(1675525687.187794) vcan0 075#0000000000005458
(1675525687.187798) vcan0 080#B64F8000C2002C00
(1675525687.189165) vcan0 0B0#3983CCA2D5C139A3
(1675525687.189245) vcan0 145#FD12DE80FCC810A1
(1675525687.189324) vcan0 370#0722C0005C1BC71F
(1675525687.189418) vcan0 008#008034331C800080
(1675525687.190629) vcan0 288#12E0609F00000080
(1675525687.193250) vcan0 260#D0FF0055497487B0
(1675525687.194584) vcan0 010#008000002FB031F9
(1675525687.194674) vcan0 291#0000000000000000
(1675525687.194754) vcan0 330#2800000000000000
(1675525687.194904) vcan0 1B0#00C0000002B000FC
(1675525687.194981) vcan0 1B5#FFEC0D02A0E0FFEF
(1675525687.196129) vcan0 1D8#363339343234D943
(1675525687.196208) vcan0 1E0#0018930300B917E0
(1675525687.196288) vcan0 2C3#528700FFFFB95450
(1675525687.196365) vcan0 0E0#627341D800803A00
(1675525687.196444) vcan0 290#0000000000000000
(1675525687.198820) vcan0 072#F000FF3F0078A038
(1675525687.200165) vcan0 008#008044142B800080
(1675525687.200244) vcan0 210#CAE080A0A869E34D
(1675525687.201623) vcan0 125#E53D80E4C1D0D735
(1675525687.203130) vcan0 010#008000002FB031F8
(1675525687.207348) vcan0 1D0#0000000000000261
(1675525687.207353) vcan0 0F5#778974897F6F42E2
(1675525687.207358) vcan0 120#8E898A897F015689
(1675525687.207362) vcan0 130#DFE61D8D09ADDE11
(1675525687.207366) vcan0 150#750905B80AF8C5C0
(1675525687.207371) vcan0 350#A200000000000080
(1675525687.207375) vcan0 055#E3F7E327B2009C80
(1675525687.207378) vcan0 065#69E4E3F7038ED501
(1675525687.207383) vcan0 070#00001BF8D5E12500
(1675525687.207387) vcan0 075#0000000000005458
(1675525687.208798) vcan0 080#B64F8000C2002C00
(1675525687.208877) vcan0 0B0#3983CEA2D5C139A3
(1675525687.208957) vcan0 145#FD02DF80FCC810A1
(1675525687.209035) vcan0 28C#000020000016BE9F
(1675525687.209122) vcan0 2B5#4BCB4F6293A63700
(1675525687.210278) vcan0 008#008054042B800080
(1675525687.210357) vcan0 3C8#5287008E882C008E
(1675525687.214254) vcan0 1B0#00C0000001B000FC
(1675525687.215700) vcan0 010#008000002FB031F8
(1675525687.215780) vcan0 072#F000FF3F00788038
(1675525687.215859) vcan0 1B5#FFF31305A3E0FFEF
(1675525687.215936) vcan0 1D8#363339343234D943
(1675525687.216015) vcan0 1E0#001C834300B917E0
(1675525687.217067) vcan0 288#12E0609F00000080
(1675525687.217158) vcan0 2A9#8C260082C0000084
(1675525687.217236) vcan0 0E0#62733FE000801C00
(1675525687.218576) vcan0 008#008064F42B800080
(1675525687.221279) vcan0 125#E53D80E4C1D0D735
(1675525687.222756) vcan0 260#D0FF0055497487B0
(1675525687.225495) vcan0 010#008000002FB031F8
(1675525687.225521) vcan0 1D0#0000000000000061
(1675525687.225525) vcan0 210#CAE08020A869E34D
(1675525687.225530) vcan0 0F5#6C8966897F7332E3
(1675525687.225534) vcan0 120#878983897F005689
(1675525687.225539) vcan0 130#E7E61D8709A3DE11
(1675525687.225542) vcan0 150#690905C80BF8C1C0
(1675525687.225546) vcan0 291#0000000000000000
(1675525687.225613) vcan0 3CA#00000000520000C8
(1675525687.228282) vcan0 055#E3F7E327B2009C80
(1675525687.228358) vcan0 065#6DE4E3F7058ED501
(1675525687.228432) vcan0 070#00001BF8D5E12500
(1675525687.228506) vcan0 075#0000000000005458
(1675525687.228648) vcan0 080#B54F8000C2002C00
(1675525687.228722) vcan0 0B0#3983CFA2D5C139A3
(1675525687.229883) vcan0 145#FDF2D080FCC810A1
(1675525687.229971) vcan0 290#0000000000000000
(1675525687.230053) vcan0 072#F000FF3F0078A038
(1675525687.230128) vcan0 008#008074E42B800080
(1675525687.230204) vcan0 2C0#528700CE0100A0F1
(1675525687.230278) vcan0 2C5#00DF40B064E40070
(1675525687.230422) vcan0 3B0#00D8863C3FC0C400
(1675525687.233822) vcan0 010#008000002FB031F8
(1675525687.235168) vcan0 1B0#00C0000002B000FC
(1675525687.235248) vcan0 1B5#FFF91A08A6E0FFEF
(1675525687.235326) vcan0 1D8#363339343234D943
(1675525687.235404) vcan0 1E0#0020734300B917E0
(1675525687.235483) vcan0 2C3#528700FFFFB95450
(1675525687.236622) vcan0 0E0#62733EE80080FD00
(1675525687.239320) vcan0 008#008084E31C800080
(1675525687.239418) vcan0 288#26E0609F00000080
(1675525687.240757) vcan0 125#E53D80E4C1D0D735
(1675525687.244635) vcan0 010#008000002FB031F8
(1675525687.244649) vcan0 072#F000FF3F00788038
(1675525687.244654) vcan0 0F5#668964897F7722E4
(1675525687.244658) vcan0 120#748972897F055689
(1675525687.246028) vcan0 130#EFE61D7409A6D811
(1675525687.246107) vcan0 150#650907D80BF8B5C0
(1675525687.246186) vcan0 1D0#0000000000000061
(1675525687.249048) vcan0 055#E3F7E327B2009C80
(1675525687.249135) vcan0 065#72E4E3F7038ED501
(1675525687.249205) vcan0 070#00001BF8D5E12500
(1675525687.249284) vcan0 075#0000000000005458
(1675525687.249361) vcan0 080#B54F8000C2002C00
(1675525687.249441) vcan0 0B0#3983D1A2D5C139A3
(1675525687.249518) vcan0 145#FDE2D180FCC810A1
(1675525687.249669) vcan0 28C#000020000016BE9F
(1675525687.249747) vcan0 2B5#4BCB4F6293A63700
(1675525687.249826) vcan0 340#7000000000000000
(1675525687.249911) vcan0 210#CAE080A0A869E345
(1675525687.249989) vcan0 008#008094D31C800080
(1675525687.252946) vcan0 260#D0FF0055497487B0
(1675525687.254291) vcan0 010#008000002FB031F8
(1675525687.254372) vcan0 291#0000000000000000
(1675525687.255905) vcan0 1B0#00C0000001B000FC
(1675525687.255985) vcan0 1B5#FFFF200BA9E0FFEF
(1675525687.256064) vcan0 1D8#363339343234D943
(1675525687.256215) vcan0 1E0#0020730300B917E0
(1675525687.256292) vcan0 2A9#8C26009BC0000084
(1675525687.256370) vcan0 405#D5075CFC46186701
(1675525687.256448) vcan0 0E0#62733EF00080DD00
(1675525687.256526) vcan0 290#0000000000000000
(1675525687.258548) vcan0 072#F000FF3F0078A038
(1675525687.261297) vcan0 360#528700C1C164A001
(1675525687.261376) vcan0 008#0080A4D10E800080
(1675525687.261478) vcan0 125#E53D80E4C1D0D735
(1675525687.263961) vcan0 010#008000002FB031F8
(1675525687.266777) vcan0 1D0#0000000000000861
(1675525687.266859) vcan0 0F5#5E8961897F7B12E4
(1675525687.266936) vcan0 120#868972897F095689
(1675525687.267015) vcan0 130#F7E61D740996DE11
(1675525687.267092) vcan0 150#5F0912E80BF8ABC0
(1675525687.267241) vcan0 288#1EE0708F00000080
(1675525687.267320) vcan0 390#80FF051D021A594F
(1675525687.267398) vcan0 055#E3F7E327B2009C80
(1675525687.267477) vcan0 065#77E4E3F7048ED501
(1675525687.267555) vcan0 070#00001CF8D5E12600
(1675525687.267635) vcan0 075#0000000000005458
(1675525687.267790) vcan0 080#B44F8000C2002C00
(1675525687.268277) vcan0 0B0#3983D2A2D5C139A3
(1675525687.268357) vcan0 145#FDD2D280FCC810A1
(1675525687.268446) vcan0 008#0080B4C10E800080
(1675525687.273479) vcan0 010#008000002FB031F9
(1675525687.274907) vcan0 072#F000FF3F00788038
(1675525687.274986) vcan0 1B0#00C0000001B000FC
(1675525687.275063) vcan0 1B5#FF05260EACE0FFEF
(1675525687.275142) vcan0 1D8#363339343234D943
(1675525687.276439) vcan0 1E0#0024634300B917E0
(1675525687.276535) vcan0 210#CAE080A0A869E34D
(1675525687.276686) vcan0 2C3#528700FFFFB95450
(1675525687.276765) vcan0 330#2800000000000000
(1675525687.276843) vcan0 3D0#890F6100C50580C3
(1675525687.276922) vcan0 0E0#62733AF80080C100
(1675525687.279193) vcan0 008#0080C4B10E800080
(1675525687.281703) vcan0 125#E53D80E4C1D0D735
(1675525687.284322) vcan0 260#D0FF00AA497487B0
(1675525687.284416) vcan0 010#008000002FB031F8
(1675525687.284505) vcan0 1D0#0000000000000261
(1675525687.284585) vcan0 291#0000000000000000
(1675525687.284734) vcan0 0F5#52894F897F7F02E5
(1675525687.284813) vcan0 120#72895C897F025689
(1675525687.286986) vcan0 130#FFE61D720988E311
(1675525687.286991) vcan0 150#500909F80BF8AAC0
(1675525687.286995) vcan0 055#E2F7E227B2009C80
(1675525687.287000) vcan0 065#7BE4E3F7048ED501
(1675525687.288538) vcan0 070#00001CF8D5E12600
(1675525687.288618) vcan0 075#0000000000005458
(1675525687.288697) vcan0 080#B44F8000C2002C00
(1675525687.288773) vcan0 0B0#3983D3A2D5C139A3
(1675525687.288853) vcan0 145#FDC2D380FCC810A1
(1675525687.288930) vcan0 28C#000020000016BE9F
(1675525687.289080) vcan0 290#0000000000000000
(1675525687.289159) vcan0 2B5#4BCB4F6293A63700
(1675525687.291326) vcan0 2C0#528700CD0100A0F1
(1675525687.291424) vcan0 008#0080D4A10E800080
(1675525687.291574) vcan0 072#F000FF3F0078A038
(1675525687.291653) vcan0 288#1EE0708F00000080
(1675525687.291732) vcan0 2C5#00DF42AF6DE40070
(1675525687.291810) vcan0 370#0722C0005C1BC71F
(1675525687.291889) vcan0 3AF#0000000000000020
(1675525687.291966) vcan0 3E0#000000D933808090
(1675525687.293993) vcan0 010#008000002FB031F8
(1675525687.296912) vcan0 2A9#8C260082C0000084
(1675525687.296992) vcan0 1B0#00C0000003B000FC
(1675525687.297070) vcan0 1B5#FF0B2C11AFE0FFEF
(1675525687.297164) vcan0 1D8#363339343234D943
(1675525687.297314) vcan0 1E0#0028534300B917E0
(1675525687.297393) vcan0 350#A200000000000080
(1675525687.297471) vcan0 0E0#627339C00080A200
(1675525687.298315) vcan0 210#CAE080A0A869E345
(1675525687.298406) vcan0 008#0080E49F00800080
(1675525687.300987) vcan0 125#E53D80E4C1D0D735
(1675525687.303507) vcan0 010#008000002FB031F8
(1675525687.304876) vcan0 072#F000FF3F00788038
(1675525687.304956) vcan0 0F5#4A894F897F43F2E6
(1675525687.305035) vcan0 120#678966897F055689
(1675525687.305113) vcan0 130#87E61D660984E111
(1675525687.305190) vcan0 150#4C0909080BF89EC0
(1675525687.307902) vcan0 1D0#0000000000000061
(1675525687.307980) vcan0 055#E2F7E227B2009C80
(1675525687.308060) vcan0 065#80E4E2F7038ED501
(1675525687.308137) vcan0 070#00001CF8D5E12600
(1675525687.308216) vcan0 075#0000000000005458
(1675525687.308294) vcan0 080#B34F8000C2002C00
(1675525687.308445) vcan0 0B0#3983D4A2D5C139A3
(1675525687.308532) vcan0 145#FDB2D480FCC810A1
(1675525687.309383) vcan0 008#0080F48F00800080
(1675525687.313259) vcan0 260#D0FF00AA497487B0
(1675525687.314623) vcan0 1B0#00C0000001B000FC
(1675525687.314702) vcan0 1B5#FF113214B2E0FFEF
(1675525687.316287) vcan0 010#008000002FB031F8
(1675525687.316366) vcan0 1D8#363339343234D943
(1675525687.316445) vcan0 1E0#0028530300B917E0
(1675525687.316522) vcan0 288#16E0708F00000080
(1675525687.316600) vcan0 291#0000000000000000
(1675525687.316750) vcan0 2C3#528700FFFFB95450
(1675525687.316829) vcan0 0E0#62733AC800808100
(1675525687.316906) vcan0 290#0000000000000000
(1675525687.319067) vcan0 072#F000FF3F0078A038
(1675525687.319161) vcan0 008#0080047F00800080
(1675525687.320566) vcan0 125#E53D80E4C1D0D735
(1675525687.323222) vcan0 010#008000002FB031F8
(1675525687.324653) vcan0 1D0#0000000000000061
(1675525687.324734) vcan0 0F5#478944897F47E2E7
(1675525687.324811) vcan0 120#69895F897F065689
(1675525687.324889) vcan0 130#8FE41D660974E311
(1675525687.327217) vcan0 150#45090B180BF895C0
(1675525687.327222) vcan0 210#CAE080A0A869E34D
(1675525687.327226) vcan0 055#E2F7E227B2009C80
(1675525687.327231) vcan0 065#84E4E2F7058ED501
(1675525687.327307) vcan0 070#00001CF8D5E12600
(1675525687.330078) vcan0 075#0000000000005458
(1675525687.330175) vcan0 080#B34F8000C2002C00
(1675525687.330326) vcan0 0B0#3983D6A2D5C139A3
(1675525687.330403) vcan0 145#FDA2D580FCC810A1
(1675525687.330483) vcan0 28C#000020000016BE9F
(1675525687.330559) vcan0 2B5#4BCB4E6293A63700
(1675525687.330648) vcan0 340#7000000000000000
(1675525687.330726) vcan0 008#0080146F00800080
(1675525687.330806) vcan0 3C8#5287008E882C008E
(1675525687.332799) vcan0 010#008000002FB031F8
(1675525687.334064) vcan0 072#F000FF3F00788038
(1675525687.334160) vcan0 2A9#8C26008AC0000084
(1675525687.335570) vcan0 1B0#00C0000001B000FC
(1675525687.335663) vcan0 1B5#FF173817B5E0FFEF
(1675525687.335741) vcan0 1D8#363339343234D943
(1675525687.335893) vcan0 1E0#002C434300B917E0
(1675525687.335972) vcan0 0E0#62733AD000806100
(1675525687.338234) vcan0 008#0080245F00800080
(1675525687.339659) vcan0 288#2BE0708F00000080
(1675525687.341150) vcan0 125#E53D80E4C1D0D735
(1675525687.342636) vcan0 260#D0FF00AA497487B0
(1675525687.345448) vcan0 010#008000002FB031F8
(1675525687.345557) vcan0 1D0#0000000000000861
(1675525687.345636) vcan0 0F5#478944897F4BD2E7
(1675525687.345727) vcan0 120#5E8952897F085689
(1675525687.345806) vcan0 130#97E61D5E096CE911
(1675525687.345957) vcan0 150#450908280BF885C0
(1675525687.346035) vcan0 291#0000000000000000
(1675525687.347162) vcan0 3CA#00000000530000C8
(1675525687.347240) vcan0 055#E2F7E227B2009C80
(1675525687.347319) vcan0 065#89E4E2F7048ED501
(1675525687.347470) vcan0 070#00001CF8D5E12700
(1675525687.347548) vcan0 075#0000000000005458
(1675525687.347625) vcan0 080#B34F8000C2002C00
(1675525687.347705) vcan0 0B0#3983D7A2D5C139A3
(1675525687.347784) vcan0 145#FD92D680FCC810A1
(1675525687.348784) vcan0 290#0000000000000000
(1675525687.348865) vcan0 2C0#528700CD0100A0F1
(1675525687.348952) vcan0 2C5#00DF45AD7FE40070
(1675525687.349030) vcan0 072#F000FF3F0078A038
(1675525687.349110) vcan0 210#CAE080A0A869E345
(1675525687.349259) vcan0 008#0080344F00800080
(1675525687.349337) vcan0 3B0#00FC65383FC0C402
(1675525687.355231) vcan0 010#008000002FB031F9
(1675525687.355238) vcan0 330#2800000000000000
(1675525687.355242) vcan0 1B0#00C0000001B000FC
(1675525687.355246) vcan0 1B5#FF1D3E1AB8E0FFEF
(1675525687.355251) vcan0 1D8#363339343234D943
(1675525687.355323) vcan0 1E0#0030334300B917E0
(1675525687.356674) vcan0 2C3#528700FFFFB95450
(1675525687.356753) vcan0 0E0#627338D800804300
(1675525687.359213) vcan0 360#528700C1C164A001
(1675525687.359292) vcan0 008#0080443F00800080
(1675525687.360563) vcan0 125#E53D80E4C1D0D735
(1675525687.363300) vcan0 010#008000002FB031F8
(1675525687.364652) vcan0 072#F000FF3F00788038
(1675525687.364733) vcan0 0F5#42893E897F4FC2E8
(1675525687.364812) vcan0 120#638955897F0D5689
(1675525687.367673) vcan0 130#9FE61D5E095CEF11
(1675525687.367753) vcan0 150#40090B380BF87AC0
(1675525687.367833) vcan0 1D0#0000000000000261
(1675525687.367910) vcan0 288#22E0807F00000080
(1675525687.367987) vcan0 390#80FF051D02165A4F
(1675525687.368066) vcan0 055#E2F7E227B2009C80
(1675525687.368145) vcan0 065#8EE4E2F7058ED501
(1675525687.368295) vcan0 070#00001CF8D5E12700
(1675525687.368373) vcan0 075#0000000000005458
(1675525687.368452) vcan0 080#B24F8000C2002C00
(1675525687.368528) vcan0 0B0#3983D8A2D5C139A3
(1675525687.368606) vcan0 145#FD82D780FCC810A1
(1675525687.368696) vcan0 28C#000020000016BEA0
(1675525687.368787) vcan0 2B5#4BCB4E6293A63700
(1675525687.369195) vcan0 008#0080542F00800080
(1675525687.373042) vcan0 260#D0FF00AA497487B0
(1675525687.374319) vcan0 010#008000002FB031F8
(1675525687.374411) vcan0 210#CAE08020A869E345
(1675525687.374561) vcan0 1B0#00C0000001B000FC
(1675525687.374640) vcan0 1B5#FF23441DBBE0FFEF
(1675525687.376026) vcan0 1D8#363339343234D943
(1675525687.376106) vcan0 1E0#0030330300B917E0
(1675525687.376185) vcan0 291#0000000000000000
(1675525687.376336) vcan0 2A9#8C260093C0000084
(1675525687.376415) vcan0 0E0#627336E000802500
(1675525687.376493) vcan0 290#0000000000000000
(1675525687.378885) vcan0 072#F000FF3F0078A038
(1675525687.378976) vcan0 008#0080641F00800080
(1675525687.381509) vcan0 125#E53D80E4C1D0D735
(1675525687.382871) vcan0 010#008000002FB031F8
(1675525687.386979) vcan0 1D0#0000000000000061
(1675525687.386984) vcan0 400#010502000103021F
(1675525687.386988) vcan0 0F5#34892E897F53B2E9
(1675525687.386993) vcan0 120#578939897F065689
(1675525687.386997) vcan0 130#A7E61D570953EC11
(1675525687.387001) vcan0 150#31090B480BF879C0
(1675525687.387005) vcan0 350#A200000000000080
(1675525687.387009) vcan0 055#E1F7E127B2009C80
(1675525687.387013) vcan0 065#92E4E2F7058ED501
(1675525687.387017) vcan0 070#00001DF8D5E12700
(1675525687.388450) vcan0 075#0000000000005458
(1675525687.388529) vcan0 080#B24F8000C2002C00
(1675525687.388607) vcan0 0B0#3983DAA2D5C139A3
(1675525687.388686) vcan0 145#FD72D880FCC810A1
(1675525687.388773) vcan0 370#0722C0005C1BC71F
(1675525687.389819) vcan0 008#0080740F00800080
(1675525687.389912) vcan0 288#0EE0807F00000080
(1675525687.393800) vcan0 010#008000002FB031F8
(1675525687.396655) vcan0 072#F000FF3F00788038
(1675525687.396736) vcan0 1B0#00C0000002B000FC
(1675525687.396815) vcan0 1B5#FF294A20BEE0FFEF
(1675525687.396893) vcan0 1D8#363339343234D943
(1675525687.396973) vcan0 1E0#0034234300B917E0
(1675525687.397050) vcan0 2C3#528700FFFFB95450
(1675525687.397137) vcan0 0E0#627332E800800900
(1675525687.399231) vcan0 210#CAE080A0A869E34D
(1675525687.399311) vcan0 008#008084FF00800080
(1675525687.400576) vcan0 125#E53D80E4C1D0D735
(1675525687.403328) vcan0 260#D0FF0055497487B0
(1675525687.404623) vcan0 010#008000002FB031F8
(1675525687.404742) vcan0 1D0#0000000000000061
(1675525687.404821) vcan0 0F5#2A892C897F57A2EA
(1675525687.404900) vcan0 120#4D893D897F035689
(1675525687.407674) vcan0 130#AFE61D4D094DEC11
(1675525687.407753) vcan0 150#2B0904580BF86FC0
(1675525687.407833) vcan0 291#0000000000000000
(1675525687.407911) vcan0 055#E1F7E127B2009C80
(1675525687.407989) vcan0 065#97E4E1F7038ED501
(1675525687.408069) vcan0 070#00001DF8D5E12700
(1675525687.408219) vcan0 075#0000000000005458
(1675525687.408297) vcan0 080#B14F8000C2002C00
(1675525687.408374) vcan0 0B0#3983DBA2D5C139A3
(1675525687.408451) vcan0 145#FD62D980FCC810A1
(1675525687.408530) vcan0 28C#000020000016BEA0
(1675525687.408607) vcan0 290#0000000000000000
(1675525687.409282) vcan0 2B5#4BCB4E6293A63700
(1675525687.409369) vcan0 2C0#528700CD0100A0F1
(1675525687.409449) vcan0 008#008094EF00800080
(1675525687.409526) vcan0 072#F000FF3F0078A038
(1675525687.409604) vcan0 2C5#00DF46AC88E40070
(1675525687.409681) vcan0 340#7000000000000000
(1675525687.409833) vcan0 3AF#0000000000000020
(1675525687.414453) vcan0 1B0#00C0000002B000FC
(1675525687.417074) vcan0 1B5#FF2F5023C1E0FFEF
(1675525687.417169) vcan0 010#008000002FB031F8
(1675525687.417272) vcan0 1D8#363339343234D943
(1675525687.417496) vcan0 1E0#0038134300B917E0
(1675525687.417576) vcan0 288#16E0807F00000080
(1675525687.417654) vcan0 2A9#8C26008AC0000084
(1675525687.417805) vcan0 0E0#627334F00080E700
(1675525687.418650) vcan0 008#0080A4DF00800080
(1675525687.421294) vcan0 125#E53D80E4C1D0D735
(1675525687.423784) vcan0 010#008000002FB031F9
(1675525687.426587) vcan0 072#F000FF3F00788038
(1675525687.426681) vcan0 0F5#218925897F5B92EA
(1675525687.426760) vcan0 120#44893B897F045689
(1675525687.426837) vcan0 130#B7E41D440946E911
(1675525687.426987) vcan0 150#230908680BF867C0
(1675525687.427068) vcan0 1D0#0000000000000A61
(1675525687.427145) vcan0 210#CAE080A0A869E34D
(1675525687.427224) vcan0 055#E1F7E127B2009C80
(1675525687.427302) vcan0 065#9CE4E1F7058ED501
(1675525687.427451) vcan0 070#00001DF8D5E12800
(1675525687.427530) vcan0 075#0000000000005458
(1675525687.427608) vcan0 080#B14F8000C2002C00
(1675525687.429232) vcan0 0B0#3983DCA2D5C139A3
(1675525687.429236) vcan0 145#FD52DA80FCC810A1
(1675525687.429240) vcan0 008#0080B4CF00800080
(1675525687.433037) vcan0 260#D0FF0055497487B0
(1675525687.434400) vcan0 010#008000002FB031F8
(1675525687.434477) vcan0 291#0000000000000000
(1675525687.434551) vcan0 1B0#00C0000001B000FC
(1675525687.435952) vcan0 1B5#FF355626C4E0FFEF
(1675525687.436043) vcan0 1D8#363339343234D943
(1675525687.436119) vcan0 1E0#0038130300B917E0
(1675525687.436261) vcan0 2C3#528700FFFFB95450
(1675525687.436335) vcan0 330#2800000000000000
(1675525687.436411) vcan0 425#0000000000000000
(1675525687.436486) vcan0 0E0#627330F80080CB00
(1675525687.436628) vcan0 290#0000000000000000
(1675525687.438697) vcan0 072#F000FF3F0078A038
(1675525687.440040) vcan0 008#0080C4BF00800080
(1675525687.440115) vcan0 288#16E0807F00000080
(1675525687.441428) vcan0 125#E53D80E4C1D0D735
(1675525687.443943) vcan0 010#008000002FB031F8
(1675525687.446657) vcan0 1D0#0000000000000061
(1675525687.446736) vcan0 0F5#1A8919897F5F82EB
(1675525687.446815) vcan0 120#398933897F075689
(1675525687.446893) vcan0 130#BFE41D390941E311
(1675525687.447045) vcan0 150#190908780BF861C0
(1675525687.447124) vcan0 055#E1F7E127B2009C80
(1675525687.447202) vcan0 065#A1E4E1F7058ED501
(1675525687.447280) vcan0 070#00001DF8D5E12800
(1675525687.447359) vcan0 075#0000000000005458
(1675525687.447510) vcan0 080#B04F8000C2002C00
(1675525687.449389) vcan0 0B0#3983DEA2D5C139A3
(1675525687.449394) vcan0 145#FD42DB80FCC810A1
(1675525687.449397) vcan0 28C#000020000016BEA0
(1675525687.449402) vcan0 2B5#4BCB4D6293A63700
(1675525687.449406) vcan0 210#C9E080A0A869E345
(1675525687.449414) vcan0 008#0080D4AF00800080
(1675525687.449418) vcan0 3C8#5287008E882C008E
(1675525687.453111) vcan0 010#008000002FB031F8
(1675525687.455883) vcan0 072#F000FF3F00788038
(1675525687.455974) vcan0 1B0#00C0000002B000FC
(1675525687.456054) vcan0 1B5#FF3B5C29C7E0FFEF
(1675525687.456134) vcan0 1D8#363339343234D943
(1675525687.456211) vcan0 1E0#003C034300B917E0
(1675525687.456288) vcan0 2A9#8C260093C0000084
(1675525687.456366) vcan0 0E0#627329C00080B200
(1675525687.458544) vcan0 360#528700C0C164A001
(1675525687.459913) vcan0 008#0080E49F00800080
(1675525687.461413) vcan0 125#E53D80E4C1D0D735
(1675525687.464005) vcan0 260#D0FF0055497487B0
(1675525687.464010) vcan0 010#008000002FB031F8
(1675525687.466923) vcan0 1D0#0000000000000061
(1675525687.467014) vcan0 0F5#178913897F6372EC
(1675525687.467093) vcan0 120#3E892F897F045689
(1675525687.467181) vcan0 130#C7E41D390931E311
(1675525687.467333) vcan0 150#15090B880BF855C0
(1675525687.467410) vcan0 288#2FE0906F00000080
(1675525687.467488) vcan0 291#0000000000000000
(1675525687.467566) vcan0 390#80FF051D02125B4F
(1675525687.467718) vcan0 3CA#00000000540000C8
(1675525687.467793) vcan0 055#E1F7E127B2009C80
(1675525687.467873) vcan0 065#A6E4E1F7058ED501
(1675525687.467951) vcan0 070#00001DF8D5E12800
(1675525687.468045) vcan0 075#0000000000005458
(1675525687.469687) vcan0 080#B04F8000C2002C00
(1675525687.469692) vcan0 0B0#3983DFA2D5C139A3
(1675525687.469696) vcan0 145#FD32DC80FCC810A1
(1675525687.469700) vcan0 290#0000000000000000
(1675525687.469721) vcan0 2C0#528700CC0100A0F1
(1675525687.469726) vcan0 2C5#00DF49AA9CE40070
(1675525687.469730) vcan0 072#F000FF3F0078A038
(1675525687.469734) vcan0 008#0080F48F00800080
(1675525687.469739) vcan0 3B0#00D865383FC0C400
(1675525687.474898) vcan0 010#008000002FB031F8
(1675525687.474903) vcan0 210#C9E080A0A869E24D
(1675525687.474907) vcan0 1B0#00C0000001B000FC
(1675525687.474911) vcan0 1B5#FF41622CCAE0FFEF
(1675525687.474988) vcan0 1D8#363339343234D943
(1675525687.476287) vcan0 1E0#0000F34300B917E0
(1675525687.476366) vcan0 2C3#528700FFFFBA5450
(1675525687.476446) vcan0 350#A200000000000080
(1675525687.476596) vcan0 3D0#890F6100C50580C3
(1675525687.476674) vcan0 0E0#627326C800809500
(1675525687.478943) vcan0 430#3F083D00000016A6
(1675525687.480247) vcan0 008#0080047F00800080
(1675525687.481753) vcan0 125#E53D80E4C1D0D735
(1675525687.484390) vcan0 010#008000002FB031F8
(1675525687.484395) vcan0 072#F000FF3F00788038
(1675525687.484399) vcan0 1D0#0000000000000061
(1675525687.484551) vcan0 0F5#128910897F6762ED
(1675525687.485778) vcan0 120#20892D897F005689
(1675525687.485858) vcan0 130#CFE41D2D092DDE11
(1675525687.485935) vcan0 150#11090F980BF849C0
(1675525687.488798) vcan0 055#E1F7E127B2009C80
(1675525687.488877) vcan0 065#ABE4E1F7048ED501
(1675525687.488956) vcan0 070#00001EF8D5E12900
(1675525687.489034) vcan0 075#0000000000005458
(1675525687.489111) vcan0 080#AF4F8000C2002C00
(1675525687.489190) vcan0 0B0#3983E0A2D5C139A3
(1675525687.489267) vcan0 145#FD22DD80FCC810A1
(1675525687.489357) vcan0 28C#000020000016BEA1
(1675525687.489509) vcan0 2B5#4BCB4D6293A63700
(1675525687.489587) vcan0 340#7000000000000000
(1675525687.489666) vcan0 370#0722C0005C1BC71F
(1675525687.489743) vcan0 008#0080146F00800080
(1675525687.489823) vcan0 288#2BE0906F00000080
(1675525687.492781) vcan0 260#D0FF00AA497487B0
(1675525687.493999) vcan0 010#008000002FB031F8
(1675525687.495668) vcan0 291#0000000000000000
(1675525687.495748) vcan0 1B0#00C0000001B000FC
(1675525687.495828) vcan0 1B5#FF47682FCDE0FFEF
(1675525687.495976) vcan0 1D8#363339343234D943
(1675525687.496055) vcan0 1E0#0000F30300B917E0
(1675525687.496133) vcan0 2A9#8C26008AC0000084
(1675525687.496211) vcan0 0E0#627324D000807700
(1675525687.496289) vcan0 290#0000000000000000
(1675525687.499624) vcan0 072#F000FF3F0078A038
(1675525687.499628) vcan0 008#0080245F00800080
(1675525687.499633) vcan0 210#C9E080A0A869E345
(1675525687.501031) vcan0 125#E53A80E4C1D0D735
(1675525687.503642) vcan0 010#008000002FB031F9
(1675525687.505008) vcan0 1D0#0000000000000A61
(1675525687.505101) vcan0 0F5#0B890C897F6B52ED
(1675525687.505180) vcan0 120#1D8930897FFF5589
(1675525687.505258) vcan0 130#D7E41D270923E111
(1675525687.505337) vcan0 150#0B090EA80BF83FC0
(1675525687.507738) vcan0 405#5287003C002D3302
(1675525687.507743) vcan0 055#E0F7E027B2009C80
(1675525687.507747) vcan0 065#B0E4E0F7048ED501
(1675525687.507751) vcan0 070#00001EF8D5E12900
(1675525687.507756) vcan0 075#0000000000005458
(1675525687.507760) vcan0 080#AE4F8000C2002C00
(1675525687.507846) vcan0 0B0#3983E1A2D5C139A3
(1675525687.509062) vcan0 145#FD12DE80FCC810A1
(1675525687.509152) vcan0 008#0080344F00800080
(1675525687.514540) vcan0 1B0#00C0000001B000FC
(1675525687.514618) vcan0 1B5#FF4D6E32D0E0FFEF
(1675525687.514698) vcan0 010#008000002FB031F8
(1675525687.514849) vcan0 072#F000FF3F00788038
(1675525687.514928) vcan0 1D8#363339343234D943
(1675525687.515005) vcan0 1E0#0004E34300B917E0
(1675525687.516002) vcan0 288#16E0906F00000080
(1675525687.516082) vcan0 2C3#528700FFFFBA5450
(1675525687.516159) vcan0 330#2800000000000000
(1675525687.516236) vcan0 0E0#627323D800805800
(1675525687.518694) vcan0 008#0080443F00800080
(1675525687.521164) vcan0 125#E53A80E4C1D0D735
(1675525687.523661) vcan0 260#D0FF00AA497487B0
(1675525687.526550) vcan0 010#008000002FB031F8
(1675525687.526628) vcan0 1D0#0000000000000061
(1675525687.526852) vcan0 0F5#0D8909897F6F42EE
(1675525687.526931) vcan0 120#1B8919897F005689
(1675525687.527008) vcan0 130#DFE61D1B091FE111
(1675525687.527086) vcan0 150#0B0909B80BF82FC0
(1675525687.527164) vcan0 210#C9E08020A869E34D
(1675525687.527315) vcan0 291#0000000000000000
(1675525687.527394) vcan0 055#E0F7E027B2009C80
(1675525687.527471) vcan0 065#B5E4E0F7058ED601
(1675525687.527550) vcan0 070#00001EF8D6E12900
(1675525687.527627) vcan0 075#0000000000005458
(1675525687.529458) vcan0 080#AE4F8000C2002C00
(1675525687.529550) vcan0 0B0#3983E3A2D5C139A3
(1675525687.529701) vcan0 145#FD02DF80FCC810A1
(1675525687.529780) vcan0 28C#000020000016BEA1
(1675525687.529870) vcan0 290#0000000000000000
(1675525687.529947) vcan0 2B5#4BCB4D6293A63700
(1675525687.530025) vcan0 2C0#528700CD0100A0F1
(1675525687.530102) vcan0 008#0080542F00800080
(1675525687.530253) vcan0 072#F000FF3F0078A038
(1675525687.530330) vcan0 2C5#00DF4BA9A5E40070
(1675525687.530409) vcan0 3AF#0000000000000020
(1675525687.533360) vcan0 010#008000002FB031F8
(1675525687.534701) vcan0 2A9#8C260082C0000084
(1675525687.534799) vcan0 1B0#00C0000001B000FC
(1675525687.534878) vcan0 1B5#FF537435D3E0FFEF
(1675525687.534958) vcan0 1D8#363339343234D943
(1675525687.536246) vcan0 1E0#0008D34300B917E0
(1675525687.536326) vcan0 0E0#627324E000803700
(1675525687.538956) vcan0 008#0080641F00800080
(1675525687.540246) vcan0 288#26E0906F00000080
(1675525687.541707) vcan0 125#E53A80E4C1D0D735
(1675525687.544360) vcan0 010#008000002FB031F8
(1675525687.544365) vcan0 072#F000FF3F00788038
(1675525687.545786) vcan0 0F5#028900897F7332EF
(1675525687.545867) vcan0 120#0C890E897F035689
(1675525687.545944) vcan0 130#E7E61D0E091CDE11
(1675525687.546023) vcan0 150#01090CC80BF829C0
(1675525687.546100) vcan0 1D0#0000000000000061
(1675525687.548790) vcan0 055#E0F7E027B2009C80
