(1675526536.594830) vcan0 350#A200000000000080
(1675526536.594889) vcan0 008#3D8664DC00800080
(1675526536.595031) vcan0 3AF#0000000000000020
(1675526536.596272) vcan0 010#000000002FB031F8
(1675526536.596414) vcan0 1D0#0000000000000061
(1675526536.596487) vcan0 210#E4E080A0A869F04D
(1675526536.597796) vcan0 125#E5297AE4C1D0D734
(1675526536.597939) vcan0 288#CCDF30CF00000080
(1675526536.598012) vcan0 3C8#5D87008E882C008E
(1675526536.599276) vcan0 1B0#00C0210000B031EC
(1675526536.599426) vcan0 1B5#FF38A0B3E4E0FFEF
(1675526536.599505) vcan0 1D8#363339343234D943
(1675526536.599583) vcan0 1E0#0024634300B917E0
(1675526536.604486) vcan0 008#3D8674CC00800080
(1675526536.605789) vcan0 010#000000002FB031F8
(1675526536.607318) vcan0 072#F000FF3F00788038
(1675526536.607395) vcan0 330#2800000000000000
(1675526536.607472) vcan0 260#D0FF00AA496585B0
(1675526536.608777) vcan0 0F5#97809B80BF5B9174
(1675526536.608927) vcan0 120#95809C807FFE5589
(1675526536.609006) vcan0 130#B7F21D9600FDFF11
(1675526536.609102) vcan0 150#9800F06777F7FBC0
(1675526536.610275) vcan0 055#B6F7FF67B3009C80
(1675526536.610418) vcan0 065#3AE3F4E7008EFA01
(1675526536.611998) vcan0 070#000048A800E25B00
(1675526536.612073) vcan0 075#0000000000005458
(1675526536.612216) vcan0 080#FF4F8000C2002C00
(1675526536.612290) vcan0 0B0#39837DA200C239A3
(1675526536.612364) vcan0 0E0#E2732AE000803100
(1675526536.612438) vcan0 145#FDD2D280FCC810A1
(1675526536.612582) vcan0 370#0724C0005A1BC735
(1675526536.614584) vcan0 008#3D8684BC00800080
(1675526536.615959) vcan0 010#000000002FB031F8
(1675526536.617404) vcan0 1D0#0000000000000061
(1675526536.617546) vcan0 291#0000000000000000
(1675526536.617622) vcan0 125#E5297AE4C1D0D734
(1675526536.618926) vcan0 1B0#00C0220000B031EC
(1675526536.619001) vcan0 1B5#FF38A0B3E4E0FFEF
(1675526536.619134) vcan0 1D8#363339343234D943
(1675526536.619214) vcan0 1E0#0024630300B917E0
(1675526536.619291) vcan0 2C3#5D8700FFFF0A5450
(1675526536.621822) vcan0 290#0000000000000000
(1675526536.621900) vcan0 072#F000FF3F0078A038
(1675526536.621976) vcan0 210#E2E080A0A869F145
(1675526536.623279) vcan0 288#CCDF30CF00000080
(1675526536.624798) vcan0 008#3D8694AC00800080
(1675526536.626317) vcan0 010#000000002FB031F8
(1675526536.626403) vcan0 2A9#8C26009BC0000084
(1675526536.627777) vcan0 0F5#97809C80BF5F8174
(1675526536.629302) vcan0 120#95809C807FFF5589
(1675526536.629376) vcan0 130#BFF21D9700ECFF11
(1675526536.629519) vcan0 150#9900F17777F7EAC0
(1675526536.630827) vcan0 055#B6F7FF67B3009C80
(1675526536.630901) vcan0 065#39E3F4E7FF8DF901
(1675526536.630977) vcan0 070#000048A800E25B00
(1675526536.631051) vcan0 075#0000000000005458
(1675526536.632495) vcan0 080#FF4F8000C2002C00
(1675526536.632569) vcan0 0B0#39837CA200C239A3
(1675526536.632712) vcan0 0E0#E2732CE800800F00
(1675526536.632787) vcan0 145#FDC2D380FCC810A1
(1675526536.632860) vcan0 28C#000020000016BE90
(1675526536.632935) vcan0 2B5#4B4D556293A64936
(1675526536.633077) vcan0 360#5D8700D2BB64A001
(1675526536.635284) vcan0 008#3D86A49C00800080
(1675526536.635358) vcan0 010#000000002FB031F9
(1675526536.635500) vcan0 072#F000FF3F00788038
(1675526536.636808) vcan0 1D0#0000000000000A61
(1675526536.636881) vcan0 390#80FF051D022A554F
(1675526536.636955) vcan0 125#E52C7AE4C1D0D734
(1675526536.638262) vcan0 260#D0FF00AA496285B0
(1675526536.638404) vcan0 1B0#00C0220000B032EC
(1675526536.638478) vcan0 1B5#FF39A0B3E5E0FFEF
(1675526536.638552) vcan0 1D8#363339343234D943
(1675526536.639771) vcan0 1E0#0028534300B917E0
(1675526536.643817) vcan0 008#3D86B48C00800080
(1675526536.645268) vcan0 010#000000002FB031F8
(1675526536.645417) vcan0 210#E2E08020A869F14D
(1675526536.646789) vcan0 291#0000000000000000
(1675526536.646867) vcan0 3D0#8A0F6100340680C3
(1675526536.648324) vcan0 288#CCDF30CF00000080
(1675526536.648402) vcan0 0F5#97809C80BF637174
(1675526536.648479) vcan0 120#95809D807FFF5589
(1675526536.648630) vcan0 130#C7F21D9700DCFF11
(1675526536.648707) vcan0 150#9900F18777F7DAC0
(1675526536.650983) vcan0 055#B6F7FF67B3009C80
(1675526536.653801) vcan0 065#39E3F5E7008EFA01
(1675526536.653877) vcan0 070#000048A800E25B00
(1675526536.654029) vcan0 072#F000FF3F0078A038
(1675526536.654107) vcan0 075#0000000000005458
(1675526536.654184) vcan0 080#FF4F8000C2002C00
(1675526536.654262) vcan0 0B0#39837CA200C239A3
(1675526536.654339) vcan0 0E0#E2732DF00080EE00
(1675526536.654489) vcan0 145#FDB2D480FCC810A1
(1675526536.654568) vcan0 290#0000000000000000
(1675526536.654645) vcan0 2C0#5D8700640300A0F1
(1675526536.654731) vcan0 2C5#00D71F0039E30070
(1675526536.655312) vcan0 008#3D86C47C00800080
(1675526536.656762) vcan0 010#000000002FB031F8
(1675526536.656913) vcan0 1D0#0000000000000061
