(1675525912.589177) vcan0 145#F9E2D180FC4810A1
(1675525912.589239) vcan0 1B0#00C0000003B000FC
(1675525912.589382) vcan0 1B5#FF9EF3B3EBE0FFEF
(1675525912.590141) vcan0 1D8#363339343234E143
(1675525912.590214) vcan0 1E0#0000F34300B917E0
(1675525912.593004) vcan0 290#0000000000000000
(1675525912.593081) vcan0 2C0#4F9E00010000A0F1
(1675525912.593159) vcan0 072#F000FF3F0078A038
(1675525912.593237) vcan0 2C3#4F9E00FFFF015450
(1675525912.593315) vcan0 2C5#24DF8CC07FE6D470
(1675525912.593392) vcan0 360#5E9E005DBB51A001
(1675525912.593543) vcan0 008#1F80F44D23800080
(1675525912.593630) vcan0 125#E52580E4C1D0D735
(1675525912.594069) vcan0 010#008000002FB031F8
(1675525912.595086) vcan0 1D0#0000000000000061
(1675525912.596246) vcan0 390#80FF05000222574F
(1675525912.597336) vcan0 288#16E0E01F00000080
(1675525912.598352) vcan0 0F5#53A963A97F67627E
(1675525912.599440) vcan0 120#C1A990A97F045689
(1675525912.599518) vcan0 130#CFFF1D8029BAFF11
(1675525912.600823) vcan0 150#6529079809F8D5C0
(1675525912.601913) vcan0 260#D0FF00AA497487B0
(1675525912.601992) vcan0 008#1F80043D23800080
(1675525912.605767) vcan0 010#008000002FB031F8
(1675525912.605910) vcan0 072#F000FF3F00788038
(1675525912.605984) vcan0 210#06E08020C269C345
(1675525912.606880) vcan0 2A9#8C26009BC0000084
(1675525912.606954) vcan0 055#F9F70F38B2959E80
(1675525912.607928) vcan0 065#7AE60FF8FEED4602
(1675525912.608004) vcan0 070#000005F846E20D00
(1675525912.608079) vcan0 075#0000000000005458
(1675525912.608223) vcan0 080#28508000C2002C00
(1675525912.608296) vcan0 0B0#528318A3E4C152E3
(1675525912.609056) vcan0 0E0#627345E80080F600
(1675525912.609138) vcan0 145#F9D2D280FC4810A1
(1675525912.609271) vcan0 28C#00000000002CFEA9
(1675525912.609346) vcan0 1B0#00C0000001B000FC
(1675525912.610107) vcan0 1B5#FFB90EC1F8E0FFEF
(1675525912.612931) vcan0 1D8#363339343234E143
(1675525912.613009) vcan0 1E0#0004E34300B917E0
(1675525912.613087) vcan0 2B5#4BD4166293A67A57
(1675525912.613166) vcan0 008#1F80142D23800080
(1675525912.613315) vcan0 125#E52580E4C1D0D735
(1675525912.614043) vcan0 010#008000002FB031F9
(1675525912.615141) vcan0 1D0#0000000000000A61
(1675525912.616231) vcan0 291#0000000000000000
(1675525912.617319) vcan0 290#0000000000000000
(1675525912.618409) vcan0 0F5#67A95EA97F6B5281
(1675525912.619495) vcan0 120#A0A980A97F075689
(1675525912.619645) vcan0 130#D7FF1D8029AAFF11
(1675525912.619721) vcan0 150#5E290BA80AF8CCC0
(1675525912.621889) vcan0 072#F000FF3F0078A038
(1675525912.622038) vcan0 3B0#00D86C3C6CB8C400
(1675525912.622112) vcan0 008#1F8024320E800080
(1675525912.623009) vcan0 288#0EE0E01F00000080
(1675525912.626852) vcan0 010#008000002FB031F8
(1675525912.626996) vcan0 055#F9F70F38B2979E80
(1675525912.628030) vcan0 065#7DE60FF800EE4602
(1675525912.628105) vcan0 070#000005F846E20D00
(1675525912.628179) vcan0 075#0000000000005458
(1675525912.628330) vcan0 080#28508000C2002C00
(1675525912.628405) vcan0 0B0#528318A3E4C152E3
(1675525912.629097) vcan0 0E0#627340F00080DB00
(1675525912.629170) vcan0 145#F9C2D380FC4810A1
(1675525912.629312) vcan0 1B0#00C0000003B000FC
(1675525912.629386) vcan0 1B5#FFD428CE06E0FFEF
(1675525912.630147) vcan0 1D8#363339343234E143
(1675525912.630221) vcan0 1E0#0004E30300B917E0
(1675525912.630362) vcan0 2C3#4F9E00FFFF025450
(1675525912.631259) vcan0 210#06E080A0C269C345
(1675525912.632706) vcan0 260#D0FF0055497487B0
(1675525912.632783) vcan0 008#1F8034220E800080
(1675525912.632935) vcan0 125#E52580E4C1D0D735
(1675525912.633808) vcan0 010#008000002FB031F8
(1675525912.634824) vcan0 072#F000FF3F00788038
(1675525912.635913) vcan0 1D0#0000000000000061
(1675525912.638739) vcan0 0F5#57A95BA97F6F4285
(1675525912.639755) vcan0 120#84A993A97F075689
(1675525912.639833) vcan0 130#DFFF1D80299AFF11
(1675525912.639983) vcan0 150#672904B80AF8B3C0
(1675525912.640857) vcan0 008#1F80442000800080
(1675525912.642026) vcan0 010#008000002FB031F8
(1675525912.643042) vcan0 291#0000000000000000
(1675525912.644132) vcan0 2A9#8C260082C0000084
(1675525912.645219) vcan0 288#1AE0E01F00000080
(1675525912.646235) vcan0 055#F9F70F38B2979E80
(1675525912.649052) vcan0 065#7CE60FF803EE4602
(1675525912.649145) vcan0 070#000005F846E20D00
(1675525912.649208) vcan0 075#0000000000005458
(1675525912.649357) vcan0 080#28508000C2002C00
(1675525912.649434) vcan0 0B0#528318A3E4C152E3
(1675525912.649513) vcan0 0E0#627342F80080B900
(1675525912.649609) vcan0 145#F9B2D480FC4810A1
(1675525912.649687) vcan0 1B0#00C0000003B000FC
(1675525912.650198) vcan0 1B5#FFEE43DB13E0FFEF
(1675525912.650276) vcan0 1D8#363339343234E143
(1675525912.650427) vcan0 1E0#0008D34300B917E0
(1675525912.650504) vcan0 28C#00000000002CFEA9
(1675525912.650581) vcan0 072#F000FF3F0078A038
