(1675526013.023942) vcan0 360#498700A8BD64A041
(1675526013.024016) vcan0 0E0#E27329E000803200
(1675526013.025103) vcan0 010#008800002FB031F8
(1675526013.026119) vcan0 1D0#0000000000000061
(1675526013.026196) vcan0 390#80FF050002125B4F
(1675526013.028580) vcan0 008#5B800C960E800080
(1675526013.029739) vcan0 125#E5F77FE5C1D0D735
(1675526013.030177) vcan0 288#F9DF609F00000080
(1675526013.032129) vcan0 1B0#00C0000003B000FC
(1675526013.032279) vcan0 1B5#FFE81A6ED3E0FFEF
(1675526013.032357) vcan0 1D8#363339343234E043
(1675526013.032435) vcan0 1E0#0008D34300B917E0
(1675526013.034765) vcan0 010#008800002FB031F8
(1675526013.035870) vcan0 072#F000FF3F0078A038
(1675526013.036014) vcan0 210#18E080A0A869C44D
(1675526013.036912) vcan0 330#C800000000000000
(1675526013.037055) vcan0 3D0#8A0F6100661780C3
(1675526013.038375) vcan0 008#5B801C860E800080
(1675526013.039409) vcan0 055#F3F70B28B2789C80
(1675526013.042293) vcan0 065#C7E60BF801CE2002
(1675526013.042366) vcan0 070#00000BF820E21500
(1675526013.042509) vcan0 075#0000000000005458
(1675526013.042582) vcan0 080#1E508000C2002C00
(1675526013.042657) vcan0 0B0#398312A3DEC139A3
(1675526013.042730) vcan0 145#F912DE80FC4810A1
(1675526013.042873) vcan0 260#D0FF00AA497487B0
(1675526013.042947) vcan0 28C#000000000016FEA9
(1675526013.043022) vcan0 0F5#649A609A7F53B285
(1675526013.043095) vcan0 120#9C9A719A7F005689
(1675526013.043203) vcan0 130#A7FF1D731A26FF11
(1675526013.043358) vcan0 150#621AFC47F7F737C0
(1675526013.043437) vcan0 2B5#4BC8286293A6843B
(1675526013.043514) vcan0 340#A100000000000000
(1675526013.044539) vcan0 0E0#E27327E800801400
(1675526013.045986) vcan0 010#008800002FB031F8
(1675526013.046063) vcan0 1D0#0000000000000861
(1675526013.046140) vcan0 291#0000000000000000
(1675526013.047087) vcan0 008#5B802C760E800080
(1675526013.049904) vcan0 125#E5F77FE5C1D0D735
(1675526013.049981) vcan0 290#0000000000000000
(1675526013.051069) vcan0 072#F000FF3F00788038
(1675526013.052084) vcan0 1B0#00C0000003B000FC
(1675526013.052233) vcan0 1B5#FFFA2B76DCE0FFEF
(1675526013.052312) vcan0 1D8#363339343234E043
(1675526013.052388) vcan0 1E0#0008D30300B917E0
(1675526013.052468) vcan0 2C3#468700FFFFBE5450
(1675526013.053266) vcan0 350#A200000000000080
(1675526013.054367) vcan0 288#EDDF708F00000080
(1675526013.055675) vcan0 010#008800002FB031F8
(1675526013.058704) vcan0 2A9#8C26008AC0000084
(1675526013.058779) vcan0 008#5B803C7400800080
(1675526013.059812) vcan0 055#F3F70B28B2769C80
(1675526013.059887) vcan0 065#CCE60BF802CE2002
(1675526013.060029) vcan0 070#00000BF820E21500
(1675526013.060856) vcan0 075#0000000000005458
(1675526013.061000) vcan0 080#1E508000C2002C00
(1675526013.061073) vcan0 0B0#398311A3DEC139A3
(1675526013.061147) vcan0 145#F902DF80FC4810A1
(1675526013.061221) vcan0 210#18E080A0A869C445
(1675526013.062052) vcan0 370#071FC000631BC71F
(1675526013.062125) vcan0 0F5#4F9A609A7F57A287
(1675526013.062199) vcan0 120#979A939A7F005689
(1675526013.062275) vcan0 130#AFFF1D731A16FF11
(1675526013.062417) vcan0 150#571AF857F6F732C0
(1675526013.064442) vcan0 0E0#E27327F00080F400
(1675526013.065829) vcan0 010#008800002FB031F9
(1675526013.065907) vcan0 072#F000FF3F0078A038
(1675526013.066853) vcan0 1D0#0000000000000261
(1675526013.068016) vcan0 008#5B804C6400800080
(1675526013.069176) vcan0 125#E5F77FE5C1D0D735
(1675526013.070478) vcan0 260#D0FF0055497487B0
(1675526013.071496) vcan0 1B0#00C0000004B000FC
(1675526013.071645) vcan0 1B5#FF0B3C7FE4E0FFEF
(1675526013.072950) vcan0 1D8#363339343234E043
(1675526013.073028) vcan0 1E0#000CC34300B917E0
(1675526013.074005) vcan0 010#008800002FB031F8
(1675526013.075180) vcan0 291#0000000000000000
(1675526013.077587) vcan0 008#5B805C5400800080
(1675526013.080400) vcan0 288#EDDF708F00000080
(1675526013.080543) vcan0 055#F3F70B28B2789C80
(1675526013.080618) vcan0 065#C8E60BF800CE2002
(1675526013.080702) vcan0 070#00000BF820E21500
(1675526013.080775) vcan0 072#F000FF3F00788038
(1675526013.080850) vcan0 075#0000000000005458
(1675526013.081610) vcan0 080#1E508000C2002C00
(1675526013.081685) vcan0 0B0#398311A3DEC139A3
(1675526013.081759) vcan0 145#F9F2D080FC4810A1
(1675526013.081832) vcan0 0F5#609A649A7F5B9289
(1675526013.081907) vcan0 120#799A8C9A7FFF5589
(1675526013.082667) vcan0 130#B7FF1D731A06FF11
(1675526013.082741) vcan0 150#621AFB67F6F717C0
(1675526013.082815) vcan0 28C#000000000016FEA9
(1675526013.082890) vcan0 290#0000000000000000
(1675526013.085440) vcan0 2B5#4BC8286293A6853B
(1675526013.085519) vcan0 2C0#468700000000A0F1
(1675526013.085669) vcan0 2C5#11DF8FD5C9E60070
(1675526013.085747) vcan0 3AF#0000000000000020
(1675526013.085833) vcan0 3CA#00000000D20000C8
(1675526013.085912) vcan0 0E0#E27325F80080D600
(1675526013.086495) vcan0 010#008800002FB031F8
(1675526013.086644) vcan0 1D0#0000000000000061
(1675526013.086724) vcan0 210#18E08020A869C445
(1675526013.087594) vcan0 008#5B806C4400800080
(1675526013.088682) vcan0 125#E5F77FE5C1D0D735
(1675526013.091213) vcan0 1B0#00C0000002B000FC
(1675526013.093928) vcan0 1B5#FF1C4E87EDE0FFEF
(1675526013.094002) vcan0 1D8#363339343234E043
(1675526013.094077) vcan0 1E0#0010B34300B917E0
(1675526013.094221) vcan0 2C3#468700FFFFBE5450
(1675526013.095049) vcan0 010#008800002FB031F8
(1675526013.096153) vcan0 072#F000FF3F0078A038
(1675526013.096227) vcan0 2A9#8C260082C0000084
(1675526013.097259) vcan0 008#5B807C3400800080
(1675526013.099607) vcan0 055#F3F70B28B2789C80
(1675526013.099750) vcan0 065#C8E60BF8FFCD2002
(1675526013.099823) vcan0 070#00000BF820E21500
(1675526013.102635) vcan0 075#0000000000005458
(1675526013.102707) vcan0 080#1E508000C2002C00
(1675526013.102783) vcan0 0B0#398311A3DEC139A3
(1675526013.102857) vcan0 145#F9E2D180FC4810A1
(1675526013.103000) vcan0 260#D0FF0055497487B0
(1675526013.103074) vcan0 0F5#5B9A6B9A7F5F828B
(1675526013.103148) vcan0 120#6E9A829A7FF75589
(1675526013.103213) vcan0 130#BFFF1D731AF6FF11
(1675526013.103364) vcan0 150#631AF877F5F706C0
(1675526013.103661) vcan0 0E0#E27324C00080B700
(1675526013.104821) vcan0 288#F5DF708F00000080
(1675526013.105982) vcan0 010#008800002FB031F8
(1675526013.106059) vcan0 1D0#0000000000000061
(1675526013.106145) vcan0 291#0000000000000000
(1675526013.108460) vcan0 008#5B808C2400800080
(1675526013.111350) vcan0 125#E5F77FE5C1D0D735
(1675526013.111428) vcan0 290#0000000000000000
(1675526013.111507) vcan0 072#F000FF3F00788038
(1675526013.111585) vcan0 210#18E080A0A869C44D
(1675526013.111662) vcan0 3B0#00D843383FBCC600
(1675526013.111811) vcan0 1B0#00C0000003B000FC
(1675526013.112467) vcan0 1B5#FF2D5F90F5E0FFEF
(1675526013.112618) vcan0 1D8#363339343234E043
(1675526013.112696) vcan0 1E0#0010B30300B917E0
(1675526013.113550) vcan0 010#008800002FB031F8
(1675526013.114725) vcan0 330#C800000000000000
(1675526013.117197) vcan0 008#5B809C1400800080
(1675526013.120080) vcan0 3C8#4687008E882C008E
(1675526013.120153) vcan0 055#F3F70B28B2789C80
(1675526013.120235) vcan0 065#CAE60BF8FFCD2002
(1675526013.120310) vcan0 070#00000BF820E21500
(1675526013.120382) vcan0 075#0000000000005458
(1675526013.121211) vcan0 080#1E508000C2002C00
(1675526013.121285) vcan0 0B0#398311A3DEC139A3
(1675526013.121360) vcan0 145#F9D2D280FC4810A1
(1675526013.121502) vcan0 28C#000000000016FEA9
(1675526013.122263) vcan0 0F5#5B9A649A7F63728E
(1675526013.122337) vcan0 120#879A8C9A7F045689
(1675526013.122479) vcan0 130#C7FF1D731AE6FF11
(1675526013.122553) vcan0 150#5F1AFB87F5F7FAC0
(1675526013.122627) vcan0 2B5#4BC8286293A6853B
(1675526013.123352) vcan0 340#A100000000000000
(1675526013.124732) vcan0 360#498700A8BD64A041
(1675526013.124810) vcan0 0E0#E27318C80080A300
(1675526013.125823) vcan0 010#008800002FB031F8
(1675526013.125910) vcan0 072#F000FF3F0078A038
(1675526013.127359) vcan0 1D0#0000000000000861
(1675526013.127437) vcan0 390#80FF050002125B4F
(1675526013.128453) vcan0 008#5B80AC0400800080
(1675526013.129542) vcan0 125#E5F77FE5C1D0D735
(1675526013.129692) vcan0 288#F5DF708F00000080
(1675526013.130707) vcan0 260#D0FF0055497487B0
(1675526013.131938) vcan0 1B0#00C0000003B000FC
(1675526013.132014) vcan0 1B5#FF3E7098FEE0FFEF
(1675526013.132092) vcan0 1D8#363339343234E043
(1675526013.132170) vcan0 1E0#0014A34300B917E0
(1675526013.133115) vcan0 2C3#468700FFFFBE5450
(1675526013.135798) vcan0 010#008800002FB031F8
(1675526013.135872) vcan0 210#18E080A0A869C445
(1675526013.136016) vcan0 291#0000000000000000
(1675526013.137051) vcan0 2A9#8C26009BC0000084
(1675526013.138117) vcan0 008#5B80BCF400800080
(1675526013.139221) vcan0 055#F3F70B28B2769C80
(1675526013.140392) vcan0 065#C8E60BF802CE2002
(1675526013.140467) vcan0 070#00000BF820E21500
(1675526013.140541) vcan0 072#F000FF3F00788038
(1675526013.141847) vcan0 075#0000000000005458
(1675526013.141988) vcan0 080#1E508000C2002C00
(1675526013.142061) vcan0 0B0#398311A3DEC139A3
(1675526013.142138) vcan0 145#F9C2D380FC4810A1
(1675526013.142212) vcan0 290#0000000000000000
(1675526013.142354) vcan0 0F5#6E9A629A7F676290
(1675526013.142428) vcan0 120#9F9A6E9A7FFF5589
(1675526013.142501) vcan0 130#CFFF1D731AD6FF11
(1675526013.144724) vcan0 150#681AFB97F5F7E1C0
(1675526013.144879) vcan0 2C0#468700000000A0F1
(1675526013.144956) vcan0 2C5#11DF8FD5C9E60070
(1675526013.145065) vcan0 350#A200000000000080
(1675526013.145144) vcan0 0E0#E27315D000808600
(1675526013.145799) vcan0 010#008800002FB031F9
(1675526013.145949) vcan0 1D0#0000000000000261
(1675526013.146967) vcan0 008#5B80CCE400800080
(1675526013.148057) vcan0 125#E5F77FE5C1D0D735
(1675526013.150588) vcan0 1B0#00C0000005B000FC
(1675526013.151964) vcan0 1B5#FF4F81A106E0FFEF
(1675526013.152042) vcan0 1D8#363339343234E043
(1675526013.152191) vcan0 1E0#0018934300B917E0
(1675526013.153062) vcan0 288#E9DF807F00000080
(1675526013.155614) vcan0 010#008800002FB031F8
(1675526013.156715) vcan0 072#F000FF3F0078A038
(1675526013.159460) vcan0 008#5B80DCD400800080
(1675526013.159602) vcan0 055#F3F70B28B2769C80
(1675526013.159677) vcan0 065#CCE60BF8FFCD2002
(1675526013.160519) vcan0 070#00000BF820E21500
(1675526013.160662) vcan0 075#0000000000005458
(1675526013.160736) vcan0 080#1E508000C2002C00
(1675526013.160809) vcan0 0B0#398311A3DEC139A3
(1675526013.161705) vcan0 145#F9B2D480FC4810A1
(1675526013.161780) vcan0 210#18E080A0A869C44D
(1675526013.161852) vcan0 260#D0FF00AA497487B0
(1675526013.161994) vcan0 0F5#549A5F9A7F6B5292
(1675526013.162069) vcan0 120#979A719A7FFF5589
(1675526013.164659) vcan0 130#D7FF1D731AC6FF11
(1675526013.164739) vcan0 150#591AF9A7F5F7E0C0
(1675526013.164816) vcan0 28C#000000000016FEA9
(1675526013.164893) vcan0 2B5#4BC8286293A6853B
(1675526013.164971) vcan0 370#071FC000631BC71F
(1675526013.165050) vcan0 0E0#E27314D800806700
(1675526013.165705) vcan0 010#008800002FB031F8
(1675526013.165794) vcan0 1D0#0000000000000061
(1675526013.166809) vcan0 291#0000000000000000
(1675526013.167971) vcan0 008#5B80ECC400800080
(1675526013.169058) vcan0 125#E5F77FE5C1D0D735
(1675526013.170434) vcan0 290#0000000000000000
(1675526013.170511) vcan0 072#F000FF3F00788038
(1675526013.172102) vcan0 1B0#00C0000005B000FC
(1675526013.172179) vcan0 1B5#FF6192A90FE0FFEF
(1675526013.172257) vcan0 1D8#363339343234E043
(1675526013.172408) vcan0 1E0#0018930300B917E0
(1675526013.173208) vcan0 2C3#468700FFFFBF5450
(1675526013.174314) vcan0 010#008800002FB031F8
(1675526013.175486) vcan0 2A9#8C260082C0000084
(1675526013.177888) vcan0 008#5B80FCB400800080
(1675526013.182207) vcan0 288#F1DF807F00000080
(1675526013.182282) vcan0 055#F3F70B28B2789C80
(1675526013.182363) vcan0 065#C9E60BF801CE2002
(1675526013.182441) vcan0 070#00000BF820E21500
(1675526013.182582) vcan0 075#0000000000005458
(1675526013.182657) vcan0 080#1E508000C2002C00
(1675526013.182731) vcan0 0B0#398311A3DEC139A3
(1675526013.182807) vcan0 145#F9A2D580FC4810A1
(1675526013.182950) vcan0 0F5#609A659A7F6F4294
(1675526013.183024) vcan0 120#829A939A7FF85589
(1675526013.183097) vcan0 130#DFFF1D731AB6FF11
(1675526013.183206) vcan0 150#621AF9B7F5F7C7C0
(1675526013.183287) vcan0 0E0#E27317E000804400
(1675526013.184450) vcan0 010#008800002FB031F8
(1675526013.185610) vcan0 072#F000FF3F0078A038
(1675526013.186625) vcan0 1D0#0000000000000061
(1675526013.186703) vcan0 210#18E080A0A869C44D
(1675526013.187936) vcan0 008#5B800CA400800080
(1675526013.189608) vcan0 125#E5F77FE5C1D0D735
(1675526013.189687) vcan0 260#D0FF00AA497487B0
(1675526013.190702) vcan0 1B0#00C0000002B000FC
(1675526013.191790) vcan0 1B5#FF72A3B217E0FFEF
(1675526013.191940) vcan0 1D8#363339343234E043
(1675526013.192885) vcan0 1E0#001C834300B917E0
(1675526013.195584) vcan0 010#008800002FB031F8
(1675526013.195660) vcan0 291#0000000000000000
(1675526013.196761) vcan0 330#C800000000000000
(1675526013.196835) vcan0 425#0000000000000000
(1675526013.197801) vcan0 008#5B801C9400800080
(1675526013.198973) vcan0 055#F3F70B28B2789C80
(1675526013.200350) vcan0 065#C8E60BF8FFCD2002
(1675526013.200424) vcan0 070#00000BF820E21500
(1675526013.200499) vcan0 072#F000FF3F00788038
(1675526013.200641) vcan0 075#0000000000005458
(1675526013.201416) vcan0 080#1E508000C2002C00
(1675526013.201489) vcan0 0B0#398311A3DEC139A3
(1675526013.201632) vcan0 145#F992D680FC4810A1
(1675526013.201706) vcan0 0F5#599A689A7F733296
(1675526013.202604) vcan0 120#7B9A8C9A7FFE5589
(1675526013.202678) vcan0 130#E7FF1D731AA6FF11
(1675526013.206826) vcan0 150#601AF8C7F5F7B9C0
(1675526013.206903) vcan0 28C#000000000016FEA9
(1675526013.207054) vcan0 290#0000000000000000
(1675526013.207134) vcan0 2B5#4BC8286293A6853B
(1675526013.207213) vcan0 2C0#468700000000A0F1
(1675526013.207290) vcan0 2C5#11DF8FD5CAE60070
(1675526013.207367) vcan0 340#A100000000000000
(1675526013.207445) vcan0 3AF#0000000000000020
(1675526013.207595) vcan0 0E0#E27317E800802400
(1675526013.207672) vcan0 3CA#00000000D30000C8
(1675526013.207758) vcan0 288#06E0807F00000080
(1675526013.207838) vcan0 010#008800002FB031F8
(1675526013.207916) vcan0 1D0#0000000000000861
(1675526013.207994) vcan0 008#5B802C8400800080
(1675526013.209083) vcan0 125#E5F77FE5C1D0D735
(1675526013.210243) vcan0 210#18E080A0A869C445
(1675526013.211618) vcan0 1B0#00C0000003B000FC
(1675526013.211699) vcan0 1B5#FF83B5BA20E0FFEF
(1675526013.212645) vcan0 1D8#363339343234E043
(1675526013.212795) vcan0 1E0#0020734300B917E0
(1675526013.212872) vcan0 2C3#468700FFFFBF5450
(1675526013.215164) vcan0 010#008800002FB031F8
(1675526013.216336) vcan0 072#F000FF3F0078A038
(1675526013.216411) vcan0 2A9#8C26009BC0000084
(1675526013.218813) vcan0 008#5B803C7400800080
(1675526013.219918) vcan0 055#F3F70B28B2769C80
(1675526013.220002) vcan0 065#C5E60BF8FDCD2002
(1675526013.222679) vcan0 070#00000BF820E21500
(1675526013.222822) vcan0 075#0000000000005458
(1675526013.222896) vcan0 080#1E508000C2002C00
(1675526013.222971) vcan0 0B0#398312A3DEC139A3
(1675526013.223044) vcan0 145#F982D780FC4810A1
(1675526013.223207) vcan0 260#D0FF00AA497487B0
(1675526013.223287) vcan0 0F5#599A5C9A7F772298
(1675526013.223365) vcan0 120#7D9A899A7FFE5589
(1675526013.223443) vcan0 130#EFFF1D731A96FF11
(1675526013.223522) vcan0 150#5A1AFFD7F5F7AFC0
(1675526013.223599) vcan0 360#498700A8BD64A041
(1675526013.223822) vcan0 0E0#E27313F000800800
(1675526013.224913) vcan0 010#008800002FB031F9
(1675526013.226145) vcan0 1D0#0000000000000261
(1675526013.226583) vcan0 291#0000000000000000
(1675526013.227470) vcan0 390#80FF0500020A5D4F
(1675526013.228631) vcan0 008#5B804C6400800080
(1675526013.230079) vcan0 125#E5F77FE5C1D0D735
(1675526013.230231) vcan0 288#FEDF807F00000080
(1675526013.230309) vcan0 290#0000000000000000
(1675526013.230386) vcan0 072#F000FF3F00788038
(1675526013.231186) vcan0 3B0#00D843383FBCC400
(1675526013.231263) vcan0 1B0#00C0000002B000FC
(1675526013.232354) vcan0 1B5#FF94C6C328E0FFEF
(1675526013.232431) vcan0 1D8#363339343234E043
(1675526013.232509) vcan0 1E0#0020730300B917E0
(1675526013.232585) vcan0 350#A200000000000080
(1675526013.234824) vcan0 010#008800002FB031F8
(1675526013.235993) vcan0 210#18E08020A869C44D
(1675526013.236067) vcan0 3D0#8B0F6100661780C3
(1675526013.238540) vcan0 008#5B805C5400800080
(1675526013.239587) vcan0 3C8#4687008E882C008E
(1675526013.239661) vcan0 055#F3F70A28B2769C80
(1675526013.242475) vcan0 065#C7E60BF800CE2002
(1675526013.242549) vcan0 070#00000BF820E21500
(1675526013.242624) vcan0 075#0000000000005458
(1675526013.242699) vcan0 080#1E508000C2002C00
(1675526013.242841) vcan0 0B0#398312A3DEC139A3
(1675526013.242915) vcan0 145#F972D880FC4810A1
(1675526013.242989) vcan0 28C#000000000016FEA9
(1675526013.243064) vcan0 0F5#659A569A7F7B129A
(1675526013.243218) vcan0 120#969A6B9A7F025689
(1675526013.243298) vcan0 130#F7FF1D731A86FF11
(1675526013.243375) vcan0 150#5D1AFEE7F5F79CC0
(1675526013.243453) vcan0 2B5#4BC9286293A6853B
(1675526013.243532) vcan0 430#41084300000016A6
(1675526013.243609) vcan0 0E0#E2730BF80080F000
(1675526013.244781) vcan0 010#008800002FB031F8
(1675526013.246082) vcan0 072#F000FF3F0078A038
(1675526013.246159) vcan0 1D0#0000000000000061
(1675526013.247248) vcan0 400#0203010202010222
(1675526013.247328) vcan0 405#4987003C002D3402
(1675526013.248273) vcan0 008#5B806C4400800080
(1675526013.251087) vcan0 125#E5F77FE5C1D0D735
(1675526013.251164) vcan0 260#D0FF00AA497487B0
(1675526013.252179) vcan0 1B0#00C0000002B000FC
(1675526013.252258) vcan0 1B5#FFA5D7CB31E0FFEF
(1675526013.252336) vcan0 1D8#363339343234E043
(1675526013.252413) vcan0 1E0#0024634300B917E0
(1675526013.252490) vcan0 2C3#468700FFFFC05450
(1675526013.253291) vcan0 288#F5DF906F00000080
(1675526013.255836) vcan0 010#008800002FB031F8
(1675526013.257007) vcan0 291#0000000000000000
(1675526013.257102) vcan0 2A9#8C260082C0000084
(1675526013.259916) vcan0 008#5B807C3400800080
(1675526013.259989) vcan0 055#F3F70A28B2769C80
(1675526013.260064) vcan0 065#C9E60BF800CE2002
(1675526013.260138) vcan0 070#00000BF820E21500
(1675526013.260967) vcan0 075#0000000000005458
(1675526013.261043) vcan0 080#1E508000C2002C00
(1675526013.261117) vcan0 0B0#398312A3DEC139A3
(1675526013.261192) vcan0 072#F000FF3F00788038
(1675526013.261335) vcan0 145#F962D980FC4810A1
(1675526013.262231) vcan0 210#18E080A0A869C445
(1675526013.262650) vcan0 290#0000000000000000
(1675526013.262723) vcan0 0F5#4E9A5C9A7F7F029D
(1675526013.262865) vcan0 120#A89A679A7FFF5589
(1675526013.264955) vcan0 130#FFFF1D731A76FF11
(1675526013.265033) vcan0 150#551AF8F7F6F794C0
(1675526013.265142) vcan0 2C0#468700000000A0F1
(1675526013.265207) vcan0 2C5#11DF8FD5C8E60070
(1675526013.265286) vcan0 370#071FC000631BC71F
(1675526013.265363) vcan0 3E0#000000D92E808090
(1675526013.265440) vcan0 0E0#E2730CC00080CF00
(1675526013.266096) vcan0 010#008800002FB031F8
(1675526013.266173) vcan0 1D0#0000000000000061
(1675526013.267117) vcan0 008#5B808C2400800080
(1675526013.268277) vcan0 125#E5FA7FE5C1D0D735
(1675526013.270804) vcan0 1B0#00C0000004B000FC
(1675526013.272252) vcan0 1B5#FFB6E8D439E0FFEF
(1675526013.272330) vcan0 1D8#363339343234E043
(1675526013.272408) vcan0 1E0#0028534300B917E0
(1675526013.273308) vcan0 010#008800002FB031F8
(1675526013.275767) vcan0 072#F000FF3F0078A038
(1675526013.276930) vcan0 330#C800000000000000
(1675526013.278100) vcan0 008#5B809C1400800080
(1675526013.280842) vcan0 288#EDDF906F00000080
(1675526013.280993) vcan0 055#F3F70A28B2769C80
(1675526013.281070) vcan0 065#C6E60AF801CE2002
(1675526013.281149) vcan0 070#00000BF81FE21500
(1675526013.281225) vcan0 075#0000000000005458
(1675526013.281302) vcan0 080#1D508000C2002C00
(1675526013.281382) vcan0 0B0#398311A3DEC139A3
(1675526013.281531) vcan0 145#F952DA80FC4810A1
(1675526013.281974) vcan0 260#D0FF0055497487B0
(1675526013.282050) vcan0 0F5#539A689A7F43F29F
(1675526013.282129) vcan0 120#8E9A7D9A7F075689
(1675526013.282205) vcan0 130#87FF1D731A66FF11
(1675526013.284868) vcan0 150#5D1AFC07F6F77CC0
(1675526013.284943) vcan0 28C#000000000016FEA9
(1675526013.285016) vcan0 2B5#4BC9286293A6853B
(1675526013.285115) vcan0 340#A100000000000000
(1675526013.285190) vcan0 0E0#E27307C80080B400
(1675526013.285881) vcan0 010#008800002FB031F8
(1675526013.286025) vcan0 1D0#0000000000000861
(1675526013.286991) vcan0 210#18E080A0A869C445
(1675526013.287066) vcan0 291#0000000000000000
(1675526013.288032) vcan0 008#5B80AC0400800080
(1675526013.289143) vcan0 125#E5FA7FE5C1D0D735
(1675526013.290441) vcan0 290#0000000000000000
(1675526013.290583) vcan0 072#F000FF3F00788038
(1675526013.292028) vcan0 1B0#00C0000002B000FC
(1675526013.292171) vcan0 1B5#FFC8F9DC42E0FFEF
(1675526013.292245) vcan0 1D8#363339343234E043
(1675526013.292318) vcan0 1E0#0028530300B917E0
(1675526013.292392) vcan0 2C3#468700FFFFC05450
(1675526013.293208) vcan0 010#008800002FB031F8
(1675526013.294318) vcan0 2A9#8C26008AC0000084
(1675526013.297999) vcan0 008#5B80BCF400800080
(1675526013.299158) vcan0 055#F3F70A28B2769C80
(1675526013.300246) vcan0 065#C8E60AF8FECD1F02
(1675526013.300324) vcan0 070#00000BF81FE21500
(1675526013.300402) vcan0 075#0000000000005458
(1675526013.301276) vcan0 080#1D508000C2002C00
(1675526013.302869) vcan0 0B0#398312A3DEC139A3
(1675526013.302946) vcan0 145#F942DB80FC4810A1
(1675526013.303024) vcan0 0F5#599A6E9A7F47E2A1
(1675526013.303101) vcan0 120#899A939A7FFB5589
(1675526013.303254) vcan0 130#8FFF1D731A56FF11
(1675526013.303328) vcan0 150#631AF517F6F766C0
(1675526013.305663) vcan0 0E0#E27309D000809200
(1675526013.305807) vcan0 288#FEDF906F00000080
(1675526013.305880) vcan0 010#008800002FB031F9
(1675526013.305968) vcan0 072#F000FF3F0078A038
(1675526013.306865) vcan0 1D0#0000000000000261
(1675526013.307900) vcan0 008#5B80CCE400800080
(1675526013.309001) vcan0 125#E5FA7FE5C1D0D735
(1675526013.310104) vcan0 260#D0FF0055497487B0
(1675526013.310177) vcan0 210#1AE080A0A869C44D
(1675526013.311485) vcan0 1B0#00C0000002B000FC
(1675526013.311559) vcan0 1B5#FFD90AE54AE0FFEF
(1675526013.313003) vcan0 1D8#363339343234E043
(1675526013.313076) vcan0 1E0#002C434300B917E0
(1675526013.314012) vcan0 010#008800002FB031F8
(1675526013.315171) vcan0 291#0000000000000000
(1675526013.317628) vcan0 008#5B80DCD400800080
(1675526013.320441) vcan0 055#F3F70A28B2769C80
(1675526013.320519) vcan0 065#C8E60AF800CE1F02
(1675526013.320598) vcan0 070#00000BF81FE21500
(1675526013.320686) vcan0 075#0000000000005458
(1675526013.320763) vcan0 072#F000FF3F00788038
(1675526013.320914) vcan0 080#1D508000C2002C00
(1675526013.321567) vcan0 0B0#398311A3DEC139A3
(1675526013.321645) vcan0 145#F932DC80FC4810A1
(1675526013.321794) vcan0 28C#000000000016FEA9
(1675526013.321871) vcan0 0F5#539A5D9A7F4BD2A3
(1675526013.321949) vcan0 120#899A939A7FFE5589
(1675526013.322676) vcan0 130#97FF1D731A46FF11
(1675526013.322755) vcan0 150#581AFE27F7F761C0
(1675526013.322832) vcan0 290#0000000000000000
(1675526013.322910) vcan0 2B5#4BC9286293A6853B
(1675526013.324028) vcan0 2C0#468700000000A0F1
(1675526013.324172) vcan0 2C5#11DF8FD5C8E60070
(1675526013.324247) vcan0 350#A200000000000080
(1675526013.324320) vcan0 360#498700A8BD64A041
(1675526013.324403) vcan0 3AF#0000000000000020
(1675526013.324546) vcan0 0E0#E27304D800807700
(1675526013.324621) vcan0 3CA#00000000D40000C8
(1675526013.325246) vcan0 010#008800002FB031F8
(1675526013.326280) vcan0 1D0#0000000000000061
(1675526013.326354) vcan0 390#80FF0500020A5D4F
(1675526013.329236) vcan0 008#5B80ECC400800080
(1675526013.329314) vcan0 125#E5FA7FE5C1D0D735
(1675526013.330072) vcan0 288#FEDF906F00000080
(1675526013.331174) vcan0 1B0#00C0000003B000FC
(1675526013.332211) vcan0 1B5#FFEA1BED53E0FFEF
(1675526013.332284) vcan0 1D8#363339343234E043
(1675526013.332358) vcan0 1E0#0030334300B917E0
(1675526013.332502) vcan0 2C3#468700FFFFC05450
(1675526013.334730) vcan0 010#008800002FB031F8
(1675526013.337547) vcan0 072#F000FF3F0078A038
(1675526013.337642) vcan0 210#1AE080A0A869C445
(1675526013.337719) vcan0 2A9#8C260093C0000084
(1675526013.338736) vcan0 008#5B80FCB400800080
(1675526013.339825) vcan0 055#F3F70A28B2769C80
(1675526013.339903) vcan0 065#CAE60AF802CE1F02
(1675526013.340053) vcan0 070#00000BF81FE21500
(1675526013.340131) vcan0 075#0000000000005458
(1675526013.341005) vcan0 080#1D508000C2002C00
(1675526013.341084) vcan0 0B0#398311A3DEC139A3
(1675526013.341161) vcan0 145#F922DD80FC4810A1
(1675526013.341237) vcan0 260#D0FF0055497487B0
(1675526013.342323) vcan0 0F5#769A5D9A7F4FC2A5
(1675526013.342402) vcan0 120#8C9A899A7FFB5589
(1675526013.342479) vcan0 130#9FFF1D761A330112
(1675526013.342556) vcan0 150#6A1AFE37F7F73FC0
(1675526013.343830) vcan0 0E0#E27301E000805A00
(1675526013.345010) vcan0 010#008800002FB031F8
(1675526013.346115) vcan0 1D0#0000000000000061
(1675526013.346258) vcan0 291#0000000000000000
(1675526013.347224) vcan0 008#5B800CA400800080
(1675526013.349764) vcan0 125#E5FA7FE5C1D0D735
(1675526013.349839) vcan0 290#0000000000000000
(1675526013.352653) vcan0 072#F000FF3F00788038
(1675526013.352727) vcan0 1B0#00C0000006B000FC
(1675526013.352803) vcan0 1B5#FFFB2DF65CE0FFEF
(1675526013.352877) vcan0 1D8#363339343234E043
(1675526013.353020) vcan0 1E0#0030330300B917E0
(1675526013.353094) vcan0 3B0#00D843383FBCC400
(1675526013.353710) vcan0 288#F9DFA05F00000080
(1675526013.354724) vcan0 010#008800002FB031F8
(1675526013.355957) vcan0 330#C800000000000000
(1675526013.358270) vcan0 008#5B801C9400800080
(1675526013.361174) vcan0 055#F3F70A28B2749C80
(1675526013.361319) vcan0 065#C8E60AF8FFCD1F02
(1675526013.361397) vcan0 070#00000BF81FE21500
(1675526013.361473) vcan0 075#0000000000005458
(1675526013.361551) vcan0 080#1D508000C2002C00
(1675526013.361628) vcan0 0B0#398311A3DEC139A3
(1675526013.361707) vcan0 145#F912DE80FC4810A1
(1675526013.361855) vcan0 210#1AE080A0A869C44D
(1675526013.361934) vcan0 28C#000000000016FEA9
(1675526013.362373) vcan0 0F5#599A629A7F53B2A7
(1675526013.362450) vcan0 120#9F9A809A7FFF5589
(1675526013.362528) vcan0 130#A7FF1D761A230112
(1675526013.362604) vcan0 150#5D1AFF47F7F73CC0
(1675526013.362755) vcan0 2B5#4BC9286293A6853A
(1675526013.363402) vcan0 340#A100000000000000
(1675526013.366217) vcan0 370#071FC000631BC71F
(1675526013.366303) vcan0 3C8#4687008E882C008E
(1675526013.366379) vcan0 0E0#627308E800803300
(1675526013.366521) vcan0 010#008800002FB031F8
(1675526013.366596) vcan0 072#F000FF3F0078A038
(1675526013.366670) vcan0 1D0#0000000000000861
(1675526013.367291) vcan0 008#5B802C8400800080
(1675526013.368463) vcan0 125#E5FA7FE5C1D0D735
(1675526013.369567) vcan0 260#D0FF00AA497487B0
(1675526013.371973) vcan0 1B0#00C0000005B000FC
(1675526013.372048) vcan0 1B5#FF0C3EFE64E0FFEF
(1675526013.372121) vcan0 1D8#363339343234E043
(1675526013.372196) vcan0 1E0#0034234300B917E0
(1675526013.373348) vcan0 2C3#468700FFFFC15450
(1675526013.374437) vcan0 010#008800002FB031F8
(1675526013.375523) vcan0 291#0000000000000000
(1675526013.376610) vcan0 2A9#8C26008AC0000084
(1675526013.377921) vcan0 008#5B803C7400800080
(1675526013.381026) vcan0 055#F3F70A28B2729C80
(1675526013.381102) vcan0 065#CAE60AF802CE1F02
(1675526013.381180) vcan0 070#00000BF81EE21500
(1675526013.381259) vcan0 075#0000000000005458
(1675526013.381336) vcan0 080#1C508000C2002C00
(1675526013.381414) vcan0 072#F000FF3F00788038
(1675526013.381565) vcan0 0B0#398311A3DEC139A3
(1675526013.381643) vcan0 145#F902DF80FC4810A1
(1675526013.382081) vcan0 288#FEDFA05F00000080
(1675526013.382158) vcan0 0F5#569A699A7F57A2A9
(1675526013.382236) vcan0 120#939A7B9A7F0C5689
(1675526013.382315) vcan0 130#AFFF1D761A130112
(1675526013.382392) vcan0 150#5F1AFB57F8F72AC0
(1675526013.383119) vcan0 290#0000000000000000
(1675526013.383198) vcan0 2C0#468700000000A0F1
(1675526013.384445) vcan0 2C5#11DF8FD5C8E60070
(1675526013.384520) vcan0 0E0#62731DF00080FE00
(1675526013.385487) vcan0 010#008800002FB031F9
(1675526013.386590) vcan0 1D0#0000000000000261
(1675526013.386663) vcan0 210#1AE08020A869C44D
(1675526013.387970) vcan0 008#588044E700800080
(1675526013.389073) vcan0 125#E5FD7FE5C1D0D735
(1675526013.391409) vcan0 1B0#00C0000003B000FC
(1675526013.391485) vcan0 1B5#FF1D4F076DE0FFEF
(1675526013.392449) vcan0 1D8#363339343234E043
(1675526013.392592) vcan0 1E0#0038134300B917E0
(1675526013.394948) vcan0 010#008800002FB031F8
(1675526013.396036) vcan0 072#F000FF3F0078A038
(1675526013.398422) vcan0 008#548054B823800080
(1675526013.399439) vcan0 055#F3F70A28B2729C80
(1675526013.399587) vcan0 065#CAE60AF800CE1E02
(1675526013.402346) vcan0 070#00000BF81EE21500
(1675526013.402427) vcan0 075#0000000000005458
(1675526013.402574) vcan0 080#1C508000C2002C00
(1675526013.402651) vcan0 0B0#398311A3DEC139A3
(1675526013.402730) vcan0 145#F9F2D080FC4810A1
(1675526013.402809) vcan0 260#D0FF00AA497487B0
(1675526013.402887) vcan0 28C#000000000016FEA9
(1675526013.403037) vcan0 0F5#599A769A7F5B92AC
(1675526013.403114) vcan0 120#7B9A6B9A7F0A5689
(1675526013.403212) vcan0 130#B7FF1D761A030112
(1675526013.403290) vcan0 150#681AFF67F8F711C0
(1675526013.403369) vcan0 2B5#4BC9286293A6853A
(1675526013.403448) vcan0 0E0#62732EF80080CD00
(1675526013.404609) vcan0 288#EDDFA05F00000080
(1675526013.405699) vcan0 010#008800002FB031F8
(1675526013.407073) vcan0 1D0#0000000000000061
(1675526013.407163) vcan0 291#0000000000000000
(1675526013.408253) vcan0 008#5180649C32800080
(1675526013.411069) vcan0 125#E50080E5C1D0D735
(1675526013.411220) vcan0 290#0000000000000000
(1675526013.411299) vcan0 072#F000FF3F00788038
(1675526013.411377) vcan0 210#1AE080A0A869C445
(1675526013.412249) vcan0 1B0#00C0000002B000FC
(1675526013.412328) vcan0 1B5#FF2F601075E0FFEF
(1675526013.412405) vcan0 1D8#363339343234E043
(1675526013.412554) vcan0 1E0#0038130300B917E0
(1675526013.412633) vcan0 2C3#468700FFFFC15450
(1675526013.413360) vcan0 350#A200000000000080
(1675526013.414462) vcan0 010#008800002FB031F8
(1675526013.415839) vcan0 2A9#8C260093C0000084
(1675526013.418857) vcan0 008#4F80748040800080
(1675526013.419891) vcan0 055#F3F70A28B2729C80
(1675526013.419975) vcan0 065#C5E60AF8FFCD1E02
(1675526013.420048) vcan0 070#00000BF81EE21500
(1675526013.421015) vcan0 075#0000000000005458
(1675526013.421088) vcan0 080#1C508000C2002C00
(1675526013.421231) vcan0 0B0#398311A3DEC139A3
(1675526013.421306) vcan0 145#F9E2D180FC4810A1
(1675526013.421380) vcan0 360#498700A8BD64A041
(1675526013.422070) vcan0 0F5#569A649A7F5F82AE
(1675526013.422214) vcan0 120#769A799A7F095689
(1675526013.422289) vcan0 130#BFFF1D761AF30112
(1675526013.422363) vcan0 150#5D1AF877F8F70CC0
(1675526013.424577) vcan0 0E0#627330C00080AB00
(1675526013.427465) vcan0 010#008800002FB031F8
(1675526013.427543) vcan0 072#F000FF3F0078A038
(1675526013.427620) vcan0 1D0#0000000000000061
(1675526013.427697) vcan0 390#80FF050002025F4F
(1675526013.428594) vcan0 008#4D8084634F800080
(1675526013.429683) vcan0 125#E50280E5C1D0D735
(1675526013.429762) vcan0 288#EDDFA05F00000080
(1675526013.430777) vcan0 260#D0FF00AA497487B0
(1675526013.431939) vcan0 1B0#00C0000003B000FC
(1675526013.432378) vcan0 1B5#FF4071187EE0FFEF
(1675526013.432456) vcan0 1D8#363339343234E043
(1675526013.433254) vcan0 1E0#003C034300B917E0
(1675526013.436210) vcan0 010#008800002FB031F8
(1675526013.436286) vcan0 210#1AE080A0A869C44D
(1675526013.436428) vcan0 291#0000000000000000
(1675526013.436504) vcan0 330#C800000000000000
(1675526013.437399) vcan0 3D0#8B0F6100661780C3
(1675526013.438504) vcan0 008#4B80944064800080
(1675526013.439606) vcan0 055#F3F70A28B2729C80
(1675526013.439680) vcan0 065#C7E60AF8FDCD1E02
(1675526013.439764) vcan0 070#00000BF81DE21500
(1675526013.440732) vcan0 075#0000000000005458
(1675526013.440803) vcan0 072#F000FF3F00788038
(1675526013.440879) vcan0 080#1C508000C2002C00
(1675526013.443645) vcan0 0B0#398312A3DEC139A3
(1675526013.443722) vcan0 145#F9D2D280FC4810A1
(1675526013.443800) vcan0 28C#000000000016FEA9
(1675526013.443878) vcan0 0F5#649A699A7F6372B0
(1675526013.443955) vcan0 120#749A999A7F055689
(1675526013.444105) vcan0 130#C7FF1D761AE3FF11
(1675526013.444183) vcan0 150#661AF887F9F7F3C0
(1675526013.444261) vcan0 290#0000000000000000
(1675526013.444338) vcan0 2B5#4BC9286293A68539
(1675526013.444416) vcan0 2C0#468700000000A0F1
(1675526013.444492) vcan0 2C5#10DF8FD5C7E60070
(1675526013.444642) vcan0 340#A100000000000000
(1675526013.444668) vcan0 3AF#0000000000000020
(1675526013.445251) vcan0 3CA#00000000D50000C8
(1675526013.445329) vcan0 0E0#62732AC800809100
(1675526013.446344) vcan0 010#008800002FB031F8
(1675526013.446494) vcan0 1D0#0000000000000861
(1675526013.447438) vcan0 008#4B80A42173800080
(1675526013.448600) vcan0 125#E50880E5C1D0D735
(1675526013.451343) vcan0 1B0#00C0000002B000FC
(1675526013.452428) vcan0 1B5#FF51822186E0FFEF
(1675526013.452505) vcan0 1D8#363339343234E043
(1675526013.452583) vcan0 1E0#0000F34300B917E0
(1675526013.452662) vcan0 2C3#468700FFFFC15450
(1675526013.453524) vcan0 288#F1DFB04F00000080
(1675526013.455929) vcan0 010#008800002FB031F8
(1675526013.457030) vcan0 072#F000FF3F0078A038
(1675526013.457103) vcan0 2A9#8C26008AC0000084
(1675526013.459789) vcan0 008#4880B41473800080
(1675526013.459933) vcan0 055#F3F70A28B2729C80
(1675526013.460007) vcan0 065#C9E60AF800CE1E02
(1675526013.460080) vcan0 070#00000BF81DE21500
(1675526013.460979) vcan0 075#0000000000005458
(1675526013.461052) vcan0 080#1B508000C2002C00
(1675526013.461134) vcan0 0B0#398311A3DEC139A3
(1675526013.461270) vcan0 145#F9C2D380FC4810A1
(1675526013.461345) vcan0 210#1AE080A0A869C445
(1675526013.462105) vcan0 260#D0FF0055497487B0
(1675526013.462589) vcan0 0F5#569A629A7F6762B2
(1675526013.462663) vcan0 120#939A909A7F025689
(1675526013.462737) vcan0 130#CFFF1D761AD3FF11
(1675526013.462878) vcan0 150#5C1AF797F9F7EDC0
(1675526013.463500) vcan0 370#071FC000631BC71F
(1675526013.464588) vcan0 0E0#627315D000808600
(1675526013.465689) vcan0 010#008800002FB031F9
(1675526013.467137) vcan0 1D0#0000000000000261
(1675526013.467213) vcan0 291#0000000000000000
(1675526013.468232) vcan0 008#4880C40473800080
(1675526013.469321) vcan0 125#E50B80E5C1D0D735
(1675526013.472208) vcan0 290#0000000000000000
(1675526013.472286) vcan0 072#F000FF3F00788038
(1675526013.472362) vcan0 3B0#00D8433C3FBCC402
(1675526013.472442) vcan0 1B0#00C0000002B000FC
(1675526013.472591) vcan0 1B5#FF6293298FE0FFEF
(1675526013.472669) vcan0 1D8#363339343234E043
(1675526013.472746) vcan0 1E0#0000F30300B917E0
(1675526013.473393) vcan0 010#008800002FB031F8
(1675526013.475801) vcan0 008#4880D4F473800080
(1675526013.479850) vcan0 055#F3F70A28B2729C80
(1675526013.479924) vcan0 065#CBE60AF802CE1D02
(1675526013.480012) vcan0 070#00000BF81DE21500
(1675526013.480910) vcan0 075#0000000000005458
(1675526013.480985) vcan0 080#1B508000C2002C00
(1675526013.481138) vcan0 0B0#398311A3DEC139A3
(1675526013.481202) vcan0 145#F9B2D480FC4810A1
(1675526013.481277) vcan0 288#F5DFB04F00000080
(1675526013.482034) vcan0 28C#000000000016FEA9
(1675526013.482177) vcan0 0F5#549A5D9A7F6B52B4
(1675526013.482253) vcan0 120#7F9A909A7FFF5589
(1675526013.482325) vcan0 130#D7FF1D761AC3FF11
(1675526013.483281) vcan0 150#581AFBA7FAF7E1C0
(1675526013.483432) vcan0 2B5#4BC9286293A68539
(1675526013.483510) vcan0 3C8#4687008E882C008E
(1675526013.484455) vcan0 0E0#62730BD800807000
(1675526013.487341) vcan0 010#008800002FB031F8
(1675526013.487420) vcan0 072#F000FF3F0078A038
(1675526013.487506) vcan0 1D0#0000000000000061
(1675526013.487657) vcan0 210#1AE080A0A869C445
(1675526013.488383) vcan0 008#4880E4E473800080
(1675526013.489472) vcan0 125#E50E80E5C1D0D735
(1675526013.490487) vcan0 260#D0FF0055497487B0
(1675526013.491719) vcan0 1B0#00C0000002B000FC
(1675526013.492158) vcan0 1B5#FF73A53297E0FFEF
(1675526013.492236) vcan0 1D8#363339343234E043
(1675526013.492963) vcan0 1E0#0004E34300B917E0
(1675526013.493042) vcan0 2C3#468700FFFFC25450
(1675526013.495728) vcan0 010#008800002FB031F8
(1675526013.495802) vcan0 291#0000000000000000
(1675526013.496768) vcan0 2A9#8C260082C0000084
(1675526013.496844) vcan0 400#0201020001010023
(1675526013.496916) vcan0 405#0000000000000026
(1675526013.497814) vcan0 008#4880F4F84F800080
(1675526013.502076) vcan0 055#F3F70928B2709C80
(1675526013.502219) vcan0 065#C8E60AF8FFCD1D02
(1675526013.502294) vcan0 070#00000BF81DE21500
(1675526013.502368) vcan0 072#F000FF3F00788038
(1675526013.502441) vcan0 075#0000000000005458
(1675526013.502585) vcan0 080#1B508000C2002C00
(1675526013.502658) vcan0 0B0#398311A3DEC139A3
(1675526013.502734) vcan0 145#F9A2D580FC4810A1
(1675526013.502808) vcan0 290#0000000000000000
(1675526013.502880) vcan0 2C0#468700000000A0F1
(1675526013.503026) vcan0 0F5#5D9A6E9A7F6F42B6
(1675526013.503102) vcan0 120#819A829A7F005689
(1675526013.503209) vcan0 130#DFFF1D761AB3FF11
(1675526013.503288) vcan0 150#651AF9B7FBF7C4C0
(1675526013.503367) vcan0 2C5#10DF8FD5CCE60070
(1675526013.503516) vcan0 350#A200000000000080
(1675526013.504397) vcan0 0E0#62730EE000804D00
(1675526013.504476) vcan0 288#F9DFB04F00000080
(1675526013.505420) vcan0 010#008800002FB031F8
(1675526013.506582) vcan0 1D0#0000000000000061
(1675526013.507957) vcan0 008#488004F740800080
(1675526013.510916) vcan0 125#E50B80E5C1D0D735
(1675526013.511066) vcan0 210#1AE080A0A869C44D
(1675526013.512086) vcan0 1B0#00C0000002B000FC
(1675526013.512164) vcan0 1B5#FF84B63AA0E0FFEF
(1675526013.512314) vcan0 1D8#363339343234E043
(1675526013.512392) vcan0 1E0#0008D34300B917E0
(1675526013.513192) vcan0 010#008800002FB031F8
(1675526013.515736) vcan0 072#F000FF3F0078A038
(1675526013.515811) vcan0 330#C800000000000000
(1675526013.518622) vcan0 008#488014F532800080
(1675526013.519655) vcan0 055#F3F70928B26D9C80
(1675526013.519738) vcan0 065#C7E60AF800CE1D02
(1675526013.519881) vcan0 070#00000BF81CE21500
(1675526013.520778) vcan0 075#0000000000005458
(1675526013.520922) vcan0 080#1A508000C2002C00
(1675526013.520995) vcan0 0B0#398311A3DEC139A3
(1675526013.521068) vcan0 145#F992D680FC4810A1
(1675526013.521142) vcan0 260#D0FF0055497487B0
(1675526013.521903) vcan0 28C#000000000016FEA9
(1675526013.521976) vcan0 0F5#469A5C9A7F7332B8
(1675526013.522050) vcan0 120#A59A899A7F025689
(1675526013.522124) vcan0 130#E7FF1D761AA3FF11
(1675526013.523284) vcan0 150#511AFCC7FCF7C8C0
(1675526013.523435) vcan0 2B5#4BC9286293A68539
(1675526013.523512) vcan0 340#A100000000000000
(1675526013.523590) vcan0 360#498700A8BD64A041
(1675526013.524318) vcan0 0E0#627316E800802500
(1675526013.525921) vcan0 010#008800002FB031F8
(1675526013.526000) vcan0 1D0#0000000000000861
(1675526013.526944) vcan0 291#0000000000000000
(1675526013.527021) vcan0 390#80FF0500023E506F
(1675526013.528110) vcan0 008#488024F423800080
(1675526013.529136) vcan0 125#E50B80E5C1D0D735
(1675526013.530285) vcan0 290#0000000000000000
(1675526013.531587) vcan0 288#EDDFB04F00000080
(1675526013.531666) vcan0 072#F000FF3F00788038
(1675526013.531742) vcan0 1B0#00C0000005B000FC
(1675526013.531893) vcan0 1B5#FF95C743A8E0FFEF
(1675526013.534502) vcan0 1D8#363339343234E043
(1675526013.534575) vcan0 1E0#0008D30300B917E0
(1675526013.534650) vcan0 2C3#468700FFFFC25450
(1675526013.535546) vcan0 010#008800002FB031F8
(1675526013.535622) vcan0 210#1AE08020A869C445
(1675526013.536740) vcan0 2A9#8C26009BC0000084
(1675526013.537844) vcan0 008#488034F90E800080
(1675526013.539151) vcan0 055#F3F70928B26B9C80
(1675526013.540322) vcan0 065#C7E609F800CE1C02
(1675526013.540396) vcan0 070#00000BF81BE21500
(1675526013.540469) vcan0 075#0000000000005458
(1675526013.540611) vcan0 080#19508000C2002C00
(1675526013.543208) vcan0 0B0#398311A3DEC139A3
(1675526013.543361) vcan0 145#F982D780FC4810A1
(1675526013.543440) vcan0 0F5#679A599A7F7722BB
(1675526013.543517) vcan0 120#809A969A7F0C5689
(1675526013.543594) vcan0 130#EFFF1D761A93FF11
(1675526013.543673) vcan0 150#601AF8D7FDF7A9C0
(1675526013.544401) vcan0 0E0#627314F000800700
(1675526013.545562) vcan0 010#008800002FB031F9
(1675526013.546578) vcan0 072#F000FF3F0078A038
(1675526013.546666) vcan0 1D0#0000000000000261
(1675526013.547897) vcan0 008#488044F700800080
(1675526013.549057) vcan0 125#E50B80E5C1D0D735
(1675526013.550504) vcan0 260#D0FF0055497487B0
(1675526013.551520) vcan0 1B0#00C0000005B000FC
(1675526013.551597) vcan0 1B5#FFA7D84BB1E0FFEF
(1675526013.552686) vcan0 1D8#363339343234E043
(1675526013.552764) vcan0 1E0#000CC34300B917E0
(1675526013.554986) vcan0 288#EDDFC03F00000080
(1675526013.556226) vcan0 010#008800002FB031F8
(1675526013.557464) vcan0 291#0000000000000000
(1675526013.558570) vcan0 008#488054E700800080
(1675526013.559605) vcan0 055#F3F70928B26B9C80
(1675526013.559679) vcan0 065#C4E609F8FFCD1B02
(1675526013.559753) vcan0 070#00000BF81BE21500
(1675526013.562503) vcan0 075#0000000000005458
(1675526013.562585) vcan0 080#19508000C2002C00
(1675526013.562661) vcan0 0B0#398311A3DEC139A3
(1675526013.562803) vcan0 072#F000FF3F00788038
(1675526013.562878) vcan0 145#F972D880FC4810A1
(1675526013.562951) vcan0 210#1AE080A0A869C44D
(1675526013.563025) vcan0 0F5#609A749A7F7B12BD
(1675526013.563203) vcan0 120#7D9A849A7F035689
(1675526013.563208) vcan0 130#F7FF1D761A83FF11
(1675526013.563359) vcan0 150#6A1AFBE7FEF78FC0
(1675526013.563438) vcan0 28C#000000000016FEA9
(1675526013.563518) vcan0 290#0000000000000000
(1675526013.563597) vcan0 2B5#4BCA286293A68537
(1675526013.563673) vcan0 2C0#468700000000A0F1
(1675526013.563751) vcan0 2C5#10DF8FD5C4E60070
(1675526013.566495) vcan0 370#071FC000631BC71F
(1675526013.566573) vcan0 0E0#627312F80080E900
(1675526013.566675) vcan0 3AF#0000000000000020
(1675526013.566753) vcan0 3CA#00000000D60000C8
(1675526013.566831) vcan0 3E0#000000D92E808090
(1675526013.566981) vcan0 010#008800002FB031F8
(1675526013.567059) vcan0 1D0#0000000000000061
(1675526013.567569) vcan0 008#488064D700800080
(1675526013.568731) vcan0 125#E50B80E5C1D0D735
(1675526013.571187) vcan0 1B0#00C0000004B000FC
(1675526013.572275) vcan0 1B5#FFB8E954B9E0FFEF
(1675526013.572354) vcan0 1D8#363339343234E043
(1675526013.572503) vcan0 1E0#0010B34300B917E0
(1675526013.572580) vcan0 2C3#468700FFFFC35450
(1675526013.574695) vcan0 010#008800002FB031F8
(1675526013.575800) vcan0 072#F000FF3F0078A038
(1675526013.576837) vcan0 2A9#8C260082C0000084
(1675526013.578145) vcan0 008#488074C700800080
(1675526013.579324) vcan0 288#F5DFC03F00000080
(1675526013.582201) vcan0 055#F3F70828B26D9C80
(1675526013.582276) vcan0 065#C8E609F800CE1B02
(1675526013.582419) vcan0 070#00000BF81AE21500
(1675526013.582494) vcan0 075#0000000000005458
(1675526013.582566) vcan0 080#18508000C2002C00
(1675526013.582642) vcan0 0B0#398312A3DEC139A3
(1675526013.582785) vcan0 145#F962D980FC4810A1
(1675526013.582858) vcan0 0F5#469A509A7F7F02BF
(1675526013.582933) vcan0 120#749A749A7FFF5589
(1675526013.583007) vcan0 130#FFFF1D741A75FF11
(1675526013.583150) vcan0 150#4B1AF9F7FFF79EC0
(1675526013.583226) vcan0 260#D0FF00AA497487B0
(1675526013.583300) vcan0 0E0#62730AC00080D100
(1675526013.584402) vcan0 010#008800002FB031F8
(1675526013.585436) vcan0 1D0#0000000000000061
(1675526013.586821) vcan0 210#1AE080A0A869C44D
(1675526013.586894) vcan0 291#0000000000000000
(1675526013.587860) vcan0 008#488084B700800080
(1675526013.589372) vcan0 125#E50B80E5C1D0D735
(1675526013.589445) vcan0 290#0000000000000000
(1675526013.590411) vcan0 072#F000FF3F00788038
(1675526013.590554) vcan0 3B0#00D843383FBCC400
(1675526013.591517) vcan0 1B0#00C0000006B000FC
(1675526013.591591) vcan0 1B5#FFC9FA5CC2E0FFEF
(1675526013.592556) vcan0 1D8#363339343234E043
(1675526013.592631) vcan0 1E0#0010B30300B917E0
(1675526013.592704) vcan0 350#A200000000000080
(1675526013.595018) vcan0 010#008800002FB031F8
(1675526013.597690) vcan0 330#C800000000000000
(1675526013.598783) vcan0 008#488094A700800080
(1675526013.599942) vcan0 3C8#4687008E882C008E
(1675526013.600029) vcan0 055#F3F70828B26B9C80
(1675526013.600106) vcan0 065#C6E609F801CE1A02
(1675526013.600980) vcan0 070#00000BF81AE21500
(1675526013.601058) vcan0 075#0000000000005458
(1675526013.601140) vcan0 080#18508000C2002C00
(1675526013.603805) vcan0 0B0#398311A3DEC139A3
(1675526013.603878) vcan0 145#F952DA80FC4810A1
(1675526013.603953) vcan0 0F5#529A5C9A7F43F2C1
(1675526013.604098) vcan0 120#709A879A7FF95589
(1675526013.604172) vcan0 130#87FF1D741A65FF11
(1675526013.604245) vcan0 150#571AFC07FFF782C0
(1675526013.604320) vcan0 28C#000000000016FEA9
(1675526013.604462) vcan0 2B5#4BCA286293A68436
(1675526013.604537) vcan0 340#A100000000000000
(1675526013.604611) vcan0 0E0#627303C80080B800
(1675526013.604961) vcan0 288#06E0C03F00000080
(1675526013.606010) vcan0 010#008800002FB031F8
(1675526013.606084) vcan0 072#F000FF3F0078A038
(1675526013.606227) vcan0 1D0#0000000000000861
(1675526013.607193) vcan0 008#4880A49700800080
(1675526013.609532) vcan0 125#E50B80E5C1D0D735
(1675526013.612345) vcan0 210#1AE080A0A869C445
(1675526013.612418) vcan0 260#D0FF00AA497487B0
(1675526013.612493) vcan0 1B0#00C0000002B000FC
(1675526013.612636) vcan0 1B5#FFDA0C65CAE0FFEF
(1675526013.612709) vcan0 1D8#363339343234E043
(1675526013.612782) vcan0 1E0#0014A34300B917E0
(1675526013.612857) vcan0 2C3#468700FFFFC35450
(1675526013.613426) vcan0 010#008800002FB031F8
(1675526013.614586) vcan0 291#0000000000000000
(1675526013.615602) vcan0 2A9#8C26009BC0000084
(1675526013.618060) vcan0 008#4880B48700800080
(1675526013.620885) vcan0 055#F3F70828B26B9C80
(1675526013.620961) vcan0 065#C4E608F8FFCD1A02
(1675526013.621041) vcan0 070#00000BF81AE21500
(1675526013.621117) vcan0 072#F000FF3F00788038
(1675526013.621195) vcan0 075#0000000000005458
(1675526013.621344) vcan0 080#18508000C2002C00
(1675526013.621422) vcan0 0B0#398312A3DEC139A3
(1675526013.621933) vcan0 145#F942DB80FC4810A1
(1675526013.622010) vcan0 0F5#529A569A7F47E2C3
(1675526013.622088) vcan0 120#8A9A7B9A7FFC5589
(1675526013.622167) vcan0 130#8FFF1D741A55FF11
(1675526013.622315) vcan0 150#541AFF17FFF775C0
(1675526013.622972) vcan0 290#0000000000000000
(1675526013.623050) vcan0 2C0#468700000000A0F1
(1675526013.623203) vcan0 2C5#0FDF8FD5C7E60070
(1675526013.624305) vcan0 360#498700A8BD64A041
(1675526013.624386) vcan0 0E0#E27301D000809A00
(1675526013.625354) vcan0 010#008800002FB031F9
(1675526013.626524) vcan0 1D0#0000000000000261
(1675526013.626599) vcan0 390#80FF0500023E504F
(1675526013.627837) vcan0 008#4880C47700800080
(1675526013.628870) vcan0 125#E50B80E5C1D0D735
(1675526013.630041) vcan0 288#26E0C03F00000080
(1675526013.631280) vcan0 1B0#00C0000003B000FC
(1675526013.632452) vcan0 1B5#FFEB1D6DD3E0FFEF
(1675526013.632525) vcan0 1D8#363339343234E043
(1675526013.632601) vcan0 1E0#0018934300B917E0
(1675526013.634878) vcan0 010#008800002FB031F8
(1675526013.636038) vcan0 072#F000FF3F0078A038
(1675526013.636116) vcan0 210#1AE080A0A869C44D
(1675526013.636265) vcan0 3D0#8B0F6100661780C3
(1675526013.638579) vcan0 008#4880D46700800080
(1675526013.639681) vcan0 055#F3F70828B26B9C80
(1675526013.639758) vcan0 065#C5E608F8FECD1A02
(1675526013.642574) vcan0 070#00000BF81AE21500
(1675526013.642650) vcan0 075#0000000000005458
(1675526013.642728) vcan0 080#18508000C2002C00
(1675526013.642807) vcan0 0B0#398312A3DEC139A3
(1675526013.642885) vcan0 145#F932DC80FC4810A1
(1675526013.643034) vcan0 260#D0FF00AA497487B0
(1675526013.643112) vcan0 28C#000000000016FEA9
(1675526013.643193) vcan0 0F5#449A4B9A7F4BD2C5
(1675526013.643269) vcan0 120#A89A799A7FFD5589
(1675526013.643342) vcan0 130#97FF1D741A45FF11
(1675526013.643416) vcan0 150#471A0A28FFF772C0
(1675526013.643559) vcan0 2B5#4BCA286293A68436
(1675526013.643704) vcan0 0E0#627305D800807600
(1675526013.644877) vcan0 010#008800002FB031F8
(1675526013.645996) vcan0 1D0#0000000000000061
(1675526013.647302) vcan0 291#0000000000000000
(1675526013.648472) vcan0 008#4880E45700800080
(1675526013.651355) vcan0 125#E50B80E5C1D0D735
(1675526013.651430) vcan0 290#0000000000000000
(1675526013.651572) vcan0 072#F000FF3F00788038
