(1675526494.340721) vcan0 145#FD22DD80FCC810A1
(1675526494.340778) vcan0 28C#004020000014BE90
(1675526494.340930) vcan0 072#F000FF3F0078A038
(1675526494.341009) vcan0 290#0000000000000000
(1675526494.343417) vcan0 2B5#4B09376293A64F37
(1675526494.343472) vcan0 0E0#627101F000802200
(1675526494.343551) vcan0 2C0#5D8700640300A0F1
(1675526494.343627) vcan0 2C5#00DF21003BE30070
(1675526494.343782) vcan0 340#4200000000000000
(1675526494.343859) vcan0 0F5#00800080BF47E100
(1675526494.343939) vcan0 120#008000807FFA5589
(1675526494.344017) vcan0 130#8FFF1D0000E3FF11
(1675526494.344102) vcan0 150#0000001803F8E3C0
(1675526494.344179) vcan0 370#0725C000581BC700
(1675526494.344330) vcan0 3AF#0000000000000020
(1675526494.344407) vcan0 3E0#000000D93C808090
(1675526494.344847) vcan0 010#000000002FB031F8
(1675526494.347755) vcan0 1D0#0000000000000061
(1675526494.347882) vcan0 125#E53F80E4C1D0D734
(1675526494.347961) vcan0 260#D0FF005549E185B0
(1675526494.349537) vcan0 008#1680EC0900800080
(1675526494.350717) vcan0 210#6EDF00A0A869F84D
(1675526494.352194) vcan0 1B0#00C0EC0000B062ED
(1675526494.352347) vcan0 1B5#FF00000000E0FFEF
(1675526494.353714) vcan0 1D8#363339343234DA43
(1675526494.353841) vcan0 1E0#0004EBC180BD17E0
(1675526494.355264) vcan0 010#000000002FB031F8
(1675526494.356737) vcan0 072#F000FF3F00788038
(1675526494.356823) vcan0 330#2800000000000000
(1675526494.358252) vcan0 055#BFF7FF67B3009C80
(1675526494.361229) vcan0 065#37E3FFE7008E0002
(1675526494.361306) vcan0 008#1680FCF900800080
(1675526494.361385) vcan0 070#00003FA800E25B00
(1675526494.361533) vcan0 075#0000000000005458
(1675526494.361610) vcan0 080#FF4F8000C2002C00
(1675526494.361691) vcan0 0B0#398381A200C239A3
(1675526494.361767) vcan0 145#FD12DE80FCC810A1
(1675526494.361848) vcan0 350#A200000000000080
(1675526494.362002) vcan0 360#5D8700D29364A001
(1675526494.362080) vcan0 0E0#627101F800800200
(1675526494.362741) vcan0 0F5#00800080BF4BD100
(1675526494.362890) vcan0 120#008000807FFA5589
(1675526494.362970) vcan0 130#97FF1D0000D3FF11
(1675526494.363047) vcan0 150#0000FD2703F8D3C0
(1675526494.364197) vcan0 288#F9DF20DF00000080
(1675526494.365672) vcan0 010#000000002FB031F8
(1675526494.365822) vcan0 1D0#0000000000000061
(1675526494.365902) vcan0 291#0000000000000000
(1675526494.365977) vcan0 390#80FF051D0232536F
(1675526494.367241) vcan0 125#E53F80E4C1D0D734
(1675526494.368764) vcan0 290#0000000000000000
(1675526494.368822) vcan0 008#16800CE900800080
(1675526494.370216) vcan0 072#F000FF3F0078A038
(1675526494.371742) vcan0 1B0#00C0EC0000B062ED
(1675526494.373288) vcan0 1B5#FF00000000E0FFEF
(1675526494.373344) vcan0 1D8#363339343234DA43
(1675526494.373420) vcan0 1E0#0004EB8180BD17E0
(1675526494.373568) vcan0 2C3#5D8700FFFF005450
(1675526494.374705) vcan0 010#000000002FB031F9
(1675526494.376173) vcan0 210#6EDF00A0A869F845
(1675526494.376301) vcan0 2A9#8C2600CAC0000084
(1675526494.377718) vcan0 260#D0FF00AA49E185B0
(1675526494.380767) vcan0 055#BFF7FF67B3009C80
(1675526494.380845) vcan0 065#36E3FFE7FF8D0002
(1675526494.380923) vcan0 008#16801CD900800080
(1675526494.381000) vcan0 070#00003FA800E25B00
(1675526494.381148) vcan0 075#0000000000005458
(1675526494.381226) vcan0 080#FF4F8000C2002C00
(1675526494.381303) vcan0 0B0#398381A200C239A3
(1675526494.381382) vcan0 145#FD02DF80FCC810A1
(1675526494.381462) vcan0 28C#004020000014BE90
(1675526494.381613) vcan0 2B5#4B09386293A64F38
(1675526494.381692) vcan0 0E0#627101C00080E200
(1675526494.382201) vcan0 0F5#00800080BF4FC100
(1675526494.382281) vcan0 120#008000807FF95589
(1675526494.383727) vcan0 130#9FFF1D0000C3FF11
(1675526494.383811) vcan0 150#0000003803F8C3C0
(1675526494.385232) vcan0 581#FFFFFFFFFFFF0081
(1675526494.386708) vcan0 010#000000002FB031F8
(1675526494.386855) vcan0 072#F000FF3F00788038
(1675526494.386934) vcan0 125#E53F80E4C1D0D734
(1675526494.388243) vcan0 1D0#0000000000000A61
(1675526494.388372) vcan0 400#0102040101010104
(1675526494.388449) vcan0 405#3156590000000010
(1675526494.388527) vcan0 288#FEDF30CF00000080
(1675526494.389712) vcan0 008#16802CC900800080
(1675526494.391189) vcan0 1B0#00C0EC0000B062ED
(1675526494.392734) vcan0 1B5#FF00000000E0FFEF
(1675526494.392791) vcan0 1D8#363339343234DA43
(1675526494.392941) vcan0 1E0#0008DBC180BD17E0
(1675526494.398144) vcan0 010#000000002FB031F8
(1675526494.399488) vcan0 291#0000000000000000
(1675526494.402493) vcan0 055#BEF7FF67B3009C80
(1675526494.402620) vcan0 065#38E3FFE7018E0002
(1675526494.402699) vcan0 008#16803CB900800080
(1675526494.402776) vcan0 070#00003FA800E25B00
(1675526494.402852) vcan0 075#0000000000005458
(1675526494.402928) vcan0 080#FF4F8000C2002C00
(1675526494.403007) vcan0 0B0#398381A200C239A3
(1675526494.403155) vcan0 145#FDF2D080FCC810A1
(1675526494.403234) vcan0 290#0000000000000000
(1675526494.403313) vcan0 2C0#5D8700640300A0F1
(1675526494.403391) vcan0 2C5#00DF210038E30070
(1675526494.403468) vcan0 072#F000FF3F0078A038
(1675526494.403617) vcan0 0E0#627101C80080C200
(1675526494.403694) vcan0 210#6EDF00A0A869F845
(1675526494.403772) vcan0 0F5#00800080BF53B100
(1675526494.403922) vcan0 120#008000807FF95589
(1675526494.404080) vcan0 130#A7FF1D0000B3FF11
(1675526494.404157) vcan0 150#0000FF4703F8B3C0
(1675526494.405496) vcan0 010#000000002FB031F8
(1675526494.405552) vcan0 1D0#0000000000000061
(1675526494.406991) vcan0 125#E53F80E4C1D0D734
(1675526494.408470) vcan0 260#D0FF00AA49E185B0
(1675526494.408547) vcan0 008#16804CA900800080
(1675526494.411245) vcan0 1B0#00C0EC0000B062ED
(1675526494.412712) vcan0 1B5#FF00000000E0FFEF
(1675526494.412841) vcan0 1D8#363339343234DA43
(1675526494.412919) vcan0 1E0#000CCBC180BD17E0
(1675526494.412995) vcan0 288#02E030CF00000080
(1675526494.414256) vcan0 2C3#5D8700FFFF005450
(1675526494.415780) vcan0 010#000000002FB031F8
(1675526494.415856) vcan0 072#F000FF3F00788038
(1675526494.415936) vcan0 2A9#8C2600D3C0000084
(1675526494.417189) vcan0 055#BEF7FF67B3009C80
(1675526494.418731) vcan0 065#39E3FFE7018E0002
(1675526494.418788) vcan0 008#16805C9900800080
(1675526494.421774) vcan0 070#00003FA800E25B00
(1675526494.421852) vcan0 075#0000000000005458
(1675526494.421929) vcan0 080#FF4F8000C2002C00
(1675526494.422005) vcan0 0B0#398382A200C239A3
(1675526494.422154) vcan0 145#FDE2D180FCC810A1
(1675526494.422235) vcan0 28C#004020000014BE90
(1675526494.422313) vcan0 2B5#4B09386293A64F38
(1675526494.422391) vcan0 340#4200000000000000
(1675526494.422467) vcan0 0E0#627101D00080A200
(1675526494.423185) vcan0 0F5#00800080BF57A100
(1675526494.423262) vcan0 120#008000807FF85589
(1675526494.423410) vcan0 130#AFFF1D0000A3FF11
(1675526494.423488) vcan0 150#0000005803F8A3C0
(1675526494.424682) vcan0 010#000000002FB031F8
(1675526494.426205) vcan0 1D0#0000000000000061
(1675526494.426355) vcan0 210#6EDF0020A869F84D
(1675526494.426433) vcan0 291#0000000000000000
(1675526494.426511) vcan0 125#E53F80E4C1D0D734
(1675526494.427773) vcan0 290#0000000000000000
(1675526494.429403) vcan0 008#16806C8900800080
(1675526494.430772) vcan0 072#F000FF3F0078A038
(1675526494.430829) vcan0 3B0#00D84A383A90C400
(1675526494.432268) vcan0 1B0#00C0EC0000B062ED
(1675526494.432346) vcan0 1B5#FF00000000E0FFEF
(1675526494.433711) vcan0 1D8#363339343234DA43
(1675526494.433767) vcan0 1E0#000CCB8180BD17E0
(1675526494.435217) vcan0 010#000000002FB031F8
(1675526494.436755) vcan0 330#2800000000000000
(1675526494.438225) vcan0 260#D0FF00AA49E185B0
(1675526494.438354) vcan0 288#F9DF30CF00000080
(1675526494.438433) vcan0 055#BEF7FF67B3009C80
(1675526494.441239) vcan0 065#39E3FFE7008E0002
(1675526494.441367) vcan0 008#16807C7900800080
(1675526494.441444) vcan0 070#000040A800E25B00
(1675526494.441522) vcan0 075#0000000000005458
(1675526494.441601) vcan0 080#FF4F8000C2002C00
(1675526494.441752) vcan0 0B0#398381A200C239A3
(1675526494.441832) vcan0 145#FDD2D280FCC810A1
(1675526494.441912) vcan0 370#0725C000581BC700
(1675526494.441992) vcan0 0E0#627101D800808200
(1675526494.442720) vcan0 0F5#00800080BF5B9100
(1675526494.442776) vcan0 120#008000807FFB5589
(1675526494.442924) vcan0 130#B7FF1D000093FF11
(1675526494.443002) vcan0 150#0000FE6703F893C0
(1675526494.444191) vcan0 3CA#00000000560000C8
(1675526494.445745) vcan0 010#000000002FB031F8
(1675526494.445801) vcan0 072#F000FF3F00788038
(1675526494.445952) vcan0 1D0#0000000000000061
(1675526494.447262) vcan0 125#E53F80E4C1D0D734
(1675526494.448733) vcan0 008#16808C6900800080
(1675526494.448859) vcan0 350#A200000000000080
(1675526494.450272) vcan0 210#6EDF00A0A869F845
(1675526494.451693) vcan0 1B0#00C0EC0000B061ED
(1675526494.453234) vcan0 1B5#FF00000000E0FFEF
(1675526494.453291) vcan0 1D8#363339343234DA43
(1675526494.453368) vcan0 1E0#0010BBC180BD17E0
(1675526494.453517) vcan0 2C3#5D8700FFFF005450
(1675526494.453595) vcan0 3C8#5D87008E8824008E
(1675526494.454731) vcan0 010#000000002FB031F9
(1675526494.456268) vcan0 291#0000000000000000
(1675526494.456327) vcan0 2A9#8C2600CAC0000084
(1675526494.457771) vcan0 055#BEF7FF67B3009C80
(1675526494.459298) vcan0 065#3AE3FFE7018E0002
(1675526494.459376) vcan0 008#16809C5900800080
(1675526494.459455) vcan0 070#000040A800E25B00
(1675526494.459530) vcan0 075#0000000000005458
(1675526494.462217) vcan0 080#FF4F8000C2002C00
(1675526494.462293) vcan0 0B0#398382A200C239A3
(1675526494.462372) vcan0 145#FDC2D380FCC810A1
(1675526494.462449) vcan0 072#F000FF3F0078A038
(1675526494.462598) vcan0 28C#004020000014BE90
(1675526494.462678) vcan0 290#0000000000000000
(1675526494.462754) vcan0 2B5#4B09396293A64F39
(1675526494.462833) vcan0 0E0#627101E000806200
(1675526494.462912) vcan0 2C0#5D8700640300A0F1
(1675526494.463063) vcan0 2C5#00DF210039E30070
(1675526494.463144) vcan0 360#5D8700D29364A001
(1675526494.463230) vcan0 0F5#00800080BF5F8100
(1675526494.463307) vcan0 120#008000807FFA5589
(1675526494.463743) vcan0 130#BFFF1D000083FF11
(1675526494.463823) vcan0 150#0000007803F883C0
(1675526494.463901) vcan0 288#02E030CF00000080
(1675526494.464052) vcan0 3AF#0000000000000020
(1675526494.465281) vcan0 010#000000002FB031F8
(1675526494.466751) vcan0 1D0#0000000000000A61
(1675526494.466904) vcan0 390#80FF051D022A554F
(1675526494.466986) vcan0 125#E53F80E4C1D0D734
(1675526494.468174) vcan0 260#D0FF00AA49E185B0
(1675526494.469720) vcan0 008#1680AC4900800080
(1675526494.471202) vcan0 1B0#00C0EC0000B062ED
(1675526494.472748) vcan0 1B5#FF00000000E0FFEF
(1675526494.472804) vcan0 1D8#363339343234DA43
(1675526494.472951) vcan0 1E0#0014ABC180BD17E0
(1675526494.474273) vcan0 010#000000002FB031F8
(1675526494.475738) vcan0 072#F000FF3F00788038
(1675526494.475867) vcan0 210#6EDF00A0A869F84D
(1675526494.475943) vcan0 3D0#840F6100340680C3
(1675526494.477255) vcan0 055#BEF7FF67B3009C80
(1675526494.478726) vcan0 008#1680BC3900800080
(1675526494.478782) vcan0 065#39E3FFE7008E0002
(1675526494.480225) vcan0 070#000040A800E25B00
(1675526494.480353) vcan0 075#0000000000005458
(1675526494.480431) vcan0 080#FF4F8000C2002C00
(1675526494.480507) vcan0 0B0#398382A200C239A3
(1675526494.480585) vcan0 145#FDB2D480FCC810A1
(1675526494.481793) vcan0 0E0#627101E800804200
(1675526494.483269) vcan0 0F5#00800080BF637100
(1675526494.483396) vcan0 120#008000807FF95589
(1675526494.483475) vcan0 130#C7FF1D000073FF11
(1675526494.483561) vcan0 150#0000008803F873C0
(1675526494.484694) vcan0 010#000000002FB031F8
(1675526494.486236) vcan0 1D0#0000000000000061
(1675526494.486293) vcan0 291#0000000000000000
(1675526494.486370) vcan0 125#E53F80E4C1D0D734
(1675526494.487757) vcan0 288#EDDF40BF00000080
(1675526494.489540) vcan0 008#1680CC2900800080
(1675526494.489545) vcan0 290#0000000000000000
(1675526494.490786) vcan0 072#F000FF3F0078A038
(1675526494.492259) vcan0 1B0#00C0EC0000B061ED
(1675526494.492410) vcan0 1B5#FF00000000E0FFEF
(1675526494.493711) vcan0 1D8#363339343234DA43
(1675526494.493788) vcan0 1E0#0014AB8180BD17E0
(1675526494.493864) vcan0 2C3#5D8700FFFF005450
(1675526494.495234) vcan0 010#000000002FB031F8
(1675526494.496705) vcan0 2A9#8C2600C2C0000084
(1675526494.498258) vcan0 260#D0FF005549E185B0
(1675526494.498315) vcan0 055#BEF7FF67B3009C80
(1675526494.499841) vcan0 065#38E3FFE7FF8D0002
(1675526494.499919) vcan0 008#1680DC1900800080
(1675526494.500069) vcan0 070#000040A800E25B00
(1675526494.500147) vcan0 075#0000000000005458
(1675526494.500222) vcan0 080#FF4F8000C2002C00
(1675526494.500304) vcan0 0B0#398381A200C239A3
(1675526494.500381) vcan0 145#FDA2D580FCC810A1
(1675526494.500460) vcan0 28C#004020000014BE90
(1675526494.502677) vcan0 210#6EDF00A0A869F84D
(1675526494.502828) vcan0 2B5#4B093A6293A64F39
(1675526494.502908) vcan0 340#4200000000000000
(1675526494.502985) vcan0 0E0#627101F000802200
(1675526494.503061) vcan0 0F5#00800080BF676100
(1675526494.503138) vcan0 120#008000807FF85589
(1675526494.503226) vcan0 130#CFFF1D000063FF11
(1675526494.503375) vcan0 150#0000FA9703F863C0
(1675526494.504221) vcan0 010#000000002FB031F8
(1675526494.505744) vcan0 072#F000FF3F00788038
(1675526494.505821) vcan0 1D0#0000000000000061
(1675526494.507241) vcan0 125#E53F80E4C1D0D734
(1675526494.508783) vcan0 008#1680EC0900800080
(1675526494.511515) vcan0 1B0#00C0EC0000B061ED
(1675526494.512990) vcan0 1B5#FF00000000E0FFEF
(1675526494.513142) vcan0 1D8#363339343234DA43
(1675526494.513222) vcan0 1E0#00189BC180BD17E0
(1675526494.513300) vcan0 288#02E040BF00000080
(1675526494.514435) vcan0 010#000000002FB031F8
(1675526494.515973) vcan0 291#0000000000000000
(1675526494.516031) vcan0 330#2800000000000000
(1675526494.517473) vcan0 055#BEF7FF67B3009C80
(1675526494.519001) vcan0 008#1680FCF900800080
(1675526494.519078) vcan0 065#38E3FFE7008E0002
(1675526494.522002) vcan0 070#000040A800E25B00
(1675526494.522129) vcan0 075#0000000000005458
(1675526494.522208) vcan0 080#FF4F8000C2002C00
(1675526494.522284) vcan0 0B0#398381A200C239A3
(1675526494.522364) vcan0 072#F000FF3F0078A038
(1675526494.522442) vcan0 145#FD92D680FCC810A1
(1675526494.522592) vcan0 290#0000000000000000
(1675526494.522669) vcan0 2C0#5D8700630300A0F1
(1675526494.522746) vcan0 0E0#627101F800800200
(1675526494.522825) vcan0 2C5#00DF200039E30070
(1675526494.522904) vcan0 0F5#00800080BF6B5100
(1675526494.523485) vcan0 120#008000807FF95589
(1675526494.523562) vcan0 130#D7FF1D000053FF11
(1675526494.523645) vcan0 150#000000A803F853C0
(1675526494.524978) vcan0 010#000000002FB031F8
(1675526494.526502) vcan0 1D0#0000000000000061
(1675526494.526580) vcan0 210#A8DF00A0A869F845
(1675526494.526662) vcan0 125#E53F80E4C1D0D734
(1675526494.527977) vcan0 260#D0FF005549E185B0
(1675526494.529414) vcan0 008#16800CE900800080
(1675526494.530939) vcan0 1B0#00C0EB0000B062ED
(1675526494.532483) vcan0 1B5#FF00000000E0FFEF
(1675526494.532538) vcan0 1D8#363339343234DA43
(1675526494.533974) vcan0 1E0#001C8BC180BD17E0
(1675526494.534102) vcan0 2C3#5D8700FFFF005450
(1675526494.535520) vcan0 010#000000002FB031F9
(1675526494.535598) vcan0 072#F000FF3F00788038
(1675526494.537018) vcan0 2A9#8C2600DBC0000084
(1675526494.538494) vcan0 288#02E040BF00000080
(1675526494.538646) vcan0 055#BEF7FF67B3009C80
(1675526494.538734) vcan0 065#3AE3FFE7028E0002
(1675526494.540172) vcan0 008#16801CD900800080
(1675526494.540251) vcan0 070#000040A800E25B00
(1675526494.540328) vcan0 075#0000000000005458
(1675526494.540406) vcan0 080#FF4F8000C2002C00
(1675526494.540489) vcan0 0B0#398381A200C239A3
(1675526494.540638) vcan0 145#FD82D780FCC810A1
(1675526494.540717) vcan0 28C#004020000014BE90
(1675526494.540795) vcan0 2B5#4B093A6293A64F39
(1675526494.543007) vcan0 350#A200000000000080
(1675526494.543085) vcan0 0E0#627101C00080E200
(1675526494.543163) vcan0 370#0725C000581BC700
(1675526494.543316) vcan0 0F5#00800080BF6F4100
(1675526494.543393) vcan0 120#008000807FF95589
(1675526494.543474) vcan0 130#DFFF1D000043FF11
(1675526494.543551) vcan0 150#0000FFB703F843C0
(1675526494.544465) vcan0 010#000000002FB031F8
(1675526494.545930) vcan0 1D0#0000000000000A61
(1675526494.546057) vcan0 291#0000000000000000
(1675526494.546142) vcan0 125#E53F80E4C1D0D734
(1675526494.547454) vcan0 290#0000000000000000
(1675526494.548980) vcan0 008#16802CC900800080
(1675526494.550490) vcan0 072#F000FF3F0078A038
(1675526494.550618) vcan0 210#A8DF00A0A869F84D
(1675526494.551986) vcan0 3B0#00D84A383A90C400
(1675526494.552113) vcan0 1B0#00C0EC0000B061ED
(1675526494.553534) vcan0 1B5#FF00000000E0FFEF
(1675526494.553610) vcan0 1D8#363339343234DA43
(1675526494.553688) vcan0 1E0#001C8B8180BD17E0
(1675526494.555006) vcan0 010#000000002FB031F8
(1675526494.556423) vcan0 260#D0FF005549E185B0
(1675526494.557948) vcan0 055#BEF7FF67B3009C80
(1675526494.560968) vcan0 065#3CE3FFE7018E0002
(1675526494.561045) vcan0 008#16803CB900800080
(1675526494.561194) vcan0 070#000040A800E25B00
(1675526494.561272) vcan0 075#0000000000005458
(1675526494.561349) vcan0 080#FE4F8000C2002C00
(1675526494.561426) vcan0 0B0#398382A200C239A3
(1675526494.561501) vcan0 145#FD72D880FCC810A1
(1675526494.561652) vcan0 360#5D8700D29364A001
(1675526494.561730) vcan0 0E0#627101C80080C200
(1675526494.562494) vcan0 0F5#00800080BF733100
(1675526494.562645) vcan0 120#008000807FFA5589
(1675526494.562725) vcan0 130#E7FF1D000033FF11
(1675526494.563967) vcan0 150#0000FDC703F833C0
(1675526494.564043) vcan0 288#F9DF40BF00000080
(1675526494.564121) vcan0 3CA#00000000400000C8
(1675526494.565430) vcan0 010#000000002FB031F8
(1675526494.565561) vcan0 072#F000FF3F00788038
(1675526494.566981) vcan0 1D0#0000000000000061
(1675526494.567057) vcan0 390#80FF051D022A554F
(1675526494.567139) vcan0 125#E53F80E4C1D0D734
(1675526494.568508) vcan0 008#16804CA900800080
(1675526494.571231) vcan0 1B0#00C0EC0000B061ED
(1675526494.572776) vcan0 1B5#FF00000000E0FFEF
(1675526494.572833) vcan0 1D8#363339343234DA43
(1675526494.572909) vcan0 1E0#00207BC180BD17E0
(1675526494.572988) vcan0 2C3#5D8700FFFF005450
(1675526494.574252) vcan0 3C8#5D87008E8824008E
(1675526494.575792) vcan0 010#000000002FB031F8
(1675526494.575850) vcan0 210#A8DF0020A869F845
(1675526494.575926) vcan0 291#0000000000000000
(1675526494.576077) vcan0 2A9#8C2600C2C0000084
(1675526494.577213) vcan0 055#BEF7FF67B3009C80
(1675526494.578688) vcan0 065#3BE3FFE7008E0002
(1675526494.578841) vcan0 008#16805C9900800080
(1675526494.581707) vcan0 070#000040A800E25B00
(1675526494.581834) vcan0 075#0000000000005458
(1675526494.581913) vcan0 080#FE4F8000C2002C00
(1675526494.581990) vcan0 0B0#398382A200C239A3
(1675526494.582067) vcan0 145#FD62D980FCC810A1
(1675526494.582218) vcan0 28C#004020000014BE90
(1675526494.582297) vcan0 072#F000FF3F0078A038
(1675526494.582377) vcan0 290#0000000000000000
(1675526494.582453) vcan0 0E0#627101D00080A200
(1675526494.582535) vcan0 2B5#4B093B6293A64F38
(1675526494.582685) vcan0 2C0#5D8700640300A0F1
(1675526494.582763) vcan0 2C5#00DF20003AE30070
(1675526494.582843) vcan0 340#4200000000000000
(1675526494.583278) vcan0 0F5#00800080BF772100
(1675526494.583368) vcan0 120#008000807FF85589
(1675526494.583444) vcan0 130#EFFF1D000023FF11
(1675526494.583524) vcan0 150#000001D803F823C0
(1675526494.583674) vcan0 3AF#0000000000000020
(1675526494.584735) vcan0 010#000000002FB031F8
(1675526494.586205) vcan0 1D0#0000000000000061
(1675526494.586333) vcan0 125#E53F80E4C1D0D734
(1675526494.587754) vcan0 260#D0FF00AA49E185B0
(1675526494.587833) vcan0 288#F5DF50AF00000080
(1675526494.589412) vcan0 008#16806C8900800080
(1675526494.593333) vcan0 1B0#00C0EB0000B062ED
(1675526494.594552) vcan0 1B5#FF00000000E0FFEF
(1675526494.596099) vcan0 1D8#363339343234DA43
(1675526494.596175) vcan0 1E0#00246BC180BD17E0
(1675526494.596253) vcan0 010#000000002FB031F8
(1675526494.596329) vcan0 072#F000FF3F00788038
(1675526494.596489) vcan0 330#2800000000000000
(1675526494.597627) vcan0 055#BEF7FF67B3009C80
(1675526494.599098) vcan0 065#3CE3FFE7008E0002
(1675526494.599226) vcan0 008#16807C7900800080
(1675526494.599305) vcan0 070#000040A800E25B00
(1675526494.599386) vcan0 075#0000000000005458
(1675526494.600645) vcan0 080#FE4F8000C2002C00
(1675526494.600702) vcan0 0B0#398382A200C239A3
(1675526494.600852) vcan0 145#FD52DA80FCC810A1
(1675526494.600930) vcan0 210#A8DF00A0A869F845
(1675526494.602124) vcan0 0E0#627101D800808200
(1675526494.602279) vcan0 0F5#00800080BF7B1100
(1675526494.602357) vcan0 120#008000807FF85589
(1675526494.603602) vcan0 130#F7FF1D000013FF11
(1675526494.603679) vcan0 150#0000FDE703F813C0
(1675526494.605097) vcan0 010#000000002FB031F8
(1675526494.606583) vcan0 1D0#0000000000000061
(1675526494.606733) vcan0 291#0000000000000000
(1675526494.606812) vcan0 125#E53F80E4C1D0D734
(1675526494.608127) vcan0 290#0000000000000000
(1675526494.609596) vcan0 008#16808C6900800080
(1675526494.611124) vcan0 072#F000FF3F0078A038
(1675526494.612617) vcan0 1B0#00C0EC0000B061ED
(1675526494.612744) vcan0 1B5#FF00000000E0FFEF
(1675526494.612822) vcan0 1D8#363339343234DA43
(1675526494.612899) vcan0 1E0#00246B8180BD17E0
(1675526494.614092) vcan0 288#02E050AF00000080
(1675526494.614170) vcan0 2C3#5D8700FFFF005450
(1675526494.615594) vcan0 010#000000002FB031F9
(1675526494.615671) vcan0 2A9#8C2600CAC0000084
(1675526494.617093) vcan0 260#D0FF00AA49E185B0
(1675526494.618635) vcan0 055#BEF7FF67B3009C80
(1675526494.618694) vcan0 065#3CE3FEE7008E0002
(1675526494.618775) vcan0 008#16809C5900800080
(1675526494.621548) vcan0 070#000040A800E25B00
(1675526494.621674) vcan0 075#0000000000005458
(1675526494.621754) vcan0 080#FE4F8000C2002C00
(1675526494.621829) vcan0 0B0#398382A200C239A3
(1675526494.621912) vcan0 145#FD42DB80FCC810A1
(1675526494.622063) vcan0 28C#004020000014BE91
(1675526494.622140) vcan0 2B5#4B093B6293A64F38
(1675526494.622218) vcan0 0E0#627101E000806200
(1675526494.623114) vcan0 0F5#00800080BF7F0100
(1675526494.623194) vcan0 120#008000807FFA5589
(1675526494.623272) vcan0 130#FFFF1D000003FF11
(1675526494.623425) vcan0 150#000000F803F803C0
(1675526494.624614) vcan0 010#000000002FB031F8
(1675526494.626139) vcan0 072#F000FF3F00788038
(1675526494.626224) vcan0 1D0#0000000000000A61
(1675526494.626302) vcan0 210#A8DF00A0A869F84D
(1675526494.626381) vcan0 125#E53F80E4C1D0D734
(1675526494.627642) vcan0 008#1680AC4900800080
(1675526494.629060) vcan0 350#A200000000000080
(1675526494.631795) vcan0 1B0#00C0EC0000B062ED
(1675526494.633341) vcan0 1B5#FF00000000E0FFEF
(1675526494.633468) vcan0 1D8#363339343234DA43
(1675526494.633546) vcan0 1E0#00285BC180BD17E0
(1675526494.634861) vcan0 010#000000002FB031F8
(1675526494.636386) vcan0 291#0000000000000000
(1675526494.636461) vcan0 400#0101010102010205
(1675526494.636540) vcan0 405#D507BA9948186701
(1675526494.636618) vcan0 425#0000000000000000
(1675526494.637878) vcan0 288#F9DF50AF00000080
(1675526494.639473) vcan0 055#BEF7FF67B3009C80
(1675526494.639603) vcan0 065#3BE3FEE7FF8D0002
(1675526494.639679) vcan0 008#1680BC3900800080
(1675526494.639758) vcan0 070#000040A800E25B00
(1675526494.639835) vcan0 075#0000000000005458
(1675526494.639911) vcan0 080#FE4F8000C2002C00
(1675526494.640061) vcan0 0B0#398382A200C239A3
(1675526494.642543) vcan0 145#FD32DC80FCC810A1
(1675526494.642600) vcan0 072#F000FF3F0078A038
(1675526494.642676) vcan0 290#0000000000000000
(1675526494.642825) vcan0 2C0#5D8700650300A0F1
(1675526494.642903) vcan0 0E0#627101E800804200
(1675526494.642979) vcan0 2C5#00DF20003BE30070
(1675526494.643057) vcan0 370#0725C000581BC700
(1675526494.643135) vcan0 3E0#000000D93C808090
(1675526494.643215) vcan0 0F5#00800080BF43F100
(1675526494.643367) vcan0 120#008000807FF95589
(1675526494.643453) vcan0 130#87FF1D0000F3FF11
(1675526494.643532) vcan0 150#0000000803F8F3C0
(1675526494.646474) vcan0 010#000000002FB031F8
(1675526494.649578) vcan0 1D0#0000000000000061
(1675526494.649585) vcan0 125#E53F80E4C1D0D734
(1675526494.649588) vcan0 260#D0FF00AA49E185B0
(1675526494.649593) vcan0 008#1680CC2900800080
(1675526494.650690) vcan0 210#A8DF00A0A869F845
(1675526494.652218) vcan0 1B0#00C0EB0000B061ED
(1675526494.652293) vcan0 1B5#FF00000000E0FFEF
(1675526494.653717) vcan0 1D8#363339343234DA43
(1675526494.653870) vcan0 1E0#002C4BC180BD17E0
(1675526494.653949) vcan0 2C3#5D8700FFFF005450
(1675526494.655280) vcan0 010#000000002FB031F8
(1675526494.656748) vcan0 072#F000FF3F00788038
(1675526494.656875) vcan0 2A9#8C2600D3C0000084
(1675526494.658253) vcan0 055#BEF7FF67B3009C80
(1675526494.659878) vcan0 065#3AE3FEE7008E0002
(1675526494.659958) vcan0 008#1680DC1900800080
(1675526494.660107) vcan0 070#000040A800E25B00
(1675526494.660186) vcan0 075#0000000000005458
(1675526494.660262) vcan0 080#FF4F8000C2002C00
(1675526494.660339) vcan0 0B0#398382A200C239A3
(1675526494.660415) vcan0 145#FD22DD80FCC810A1
(1675526494.660563) vcan0 28C#004020000014BE91
(1675526494.662779) vcan0 2B5#4B093C6293A64F38
(1675526494.662834) vcan0 340#4300000000000000
(1675526494.662911) vcan0 0E0#627101F000802200
(1675526494.663060) vcan0 360#5D8700D29364A001
(1675526494.663136) vcan0 0F5#00800080BF47E100
(1675526494.663215) vcan0 120#008000807FF75589
(1675526494.663294) vcan0 130#8FFF1D0000E3FF11
(1675526494.663392) vcan0 150#0000FC1703F8E3C0
(1675526494.663473) vcan0 288#F5DF50AF00000080
(1675526494.664205) vcan0 010#000000002FB031F8
(1675526494.665675) vcan0 1D0#0000000000000061
(1675526494.665804) vcan0 291#0000000000000000
(1675526494.667245) vcan0 390#80FF051D0226564F
(1675526494.667303) vcan0 125#E53F80E4C1D0D734
(1675526494.668738) vcan0 290#0000000000000000
(1675526494.668796) vcan0 008#1680EC0900800080
(1675526494.670237) vcan0 072#F000FF3F0078A038
(1675526494.670366) vcan0 3B0#00D84A383A90C400
(1675526494.671729) vcan0 1B0#00C0EB0000B061ED
(1675526494.673260) vcan0 1B5#FF00000000E0FFEF
(1675526494.673338) vcan0 1D8#363339343234DA43
(1675526494.673416) vcan0 1E0#002C4B8180BD17E0
(1675526494.674787) vcan0 010#000000002FB031F8
(1675526494.676212) vcan0 210#A8DF00A0A869F84D
(1675526494.676270) vcan0 330#2800000000000000
(1675526494.676419) vcan0 3D0#840F6100340680C3
(1675526494.677730) vcan0 260#D0FF005549E185B0
(1675526494.679220) vcan0 055#BEF7FF67B3009C80
(1675526494.679330) vcan0 008#1680FCF900800080
(1675526494.679407) vcan0 065#3AE3FEE7008E0002
(1675526494.679559) vcan0 070#000040A800E25B00
(1675526494.679636) vcan0 075#0000000000005458
(1675526494.680771) vcan0 080#FF4F8000C2002C00
(1675526494.680828) vcan0 0B0#398381A200C239A3
(1675526494.680983) vcan0 145#FD12DE80FCC810A1
(1675526494.681059) vcan0 430#2A082A00000014A6
(1675526494.681137) vcan0 0E0#627101F800800200
(1675526494.682219) vcan0 0F5#00800080BF4BD100
(1675526494.682275) vcan0 120#008000807FFA5589
(1675526494.683720) vcan0 130#97FF1D0000D3FF11
(1675526494.683776) vcan0 150#0000FE2703F8D3C0
(1675526494.683926) vcan0 3CA#00000000510000C8
(1675526494.685236) vcan0 010#000000002FB031F8
(1675526494.686708) vcan0 072#F000FF3F00788038
(1675526494.686835) vcan0 1D0#0000000000000061
(1675526494.686912) vcan0 125#E53F80E4C1D0D734
(1675526494.688290) vcan0 288#F9DF609F00000080
(1675526494.689725) vcan0 008#16800CE900800080
(1675526494.691196) vcan0 1B0#00C0EB0000B061ED
(1675526494.692722) vcan0 1B5#FF00000000E0FFEF
(1675526494.692802) vcan0 1D8#363339343234DA43
(1675526494.692879) vcan0 1E0#00303BC180BD17E0
(1675526494.693028) vcan0 2C3#5D8700FFFF005450
(1675526494.694212) vcan0 3C8#5D87008E8824008E
(1675526494.695739) vcan0 010#000000002FB031F9
(1675526494.697291) vcan0 291#0000000000000000
(1675526494.697349) vcan0 2A9#8C2600CAC0000084
(1675526494.698788) vcan0 055#BEF7FF67B3009C80
(1675526494.698845) vcan0 008#16801CD900800080
(1675526494.698991) vcan0 065#3BE3FFE7008E0002
(1675526494.701751) vcan0 070#000040A800E25B00
(1675526494.701828) vcan0 075#0000000000005458
(1675526494.701976) vcan0 080#FE4F8000C2002C00
(1675526494.702056) vcan0 0B0#398382A200C239A3
(1675526494.702132) vcan0 145#FD02DF80FCC810A1
(1675526494.702213) vcan0 072#F000FF3F0078A038
(1675526494.702291) vcan0 210#A8DF00A0A869F84D
(1675526494.702369) vcan0 28C#004020000014BE90
(1675526494.702520) vcan0 0E0#627101C00080E200
(1675526494.702598) vcan0 290#0000000000000000
(1675526494.702676) vcan0 2B5#4B093C6293A64F39
(1675526494.702761) vcan0 2C0#5D8700640300A0F1
(1675526494.702838) vcan0 2C5#00DF20003BE30070
(1675526494.703206) vcan0 0F5#00800080BF4FC100
(1675526494.703284) vcan0 120#008000807FFA5589
(1675526494.703433) vcan0 130#9FFF1D0000C3FF11
(1675526494.703514) vcan0 150#0000FE3703F8C3C0
(1675526494.703590) vcan0 3AF#0000000000000020
(1675526494.704718) vcan0 010#000000002FB031F8
(1675526494.706239) vcan0 1D0#0000000000000A61
(1675526494.706317) vcan0 125#E53F80E4C1D0D734
(1675526494.707751) vcan0 260#D0FF005549E185B0
(1675526494.709404) vcan0 008#16802CC900800080
(1675526494.713136) vcan0 1B0#00C0EC0000B061ED
(1675526494.714503) vcan0 1B5#FF00000000E0FFEF
(1675526494.715973) vcan0 1D8#363339343234DA43
(1675526494.716101) vcan0 1E0#00342BC180BD17E0
(1675526494.716188) vcan0 288#F1DF609F00000080
(1675526494.716265) vcan0 010#000000002FB031F8
(1675526494.716342) vcan0 072#F000FF3F00788038
(1675526494.717481) vcan0 055#BEF7FF67B3009C80
(1675526494.719030) vcan0 008#16803CB900800080
(1675526494.719108) vcan0 065#3BE3FFE7008E0002
(1675526494.719185) vcan0 070#000040A800E25B00
(1675526494.720452) vcan0 075#0000000000005458
(1675526494.720531) vcan0 080#FE4F8000C2002C00
(1675526494.720608) vcan0 0B0#398382A200C239A3
(1675526494.720758) vcan0 145#FDF2D080FCC810A1
(1675526494.720835) vcan0 350#A200000000000080
(1675526494.721972) vcan0 0E0#627101C80080C200
(1675526494.722100) vcan0 0F5#00800080BF53B100
(1675526494.723467) vcan0 120#008000807FFA5589
(1675526494.723594) vcan0 130#A7FD1D0000B3FF11
(1675526494.723680) vcan0 150#0000FC4703F8B3C0
(1675526494.724996) vcan0 010#000000002FB031F8
(1675526494.726519) vcan0 1D0#0000000000000061
(1675526494.726596) vcan0 210#A8DF0020A869F845
(1675526494.726675) vcan0 291#0000000000000000
(1675526494.726752) vcan0 125#E53F80E4C1D0D734
(1675526494.728015) vcan0 290#0000000000000000
(1675526494.729595) vcan0 008#16804CA900800080
(1675526494.730952) vcan0 072#F000FF3F0078A038
(1675526494.732495) vcan0 1B0#00C0EB0000B061ED
(1675526494.732552) vcan0 1B5#FF00000000E0FFEF
(1675526494.732631) vcan0 1D8#363339343234DA43
(1675526494.732779) vcan0 1E0#00342B8180BD17E0
(1675526494.733968) vcan0 2C3#5D8700FFFF005450
(1675526494.735513) vcan0 010#000000002FB031F8
(1675526494.735570) vcan0 2A9#8C2600D3C0000084
(1675526494.737014) vcan0 260#D0FF005549E185B0
(1675526494.738539) vcan0 288#F1DF609F00000080
(1675526494.738615) vcan0 055#BEF7FF67B3009C80
(1675526494.738693) vcan0 008#16805C9900800080
(1675526494.741496) vcan0 065#3AE3FFE7008E0002
(1675526494.741624) vcan0 070#000040A800E25B00
(1675526494.741702) vcan0 075#0000000000005458
(1675526494.741780) vcan0 080#FF4F8000C2002C00
(1675526494.741859) vcan0 0B0#398382A200C239A3
(1675526494.742009) vcan0 145#FDE2D180FCC810A1
(1675526494.742086) vcan0 28C#004020000014BE91
(1675526494.742162) vcan0 2B5#4B093C6293A64F38
(1675526494.742240) vcan0 340#4300000000000000
(1675526494.742317) vcan0 0E0#627101D00080A200
(1675526494.742399) vcan0 370#0725C000581BC700
(1675526494.742984) vcan0 0F5#00800080BF57A100
(1675526494.743072) vcan0 120#008000807FF75589
(1675526494.743148) vcan0 130#AFFF1D0000A3FF11
(1675526494.743229) vcan0 150#0000FD5703F8A3C0
(1675526494.744517) vcan0 010#000000002FB031F8
(1675526494.745982) vcan0 072#F000FF3F00788038
(1675526494.746110) vcan0 1D0#0000000000000061
(1675526494.746190) vcan0 125#E53F80E4C1D0D734
(1675526494.747503) vcan0 008#16806C8900800080
(1675526494.751292) vcan0 210#A8DF00A0A869F84D
(1675526494.752635) vcan0 1B0#00C0EC0000B061ED
(1675526494.754105) vcan0 1B5#FF00000000E0FFEF
(1675526494.754161) vcan0 1D8#363339343234DA43
(1675526494.754239) vcan0 1E0#00381BC180BD17E0
(1675526494.755554) vcan0 010#000000002FB031F8
(1675526494.755703) vcan0 291#0000000000000000
(1675526494.755781) vcan0 330#2800000000000000
(1675526494.759350) vcan0 055#BEF7FF67B3009C80
(1675526494.760751) vcan0 008#16807C7900800080
(1675526494.760829) vcan0 065#3AE3FFE7008E0002
(1675526494.763699) vcan0 070#000040A800E25B00
(1675526494.763829) vcan0 075#0000000000005458
(1675526494.763906) vcan0 080#FF4F8000C2002C00
(1675526494.763981) vcan0 0B0#398381A200C239A3
(1675526494.764061) vcan0 145#FDD2D280FCC810A1
(1675526494.764138) vcan0 290#0000000000000000
(1675526494.764221) vcan0 072#F000FF3F0078A038
(1675526494.764370) vcan0 2C0#5D8700660300A0F1
(1675526494.764446) vcan0 0E0#627101D800808200
(1675526494.764523) vcan0 2C5#00DF20003BE30070
(1675526494.764605) vcan0 360#5D8700D29364A001
(1675526494.764683) vcan0 0F5#00800080BF5B9100
(1675526494.764764) vcan0 120#008000807FF95589
(1675526494.764920) vcan0 130#B7FF1D000093FF11
(1675526494.764996) vcan0 150#0000FD6703F893C0
(1675526494.765287) vcan0 288#F5DF609F00000080
(1675526494.765366) vcan0 010#000000002FB031F8
(1675526494.766747) vcan0 1D0#0000000000000061
(1675526494.766875) vcan0 390#80FF051D021E584F
(1675526494.766953) vcan0 125#E53F80E4C1D0D734
(1675526494.768195) vcan0 260#D0FF005549E185B0
(1675526494.769733) vcan0 008#16808C6900800080
(1675526494.771205) vcan0 1B0#00C0EB0000B061ED
(1675526494.772731) vcan0 1B5#FF00000000E0FFEF
(1675526494.772809) vcan0 1D8#363339343234DA43
(1675526494.772887) vcan0 1E0#003C0BC180BD17E0
(1675526494.773038) vcan0 2C3#5D8700FFFF005450
(1675526494.774224) vcan0 010#000000002FB031F9
(1675526494.775745) vcan0 072#F000FF3F00788038
(1675526494.775829) vcan0 210#A8DF00A0A869F845
(1675526494.777249) vcan0 2A9#8C2600CAC0000084
(1675526494.778672) vcan0 008#16809C5900800080
(1675526494.781712) vcan0 055#BEF7FF67B3009C80
(1675526494.781863) vcan0 065#39E3FFE7FF8D0002
(1675526494.781943) vcan0 070#000040A800E25B00
(1675526494.782020) vcan0 075#0000000000005458
(1675526494.782097) vcan0 080#FF4F8000C2002C00
(1675526494.782174) vcan0 0B0#398381A200C239A3
(1675526494.782252) vcan0 145#FDC2D380FCC810A1
(1675526494.782404) vcan0 28C#004020000014BE90
(1675526494.782483) vcan0 0E0#627101E000806200
(1675526494.782562) vcan0 2B5#4B093D6293A64F38
(1675526494.783291) vcan0 0F5#00800080BF5F8100
(1675526494.783368) vcan0 120#008000807FF95589
(1675526494.783446) vcan0 130#BFFF1D000083FF11
(1675526494.783544) vcan0 150#0000FD7703F883C0
(1675526494.784682) vcan0 010#000000002FB031F8
(1675526494.786222) vcan0 1D0#0000000000000A61
(1675526494.786278) vcan0 291#0000000000000000
(1675526494.786427) vcan0 125#E53F80E4C1D0D734
(1675526494.787739) vcan0 288#02E0708F00000080
(1675526494.789382) vcan0 290#0000000000000000
(1675526494.789386) vcan0 008#1680AC4900800080
(1675526494.790753) vcan0 072#F000FF3F0078A038
(1675526494.790830) vcan0 3B0#00FC4B383A90C602
(1675526494.792249) vcan0 1B0#00C0EB0000B061ED
(1675526494.792401) vcan0 1B5#FF00000000E0FFEF
(1675526494.792484) vcan0 1D8#363339343234DA43
(1675526494.793724) vcan0 1E0#003C0B8180BD17E0
(1675526494.795212) vcan0 010#000000002FB031F8
(1675526494.796737) vcan0 260#D0FF00AA49E185B0
(1675526494.798218) vcan0 055#BDF7FF67B3009C80
(1675526494.801220) vcan0 008#1680BC3900800080
(1675526494.801372) vcan0 065#39E3FFE7008E0002
(1675526494.801451) vcan0 070#000040A800E25B00
(1675526494.801527) vcan0 075#0000000000005458
(1675526494.801605) vcan0 080#FF4F8000C2002C00
(1675526494.801682) vcan0 0B0#398381A200C239A3
(1675526494.801835) vcan0 145#FDB2D480FCC810A1
(1675526494.801919) vcan0 210#D2DF00A0A869F845
(1675526494.801994) vcan0 0E0#627101E800804200
(1675526494.802724) vcan0 0F5#00800080BF637100
(1675526494.802781) vcan0 120#008000807FF95589
(1675526494.802858) vcan0 130#C7FD1D000073FF11
(1675526494.803006) vcan0 150#0000008803F873C0
(1675526494.803085) vcan0 3CA#00000000520000C8
(1675526494.804224) vcan0 010#000000002FB031F8
(1675526494.805708) vcan0 072#F000FF3F00788038
(1675526494.805859) vcan0 1D0#0000000000000061
(1675526494.807228) vcan0 125#E53F80E4C1D0D734
(1675526494.808754) vcan0 008#1680CC2900800080
(1675526494.810300) vcan0 350#A200000000000080
(1675526494.811700) vcan0 1B0#00C0EB0000B061ED
(1675526494.813370) vcan0 1B5#FF00000000E0FFEF
(1675526494.813499) vcan0 1D8#363339343234DA43
(1675526494.813576) vcan0 1E0#0000FBC180BD17E0
(1675526494.813653) vcan0 288#02E0708F00000080
(1675526494.813733) vcan0 2C3#5D8700FFFF005450
(1675526494.813809) vcan0 3C8#5D87008E8824008E
(1675526494.814840) vcan0 010#000000002FB031F8
(1675526494.816311) vcan0 291#0000000000000000
(1675526494.816437) vcan0 2A9#8C2600D3C0000084
(1675526494.817862) vcan0 055#BDF7FF67B3009C80
(1675526494.820791) vcan0 008#1680DC1900800080
(1675526494.820847) vcan0 065#39E3FFE7008E0002
(1675526494.820997) vcan0 070#000040A800E25B00
(1675526494.821074) vcan0 075#0000000000005458
(1675526494.821152) vcan0 080#FF4F8000C2002C00
(1675526494.821229) vcan0 0B0#398381A200C239A3
(1675526494.821306) vcan0 145#FDA2D580FCC810A1
(1675526494.821383) vcan0 072#F000FF3F0078A038
(1675526494.821534) vcan0 28C#004020000014BE90
(1675526494.821616) vcan0 290#0000000000000000
(1675526494.823728) vcan0 0E0#627101F000802200
(1675526494.823808) vcan0 2B5#4B093D6293A64F39
(1675526494.823887) vcan0 2C0#5D8700640300A0F1
(1675526494.824036) vcan0 2C5#00DF20003AE30070
(1675526494.824114) vcan0 340#4300000000000000
(1675526494.824190) vcan0 0F5#00800080BF676100
(1675526494.824276) vcan0 120#008000807FFA5589
(1675526494.824361) vcan0 130#CFFF1D000063FF11
(1675526494.824438) vcan0 150#0000009803F863C0
(1675526494.824585) vcan0 3AF#0000000000000020
(1675526494.825246) vcan0 010#000000002FB031F8
(1675526494.826785) vcan0 1D0#0000000000000061
(1675526494.826843) vcan0 210#D2DF00A0A869F84D
(1675526494.826923) vcan0 125#E53F80E4C1D0D734
(1675526494.828180) vcan0 260#D0FF00AA49E185B0
(1675526494.829745) vcan0 008#1680EC0900800080
(1675526494.831218) vcan0 1B0#00C0EB0000B061ED
(1675526494.832742) vcan0 1B5#FF00000000E0FFEF
(1675526494.832820) vcan0 1D8#363339343234DA43
(1675526494.832899) vcan0 1E0#0004EBC180BD17E0
(1675526494.834209) vcan0 010#000000002FB031F8
(1675526494.835730) vcan0 072#F000FF3F00788038
(1675526494.835817) vcan0 330#2800000000000000
(1675526494.837239) vcan0 288#FEDF708F00000080
(1675526494.838787) vcan0 055#BDF7FF67B3009C80
(1675526494.838864) vcan0 008#1680FCF900800080
(1675526494.838942) vcan0 065#3AE3FFE7008E0002
(1675526494.841685) vcan0 070#000041A800E25B00
(1675526494.841812) vcan0 075#0000000000005458
(1675526494.841892) vcan0 080#FF4F8000C2002C00
(1675526494.841968) vcan0 0B0#398381A200C239A3
(1675526494.842047) vcan0 145#FD92D680FCC810A1
(1675526494.842198) vcan0 370#0725C000581BC700
(1675526494.842275) vcan0 0E0#627101F800800200
(1675526494.843245) vcan0 0F5#00800080BF6B5100
(1675526494.843322) vcan0 120#008000807FF85589
(1675526494.843400) vcan0 130#D7FF1D000053FF11
(1675526494.843477) vcan0 150#0000FFA703F853C0
(1675526494.844747) vcan0 010#000000002FB031F8
(1675526494.846270) vcan0 1D0#0000000000000061
(1675526494.846346) vcan0 291#0000000000000000
(1675526494.846426) vcan0 125#E53F80E4C1D0D734
(1675526494.847791) vcan0 290#0000000000000000
(1675526494.849387) vcan0 008#16800CE900800080
(1675526494.850685) vcan0 072#F000FF3F0078A038
(1675526494.850812) vcan0 210#D2DF00A0A869F845
(1675526494.852230) vcan0 1B0#00C0EB0000B061ED
(1675526494.852307) vcan0 1B5#FF00000000E0FFEF
(1675526494.852387) vcan0 1D8#363339343234DA43
(1675526494.853699) vcan0 1E0#0004EB8180BD17E0
(1675526494.853827) vcan0 2C3#5D8700FFFF005450
(1675526494.855245) vcan0 010#000000002FB031F9
(1675526494.856786) vcan0 2A9#8C2600CAC0000084
(1675526494.858255) vcan0 260#D0FF00AA49E185B0
(1675526494.858385) vcan0 055#BDF7FF67B3009C80
(1675526494.861217) vcan0 008#16801CD900800080
(1675526494.861296) vcan0 065#3AE3FFE7008E0002
(1675526494.861373) vcan0 070#000041A800E25B00
(1675526494.861522) vcan0 075#0000000000005458
(1675526494.861599) vcan0 080#FF4F8000C2002C00
(1675526494.861676) vcan0 0B0#398381A200C239A3
(1675526494.861751) vcan0 145#FD82D780FCC810A1
(1675526494.861830) vcan0 28C#004020000014BE90
(1675526494.861979) vcan0 2B5#4B093E6293A64F39
(1675526494.862059) vcan0 360#5D8700D29364A001
(1675526494.862139) vcan0 0E0#627101C00080E200
(1675526494.862796) vcan0 0F5#00800080BF6F4100
(1675526494.862877) vcan0 120#008000807FF85589
(1675526494.862952) vcan0 130#DFFF1D000043FF11
(1675526494.863031) vcan0 150#0000FFB703F843C0
(1675526494.863116) vcan0 288#F9DF708F00000080
(1675526494.864269) vcan0 010#000000002FB031F8
(1675526494.865668) vcan0 072#F000FF3F00788038
(1675526494.865819) vcan0 1D0#0000000000000A61
(1675526494.867187) vcan0 390#80FF051D021E584F
(1675526494.867336) vcan0 125#E53F80E4C1D0D734
(1675526494.868757) vcan0 008#16802CC900800080
(1675526494.871479) vcan0 1B0#00C0EB0000B060ED
(1675526494.872957) vcan0 1B5#FF00000000E0FFEF
(1675526494.873108) vcan0 1D8#363339343234DA43
(1675526494.873187) vcan0 1E0#0008DBC180BD17E0
(1675526494.874495) vcan0 010#000000002FB031F8
(1675526494.876021) vcan0 210#D2DF0020A869F84D
(1675526494.876099) vcan0 291#0000000000000000
(1675526494.876177) vcan0 3D0#840F6100340680C3
(1675526494.877489) vcan0 055#BDF7FF67B3009C80
(1675526494.879016) vcan0 008#16803CB900800080
(1675526494.879093) vcan0 065#3BE3FFE7008E0002
(1675526494.879171) vcan0 070#000041A800E25B00
(1675526494.881954) vcan0 075#0000000000005458
(1675526494.882032) vcan0 080#FE4F8000C2002C00
(1675526494.882181) vcan0 0B0#398381A200C239A3
(1675526494.882260) vcan0 145#FD72D880FCC810A1
(1675526494.882336) vcan0 072#F000FF3F0078A038
(1675526494.882417) vcan0 290#0000000000000000
(1675526494.882494) vcan0 2C0#5D8700640300A0F1
(1675526494.882572) vcan0 0E0#627101C80080C200
(1675526494.882722) vcan0 2C5#00DF20003AE30070
(1675526494.882800) vcan0 0F5#00800080BF733100
(1675526494.882876) vcan0 120#008000807FF85589
(1675526494.883535) vcan0 130#E7FF1D000033FF11
(1675526494.883615) vcan0 150#0000FEC703F833C0
(1675526494.884992) vcan0 010#000000002FB031F8
(1675526494.886531) vcan0 1D0#0000000000000061
(1675526494.886587) vcan0 400#0301010101010206
(1675526494.886739) vcan0 125#E53F80E4C1D0D734
(1675526494.886815) vcan0 405#5D870030002D3102
(1675526494.887952) vcan0 260#D0FF005549E185B0
(1675526494.888080) vcan0 288#F5DF807F00000080
(1675526494.889547) vcan0 008#16804CA900800080
(1675526494.890973) vcan0 1B0#00C0EB0000B060ED
(1675526494.892499) vcan0 1B5#FF00000000E0FFEF
(1675526494.892575) vcan0 1D8#363339343234DA43
(1675526494.892653) vcan0 1E0#000CCBC180BD17E0
(1675526494.894025) vcan0 2C3#5D8700FFFF005450
(1675526494.895502) vcan0 010#000000002FB031F8
(1675526494.896992) vcan0 072#F000FF3F00788038
(1675526494.897120) vcan0 2A9#8C2600C2C0000084
(1675526494.898439) vcan0 055#BDF7FF67B3009C80
(1675526494.898516) vcan0 008#16805C9900800080
(1675526494.900048) vcan0 065#3BE3FFE7008E0002
(1675526494.900199) vcan0 070#000041A800E25B00
(1675526494.900280) vcan0 075#0000000000005458
(1675526494.900357) vcan0 080#FE4F8000C2002C00
(1675526494.900435) vcan0 0B0#398381A200C239A3
(1675526494.900512) vcan0 145#FD62D980FCC810A1
(1675526494.900592) vcan0 210#D2DF00A0A869F84D
(1675526494.900743) vcan0 28C#004020000014BE90
(1675526494.903028) vcan0 2B5#4B093E6293A64F39
(1675526494.903084) vcan0 0E0#627101D00080A200
(1675526494.903233) vcan0 340#4300000000000000
(1675526494.903310) vcan0 350#A200000000000080
(1675526494.903389) vcan0 0F5#00800080BF772100
(1675526494.903466) vcan0 120#008000807FFA5589
(1675526494.903550) vcan0 130#EFFD1D000023FF11
(1675526494.903704) vcan0 150#0000FDD703F823C0
(1675526494.904477) vcan0 010#000000002FB031F8
(1675526494.905949) vcan0 1D0#0000000000000061
(1675526494.906099) vcan0 291#0000000000000000
(1675526494.906179) vcan0 125#E53F80E4C1D0D734
(1675526494.907494) vcan0 290#0000000000000000
(1675526494.909019) vcan0 008#16806C8900800080
(1675526494.910519) vcan0 072#F000FF3F0078A038
(1675526494.910600) vcan0 3B0#00D84B3C3A90C400
(1675526494.912020) vcan0 1B0#00C0EB0000B060ED
(1675526494.913494) vcan0 1B5#FF00000000E0FFEF
(1675526494.913646) vcan0 1D8#363339343234DA43
(1675526494.913725) vcan0 1E0#000CCB8180BD17E0
(1675526494.913802) vcan0 288#E9DF807F00000080
(1675526494.914935) vcan0 010#000000002FB031F8
(1675526494.916458) vcan0 330#2800000000000000
(1675526494.918003) vcan0 260#D0FF005549E285B0
(1675526494.920996) vcan0 055#BDF7FF67B3009C80
(1675526494.921051) vcan0 008#16807C7900800080
(1675526494.921201) vcan0 065#3AE3FEE7008E0002
(1675526494.921278) vcan0 070#000041A800E25B00
(1675526494.921356) vcan0 075#0000000000005458
(1675526494.921433) vcan0 080#FF4F8000C2002C00
(1675526494.921510) vcan0 0B0#398381A200C239A3
(1675526494.921659) vcan0 145#FD52DA80FCC810A1
(1675526494.921737) vcan0 0E0#627101D800808200
(1675526494.922528) vcan0 0F5#00800080BF7B1100
(1675526494.922606) vcan0 120#008000807FF85589
(1675526494.922684) vcan0 130#F7FF1D000013FF11
(1675526494.922761) vcan0 150#0000F9E703F813C0
(1675526494.923951) vcan0 3CA#00000000530000C8
(1675526494.925449) vcan0 010#000000002FB031F8
(1675526494.925577) vcan0 072#F000FF3F00788038
(1675526494.926944) vcan0 1D0#0000000000000061
(1675526494.927072) vcan0 125#E53F80E4C1D0D734
(1675526494.927154) vcan0 210#D2DF00A0A869F845
(1675526494.928470) vcan0 008#16808C6900800080
(1675526494.931257) vcan0 1B0#00C0EB0000B060ED
(1675526494.932731) vcan0 1B5#FF00000000E0FFEF
(1675526494.932858) vcan0 1D8#363339343234DA43
(1675526494.932937) vcan0 1E0#0010BBC180BD17E0
(1675526494.933014) vcan0 2C3#5D8700FFFF005450
(1675526494.934272) vcan0 3C8#5D87008E8824008E
(1675526494.935794) vcan0 010#000000002FB031F9
(1675526494.935851) vcan0 291#0000000000000000
(1675526494.935928) vcan0 2A9#8C2600DBC0000084
(1675526494.937312) vcan0 288#F1DF807F00000080
(1675526494.938712) vcan0 055#BDF7FF67B3009C80
(1675526494.938789) vcan0 008#16809C5900800080
(1675526494.938865) vcan0 065#38E3FFE7FF8D0002
(1675526494.941727) vcan0 070#000041A800E25B00
(1675526494.941808) vcan0 075#0000000000005458
(1675526494.941955) vcan0 080#FF4F8000C2002C00
(1675526494.942034) vcan0 0B0#398381A200C239A3
(1675526494.942110) vcan0 145#FD42DB80FCC810A1
(1675526494.942190) vcan0 28C#004020000014BE90
(1675526494.942268) vcan0 072#F000FF3F0078A038
(1675526494.942417) vcan0 290#0000000000000000
(1675526494.942496) vcan0 0E0#627101E000806200
(1675526494.942574) vcan0 2B5#4B093F6293A64F39
(1675526494.942653) vcan0 2C0#5D8700650300A0F1
(1675526494.942732) vcan0 2C5#00DF20003BE30070
(1675526494.942881) vcan0 370#0725C000581BC700
(1675526494.943402) vcan0 0F5#00800080BF7F0100
(1675526494.943483) vcan0 120#008000807FF85589
(1675526494.943561) vcan0 130#FFFD1D000003FF11
(1675526494.943638) vcan0 150#0000F9F703F803C0
(1675526494.943787) vcan0 3AF#0000000000000020
(1675526494.943864) vcan0 3E0#000000D93C808090
(1675526494.946222) vcan0 010#000000002FB031F8
(1675526494.946351) vcan0 1D0#0000000000000A61
(1675526494.946429) vcan0 125#E53F80E4C1D0D734
(1675526494.947739) vcan0 260#D0FF005549E185B0
(1675526494.949265) vcan0 008#1680AC4900800080
(1675526494.950797) vcan0 210#D2DF00A0A869F84D
(1675526494.952218) vcan0 1B0#00C0EB0000B060ED
(1675526494.952274) vcan0 1B5#FF00000000E0FFEF
(1675526494.953711) vcan0 1D8#363339343234DA43
(1675526494.953838) vcan0 1E0#0014ABC180BD17E0
(1675526494.955211) vcan0 010#000000002FB031F8
(1675526494.955340) vcan0 072#F000FF3F00788038
(1675526494.957956) vcan0 055#BDF7FF67B3009C80
(1675526494.960977) vcan0 008#1680BC3900800080
(1675526494.961056) vcan0 065#38E3FFE7008E0002
(1675526494.961134) vcan0 070#000041A800E25B00
(1675526494.961211) vcan0 075#0000000000005458
(1675526494.961360) vcan0 080#FF4F8000C2002C00
(1675526494.961437) vcan0 0B0#398380A200C239A3
(1675526494.961514) vcan0 145#FD32DC80FCC810A1
(1675526494.961595) vcan0 360#5D8700D29364A001
