(1675525902.242777) vcan0 290#0000000000000000
(1675525902.242843) vcan0 2B5#4B74176293A67B6F
(1675525902.242920) vcan0 2C0#4F9E00000000A0F1
(1675525902.245668) vcan0 2C5#30DF8DBF79E6D470
(1675525902.245747) vcan0 288#EDDF807F00000080
(1675525902.245823) vcan0 3AF#0000000000000020
(1675525902.245972) vcan0 400#0101030101010117
(1675525902.246050) vcan0 405#0000000000000020
(1675525902.246130) vcan0 1B0#00C0000005B000FC
(1675525902.246209) vcan0 072#F000FF3F0078A038
(1675525902.246283) vcan0 1B5#FF5BB14B78E0FFEF
(1675525902.246427) vcan0 1D8#363339343234E143
(1675525902.246501) vcan0 1E0#0018934300B917E0
(1675525902.246781) vcan0 260#D0FF00AA497487B0
(1675525902.247816) vcan0 008#5F801C9000800080
(1675525902.248860) vcan0 0E0#E27320E800801B00
(1675525902.249962) vcan0 010#008000002FB031F9
(1675525902.250035) vcan0 1D0#0000000000000A61
(1675525902.253877) vcan0 125#E5E97FE5C1D0D735
(1675525902.253952) vcan0 0F5#57A95BA97F6B5296
(1675525902.254985) vcan0 120#98A980A97FFC5589
(1675525902.255060) vcan0 130#D7FF1D6F29BBFF11
(1675525902.255134) vcan0 150#6729FAA7F9F7C3C0
(1675525902.255210) vcan0 210#12E080A0C269C24D
(1675525902.255901) vcan0 008#5F802C8000800080
(1675525902.256984) vcan0 010#008000002FB031F8
(1675525902.258074) vcan0 072#F000FF3F00788038
(1675525902.259234) vcan0 055#F9F71438B2979E80
(1675525902.260251) vcan0 065#7AE614F8FEED5F02
(1675525902.261699) vcan0 070#000005F85FE20D00
(1675525902.261778) vcan0 075#0000000000005458
(1675525902.261863) vcan0 080#37508000C2002C00
(1675525902.261941) vcan0 0B0#528319A3E4C152E3
(1675525902.262019) vcan0 145#F9C2D380FC4810A1
(1675525902.262747) vcan0 1B0#00C0000005B000FC
(1675525902.263837) vcan0 1B5#FF76CC5985E0FFEF
(1675525902.264852) vcan0 1D8#363339343234E143
(1675525902.264929) vcan0 1E0#001C834300B917E0
(1675525902.269046) vcan0 2C3#4F9E00FFFF055450
(1675525902.269120) vcan0 360#5E9E0053BB50A001
(1675525902.269194) vcan0 008#5F803C7000800080
(1675525902.269268) vcan0 0E0#E2731FF00080FC00
(1675525902.269412) vcan0 288#DDDF807F00000080
(1675525902.270104) vcan0 010#008000002FB031F8
(1675525902.270177) vcan0 1D0#0000000000000061
(1675525902.270252) vcan0 291#0000000000000000
(1675525902.270394) vcan0 390#80FF0500023E504F
(1675525902.270477) vcan0 290#0000000000000000
(1675525902.271169) vcan0 125#E5EB7FE5C1D0D735
(1675525902.272341) vcan0 0F5#53A95EA97F6F4299
(1675525902.273375) vcan0 072#F000FF3F0078A038
(1675525902.274408) vcan0 120#73A993A97FFD5589
(1675525902.274484) vcan0 130#DFFF1D6F29ABFF11
(1675525902.275449) vcan0 150#5929F4B7F9F7C1C0
(1675525902.276548) vcan0 260#D0FF0055497487B0
(1675525902.277636) vcan0 008#5F804C6000800080
(1675525902.278651) vcan0 350#A200000000000080
(1675525902.280099) vcan0 010#008000002FB031F8
(1675525902.280177) vcan0 210#12E080A0C269C245
(1675525902.280256) vcan0 2A9#8C260093C0000084
(1675525902.281136) vcan0 055#F9F71438B2979E80
(1675525902.281204) vcan0 065#7FE614F803EE5F02
(1675525902.283950) vcan0 070#000005F85FE20D00
(1675525902.284038) vcan0 075#0000000000005458
(1675525902.284115) vcan0 080#37508000C2002C00
(1675525902.284266) vcan0 0B0#528319A3E4C152E3
(1675525902.284342) vcan0 145#F9B2D480FC4810A1
(1675525902.284421) vcan0 28C#00000000002CFEA9
(1675525902.284498) vcan0 2B5#4B75176293A67B6F
(1675525902.284577) vcan0 340#9F00000000000000
(1675525902.284654) vcan0 1B0#00C0000002B000FC
(1675525902.285021) vcan0 1B5#FF91E76693E0FFEF
(1675525902.285099) vcan0 1D8#363339343234E143
(1675525902.285251) vcan0 1E0#001C830300B917E0
(1675525902.286120) vcan0 008#5F805C5000800080
(1675525902.287163) vcan0 0E0#E27318F80080E300
(1675525902.288268) vcan0 3C8#4F9E008E882C008E
(1675525902.291082) vcan0 010#008000002FB031F8
(1675525902.291158) vcan0 072#F000FF3F0078A038
(1675525902.291240) vcan0 1D0#0000000000000061
(1675525902.292136) vcan0 288#F5DF807F00000080
(1675525902.293171) vcan0 125#E5EB7FE5C1D0D735
(1675525902.294204) vcan0 0F5#47A95EA97F73329C
(1675525902.294346) vcan0 120#8CA98CA97FFC5589
(1675525902.294420) vcan0 130#E7FF1D6F299BFF11
(1675525902.295317) vcan0 150#5729FBC7F9F7B3C0
(1675525902.295392) vcan0 3CA#00000000510000C8
(1675525902.296400) vcan0 008#5F806C4000800080
(1675525902.297417) vcan0 055#F9F71438B2979E80
(1675525902.298506) vcan0 065#78E614F801EE6002
(1675525902.299520) vcan0 010#008000002FB031F8
(1675525902.300606) vcan0 070#000005F860E20D00
(1675525902.303423) vcan0 075#0000000000005458
(1675525902.303501) vcan0 080#37508000C2002C00
(1675525902.303578) vcan0 0B0#528319A3E4C152E3
(1675525902.303666) vcan0 145#F9A2D580FC4810A1
(1675525902.303815) vcan0 290#0000000000000000
(1675525902.303894) vcan0 291#0000000000000000
(1675525902.303972) vcan0 2C0#4F9E00000000A0F1
