(1675525718.604895) vcan0 072#F000FF3F00788038
(1675525718.604958) vcan0 1D0#0000000000000861
(1675525718.607294) vcan0 125#E5ED7FE4C1D0D735
(1675525718.607373) vcan0 1B0#00C0000002B000FC
(1675525718.607453) vcan0 1B5#FFE62ED6ADE0FFEF
(1675525718.608766) vcan0 1D8#363339343234E043
(1675525718.608859) vcan0 1E0#0018930300B917E0
(1675525718.608938) vcan0 2C3#528700FFFF6D5450
(1675525718.612624) vcan0 055#F5F70F28B29C9C80
(1675525718.612629) vcan0 065#18E60FF800DE3D02
(1675525718.612633) vcan0 070#000009F83DE20F00
(1675525718.612638) vcan0 008#5B804C6400800080
(1675525718.612643) vcan0 075#0000000000005458
(1675525718.612647) vcan0 080#2A508000C2002C00
(1675525718.613093) vcan0 0B0#52830FA3DCC152A3
(1675525718.613245) vcan0 145#F912DE80FC4810A1
(1675525718.617543) vcan0 010#008800002FB031F8
(1675525718.617548) vcan0 291#0000000000000000
(1675525718.617553) vcan0 330#C800000000000000
(1675525718.617557) vcan0 288#F9DF906F00000080
(1675525718.617561) vcan0 0F5#32A02DA07F6F42C8
(1675525718.617635) vcan0 120#5BA063A07FFF5589
(1675525718.619053) vcan0 130#DFFF1D5E20C5FF11
(1675525718.619132) vcan0 150#2F20FFB7FFF7F4C0
(1675525718.619227) vcan0 072#F000FF3F0078A038
(1675525718.621594) vcan0 290#0000000000000000
(1675525718.621675) vcan0 008#5B805C5400800080
(1675525718.621754) vcan0 0E0#627305E800803600
(1675525718.621831) vcan0 260#D0FF0055497487B0
(1675525718.624075) vcan0 010#008800002FB031F9
(1675525718.626553) vcan0 1D0#0000000000000261
(1675525718.626558) vcan0 210#74E080A0A869D74D
(1675525718.626562) vcan0 125#E5ED7FE4C1D0D735
(1675525718.628053) vcan0 1B0#00C0000002B000FC
(1675525718.628132) vcan0 1B5#FFFA43E0B7E0FFEF
(1675525718.628210) vcan0 1D8#363339343234E043
(1675525718.628288) vcan0 1E0#001C834300B917E0
(1675525718.633188) vcan0 055#F5F70F28B29C9C80
(1675525718.633193) vcan0 065#19E60FF800DE3D02
(1675525718.633197) vcan0 070#000009F83DE20F00
(1675525718.633210) vcan0 008#5B806C4400800080
(1675525718.633214) vcan0 075#0000000000005458
(1675525718.633219) vcan0 080#2A508000C2002C00
(1675525718.633222) vcan0 0B0#52830FA3DCC152A3
(1675525718.633227) vcan0 145#F902DF80FC4810A1
(1675525718.633231) vcan0 28C#000000000016FEA7
(1675525718.633235) vcan0 2B5#4BD5456293A67E57
(1675525718.634662) vcan0 010#008800002FB031F8
(1675525718.634743) vcan0 072#F000FF3F00788038
(1675525718.634820) vcan0 2A9#8C260082C0000084
(1675525718.638373) vcan0 400#010100010204051A
(1675525718.638378) vcan0 0F5#21A02AA07F7332CB
(1675525718.638455) vcan0 120#74A069A07FFF5589
(1675525718.638535) vcan0 130#E7FF1D5E20B5FF11
(1675525718.638612) vcan0 150#2520FBC7FFF7EEC0
(1675525718.638691) vcan0 3CA#00000000560000C8
(1675525718.640943) vcan0 008#5B807C3400800080
(1675525718.644697) vcan0 288#F9DF906F00000080
(1675525718.644702) vcan0 0E0#627301F000801A00
(1675525718.644707) vcan0 010#008800002FB031F8
(1675525718.644778) vcan0 1D0#0000000000000061
(1675525718.644855) vcan0 291#0000000000000000
(1675525718.647176) vcan0 125#E5ED7FE4C1D0D735
(1675525718.647181) vcan0 1B0#00C0000003B000FC
(1675525718.651258) vcan0 1B5#FF0F58EBC2E0FFEF
(1675525718.651264) vcan0 1D8#363339343234E043
(1675525718.651268) vcan0 1E0#0020734300B917E0
(1675525718.651272) vcan0 2C3#528700FFFF6D5450
(1675525718.651276) vcan0 072#F000FF3F0078A038
(1675525718.651281) vcan0 210#74E080A0A869D745
(1675525718.651285) vcan0 3B0#00D838383BB8C400
(1675525718.651289) vcan0 055#F5F70F28B29C9C80
(1675525718.651372) vcan0 065#19E60FF801DE3D02
(1675525718.651450) vcan0 070#000009F83DE20F00
(1675525718.651529) vcan0 008#5B808C2400800080
(1675525718.651609) vcan0 075#0000000000005458
(1675525718.655224) vcan0 080#2A508000C2002C00
(1675525718.655229) vcan0 0B0#52830FA3DCC152A3
(1675525718.655233) vcan0 145#F9F2D080FC4810A1
(1675525718.655238) vcan0 260#D0FF00AA497487B0
(1675525718.655242) vcan0 290#0000000000000000
(1675525718.655246) vcan0 2C0#528700000000A0F1
(1675525718.655250) vcan0 2C5#1DDF80E31BE60070
(1675525718.655255) vcan0 350#A200000000000080
(1675525718.655259) vcan0 010#008800002FB031F8
(1675525718.655326) vcan0 3C8#5287008E882C008E
(1675525718.657764) vcan0 0F5#24A036A07F7722CD
(1675525718.657841) vcan0 120#78A066A07F015689
(1675525718.657931) vcan0 130#EFFF1D5E20A5FF11
(1675525718.659162) vcan0 150#2D20FDD7FFF7D6C0
(1675525718.659242) vcan0 360#538700BCB964A041
(1675525718.661706) vcan0 008#5B809C1400800080
(1675525718.661862) vcan0 0E0#627300F80080FB00
(1675525718.664198) vcan0 010#008800002FB031F8
(1675525718.664352) vcan0 072#F000FF3F00788038
(1675525718.666678) vcan0 1D0#0000000000000061
(1675525718.666683) vcan0 390#80FF051D020A5D4F
(1675525718.666761) vcan0 288#F1DF906F00000080
(1675525718.666839) vcan0 125#E5ED7FE4C1D0D735
(1675525718.668133) vcan0 1B0#00C0000002B000FC
(1675525718.668214) vcan0 1B5#FF246DF5CCE0FFEF
(1675525718.668364) vcan0 1D8#363339343234E043
(1675525718.668443) vcan0 1E0#0020730300B917E0
(1675525718.673292) vcan0 055#F5F70F28B29C9C80
(1675525718.673308) vcan0 065#18E60FF8FFDD3D02
(1675525718.673312) vcan0 070#000009F83DE20F00
(1675525718.673316) vcan0 008#5B80AC0400800080
(1675525718.673320) vcan0 075#0000000000005458
(1675525718.673325) vcan0 080#2A508000C2002C00
(1675525718.673329) vcan0 0B0#52830FA3DCC152A3
(1675525718.673334) vcan0 145#F9E2D180FC4810A1
(1675525718.673337) vcan0 28C#000000000016FEA7
(1675525718.673341) vcan0 2B5#4BD5456293A67E57
(1675525718.673345) vcan0 340#9700000000000000
(1675525718.674786) vcan0 010#008800002FB031F8
(1675525718.674866) vcan0 210#76E08020A869D745
(1675525718.674944) vcan0 291#0000000000000000
(1675525718.675021) vcan0 2A9#8C26009BC0000084
(1675525718.678423) vcan0 0F5#2AA02BA07F7B12D0
(1675525718.678428) vcan0 120#4EA069A07F015689
(1675525718.678514) vcan0 130#F7FF1D5E2095FF11
(1675525718.678593) vcan0 150#2A20FAE7FFF7C9C0
(1675525718.679893) vcan0 072#F000FF3F0078A038
(1675525718.681416) vcan0 290#0000000000000000
(1675525718.681494) vcan0 008#5B80BCF400800080
(1675525718.681572) vcan0 0E0#E27302C00080D900
(1675525718.681724) vcan0 260#D0FF00AA497487B0
(1675525718.685083) vcan0 010#008800002FB031F8
(1675525718.685163) vcan0 1D0#0000000000000861
(1675525718.686536) vcan0 125#E5ED7FE4C1D0D735
(1675525718.691745) vcan0 1B0#00C0000003B000FC
(1675525718.691750) vcan0 1B5#FF398100D6E0FFEF
(1675525718.691755) vcan0 1D8#363339343234E043
(1675525718.691759) vcan0 1E0#0024634300B917E0
(1675525718.691763) vcan0 2C3#528700FFFF6E5450
(1675525718.691767) vcan0 055#F5F70F28B29C9C80
(1675525718.691771) vcan0 065#17E60FF800DE3D02
(1675525718.691775) vcan0 070#000009F83DE20F00
(1675525718.691780) vcan0 008#5B80CCE400800080
(1675525718.691915) vcan0 075#0000000000005458
(1675525718.691919) vcan0 080#2A508000C2002C00
(1675525718.693368) vcan0 0B0#52830FA3DCC152A3
(1675525718.693447) vcan0 145#F9D2D280FC4810A1
(1675525718.693526) vcan0 288#02E0A05F00000080
(1675525718.693603) vcan0 370#0721C000681BC71F
(1675525718.694663) vcan0 010#008800002FB031F8
(1675525718.694743) vcan0 072#F000FF3F00788038
(1675525718.694822) vcan0 330#C800000000000000
(1675525718.698356) vcan0 0F5#2FA02BA07F7F02D2
(1675525718.698361) vcan0 120#69A066A07FFF5589
(1675525718.698440) vcan0 130#FFFF1D5E2085FF11
(1675525718.698592) vcan0 150#2D20FEF7FFF7B6C0
(1675525718.699804) vcan0 210#76E080A0A869D74D
(1675525718.701212) vcan0 008#5B80DCD400800080
(1675525718.701307) vcan0 0E0#E27305C80080B600
(1675525718.704904) vcan0 010#008800002FB031F9
(1675525718.704986) vcan0 1D0#0000000000000261
(1675525718.705063) vcan0 291#0000000000000000
(1675525718.706374) vcan0 125#E5ED7FE4C1D0D735
(1675525718.708828) vcan0 1B0#00C0000002B000FC
(1675525718.708833) vcan0 1B5#FF4E960AE1E0FFEF
(1675525718.708837) vcan0 1D8#363339343234E043
(1675525718.708842) vcan0 1E0#0028534300B917E0
(1675525718.708846) vcan0 072#F000FF3F0078A038
(1675525718.712900) vcan0 055#F5F70F28B29A9C80
(1675525718.712905) vcan0 065#19E60FF800DE3D02
(1675525718.712910) vcan0 070#000009F83CE20F00
(1675525718.712914) vcan0 008#5B80ECC400800080
(1675525718.712940) vcan0 075#0000000000005458
(1675525718.712945) vcan0 080#2A508000C2002C00
(1675525718.712949) vcan0 0B0#52830FA3DCC152A3
(1675525718.712953) vcan0 145#F9C2D380FC4810A1
(1675525718.712957) vcan0 260#D0FF00AA497487B0
(1675525718.713032) vcan0 28C#000000000016FEA7
(1675525718.713109) vcan0 290#0000000000000000
(1675525718.713187) vcan0 2B5#4BD6456293A67E57
(1675525718.715378) vcan0 2C0#528700000000A0F1
(1675525718.715382) vcan0 2C5#1DDF80E318E60070
(1675525718.715386) vcan0 3AF#0000000000000020
(1675525718.715391) vcan0 010#008800002FB031F8
(1675525718.715395) vcan0 2A9#8C260082C0000084
(1675525718.717918) vcan0 288#02E0A05F00000080
(1675525718.717924) vcan0 0F5#24A02DA07F43F2D5
(1675525718.718001) vcan0 120#66A055A07FFC5589
(1675525718.718090) vcan0 130#87FF1D5E2075FF11
(1675525718.719253) vcan0 150#28200008FFF7ABC0
(1675525718.721927) vcan0 008#5B80FCB400800080
(1675525718.722299) vcan0 0E0#E27307D000809400
(1675525718.724409) vcan0 010#008800002FB031F8
(1675525718.724490) vcan0 072#F000FF3F00788038
(1675525718.724567) vcan0 1D0#0000000000000061
(1675525718.726818) vcan0 210#76E080A0A869D745
(1675525718.726899) vcan0 125#E5ED7FE4C1D0D735
(1675525718.728337) vcan0 1B0#00C0000002B000FC
(1675525718.728414) vcan0 1B5#FF63AB14EBE0FFEF
(1675525718.728493) vcan0 1D8#363339343234E043
(1675525718.728572) vcan0 1E0#0028530300B917E0
(1675525718.728649) vcan0 2C3#528700FFFF6E5450
(1675525718.732161) vcan0 055#F5F70F28B29C9C80
(1675525718.732166) vcan0 065#1AE60FF802DE3C02
(1675525718.732184) vcan0 070#000009F83CE20F00
(1675525718.732188) vcan0 008#5B800CA400800080
(1675525718.732192) vcan0 075#0000000000005458
(1675525718.732197) vcan0 080#2A508000C2002C00
(1675525718.732271) vcan0 0B0#52830FA3DCC152A3
(1675525718.732350) vcan0 145#F9B2D480FC4810A1
(1675525718.734909) vcan0 010#008800002FB031F8
(1675525718.734987) vcan0 291#0000000000000000
(1675525718.735068) vcan0 425#0000000000000000
(1675525718.738518) vcan0 0F5#1EA036A07F47E2D8
(1675525718.738523) vcan0 120#7FA05BA07F005689
(1675525718.738528) vcan0 130#8FFF1D5E2065FF11
(1675525718.738677) vcan0 150#2920FD17FFF79AC0
(1675525718.739910) vcan0 072#F000FF3F0078A038
(1675525718.745078) vcan0 290#0000000000000000
(1675525718.745083) vcan0 008#5B801C9400800080
(1675525718.745094) vcan0 288#02E0A05F00000080
(1675525718.745098) vcan0 0E0#E27307D800807400
(1675525718.745102) vcan0 260#D0FF00AA497487B0
(1675525718.745107) vcan0 350#A200000000000080
(1675525718.745111) vcan0 010#008800002FB031F8
(1675525718.745268) vcan0 1D0#0000000000000061
(1675525718.746549) vcan0 125#E5ED7FE4C1D0D735
(1675525718.749070) vcan0 1B0#00C0000002B000FC
(1675525718.749075) vcan0 1B5#FF78C01FF6E0FFEF
(1675525718.749079) vcan0 1D8#363339343234E043
(1675525718.749084) vcan0 1E0#002C434300B917E0
(1675525718.749160) vcan0 210#76E080A0A869D74D
(1675525718.751735) vcan0 055#F5F70F28B29C9C80
(1675525718.751740) vcan0 065#18E60FF800DE3D02
(1675525718.751744) vcan0 070#000008F83DE20F00
(1675525718.751822) vcan0 008#5B802C8400800080
(1675525718.751910) vcan0 075#0000000000005458
(1675525718.751990) vcan0 080#2A508000C2002C00
(1675525718.752068) vcan0 0B0#52830FA3DCC152A3
(1675525718.752146) vcan0 145#F9A2D580FC4810A1
(1675525718.755599) vcan0 28C#000000000016FEA7
(1675525718.755605) vcan0 2B5#4BD6456293A67E57
(1675525718.755609) vcan0 340#9700000000000000
(1675525718.755613) vcan0 010#008800002FB031F8
(1675525718.755618) vcan0 072#F000FF3F00788038
(1675525718.755622) vcan0 2A9#8C26008AC0000084
(1675525718.755695) vcan0 405#D507310047186701
(1675525718.758147) vcan0 0F5#30A02DA07F4BD2DA
(1675525718.758226) vcan0 120#47A066A07F015689
(1675525718.758304) vcan0 130#97FF1D5E2055FF11
(1675525718.758381) vcan0 150#2E20FF27FFF785C0
(1675525718.759536) vcan0 3CA#00000000400000C8
(1675525718.759625) vcan0 360#538700BDB964A041
(1675525718.761050) vcan0 008#5B803C7400800080
(1675525718.761136) vcan0 0E0#E27305E000805600
(1675525718.764722) vcan0 010#008800002FB031F8
(1675525718.764802) vcan0 1D0#0000000000000861
(1675525718.764879) vcan0 291#0000000000000000
(1675525718.764958) vcan0 390#80FF051D020A5D4F
(1675525718.766164) vcan0 288#02E0A05F00000080
(1675525718.771307) vcan0 125#E5ED7FE4C1D0D735
(1675525718.771313) vcan0 1B0#00C0000003B000FC
(1675525718.771317) vcan0 1B5#FF8DD52900E0FFEF
(1675525718.771322) vcan0 1D8#363339343234E043
(1675525718.771326) vcan0 1E0#0030334300B917E0
(1675525718.771330) vcan0 2C3#528700FFFF6F5450
(1675525718.771334) vcan0 072#F000FF3F0078A038
(1675525718.771338) vcan0 3B0#00FC3F383BB8C400
(1675525718.771344) vcan0 055#F5F70F28B29C9C80
(1675525718.771348) vcan0 065#17E60FF8FEDD3C02
(1675525718.771352) vcan0 070#000008F83DE20F00
(1675525718.771428) vcan0 008#5B804C6400800080
(1675525718.771508) vcan0 075#0000000000005458
(1675525718.776450) vcan0 080#2A508000C2002C00
(1675525718.776455) vcan0 0B0#52830FA3DCC152A3
(1675525718.776460) vcan0 145#F992D680FC4810A1
(1675525718.776464) vcan0 260#D0FF0055497487B0
(1675525718.776468) vcan0 290#0000000000000000
(1675525718.776473) vcan0 2C0#528700000000A0F1
(1675525718.776476) vcan0 2C5#1DDF80E318E60070
(1675525718.776481) vcan0 010#008800002FB031F8
(1675525718.776485) vcan0 210#76E080A0A869D745
(1675525718.776489) vcan0 330#C800000000000000
(1675525718.776494) vcan0 3D0#8D0F6100C50580C3
(1675525718.776496) vcan0 3C8#5287008E882C008E
(1675525718.777917) vcan0 0F5#27A032A07F4FC2DD
(1675525718.777997) vcan0 120#5BA05FA07FFA5589
(1675525718.778075) vcan0 130#9FFF1D5E2045FF11
(1675525718.781591) vcan0 150#2C20FF37FFF777C0
(1675525718.781597) vcan0 430#3B083D00000016A6
(1675525718.781601) vcan0 008#5B805C5400800080
(1675525718.781605) vcan0 0E0#E27305E800803600
(1675525718.784062) vcan0 010#008800002FB031F9
(1675525718.786602) vcan0 072#F000FF3F00788038
(1675525718.786608) vcan0 1D0#0000000000000261
(1675525718.786684) vcan0 125#E5ED7FE4C1D0D735
(1675525718.788040) vcan0 1B0#00C0000001B000FC
(1675525718.788119) vcan0 1B5#FFA2EA340AE0FFEF
(1675525718.788198) vcan0 1D8#363339343234E043
(1675525718.788276) vcan0 1E0#0030330300B917E0
(1675525718.793258) vcan0 055#F5F70F28B29C9C80
(1675525718.793265) vcan0 065#19E60FF800DE3C02
(1675525718.793269) vcan0 070#000008F83DE20F00
(1675525718.793274) vcan0 008#5B806C4400800080
(1675525718.793278) vcan0 075#0000000000005458
(1675525718.793282) vcan0 080#2A508000C2002C00
(1675525718.793286) vcan0 0B0#52830FA3DCC152A3
(1675525718.793290) vcan0 145#F982D780FC4810A1
(1675525718.793295) vcan0 288#FEDFB04F00000080
(1675525718.793299) vcan0 28C#000000000016FEA7
(1675525718.793303) vcan0 2B5#4BD6456293A67E57
(1675525718.793367) vcan0 370#0721C000681BC71F
(1675525718.794663) vcan0 010#008800002FB031F8
(1675525718.794742) vcan0 291#0000000000000000
(1675525718.794821) vcan0 2A9#8C260093C0000084
(1675525718.798343) vcan0 0F5#32A02FA07F53B2DF
(1675525718.798359) vcan0 120#5FA066A07FFF5589
(1675525718.798440) vcan0 130#A7FF1D5B2038FF11
(1675525718.798519) vcan0 150#3020FD47FFF763C0
(1675525718.799801) vcan0 072#F000FF3F0078A038
(1675525718.799881) vcan0 210#76E080A0A869D74D
(1675525718.801520) vcan0 290#0000000000000000
(1675525718.801599) vcan0 008#5B807C3400800080
(1675525718.801676) vcan0 0E0#E27307F000801400
(1675525718.801755) vcan0 260#D0FF0055497487B0
(1675525718.804889) vcan0 010#008800002FB031F8
(1675525718.804971) vcan0 1D0#0000000000000061
(1675525718.806256) vcan0 125#E5ED7FE4C1D0D735
(1675525718.808826) vcan0 1B0#00C0000001B000FC
(1675525718.808832) vcan0 1B5#FFB7FF3E15E0FFEF
(1675525718.808837) vcan0 1D8#363339343234E043
(1675525718.808841) vcan0 1E0#0034234300B917E0
(1675525718.808869) vcan0 2C3#528700FFFF6F5450
(1675525718.811799) vcan0 055#F5F70F28B29A9C80
(1675525718.811878) vcan0 065#1AE60FF802DE3D02
(1675525718.811957) vcan0 070#000008F83CE20F00
(1675525718.812035) vcan0 008#5B808C2400800080
(1675525718.812114) vcan0 075#0000000000005458
(1675525718.812265) vcan0 080#2A508000C2002C00
(1675525718.812344) vcan0 0B0#52830FA3DCC152A3
(1675525718.812422) vcan0 145#F972D880FC4810A1
(1675525718.815439) vcan0 010#008800002FB031F8
(1675525718.815443) vcan0 072#F000FF3F00788038
(1675525718.816955) vcan0 288#F9DFB04F00000080
(1675525718.818390) vcan0 0F5#1EA036A07F57A2E2
(1675525718.818471) vcan0 120#78A04EA07F025689
(1675525718.818549) vcan0 130#AFFF1D5B2028FF11
(1675525718.818627) vcan0 150#2920FD57FFF75AC0
(1675525718.821063) vcan0 008#5B809C1400800080
(1675525718.821142) vcan0 0E0#E27308F80080F300
(1675525718.823470) vcan0 010#008800002FB031F8
(1675525718.824915) vcan0 1D0#0000000000000061
(1675525718.824997) vcan0 210#76E08020A869D74D
(1675525718.825075) vcan0 291#0000000000000000
(1675525718.828582) vcan0 125#E5ED7FE4C1D0D735
(1675525718.828587) vcan0 1B0#00C0000003B000FC
(1675525718.828592) vcan0 1B5#FFCC14481FE0FFEF
(1675525718.828596) vcan0 1D8#363339343234E043
(1675525718.828673) vcan0 1E0#0038134300B917E0
(1675525718.830039) vcan0 072#F000FF3F0078A038
(1675525718.834139) vcan0 055#F5F70F28B29C9C80
(1675525718.834144) vcan0 065#19E60FF800DE3C02
(1675525718.834148) vcan0 070#000008F83CE20F00
(1675525718.834152) vcan0 008#5B80AC0400800080
(1675525718.834167) vcan0 075#0000000000005458
(1675525718.834172) vcan0 080#2A508000C2002C00
(1675525718.834176) vcan0 0B0#52830FA3DCC152A3
(1675525718.834181) vcan0 145#F962D980FC4810A1
(1675525718.834184) vcan0 260#D0FF0055497487B0
(1675525718.834187) vcan0 28C#000000000016FEA7
(1675525718.834192) vcan0 290#0000000000000000
(1675525718.834196) vcan0 2B5#4BD6456293A67E57
(1675525718.834200) vcan0 2C0#528700000000A0F1
(1675525718.834204) vcan0 2C5#1DDF80E31AE60070
(1675525718.834208) vcan0 340#9700000000000000
(1675525718.835552) vcan0 350#A200000000000080
(1675525718.835630) vcan0 010#008800002FB031F8
(1675525718.835709) vcan0 2A9#8C26008AC0000084
(1675525718.835787) vcan0 3AF#0000000000000020
(1675525718.838184) vcan0 0F5#2FA02DA07F5B92E5
(1675525718.838355) vcan0 120#58A06DA07FFF5589
(1675525718.838434) vcan0 130#B7FF1D5B2018FF11
(1675525718.838513) vcan0 150#2E20FF67FFF745C0
(1675525718.840639) vcan0 008#5B80BCF400800080
(1675525718.842058) vcan0 0E0#E27308C00080D300
(1675525718.842137) vcan0 288#02E0B04F00000080
(1675525718.844622) vcan0 010#008800002FB031F8
(1675525718.844703) vcan0 072#F000FF3F00788038
(1675525718.844791) vcan0 1D0#0000000000000861
(1675525718.847102) vcan0 125#E5ED7FE4C1D0D735
(1675525718.851094) vcan0 1B0#00C0000003B000FC
(1675525718.851100) vcan0 1B5#FFE129532AE0FFEF
(1675525718.851105) vcan0 1D8#363339343234E043
(1675525718.851109) vcan0 1E0#0038130300B917E0
(1675525718.851113) vcan0 2C3#528700FFFF705450
(1675525718.851118) vcan0 210#76E080A0A869D745
(1675525718.851143) vcan0 055#F5F70F28B29C9C80
(1675525718.851220) vcan0 065#17E60FF8FFDD3C02
(1675525718.851295) vcan0 070#000008F83DE20F00
(1675525718.851369) vcan0 008#5B80CCE400800080
(1675525718.851513) vcan0 075#0000000000005458
(1675525718.852517) vcan0 080#2A508000C2002C00
(1675525718.852605) vcan0 0B0#52830FA3DCC152A3
(1675525718.852681) vcan0 145#F952DA80FC4810A1
(1675525718.855099) vcan0 010#008800002FB031F8
(1675525718.855104) vcan0 291#0000000000000000
(1675525718.855178) vcan0 330#C800000000000000
(1675525718.857629) vcan0 0F5#24A036A07F5F82E7
(1675525718.857705) vcan0 120#44A055A07FFE5589
(1675525718.858963) vcan0 130#BFFF1D55200EFD11
(1675525718.859054) vcan0 150#2D20FF77FFF736C0
(1675525718.859197) vcan0 072#F000FF3F0078A038
(1675525718.859283) vcan0 360#538700BFB964A041
(1675525718.861661) vcan0 290#0000000000000000
(1675525718.861666) vcan0 008#5B80DCD400800080
(1675525718.861743) vcan0 0E0#E27306C80080B500
(1675525718.861817) vcan0 260#D0FF00AA497487B0
(1675525718.864147) vcan0 010#008800002FB031F9
(1675525718.866562) vcan0 1D0#0000000000000261
(1675525718.866567) vcan0 390#80FF051D02025F4F
(1675525718.866571) vcan0 288#06E0B04F00000080
(1675525718.866645) vcan0 125#E5ED7FE4C1D0D735
(1675525718.867962) vcan0 1B0#00C0000002B000FC
(1675525718.868126) vcan0 1B5#FFF63E5D34E0FFEF
(1675525718.868199) vcan0 1D8#363339343234E043
(1675525718.868274) vcan0 1E0#003C034300B917E0
(1675525718.873151) vcan0 055#F5F70F28B29A9C80
(1675525718.873156) vcan0 065#18E60FF8FFDD3D02
(1675525718.873171) vcan0 008#5B80ECC400800080
(1675525718.873175) vcan0 070#000008F83CE20F00
(1675525718.873179) vcan0 075#0000000000005458
(1675525718.873183) vcan0 080#2A508000C2002C00
(1675525718.873187) vcan0 0B0#52830FA3DCC152A3
(1675525718.873192) vcan0 145#F942DB80FC4810A1
(1675525718.873196) vcan0 28C#000000000016FEA7
(1675525718.873268) vcan0 2B5#4BD7456293A67E57
(1675525718.874461) vcan0 010#008800002FB031F8
(1675525718.874557) vcan0 072#F000FF3F00788038
(1675525718.874638) vcan0 210#76E080A0A869D745
(1675525718.874789) vcan0 2A9#8C260093C0000084
(1675525718.878156) vcan0 0F5#36A032A07F6372EA
(1675525718.878311) vcan0 120#63A058A07FFF5589
(1675525718.878462) vcan0 130#C7FF1D5520FEFA11
(1675525718.878540) vcan0 150#34200088FFF71FC0
(1675525718.879710) vcan0 3CA#00000000510000C8
(1675525718.881160) vcan0 008#5B80FCB400800080
(1675525718.881240) vcan0 0E0#E27303D000809800
(1675525718.884854) vcan0 010#008800002FB031F8
(1675525718.884934) vcan0 1D0#0000000000000061
(1675525718.885013) vcan0 291#0000000000000000
(1675525718.885092) vcan0 400#000101010002031B
(1675525718.886213) vcan0 125#E5ED7FE4C1D0D735
(1675525718.891463) vcan0 1B0#00C0000003B000FC
(1675525718.891469) vcan0 1B5#FF0B53683EE0FFEF
(1675525718.891472) vcan0 1D8#363339343234E043
(1675525718.891477) vcan0 1E0#0000F34300B917E0
(1675525718.891480) vcan0 2C3#528700FFFF705450
(1675525718.891484) vcan0 072#F000FF3F0078A038
(1675525718.891488) vcan0 3B0#00D83F383BB8C402
(1675525718.891492) vcan0 055#F5F70F28B29C9C80
(1675525718.891501) vcan0 065#1AE60FF802DE3C02
(1675525718.891582) vcan0 070#000008F83CE20F00
(1675525718.891662) vcan0 008#5B800CA400800080
(1675525718.891739) vcan0 075#0000000000005458
(1675525718.895526) vcan0 080#2A508000C2002C00
(1675525718.895530) vcan0 0B0#52830FA3DCC152A3
(1675525718.895534) vcan0 145#F932DC80FC4810A1
(1675525718.895538) vcan0 260#D0FF00AA497487B0
(1675525718.895542) vcan0 288#FEDFC03F00000080
(1675525718.895546) vcan0 290#0000000000000000
(1675525718.895549) vcan0 2C0#528700000000A0F1
(1675525718.895553) vcan0 2C5#1DDF80E31AE60070
(1675525718.895557) vcan0 370#0721C000681BC71F
(1675525718.895561) vcan0 3E0#000000D930808092
(1675525718.895566) vcan0 010#008800002FB031F8
(1675525718.895569) vcan0 3C8#5287008E882C008E
(1675525718.897960) vcan0 0F5#21A02FA07F6762ED
(1675525718.898040) vcan0 120#72A05BA07FFF5589
(1675525718.898120) vcan0 130#CFFF1D5520EEFD11
(1675525718.898197) vcan0 150#2820FF97FFF71BC0
(1675525718.899410) vcan0 210#76E080A0A869D74D
(1675525718.901935) vcan0 008#5B801C9400800080
(1675525718.902016) vcan0 0E0#E27301D800807A00
(1675525718.904510) vcan0 010#008800002FB031F8
(1675525718.904589) vcan0 072#F000FF3F00788038
(1675525718.904667) vcan0 1D0#0000000000000061
(1675525718.907048) vcan0 125#E5ED7FE4C1D0D735
(1675525718.908421) vcan0 1B0#00C0000003B000FC
(1675525718.908501) vcan0 1B5#FF20687249E0FFEF
(1675525718.908582) vcan0 1D8#363339343234E043
(1675525718.908731) vcan0 1E0#0000F30300B917E0
(1675525718.912212) vcan0 055#F5F70F28B29C9C80
(1675525718.912234) vcan0 065#19E60FF800DE3C02
(1675525718.912238) vcan0 070#000008F83CE20F00
(1675525718.912242) vcan0 008#5B802C8400800080
(1675525718.912246) vcan0 075#0000000000005458
(1675525718.912322) vcan0 080#2A508000C2002C00
(1675525718.912476) vcan0 0B0#52830FA3DCC152A3
(1675525718.912629) vcan0 145#F922DD80FC4810A1
(1675525718.912707) vcan0 28C#000000000016FEA7
(1675525718.912785) vcan0 2B5#4BD7446293A67E57
(1675525718.913642) vcan0 340#9700000000000000
(1675525718.918752) vcan0 010#008800002FB031F8
(1675525718.918757) vcan0 291#0000000000000000
(1675525718.918761) vcan0 2A9#8C26008AC0000084
(1675525718.918765) vcan0 288#02E0C03F00000080
(1675525718.918769) vcan0 0F5#2FA032A07F6B52EF
(1675525718.918772) vcan0 120#60A060A07F005689
(1675525718.918783) vcan0 130#D7FF1D5520DEFD11
(1675525718.918786) vcan0 150#3020FFA7FFF703C0
(1675525718.920134) vcan0 072#F000FF3F0078A038
(1675525718.922718) vcan0 290#0000000000000000
(1675525718.922722) vcan0 008#5B803C7400800080
(1675525718.922726) vcan0 0E0#627303E000805800
(1675525718.922730) vcan0 260#D0FF00AA497487B0
(1675525718.922734) vcan0 350#A200000000000080
(1675525718.925200) vcan0 010#008800002FB031F8
(1675525718.925205) vcan0 1D0#0000000000000861
(1675525718.925283) vcan0 210#76E080A0A869D745
(1675525718.927747) vcan0 125#E5ED7FE4C1D0D735
(1675525718.927751) vcan0 1B0#00C0000002B000FC
(1675525718.927829) vcan0 1B5#FF357D7C53E0FFEF
(1675525718.927908) vcan0 1D8#363339343234E043
(1675525718.930273) vcan0 1E0#0004E34300B917E0
(1675525718.930289) vcan0 2C3#528700FFFF715450
(1675525718.930293) vcan0 055#F5F70F28B29C9C80
(1675525718.935283) vcan0 065#17E60FF8FFDD3C02
(1675525718.935287) vcan0 070#000008F83DE20F00
(1675525718.935292) vcan0 008#5B804C6400800080
(1675525718.935295) vcan0 075#0000000000005458
(1675525718.935299) vcan0 080#2A508000C2002C00
(1675525718.935303) vcan0 0B0#52830FA3DCC152A3
(1675525718.935306) vcan0 145#F912DE80FC4810A1
(1675525718.935310) vcan0 010#008800002FB031F8
(1675525718.935314) vcan0 072#F000FF3F00788038
(1675525718.935318) vcan0 330#C800000000000000
(1675525718.937870) vcan0 0F5#2BA039A07F6F42F2
(1675525718.939206) vcan0 120#53A063A07FFF5589
(1675525718.939300) vcan0 130#DFFF1D5520CEFD11
(1675525718.939377) vcan0 150#322001B8FFF7F1C0
(1675525718.941811) vcan0 008#5B805C5400800080
(1675525718.941816) vcan0 0E0#627306E800803500
(1675525718.941895) vcan0 288#06E0C03F00000080
(1675525718.944391) vcan0 010#008800002FB031F9
(1675525718.944470) vcan0 1D0#0000000000000261
(1675525718.946818) vcan0 291#0000000000000000
(1675525718.946824) vcan0 125#E5ED7FE4C1D0D735
(1675525718.951954) vcan0 1B0#00C0000002B000FC
(1675525718.951960) vcan0 1B5#FF4A92875EE0FFEF
(1675525718.951963) vcan0 1D8#363339343234E043
(1675525718.951968) vcan0 1E0#0008D34300B917E0
(1675525718.951972) vcan0 072#F000FF3F0078A038
(1675525718.951976) vcan0 210#76E080A0A869D74D
(1675525718.951979) vcan0 055#F5F70F28B29C9C80
(1675525718.951983) vcan0 065#19E60FF8FFDD3C02
(1675525718.951987) vcan0 008#5B806C4400800080
(1675525718.951998) vcan0 070#000008F83DE20F00
(1675525718.952076) vcan0 075#0000000000005458
(1675525718.954845) vcan0 080#2A508000C2002C00
(1675525718.954933) vcan0 0B0#528310A3DCC152A3
(1675525718.955013) vcan0 145#F902DF80FC4810A1
(1675525718.955090) vcan0 260#D0FF0055497487B0
(1675525718.955169) vcan0 28C#000000000016FEA7
(1675525718.955319) vcan0 290#0000000000000000
(1675525718.955397) vcan0 2B5#4BD7446293A67E57
(1675525718.955475) vcan0 2C0#528700000000A0F1
(1675525718.955554) vcan0 2C5#1DDF80E318E60070
(1675525718.955630) vcan0 3AF#0000000000000020
(1675525718.955709) vcan0 010#008800002FB031F8
(1675525718.955789) vcan0 2A9#8C260082C0000084
(1675525718.958550) vcan0 0F5#39A033A07F7332F4
(1675525718.958554) vcan0 120#60A04DA07FFF5589
(1675525718.958642) vcan0 130#E7FF1D5520BEFF11
(1675525718.958720) vcan0 150#362000C8FFF7DDC0
(1675525718.960007) vcan0 360#538700C2B964A041
(1675525718.961510) vcan0 008#5B807C3400800080
(1675525718.961589) vcan0 0E0#627309F000801200
(1675525718.965221) vcan0 010#008800002FB031F8
(1675525718.965227) vcan0 072#F000FF3F00788038
(1675525718.965230) vcan0 1D0#0000000000000061
(1675525718.965310) vcan0 390#80FF051D02025F4F
(1675525718.966660) vcan0 288#02E0C03F00000080
(1675525718.966741) vcan0 125#E5ED7FE4C1D0D735
(1675525718.971845) vcan0 1B0#00C0000002B000FC
(1675525718.971850) vcan0 1B5#FF5FA79168E0FFEF
(1675525718.971854) vcan0 1D8#363339343234E043
(1675525718.971858) vcan0 1E0#0008D30300B917E0
(1675525718.971862) vcan0 2C3#528700FFFF715450
(1675525718.971871) vcan0 055#F5F70F28B29C9C80
(1675525718.971875) vcan0 065#1AE60FF801DE3D02
(1675525718.971878) vcan0 070#000008F83CE20F00
(1675525718.971883) vcan0 008#5B808C2400800080
(1675525718.971886) vcan0 075#0000000000005458
(1675525718.971963) vcan0 080#2A508000C2002C00
(1675525718.972041) vcan0 0B0#52830FA3DCC152A3
(1675525718.973254) vcan0 145#F9F2D080FC4810A1
(1675525718.974761) vcan0 010#008800002FB031F8
(1675525718.974842) vcan0 210#76E08020A869D745
(1675525718.974920) vcan0 291#0000000000000000
(1675525718.974998) vcan0 3D0#8D0F6100C50580C3
(1675525718.978446) vcan0 0F5#24A030A07F7722F7
(1675525718.978451) vcan0 120#82A063A07FFF5589
(1675525718.978604) vcan0 130#EFFF1D5520AEFF11
(1675525718.978683) vcan0 150#2A20FFD7FFF7D9C0
(1675525718.979911) vcan0 072#F000FF3F0078A038
(1675525718.982449) vcan0 290#0000000000000000
(1675525718.982453) vcan0 008#5B809C1400800080
(1675525718.982457) vcan0 0E0#627308F80080F300
(1675525718.982461) vcan0 260#D0FF0055497487B0
(1675525718.984985) vcan0 010#008800002FB031F8
(1675525718.985066) vcan0 1D0#0000000000000061
(1675525718.987473) vcan0 125#E5ED7FE4C1D0D735
(1675525718.987552) vcan0 1B0#00C0000003B000FC
(1675525718.987633) vcan0 1B5#FF73BC9C73E0FFEF
(1675525718.988910) vcan0 1D8#363339343234E043
(1675525718.988990) vcan0 1E0#000CC34300B917E0
(1675525718.994073) vcan0 055#F5F70F28B29C9C80
(1675525718.994078) vcan0 065#19E60FF800DE3D02
(1675525718.994082) vcan0 070#000008F83DE20F00
(1675525718.994086) vcan0 008#5B80AC0400800080
(1675525718.994117) vcan0 075#0000000000005458
(1675525718.994121) vcan0 080#2A508000C2002C00
(1675525718.994125) vcan0 0B0#528310A3DCC152A3
(1675525718.994129) vcan0 145#F9E2D180FC4810A1
(1675525718.994133) vcan0 288#02E0D02F00000080
(1675525718.994137) vcan0 28C#000000000016FEA7
(1675525718.994141) vcan0 2B5#4BD7446293A67E57
(1675525718.994144) vcan0 340#9700000000000000
(1675525718.994148) vcan0 370#0721C000681BC71F
(1675525718.994152) vcan0 010#008800002FB031F8
(1675525718.995505) vcan0 072#F000FF3F00788038
(1675525718.995586) vcan0 2A9#8C26009BC0000084
(1675525718.999310) vcan0 0F5#2DA040A07F7B12FA
(1675525718.999315) vcan0 120#5BA058A07F005689
(1675525718.999319) vcan0 130#F7FF1D55209EFF11
(1675525718.999323) vcan0 150#3620FFE7FFF7BDC0
(1675525718.999332) vcan0 3CA#00000000520000C8
(1675525718.999335) vcan0 210#76E080A0A869D74D
(1675525719.000785) vcan0 008#5880BCF700800080
(1675525719.004699) vcan0 0E0#62730FC00080CC00
(1675525719.004703) vcan0 010#008800002FB031F8
(1675525719.004782) vcan0 1D0#0000000000000861
(1675525719.004860) vcan0 291#0000000000000000
(1675525719.004938) vcan0 405#5387003B002D3502
(1675525719.007194) vcan0 125#E5F07FE4C1D0D735
(1675525719.007273) vcan0 1B0#00C0000003B000FC
(1675525719.009853) vcan0 1B5#FF88D0A67DE0FFEF
(1675525719.009858) vcan0 1D8#363339343234E043
(1675525719.009863) vcan0 1E0#0010B34300B917E0
(1675525719.009866) vcan0 2C3#528700FFFF715450
(1675525719.009870) vcan0 072#F000FF3F0078A038
(1675525719.009944) vcan0 3B0#00D83F383BB8C400
(1675525719.016409) vcan0 055#F5F70F28B29C9C80
(1675525719.016415) vcan0 065#16E60FF8FEDD3C02
(1675525719.016419) vcan0 070#000008F83DE20F00
(1675525719.016424) vcan0 008#5880C46700800080
(1675525719.016427) vcan0 075#0000000000005458
(1675525719.016431) vcan0 080#2A508000C2002C00
(1675525719.016435) vcan0 0B0#528310A3DCC152A3
(1675525719.016439) vcan0 145#F9D2D280FC4810A1
(1675525719.016443) vcan0 260#D0FF0055497487B0
(1675525719.016446) vcan0 290#0000000000000000
(1675525719.016450) vcan0 2C0#528700000000A0F1
(1675525719.016453) vcan0 2C5#1DDF80E317E60070
(1675525719.016457) vcan0 350#A200000000000080
(1675525719.016461) vcan0 010#008800002FB031F8
(1675525719.016465) vcan0 330#C800000000000000
(1675525719.016469) vcan0 288#02E0D02F00000080
(1675525719.017789) vcan0 3C8#5287008E882C008E
(1675525719.017868) vcan0 0F5#32A032A07F7F02FC
(1675525719.017946) vcan0 120#4BA06DA07F035689
(1675525719.018026) vcan0 130#FFFF1D55208EFF11
(1675525719.021580) vcan0 150#3220FEF7FFF7B1C0
(1675525719.021585) vcan0 008#5880D45700800080
(1675525719.021589) vcan0 0E0#627314C80080A700
(1675525719.024175) vcan0 010#008800002FB031F9
(1675525719.026598) vcan0 072#F000FF3F00788038
(1675525719.026603) vcan0 1D0#0000000000000261
(1675525719.026607) vcan0 210#76E080A0A869D74D
(1675525719.026686) vcan0 125#E5F07FE4C1D0D735
(1675525719.028040) vcan0 1B0#00C0000002B000FC
(1675525719.028120) vcan0 1B5#FF9DE5B087E0FFEF
(1675525719.028198) vcan0 1D8#363339343234E143
(1675525719.028276) vcan0 1E0#0010B30300B917E0
(1675525719.033247) vcan0 055#F5F70F28B29C9C80
(1675525719.033251) vcan0 065#18E60FF800DE3D02
(1675525719.033256) vcan0 070#000008F83CE20F00
(1675525719.033259) vcan0 008#5880E44700800080
(1675525719.033264) vcan0 075#0000000000005458
(1675525719.033267) vcan0 080#2A508000C2002C00
(1675525719.033270) vcan0 0B0#528310A3DCC152A3
(1675525719.033274) vcan0 145#F9C2D380FC4810A1
(1675525719.033278) vcan0 28C#000000000016FEA7
(1675525719.033350) vcan0 2B5#4BD7446293A67E57
(1675525719.034639) vcan0 010#008800002FB031F8
(1675525719.034718) vcan0 291#0000000000000000
(1675525719.034799) vcan0 2A9#8C260082C0000084
(1675525719.038286) vcan0 0F5#39A036A07F43F2FF
(1675525719.038367) vcan0 120#4BA052A07FFF5589
(1675525719.038446) vcan0 130#87FF1D522081FF11
(1675525719.038535) vcan0 150#3720FE07FFF79CC0
(1675525719.039746) vcan0 072#F000FF3F0078A038
(1675525719.042220) vcan0 290#0000000000000000
(1675525719.042226) vcan0 008#5880F43700800080
(1675525719.042230) vcan0 0E0#627318D000808300
(1675525719.042234) vcan0 288#06E0D02F00000080
(1675525719.042310) vcan0 260#D0FF0055497487B0
(1675525719.044817) vcan0 010#008800002FB031F8
(1675525719.044896) vcan0 1D0#0000000000000061
(1675525719.047251) vcan0 125#E5F07FE4C1D0D735
(1675525719.047623) vcan0 1B0#00C0000003B000FC
(1675525719.049739) vcan0 1B5#FFB2FABB92E0FFEF
(1675525719.049744) vcan0 1D8#363339343234E043
(1675525719.049748) vcan0 1E0#0014A34300B917E0
(1675525719.049752) vcan0 2C3#528700FFFF725450
(1675525719.049755) vcan0 210#76E080A0A869D745
(1675525719.054921) vcan0 055#F5F70F28B29C9C80
(1675525719.054927) vcan0 065#1AE60FF801DE3D02
(1675525719.054931) vcan0 070#000008F83DE20F00
(1675525719.054935) vcan0 008#5680041B0E800080
(1675525719.054939) vcan0 075#0000000000005458
(1675525719.054942) vcan0 080#2A508000C2002C00
(1675525719.054946) vcan0 0B0#528310A3DCC152A3
(1675525719.054950) vcan0 145#F9B2D480FC4810A1
(1675525719.054954) vcan0 010#008800002FB031F8
(1675525719.054958) vcan0 072#F000FF3F00788038
(1675525719.057539) vcan0 0F5#28A027A07F47E201
(1675525719.058922) vcan0 120#70A058A07FFF5589
(1675525719.058926) vcan0 130#8FFF1D522071FF11
(1675525719.059077) vcan0 150#27200018FFF79CC0
(1675525719.059156) vcan0 360#538700C4B964A041
(1675525719.061569) vcan0 008#5680140B0E800080
(1675525719.061661) vcan0 0E0#627318D800806300
(1675525719.064043) vcan0 010#008800002FB031F8
(1675525719.066474) vcan0 1D0#0000000000000061
(1675525719.066480) vcan0 291#0000000000000000
(1675525719.066484) vcan0 390#80FF051D023A516F
(1675525719.066560) vcan0 288#F9DFD02F00000080
(1675525719.066640) vcan0 125#E5F07FE4C1D0D735
(1675525719.068964) vcan0 1B0#00C0000003B000FC
(1675525719.068969) vcan0 1B5#FFC70FC59CE0FFEF
(1675525719.068973) vcan0 1D8#363339343234E043
(1675525719.068977) vcan0 1E0#0018934300B917E0
(1675525719.068980) vcan0 072#F000FF3F0078A038
(1675525719.072962) vcan0 055#F5F70F28B29C9C80
(1675525719.072966) vcan0 065#1AE60FF802DE3C02
(1675525719.072970) vcan0 070#000008F83DE20F00
(1675525719.072974) vcan0 008#568024FB0E800080
(1675525719.072984) vcan0 075#0000000000005458
(1675525719.072988) vcan0 080#2A508000C2002C00
(1675525719.072992) vcan0 0B0#52830FA3DCC152A3
(1675525719.072996) vcan0 145#F9A2D580FC4810A1
(1675525719.072999) vcan0 260#D0FF00AA497487B0
(1675525719.073141) vcan0 28C#000000000016FEA7
(1675525719.073214) vcan0 290#0000000000000000
(1675525719.073288) vcan0 2B5#4BD7446293A67E57
(1675525719.078097) vcan0 2C0#528700000000A0F1
(1675525719.078101) vcan0 2C5#1DDF80E31AE60070
(1675525719.078105) vcan0 340#9700000000000000
(1675525719.078109) vcan0 3AF#0000000000000020
(1675525719.078113) vcan0 010#008800002FB031F8
(1675525719.078117) vcan0 210#76E080A0A869D745
(1675525719.078120) vcan0 2A9#8C26009BC0000084
(1675525719.078124) vcan0 0F5#27A038A07F4BD204
(1675525719.078129) vcan0 120#74A066A07F005689
(1675525719.078353) vcan0 130#97FF1D522061FF11
(1675525719.078496) vcan0 150#2F20FD27FFF784C0
(1675525719.080632) vcan0 008#568034EB0E800080
(1675525719.082058) vcan0 0E0#62731AE000804100
(1675525719.084585) vcan0 010#008800002FB031F8
(1675525719.084665) vcan0 072#F000FF3F00788038
(1675525719.084744) vcan0 1D0#0000000000000861
(1675525719.087094) vcan0 125#E5F07FE4C1D0D735
(1675525719.087174) vcan0 1B0#00C0000002B000FC
(1675525719.088541) vcan0 1B5#FFDC24D0A7E0FFEF
(1675525719.088622) vcan0 1D8#363339343234E043
(1675525719.088699) vcan0 1E0#0018930300B917E0
(1675525719.088776) vcan0 2C3#528700FFFF725450
(1675525719.092318) vcan0 055#F5F70F28B29C9C80
(1675525719.092324) vcan0 065#16E60FF8FFDD3C02
(1675525719.092341) vcan0 070#000008F83CE20F00
(1675525719.092344) vcan0 008#568044DB0E800080
(1675525719.092348) vcan0 075#0000000000005458
(1675525719.092352) vcan0 080#2A508000C2002C00
(1675525719.092356) vcan0 0B0#52830FA3DCC152A3
(1675525719.092430) vcan0 145#F992D680FC4810A1
(1675525719.092510) vcan0 288#FEDFE01F00000080
(1675525719.092589) vcan0 370#0721C000681BC71F
(1675525719.096198) vcan0 010#008800002FB031F8
(1675525719.096202) vcan0 291#0000000000000000
(1675525719.096206) vcan0 330#C800000000000000
(1675525719.096286) vcan0 0F5#33A02DA07F4FC207
(1675525719.098703) vcan0 120#4BA05FA07F065689
(1675525719.098707) vcan0 130#9FFF1D522051FF11
(1675525719.098711) vcan0 150#3020FD37FFF773C0
(1675525719.101186) vcan0 072#F000FF3F0078A038
(1675525719.101199) vcan0 210#76E080A0A869D74D
(1675525719.101203) vcan0 290#0000000000000000
(1675525719.101208) vcan0 008#548054CD0E800080
(1675525719.101287) vcan0 0E0#62731EE800801D00
(1675525719.102661) vcan0 260#D0FF00AA497487B0
(1675525719.102740) vcan0 350#A200000000000080
(1675525719.105182) vcan0 010#008800002FB031F9
(1675525719.105187) vcan0 1D0#0000000000000261
(1675525719.105191) vcan0 125#E5F07FE4C1D0D735
(1675525719.107689) vcan0 1B0#00C0000002B000FC
(1675525719.107771) vcan0 1B5#FFF139DAB1E0FFEF
(1675525719.107922) vcan0 1D8#363339343234E043
(1675525719.110215) vcan0 1E0#001C834300B917E0
(1675525719.110296) vcan0 055#F5F70F28B29C9C80
(1675525719.112915) vcan0 065#17E60FF8FFDD3C02
(1675525719.112920) vcan0 070#000008F83CE20F00
(1675525719.112934) vcan0 008#548064BD0E800080
(1675525719.112937) vcan0 075#0000000000005458
(1675525719.112942) vcan0 080#2A508000C2002C00
(1675525719.112945) vcan0 0B0#52830FA3DCC152A3
(1675525719.112950) vcan0 145#F982D780FC4810A1
(1675525719.112954) vcan0 28C#000000000016FEA7
(1675525719.113101) vcan0 2B5#4BD8446293A67E57
(1675525719.117830) vcan0 010#008800002FB031F8
(1675525719.117835) vcan0 072#F000FF3F00788038
(1675525719.117839) vcan0 2A9#8C260082C0000084
(1675525719.117843) vcan0 288#FEDFE01F00000080
(1675525719.117920) vcan0 0F5#2BA02BA07F53B209
(1675525719.117998) vcan0 120#62A05BA07F005689
(1675525719.118076) vcan0 130#A7FF1D522041FF11
(1675525719.119286) vcan0 150#2B200148FFF768C0
(1675525719.119366) vcan0 3CA#00000000530000C8
(1675525719.121846) vcan0 008#548074AD0E800080
(1675525719.121926) vcan0 0E0#62731EF00080FD00
(1675525719.124401) vcan0 010#008800002FB031F8
(1675525719.124484) vcan0 1D0#0000000000000061
(1675525719.124561) vcan0 210#76E08020A869D745
(1675525719.126843) vcan0 291#0000000000000000
(1675525719.126848) vcan0 125#E5F07FE4C1D0D735
(1675525719.132006) vcan0 1B0#00C0000002B000FC
(1675525719.132011) vcan0 1B5#FF064EE4BBE0FFEF
(1675525719.132014) vcan0 1D8#363339343234E043
(1675525719.132019) vcan0 1E0#0020734300B917E0
(1675525719.132022) vcan0 2C3#528700FFFF735450
(1675525719.132026) vcan0 072#F000FF3F0078A038
(1675525719.132030) vcan0 3B0#00D83F3C3BB8C400
(1675525719.132034) vcan0 055#F5F70F28B29C9C80
(1675525719.132038) vcan0 065#19E60FF801DE3C02
(1675525719.132069) vcan0 070#000008F83CE20F00
(1675525719.132073) vcan0 008#5480849D0E800080
(1675525719.132077) vcan0 075#0000000000005458
(1675525719.135966) vcan0 080#2A508000C2002C00
(1675525719.135970) vcan0 0B0#52830FA3DCC152A3
(1675525719.135974) vcan0 145#F972D880FC4810A1
(1675525719.135978) vcan0 260#D0FF00AA497487B0
(1675525719.135982) vcan0 290#0000000000000000
(1675525719.135986) vcan0 2C0#528700000000A0F1
(1675525719.135989) vcan0 2C5#1DDF80E319E60070
(1675525719.135993) vcan0 010#008800002FB031F8
(1675525719.135997) vcan0 400#000300030301001C
(1675525719.136001) vcan0 3C8#5287008E882C008E
(1675525719.138440) vcan0 0F5#24A021A07F57A20C
(1675525719.138444) vcan0 120#5FA047A07F045689
(1675525719.138524) vcan0 130#AFFF1D522031FF11
(1675525719.138610) vcan0 150#2220FB57FFF761C0
(1675525719.141106) vcan0 008#5480948D0E800080
(1675525719.141186) vcan0 0E0#62731EF80080DD00
(1675525719.142411) vcan0 288#F9DFE01F00000080
(1675525719.144955) vcan0 581#FFFFFFFFFFFF0081
(1675525719.144962) vcan0 010#008800002FB031F8
(1675525719.145113) vcan0 072#F000FF3F00788038
(1675525719.145192) vcan0 1D0#0000000000000061
(1675525719.147450) vcan0 125#E5F07FE4C1D0D735
(1675525719.147456) vcan0 1B0#00C0000003B000FC
(1675525719.147608) vcan0 1B5#FF1B63EFC6E0FFEF
(1675525719.148895) vcan0 1D8#363339343234E043
(1675525719.148988) vcan0 1E0#0020730300B917E0
(1675525719.149067) vcan0 210#76E080A0A869D74D
(1675525719.154107) vcan0 055#F5F70F28B29C9C80
(1675525719.154112) vcan0 065#18E60FF801DE3C02
(1675525719.154126) vcan0 070#000008F83DE20F00
(1675525719.154129) vcan0 008#5480A47615800080
(1675525719.154134) vcan0 075#0000000000005458
(1675525719.154137) vcan0 080#2A508000C2002C00
(1675525719.154142) vcan0 0B0#52830FA3DCC152A3
(1675525719.154145) vcan0 145#F962D980FC4810A1
(1675525719.154149) vcan0 28C#000000000016FEA7
(1675525719.154151) vcan0 2B5#4BD8446293A67E57
(1675525719.154156) vcan0 340#9700000000000000
(1675525719.154211) vcan0 010#008800002FB031F8
(1675525719.155585) vcan0 291#0000000000000000
(1675525719.155665) vcan0 2A9#8C26008AC0000084
(1675525719.159360) vcan0 0F5#1BA02FA07F5B920F
(1675525719.159365) vcan0 120#7BA058A07F035689
(1675525719.159368) vcan0 130#B7FF1D522021FF11
(1675525719.159372) vcan0 150#2420FD67FFF74FC0
(1675525719.159382) vcan0 072#F000FF3F0078A038
(1675525719.159535) vcan0 360#538700C8B964A041
(1675525719.164379) vcan0 290#0000000000000000
(1675525719.164385) vcan0 008#5480B46615800080
(1675525719.164388) vcan0 0E0#627320C00080BB00
(1675525719.164392) vcan0 260#D0FF0055497487B0
(1675525719.164396) vcan0 010#008800002FB031F8
(1675525719.164471) vcan0 1D0#0000000000000861
(1675525719.165756) vcan0 390#80FF051D0236524F
(1675525719.170960) vcan0 288#F1DFE01F00000080
(1675525719.170966) vcan0 125#E5F07FE4C1D0D735
(1675525719.170970) vcan0 1B0#00C0000002B000FC
(1675525719.170973) vcan0 1B5#FF3078F9D0E0FFEF
(1675525719.170978) vcan0 1D8#363339343234E043
(1675525719.170982) vcan0 1E0#0024634300B917E0
(1675525719.170985) vcan0 2C3#528700FFFF735450
(1675525719.170991) vcan0 055#F5F70F28B29C9C80
(1675525719.170995) vcan0 065#17E60FF8FFDD3C02
(1675525719.171074) vcan0 070#000008F83DE20F00
(1675525719.171151) vcan0 008#5480C45615800080
(1675525719.172429) vcan0 075#0000000000005458
(1675525719.172507) vcan0 080#2A508000C2002C00
(1675525719.172586) vcan0 0B0#52830FA3DCC152A3
(1675525719.172664) vcan0 145#F952DA80FC4810A1
(1675525719.174950) vcan0 010#008800002FB031F8
(1675525719.175033) vcan0 072#F000FF3F00788038
(1675525719.175112) vcan0 210#76E080A0A869D745
(1675525719.175190) vcan0 330#C800000000000000
(1675525719.175268) vcan0 3D0#8D0F6100C50580C3
(1675525719.177465) vcan0 0F5#27A027A07F5F8211
(1675525719.177545) vcan0 120#50A063A07F025689
(1675525719.178910) vcan0 130#BFFF1D522011FF11
(1675525719.178999) vcan0 150#2720FA77FFF73CC0
(1675525719.181508) vcan0 008#5480D44615800080
(1675525719.181589) vcan0 0E0#627324C800809700
(1675525719.183998) vcan0 010#008800002FB031F9
(1675525719.186477) vcan0 1D0#0000000000000261
(1675525719.186483) vcan0 291#0000000000000000
(1675525719.186561) vcan0 125#E5F07FE4C1D0D735
(1675525719.188985) vcan0 1B0#00C0000002B000FC
(1675525719.188990) vcan0 1B5#FF458D04DBE0FFEF
(1675525719.188994) vcan0 1D8#363339343234E043
(1675525719.188998) vcan0 1E0#0028534300B917E0
(1675525719.189075) vcan0 072#F000FF3F0078A038
(1675525719.192973) vcan0 055#F5F70F28B29C9C80
(1675525719.192977) vcan0 065#17E60FF800DE3C02
(1675525719.192981) vcan0 008#5480E43615800080
(1675525719.192985) vcan0 070#000009F83DE20F00
(1675525719.192994) vcan0 075#0000000000005458
(1675525719.192998) vcan0 080#2A508000C2002C00
(1675525719.193003) vcan0 0B0#52830FA3DCC152A3
(1675525719.193006) vcan0 145#F942DB80FC4810A1
(1675525719.193010) vcan0 260#D0FF0055497487B0
(1675525719.193085) vcan0 288#0AE0F00F00000080
(1675525719.193165) vcan0 28C#000000000016FEA7
(1675525719.193315) vcan0 290#0000000000000000
(1675525719.198086) vcan0 2B5#4BD8446293A67E57
(1675525719.198090) vcan0 2C0#528700000000A0F1
(1675525719.198094) vcan0 2C5#1DDF80E317E60070
(1675525719.198098) vcan0 010#008800002FB031F8
(1675525719.198102) vcan0 2A9#8C260093C0000084
(1675525719.198105) vcan0 350#A200000000000080
(1675525719.198109) vcan0 370#0721C000681BC71F
(1675525719.198113) vcan0 3AF#0000000000000020
(1675525719.198118) vcan0 3E0#000000D930808092
(1675525719.198122) vcan0 0F5#1FA02DA07F637214
(1675525719.198126) vcan0 120#4DA053A07F065689
(1675525719.198275) vcan0 130#C7FF1D522001FF11
(1675525719.198354) vcan0 150#2520FE87FFF72EC0
(1675525719.199558) vcan0 210#76E080A0A869D74D
(1675525719.201050) vcan0 008#5480F42615800080
(1675525719.201133) vcan0 0E0#627322D000807900
(1675525719.204640) vcan0 010#008800002FB031F8
(1675525719.204644) vcan0 072#F000FF3F00788038
(1675525719.204797) vcan0 1D0#0000000000000061
(1675525719.206011) vcan0 125#E5F07FE4C1D0D735
(1675525719.208566) vcan0 1B0#00C0000001B000FC
(1675525719.208571) vcan0 1B5#FF5AA20EE5E0FFEF
(1675525719.208575) vcan0 1D8#363339343234E043
(1675525719.208579) vcan0 1E0#0028530300B917E0
(1675525719.208664) vcan0 2C3#528700FFFF745450
(1675525719.211155) vcan0 055#F5F70F28B29C9C80
(1675525719.211237) vcan0 065#18E60FF800DE3D02
(1675525719.211314) vcan0 070#000009F83DE20F00
(1675525719.211466) vcan0 008#5480041615800080
(1675525719.212541) vcan0 075#0000000000005458
(1675525719.212621) vcan0 080#2A508000C2002C00
(1675525719.212699) vcan0 0B0#52830FA3DCC152A3
(1675525719.212778) vcan0 145#F932DC80FC4810A1
(1675525719.216170) vcan0 010#008800002FB031F8
(1675525719.216175) vcan0 291#0000000000000000
(1675525719.216254) vcan0 288#FEDFF00F00000080
(1675525719.217586) vcan0 0F5#28A021A07F676216
(1675525719.217684) vcan0 120#58A04DA07F055689
(1675525719.221724) vcan0 130#CFFF1D5220F1FF11
(1675525719.221730) vcan0 150#24200098FFF71FC0
(1675525719.221742) vcan0 072#F000FF3F0078A038
(1675525719.221746) vcan0 290#0000000000000000
(1675525719.221750) vcan0 008#5480140615800080
(1675525719.221754) vcan0 0E0#627324D800805700
(1675525719.221830) vcan0 260#D0FF0055497487B0
(1675525719.224207) vcan0 010#008800002FB031F8
(1675525719.224361) vcan0 1D0#0000000000000061
(1675525719.226697) vcan0 210#76E080A0A869D74D
(1675525719.226701) vcan0 125#E5F07FE4C1D0D735
(1675525719.228547) vcan0 1B0#00C0000002B000FC
(1675525719.228627) vcan0 1B5#FF6FB718EFE0FFEF
(1675525719.228705) vcan0 1D8#363339343234E043
(1675525719.228783) vcan0 1E0#002C434300B917E0
(1675525719.233398) vcan0 055#F5F70F28B29C9C80
(1675525719.233402) vcan0 065#18E60FF800DE3C02
