(1675525692.201015) vcan0 145#F9D2D280FC4810A1
(1675525692.201697) vcan0 290#0000000000000000
(1675525692.201771) vcan0 2C0#528700000000A0F1
(1675525692.201914) vcan0 2C5#00E797C90EE70070
(1675525692.203222) vcan0 370#1721C000761BC71F
(1675525692.203297) vcan0 3E0#000000D92E808092
(1675525692.203381) vcan0 0E0#627343F00080D800
(1675525692.203455) vcan0 010#008800002FB031F8
(1675525692.203598) vcan0 072#F000FF3F00ACA038
(1675525692.203673) vcan0 1D0#0000000000000061
(1675525692.204300) vcan0 288#2BE0906F00000080
(1675525692.205405) vcan0 008#2880042532800080
(1675525692.208227) vcan0 1B0#00C0000002B000FC
(1675525692.208302) vcan0 1B5#FF016D6A5CE0FFEF
(1675525692.208444) vcan0 1D8#363339343234E043
(1675525692.208518) vcan0 125#E51880E4C1D0D735
(1675525692.208592) vcan0 1E0#0014A34300B917E0
(1675525692.208666) vcan0 2C3#528700FFFFB65450
(1675525692.209290) vcan0 010#008800002FB031F8
(1675525692.210395) vcan0 291#0000000000000000
(1675525692.211502) vcan0 2A9#8CA60093C0000084
(1675525692.212539) vcan0 008#2880141532800080
(1675525692.213587) vcan0 260#D0FF00AA497487B0
(1675525692.216052) vcan0 0F5#4FA555A57F47E290
(1675525692.217072) vcan0 120#93A573A57F045689
(1675525692.217149) vcan0 130#8FF21D8F252FFA11
(1675525692.221272) vcan0 150#52250C180BF86CC0
(1675525692.221422) vcan0 072#F000FF3F00AC8038
(1675525692.221500) vcan0 055#F8F7FB27B2009C80
(1675525692.221578) vcan0 065#1BE7FAF709DEEE01
(1675525692.221655) vcan0 070#000006F8EFE10F00
(1675525692.221733) vcan0 075#0000000000005458
(1675525692.221882) vcan0 080#EB4F8000C2002C00
(1675525692.221960) vcan0 0B0#528314A3E3C152A3
(1675525692.222039) vcan0 145#F9C2D380FC4810A1
(1675525692.222117) vcan0 28C#000000000014BEAA
(1675525692.222194) vcan0 2B5#4B762F6293A67B0A
(1675525692.222417) vcan0 0E0#62733EF80080BD00
(1675525692.223491) vcan0 010#008800002FB031F8
(1675525692.223567) vcan0 1D0#0000000000000061
(1675525692.223642) vcan0 210#25E080A0A869CF45
(1675525692.224540) vcan0 008#2880240532800080
(1675525692.225647) vcan0 1B0#00C0000003B000FC
(1675525692.226753) vcan0 1B5#FF19857768E0FFEF
(1675525692.227790) vcan0 1D8#363339343234E043
(1675525692.227864) vcan0 125#E51880E4C1D0D735
(1675525692.229106) vcan0 1E0#0018934300B917E0
(1675525692.230143) vcan0 290#0000000000000000
(1675525692.230286) vcan0 288#33E0906F00000080
(1675525692.233080) vcan0 010#008800002FB031F9
(1675525692.233158) vcan0 072#F000FF3F00ACA038
(1675525692.234107) vcan0 008#288034F532800080
(1675525692.235271) vcan0 350#A200000000000080
(1675525692.236362) vcan0 0F5#51A549A57F4BD293
(1675525692.237398) vcan0 120#80A583A57F005689
(1675525692.237476) vcan0 130#97F41D83252BF711
(1675525692.237555) vcan0 150#4D250F280CF861C0
(1675525692.238573) vcan0 055#F7F7FA27B2009C80
(1675525692.239592) vcan0 065#14E7FAF703DEEA01
(1675525692.239743) vcan0 070#000007F8EEE10F00
(1675525692.240761) vcan0 075#0000000000005458
(1675525692.240839) vcan0 080#EB4F8000C2002C00
(1675525692.242071) vcan0 0B0#528314A3E3C152A3
(1675525692.242148) vcan0 145#F9B2D480FC4810A1
(1675525692.245039) vcan0 0E0#627335C00080A600
(1675525692.245182) vcan0 010#008800002FB031F8
(1675525692.245257) vcan0 1D0#0000000000000261
(1675525692.245332) vcan0 291#0000000000000000
(1675525692.245406) vcan0 008#288044F423800080
(1675525692.246168) vcan0 260#D0FF0055497487B0
(1675525692.247285) vcan0 1B0#00C0000004B000FC
(1675525692.247358) vcan0 1B5#FF329D8374E0FFEF
(1675525692.247433) vcan0 1D8#363339343234E043
(1675525692.247575) vcan0 125#E51880E4C1D0D735
(1675525692.248339) vcan0 072#F000FF3F00AC8038
(1675525692.248412) vcan0 1E0#0018930300B917E0
(1675525692.248556) vcan0 210#25E08020A869CF4D
(1675525692.248630) vcan0 2C3#528700FFFFB75450
(1675525692.249392) vcan0 010#008800002FB031F8
(1675525692.251805) vcan0 2A9#8C26018AC0000084
(1675525692.254471) vcan0 288#37E0A05F00000080
(1675525692.255488) vcan0 008#288054E423800080
(1675525692.256652) vcan0 0F5#39A549A57F4FC296
(1675525692.256731) vcan0 120#A2A580A57FFE5589
(1675525692.257822) vcan0 130#9FF41D83251BF711
(1675525692.257899) vcan0 150#41250C380DF85DC0
(1675525692.257996) vcan0 360#588700DBB164A041
(1675525692.258871) vcan0 055#F7F7FA27B20A9C82
(1675525692.259960) vcan0 065#0AE7F9F7FCDDE901
(1675525692.260037) vcan0 070#000007F8EDE10F00
(1675525692.264170) vcan0 075#0000000000005458
(1675525692.264246) vcan0 080#F74F8000C2002C00
(1675525692.264391) vcan0 0B0#528314A3E3C152A3
(1675525692.264464) vcan0 145#F9A2D580FC4810A1
(1675525692.264539) vcan0 28C#000000000014FEAA
(1675525692.264613) vcan0 290#0000000000000000
(1675525692.264758) vcan0 2B5#4B762F6293A67D06
(1675525692.264831) vcan0 2C0#528700000000A0F1
(1675525692.264905) vcan0 0E0#627337C800808400
(1675525692.264980) vcan0 2C5#00E797C912E70070
(1675525692.265123) vcan0 340#9C00000000000000
(1675525692.265197) vcan0 3AF#0000000000000020
(1675525692.265289) vcan0 010#008800002FB031F8
(1675525692.265367) vcan0 072#F000FF3F00ACA038
(1675525692.265441) vcan0 1D0#0000000000000861
(1675525692.265584) vcan0 390#80FF051D023E504F
(1675525692.265659) vcan0 3C8#5287008E882C008E
(1675525692.265734) vcan0 008#288064D423800080
(1675525692.266564) vcan0 1B0#00C0000004B000FC
(1675525692.267669) vcan0 1B5#FF4AB68F80E0FFEF
(1675525692.269115) vcan0 1D8#363339343234E043
(1675525692.269190) vcan0 125#E51880E4C1D0D735
(1675525692.269263) vcan0 1E0#001C834300B917E0
(1675525692.270166) vcan0 010#008800002FB031F8
(1675525692.271271) vcan0 210#25E080A0A869CF4D
(1675525692.272376) vcan0 291#0000000000000000
(1675525692.273519) vcan0 330#CE00000000000000
(1675525692.276342) vcan0 3D0#960F6100C50580C3
(1675525692.276428) vcan0 008#288074D90E800080
(1675525692.276507) vcan0 260#D0FF0055497487B0
(1675525692.276586) vcan0 0F5#41A535A57F53B299
(1675525692.277458) vcan0 120#96A57FA57F085689
(1675525692.277536) vcan0 130#A7F41D83250BF711
(1675525692.277684) vcan0 150#3B2511480EF853C0
(1675525692.277764) vcan0 3CA#00000000510000C8
(1675525692.278566) vcan0 072#F000FF3F00AC8038
(1675525692.279586) vcan0 055#F8F7FA27B21B9C82
(1675525692.279664) vcan0 065#08E7F9F7FADDEA01
(1675525692.280680) vcan0 070#000007F8EDE10F00
(1675525692.280758) vcan0 075#0000000000005458
(1675525692.280836) vcan0 080#FB4F8000C2002C00
(1675525692.280913) vcan0 0B0#528314A3E3C152A3
(1675525692.283560) vcan0 145#F992D680FC4810A1
(1675525692.283635) vcan0 288#37E0A05F00000080
(1675525692.283787) vcan0 0E0#627341D000805A00
(1675525692.283861) vcan0 010#008800002FB031F8
(1675525692.283936) vcan0 1D0#0000000000000061
(1675525692.284628) vcan0 008#288084C90E800080
(1675525692.285802) vcan0 1B0#00C0000003B000FC
(1675525692.286837) vcan0 1B5#FF62CE9B8CE0FFEF
(1675525692.286911) vcan0 1D8#363339343234E043
(1675525692.287880) vcan0 125#E51880E4C1D0D735
(1675525692.288024) vcan0 1E0#0020734300B917E0
(1675525692.288097) vcan0 2C3#528700FFFFB75450
(1675525692.288996) vcan0 290#0000000000000000
(1675525692.291407) vcan0 010#008800002FB031F8
(1675525692.295683) vcan0 072#F000FF3F00ACA038
(1675525692.295763) vcan0 2A9#8C260093C0000084
(1675525692.295842) vcan0 008#288094C700800080
(1675525692.296861) vcan0 0F5#2EA535A57F57A29C
(1675525692.296951) vcan0 120#87A57FA57F095689
(1675525692.297029) vcan0 130#AFF41D8325FBF711
(1675525692.297904) vcan0 150#312511580FF84DC0
(1675525692.297981) vcan0 210#25E080A0A869CF45
(1675525692.299074) vcan0 055#F7F7FB27B22D9C82
(1675525692.300092) vcan0 065#0CE7FAF7FEDDEB01
(1675525692.300170) vcan0 070#000007F8F0E10F00
(1675525692.300321) vcan0 075#0000000000005458
(1675525692.300398) vcan0 080#FF4F8000C2002C00
(1675525692.301275) vcan0 0B0#528314A3E3C152A3
(1675525692.301352) vcan0 145#F982D780FC4810A1
(1675525692.301431) vcan0 28C#000000000014FEAA
(1675525692.301508) vcan0 2B5#4B762F6293A67E07
(1675525692.302310) vcan0 370#1721C000761BC71F
(1675525692.302460) vcan0 0E0#627345D800803600
(1675525692.303389) vcan0 010#008800002FB031F8
(1675525692.304787) vcan0 1D0#0000000000000061
(1675525692.304930) vcan0 291#0000000000000000
(1675525692.305006) vcan0 405#5887003B002D3A02
(1675525692.307824) vcan0 288#2BE0A05F00000080
(1675525692.307898) vcan0 008#2680A4B900800080
(1675525692.307974) vcan0 260#D0FF0055497487B0
(1675525692.308049) vcan0 1B0#00C0000003B000FC
(1675525692.308191) vcan0 1B5#FF7BE6A798E0FFEF
(1675525692.308266) vcan0 1D8#363339343234E043
(1675525692.308340) vcan0 125#E51880E4C1D0D735
(1675525692.308416) vcan0 1E0#0020730300B917E0
(1675525692.308558) vcan0 072#F000FF3F00AC8038
(1675525692.308976) vcan0 3B0#00D819383BB0C400
(1675525692.310015) vcan0 010#008800002FB031F9
(1675525692.311118) vcan0 008#2680B49B0E800080
(1675525692.313590) vcan0 0F5#3DA534A57F5B929F
(1675525692.317445) vcan0 120#83A573A57F035689
(1675525692.317524) vcan0 130#B7F41D8325EBF711
(1675525692.317602) vcan0 150#38250C680FF836C0
(1675525692.318477) vcan0 055#F7F7FC27B23C9C81
(1675525692.319567) vcan0 065#12E7FAF703DEEE01
(1675525692.320587) vcan0 070#000007F8F3E10F00
(1675525692.320665) vcan0 075#0000000000005458
(1675525692.320814) vcan0 080#FF4F8000C2002C00
(1675525692.320893) vcan0 0B0#528314A3E3C152A3
(1675525692.320971) vcan0 145#F972D880FC4810A1
(1675525692.321701) vcan0 290#0000000000000000
(1675525692.321778) vcan0 2C0#528700000000A0F1
(1675525692.321856) vcan0 2C5#00E796C912E70070
(1675525692.322803) vcan0 0E0#627345E000801600
(1675525692.322902) vcan0 010#008800002FB031F8
(1675525692.324213) vcan0 072#F000FF3F00A8A038
(1675525692.324297) vcan0 1D0#0000000000000261
(1675525692.324441) vcan0 210#25E080A0A869CF4D
(1675525692.325271) vcan0 008#2680C48B0E800080
(1675525692.328226) vcan0 350#A200000000000080
(1675525692.328303) vcan0 1B0#00C0000002B000FC
(1675525692.328377) vcan0 1B5#FF93FEB3A5E0FFEF
(1675525692.328451) vcan0 1D8#363339343234E043
(1675525692.328527) vcan0 125#E51B80E4C1D0D735
(1675525692.328668) vcan0 1E0#0024634300B917E0
(1675525692.328743) vcan0 2C3#528700FFFFB85450
(1675525692.329367) vcan0 288#1AE0A05F00000080
(1675525692.330403) vcan0 010#008800002FB031F8
(1675525692.331579) vcan0 291#0000000000000000
(1675525692.332687) vcan0 2A9#8C26008AC0000084
(1675525692.333878) vcan0 008#2680D47B0E800080
(1675525692.334916) vcan0 260#D0FF00AA497487B0
(1675525692.336307) vcan0 0F5#35A545A57F5F82A2
(1675525692.337482) vcan0 120#7FA57BA57F065689
(1675525692.337556) vcan0 130#BFF41D7F25DFFA11
(1675525692.337629) vcan0 150#3D2506780FF821C0
(1675525692.340311) vcan0 072#F000FF3F00A88038
(1675525692.340386) vcan0 055#F7F7FD27B2439C81
(1675525692.340461) vcan0 065#13E7FBF703DEF201
(1675525692.340534) vcan0 070#000007F8F6E10F00
(1675525692.340677) vcan0 075#0000000000005458
(1675525692.340752) vcan0 080#01508000C2002C00
(1675525692.341445) vcan0 0B0#528314A3E3C152A3
(1675525692.341519) vcan0 145#F962D980FC4810A1
(1675525692.341665) vcan0 28C#000000000014FEAA
(1675525692.341739) vcan0 2B5#4B762F6293A67F0E
(1675525692.341813) vcan0 340#9C00000000000000
(1675525692.342643) vcan0 0E0#627348E80080F300
(1675525692.342727) vcan0 010#008800002FB031F8
(1675525692.343666) vcan0 1D0#0000000000000861
(1675525692.344827) vcan0 008#2680E46B0E800080
(1675525692.347725) vcan0 1B0#00C0000003B000FC
(1675525692.347802) vcan0 1B5#FFAB16BFB1E0FFEF
(1675525692.347881) vcan0 1D8#363339343234E043
(1675525692.348031) vcan0 125#E51B80E4C1D0D735
(1675525692.348108) vcan0 1E0#0028534300B917E0
(1675525692.348186) vcan0 210#25E080A0A869CF4D
(1675525692.348772) vcan0 290#0000000000000000
(1675525692.349862) vcan0 010#008800002FB031F8
(1675525692.351028) vcan0 072#F000FF3F00A8A038
(1675525692.352046) vcan0 330#CE00000000000000
(1675525692.353135) vcan0 288#22E0B04F00000080
(1675525692.354168) vcan0 008#2680F45B0E800080
(1675525692.356644) vcan0 0F5#39A532A57F6372A5
(1675525692.359543) vcan0 120#93A56FA57F075689
(1675525692.359618) vcan0 130#C7F21D7F25CFFD11
(1675525692.359762) vcan0 150#35250A880FF819C0
(1675525692.359836) vcan0 360#588700DCB164A041
(1675525692.359909) vcan0 055#F7F7FD27B2489C80
(1675525692.359983) vcan0 065#0FE7FCF700DEF401
(1675525692.360676) vcan0 070#000007F8F8E10F00
(1675525692.360819) vcan0 075#0000000000005458
(1675525692.360895) vcan0 080#03508000C2002C00
(1675525692.360967) vcan0 0B0#528314A3E2C152A3
(1675525692.361042) vcan0 145#F952DA80FC4810A1
(1675525692.361803) vcan0 0E0#627340F00080DB00
(1675525692.362840) vcan0 010#008800002FB031F8
(1675525692.362936) vcan0 1D0#0000000000000061
(1675525692.363016) vcan0 291#0000000000000000
(1675525692.364395) vcan0 390#80FF051D023A516F
(1675525692.365504) vcan0 008#2680044B0E800080
(1675525692.365583) vcan0 260#D0FF00AA497487B0
(1675525692.366602) vcan0 1B0#00C0000003B000FC
(1675525692.367691) vcan0 1B5#FFC32FCBBDE0FFEF
(1675525692.367770) vcan0 1D8#363339343234E043
(1675525692.367922) vcan0 125#E51B80E4C1D0D735
(1675525692.368000) vcan0 1E0#0028530300B917E0
(1675525692.368078) vcan0 072#F000FF3F00A88038
(1675525692.368807) vcan0 2C3#528700FFFFB85450
(1675525692.372643) vcan0 010#008800002FB031F8
(1675525692.372720) vcan0 210#26E080A0A869CF45
(1675525692.372799) vcan0 2A9#8C260082C0000084
(1675525692.373808) vcan0 008#2680143B0E800080
(1675525692.374983) vcan0 0F5#2EA535A57F6762A8
(1675525692.376021) vcan0 120#6FA573A57F065689
(1675525692.377193) vcan0 130#CFF41D7325CBFA11
(1675525692.377278) vcan0 150#312509980FF80DC0
(1675525692.379552) vcan0 055#F7F7FE27B24C9C80
(1675525692.379626) vcan0 065#11E7FCF7FFDDF701
(1675525692.380593) vcan0 070#000007F8FAE10F00
(1675525692.380736) vcan0 075#0000000000005458
(1675525692.380810) vcan0 080#04508000C2002C00
(1675525692.383437) vcan0 0B0#528314A3E2C152A3
(1675525692.383515) vcan0 145#F942DB80FC4810A1
(1675525692.383593) vcan0 288#26E0B04F00000080
(1675525692.383673) vcan0 28C#000000000014FEAA
(1675525692.383823) vcan0 290#0000000000000000
(1675525692.383902) vcan0 2B5#4B762F6293A68112
(1675525692.383980) vcan0 0E0#62733EF80080BD00
(1675525692.384057) vcan0 2C0#528700000000A0F1
(1675525692.384136) vcan0 2C5#00E796C911E70070
(1675525692.384286) vcan0 3AF#0000000000000020
(1675525692.384372) vcan0 010#008800002FB031F8
(1675525692.384453) vcan0 072#F000FF3F00A8A038
(1675525692.384532) vcan0 1D0#0000000000000061
(1675525692.384608) vcan0 3C8#5287008E882C008E
(1675525692.384687) vcan0 008#2680242B0E800080
(1675525692.387007) vcan0 1B0#00C0000003B000FC
(1675525692.387086) vcan0 1B5#FFDC47D7C9E0FFEF
(1675525692.387163) vcan0 1D8#363339343234E043
(1675525692.388182) vcan0 125#E51B80E4C1D0D735
(1675525692.388260) vcan0 1E0#002C434300B917E0
(1675525692.390505) vcan0 010#008800002FB031F9
(1675525692.391668) vcan0 291#0000000000000000
(1675525692.395514) vcan0 008#2680341B0E800080
(1675525692.395660) vcan0 260#D0FF00AA497487B0
(1675525692.396696) vcan0 0F5#39A532A57F6B52AB
(1675525692.396772) vcan0 120#77A563A57F055689
(1675525692.396861) vcan0 130#D7F41D6B25C3F411
(1675525692.397832) vcan0 150#35250DA80FF8F9C0
(1675525692.397910) vcan0 3CA#00000000520000C8
(1675525692.398053) vcan0 072#F000FF3F00A88038
(1675525692.398127) vcan0 210#26E08020A869CF45
(1675525692.398889) vcan0 055#F7F7FE27B24E9C80
(1675525692.400063) vcan0 065#10E7FDF700DEF801
(1675525692.400137) vcan0 070#000007F8FCE10F00
(1675525692.400211) vcan0 075#0000000000005458
(1675525692.401179) vcan0 080#04508000C2002C00
(1675525692.402694) vcan0 0B0#528314A3E2C152A3
(1675525692.402769) vcan0 145#F932DC80FC4810A1
(1675525692.402843) vcan0 370#1721C000761BC71F
(1675525692.402936) vcan0 0E0#627340C000809B00
(1675525692.403884) vcan0 010#008800002FB031F8
(1675525692.403963) vcan0 1D0#0000000000000261
(1675525692.406577) vcan0 288#1EE0B04F00000080
(1675525692.406656) vcan0 008#2680440B0E800080
(1675525692.406733) vcan0 1B0#00C0000001B000FC
(1675525692.407756) vcan0 1B5#FFF45FE3D5E0FFEF
(1675525692.407834) vcan0 1D8#363339343234E043
(1675525692.407912) vcan0 125#E51B80E4C1D0D735
(1675525692.407989) vcan0 1E0#0030334300B917E0
(1675525692.408068) vcan0 2C3#528700FFFFB95450
(1675525692.408791) vcan0 290#0000000000000000
(1675525692.409956) vcan0 010#008800002FB031F8
(1675525692.412419) vcan0 072#F000FF3F00A8A038
(1675525692.413484) vcan0 2A9#8C26009BC0000084
(1675525692.414519) vcan0 008#2680540900800080
(1675525692.415694) vcan0 350#A200000000000080
(1675525692.418577) vcan0 0F5#41A532A57F6F42AE
(1675525692.418653) vcan0 120#8BA577A57F075689
(1675525692.418737) vcan0 130#DFF41D6B25B3EF11
(1675525692.418879) vcan0 150#392508B80FF8E5C0
(1675525692.419640) vcan0 055#F7F7FF27B24E9C80
(1675525692.419713) vcan0 065#11E7FDF700DEFA01
(1675525692.420680) vcan0 070#000007F8FEE10F00
(1675525692.420824) vcan0 075#0000000000005458
(1675525692.420900) vcan0 080#05508000C2002C00
(1675525692.420973) vcan0 0B0#528314A3E2C152A3
(1675525692.421046) vcan0 145#F922DD80FC4810A1
(1675525692.421807) vcan0 28C#000000000014FEAA
(1675525692.421880) vcan0 2B5#4B762F6293A68315
(1675525692.421954) vcan0 340#9D00000000000000
(1675525692.424739) vcan0 0E0#627344C800807700
(1675525692.424819) vcan0 010#008800002FB031F8
(1675525692.424897) vcan0 1D0#0000000000000861
(1675525692.424976) vcan0 210#26E080A0A869CF45
(1675525692.425065) vcan0 291#0000000000000000
(1675525692.425793) vcan0 008#268064F900800080
(1675525692.425873) vcan0 260#D0FF0055497487B0
(1675525692.426964) vcan0 1B0#00C0000002B000FC
(1675525692.427042) vcan0 1B5#FF0C77EFE1E0FFEF
(1675525692.427120) vcan0 1D8#363339343234E043
(1675525692.427992) vcan0 125#E51B80E4C1D0D735
(1675525692.428070) vcan0 1E0#0030330300B917E0
(1675525692.428149) vcan0 072#F000FF3F00A88038
(1675525692.428302) vcan0 3B0#00D8193C3BB0C400
(1675525692.429101) vcan0 288#22E0B04F00000080
(1675525692.431639) vcan0 010#008800002FB031F8
(1675525692.432659) vcan0 330#CE00000000000000
(1675525692.433804) vcan0 400#0401010202010210
(1675525692.435321) vcan0 008#268074E900800080
(1675525692.436357) vcan0 0F5#2EA52EA57F7332B2
(1675525692.437546) vcan0 120#77A559A57F065689
(1675525692.437621) vcan0 130#E7F41D6B25A3F111
(1675525692.437695) vcan0 150#2E2509C80FF8E0C0
(1675525692.438593) vcan0 055#F7F7FF27B24E9C80
(1675525692.439628) vcan0 065#10E7FEF7FFDDFD01
(1675525692.443949) vcan0 070#000007F8FFE10F00
(1675525692.444026) vcan0 075#0000000000005458
(1675525692.444177) vcan0 080#05508000C2002C00
(1675525692.444256) vcan0 0B0#528314A3E2C152A3
(1675525692.444333) vcan0 145#F912DE80FC4810A1
(1675525692.444412) vcan0 290#0000000000000000
(1675525692.444488) vcan0 2C0#528700000000A0F1
(1675525692.444567) vcan0 2C5#00E796C910E70070
(1675525692.444716) vcan0 0E0#627343D000805800
(1675525692.444795) vcan0 581#FFFFFFFFFFFF0081
(1675525692.444874) vcan0 010#008800002FB031F8
(1675525692.444969) vcan0 072#F000FF3F00A8A038
(1675525692.445048) vcan0 1D0#0000000000000061
(1675525692.445136) vcan0 008#248084DB00800080
(1675525692.446143) vcan0 1B0#00C0000004B000FC
(1675525692.447232) vcan0 1B5#FF2490FBEDE0FFEF
(1675525692.447382) vcan0 1D8#363339343234E043
(1675525692.447461) vcan0 125#E51B80E4C1D0D735
(1675525692.448333) vcan0 1E0#0034234300B917E0
(1675525692.448412) vcan0 210#26E080A0A869CF4D
(1675525692.449717) vcan0 2C3#528700FFFFBA5450
(1675525692.450809) vcan0 010#008800002FB031F8
(1675525692.451827) vcan0 291#0000000000000000
(1675525692.454769) vcan0 2A9#8C260082C0000084
(1675525692.454843) vcan0 288#1EE0C03F00000080
(1675525692.455812) vcan0 008#248094CB00800080
(1675525692.455885) vcan0 260#D0FF0055497487B0
(1675525692.456878) vcan0 0F5#32A52EA57F7722B5
(1675525692.456953) vcan0 120#55A563A57F085689
(1675525692.457028) vcan0 130#EFF71D5925A5EC11
(1675525692.457994) vcan0 150#30250CD80FF8CEC0
(1675525692.458137) vcan0 072#F000FF3F00A88038
(1675525692.458211) vcan0 360#588700DCB164A041
(1675525692.459111) vcan0 055#F7F7FF27B24E9C80
(1675525692.460148) vcan0 065#12E7FFF701DEFF01
(1675525692.460223) vcan0 070#000007F800E20F00
(1675525692.460297) vcan0 075#0000000000005458
(1675525692.461195) vcan0 080#05508000C2002C00
(1675525692.464094) vcan0 0B0#528314A3E2C152A3
(1675525692.464173) vcan0 145#F902DF80FC4810A1
(1675525692.464253) vcan0 28C#000000000014FEAA
(1675525692.464406) vcan0 2B5#4B772F6293A6851A
(1675525692.464483) vcan0 0E0#627344D800803700
(1675525692.464574) vcan0 010#008800002FB031F8
(1675525692.464653) vcan0 1D0#0000000000000061
(1675525692.464731) vcan0 390#80FF051D0236524F
(1675525692.465245) vcan0 008#2480A4AD0E800080
(1675525692.466338) vcan0 1B0#00C0000002B000FC
(1675525692.467502) vcan0 1B5#FF3CA807F9E0FFEF
(1675525692.467580) vcan0 1D8#363339343234E043
(1675525692.467658) vcan0 125#E51B80E4C1D0D735
(1675525692.468821) vcan0 1E0#0038134300B917E0
(1675525692.469916) vcan0 290#0000000000000000
(1675525692.471005) vcan0 010#008800002FB031F9
(1675525692.472168) vcan0 072#F000FF3F00A8A038
(1675525692.474966) vcan0 210#26E080A0A869CF4D
(1675525692.475039) vcan0 3D0#960F6100C50580C3
(1675525692.475183) vcan0 008#2480B49D0E800080
(1675525692.476014) vcan0 0F5#1BA532A57F7B12B8
(1675525692.477201) vcan0 120#6BA55DA57F045689
(1675525692.477274) vcan0 130#F7F71D592595EC11
(1675525692.477349) vcan0 150#27250CE80EF8C7C0
(1675525692.478251) vcan0 055#F7F7FF27B24E9C80
(1675525692.479287) vcan0 065#15E7FFF701DE0002
(1675525692.480461) vcan0 070#000007F802E20F00
(1675525692.480536) vcan0 075#0000000000005458
(1675525692.480609) vcan0 080#05508000C2002C00
(1675525692.483339) vcan0 0B0#528314A3E2C152A3
(1675525692.483417) vcan0 145#F9F2D080FC4810A1
(1675525692.483495) vcan0 288#2BE0C03F00000080
(1675525692.483573) vcan0 0E0#627344E000801700
(1675525692.483651) vcan0 010#008800002FB031F8
(1675525692.483730) vcan0 1D0#0000000000000261
(1675525692.483880) vcan0 291#0000000000000000
(1675525692.484391) vcan0 008#2480C48D0E800080
(1675525692.485420) vcan0 260#D0FF0055497487B0
(1675525692.486584) vcan0 1B0#00C0000004B000FC
(1675525692.487673) vcan0 1B5#FF55C01305E0FFEF
(1675525692.487752) vcan0 1D8#363339343234E043
(1675525692.488986) vcan0 125#E51B80E4C1D0D735
(1675525692.489064) vcan0 072#F000FF3F00A88038
(1675525692.489146) vcan0 1E0#0038130300B917E0
(1675525692.489219) vcan0 2C3#528700FFFFBA5450
(1675525692.491680) vcan0 010#008800002FB031F8
(1675525692.492770) vcan0 2A9#8C26009BC0000084
(1675525692.493816) vcan0 008#2480D47D0E800080
(1675525692.494921) vcan0 0F5#34A51FA57F7F02BB
(1675525692.495957) vcan0 120#87A559A57F055689
(1675525692.496993) vcan0 130#FFF71D592585F111
(1675525692.497137) vcan0 150#29250AF80EF8B5C0
(1675525692.498174) vcan0 210#26E080A0A869CF45
(1675525692.499495) vcan0 055#F7F70028B24E9C80
(1675525692.503811) vcan0 065#17E7FFF703DE0102
(1675525692.503890) vcan0 070#000007F803E20F00
(1675525692.504039) vcan0 075#0000000000005458
(1675525692.504117) vcan0 080#05508000C2002C00
(1675525692.504196) vcan0 0B0#528314A3E2C152A3
(1675525692.504272) vcan0 145#F9E2D180FC4810A1
(1675525692.504350) vcan0 28C#000000000014FEAA
(1675525692.504427) vcan0 290#0000000000000000
(1675525692.504578) vcan0 2B5#4B772E6293A6871C
(1675525692.504657) vcan0 2C0#528700000000A0F1
(1675525692.504734) vcan0 0E0#627344E80080F700
(1675525692.504813) vcan0 2C5#00E797C915E70070
(1675525692.504894) vcan0 340#9D00000000000000
(1675525692.505045) vcan0 010#008800002FB031F8
(1675525692.505123) vcan0 072#F000FF3F00A8A038
(1675525692.505213) vcan0 1D0#0000000000000861
(1675525692.505290) vcan0 370#1721C000761BC71F
(1675525692.505366) vcan0 3AF#0000000000000020
(1675525692.505445) vcan0 3C8#5287008E882C008E
(1675525692.505522) vcan0 3E0#000000D92E808092
(1675525692.506468) vcan0 288#2BE0C03F00000080
(1675525692.506547) vcan0 008#2480E46D0E800080
(1675525692.506624) vcan0 350#A200000000000080
(1675525692.506701) vcan0 1B0#00C0000004B000FC
(1675525692.507576) vcan0 1B5#FF6DD81F11E0FFEF
(1675525692.507655) vcan0 1D8#363339343234E043
(1675525692.507802) vcan0 125#E51B80E4C1D0D735
(1675525692.507881) vcan0 1E0#003C034300B917E0
(1675525692.511353) vcan0 010#008800002FB031F8
(1675525692.512512) vcan0 291#0000000000000000
(1675525692.513591) vcan0 330#CE00000000000000
(1675525692.514639) vcan0 008#2480F45D0E800080
(1675525692.515676) vcan0 260#D0FF0055497487B0
(1675525692.516849) vcan0 0F5#17A523A57F43F2BE
(1675525692.516923) vcan0 120#5FA555A57F055689
(1675525692.517065) vcan0 130#87F71D592575F111
(1675525692.517895) vcan0 150#1D250C080DF8B1C0
(1675525692.519202) vcan0 3CA#00000000530000C8
(1675525692.519347) vcan0 072#F000FF3F00A88038
(1675525692.522234) vcan0 055#F7F70028B24E9C80
(1675525692.522308) vcan0 065#1DE7FFF703DE0102
(1675525692.522383) vcan0 070#000007F805E20F00
(1675525692.522525) vcan0 075#0000000000005458
(1675525692.522602) vcan0 080#05508000C2002C00
(1675525692.522677) vcan0 0B0#528314A3E2C152A3
(1675525692.522750) vcan0 145#F9D2D280FC4810A1
(1675525692.522928) vcan0 0E0#627342F00080D900
(1675525692.523307) vcan0 010#008800002FB031F8
(1675525692.523385) vcan0 1D0#0000000000000061
(1675525692.523463) vcan0 210#26E080A0A869CF4D
(1675525692.524407) vcan0 008#2480044D0E800080
(1675525692.525498) vcan0 1B0#00C0000005B000FC
(1675525692.528324) vcan0 1B5#FF85F02B1DE0FFEF
(1675525692.528406) vcan0 1D8#363339343234E043
(1675525692.528556) vcan0 125#E51B80E4C1D0D735
(1675525692.528633) vcan0 1E0#0000F34300B917E0
(1675525692.528710) vcan0 2C3#528700FFFFBB5450
(1675525692.529511) vcan0 290#0000000000000000
(1675525692.530526) vcan0 288#26E0C03F00000080
(1675525692.531689) vcan0 010#008800002FB031F8
(1675525692.532853) vcan0 072#F000FF3F00A8A038
(1675525692.533896) vcan0 2A9#8C260082C0000084
(1675525692.535074) vcan0 008#2480143D0E800080
(1675525692.536463) vcan0 0F5#27A51FA57F47E2C1
(1675525692.537499) vcan0 120#6FA551A57F045689
(1675525692.537642) vcan0 130#8FF71D592565F111
(1675525692.537717) vcan0 150#23250A180DF89BC0
(1675525692.540468) vcan0 055#F7F70128B24E9C80
(1675525692.540543) vcan0 065#20E7FFF704DE0202
(1675525692.540618) vcan0 070#000007F807E20F00
(1675525692.540693) vcan0 075#0000000000005458
(1675525692.540836) vcan0 080#05508000C2002C00
(1675525692.540911) vcan0 0B0#528314A3E2C152A3
(1675525692.541604) vcan0 145#F9C2D380FC4810A1
(1675525692.541678) vcan0 28C#000000000014FEAA
(1675525692.541823) vcan0 2B5#4B772E6293A6891D
(1675525692.542790) vcan0 0E0#627344F80080B700
(1675525692.542864) vcan0 010#008800002FB031F8
(1675525692.543810) vcan0 1D0#0000000000000061
(1675525692.543900) vcan0 291#0000000000000000
(1675525692.544994) vcan0 008#2480242D0E800080
(1675525692.546010) vcan0 260#D0FF00AA497487B0
(1675525692.548904) vcan0 1B0#00C0000002B000FC
(1675525692.548983) vcan0 1B5#FF9D083729E0FFEF
(1675525692.549143) vcan0 1D8#363339343234E043
(1675525692.549210) vcan0 125#E51B80E4C1D0D735
(1675525692.549290) vcan0 072#F000FF3F00A88038
(1675525692.549368) vcan0 1E0#0000F30300B917E0
(1675525692.549447) vcan0 210#26E08020A869CF4D
(1675525692.549596) vcan0 3B0#00FC19383BB0C400
(1675525692.550035) vcan0 010#008800002FB031F9
(1675525692.551126) vcan0 405#0000000000000022
(1675525692.552216) vcan0 288#1EE0D02F00000080
(1675525692.553222) vcan0 008#2480341D0E800080
(1675525692.555699) vcan0 0F5#1BA527A57F4BD2C4
(1675525692.556746) vcan0 120#68A551A57F0B5689
(1675525692.556821) vcan0 130#97F71D592555F711
(1675525692.557789) vcan0 150#212509280CF88DC0
(1675525692.557932) vcan0 360#588700DCB164A041
(1675525692.560752) vcan0 055#F7F70128B24E9C80
(1675525692.560826) vcan0 065#1DE7FFF704DE0302
(1675525692.560901) vcan0 070#000007F809E20F00
(1675525692.560975) vcan0 075#0000000000005458
(1675525692.561118) vcan0 080#05508000C2002C00
(1675525692.561191) vcan0 0B0#528314A3E2C152A3
(1675525692.561264) vcan0 145#F9B2D480FC4810A1
(1675525692.561820) vcan0 290#0000000000000000
(1675525692.561895) vcan0 2C0#528700000000A0F1
(1675525692.561968) vcan0 2C5#02E797C920E70070
(1675525692.562044) vcan0 0E0#627344C000809700
(1675525692.562936) vcan0 010#008800002FB031F8
(1675525692.563025) vcan0 072#F000FF3F00A8A038
(1675525692.563178) vcan0 1D0#0000000000000261
(1675525692.564053) vcan0 390#80FF051D0232534F
(1675525692.566805) vcan0 008#2480441B00800080
(1675525692.566957) vcan0 1B0#00C0000002B000FC
(1675525692.567035) vcan0 1B5#FFB6204335E0FFEF
(1675525692.567113) vcan0 1D8#363339343234E043
(1675525692.567987) vcan0 125#E51B80E4C1D0D735
(1675525692.568065) vcan0 1E0#0004E34300B917E0
(1675525692.568217) vcan0 2C3#528700FFFFBB5450
(1675525692.569092) vcan0 010#008800002FB031F8
(1675525692.570112) vcan0 210#26E080A0A869CF45
(1675525692.571276) vcan0 291#0000000000000000
(1675525692.572297) vcan0 2A9#8CA6018AC0000084
(1675525692.574760) vcan0 008#2480540B00800080
(1675525692.575934) vcan0 260#D0FF00AA497487B0
(1675525692.578829) vcan0 0F5#23A51BA57F4FC2C7
(1675525692.578903) vcan0 120#73A54DA57F095689
(1675525692.579047) vcan0 130#9FF71D592545FD11
(1675525692.579121) vcan0 150#1F2509380BF87FC0
(1675525692.579196) vcan0 072#F000FF3F00A88038
(1675525692.579888) vcan0 055#F7F70128B24E9C80
(1675525692.579962) vcan0 065#14E7FFF7FBDD0302
(1675525692.580105) vcan0 070#000007F809E20F00
(1675525692.580935) vcan0 075#0000000000005458
(1675525692.581077) vcan0 080#05508000C2002C00
(1675525692.581153) vcan0 0B0#528314A3E2C152A3
(1675525692.581227) vcan0 145#F9A2D580FC4810A1
(1675525692.581302) vcan0 288#26E0D02F00000080
(1675525692.582129) vcan0 28C#000000000014FEAA
(1675525692.582204) vcan0 2B5#4B772E6293A68C1E
(1675525692.584969) vcan0 340#9D00000000000000
(1675525692.585053) vcan0 0E0#627344C800807700
(1675525692.585136) vcan0 010#008800002FB031F8
(1675525692.585202) vcan0 1D0#0000000000000861
(1675525692.585345) vcan0 008#248064FB00800080
(1675525692.586037) vcan0 1B0#00C0000002B000FC
(1675525692.587142) vcan0 1B5#FFCE394F41E0FFEF
(1675525692.587284) vcan0 1D8#363339343234E043
(1675525692.587359) vcan0 125#E51B80E4C1D0D735
(1675525692.588258) vcan0 1E0#0008D34300B917E0
(1675525692.589294) vcan0 290#0000000000000000
(1675525692.591842) vcan0 010#008800002FB031F8
(1675525692.592902) vcan0 072#F000FF3F00A8A038
(1675525692.593009) vcan0 330#CE00000000000000
(1675525692.595692) vcan0 008#248074EB00800080
(1675525692.595771) vcan0 350#A200000000000080
(1675525692.596861) vcan0 0F5#1BA527A57F53B2CA
(1675525692.596973) vcan0 120#4DA54DA57F065689
(1675525692.597051) vcan0 130#A7F71D4D2541FD11
(1675525692.597926) vcan0 150#21250A480AF86DC0
(1675525692.598003) vcan0 210#26E080A0A869CF45
(1675525692.599096) vcan0 055#F7F70128B24E9C80
(1675525692.600116) vcan0 065#1CE700F8FEDD0602
(1675525692.600194) vcan0 070#000007F809E20F00
(1675525692.600345) vcan0 075#0000000000005458
(1675525692.600424) vcan0 080#05508000C2002C00
(1675525692.601295) vcan0 0B0#528314A3E2C152A3
(1675525692.601376) vcan0 145#F992D680FC4810A1
(1675525692.601452) vcan0 370#0721C000761BC71F
(1675525692.602687) vcan0 0E0#627342D000805900
(1675525692.602765) vcan0 010#008800002FB031F8
(1675525692.603744) vcan0 1D0#0000000000000061
(1675525692.603887) vcan0 291#0000000000000000
(1675525692.605343) vcan0 288#22E0D02F00000080
(1675525692.605419) vcan0 008#248084DB00800080
(1675525692.606386) vcan0 260#D0FF00AA497487B0
(1675525692.606528) vcan0 1B0#00C0000003B000FC
(1675525692.607568) vcan0 1B5#FFE6515B4DE0FFEF
(1675525692.607642) vcan0 1D8#363339343234E043
(1675525692.607717) vcan0 125#E51B80E4C1D0D735
(1675525692.607860) vcan0 1E0#0008D30300B917E0
(1675525692.607935) vcan0 2C3#528700FFFFBC5450
(1675525692.608695) vcan0 072#F000FF3F00A88038
(1675525692.612615) vcan0 010#008800002FB031F8
(1675525692.613657) vcan0 2A9#8CA60093C0000084
(1675525692.614750) vcan0 008#248094CB00800080
(1675525692.615768) vcan0 0F5#23A523A57F57A2CD
(1675525692.616859) vcan0 120#5FA541A57F045689
(1675525692.616936) vcan0 130#AFFA1D4D2531F711
(1675525692.618333) vcan0 150#232509580AF85BC0
(1675525692.619352) vcan0 055#F7F70128B24E9C80
(1675525692.620442) vcan0 065#10E701F801DE0A02
(1675525692.620519) vcan0 070#000007F809E20F00
(1675525692.620598) vcan0 075#0000000000005458
(1675525692.620748) vcan0 080#05508000C2002C00
(1675525692.620826) vcan0 0B0#528314A3E2C152A3
(1675525692.624716) vcan0 145#F982D780FC4810A1
(1675525692.624793) vcan0 28C#000000000014FEAA
(1675525692.624937) vcan0 290#0000000000000000
(1675525692.625011) vcan0 2B5#4B772E6293A68D24
(1675525692.625084) vcan0 2C0#528700000000A0F1
(1675525692.625159) vcan0 0E0#62733FD800803C00
(1675525692.625302) vcan0 2C5#03E797C91AE70070
(1675525692.625378) vcan0 3AF#0000000000000020
(1675525692.625451) vcan0 3C8#5287008E882C008E
(1675525692.625536) vcan0 010#008800002FB031F8
(1675525692.625611) vcan0 072#F000FF3F00A8A038
(1675525692.625756) vcan0 1D0#0000000000000061
(1675525692.625831) vcan0 210#26E080A0A869CF45
(1675525692.625904) vcan0 008#2480A4BB00800080
(1675525692.626942) vcan0 1B0#00C0000001B000FC
(1675525692.627085) vcan0 1B5#FFFE696759E0FFEF
(1675525692.627158) vcan0 1D8#363339343234E043
(1675525692.628055) vcan0 125#E51B80E4C1D0D735
(1675525692.628130) vcan0 1E0#000CC34300B917E0
(1675525692.629100) vcan0 288#26E0D02F00000080
(1675525692.631577) vcan0 010#008800002FB031F9
(1675525692.632685) vcan0 291#0000000000000000
(1675525692.633891) vcan0 425#0000000000000000
(1675525692.636641) vcan0 008#2480B4AB00800080
(1675525692.636792) vcan0 260#D0FF0055497487B0
(1675525692.636881) vcan0 0F5#23A517A57F5B92D0
(1675525692.636961) vcan0 120#77A56BA57F085689
(1675525692.637038) vcan0 130#B7F71D4D2521F711
(1675525692.637839) vcan0 150#1D250A6809F851C0
(1675525692.637915) vcan0 3CA#00000000540000C8
(1675525692.637994) vcan0 072#F000FF3F00A88038
(1675525692.638866) vcan0 055#F7F70128B24E9C80
(1675525692.640032) vcan0 065#05E701F8F7DD0B02
(1675525692.640112) vcan0 070#000007F80AE20F00
(1675525692.640189) vcan0 075#0000000000005458
(1675525692.641138) vcan0 080#06508000C2002C00
(1675525692.641217) vcan0 0B0#528314A3E2C152A3
(1675525692.641294) vcan0 145#F972D880FC4810A1
(1675525692.642456) vcan0 0E0#62733EE000801D00
(1675525692.643589) vcan0 010#008800002FB031F8
(1675525692.643663) vcan0 1D0#0000000000000261
(1675525692.644640) vcan0 008#2480C49B00800080
(1675525692.647461) vcan0 1B0#00C0000002B000FC
(1675525692.647535) vcan0 1B5#FF16817365E0FFEF
(1675525692.647609) vcan0 1D8#363339343234E043
(1675525692.647752) vcan0 125#E51B80E4C1D0D735
(1675525692.647827) vcan0 1E0#0010B34300B917E0
(1675525692.648521) vcan0 210#26E080A0A869CF4D
(1675525692.648594) vcan0 2C3#528700FFFFBC5450
(1675525692.649560) vcan0 290#0000000000000000
(1675525692.650734) vcan0 010#008800002FB031F8
(1675525692.651772) vcan0 072#F000FF3F00A8A038
(1675525692.652807) vcan0 2A9#8CA6008AC0000084
(1675525692.655313) vcan0 288#2FE0E01F00000080
(1675525692.655391) vcan0 008#2480D48B00800080
(1675525692.658217) vcan0 0F5#08A514A57F5F82D3
(1675525692.658295) vcan0 120#55A549A57F0A5689
(1675525692.658383) vcan0 130#BFF71D4D2511F711
(1675525692.658461) vcan0 150#0E25107809F850C0
(1675525692.658613) vcan0 360#588700DCB164A041
(1675525692.659268) vcan0 055#F7F70128B24E9C80
(1675525692.660430) vcan0 065#02E702F8F9DD1002
(1675525692.660509) vcan0 070#000007F80AE20F00
(1675525692.660588) vcan0 075#0000000000005458
(1675525692.660738) vcan0 080#06508000C2002C00
(1675525692.660816) vcan0 0B0#528314A3E2C152A3
(1675525692.661471) vcan0 145#F962D980FC4810A1
(1675525692.661620) vcan0 28C#000000000014FEAA
(1675525692.661699) vcan0 2B5#4B772D6293A68E29
(1675525692.661777) vcan0 340#9D00000000000000
(1675525692.664391) vcan0 0E0#62733DE80080FE00
(1675525692.664471) vcan0 010#008800002FB031F8
(1675525692.664549) vcan0 1D0#0000000000000861
(1675525692.664639) vcan0 291#0000000000000000
(1675525692.664720) vcan0 390#80FF051D022E544F
(1675525692.665522) vcan0 008#2480E47B00800080
(1675525692.665599) vcan0 260#D0FF0055497487B0
(1675525692.666618) vcan0 1B0#00C0000004B000FC
(1675525692.666697) vcan0 1B5#FF2E997F71E0FFEF
(1675525692.667712) vcan0 1D8#363339343234E043
(1675525692.667862) vcan0 125#E51B80E4C1D0D735
(1675525692.667939) vcan0 072#F000FF3F00A88038
(1675525692.668017) vcan0 1E0#0010B30300B917E0
(1675525692.668094) vcan0 3B0#00D819383BB0C400
(1675525692.670194) vcan0 010#008800002FB031F8
(1675525692.671282) vcan0 210#26E080A0A869CF4D
(1675525692.672299) vcan0 330#CE00000000000000
(1675525692.673803) vcan0 3D0#960F6100C50580C3
(1675525692.674983) vcan0 008#2480F46B00800080
(1675525692.676037) vcan0 0F5#17A517A57F6372D6
(1675525692.677212) vcan0 120#4BA549A57F085689
(1675525692.677288) vcan0 130#C7FA1D492505F411
(1675525692.677361) vcan0 150#17250D8808F837C0
(1675525692.678260) vcan0 430#3D083B0000001486
(1675525692.682452) vcan0 055#F7F70128B24E9C80
(1675525692.682527) vcan0 065#07E703F8FFDD1202
(1675525692.682670) vcan0 070#000007F80AE20F00
(1675525692.682743) vcan0 075#0000000000005458
(1675525692.682817) vcan0 080#06508000C2002C00
(1675525692.682923) vcan0 0B0#528314A3E2C152A3
(1675525692.683002) vcan0 145#F952DA80FC4810A1
(1675525692.683153) vcan0 288#2FE0E01F00000080
(1675525692.683231) vcan0 290#0000000000000000
(1675525692.683309) vcan0 2C0#528700000000A0F1
(1675525692.683386) vcan0 2C5#04E797C906E70070
(1675525692.683474) vcan0 0E0#627342F00080D900
(1675525692.683551) vcan0 010#008800002FB031F8
(1675525692.683702) vcan0 072#F000FF3F00A8A038
(1675525692.683779) vcan0 1D0#0000000000000061
(1675525692.683857) vcan0 400#0A02010204010111
(1675525692.684658) vcan0 008#2480045B00800080
(1675525692.685676) vcan0 350#A200000000000080
(1675525692.686839) vcan0 1B0#00C0000003B000FC
(1675525692.686916) vcan0 1B5#FF47B18B7DE0FFEF
(1675525692.688150) vcan0 1D8#363339343234E043
(1675525692.688228) vcan0 125#E51B80E4C1D0D735
(1675525692.688379) vcan0 1E0#0014A34300B917E0
(1675525692.688457) vcan0 2C3#528700FFFFBD5450
(1675525692.690919) vcan0 010#008800002FB031F8
(1675525692.692082) vcan0 291#0000000000000000
(1675525692.693107) vcan0 2A9#8CA60093C0000084
(1675525692.694222) vcan0 008#2480144B00800080
(1675525692.695327) vcan0 260#D0FF0055497487B0
(1675525692.696363) vcan0 0F5#08A51FA57F6762D9
(1675525692.697538) vcan0 120#55A551A57F065689
(1675525692.697612) vcan0 130#CFFA1D4925F5F711
(1675525692.697686) vcan0 150#13250D9807F82BC0
(1675525692.700166) vcan0 072#F000FF3F00A88038
(1675525692.700240) vcan0 210#26E08020A869CF45
(1675525692.700383) vcan0 055#F7F70128B24C9C80
(1675525692.700456) vcan0 065#0BE704F802DE1302
(1675525692.700531) vcan0 070#000007F809E20F00
(1675525692.700605) vcan0 075#0000000000005458
(1675525692.700748) vcan0 080#05508000C2002C00
(1675525692.701851) vcan0 0B0#528314A3E1C152A3
(1675525692.701926) vcan0 145#F942DB80FC4810A1
(1675525692.702068) vcan0 28C#000000000014FEAA
(1675525692.702157) vcan0 2B5#4B772E6293A68E2D
(1675525692.702231) vcan0 370#0721C000761BC71F
(1675525692.702306) vcan0 0E0#627341F80080BA00
(1675525692.702941) vcan0 010#008800002FB031F8
(1675525692.703021) vcan0 1D0#0000000000000061
(1675525692.704112) vcan0 288#1EE0E01F00000080
(1675525692.705142) vcan0 008#2480243B00800080
(1675525692.707952) vcan0 1B0#00C0000002B000FC
(1675525692.708032) vcan0 1B5#FF5FC99789E0FFEF
(1675525692.708110) vcan0 1D8#363339343234E043
(1675525692.708260) vcan0 125#E51B80E4C1D0D735
(1675525692.708338) vcan0 1E0#0018934300B917E0
(1675525692.709068) vcan0 290#0000000000000000
(1675525692.710159) vcan0 010#008800002FB031F9
(1675525692.711247) vcan0 072#F000FF3F00A8A038
(1675525692.712263) vcan0 008#2480342B00800080
(1675525692.714786) vcan0 0F5#1BA510A57F6B52DC
(1675525692.715894) vcan0 120#63A549A57F045689
(1675525692.716929) vcan0 130#D7FA1D4925E5FD11
(1675525692.719817) vcan0 150#152508A807F819C0
(1675525692.719891) vcan0 055#F7F70128B24C9C80
(1675525692.720036) vcan0 065#0BE703F804DE1002
(1675525692.720109) vcan0 070#000007F809E20F00
(1675525692.720870) vcan0 075#0000000000005458
(1675525692.721014) vcan0 080#05508000C2002C00
(1675525692.721088) vcan0 0B0#528314A3E1C152A3
(1675525692.721162) vcan0 145#F932DC80FC4810A1
(1675525692.721992) vcan0 0E0#62733BC00080A000
(1675525692.723145) vcan0 010#008800002FB031F8
(1675525692.723224) vcan0 1D0#0000000000000261
(1675525692.724172) vcan0 210#26E080A0A869CF4D
(1675525692.724251) vcan0 291#0000000000000000
(1675525692.725280) vcan0 008#2480441B00800080
(1675525692.726297) vcan0 260#D0FF00AA497487B0
(1675525692.729195) vcan0 1B0#00C0000003B000FC
(1675525692.729272) vcan0 1B5#FF77E1A395E0FFEF
(1675525692.729423) vcan0 1D8#363339343234E043
(1675525692.729501) vcan0 125#E51B80E4C1D0D735
(1675525692.729578) vcan0 1E0#0018930300B917E0
(1675525692.729655) vcan0 072#F000FF3F00A88038
(1675525692.729734) vcan0 2C3#528700FFFFBD5450
(1675525692.730393) vcan0 288#2FE0E01F00000080
(1675525692.731409) vcan0 010#008800002FB031F8
(1675525692.732569) vcan0 2A9#8CA6008AC0000084
(1675525692.733698) vcan0 008#2480540B00800080
(1675525692.734802) vcan0 0F5#00A510A57F6F42DF
(1675525692.737279) vcan0 120#35A541A57F085689
(1675525692.737353) vcan0 130#DFFA1D4125DDFA11
(1675525692.737451) vcan0 150#08250DB806F816C0
(1675525692.740201) vcan0 055#F7F70128B24E9C80
(1675525692.740275) vcan0 065#07E703F800DE0E02
(1675525692.740350) vcan0 070#000007F809E20F00
(1675525692.740494) vcan0 075#0000000000005458
(1675525692.740568) vcan0 080#05508000C2002C00
(1675525692.741331) vcan0 0B0#528314A3E1C152A3
(1675525692.741404) vcan0 145#F922DD80FC4810A1
(1675525692.741548) vcan0 28C#000000000014FEAA
(1675525692.741622) vcan0 290#0000000000000000
(1675525692.741697) vcan0 2B5#4B772E6293A68F28
(1675525692.742387) vcan0 2C0#528700000000A0F1
(1675525692.742532) vcan0 0E0#627337C800808400
(1675525692.742605) vcan0 2C5#04E797C90CE70070
(1675525692.742680) vcan0 340#9E00000000000000
(1675525692.743554) vcan0 3AF#0000000000000020
(1675525692.746453) vcan0 010#008800002FB031F8
(1675525692.746596) vcan0 072#F000FF3F00A8A038
(1675525692.746670) vcan0 1D0#0000000000000861
(1675525692.746745) vcan0 3C8#5287008E882C008E
(1675525692.746819) vcan0 008#248064FB00800080
(1675525692.746964) vcan0 1B0#00C0000004B000FC
(1675525692.747517) vcan0 1B5#FF8FFAAFA1E0FFEF
(1675525692.747662) vcan0 1D8#363339343234E043
(1675525692.747735) vcan0 125#E51B80E4C1D0D735
(1675525692.747810) vcan0 1E0#001C834300B917E0
(1675525692.747885) vcan0 210#26E080A0A869CF45
(1675525692.748645) vcan0 010#008800002FB031F8
(1675525692.749680) vcan0 291#0000000000000000
(1675525692.750716) vcan0 330#CE00000000000000
(1675525692.753194) vcan0 288#2BE0F00F00000080
(1675525692.754301) vcan0 008#248074EB00800080
(1675525692.757060) vcan0 260#D0FF00AA497487B0
(1675525692.757146) vcan0 0F5#08A504A57F7332E2
(1675525692.757279) vcan0 120#55A541A57F065689
(1675525692.757352) vcan0 130#E7FA1D4125CDF711
(1675525692.757427) vcan0 150#06250DC806F808C0
(1675525692.758258) vcan0 3CA#00000000550000C8
(1675525692.758332) vcan0 072#F000FF3F00A88038
(1675525692.758407) vcan0 360#588700DCB164A041
(1675525692.759304) vcan0 055#F7F70128B24C9C80
(1675525692.760340) vcan0 065#00E702F8FCDD0D02
(1675525692.760414) vcan0 070#000007F809E20F00
(1675525692.760558) vcan0 075#0000000000005458
(1675525692.760634) vcan0 080#05508000C2002C00
(1675525692.760707) vcan0 0B0#528314A3E1C152A3
(1675525692.761400) vcan0 145#F912DE80FC4810A1
(1675525692.762846) vcan0 0E0#627338D000806300
(1675525692.762930) vcan0 010#008800002FB031F8
(1675525692.763009) vcan0 1D0#0000000000000061
(1675525692.763887) vcan0 390#80FF051D022A554F
(1675525692.765050) vcan0 008#248084DB00800080
(1675525692.767944) vcan0 1B0#00C0000002B000FC
(1675525692.768023) vcan0 1B5#FFA712BBADE0FFEF
(1675525692.768173) vcan0 125#E51B80E4C1D0D735
(1675525692.768252) vcan0 1D8#363339343234E043
(1675525692.768330) vcan0 1E0#0020734300B917E0
(1675525692.768407) vcan0 2C3#528700FFFFBE5450
(1675525692.769065) vcan0 290#0000000000000000
(1675525692.770156) vcan0 010#008800002FB031F8
(1675525692.771244) vcan0 072#F000FF3F00A8A038
(1675525692.772334) vcan0 210#26E080A0A869CF4D
(1675525692.773401) vcan0 2A9#8CA60082C0000084
(1675525692.774505) vcan0 008#248094CB00800080
(1675525692.775826) vcan0 350#A200000000000080
(1675525692.776931) vcan0 0F5#04A510A57F7722E5
(1675525692.777005) vcan0 120#51A545A57F055689
(1675525692.777080) vcan0 130#EFFA1D4125BDFA11
(1675525692.779830) vcan0 150#0A250AD805F8F4C0
(1675525692.779903) vcan0 055#F7F70128B24C9C80
(1675525692.779978) vcan0 065#00E702F8FCDD0E02
(1675525692.780051) vcan0 070#000007F809E20F00
(1675525692.780885) vcan0 075#0000000000005458
(1675525692.780958) vcan0 080#05508000C2002C00
(1675525692.781032) vcan0 0B0#528313A3E1C152A3
(1675525692.781176) vcan0 145#F902DF80FC4810A1
(1675525692.781249) vcan0 288#2BE0F00F00000080
(1675525692.782012) vcan0 28C#000000000014FEAA
(1675525692.782085) vcan0 2B5#4B772E6293A69029
(1675525692.782228) vcan0 0E0#62733AD800804100
(1675525692.783080) vcan0 010#008800002FB031F8
(1675525692.783232) vcan0 1D0#0000000000000061
(1675525692.783309) vcan0 291#0000000000000000
(1675525692.785915) vcan0 008#2480A4BB00800080
(1675525692.785994) vcan0 260#D0FF00AA497487B0
(1675525692.787084) vcan0 1B0#00C0000002B000FC
(1675525692.787162) vcan0 1B5#FFBF2AC7B9E0FFEF
(1675525692.787240) vcan0 1D8#363339343234E043
(1675525692.787319) vcan0 125#E51B80E4C1D0D735
(1675525692.788119) vcan0 1E0#0020730300B917E0
(1675525692.788272) vcan0 072#F000FF3F00A88038
(1675525692.788350) vcan0 3B0#00D819383BB0C600
(1675525692.789223) vcan0 010#008800002FB031F9
(1675525692.791686) vcan0 008#2480B4AB00800080
(1675525692.794232) vcan0 0F5#0CA504A57F7B12E8
(1675525692.795339) vcan0 120#51A539A57F045689
(1675525692.796394) vcan0 130#F7FA1D4125ADFA11
(1675525692.797572) vcan0 150#08250FE805F8E6C0
(1675525692.798608) vcan0 210#26E080A0A869CF45
(1675525692.801428) vcan0 055#F7F70128B24C9C80
(1675525692.801503) vcan0 065#04E703F8FFDD0F02
(1675525692.801645) vcan0 070#000007F809E20F00
(1675525692.801720) vcan0 075#0000000000005458
(1675525692.801794) vcan0 080#05508000C2002C00
(1675525692.801868) vcan0 0B0#528313A3E1C152A3
(1675525692.802011) vcan0 145#F9F2D080FC4810A1
(1675525692.802085) vcan0 290#0000000000000000
(1675525692.802159) vcan0 2C0#528700000000A0F1
(1675525692.802578) vcan0 2C5#04E796CA03E70070
(1675525692.802721) vcan0 0E0#62733AE000802100
(1675525692.802796) vcan0 370#0721C000761BC71F
(1675525692.802869) vcan0 3E0#000000D92E808092
(1675525692.803680) vcan0 010#008800002FB031F8
(1675525692.804771) vcan0 072#F000FF3F00A8A038
(1675525692.807524) vcan0 1D0#0000000000000261
(1675525692.807675) vcan0 405#0000000000000023
(1675525692.807753) vcan0 288#33E0F00F00000080
(1675525692.807830) vcan0 008#2480C49B00800080
(1675525692.807909) vcan0 1B0#00C0000003B000FC
(1675525692.807986) vcan0 1B5#FFD742D3C5E0FFEF
(1675525692.808136) vcan0 1D8#363339343234E043
(1675525692.808216) vcan0 125#E51B80E4C1D0D735
(1675525692.808293) vcan0 1E0#0024634300B917E0
(1675525692.808373) vcan0 2C3#528700FFFFBE5450
(1675525692.808742) vcan0 010#008800002FB031F8
(1675525692.809831) vcan0 291#0000000000000000
(1675525692.812222) vcan0 008#2480D48B00800080
(1675525692.813310) vcan0 2A9#8CA6009BC0000084
(1675525692.814493) vcan0 260#D0FF00AA497487B0
(1675525692.815530) vcan0 0F5#FCA40CA57F7F02EB
(1675525692.818353) vcan0 120#32A54DA57F0A5689
(1675525692.818427) vcan0 130#FFFA1D41259DFA11
(1675525692.818501) vcan0 150#04250FF805F8DAC0
(1675525692.819399) vcan0 072#F000FF3F00A48038
(1675525692.819473) vcan0 055#F7F70128B24C9C80
(1675525692.820440) vcan0 065#05E703F802DE0E02
(1675525692.820513) vcan0 070#000007F808E20F00
(1675525692.820657) vcan0 075#0000000000005458
(1675525692.820731) vcan0 080#05508000C2002C00
(1675525692.821494) vcan0 0B0#528313A3E0C152A3
(1675525692.821635) vcan0 145#F9E2D180FC4810A1
(1675525692.821710) vcan0 28C#000000000014FEAA
(1675525692.821783) vcan0 2B5#4B772E6293A69029
(1675525692.823143) vcan0 340#9E00000000000000
(1675525692.823232) vcan0 0E0#627340E80080FB00
