(1675525728.028041) vcan0 010#008800002FB031F8
(1675525728.028174) vcan0 072#F000FF3F0078A038
(1675525728.028248) vcan0 2A9#8C260093C0000084
(1675525728.030615) vcan0 288#F1DF00FF00000080
(1675525728.032118) vcan0 0F5#578B5A8BBF5B918C
(1675525728.033628) vcan0 120#728B6A8B7FFA5589
(1675525728.033702) vcan0 130#B7C81D720B16CA11
(1675525728.033778) vcan0 150#580BFC67F9F730C0
(1675525728.033853) vcan0 290#0000000000000000
(1675525728.035120) vcan0 008#6680CCD900800080
(1675525728.036595) vcan0 350#A200000000000080
(1675525728.038122) vcan0 010#008800002FB031F8
(1675525728.038197) vcan0 1D0#0000000000000061
(1675525728.038272) vcan0 291#0000000000000000
(1675525728.040870) vcan0 0E0#E2732FC00080AC00
(1675525728.042289) vcan0 072#F000FF3F00788038
(1675525728.042447) vcan0 210#14E080A0A869CD4D
(1675525728.042521) vcan0 1B0#00C03F0002B05FFC
(1675525728.045403) vcan0 1B5#FFE465E241E0FFEF
(1675525728.045482) vcan0 1D8#363339343234DC43
(1675525728.045555) vcan0 1E0#0024634300B917E0
(1675525728.045699) vcan0 2C3#528700FFFF345450
(1675525728.045772) vcan0 3B0#00D84B3838B4C600
(1675525728.045847) vcan0 008#6680DCC900800080
(1675525728.045920) vcan0 055#EFF7EF67B3009C80
(1675525728.046063) vcan0 065#67E4EFF7FB8DE301
(1675525728.046150) vcan0 070#00000FF8E3E12000
(1675525728.046224) vcan0 075#0000000000005458
(1675525728.046299) vcan0 080#D44F8000C2002C00
(1675525728.046373) vcan0 0B0#3A83DAA2E2C13AA3
(1675525728.046518) vcan0 145#F982D780FCC810A1
(1675525728.046877) vcan0 260#D0FF00AA497487B0
(1675525728.046953) vcan0 28C#000000000014BE9F
(1675525728.047026) vcan0 2B5#4BD2296293A67C00
(1675525728.047099) vcan0 125#E5E57FE4C1D0D735
(1675525728.048373) vcan0 010#008800002FB031F8
(1675525728.049846) vcan0 3C8#5287008E882C008E
(1675525728.051345) vcan0 360#5D8700B4B56BA041
(1675525728.052796) vcan0 0F5#568B548BBF5F818D
(1675525728.052879) vcan0 120#4C8B648B7FFC5589
(1675525728.053021) vcan0 130#BFC81D640B14C511
(1675525728.053096) vcan0 150#550BFC77F9F723C0
(1675525728.054372) vcan0 008#6680ECB900800080
(1675525728.055869) vcan0 288#EDDF00FF00000080
(1675525728.057345) vcan0 010#008800002FB031F8
(1675525728.058790) vcan0 072#F000FF3F0078A038
(1675525728.058878) vcan0 1D0#0000000000000861
(1675525728.059023) vcan0 390#80FF0519021A594F
(1675525728.060362) vcan0 0E0#E27332C800808900
(1675525728.061845) vcan0 1B0#00C03C0002B05EFC
(1675525728.063289) vcan0 1B5#FFEB6CE645E0FFEF
(1675525728.063377) vcan0 1D8#363339343234DB43
(1675525728.063524) vcan0 1E0#0028534300B917E0
(1675525728.066373) vcan0 055#EFF7EF67B3009C80
(1675525728.066448) vcan0 008#6680FC9B0E800080
(1675525728.066524) vcan0 065#5DE4EFF7F88DE301
(1675525728.066598) vcan0 070#00000FF8E3E12000
(1675525728.066672) vcan0 075#0000000000005458
(1675525728.066756) vcan0 080#D44F8000C2002C00
(1675525728.066898) vcan0 0B0#3A83D8A2E2C13AA3
(1675525728.066973) vcan0 145#F972D880FCC810A1
(1675525728.067046) vcan0 290#0000000000000000
(1675525728.067119) vcan0 2C0#528700370200A0F1
(1675525728.067262) vcan0 2C5#00E7517F6CE40070
(1675525728.067337) vcan0 125#E5E27FE4C1D0D735
(1675525728.067877) vcan0 010#008800002FB031F8
(1675525728.067952) vcan0 210#1AE080A0A869CD45
(1675525728.068025) vcan0 291#0000000000000000
(1675525728.068099) vcan0 2A9#8C26008AC0000084
(1675525728.070597) vcan0 072#F000FF3F00788038
(1675525728.072096) vcan0 0F5#448B428BBF63718E
(1675525728.073621) vcan0 120#588B518B7FFD5589
(1675525728.073766) vcan0 130#C7C81D580B10CA11
(1675525728.073841) vcan0 150#430BF987F9F725C0
(1675525728.075153) vcan0 008#68800C890E800080
(1675525728.076615) vcan0 260#D0FF0055497487B0
(1675525728.078116) vcan0 010#008800002FB031F9
(1675525728.078190) vcan0 1D0#0000000000000261
(1675525728.079595) vcan0 288#E1DF00FF00000080
(1675525728.081095) vcan0 0E0#E27332D000806900
(1675525728.082627) vcan0 1B0#00C0390003B05CFC
(1675525728.082703) vcan0 1B5#FFF273E948E0FFEF
(1675525728.082779) vcan0 1D8#363339343234DB43
(1675525728.084056) vcan0 1E0#0028530300B917E0
(1675525728.084200) vcan0 2C3#528700FFFF345450
(1675525728.084274) vcan0 008#68801C6B1C800080
(1675525728.084349) vcan0 055#EFF7EF67B3009C80
(1675525728.084422) vcan0 065#48E4EFF7F68DE301
(1675525728.087118) vcan0 070#00000FF8E3E11F00
(1675525728.087194) vcan0 075#0000000000005458
(1675525728.087284) vcan0 080#D44F8000C2002C00
(1675525728.087358) vcan0 0B0#3983D4A2E2C139A3
(1675525728.087434) vcan0 145#F962D980FCC810A1
(1675525728.087507) vcan0 28C#000000000014BE9F
(1675525728.087648) vcan0 2B5#4BD2296293A67B00
(1675525728.087724) vcan0 340#7A00000000000000
(1675525728.087799) vcan0 125#E5DF7FE4C1D0D735
(1675525728.087872) vcan0 010#008800002FB031F8
(1675525728.088014) vcan0 072#F000FF3F0078A038
