(1675526292.048878) vcan0 010#000000002FB031F9
(1675526292.048950) vcan0 2C0#6B8700710300A0F1
(1675526292.049026) vcan0 2C5#00E7224A3CE30070
(1675526292.049103) vcan0 330#2800000000000000
(1675526292.049180) vcan0 3AF#0000000000000020
(1675526292.049328) vcan0 400#0100000000000015
(1675526292.049404) vcan0 405#2AF8D58D49186701
(1675526292.049479) vcan0 008#B680B41900800080
(1675526292.049840) vcan0 0E0#62730BE800803000
(1675526292.050908) vcan0 1B0#00C0470004B071FC
(1675526292.051975) vcan0 1B5#FF233BA9C7E0FFEF
(1675526292.053043) vcan0 1D8#363339343234D843
(1675526292.054041) vcan0 1E0#0014A34300B917E0
(1675526292.056527) vcan0 010#000000002FB031F8
(1675526292.056605) vcan0 072#F000FF3F00788038
(1675526292.057675) vcan0 1D0#0000000000000261
(1675526292.059098) vcan0 008#B680C40900800080
(1675526292.059182) vcan0 288#D9DF807F00000080
(1675526292.060179) vcan0 125#E58F7FE4C1D0D735
(1675526292.061249) vcan0 210#17E08020A869CF45
(1675526292.062388) vcan0 055#D5F7FF67B3009C80
(1675526292.063386) vcan0 065#3BE3FFF7008E0002
(1675526292.064455) vcan0 070#000029F800E24300
(1675526292.064531) vcan0 075#0000000000005458
(1675526292.067379) vcan0 080#FE4F8000C2002C00
(1675526292.067458) vcan0 0B0#398386A200C239A3
(1675526292.067535) vcan0 0F5#7C837E83BF43F1C7
(1675526292.067611) vcan0 120#748383837F045689
(1675526292.067758) vcan0 130#87B71D93035DBC11
(1675526292.067834) vcan0 145#FD52DA80FCC810A1
(1675526292.067910) vcan0 150#8603F407F6F76AC0
(1675526292.067988) vcan0 010#000000002FB031F8
(1675526292.068134) vcan0 291#0000000000000000
(1675526292.068166) vcan0 2A9#8C26008AC0000084
(1675526292.068458) vcan0 260#D0FF00554903DDB0
(1675526292.068536) vcan0 008#B380D4EE0E800080
(1675526292.069534) vcan0 072#F000FF3F0078A038
(1675526292.070604) vcan0 360#6F8700D2A765A001
(1675526292.071603) vcan0 290#0000000000000000
(1675526292.074515) vcan0 0E0#62730CF000800F00
(1675526292.074663) vcan0 1B0#00C0440005B06DFC
(1675526292.075591) vcan0 1B5#FF263DAAC8E0FFEF
(1675526292.075668) vcan0 1D8#363339343234D843
(1675526292.075815) vcan0 1E0#0014A30300B917E0
(1675526292.075891) vcan0 2C3#6B8700FFFF8F5450
(1675526292.076678) vcan0 010#000000002FB031F8
(1675526292.076756) vcan0 1D0#0000000000000861
(1675526292.076832) vcan0 390#80FF051D020A5D4F
(1675526292.077687) vcan0 008#B380E4DE0E800080
(1675526292.078766) vcan0 125#E58F7FE4C1D0D735
(1675526292.081108) vcan0 350#A200000000000080
(1675526292.085364) vcan0 055#D4F7FF67B3009C80
(1675526292.085440) vcan0 065#3BE3FFF7008E0002
(1675526292.085517) vcan0 070#00002AF800E24400
(1675526292.085592) vcan0 075#0000000000005458
(1675526292.085669) vcan0 080#FE4F8000C2002C00
(1675526292.085745) vcan0 0B0#398386A200C239A3
(1675526292.085892) vcan0 0F5#73837483BF47E1C7
(1675526292.085970) vcan0 120#688375837F055689
(1675526292.086045) vcan0 130#8FBA1D7D0363BC11
(1675526292.086122) vcan0 145#FD42DB80FCC810A1
(1675526292.086482) vcan0 150#7503F517F6F76BC0
(1675526292.086591) vcan0 288#DDDF807F00000080
(1675526292.086667) vcan0 28C#000000000012BE91
(1675526292.086744) vcan0 2B5#4B18376293A63731
(1675526292.086831) vcan0 010#000000002FB031F8
(1675526292.087474) vcan0 072#F000FF3F00788038
(1675526292.087550) vcan0 210#17E080A0A869CF4D
(1675526292.087627) vcan0 340#6C00000000000000
(1675526292.087775) vcan0 3D0#990F6100170480C3
(1675526292.088561) vcan0 008#B380F4CE0E800080
(1675526292.090974) vcan0 0E0#62730AF80080F100
(1675526292.093535) vcan0 1B0#00C0440001B06BFC
(1675526292.094604) vcan0 1B5#FF283FABC9E0FFEF
(1675526292.095674) vcan0 1D8#363339343234D943
(1675526292.095750) vcan0 1E0#0018934300B917E0
(1675526292.096766) vcan0 010#000000002FB031F8
(1675526292.096828) vcan0 1D0#0000000000000061
(1675526292.097825) vcan0 291#0000000000000000
(1675526292.097901) vcan0 260#D0FF00554900DDB0
(1675526292.100602) vcan0 008#B18004B21C800080
(1675526292.100689) vcan0 125#E5927FE4C1D0D735
(1675526292.101686) vcan0 072#F000FF3F0078A038
(1675526292.102756) vcan0 055#D4F7FF67B3009C80
(1675526292.103823) vcan0 065#3CE3FFF7018E0002
(1675526292.103899) vcan0 070#00002AF800E24600
(1675526292.103975) vcan0 075#0000000000005458
(1675526292.106748) vcan0 080#FE4F8000C2002C00
(1675526292.106823) vcan0 0B0#398386A200C239A3
(1675526292.106901) vcan0 0F5#69836C83BF4BD1C7
(1675526292.106976) vcan0 120#5D8366837F075689
(1675526292.107124) vcan0 130#97BC1D75035BBC11
(1675526292.107200) vcan0 145#FD32DC80FCC810A1
(1675526292.107278) vcan0 150#7303F427F5F75DC0
(1675526292.107354) vcan0 290#0000000000000000
(1675526292.107431) vcan0 2C0#6B8700710300A0F1
(1675526292.107577) vcan0 2C5#00E722473CE30070
(1675526292.107664) vcan0 370#071FC000721BC71F
(1675526292.107741) vcan0 3E0#000000D930808090
(1675526292.107817) vcan0 010#000000002FB031F8
(1675526292.108887) vcan0 2A9#8C260082C0000084
(1675526292.108964) vcan0 008#B18014A21C800080
(1675526292.111731) vcan0 288#D5DF807F00000080
(1675526292.112728) vcan0 210#17E080A0A869CF45
(1675526292.113940) vcan0 0E0#627309C00080D200
(1675526292.114938) vcan0 1B0#00C0440004B069FC
(1675526292.115084) vcan0 1B5#FF2A42ACCAE0FFEF
(1675526292.115160) vcan0 1D8#363339343234D843
(1675526292.116017) vcan0 1E0#001C834300B917E0
(1675526292.116093) vcan0 2C3#6B8700FFFF8F5450
(1675526292.117094) vcan0 010#000000002FB031F9
(1675526292.117171) vcan0 072#F000FF3F00788038
(1675526292.118099) vcan0 1D0#0000000000000261
(1675526292.119528) vcan0 008#B18024921C800080
(1675526292.119604) vcan0 125#E5927FE4C1D0D735
(1675526292.123580) vcan0 055#D3F7FF67B3009C80
(1675526292.123656) vcan0 065#3DE3FFF7008E0002
(1675526292.124655) vcan0 070#00002BF800E24700
(1675526292.124730) vcan0 075#0000000000005458
(1675526292.124807) vcan0 080#FE4F8000C2002C00
(1675526292.124883) vcan0 0B0#398386A2FFC139A3
(1675526292.125031) vcan0 0F5#50834F83BF4FC1C8
(1675526292.125675) vcan0 120#558354837F075689
(1675526292.125753) vcan0 130#9FC21D600360BC11
(1675526292.125829) vcan0 145#FD22DD80FCC810A1
(1675526292.125905) vcan0 150#5C03F437F5F764C0
(1675526292.126763) vcan0 28C#000000000012BE91
(1675526292.126839) vcan0 2B5#4B18376293A63731
(1675526292.126915) vcan0 010#000000002FB031F8
(1675526292.127001) vcan0 291#0000000000000000
(1675526292.128069) vcan0 330#2800000000000000
(1675526292.128145) vcan0 260#D0FF00AA49F9DCB0
(1675526292.129213) vcan0 008#B18034821C800080
(1675526292.131979) vcan0 072#F000FF3F0078A038
(1675526292.133137) vcan0 290#0000000000000000
(1675526292.134189) vcan0 288#D5DF807F00000080
(1675526292.134265) vcan0 0E0#627306C80080B500
(1675526292.135192) vcan0 1B0#00C0430005B068FC
(1675526292.135339) vcan0 1B5#FF2C44ADCBE0FFEF
(1675526292.135415) vcan0 1D8#363339343234D843
(1675526292.135491) vcan0 1E0#001C830300B917E0
(1675526292.136276) vcan0 010#000000002FB031F8
(1675526292.137349) vcan0 1D0#0000000000000061
(1675526292.137425) vcan0 210#17E080A0A869CF4D
(1675526292.138424) vcan0 008#B18044721C800080
(1675526292.139724) vcan0 125#E5927FE4C1D0D735
(1675526292.143770) vcan0 055#D2F7FF67B3009C80
(1675526292.143846) vcan0 065#3BE3FFF7FF8D0002
(1675526292.143993) vcan0 070#00002CF800E24800
(1675526292.144069) vcan0 075#0000000000005458
(1675526292.144854) vcan0 080#FE4F8000C2002C00
(1675526292.145002) vcan0 0B0#398386A200C239A3
(1675526292.145078) vcan0 0F5#43834383BF53B1C8
(1675526292.145156) vcan0 120#4E8343837F085689
(1675526292.145942) vcan0 130#A7C21D55035BBF11
(1675526292.146018) vcan0 145#FD12DE80FCC810A1
(1675526292.146094) vcan0 150#4703F447F5F769C0
(1675526292.146170) vcan0 3C8#6B87008E886C008E
(1675526292.146246) vcan0 3CA#00000000560000C8
(1675526292.146965) vcan0 010#000000002FB031F8
(1675526292.147112) vcan0 072#F000FF3F00788038
(1675526292.148400) vcan0 2A9#8C26009BC0000084
(1675526292.149470) vcan0 008#B18054621C800080
(1675526292.153307) vcan0 0E0#627304D000809700
(1675526292.154375) vcan0 1B0#00C0420002B066FC
(1675526292.155444) vcan0 1B5#FF2E46AECCE0FFEF
(1675526292.155522) vcan0 1D8#363339343234D843
(1675526292.155669) vcan0 1E0#0020734300B917E0
(1675526292.155746) vcan0 2C3#6B8700FFFF8F5450
(1675526292.156531) vcan0 010#000000002FB031F8
(1675526292.156610) vcan0 1D0#0000000000000861
(1675526292.157539) vcan0 291#0000000000000000
(1675526292.157615) vcan0 260#D0FF00AA49F7DCB0
(1675526292.158684) vcan0 008#B18064521C800080
(1675526292.159752) vcan0 288#E1DF906F00000080
(1675526292.161104) vcan0 125#E58F7FE4C1D0D735
(1675526292.164157) vcan0 072#F000FF3F0078A038
(1675526292.164240) vcan0 210#17E080A0A869CF4D
(1675526292.164317) vcan0 3B0#00D84B3838A4C602
(1675526292.164393) vcan0 055#D1F7FF67B3009C80
(1675526292.164471) vcan0 065#3CE3FFF7008E0002
(1675526292.164548) vcan0 070#00002DF800E24A00
(1675526292.164624) vcan0 075#0000000000005458
(1675526292.164700) vcan0 080#FE4F8000C2002C00
(1675526292.165273) vcan0 0B0#398386A200C239A3
(1675526292.165349) vcan0 0F5#36833783BF57A1C8
(1675526292.165426) vcan0 120#358331837F0B5689
(1675526292.165502) vcan0 130#AFC51D41035FBF11
(1675526292.165578) vcan0 145#FD02DF80FCC810A1
(1675526292.166294) vcan0 150#3C03FB57F6F764C0
(1675526292.166370) vcan0 28C#000000000012BE91
(1675526292.167729) vcan0 010#000000002FB031F8
(1675526292.167804) vcan0 290#0000000000000000
(1675526292.167889) vcan0 2B5#4B18376293A63731
(1675526292.167967) vcan0 2C0#6B8700700300A0F1
(1675526292.168044) vcan0 2C5#00E722453CE30070
(1675526292.168120) vcan0 340#6B00000000000000
(1675526292.168267) vcan0 3AF#0000000000000020
(1675526292.168840) vcan0 008#B18074500E800080
(1675526292.169910) vcan0 360#6F8700D2A765A001
(1675526292.173884) vcan0 350#A200000000000080
(1675526292.174882) vcan0 0E0#627301D800807A00
(1675526292.174958) vcan0 1B0#00C03F0002B063FC
(1675526292.175036) vcan0 1B5#FF3048AFCDE0FFEF
(1675526292.175112) vcan0 1D8#363339343234D843
(1675526292.175968) vcan0 1E0#0024634300B917E0
(1675526292.176044) vcan0 010#000000002FB031F8
(1675526292.177044) vcan0 072#F000FF3F00788038
(1675526292.177121) vcan0 1D0#0000000000000061
(1675526292.177206) vcan0 390#80FF051D02065E4F
(1675526292.178133) vcan0 008#B18084400E800080
(1675526292.179203) vcan0 125#E58F7FE4C1D0D735
(1675526292.181690) vcan0 055#D0F7FF67B3009C80
(1675526292.185875) vcan0 065#3CE3FFF7008E0002
(1675526292.186023) vcan0 070#00002EF800E24B00
(1675526292.186099) vcan0 075#0000000000005458
(1675526292.186175) vcan0 080#FE4F8000C2002C00
(1675526292.186252) vcan0 0B0#398386A200C239A3
(1675526292.186327) vcan0 0F5#32833283BF5B91C9
(1675526292.186475) vcan0 120#2A8328837F095689
(1675526292.186552) vcan0 130#B7C81D370359C511
(1675526292.186659) vcan0 145#FDF2D080FCC810A1
(1675526292.186737) vcan0 150#3803FB67F6F758C0
(1675526292.186813) vcan0 288#F5DF906F00000080
(1675526292.186964) vcan0 010#000000002FB031F8
(1675526292.187047) vcan0 210#17E080A0A869CF45
(1675526292.187125) vcan0 291#0000000000000000
(1675526292.187272) vcan0 2A9#8C260082C0000084
(1675526292.188059) vcan0 260#D0FF00AA49F1DCB0
(1675526292.189135) vcan0 008#B18094300E800080
(1675526292.190196) vcan0 072#F000FF3F0078A038
(1675526292.192684) vcan0 290#0000000000000000
(1675526292.194107) vcan0 0E0#E27304E000805700
(1675526292.195248) vcan0 1B0#00C03C0003B060FC
(1675526292.195324) vcan0 1B5#FF324AB0CEE0FFEF
(1675526292.195402) vcan0 1D8#363339343234D843
(1675526292.195478) vcan0 1E0#0024630300B917E0
(1675526292.196263) vcan0 2C3#6B8700FFFF8F5450
(1675526292.197405) vcan0 010#000000002FB031F8
(1675526292.197482) vcan0 1D0#0000000000000061
(1675526292.198411) vcan0 008#B180A42E00800080
(1675526292.199489) vcan0 125#E58F7FE4C1D0D735
(1675526292.203320) vcan0 055#D0F7FF67B3009C80
(1675526292.203397) vcan0 065#3AE3FFF7FF8D0002
(1675526292.204466) vcan0 070#00002FF800E24C00
(1675526292.204542) vcan0 075#0000000000005458
(1675526292.204619) vcan0 080#FF4F8000C2002C00
(1675526292.204695) vcan0 0B0#398386A200C239A3
(1675526292.205834) vcan0 0F5#18831883BF5F81C9
(1675526292.205912) vcan0 120#1B8318837F075689
(1675526292.206059) vcan0 130#BFCA1D25035BC511
(1675526292.206135) vcan0 145#FDE2D180FCC810A1
(1675526292.206212) vcan0 150#2403FF77F6F75CC0
(1675526292.206288) vcan0 28C#000000000012BE91
(1675526292.206366) vcan0 2B5#4B18376293A63731
(1675526292.206943) vcan0 370#071FC000721BC71F
(1675526292.208010) vcan0 010#000000002FB031F9
(1675526292.208109) vcan0 072#F000FF3F00788038
(1675526292.210735) vcan0 330#2800000000000000
(1675526292.210811) vcan0 008#B180B41E00800080
(1675526292.210887) vcan0 288#EDDF906F00000080
(1675526292.211814) vcan0 210#17E08020A869CF4D
(1675526292.212883) vcan0 0E0#E27310E800802B00
(1675526292.214021) vcan0 1B0#00C03A0004B05DFC
(1675526292.215019) vcan0 1B5#FF344CB1CFE0FFEF
(1675526292.215096) vcan0 1D8#363339343234D843
(1675526292.215171) vcan0 1E0#0028534300B917E0
(1675526292.216098) vcan0 010#000000002FB031F8
(1675526292.217522) vcan0 1D0#0000000000000261
(1675526292.217599) vcan0 291#0000000000000000
(1675526292.218598) vcan0 260#D0FF00AA49EEDCB0
(1675526292.218673) vcan0 008#B180C40E00800080
(1675526292.221302) vcan0 125#E58D7FE4C1D0D735
(1675526292.221387) vcan0 072#F000FF3F0078A038
(1675526292.222458) vcan0 055#CFF7FF67B3009C80
(1675526292.223527) vcan0 065#3BE3FFF7008E0002
(1675526292.224597) vcan0 070#00002FF800E24E00
(1675526292.224672) vcan0 075#0000000000005458
(1675526292.224750) vcan0 080#FF4F8000C2002C00
(1675526292.224896) vcan0 0B0#398386A200C239A3
(1675526292.225681) vcan0 0F5#0F831183BF6371C9
(1675526292.225758) vcan0 120#15830C837F065689
(1675526292.225834) vcan0 130#C7CA1D1A0356C511
(1675526292.225911) vcan0 145#FDD2D280FCC810A1
(1675526292.226058) vcan0 150#1103FC87F6F75FC0
(1675526292.226726) vcan0 290#0000000000000000
(1675526292.226804) vcan0 2C0#6B87006F0300A0F1
(1675526292.228087) vcan0 010#000000002FB031F8
(1675526292.228163) vcan0 2A9#8C26009BC0000084
(1675526292.228249) vcan0 2C5#00E722423BE30070
(1675526292.229177) vcan0 008#B180D4FE00800080
(1675526292.231804) vcan0 288#F1DF906F00000080
(1675526292.232873) vcan0 0E0#E27316F000800500
(1675526292.233942) vcan0 1B0#00C03A0001B05AFC
(1675526292.235010) vcan0 1B5#FF364EB2D0E0FFEF
(1675526292.235086) vcan0 1D8#363339343234D843
(1675526292.235162) vcan0 1E0#002C434300B917E0
(1675526292.236089) vcan0 2C3#6B8700FFFF905450
(1675526292.237158) vcan0 010#000000002FB031F8
(1675526292.237306) vcan0 072#F000FF3F00788038
(1675526292.239860) vcan0 1D0#0000000000000861
(1675526292.239936) vcan0 210#18E080A0A869CF45
(1675526292.240012) vcan0 008#B180E4EE00800080
(1675526292.240088) vcan0 125#E58A7FE4C1D0D735
(1675526292.240873) vcan0 055#CEF7FF67B3009C80
(1675526292.241950) vcan0 065#3BE3FFF7008E0002
(1675526292.243019) vcan0 070#000030F800E24F00
(1675526292.244159) vcan0 075#0000000000005458
(1675526292.245580) vcan0 080#FE4F8000C2002C00
(1675526292.245657) vcan0 0B0#398386A200C239A3
(1675526292.245734) vcan0 0F5#02830083BF6761C9
(1675526292.245882) vcan0 120#0083FB827F065689
(1675526292.245956) vcan0 130#CFCD1D0B0355C511
(1675526292.246034) vcan0 145#FDC2D380FCC810A1
(1675526292.246109) vcan0 150#0A03FD97F6F756C0
(1675526292.246757) vcan0 28C#000000000012BE90
(1675526292.246835) vcan0 2B5#4B18376293A63731
(1675526292.246911) vcan0 340#6B00000000000000
(1675526292.249607) vcan0 010#000000002FB031F8
(1675526292.249685) vcan0 291#0000000000000000
(1675526292.249760) vcan0 425#0000000000000000
(1675526292.249846) vcan0 260#D0FF005549E8DCB0
(1675526292.249921) vcan0 008#B180F4DE00800080
(1675526292.250708) vcan0 072#F000FF3F0078A038
(1675526292.251706) vcan0 290#0000000000000000
(1675526292.252774) vcan0 0E0#E27319F80080E200
(1675526292.253916) vcan0 1B0#00C03A0003B059FC
(1675526292.254984) vcan0 1B5#FF3850B3D1E0FFEF
(1675526292.255060) vcan0 1D8#363339343234D843
(1675526292.255988) vcan0 1E0#002C430300B917E0
(1675526292.257114) vcan0 010#000000002FB031F8
(1675526292.259883) vcan0 1D0#0000000000000061
(1675526292.260030) vcan0 008#B18004CE00800080
(1675526292.260107) vcan0 288#02E0A05F00000080
(1675526292.260184) vcan0 125#E5887FE4C1D0D735
(1675526292.260968) vcan0 210#18E080A0A869CF45
(1675526292.262037) vcan0 350#A200000000000080
(1675526292.264817) vcan0 055#CDF7FF67B3009C80
(1675526292.264965) vcan0 065#39E3FFF7FE8D0002
(1675526292.265041) vcan0 070#000031F800E25100
(1675526292.265117) vcan0 075#0000000000005458
(1675526292.265193) vcan0 080#FF4F8000C2002C00
(1675526292.265270) vcan0 0B0#398386A200C239A3
(1675526292.265417) vcan0 0F5#F382F382BF6B51CA
(1675526292.265495) vcan0 120#F782FA827F045689
(1675526292.265924) vcan0 130#D7D01DFA0257C711
(1675526292.266002) vcan0 145#FDB2D480FCC810A1
(1675526292.266078) vcan0 150#F90202A8F6F758C0
(1675526292.266224) vcan0 3C8#6B87008E886C008E
(1675526292.266302) vcan0 3CA#00000000400000C8
(1675526292.267018) vcan0 010#000000002FB031F8
(1675526292.267096) vcan0 072#F000FF3F00788038
(1675526292.268304) vcan0 2A9#8C260082C0000084
(1675526292.269455) vcan0 008#B18014BE00800080
(1675526292.270524) vcan0 360#6F8700D2A765A001
(1675526292.273082) vcan0 0E0#E27318C00080C300
(1675526292.274152) vcan0 1B0#00C03A0002B059FC
(1675526292.275149) vcan0 1B5#FF3A52B4D2E0FFEF
(1675526292.275226) vcan0 1D8#363339343234D843
(1675526292.275302) vcan0 1E0#0030334300B917E0
(1675526292.276229) vcan0 2C3#6B8700FFFF905450
(1675526292.276305) vcan0 010#000000002FB031F8
(1675526292.277376) vcan0 1D0#0000000000000061
(1675526292.277452) vcan0 291#0000000000000000
(1675526292.277528) vcan0 390#80FF051D02025F6F
(1675526292.280086) vcan0 260#D0FF005549E6DCB0
(1675526292.280163) vcan0 008#B18024AE00800080
(1675526292.280239) vcan0 125#E5887FE4C1D0D735
(1675526292.281239) vcan0 072#F000FF3F0078A038
(1675526292.281322) vcan0 3B0#00D84B3C38A4C400
(1675526292.282320) vcan0 055#CCF7FF67B3009C80
(1675526292.283319) vcan0 065#38E3FFF7FF8D0002
(1675526292.284388) vcan0 070#000032F800E25200
(1675526292.285881) vcan0 075#0000000000005458
(1675526292.286030) vcan0 080#FF4F8000C2002C00
(1675526292.286106) vcan0 0B0#398386A200C239A3
(1675526292.286181) vcan0 0F5#E182E382BF6F41CA
(1675526292.286258) vcan0 120#EE82E2827F025689
(1675526292.286334) vcan0 130#DFD01DF80249CD11
(1675526292.286482) vcan0 145#FDA2D580FCC810A1
(1675526292.286578) vcan0 150#EB02FFB7F6F756C0
(1675526292.286655) vcan0 288#FEDFA05F00000080
(1675526292.286948) vcan0 28C#000000000012BE90
(1675526292.289859) vcan0 010#000000002FB031F9
(1675526292.289935) vcan0 210#18E080A0A869CF4D
(1675526292.290020) vcan0 290#0000000000000000
(1675526292.290097) vcan0 2B5#4B18376293A63731
(1675526292.290173) vcan0 2C0#6B8700710300A0F1
(1675526292.290250) vcan0 2C5#00E722403BE30070
(1675526292.290326) vcan0 330#2800000000000000
(1675526292.290474) vcan0 3AF#0000000000000020
(1675526292.290550) vcan0 3D0#990F6100170480C3
(1675526292.290628) vcan0 008#B180349E00800080
(1675526292.290988) vcan0 430#2808280000001186
(1675526292.292056) vcan0 0E0#E2731BC80080A000
(1675526292.293133) vcan0 1B0#00C03B0003B058FC
(1675526292.294121) vcan0 1B5#FF3C53B5D3E0FFEF
(1675526292.295261) vcan0 1D8#363339343234D843
(1675526292.299447) vcan0 1E0#0034234300B917E0
(1675526292.299525) vcan0 010#000000002FB031F8
(1675526292.299673) vcan0 072#F000FF3F00788038
(1675526292.299757) vcan0 1D0#0000000000000261
(1675526292.299834) vcan0 400#0101010100000016
(1675526292.299910) vcan0 405#6F870039002C3B02
(1675526292.299986) vcan0 008#B3804C0C00800080
(1675526292.300062) vcan0 125#E5887FE4C1D0D735
(1675526292.300636) vcan0 055#CCF7FF67B3009C80
(1675526292.301705) vcan0 065#38E3FFF7008E0002
(1675526292.302702) vcan0 070#000033F800E25300
(1675526292.303913) vcan0 075#0000000000005458
(1675526292.304911) vcan0 080#FF4F8000C2002C00
(1675526292.305058) vcan0 0B0#398386A200C239A3
(1675526292.305135) vcan0 0F5#D682D682BF7331CA
(1675526292.305210) vcan0 120#DB82DE827F045689
(1675526292.305996) vcan0 130#E7D01DE5024CCD11
(1675526292.306072) vcan0 145#FD92D680FCC810A1
(1675526292.306219) vcan0 150#DC0202C8F6F755C0
(1675526292.306303) vcan0 370#071FC000721BC71F
(1675526292.308511) vcan0 260#D0FF005549DEDCB0
(1675526292.311351) vcan0 010#000000002FB031F8
(1675526292.311427) vcan0 008#B3805CFC00800080
(1675526292.311503) vcan0 288#F5DFA05F00000080
(1675526292.311580) vcan0 291#0000000000000000
(1675526292.311656) vcan0 2A9#8C26008AC0000084
(1675526292.312441) vcan0 072#F000FF3F0078A038
(1675526292.313579) vcan0 210#18E080A0A869CF45
(1675526292.313657) vcan0 290#0000000000000000
(1675526292.314654) vcan0 0E0#E2731BD000808000
(1675526292.314730) vcan0 1B0#00C03B0002B058FC
(1675526292.314805) vcan0 1B5#FF3E55B6D4E0FFEF
(1675526292.315663) vcan0 1D8#363339343234D843
(1675526292.315739) vcan0 1E0#0034230300B917E0
(1675526292.315814) vcan0 2C3#6B8700FFFF905450
(1675526292.316752) vcan0 010#000000002FB031F8
(1675526292.318103) vcan0 1D0#0000000000000861
(1675526292.319242) vcan0 008#B3806CEC00800080
(1675526292.319318) vcan0 125#E5887FE4C1D0D735
(1675526292.323220) vcan0 055#CBF7FF67B3009C80
(1675526292.324218) vcan0 065#39E3FFF7008E0002
(1675526292.324365) vcan0 070#000033F800E25500
(1675526292.324441) vcan0 075#0000000000005458
(1675526292.324518) vcan0 080#FF4F8000C2002C00
(1675526292.325303) vcan0 0B0#398386A200C239A3
(1675526292.325377) vcan0 0F5#C782C682BF7721CA
(1675526292.325525) vcan0 120#CE82D1827F075689
(1675526292.325601) vcan0 130#EFD01DDC0245D011
(1675526292.325677) vcan0 145#FD82D780FCC810A1
(1675526292.326391) vcan0 150#CE02FFD7F6F753C0
(1675526292.326469) vcan0 28C#000000000012BE90
(1675526292.326553) vcan0 2B5#4B18366293A63732
(1675526292.326666) vcan0 340#6A00000000000000
(1675526292.326743) vcan0 010#000000002FB031F8
(1675526292.327743) vcan0 072#F000FF3F00788038
(1675526292.328881) vcan0 008#B3807CDC00800080
(1675526292.332716) vcan0 288#E9DFA05F00000080
(1675526292.333713) vcan0 0E0#E2731CD800805F00
(1675526292.334853) vcan0 1B0#00C03B0002B059FC
(1675526292.334929) vcan0 1B5#FF4057B7D5E0FFEF
(1675526292.335005) vcan0 1D8#363339343234D843
(1675526292.335862) vcan0 1E0#0038134300B917E0
(1675526292.336933) vcan0 010#000000002FB031F8
(1675526292.337009) vcan0 1D0#0000000000000061
(1675526292.337084) vcan0 210#18E080A0A869CF4D
(1675526292.337161) vcan0 291#0000000000000000
(1675526292.338088) vcan0 260#D0FF00AA49DBDCB0
(1675526292.339377) vcan0 008#B3808CCC00800080
(1675526292.339453) vcan0 125#E5887FE4C1D0D735
(1675526292.342362) vcan0 072#F000FF3F0078A038
(1675526292.343429) vcan0 055#CAF7FF67B3009C80
(1675526292.343506) vcan0 065#38E3FFF7008E0002
(1675526292.344503) vcan0 070#000034F800E25600
(1675526292.344578) vcan0 075#0000000000005458
(1675526292.344654) vcan0 080#FF4F8000C2002C00
(1675526292.344802) vcan0 0B0#398386A200C239A3
(1675526292.344879) vcan0 0F5#C182C182BF7B11CA
(1675526292.345594) vcan0 120#C782CD827F065689
(1675526292.345670) vcan0 130#F7D01DCD0244D011
(1675526292.345746) vcan0 145#FD72D880FCC810A1
(1675526292.345824) vcan0 150#C102FBE7F6F750C0
(1675526292.346610) vcan0 290#0000000000000000
(1675526292.346757) vcan0 2C0#6B8700700300A0F1
(1675526292.346781) vcan0 2C5#00E7223D39E30070
(1675526292.347993) vcan0 010#000000002FB031F8
(1675526292.348070) vcan0 2A9#8C260093C0000084
(1675526292.349067) vcan0 008#B3809CBC00800080
(1675526292.351553) vcan0 350#A200000000000080
(1675526292.352621) vcan0 0E0#E2731EE000803D00
(1675526292.353690) vcan0 1B0#00C03B0001B059FC
(1675526292.354757) vcan0 1B5#FF4159B7D5E0FFEF
(1675526292.354834) vcan0 1D8#363339343234D843
(1675526292.355831) vcan0 1E0#003C034300B917E0
(1675526292.355909) vcan0 2C3#6B8700FFFF905450
(1675526292.356873) vcan0 010#000000002FB031F8
(1675526292.359571) vcan0 072#F000FF3F00788038
(1675526292.359648) vcan0 1D0#0000000000000061
(1675526292.359795) vcan0 008#B380ACAC00800080
(1675526292.359872) vcan0 288#D9DFB04F00000080
(1675526292.359957) vcan0 125#E5887FE4C1D0D735
(1675526292.360671) vcan0 210#18E08020A869CF4D
(1675526292.361741) vcan0 055#C9F7FF67B3009C80
(1675526292.362809) vcan0 065#38E3FFF7008E0002
(1675526292.364301) vcan0 070#000035F800E25800
(1675526292.364378) vcan0 075#0000000000005458
(1675526292.364453) vcan0 080#FF4F8000C2002C00
(1675526292.365310) vcan0 0B0#398386A200C239A3
(1675526292.365458) vcan0 0F5#B282B582BF7F01CB
(1675526292.365534) vcan0 120#B782BB827F065689
(1675526292.365611) vcan0 130#FFD31DC00241D311
(1675526292.365688) vcan0 145#FD62D980FCC810A1
(1675526292.366401) vcan0 150#BA02F8F7F6F747C0
(1675526292.366479) vcan0 28C#000000000012BE90
(1675526292.370616) vcan0 2B5#4B18366293A63732
(1675526292.370692) vcan0 010#000000002FB031F9
(1675526292.370778) vcan0 291#0000000000000000
(1675526292.370855) vcan0 330#2800000000000000
(1675526292.371002) vcan0 260#D0FF00AA49D4DCB0
(1675526292.371080) vcan0 008#B380BC9C00800080
(1675526292.371725) vcan0 072#F000FF3F0078A038
(1675526292.371801) vcan0 360#6F8700D2A765A001
(1675526292.372729) vcan0 290#0000000000000000
(1675526292.373870) vcan0 0E0#E27320E800801B00
(1675526292.374939) vcan0 1B0#00C03B0002B059FC
(1675526292.375016) vcan0 1B5#FF435BB8D6E0FFEF
(1675526292.375092) vcan0 1D8#363339343234D843
(1675526292.375948) vcan0 1E0#003C030300B917E0
(1675526292.376025) vcan0 010#000000002FB031F8
(1675526292.377028) vcan0 1D0#0000000000000261
(1675526292.377103) vcan0 390#80FF051D02025F4F
(1675526292.379448) vcan0 008#B380CC8C00800080
(1675526292.382227) vcan0 125#E5887FE4C1D0D735
(1675526292.383366) vcan0 055#C8F7FF67B3009C80
(1675526292.384364) vcan0 065#39E3FFF7018E0002
(1675526292.384441) vcan0 070#000037F800E25A00
(1675526292.384588) vcan0 075#0000000000005458
(1675526292.384665) vcan0 080#FF4F8000C2002C00
(1675526292.384740) vcan0 0B0#398386A200C239A3
(1675526292.385456) vcan0 0F5#A382A882BF43F1CB
(1675526292.386813) vcan0 120#A582AE827F055689
(1675526292.386892) vcan0 130#87D31DB7023ACD11
(1675526292.386969) vcan0 145#FD52DA80FCC810A1
(1675526292.387116) vcan0 150#AC02F507F6F745C0
(1675526292.387193) vcan0 288#D5DFB04F00000080
(1675526292.387270) vcan0 3C8#6B87008E886C008E
(1675526292.387347) vcan0 3CA#00000000510000C8
(1675526292.387927) vcan0 010#000000002FB031F8
(1675526292.387938) vcan0 072#F000FF3F00788038
(1675526292.388015) vcan0 210#18E080A0A869CF45
(1675526292.388092) vcan0 2A9#8C26008AC0000084
(1675526292.388947) vcan0 008#B380DC7C00800080
(1675526292.392918) vcan0 0E0#E2731FF00080FC00
(1675526292.393989) vcan0 1B0#00C03C0002B059FC
(1675526292.395127) vcan0 1B5#FF455CB9D7E0FFEF
(1675526292.395205) vcan0 1D8#363339343234D843
(1675526292.395280) vcan0 1E0#0000F34300B917E0
(1675526292.396246) vcan0 2C3#6B8700FFFF905450
(1675526292.397291) vcan0 010#000000002FB031F8
(1675526292.397368) vcan0 1D0#0000000000000861
(1675526292.397444) vcan0 291#0000000000000000
(1675526292.398370) vcan0 260#D0FF00AA49D2DCB0
(1675526292.399440) vcan0 008#B380EC6C00800080
(1675526292.400719) vcan0 125#E5887FE4C1D0D735
(1675526292.403711) vcan0 072#F000FF3F0078A038
(1675526292.403787) vcan0 3B0#00D84B3838A4C400
(1675526292.403935) vcan0 055#C7F7FF67B3009C80
(1675526292.404011) vcan0 065#38E3FFF7008E0002
(1675526292.404087) vcan0 070#000037F800E25B00
(1675526292.404804) vcan0 075#0000000000005458
(1675526292.404879) vcan0 080#FF4F8000C2002C00
(1675526292.404956) vcan0 0B0#398386A200C239A3
(1675526292.405103) vcan0 0F5#92829A82BF47E1CB
(1675526292.405180) vcan0 120#9882A5827F0B5689
(1675526292.405968) vcan0 130#8FD31DAB0236D011
(1675526292.406042) vcan0 145#FD42DB80FCC810A1
(1675526292.406121) vcan0 150#9D02F417F6F744C0
(1675526292.406196) vcan0 28C#000000000012BE90
(1675526292.407008) vcan0 290#0000000000000000
(1675526292.409852) vcan0 2B5#4B19366293A63732
(1675526292.409937) vcan0 2C0#6B8700710300A0F1
(1675526292.410014) vcan0 2C5#00E7223B39E30070
(1675526292.410161) vcan0 340#6A00000000000000
(1675526292.410237) vcan0 370#071FC000721BC71F
(1675526292.410314) vcan0 3AF#0000000000000020
(1675526292.410389) vcan0 3E0#000000D930808090
(1675526292.410466) vcan0 010#000000002FB031F8
(1675526292.410543) vcan0 008#B380FC5C00800080
(1675526292.410690) vcan0 288#C4DFB04F00000080
(1675526292.410981) vcan0 210#18E080A0A869CF4D
(1675526292.412121) vcan0 0E0#E2731EF80080DD00
(1675526292.413191) vcan0 1B0#00C03C0002B05AFC
(1675526292.414188) vcan0 1B5#FF465EBAD8E0FFEF
(1675526292.415326) vcan0 1D8#363339343234D843
(1675526292.416681) vcan0 1E0#0004E34300B917E0
(1675526292.417751) vcan0 010#000000002FB031F8
(1675526292.417834) vcan0 072#F000FF3F00788038
(1675526292.417911) vcan0 1D0#0000000000000061
(1675526292.420610) vcan0 008#B3800C4C00800080
(1675526292.420757) vcan0 125#E5887FE4C1D0D735
(1675526292.421684) vcan0 055#C7F7FF67B3009C80
(1675526292.422750) vcan0 065#37E3FFF7008E0002
(1675526292.423890) vcan0 070#000037F800E25B00
(1675526292.423965) vcan0 075#0000000000005458
(1675526292.424963) vcan0 080#FF4F8000C2002C00
(1675526292.425039) vcan0 0B0#398386A200C239A3
(1675526292.425117) vcan0 0F5#8B829282BF4BD1CB
(1675526292.425264) vcan0 120#90829A827F075689
(1675526292.426049) vcan0 130#97D31DA00231D011
(1675526292.426126) vcan0 145#FD32DC80FCC810A1
(1675526292.426202) vcan0 150#9602EE27F6F73BC0
(1675526292.427067) vcan0 010#000000002FB031F8
(1675526292.427152) vcan0 291#0000000000000000
(1675526292.428506) vcan0 2A9#8C260093C0000084
(1675526292.428583) vcan0 260#D0FF005549CEDCB0
(1675526292.428660) vcan0 008#B3801C3C00800080
(1675526292.431428) vcan0 072#F000FF3F0078A038
(1675526292.432567) vcan0 290#0000000000000000
(1675526292.433637) vcan0 288#C4DFB04F00000080
(1675526292.434706) vcan0 0E0#E2731AC00080C100
(1675526292.434853) vcan0 1B0#00C03D0002B05AFC
(1675526292.434930) vcan0 1B5#FF4860BBD9E0FFEF
(1675526292.435717) vcan0 1D8#363339343234D843
(1675526292.435863) vcan0 1E0#0004E30300B917E0
(1675526292.435939) vcan0 2C3#6B8700FFFF905450
(1675526292.436800) vcan0 010#000000002FB031F8
(1675526292.436947) vcan0 1D0#0000000000000061
(1675526292.437022) vcan0 210#18E080A0A869CF45
(1675526292.439305) vcan0 008#B3802C2C00800080
(1675526292.439381) vcan0 125#E5887FE4C1D0D734
(1675526292.443353) vcan0 350#A200000000000080
(1675526292.443428) vcan0 055#C7F7FF67B3009C80
(1675526292.444355) vcan0 065#37E3FFF7008E0002
(1675526292.444432) vcan0 070#000037F800E25B00
(1675526292.444508) vcan0 075#0000000000005458
(1675526292.444585) vcan0 080#FF4F8000C2002C00
(1675526292.445371) vcan0 0B0#398386A200C239A3
(1675526292.445518) vcan0 0F5#7C828382BF4FC1CC
(1675526292.445594) vcan0 120#848289827F065689
(1675526292.445671) vcan0 130#9FD31D900231D011
(1675526292.445747) vcan0 145#FD22DD80FCC810A1
(1675526292.446462) vcan0 150#8702EE37F6F73AC0
(1675526292.446538) vcan0 28C#000000000012BE90
(1675526292.446617) vcan0 2B5#4B19366293A63732
(1675526292.446711) vcan0 010#000000002FB031F9
(1675526292.447851) vcan0 072#F000FF3F00788038
(1675526292.447929) vcan0 330#2800000000000000
(1675526292.448925) vcan0 008#B3803C1C00800080
(1675526292.451270) vcan0 0E0#E27319C80080A200
(1675526292.452408) vcan0 1B0#00C03C0002B05AFC
(1675526292.453407) vcan0 1B5#FF4A61BCDAE0FFEF
(1675526292.454477) vcan0 1D8#363339343234D843
(1675526292.455473) vcan0 1E0#0008D34300B917E0
(1675526292.456826) vcan0 010#000000002FB031F8
(1675526292.456902) vcan0 1D0#0000000000000261
(1675526292.457051) vcan0 291#0000000000000000
(1675526292.457906) vcan0 260#D0FF005549CCDCB0
(1675526292.460746) vcan0 008#B3804C0C00800080
(1675526292.460822) vcan0 288#CCDFC03F00000080
(1675526292.460900) vcan0 125#E5887FE4C1D0D734
(1675526292.460986) vcan0 072#F000FF3F0078A038
(1675526292.461771) vcan0 210#18E080A0A869CF45
(1675526292.462841) vcan0 055#C7F7FF67B3009C80
(1675526292.463912) vcan0 065#38E3FFF7008E0002
(1675526292.463987) vcan0 070#000037F800E25B00
(1675526292.464063) vcan0 075#0000000000005458
(1675526292.464991) vcan0 080#FF4F8000C2002C00
(1675526292.465066) vcan0 0B0#398386A200C239A3
(1675526292.465145) vcan0 0F5#74827B82BF53B1CC
(1675526292.465221) vcan0 120#7C827C827F055689
(1675526292.465933) vcan0 130#A7D31D85022CD011
(1675526292.466010) vcan0 145#FD12DE80FCC810A1
(1675526292.468852) vcan0 150#7702EE47F6F73AC0
(1675526292.468928) vcan0 290#0000000000000000
(1675526292.469006) vcan0 2C0#6B8700710300A0F1
(1675526292.469083) vcan0 010#000000002FB031F8
(1675526292.469169) vcan0 2A9#8C26008AC0000084
(1675526292.469317) vcan0 2C5#00E7223838E30070
(1675526292.469392) vcan0 008#B3805CFC00800080
(1675526292.469964) vcan0 360#6F8700D2A765A001
(1675526292.470962) vcan0 0E0#E27317D000808400
(1675526292.472031) vcan0 1B0#00C03D0001B05BFC
(1675526292.473100) vcan0 1B5#FF4B63BCDAE0FFEF
(1675526292.474099) vcan0 1D8#363339343234D943
(1675526292.475593) vcan0 1E0#000CC34300B917E0
(1675526292.475669) vcan0 2C3#6B8700FFFF905450
(1675526292.476670) vcan0 010#000000002FB031F8
(1675526292.476747) vcan0 072#F000FF3F00788038
(1675526292.476823) vcan0 1D0#0000000000000861
(1675526292.477678) vcan0 390#80FF051D023A514F
(1675526292.480517) vcan0 008#B3806CEC00800080
(1675526292.480594) vcan0 125#E5887FE4C1D0D734
(1675526292.481529) vcan0 055#C7F7FF67B3009C80
(1675526292.482526) vcan0 065#39E3FFF7008E0002
(1675526292.483596) vcan0 070#000037F800E25B00
(1675526292.484664) vcan0 075#0000000000005458
(1675526292.484740) vcan0 080#FF4F8000C2002C00
(1675526292.484889) vcan0 0B0#398386A200C239A3
(1675526292.484965) vcan0 0F5#63826A82BF57A1CC
(1675526292.485752) vcan0 120#68826A827F065689
(1675526292.487247) vcan0 130#AFD31D73022ECA11
(1675526292.487323) vcan0 145#FD02DF80FCC810A1
(1675526292.487400) vcan0 150#6F02F457F6F732C0
(1675526292.487476) vcan0 288#E1DFC03F00000080
(1675526292.487553) vcan0 28C#000000000012BE90
(1675526292.487629) vcan0 2B5#4B19366293A63732
(1675526292.487778) vcan0 010#000000002FB031F8
(1675526292.487852) vcan0 210#18E080A0A869CF4D
(1675526292.487947) vcan0 291#0000000000000000
(1675526292.488025) vcan0 340#6A00000000000000
(1675526292.490299) vcan0 3D0#990F6100170480C3
(1675526292.490375) vcan0 260#D0FF005549C9DCB0
(1675526292.490452) vcan0 008#B3807CDC00800080
(1675526292.491309) vcan0 072#F000FF3F0078A038
(1675526292.492377) vcan0 290#0000000000000000
(1675526292.493374) vcan0 0E0#E27316D800806500
(1675526292.494515) vcan0 1B0#00C03D0003B05BFC
(1675526292.495586) vcan0 1B5#FF4D64BDDBE0FFEF
(1675526292.495661) vcan0 1D8#363339343234D943
(1675526292.495738) vcan0 1E0#000CC30300B917E0
(1675526292.496667) vcan0 010#000000002FB031F8
(1675526292.497738) vcan0 1D0#0000000000000061
(1675526292.500363) vcan0 008#B3808CCC00800080
(1675526292.500440) vcan0 125#E5887FE4C1D0D734
(1675526292.501376) vcan0 055#C7F7FF67B3009C80
(1675526292.502445) vcan0 065#39E3FFF7008E0002
(1675526292.503513) vcan0 070#000037F800E25B00
(1675526292.504653) vcan0 075#0000000000005458
(1675526292.507495) vcan0 080#FF4F8000C2002C00
(1675526292.507571) vcan0 0B0#398386A200C239A3
(1675526292.507647) vcan0 0F5#5C825B82BF5B91CC
(1675526292.507724) vcan0 120#608261827F065689
(1675526292.507800) vcan0 130#B7D31D6A0227CD11
(1675526292.507876) vcan0 145#FDF2D080FCC810A1
(1675526292.508023) vcan0 150#5E02F867F6F733C0
(1675526292.508099) vcan0 370#071FC000721BC71F
(1675526292.508176) vcan0 3C8#6B87008E886C008E
(1675526292.508253) vcan0 3CA#00000000520000C8
(1675526292.508614) vcan0 010#000000002FB031F8
(1675526292.508690) vcan0 072#F000FF3F00788038
(1675526292.508776) vcan0 2A9#8C260082C0000084
(1675526292.508852) vcan0 008#B3809CBC00800080
(1675526292.509638) vcan0 288#E5DFC03F00000080
(1675526292.512479) vcan0 210#18E08020A869CF45
(1675526292.513547) vcan0 0E0#E27313E000804800
(1675526292.514545) vcan0 1B0#00C03D0002B05BFC
(1675526292.514692) vcan0 1B5#FF4E66BEDCE0FFEF
(1675526292.515691) vcan0 1D8#363339343234D943
(1675526292.515767) vcan0 1E0#0010B34300B917E0
(1675526292.515844) vcan0 2C3#6B8700FFFF905450
(1675526292.516796) vcan0 010#000000002FB031F8
(1675526292.517793) vcan0 1D0#0000000000000061
(1675526292.517870) vcan0 291#0000000000000000
(1675526292.517947) vcan0 260#D0FF005549C5DCB0
(1675526292.518875) vcan0 008#B380ACAC00800080
(1675526292.520228) vcan0 125#E5887FE4C1D0D734
(1675526292.523289) vcan0 072#F000FF3F0078A038
(1675526292.523364) vcan0 3B0#00FC453838A4C400
(1675526292.523440) vcan0 055#C7F7FF67B3009C80
(1675526292.524297) vcan0 065#3AE3FFF7008E0002
(1675526292.524373) vcan0 070#000037F800E25B00
(1675526292.524449) vcan0 075#0000000000005458
(1675526292.524526) vcan0 080#FF4F8000C2002C00
(1675526292.524603) vcan0 0B0#398386A200C239A3
(1675526292.525389) vcan0 0F5#4D825082BF5F81CC
(1675526292.525465) vcan0 120#50824B827F065689
(1675526292.525541) vcan0 130#BFD31D5A0227C711
(1675526292.525689) vcan0 145#FDE2D180FCC810A1
(1675526292.526473) vcan0 150#5602F977F6F72BC0
(1675526292.526550) vcan0 28C#000000000012BE90
(1675526292.526645) vcan0 290#0000000000000000
(1675526292.529415) vcan0 2B5#4B19366293A63732
(1675526292.529500) vcan0 010#000000002FB031F9
(1675526292.529575) vcan0 2C0#6B8700700300A0F1
(1675526292.529653) vcan0 2C5#00E7213639E30070
(1675526292.529729) vcan0 330#2800000000000000
(1675526292.529875) vcan0 3AF#0000000000000020
(1675526292.529953) vcan0 008#B380BC9C00800080
(1675526292.530454) vcan0 350#A200000000000080
(1675526292.531521) vcan0 288#F1DFC03F00000080
(1675526292.532592) vcan0 0E0#E27312E800802900
(1675526292.533662) vcan0 1B0#00C03D0003B05CFC
(1675526292.534730) vcan0 1B5#FF5067BFDDE0FFEF
(1675526292.537657) vcan0 1D8#363339343234D943
(1675526292.537719) vcan0 1E0#0014A34300B917E0
(1675526292.537794) vcan0 010#000000002FB031F8
(1675526292.537943) vcan0 072#F000FF3F00788038
(1675526292.538020) vcan0 1D0#0000000000000261
(1675526292.538105) vcan0 210#18E080A0A869CF4D
(1675526292.538678) vcan0 008#B380CC8C00800080
(1675526292.539745) vcan0 125#E5887FE4C1D0D734
(1675526292.540886) vcan0 055#C7F7FF67B3009C80
(1675526292.541883) vcan0 065#3AE3FFF7008E0002
(1675526292.542952) vcan0 070#000037F800E25B00
(1675526292.545863) vcan0 075#0000000000005458
(1675526292.545983) vcan0 080#FF4F8000C2002C00
(1675526292.546014) vcan0 0B0#398386A200C239A3
(1675526292.546092) vcan0 0F5#45824782BF6371CC
(1675526292.546167) vcan0 120#468246827F055689
(1675526292.546244) vcan0 130#C7D31D4B0226C711
(1675526292.546321) vcan0 145#FDD2D280FCC810A1
(1675526292.546469) vcan0 150#4602FD87F6F72BC0
(1675526292.546901) vcan0 010#000000002FB031F8
(1675526292.546978) vcan0 291#0000000000000000
(1675526292.547064) vcan0 2A9#8C26009BC0000084
(1675526292.547992) vcan0 400#0101030101010117
(1675526292.548067) vcan0 405#0000000000000020
(1675526292.549420) vcan0 260#D0FF00AA49C1DCB0
(1675526292.549495) vcan0 008#B380DC7C00800080
(1675526292.550421) vcan0 072#F000FF3F0078A038
(1675526292.551490) vcan0 290#0000000000000000
(1675526292.552559) vcan0 0E0#E27310F000800B00
(1675526292.555398) vcan0 1B0#00C03C0001B05BFC
(1675526292.555474) vcan0 1B5#FF5169BFDDE0FFEF
(1675526292.555549) vcan0 1D8#363339343234D943
(1675526292.555626) vcan0 1E0#0014A30300B917E0
(1675526292.555773) vcan0 2C3#6B8700FFFF905450
(1675526292.556416) vcan0 010#000000002FB031F8
(1675526292.557489) vcan0 1D0#0000000000000861
(1675526292.558557) vcan0 008#B380EC6C00800080
(1675526292.559635) vcan0 288#F9DFD02F00000080
(1675526292.559782) vcan0 125#E5887FE4C1D0D734
(1675526292.560710) vcan0 210#18E080A0A869CF4D
(1675526292.563193) vcan0 055#C7F7FF67B3009C80
(1675526292.564192) vcan0 065#3AE3FFF7008E0002
(1675526292.567104) vcan0 070#000037F800E25B00
(1675526292.567181) vcan0 075#0000000000005458
(1675526292.567258) vcan0 080#FF4F8000C2002C00
(1675526292.567404) vcan0 0B0#398386A200C239A3
(1675526292.567480) vcan0 0F5#33823582BF6761CD
(1675526292.567557) vcan0 120#348233827F075689
(1675526292.567634) vcan0 130#CFD31D3E0223C711
(1675526292.567711) vcan0 145#FDC2D380FCC810A1
(1675526292.567858) vcan0 150#3D020298F6F724C0
(1675526292.567934) vcan0 28C#000000000012BE90
(1675526292.568011) vcan0 010#000000002FB031F8
(1675526292.568097) vcan0 072#F000FF3F00788038
(1675526292.568174) vcan0 2B5#4B19366293A63731
(1675526292.568251) vcan0 340#6A00000000000000
(1675526292.568397) vcan0 008#B380FC5C00800080
(1675526292.571096) vcan0 360#6F8700D2A765A001
(1675526292.572166) vcan0 0E0#E2730FF80080EC00
(1675526292.573236) vcan0 1B0#00C03C0003B05BFC
(1675526292.574376) vcan0 1B5#FF536AC0DEE0FFEF
(1675526292.575443) vcan0 1D8#363339343234D943
(1675526292.575521) vcan0 1E0#0018934300B917E0
(1675526292.576518) vcan0 010#000000002FB031F8
(1675526292.576596) vcan0 1D0#0000000000000061
(1675526292.577524) vcan0 291#0000000000000000
(1675526292.577602) vcan0 390#80FF051D023A514F
(1675526292.578599) vcan0 260#D0FF00AA49BEDCB0
(1675526292.579950) vcan0 008#B3800C4C00800080
(1675526292.580034) vcan0 125#E5887FE4C1D0D734
(1675526292.583015) vcan0 072#F000FF3F0078A038
(1675526292.584085) vcan0 055#C7F7FF67B3009C80
(1675526292.584162) vcan0 065#39E3FFF7008E0002
(1675526292.584238) vcan0 070#000037F800E25B00
(1675526292.584315) vcan0 075#0000000000005458
(1675526292.584462) vcan0 080#FF4F8000C2002C00
(1675526292.585106) vcan0 0B0#398386A200C239A3
(1675526292.585183) vcan0 0F5#29822B82BF6B51CD
(1675526292.585260) vcan0 120#2F8227827F075689
(1675526292.585336) vcan0 130#D7D31D33021ECA11
(1675526292.586192) vcan0 145#FDB2D480FCC810A1
(1675526292.586268) vcan0 150#2F02FFA7F6F722C0
(1675526292.586414) vcan0 288#F9DFD02F00000080
(1675526292.586492) vcan0 290#0000000000000000
(1675526292.586571) vcan0 010#000000002FB031F8
(1675526292.587651) vcan0 210#18E080A0A869CF45
(1675526292.587727) vcan0 2A9#8C260082C0000084
(1675526292.587804) vcan0 2C0#6B8700710300A0F1
(1675526292.587882) vcan0 2C5#00E722323AE30070
(1675526292.588668) vcan0 008#B3801C3C00800080
(1675526292.592715) vcan0 0E0#E2730DC00080CE00
(1675526292.593784) vcan0 1B0#00C03C0003B05BFC
(1675526292.594852) vcan0 1B5#FF546CC1DFE0FFEF
(1675526292.594928) vcan0 1D8#363339343234D843
(1675526292.595925) vcan0 1E0#001C834300B917E0
(1675526292.596002) vcan0 2C3#6B8700FFFF905450
(1675526292.597075) vcan0 010#000000002FB031F8
(1675526292.597152) vcan0 072#F000FF3F00788038
(1675526292.598080) vcan0 1D0#0000000000000061
(1675526292.599502) vcan0 008#B3802C2C00800080
(1675526292.599580) vcan0 125#E5887FE4C1D0D734
(1675526292.603561) vcan0 055#C7F7FF67B3009C80
(1675526292.603637) vcan0 065#3AE3FFF7008E0002
(1675526292.603715) vcan0 070#000037F800E25B00
(1675526292.604641) vcan0 075#0000000000005458
(1675526292.604718) vcan0 080#FF4F8000C2002C00
(1675526292.604794) vcan0 0B0#398386A200C239A3
(1675526292.604869) vcan0 0F5#1F821B82BF6F41CD
(1675526292.605725) vcan0 120#1C8221827F065689
(1675526292.605802) vcan0 130#DFD31D24021DCA11
(1675526292.605949) vcan0 145#FDA2D580FCC810A1
(1675526292.606026) vcan0 150#200202B8F6F721C0
(1675526292.606101) vcan0 28C#000000000012BE90
(1675526292.606819) vcan0 2B5#4B19366293A63731
(1675526292.606895) vcan0 370#071FC000721BC71F
(1675526292.607964) vcan0 010#000000002FB031F9
(1675526292.609245) vcan0 260#D0FF00AA49BBDCB0
(1675526292.609329) vcan0 291#0000000000000000
(1675526292.609407) vcan0 008#B3803C1C00800080
(1675526292.609482) vcan0 330#2800000000000000
(1675526292.609559) vcan0 288#FEDFD02F00000080
(1675526292.611975) vcan0 072#F000FF3F0078A038
(1675526292.613045) vcan0 210#18E080A0A869CF4D
(1675526292.614184) vcan0 290#0000000000000000
(1675526292.614261) vcan0 0E0#E2730CC80080AF00
(1675526292.615260) vcan0 1B0#00C0370002B059FC
(1675526292.615335) vcan0 1B5#FF556DC1DFE0FFEF
(1675526292.615413) vcan0 1D8#363339343234D843
(1675526292.615488) vcan0 1E0#001C830300B917E0
(1675526292.616274) vcan0 010#000000002FB031F8
(1675526292.617420) vcan0 1D0#0000000000000261
(1675526292.618771) vcan0 008#B3804C0C00800080
(1675526292.621679) vcan0 125#E5887FE4C1D0D734
(1675526292.622830) vcan0 350#A200000000000080
(1675526292.623898) vcan0 055#C7F7FF67B3009C80
(1675526292.623974) vcan0 065#3AE3FFF7008E0002
(1675526292.624051) vcan0 070#000037F800E25B00
(1675526292.624977) vcan0 075#0000000000005458
(1675526292.625055) vcan0 080#FF4F8000C2002C00
(1675526292.625203) vcan0 0B0#398386A200C239A3
(1675526292.625279) vcan0 0F5#13821482BF7331CD
(1675526292.625354) vcan0 120#178214827F055689
(1675526292.626069) vcan0 130#E7D31D1C0215D011
(1675526292.626218) vcan0 145#FD92D680FCC810A1
(1675526292.626293) vcan0 150#1A0201C8F6F717C0
(1675526292.626369) vcan0 3C8#6B87008E886C008E
(1675526292.627158) vcan0 3CA#00000000530000C8
(1675526292.629925) vcan0 010#000000002FB031F8
(1675526292.630002) vcan0 072#F000FF3F00788038
(1675526292.630098) vcan0 2A9#8C26009BC0000084
(1675526292.630175) vcan0 008#B3805CFC00800080
(1675526292.630960) vcan0 0E0#E2730BD000809000
(1675526292.632030) vcan0 288#02E0D02F00000080
(1675526292.633099) vcan0 1B0#00C0340002B055FC
(1675526292.634168) vcan0 1B5#FF576EC2E0E0FFEF
(1675526292.635237) vcan0 1D8#363339343234D843
(1675526292.636730) vcan0 1E0#0020734300B917E0
(1675526292.636808) vcan0 2C3#6B8700FFFF905450
(1675526292.636886) vcan0 010#000000002FB031F8
(1675526292.636961) vcan0 1D0#0000000000000861
(1675526292.637038) vcan0 210#18E080A0A869CF45
(1675526292.637824) vcan0 291#0000000000000000
(1675526292.637901) vcan0 260#D0FF005549BADCB0
(1675526292.642086) vcan0 008#B3806CEC00800080
(1675526292.642162) vcan0 125#E5887FE4C1D0D734
(1675526292.642247) vcan0 072#F000FF3F0078A038
(1675526292.642396) vcan0 3B0#00D8453838A4C400
(1675526292.643181) vcan0 055#C7F7FF67B3009C80
(1675526292.644251) vcan0 065#3AE3FFF7008E0002
(1675526292.644327) vcan0 070#000037F800E25B00
(1675526292.644403) vcan0 075#0000000000005458
(1675526292.644480) vcan0 080#FF4F8000C2002C00
(1675526292.645336) vcan0 0B0#398386A200C239A3
(1675526292.645413) vcan0 0F5#0A820B82BF7721CD
(1675526292.645489) vcan0 120#0E820B827F065689
(1675526292.645564) vcan0 130#EFD31D14020DD511
(1675526292.645642) vcan0 145#FD82D780FCC810A1
(1675526292.646357) vcan0 150#0F0202D8F6F712C0
(1675526292.646433) vcan0 28C#000000000012BE90
(1675526292.646510) vcan0 290#0000000000000000
(1675526292.646658) vcan0 010#000000002FB031F8
(1675526292.647453) vcan0 2B5#4B19366293A63731
(1675526292.647531) vcan0 2C0#6B8700700300A0F1
(1675526292.648881) vcan0 2C5#00E722313AE30070
(1675526292.648958) vcan0 340#6900000000000000
(1675526292.649035) vcan0 3AF#0000000000000020
(1675526292.649111) vcan0 008#B3807CDC00800080
(1675526292.652944) vcan0 0E0#E27309D800807200
(1675526292.654010) vcan0 1B0#00C02F0003B050FC
(1675526292.655007) vcan0 1B5#FF5870C3E1E0FFEF
(1675526292.655154) vcan0 1D8#363339343234D743
(1675526292.655230) vcan0 1E0#0024634300B917E0
(1675526292.656085) vcan0 010#000000002FB031F8
(1675526292.657157) vcan0 072#F000FF3F00788038
(1675526292.657234) vcan0 1D0#0000000000000061
(1675526292.658231) vcan0 008#B3808CCC00800080
(1675526292.659581) vcan0 288#E9DFE01F00000080
(1675526292.659666) vcan0 125#E5887FE4C1D0D734
(1675526292.662577) vcan0 210#18E08020A869CF45
(1675526292.663716) vcan0 055#C7F7FF67B3009C80
(1675526292.663792) vcan0 065#3BE3FFF7008E0002
(1675526292.663869) vcan0 070#000037F800E25B00
(1675526292.664725) vcan0 075#0000000000005458
(1675526292.664802) vcan0 080#FF4F8000C2002C00
(1675526292.664877) vcan0 0B0#398386A200C239A3
(1675526292.664954) vcan0 0F5#01820082BF7B11CE
(1675526292.665811) vcan0 120#FE8101827F075689
(1675526292.665887) vcan0 130#F7D61D080209D511
(1675526292.665964) vcan0 145#FD72D880FCC810A1
(1675526292.666111) vcan0 150#0102F8E7F6F710C0
(1675526292.666827) vcan0 010#000000002FB031F8
(1675526292.666903) vcan0 291#0000000000000000
(1675526292.667050) vcan0 2A9#8C260082C0000084
(1675526292.668271) vcan0 260#D0FF005549B7DCB0
(1675526292.669340) vcan0 008#B3809CBC00800080
(1675526292.672110) vcan0 072#F000FF3F0078A038
(1675526292.672256) vcan0 360#6F8700D2A765A001
(1675526292.673183) vcan0 290#0000000000000000
(1675526292.674248) vcan0 0E0#E27309E000805200
