(1675525732.170725) vcan0 075#0000000000005458
(1675525732.171403) vcan0 080#E24F8000C2002C00
(1675525732.171476) vcan0 0B0#3983FAA2E1C139A3
(1675525732.171551) vcan0 145#F9B2D480FCC810A1
(1675525732.171624) vcan0 1D0#0000000000000261
(1675525732.172457) vcan0 210#1CE080A0A869CC4D
(1675525732.172529) vcan0 291#0000000000000000
(1675525732.173498) vcan0 0F5#28933A93BF4FC15B
(1675525732.173572) vcan0 120#4B9351937F035689
(1675525732.176364) vcan0 130#9FD01D51135FD511
(1675525732.176442) vcan0 150#3113DB37DCF77FC0
(1675525732.176521) vcan0 072#F000FF3F00788038
(1675525732.177392) vcan0 288#7FDF609F00000080
(1675525732.178560) vcan0 008#B8806CE700800080
(1675525732.179650) vcan0 010#009000002FB031F8
(1675525732.179738) vcan0 2A9#8C26009BC0000084
(1675525732.180685) vcan0 1B0#00C02F0001B051FC
(1675525732.181850) vcan0 1B5#FF5EDD275EE0FFEF
(1675525732.182870) vcan0 0E0#E2730BD800807000
(1675525732.183959) vcan0 1D8#363339343234DB43
(1675525732.184036) vcan0 1E0#001C834300B917E0
(1675525732.185339) vcan0 260#D0FF005549DC85B0
(1675525732.188338) vcan0 010#009000002FB031F8
(1675525732.188414) vcan0 072#F000FF3F0078A038
(1675525732.189451) vcan0 1D0#0000000000000861
(1675525732.189525) vcan0 008#B8807CD700800080
(1675525732.189667) vcan0 125#E5917FE4C1D0D735
(1675525732.189740) vcan0 055#F4F7F467B3009C80
(1675525732.190639) vcan0 065#D9E4F4F7F88DE201
(1675525732.190713) vcan0 070#00000AF8E2E11500
(1675525732.190788) vcan0 075#0000000000005458
(1675525732.190875) vcan0 080#E24F8000C2002C00
(1675525732.190950) vcan0 0B0#3983F8A2E1C139A3
(1675525732.191712) vcan0 145#F9A2D580FCC810A1
(1675525732.191785) vcan0 28C#000000000014BEA2
(1675525732.191860) vcan0 290#0000000000000000
(1675525732.191933) vcan0 2B5#4B4C326293A68300
(1675525732.194614) vcan0 2C0#528700350200A0F1
(1675525732.194688) vcan0 2C5#00E7638CF4E40070
(1675525732.194763) vcan0 340#9100000000000000
(1675525732.194837) vcan0 350#A200000000000080
(1675525732.194980) vcan0 3AF#0000000000000020
(1675525732.195054) vcan0 210#1CE080A0A869CC45
(1675525732.195130) vcan0 0F5#22933093BF53B15D
(1675525732.195204) vcan0 120#32933F937F015689
(1675525732.195346) vcan0 130#A7D31D3F1361D311
(1675525732.195420) vcan0 150#2913D547DCF777C0
(1675525732.195503) vcan0 3CA#00000000550000C8
(1675525732.195715) vcan0 010#009000002FB031F8
(1675525732.196800) vcan0 291#0000000000000000
(1675525732.197964) vcan0 330#BC00000000000000
(1675525732.199055) vcan0 008#B8808CC700800080
(1675525732.202889) vcan0 288#87DF609F00000080
(1675525732.202964) vcan0 072#F000FF3F00788038
(1675525732.203982) vcan0 1B0#00C0280001B04AFC
(1675525732.204060) vcan0 1B5#FF6BEA2D64E0FFEF
(1675525732.204138) vcan0 0E0#E27307E000805400
(1675525732.204214) vcan0 1D8#363339343234DA43
(1675525732.204292) vcan0 1E0#0020734300B917E0
(1675525732.205092) vcan0 2C3#528700FFFFAA5450
(1675525732.205241) vcan0 360#5B87000BB664A0C9
(1675525732.206186) vcan0 010#009000002FB031F8
(1675525732.207221) vcan0 1D0#0000000000000061
(1675525732.208402) vcan0 390#80FF051D02065E4F
(1675525732.209438) vcan0 008#B8809CB700800080
(1675525732.209513) vcan0 125#E5917FE4C1D0D735
(1675525732.212261) vcan0 055#F4F7F467B3009C80
(1675525732.212336) vcan0 065#C8E4F4F7F28DE201
(1675525732.212411) vcan0 070#00000AF8E2E11500
(1675525732.212553) vcan0 075#0000000000005458
(1675525732.212628) vcan0 080#E24F8000C2002C00
(1675525732.212701) vcan0 0B0#3983F5A2E1C139A3
(1675525732.212776) vcan0 145#F992D680FCC810A1
(1675525732.212918) vcan0 3C8#5287008E882C008E
(1675525732.213338) vcan0 0F5#16932C93BF57A15E
(1675525732.213413) vcan0 120#2A9343937F045689
(1675525732.214378) vcan0 130#AFD31D3F1351D011
(1675525732.214522) vcan0 150#2013D857DCF770C0
(1675525732.214596) vcan0 260#D0FF005549DA85B0
(1675525732.215573) vcan0 010#009000002FB031F8
(1675525732.218395) vcan0 072#F000FF3F0078A038
(1675525732.219413) vcan0 210#1CE080A0A869CC4D
(1675525732.219565) vcan0 008#B880ACA700800080
(1675525732.219643) vcan0 2A9#8C260082C0000084
(1675525732.219721) vcan0 290#0000000000000000
(1675525732.220597) vcan0 1B0#00C0220002B042FC
(1675525732.221761) vcan0 1B5#FF77F6346AE0FFEF
(1675525732.222780) vcan0 0E0#E27308E800803300
(1675525732.223941) vcan0 1D8#363339343234DA43
(1675525732.225029) vcan0 1E0#0020730300B917E0
(1675525732.226192) vcan0 288#83DF708F00000080
(1675525732.227231) vcan0 010#009000002FB031F8
(1675525732.228539) vcan0 1D0#0000000000000061
(1675525732.228683) vcan0 291#0000000000000000
(1675525732.228758) vcan0 125#E5917FE4C1D0D735
(1675525732.229743) vcan0 008#B880BC9700800080
(1675525732.229818) vcan0 055#F4F7F467B3009C80
(1675525732.232638) vcan0 065#B3E4F4F7F18DE201
(1675525732.232712) vcan0 070#00000AF8E2E11500
