(1675526297.332066) vcan0 330#2800000000000000
(1675526297.333043) vcan0 288#85DAE01F00000080
(1675526297.334042) vcan0 072#F000FF3F0078A038
(1675526297.335110) vcan0 360#718700D2C369A001
(1675526297.337529) vcan0 260#D0FF00AA494B85B0
(1675526297.338598) vcan0 1B0#00C000000AB000FC
(1675526297.339668) vcan0 1B5#FFF270788AE0FFEF
(1675526297.339745) vcan0 1D8#363339343234DF43
(1675526297.339820) vcan0 1E0#0020734300B917E0
(1675526297.342670) vcan0 008#A3907C7467810080
(1675526297.342744) vcan0 2C3#6B8700FFFF8E5450
(1675526297.342820) vcan0 055#D5F7D527B2009C80
(1675526297.342968) vcan0 065#17E5D4F7EF8DE201
(1675526297.343045) vcan0 070#000029F8E2E14F00
(1675526297.343121) vcan0 075#0000000000005458
(1675526297.343197) vcan0 080#914F8000C2002C00
(1675526297.343273) vcan0 0B0#398300A3E1C139A3
(1675526297.343421) vcan0 010#000000002FB031F8
(1675526297.343495) vcan0 145#FD22DD80FCC810A1
(1675526297.343574) vcan0 1D0#0000000000000861
(1675526297.343651) vcan0 28C#000000000018BEA4
(1675526297.343725) vcan0 2B5#4B343E6293A67000
(1675526297.343874) vcan0 0E0#E2737CF800807F00
(1675526297.343949) vcan0 390#80FF05190226564F
(1675526297.347717) vcan0 125#E5AB6FE4C1D0D735
(1675526297.348725) vcan0 0F5#528500867F57A2EE
(1675526297.348804) vcan0 120#3185DC857FCF5589
(1675526297.349801) vcan0 130#AFF71D8A0514FF11
(1675526297.349949) vcan0 150#CF05305613F6CFC0
(1675526297.350025) vcan0 008#A3908CA427810080
(1675526297.350102) vcan0 290#0000000000000000
(1675526297.350959) vcan0 010#000000002FB031F8
(1675526297.351956) vcan0 072#F000FF3F00788038
(1675526297.352032) vcan0 210#47E180A0A869D145
(1675526297.352109) vcan0 2A9#8C26009BC0000084
(1675526297.353034) vcan0 1B0#00C000000BB000FC
(1675526297.354165) vcan0 1B5#FFF5747A8CE0FFEF
(1675526297.358079) vcan0 1D8#363339343234DF43
(1675526297.359149) vcan0 1E0#0024634300B917E0
(1675526297.360216) vcan0 008#A3909CC8F4800080
(1675526297.360292) vcan0 288#3BDAE01F00000080
(1675526297.360379) vcan0 055#D5F7D527B2009C80
(1675526297.360456) vcan0 065#FFE4D5F7ED8DE201
(1675526297.361241) vcan0 070#000029F8E2E14E00
(1675526297.361316) vcan0 075#0000000000005458
(1675526297.361465) vcan0 080#924F8000C2002C00
(1675526297.361542) vcan0 0B0#3983FDA2E1C139A3
(1675526297.361617) vcan0 010#000000002FB031F9
(1675526297.362331) vcan0 145#FD12DE80FCC810A1
(1675526297.363894) vcan0 1D0#0000000000000261
(1675526297.364042) vcan0 291#0000000000000000
(1675526297.364118) vcan0 0E0#E2736EC000806D00
(1675526297.364974) vcan0 072#F000FF3F0078A038
(1675526297.366067) vcan0 3B0#00D8193832C0C400
(1675526297.367064) vcan0 125#E5AB6FE4C1D0D735
(1675526297.368134) vcan0 260#D0FF00AA494585B0
(1675526297.369135) vcan0 0F5#238511867F5B92EE
(1675526297.369287) vcan0 120#4E85FB857FD35589
(1675526297.369364) vcan0 130#B7F71D8A0504FF11
(1675526297.371849) vcan0 150#9905176611F6F5C0
(1675526297.371925) vcan0 008#A390ACEAC2800080
(1675526297.372071) vcan0 010#000000002FB031F8
(1675526297.372929) vcan0 210#31E180A0A869D14D
(1675526297.373997) vcan0 1B0#00C0000008B000FC
(1675526297.375066) vcan0 1B5#FFF9787B8EE0FFEF
(1675526297.376070) vcan0 1D8#363339343234DF43
(1675526297.377210) vcan0 1E0#0024630300B917E0
(1675526297.378208) vcan0 008#A390BC0D8F800080
(1675526297.381116) vcan0 2C3#6B8700FFFF8E5450
(1675526297.381265) vcan0 055#D6F7D627B2009C80
(1675526297.381341) vcan0 065#EBE4D6F7EC8DE201
(1675526297.381416) vcan0 070#000028F8E2E14D00
(1675526297.381492) vcan0 075#0000000000005458
(1675526297.381579) vcan0 080#934F8000C2002C00
(1675526297.381654) vcan0 010#000000002FB031F8
(1675526297.382156) vcan0 072#F000FF3F00788038
(1675526297.382232) vcan0 0B0#3983FAA2E1C139A3
(1675526297.382380) vcan0 145#FD02DF80FCC810A1
(1675526297.382457) vcan0 1D0#0000000000000061
(1675526297.382532) vcan0 28C#000000000018BEA3
(1675526297.383248) vcan0 0E0#E27366C800805500
(1675526297.383396) vcan0 290#0000000000000000
(1675526297.383472) vcan0 2B5#4B343D6293A66D00
(1675526297.386100) vcan0 2C0#6B8700210300A0F1
(1675526297.386249) vcan0 2C5#00D7744E35E50070
(1675526297.386325) vcan0 340#6E00000000000000
(1675526297.386401) vcan0 370#0720C000751BCB1F
(1675526297.386477) vcan0 288#4CDAF00F00000080
(1675526297.386553) vcan0 3AF#0000000000000020
(1675526297.386710) vcan0 3E0#000000D92F808090
(1675526297.386786) vcan0 350#A200000000000080
(1675526297.387218) vcan0 125#E5AB6FE4C1D0D735
(1675526297.388287) vcan0 0F5#5C85E5857F5F82EF
(1675526297.389355) vcan0 120#51850E867FCE5589
(1675526297.389432) vcan0 130#BFF71D8A05F4FF11
(1675526297.389508) vcan0 150#930516760FF6EBC0
(1675526297.390364) vcan0 008#A390CC1973800080
(1675526297.391433) vcan0 010#000000002FB031F8
(1675526297.394272) vcan0 291#0000000000000000
(1675526297.394348) vcan0 2A9#8C260082C0000084
(1675526297.395346) vcan0 072#F000FF3F0078A038
(1675526297.396353) vcan0 260#D0FF0055493A85B0
(1675526297.397421) vcan0 1B0#00C000000CB000FC
(1675526297.398491) vcan0 1B5#FFFC7C7D90E0FFEF
(1675526297.399561) vcan0 1D8#363339343234DF43
(1675526297.399647) vcan0 1E0#0028534300B917E0
(1675526297.399723) vcan0 008#A390DC3C40800080
(1675526297.400649) vcan0 055#D6F7D627B2009C80
(1675526297.400725) vcan0 065#D5E4D6F7EB8DE201
(1675526297.400802) vcan0 070#000028F8E1E14B00
(1675526297.400950) vcan0 075#0000000000005458
(1675526297.401664) vcan0 080#954F8000C2002C00
(1675526297.401739) vcan0 0B0#3983F7A2E1C139A3
(1675526297.404651) vcan0 010#000000002FB031F8
(1675526297.404726) vcan0 145#FDF2D080FCC810A1
(1675526297.404802) vcan0 1D0#0000000000000061
(1675526297.404878) vcan0 210#31E180A0A869D14D
(1675526297.404955) vcan0 0E0#E27371D000802A00
(1675526297.405742) vcan0 125#E5AE6FE4C1D0D735
(1675526297.406740) vcan0 0F5#3D85D1857F6372EF
(1675526297.407809) vcan0 120#2185FB857FD05589
(1675526297.408887) vcan0 130#C7FA1D8A05E4FF11
(1675526297.409955) vcan0 150#8A051E860CF6E4C0
(1675526297.410032) vcan0 008#A390EC501C800080
(1675526297.411523) vcan0 288#60DAF00F00000080
(1675526297.411601) vcan0 290#0000000000000000
(1675526297.411677) vcan0 3C8#6B87008E886C008E
(1675526297.411753) vcan0 010#000000002FB031F8
(1675526297.411900) vcan0 072#F000FF3F00788038
(1675526297.412616) vcan0 330#2800000000000000
(1675526297.412692) vcan0 400#0102A20101026101
(1675526297.412768) vcan0 405#2AF83C9949186701
(1675526297.413623) vcan0 1B0#00C0000008B000FC
(1675526297.418988) vcan0 1B5#FFFF807F92E0FFEF
(1675526297.419062) vcan0 1D8#363339343234DF43
(1675526297.420061) vcan0 1E0#002C434300B917E0
(1675526297.420137) vcan0 008#A390FC4E0E800080
(1675526297.420236) vcan0 2C3#6B8700FFFF8E5450
(1675526297.420312) vcan0 055#D7F7D727B2009C80
(1675526297.421098) vcan0 065#C5E4D7F7EC8DE101
(1675526297.421173) vcan0 070#000027F8E1E14A00
(1675526297.421251) vcan0 075#0000000000005458
(1675526297.421327) vcan0 080#964F8000C2002C00
(1675526297.421403) vcan0 0B0#3983F2A2E1C139A3
(1675526297.422189) vcan0 010#000000002FB031F8
(1675526297.422267) vcan0 145#FDE2D180FCC810A1
(1675526297.422341) vcan0 1D0#0000000000000861
(1675526297.422418) vcan0 28C#000000000018BEA2
(1675526297.423202) vcan0 291#0000000000000000
(1675526297.423279) vcan0 0E0#E27375D800800600
(1675526297.423355) vcan0 2B5#4B343C6293A66C00
(1675526297.424281) vcan0 072#F000FF3F0078A038
(1675526297.425280) vcan0 210#31E180A0A869D145
(1675526297.428131) vcan0 125#E5AE6FE4C1D0D735
(1675526297.428279) vcan0 260#D0FF0055493985B0
(1675526297.429206) vcan0 0F5#588507867F6762F0
(1675526297.429283) vcan0 120#458503867FD55589
(1675526297.429430) vcan0 130#CFFA1D8A05D4FF11
(1675526297.429506) vcan0 150#9E0525960BF6C0C0
(1675526297.430291) vcan0 008#A3900C3E0E800080
(1675526297.431360) vcan0 010#000000002FB031F8
(1675526297.432429) vcan0 2A9#8C26009BC0000084
(1675526297.433429) vcan0 288#50DAF00F00000080
(1675526297.434497) vcan0 360#718700D2C369A001
(1675526297.435566) vcan0 1B0#00C0000009B000FC
(1675526297.436638) vcan0 1B5#FF03848094E0FFEF
(1675526297.437636) vcan0 1D8#363339343234DF43
(1675526297.440482) vcan0 1E0#002C430300B917E0
(1675526297.440561) vcan0 008#A3901C3C00800080
(1675526297.440650) vcan0 055#D7F7D727B2009C80
(1675526297.440728) vcan0 065#B1E4D7F7ED8DE101
(1675526297.440803) vcan0 070#000027F8E1E14A00
(1675526297.440951) vcan0 075#0000000000005458
(1675526297.441594) vcan0 080#964F8000C2002C00
(1675526297.441670) vcan0 0B0#3983EDA2E1C139A3
(1675526297.441746) vcan0 010#000000002FB031F9
(1675526297.441822) vcan0 072#F000FF3F00788038
(1675526297.441970) vcan0 145#FDD2D280FCC810A1
(1675526297.442685) vcan0 1D0#0000000000000261
(1675526297.442761) vcan0 290#0000000000000000
(1675526297.442838) vcan0 2C0#6B8700DD0200A0F1
(1675526297.442985) vcan0 0E0#E27377E00080E400
(1675526297.445468) vcan0 2C5#00D76C50E6E40070
(1675526297.445546) vcan0 390#80FF05190222574F
(1675526297.446628) vcan0 125#E5AE6FE4C1D0D735
(1675526297.447637) vcan0 0F5#51850A867F6B52F0
(1675526297.448706) vcan0 120#3F85F9857FC65589
(1675526297.449774) vcan0 130#D7F41D8A05C4FF11
(1675526297.449851) vcan0 150#A2051EA60CF6ACC0
(1675526297.449927) vcan0 008#A3902C2C00800080
(1675526297.450074) vcan0 3CA#00000000D30000C8
(1675526297.450859) vcan0 010#000000002FB031F8
(1675526297.451929) vcan0 210#31E18020A869D145
(1675526297.452007) vcan0 291#0000000000000000
(1675526297.452082) vcan0 3D0#9E0F6100170480C3
(1675526297.452940) vcan0 072#F000FF3F0078A038
(1675526297.455427) vcan0 260#D0FF0055493D85B0
(1675526297.456575) vcan0 1B0#00C0000007B000FC
(1675526297.457574) vcan0 1B5#FF06878296E0FFEF
(1675526297.458641) vcan0 1D8#363339343234DF43
(1675526297.459782) vcan0 1E0#0030334300B917E0
(1675526297.462631) vcan0 008#A3903C1C00800080
(1675526297.462707) vcan0 288#54DAF00F00000080
(1675526297.462783) vcan0 055#D7F7D727B2009C80
(1675526297.462861) vcan0 065#9DE4D7F7ED8DE101
(1675526297.462936) vcan0 070#000027F8E1E14900
(1675526297.463012) vcan0 075#0000000000005458
(1675526297.463159) vcan0 080#974F8000C2002C00
(1675526297.463236) vcan0 0B0#3983E9A2E1C139A3
(1675526297.463312) vcan0 010#000000002FB031F8
(1675526297.463388) vcan0 145#FDC2D380FCC810A1
(1675526297.463466) vcan0 1D0#0000000000000061
(1675526297.463541) vcan0 28C#000000000018BEA1
(1675526297.463689) vcan0 2B5#4B343B6293A66A00
(1675526297.463765) vcan0 0E0#E2736FE80080CC00
(1675526297.463842) vcan0 2C3#6B8700FFFF8E5450
(1675526297.466567) vcan0 340#6E00000000000000
(1675526297.467716) vcan0 125#E5B36FE4C1D0D735
(1675526297.468786) vcan0 0F5#2D85FA857F6F42F0
(1675526297.468862) vcan0 120#2985DE857FC45589
(1675526297.469861) vcan0 130#DFF71D8A05B4FF11
(1675526297.469937) vcan0 150#94051FB60DF6AAC0
(1675526297.470015) vcan0 008#A3904C0C00800080
(1675526297.470162) vcan0 290#0000000000000000
(1675526297.470946) vcan0 010#000000002FB031F8
(1675526297.472016) vcan0 072#F000FF3F00788038
(1675526297.473014) vcan0 2A9#8C260082C0000084
(1675526297.474081) vcan0 350#A200000000000080
(1675526297.475150) vcan0 210#31E180A0A869D145
(1675526297.476296) vcan0 1B0#00C0000006B000FC
(1675526297.477295) vcan0 1B5#FF098B8498E0FFEF
(1675526297.479851) vcan0 1D8#363339343234DF43
(1675526297.479927) vcan0 1E0#0034234300B917E0
(1675526297.480013) vcan0 008#A190547E00800080
(1675526297.480090) vcan0 055#D8F7D827B2009C80
(1675526297.480945) vcan0 065#88E4D8F7EF8DE101
(1675526297.483787) vcan0 070#000026F8E1E14800
(1675526297.483863) vcan0 075#0000000000005458
(1675526297.483940) vcan0 080#984F8000C2002C00
(1675526297.484017) vcan0 0B0#3983E4A2E1C139A3
(1675526297.484093) vcan0 010#000000002FB031F8
(1675526297.484239) vcan0 145#FDB2D480FCC810A1
(1675526297.484315) vcan0 1D0#0000000000000061
(1675526297.484391) vcan0 291#0000000000000000
(1675526297.484467) vcan0 370#0720C000751BCB1F
(1675526297.484543) vcan0 0E0#E2736FF00080AC00
(1675526297.484833) vcan0 288#54DA00FF00000080
(1675526297.485839) vcan0 072#F000FF3F0078A038
(1675526297.485988) vcan0 3B0#00D8193832C0C600
(1675526297.486923) vcan0 125#E5BC6FE4C1D0D735
(1675526297.488136) vcan0 260#D0FF00AA493F85B0
(1675526297.490904) vcan0 0F5#618519867F7332F1
(1675526297.490981) vcan0 120#2085F4857FD25589
(1675526297.491128) vcan0 130#E7F71D8A05A4FF11
(1675526297.491205) vcan0 150#99051EC60EF695C0
(1675526297.491280) vcan0 008#9E9064630E800080
(1675526297.491995) vcan0 010#000000002FB031F8
(1675526297.492073) vcan0 330#2800000000000000
(1675526297.493069) vcan0 1B0#00C000000AB000FC
(1675526297.494136) vcan0 1B5#FF0D8F8599E0FFEF
(1675526297.495134) vcan0 1D8#363339343234DF43
(1675526297.496211) vcan0 1E0#0034230300B917E0
(1675526297.497279) vcan0 008#9C90744023800080
(1675526297.500191) vcan0 2C3#6B8700FFFF8E5450
(1675526297.500267) vcan0 055#D8F7DA27B2009C80
(1675526297.500354) vcan0 065#77E4D8F7EC8DE101
(1675526297.501209) vcan0 070#000026F8E2E14600
(1675526297.501287) vcan0 075#0000000000005458
(1675526297.501363) vcan0 080#9E4F8000C2002C00
(1675526297.501439) vcan0 0B0#3983DEA2E1C139A3
(1675526297.502295) vcan0 010#000000002FB031F8
(1675526297.502371) vcan0 072#F000FF3F00788038
(1675526297.502446) vcan0 145#FDA2D580FCC810A1
(1675526297.502523) vcan0 1D0#0000000000000861
(1675526297.502599) vcan0 210#31E180A0A869D14D
(1675526297.503314) vcan0 0E0#E27371F800808A00
(1675526297.503391) vcan0 28C#000000000018FEA0
(1675526297.503466) vcan0 290#0000000000000000
(1675526297.506239) vcan0 2B5#4B343A6293A66900
(1675526297.506316) vcan0 2C0#6B8700A50200A0F1
(1675526297.506392) vcan0 2C5#00D76852C0E40070
(1675526297.506478) vcan0 3AF#0000000000000020
(1675526297.507333) vcan0 125#E5BF6FE4C1D0D735
(1675526297.508332) vcan0 0F5#4C85EB857F7722F1
(1675526297.509470) vcan0 120#3F85AF857FCB5589
(1675526297.509617) vcan0 130#EFF41D8A0594FF11
(1675526297.509693) vcan0 150#AB0521D610F673C0
(1675526297.509769) vcan0 008#9A90842332800080
(1675526297.510555) vcan0 288#58DA00FF00000080
(1675526297.511624) vcan0 010#000000002FB031F8
(1675526297.511700) vcan0 291#0000000000000000
(1675526297.511848) vcan0 2A9#8C26008AC0000084
(1675526297.512703) vcan0 072#F000FF3F0078A038
(1675526297.516563) vcan0 260#D0FF00AA494585B0
(1675526297.517632) vcan0 1B0#00C000000AB000FC
(1675526297.518701) vcan0 1B5#FF1093879BE0FFEF
(1675526297.519770) vcan0 1D8#363339343234DF43
(1675526297.519857) vcan0 1E0#0038134300B917E0
(1675526297.519932) vcan0 008#9890940740800080
(1675526297.520858) vcan0 055#D9F7F127B20C9C81
(1675526297.520934) vcan0 065#65E4D9F7EE8DE101
(1675526297.521010) vcan0 070#000025F8F5E14500
(1675526297.521866) vcan0 075#0000000000005458
(1675526297.521943) vcan0 080#DB4F8000C2002C00
(1675526297.524710) vcan0 010#000000002FB031F9
(1675526297.524786) vcan0 0B0#3983D9A2E1C139A3
(1675526297.524864) vcan0 145#FD92D680FCC810A1
(1675526297.525012) vcan0 1D0#0000000000000261
(1675526297.525088) vcan0 0E0#E27376C000806500
(1675526297.525811) vcan0 210#31E180A0A869D14D
(1675526297.526880) vcan0 125#E5C66FE4C1D0D735
(1675526297.527948) vcan0 0F5#3885CF857F7B12F2
(1675526297.529017) vcan0 120#1685B3857FC85589
(1675526297.529104) vcan0 130#F7F71D8A0584FF11
(1675526297.530029) vcan0 150#81051BE612F68DC0
(1675526297.530177) vcan0 008#9590A4EB4F800080
(1675526297.530254) vcan0 3C8#6B87008E886C008E
(1675526297.530330) vcan0 290#0000000000000000
(1675526297.531187) vcan0 010#000000002FB031F8
(1675526297.532538) vcan0 072#F000FF3F00788038
(1675526297.533537) vcan0 288#75DA00FF00000080
(1675526297.534604) vcan0 360#718700D2C369A001
(1675526297.538582) vcan0 1B0#00C000000BB000FC
(1675526297.539647) vcan0 1B5#FF1396899DE0FFEF
(1675526297.539725) vcan0 1D8#363339343234DF43
(1675526297.539871) vcan0 1E0#003C034300B917E0
(1675526297.539950) vcan0 008#9390B4C864800080
(1675526297.540025) vcan0 2C3#6B8700FFFF8E5450
(1675526297.540740) vcan0 055#D9F7F627B2159C81
(1675526297.540825) vcan0 065#4FE4E5F7EC8DF501
(1675526297.540902) vcan0 070#000025F8F8E14400
(1675526297.540979) vcan0 075#0000000000005458
(1675526297.541834) vcan0 080#E64F8000C2002C00
(1675526297.541911) vcan0 0B0#3983D3A2E0C139A3
(1675526297.541988) vcan0 010#000000002FB031F8
(1675526297.542065) vcan0 145#FD82D780FCC810A1
(1675526297.542141) vcan0 1D0#0000000000000061
(1675526297.544626) vcan0 28C#000000000018FE9F
(1675526297.544702) vcan0 291#0000000000000000
(1675526297.544778) vcan0 0E0#E27374C800804700
(1675526297.544926) vcan0 2B5#4B343A6293A66716
(1675526297.545002) vcan0 340#6E00000000000000
(1675526297.545079) vcan0 390#80FF0519021E584F
(1675526297.545730) vcan0 072#F000FF3F0078A038
(1675526297.546729) vcan0 125#E5CC6FE4C1D0D735
(1675526297.547805) vcan0 260#D0FF00AA494D85B0
(1675526297.548802) vcan0 0F5#3C85FB857F7F02F2
(1675526297.548950) vcan0 120#FC8400867FD05589
(1675526297.549026) vcan0 130#FFF41D8A0574FF11
(1675526297.549954) vcan0 150#90052AF616F66EC0
(1675526297.550030) vcan0 008#9190C49D81800080
(1675526297.550958) vcan0 010#000000002FB031F8
(1675526297.552381) vcan0 210#31E180A0A869D145
(1675526297.552458) vcan0 2A9#8C260093C0000084
(1675526297.556437) vcan0 1B0#00C0000007B000FC
(1675526297.557506) vcan0 1B5#FF179A8B9FE0FFEF
(1675526297.558502) vcan0 1D8#363339343234DF43
(1675526297.559642) vcan0 1E0#003C030300B917E0
(1675526297.559719) vcan0 008#8C90D4848F800080
(1675526297.559794) vcan0 288#99DA00FF00000080
(1675526297.560650) vcan0 055#D9F7FE27B21E9C81
(1675526297.560757) vcan0 065#46E4F0F7F38DF801
(1675526297.560834) vcan0 070#000025F8FFE14300
(1675526297.560911) vcan0 075#0000000000005458
(1675526297.561768) vcan0 080#FC4F8000C2002C00
(1675526297.561845) vcan0 0B0#3983CDA2E0C139A3
(1675526297.561921) vcan0 145#FD72D880FCC810A1
(1675526297.561997) vcan0 010#000000002FB031F8
(1675526297.562133) vcan0 072#F000FF3F00788038
(1675526297.564632) vcan0 1D0#0000000000000061
(1675526297.564708) vcan0 290#0000000000000000
(1675526297.564785) vcan0 0E0#E27362D000803900
(1675526297.564861) vcan0 2C0#6B87005E0200A0F1
(1675526297.564937) vcan0 2C5#00D75D554BE40070
(1675526297.565800) vcan0 350#A200000000000080
(1675526297.566727) vcan0 125#E5CF6FE4C1D0D735
(1675526297.567794) vcan0 0F5#4C85E0857F43F2F3
(1675526297.568870) vcan0 120#2385E1857FB95589
(1675526297.569939) vcan0 130#87F21D8A0564FF11
(1675526297.570014) vcan0 150#AB05360618F643C0
(1675526297.570092) vcan0 008#8890E454B3800080
(1675526297.570168) vcan0 3CA#00000000D40000C8
(1675526297.571024) vcan0 010#000000002FB031F8
(1675526297.572020) vcan0 291#0000000000000000
(1675526297.573371) vcan0 330#2800000000000000
(1675526297.574439) vcan0 072#F000FF3F0078A038
(1675526297.575508) vcan0 210#31E180A0A869D14D
(1675526297.576506) vcan0 260#D0FF0055494F85B0
(1675526297.579344) vcan0 1B0#00C0000007B000FC
(1675526297.579420) vcan0 1B5#FF1A9E8CA1E0FFEF
(1675526297.579567) vcan0 1D8#363339343234DF43
(1675526297.579642) vcan0 1E0#0000F34300B917E0
(1675526297.579720) vcan0 008#8590F423D7800080
(1675526297.580441) vcan0 2C3#6B8700FFFF8F5450
(1675526297.580590) vcan0 055#DAF7FF27B22B9C82
(1675526297.580666) vcan0 065#40E4F4F7FA8DF801
(1675526297.580744) vcan0 070#000024F800E24300
(1675526297.581456) vcan0 075#0000000000005458
(1675526297.581604) vcan0 080#FF4F8000C2002C00
(1675526297.581681) vcan0 0B0#3983CCA2E0C139A3
(1675526297.581754) vcan0 010#000000002FB031F8
(1675526297.581833) vcan0 145#FD62D980FCC810A1
(1675526297.582616) vcan0 1D0#0000000000000861
(1675526297.585457) vcan0 28C#000000000018FE9E
(1675526297.585534) vcan0 2B5#4B34396293A66422
(1675526297.585609) vcan0 0E0#E27373D800800800
(1675526297.585708) vcan0 370#0720C000751BCB1F
(1675526297.585792) vcan0 288#6CDA10EF00000080
(1675526297.586507) vcan0 125#E5DC6FE4C1D0D735
(1675526297.587655) vcan0 0F5#0D85F1857F47E2F3
(1675526297.588724) vcan0 120#1F85A5857FC75589
(1675526297.589722) vcan0 130#8FF71D8A0554FF11
(1675526297.589798) vcan0 150#8B052D1619F653C0
(1675526297.589874) vcan0 008#81900408E6800080
(1675526297.590022) vcan0 290#0000000000000000
(1675526297.590806) vcan0 010#000000002FB031F8
(1675526297.591804) vcan0 072#F000FF3F00788038
(1675526297.591952) vcan0 2A9#8C26008AC0000084
(1675526297.594296) vcan0 1B0#00C000000BB000FC
(1675526297.595406) vcan0 1B5#FF1DA28EA3E0FFEF
(1675526297.596442) vcan0 1D8#363339343234DF43
(1675526297.597440) vcan0 1E0#0004E34300B917E0
(1675526297.600350) vcan0 008#7F901410D0800080
(1675526297.600426) vcan0 055#DAF70028B22F9C80
(1675526297.600574) vcan0 065#35E4FCF7F58DFF01
(1675526297.600660) vcan0 070#000024F800E24200
(1675526297.601446) vcan0 075#0000000000005458
(1675526297.601522) vcan0 080#01508000C2002C00
(1675526297.601598) vcan0 0B0#3983CAA2E0C139A3
(1675526297.601674) vcan0 145#FD52DA80FCC810A1
(1675526297.601822) vcan0 010#000000002FB031F9
(1675526297.602535) vcan0 1D0#0000000000000261
(1675526297.602611) vcan0 210#31E18020A869D14D
(1675526297.602688) vcan0 291#0000000000000000
(1675526297.602764) vcan0 0E0#E27370E00080EB00
(1675526297.603549) vcan0 072#F000FF3F0078A038
(1675526297.604616) vcan0 3B0#00D8193832C0C402
(1675526297.607444) vcan0 125#E5DC6FE4C1D0D735
(1675526297.608515) vcan0 260#D0FF0055494B85B0
(1675526297.608662) vcan0 0F5#3F85FF857F4BD2F4
(1675526297.609661) vcan0 120#2185F7857FDA5589
(1675526297.609746) vcan0 130#97F71D8A0544FF11
(1675526297.609823) vcan0 150#7D052A261BF651C0
(1675526297.609901) vcan0 008#7C902403D0800080
(1675526297.609976) vcan0 288#89DA10EF00000080
(1675526297.610763) vcan0 010#000000002FB031F8
(1675526297.611763) vcan0 1B0#00C000000EB000FC
(1675526297.612832) vcan0 1B5#FF21A690A5E0FFEF
(1675526297.613971) vcan0 1D8#363339343234DF43
(1675526297.614968) vcan0 1E0#0004E30300B917E0
(1675526297.615992) vcan0 008#7A9034EED7800080
(1675526297.619971) vcan0 2C3#6B8700FFFF8F5450
(1675526297.620048) vcan0 055#DAF70128B2319C80
(1675526297.620975) vcan0 065#35E4FFF7FC8D0002
(1675526297.621053) vcan0 070#000024F802E24100
(1675526297.621134) vcan0 075#0000000000005458
(1675526297.621205) vcan0 080#05508000C2002C00
(1675526297.621361) vcan0 0B0#3983C7A2E0C139A3
(1675526297.622078) vcan0 010#000000002FB031F8
(1675526297.622153) vcan0 072#F000FF3F00788038
(1675526297.622229) vcan0 145#FD42DB80FCC810A1
(1675526297.622376) vcan0 1D0#0000000000000061
(1675526297.623090) vcan0 28C#000000000018FE9E
(1675526297.623168) vcan0 0E0#E27372E80080C900
(1675526297.625938) vcan0 290#0000000000000000
(1675526297.626086) vcan0 2B5#4B34396293A66425
(1675526297.626162) vcan0 2C0#6B8700090200A0F1
(1675526297.626237) vcan0 2C5#00D759563EE40070
(1675526297.626314) vcan0 340#6E00000000000000
(1675526297.626390) vcan0 3AF#0000000000000020
(1675526297.626536) vcan0 210#31E180A0A869D145
(1675526297.627040) vcan0 125#E5E56FE4C1D0D735
(1675526297.628179) vcan0 0F5#5F85CA857F4FC2F4
(1675526297.629256) vcan0 120#178507867FC65589
(1675526297.629334) vcan0 130#9FF41D8A0534FF11
(1675526297.629410) vcan0 150#AB0538361CF613C0
(1675526297.630336) vcan0 008#789044E0D7800080
(1675526297.631336) vcan0 010#000000002FB031F8
(1675526297.632404) vcan0 291#0000000000000000
(1675526297.635246) vcan0 2A9#8C260093C0000084
(1675526297.635323) vcan0 288#A6DA10EF00000080
(1675526297.636273) vcan0 072#F000FF3F0078A038
(1675526297.636350) vcan0 360#718700D2C369A001
(1675526297.637348) vcan0 260#D0FF0055494385B0
(1675526297.638488) vcan0 1B0#00C0000009B000FC
(1675526297.639487) vcan0 1B5#FF24AA91A7E0FFEF
(1675526297.639563) vcan0 1D8#363339343234DF43
(1675526297.639640) vcan0 1E0#0008D34300B917E0
(1675526297.639716) vcan0 008#739054B8F4800080
(1675526297.640580) vcan0 055#DAF70228B2329C80
(1675526297.640656) vcan0 065#36E4FFF7FF8D0002
(1675526297.640733) vcan0 070#000023F803E24000
(1675526297.640881) vcan0 075#0000000000005458
(1675526297.641665) vcan0 080#08508000C2002C00
(1675526297.644433) vcan0 0B0#3983C7A2E0C139A3
(1675526297.644581) vcan0 010#000000002FB031F8
(1675526297.644657) vcan0 145#FD32DC80FCC810A1
(1675526297.644733) vcan0 1D0#0000000000000061
(1675526297.644810) vcan0 390#80FF0519021A594F
(1675526297.644886) vcan0 0E0#E2736AF00080B100
(1675526297.645601) vcan0 125#E5EE6FE4C1D0D735
(1675526297.646716) vcan0 0F5#328500867F53B2F5
(1675526297.647715) vcan0 120#1E85EB857FCC5589
(1675526297.648784) vcan0 130#A7FA1D8A0524FF11
(1675526297.649852) vcan0 150#9B053B461CF613C0
(1675526297.649937) vcan0 008#6C9064AFF4800080
(1675526297.650085) vcan0 3C8#6B87008E886C008E
(1675526297.650161) vcan0 290#0000000000000000
(1675526297.650875) vcan0 010#000000002FB031F8
(1675526297.652300) vcan0 072#F000FF3F00788038
(1675526297.652447) vcan0 210#1FE180A0A869D145
(1675526297.652524) vcan0 330#2800000000000000
(1675526297.652599) vcan0 3D0#9E0F6100170480C3
(1675526297.653455) vcan0 350#A200000000000080
(1675526297.657430) vcan0 1B0#00C0000009B000FC
(1675526297.658497) vcan0 1B5#FF27AD93A9E0FFEF
(1675526297.659637) vcan0 1D8#363339343234DF43
(1675526297.659782) vcan0 1E0#000CC34300B917E0
(1675526297.659861) vcan0 008#6690748018810080
(1675526297.659937) vcan0 288#68DA10EF00000080
(1675526297.660723) vcan0 055#DBF70328B2349C80
(1675526297.660808) vcan0 065#1CE401F8F58D0202
(1675526297.660884) vcan0 070#000023F803E24000
(1675526297.661031) vcan0 075#0000000000005458
(1675526297.661817) vcan0 080#0A508000C2002C00
(1675526297.661957) vcan0 0B0#3983C7A2E0C139A3
(1675526297.661969) vcan0 145#FD22DD80FCC810A1
(1675526297.662046) vcan0 28C#000000000018FE9D
(1675526297.662121) vcan0 2B5#4B34396293A66427
(1675526297.664611) vcan0 010#000000002FB031F8
(1675526297.664688) vcan0 1D0#0000000000000861
(1675526297.664834) vcan0 0E0#E2735DF800809E00
(1675526297.664911) vcan0 291#0000000000000000
(1675526297.664986) vcan0 2C3#6B8700FFFF8F5450
(1675526297.665063) vcan0 400#020B011601010102
(1675526297.665139) vcan0 405#7187003B002E3E02
(1675526297.665720) vcan0 125#E5F56FE4C1D0D735
(1675526297.666853) vcan0 072#F000FF3F0078A038
(1675526297.667925) vcan0 260#D0FF0055497487B0
(1675526297.668994) vcan0 0F5#7C850B867F57A2F5
(1675526297.669141) vcan0 120#3185DB857FD05589
(1675526297.669219) vcan0 130#AFFF1D8A0514FF11
(1675526297.670004) vcan0 150#B00526561CF6EEC0
(1675526297.670153) vcan0 008#5F90846827810080
(1675526297.672643) vcan0 010#000000002FB031F8
(1675526297.673642) vcan0 2A9#8C26008AC0000084
(1675526297.674783) vcan0 210#1FE180A0A869D045
(1675526297.684205) vcan0 1B0#00C000000DB000FC
(1675526297.684286) vcan0 1B5#FF2BB195ABE0FFEF
(1675526297.684362) vcan0 1D8#363339343234DF43
(1675526297.684439) vcan0 1E0#000CC30300B917E0
(1675526297.684587) vcan0 008#5690944543810080
(1675526297.684665) vcan0 055#DBF70328B2349C80
(1675526297.684756) vcan0 065#01E402F8E78D0302
(1675526297.684834) vcan0 070#000022F804E23F00
(1675526297.684911) vcan0 075#0000000000005458
(1675526297.684986) vcan0 080#0B508000C2002C00
(1675526297.685134) vcan0 0B0#3B83C0A2E0C13BA3
(1675526297.685212) vcan0 145#FD12DE80FCC810A1
(1675526297.685287) vcan0 290#0000000000000000
(1675526297.685361) vcan0 2C0#6B8700BD0100A0F1
(1675526297.685439) vcan0 2C5#00D7505916E40070
(1675526297.685587) vcan0 010#000000002FB031F9
(1675526297.685664) vcan0 072#F000FF3F00788038
(1675526297.685743) vcan0 0E0#E27355C000808600
(1675526297.685818) vcan0 1D0#0000000000000261
(1675526297.685966) vcan0 370#0720C000751BCB1F
(1675526297.686043) vcan0 3E0#000000D92F808090
(1675526297.686120) vcan0 288#48DA20DF00000080
(1675526297.686221) vcan0 125#E50C70E4C1D0D735
(1675526297.687008) vcan0 0F5#9185F7857F5B92F6
(1675526297.688146) vcan0 120#448502867FDF5589
(1675526297.689214) vcan0 130#B7FF1D9F05EF0112
(1675526297.689290) vcan0 150#C6051D661DF6C8C0
(1675526297.690216) vcan0 008#4D90A40B76810080
(1675526297.690295) vcan0 3CA#00000000D50000C8
(1675526297.691362) vcan0 010#000000002FB031F8
(1675526297.692786) vcan0 291#0000000000000000
(1675526297.693856) vcan0 072#F000FF3F0078A038
(1675526297.694854) vcan0 260#D0FF00AA497487B0
(1675526297.695931) vcan0 1B0#00C0000006B000FC
(1675526297.698842) vcan0 1B5#FF2EB597ADE0FFEF
(1675526297.698920) vcan0 1D8#363339343234DF43
(1675526297.699917) vcan0 1E0#0010B34300B917E0
(1675526297.699995) vcan0 008#3F90B4A4DB810080
(1675526297.700080) vcan0 2C3#6B8700FFFF8F5450
(1675526297.700228) vcan0 055#DCF70328B2349C80
(1675526297.701014) vcan0 065#D5E303F8E28D0402
(1675526297.701091) vcan0 070#000022F804E23F00
(1675526297.701166) vcan0 075#0000000000005458
(1675526297.701244) vcan0 080#0B508000C2002C00
(1675526297.701321) vcan0 0B0#3F83B9A2E0C13FA3
(1675526297.702035) vcan0 010#000000002FB031F8
(1675526297.702183) vcan0 145#FD02DF80FCC810A1
(1675526297.702260) vcan0 1D0#0000000000000061
(1675526297.702336) vcan0 210#1FE180A0A869D14D
(1675526297.704964) vcan0 28C#000000000018FE9C
(1675526297.705040) vcan0 0E0#E27352C800806900
(1675526297.705186) vcan0 2B5#4B34396293A6642D
(1675526297.705263) vcan0 340#6D00000000000000
(1675526297.706060) vcan0 125#E52770E4C1D0D735
(1675526297.707135) vcan0 0F5#3E8542867F5F82F6
(1675526297.708204) vcan0 120#1C851C867FFC5589
(1675526297.709202) vcan0 130#BF071E9F05DF0712
(1675526297.709349) vcan0 150#CA051F761CF6B4C0
(1675526297.710349) vcan0 008#2F90C43F3F820080
(1675526297.710425) vcan0 288#68DA20DF00000080
(1675526297.710501) vcan0 290#0000000000000000
(1675526297.711358) vcan0 010#000000002FB031F8
(1675526297.711434) vcan0 072#F000FF3F00788038
(1675526297.712359) vcan0 2A9#8C260082C0000084
(1675526297.714775) vcan0 1B0#00C000000FB000FC
(1675526297.718685) vcan0 1B5#FF31B998AFE0FFEF
(1675526297.719755) vcan0 1D8#363339343234DF43
(1675526297.719830) vcan0 1E0#0014A34300B917E0
(1675526297.719907) vcan0 008#1D90D4E39D820080
(1675526297.720054) vcan0 055#DBF70928B2349C80
(1675526297.720850) vcan0 065#9EE303F8CD8D0302
(1675526297.720926) vcan0 070#000022F809E23E00
(1675526297.721003) vcan0 075#0000000000005458
(1675526297.721079) vcan0 080#19508000C2002C00
(1675526297.721865) vcan0 0B0#4383ABA2E8C143A3
(1675526297.722013) vcan0 145#FDF2D080FCC810A1
(1675526297.722090) vcan0 010#000000002FB031F8
(1675526297.722165) vcan0 1D0#0000000000000061
(1675526297.722882) vcan0 291#0000000000000000
(1675526297.722959) vcan0 0E0#E27342D000805900
(1675526297.726799) vcan0 072#F000FF3F0078A038
(1675526297.726874) vcan0 210#1FE180A0A869D14D
(1675526297.726951) vcan0 3B0#00FC193832C0C400
(1675526297.727878) vcan0 125#E54970E4C1D0D735
(1675526297.728876) vcan0 260#D0FF00AA497487B0
(1675526297.729024) vcan0 0F5#61851C867F6372F7
(1675526297.729107) vcan0 120#4D85F8857FF45589
(1675526297.729184) vcan0 130#C70C1E9F05CF0D12
(1675526297.730041) vcan0 150#B60518861BF6B8C0
(1675526297.730117) vcan0 008#0D90E46F10830080
(1675526297.731044) vcan0 010#000000002FB031F8
(1675526297.732111) vcan0 330#2800000000000000
(1675526297.733109) vcan0 288#FED920DF00000080
(1675526297.734249) vcan0 360#718700D2C369A001
(1675526297.736671) vcan0 1B0#00C0000012B000FC
(1675526297.737809) vcan0 1B5#FF35BD9AB1E0FFEF
(1675526297.738808) vcan0 1D8#363339343234DF43
(1675526297.739877) vcan0 1E0#0014A30300B917E0
(1675526297.739953) vcan0 008#F88FF41075830080
(1675526297.742721) vcan0 2C3#6B8700FFFF8F5450
(1675526297.742798) vcan0 055#DCF70D28B2349C80
(1675526297.742945) vcan0 065#6CE306F8D58D0802
(1675526297.743030) vcan0 070#000021F80DE23D00
(1675526297.743107) vcan0 075#0000000000005458
(1675526297.743183) vcan0 080#23508000C2002C00
(1675526297.743260) vcan0 0B0#47839AA2F6C147A3
(1675526297.743337) vcan0 010#000000002FB031F8
(1675526297.743414) vcan0 072#F000FF3F00788038
(1675526297.743491) vcan0 145#FDE2D180FCC810A1
(1675526297.743637) vcan0 1D0#0000000000000861
(1675526297.743715) vcan0 28C#000000000018FE99
(1675526297.743791) vcan0 0E0#E27348D800803300
(1675526297.743868) vcan0 290#0000000000000000
(1675526297.743945) vcan0 2B5#4B34376293A66139
(1675526297.746716) vcan0 2C0#6B8700860100A0F1
(1675526297.746794) vcan0 2C5#00D74C5DC6E30070
(1675526297.746941) vcan0 390#80FF051902165A4F
(1675526297.747017) vcan0 3AF#0000000000000020
(1675526297.747101) vcan0 350#A200000000000080
(1675526297.747817) vcan0 125#E57570E4C1D0D735
(1675526297.748955) vcan0 0F5#8185F7857F6762F7
(1675526297.749031) vcan0 120#4A85FF857FD95589
(1675526297.749109) vcan0 130#CF0F1E9F05BF0D12
(1675526297.750035) vcan0 150#A90503961BF6B5C0
(1675526297.750112) vcan0 008#E48F04A1E8830080
(1675526297.751110) vcan0 010#000000002FB031F8
(1675526297.752106) vcan0 210#1FE18020A869D145
(1675526297.752254) vcan0 291#0000000000000000
(1675526297.752331) vcan0 2A9#8C26009BC0000084
(1675526297.756094) vcan0 072#F000FF3F0078A038
(1675526297.757163) vcan0 260#D0FF00AA497487B0
(1675526297.758161) vcan0 1B0#00C0000012B000FC
(1675526297.759300) vcan0 1B5#FF38C19CB3E0FFEF
(1675526297.759376) vcan0 1D8#363339343234DF43
(1675526297.759459) vcan0 1E0#0018934300B917E0
(1675526297.759537) vcan0 008#CD8F14345B840080
(1675526297.760393) vcan0 288#FED920DF00000080
(1675526297.760470) vcan0 055#DCF70E28B2349C80
(1675526297.760545) vcan0 065#47E307F8D28D0702
(1675526297.760621) vcan0 070#000022F80FE23B00
(1675526297.761478) vcan0 075#0000000000005458
(1675526297.761554) vcan0 080#28508000C2002C00
(1675526297.761775) vcan0 0B0#4B838FA2FDC14BA3
(1675526297.761779) vcan0 145#FDD2D280FCC810A1
(1675526297.764336) vcan0 010#000000002FB031F9
(1675526297.764412) vcan0 1D0#0000000000000261
(1675526297.764559) vcan0 0E0#E2735AE000800100
(1675526297.765486) vcan0 125#E5A670E4C1D0D735
(1675526297.766490) vcan0 0F5#338574867F6B52F8
(1675526297.767629) vcan0 120#1885F5857FE95589
(1675526297.768708) vcan0 130#D70F1E9F05AF0D12
(1675526297.769779) vcan0 150#D60503A61CF678C0
(1675526297.769855) vcan0 008#B68F24C7CF840080
(1675526297.769929) vcan0 3C8#6B87008E886C008E
(1675526297.770858) vcan0 290#0000000000000000
(1675526297.771855) vcan0 010#000000002FB031F8
(1675526297.773209) vcan0 072#F000FF3F00788038
(1675526297.774350) vcan0 210#1FE180A0A869D14D
(1675526297.778189) vcan0 1B0#00C0000016B000FC
(1675526297.779328) vcan0 1B5#FF3BC59EB5E0FFEF
(1675526297.779406) vcan0 1D8#363339343234DF43
(1675526297.779482) vcan0 1E0#001C834300B917E0
(1675526297.780339) vcan0 008#9D8F345C42850080
(1675526297.780415) vcan0 2C3#6B8700FFFF8F5450
(1675526297.780491) vcan0 055#DCF70E28B2349C80
(1675526297.780568) vcan0 065#3BE30AF8E78D0E02
(1675526297.780653) vcan0 070#000021F80FE23A00
(1675526297.781439) vcan0 075#0000000000005458
(1675526297.781516) vcan0 080#27508000C2002C00
(1675526297.781592) vcan0 010#000000002FB031F8
(1675526297.781668) vcan0 0B0#4F838BA200C24FA3
(1675526297.782455) vcan0 145#FDC2D380FCC810A1
(1675526297.782529) vcan0 1D0#0000000000000061
(1675526297.785370) vcan0 28C#000000000018FE93
(1675526297.785448) vcan0 291#0000000000000000
(1675526297.785523) vcan0 0E0#E2733BE800800000
(1675526297.785670) vcan0 2B5#4B34336293A65D43
(1675526297.785754) vcan0 340#6D00000000000000
(1675526297.785830) vcan0 370#0720C000751BCB1F
(1675526297.785908) vcan0 288#54DA30CF00000080
(1675526297.786409) vcan0 072#F000FF3F0078A038
(1675526297.787551) vcan0 125#E5D370E4C1D0D735
(1675526297.788557) vcan0 260#D0FF0055497487B0
(1675526297.788633) vcan0 0F5#4185DD857F6F42F8
(1675526297.789632) vcan0 120#2885E4857FE55589
(1675526297.789709) vcan0 130#DF0C1E9F059F0A12
(1675526297.789784) vcan0 150#9F051EB61EF69FC0
(1675526297.789863) vcan0 008#898F441F83850080
(1675526297.792066) vcan0 010#000000002FB031F8
(1675526297.792143) vcan0 2A9#8C260082C0000084
(1675526297.793070) vcan0 1B0#00C000001BB000FC
(1675526297.794208) vcan0 1B5#FF3FC89FB6E0FFEF
(1675526297.795208) vcan0 1D8#363339343234DF43
(1675526297.799186) vcan0 1E0#001C830300B917E0
(1675526297.800254) vcan0 008#748F54E4C3850080
(1675526297.800330) vcan0 055#DCF70E28B23A9C81
(1675526297.801330) vcan0 065#3AE30CF8F68D0E02
(1675526297.801405) vcan0 070#000021F80FE23900
(1675526297.801491) vcan0 075#0000000000005458
(1675526297.801637) vcan0 080#28508000C2002C00
(1675526297.802283) vcan0 010#000000002FB031F8
(1675526297.802429) vcan0 072#F000FF3F00788038
(1675526297.802506) vcan0 0B0#538388A200C253A3
(1675526297.802582) vcan0 145#FDB2D480FCC810A1
(1675526297.802657) vcan0 0E0#E2734DF00080CE00
(1675526297.803373) vcan0 1D0#0000000000000061
(1675526297.803451) vcan0 210#1FE180A0A869D14D
(1675526297.803598) vcan0 290#0000000000000000
(1675526297.806300) vcan0 2C0#6B8700720100A0F1
(1675526297.806377) vcan0 2C5#01D741633AE30070
(1675526297.807303) vcan0 125#E50571E4C1D0D735
(1675526297.808370) vcan0 0F5#5E85D4857F7332F9
(1675526297.809367) vcan0 120#5185EC857FC65589
(1675526297.809444) vcan0 130#E70A1E9F058F0412
(1675526297.809601) vcan0 150#7C0522C622F6B2C0
(1675526297.809675) vcan0 008#608F64CBE0850080
(1675526297.810463) vcan0 288#64DA30CF00000080
(1675526297.810610) vcan0 3CA#00000000D60000C8
(1675526297.811691) vcan0 010#000000002FB031F8
(1675526297.811696) vcan0 291#0000000000000000
(1675526297.812611) vcan0 330#2800000000000000
(1675526297.812687) vcan0 425#0000000000000000
(1675526297.813686) vcan0 072#F000FF3F0078A038
(1675526297.816179) vcan0 260#D0FF0055497487B0
(1675526297.817249) vcan0 1B0#00C000001AB000FC
(1675526297.818317) vcan0 1B5#FF42CCA1B8E0FFEF
(1675526297.819387) vcan0 1D8#363339343234DF43
(1675526297.819463) vcan0 1E0#0020734300B917E0
(1675526297.819540) vcan0 008#498F74AD04860080
(1675526297.820396) vcan0 2C3#6B8700FFFF8F5450
(1675526297.820481) vcan0 055#DDF70F28B23B9C80
(1675526297.820557) vcan0 065#35E30DF8F98D0F02
(1675526297.823255) vcan0 070#000020F810E23800
(1675526297.823333) vcan0 075#0000000000005458
(1675526297.823408) vcan0 080#2A508000C2002C00
(1675526297.823556) vcan0 0B0#57838AA200C257A3
(1675526297.823632) vcan0 145#FDA2D580FCC810A1
(1675526297.823709) vcan0 010#000000002FB031F8
(1675526297.823786) vcan0 1D0#0000000000000861
(1675526297.823862) vcan0 28C#000000000018FE90
(1675526297.823937) vcan0 2B5#4B34326293A65945
(1675526297.824015) vcan0 0E0#E27359F80080A200
(1675526297.824303) vcan0 210#1FE180A0A869D145
(1675526297.825373) vcan0 125#E53171E4C1D0D735
(1675526297.826520) vcan0 0F5#2F857A867F7722F9
(1675526297.827517) vcan0 120#2B85FA857FE25589
(1675526297.828608) vcan0 130#EF011E9F057FFF11
(1675526297.831520) vcan0 150#BD0532D626F661C0
(1675526297.831598) vcan0 008#378F84AF04860080
(1675526297.831675) vcan0 290#0000000000000000
(1675526297.831751) vcan0 010#000000002FB031F8
(1675526297.831898) vcan0 072#F000FF3F00788038
(1675526297.832613) vcan0 2A9#8C26009BC0000084
(1675526297.833608) vcan0 288#D3DA30CF00000080
(1675526297.834678) vcan0 350#A200000000000080
(1675526297.835747) vcan0 360#718700D2C369A001
(1675526297.836889) vcan0 1B0#00C000001DB000FC
(1675526297.837886) vcan0 1B5#FF46D0A3BAE0FFEF
(1675526297.838955) vcan0 1D8#363339343234DF43
(1675526297.839951) vcan0 1E0#0024634300B917E0
(1675526297.840029) vcan0 008#258F94C7EF850080
(1675526297.840176) vcan0 055#DDF70F28B2439C81
(1675526297.844230) vcan0 065#34E30DF8FD8D0E02
(1675526297.844378) vcan0 070#000020F811E23700
(1675526297.844454) vcan0 075#0000000000005458
(1675526297.844530) vcan0 080#39508000C2002C00
(1675526297.844607) vcan0 0B0#5B8387A200C25BA3
(1675526297.844682) vcan0 010#000000002FB031F9
(1675526297.844758) vcan0 145#FD92D680FCC810A1
(1675526297.844835) vcan0 1D0#0000000000000261
(1675526297.844983) vcan0 291#0000000000000000
(1675526297.845059) vcan0 390#80FF051902125B6F
(1675526297.845135) vcan0 0E0#E27352C000808900
(1675526297.845282) vcan0 072#F000FF3F0078A038
(1675526297.846428) vcan0 3B0#00D8193C32C0C400
(1675526297.847425) vcan0 125#E55071E4C1D0D735
(1675526297.848496) vcan0 260#D0FF005549E185B0
(1675526297.848645) vcan0 0F5#5C85C1857F7B12FA
(1675526297.849509) vcan0 120#1E85EE857FCB5589
(1675526297.849658) vcan0 130#F7FF1D9F056FFF11
(1675526297.849734) vcan0 150#C3054AE62BF64BC0
(1675526297.849810) vcan0 008#158FA4D6E0850080
(1675526297.852083) vcan0 010#000000002FB031F8
(1675526297.852160) vcan0 210#1FE180A0A869D145
(1675526297.852237) vcan0 3D0#9E0F6100170480C3
(1675526297.853091) vcan0 430#2A082A0000001586
(1675526297.857142) vcan0 1B0#00C0000021B000FC
(1675526297.858138) vcan0 1B5#FF49D4A4BCE0FFEF
(1675526297.859207) vcan0 1D8#363339343234DF43
(1675526297.859283) vcan0 1E0#0024630300B917E0
(1675526297.860281) vcan0 008#058FB408AE850080
(1675526297.860358) vcan0 288#BEDA30CF00000080
(1675526297.860434) vcan0 2C3#6B8700FFFF8F5450
(1675526297.860581) vcan0 055#DDF71028B24C9C82
(1675526297.860667) vcan0 065#4FE30EF8088E1002
(1675526297.861381) vcan0 070#000020F811E23600
(1675526297.861457) vcan0 075#0000000000005458
(1675526297.861604) vcan0 080#3A508000C2002C00
(1675526297.861610) vcan0 010#000000002FB031F8
(1675526297.862324) vcan0 072#F000FF3F00788038
(1675526297.862400) vcan0 0B0#5F8389A200C25FA3
(1675526297.865241) vcan0 145#FD82D780FCC810A1
(1675526297.865316) vcan0 1D0#0000000000000061
(1675526297.865463) vcan0 0E0#E27359C800806200
(1675526297.865540) vcan0 28C#000000000018FE8F
(1675526297.865616) vcan0 290#0000000000000000
(1675526297.865700) vcan0 2B5#4B34326293A65847
(1675526297.865775) vcan0 2C0#6B8700700100A0F1
(1675526297.865852) vcan0 2C5#02D73C6532E30070
(1675526297.865999) vcan0 340#6C00000000000000
(1675526297.866084) vcan0 3AF#0000000000000020
(1675526297.866303) vcan0 125#E57971E4C1D0D735
(1675526297.867371) vcan0 0F5#3285B8857F7F02FA
(1675526297.868442) vcan0 120#6185EC857FD35589
(1675526297.869509) vcan0 130#FFFF1D9F055FFF11
(1675526297.869587) vcan0 150#5E0543F632F6A0C0
(1675526297.872359) vcan0 008#F58EC43C7B850080
(1675526297.873497) vcan0 010#000000002FB031F8
(1675526297.873573) vcan0 291#0000000000000000
(1675526297.873651) vcan0 2A9#8C260082C0000084
(1675526297.874506) vcan0 072#F000FF3F0078A038
(1675526297.875575) vcan0 210#1FE180A0A869D145
(1675526297.876581) vcan0 260#D0FF00AA49D385B0
(1675526297.877721) vcan0 1B0#00C0000018B000FC
(1675526297.878717) vcan0 1B5#FF4CD8A6BEE0FFEF
(1675526297.879786) vcan0 1D8#363339343234DF43
(1675526297.879874) vcan0 1E0#0028534300B917E0
(1675526297.879950) vcan0 008#E58ED47C3B850080
(1675526297.880025) vcan0 055#DDF71028B2509C80
(1675526297.880812) vcan0 065#5FE30EF8148E1102
(1675526297.880890) vcan0 070#000020F812E23600
(1675526297.883732) vcan0 075#0000000000005458
(1675526297.883880) vcan0 080#3C508000C2002C00
(1675526297.883956) vcan0 0B0#63838DA200C263A3
(1675526297.884032) vcan0 145#FD72D880FCC810A1
(1675526297.884110) vcan0 370#0720C000751BCB1F
(1675526297.884186) vcan0 010#000000002FB031F8
(1675526297.884261) vcan0 1D0#0000000000000061
(1675526297.884337) vcan0 0E0#E2735ED000803D00
(1675526297.884769) vcan0 288#F8DA40BF00000080
(1675526297.885845) vcan0 125#E59A71E4C1D0D735
(1675526297.886914) vcan0 0F5#4D851C867F43F2FB
(1675526297.887993) vcan0 120#4A85CB857FF45589
(1675526297.889062) vcan0 130#87F71D9F054FFF11
(1675526297.890131) vcan0 150#A1054A0637F64DC0
(1675526297.893043) vcan0 008#D38EE48D2C850080
(1675526297.893120) vcan0 3C8#6B87008E886C008E
(1675526297.893195) vcan0 290#0000000000000000
(1675526297.893272) vcan0 010#000000002FB031F8
(1675526297.893348) vcan0 072#F000FF3F00788038
(1675526297.893496) vcan0 330#2800000000000000
(1675526297.894070) vcan0 1B0#00C0000012B000FC
(1675526297.895139) vcan0 1B5#FF50DBA8C0E0FFEF
(1675526297.896214) vcan0 1D8#363339343234DF43
(1675526297.897210) vcan0 1E0#002C434300B917E0
(1675526297.898279) vcan0 008#C18EF4AC0F850080
(1675526297.901189) vcan0 2C3#6B8700FFFF8F5450
(1675526297.901265) vcan0 055#DDF71128B25A9C81
(1675526297.901351) vcan0 065#7BE30FF8138E1102
(1675526297.901427) vcan0 070#000020F813E23500
(1675526297.901504) vcan0 075#0000000000005458
(1675526297.901580) vcan0 080#46508000C2002C00
(1675526297.902154) vcan0 010#000000002FB031F8
(1675526297.902300) vcan0 0B0#678391A200C267A3
(1675526297.902377) vcan0 145#FD62D980FCC810A1
(1675526297.902451) vcan0 1D0#0000000000000861
(1675526297.902529) vcan0 210#1FE18020A869D14D
(1675526297.903197) vcan0 0E0#E27346D800803500
(1675526297.903321) vcan0 28C#000000000018FE93
(1675526297.903396) vcan0 291#0000000000000000
(1675526297.903472) vcan0 2B5#4B34366293A65849
(1675526297.906105) vcan0 072#F000FF3F0078A038
(1675526297.907173) vcan0 125#E5BB71E4C1D0D735
(1675526297.908244) vcan0 260#D0FF00AA49CC85B0
(1675526297.909321) vcan0 0F5#3985CE857F47E2FB
(1675526297.909398) vcan0 120#0D85C6857FE65589
(1675526297.909475) vcan0 130#8FFA1D9F053FFF11
(1675526297.909551) vcan0 150#A4055F163EF63AC0
(1675526297.910265) vcan0 008#AE8E04BD01850080
(1675526297.910413) vcan0 288#0CDB40BF00000080
(1675526297.911341) vcan0 010#000000002FB031F8
(1675526297.912410) vcan0 2A9#8C26008AC0000084
(1675526297.912486) vcan0 400#01010101010B0303
(1675526297.912562) vcan0 405#0000000000000000
(1675526297.914765) vcan0 1B0#00C000000EB000FC
(1675526297.915842) vcan0 1B5#FF53DFAAC2E0FFEF
(1675526297.916837) vcan0 1D8#363339343234DF43
(1675526297.917975) vcan0 1E0#002C430300B917E0
(1675526297.918974) vcan0 008#9A8E14D8EB840080
(1675526297.921885) vcan0 055#DFF71228B2629C81
(1675526297.921970) vcan0 065#93E30DF81B8E0E02
(1675526297.922046) vcan0 070#00001EF814E23500
(1675526297.922193) vcan0 075#0000000000005458
(1675526297.922271) vcan0 080#45508000C2002C00
(1675526297.922346) vcan0 0B0#6B8398A2FCC16BA3
(1675526297.922421) vcan0 145#FD52DA80FCC810A1
(1675526297.922499) vcan0 010#000000002FB031F9
(1675526297.922574) vcan0 072#F000FF3F00788038
(1675526297.922933) vcan0 1D0#0000000000000261
(1675526297.923010) vcan0 290#0000000000000000
(1675526297.923087) vcan0 0E0#E27343E000801800
(1675526297.923164) vcan0 2C0#6B8700700100A0F1
(1675526297.923311) vcan0 2C5#03D7366784E30070
(1675526297.923954) vcan0 350#A200000000000080
(1675526297.926867) vcan0 210#0CE180A0A869D14D
(1675526297.927936) vcan0 125#E5E571E4C1D0D735
(1675526297.929013) vcan0 0F5#4B8514867F4BD2FB
(1675526297.929089) vcan0 120#1485DD857FEC5589
(1675526297.929167) vcan0 130#97F71D9F052FFF11
(1675526297.930022) vcan0 150#8F05592646F63FC0
(1675526297.930098) vcan0 008#888E24C301850080
(1675526297.930175) vcan0 3CA#00000000C00000C8
(1675526297.931030) vcan0 010#000000002FB031F8
(1675526297.932098) vcan0 291#0000000000000000
(1675526297.933168) vcan0 288#D3DA40BF00000080
(1675526297.934165) vcan0 072#F000FF3F0078A038
(1675526297.935163) vcan0 360#718700D2C369A001
(1675526297.936240) vcan0 260#D0FF00AA49E185B0
(1675526297.937238) vcan0 1B0#00C000000CB000FC
(1675526297.938802) vcan0 1B5#FF56E3ABC4E0FFEF
(1675526297.939799) vcan0 1D8#363339343234DF43
(1675526297.939875) vcan0 1E0#0030334300B917E0
(1675526297.939960) vcan0 008#738E34C801850080
(1675526297.940036) vcan0 2C3#6B8700FFFF8F5450
(1675526297.940114) vcan0 055#DFF71228B2659C80
(1675526297.940828) vcan0 065#B1E30CF81D8E0E02
(1675526297.940905) vcan0 070#00001EF815E23500
(1675526297.940980) vcan0 075#0000000000005458
(1675526297.941057) vcan0 080#48508000C2002C00
(1675526297.945097) vcan0 0B0#6B839FA2F8C16BA3
(1675526297.945174) vcan0 010#000000002FB031F8
(1675526297.945251) vcan0 145#FD42DB80FCC810A1
(1675526297.945397) vcan0 1D0#0000000000000061
(1675526297.945475) vcan0 28C#000000000018FE95
(1675526297.945550) vcan0 2B5#4B34386293A65C2A
(1675526297.945628) vcan0 0E0#E27341E80080FA00
(1675526297.945710) vcan0 340#6C00000000000000
(1675526297.945787) vcan0 390#80FF0519020E5C4F
(1675526297.946228) vcan0 125#E50972E4C1D0D735
(1675526297.947225) vcan0 0F5#5B85F7857F4FC2FC
(1675526297.948293) vcan0 120#A585C9857FF85589
(1675526297.949290) vcan0 130#9FEF1D9F051FFF11
(1675526297.949437) vcan0 150#B0054A364EF60EC0
(1675526297.949514) vcan0 008#638E44C801850080
(1675526297.950368) vcan0 290#0000000000000000
(1675526297.951436) vcan0 010#000000002FB031F8
(1675526297.951513) vcan0 072#F000FF3F00788038
(1675526297.952510) vcan0 210#0CE180A0A869D145
(1675526297.952587) vcan0 2A9#8C260093C0000084
(1675526297.954857) vcan0 1B0#00C000000FB000FC
(1675526297.955933) vcan0 1B5#FF5AE7ADC6E0FFEF
(1675526297.958915) vcan0 1D8#363339343234DF43
