(1675525752.868288) vcan0 260#D0FF00AA497487B0
(1675525752.869633) vcan0 072#F000FF3F0078A038
(1675525752.869713) vcan0 125#E5F57FE4C1D0D735
(1675525752.869790) vcan0 008#51802C8E00800080
(1675525752.874293) vcan0 288#F5DFF00F00000080
(1675525752.874298) vcan0 010#008800002FB031F8
(1675525752.874302) vcan0 1D0#0000000000000061
(1675525752.874381) vcan0 210#3DE080A0A869D645
(1675525752.874460) vcan0 290#0000000000000000
(1675525752.877895) vcan0 0F5#5F9766977F6B52E7
(1675525752.877900) vcan0 120#689787977FFE5589
(1675525752.877979) vcan0 130#D7FF1D7617C6FF11
(1675525752.879283) vcan0 150#6217F7A702F8DAC0
(1675525752.879380) vcan0 3CA#00000000560000C8
(1675525752.879531) vcan0 350#A200000000000080
(1675525752.879610) vcan0 008#51803C7E00800080
(1675525752.886765) vcan0 0E0#E27306F000801500
(1675525752.886770) vcan0 010#008800002FB031F8
(1675525752.886775) vcan0 072#F000FF3F00788038
(1675525752.886779) vcan0 2A9#8C26008AC0000084
(1675525752.886784) vcan0 055#F3F70A28B26B9C80
(1675525752.886788) vcan0 065#03E60AF800CE1F02
(1675525752.886791) vcan0 070#00000BF81FE21500
(1675525752.886795) vcan0 075#0000000000005458
(1675525752.886800) vcan0 080#1D508000C2002C00
(1675525752.886804) vcan0 0B0#398314A3E0C139A3
(1675525752.886808) vcan0 145#F922DD80FC4810A1
(1675525752.886873) vcan0 28C#000000000018FEA7
(1675525752.886961) vcan0 2B5#4BCB2C6293A67E39
(1675525752.887040) vcan0 340#9C00000000000000
(1675525752.887118) vcan0 1B0#00C0000001B000FC
(1675525752.888962) vcan0 1B5#FF07390E10E0FFEF
(1675525752.889042) vcan0 1D8#363339343234E043
(1675525752.889120) vcan0 1E0#0030334300B917E0
(1675525752.889199) vcan0 2C3#528700FFFFF45450
(1675525752.889277) vcan0 125#E5F57FE4C1D0D735
(1675525752.889366) vcan0 008#51804C6E00800080
(1675525752.893079) vcan0 010#008800002FB031F8
(1675525752.893084) vcan0 1D0#0000000000000861
(1675525752.893088) vcan0 291#0000000000000000
(1675525752.895574) vcan0 0F5#669761977F6F42E9
(1675525752.905297) vcan0 120#6F9785977FFF5589
(1675525752.905305) vcan0 130#DFFF1D7617B6FF11
(1675525752.905309) vcan0 150#6317FEB702F8C9C0
(1675525752.905340) vcan0 260#D0FF0055497487B0
(1675525752.905344) vcan0 288#02E0F00F00000080
(1675525752.905348) vcan0 072#F000FF3F0078A038
(1675525752.905353) vcan0 008#51805C5E00800080
(1675525752.905357) vcan0 210#3DE080A0A869D64D
(1675525752.905361) vcan0 3B0#00D850383BB4C402
(1675525752.905365) vcan0 0E0#E27306F80080F500
(1675525752.905369) vcan0 010#008800002FB031F8
(1675525752.905374) vcan0 330#D700000000000000
(1675525752.905377) vcan0 055#F3F70A28B26B9C80
(1675525752.905441) vcan0 065#04E60AF802CE1F02
(1675525752.908258) vcan0 070#00000BF81FE21500
(1675525752.908334) vcan0 075#0000000000005458
(1675525752.908408) vcan0 080#1D508000C2002C00
(1675525752.908481) vcan0 0B0#398314A3E0C139A3
(1675525752.908556) vcan0 145#F912DE80FC4810A1
(1675525752.908642) vcan0 290#0000000000000000
(1675525752.908786) vcan0 2C0#528700000000A0F1
(1675525752.908859) vcan0 2C5#0FE780E505E60070
(1675525752.908934) vcan0 1B0#00C0000001B000FC
(1675525752.909008) vcan0 1B5#FF16481517E0FFEF
(1675525752.909081) vcan0 1D8#363339343234E043
(1675525752.909233) vcan0 1E0#0030330300B917E0
(1675525752.914308) vcan0 360#568700ABB564A041
(1675525752.914313) vcan0 125#E5F57FE4C1D0D735
(1675525752.914317) vcan0 008#51806C4E00800080
(1675525752.914321) vcan0 010#008800002FB031F8
(1675525752.914326) vcan0 072#F000FF3F00788038
(1675525752.914330) vcan0 1D0#0000000000000061
(1675525752.914471) vcan0 390#80FF0519022E544F
(1675525752.916900) vcan0 0F5#5F975F977F7332EB
(1675525752.923945) vcan0 120#879798977FFF5589
(1675525752.923961) vcan0 130#E7FF1D7617A6FF11
(1675525752.923965) vcan0 150#5F17FBC702F8BDC0
(1675525752.923969) vcan0 008#51807C3E00800080
(1675525752.923973) vcan0 288#02E0F00F00000080
(1675525752.923977) vcan0 0E0#E27306C00080D500
(1675525752.923981) vcan0 010#008800002FB031F9
(1675525752.924055) vcan0 210#3EE08020A869D645
(1675525752.924208) vcan0 291#0000000000000000
(1675525752.926518) vcan0 2A9#8C260082C0000084
(1675525752.926523) vcan0 055#F3F70A28B26B9C80
(1675525752.926528) vcan0 065#05E60AF800CE1F02
(1675525752.926532) vcan0 070#00000BF81FE21500
(1675525752.926536) vcan0 075#0000000000005458
(1675525752.926540) vcan0 080#1D508000C2002C00
(1675525752.926544) vcan0 0B0#398314A3E0C139A3
(1675525752.926549) vcan0 145#F902DF80FC4810A1
(1675525752.926628) vcan0 28C#000000000018FEA7
(1675525752.933790) vcan0 2B5#4BCB2C6293A67D39
(1675525752.933794) vcan0 1B0#00C0000001B000FC
(1675525752.933799) vcan0 1B5#FF25581D1FE0FFEF
(1675525752.933803) vcan0 1D8#363339343234E043
(1675525752.933808) vcan0 1E0#0034234300B917E0
(1675525752.933812) vcan0 260#D0FF0055497487B0
