(1675525721.250123) vcan0 1B5#FF4EE6361BE0FFEF
(1675525721.251150) vcan0 1D8#363339343234E043
(1675525721.251223) vcan0 1E0#0008D30300B917E0
(1675525721.251298) vcan0 2C3#528700FFFF6F5450
(1675525721.252471) vcan0 010#008800002FB031F8
(1675525721.253579) vcan0 210#2CE080A0A869D045
(1675525721.253653) vcan0 2A9#8C260082C0000084
(1675525721.257523) vcan0 055#F6F71928B2CB9C84
(1675525721.257600) vcan0 065#9BE70EF8168E4702
(1675525721.258633) vcan0 070#000008F85EE20F00
(1675525721.258711) vcan0 075#0000000000005458
(1675525721.258861) vcan0 080#42508000C2002C00
(1675525721.258938) vcan0 0B0#398314A3E1C139A3
(1675525721.259016) vcan0 145#F982D780FCC810A1
(1675525721.259745) vcan0 28C#000000000016FEAB
(1675525721.259822) vcan0 0E0#627330D000806B00
(1675525721.259900) vcan0 008#068098E900800080
(1675525721.259980) vcan0 290#0000000000000000
(1675525721.260852) vcan0 0F5#A9A7ADA77F57A260
(1675525721.261002) vcan0 120#EBA7EFA77F085689
(1675525721.261080) vcan0 130#AFF71DEF278DFF11
(1675525721.261157) vcan0 150#AB27145816F8D1C0
(1675525721.262318) vcan0 2B5#4B902E6293A6675E
(1675525721.262395) vcan0 2C0#528700D70200A0F1
(1675525721.262473) vcan0 2C5#15E7A3B07EE70070
(1675525721.262559) vcan0 3AF#0000000000000020
(1675525721.263432) vcan0 010#008800002FB031F9
(1675525721.263510) vcan0 072#F000FF3F00ACA038
(1675525721.263661) vcan0 1D0#0000000000000261
(1675525721.264541) vcan0 125#E53880E4C1D0D735
(1675525721.268372) vcan0 008#0680A8D900800080
(1675525721.269462) vcan0 1B0#00C0000007B000FC
(1675525721.270624) vcan0 1B5#FF68004328E0FFEF
(1675525721.270701) vcan0 1D8#363339343234E043
(1675525721.270780) vcan0 1E0#000CC34300B917E0
(1675525721.271653) vcan0 010#008800002FB031F8
(1675525721.272741) vcan0 291#0000000000000000
(1675525721.274035) vcan0 288#54E0708F00000080
(1675525721.277062) vcan0 260#D0FF0055497487B0
(1675525721.277136) vcan0 072#F000FF3F00AC8038
(1675525721.278103) vcan0 210#2CE08020A869D045
(1675525721.278200) vcan0 055#F6F71D28B2E69C83
(1675525721.278273) vcan0 065#CCE714F8148E5D02
(1675525721.278348) vcan0 070#000008F86EE20F00
(1675525721.278491) vcan0 075#0000000000005458
(1675525721.279258) vcan0 080#4E508000C2002C00
(1675525721.279331) vcan0 0B0#398315A3DEC139A3
(1675525721.279474) vcan0 145#F972D880FCC810A1
(1675525721.279549) vcan0 0E0#62733AD800804100
(1675525721.279623) vcan0 008#0680B8C900800080
(1675525721.280316) vcan0 370#0721C000731BC71F
(1675525721.280390) vcan0 0F5#A9A7A5A77F5B9263
(1675525721.280534) vcan0 120#FBA7E4A77F1A5689
(1675525721.283147) vcan0 130#B7F71DE82784FD11
(1675525721.283221) vcan0 150#A727156816F8C5C0
(1675525721.283296) vcan0 3CA#00000000540000C8
(1675525721.283440) vcan0 350#A200000000000080
(1675525721.283523) vcan0 010#008800002FB031F8
(1675525721.283597) vcan0 1D0#0000000000000061
(1675525721.284279) vcan0 125#E53880E4C1D0D735
(1675525721.285370) vcan0 290#0000000000000000
(1675525721.286534) vcan0 008#0680C8B900800080
(1675525721.289069) vcan0 1B0#00C0000006B000FC
(1675525721.290162) vcan0 1B5#FF821A5034E0FFEF
(1675525721.290240) vcan0 1D8#363339343234E043
(1675525721.291257) vcan0 1E0#0010B34300B917E0
(1675525721.291408) vcan0 2C3#528700FFFF705450
(1675525721.293652) vcan0 010#008800002FB031F8
(1675525721.293739) vcan0 072#F000FF3F00ACA038
(1675525721.293884) vcan0 2A9#8C26009BC0000084
(1675525721.297665) vcan0 055#F6F72128B2009D83
(1675525721.297740) vcan0 065#09E819F8318E6302
(1675525721.297814) vcan0 070#000009F87CE20F00
(1675525721.298792) vcan0 075#0000000000005458
(1675525721.298868) vcan0 080#59508000C2002C00
(1675525721.299010) vcan0 0B0#398316A3DEC139A3
(1675525721.299084) vcan0 145#F962D980FCC810A1
(1675525721.299846) vcan0 288#54E0708F00000080
(1675525721.299921) vcan0 0E0#627335E000802600
(1675525721.300063) vcan0 008#0680D8A900800080
(1675525721.300137) vcan0 28C#000000000016FEAB
(1675525721.300211) vcan0 0F5#A1A7A5A77F5F8266
(1675525721.301041) vcan0 120#16A8D9A77F0E5689
(1675525721.301115) vcan0 130#BFF71DE82774FD11
(1675525721.301189) vcan0 150#A3271A7816F8B9C0
(1675525721.302430) vcan0 2B5#4B902E6293A6877C
(1675525721.302505) vcan0 340#C600000000000000
(1675525721.303472) vcan0 010#008800002FB031F8
(1675525721.303614) vcan0 1D0#0000000000000861
(1675525721.303697) vcan0 210#2DE080A0A869D04D
(1675525721.303768) vcan0 291#0000000000000000
(1675525721.304572) vcan0 125#E53580E4C1D0D735
(1675525721.307323) vcan0 260#D0FF0055497487B0
(1675525721.307400) vcan0 072#F000FF3F00AC8038
(1675525721.308346) vcan0 3B0#00FC193C3CB0C400
(1675525721.309435) vcan0 008#0680E88415800080
(1675525721.310599) vcan0 1B0#00C0000003B000FC
(1675525721.310676) vcan0 1B5#FF9B335C41E0FFEF
(1675525721.310753) vcan0 1D8#363339343234E043
(1675525721.310831) vcan0 1E0#0010B30300B917E0
(1675525721.311633) vcan0 010#008800002FB031F8
(1675525721.312727) vcan0 330#D400000000000000
(1675525721.315189) vcan0 055#F6F72428B2169D82
(1675525721.318082) vcan0 065#3BE81FF8338E7C02
(1675525721.318156) vcan0 070#00000AF885E21000
(1675525721.318257) vcan0 075#0000000000005458
(1675525721.319155) vcan0 080#60508000C2002C00
(1675525721.319229) vcan0 0B0#398317A3DDC139A3
(1675525721.319304) vcan0 145#F952DA80FCC810A1
(1675525721.319447) vcan0 290#0000000000000000
(1675525721.319520) vcan0 0E0#62732BE800801000
(1675525721.320215) vcan0 008#0480F87615800080
(1675525721.320289) vcan0 2C0#528700FE0100A0F1
(1675525721.320364) vcan0 0F5#D2A7C6A77F637269
(1675525721.320507) vcan0 120#EBA7D9A77F0E5689
(1675525721.320582) vcan0 130#C7F71DE82764FD11
(1675525721.321343) vcan0 150#CC27138816F880C0
(1675525721.321484) vcan0 2C5#16E7A4AF36E80070
(1675525721.322724) vcan0 010#008800002FB031F8
(1675525721.322797) vcan0 072#F000FF3F00ACA038
(1675525721.323768) vcan0 1D0#0000000000000061
(1675525721.323860) vcan0 288#58E0807F00000080
(1675525721.324878) vcan0 125#E53580E4C1D0D735
(1675525721.327630) vcan0 210#2DE080A0A869D045
(1675525721.328721) vcan0 008#0480085823800080
(1675525721.329883) vcan0 1B0#00C0000008B000FC
(1675525721.329960) vcan0 1B5#FFB54D694EE0FFEF
(1675525721.330905) vcan0 1D8#363339343234E043
(1675525721.330984) vcan0 1E0#0014A34300B917E0
(1675525721.331135) vcan0 2C3#528700FFFF705450
(1675525721.332080) vcan0 010#008800002FB031F8
(1675525721.333099) vcan0 291#0000000000000000
(1675525721.333249) vcan0 2A9#8C260082C0000084
(1675525721.335619) vcan0 260#D0FF0055497487B0
(1675525721.338575) vcan0 072#F000FF3F00AC8038
(1675525721.338650) vcan0 055#F5F72728B2249D82
(1675525721.338724) vcan0 065#52E822F82B8E7F02
(1675525721.338807) vcan0 070#00000AF88DE21000
(1675525721.338882) vcan0 075#0000000000005458
(1675525721.339024) vcan0 080#68508000C2002C00
(1675525721.339100) vcan0 0B0#528317A3DDC152A3
(1675525721.339585) vcan0 145#F942DB80FCC810A1
(1675525721.339728) vcan0 0E0#627327F00080F400
(1675525721.339803) vcan0 008#0280184A23800080
(1675525721.339877) vcan0 28C#000000000016FEAB
(1675525721.340706) vcan0 0F5#CEA7D2A77F67626C
(1675525721.340782) vcan0 120#E4A7DDA77F105689
(1675525721.340856) vcan0 130#CFFA1DD52767F711
(1675525721.340929) vcan0 150#D0271A9816F86CC0
(1675525721.343475) vcan0 2B5#4B912E6293A6A496
(1675525721.343619) vcan0 360#578700B2B164A041
(1675525721.343692) vcan0 010#008800002FB031F9
(1675525721.343773) vcan0 1D0#0000000000000261
(1675525721.343862) vcan0 390#80FF051D02065E4F
(1675525721.344664) vcan0 125#E53580E4C1D0D735
(1675525721.345827) vcan0 290#0000000000000000
(1675525721.346844) vcan0 288#5CE0807F00000080
(1675525721.348004) vcan0 008#0280283A23800080
(1675525721.349096) vcan0 1B0#00C0000004B000FC
(1675525721.350112) vcan0 1B5#FFCF67765BE0FFEF
(1675525721.351560) vcan0 1D8#363339343234E043
(1675525721.351639) vcan0 1E0#0018934300B917E0
(1675525721.354566) vcan0 010#008800002FB031F8
(1675525721.354640) vcan0 072#F000FF3F00ACA038
(1675525721.354714) vcan0 210#2DE080A0A869D04D
(1675525721.354788) vcan0 3D0#950F6100C50580C3
(1675525721.355688) vcan0 055#F5F72A28B2339D82
(1675525721.356862) vcan0 065#4AE825F8198E8D02
(1675525721.357898) vcan0 070#00000AF896E21000
(1675525721.357982) vcan0 075#0000000000005458
(1675525721.359018) vcan0 080#6F508000C2002C00
(1675525721.359162) vcan0 0B0#528318A3DDC152A3
(1675525721.359237) vcan0 145#F932DC80FCC810A1
(1675525721.359312) vcan0 0E0#62732CF80080CF00
(1675525721.360141) vcan0 008#0280382A23800080
(1675525721.360215) vcan0 0F5#EBA7E1A77F6B5270
(1675525721.360289) vcan0 120#06A8D5A77F0B5689
(1675525721.361530) vcan0 130#D7FD1DE1274BF411
(1675525721.361604) vcan0 150#E5271BA816F847C0
(1675525721.363186) vcan0 010#008800002FB031F8
(1675525721.363262) vcan0 1D0#0000000000000061
(1675525721.363403) vcan0 291#0000000000000000
(1675525721.363478) vcan0 400#2401100101010309
(1675525721.364272) vcan0 125#E53280E4C1D0D735
(1675525721.365436) vcan0 260#D0FF0055497487B0
(1675525721.366464) vcan0 072#F000FF3F00AC8038
(1675525721.367554) vcan0 3C8#5287008E882C008E
(1675525721.368719) vcan0 008#0280481A23800080
(1675525721.370024) vcan0 1B0#00C0000005B000FC
(1675525721.370102) vcan0 1B5#FFE9818368E0FFEF
(1675525721.371118) vcan0 1D8#363339343234E043
(1675525721.371268) vcan0 1E0#0018930300B917E0
(1675525721.371345) vcan0 2C3#528700FFFF715450
(1675525721.375321) vcan0 350#A200000000000080
(1675525721.375395) vcan0 010#008800002FB031F8
(1675525721.375469) vcan0 2A9#8C26009BC0000084
(1675525721.375542) vcan0 288#58E0807F00000080
(1675525721.376372) vcan0 210#2DE080A0A869D045
(1675525721.377475) vcan0 055#F5F72D28B2459D82
(1675525721.378580) vcan0 065#02E828F8F68D9602
(1675525721.378653) vcan0 070#00000AF8A2E21000
(1675525721.378738) vcan0 075#0000000000005458
(1675525721.378810) vcan0 080#79508000C2002C00
(1675525721.378953) vcan0 0B0#528318A3DDC152A3
(1675525721.379649) vcan0 145#F922DD80FCC810A1
(1675525721.379724) vcan0 0E0#627332C00080A900
(1675525721.379797) vcan0 008#0280580A23800080
(1675525721.379872) vcan0 28C#000000000016FEAB
(1675525721.380770) vcan0 0F5#F7A7E4A77F6F4273
(1675525721.380914) vcan0 120#03A8D9A77F0E5689
(1675525721.380987) vcan0 130#DFFF1DE42738FA11
(1675525721.381060) vcan0 150#ED2720B816F82FC0
(1675525721.381141) vcan0 290#0000000000000000
(1675525721.383677) vcan0 2B5#4B912E6293A6B4AC
(1675525721.383777) vcan0 2C0#528700510100A0F1
(1675525721.383856) vcan0 2C5#1EE7A6AC4FE80070
(1675525721.384006) vcan0 340#C600000000000000
(1675525721.384098) vcan0 370#0721C000731BC71F
(1675525721.384175) vcan0 3AF#0000000000000020
(1675525721.384254) vcan0 010#008800002FB031F8
(1675525721.384331) vcan0 072#F000FF3F00ACA038
(1675525721.384410) vcan0 1D0#0000000000000861
(1675525721.384561) vcan0 3E0#000000D92E808092
(1675525721.384784) vcan0 125#E53280E4C1D0D735
(1675525721.385875) vcan0 008#028068EB32800080
(1675525721.386966) vcan0 1B0#00C0000002B000FC
(1675525721.388057) vcan0 1B5#FF039B9075E0FFEF
(1675525721.390519) vcan0 1D8#363339343234E043
(1675525721.390596) vcan0 1E0#001C834300B917E0
(1675525721.392986) vcan0 010#008800002FB031F8
(1675525721.394015) vcan0 291#0000000000000000
(1675525721.394158) vcan0 330#D400000000000000
(1675525721.395194) vcan0 260#D0FF00AA497487B0
(1675525721.396308) vcan0 055#F6F72F28B2549D81
(1675525721.399127) vcan0 065#A7E72AF8CC8D9902
(1675525721.399269) vcan0 070#00000AF8A7E21000
(1675525721.399346) vcan0 072#F000FF3F00AC8038
(1675525721.399419) vcan0 075#0000000000005458
(1675525721.399494) vcan0 080#7C508000C2002C00
(1675525721.399637) vcan0 0B0#528317A3DEC152A3
(1675525721.399712) vcan0 145#F912DE80FC4810A1
(1675525721.399786) vcan0 0E0#627330C800808B00
(1675525721.400203) vcan0 008#028078DB32800080
(1675525721.400345) vcan0 288#58E0807F00000080
(1675525721.400419) vcan0 0F5#EBA7FBA77F733276
(1675525721.400493) vcan0 120#EFA7F3A77F115689
(1675525721.400567) vcan0 130#E7FF1DEF271DFF11
(1675525721.401397) vcan0 150#F32717C816F819C0
(1675525721.401472) vcan0 3CA#00000000550000C8
(1675525721.402720) vcan0 010#008800002FB031F8
(1675525721.403762) vcan0 1D0#0000000000000061
(1675525721.403915) vcan0 210#2DE080A0A869D04D
(1675525721.404860) vcan0 125#E53280E4C1D0D735
(1675525721.407681) vcan0 290#0000000000000000
(1675525721.408700) vcan0 008#028088E11C800080
(1675525721.409791) vcan0 1B0#00C0000005B000FC
(1675525721.410952) vcan0 1B5#FF1DB49D82E0FFEF
(1675525721.411032) vcan0 1D8#363339343234E043
(1675525721.411107) vcan0 1E0#0020734300B917E0
(1675525721.411185) vcan0 2C3#528700FFFF715450
(1675525721.411987) vcan0 010#008800002FB031F8
(1675525721.413079) vcan0 072#F000FF3F00ACA038
(1675525721.413157) vcan0 2A9#8C260082C0000084
(1675525721.415531) vcan0 055#F6F73128B25D9D81
(1675525721.418419) vcan0 065#33E72DF8AF8DA502
(1675525721.418507) vcan0 070#00000AF8B0E21000
(1675525721.418650) vcan0 075#0000000000005458
(1675525721.419481) vcan0 080#82508000C2002C00
(1675525721.419625) vcan0 0B0#528316A3DFC152A3
(1675525721.419700) vcan0 0E0#627333D000806800
(1675525721.419774) vcan0 008#00809C531C800080
(1675525721.419850) vcan0 145#F902DF80FC4810A1
(1675525721.420678) vcan0 0F5#0AA806A87F772279
(1675525721.420752) vcan0 120#01A8F7A77F115689
(1675525721.420827) vcan0 130#EF041E0128FA0412
(1675525721.420903) vcan0 150#08281CD815F8F3C0
(1675525721.421803) vcan0 28C#000000000016FEAB
(1675525721.421878) vcan0 2B5#4B922E6293A6C5B8
(1675525721.422914) vcan0 010#008800002FB031F9
(1675525721.424119) vcan0 1D0#0000000000000261
(1675525721.424262) vcan0 291#0000000000000000
(1675525721.424346) vcan0 288#5CE0906F00000080
(1675525721.424420) vcan0 125#E52F80E4C1D0D735
(1675525721.425320) vcan0 260#D0FF00AA497487B0
(1675525721.427861) vcan0 072#F000FF3F00AC8038
(1675525721.427937) vcan0 210#2DE08020A869D04D
(1675525721.428010) vcan0 3B0#00D819383CB0C600
(1675525721.428909) vcan0 008#0080AC510E800080
(1675525721.430083) vcan0 1B0#00C0000005B000FC
(1675525721.430158) vcan0 1B5#FF36CEAA8FE0FFEF
(1675525721.430231) vcan0 1D8#363339343234E043
(1675525721.431130) vcan0 1E0#0020730300B917E0
(1675525721.433960) vcan0 010#008800002FB031F8
(1675525721.434996) vcan0 360#578700B2B164A041
(1675525721.436103) vcan0 055#F6F73228B25E9D80
(1675525721.437139) vcan0 065#93E62FF8938DB002
(1675525721.438175) vcan0 070#000009F8B4E21000
(1675525721.438259) vcan0 075#0000000000005458
(1675525721.441007) vcan0 080#83508000C2002C00
(1675525721.441082) vcan0 0B0#528316A3E0C152A3
(1675525721.441157) vcan0 145#F9F2D080FC4810A1
(1675525721.441299) vcan0 0E0#62732AD800805100
(1675525721.441373) vcan0 008#0080BC410E800080
(1675525721.441447) vcan0 290#0000000000000000
(1675525721.441520) vcan0 0F5#0AA80EA87F7B127D
(1675525721.441664) vcan0 120#28A8D9A77F125689
(1675525721.441738) vcan0 130#F70A1E0A28E10A12
(1675525721.441811) vcan0 150#0C281BE815F8DFC0
(1675525721.441885) vcan0 2C0#528700D30000A0F1
(1675525721.442029) vcan0 2C5#36E7A6AACDE60070
(1675525721.442104) vcan0 010#008800002FB031F8
(1675525721.443278) vcan0 072#F000FF3F00ACA038
(1675525721.443352) vcan0 1D0#0000000000000061
(1675525721.444560) vcan0 390#80FF051D02065E4F
(1675525721.444639) vcan0 125#E52F80E4C1D0D735
(1675525721.445658) vcan0 288#54E0906F00000080
(1675525721.449493) vcan0 008#0280CC211C800080
(1675525721.450583) vcan0 1B0#00C0000003B000FC
(1675525721.450662) vcan0 1B5#FF50E8B79CE0FFEF
(1675525721.450739) vcan0 1D8#363339343234E043
(1675525721.450817) vcan0 1E0#0024634300B917E0
(1675525721.450896) vcan0 2C3#528700FFFF725450
(1675525721.451622) vcan0 010#008800002FB031F8
(1675525721.452784) vcan0 210#2DE080A0A869D045
(1675525721.453822) vcan0 291#0000000000000000
(1675525721.453897) vcan0 2A9#8C26008AC0000084
(1675525721.456306) vcan0 260#D0FF00AA497487B0
(1675525721.459193) vcan0 072#F000FF3F00AC8038
(1675525721.459267) vcan0 055#F7F73228B2609D80
(1675525721.459368) vcan0 065#16E630F8738DB202
(1675525721.459441) vcan0 070#000009F8BAE20F00
(1675525721.459584) vcan0 075#0000000000005458
(1675525721.459660) vcan0 080#85508000C2002C00
(1675525721.459734) vcan0 0B0#528317A3E1C152A3
(1675525721.459807) vcan0 145#F9E2D180FC4810A1
(1675525721.459950) vcan0 0E0#627324E000803700
(1675525721.460305) vcan0 008#0280DC111C800080
(1675525721.460378) vcan0 28C#000000000016FEA9
(1675525721.460453) vcan0 0F5#DDA7E1A77F7F0280
(1675525721.460527) vcan0 120#06A812A87F105689
(1675525721.460669) vcan0 130#FF0C1E0A28D10F12
(1675525721.461362) vcan0 150#DF2718F815F8FDC0
(1675525721.462740) vcan0 2B5#4B922C6293A6C6C0
(1675525721.462881) vcan0 340#C600000000000000
(1675525721.462956) vcan0 350#A200000000000080
(1675525721.463041) vcan0 010#008800002FB031F8
(1675525721.463114) vcan0 1D0#0000000000000861
(1675525721.463932) vcan0 125#E52F80E4C1D0D735
(1675525721.465023) vcan0 290#0000000000000000
(1675525721.467488) vcan0 008#0280EC011C800080
(1675525721.468578) vcan0 1B0#00C0000008B000FC
(1675525721.469670) vcan0 1B5#FF6A02C4A9E0FFEF
(1675525721.470761) vcan0 1D8#363339343234E043
(1675525721.470839) vcan0 1E0#0028534300B917E0
(1675525721.473446) vcan0 010#008800002FB031F8
(1675525721.473523) vcan0 072#F000FF3F00ACA038
(1675525721.473600) vcan0 330#D400000000000000
(1675525721.474511) vcan0 288#58E0906F00000080
(1675525721.475547) vcan0 055#F7F73228B2609D80
(1675525721.476719) vcan0 065#E4E530F88E8DB802
(1675525721.477755) vcan0 070#000008F8BCE20F00
(1675525721.478803) vcan0 075#0000000000005458
(1675525721.478878) vcan0 080#83508000C2002C00
(1675525721.481697) vcan0 0B0#528317A3E1C152A3
(1675525721.481772) vcan0 145#F9D2D280FC4810A1
(1675525721.481915) vcan0 210#2DE080A0A869D045
(1675525721.481989) vcan0 0E0#62731DE800801E00
(1675525721.482062) vcan0 008#0280FCE22B800080
(1675525721.482136) vcan0 370#0721C000731BC71F
(1675525721.482279) vcan0 0F5#D2A7D9A77F43F283
(1675525721.482355) vcan0 120#20A806A87F0B5689
(1675525721.482426) vcan0 130#870F1E0A28C11512
(1675525721.482501) vcan0 150#D527180815F8F7C0
(1675525721.482784) vcan0 010#008800002FB031F8
(1675525721.483919) vcan0 1D0#0000000000000061
(1675525721.484938) vcan0 125#E52F80E4C1D0D735
(1675525721.485017) vcan0 291#0000000000000000
(1675525721.485107) vcan0 405#3233343638333212
(1675525721.486269) vcan0 260#D0FF0055497487B0
(1675525721.487433) vcan0 072#F000FF3F00ACA038
(1675525721.488523) vcan0 3C8#5287008E882C008E
(1675525721.489687) vcan0 008#04800CD02B800080
(1675525721.491209) vcan0 1B0#00C000000FB000FC
(1675525721.491286) vcan0 1B5#FF841CD1B5E0FFEF
(1675525721.491364) vcan0 1D8#363339343234E043
(1675525721.491443) vcan0 1E0#0028530300B917E0
(1675525721.491592) vcan0 2C3#528700FFFF735450
(1675525721.492249) vcan0 010#008800002FB031F8
(1675525721.493340) vcan0 2A9#8C260093C0000084
(1675525721.497553) vcan0 055#F7F73128B2629D80
(1675525721.497629) vcan0 065#12E630F8CE8DBB02
(1675525721.498597) vcan0 070#000008F8BCE20F00
(1675525721.498739) vcan0 075#0000000000005458
(1675525721.498824) vcan0 080#81508000C2002C00
(1675525721.498898) vcan0 0B0#528317A3E1C152A3
(1675525721.498971) vcan0 145#F9C2D380FC4810A1
(1675525721.499804) vcan0 0E0#627324F00080F700
(1675525721.499878) vcan0 288#64E0906F00000080
(1675525721.499953) vcan0 008#06801CBE2B800080
(1675525721.500027) vcan0 28C#000000000016FEA7
(1675525721.500859) vcan0 0F5#DEA7E8A77F47E286
(1675525721.500933) vcan0 120#30A8FFA77F115689
(1675525721.501007) vcan0 130#8F0C1E0A28B11212
(1675525721.501150) vcan0 150#E3271B1814F8D9C0
(1675525721.501223) vcan0 290#0000000000000000
(1675525721.501985) vcan0 2B5#4B932A6293A6AEC7
(1675525721.502128) vcan0 2C0#528700710000A0F1
(1675525721.502201) vcan0 2C5#3FE7A1ADE7E50070
(1675525721.502275) vcan0 3AF#0000000000000020
(1675525721.503251) vcan0 010#008800002FB031F9
(1675525721.503325) vcan0 072#F000FF3F00A88038
(1675525721.504349) vcan0 1D0#0000000000000261
(1675525721.504426) vcan0 210#2DE080A0A869D04D
(1675525721.504504) vcan0 125#E52980E4C1D0D735
(1675525721.506676) vcan0 008#09802C9D39800080
(1675525721.507768) vcan0 1B0#00C0000007B000FC
(1675525721.508783) vcan0 1B5#FF9E36DDC2E0FFEF
(1675525721.509944) vcan0 1D8#363339343234E043
(1675525721.511034) vcan0 1E0#002C434300B917E0
(1675525721.513355) vcan0 010#008800002FB031F8
(1675525721.513505) vcan0 291#0000000000000000
(1675525721.513582) vcan0 425#0000000000000000
(1675525721.516282) vcan0 260#D0FF0055497487B0
(1675525721.517390) vcan0 055#F7F73028B2669D80
(1675525721.517533) vcan0 065#51E630F80D8EBC02
(1675525721.518447) vcan0 070#000008F8BDE20E00
(1675525721.518591) vcan0 072#F000FF3F00A88038
(1675525721.518665) vcan0 075#0000000000005458
(1675525721.518740) vcan0 080#80508000C2002C00
(1675525721.519569) vcan0 0B0#528316A3E0C152A3
(1675525721.519644) vcan0 145#F9B2D480FC4810A1
(1675525721.519720) vcan0 0E0#627327F80080D400
(1675525721.519794) vcan0 008#09803C8D39800080
(1675525721.520692) vcan0 0F5#06A803A87F4BD28A
(1675525721.520768) vcan0 120#12A816A87F195689
(1675525721.520910) vcan0 130#970A1E0A28A10D12
(1675525721.520984) vcan0 150#04281A2814F8A7C0
(1675525721.522018) vcan0 3CA#00000000560000C8
(1675525721.523191) vcan0 010#008800002FB031F8
(1675525721.523265) vcan0 1D0#0000000000000061
(1675525721.524214) vcan0 288#3BE0A05F00000080
(1675525721.525674) vcan0 125#E52480E4C1D0D735
(1675525721.526764) vcan0 210#2DE080A0A869D045
(1675525721.527855) vcan0 290#0000000000000000
(1675525721.528945) vcan0 008#0B804C654F800080
(1675525721.530038) vcan0 1B0#00C0000007B000FC
(1675525721.530116) vcan0 1B5#FFB850EACFE0FFEF
(1675525721.534282) vcan0 1D8#363339343234E043
(1675525721.534356) vcan0 1E0#0030334300B917E0
(1675525721.534430) vcan0 2C3#528700FFFF735450
(1675525721.534574) vcan0 010#008800002FB031F8
(1675525721.534649) vcan0 072#F000FF3F00A8A038
(1675525721.534724) vcan0 2A9#8C26008AC0000084
(1675525721.535346) vcan0 360#578700B2B164A041
(1675525721.536519) vcan0 055#F7F73128B2729D82
(1675525721.537556) vcan0 065#5EE62FF8238EBB02
(1675525721.538591) vcan0 070#000008F8C3E20E00
(1675525721.538674) vcan0 075#0000000000005458
(1675525721.538818) vcan0 080#82508000C2002C00
(1675525721.538893) vcan0 0B0#528315A3E0C152A3
(1675525721.539652) vcan0 145#F9A2D580FC4810A1
(1675525721.539795) vcan0 0E0#62731EC00080BD00
(1675525721.539871) vcan0 008#0D805C455D800080
(1675525721.539943) vcan0 28C#000000000016FEA8
(1675525721.540018) vcan0 2B5#4B932B6293A6A0C9
(1675525721.540711) vcan0 0F5#F7A7FFA77F4FC28D
(1675525721.540853) vcan0 120#FFA71AA87F0F5689
(1675525721.542164) vcan0 130#9F071E0A28910712
(1675525721.542238) vcan0 150#FB27103813F8A1C0
(1675525721.542312) vcan0 340#C400000000000000
(1675525721.545142) vcan0 010#008800002FB031F8
(1675525721.545221) vcan0 1D0#0000000000000861
(1675525721.545298) vcan0 291#0000000000000000
(1675525721.545457) vcan0 390#80FF051D023E504F
(1675525721.545535) vcan0 125#E52280E4C1D0D735
(1675525721.546339) vcan0 260#D0FF0055497487B0
(1675525721.547356) vcan0 072#F000FF3F00A88038
(1675525721.548448) vcan0 3B0#00D819383CB0C400
(1675525721.549463) vcan0 288#3FE0A05F00000080
(1675525721.549540) vcan0 008#0F806C335D800080
(1675525721.550629) vcan0 1B0#00C0000005B000FC
(1675525721.550706) vcan0 1B5#FFD26AF7DCE0FFEF
(1675525721.550784) vcan0 1D8#363339343234E043
(1675525721.550935) vcan0 1E0#0030330300B917E0
(1675525721.553035) vcan0 350#A200000000000080
(1675525721.553114) vcan0 010#008800002FB031F8
(1675525721.553191) vcan0 210#2DE080A0A869D04D
(1675525721.555905) vcan0 330#D400000000000000
(1675525721.555979) vcan0 3D0#950F6100C50580C3
(1675525721.557106) vcan0 055#F7F73328B2839D82
(1675525721.558142) vcan0 065#4DE630F80DDEC202
(1675525721.558216) vcan0 070#000008F8CBE20E00
(1675525721.558290) vcan0 075#0000000000005458
(1675525721.558433) vcan0 080#86508000C2002C00
(1675525721.559195) vcan0 0B0#528314A3E0C152A3
(1675525721.559269) vcan0 145#F992D680FC4810A1
(1675525721.559412) vcan0 290#0000000000000000
(1675525721.559485) vcan0 0E0#627314C80080A700
(1675525721.560386) vcan0 008#12807CFC81800080
(1675525721.560459) vcan0 2C0#5287002E0000A0F1
(1675525721.560533) vcan0 0F5#F7A7FBA77F53B290
(1675525721.560608) vcan0 120#24A838A87F0D5689
(1675525721.563151) vcan0 130#A7071E0A28810112
(1675525721.563297) vcan0 150#F927114813F893C0
(1675525721.563370) vcan0 2C5#4CE799B452E60070
(1675525721.563453) vcan0 430#3D083D0000001686
(1675525721.563528) vcan0 010#008800002FB031F8
(1675525721.563602) vcan0 072#F000FF3F00A8A038
(1675525721.563771) vcan0 1D0#0000000000000061
(1675525721.564359) vcan0 125#E52080E4C1D0D735
(1675525721.565379) vcan0 008#16808CDA8F800080
(1675525721.567841) vcan0 1B0#00C0000002B000FC
(1675525721.569002) vcan0 1B5#FFEC8404E9E0FFEF
(1675525721.570091) vcan0 1D8#363339343234E043
(1675525721.571109) vcan0 1E0#0034234300B917E0
(1675525721.571185) vcan0 2C3#528700FFFF745450
(1675525721.572563) vcan0 010#008800002FB031F8
(1675525721.572642) vcan0 291#0000000000000000
(1675525721.573585) vcan0 2A9#8C260093C0000084
(1675525721.574633) vcan0 288#1EE0A05F00000080
(1675525721.577590) vcan0 260#D0FF00AA497487B0
(1675525721.577672) vcan0 072#F000FF3F00A88038
(1675525721.577747) vcan0 210#20E08020A869D045
(1675525721.577822) vcan0 055#F7F73328B28C9D81
(1675525721.578651) vcan0 065#31E631F8F9DDC702
(1675525721.578725) vcan0 070#000008F8CFE20E00
(1675525721.578800) vcan0 075#0000000000005458
(1675525721.578874) vcan0 080#87508000C2002C00
(1675525721.579707) vcan0 0B0#528314A3E0C152A3
(1675525721.579781) vcan0 0E0#627308D000809300
(1675525721.579856) vcan0 008#1B809CAFA5800080
(1675525721.579998) vcan0 145#F982D780FC4810A1
(1675525721.580072) vcan0 28C#000000000016FEA8
(1675525721.580832) vcan0 0F5#F3A7EAA77F57A293
(1675525721.580975) vcan0 120#40A8EFA77F065689
(1675525721.583658) vcan0 130#AF071E0A2871FF11
(1675525721.583775) vcan0 150#EE270B5812F88EC0
(1675525721.583877) vcan0 2B5#4B942B6293A6A9D4
(1675525721.583955) vcan0 370#0721C000731BC71F
(1675525721.584106) vcan0 010#008800002FB031F9
(1675525721.584183) vcan0 1D0#0000000000000261
(1675525721.584768) vcan0 125#E51880E4C1D0D735
(1675525721.585931) vcan0 290#0000000000000000
(1675525721.586952) vcan0 008#1D80AC8FB3800080
(1675525721.588117) vcan0 1B0#00C0000003B000FC
(1675525721.589207) vcan0 1B5#FF069D11F6E0FFEF
(1675525721.590513) vcan0 1D8#363339343234E043
(1675525721.590590) vcan0 1E0#0038134300B917E0
(1675525721.593486) vcan0 010#008800002FB031F8
(1675525721.593564) vcan0 072#F000FF3F00A8A038
(1675525721.594678) vcan0 055#F8F73328B2909D80
(1675525721.595714) vcan0 065#32E632F8F0DDCE02
(1675525721.596822) vcan0 070#000008F8D0E20E00
(1675525721.597955) vcan0 075#0000000000005458
(1675525721.598992) vcan0 080#86508000C2002C00
(1675525721.599066) vcan0 0B0#528313A3E0C152A3
(1675525721.599207) vcan0 145#F972D880FC4810A1
(1675525721.599283) vcan0 0E0#E27301D800807A00
(1675525721.600043) vcan0 288#33E0A05F00000080
(1675525721.600187) vcan0 008#2280BC6BC2800080
(1675525721.600261) vcan0 0F5#E8A7FFA77F5B9296
(1675525721.601364) vcan0 120#1DA8FFA77F0C5689
(1675525721.601509) vcan0 130#B7071E0A2861FF11
(1675525721.601583) vcan0 150#F3270D6811F879C0
(1675525721.604415) vcan0 010#008800002FB031F8
(1675525721.604493) vcan0 1D0#0000000000000061
(1675525721.604572) vcan0 210#20E080A0A869D04D
(1675525721.604723) vcan0 291#0000000000000000
(1675525721.604801) vcan0 125#E51580E4C1D0D735
(1675525721.605465) vcan0 260#D0FF00AA497487B0
(1675525721.606554) vcan0 072#F000FF3F00A88038
(1675525721.607570) vcan0 3C8#5287008E882C008E
(1675525721.608659) vcan0 008#2480CC52C9800080
(1675525721.609822) vcan0 1B0#00C0000003B000FC
(1675525721.609899) vcan0 1B5#FF20B71E03E0FFEF
(1675525721.610845) vcan0 1D8#363339343234E043
(1675525721.610921) vcan0 1E0#0038130300B917E0
(1675525721.611073) vcan0 2C3#528700FFFF745450
(1675525721.613245) vcan0 010#008800002FB031F8
(1675525721.616097) vcan0 2A9#8C26008AC0000084
(1675525721.616172) vcan0 400#730101020201010A
(1675525721.617141) vcan0 055#F7F73228B2909D80
(1675525721.618177) vcan0 065#5CE633F806DED502
(1675525721.618250) vcan0 070#000008F8CFE20E00
(1675525721.618395) vcan0 075#0000000000005458
(1675525721.618481) vcan0 080#85508000C2002C00
(1675525721.619311) vcan0 0B0#528311A3E0C152A3
(1675525721.619456) vcan0 145#F962D980FC4810A1
(1675525721.619530) vcan0 0E0#627303E000805800
(1675525721.619605) vcan0 28C#000000000016FEA8
(1675525721.620434) vcan0 008#2680DC32D7800080
(1675525721.620507) vcan0 290#0000000000000000
(1675525721.620582) vcan0 0F5#FCA7FFA77F5F829A
(1675525721.620656) vcan0 120#24A824A87F065689
(1675525721.623337) vcan0 130#BF041E0A2851FF11
(1675525721.623411) vcan0 150#FD27107810F85FC0
(1675525721.623485) vcan0 2B5#4B942B6293A6ACE1
(1675525721.623558) vcan0 2C0#528700000000A0F1
(1675525721.623700) vcan0 2C5#51E795B62FE60070
(1675525721.623782) vcan0 340#C400000000000000
(1675525721.623862) vcan0 3AF#0000000000000020
(1675525721.623951) vcan0 010#008800002FB031F8
(1675525721.624102) vcan0 072#F000FF3F00A8A038
(1675525721.624180) vcan0 1D0#0000000000000861
(1675525721.624405) vcan0 288#58E0B04F00000080
(1675525721.624555) vcan0 125#E51280E4C1D0D735
(1675525721.625502) vcan0 210#20E080A0A869D04D
(1675525721.626593) vcan0 008#2880EC27D0800080
(1675525721.629057) vcan0 1B0#00C0000003B000FC
(1675525721.630077) vcan0 1B5#FF3AD12B10E0FFEF
(1675525721.631241) vcan0 1D8#363339343234E043
(1675525721.631319) vcan0 1E0#003C034300B917E0
(1675525721.632552) vcan0 010#008800002FB031F8
(1675525721.632629) vcan0 291#0000000000000000
(1675525721.633646) vcan0 330#D400000000000000
(1675525721.634696) vcan0 260#D0FF00AA497487B0
(1675525721.637584) vcan0 072#F000FF3F00A88038
(1675525721.637667) vcan0 055#F7F73228B2909D80
(1675525721.637742) vcan0 065#68E632F819EED102
(1675525721.638640) vcan0 070#000008F8CFE20E00
(1675525721.638715) vcan0 075#0000000000005458
(1675525721.638790) vcan0 080#83508000C2002C00
(1675525721.638932) vcan0 0B0#528310A3E0C152A3
(1675525721.639693) vcan0 145#F952DA80FC4810A1
(1675525721.639767) vcan0 0E0#E27303E800803800
(1675525721.639911) vcan0 360#578700B2B164A041
(1675525721.639984) vcan0 008#2B80FC14D0800080
(1675525721.640058) vcan0 0F5#06A824A87F63729D
(1675525721.640753) vcan0 120#4BA812A87F075689
(1675525721.640897) vcan0 130#C7041E1228390412
(1675525721.640969) vcan0 150#15281A880FF836C0
(1675525721.643650) vcan0 3CA#00000000400000C8
(1675525721.643888) vcan0 350#A200000000000080
(1675525721.643903) vcan0 010#008800002FB031F8
(1675525721.643986) vcan0 1D0#0000000000000061
(1675525721.644064) vcan0 390#80FF051D023E504F
(1675525721.644793) vcan0 125#E50C80E4C1D0D735
(1675525721.645810) vcan0 290#0000000000000000
(1675525721.646973) vcan0 288#33E0B04F00000080
(1675525721.648063) vcan0 008#2B800CFDD7800080
(1675525721.649080) vcan0 1B0#00C0000008B000FC
(1675525721.650243) vcan0 1B5#FF54EB381DE0FFEF
(1675525721.651550) vcan0 1D8#363339343234E043
(1675525721.651628) vcan0 1E0#0000F34300B917E0
(1675525721.651778) vcan0 2C3#528700FFFF755450
(1675525721.654501) vcan0 010#008800002FB031F8
(1675525721.654577) vcan0 072#F000FF3F00A8A038
(1675525721.654653) vcan0 210#20E080A0A869D045
(1675525721.654795) vcan0 2A9#8C260082C0000084
(1675525721.655715) vcan0 055#F8F73228B2909D80
(1675525721.656822) vcan0 065#4AE631F801EECA02
(1675525721.657924) vcan0 070#000008F8D0E20E00
(1675525721.659029) vcan0 075#0000000000005458
(1675525721.659105) vcan0 080#83508000C2002C00
(1675525721.659179) vcan0 0B0#528311A3E0C152A3
(1675525721.659251) vcan0 145#F942DB80FC4810A1
(1675525721.659395) vcan0 0E0#627319F000800200
(1675525721.660159) vcan0 28C#000000000016FEA8
(1675525721.660232) vcan0 008#2B801C11B3800080
(1675525721.660374) vcan0 2B5#4B952C6293A6ABD8
(1675525721.661549) vcan0 0F5#06A812A87F6762A0
(1675525721.661690) vcan0 120#20A81DA87F015689
(1675525721.661765) vcan0 130#CF071E1228290412
(1675525721.661839) vcan0 150#0C280D980DF82FC0
(1675525721.663148) vcan0 010#008800002FB031F9
(1675525721.663234) vcan0 1D0#0000000000000261
(1675525721.663376) vcan0 291#0000000000000000
(1675525721.664276) vcan0 125#E50A80E4C1D0D735
(1675525721.665367) vcan0 260#D0FF00AA497487B0
(1675525721.666457) vcan0 072#F000FF3F00A88038
(1675525721.667621) vcan0 3B0#00D819383CB0C400
(1675525721.668640) vcan0 008#2B802C0FA5800080
(1675525721.669730) vcan0 1B0#00C0000005B000FC
(1675525721.672408) vcan0 1B5#FF6E05452AE0FFEF
(1675525721.672557) vcan0 1D8#363339343234E043
(1675525721.672636) vcan0 1E0#0000F30300B917E0
(1675525721.672713) vcan0 010#008800002FB031F8
(1675525721.673512) vcan0 288#37E0B04F00000080
(1675525721.674566) vcan0 210#20E080A0A869D045
(1675525721.675671) vcan0 055#F8F73128B2909D80
(1675525721.676776) vcan0 065#37E630F8F0EDCD02
(1675525721.678302) vcan0 070#000008F8D1E20D00
(1675525721.678377) vcan0 075#0000000000005458
(1675525721.679413) vcan0 080#83508000C2002C00
(1675525721.679489) vcan0 0B0#528311A3E0C152A3
(1675525721.679630) vcan0 0E0#627314F80080E700
(1675525721.679705) vcan0 145#F932DC80FC4810A1
(1675525721.679779) vcan0 008#2B803C2381800080
(1675525721.680471) vcan0 290#0000000000000000
(1675525721.680615) vcan0 0F5#E8A7E1A77F6B52A3
(1675525721.680689) vcan0 120#30A82CA87F115689
(1675525721.684867) vcan0 130#D7071E1228190412
(1675525721.684947) vcan0 150#E4270CA80CF848C0
(1675525721.685024) vcan0 2C0#528700000000A0F1
(1675525721.685101) vcan0 2C5#58E790BA39E60070
(1675525721.685178) vcan0 370#2721C000731BC71F
(1675525721.685257) vcan0 3E0#000000D92E808092
(1675525721.685347) vcan0 010#008800002FB031F8
(1675525721.685499) vcan0 072#F000FF3F00A8A038
(1675525721.685576) vcan0 1D0#0000000000000061
(1675525721.685653) vcan0 125#E50C80E4C1D0D735
(1675525721.685951) vcan0 008#2B804C3064800080
(1675525721.687041) vcan0 1B0#00C0000008B000FC
(1675525721.688134) vcan0 1B5#FF881F5237E0FFEF
(1675525721.689297) vcan0 1D8#363339343234E043
(1675525721.690314) vcan0 1E0#0004E34300B917E0
(1675525721.691405) vcan0 2C3#528700FFFF765450
(1675525721.693887) vcan0 010#008800002FB031F8
(1675525721.696774) vcan0 291#0000000000000000
(1675525721.696848) vcan0 2A9#8C26009BC0000084
(1675525721.696991) vcan0 260#D0FF0055497487B0
(1675525721.697820) vcan0 055#F8F73128B2909D80
(1675525721.697964) vcan0 065#3AE631F8F4EDD202
(1675525721.698052) vcan0 070#000008F8D1E20D00
(1675525721.699020) vcan0 072#F000FF3F00A88038
(1675525721.699095) vcan0 075#0000000000005458
(1675525721.699170) vcan0 080#82508000C2002C00
(1675525721.699243) vcan0 0B0#528311A3E0C152A3
(1675525721.699386) vcan0 0E0#62730DC00080CE00
(1675525721.700078) vcan0 008#2B805C2E56800080
(1675525721.700153) vcan0 145#F922DD80FC4810A1
(1675525721.700228) vcan0 288#3BE0B04F00000080
(1675525721.700371) vcan0 0F5#F7A7EBA77F6F42A7
(1675525721.702915) vcan0 120#44A83CA87F085689
(1675525721.702989) vcan0 130#DF071E1228090412
(1675525721.703062) vcan0 150#F12710B80AF82BC0
(1675525721.703136) vcan0 28C#000000000016FEA8
(1675525721.703280) vcan0 2B5#4B952C6293A6ABDF
(1675525721.703354) vcan0 340#C300000000000000
(1675525721.703438) vcan0 010#008800002FB031F8
(1675525721.703512) vcan0 1D0#0000000000000861
(1675525721.703942) vcan0 210#20E080A0A869D04D
(1675525721.705047) vcan0 125#E50C80E4C1D0D735
(1675525721.706082) vcan0 290#0000000000000000
(1675525721.707115) vcan0 008#2B806C3440800080
(1675525721.709589) vcan0 1B0#00C0000002B000FC
(1675525721.710693) vcan0 1B5#FFA2395F44E0FFEF
(1675525721.710767) vcan0 1D8#363339343234E043
(1675525721.710842) vcan0 1E0#0008D34300B917E0
(1675525721.713112) vcan0 010#008800002FB031F8
(1675525721.713255) vcan0 072#F000FF3F00A8A038
(1675525721.713328) vcan0 330#D400000000000000
(1675525721.717090) vcan0 055#F8F73128B2909D80
(1675525721.718183) vcan0 065#48E631F802EED402
(1675525721.718263) vcan0 070#000008F8D1E20D00
(1675525721.719219) vcan0 075#0000000000005458
(1675525721.719299) vcan0 080#81508000C2002C00
(1675525721.719450) vcan0 0B0#528311A3E0C152A3
(1675525721.719528) vcan0 0E0#627313C80080A800
(1675525721.719606) vcan0 008#2B807C3232800080
(1675525721.720337) vcan0 145#F912DE80FC4810A1
(1675525721.720415) vcan0 0F5#12A8FBA77F7332AA
(1675525721.720492) vcan0 120#44A81AA87F015689
(1675525721.720572) vcan0 130#E70A1E1228F90412
(1675525721.721444) vcan0 150#06280CC809F805C0
(1675525721.722537) vcan0 010#008800002FB031F8
(1675525721.723979) vcan0 1D0#0000000000000061
(1675525721.724054) vcan0 291#0000000000000000
(1675525721.724127) vcan0 288#1EE0C03F00000080
(1675525721.726949) vcan0 125#E50C80E4C1D0D735
(1675525721.727022) vcan0 260#D0FF0055497487B0
(1675525721.728002) vcan0 072#F000FF3F00A88038
(1675525721.728076) vcan0 210#20E08020A869D045
(1675525721.729042) vcan0 3C8#5287008E882C008E
(1675525721.730151) vcan0 008#2B808C3123800080
(1675525721.730225) vcan0 1B0#00C0000004B000FC
(1675525721.730299) vcan0 1B5#FFBC536C51E0FFEF
(1675525721.730442) vcan0 1D8#363339343234E043
(1675525721.731273) vcan0 1E0#0008D30300B917E0
(1675525721.731416) vcan0 2C3#528700FFFF765450
(1675525721.732382) vcan0 010#008800002FB031F8
(1675525721.733419) vcan0 2A9#8C260082C0000084
(1675525721.733494) vcan0 350#A200000000000080
(1675525721.733567) vcan0 405#2AF8D30847186701
(1675525721.735869) vcan0 360#578700B2B164A041
(1675525721.738767) vcan0 055#F8F73028B2909D80
(1675525721.738919) vcan0 065#4AE631F809EED202
(1675525721.739014) vcan0 070#000008F8D0E20D00
(1675525721.739092) vcan0 075#0000000000005458
(1675525721.739170) vcan0 080#80508000C2002C00
(1675525721.739248) vcan0 0B0#528312A3E0C152A3
(1675525721.739326) vcan0 145#F902DF80FC4810A1
(1675525721.739839) vcan0 0E0#62730DD000808E00
(1675525721.739988) vcan0 008#2B809C2F15800080
(1675525721.740067) vcan0 28C#000000000016FEA8
(1675525721.740144) vcan0 0F5#FFA70EA87F7722AD
(1675525721.740947) vcan0 120#24A816A87F005689
(1675525721.741024) vcan0 130#EF0A1E1D28DE0712
(1675525721.741103) vcan0 150#062806D807F8F5C0
(1675525721.741180) vcan0 290#0000000000000000
(1675525721.743808) vcan0 2B5#4B962C6293A6A5DF
(1675525721.743885) vcan0 2C0#528700000000A0F1
(1675525721.743958) vcan0 2C5#5BE78DBB46E60070
(1675525721.744042) vcan0 3AF#0000000000000020
(1675525721.744117) vcan0 010#008800002FB031F9
(1675525721.744259) vcan0 072#F000FF3F00A8A038
(1675525721.744334) vcan0 1D0#0000000000000261
(1675525721.744407) vcan0 390#80FF051D0236524F
(1675525721.744896) vcan0 125#E50C80E4C1D0D735
(1675525721.746000) vcan0 288#22E0C03F00000080
(1675525721.747105) vcan0 008#2B80AC3400800080
(1675525721.748141) vcan0 1B0#00C0000005B000FC
(1675525721.749177) vcan0 1B5#FFD66D795DE0FFEF
(1675525721.750350) vcan0 1D8#363339343234E043
(1675525721.751659) vcan0 1E0#000CC34300B917E0
(1675525721.754706) vcan0 010#008800002FB031F8
(1675525721.754786) vcan0 210#20E080A0A869D04D
(1675525721.754864) vcan0 291#0000000000000000
(1675525721.754941) vcan0 3D0#950F6100C50580C3
(1675525721.755830) vcan0 260#D0FF0055497487B0
(1675525721.756994) vcan0 072#F000FF3F00A88038
(1675525721.758013) vcan0 055#F8F73028B2909D80
(1675525721.758162) vcan0 065#40E630F800EED002
(1675525721.758242) vcan0 070#000008F8D1E20D00
(1675525721.759114) vcan0 075#0000000000005458
(1675525721.759194) vcan0 080#80508000C2002C00
(1675525721.759272) vcan0 0B0#528312A3E0C152A3
(1675525721.759351) vcan0 0E0#627323D800805800
(1675525721.759500) vcan0 145#F9F2D080FC4810A1
(1675525721.760230) vcan0 008#2B80BC2400800080
(1675525721.763055) vcan0 0F5#06A806A87F7B12B0
(1675525721.763133) vcan0 120#40A840A87F145689
(1675525721.763283) vcan0 130#F7071E1D28CE0712
(1675525721.763362) vcan0 150#062808E806F8E5C0
(1675525721.763440) vcan0 3CA#00000000510000C8
(1675525721.763526) vcan0 010#008800002FB031F8
(1675525721.763604) vcan0 1D0#0000000000000061
(1675525721.764184) vcan0 125#E50C80E4C1D0D735
(1675525721.765290) vcan0 290#0000000000000000
(1675525721.766396) vcan0 008#2B80CC1400800080
(1675525721.768941) vcan0 1B0#00C0000005B000FC
(1675525721.769977) vcan0 1B5#FFF087866AE0FFEF
(1675525721.770052) vcan0 1D8#363339343234E043
(1675525721.771018) vcan0 1E0#0010B34300B917E0
(1675525721.771092) vcan0 2C3#528700FFFF775450
(1675525721.772471) vcan0 010#008800002FB031F8
(1675525721.773505) vcan0 072#F000FF3F00A8A038
(1675525721.773581) vcan0 2A9#8C26009BC0000084
(1675525721.774628) vcan0 288#0EE0C03F00000080
(1675525721.777378) vcan0 210#20E080A0A869D045
(1675525721.777530) vcan0 055#F8F73028B2909D80
(1675525721.778488) vcan0 065#48E630F8FDEDD002
(1675525721.778566) vcan0 070#000008F8D1E20D00
(1675525721.778642) vcan0 075#0000000000005458
(1675525721.778721) vcan0 080#7F508000C2002C00
(1675525721.779595) vcan0 0B0#528313A3E0C152A3
(1675525721.779745) vcan0 0E0#62732AE000803100
(1675525721.779823) vcan0 145#F9E2D180FC4810A1
(1675525721.779901) vcan0 008#2B80DC0400800080
(1675525721.779980) vcan0 28C#000000000016FEA8
(1675525721.780708) vcan0 0F5#0AA80EA87F7F02B4
(1675525721.780785) vcan0 120#5AA830A87F0E5689
(1675525721.780864) vcan0 130#FF071E1D28BE0712
(1675525721.780943) vcan0 150#0C2804F805F8CFC0
(1675525721.782179) vcan0 2B5#4B962C6293A6A3DE
(1675525721.782329) vcan0 340#C300000000000000
(1675525721.782407) vcan0 370#2721C000731BC71F
(1675525721.783292) vcan0 010#008800002FB031F8
(1675525721.783371) vcan0 1D0#0000000000000861
(1675525721.783449) vcan0 291#0000000000000000
(1675525721.784368) vcan0 125#E50C80E4C1D0D735
(1675525721.787050) vcan0 260#D0FF00AA497487B0
(1675525721.788155) vcan0 072#F000FF3F00A88038
(1675525721.788230) vcan0 3B0#00D819383CB0C402
(1675525721.789267) vcan0 008#2B80ECF400800080
(1675525721.790303) vcan0 1B0#00C0000001B000FC
(1675525721.790448) vcan0 1B5#FF0AA19377E0FFEF
(1675525721.790523) vcan0 1D8#363339343234E043
(1675525721.790597) vcan0 1E0#0010B30300B917E0
(1675525721.791428) vcan0 010#008800002FB031F8
(1675525721.792531) vcan0 330#D400000000000000
(1675525721.795008) vcan0 055#F8F73028B2909D80
(1675525721.797904) vcan0 065#4FE630F805EED002
(1675525721.797996) vcan0 070#000008F8D0E20D00
(1675525721.798074) vcan0 075#0000000000005458
(1675525721.799019) vcan0 080#7F508000C2002C00
(1675525721.799096) vcan0 0B0#528313A3E0C152A3
(1675525721.799176) vcan0 145#F9D2D280FC4810A1
(1675525721.799253) vcan0 0E0#62731EE800801D00
(1675525721.800128) vcan0 288#22E0C03F00000080
(1675525721.800205) vcan0 008#2B80FCE400800080
(1675525721.800356) vcan0 290#0000000000000000
(1675525721.800434) vcan0 0F5#1FA820A87F43F2B7
(1675525721.800513) vcan0 120#30A828A87FFF5589
(1675525721.801243) vcan0 130#870A1E2428A70D12
(1675525721.801320) vcan0 150#1F28010805F8ACC0
(1675525721.801397) vcan0 2C0#528700000000A0F1
(1675525721.804059) vcan0 2C5#5FE78BBD4EE60070
(1675525721.804135) vcan0 010#008800002FB031F8
(1675525721.804223) vcan0 072#F000FF3F00A8A038
(1675525721.804297) vcan0 1D0#0000000000000061
(1675525721.804442) vcan0 210#20E080A0A869D04D
(1675525721.804516) vcan0 125#E50C80E4C1D0D735
(1675525721.805142) vcan0 008#2B800CD400800080
(1675525721.806178) vcan0 1B0#00C0000006B000FC
(1675525721.807213) vcan0 1B5#FF24BB9F84E0FFEF
(1675525721.808318) vcan0 1D8#363339343234E043
(1675525721.809354) vcan0 1E0#0014A34300B917E0
(1675525721.810732) vcan0 2C3#528700FFFF775450
(1675525721.813762) vcan0 010#008800002FB031F8
(1675525721.813842) vcan0 291#0000000000000000
(1675525721.813921) vcan0 2A9#8C260082C0000084
(1675525721.814867) vcan0 260#D0FF00AA497487B0
(1675525721.815960) vcan0 072#F000FF3F00A88038
(1675525721.817049) vcan0 055#F8F73028B2909D80
(1675525721.818076) vcan0 065#4BE630F803EED002
(1675525721.818155) vcan0 070#000008F8D1E20D00
(1675525721.818305) vcan0 075#0000000000005458
(1675525721.819179) vcan0 080#7E508000C2002C00
(1675525721.819258) vcan0 0B0#528314A3E0C152A3
(1675525721.819335) vcan0 0E0#62731BF000800000
(1675525721.819414) vcan0 145#F9C2D380FC4810A1
(1675525721.820288) vcan0 008#2B801CC400800080
(1675525721.820439) vcan0 28C#000000000016FEA8
(1675525721.821673) vcan0 0F5#16A81DA87F47E2BA
(1675525721.821751) vcan0 120#40A834A87F0C5689
(1675525721.821829) vcan0 130#8F0A1E2428970D12
(1675525721.821906) vcan0 150#1A28081804F8A1C0
(1675525721.821983) vcan0 2B5#4B972C6293A69FDE
(1675525721.824695) vcan0 350#A200000000000080
(1675525721.824770) vcan0 010#008800002FB031F9
(1675525721.824861) vcan0 1D0#0000000000000261
(1675525721.824934) vcan0 288#1AE0D02F00000080
(1675525721.825009) vcan0 125#E50C80E4C1D0D735
(1675525721.825839) vcan0 210#20E080A0A869D04D
(1675525721.826875) vcan0 290#0000000000000000
(1675525721.827981) vcan0 008#2B802CB400800080
(1675525721.829087) vcan0 1B0#00C0000006B000FC
(1675525721.830128) vcan0 1B5#FF3ED5AC91E0FFEF
(1675525721.830270) vcan0 1D8#363339343234E043
(1675525721.831240) vcan0 1E0#0018934300B917E0
(1675525721.832618) vcan0 010#008800002FB031F8
(1675525721.835660) vcan0 072#F000FF3F00A8A038
(1675525721.836752) vcan0 360#578700B2B164A041
(1675525721.837841) vcan0 055#F8F73028B2909D80
(1675525721.837919) vcan0 065#3EE62FF8FCEDCF02
(1675525721.837996) vcan0 070#000008F8D1E20D00
(1675525721.838964) vcan0 075#0000000000005458
(1675525721.839114) vcan0 080#7E508000C2002C00
(1675525721.839191) vcan0 0B0#528314A3E0C152A3
(1675525721.839270) vcan0 145#F9B2D480FC4810A1
(1675525721.839351) vcan0 0E0#627321F80080DA00
(1675525721.840077) vcan0 008#2B803CA400800080
(1675525721.840154) vcan0 0F5#1DA812A87F4BD2BD
(1675525721.840231) vcan0 120#66A844A87FFE5589
(1675525721.841104) vcan0 130#970A1E2428870712
(1675525721.841182) vcan0 150#1828052803F893C0
(1675525721.842562) vcan0 010#008800002FB031F8
(1675525721.843649) vcan0 1D0#0000000000000061
(1675525721.843803) vcan0 291#0000000000000000
(1675525721.843877) vcan0 390#80FF051D0236526F
(1675525721.846557) vcan0 125#E50C80E4C1D0D735
(1675525721.846631) vcan0 260#D0FF00AA497487B0
(1675525721.847612) vcan0 072#F000FF3F00A88038
(1675525721.848713) vcan0 288#0AE0D02F00000080
(1675525721.849817) vcan0 3C8#5287008E882C008E
(1675525721.849893) vcan0 008#2B804C9400800080
(1675525721.849968) vcan0 1B0#00C0000002B000FC
(1675525721.850042) vcan0 1B5#FF58EFB99EE0FFEF
(1675525721.850872) vcan0 1D8#363339343234E043
(1675525721.850946) vcan0 1E0#0018930300B917E0
(1675525721.851021) vcan0 2C3#528700FFFF785450
(1675525721.851986) vcan0 010#008800002FB031F8
(1675525721.853093) vcan0 210#27E080A0A869D045
(1675525721.853169) vcan0 2A9#8C26008AC0000084
(1675525721.855726) vcan0 055#F8F72F28B2909D80
(1675525721.858549) vcan0 065#41E62FF8F9EDCF02
(1675525721.858628) vcan0 070#000008F8D1E20D00
(1675525721.858706) vcan0 075#0000000000005458
(1675525721.858799) vcan0 080#7E508000C2002C00
(1675525721.858877) vcan0 0B0#528315A3E0C152A3
(1675525721.859685) vcan0 145#F9A2D580FC4810A1
(1675525721.859763) vcan0 0E0#627322C00080B900
(1675525721.859914) vcan0 008#2B805C8400800080
(1675525721.859993) vcan0 28C#000000000016FEA8
(1675525721.860072) vcan0 0F5#2CA820A87F4FC2C1
(1675525721.860802) vcan0 120#38A830A87F0B5689
(1675525721.860883) vcan0 130#9F0A1E2C286F0712
(1675525721.860961) vcan0 150#2628003803F875C0
(1675525721.861038) vcan0 290#0000000000000000
(1675525721.861839) vcan0 2B5#4B972C6293A69CDD
(1675525721.863435) vcan0 2C0#528700000000A0F1
(1675525721.863515) vcan0 2C5#60E78ABE41E60070
(1675525721.863591) vcan0 340#C200000000000000
(1675525721.863671) vcan0 3AF#0000000000000020
(1675525721.863774) vcan0 010#008800002FB031F8
(1675525721.863849) vcan0 072#F000FF3F00A8A038
(1675525721.863992) vcan0 1D0#0000000000000861
(1675525721.864068) vcan0 400#010100010101000B
(1675525721.864622) vcan0 125#E50C80E4C1D0D735
(1675525721.868404) vcan0 008#2B806C7400800080
(1675525721.869442) vcan0 1B0#00C0000002B000FC
(1675525721.870476) vcan0 1B5#FF7209C6ABE0FFEF
(1675525721.870549) vcan0 1D8#363339343234E043
(1675525721.870692) vcan0 1E0#001C834300B917E0
(1675525721.871659) vcan0 010#008800002FB031F8
(1675525721.872693) vcan0 291#0000000000000000
(1675525721.873772) vcan0 330#D400000000000000
(1675525721.875017) vcan0 288#0EE0D02F00000080
