(1675525702.764696) vcan0 070#000007F810E20F00
(1675525702.764834) vcan0 072#F000FF3F0078A038
(1675525702.764912) vcan0 075#0000000000005458
(1675525702.764990) vcan0 080#0A508000C2002C00
(1675525702.765431) vcan0 0B0#528315A3E2C152A3
(1675525702.765510) vcan0 125#E50C80E4C1D0D735
(1675525702.765587) vcan0 145#F922DD80FC4810A1
(1675525702.765675) vcan0 1D0#0000000000000861
(1675525702.765825) vcan0 1D8#363339343234E043
(1675525702.766556) vcan0 1E0#001C834300B917E0
(1675525702.766705) vcan0 28C#000000000014FEA8
(1675525702.769457) vcan0 290#0000000000000000
(1675525702.769606) vcan0 2B5#4B9F306293A67E29
(1675525702.769685) vcan0 2C0#528700000000A0F1
(1675525702.769762) vcan0 2C5#05E785E432E60070
(1675525702.769841) vcan0 340#9C00000000000000
(1675525702.769917) vcan0 390#80FF051D021E584F
(1675525702.770069) vcan0 3AF#0000000000000020
(1675525702.770147) vcan0 008#2F8074E000800080
(1675525702.770586) vcan0 288#16E020DF00000080
(1675525702.771603) vcan0 0F5#ADA0A9A07F7332CC
(1675525702.772760) vcan0 120#7BA063A07F015689
(1675525702.773796) vcan0 130#E7FA1DAD2066F411
(1675525702.773894) vcan0 150#AB2001C8FEF768C0
(1675525702.774038) vcan0 010#009000002FB031F8
(1675525702.774112) vcan0 210#22E080A0A869D045
(1675525702.775354) vcan0 291#0000000000000000
(1675525702.775427) vcan0 330#C300000000000000
(1675525702.775501) vcan0 3CA#00000000520000C8
(1675525702.775576) vcan0 3D0#970F6100C50580C3
(1675525702.775719) vcan0 3C8#5287008E882C008E
(1675525702.776484) vcan0 072#F000FF3F00788038
(1675525702.777589) vcan0 0E0#627312D800806900
(1675525702.778626) vcan0 008#2F8084D000800080
(1675525702.782852) vcan0 1B0#00C0000002B000FC
(1675525702.782931) vcan0 055#F7F70328B2539C80
(1675525702.783877) vcan0 065#2FE603F8FFDD1002
(1675525702.784027) vcan0 070#000007F810E20F00
(1675525702.784106) vcan0 010#009000002FB031F8
(1675525702.784199) vcan0 075#0000000000005458
(1675525702.784277) vcan0 080#0B508000C2002C00
(1675525702.785081) vcan0 0B0#528315A3E2C152A3
(1675525702.785158) vcan0 125#E50980E4C1D0D735
(1675525702.785235) vcan0 145#F912DE80FC4810A1
(1675525702.785314) vcan0 1B5#FFD76192B1E0FFEF
(1675525702.785464) vcan0 1D0#0000000000000061
(1675525702.786120) vcan0 1D8#363339343234E043
(1675525702.786198) vcan0 1E0#0020734300B917E0
(1675525702.786349) vcan0 2C3#528700FFFF725450
(1675525702.787296) vcan0 260#D0FF0055497487B0
(1675525702.788460) vcan0 008#2F8094C000800080
(1675525702.790926) vcan0 0F5#89A08FA07F7722CE
(1675525702.792015) vcan0 120#D0A0B9A07F075689
(1675525702.794865) vcan0 130#EFF71DA4205FEF11
(1675525702.794939) vcan0 150#8B2005D8FEF778C0
(1675525702.795025) vcan0 010#009000002FB031F8
(1675525702.795170) vcan0 072#F000FF3F0078A038
(1675525702.795244) vcan0 290#0000000000000000
(1675525702.795319) vcan0 2A9#8C260082C0000084
(1675525702.796012) vcan0 288#12E020DF00000080
(1675525702.797118) vcan0 210#22E080A0A869D04D
(1675525702.798224) vcan0 0E0#62731BE000804000
(1675525702.799327) vcan0 008#2F80A4B000800080
(1675525702.800433) vcan0 1B0#00C0000006B000FC
(1675525702.801470) vcan0 1B5#FFEC769CBCE0FFEF
(1675525702.802554) vcan0 055#F7F70428B2559C80
(1675525702.803647) vcan0 065#2BE603F8FDDD1002
(1675525702.803725) vcan0 070#000007F812E20F00
(1675525702.806545) vcan0 010#009000002FB031F8
(1675525702.806624) vcan0 075#0000000000005458
(1675525702.806702) vcan0 080#0D508000C2002C00
(1675525702.806789) vcan0 0B0#528315A3E2C152A3
(1675525702.806940) vcan0 125#E50980E4C1D0D735
(1675525702.807017) vcan0 145#F902DF80FC4810A1
(1675525702.807096) vcan0 1D0#0000000000000061
(1675525702.807173) vcan0 1D8#363339343234E043
(1675525702.807252) vcan0 1E0#0020730300B917E0
(1675525702.807402) vcan0 28C#000000000014FEA8
(1675525702.807480) vcan0 291#0000000000000000
(1675525702.807557) vcan0 2B5#4B9F306293A67E2A
(1675525702.808142) vcan0 370#0720C0007A1BC71F
(1675525702.809305) vcan0 072#F000FF3F00788038
(1675525702.809382) vcan0 3B0#00D83F383AB4C400
(1675525702.810398) vcan0 008#2F80B4A000800080
(1675525702.811415) vcan0 0F5#8CA09AA07F7B12D1
(1675525702.812597) vcan0 120#FAA0E2A07F025689
(1675525702.813634) vcan0 130#F7F71DA4204FE911
(1675525702.813717) vcan0 150#932002E8FEF760C0
(1675525702.814685) vcan0 010#009000002FB031F8
(1675525702.815792) vcan0 260#D0FF0055497487B0
(1675525702.818337) vcan0 0E0#627322E800801900
(1675525702.822649) vcan0 008#2F80C49000800080
(1675525702.822729) vcan0 288#16E020DF00000080
(1675525702.822808) vcan0 1B0#00C0000003B000FC
(1675525702.823680) vcan0 1B5#FF018BA7C6E0FFEF
(1675525702.823758) vcan0 055#F7F70428B25C9C80
(1675525702.823836) vcan0 065#2CE603F8FFDD1102
(1675525702.823987) vcan0 010#009000002FB031F9
(1675525702.824065) vcan0 070#000007F814E20F00
(1675525702.824795) vcan0 072#F000FF3F0078A038
(1675525702.824874) vcan0 075#0000000000005458
(1675525702.824952) vcan0 080#11508000C2002C00
(1675525702.825030) vcan0 0B0#528315A3E2C152A3
(1675525702.825122) vcan0 125#E50980E4C1D0D735
(1675525702.825850) vcan0 145#F9F2D080FC4810A1
(1675525702.825929) vcan0 1D0#0000000000000261
(1675525702.826007) vcan0 1D8#363339343234E043
(1675525702.826085) vcan0 1E0#0024634300B917E0
(1675525702.826885) vcan0 210#22E080A0A869D04D
(1675525702.826963) vcan0 290#0000000000000000
(1675525702.827114) vcan0 2C0#528700000000A0F1
(1675525702.828347) vcan0 2C3#528700FFFF725450
(1675525702.828425) vcan0 2C5#07E785E42CE60070
(1675525702.829446) vcan0 008#2F80D48000800080
(1675525702.830609) vcan0 0F5#8CA09AA07F7F02D4
(1675525702.833463) vcan0 120#DAA0C4A07F005689
(1675525702.833537) vcan0 130#FFFA1DA4203FE311
(1675525702.833613) vcan0 010#009000002FB031F8
(1675525702.834511) vcan0 150#932005F8FEF750C0
(1675525702.834597) vcan0 291#0000000000000000
(1675525702.834673) vcan0 2A9#8C26009BC0000084
(1675525702.835639) vcan0 072#F000FF3F00788038
(1675525702.836744) vcan0 0E0#62731CF00080FF00
(1675525702.837780) vcan0 008#2F80E47000800080
(1675525702.840188) vcan0 1B0#00C0000001B000FC
(1675525702.841222) vcan0 1B5#FF16A0B1D1E0FFEF
(1675525702.842258) vcan0 055#F7F70528B2649C80
(1675525702.843351) vcan0 065#2DE604F800DE1302
(1675525702.843503) vcan0 010#009000002FB031F8
(1675525702.846184) vcan0 070#000007F816E20F00
(1675525702.846264) vcan0 075#0000000000005458
(1675525702.846416) vcan0 080#12508000C2002C00
(1675525702.846495) vcan0 0B0#528315A3E2C152A3
(1675525702.846572) vcan0 125#E50980E4C1D0D735
(1675525702.846650) vcan0 145#F9E2D180FC4810A1
(1675525702.846746) vcan0 1D0#0000000000000861
(1675525702.846824) vcan0 1D8#363339343234E043
(1675525702.846902) vcan0 1E0#0028534300B917E0
(1675525702.847051) vcan0 288#12E020DF00000080
(1675525702.847129) vcan0 28C#000000000014FEA8
(1675525702.847208) vcan0 2B5#4B9F306293A67E2C
(1675525702.847358) vcan0 340#9C00000000000000
(1675525702.847509) vcan0 350#A200000000000080
(1675525702.847586) vcan0 260#D0FF0055497487B0
(1675525702.850194) vcan0 210#22E080A0A869D045
(1675525702.850271) vcan0 008#2F80F46000800080
(1675525702.851363) vcan0 0F5#93A08FA07F43F2D6
(1675525702.852538) vcan0 120#CAA0E8A07F0E5689
(1675525702.853577) vcan0 130#87F71DA4202FDE11
(1675525702.853654) vcan0 150#91200408FEF742C0
(1675525702.853727) vcan0 010#009000002FB031F8
(1675525702.854713) vcan0 072#F000FF3F0078A038
(1675525702.854790) vcan0 290#0000000000000000
(1675525702.854933) vcan0 330#C300000000000000
(1675525702.855904) vcan0 360#5A870006B664A0C9
(1675525702.856942) vcan0 0E0#62731EF80080DD00
(1675525702.859485) vcan0 008#2F80045000800080
(1675525702.863449) vcan0 1B0#00C0000001B000FC
(1675525702.863527) vcan0 1B5#FF2CB6BCDBE0FFEF
(1675525702.863679) vcan0 055#F7F70528B2679C80
(1675525702.863757) vcan0 065#2DE604F801DE1502
(1675525702.863834) vcan0 010#009000002FB031F8
(1675525702.864563) vcan0 070#000007F818E20F00
(1675525702.864643) vcan0 075#0000000000005458
(1675525702.864720) vcan0 080#12508000C2002C00
(1675525702.864798) vcan0 0B0#528315A3E2C152A3
(1675525702.864877) vcan0 125#E50980E4C1D0D735
(1675525702.865687) vcan0 145#F9D2D280FC4810A1
(1675525702.865766) vcan0 1D0#0000000000000061
(1675525702.865917) vcan0 1D8#363339343234E043
(1675525702.865995) vcan0 1E0#0028530300B917E0
(1675525702.866798) vcan0 291#0000000000000000
(1675525702.868103) vcan0 2C3#528700FFFF735450
(1675525702.868181) vcan0 390#80FF051D02165A6F
(1675525702.869143) vcan0 072#F000FF3F00788038
(1675525702.870219) vcan0 008#2F80144000800080
(1675525702.871235) vcan0 288#06E030CF00000080
(1675525702.874191) vcan0 0F5#8FA092A07F47E2D9
(1675525702.874265) vcan0 120#D6A0D3A07F025689
(1675525702.874340) vcan0 130#8FFA1DA4201FE311
(1675525702.874413) vcan0 010#009000002FB031F8
(1675525702.874556) vcan0 150#90200218FEF733C0
(1675525702.874630) vcan0 210#22E080A0A869D04D
(1675525702.874715) vcan0 2A9#8C260082C0000084
(1675525702.875339) vcan0 260#D0FF00AA497487B0
(1675525702.876379) vcan0 0E0#62731CC00080BF00
(1675525702.877413) vcan0 008#2F80243000800080
(1675525702.878588) vcan0 1B0#00C0000002B000FC
(1675525702.879623) vcan0 1B5#FF41CBC6E6E0FFEF
(1675525702.882310) vcan0 055#F7F70628B2679C80
(1675525702.883361) vcan0 065#2FE605F800DE1702
(1675525702.883511) vcan0 010#009000002FB031F8
(1675525702.884459) vcan0 070#000007F81AE20F00
(1675525702.884537) vcan0 072#F000FF3F0078A038
(1675525702.884614) vcan0 075#0000000000005458
(1675525702.884692) vcan0 080#13508000C2002C00
(1675525702.888669) vcan0 0B0#528315A3E2C152A3
(1675525702.888750) vcan0 125#E50980E4C1D0D735
(1675525702.888827) vcan0 145#F9C2D380FC4810A1
(1675525702.888931) vcan0 1D0#0000000000000061
(1675525702.889009) vcan0 1D8#363339343234E043
(1675525702.889160) vcan0 1E0#002C434300B917E0
(1675525702.889237) vcan0 28C#000000000014FEA8
(1675525702.889316) vcan0 290#0000000000000000
(1675525702.889393) vcan0 2B5#4B9F306293A67E30
(1675525702.889470) vcan0 2C0#528700000000A0F1
(1675525702.889621) vcan0 2C5#09E785E42FE60070
(1675525702.889702) vcan0 3AF#0000000000000020
(1675525702.889781) vcan0 400#0101030101010117
(1675525702.889859) vcan0 008#2F80342000800080
(1675525702.890951) vcan0 0F5#8FA09BA07F4BD2DC
(1675525702.891968) vcan0 120#E9A0C8A07F035689
(1675525702.893107) vcan0 130#97FA1DA4200FE911
(1675525702.894211) vcan0 010#009000002FB031F8
(1675525702.894286) vcan0 150#95200028FEF71EC0
(1675525702.894367) vcan0 291#0000000000000000
(1675525702.897118) vcan0 3CA#00000000530000C8
(1675525702.897193) vcan0 288#16E030CF00000080
(1675525702.897267) vcan0 3C8#5287008E882C008E
(1675525702.898166) vcan0 072#F000FF3F00788038
(1675525702.899203) vcan0 210#22E08020A869D045
(1675525702.899277) vcan0 0E0#627322C800809900
(1675525702.900382) vcan0 008#2F80441000800080
(1675525702.901418) vcan0 1B0#00C0000002B000FC
(1675525702.902455) vcan0 1B5#FF56E0D1F1E0FFEF
(1675525702.903577) vcan0 055#F7F70628B2679C80
(1675525702.903657) vcan0 065#31E605F802DE1902
(1675525702.906336) vcan0 070#000007F81CE20F00
(1675525702.906486) vcan0 075#0000000000005458
(1675525702.906564) vcan0 080#13508000C2002C00
(1675525702.906641) vcan0 0B0#528315A3E2C152A3
(1675525702.906731) vcan0 010#009000002FB031F9
(1675525702.906809) vcan0 125#E50980E4C1D0D735
(1675525702.906887) vcan0 145#F9B2D480FC4810A1
(1675525702.907036) vcan0 1D0#0000000000000261
(1675525702.907114) vcan0 1D8#363339343234E043
(1675525702.907193) vcan0 1E0#0030334300B917E0
(1675525702.907270) vcan0 2C3#528700FFFF735450
(1675525702.907349) vcan0 370#0720C0007A1BC71F
(1675525702.907425) vcan0 260#D0FF00AA497487B0
(1675525702.908513) vcan0 008#2F80540000800080
(1675525702.909604) vcan0 0F5#8FA09BA07F4FC2DE
(1675525702.912142) vcan0 120#E2A0D3A07F0E5689
(1675525702.913290) vcan0 130#9FFA1DA420FFEF11
(1675525702.913364) vcan0 150#95200538FEF70EC0
(1675525702.914330) vcan0 290#0000000000000000
(1675525702.915368) vcan0 010#009000002FB031F8
(1675525702.915463) vcan0 072#F000FF3F0078A038
(1675525702.915606) vcan0 2A9#8C26009BC0000084
(1675525702.919186) vcan0 0E0#627320D000807B00
(1675525702.920362) vcan0 008#2F8064F000800080
(1675525702.921398) vcan0 288#02E030CF00000080
(1675525702.922435) vcan0 1B0#00C0000000B000FC
(1675525702.923576) vcan0 1B5#FF6BF5DBFBE0FFEF
(1675525702.923654) vcan0 055#F7F70728B2679C80
(1675525702.923733) vcan0 065#30E606F800DE1B02
(1675525702.923883) vcan0 070#000007F81DE20F00
(1675525702.926486) vcan0 075#0000000000005458
(1675525702.926563) vcan0 010#009000002FB031F8
(1675525702.926641) vcan0 080#13508000C2002C00
(1675525702.926790) vcan0 0B0#528315A3E1C152A3
(1675525702.926871) vcan0 125#E50980E4C1D0D735
(1675525702.926946) vcan0 145#F9A2D580FC4810A1
(1675525702.927035) vcan0 1D0#0000000000000861
(1675525702.927115) vcan0 1D8#363339343234E043
(1675525702.927191) vcan0 1E0#0030330300B917E0
(1675525702.927270) vcan0 210#22E080A0A869D045
(1675525702.927421) vcan0 28C#000000000014FEA8
(1675525702.927501) vcan0 291#0000000000000000
(1675525702.927579) vcan0 2B5#4B9F306293A67F34
(1675525702.927656) vcan0 340#9C00000000000000
(1675525702.928602) vcan0 072#F000FF3F00788038
(1675525702.931422) vcan0 3B0#00D83F3C3AB4C402
(1675525702.931499) vcan0 008#2F8074E000800080
(1675525702.932522) vcan0 0F5#98A092A07F53B2E1
(1675525702.933627) vcan0 120#BFA0BFA07F045689
(1675525702.933771) vcan0 130#A7FA1DA420EFF411
(1675525702.933845) vcan0 010#009000002FB031F8
(1675525702.933919) vcan0 150#9520FF47FEF7FEC0
(1675525702.934689) vcan0 330#C300000000000000
(1675525702.934833) vcan0 350#A200000000000080
(1675525702.935801) vcan0 260#D0FF00AA497487B0
(1675525702.936837) vcan0 0E0#627319D800806200
(1675525702.937872) vcan0 008#2F8084D000800080
(1675525702.940281) vcan0 1B0#00C0000001B000FC
(1675525702.943097) vcan0 1B5#FF810BE606E0FFEF
(1675525702.943171) vcan0 055#F7F70728B26B9C80
(1675525702.943317) vcan0 065#2AE606F8FEDD1C02
(1675525702.944147) vcan0 010#009000002FB031F8
(1675525702.944290) vcan0 070#000007F81EE20F00
(1675525702.944365) vcan0 072#F000FF3F0078A038
(1675525702.944438) vcan0 075#0000000000005458
(1675525702.945269) vcan0 080#14508000C2002C00
(1675525702.945344) vcan0 0B0#528315A3E1C152A3
(1675525702.945419) vcan0 125#E50980E4C1D0D735
(1675525702.945501) vcan0 145#F992D680FC4810A1
(1675525702.945576) vcan0 1D0#0000000000000061
(1675525702.946338) vcan0 1D8#363339343234E043
(1675525702.946412) vcan0 1E0#0034234300B917E0
(1675525702.946486) vcan0 288#FEDF30CF00000080
(1675525702.947796) vcan0 290#0000000000000000
(1675525702.947870) vcan0 2C0#528700000000A0F1
(1675525702.948014) vcan0 2C3#528700FFFF745450
(1675525702.948089) vcan0 2C5#0BE784E42BE60070
(1675525702.948987) vcan0 210#22E080A0A869D04D
(1675525702.950022) vcan0 008#2F8094C000800080
(1675525702.951058) vcan0 0F5#8FA09BA07F57A2E4
(1675525702.952231) vcan0 120#CAA0D3A07F0E5689
(1675525702.953305) vcan0 130#AFFD1DA420DFFA11
(1675525702.953380) vcan0 010#009000002FB031F8
(1675525702.956130) vcan0 150#9520FE57FEF7EEC0
(1675525702.956224) vcan0 291#0000000000000000
(1675525702.956300) vcan0 2A9#8C260082C0000084
(1675525702.957201) vcan0 072#F000FF3F00788038
(1675525702.958234) vcan0 0E0#627312E000804900
(1675525702.959410) vcan0 360#5A870005B664A0C9
(1675525702.959484) vcan0 008#2F80A4B000800080
(1675525702.960518) vcan0 1B0#00C0000002B000FC
(1675525702.963133) vcan0 1B5#FF9620F110E0FFEF
(1675525702.963212) vcan0 055#F7F70728B26B9C80
(1675525702.963292) vcan0 065#2AE607F8FCDD1E02
(1675525702.964238) vcan0 010#009000002FB031F8
(1675525702.964316) vcan0 070#000007F81EE20F00
(1675525702.964466) vcan0 075#0000000000005458
(1675525702.964543) vcan0 080#15508000C2002C00
(1675525702.965345) vcan0 0B0#528315A3E1C152A3
(1675525702.965424) vcan0 125#E50980E4C1D0D735
(1675525702.965509) vcan0 145#F982D780FC4810A1
(1675525702.968259) vcan0 1D0#0000000000000061
(1675525702.968338) vcan0 1D8#363339343234E043
(1675525702.968416) vcan0 1E0#0038134300B917E0
(1675525702.968493) vcan0 28C#000000000014FEA8
(1675525702.968572) vcan0 2B5#4B9F306293A67F36
(1675525702.968647) vcan0 390#80FF051D02165A4F
(1675525702.968800) vcan0 260#D0FF0055497487B0
(1675525702.969311) vcan0 008#2F80B4A000800080
(1675525702.970476) vcan0 288#FEDF40BF00000080
(1675525702.971493) vcan0 0F5#8FA095A07F5B92E6
(1675525702.972603) vcan0 120#CDA0BCA07F045689
(1675525702.973708) vcan0 130#B7FD1DA420CFFF11
(1675525702.973851) vcan0 010#009000002FB031F8
(1675525702.973926) vcan0 072#F000FF3F0078A038
(1675525702.974824) vcan0 150#9220FD67FEF7E1C0
(1675525702.977446) vcan0 210#22E080A0A869D045
(1675525702.977523) vcan0 290#0000000000000000
(1675525702.977598) vcan0 3D0#970F6100C50580C3
(1675525702.978565) vcan0 0E0#62730AE800803100
(1675525702.979670) vcan0 008#2F80C49000800080
(1675525702.980774) vcan0 1B0#00C0000003B000FC
(1675525702.981809) vcan0 1B5#FFAB35FB1BE0FFEF
(1675525702.982922) vcan0 055#F7F70728B26D9C80
(1675525702.985821) vcan0 065#2CE607F8FFDD1E02
(1675525702.985901) vcan0 010#009000002FB031F9
(1675525702.985981) vcan0 070#000007F81FE20F00
(1675525702.986133) vcan0 075#0000000000005458
(1675525702.986211) vcan0 080#15508000C2002C00
(1675525702.986288) vcan0 0B0#528315A3E1C152A3
(1675525702.986366) vcan0 125#E50980E4C1D0D735
(1675525702.986445) vcan0 145#F972D880FC4810A1
(1675525702.986536) vcan0 1D0#0000000000000261
(1675525702.986615) vcan0 1D8#363339343234E043
(1675525702.986764) vcan0 1E0#0038130300B917E0
(1675525702.986842) vcan0 291#0000000000000000
(1675525702.986995) vcan0 2C3#528700FFFF745450
(1675525702.988160) vcan0 072#F000FF3F00788038
(1675525702.989323) vcan0 008#3280DCFD00800080
(1675525702.993221) vcan0 0F5#95A098A07F5F82E9
(1675525702.993295) vcan0 120#D7A0CFA07F0B5689
(1675525702.993371) vcan0 130#BFFD1DA420BFFF11
(1675525702.994267) vcan0 150#9620FB77FEF7CDC0
(1675525702.994342) vcan0 010#009000002FB031F8
(1675525702.994484) vcan0 2A9#8C26008AC0000084
(1675525702.995455) vcan0 288#F9DF40BF00000080
(1675525702.996561) vcan0 260#D0FF0055497487B0
(1675525702.997735) vcan0 210#22E080A0A869D04D
(1675525702.998786) vcan0 0E0#627306F000801500
(1675525702.999961) vcan0 008#3280ECED00800080
(1675525703.002303) vcan0 1B0#00C0000002B000FC
(1675525703.005224) vcan0 1B5#FFC04A0625E0FFEF
(1675525703.005303) vcan0 1D8#363339343234E043
(1675525703.005382) vcan0 055#F7F70728B26E9C80
(1675525703.005461) vcan0 065#2EE607F802DE1F02
(1675525703.005538) vcan0 070#000007F820E20F00
(1675525703.005688) vcan0 075#0000000000005458
(1675525703.005766) vcan0 010#009000002FB031F8
(1675525703.005842) vcan0 072#F000FF3F0078A038
(1675525703.005921) vcan0 080#15508000C2002C00
(1675525703.006000) vcan0 0B0#528314A3E1C152A3
(1675525703.006148) vcan0 125#E50980E4C1D0D735
(1675525703.006227) vcan0 145#F962D980FC4810A1
(1675525703.006305) vcan0 1D0#0000000000000861
(1675525703.006392) vcan0 1E0#003C034300B917E0
(1675525703.006470) vcan0 28C#000000000014FEA8
(1675525703.009223) vcan0 290#0000000000000000
(1675525703.009305) vcan0 2B5#4B9F306293A67F38
(1675525703.009385) vcan0 2C0#528700010000A0F1
(1675525703.009462) vcan0 2C5#0BE784E42CE60070
(1675525703.009539) vcan0 340#9C00000000000000
(1675525703.009691) vcan0 370#0720C0007A1BC71F
(1675525703.009768) vcan0 3AF#0000000000000020
(1675525703.009845) vcan0 3E0#000000D92E808092
(1675525703.009923) vcan0 405#5A87003B002D3A02
(1675525703.010290) vcan0 008#3280FCDD00800080
(1675525703.011452) vcan0 0F5#92A09AA07F6372EB
(1675525703.012472) vcan0 120#B3A0B3A07F085689
(1675525703.013583) vcan0 130#C7FD1DA420AFFF11
(1675525703.013658) vcan0 150#9620FA87FEF7BDC0
(1675525703.013741) vcan0 3CA#00000000540000C8
(1675525703.016424) vcan0 010#009000002FB031F8
(1675525703.016566) vcan0 291#0000000000000000
(1675525703.016641) vcan0 330#C300000000000000
(1675525703.016715) vcan0 3C8#5287008E882C008E
(1675525703.017545) vcan0 0E0#627307F80080F400
(1675525703.018651) vcan0 072#F000FF3F00788038
(1675525703.019827) vcan0 008#32800CB815800080
(1675525703.020866) vcan0 288#F5DF40BF00000080
(1675525703.022039) vcan0 1B0#00C0000003B000FC
(1675525703.023151) vcan0 1B5#FFD55F1030E0FFEF
(1675525703.023230) vcan0 055#F7F70828B26E9C80
(1675525703.023307) vcan0 065#29E607F8FFDD2002
(1675525703.025914) vcan0 010#009000002FB031F8
(1675525703.026066) vcan0 070#000007F820E20F00
(1675525703.026144) vcan0 075#0000000000005458
(1675525703.026234) vcan0 080#16508000C2002C00
(1675525703.026313) vcan0 0B0#528314A3E1C152A3
(1675525703.026389) vcan0 125#E50780E4C1D0D735
(1675525703.026468) vcan0 145#F952DA80FC4810A1
(1675525703.026545) vcan0 1D0#0000000000000061
(1675525703.026696) vcan0 1D8#363339343234E043
(1675525703.026773) vcan0 1E0#0000F34300B917E0
(1675525703.026852) vcan0 210#22E080A0A869D04D
(1675525703.026930) vcan0 2C3#528700FFFF755450
(1675525703.027152) vcan0 350#A200000000000080
(1675525703.027231) vcan0 260#D0FF0055497487B0
(1675525703.028178) vcan0 008#32801CA815800080
(1675525703.032086) vcan0 0F5#98A09EA07F6762EE
(1675525703.033080) vcan0 120#BFA0D3A07F095689
(1675525703.033222) vcan0 130#CFFA1DA4209FFF11
(1675525703.034191) vcan0 150#9B20FB97FEF7A8C0
(1675525703.034289) vcan0 010#009000002FB031F8
(1675525703.034364) vcan0 072#F000FF3F0078A038
(1675525703.034439) vcan0 290#0000000000000000
(1675525703.034512) vcan0 2A9#8C260093C0000084
(1675525703.035276) vcan0 0E0#627309C00080D200
(1675525703.036314) vcan0 008#32802C9815800080
(1675525703.038786) vcan0 1B0#00C0000003B000FC
(1675525703.042638) vcan0 1B5#FFEB751B3AE0FFEF
(1675525703.043732) vcan0 055#F7F70828B2709C80
(1675525703.043810) vcan0 010#009000002FB031F8
(1675525703.043889) vcan0 065#2DE607F800DE2002
(1675525703.043967) vcan0 070#000007F821E20F00
(1675525703.044918) vcan0 075#0000000000005458
(1675525703.044998) vcan0 080#16508000C2002C00
(1675525703.045075) vcan0 0B0#528314A3E1C152A3
(1675525703.045155) vcan0 125#E50780E4C1D0D735
(1675525703.045250) vcan0 145#F942DB80FC4810A1
(1675525703.045982) vcan0 1D0#0000000000000061
(1675525703.046060) vcan0 1D8#363339343234E043
(1675525703.046137) vcan0 1E0#0000F30300B917E0
(1675525703.046215) vcan0 288#F9DF40BF00000080
(1675525703.047017) vcan0 28C#000000000014FEA8
(1675525703.050058) vcan0 291#0000000000000000
(1675525703.050136) vcan0 2B5#4B9F306293A67F39
(1675525703.050214) vcan0 072#F000FF3F00788038
(1675525703.050292) vcan0 210#1FE08020A869D045
(1675525703.050371) vcan0 3B0#00D83F383AB4C400
(1675525703.050449) vcan0 008#32803C8815800080
(1675525703.051108) vcan0 0F5#84A097A07F6B52F1
(1675525703.052127) vcan0 120#C7A0BFA07F055689
(1675525703.053329) vcan0 130#D7FD1DA4208FFF11
(1675525703.053405) vcan0 010#009000002FB031F8
(1675525703.054481) vcan0 150#8D20FDA7FEF7A6C0
(1675525703.056891) vcan0 260#D0FF0055497487B0
(1675525703.058066) vcan0 360#5A870006B664A0C9
(1675525703.059101) vcan0 0E0#627306C80080B500
(1675525703.060213) vcan0 008#32804C7815800080
(1675525703.063158) vcan0 1B0#00C0000003B000FC
(1675525703.063237) vcan0 1B5#FF008A2545E0FFEF
(1675525703.063315) vcan0 055#F7F70828B2729C80
(1675525703.063394) vcan0 065#2EE608F802DE2102
(1675525703.064193) vcan0 070#000007F822E20F00
(1675525703.064272) vcan0 010#009000002FB031F9
(1675525703.064349) vcan0 072#F000FF3F0078A038
(1675525703.064427) vcan0 075#0000000000005458
(1675525703.065375) vcan0 080#17508000C2002C00
(1675525703.065453) vcan0 0B0#528314A3E1C152A3
(1675525703.065531) vcan0 125#E50780E4C1D0D735
(1675525703.065619) vcan0 145#F932DC80FC4810A1
(1675525703.065698) vcan0 1D0#0000000000000261
(1675525703.066426) vcan0 1D8#363339343234E043
(1675525703.066503) vcan0 1E0#0004E34300B917E0
(1675525703.069328) vcan0 290#0000000000000000
(1675525703.069404) vcan0 2C0#528700000000A0F1
(1675525703.069482) vcan0 2C3#528700FFFF755450
(1675525703.069561) vcan0 2C5#0DE784E32EE60070
(1675525703.069712) vcan0 390#80FF051D020E5C4F
(1675525703.070366) vcan0 008#34805C6615800080
(1675525703.071529) vcan0 288#F1DF50AF00000080
(1675525703.072617) vcan0 0F5#92A097A07F6F42F3
(1675525703.073654) vcan0 120#D6A0BCA07F045689
(1675525703.073727) vcan0 130#DFFD1DA4207FFF11
(1675525703.073801) vcan0 150#9420F9B7FEF78FC0
(1675525703.073946) vcan0 010#009000002FB031F8
(1675525703.074716) vcan0 210#1FE080A0A869D04D
(1675525703.074789) vcan0 291#0000000000000000
(1675525703.074933) vcan0 2A9#8C26008AC0000084
(1675525703.077205) vcan0 072#F000FF3F00788038
(1675525703.078240) vcan0 0E0#627305D000809600
(1675525703.081060) vcan0 008#34806C5615800080
(1675525703.082235) vcan0 1B0#00C0000002B000FC
(1675525703.083277) vcan0 1B5#FF159F304FE0FFEF
(1675525703.083356) vcan0 055#F7F70828B2729C80
(1675525703.083507) vcan0 065#2EE608F801DE2202
(1675525703.083584) vcan0 010#009000002FB031F8
(1675525703.084385) vcan0 070#000007F822E20F00
(1675525703.084464) vcan0 075#0000000000005458
(1675525703.084542) vcan0 080#17508000C2002C00
(1675525703.084621) vcan0 0B0#528314A3E1C152A3
(1675525703.085422) vcan0 125#E50780E4C1D0D735
(1675525703.085513) vcan0 145#F922DD80FC4810A1
(1675525703.085591) vcan0 1D0#0000000000000861
(1675525703.085669) vcan0 1D8#363339343234E043
(1675525703.085819) vcan0 1E0#0008D34300B917E0
(1675525703.086839) vcan0 28C#000000000014FEA8
(1675525703.086918) vcan0 2B5#4B9F316293A67F3A
(1675525703.086997) vcan0 340#9C00000000000000
(1675525703.088015) vcan0 260#D0FF00AA497487B0
(1675525703.089033) vcan0 008#34807C4615800080
(1675525703.091713) vcan0 0F5#8AA093A07F7332F6
(1675525703.092733) vcan0 120#B3A0C8A07F075689
(1675525703.093909) vcan0 130#E7FD1DA4206FFF11
(1675525703.093984) vcan0 010#009000002FB031F8
(1675525703.094058) vcan0 072#F000FF3F0078A038
(1675525703.094201) vcan0 150#8E20FAC7FEF785C0
(1675525703.094964) vcan0 290#0000000000000000
(1675525703.095049) vcan0 330#C300000000000000
(1675525703.096087) vcan0 288#E5DF50AF00000080
(1675525703.098837) vcan0 210#1FE080A0A869D045
(1675525703.098915) vcan0 0E0#627308D800807300
(1675525703.099880) vcan0 008#34808C3615800080
(1675525703.101056) vcan0 1B0#00C0000001B000FC
(1675525703.102093) vcan0 1B5#FF2AB43A5AE0FFEF
(1675525703.103200) vcan0 055#F7F70828B2749C80
(1675525703.103280) vcan0 065#28E608F8FEDD2202
(1675525703.104226) vcan0 070#000007F823E20F00
(1675525703.105750) vcan0 075#0000000000005458
(1675525703.105827) vcan0 010#009000002FB031F8
(1675525703.105905) vcan0 080#18508000C2002C00
(1675525703.105984) vcan0 0B0#528314A3E1C152A3
(1675525703.106133) vcan0 125#E50780E4C1D0D735
(1675525703.106210) vcan0 145#F912DE80FC4810A1
(1675525703.106299) vcan0 1D0#0000000000000061
(1675525703.106377) vcan0 1D8#363339343234E043
(1675525703.106454) vcan0 1E0#0008D30300B917E0
(1675525703.106822) vcan0 291#0000000000000000
(1675525703.110948) vcan0 2C3#528700FFFF765450
(1675525703.111025) vcan0 370#0720C0007A1BC71F
(1675525703.111103) vcan0 072#F000FF3F00788038
(1675525703.111253) vcan0 008#34809C2615800080
(1675525703.112055) vcan0 0F5#93A093A07F7722F9
(1675525703.113121) vcan0 120#BEA0B7A07F015689
(1675525703.113197) vcan0 130#EFFD1DA4205FFF11
(1675525703.114233) vcan0 150#9320FAD7FEF770C0
(1675525703.114308) vcan0 350#A200000000000080
(1675525703.115276) vcan0 010#009000002FB031F8
(1675525703.115419) vcan0 2A9#8C260093C0000084
(1675525703.116389) vcan0 260#D0FF00AA497487B0
(1675525703.117433) vcan0 0E0#62730AE000805100
(1675525703.118470) vcan0 008#3480AC2B00800080
(1675525703.120949) vcan0 288#F9DF50AF00000080
(1675525703.123795) vcan0 1B0#00C0000003B000FC
(1675525703.123947) vcan0 1B5#FF3FC94564E0FFEF
(1675525703.124027) vcan0 055#F7F70928B2789C80
(1675525703.124104) vcan0 065#2AE608F800DE2302
(1675525703.124182) vcan0 010#009000002FB031F8
(1675525703.124261) vcan0 070#000007F824E20F00
(1675525703.124340) vcan0 072#F000FF3F0078A038
(1675525703.124927) vcan0 075#0000000000005458
(1675525703.125004) vcan0 080#19508000C2002C00
(1675525703.125081) vcan0 0B0#528314A3E1C152A3
(1675525703.125160) vcan0 125#E50780E4C1D0D735
(1675525703.125960) vcan0 145#F902DF80FC4810A1
(1675525703.126038) vcan0 1D0#0000000000000061
(1675525703.126126) vcan0 1D8#363339343234E043
(1675525703.126277) vcan0 1E0#000CC34300B917E0
(1675525703.128809) vcan0 210#1FE080A0A869D045
(1675525703.128887) vcan0 28C#000000000014FEA8
(1675525703.128964) vcan0 290#0000000000000000
(1675525703.129042) vcan0 2B5#4BA0316293A67F3C
(1675525703.129193) vcan0 2C0#528700000000A0F1
(1675525703.129270) vcan0 2C5#0EE784E329E60070
(1675525703.129348) vcan0 3AF#0000000000000020
(1675525703.129934) vcan0 008#3480BC1B00800080
(1675525703.131024) vcan0 0F5#89A09BA07F7B12FB
(1675525703.132185) vcan0 120#BFA0B3A07F085689
(1675525703.133242) vcan0 130#F7FD1DA4204FFF11
(1675525703.134278) vcan0 010#009000002FB031F8
(1675525703.134352) vcan0 150#9120FDE7FEF762C0
(1675525703.134496) vcan0 291#0000000000000000
(1675525703.134580) vcan0 3CA#00000000550000C8
(1675525703.135684) vcan0 400#0101020102010118
(1675525703.135826) vcan0 425#0000000000000000
(1675525703.135901) vcan0 3C8#5287008E882C008E
(1675525703.136799) vcan0 072#F000FF3F00788038
(1675525703.137834) vcan0 0E0#62730EE800802D00
(1675525703.140725) vcan0 008#3480CC0B00800080
(1675525703.141760) vcan0 1B0#00C0000002B000FC
(1675525703.142845) vcan0 1B5#FF55DE4F6FE0FFEF
(1675525703.142923) vcan0 055#F7F70928B2799C80
(1675525703.144013) vcan0 065#2CE608F801DE2402
(1675525703.144094) vcan0 070#000007F825E20F00
(1675525703.144170) vcan0 010#009000002FB031F9
(1675525703.144248) vcan0 075#0000000000005458
(1675525703.145051) vcan0 080#1A508000C2002C00
(1675525703.145135) vcan0 0B0#528314A3E1C152A3
(1675525703.145215) vcan0 125#E50780E4C1D0D735
(1675525703.145367) vcan0 145#F9F2D080FC4810A1
(1675525703.145445) vcan0 1D0#0000000000000261
(1675525703.146101) vcan0 1D8#363339343234E043
(1675525703.146252) vcan0 1E0#0010B34300B917E0
(1675525703.148929) vcan0 288#02E050AF00000080
(1675525703.149008) vcan0 2C3#528700FFFF765450
(1675525703.149158) vcan0 581#FFFFFFFFFFFF0081
(1675525703.149236) vcan0 260#D0FF00AA497487B0
(1675525703.149313) vcan0 210#1FE080A0A869D04D
(1675525703.150041) vcan0 008#3480DCFB00800080
(1675525703.151134) vcan0 0F5#89A08CA07F7F02FE
(1675525703.152223) vcan0 120#CDA0BCA07F025689
(1675525703.153358) vcan0 130#FFFD1DA4203FFF11
(1675525703.153432) vcan0 150#8B20FFF7FEF758C0
(1675525703.154539) vcan0 010#009000002FB031F8
(1675525703.155863) vcan0 072#F000FF3F0078A038
(1675525703.155938) vcan0 290#0000000000000000
(1675525703.156012) vcan0 2A9#8C26008AC0000084
(1675525703.156913) vcan0 360#5A87000AB664A0C9
(1675525703.158085) vcan0 0E0#62730BF000801000
(1675525703.160835) vcan0 008#3480ECEB00800080
(1675525703.161941) vcan0 1B0#00C0000002B000FC
(1675525703.163011) vcan0 1B5#FF6AF45A7AE0FFEF
(1675525703.163164) vcan0 055#F7F70928B27D9C81
(1675525703.163241) vcan0 065#2EE609F803DE2502
(1675525703.164186) vcan0 010#009000002FB031F8
(1675525703.164264) vcan0 070#000007F827E20F00
(1675525703.164343) vcan0 075#0000000000005458
(1675525703.164493) vcan0 080#1B508000C2002C00
(1675525703.165367) vcan0 0B0#528314A3E1C152A3
(1675525703.165444) vcan0 125#E50780E4C1D0D735
(1675525703.165532) vcan0 145#F9E2D180FC4810A1
(1675525703.165611) vcan0 1D0#0000000000000861
(1675525703.165688) vcan0 1D8#363339343234E043
(1675525703.166418) vcan0 1E0#0010B30300B917E0
(1675525703.169240) vcan0 28C#000000000014FEA8
(1675525703.169318) vcan0 291#0000000000000000
(1675525703.169396) vcan0 2B5#4BA0316293A67F3D
(1675525703.169475) vcan0 340#9C00000000000000
(1675525703.169625) vcan0 390#80FF051D020E5C4F
(1675525703.169702) vcan0 072#F000FF3F00788038
(1675525703.169779) vcan0 3B0#00D83F383AB4C400
(1675525703.170291) vcan0 008#3480FCDB00800080
(1675525703.171383) vcan0 288#E5DF609F00000080
(1675525703.172545) vcan0 0F5#74A08FA07F43F201
(1675525703.173584) vcan0 120#C4A0C1A07F075689
(1675525703.173657) vcan0 130#87FD1DA4202FFF11
(1675525703.173740) vcan0 010#009000002FB031F8
(1675525703.173814) vcan0 150#8220F907FEF751C0
(1675525703.176495) vcan0 210#1FE080A0A869D045
(1675525703.176570) vcan0 330#C300000000000000
(1675525703.176644) vcan0 3D0#970F6100C50580C3
(1675525703.177542) vcan0 260#D0FF0055497487B0
(1675525703.178713) vcan0 430#3B083B0000001486
(1675525703.178788) vcan0 0E0#627301F80080FA00
(1675525703.179825) vcan0 008#34800CCB00800080
(1675525703.180931) vcan0 1B0#00C0000003B000FC
(1675525703.181967) vcan0 1B5#FF7F096484E0FFEF
(1675525703.183133) vcan0 055#F7F70A28B27D9C80
(1675525703.183212) vcan0 065#2AE609F800DE2602
(1675525703.184156) vcan0 010#009000002FB031F8
(1675525703.187058) vcan0 070#000007F828E20F00
(1675525703.187136) vcan0 072#F000FF3F0078A038
(1675525703.187227) vcan0 075#0000000000005458
(1675525703.187378) vcan0 080#1B508000C2002C00
(1675525703.187456) vcan0 0B0#528314A3E1C152A3
(1675525703.187534) vcan0 125#E50780E4C1D0D735
(1675525703.187611) vcan0 145#F9D2D280FC4810A1
(1675525703.187689) vcan0 1D0#0000000000000061
(1675525703.187768) vcan0 1D8#363339343234E043
(1675525703.187918) vcan0 1E0#0014A34300B917E0
(1675525703.187995) vcan0 290#0000000000000000
(1675525703.188073) vcan0 2C0#528700000000A0F1
(1675525703.188154) vcan0 2C3#528700FFFF775450
(1675525703.188232) vcan0 2C5#10E784E32AE60070
(1675525703.188382) vcan0 008#36801CAB0E800080
(1675525703.192217) vcan0 0F5#89A08AA07F47E203
(1675525703.193279) vcan0 120#97A0BCA07F035689
(1675525703.193353) vcan0 130#8FFA1DA4201FFF11
(1675525703.193448) vcan0 150#8920FA17FEF73AC0
(1675525703.194417) vcan0 010#009000002FB031F8
(1675525703.194491) vcan0 291#0000000000000000
(1675525703.194636) vcan0 2A9#8C260082C0000084
(1675525703.195536) vcan0 288#F1DF609F00000080
(1675525703.196641) vcan0 072#F000FF3F00788038
(1675525703.197816) vcan0 210#1FE08020A869D04D
(1675525703.198853) vcan0 0E0#E27303C00080D800
(1675525703.199889) vcan0 008#36802C9B0E800080
(1675525703.202363) vcan0 1B0#00C0000003B000FC
(1675525703.205235) vcan0 1B5#FF941E6F8FE0FFEF
(1675525703.205312) vcan0 055#F7F70A28B27D9C80
(1675525703.205391) vcan0 065#2BE609F8FFDD2702
(1675525703.205469) vcan0 070#000007F828E20F00
(1675525703.205619) vcan0 010#009000002FB031F8
(1675525703.205698) vcan0 075#0000000000005458
(1675525703.205783) vcan0 080#1C508000C2002C00
(1675525703.205862) vcan0 0B0#528314A3E1C152A3
(1675525703.205939) vcan0 125#E50780E4C1D0D735
(1675525703.206016) vcan0 145#F9C2D380FC4810A1
(1675525703.206095) vcan0 1D0#0000000000000061
(1675525703.206247) vcan0 1D8#363339343234E043
(1675525703.206323) vcan0 1E0#0018934300B917E0
(1675525703.206401) vcan0 28C#000000000014FEA8
(1675525703.206480) vcan0 2B5#4BA0316293A67F40
(1675525703.209225) vcan0 350#A200000000000080
(1675525703.209303) vcan0 370#0720C0007A1BC71F
(1675525703.209382) vcan0 260#D0FF0055497487B0
(1675525703.210326) vcan0 008#36803C8B0E800080
(1675525703.211344) vcan0 0F5#70A078A07F4BD206
(1675525703.212528) vcan0 120#C1A0B7A07F055689
(1675525703.213567) vcan0 130#97FA1DA4200FFF11
(1675525703.213652) vcan0 150#7420F927FEF73FC0
(1675525703.213725) vcan0 290#0000000000000000
(1675525703.214623) vcan0 010#009000002FB031F8
(1675525703.214697) vcan0 072#F000FF3F0078A038
(1675525703.217105) vcan0 0E0#E27305C80080B600
(1675525703.219993) vcan0 008#38804C790E800080
(1675525703.221027) vcan0 288#02E0609F00000080
(1675525703.222134) vcan0 1B0#00C0000004B000FC
(1675525703.223299) vcan0 1B5#FFA9337999E0FFEF
(1675525703.223373) vcan0 055#F7F70A28B27D9C80
(1675525703.223448) vcan0 065#2DE60AF801DE2802
(1675525703.224347) vcan0 010#009000002FB031F9
(1675525703.224421) vcan0 070#000007F829E20F00
(1675525703.224566) vcan0 075#0000000000005458
(1675525703.224641) vcan0 080#1C508000C2002C00
(1675525703.224715) vcan0 0B0#528314A3E0C152A3
(1675525703.225422) vcan0 125#E50780E4C1D0D735
(1675525703.225497) vcan0 145#F9B2D480FC4810A1
(1675525703.225570) vcan0 1D0#0000000000000261
(1675525703.225714) vcan0 1D8#363339343234E043
(1675525703.228326) vcan0 1E0#0018930300B917E0
(1675525703.228399) vcan0 210#1FE080A0A869D04D
(1675525703.228544) vcan0 291#0000000000000000
(1675525703.228618) vcan0 2C3#528700FFFF775450
(1675525703.229518) vcan0 072#F000FF3F00788038
(1675525703.229592) vcan0 008#38805C5B1C800080
(1675525703.230559) vcan0 0F5#7FA081A07F4FC209
(1675525703.231664) vcan0 120#C1A0A5A07F025689
(1675525703.232774) vcan0 130#9FFD1DA420FFFF11
(1675525703.233790) vcan0 150#8020FF37FEF723C0
(1675525703.235239) vcan0 010#009000002FB031F8
(1675525703.235317) vcan0 2A9#8C26009BC0000084
(1675525703.236271) vcan0 260#D0FF0055497487B0
(1675525703.239091) vcan0 0E0#E27303D000809800
(1675525703.240182) vcan0 008#38806C4B1C800080
(1675525703.241198) vcan0 1B0#00C0000002B000FC
(1675525703.242287) vcan0 1B5#FFBE4884A4E0FFEF
(1675525703.243358) vcan0 1D8#363339343234E043
(1675525703.243501) vcan0 055#F7F70A28B27D9C80
(1675525703.243575) vcan0 010#009000002FB031F8
(1675525703.244475) vcan0 065#28E60AF8FFDD2902
(1675525703.244549) vcan0 070#000007F829E20F00
(1675525703.244624) vcan0 072#F000FF3F0078A038
(1675525703.244697) vcan0 075#0000000000005458
(1675525703.244841) vcan0 080#1C508000C2002C00
(1675525703.245603) vcan0 0B0#528314A3E1C152A3
(1675525703.245678) vcan0 125#E50780E4C1D0D735
(1675525703.245821) vcan0 145#F9A2D580FC4810A1
(1675525703.248441) vcan0 1D0#0000000000000861
(1675525703.248517) vcan0 1E0#001C834300B917E0
(1675525703.248591) vcan0 288#F9DF609F00000080
(1675525703.248735) vcan0 28C#000000000014FEA8
(1675525703.248809) vcan0 290#0000000000000000
(1675525703.248882) vcan0 2B5#4BA0326293A67F41
(1675525703.248957) vcan0 2C0#528700000000A0F1
(1675525703.249031) vcan0 2C5#10E784E32DE60070
(1675525703.249175) vcan0 340#9C00000000000000
(1675525703.249248) vcan0 3AF#0000000000000020
(1675525703.249322) vcan0 210#1FE080A0A869D045
(1675525703.249605) vcan0 008#38807C3B1C800080
(1675525703.250641) vcan0 0F5#69A087A07F53B20B
(1675525703.251743) vcan0 120#B3A0A1A07F085689
(1675525703.252866) vcan0 130#A7FD1DA420EFFF11
(1675525703.255691) vcan0 150#7820FD47FDF71BC0
(1675525703.255787) vcan0 010#009000002FB031F8
(1675525703.255865) vcan0 291#0000000000000000
(1675525703.255943) vcan0 330#C300000000000000
(1675525703.256022) vcan0 3CA#00000000560000C8
(1675525703.256172) vcan0 405#0000000000000026
(1675525703.256250) vcan0 3C8#5287008E882C008E
(1675525703.256834) vcan0 072#F000FF3F00788038
(1675525703.257925) vcan0 0E0#627300D800807B00
(1675525703.258945) vcan0 360#5A87000CB664A0C9
(1675525703.260107) vcan0 008#38808C2B1C800080
(1675525703.261199) vcan0 1B0#00C0000003B000FC
(1675525703.262289) vcan0 1B5#FFD45D8EAEE0FFEF
(1675525703.263415) vcan0 055#F7F70A28B27D9C80
(1675525703.266373) vcan0 065#26E60AF8FCDD2902
(1675525703.266448) vcan0 070#000007F82AE20F00
(1675525703.266522) vcan0 010#009000002FB031F8
(1675525703.266673) vcan0 075#0000000000005458
(1675525703.266747) vcan0 080#1D508000C2002C00
(1675525703.266822) vcan0 0B0#528314A3E1C152A3
(1675525703.266897) vcan0 125#E50780E4C1D0D735
(1675525703.267040) vcan0 145#F992D680FC4810A1
(1675525703.267113) vcan0 1D0#0000000000000061
(1675525703.267187) vcan0 1D8#363339343234E043
(1675525703.267262) vcan0 1E0#0020734300B917E0
(1675525703.267407) vcan0 2C3#528700FFFF785450
(1675525703.267480) vcan0 390#80FF051D020A5D4F
(1675525703.267554) vcan0 260#D0FF00AA497487B0
(1675525703.268522) vcan0 008#38809C1B1C800080
(1675525703.271134) vcan0 288#F5DF708F00000080
(1675525703.272239) vcan0 0F5#7BA081A07F57A20E
(1675525703.273279) vcan0 120#AAA0D0A07F0F5689
(1675525703.273358) vcan0 130#AFFA1DA420DFFF11
(1675525703.273444) vcan0 150#7E20FA57FDF705C0
(1675525703.274318) vcan0 010#009000002FB031F8
(1675525703.274468) vcan0 072#F000FF3F0078A038
(1675525703.274545) vcan0 210#1FE080A0A869D04D
(1675525703.274622) vcan0 290#0000000000000000
(1675525703.275421) vcan0 2A9#8C260082C0000084
(1675525703.279254) vcan0 0E0#627303E000805800
(1675525703.280342) vcan0 008#3880AC0B1C800080
(1675525703.281504) vcan0 1B0#00C0000003B000FC
(1675525703.282598) vcan0 1B5#FFE97399B9E0FFEF
(1675525703.283633) vcan0 055#F7F70A28B27F9C80
(1675525703.283711) vcan0 065#27E60AF8FFDD2902
(1675525703.283783) vcan0 010#009000002FB031F8
(1675525703.286465) vcan0 070#000007F82AE20F00
(1675525703.286540) vcan0 075#0000000000005458
(1675525703.286615) vcan0 080#1D508000C2002C00
(1675525703.286701) vcan0 0B0#528315A3E1C152A3
(1675525703.286844) vcan0 125#E50780E4C1D0D735
(1675525703.286919) vcan0 145#F982D780FC4810A1
(1675525703.286994) vcan0 1D0#0000000000000061
(1675525703.287068) vcan0 1D8#363339343234E043
(1675525703.287210) vcan0 1E0#0020730300B917E0
(1675525703.287285) vcan0 28C#000000000014FEA8
(1675525703.287358) vcan0 291#0000000000000000
(1675525703.287434) vcan0 2B5#4BA0316293A67F41
(1675525703.287647) vcan0 072#F000FF3F00788038
(1675525703.288683) vcan0 3B0#00FC3F383AB4C400
(1675525703.289857) vcan0 008#3880BC090E800080
(1675525703.292400) vcan0 0F5#70A081A07F5B9211
(1675525703.293588) vcan0 120#B0A0AAA07F075689
(1675525703.293665) vcan0 130#B7FD1DA420CFFF11
(1675525703.293743) vcan0 010#009000002FB031F8
(1675525703.293830) vcan0 150#7820F767FDF7FBC0
(1675525703.294632) vcan0 350#A200000000000080
(1675525703.295795) vcan0 288#F5DF708F00000080
(1675525703.298474) vcan0 260#D0FF00AA497487B0
(1675525703.298552) vcan0 210#1FE080A0A869D045
(1675525703.298702) vcan0 0E0#E27305E800803600
(1675525703.299576) vcan0 008#3880CCF90E800080
(1675525703.300663) vcan0 1B0#00C0000002B000FC
(1675525703.301754) vcan0 1B5#FFFE88A3C3E0FFEF
(1675525703.302833) vcan0 055#F7F70A28B2829C80
(1675525703.303867) vcan0 065#2BE60AF801DE2A02
(1675525703.304011) vcan0 070#000007F82BE20F00
(1675525703.306831) vcan0 075#0000000000005458
(1675525703.306905) vcan0 010#009000002FB031F9
(1675525703.306979) vcan0 072#F000FF3F0078A038
(1675525703.307052) vcan0 080#1D508000C2002C00
(1675525703.307137) vcan0 0B0#528315A3E1C152A3
(1675525703.307280) vcan0 125#E50480E4C1D0D735
(1675525703.307354) vcan0 145#F972D880FC4810A1
(1675525703.307428) vcan0 1D0#0000000000000261
(1675525703.307503) vcan0 1D8#363339343234E043
(1675525703.307646) vcan0 1E0#0024634300B917E0
(1675525703.307720) vcan0 290#0000000000000000
(1675525703.307793) vcan0 2C0#528700000000A0F1
(1675525703.307869) vcan0 2C3#528700FFFF785450
(1675525703.308011) vcan0 2C5#12E784E32BE60070
(1675525703.308085) vcan0 370#0720C0007A1BC71F
(1675525703.310766) vcan0 3E0#000000D92E808092
(1675525703.310909) vcan0 008#3880DCE90E800080
(1675525703.311945) vcan0 0F5#74A087A07F5F8213
(1675525703.312986) vcan0 120#C7A0C7A07F0B5689
(1675525703.313142) vcan0 130#BFFD1DA420BFFF11
(1675525703.314166) vcan0 150#7D20FD77FDF7E6C0
(1675525703.315259) vcan0 010#009000002FB031F8
(1675525703.315337) vcan0 291#0000000000000000
(1675525703.315414) vcan0 2A9#8C26009BC0000084
(1675525703.316287) vcan0 0E0#E27309F000801200
(1675525703.317376) vcan0 072#F000FF3F00788038
(1675525703.319915) vcan0 008#3880ECD90E800080
(1675525703.320933) vcan0 288#E9DF708F00000080
(1675525703.323838) vcan0 1B0#00C0000002B000FC
(1675525703.323980) vcan0 1B5#FF139DAECEE0FFEF
(1675525703.324055) vcan0 055#F7F70B28B2829C80
(1675525703.324130) vcan0 065#29E60AF803DE2A02
(1675525703.324204) vcan0 070#000007F82BE20F00
(1675525703.324349) vcan0 010#009000002FB031F8
(1675525703.324423) vcan0 075#0000000000005458
(1675525703.324910) vcan0 080#1E508000C2002C00
(1675525703.324996) vcan0 0B0#528314A3E1C152A3
(1675525703.325141) vcan0 125#E50480E4C1D0D735
(1675525703.325215) vcan0 145#F962D980FC4810A1
(1675525703.325975) vcan0 1D0#0000000000000861
(1675525703.326118) vcan0 1D8#363339343234E043
(1675525703.326192) vcan0 1E0#0028534300B917E0
(1675525703.326266) vcan0 210#21E080A0A869D045
(1675525703.329016) vcan0 28C#000000000014FEA8
(1675525703.329090) vcan0 2B5#4BA0326293A67E42
(1675525703.329165) vcan0 340#9C00000000000000
(1675525703.329238) vcan0 260#D0FF00AA497487B0
(1675525703.330070) vcan0 008#3B80FCC60E800080
(1675525703.331243) vcan0 0F5#7FA08CA07F637216
(1675525703.332280) vcan0 120#A5A0A9A07F045689
(1675525703.333436) vcan0 130#C7FD1DA420AFFF11
(1675525703.333514) vcan0 010#009000002FB031F8
(1675525703.334481) vcan0 072#F000FF3F0078A038
(1675525703.334631) vcan0 150#8620F787FDF7CDC0
(1675525703.334709) vcan0 290#0000000000000000
(1675525703.334787) vcan0 330#C300000000000000
(1675525703.336887) vcan0 0E0#E2730CF80080EF00
(1675525703.339706) vcan0 008#3B800CB60E800080
(1675525703.340721) vcan0 1B0#00C0000001B000FC
(1675525703.341811) vcan0 1B5#FF28B2B8D8E0FFEF
(1675525703.342965) vcan0 055#F7F70B28B2829C80
(1675525703.344003) vcan0 065#29E60AF8FFDD2B02
(1675525703.344078) vcan0 010#009000002FB031F8
(1675525703.344222) vcan0 070#000007F82CE20F00
(1675525703.344296) vcan0 075#0000000000005458
(1675525703.344371) vcan0 080#1E508000C2002C00
(1675525703.345062) vcan0 0B0#528314A3E1C152A3
(1675525703.345206) vcan0 125#E50480E4C1D0D735
(1675525703.345303) vcan0 145#F952DA80FC4810A1
(1675525703.345377) vcan0 1D0#0000000000000061
(1675525703.346276) vcan0 1D8#363339343234E043
(1675525703.346350) vcan0 1E0#0028530300B917E0
(1675525703.347728) vcan0 288#F1DF708F00000080
(1675525703.347803) vcan0 291#0000000000000000
(1675525703.347946) vcan0 2C3#528700FFFF795450
(1675525703.348776) vcan0 072#F000FF3F00788038
(1675525703.348918) vcan0 210#21E08020A869D04D
(1675525703.349885) vcan0 008#3B801CA60E800080
(1675525703.352566) vcan0 0F5#8CA08CA07F676218
(1675525703.353733) vcan0 120#A1A0ACA07FFE5589
(1675525703.353812) vcan0 130#CFFD1DA4209FFF11
(1675525703.353890) vcan0 010#009000002FB031F8
(1675525703.354040) vcan0 150#8C20FA97FDF7B7C0
(1675525703.354117) vcan0 2A9#8C260082C0000084
(1675525703.354860) vcan0 260#D0FF00AA497487B0
(1675525703.355950) vcan0 360#5A870011B664A0C9
(1675525703.357115) vcan0 0E0#E27309C00080D200
(1675525703.358134) vcan0 008#3B802C960E800080
(1675525703.360741) vcan0 1B0#00C0000002B000FC
(1675525703.363583) vcan0 1B5#FF3DC7C3E3E0FFEF
(1675525703.363658) vcan0 055#F7F70B28B2849C80
(1675525703.363732) vcan0 065#2AE60BF801DE2C02
(1675525703.363806) vcan0 010#009000002FB031F8
(1675525703.363948) vcan0 070#000007F82DE20F00
(1675525703.364711) vcan0 072#F000FF3F0078A038
(1675525703.364787) vcan0 075#0000000000005458
(1675525703.364928) vcan0 080#1F508000C2002C00
(1675525703.365004) vcan0 0B0#528314A3E0C152A3
(1675525703.365764) vcan0 125#E50480E4C1D0D735
(1675525703.365908) vcan0 145#F942DB80FC4810A1
(1675525703.365991) vcan0 1D0#0000000000000061
(1675525703.366067) vcan0 1D8#363339343234E043
(1675525703.366140) vcan0 1E0#002C434300B917E0
(1675525703.366971) vcan0 28C#000000000014FEA8
(1675525703.369652) vcan0 290#0000000000000000
(1675525703.369728) vcan0 2B5#4BA1326293A67E44
(1675525703.369871) vcan0 2C0#528700000000A0F1
(1675525703.369945) vcan0 2C5#12E784E329E60070
(1675525703.370018) vcan0 390#80FF051D02025F4F
(1675525703.370092) vcan0 3AF#0000000000000020
(1675525703.370236) vcan0 008#3B803C860E800080
(1675525703.370859) vcan0 288#F1DF807F00000080
(1675525703.371895) vcan0 0F5#82A08AA07F6B521B
(1675525703.372919) vcan0 120#B3A0A9A07F035689
(1675525703.374010) vcan0 130#D7FD1DA4208FFF11
(1675525703.374089) vcan0 150#8620FAA7FCF7ADC0
(1675525703.374174) vcan0 010#009000002FB031F8
(1675525703.374253) vcan0 210#21E080A0A869D045
(1675525703.374403) vcan0 291#0000000000000000
(1675525703.376793) vcan0 3CA#00000000400000C8
(1675525703.376943) vcan0 3D0#970F6100C50580C3
(1675525703.377021) vcan0 3C8#5287008E882C008E
(1675525703.377894) vcan0 072#F000FF3F00788038
(1675525703.379056) vcan0 0E0#E27303C80080B800
(1675525703.380076) vcan0 008#3B804C760E800080
(1675525703.381239) vcan0 1B0#00C0000002B000FC
(1675525703.382330) vcan0 1B5#FF52DCCDEDE0FFEF
(1675525703.383380) vcan0 1D8#363339343234E043
(1675525703.383456) vcan0 055#F7F70B28B2889C80
(1675525703.383530) vcan0 010#009000002FB031F9
(1675525703.386211) vcan0 065#2CE60BF802DE2D02
(1675525703.386287) vcan0 070#000007F82EE20F00
