(1675525587.751575) vcan0 010#000000002FB031F8
(1675525587.751705) vcan0 210#06E080A0BA69B64D
(1675525587.751778) vcan0 2A9#8C260082C0000084
(1675525587.760783) vcan0 008#BD8334A4E8830080
(1675525587.760934) vcan0 055#E1F77A28B23A9D80
(1675525587.761009) vcan0 065#33E778F807AE8406
(1675525587.761090) vcan0 070#000024F886E23400
(1675525587.761169) vcan0 075#0000000000005458
(1675525587.761246) vcan0 080#40518000C2002C00
(1675525587.761323) vcan0 0B0#6B8314A3DFC16BA3
(1675525587.761475) vcan0 145#F9B2D480FC4810A1
(1675525587.761551) vcan0 288#7BDD708F00000080
(1675525587.761630) vcan0 1B0#00C0000003B000FC
(1675525587.761707) vcan0 1B5#FFD8D52847E0FFEF
(1675525587.761858) vcan0 1D8#363339343234DB43
(1675525587.761946) vcan0 1E0#001C834300B917E0
(1675525587.762098) vcan0 010#000000002FB031F8
(1675525587.762176) vcan0 072#F000FF3F0078A038
(1675525587.762253) vcan0 1D0#0000000000000061
(1675525587.762331) vcan0 008#AE834494F7830080
(1675525587.762410) vcan0 0E0#E27331D800804A00
(1675525587.771197) vcan0 125#E5A77CE4C1D0D735
(1675525587.771274) vcan0 0F5#528B878B7F7332BB
(1675525587.771353) vcan0 120#448B848B7FE25589
(1675525587.771501) vcan0 130#E7281E520BD63112
(1675525587.771580) vcan0 150#6C0B2AC721F7BCC0
(1675525587.771659) vcan0 3CA#00000000540000C8
(1675525587.771735) vcan0 010#000000002FB031F8
(1675525587.771814) vcan0 291#0000000000000000
(1675525587.771892) vcan0 330#2800000000000000
(1675525587.772476) vcan0 008#9E83547713840080
(1675525587.780236) vcan0 055#E1F77B28B23C9D80
(1675525587.780312) vcan0 065#39E779F807AE8506
(1675525587.780386) vcan0 070#000024F886E23400
(1675525587.780459) vcan0 075#0000000000005458
(1675525587.780602) vcan0 080#42518000C2002C00
(1675525587.780677) vcan0 0B0#6B8314A3DFC16BA3
(1675525587.780751) vcan0 145#F9A2D580FC4810A1
(1675525587.780825) vcan0 28C#00000000002EFEAA
(1675525587.780968) vcan0 290#0000000000000000
(1675525587.781043) vcan0 2B5#4BD61C6293A6AC9C
(1675525587.781118) vcan0 2C0#669C00000000A0F1
(1675525587.781261) vcan0 072#F000FF3F00788038
(1675525587.781335) vcan0 210#06E08020BA69B645
(1675525587.781478) vcan0 260#D0FF00AA497487B0
(1675525587.782648) vcan0 2C5#41E7937B2FE70070
(1675525587.782792) vcan0 3AF#0000000000000020
(1675525587.782875) vcan0 1B0#00C0000004B000FC
(1675525587.782949) vcan0 1B5#FFE0DC2B4AE0FFEF
(1675525587.783024) vcan0 1D8#363339343234DB43
(1675525587.783167) vcan0 1E0#0020734300B917E0
(1675525587.783240) vcan0 2C3#669C00FFFF2D5450
(1675525587.783314) vcan0 010#000000002FB031F9
(1675525587.783389) vcan0 1D0#0000000000000261
(1675525587.783531) vcan0 008#8E83645337840080
(1675525587.783606) vcan0 0E0#E2732FE000802C00
(1675525587.783680) vcan0 288#93DD708F00000080
(1675525587.794543) vcan0 125#E5C97CE4C1D0D735
(1675525587.794620) vcan0 0F5#5C8BA18B7F7722BC
(1675525587.794772) vcan0 120#418B958B7FE05589
(1675525587.794849) vcan0 130#EF2B1E5C0BBC3712
(1675525587.794927) vcan0 150#7F0B30D726F799C0
(1675525587.795005) vcan0 010#000000002FB031F8
(1675525587.795095) vcan0 072#F000FF3F0078A038
(1675525587.795170) vcan0 2A9#8C26009BC0000084
(1675525587.795313) vcan0 008#7E83744446840080
(1675525587.795388) vcan0 055#E1F77B28B23C9D80
(1675525587.795462) vcan0 065#41E77AF807AE8606
(1675525587.795606) vcan0 070#000025F887E23400
(1675525587.795679) vcan0 075#0000000000005458
(1675525587.796920) vcan0 080#43518000C2002C00
(1675525587.796995) vcan0 0B0#6B8314A3DFC16BA3
(1675525587.797068) vcan0 145#F992D680FC4810A1
(1675525587.797142) vcan0 370#0728C0006E03CB1F
(1675525587.797286) vcan0 3C8#669C008E882C008E
(1675525587.806221) vcan0 1B0#00C0000004B000FC
(1675525587.806300) vcan0 1B5#FFE7E42F4EE0FFEF
(1675525587.806377) vcan0 1D8#363339343234DB43
(1675525587.806455) vcan0 1E0#0020730300B917E0
(1675525587.806614) vcan0 010#000000002FB031F8
(1675525587.806693) vcan0 1D0#0000000000000861
(1675525587.806771) vcan0 210#06E080A0BA69B64D
(1675525587.806848) vcan0 291#0000000000000000
(1675525587.806927) vcan0 008#6C8384315B840080
(1675525587.807075) vcan0 0E0#E2732FE800800C00
(1675525587.807153) vcan0 290#0000000000000000
(1675525587.807231) vcan0 072#F000FF3F00788038
(1675525587.807310) vcan0 3B0#00D87E3C81B0C400
(1675525587.807459) vcan0 260#D0FF0055497487B0
(1675525587.807537) vcan0 125#E5E97CE4C1D0D735
(1675525587.807686) vcan0 288#B0DD708F00000080
(1675525587.813681) vcan0 0F5#5C8BB38B7F7B12BD
(1675525587.813832) vcan0 120#538B958B7FF35589
(1675525587.813911) vcan0 130#F72B1E5E0BAA3412
(1675525587.813988) vcan0 150#880B34E72AF780C0
(1675525587.814147) vcan0 010#000000002FB031F8
(1675525587.814226) vcan0 350#A200000000000080
(1675525587.814302) vcan0 008#5C83941478840080
(1675525587.814381) vcan0 055#E1F77C28B23C9D80
