(1675525562.053786) vcan0 210#0AE080A0B569B24D
(1675525562.054790) vcan0 0F5#E599EE99BF7B1190
(1675525562.056265) vcan0 120#2F9A2D9A7FF05589
(1675525562.056348) vcan0 130#F7F21D2F1ACAF111
(1675525562.056433) vcan0 150#E919F3E7F1F711C0
(1675525562.056524) vcan0 3CA#00000000550000C8
(1675525562.058774) vcan0 010#000000002FB031F8
(1675525562.058856) vcan0 1D0#0000000000000061
(1675525562.059869) vcan0 008#7180947E00800080
(1675525562.062426) vcan0 288#DDDF10EF00000080
(1675525562.063515) vcan0 055#F4F7F467B3009C80
(1675525562.063598) vcan0 065#E6E4F4F7FDDDD601
(1675525562.064581) vcan0 070#00000AF8D6E10F00
(1675525562.064661) vcan0 075#0000000000005458
(1675525562.064741) vcan0 080#E14F8000C2002C00
(1675525562.068880) vcan0 0B0#5283F5A2D6C152A3
(1675525562.068960) vcan0 0E0#627307E000805400
(1675525562.069040) vcan0 145#F972D880FC4810A1
(1675525562.069122) vcan0 1B0#00C028000CB02CFC
(1675525562.069202) vcan0 1B5#FF9B86A588E0FFEF
(1675525562.069282) vcan0 1D8#363339343234E043
(1675525562.069370) vcan0 1E0#0010B34300B917E0
(1675525562.069450) vcan0 2C3#669C00FFFFA35450
(1675525562.069530) vcan0 370#1727C0006C03CB1F
(1675525562.069610) vcan0 010#000000002FB031F8
(1675525562.069689) vcan0 072#F000FF3F00788038
(1675525562.069769) vcan0 2A9#8C26009BC0000084
(1675525562.069851) vcan0 125#E5E57FE4C1D0D735
(1675525562.069931) vcan0 008#7180A46E00800080
(1675525562.071045) vcan0 290#0000000000000000
(1675525562.073412) vcan0 0F5#099AEB99BF7F0192
(1675525562.074488) vcan0 120#0D9A299A7FF45589
(1675525562.074573) vcan0 130#FFF21D291AC0F111
(1675525562.075586) vcan0 150#FA19F4F7F1F7F0C0
(1675525562.076984) vcan0 010#000000002FB031F8
(1675525562.077070) vcan0 1D0#0000000000000061
(1675525562.077153) vcan0 210#0AE08020B569B245
(1675525562.077245) vcan0 260#D0FF0055497487B0
(1675525562.078106) vcan0 291#0000000000000000
(1675525562.080433) vcan0 072#F000FF3F00788038
(1675525562.081521) vcan0 3B0#00D88E3C7AB0C600
(1675525562.082611) vcan0 008#7180B45E00800080
(1675525562.083623) vcan0 055#F4F7F467B3009C80
(1675525562.086494) vcan0 065#E8E4F4F7FFDDD601
(1675525562.086578) vcan0 070#00000AF8D6E10F00
(1675525562.086661) vcan0 075#0000000000005458
(1675525562.086745) vcan0 080#E14F8000C2002C00
(1675525562.086828) vcan0 0B0#5283F5A2D6C152A3
(1675525562.086912) vcan0 0E0#E27303E800803800
(1675525562.086996) vcan0 145#F962D980FC4810A1
(1675525562.087080) vcan0 1B0#00C02E000AB034FC
(1675525562.087163) vcan0 1B5#FFAC97AD91E0FFEF
(1675525562.087248) vcan0 1D8#363339343234E043
(1675525562.087339) vcan0 1E0#0010B30300B917E0
(1675525562.087423) vcan0 28C#00000000002ABEA2
(1675525562.087507) vcan0 010#000000002FB031F9
(1675525562.087591) vcan0 2B5#4BC12D6293A62500
(1675525562.087675) vcan0 330#2800000000000000
(1675525562.088997) vcan0 288#DDDF20DF00000080
(1675525562.089081) vcan0 125#E5E57FE4C1D0D735
(1675525562.090094) vcan0 008#7180C44E00800080
(1675525562.092419) vcan0 0F5#D599DD99BF43F194
(1675525562.093509) vcan0 120#1D9A0F9A7FFA5589
(1675525562.094627) vcan0 130#87EF1D1D1ABCF111
(1675525562.095641) vcan0 150#D919F007F1F701C0
(1675525562.096963) vcan0 010#000000002FB031F8
(1675525562.097047) vcan0 072#F000FF3F0078A038
(1675525562.097140) vcan0 1D0#0000000000000261
(1675525562.099537) vcan0 210#0AE080A0B569B245
(1675525562.100663) vcan0 008#7180D43E00800080
(1675525562.101751) vcan0 055#F4F7F467B3009C80
(1675525562.104314) vcan0 065#E8E4F4F701DED601
(1675525562.104400) vcan0 070#00000AF8D6E10F00
(1675525562.104484) vcan0 075#0000000000005458
(1675525562.104568) vcan0 080#E14F8000C2002C00
(1675525562.105423) vcan0 0B0#5283F5A2D6C152A3
(1675525562.105509) vcan0 0E0#627302F000801900
(1675525562.105592) vcan0 145#F952DA80FCC810A1
(1675525562.105675) vcan0 1B0#00C0340009B03CFC
(1675525562.109622) vcan0 1B5#FFBDA7B699E0FFEF
(1675525562.109707) vcan0 1D8#363339343234E043
(1675525562.109790) vcan0 1E0#0014A34300B917E0
(1675525562.109873) vcan0 290#0000000000000000
(1675525562.109957) vcan0 010#000000002FB031F8
(1675525562.110041) vcan0 260#D0FF00AA497487B0
(1675525562.110132) vcan0 291#0000000000000000
(1675525562.110216) vcan0 2A9#8C260082C0000084
(1675525562.110300) vcan0 2C0#669C00430100A0F1
(1675525562.110384) vcan0 2C3#669C00FFFFA35450
(1675525562.110467) vcan0 2C5#00DF5ED3EBE40070
(1675525562.110550) vcan0 125#E5E57FE4C1D0D735
(1675525562.110712) vcan0 072#F000FF3F00788038
(1675525562.111802) vcan0 360#6A9C00D3B343A001
(1675525562.112893) vcan0 008#7180E42E00800080
(1675525562.113991) vcan0 288#D5DF20DF00000080
(1675525562.115081) vcan0 0F5#BF99CB99BF47E197
(1675525562.115164) vcan0 120#0D9A0F9A7F035689
(1675525562.115250) vcan0 130#8FEC1D0F1ABAEC11
(1675525562.116337) vcan0 150#C519F717F1F705C0
(1675525562.117894) vcan0 010#000000002FB031F8
(1675525562.117978) vcan0 1D0#0000000000000861
(1675525562.118068) vcan0 390#80FF05000222576F
(1675525562.118930) vcan0 350#A200000000000080
(1675525562.120022) vcan0 008#7180F41E00800080
(1675525562.122426) vcan0 055#F4F7F467B3009C80
(1675525562.123518) vcan0 065#E3E4F4F7FEDDD601
(1675525562.124613) vcan0 070#00000AF8D6E10F00
(1675525562.124697) vcan0 075#0000000000005458
(1675525562.127491) vcan0 080#E14F8000C2002C00
(1675525562.127576) vcan0 0B0#5283F5A2D6C152A3
(1675525562.127659) vcan0 0E0#627300F80080FB00
(1675525562.127742) vcan0 145#F942DB80FCC810A1
(1675525562.127827) vcan0 1B0#00C0360006B044FC
(1675525562.127911) vcan0 1B5#FFCEB8BEA2E0FFEF
(1675525562.127993) vcan0 1D8#363339343234E043
(1675525562.128077) vcan0 1E0#0018934300B917E0
(1675525562.128161) vcan0 010#000000002FB031F8
(1675525562.128254) vcan0 072#F000FF3F0078A038
(1675525562.128337) vcan0 210#0AE080A0B569B24D
(1675525562.128421) vcan0 28C#00000000002ABEA2
(1675525562.128506) vcan0 2B5#4BC12D6293A62500
(1675525562.128590) vcan0 340#8500000000000000
(1675525562.128673) vcan0 3D0#930F6100D11480C3
(1675525562.129996) vcan0 125#E5E57FE4C1D0D735
(1675525562.131084) vcan0 008#7180040E00800080
(1675525562.132175) vcan0 290#0000000000000000
(1675525562.134558) vcan0 0F5#B999C599BF4BD199
(1675525562.134642) vcan0 120#FC99059A7FFB5589
(1675525562.134727) vcan0 130#97E61D051AB4E611
(1675525562.135661) vcan0 150#BF19F427F2F7FBC0
(1675525562.136752) vcan0 260#D0FF00AA497487B0
(1675525562.138150) vcan0 010#000000002FB031F8
(1675525562.138234) vcan0 1D0#0000000000000061
(1675525562.138327) vcan0 291#0000000000000000
(1675525562.138409) vcan0 288#C8DF20DF00000080
(1675525562.142209) vcan0 072#F000FF3F00788038
(1675525562.143300) vcan0 008#718014FE00800080
(1675525562.143383) vcan0 055#F4F7F467B3009C80
(1675525562.144398) vcan0 065#DFE4F4F7FCDDD601
(1675525562.144483) vcan0 070#00000AF8D6E10F00
(1675525562.144565) vcan0 075#0000000000005458
(1675525562.144649) vcan0 080#E14F8000C2002C00
(1675525562.145505) vcan0 0B0#5283F4A2D6C152A3
(1675525562.145589) vcan0 0E0#627304C00080D700
(1675525562.145672) vcan0 145#F932DC80FCC810A1
(1675525562.145755) vcan0 1B0#00C0370002B04AFC
(1675525562.145838) vcan0 1B5#FFDEC9C6AAE0FFEF
(1675525562.146540) vcan0 1D8#363339343234E043
(1675525562.146626) vcan0 1E0#0018930300B917E0
(1675525562.147957) vcan0 2C3#669C00FFFFA45450
(1675525562.148042) vcan0 010#000000002FB031F8
(1675525562.149596) vcan0 2A9#8C26009BC0000084
(1675525562.149678) vcan0 125#E5E77FE4C1D0D735
(1675525562.150693) vcan0 210#0AE080A0B569B245
(1675525562.151783) vcan0 008#718024EE00800080
(1675525562.152876) vcan0 0F5#AC99BF99BF4FC19B
(1675525562.154016) vcan0 120#FF99099A7FF65589
(1675525562.155033) vcan0 130#9FE61D051AA4E111
(1675525562.157750) vcan0 150#B519ED37F2F7F5C0
(1675525562.157833) vcan0 010#000000002FB031F8
(1675525562.157916) vcan0 072#F000FF3F0078A038
(1675525562.158000) vcan0 1D0#0000000000000061
(1675525562.158859) vcan0 008#718034DE00800080
(1675525562.161342) vcan0 288#C4DF20DF00000080
(1675525562.162432) vcan0 055#F4F7F467B3009C80
(1675525562.163460) vcan0 065#DCE4F4F7FDDDD601
(1675525562.164551) vcan0 070#00000AF8D6E10F00
(1675525562.164634) vcan0 075#0000000000005458
(1675525562.167348) vcan0 080#E14F8000C2002C00
(1675525562.167432) vcan0 0B0#4883F4A2D6C148A3
(1675525562.167514) vcan0 0E0#627302C80080B900
(1675525562.167599) vcan0 145#F922DD80FCC810A1
(1675525562.167682) vcan0 1B0#00C03B0002B050FC
(1675525562.167766) vcan0 1B5#FFEFDACFB2E0FFEF
(1675525562.167849) vcan0 1D8#363339343234E043
(1675525562.167933) vcan0 1E0#001C834300B917E0
(1675525562.168016) vcan0 010#000000002FB031F9
(1675525562.168099) vcan0 260#D0FF00AA497487B0
(1675525562.168183) vcan0 28C#00000000002ABEA2
(1675525562.168267) vcan0 290#0000000000000000
(1675525562.168352) vcan0 291#0000000000000000
(1675525562.168446) vcan0 2B5#4BC12D6293A62500
(1675525562.168531) vcan0 2C0#669C00040200A0F1
(1675525562.171397) vcan0 2C5#00DF5EC6E7E40070
(1675525562.171483) vcan0 330#2800000000000000
(1675525562.171566) vcan0 370#0727C0006C03CB1F
(1675525562.171650) vcan0 3AF#0000000000000020
(1675525562.171733) vcan0 125#E5E77FE4C1D0D735
(1675525562.171817) vcan0 3E0#000000D934808092
(1675525562.171901) vcan0 072#F000FF3F00788038
(1675525562.172448) vcan0 008#718044CE00800080
(1675525562.173537) vcan0 3C8#669C008E882C008E
(1675525562.174552) vcan0 0F5#AE99C799BF53B19D
(1675525562.174635) vcan0 120#EE99F5997FFF5589
(1675525562.174720) vcan0 130#A7E41DF519A5DB11
(1675525562.175655) vcan0 150#BA19EC47F2F7E0C0
(1675525562.175738) vcan0 3CA#00000000560000C8
(1675525562.176683) vcan0 010#000000002FB031F8
(1675525562.178085) vcan0 1D0#0000000000000261
(1675525562.178168) vcan0 210#0AE080A0B569B24D
(1675525562.182196) vcan0 008#718054BE00800080
(1675525562.183209) vcan0 055#F4F7F467B3009C80
(1675525562.184302) vcan0 065#D2E4F4F7FADDD601
(1675525562.184385) vcan0 070#00000AF8D6E10F00
(1675525562.184469) vcan0 075#0000000000005458
(1675525562.185327) vcan0 080#E14F8000C2002C00
(1675525562.185411) vcan0 0B0#3983F3A2D6C139A3
(1675525562.185494) vcan0 0E0#627302D000809900
(1675525562.185577) vcan0 145#F912DE80FCC810A1
(1675525562.185662) vcan0 1B0#00C03F0004B056FC
(1675525562.186443) vcan0 1B5#FF00EBD7BBE0FFEF
(1675525562.186525) vcan0 1D8#363339343234E043
(1675525562.186610) vcan0 1E0#0020734300B917E0
(1675525562.187709) vcan0 2C3#669C00FFFFA45450
(1675525562.187794) vcan0 010#000000002FB031F8
(1675525562.187877) vcan0 072#F000FF3F0078A038
(1675525562.187961) vcan0 2A9#8C260082C0000084
(1675525562.189207) vcan0 288#E1DF30CF00000080
(1675525562.189290) vcan0 125#E5E77FE4C1D0D735
(1675525562.190302) vcan0 008#718064AE00800080
(1675525562.191393) vcan0 290#0000000000000000
(1675525562.192408) vcan0 0F5#B499C599BF57A19F
(1675525562.194788) vcan0 120#E899D0997FFB5589
(1675525562.194872) vcan0 130#AFE11DE819A2D511
(1675525562.194957) vcan0 150#BC19EE57F2F7CEC0
(1675525562.196126) vcan0 010#000000002FB031F8
(1675525562.197216) vcan0 1D0#0000000000000861
(1675525562.197300) vcan0 260#D0FF00AA497487B0
(1675525562.197384) vcan0 291#0000000000000000
(1675525562.199569) vcan0 072#F000FF3F00788038
(1675525562.200583) vcan0 210#0AE08020B569B24D
(1675525562.201673) vcan0 3B0#00FC86387AB0C400
(1675525562.202763) vcan0 008#7180749E00800080
(1675525562.205638) vcan0 055#F4F7F467B3009C80
(1675525562.205722) vcan0 065#C0E4F4F7F1DDD601
(1675525562.205806) vcan0 070#00000AF8D6E10F00
(1675525562.205890) vcan0 075#0000000000005458
(1675525562.205974) vcan0 080#E14F8000C2002C00
(1675525562.206058) vcan0 0B0#3983F0A2D6C139A3
(1675525562.206140) vcan0 0E0#E27301D800807A00
(1675525562.206224) vcan0 145#F902DF80FCC810A1
(1675525562.206308) vcan0 1B0#00C0410004B05BFC
(1675525562.206392) vcan0 1B5#FF11FBDFC3E0FFEF
(1675525562.206476) vcan0 1D8#363339343234E043
(1675525562.206714) vcan0 1E0#0020730300B917E0
(1675525562.206807) vcan0 28C#00000000002ABEA2
(1675525562.206890) vcan0 010#000000002FB031F8
(1675525562.208136) vcan0 2B5#4BC12D6293A63D00
(1675525562.208220) vcan0 340#8500000000000000
(1675525562.209156) vcan0 125#E5E77FE4C1D0D735
(1675525562.210247) vcan0 350#A200000000000080
(1675525562.211336) vcan0 360#6A9C00D3B343A001
(1675525562.212584) vcan0 008#7180848E00800080
(1675525562.213674) vcan0 288#D0DF30CF00000080
(1675525562.214769) vcan0 0F5#9999A399BF5B91A1
(1675525562.214852) vcan0 120#9199D3997F0A5689
(1675525562.214936) vcan0 130#B7E11DD319A7D011
(1675525562.216102) vcan0 150#9D19F767F2F7DDC0
(1675525562.216185) vcan0 010#000000002FB031F8
(1675525562.217198) vcan0 072#F000FF3F0078A038
(1675525562.217282) vcan0 1D0#0000000000000061
(1675525562.217375) vcan0 390#80FF05000222574F
(1675525562.219705) vcan0 008#7180947E00800080
(1675525562.223582) vcan0 055#F4F7F467B3009C80
(1675525562.223665) vcan0 065#A7E4F4F7EB8DD701
(1675525562.224630) vcan0 070#00000AF8D7E10F00
(1675525562.224715) vcan0 075#0000000000005458
(1675525562.224798) vcan0 080#E24F8000C2002C00
(1675525562.224883) vcan0 0B0#3983EAA2D6C139A3
(1675525562.225743) vcan0 0E0#627305E000805600
(1675525562.225826) vcan0 145#F9F2D080FCC810A1
(1675525562.225909) vcan0 1B0#00C0460005B060FC
(1675525562.225994) vcan0 1B5#FF210CE7CBE0FFEF
(1675525562.226077) vcan0 1D8#363339343234E043
(1675525562.226859) vcan0 1E0#0024634300B917E0
(1675525562.226943) vcan0 290#0000000000000000
(1675525562.227026) vcan0 010#000000002FB031F8
(1675525562.227119) vcan0 210#0AE080A0B569B245
(1675525562.229758) vcan0 260#D0FF0055497487B0
(1675525562.229841) vcan0 291#0000000000000000
(1675525562.229925) vcan0 2A9#8C26009BC0000084
(1675525562.230009) vcan0 2C0#669C00CC0200A0F1
(1675525562.230092) vcan0 2C3#669C00FFFFA55450
(1675525562.230176) vcan0 2C5#00DF5CBACCE40070
(1675525562.230260) vcan0 125#E5E77FE4C1D0D735
(1675525562.230809) vcan0 072#F000FF3F00788038
(1675525562.231900) vcan0 008#6F80A47000800080
(1675525562.232990) vcan0 0F5#86999999BF5F81A3
(1675525562.234082) vcan0 120#DD99B4997FEA5589
(1675525562.235173) vcan0 130#BFDE1DD31997D311
(1675525562.236497) vcan0 150#8F19ED77F2F7DBC0
(1675525562.237977) vcan0 010#000000002FB031F8
(1675525562.238061) vcan0 1D0#0000000000000061
(1675525562.239097) vcan0 288#C8DF30CF00000080
(1675525562.240185) vcan0 008#6F80B4520E800080
(1675525562.244090) vcan0 055#F5F7F567B3009C80
(1675525562.244175) vcan0 065#8FE4F5F7EE8DD901
(1675525562.244259) vcan0 070#000009F8D9E10F00
(1675525562.244343) vcan0 075#0000000000005458
(1675525562.245142) vcan0 080#E44F8000C2002C00
(1675525562.245209) vcan0 0B0#3983E5A2D8C139A3
(1675525562.245292) vcan0 0E0#62730BE800803000
(1675525562.245376) vcan0 145#F9E2D180FCC810A1
(1675525562.245459) vcan0 1B0#00C0490005B065FC
(1675525562.246242) vcan0 1B5#FF321DF0D3E0FFEF
(1675525562.246325) vcan0 1D8#363339343234E043
(1675525562.247725) vcan0 1E0#0028534300B917E0
(1675525562.247810) vcan0 28C#00000000002ABEA1
(1675525562.247894) vcan0 2B5#4BC12C6293A64300
(1675525562.247987) vcan0 010#000000002FB031F9
(1675525562.248071) vcan0 072#F000FF3F0078A038
(1675525562.248852) vcan0 330#2800000000000000
(1675525562.248936) vcan0 125#E5E77FE4C1D0D735
(1675525562.252660) vcan0 210#0AE080A0B569B24D
(1675525562.252743) vcan0 008#6F80C4420E800080
(1675525562.253758) vcan0 290#0000000000000000
(1675525562.254856) vcan0 0F5#83998E99BF6371A5
(1675525562.254940) vcan0 120#C099B1997FF95589
(1675525562.255024) vcan0 130#C7DE1DC0199AD311
(1675525562.255108) vcan0 150#8819ED87F2F7D2C0
(1675525562.255966) vcan0 260#D0FF0055497487B0
(1675525562.257057) vcan0 010#000000002FB031F8
(1675525562.258381) vcan0 1D0#0000000000000261
(1675525562.258464) vcan0 291#0000000000000000
(1675525562.261332) vcan0 072#F000FF3F00788038
(1675525562.262436) vcan0 008#6F80D4320E800080
(1675525562.263527) vcan0 288#E5DF30CF00000080
(1675525562.263611) vcan0 055#F5F7F567B3009C80
(1675525562.263693) vcan0 065#7EE4F5F7EB8DDA01
(1675525562.264634) vcan0 070#000009F8DAE10F00
(1675525562.264717) vcan0 075#0000000000005458
(1675525562.264801) vcan0 080#E54F8000C2002C00
(1675525562.264884) vcan0 0B0#3983DEA2DAC139A3
(1675525562.265666) vcan0 0E0#62730AF000801100
(1675525562.265748) vcan0 145#F9D2D280FCC810A1
(1675525562.265833) vcan0 1B0#00C04F0005B06BFC
(1675525562.265917) vcan0 1B5#FF432DF8DCE0FFEF
(1675525562.266000) vcan0 1D8#363339343234E043
(1675525562.266781) vcan0 1E0#0028530300B917E0
(1675525562.268105) vcan0 2C3#669C00FFFFA55450
(1675525562.268190) vcan0 010#000000002FB031F8
(1675525562.268284) vcan0 2A9#8C260082C0000084
(1675525562.268368) vcan0 370#0727C0006C03CB1F
(1675525562.269612) vcan0 125#E5E77FE4C1D0D735
(1675525562.270699) vcan0 008#6F80E4220E800080
(1675525562.271790) vcan0 0F5#7B998699BF6761A7
(1675525562.272802) vcan0 120#8B99C5997F065689
(1675525562.273894) vcan0 130#CFDB1DB91991D011
(1675525562.275243) vcan0 150#8019F797F3F7CAC0
(1675525562.276720) vcan0 010#000000002FB031F8
(1675525562.276804) vcan0 072#F000FF3F0078A038
(1675525562.276888) vcan0 1D0#0000000000000861
(1675525562.277825) vcan0 210#0AE080A0B569B245
(1675525562.280152) vcan0 008#6F80F4120E800080
(1675525562.284021) vcan0 055#F6F7F667B3009C80
(1675525562.284104) vcan0 065#64E4F5F7E88DDC01
(1675525562.284188) vcan0 070#000008F8DCE10F00
(1675525562.284284) vcan0 075#0000000000005458
(1675525562.285146) vcan0 080#E64F8000C2002C00
(1675525562.285229) vcan0 0B0#3983DAA2DBC139A3
(1675525562.285312) vcan0 0E0#627305F80080F600
(1675525562.285396) vcan0 145#F9C2D380FCC810A1
(1675525562.285480) vcan0 1B0#00C0530001B073FC
(1675525562.286184) vcan0 1B5#FF533E00E4E0FFEF
(1675525562.286268) vcan0 1D8#363339343234E043
(1675525562.286352) vcan0 1E0#002C434300B917E0
(1675525562.286437) vcan0 28C#00000000002ABEA0
(1675525562.287296) vcan0 010#000000002FB031F8
(1675525562.287379) vcan0 260#D0FF0055497487B0
(1675525562.290097) vcan0 290#0000000000000000
(1675525562.290179) vcan0 291#0000000000000000
(1675525562.290262) vcan0 2B5#4BC12B6293A64600
(1675525562.290346) vcan0 2C0#669C00610300A0F1
(1675525562.290439) vcan0 2C5#00DF5AB3ABE40070
(1675525562.290523) vcan0 340#8500000000000000
(1675525562.290607) vcan0 288#DDDF40BF00000080
(1675525562.290691) vcan0 3AF#0000000000000020
(1675525562.290773) vcan0 125#E5E77FE4C1D0D735
(1675525562.290858) vcan0 400#0A02010204010111
(1675525562.290942) vcan0 405#D507D850111B6701
(1675525562.291025) vcan0 425#0000000000000000
(1675525562.291186) vcan0 072#F000FF3F00788038
(1675525562.292273) vcan0 008#6F8004020E800080
(1675525562.293360) vcan0 3C8#669C008E882C008E
(1675525562.294845) vcan0 0F5#70998099BF6B51A9
(1675525562.294928) vcan0 120#A699A3997FEF5589
(1675525562.295011) vcan0 130#D7D61DA61994CD11
(1675525562.295095) vcan0 150#7819F3A7F3F7C2C0
(1675525562.295954) vcan0 3CA#00000000400000C8
(1675525562.296976) vcan0 010#000000002FB031F8
(1675525562.297060) vcan0 1D0#0000000000000061
(1675525562.300776) vcan0 350#A200000000000080
(1675525562.300858) vcan0 210#0AE080A0B569B245
(1675525562.301872) vcan0 008#6F8014F20E800080
(1675525562.302961) vcan0 055#F6F7F667B3009C80
(1675525562.303999) vcan0 065#4EE4F6F7EA8DDC01
(1675525562.304083) vcan0 070#000008F8DCE10E00
(1675525562.304166) vcan0 075#0000000000005458
(1675525562.306884) vcan0 080#E74F8000C2002C00
(1675525562.306970) vcan0 0B0#3983D2A2DCC139A3
(1675525562.307053) vcan0 0E0#62730AC00080D100
(1675525562.307136) vcan0 145#F9B2D480FCC810A1
(1675525562.307220) vcan0 1B0#00C0540006B07AFC
(1675525562.307304) vcan0 1B5#FF644F08ECE0FFEF
(1675525562.307387) vcan0 1D8#363339343234E043
(1675525562.307478) vcan0 1E0#0030334300B917E0
(1675525562.307562) vcan0 2C3#669C00FFFFA55450
(1675525562.307645) vcan0 010#000000002FB031F8
(1675525562.307729) vcan0 072#F000FF3F0078A038
(1675525562.307812) vcan0 2A9#8C26008AC0000084
(1675525562.307975) vcan0 125#E5EA7FE4C1D0D735
(1675525562.309067) vcan0 360#6A9C00D3B343A001
(1675525562.311394) vcan0 008#6F8024CD23800080
(1675525562.312485) vcan0 288#D5DF40BF00000080
(1675525562.315364) vcan0 290#0000000000000000
(1675525562.315445) vcan0 0F5#5E997099BF6F41AB
(1675525562.315524) vcan0 120#939993997FFE5589
(1675525562.315605) vcan0 130#DFD61D931997CD11
(1675525562.315684) vcan0 150#6719EEB7F3F7C3C0
(1675525562.316428) vcan0 010#000000002FB031F8
(1675525562.316508) vcan0 1D0#0000000000000061
(1675525562.317555) vcan0 260#D0FF00AA497487B0
(1675525562.317636) vcan0 291#0000000000000000
(1675525562.317716) vcan0 390#80FF0500021A594F
(1675525562.319935) vcan0 072#F000FF3F00788038
(1675525562.320974) vcan0 3B0#00D886387AB0C400
(1675525562.323859) vcan0 008#6D8034BF23800080
(1675525562.323942) vcan0 055#F6F7F667B3009C80
(1675525562.324028) vcan0 065#35E4F6F7EC8DDD01
(1675525562.324113) vcan0 070#000008F8DDE10E00
(1675525562.324972) vcan0 075#0000000000005458
(1675525562.325057) vcan0 080#E84F8000C2002C00
(1675525562.325142) vcan0 0B0#3983CDA2DCC139A3
(1675525562.325224) vcan0 0E0#62730CC80080AF00
(1675525562.326083) vcan0 145#F9A2D580FCC810A1
(1675525562.326166) vcan0 1B0#00C0550003B07DFC
(1675525562.326250) vcan0 1B5#FF745F11F4E0FFEF
(1675525562.326342) vcan0 1D8#363339343234E043
(1675525562.326426) vcan0 1E0#0030330300B917E0
(1675525562.327129) vcan0 010#000000002FB031F9
(1675525562.327213) vcan0 210#0AE080A0B569B24D
(1675525562.328458) vcan0 28C#00000000002ABE9E
(1675525562.328543) vcan0 2B5#4BC12A6293A64C00
(1675525562.328626) vcan0 330#2800000000000000
(1675525562.328709) vcan0 3D0#930F6100D11480C3
(1675525562.329566) vcan0 125#E5EA7FE4C1D0D735
(1675525562.331122) vcan0 430#2A08280000002BC6
(1675525562.332212) vcan0 008#6D8044AF23800080
(1675525562.333302) vcan0 0F5#48995899BF7331AE
(1675525562.334396) vcan0 120#88997D997FFF5589
(1675525562.335410) vcan0 130#E7D31D881992C711
(1675525562.335492) vcan0 150#5019F1C7F3F7CAC0
(1675525562.338212) vcan0 010#000000002FB031F8
(1675525562.338303) vcan0 072#F000FF3F0078A038
(1675525562.338387) vcan0 1D0#0000000000000261
(1675525562.338471) vcan0 288#CCDF40BF00000080
(1675525562.339329) vcan0 008#6D8054AD15800080
(1675525562.343284) vcan0 055#F7F7F767B3009C80
(1675525562.344380) vcan0 065#22E4F6F7EC8DDD01
(1675525562.344464) vcan0 070#000007F8DDE10E00
(1675525562.344547) vcan0 075#0000000000005458
(1675525562.344631) vcan0 080#E84F8000C2002C00
(1675525562.345490) vcan0 0B0#3983C5A2DDC139A3
(1675525562.345573) vcan0 0E0#62730ED000808D00
(1675525562.345657) vcan0 145#F992D680FCC810A1
(1675525562.345741) vcan0 1B0#00C0550005B07FFC
(1675525562.345826) vcan0 1B5#FF857019FDE0FFEF
(1675525562.346530) vcan0 1D8#363339343234E043
(1675525562.346614) vcan0 1E0#0034234300B917E0
(1675525562.346707) vcan0 290#0000000000000000
(1675525562.347875) vcan0 2C0#669C00640300A0F1
(1675525562.347959) vcan0 260#D0FF00AA497487B0
(1675525562.348042) vcan0 2C3#669C00FFFFA65450
(1675525562.348127) vcan0 2C5#00DF54A25BE40070
(1675525562.348985) vcan0 010#000000002FB031F8
(1675525562.350460) vcan0 125#E5EA7FE4C1D0D735
(1675525562.350543) vcan0 291#0000000000000000
(1675525562.350627) vcan0 2A9#8C260093C0000084
(1675525562.351562) vcan0 008#6D80649D15800080
(1675525562.352654) vcan0 072#F000FF3F0078A038
(1675525562.353742) vcan0 210#0AE080A0B569B245
(1675525562.354786) vcan0 0F5#3B994599BF7721B0
(1675525562.354869) vcan0 120#99996D997FF45589
(1675525562.354954) vcan0 130#EFD01D831987C711
(1675525562.357593) vcan0 150#4019EED7F3F7CAC0
(1675525562.358695) vcan0 010#000000002FB031F8
(1675525562.358780) vcan0 1D0#0000000000000861
(1675525562.359791) vcan0 008#6D80748D15800080
(1675525562.362197) vcan0 288#DDDF40BF00000080
(1675525562.363285) vcan0 055#F7F7F767B3009C80
(1675525562.364301) vcan0 065#0AE4F7F7E78DDF01
(1675525562.364385) vcan0 070#000007F8DFE10E00
(1675525562.364469) vcan0 075#0000000000005458
(1675525562.367266) vcan0 080#EA4F8000C2002C00
(1675525562.367350) vcan0 0B0#0F84C2A2DEC10FA4
(1675525562.367433) vcan0 0E0#627308D800807300
(1675525562.367518) vcan0 145#F982D780FCC810A1
(1675525562.367601) vcan0 1B0#00C0550003B07FFC
(1675525562.367683) vcan0 1B5#FF95802105E0FFEF
(1675525562.367768) vcan0 1D8#363339343234E043
(1675525562.367851) vcan0 1E0#0038134300B917E0
(1675525562.367945) vcan0 28C#00000000002ABE9D
(1675525562.368030) vcan0 2B5#4BC1296293A65600
(1675525562.368114) vcan0 340#8400000000000000
(1675525562.368197) vcan0 370#0727C0006C03CB1F
(1675525562.368282) vcan0 010#000000002FB031F8
(1675525562.368366) vcan0 072#F000FF3F00788038
(1675525562.369380) vcan0 125#E5EA7FE4C1D0D735
(1675525562.371787) vcan0 008#6D80847D15800080
(1675525562.372878) vcan0 290#0000000000000000
(1675525562.374397) vcan0 0F5#29993A99BF7B11B2
(1675525562.374481) vcan0 120#569967997FF95589
(1675525562.375417) vcan0 130#F7D01D671993C711
(1675525562.375502) vcan0 150#3219F4E7F4F7C8C0
(1675525562.376514) vcan0 010#000000002FB031F8
(1675525562.376598) vcan0 1D0#0000000000000061
(1675525562.377610) vcan0 210#0AE08020B569B24D
(1675525562.377718) vcan0 260#D0FF00AA497487B0
(1675525562.377803) vcan0 291#0000000000000000
(1675525562.381444) vcan0 072#F000FF3F00788038
(1675525562.382534) vcan0 008#6D80946D15800080
(1675525562.383548) vcan0 055#F7F7F767B3009C80
(1675525562.383633) vcan0 065#F4E3F7F7EA8DDE01
(1675525562.384637) vcan0 070#000007F8DEE10E00
(1675525562.384721) vcan0 075#0000000000005458
(1675525562.387514) vcan0 080#EA4F8000C2002C00
(1675525562.387598) vcan0 0B0#0284BBA2DEC102A4
(1675525562.387681) vcan0 0E0#627307E000805400
(1675525562.387765) vcan0 145#F972D880FCC810A1
(1675525562.387849) vcan0 1B0#00C0550003B080FC
(1675525562.387934) vcan0 1B5#FFA691290DE0FFEF
(1675525562.388017) vcan0 1D8#363339343234E043
(1675525562.388101) vcan0 1E0#0038130300B917E0
(1675525562.388194) vcan0 2C3#669C00FFFFA65450
(1675525562.388277) vcan0 010#000000002FB031F8
(1675525562.388362) vcan0 2A9#8C26008AC0000084
(1675525562.388600) vcan0 288#DDDF50AF00000080
(1675525562.389692) vcan0 125#E5ED7FE4C1D0D735
(1675525562.390706) vcan0 350#A200000000000080
(1675525562.393186) vcan0 008#6D80A45D15800080
(1675525562.396023) vcan0 0F5#2C993B99BF7F01B4
(1675525562.396106) vcan0 120#359956997FF95589
(1675525562.396190) vcan0 130#FFCD1D561994C711
(1675525562.396273) vcan0 150#3319F4F7F4F7B7C0
(1675525562.397053) vcan0 010#000000002FB031F8
(1675525562.397137) vcan0 072#F000FF3F0078A038
(1675525562.397220) vcan0 1D0#0000000000000061
(1675525562.398155) vcan0 210#0AE080A0B569B24D
(1675525562.400557) vcan0 008#6D80B44D15800080
(1675525562.403360) vcan0 055#F8F7F867B3009C80
(1675525562.404457) vcan0 065#E1E3F7F7ED8DE001
(1675525562.404543) vcan0 070#000006F8E0E10D00
(1675525562.404625) vcan0 075#0000000000005458
(1675525562.404709) vcan0 080#EB4F8000C2002C00
(1675525562.405491) vcan0 0B0#F783B6A2DFC1F7A3
(1675525562.405574) vcan0 0E0#627306E800803500
(1675525562.405658) vcan0 145#F962D980FCC810A1
(1675525562.405741) vcan0 1B0#00C0560001B080FC
(1675525562.405824) vcan0 1B5#FFB6A13115E0FFEF
(1675525562.406606) vcan0 1D8#363339343234E043
(1675525562.406689) vcan0 1E0#003C034300B917E0
(1675525562.406774) vcan0 28C#00000000002ABE9C
(1675525562.406858) vcan0 010#000000002FB031F9
(1675525562.406942) vcan0 260#D0FF0055497487B0
(1675525562.409504) vcan0 290#0000000000000000
(1675525562.409611) vcan0 291#0000000000000000
(1675525562.409695) vcan0 2B5#4BC1296293A63A01
(1675525562.409776) vcan0 2C0#669C00460300A0F1
(1675525562.409861) vcan0 2C5#00DF509A30E40070
(1675525562.409944) vcan0 330#2800000000000000
(1675525562.410029) vcan0 3AF#0000000000000020
(1675525562.410111) vcan0 125#E5ED7FE4C1D0D735
(1675525562.410584) vcan0 072#F000FF3F00788038
(1675525562.411672) vcan0 360#6A9C00D3B343A001
(1675525562.412762) vcan0 008#6D80C4440E800080
(1675525562.413851) vcan0 288#D0DF50AF00000080
(1675525562.413937) vcan0 3C8#669C008E882C008E
(1675525562.415105) vcan0 0F5#1C992499BF43F1B6
(1675525562.415187) vcan0 120#369940997FFA5589
(1675525562.415272) vcan0 130#87CD1D40199AC711
(1675525562.415356) vcan0 150#2019F107F4F7BAC0
(1675525562.415448) vcan0 3CA#00000000510000C8
(1675525562.416615) vcan0 010#000000002FB031F8
(1675525562.416699) vcan0 1D0#0000000000000261
(1675525562.417711) vcan0 390#80FF050002165A4F
(1675525562.420195) vcan0 008#6A80D4370E800080
(1675525562.424228) vcan0 055#F8F7F867B3009C80
(1675525562.424311) vcan0 065#C9E3F8F7ED8DE001
(1675525562.424395) vcan0 070#000006F8E3E10D00
(1675525562.424479) vcan0 075#0000000000005458
(1675525562.425261) vcan0 080#ED4F8000C2002C00
(1675525562.425345) vcan0 0B0#EB83B1A2DFC1EBA3
(1675525562.425427) vcan0 0E0#62730AF000801100
(1675525562.425512) vcan0 145#F952DA80FCC810A1
(1675525562.425596) vcan0 1B0#00C0560004B080FC
(1675525562.426375) vcan0 1B5#FFC7B1391DE0FFEF
(1675525562.426459) vcan0 1D8#363339343234E043
(1675525562.426550) vcan0 1E0#0000F34300B917E0
(1675525562.426634) vcan0 2C3#669C00FFFFA65450
(1675525562.426717) vcan0 010#000000002FB031F8
(1675525562.427422) vcan0 072#F000FF3F0078A038
(1675525562.428900) vcan0 210#0AE080A0B569B245
(1675525562.428984) vcan0 2A9#8C260093C0000084
(1675525562.429068) vcan0 125#E5ED7FE4C1D0D735
(1675525562.431551) vcan0 008#6A80E4270E800080
(1675525562.432640) vcan0 290#0000000000000000
(1675525562.433731) vcan0 0F5#FE980C99BF47E1B8
(1675525562.434789) vcan0 120#319938997FFB5589
(1675525562.434871) vcan0 130#8FCA1D381992C211
(1675525562.434955) vcan0 150#0519F017F4F7C5C0
(1675525562.437596) vcan0 010#000000002FB031F8
(1675525562.437680) vcan0 1D0#0000000000000861
(1675525562.437764) vcan0 260#D0FF0055497487B0
(1675525562.437857) vcan0 291#0000000000000000
(1675525562.438714) vcan0 288#D9DF50AF00000080
(1675525562.439807) vcan0 072#F000FF3F00788038
(1675525562.440898) vcan0 3B0#00D886387AB0C402
(1675525562.441987) vcan0 008#6A80F4170E800080
(1675525562.443387) vcan0 055#F8F7FB67B3009C80
(1675525562.444405) vcan0 065#B8E3F8F7EB8DE401
(1675525562.444489) vcan0 070#000006F8ECE10D00
(1675525562.444573) vcan0 075#0000000000005458
(1675525562.447364) vcan0 080#F34F8000C2002C00
(1675525562.447448) vcan0 0B0#E183AAA2E7C1E1A3
(1675525562.447532) vcan0 0E0#62730FF80080EC00
(1675525562.447617) vcan0 145#F942DB80FCC810A1
(1675525562.447699) vcan0 1B0#00C0560005B081FC
(1675525562.447783) vcan0 1B5#FFD7C24125E0FFEF
(1675525562.447868) vcan0 1D8#363339343234E043
(1675525562.447959) vcan0 1E0#0000F30300B917E0
(1675525562.448043) vcan0 28C#00000000002ABE9B
(1675525562.448126) vcan0 2B5#4BC1286293A63006
(1675525562.448209) vcan0 340#8400000000000000
(1675525562.448450) vcan0 010#000000002FB031F8
(1675525562.449540) vcan0 125#E5ED7FE4C1D0D735
(1675525562.450631) vcan0 210#02E080A0B569B24D
(1675525562.453034) vcan0 008#688004FB1C800080
(1675525562.454478) vcan0 0F5#F5980499BF4BD1BA
(1675525562.454562) vcan0 120#33992E997FFB5589
(1675525562.454645) vcan0 130#97CD1D331987C211
(1675525562.455580) vcan0 150#FC18F327F4F7BFC0
(1675525562.456671) vcan0 010#000000002FB031F8
(1675525562.457763) vcan0 072#F000FF3F0078A038
(1675525562.457845) vcan0 1D0#0000000000000061
(1675525562.461567) vcan0 008#688014EB1C800080
(1675525562.462668) vcan0 288#D5DF50AF00000080
(1675525562.463680) vcan0 055#F8F7FC67B3009C80
(1675525562.463764) vcan0 065#A2E3FAF7EA8DF201
(1675525562.464779) vcan0 070#000006F8EFE10D00
(1675525562.464863) vcan0 075#0000000000005458
(1675525562.467578) vcan0 080#F54F8000C2002C00
(1675525562.467661) vcan0 0B0#D783A4A2EDC1D7A3
(1675525562.467744) vcan0 0E0#627310C00080CB00
(1675525562.467827) vcan0 145#F932DC80FCC810A1
(1675525562.467911) vcan0 1B0#00C0570003B082FC
(1675525562.467994) vcan0 1B5#FFE7D24A2EE0FFEF
(1675525562.468079) vcan0 1D8#363339343234E043
(1675525562.468164) vcan0 1E0#0004E34300B917E0
(1675525562.468246) vcan0 010#000000002FB031F8
(1675525562.468330) vcan0 290#0000000000000000
(1675525562.468414) vcan0 260#D0FF0055497487B0
(1675525562.468507) vcan0 291#0000000000000000
(1675525562.468590) vcan0 2A9#8C26008AC0000084
(1675525562.468674) vcan0 2C0#669C00D60200A0F1
(1675525562.468757) vcan0 2C3#669C00FFFFA75450
(1675525562.470626) vcan0 2C5#00DF478ADCE30070
(1675525562.470710) vcan0 370#0727C0006C03CB1F
(1675525562.470793) vcan0 3E0#000000D934808090
(1675525562.470878) vcan0 125#E5ED7FE4C1D0D735
(1675525562.471658) vcan0 072#F000FF3F00788038
(1675525562.472747) vcan0 008#688024DB1C800080
(1675525562.473838) vcan0 0F5#E098F598BF4FC1BC
(1675525562.474929) vcan0 120#299935997FFA5589
(1675525562.475011) vcan0 130#9FCA1D331977C711
(1675525562.475096) vcan0 150#EA18F137F5F7C1C0
(1675525562.476264) vcan0 010#000000002FB031F8
(1675525562.477275) vcan0 1D0#0000000000000061
(1675525562.477368) vcan0 210#02E080A0B569B245
(1675525562.479700) vcan0 350#A200000000000080
(1675525562.480714) vcan0 008#688034CB1C800080
(1675525562.483581) vcan0 055#F8F7FD67B3009C80
(1675525562.483664) vcan0 065#8BE3FCF7ED8DF201
(1675525562.484706) vcan0 070#000006F8F4E10D00
(1675525562.484790) vcan0 075#0000000000005458
(1675525562.484875) vcan0 080#F84F8000C2002C00
(1675525562.484959) vcan0 0B0#CD839EA2F1C1CDA3
(1675525562.485041) vcan0 0E0#62730CC80080AF00
(1675525562.485745) vcan0 145#F922DD80FCC810A1
(1675525562.485829) vcan0 1B0#00C0570003B083FC
(1675525562.485912) vcan0 1B5#FFF7E25236E0FFEF
(1675525562.485996) vcan0 1D8#363339343234E043
(1675525562.486777) vcan0 1E0#0008D34300B917E0
(1675525562.486862) vcan0 28C#00000000002ABE98
(1675525562.486954) vcan0 010#000000002FB031F9
(1675525562.487038) vcan0 072#F000FF3F0078A038
(1675525562.488130) vcan0 2B5#4BC1266293A62E1A
(1675525562.488214) vcan0 330#2800000000000000
(1675525562.488297) vcan0 288#D9DF609F00000080
(1675525562.489156) vcan0 125#E5ED7FE4C1D0D735
(1675525562.491560) vcan0 008#688044BB1C800080
(1675525562.492575) vcan0 290#0000000000000000
(1675525562.493664) vcan0 0F5#E098F098BF53B1BE
(1675525562.494704) vcan0 120#049917997FFC5589
(1675525562.494788) vcan0 130#A7CA1D141986C711
(1675525562.496111) vcan0 150#E818F147F5F7B3C0
(1675525562.497199) vcan0 010#000000002FB031F8
(1675525562.497281) vcan0 1D0#0000000000000261
(1675525562.498450) vcan0 260#D0FF0055497487B0
(1675525562.498534) vcan0 291#0000000000000000
(1675525562.499555) vcan0 072#F000FF3F00788038
(1675525562.500648) vcan0 210#02E08020B569B245
(1675525562.501662) vcan0 008#688054AB1C800080
(1675525562.504464) vcan0 055#F8F7FD67B3009C80
(1675525562.504548) vcan0 065#84E3FDF7F28DFE01
(1675525562.504631) vcan0 070#000006F8F6E10D00
(1675525562.504716) vcan0 075#0000000000005458
(1675525562.504798) vcan0 080#FA4F8000C2002C00
(1675525562.504883) vcan0 0B0#C58398A2F5C1C5A3
(1675525562.505588) vcan0 0E0#627308D000809300
(1675525562.505671) vcan0 145#F912DE80FCC810A1
(1675525562.505755) vcan0 1B0#00C0570002B083FC
(1675525562.505838) vcan0 1B5#FF08F35A3EE0FFEF
(1675525562.506622) vcan0 1D8#363339343234E043
(1675525562.506705) vcan0 1E0#0008D30300B917E0
(1675525562.506787) vcan0 2C3#669C00FFFFA75450
(1675525562.506883) vcan0 010#000000002FB031F8
(1675525562.507971) vcan0 2A9#8C260082C0000084
(1675525562.509060) vcan0 125#E5ED7FE4C1D0D735
(1675525562.511392) vcan0 360#6A9C00D3B343A001
(1675525562.512483) vcan0 008#688064A90E800080
(1675525562.513575) vcan0 288#D9DF609F00000080
(1675525562.514633) vcan0 0F5#DB98F098BF57A1C0
(1675525562.514718) vcan0 120#0999F0987FF25589
(1675525562.515961) vcan0 130#AFCA1D091981CD11
(1675525562.516044) vcan0 150#E518F457F5F7A6C0
(1675525562.517060) vcan0 010#000000002FB031F8
(1675525562.517144) vcan0 072#F000FF3F0078A038
(1675525562.517227) vcan0 1D0#0000000000000861
(1675525562.518394) vcan0 390#80FF050002125B4F
(1675525562.522425) vcan0 008#688074990E800080
(1675525562.523513) vcan0 055#F8F7FE67B3009C80
(1675525562.523622) vcan0 065#77E3FEF7F38DFE01
(1675525562.524561) vcan0 070#000007F8F8E10D00
(1675525562.524644) vcan0 075#0000000000005458
(1675525562.524728) vcan0 080#FA4F8000C2002C00
(1675525562.524810) vcan0 0B0#BC8396A2F6C1BCA3
(1675525562.525669) vcan0 0E0#62730ED800806D00
(1675525562.525752) vcan0 145#F902DF80FCC810A1
(1675525562.525837) vcan0 1B0#00C0590001B084FC
(1675525562.525921) vcan0 1B5#FF18036246E0FFEF
(1675525562.526004) vcan0 1D8#363339343234E043
(1675525562.526785) vcan0 1E0#000CC34300B917E0
(1675525562.526870) vcan0 28C#00000000002ABE96
(1675525562.529583) vcan0 010#000000002FB031F8
(1675525562.529667) vcan0 210#02E080A0B569B24D
(1675525562.529750) vcan0 260#D0FF00AA497487B0
(1675525562.529835) vcan0 290#0000000000000000
(1675525562.529926) vcan0 291#0000000000000000
(1675525562.530010) vcan0 2B5#4BC1256293A63632
(1675525562.530094) vcan0 2C0#669C00730200A0F1
(1675525562.530179) vcan0 2C5#00DF4383B3E30070
(1675525562.530261) vcan0 340#8300000000000000
(1675525562.530345) vcan0 3AF#0000000000000020
(1675525562.530428) vcan0 125#E5ED7FE4C1D0D735
(1675525562.530512) vcan0 3D0#930F6100D11480C3
(1675525562.530752) vcan0 072#F000FF3F00788038
(1675525562.533619) vcan0 008#688084890E800080
(1675525562.533703) vcan0 3C8#669C008E882C008E
(1675525562.534720) vcan0 0F5#BF98C998BF5B91C2
(1675525562.534803) vcan0 120#FA98F8987FFC5589
(1675525562.534888) vcan0 130#B7CA1DFA1881CD11
(1675525562.534971) vcan0 150#C418F167F5F7B7C0
(1675525562.535753) vcan0 3CA#00000000520000C8
(1675525562.536851) vcan0 010#000000002FB031F8
(1675525562.537939) vcan0 1D0#0000000000000061
(1675525562.538024) vcan0 400#0101040201010112
(1675525562.538108) vcan0 405#6A9C003B00323802
(1675525562.539043) vcan0 288#E1DF609F00000080
(1675525562.541451) vcan0 008#688094790E800080
(1675525562.544404) vcan0 055#F7F7FE67B3009C80
(1675525562.544493) vcan0 065#73E3FFF7F98D0002
(1675525562.544577) vcan0 070#000007F8F9E10D00
(1675525562.544661) vcan0 075#0000000000005458
(1675525562.544745) vcan0 080#FB4F8000C2002C00
(1675525562.545526) vcan0 0B0#B48393A2F8C1B4A3
(1675525562.545610) vcan0 0E0#627313E000804800
(1675525562.545694) vcan0 145#F9F2D080FCC810A1
(1675525562.545776) vcan0 1B0#00C0590006B085FC
(1675525562.545861) vcan0 1B5#FF28136A4EE0FFEF
(1675525562.546586) vcan0 1D8#363339343234E043
(1675525562.546670) vcan0 1E0#0010B34300B917E0
(1675525562.546753) vcan0 2C3#669C00FFFFA85450
(1675525562.547689) vcan0 010#000000002FB031F8
(1675525562.548779) vcan0 072#F000FF3F0078A038
(1675525562.550101) vcan0 2A9#8C26009BC0000084
(1675525562.550184) vcan0 125#E5ED7FE4C1D0D735
(1675525562.553136) vcan0 210#02E080A0B569B245
(1675525562.553217) vcan0 008#6680A46B0E800080
(1675525562.554161) vcan0 290#0000000000000000
(1675525562.554244) vcan0 0F5#B298C498BF5F81C4
(1675525562.555258) vcan0 120#F298CE987FFC5589
(1675525562.555342) vcan0 130#BFCA1DF21879CD11
(1675525562.555425) vcan0 150#BB18F577F6F7B0C0
(1675525562.556360) vcan0 260#D0FF00AA497487B0
(1675525562.557449) vcan0 010#000000002FB031F8
(1675525562.557542) vcan0 1D0#0000000000000061
(1675525562.558555) vcan0 291#0000000000000000
(1675525562.560963) vcan0 072#F000FF3F00788038
(1675525562.563834) vcan0 3B0#00D886387AB0C400
(1675525562.563919) vcan0 008#6480B45D0E800080
(1675525562.564000) vcan0 288#D5DF609F00000080
(1675525562.564082) vcan0 055#F8F7FE67B3009C80
(1675525562.564161) vcan0 065#71E3FFF7FC8D0302
(1675525562.564241) vcan0 070#000007F8F9E10D00
(1675525562.564914) vcan0 075#0000000000005458
(1675525562.564993) vcan0 080#FB4F8000C2002C00
(1675525562.565073) vcan0 0B0#AD8393A2F8C1ADA3
(1675525562.565154) vcan0 0E0#62731DE800801E00
(1675525562.566047) vcan0 145#F9E2D180FCC810A1
(1675525562.566127) vcan0 1B0#00C0590004B085FC
(1675525562.566208) vcan0 1B5#FF38237256E0FFEF
(1675525562.566296) vcan0 1D8#363339343234E043
(1675525562.566377) vcan0 1E0#0010B30300B917E0
(1675525562.568891) vcan0 010#000000002FB031F9
(1675525562.568970) vcan0 28C#00000000002ABE94
(1675525562.569051) vcan0 2B5#4BC1256293A63736
(1675525562.569141) vcan0 330#2800000000000000
(1675525562.569212) vcan0 370#0727C0006C03CB1F
(1675525562.569292) vcan0 125#E5EF7FE4C1D0D735
(1675525562.569964) vcan0 350#A200000000000080
(1675525562.571004) vcan0 008#6480C43823800080
(1675525562.573443) vcan0 0F5#A098B098BF6371C6
(1675525562.574482) vcan0 120#DB98C6987FFB5589
(1675525562.574566) vcan0 130#C7CA1DDB1880CA11
(1675525562.575580) vcan0 150#A818F187F6F7B3C0
(1675525562.576981) vcan0 010#000000002FB031F8
(1675525562.577065) vcan0 072#F000FF3F0078A038
(1675525562.577156) vcan0 1D0#0000000000000261
(1675525562.577241) vcan0 210#02E080A0B569B24D
(1675525562.579569) vcan0 008#6480D42823800080
(1675525562.580658) vcan0 055#F8F7FE67B3009C80
(1675525562.583215) vcan0 065#70E3FFF7FE8D0302
(1675525562.584236) vcan0 070#000007F8F9E10D00
(1675525562.584321) vcan0 075#0000000000005458
(1675525562.584404) vcan0 080#FB4F8000C2002C00
(1675525562.585340) vcan0 0B0#A68392A2F8C1A6A3
(1675525562.585423) vcan0 0E0#62731CF00080FF00
(1675525562.585508) vcan0 145#F9D2D280FCC810A1
(1675525562.585591) vcan0 1B0#00C05A0003B086FC
(1675525562.589621) vcan0 1B5#FF48337A5EE0FFEF
(1675525562.589703) vcan0 1D8#363339343234E043
(1675525562.589788) vcan0 1E0#0014A34300B917E0
(1675525562.589870) vcan0 290#0000000000000000
(1675525562.589963) vcan0 010#000000002FB031F8
(1675525562.590047) vcan0 260#D0FF00AA497487B0
(1675525562.590132) vcan0 291#0000000000000000
(1675525562.590215) vcan0 2A9#8C260082C0000084
(1675525562.590298) vcan0 2C0#669C00150200A0F1
(1675525562.590382) vcan0 2C3#669C00FFFFA85450
(1675525562.590466) vcan0 2C5#00DF3B7783E30070
(1675525562.590547) vcan0 288#E9DF708F00000080
(1675525562.590631) vcan0 125#E5EF7FE4C1D0D735
(1675525562.590717) vcan0 072#F000FF3F00788038
(1675525562.591804) vcan0 008#6480E41823800080
(1675525562.592897) vcan0 0F5#88989998BF6761C8
(1675525562.593917) vcan0 120#BA98D8987FFC5589
(1675525562.595008) vcan0 130#CFC81DD81873D011
(1675525562.596330) vcan0 150#9018F597F6F7BBC0
(1675525562.597885) vcan0 010#000000002FB031F8
(1675525562.597976) vcan0 1D0#0000000000000861
(1675525562.598914) vcan0 210#02E080A0B569B24D
(1675525562.600005) vcan0 008#6480F4F932800080
(1675525562.602409) vcan0 055#F8F7FE67B3009C80
(1675525562.603501) vcan0 065#79E3FFF7058E0102
(1675525562.604554) vcan0 070#000006F8F8E10D00
(1675525562.604638) vcan0 075#0000000000005458
(1675525562.604721) vcan0 080#FB4F8000C2002C00
(1675525562.607512) vcan0 0B0#A08393A2F9C1A0A3
(1675525562.607597) vcan0 0E0#627316F80080E500
(1675525562.607681) vcan0 145#F9C2D380FCC810A1
(1675525562.607765) vcan0 1B0#00C05C0004B087FC
(1675525562.607848) vcan0 1B5#FF58438266E0FFEF
(1675525562.607933) vcan0 1D8#363339343234E043
(1675525562.608016) vcan0 1E0#0018934300B917E0
(1675525562.608099) vcan0 28C#00000000002ABE94
(1675525562.608193) vcan0 010#000000002FB031F8
(1675525562.608277) vcan0 072#F000FF3F0078A038
(1675525562.608360) vcan0 2B5#4BC1266293A63733
(1675525562.608444) vcan0 340#8300000000000000
(1675525562.608606) vcan0 125#E5F27FE4C1D0D735
(1675525562.609694) vcan0 360#6A9C00D3B343A001
(1675525562.610786) vcan0 008#648004E932800080
(1675525562.613190) vcan0 288#D9DF708F00000080
(1675525562.614248) vcan0 290#0000000000000000
(1675525562.617116) vcan0 0F5#7E989198BF6B51CA
(1675525562.617200) vcan0 120#9E98CB987FFB5589
(1675525562.617284) vcan0 130#D7C81DC41877CA11
(1675525562.617368) vcan0 150#8818F4A7F6F7B3C0
(1675525562.617452) vcan0 010#000000002FB031F8
(1675525562.617535) vcan0 1D0#0000000000000061
(1675525562.617620) vcan0 260#D0FF0055497487B0
(1675525562.617714) vcan0 291#0000000000000000
(1675525562.617798) vcan0 390#80FF0500020E5C4F
(1675525562.618190) vcan0 072#F000FF3F00788038
(1675525562.620676) vcan0 008#618014DC32800080
(1675525562.621767) vcan0 055#F8F7FD67B3009C80
(1675525562.624639) vcan0 065#8CE3FFF70A8E0202
(1675525562.624723) vcan0 070#000006F8F6E10D00
(1675525562.624808) vcan0 075#0000000000005458
(1675525562.624890) vcan0 080#F94F8000C2002C00
(1675525562.624975) vcan0 0B0#9A8395A2F7C19AA3
(1675525562.625678) vcan0 0E0#627315C00080C600
(1675525562.625761) vcan0 145#F9B2D480FCC810A1
(1675525562.625845) vcan0 1B0#00C05C0004B08BFC
(1675525562.625927) vcan0 1B5#FF68538A6EE0FFEF
(1675525562.626013) vcan0 1D8#363339343234E043
(1675525562.626794) vcan0 1E0#0018930300B917E0
(1675525562.626887) vcan0 2C3#669C00FFFFA85450
(1675525562.626970) vcan0 010#000000002FB031F8
(1675525562.627054) vcan0 210#02E080A0B569B245
(1675525562.627835) vcan0 2A9#8C26009BC0000084
(1675525562.629237) vcan0 125#E5F27FE4C1D0D735
(1675525562.631798) vcan0 008#618024CC32800080
(1675525562.632886) vcan0 0F5#6A986C98BF6F41CC
(1675525562.634003) vcan0 120#9B98A6987FFC5589
(1675525562.635016) vcan0 130#DFC51DA61885C511
(1675525562.635099) vcan0 150#6B18F0B7F7F7C0C0
(1675525562.636343) vcan0 010#000000002FB031F8
(1675525562.637433) vcan0 072#F000FF3F0078A038
(1675525562.637517) vcan0 1D0#0000000000000061
(1675525562.638761) vcan0 288#E1DF708F00000080
(1675525562.639850) vcan0 008#618034BC32800080
(1675525562.643650) vcan0 055#F8F7FC67B3009C80
(1675525562.643744) vcan0 065#A1E3FFF7148EFC01
(1675525562.644765) vcan0 070#000006F8F1E10D00
(1675525562.644850) vcan0 075#0000000000005458
(1675525562.644932) vcan0 080#F64F8000C2002C00
(1675525562.645017) vcan0 0B0#94839AA2F3C194A3
(1675525562.645100) vcan0 0E0#627310C80080AB00
(1675525562.645804) vcan0 145#F9A2D580FCC810A1
(1675525562.645889) vcan0 1B0#00C05D0006B08BFC
(1675525562.645972) vcan0 1B5#FF78639176E0FFEF
(1675525562.646056) vcan0 1D8#363339343234E043
(1675525562.646913) vcan0 1E0#001C834300B917E0
(1675525562.646996) vcan0 28C#00000000002ABE95
(1675525562.647081) vcan0 290#0000000000000000
(1675525562.647165) vcan0 2B5#4BC1286293A63727
(1675525562.649726) vcan0 260#D0FF0055497487B0
(1675525562.649807) vcan0 2C0#669C00D50100A0F1
(1675525562.649901) vcan0 2C5#00DF397180E30070
(1675525562.649984) vcan0 010#000000002FB031F9
(1675525562.650070) vcan0 291#0000000000000000
(1675525562.650152) vcan0 330#2800000000000000
(1675525562.650235) vcan0 3AF#0000000000000020
(1675525562.650320) vcan0 125#E5F57FE4C1D0D735
(1675525562.650791) vcan0 072#F000FF3F00788038
(1675525562.651883) vcan0 210#02E08020B569B24D
(1675525562.652972) vcan0 008#618044BB23800080
(1675525562.653995) vcan0 3C8#669C008E882C008E
(1675525562.654078) vcan0 0F5#4F985798BF7331CE
(1675525562.655398) vcan0 120#8B989B987FFD5589
(1675525562.655484) vcan0 130#E7C51D9B1880BF11
(1675525562.655568) vcan0 150#5318F5C7F7F7C8C0
(1675525562.655651) vcan0 3CA#00000000530000C8
(1675525562.656896) vcan0 010#000000002FB031F8
(1675525562.657002) vcan0 1D0#0000000000000261
(1675525562.657938) vcan0 350#A200000000000080
(1675525562.660342) vcan0 008#5F80549E32800080
(1675525562.661355) vcan0 288#E5DF708F00000080
(1675525562.664228) vcan0 0E0#627313D000808800
(1675525562.664312) vcan0 055#F8F7F967B3009C80
(1675525562.664395) vcan0 065#CAE3FDF7208EEE01
(1675525562.664481) vcan0 070#000006F8E4E10D00
(1675525562.665336) vcan0 075#0000000000005458
(1675525562.665420) vcan0 080#EF4F8000C2002C00
(1675525562.665505) vcan0 0B0#8E83A2A2EBC18EA3
(1675525562.665587) vcan0 145#F992D680FCC810A1
(1675525562.665672) vcan0 1B0#00C05F0005B08CFC
(1675525562.666374) vcan0 1B5#FF8873997DE0FFEF
(1675525562.666457) vcan0 1D8#363339343234E043
(1675525562.666541) vcan0 1E0#0020734300B917E0
(1675525562.666635) vcan0 010#000000002FB031F8
(1675525562.667493) vcan0 072#F000FF3F0078A038
(1675525562.667576) vcan0 2A9#8C260082C0000084
(1675525562.668898) vcan0 2C3#669C00FFFFA95450
(1675525562.668981) vcan0 370#0726C0006C03CB1F
(1675525562.669064) vcan0 125#E5F57FE4C1D0D735
(1675525562.672937) vcan0 008#5F8064A41C800080
(1675525562.674018) vcan0 290#0000000000000000
(1675525562.674102) vcan0 0F5#40984A98BF7721D0
(1675525562.675117) vcan0 120#949883987FFA5589
(1675525562.675199) vcan0 130#EFC21D941877BF11
(1675525562.675284) vcan0 150#4518F7D7F7F7C6C0
(1675525562.676143) vcan0 010#000000002FB031F8
(1675525562.677236) vcan0 1D0#0000000000000861
(1675525562.677320) vcan0 210#02E080A0B569B245
(1675525562.677403) vcan0 260#D0FF0055497487B0
(1675525562.678582) vcan0 291#0000000000000000
(1675525562.681604) vcan0 072#F000FF3F00788038
