(1675526023.587740) vcan0 072#F000FF3F0078A038
(1675526023.589163) vcan0 360#52870012C364A041
(1675526023.591956) vcan0 010#008800002FB031F8
(1675526023.593395) vcan0 1D0#0000000000000061
(1675526023.594902) vcan0 390#80FF0500021A594F
(1675526023.596421) vcan0 0F5#2C922A92BF733151
(1675526023.596570) vcan0 120#559253927FF75589
(1675526023.596648) vcan0 130#E7F41D4D12D4E111
(1675526023.596723) vcan0 150#2B12F9C7F3F7F6C0
(1675526023.596800) vcan0 350#A200000000000080
(1675526023.597882) vcan0 008#718014AF4F800080
(1675526023.599392) vcan0 0E0#62730FD800806C00
(1675526023.602194) vcan0 010#008800002FB031F8
(1675526023.603703) vcan0 072#F000FF3F00788038
(1675526023.603788) vcan0 055#F1F7F167B3009C80
(1675526023.606663) vcan0 065#ABE4F1F7FECDDA01
(1675526023.606740) vcan0 070#00000DF8DAE11500
(1675526023.606896) vcan0 075#0000000000005458
(1675526023.606971) vcan0 080#DB4F8000C2002C00
(1675526023.607049) vcan0 0B0#3983EDA2DAC139A3
(1675526023.607126) vcan0 125#E5E77FE4C1D0D735
(1675526023.607202) vcan0 145#F9B2D480FCC810A1
(1675526023.607351) vcan0 1B0#00C0000001B00DFC
(1675526023.607433) vcan0 1B5#FF9F8E1728E0FFEF
(1675526023.607508) vcan0 1D8#363339343234DF43
(1675526023.607587) vcan0 1E0#0034234300B917E0
(1675526023.607662) vcan0 210#22E08020A869C645
(1675526023.607812) vcan0 288#E9DF00FF00000080
(1675526023.609760) vcan0 28C#000000000016BEA1
(1675526023.609837) vcan0 008#6F8024B040800080
(1675526023.609925) vcan0 290#0000000000000000
(1675526023.610001) vcan0 2A9#8C260082C0000084
(1675526023.610077) vcan0 2B5#4B2D1E6293A62500
(1675526023.610155) vcan0 2C0#468700FE0100A0F1
(1675526023.610305) vcan0 2C3#468700FFFF2C5450
(1675526023.610381) vcan0 2C5#00EF57DEB0E40070
(1675526023.610458) vcan0 3AF#0000000000000020
(1675526023.612470) vcan0 260#D0FF0055497487B0
(1675526023.613979) vcan0 010#008800002FB031F8
(1675526023.614058) vcan0 1D0#0000000000000061
(1675526023.614134) vcan0 291#0000000000000000
(1675526023.615466) vcan0 0F5#3B923D92BF772153
(1675526023.615543) vcan0 120#699264927FF75589
(1675526023.616909) vcan0 130#EFF21D4D12C4E111
(1675526023.616985) vcan0 150#3C12F9D7F3F7D5C0
(1675526023.617065) vcan0 3C8#4687008E882C008E
(1675526023.617149) vcan0 008#6F8034A040800080
(1675526023.618443) vcan0 072#F000FF3F0078A038
(1675526023.619951) vcan0 3B0#00D8523844C0C400
(1675526023.620027) vcan0 0E0#627309E000805200
(1675526023.622683) vcan0 055#F1F7F167B3009C80
(1675526023.624195) vcan0 065#9FE4F1F7FCCDDA01
(1675526023.624273) vcan0 070#00000DF8DAE11500
(1675526023.624350) vcan0 075#0000000000005458
(1675526023.627227) vcan0 010#008800002FB031F9
(1675526023.627308) vcan0 080#DB4F8000C2002C00
(1675526023.627385) vcan0 0B0#3983ECA2DAC139A3
(1675526023.627461) vcan0 125#E5EA7FE4C1D0D735
(1675526023.627538) vcan0 145#F9A2D580FCC810A1
(1675526023.627616) vcan0 1B0#00C0000003B00EFC
(1675526023.627764) vcan0 1B5#FFAB9A1D2EE0FFEF
(1675526023.627843) vcan0 1D8#363339343234DF43
(1675526023.627933) vcan0 1E0#0038134300B917E0
(1675526023.628008) vcan0 330#C700000000000000
(1675526023.628085) vcan0 008#6D80447C56800080
(1675526023.628664) vcan0 210#22E080A0A869C64D
(1675526023.630175) vcan0 288#02E010EF00000080
(1675526023.632972) vcan0 010#008800002FB031F8
(1675526023.634486) vcan0 072#F000FF3F00788038
(1675526023.634565) vcan0 1D0#0000000000000A61
(1675526023.634643) vcan0 290#0000000000000000
(1675526023.635946) vcan0 0F5#2E922992BF7B1154
(1675526023.636023) vcan0 120#689260927FF95589
(1675526023.636172) vcan0 130#F7F21D4D12B4E611
(1675526023.636250) vcan0 150#2B12FEE7F4F7D6C0
(1675526023.637401) vcan0 008#6A80546F56800080
(1675526023.638911) vcan0 0E0#62730BE800803000
(1675526023.642851) vcan0 260#D0FF0055497487B0
(1675526023.645960) vcan0 010#008800002FB031F8
(1675526023.646038) vcan0 291#0000000000000000
(1675526023.646187) vcan0 2A9#8C26009BC0000084
(1675526023.646265) vcan0 055#F1F7F167B3009C80
(1675526023.646342) vcan0 065#8BE4F1F7F5CDDA01
(1675526023.646418) vcan0 070#00000DF8DAE11500
(1675526023.646494) vcan0 075#0000000000005458
(1675526023.646643) vcan0 080#DB4F8000C2002C00
(1675526023.646721) vcan0 0B0#3983E8A2DAC139A3
(1675526023.646797) vcan0 125#E5EF7FE4C1D0D735
(1675526023.646874) vcan0 145#F992D680FCC810A1
(1675526023.647597) vcan0 1B0#00C0000003B00EFC
(1675526023.647673) vcan0 1B5#FFB7A62334E0FFEF
(1675526023.647751) vcan0 1D8#363339343234DF43
(1675526023.647898) vcan0 1E0#0038130300B917E0
(1675526023.647976) vcan0 28C#000000000016BEA0
(1675526023.648066) vcan0 008#6880645364800080
(1675526023.648142) vcan0 2B5#4B2D1D6293A63D00
(1675526023.648220) vcan0 2C3#468700FFFF2C5450
(1675526023.649014) vcan0 072#F000FF3F0078A038
(1675526023.649091) vcan0 340#8400000000000000
(1675526023.649242) vcan0 370#0720C000741BC71F
(1675526023.654466) vcan0 010#008800002FB031F8
(1675526023.654543) vcan0 1D0#0000000000000061
(1675526023.654692) vcan0 210#22E080A0A869C645
(1675526023.655990) vcan0 0F5#30922392BF7F0156
(1675526023.656067) vcan0 120#519251927FF85589
(1675526023.656143) vcan0 130#FFF41D4D12A4EC11
(1675526023.656219) vcan0 150#291201F8F5F7C8C0
(1675526023.657447) vcan0 288#F9DF10EF00000080
(1675526023.657524) vcan0 008#6480743873800080
(1675526023.658961) vcan0 0E0#62730EF000800D00
(1675526023.665533) vcan0 010#008800002FB031F8
(1675526023.665916) vcan0 072#F000FF3F00788038
(1675526023.665993) vcan0 055#F2F7F267B3009C80
(1675526023.666071) vcan0 065#7BE4F2F7F0CDDC01
(1675526023.666147) vcan0 070#00000CF8DCE11500
(1675526023.666296) vcan0 075#0000000000005458
(1675526023.666374) vcan0 080#DD4F8000C2002C00
(1675526023.666450) vcan0 0B0#3983E3A2DCC139A3
(1675526023.666528) vcan0 125#E5F57FE4C1D0D735
(1675526023.666606) vcan0 145#F982D780FCC810A1
(1675526023.666686) vcan0 1B0#00C0000002B00FFC
(1675526023.666760) vcan0 1B5#FFC2B2293AE0FFEF
(1675526023.666910) vcan0 1D8#363339343234DF43
(1675526023.667567) vcan0 1E0#003C034300B917E0
(1675526023.667645) vcan0 290#0000000000000000
(1675526023.667722) vcan0 2C0#468700B90200A0F1
(1675526023.667821) vcan0 2C5#00EF57DDA0E40070
(1675526023.667898) vcan0 008#6480841388800080
(1675526023.667974) vcan0 400#0101010201010119
(1675526023.668052) vcan0 405#D50779AB45186701
(1675526023.674215) vcan0 260#D0FF0055497487B0
(1675526023.674294) vcan0 010#008800002FB031F8
(1675526023.674369) vcan0 1D0#0000000000000061
(1675526023.674520) vcan0 291#0000000000000000
(1675526023.675690) vcan0 0F5#32922792BF43F157
(1675526023.675769) vcan0 120#43924F927FFC5589
(1675526023.675848) vcan0 130#87F41D4D1294F111
(1675526023.677213) vcan0 150#2C12FD07F6F7B5C0
(1675526023.677290) vcan0 3CA#00000000D10000C8
(1675526023.677367) vcan0 008#5F80940F81800080
(1675526023.678733) vcan0 072#F000FF3F0078A038
(1675526023.678811) vcan0 210#22E080A0A869C64D
(1675526023.680189) vcan0 0E0#62730DF80080EE00
(1675526023.681622) vcan0 288#F1DF10EF00000080
(1675526023.683201) vcan0 010#008800002FB031F8
(1675526023.683278) vcan0 2A9#8C260082C0000084
(1675526023.686224) vcan0 055#F3F7F367B3009C80
(1675526023.686301) vcan0 065#65E4F3F7ED8DDE01
(1675526023.686380) vcan0 070#00000BF8DEE11400
(1675526023.686457) vcan0 075#0000000000005458
(1675526023.686534) vcan0 080#DF4F8000C2002C00
(1675526023.686611) vcan0 0B0#3983DEA2DEC139A3
(1675526023.686689) vcan0 125#E5FB7FE4C1D0D735
(1675526023.686837) vcan0 145#F972D880FCC810A1
(1675526023.686915) vcan0 1B0#00C0000003B010FC
(1675526023.686992) vcan0 1B5#FFCEBE2F3FE0FFEF
(1675526023.687069) vcan0 1D8#363339343234DF43
(1675526023.687147) vcan0 1E0#0000F34300B917E0
(1675526023.687811) vcan0 28C#000000000016BE9F
(1675526023.687889) vcan0 2B5#4B2D1C6293A64200
(1675526023.688037) vcan0 2C3#468700FFFF2C5450
(1675526023.688113) vcan0 008#5F80A4F18F800080
(1675526023.688192) vcan0 350#A200000000000080
(1675526023.688267) vcan0 360#52870012C364A041
(1675526023.693066) vcan0 010#008800002FB031F8
(1675526023.694576) vcan0 072#F000FF3F00788038
(1675526023.694654) vcan0 1D0#0000000000000061
(1675526023.694730) vcan0 290#0000000000000000
(1675526023.694807) vcan0 390#80FF050002165A4F
(1675526023.697400) vcan0 0F5#27922C92BF47E159
(1675526023.697477) vcan0 120#37924B927FF95589
(1675526023.697556) vcan0 130#8FF41D4B1286F711
(1675526023.697704) vcan0 150#2912FB17F7F7A8C0
(1675526023.697781) vcan0 008#5D80B4E38F800080
(1675526023.698948) vcan0 0E0#627312C00080C900
(1675526023.702955) vcan0 010#008800002FB031F9
(1675526023.705978) vcan0 210#22E080A0A869C64D
(1675526023.706057) vcan0 055#F4F7F467B3009C80
(1675526023.706134) vcan0 065#50E4F3F7EF8DE001
(1675526023.706210) vcan0 070#00000AF8E0E11400
(1675526023.706287) vcan0 075#0000000000005458
(1675526023.706364) vcan0 080#E14F8000C2002C00
(1675526023.706443) vcan0 0B0#3983D9A2E0C139A3
(1675526023.706590) vcan0 125#E5FD7FE4C1D0D735
(1675526023.706666) vcan0 145#F962D980FCC810A1
(1675526023.706743) vcan0 1B0#00C0000003B010FC
(1675526023.706820) vcan0 1B5#FFDACA3545E0FFEF
(1675526023.706897) vcan0 1D8#363339343234DF43
(1675526023.708913) vcan0 1E0#0000F30300B917E0
(1675526023.708990) vcan0 260#D0FF00AA497487B0
(1675526023.709076) vcan0 288#F1DF10EF00000080
(1675526023.709223) vcan0 291#0000000000000000
(1675526023.709300) vcan0 330#C700000000000000
(1675526023.709378) vcan0 008#5880C4B4B3800080
(1675526023.709455) vcan0 3D0#960F6100661780C3
(1675526023.709531) vcan0 072#F000FF3F0078A038
(1675526023.712902) vcan0 010#008800002FB031F8
(1675526023.714406) vcan0 1D0#0000000000000A61
(1675526023.715926) vcan0 0F5#25923692BF4BD15A
(1675526023.716005) vcan0 120#459255927FFE5589
(1675526023.716083) vcan0 130#97F41D4B1276FD11
(1675526023.716230) vcan0 150#2D12FB27F8F794C0
(1675526023.717452) vcan0 008#5680D4B4A5800080
(1675526023.718887) vcan0 0E0#627311C80080AA00
(1675526023.722971) vcan0 055#F4F7F467B3009C80
(1675526023.724482) vcan0 065#3FE4F4F7EC8DE201
(1675526023.724519) vcan0 010#008800002FB031F8
(1675526023.724599) vcan0 070#00000AF8E2E11400
(1675526023.724748) vcan0 072#F000FF3F00788038
(1675526023.724825) vcan0 075#0000000000005458
(1675526023.727421) vcan0 080#E34F8000C2002C00
(1675526023.727500) vcan0 0B0#3983D3A2E1C139A3
(1675526023.727577) vcan0 125#E50280E4C1D0D735
(1675526023.727725) vcan0 145#F952DA80FCC810A1
(1675526023.727802) vcan0 1B0#00C0000001B011FC
(1675526023.727879) vcan0 1B5#FFE6D63B4BE0FFEF
(1675526023.727956) vcan0 1D8#363339343234DF43
(1675526023.728032) vcan0 1E0#0004E34300B917E0
(1675526023.728180) vcan0 28C#000000000016BE9E
(1675526023.728258) vcan0 290#0000000000000000
(1675526023.728335) vcan0 008#5480E4AD9E800080
(1675526023.728411) vcan0 2A9#8C26009BC0000084
(1675526023.729077) vcan0 2B5#4B2D1B6293A64300
(1675526023.729155) vcan0 2C0#468700570300A0F1
(1675526023.729231) vcan0 2C3#468700FFFF2D5450
(1675526023.729308) vcan0 2C5#00EF52DB65E40070
(1675526023.729386) vcan0 340#8400000000000000
(1675526023.729462) vcan0 210#22E080A0A869C645
(1675526023.729609) vcan0 3AF#0000000000000020
(1675526023.730549) vcan0 288#EDDF20DF00000080
(1675526023.733443) vcan0 260#D0FF00AA497487B0
(1675526023.733519) vcan0 010#008800002FB031F8
(1675526023.733669) vcan0 1D0#0000000000000061
(1675526023.734962) vcan0 291#0000000000000000
(1675526023.736410) vcan0 0F5#1F921E92BF4FC15C
(1675526023.736488) vcan0 120#4B924D927FFC5589
(1675526023.736638) vcan0 130#9FF71D3D1274F711
(1675526023.736716) vcan0 150#1E12FE37F9F793C0
(1675526023.736802) vcan0 3C8#4687008E882C008E
(1675526023.737956) vcan0 008#5480F496A5800080
(1675526023.738034) vcan0 072#F000FF3F0078A038
(1675526023.739398) vcan0 3B0#00D8523844C0C400
(1675526023.739477) vcan0 0E0#62730ED000808D00
(1675526023.742206) vcan0 010#008800002FB031F8
(1675526023.743714) vcan0 055#F5F7F567B3009C80
(1675526023.743792) vcan0 065#2AE4F5F7ED8DE301
(1675526023.746666) vcan0 070#000009F8E3E11400
(1675526023.746743) vcan0 075#0000000000005458
(1675526023.746891) vcan0 080#E44F8000C2002C00
(1675526023.746969) vcan0 0B0#3983CEA2E2C139A3
(1675526023.747045) vcan0 125#E50580E4C1D0D735
(1675526023.747122) vcan0 145#F942DB80FCC810A1
(1675526023.747199) vcan0 1B0#00C0000004B012FC
(1675526023.747346) vcan0 1B5#FFF2E14151E0FFEF
(1675526023.747434) vcan0 1D8#363339343234DF43
(1675526023.747510) vcan0 1E0#0008D34300B917E0
(1675526023.747585) vcan0 370#0720C000741BC71F
(1675526023.748237) vcan0 008#54800486A5800080
(1675526023.752172) vcan0 010#008800002FB031F8
(1675526023.753686) vcan0 072#F000FF3F00788038
(1675526023.753762) vcan0 1D0#0000000000000061
(1675526023.755125) vcan0 210#22E08020A869C64D
(1675526023.755274) vcan0 290#0000000000000000
(1675526023.755351) vcan0 0F5#25922992BF53B15D
(1675526023.756719) vcan0 120#3D924D927FFE5589
(1675526023.756796) vcan0 130#A7F41D3D1264F411
(1675526023.756871) vcan0 150#2712FB47FAF77AC0
(1675526023.756950) vcan0 288#F9DF20DF00000080
(1675526023.758242) vcan0 008#5180148797800080
(1675526023.759685) vcan0 0E0#62730CD800806F00
(1675526023.762419) vcan0 260#D0FF00AA497487B0
(1675526023.763934) vcan0 010#008800002FB031F8
(1675526023.764083) vcan0 055#F5F7F567B3009C80
(1675526023.764160) vcan0 065#19E4F5F7EF8DE301
(1675526023.764236) vcan0 070#000009F8E3E11300
(1675526023.766973) vcan0 075#0000000000005458
(1675526023.767048) vcan0 080#E54F8000C2002C00
(1675526023.767127) vcan0 0B0#3983C9A2E3C139A3
(1675526023.767205) vcan0 125#E50780E4C1D0D735
(1675526023.767281) vcan0 145#F932DC80FCC810A1
(1675526023.767431) vcan0 1B0#00C0000001B012FC
(1675526023.767508) vcan0 1B5#FFFEED4657E0FFEF
(1675526023.767585) vcan0 1D8#363339343234DF43
(1675526023.767662) vcan0 1E0#0008D30300B917E0
(1675526023.767738) vcan0 28C#000000000016BE9D
(1675526023.767888) vcan0 291#0000000000000000
(1675526023.767974) vcan0 2A9#8C260082C0000084
(1675526023.768417) vcan0 008#4F80248F81800080
(1675526023.768494) vcan0 2B5#4B2D1A6293A64900
(1675526023.768569) vcan0 2C3#468700FFFF2D5450
(1675526023.768647) vcan0 072#F000FF3F0078A038
(1675526023.772460) vcan0 010#008800002FB031F8
(1675526023.773967) vcan0 1D0#0000000000000061
(1675526023.775485) vcan0 0F5#1A923292BF57A15F
(1675526023.775563) vcan0 120#349243927FFE5589
(1675526023.776864) vcan0 130#AFF41D3D1254F411
(1675526023.776943) vcan0 150#2612FE57FBF76BC0
(1675526023.777095) vcan0 350#A200000000000080
(1675526023.777171) vcan0 008#4F80347F81800080
(1675526023.778395) vcan0 210#20E080A0A869C645
(1675526023.779902) vcan0 0E0#62730AE000805100
(1675526023.781483) vcan0 288#E9DF20DF00000080
(1675526023.782857) vcan0 010#008800002FB031F9
(1675526023.784443) vcan0 055#F6F7F667B3009C80
(1675526023.784522) vcan0 065#05E4F5F7ED8DE401
(1675526023.784598) vcan0 070#000008F8E4E11300
(1675526023.784676) vcan0 072#F000FF3F00788038
(1675526023.784753) vcan0 075#0000000000005458
(1675526023.787493) vcan0 080#E64F8000C2002C00
(1675526023.787570) vcan0 0B0#3983C4A2E4C139A3
(1675526023.787648) vcan0 125#E50780E4C1D0D735
(1675526023.787724) vcan0 145#F922DD80FCC810A1
(1675526023.787800) vcan0 1B0#00C0000001B012FC
(1675526023.787879) vcan0 1B5#FF09F94C5DE0FFEF
(1675526023.787956) vcan0 1D8#363339343234DF43
(1675526023.788104) vcan0 1E0#000CC34300B917E0
(1675526023.788181) vcan0 290#0000000000000000
(1675526023.788259) vcan0 2C0#468700710300A0F1
(1675526023.788344) vcan0 2C5#00EF4FDA41E40070
(1675526023.788421) vcan0 008#4F80447D73800080
(1675526023.788498) vcan0 330#C700000000000000
(1675526023.788943) vcan0 360#52870013C364A041
(1675526023.792952) vcan0 010#008800002FB031F8
(1675526023.794388) vcan0 1D0#0000000000000A61
(1675526023.794464) vcan0 260#D0FF00AA497487B0
(1675526023.794540) vcan0 291#0000000000000000
(1675526023.794689) vcan0 390#80FF050002125B6F
(1675526023.795993) vcan0 0F5#25923692BF5B9160
(1675526023.796070) vcan0 120#4B9227927FFE5589
(1675526023.796147) vcan0 130#B7F41D3D1244F411
(1675526023.796223) vcan0 150#2D12F967FCF754C0
(1675526023.796300) vcan0 3CA#00000000D20000C8
(1675526023.797383) vcan0 008#4F80547C64800080
(1675526023.798889) vcan0 072#F000FF3F0078A038
(1675526023.800414) vcan0 0E0#627303E800803800
(1675526023.801924) vcan0 010#008800002FB031F8
(1675526023.803438) vcan0 210#20E080A0A869C645
(1675526023.803587) vcan0 2A9#8C26008AC0000084
(1675526023.806464) vcan0 055#F6F7F667B3009C80
(1675526023.806542) vcan0 065#F4E3F6F7EE8DE401
(1675526023.806617) vcan0 070#000008F8E4E11300
(1675526023.806696) vcan0 075#0000000000005458
(1675526023.806844) vcan0 080#E74F8000C2002C00
(1675526023.806920) vcan0 0B0#3983BFA2E4C139A3
(1675526023.806997) vcan0 125#E50780E4C1D0D735
(1675526023.807072) vcan0 145#F912DE80FCC810A1
(1675526023.807150) vcan0 1B0#00C0000002B012FC
(1675526023.807297) vcan0 1B5#FF15055263E0FFEF
(1675526023.807378) vcan0 1D8#363339343234DF43
(1675526023.807458) vcan0 1E0#0010B34300B917E0
(1675526023.807547) vcan0 288#EDDF20DF00000080
(1675526023.807916) vcan0 28C#000000000016BE9C
(1675526023.807993) vcan0 2B5#4B2D1A6293A65000
(1675526023.808070) vcan0 008#4F80649040800080
(1675526023.808147) vcan0 2C3#468700FFFF2D5450
(1675526023.808294) vcan0 340#8300000000000000
(1675526023.811948) vcan0 010#008800002FB031F8
(1675526023.813459) vcan0 072#F000FF3F00788038
(1675526023.813535) vcan0 1D0#0000000000000061
(1675526023.814973) vcan0 290#0000000000000000
(1675526023.816415) vcan0 0F5#29922592BF5F8162
(1675526023.816565) vcan0 120#479234927FFF5589
(1675526023.816644) vcan0 130#BFF41D3D1234F411
(1675526023.816720) vcan0 150#2712FA77FEF74AC0
(1675526023.817944) vcan0 008#4F80748040800080
(1675526023.819382) vcan0 0E0#E27303F000801800
(1675526023.822188) vcan0 260#D0FF0055497487B0
(1675526023.823699) vcan0 055#F6F7F667B3009C80
(1675526023.823776) vcan0 065#E2E3F6F7ED8DE501
(1675526023.826723) vcan0 070#000008F8E5E11300
(1675526023.826798) vcan0 075#0000000000005458
(1675526023.826878) vcan0 080#E74F8000C2002C00
(1675526023.826954) vcan0 010#008800002FB031F8
(1675526023.827031) vcan0 0B0#EF83BBA2E4C1EFA3
(1675526023.827107) vcan0 125#E50780E4C1D0D735
(1675526023.827261) vcan0 145#F902DF80FCC810A1
(1675526023.827335) vcan0 1B0#00C0000003B012FC
(1675526023.827413) vcan0 1B5#FF21115869E0FFEF
(1675526023.827490) vcan0 1D8#363339343234DF43
(1675526023.827569) vcan0 1E0#0010B30300B917E0
(1675526023.827644) vcan0 291#0000000000000000
(1675526023.828152) vcan0 008#4F80847E32800080
(1675526023.829672) vcan0 072#F000FF3F0078A038
(1675526023.829751) vcan0 210#20E080A0A869C64D
(1675526023.831192) vcan0 288#02E030CF00000080
(1675526023.832703) vcan0 010#008800002FB031F8
(1675526023.834142) vcan0 1D0#0000000000000061
(1675526023.835725) vcan0 0F5#14921892BF637163
(1675526023.835805) vcan0 120#3F923F927FF95589
(1675526023.835881) vcan0 130#C7F41D34122DFA11
(1675526023.837185) vcan0 150#1612FE87FFF74BC0
(1675526023.837263) vcan0 008#4F8094841C800080
(1675526023.838698) vcan0 0E0#E2730DF80080EE00
(1675526023.842637) vcan0 010#008800002FB031F8
(1675526023.844146) vcan0 072#F000FF3F00788038
(1675526023.844223) vcan0 055#F6F7F667B3009C80
(1675526023.844301) vcan0 065#CDE3F6F7F28DE501
(1675526023.844447) vcan0 070#000008F8E5E11200
(1675526023.844535) vcan0 075#0000000000005458
(1675526023.847198) vcan0 080#E84F8000C2002C00
(1675526023.847276) vcan0 0B0#E483B6A2E4C1E4A3
(1675526023.847352) vcan0 125#E50780E4C1D0D735
(1675526023.847501) vcan0 145#F9F2D080FCC810A1
(1675526023.847577) vcan0 1B0#00C0000004B012FC
(1675526023.847654) vcan0 1B5#FF2D1C5E6EE0FFEF
(1675526023.847731) vcan0 1D8#363339343234DF43
(1675526023.847809) vcan0 1E0#0014A34300B917E0
(1675526023.847886) vcan0 28C#000000000016BE9A
(1675526023.847963) vcan0 290#0000000000000000
(1675526023.848039) vcan0 2A9#8C260093C0000084
(1675526023.848190) vcan0 008#4F80A4820E800080
(1675526023.848841) vcan0 2B5#4B2D196293A64400
(1675526023.848920) vcan0 2C0#4687006E0300A0F1
(1675526023.848995) vcan0 2C3#468700FFFF2E5450
(1675526023.849081) vcan0 2C5#00EF49D8F8E30070
(1675526023.849159) vcan0 370#0720C000741BC71F
(1675526023.849308) vcan0 3AF#0000000000000020
(1675526023.849384) vcan0 3E0#000000D92E808090
(1675526023.854183) vcan0 260#D0FF0055497487B0
(1675526023.854261) vcan0 010#008800002FB031F8
(1675526023.854338) vcan0 1D0#0000000000000061
(1675526023.854415) vcan0 210#20E080A0A869C645
(1675526023.854492) vcan0 291#0000000000000000
(1675526023.855723) vcan0 0F5#12921C92BF676165
(1675526023.855798) vcan0 120#32923B927FFE5589
(1675526023.855878) vcan0 130#CFF41D34121DFA11
(1675526023.857174) vcan0 150#17120098FFF73AC0
(1675526023.857251) vcan0 288#02E030CF00000080
(1675526023.857328) vcan0 3C8#4687008E882C008E
(1675526023.857406) vcan0 008#4F80B4720E800080
(1675526023.858651) vcan0 072#F000FF3F0078A038
(1675526023.858799) vcan0 3B0#00D8523C44C0C600
(1675526023.860237) vcan0 0E0#E27314C00080C700
(1675526023.862887) vcan0 010#008800002FB031F9
(1675526023.864610) vcan0 330#C700000000000000
(1675526023.864689) vcan0 055#F6F7F867B3009C80
(1675526023.864765) vcan0 065#BBE3F7F7ED8DE701
(1675526023.864842) vcan0 070#000008F8E8E11200
(1675526023.864920) vcan0 075#0000000000005458
(1675526023.864997) vcan0 080#EB4F8000C2002C00
(1675526023.865074) vcan0 0B0#DB83AFA2E5C1DBA3
(1675526023.867477) vcan0 125#E50580E4C1D0D735
(1675526023.867555) vcan0 145#F9E2D180FCC810A1
(1675526023.867632) vcan0 1B0#00C0000003B012FC
(1675526023.867709) vcan0 1B5#FF39286474E0FFEF
(1675526023.867786) vcan0 1D8#363339343234DF43
(1675526023.867872) vcan0 1E0#0018934300B917E0
(1675526023.867949) vcan0 350#A200000000000080
(1675526023.868098) vcan0 008#4F80C4620E800080
(1675526023.872684) vcan0 010#008800002FB031F8
(1675526023.874199) vcan0 072#F000FF3F00788038
(1675526023.874276) vcan0 1D0#0000000000000A61
(1675526023.874424) vcan0 290#0000000000000000
(1675526023.875697) vcan0 0F5#12920F92BF6B5166
(1675526023.875847) vcan0 120#1E921C927FF95589
(1675526023.875923) vcan0 130#D7F41D1E1223F411
(1675526023.877145) vcan0 150#101202A8FFF731C0
(1675526023.877223) vcan0 008#4F80D46000800080
(1675526023.878661) vcan0 210#20E080A0A869C64D
(1675526023.880172) vcan0 0E0#E27319C80080A200
(1675526023.881758) vcan0 288#06E030CF00000080
(1675526023.883195) vcan0 010#008800002FB031F8
(1675526023.883282) vcan0 260#D0FF0055497487B0
(1675526023.886185) vcan0 055#F6F7F967B3009C80
(1675526023.886264) vcan0 065#ACE3F7F7ED8DE701
(1675526023.886341) vcan0 070#000008F8EEE11200
(1675526023.886489) vcan0 075#0000000000005458
(1675526023.886567) vcan0 080#F04F8000C2002C00
(1675526023.886645) vcan0 0B0#D283ABA2ECC1D2A3
(1675526023.886721) vcan0 125#E50580E4C1D0D735
(1675526023.886797) vcan0 145#F9D2D280FCC810A1
(1675526023.886873) vcan0 1B0#00C0000002B012FC
(1675526023.886950) vcan0 1B5#FF44346A7AE0FFEF
(1675526023.887099) vcan0 1D8#363339343234DF43
(1675526023.887176) vcan0 1E0#0018930300B917E0
(1675526023.887830) vcan0 28C#000000000016BE98
(1675526023.887907) vcan0 291#0000000000000000
(1675526023.887984) vcan0 2A9#8C26008AC0000084
(1675526023.888072) vcan0 008#4F80E45000800080
(1675526023.888149) vcan0 2B5#4B2D176293A63304
(1675526023.888297) vcan0 2C3#468700FFFF2E5450
(1675526023.888375) vcan0 340#8300000000000000
(1675526023.888452) vcan0 072#F000FF3F0078A038
(1675526023.889319) vcan0 360#52870013C364A041
(1675526023.893396) vcan0 010#008800002FB031F8
(1675526023.893475) vcan0 1D0#0000000000000061
(1675526023.894910) vcan0 390#80FF0500020E5C4F
(1675526023.896505) vcan0 0F5#0E921492BF6F4168
(1675526023.896582) vcan0 120#309214927FFB5589
(1675526023.896659) vcan0 130#DFF41D1E1213EF11
(1675526023.896736) vcan0 150#101201B800F821C0
(1675526023.897886) vcan0 008#4F80F44000800080
(1675526023.899463) vcan0 0E0#E2731BD000808000
(1675526023.902198) vcan0 010#008800002FB031F8
(1675526023.903642) vcan0 072#F000FF3F00788038
(1675526023.903719) vcan0 055#F7F7FB67B3009C80
(1675526023.903796) vcan0 065#99E3FAF7EF8DF101
(1675526023.905309) vcan0 070#000008F8F1E11100
(1675526023.905465) vcan0 075#0000000000005458
(1675526023.905543) vcan0 080#F34F8000C2002C00
(1675526023.905619) vcan0 0B0#C983A5A2EFC1C9A3
(1675526023.905696) vcan0 125#E50580E4C1D0D735
(1675526023.905844) vcan0 145#F9C2D380FCC810A1
(1675526023.905920) vcan0 1B0#00C0000001B012FC
(1675526023.908218) vcan0 1B5#FF50406F80E0FFEF
(1675526023.908294) vcan0 1D8#363339343234DF43
(1675526023.908372) vcan0 1E0#001C834300B917E0
(1675526023.908449) vcan0 210#20E08020A869C64D
(1675526023.908528) vcan0 288#02E030CF00000080
(1675526023.908675) vcan0 290#0000000000000000
(1675526023.908766) vcan0 008#4F80043000800080
(1675526023.908845) vcan0 2C0#468700680300A0F1
(1675526023.908921) vcan0 2C5#00EF45D7D4E30070
(1675526023.908998) vcan0 3D0#960F6100661780C3
(1675526023.912152) vcan0 260#D0FF00AA497487B0
(1675526023.913660) vcan0 010#008800002FB031F8
(1675526023.916683) vcan0 1D0#0000000000000061
(1675526023.916761) vcan0 291#0000000000000000
(1675526023.916837) vcan0 400#010100010204051A
(1675526023.916985) vcan0 405#5287003C002D3A02
(1675526023.917065) vcan0 0F5#01921192BF733169
(1675526023.917140) vcan0 120#329212927F005689
(1675526023.917217) vcan0 130#E7F41D1E1203E911
(1675526023.917294) vcan0 150#091200C800F818C0
(1675526023.917372) vcan0 3CA#00000000D30000C8
(1675526023.918163) vcan0 008#4F80142000800080
(1675526023.919691) vcan0 072#F000FF3F0078A038
(1675526023.919768) vcan0 0E0#E2731FD800805C00
(1675526023.922422) vcan0 055#F7F7FC67B3009C80
(1675526023.923938) vcan0 065#88E3FBF7F18DF701
(1675526023.924086) vcan0 070#000007F8F5E11100
(1675526023.925533) vcan0 075#0000000000005458
(1675526023.925610) vcan0 080#F64F8000C2002C00
(1675526023.925690) vcan0 010#008800002FB031F8
(1675526023.925837) vcan0 0B0#C183A0A2F3C1C1A3
(1675526023.925915) vcan0 125#E50580E4C1D0D735
(1675526023.925991) vcan0 145#F9B2D480FCC810A1
(1675526023.926069) vcan0 1B0#00C0000002B012FC
(1675526023.928437) vcan0 1B5#FF5C4B7586E0FFEF
(1675526023.928514) vcan0 1D8#363339343234DF43
(1675526023.928590) vcan0 1E0#0020734300B917E0
(1675526023.928668) vcan0 28C#000000000016BE96
(1675526023.928755) vcan0 2A9#8C260093C0000084
(1675526023.928832) vcan0 008#4F80241000800080
(1675526023.928981) vcan0 2B5#4B2D166293A62F1A
(1675526023.929060) vcan0 2C3#468700FFFF2E5450
(1675526023.929998) vcan0 210#20E080A0A869C645
(1675526023.931511) vcan0 288#16E040BF00000080
(1675526023.932947) vcan0 290#0000000000000000
(1675526023.934464) vcan0 010#008800002FB031F8
(1675526023.934541) vcan0 072#F000FF3F00788038
(1675526023.934617) vcan0 1D0#0000000000000061
(1675526023.935938) vcan0 0F5#05920792BF77216A
(1675526023.936015) vcan0 120#39923B927FFF5589
(1675526023.936093) vcan0 130#EFF41D1E12F3EF11
(1675526023.936242) vcan0 150#061205D801F80BC0
(1675526023.937463) vcan0 008#4F80340000800080
(1675526023.938901) vcan0 0E0#E2731DE000803E00
(1675526023.942946) vcan0 010#008800002FB031F9
(1675526023.944527) vcan0 260#D0FF00AA497487B0
(1675526023.944677) vcan0 055#F6F7FD67B3009C80
(1675526023.944754) vcan0 065#7BE3FCF7F08DF601
(1675526023.944832) vcan0 070#000008F8F7E11100
(1675526023.944908) vcan0 075#0000000000005458
(1675526023.944986) vcan0 080#F84F8000C2002C00
(1675526023.945063) vcan0 0B0#B9839CA2F6C1B9A3
(1675526023.947441) vcan0 125#E50580E4C1D0D735
(1675526023.947518) vcan0 145#F9A2D580FCC810A1
(1675526023.947668) vcan0 1B0#00C0000004B012FC
(1675526023.947744) vcan0 1B5#FF68577B8CE0FFEF
(1675526023.947821) vcan0 1D8#363339343234DF43
(1675526023.947898) vcan0 1E0#0020730300B917E0
(1675526023.947973) vcan0 291#0000000000000000
(1675526023.948051) vcan0 330#C700000000000000
(1675526023.948139) vcan0 370#0720C000741BC71F
(1675526023.948215) vcan0 008#4F8044F000800080
(1675526023.948942) vcan0 072#F000FF3F0078A038
(1675526023.952950) vcan0 010#008800002FB031F8
(1675526023.954388) vcan0 1D0#0000000000000A61
(1675526023.954464) vcan0 210#20E080A0A869C64D
(1675526023.955909) vcan0 0F5#0A92FE91BF7B116C
(1675526023.955985) vcan0 120#279229927FFC5589
(1675526023.956065) vcan0 130#F7F41D1E12E3EF11
(1675526023.956213) vcan0 150#041202E801F8FDC0
(1675526023.956290) vcan0 350#A200000000000080
(1675526023.957442) vcan0 288#02E040BF00000080
(1675526023.957518) vcan0 008#4F8054E000800080
(1675526023.958885) vcan0 0E0#E2732DE800800E00
(1675526023.962959) vcan0 010#008800002FB031F8
(1675526023.964466) vcan0 055#F6F7FD67B3009C80
(1675526023.964561) vcan0 065#74E3FEF7F38DFF01
(1675526023.964639) vcan0 070#000008F8F8E11100
(1675526023.964714) vcan0 072#F000FF3F00788038
(1675526023.964791) vcan0 075#0000000000005458
(1675526023.966032) vcan0 080#F94F8000C2002C00
(1675526023.966109) vcan0 0B0#B28398A2F7C1B2A3
(1675526023.966187) vcan0 125#E50280E4C1D0D735
(1675526023.966335) vcan0 145#F992D680FCC810A1
(1675526023.966413) vcan0 1B0#00C0000002B013FC
(1675526023.966490) vcan0 1B5#FF73638191E0FFEF
(1675526023.966569) vcan0 1D8#363339343234DF43
(1675526023.966644) vcan0 1E0#0024634300B917E0
(1675526023.968944) vcan0 28C#000000000016BE94
(1675526023.969020) vcan0 290#0000000000000000
(1675526023.969097) vcan0 008#4F8064D000800080
(1675526023.969174) vcan0 2A9#8C26008AC0000084
(1675526023.969261) vcan0 2B5#4B2D166293A63628
(1675526023.969338) vcan0 2C0#468700540300A0F1
(1675526023.969415) vcan0 2C3#468700FFFF2E5450
(1675526023.969566) vcan0 2C5#00EF3ED694E30070
(1675526023.969642) vcan0 340#8200000000000000
(1675526023.969718) vcan0 3AF#0000000000000020
(1675526023.972944) vcan0 260#D0FF00AA497487B0
(1675526023.974460) vcan0 010#008800002FB031F8
(1675526023.974537) vcan0 1D0#0000000000000061
(1675526023.974615) vcan0 291#0000000000000000
(1675526023.975916) vcan0 0F5#FF91FA91BF7F016D
(1675526023.976067) vcan0 120#21920C927FFE5589
(1675526023.976144) vcan0 130#FFF41D1E12D3F411
(1675526023.976219) vcan0 150#FC1101F801F8F6C0
(1675526023.977444) vcan0 3C8#4687008E882C008E
(1675526023.977592) vcan0 008#51807C3E00800080
(1675526023.978894) vcan0 072#F000FF3F0078A038
(1675526023.978971) vcan0 210#20E080A0A869C645
(1675526023.979047) vcan0 3B0#00D8523844C0C400
(1675526023.980410) vcan0 0E0#E27334F00080E700
(1675526023.981921) vcan0 288#1EE040BF00000080
(1675526023.983504) vcan0 010#008800002FB031F8
(1675526023.983580) vcan0 055#F7F7FD67B3009C80
(1675526023.986457) vcan0 065#6DE3FFF7F88DFF01
(1675526023.986535) vcan0 070#000007F8F9E11000
(1675526023.986612) vcan0 075#0000000000005458
(1675526023.986689) vcan0 080#FA4F8000C2002C00
(1675526023.986767) vcan0 0B0#AB8397A2F8C1ABA3
(1675526023.986844) vcan0 125#E5FF7FE4C1D0D735
(1675526023.986993) vcan0 145#F982D780FCC810A1
(1675526023.987070) vcan0 1B0#00C0000001B013FC
(1675526023.987148) vcan0 1B5#FF7F6F8797E0FFEF
(1675526023.987235) vcan0 1D8#363339343234DF43
(1675526023.987314) vcan0 1E0#0028534300B917E0
(1675526023.987973) vcan0 008#54808C1D0E800080
(1675526023.988050) vcan0 360#52870013C364A041
(1675526023.991918) vcan0 010#008800002FB031F8
(1675526023.993435) vcan0 072#F000FF3F00788038
(1675526023.993512) vcan0 1D0#0000000000000061
(1675526023.994948) vcan0 290#0000000000000000
(1675526023.995023) vcan0 390#80FF0500020A5D4F
(1675526023.996469) vcan0 0F5#F491F191BF43F16F
(1675526023.996546) vcan0 120#039212927FFA5589
(1675526023.996623) vcan0 130#87F41D1212CFF711
(1675526023.996699) vcan0 150#F211090802F8F0C0
(1675526023.997924) vcan0 008#56809CF623800080
(1675526023.999438) vcan0 0E0#E27339F80080C200
(1675526024.002231) vcan0 010#008800002FB031F8
(1675526024.003696) vcan0 210#20E080A0A869C645
(1675526024.003773) vcan0 260#D0FF0055497487B0
(1675526024.005352) vcan0 055#F7F7FE67B3009C80
(1675526024.005469) vcan0 065#68E3FFF7F88D0202
(1675526024.005546) vcan0 070#000007F8FAE11000
(1675526024.005622) vcan0 075#0000000000005458
(1675526024.005698) vcan0 080#FB4F8000C2002C00
(1675526024.005776) vcan0 0B0#A58395A2F9C1A5A3
(1675526024.005853) vcan0 125#E5FB7FE4C1D0D735
(1675526024.005931) vcan0 145#F972D880FCC810A1
(1675526024.008311) vcan0 1B0#00C0000001B013FC
(1675526024.008388) vcan0 1B5#FF8B7A8D9DE0FFEF
(1675526024.008466) vcan0 1D8#363339343234DF43
(1675526024.008543) vcan0 1E0#0028530300B917E0
(1675526024.008694) vcan0 288#1AE040BF00000080
(1675526024.008771) vcan0 28C#000000000016BE94
(1675526024.008875) vcan0 008#5880ACD532800080
(1675526024.008953) vcan0 291#0000000000000000
(1675526024.009028) vcan0 2A9#8C260082C0000084
(1675526024.009105) vcan0 2B5#4B2D176293A6372C
(1675526024.009184) vcan0 072#F000FF3F0078A038
(1675526024.009261) vcan0 2C3#468700FFFF2F5450
(1675526024.013624) vcan0 010#008800002FB031F8
(1675526024.013702) vcan0 1D0#0000000000000061
(1675526024.015137) vcan0 0F5#F191F491BF47E170
(1675526024.016719) vcan0 120#0F9214927FFA5589
(1675526024.016795) vcan0 130#8FF41D1212BFF711
(1675526024.016872) vcan0 150#F211081802F8E0C0
(1675526024.018164) vcan0 008#5B80BCB440800080
(1675526024.019675) vcan0 0E0#E2733DC000809E00
(1675526024.022475) vcan0 055#F7F7FE67B3009C80
(1675526024.023981) vcan0 065#65E3FFF7FA8D0202
(1675526024.024071) vcan0 070#000007F8FBE11000
(1675526024.026971) vcan0 075#0000000000005458
(1675526024.027047) vcan0 010#008800002FB031F9
(1675526024.027124) vcan0 072#F000FF3F00788038
(1675526024.027201) vcan0 080#FB4F8000C2002C00
(1675526024.027278) vcan0 0B0#9F8393A2FAC19FA3
(1675526024.027356) vcan0 125#E5F57FE4C1D0D735
(1675526024.027434) vcan0 145#F962D980FCC810A1
(1675526024.027582) vcan0 1B0#00C0000002B013FC
(1675526024.027659) vcan0 1B5#FF978692A3E0FFEF
(1675526024.027735) vcan0 1D8#363339343234DF43
(1675526024.027812) vcan0 1E0#002C434300B917E0
(1675526024.027889) vcan0 290#0000000000000000
(1675526024.027966) vcan0 2C0#468700280300A0F1
(1675526024.028404) vcan0 008#5F80CC7C64800080
(1675526024.028480) vcan0 2C5#00EF3BD67EE30070
(1675526024.028568) vcan0 330#C700000000000000
(1675526024.029939) vcan0 210#20E080A0A869C64D
(1675526024.031448) vcan0 288#02E050AF00000080
(1675526024.032957) vcan0 260#D0FF0055497487B0
(1675526024.034466) vcan0 010#008800002FB031F8
(1675526024.034542) vcan0 1D0#0000000000000A61
(1675526024.034693) vcan0 291#0000000000000000
(1675526024.035995) vcan0 0F5#F191EA91BF4BD172
(1675526024.036072) vcan0 120#23921A927FF95589
(1675526024.036148) vcan0 130#97F41D0712BAF111
(1675526024.036225) vcan0 150#ED11002802F8D5C0
(1675526024.036302) vcan0 3CA#00000000D40000C8
(1675526024.037384) vcan0 008#6180DC5B73800080
(1675526024.038965) vcan0 072#F000FF3F0078A038
(1675526024.040472) vcan0 0E0#E2733AC800808100
(1675526024.041985) vcan0 010#008800002FB031F8
(1675526024.043436) vcan0 2A9#8C26009BC0000084
(1675526024.046453) vcan0 055#F7F7FE67B3009C80
(1675526024.046530) vcan0 065#66E3FFF7FF8D0302
(1675526024.046607) vcan0 070#000007F8FAE11000
(1675526024.046685) vcan0 075#0000000000005458
(1675526024.046762) vcan0 080#FB4F8000C2002C00
(1675526024.046910) vcan0 0B0#998394A2FAC199A3
(1675526024.046988) vcan0 125#E5ED7FE4C1D0D735
(1675526024.047064) vcan0 145#F952DA80FCC810A1
(1675526024.047142) vcan0 1B0#00C0000001B014FC
(1675526024.047218) vcan0 1B5#FFA29298A9E0FFEF
(1675526024.047367) vcan0 1D8#363339343234DF43
(1675526024.047446) vcan0 1E0#0030334300B917E0
(1675526024.047523) vcan0 28C#000000000016BE93
(1675526024.048032) vcan0 2B5#4B2D186293A6372E
(1675526024.048109) vcan0 2C3#468700FFFF2F5450
(1675526024.048196) vcan0 008#6680EC2297800080
(1675526024.048345) vcan0 340#8200000000000000
(1675526024.048423) vcan0 350#A200000000000080
(1675526024.048499) vcan0 370#0720C000741BC71F
(1675526024.053437) vcan0 010#008800002FB031F8
(1675526024.053516) vcan0 072#F000FF3F00788038
(1675526024.054951) vcan0 1D0#0000000000000061
(1675526024.055029) vcan0 210#1EE08020A869C645
(1675526024.055105) vcan0 290#0000000000000000
(1675526024.056482) vcan0 0F5#ED91EB91BF4FC173
(1675526024.056561) vcan0 120#0F920E927FF95589
(1675526024.056639) vcan0 130#9FF41D0712AAEF11
(1675526024.056715) vcan0 150#EC11053801F8C6C0
(1675526024.056791) vcan0 288#0AE050AF00000080
(1675526024.057945) vcan0 008#6880FC02A5800080
(1675526024.059452) vcan0 0E0#E27340D000805B00
(1675526024.062191) vcan0 010#008800002FB031F8
(1675526024.063624) vcan0 260#D0FF0055497487B0
(1675526024.063773) vcan0 055#F7F7FE67B3009C80
(1675526024.066724) vcan0 065#67E3FFF7008E0102
(1675526024.066803) vcan0 070#000007F8FAE11000
(1675526024.066881) vcan0 075#0000000000005458
(1675526024.066958) vcan0 080#FB4F8000C2002C00
(1675526024.067034) vcan0 0B0#948394A2FAC194A3
(1675526024.067110) vcan0 125#E5E77FE4C1D0D735
(1675526024.067189) vcan0 145#F942DB80FCC810A1
(1675526024.067337) vcan0 1B0#00C0000001B014FC
(1675526024.067413) vcan0 1B5#FFAE9D9EAEE0FFEF
(1675526024.067491) vcan0 1D8#363339343234DF43
(1675526024.067569) vcan0 1E0#0030330300B917E0
(1675526024.067645) vcan0 291#0000000000000000
(1675526024.067723) vcan0 425#0000000000000000
(1675526024.068174) vcan0 008#6A800CE2B3800080
(1675526024.068257) vcan0 072#F000FF3F0078A038
(1675526024.072197) vcan0 010#008800002FB031F8
(1675526024.073636) vcan0 1D0#0000000000000061
(1675526024.075158) vcan0 0F5#DF91F391BF53B175
(1675526024.076677) vcan0 120#059212927FFF5589
(1675526024.076756) vcan0 130#A7F41D07129AEF11
(1675526024.076905) vcan0 150#E911004801F8B9C0
(1675526024.078198) vcan0 008#6F801CA9D7800080
(1675526024.078275) vcan0 210#1EE080A0A869C64D
(1675526024.079716) vcan0 0E0#E2733FD800803C00
(1675526024.081152) vcan0 288#F9DF50AF00000080
(1675526024.082658) vcan0 010#008800002FB031F8
(1675526024.084165) vcan0 072#F000FF3F00788038
(1675526024.084243) vcan0 055#F7F7FE67B3009C80
(1675526024.084392) vcan0 065#67E3FFF7008E0102
(1675526024.084478) vcan0 070#000007F8FAE11000
(1675526024.084556) vcan0 075#0000000000005458
(1675526024.087214) vcan0 080#FB4F8000C2002C00
(1675526024.087292) vcan0 0B0#8E8394A2FAC18EA3
(1675526024.087369) vcan0 125#E5E27FE4C1D0D735
(1675526024.087447) vcan0 145#F932DC80FCC810A1
(1675526024.087522) vcan0 1B0#00C00F0002B014FC
(1675526024.087672) vcan0 1B5#FFBAA9A4B4E0FFEF
(1675526024.087749) vcan0 1D8#363339343234DF43
(1675526024.087823) vcan0 1E0#0034234300B917E0
(1675526024.087901) vcan0 28C#000000000016BE94
(1675526024.087978) vcan0 290#0000000000000000
(1675526024.088055) vcan0 2A9#8C260082C0000084
(1675526024.088130) vcan0 008#71802C97D7800080
(1675526024.088859) vcan0 2B5#4B2D196293A6372B
(1675526024.088936) vcan0 2C0#468700F40200A0F1
(1675526024.089022) vcan0 2C3#468700FFFF2F5450
(1675526024.089098) vcan0 2C5#00EF36D56DE30070
(1675526024.089175) vcan0 360#52870013C364A041
(1675526024.089254) vcan0 3AF#0000000000000020
(1675526024.094193) vcan0 010#008800002FB031F8
(1675526024.094269) vcan0 1D0#0000000000000061
(1675526024.094346) vcan0 260#D0FF0055497487B0
(1675526024.094424) vcan0 291#0000000000000000
(1675526024.094502) vcan0 390#80FF050002065E4F
(1675526024.095663) vcan0 0F5#DF91ED91BF57A176
(1675526024.095813) vcan0 120#1492FA917FFA5589
(1675526024.095890) vcan0 130#AFF41D07128AF111
(1675526024.095967) vcan0 150#E611FE5701F8ACC0
(1675526024.097194) vcan0 3C8#4687008E882C008E
(1675526024.097343) vcan0 008#71803C8ED0800080
(1675526024.098635) vcan0 072#F000FF3F0078A038
(1675526024.098722) vcan0 3B0#00D8523844C0C400
(1675526024.100163) vcan0 0E0#E2733FE000801C00
(1675526024.102957) vcan0 010#008800002FB031F9
(1675526024.105906) vcan0 210#1EE080A0A869C64D
(1675526024.105981) vcan0 055#F7F7FE67B3009C80
(1675526024.106061) vcan0 065#66E3FFF7008E0002
(1675526024.106137) vcan0 070#000007F8FAE11000
(1675526024.106284) vcan0 075#0000000000005458
(1675526024.106363) vcan0 080#FB4F8000C2002C00
(1675526024.106440) vcan0 0B0#8A8394A2FAC18AA3
(1675526024.106517) vcan0 125#E5D97FE4C1D0D735
(1675526024.106593) vcan0 145#F922DD80FCC810A1
(1675526024.106743) vcan0 1B0#00C00F0002B015FC
(1675526024.106821) vcan0 1B5#FFC5B5AABAE0FFEF
(1675526024.106896) vcan0 1D8#363339343234DF43
(1675526024.107409) vcan0 1E0#0038134300B917E0
(1675526024.107500) vcan0 330#C700000000000000
(1675526024.107575) vcan0 288#F1DF50AF00000080
(1675526024.107724) vcan0 3D0#960F6100661780C3
(1675526024.107802) vcan0 008#76804C72D7800080
(1675526024.108956) vcan0 430#30083200000016A6
(1675526024.112893) vcan0 010#008800002FB031F8
(1675526024.114402) vcan0 072#F000FF3F00788038
(1675526024.114479) vcan0 1D0#0000000000000A61
(1675526024.114557) vcan0 290#0000000000000000
(1675526024.115991) vcan0 0F5#E691E691BF5B9178
(1675526024.116070) vcan0 120#189205927FFE5589
(1675526024.116146) vcan0 130#B7F41D07127AF711
(1675526024.116224) vcan0 150#E611FB6700F89CC0
(1675526024.117441) vcan0 008#78805C60D7800080
(1675526024.118939) vcan0 0E0#E2733DE80080FE00
(1675526024.123991) vcan0 260#D0FF00AA497487B0
(1675526024.124391) vcan0 055#F7F7FE67B3009C80
(1675526024.124473) vcan0 065#64E3FFF7FF8D0002
(1675526024.124620) vcan0 070#000007F8FBE10F00
(1675526024.124698) vcan0 010#008800002FB031F8
(1675526024.124775) vcan0 075#0000000000005458
(1675526024.127444) vcan0 080#FB4F8000C2002C00
(1675526024.127592) vcan0 0B0#858393A2FAC185A3
(1675526024.127670) vcan0 125#E5D77FE4C1D0D735
(1675526024.127746) vcan0 145#F912DE80FCC810A1
(1675526024.127824) vcan0 1B0#00C00F0001B015FC
(1675526024.127901) vcan0 1B5#FFD1C0AFC0E0FFEF
(1675526024.127977) vcan0 1D8#363339343234DF43
(1675526024.128056) vcan0 1E0#0038130300B917E0
(1675526024.128204) vcan0 28C#000000000016BE93
(1675526024.128280) vcan0 291#0000000000000000
(1675526024.128357) vcan0 008#78806C65C2800080
(1675526024.128446) vcan0 2A9#8C26009BC0000084
(1675526024.128523) vcan0 2B5#4B2D196293A63729
(1675526024.128962) vcan0 2C3#468700FFFF2F5450
(1675526024.129038) vcan0 340#8000000000000000
(1675526024.129115) vcan0 072#F000FF3F0078A038
(1675526024.129193) vcan0 210#1EE080A0A869C645
(1675526024.130494) vcan0 288#F1DF609F00000080
(1675526024.133146) vcan0 010#008800002FB031F8
(1675526024.134663) vcan0 1D0#0000000000000061
(1675526024.136189) vcan0 0F5#DF91DD91BF5F8179
(1675526024.136268) vcan0 120#129212927FF85589
(1675526024.136344) vcan0 130#BFF41D03126EFD11
(1675526024.136422) vcan0 150#DE11FA77FFF794C0
(1675526024.136570) vcan0 350#A200000000000080
(1675526024.137721) vcan0 008#7A807C62B3800080
(1675526024.139159) vcan0 0E0#E27338F00080E300
(1675526024.141916) vcan0 010#008800002FB031F8
(1675526024.143431) vcan0 072#F000FF3F00788038
(1675526024.146458) vcan0 055#F7F7FE67B3009C80
(1675526024.146536) vcan0 065#62E3FFF7FF8D0002
(1675526024.146613) vcan0 070#000007F8FBE10F00
(1675526024.146691) vcan0 075#0000000000005458
(1675526024.146838) vcan0 080#FB4F8000C2002C00
(1675526024.146917) vcan0 0B0#818393A2FAC181A3
(1675526024.146993) vcan0 125#E5D17FE4C1D0D735
(1675526024.147070) vcan0 145#F902DF80FCC810A1
(1675526024.147146) vcan0 1B0#00C00F0001B016FC
(1675526024.147224) vcan0 1B5#FFDDCCB5C6E0FFEF
(1675526024.147300) vcan0 1D8#363339343234DF43
(1675526024.147449) vcan0 1E0#003C034300B917E0
(1675526024.147526) vcan0 290#0000000000000000
(1675526024.147891) vcan0 2C0#468700A30200A0F1
(1675526024.148049) vcan0 2C5#00EF34D469E30070
(1675526024.148128) vcan0 008#7D808C649E800080
(1675526024.148204) vcan0 370#0720C000741BC71F
(1675526024.148281) vcan0 3E0#000000D92E808090
(1675526024.151865) vcan0 010#008800002FB031F8
(1675526024.153448) vcan0 1D0#0000000000000061
(1675526024.154958) vcan0 210#1EE080A0A869C64D
(1675526024.155036) vcan0 260#D0FF00AA497487B0
(1675526024.155111) vcan0 291#0000000000000000
(1675526024.157993) vcan0 0F5#D591D791BF63717B
(1675526024.158072) vcan0 120#FF9111927FFC5589
(1675526024.158149) vcan0 130#C7F41D011260FD11
(1675526024.158226) vcan0 150#D611F787FFF78CC0
(1675526024.158301) vcan0 3CA#00000000D50000C8
(1675526024.158381) vcan0 288#DDDF609F00000080
(1675526024.158456) vcan0 008#7D809C638F800080
(1675526024.158614) vcan0 072#F000FF3F0078A038
(1675526024.159410) vcan0 0E0#E27336F80080C500
(1675526024.162208) vcan0 010#008800002FB031F8
(1675526024.163643) vcan0 055#F7F7FE67B3009C80
(1675526024.163719) vcan0 065#61E3FFF7FF8D0002
(1675526024.166672) vcan0 070#000007F8FBE10F00
(1675526024.166830) vcan0 075#0000000000005458
(1675526024.166906) vcan0 080#FC4F8000C2002C00
(1675526024.166983) vcan0 0B0#7D8393A2FBC17DA3
(1675526024.167062) vcan0 125#E5D17FE4C1D0D735
(1675526024.167139) vcan0 145#F9F2D080FCC810A1
(1675526024.167285) vcan0 1B0#00C00F0001B016FC
(1675526024.167363) vcan0 1B5#FFE8D8BBCBE0FFEF
(1675526024.167442) vcan0 1D8#363339343234DF43
(1675526024.167517) vcan0 1E0#0000F34300B917E0
(1675526024.167594) vcan0 28C#000000000016BE93
(1675526024.167683) vcan0 2A9#8C260082C0000084
(1675526024.167832) vcan0 2B5#4B2D1A6293A63728
(1675526024.168123) vcan0 2C3#468700FFFF305450
(1675526024.168274) vcan0 008#7F80AC4997800080
(1675526024.168352) vcan0 400#000101010002031B
(1675526024.168429) vcan0 405#0000000000000022
(1675526024.172226) vcan0 010#008800002FB031F8
(1675526024.173733) vcan0 072#F000FF3F00788038
(1675526024.173812) vcan0 1D0#0000000000000061
(1675526024.175192) vcan0 290#0000000000000000
(1675526024.175268) vcan0 0F5#D391DD91BF67617C
(1675526024.176643) vcan0 120#F191EF917FF55589
(1675526024.176719) vcan0 130#CFF41DF11161FA11
(1675526024.176869) vcan0 150#D811F497FDF77AC0
(1675526024.178160) vcan0 008#7F80BC5D73800080
(1675526024.178239) vcan0 210#1EE080A0A869C645
(1675526024.179688) vcan0 0E0#E27335C00080A600
(1675526024.181197) vcan0 288#E1DF609F00000080
(1675526024.182635) vcan0 010#008800002FB031F9
(1675526024.184141) vcan0 291#0000000000000000
(1675526024.184289) vcan0 055#F7F7FE67B3009C80
(1675526024.184366) vcan0 065#61E3FFF7008E0002
(1675526024.184444) vcan0 070#000007F8FBE10F00
(1675526024.184520) vcan0 075#0000000000005458
(1675526024.187188) vcan0 080#FC4F8000C2002C00
(1675526024.187338) vcan0 0B0#798393A2FBC179A3
(1675526024.187416) vcan0 125#E5CE7FE4C1D0D735
(1675526024.187492) vcan0 145#F9E2D180FCC810A1
(1675526024.187570) vcan0 1B0#00C00F0001B016FC
(1675526024.187647) vcan0 1B5#FFF4E3C1D1E0FFEF
(1675526024.187795) vcan0 1D8#363339343234DF43
(1675526024.187872) vcan0 1E0#0000F30300B917E0
(1675526024.187959) vcan0 260#D0FF00AA497487B0
(1675526024.188036) vcan0 330#C700000000000000
(1675526024.188113) vcan0 008#7F80CC5C64800080
(1675526024.188696) vcan0 072#F000FF3F0078A038
(1675526024.188772) vcan0 360#52870013C364A041
(1675526024.192713) vcan0 010#008800002FB031F8
(1675526024.194221) vcan0 1D0#0000000000000A61
(1675526024.194299) vcan0 390#80FF050002025F4F
(1675526024.195672) vcan0 0F5#D191D891BF6B517D
(1675526024.195753) vcan0 120#F191F1917FFC5589
(1675526024.195902) vcan0 130#D7F41DF11151F411
(1675526024.195979) vcan0 150#D511F6A7FBF76DC0
(1675526024.197205) vcan0 008#7F80DC5A56800080
(1675526024.198642) vcan0 0E0#E2732EC800808D00
(1675526024.202731) vcan0 010#008800002FB031F8
(1675526024.204243) vcan0 072#F000FF3F00788038
(1675526024.204329) vcan0 055#F7F7FE67B3009C80
(1675526024.204405) vcan0 065#63E3FFF7018E0002
(1675526024.204484) vcan0 070#000007F8FBE10F00
(1675526024.204560) vcan0 075#0000000000005458
(1675526024.207228) vcan0 080#FB4F8000C2002C00
(1675526024.207306) vcan0 0B0#758393A2FAC175A3
(1675526024.207383) vcan0 125#E5CE7FE4C1D0D735
(1675526024.207462) vcan0 145#F9D2D280FCC810A1
(1675526024.207538) vcan0 1B0#00C00F0000B016FC
(1675526024.207616) vcan0 1B5#FFFFEFC6D7E0FFEF
(1675526024.207694) vcan0 1D8#363339343234DF43
(1675526024.207843) vcan0 1E0#0004E34300B917E0
(1675526024.207920) vcan0 210#1EE08020A869C645
(1675526024.207999) vcan0 288#E1DF609F00000080
(1675526024.208076) vcan0 28C#000000000016BE93
(1675526024.208155) vcan0 008#7F80EC6040800080
(1675526024.208826) vcan0 290#0000000000000000
(1675526024.208976) vcan0 2A9#8C26008AC0000084
(1675526024.209053) vcan0 2B5#4B2D1B6293A63728
(1675526024.209136) vcan0 2C0#4687003A0200A0F1
(1675526024.209208) vcan0 2C3#468700FFFF305450
(1675526024.209284) vcan0 2C5#00EF30D365E30070
(1675526024.209361) vcan0 340#8000000000000000
(1675526024.209439) vcan0 3AF#0000000000000020
(1675526024.214165) vcan0 010#008800002FB031F8
