(1675525710.683970) vcan0 075#0000000000005458
(1675525710.683986) vcan0 080#FF4F8000C2002C00
(1675525710.683991) vcan0 0B0#398372A200C239A3
(1675525710.683995) vcan0 145#FD22DD80FCC810A1
(1675525710.684000) vcan0 210#98E080A0A869DC4D
(1675525710.684051) vcan0 28C#000020000016BE86
(1675525710.684473) vcan0 2B5#4B6D4F6293A64341
(1675525710.684616) vcan0 340#6800000000000000
(1675525710.684689) vcan0 1B0#00C0460003B069FC
(1675525710.685433) vcan0 1B5#FFFD214DF9E0FFEF
(1675525710.685506) vcan0 1D8#363339343234DA43
(1675525710.685580) vcan0 1E0#0000F30300B917E0
(1675525710.685655) vcan0 288#29DB20DF00000080
(1675525710.687930) vcan0 010#008800002FB031F8
(1675525710.688008) vcan0 291#0000000000000000
(1675525710.688150) vcan0 2A9#8C26009BC0000084
(1675525710.688226) vcan0 260#D0FF0055497487B0
(1675525710.689361) vcan0 008#258F2CA205840080
(1675525710.691977) vcan0 290#0000000000000000
(1675525710.692052) vcan0 072#F000FF3F0078A038
(1675525710.693391) vcan0 360#528700DEB964A041
(1675525710.693479) vcan0 0E0#E27388D80080F300
(1675525710.694889) vcan0 0F5#1085A685BF6B5184
(1675525710.694970) vcan0 120#FA84A4857FEA5589
(1675525710.695049) vcan0 130#D7C21DA605A8CD11
(1675525710.695201) vcan0 150#5B0563A655F6F3C0
(1675525710.697518) vcan0 010#008800002FB031F8
(1675525710.697598) vcan0 1D0#0000000000000861
(1675525710.697678) vcan0 390#80FF051D022A554F
(1675525710.698882) vcan0 008#358F3C7413840080
(1675525710.698962) vcan0 125#E52F71E4C1D0D735
(1675525710.701492) vcan0 055#DEF7FF67B3009C80
(1675525710.701571) vcan0 065#ECE2FFF7018E0102
(1675525710.702864) vcan0 070#000020F800E22A00
(1675525710.702957) vcan0 075#0000000000005458
(1675525710.703035) vcan0 080#FF4F8000C2002C00
(1675525710.703113) vcan0 0B0#398372A200C239A3
(1675525710.703202) vcan0 145#FD12DE80FCC810A1
(1675525710.705470) vcan0 1B0#00C0460002B069FC
(1675525710.705475) vcan0 1B5#FF00244FFBE0FFEF
(1675525710.705480) vcan0 1D8#363339343234DA43
(1675525710.705552) vcan0 1E0#0004E34300B917E0
(1675525710.705628) vcan0 2C3#528700FFFF985450
(1675525710.706808) vcan0 010#008800002FB031F9
(1675525710.708296) vcan0 072#F000FF3F00788038
(1675525710.708455) vcan0 210#98E080A0A869DC4D
(1675525710.708531) vcan0 330#B600000000000000
(1675525710.708604) vcan0 3D0#8B0F6100C50580C3
(1675525710.708680) vcan0 008#458F4C283F840080
(1675525710.710910) vcan0 288#31DB30CF00000080
(1675525710.710985) vcan0 350#A200000000000080
(1675525710.713390) vcan0 0E0#E27386E00080D500
(1675525710.714799) vcan0 0F5#04859E85BF6F4185
(1675525710.714905) vcan0 120#F2848B857FE95589
(1675525710.714984) vcan0 130#DFC51D9E05A0D311
(1675525710.715064) vcan0 150#500563B656F6EEC0
(1675525710.717456) vcan0 010#008800002FB031F8
(1675525710.717535) vcan0 1D0#0000000000000261
(1675525710.717614) vcan0 291#0000000000000000
(1675525710.718894) vcan0 260#D0FF0055497487B0
(1675525710.718974) vcan0 008#578F5CF84D840080
(1675525710.719052) vcan0 125#E50B71E4C1D0D735
(1675525710.721484) vcan0 055#DDF7FF67B3009C80
(1675525710.721565) vcan0 065#EEE2FFF7038E0002
(1675525710.724394) vcan0 070#000021F800E22A00
(1675525710.724469) vcan0 072#F000FF3F0078A038
(1675525710.724546) vcan0 075#0000000000005458
(1675525710.724621) vcan0 080#FF4F8000C2002C00
(1675525710.724764) vcan0 0B0#398372A200C239A3
(1675525710.724849) vcan0 145#FD02DF80FCC810A1
(1675525710.724923) vcan0 28C#000020000016BE87
(1675525710.724997) vcan0 290#0000000000000000
(1675525710.725072) vcan0 2B5#4B6D4F6293A64341
(1675525710.725214) vcan0 2C0#528700740300A0F1
(1675525710.725289) vcan0 1B0#00C0470002B069FC
(1675525710.725364) vcan0 1B5#FF032850FDE0FFEF
(1675525710.728456) vcan0 1D8#363339343234DA43
(1675525710.728461) vcan0 1E0#0008D34300B917E0
(1675525710.728464) vcan0 2C5#00DF1A74EAE20070
(1675525710.728468) vcan0 370#0721C000611BC71F
(1675525710.728473) vcan0 3AF#0000000000000020
(1675525710.728477) vcan0 3E0#000000D932808090
(1675525710.728481) vcan0 010#008800002FB031F8
(1675525710.728485) vcan0 2A9#8C260082C0000084
(1675525710.728555) vcan0 008#648F6CD454840080
(1675525710.731008) vcan0 210#93E080A0A869DC45
(1675525710.733472) vcan0 0E0#E27389E80080B200
(1675525710.734807) vcan0 0F5#F9848785BF733185
(1675525710.734902) vcan0 120#EE8481857FE35589
(1675525710.735053) vcan0 130#E7C51D8705A7CD11
(1675525710.735133) vcan0 150#3F0565C656F6EFC0
(1675525710.735213) vcan0 288#31DB30CF00000080
(1675525710.737481) vcan0 010#008800002FB031F8
(1675525710.737560) vcan0 072#F000FF3F00788038
(1675525710.738855) vcan0 1D0#0000000000000061
(1675525710.739007) vcan0 008#778F7C9B6A840080
(1675525710.739088) vcan0 125#E5EA70E4C1D0D735
(1675525710.741413) vcan0 055#DDF7FF67B3009C80
(1675525710.741494) vcan0 065#EFE2FFF7018E0002
(1675525710.742858) vcan0 070#000021F800E22B00
(1675525710.742938) vcan0 075#0000000000005458
(1675525710.743028) vcan0 080#FF4F8000C2002C00
(1675525710.743105) vcan0 0B0#398372A200C239A3
(1675525710.743183) vcan0 145#FDF2D080FCC810A1
(1675525710.745408) vcan0 1B0#00C0460004B06AFC
(1675525710.745412) vcan0 1B5#FF062B52FFE0FFEF
(1675525710.745417) vcan0 1D8#363339343234DA43
(1675525710.745490) vcan0 1E0#0008D30300B917E0
(1675525710.745565) vcan0 2C3#528700FFFF985450
(1675525710.747887) vcan0 260#D0FF00AA497487B0
(1675525710.749366) vcan0 010#008800002FB031F8
(1675525710.749523) vcan0 291#0000000000000000
(1675525710.749599) vcan0 008#878F8C578E840080
(1675525710.751967) vcan0 290#0000000000000000
(1675525710.753365) vcan0 072#F000FF3F0078A038
(1675525710.753454) vcan0 0E0#E27387F000809400
(1675525710.754886) vcan0 0F5#E4847B85BF772185
(1675525710.754910) vcan0 120#D8846A857FE05589
(1675525710.755063) vcan0 130#EFC51D7B05A3C711
(1675525710.755506) vcan0 150#300562D656F6EEC0
(1675525710.757477) vcan0 010#008800002FB031F8
(1675525710.758896) vcan0 1D0#0000000000000061
(1675525710.758974) vcan0 210#93E080A0A869DC4D
(1675525710.759054) vcan0 008#948F9C5078840080
(1675525710.759131) vcan0 125#E5C970E4C1D0D735
(1675525710.761414) vcan0 288#29DB30CF00000080
(1675525710.761496) vcan0 055#DCF7FF67B3009C80
(1675525710.761575) vcan0 065#F2E2FFF7038E0002
(1675525710.765456) vcan0 070#000022F800E22B00
(1675525710.765461) vcan0 075#0000000000005458
(1675525710.765465) vcan0 080#FF4F8000C2002C00
(1675525710.765470) vcan0 0B0#398373A200C239A3
(1675525710.765474) vcan0 145#FDE2D180FCC810A1
(1675525710.765485) vcan0 28C#000020000016BE87
(1675525710.765489) vcan0 2B5#4B6D4F6293A64341
(1675525710.765493) vcan0 340#6800000000000000
(1675525710.765498) vcan0 1B0#00C0460003B06AFC
(1675525710.765501) vcan0 1B5#FF092F5400E0FFEF
(1675525710.765505) vcan0 1D8#363339343234DA43
(1675525710.765576) vcan0 1E0#000CC34300B917E0
(1675525710.767957) vcan0 010#008800002FB031F8
(1675525710.769366) vcan0 072#F000FF3F00788038
(1675525710.769456) vcan0 2A9#8C26008AC0000084
(1675525710.769597) vcan0 008#A28FAC3278840080
(1675525710.773141) vcan0 0E0#E27380F800807B00
(1675525710.775642) vcan0 0F5#DB846585BF7B1186
(1675525710.775647) vcan0 120#C38466857FEB5589
(1675525710.775651) vcan0 130#F7C51D6605A8C711
(1675525710.775655) vcan0 150#200563E656F6EEC0
(1675525710.775739) vcan0 3C8#5287008E882C008E
(1675525710.777102) vcan0 3CA#00000000520000C8
(1675525710.777183) vcan0 010#008800002FB031F8
(1675525710.778634) vcan0 1D0#0000000000000861
(1675525710.778715) vcan0 291#0000000000000000
(1675525710.778792) vcan0 260#D0FF00AA497487B0
(1675525710.778871) vcan0 008#B28FBC1278840080
(1675525710.778949) vcan0 125#E5A770E4C1D0D735
(1675525710.781136) vcan0 055#DCF7FF67B3009C80
(1675525710.785019) vcan0 065#F4E2FFF7018E0002
(1675525710.785025) vcan0 070#000022F800E22C00
(1675525710.785029) vcan0 072#F000FF3F0078A038
(1675525710.785034) vcan0 075#0000000000005458
(1675525710.785038) vcan0 080#FF4F8000C2002C00
(1675525710.785041) vcan0 0B0#398374A200C239A3
(1675525710.785046) vcan0 145#FDD2D280FCC810A1
(1675525710.785050) vcan0 210#93E080A0A869DC45
(1675525710.785054) vcan0 290#0000000000000000
(1675525710.785058) vcan0 2C0#528700740300A0F1
(1675525710.785063) vcan0 2C5#00DF1A6FF0E20070
(1675525710.785065) vcan0 1B0#00C0460004B069FC
(1675525710.785143) vcan0 1B5#FF0C325502E0FFEF
(1675525710.786492) vcan0 1D8#363339343234DA43
(1675525710.786579) vcan0 1E0#0010B34300B917E0
(1675525710.786653) vcan0 288#35DB30CF00000080
(1675525710.786798) vcan0 2C3#528700FFFF985450
(1675525710.786872) vcan0 3B0#00D86C383EB8C400
(1675525710.789025) vcan0 010#008800002FB031F9
(1675525710.789030) vcan0 330#B600000000000000
(1675525710.789034) vcan0 405#0000000000000000
(1675525710.789178) vcan0 008#BF8FCC036A840080
(1675525710.791511) vcan0 360#528700DDB964A041
(1675525710.794065) vcan0 0E0#E27381C000805A00
(1675525710.795514) vcan0 0F5#CA845D85BF7F0186
(1675525710.795594) vcan0 120#B58455857FED5589
(1675525710.795674) vcan0 130#FFC51D5D05A1C711
(1675525710.795751) vcan0 150#130567F656F6EBC0
(1675525710.798040) vcan0 010#008800002FB031F8
(1675525710.798046) vcan0 072#F000FF3F00788038
(1675525710.798124) vcan0 1D0#0000000000000261
(1675525710.798203) vcan0 390#80FF051D0226564F
(1675525710.799489) vcan0 008#CD8FDCF45B840080
(1675525710.799582) vcan0 125#E58C70E4C1D0D735
(1675525710.803538) vcan0 350#A200000000000080
(1675525710.803543) vcan0 055#DCF7FF67B3009C80
(1675525710.803547) vcan0 065#F5E2FFF7018E0002
(1675525710.803552) vcan0 070#000022F800E22C00
(1675525710.803556) vcan0 075#0000000000005458
(1675525710.803562) vcan0 080#FF4F8000C2002C00
(1675525710.803567) vcan0 0B0#398374A200C239A3
(1675525710.803571) vcan0 145#FDC2D380FCC810A1
(1675525710.803649) vcan0 28C#000020000016BE87
(1675525710.803728) vcan0 2B5#4B6D4F6293A64340
(1675525710.804927) vcan0 1B0#00C0470003B069FC
(1675525710.805019) vcan0 1B5#FF10365704E0FFEF
(1675525710.805162) vcan0 1D8#363339343234DA43
(1675525710.805238) vcan0 1E0#0010B30300B917E0
(1675525710.807621) vcan0 010#008800002FB031F8
(1675525710.807696) vcan0 210#93E08020A869DC45
(1675525710.807771) vcan0 291#0000000000000000
(1675525710.808983) vcan0 260#D0FF00AA497487B0
(1675525710.809060) vcan0 2A9#8C260093C0000084
(1675525710.809203) vcan0 008#DD8FECE946840080
(1675525710.811512) vcan0 288#39DB40BF00000080
(1675525710.811599) vcan0 290#0000000000000000
(1675525710.812994) vcan0 072#F000FF3F0078A038
(1675525710.814522) vcan0 0E0#E27380C800803B00
(1675525710.814603) vcan0 0F5#B4844F85BF43F187
(1675525710.814682) vcan0 120#AF8444857FF05589
(1675525710.814758) vcan0 130#87C51D4F059FC211
(1675525710.814837) vcan0 150#0205690657F6ECC0
(1675525710.817169) vcan0 010#008800002FB031F8
(1675525710.818531) vcan0 1D0#0000000000000061
(1675525710.818611) vcan0 008#EB8FFCDA37840080
(1675525710.820029) vcan0 125#E56E70E4C1D0D735
(1675525710.824059) vcan0 055#DBF7FF67B3009C80
(1675525710.824064) vcan0 065#F8E2FFF7018E0002
(1675525710.824068) vcan0 070#000023F800E22D00
(1675525710.824073) vcan0 075#0000000000005458
(1675525710.824077) vcan0 080#FF4F8000C2002C00
(1675525710.824092) vcan0 0B0#398375A200C239A3
(1675525710.824096) vcan0 145#FDB2D480FCC810A1
(1675525710.824101) vcan0 370#0721C000611BC71F
(1675525710.824105) vcan0 1B0#00C0470003B06AFC
(1675525710.824245) vcan0 1B5#FF13395806E0FFEF
(1675525710.825434) vcan0 1D8#363339343234DA43
(1675525710.825525) vcan0 1E0#0014A34300B917E0
(1675525710.825599) vcan0 2C3#528700FFFF985450
(1675525710.828066) vcan0 010#008800002FB031F8
(1675525710.828071) vcan0 072#F000FF3F00788038
(1675525710.829485) vcan0 008#F88F0CB53F840080
(1675525710.832125) vcan0 210#93E080A0A869DC4D
(1675525710.833472) vcan0 0E0#E2737CD000801F00
(1675525710.834983) vcan0 0F5#A5844185BF47E187
(1675525710.835064) vcan0 120#A4843B857FEE5589
(1675525710.835142) vcan0 130#8FC51D41059DC511
(1675525710.835231) vcan0 150#F304671657F6ECC0
(1675525710.835310) vcan0 288#2DDB40BF00000080
(1675525710.837611) vcan0 010#008800002FB031F8
(1675525710.837691) vcan0 1D0#0000000000000061
(1675525710.838982) vcan0 291#0000000000000000
(1675525710.839135) vcan0 260#D0FF00AA497487B0
(1675525710.839213) vcan0 008#06901CAC29840080
(1675525710.839293) vcan0 125#E54C70E4C1D0D735
(1675525710.841618) vcan0 055#DBF7FF67B3009C80
(1675525710.841697) vcan0 065#F9E2FFF7038E0002
(1675525710.844438) vcan0 070#000023F800E22D00
(1675525710.844593) vcan0 075#0000000000005458
(1675525710.844669) vcan0 080#FF4F8000C2002C00
(1675525710.844743) vcan0 072#F000FF3F0078A038
(1675525710.844817) vcan0 0B0#398375A200C239A3
(1675525710.844890) vcan0 145#FDA2D580FCC810A1
(1675525710.845044) vcan0 28C#000020000016BE88
(1675525710.845118) vcan0 290#0000000000000000
(1675525710.845192) vcan0 2B5#4B6D4F6293A64340
(1675525710.845267) vcan0 2C0#528700710300A0F1
(1675525710.845342) vcan0 1B0#00C0470003B06AFC
(1675525710.845485) vcan0 1B5#FF163D5A07E0FFEF
(1675525710.845560) vcan0 1D8#363339343234DA43
(1675525710.846007) vcan0 1E0#0018934300B917E0
(1675525710.846083) vcan0 2C5#00DF1A6DF4E20070
(1675525710.846158) vcan0 340#6700000000000000
(1675525710.846231) vcan0 3AF#0000000000000020
(1675525710.848528) vcan0 010#008800002FB031F8
(1675525710.848603) vcan0 2A9#8C26008AC0000084
(1675525710.850290) vcan0 008#16902CB005840080
(1675525710.852605) vcan0 0E0#E27379D800800200
(1675525710.853930) vcan0 0F5#A8842F85BF4BD188
(1675525710.854031) vcan0 120#94842F857FF15589
(1675525710.855435) vcan0 130#97C51D2F059FC211
(1675525710.855531) vcan0 150#EB04662658F6E4C0
(1675525710.858046) vcan0 010#008800002FB031F8
(1675525710.858051) vcan0 072#F000FF3F00788038
(1675525710.858204) vcan0 1D0#0000000000000861
(1675525710.858282) vcan0 210#93E080A0A869DC45
(1675525710.859507) vcan0 008#24903C8B0C840080
(1675525710.859588) vcan0 125#E53070E4C1D0D735
(1675525710.862430) vcan0 288#39DB40BF00000080
(1675525710.862526) vcan0 055#DBF7FF67B3009C80
(1675525710.862678) vcan0 065#FBE2FFF7018E0002
(1675525710.862756) vcan0 070#000023F800E22E00
(1675525710.862834) vcan0 075#0000000000005458
(1675525710.862912) vcan0 080#FF4F8000C2002C00
(1675525710.862991) vcan0 0B0#398375A200C239A3
(1675525710.863078) vcan0 145#FD92D680FCC810A1
(1675525710.865076) vcan0 1B0#00C0480003B06AFC
(1675525710.865083) vcan0 1B5#FF19405B09E0FFEF
(1675525710.865227) vcan0 1D8#363339343234DA43
(1675525710.865301) vcan0 1E0#0018930300B917E0
(1675525710.865378) vcan0 2C3#528700FFFF985450
(1675525710.867558) vcan0 010#008800002FB031F9
(1675525710.868979) vcan0 291#0000000000000000
(1675525710.869055) vcan0 260#D0FF0055497487B0
(1675525710.869143) vcan0 330#B600000000000000
(1675525710.869274) vcan0 425#0000000000000000
(1675525710.869348) vcan0 008#31904C7505840080
(1675525710.871640) vcan0 290#0000000000000000
(1675525710.872985) vcan0 072#F000FF3F0078A038
(1675525710.874520) vcan0 0E0#E27379E00080E200
(1675525710.874599) vcan0 0F5#A0842385BF4FC188
(1675525710.874689) vcan0 120#888419857FF25589
(1675525710.874767) vcan0 130#9FC51D23059BC711
(1675525710.874845) vcan0 150#E104693658F6DEC0
(1675525710.877119) vcan0 010#008800002FB031F8
(1675525710.877200) vcan0 1D0#0000000000000261
(1675525710.878487) vcan0 008#3A905C7AE8830080
(1675525710.880062) vcan0 125#E51870E4C1D0D735
(1675525710.884103) vcan0 055#DAF7FF67B3009C80
(1675525710.884107) vcan0 065#FBE2FFF7018E0002
(1675525710.884112) vcan0 070#000024F800E22F00
(1675525710.884116) vcan0 075#0000000000005458
(1675525710.884121) vcan0 080#FF4F8000C2002C00
(1675525710.884125) vcan0 0B0#398376A200C239A3
(1675525710.884129) vcan0 145#FD82D780FCC810A1
(1675525710.884133) vcan0 210#93E080A0A869DC4D
(1675525710.884138) vcan0 28C#000020000016BE88
(1675525710.884142) vcan0 2B5#4B6D4F6293A6433F
(1675525710.884146) vcan0 1B0#00C0480002B06BFC
(1675525710.884219) vcan0 1B5#FF1B435D0BE0FFEF
(1675525710.885493) vcan0 1D8#363339343234DA43
(1675525710.885581) vcan0 1E0#001C834300B917E0
(1675525710.885657) vcan0 288#45DB40BF00000080
(1675525710.888077) vcan0 010#008800002FB031F8
(1675525710.888083) vcan0 072#F000FF3F00788038
(1675525710.888225) vcan0 2A9#8C260093C0000084
(1675525710.889510) vcan0 008#46906C7BCB830080
(1675525710.892047) vcan0 350#A200000000000080
(1675525710.892122) vcan0 360#528700DCB964A041
(1675525710.893438) vcan0 0E0#E27377E80080C400
(1675525710.897595) vcan0 0F5#82841985BF53B188
(1675525710.897600) vcan0 120#888409857FF05589
(1675525710.897605) vcan0 130#A7C51D190595CA11
(1675525710.897617) vcan0 150#CE046D4659F6E1C0
(1675525710.897621) vcan0 3C8#5287008E882C008E
(1675525710.897625) vcan0 3CA#00000000530000C8
(1675525710.897699) vcan0 010#008800002FB031F8
(1675525710.897773) vcan0 1D0#0000000000000061
(1675525710.897847) vcan0 291#0000000000000000
(1675525710.897921) vcan0 390#80FF051D021E584F
(1675525710.897997) vcan0 260#D0FF0055497487B0
(1675525710.898990) vcan0 008#4F907C86A7830080
(1675525710.899079) vcan0 125#E50170E4C1D0D735
(1675525710.904709) vcan0 055#DAF7FF67B3009C80
(1675525710.904714) vcan0 065#FAE2FFF7008E0002
(1675525710.904718) vcan0 070#000024F800E22F00
(1675525710.904722) vcan0 072#F000FF3F0078A038
(1675525710.904727) vcan0 075#0000000000005458
(1675525710.904731) vcan0 080#FF4F8000C2002C00
(1675525710.904738) vcan0 0B0#398376A200C239A3
(1675525710.904742) vcan0 145#FD72D880FCC810A1
(1675525710.904746) vcan0 290#0000000000000000
(1675525710.904751) vcan0 2C0#528700720300A0F1
(1675525710.904828) vcan0 1B0#00C0490005B06CFC
(1675525710.904906) vcan0 1B5#FF1E475E0CE0FFEF
(1675525710.904984) vcan0 1D8#363339343234DA43
(1675525710.905991) vcan0 1E0#0020734300B917E0
(1675525710.906086) vcan0 2C3#528700FFFF985450
(1675525710.906164) vcan0 2C5#00DF1A69F9E20070
(1675525710.906242) vcan0 3B0#00D86C383EB8C400
(1675525710.908574) vcan0 010#008800002FB031F8
(1675525710.908578) vcan0 210#93E080A0A869DC4D
(1675525710.908583) vcan0 3D0#8B0F6100C50580C3
(1675525710.908587) vcan0 008#56908CA175830080
(1675525710.910012) vcan0 288#45DB50AF00000080
(1675525710.912539) vcan0 430#3F083D00000016A6
(1675525710.913914) vcan0 0E0#E27374F00080A700
(1675525710.914060) vcan0 0F5#73840A85BF57A189
(1675525710.914134) vcan0 120#7B84FD847FED5589
(1675525710.915553) vcan0 130#AFC51D0A0594CA11
(1675525710.915629) vcan0 150#BF046E565BF6E0C0
(1675525710.918029) vcan0 010#008800002FB031F8
(1675525710.918034) vcan0 072#F000FF3F00788038
(1675525710.918039) vcan0 1D0#0000000000000061
(1675525710.918181) vcan0 400#010300010100011D
(1675525710.919517) vcan0 008#5F909CBA43830080
(1675525710.919593) vcan0 125#E5F46FE4C1D0D735
(1675525710.922190) vcan0 055#D9F7FF67B3009C80
(1675525710.922616) vcan0 065#FCE2FFF7008E0002
(1675525710.922761) vcan0 070#000024F800E23000
(1675525710.922835) vcan0 075#0000000000005458
(1675525710.925030) vcan0 080#FF4F8000C2002C00
(1675525710.925110) vcan0 0B0#398376A200C239A3
(1675525710.925189) vcan0 145#FD62D980FCC810A1
(1675525710.925267) vcan0 28C#000020000016BE88
(1675525710.925417) vcan0 2B5#4B6D4F6293A6433F
(1675525710.925495) vcan0 340#6700000000000000
(1675525710.925573) vcan0 370#0721C000611BC71F
(1675525710.925652) vcan0 1B0#00C0490004B06DFC
(1675525710.925730) vcan0 1B5#FF214A600EE0FFEF
(1675525710.925809) vcan0 1D8#363339343234DA43
(1675525710.925887) vcan0 1E0#0020730300B917E0
(1675525710.927552) vcan0 010#008800002FB031F8
(1675525710.927706) vcan0 291#0000000000000000
(1675525710.927785) vcan0 2A9#8C26008AC0000084
(1675525710.929011) vcan0 260#D0FF0055497487B0
(1675525710.929091) vcan0 008#6390ACFEEC820080
(1675525710.931619) vcan0 290#0000000000000000
(1675525710.932904) vcan0 072#F000FF3F0078A038
(1675525710.933060) vcan0 210#93E080A0A869DC45
(1675525710.937056) vcan0 0E0#E27373F800808800
(1675525710.937061) vcan0 0F5#7284F484BF5B9189
(1675525710.937065) vcan0 120#6684E2847FEF5589
(1675525710.937069) vcan0 130#B7C51DF4049BC511
(1675525710.937074) vcan0 150#B30470665CF6DCC0
(1675525710.937078) vcan0 288#56DB50AF00000080
(1675525710.937082) vcan0 010#008800002FB031F8
(1675525710.939550) vcan0 1D0#0000000000000861
(1675525710.939555) vcan0 008#6890BC14C1820080
(1675525710.939560) vcan0 125#E5E96FE4C1D0D735
(1675525710.942112) vcan0 055#D9F7FF67B3009C80
(1675525710.945030) vcan0 065#FCE2FFF7008E0002
(1675525710.945110) vcan0 070#000025F800E23000
(1675525710.945198) vcan0 075#0000000000005458
(1675525710.945277) vcan0 080#FF4F8000C2002C00
(1675525710.945356) vcan0 0B0#398377A200C239A3
(1675525710.945434) vcan0 145#FD52DA80FCC810A1
(1675525710.945512) vcan0 1B0#00C04A0004B06EFC
(1675525710.945588) vcan0 1B5#FF244D6110E0FFEF
(1675525710.945740) vcan0 1D8#363339343234DA43
(1675525710.945818) vcan0 1E0#0024634300B917E0
(1675525710.945897) vcan0 2C3#528700FFFF985450
(1675525710.947542) vcan0 010#008800002FB031F9
(1675525710.948979) vcan0 072#F000FF3F00788038
(1675525710.949059) vcan0 330#B600000000000000
(1675525710.949144) vcan0 008#6C90CC566B820080
(1675525710.952859) vcan0 0E0#E27375C000806600
(1675525710.954258) vcan0 0F5#6884E384BF5F818A
(1675525710.954334) vcan0 120#5A84E3847FF05589
(1675525710.954418) vcan0 130#BFC21DE3049CC511
(1675525710.955742) vcan0 150#A50472765EF6DAC0
(1675525710.959820) vcan0 010#008800002FB031F8
(1675525710.959825) vcan0 1D0#0000000000000261
(1675525710.959829) vcan0 210#93E08020A869DC4D
(1675525710.959834) vcan0 291#0000000000000000
(1675525710.959838) vcan0 260#D0FF00AA497487B0
(1675525710.959843) vcan0 008#6F90DC842A820080
(1675525710.959846) vcan0 125#E5E06FE4C1D0D735
(1675525710.959851) vcan0 288#66DB50AF00000080
(1675525710.961242) vcan0 055#D9F7FF67B3009C80
(1675525710.965337) vcan0 065#FCE2FFF7008E0002
(1675525710.965342) vcan0 070#000025F800E23100
(1675525710.965347) vcan0 072#F000FF3F0078A038
(1675525710.965351) vcan0 075#0000000000005458
(1675525710.965355) vcan0 080#FF4F8000C2002C00
(1675525710.965390) vcan0 0B0#398377A200C239A3
(1675525710.965394) vcan0 145#FD42DB80FCC810A1
(1675525710.965398) vcan0 28C#000020000016BE89
(1675525710.965402) vcan0 290#0000000000000000
(1675525710.965406) vcan0 2B5#4B6D4F6293A6433F
(1675525710.965410) vcan0 2C0#528700730300A0F1
(1675525710.965414) vcan0 1B0#00C04A0002B06FFC
(1675525710.965419) vcan0 1B5#FF27506211E0FFEF
(1675525710.965423) vcan0 1D8#363339343234DA43
(1675525710.965492) vcan0 1E0#0028534300B917E0
(1675525710.966683) vcan0 2C5#00DF1A67FBE20070
(1675525710.966776) vcan0 3AF#0000000000000020
(1675525710.969319) vcan0 010#008800002FB031F8
(1675525710.969323) vcan0 2A9#8C260082C0000084
(1675525710.969328) vcan0 008#7190ECC2DB810080
(1675525710.973068) vcan0 0E0#E27372C800804900
(1675525710.974521) vcan0 0F5#4E84D784BF63718A
(1675525710.974598) vcan0 120#4C84CD847FF35589
(1675525710.974672) vcan0 130#C7C21DD70498C511
(1675525710.974747) vcan0 150#9304788661F6DCC0
(1675525710.977142) vcan0 010#008800002FB031F8
(1675525710.978477) vcan0 072#F000FF3F00788038
(1675525710.978553) vcan0 1D0#0000000000000061
(1675525710.978629) vcan0 008#7190FC0984810080
(1675525710.978702) vcan0 125#E5DE6FE4C1D0D735
(1675525710.981096) vcan0 350#A200000000000080
(1675525710.985085) vcan0 055#D8F7FF67B3009C80
(1675525710.985090) vcan0 065#FDE2FFF7008E0002
(1675525710.985094) vcan0 070#000026F800E23100
(1675525710.985098) vcan0 075#0000000000005458
(1675525710.985103) vcan0 080#FF4F8000C2002C00
(1675525710.985107) vcan0 0B0#398377A200C239A3
(1675525710.985114) vcan0 145#FD32DC80FCC810A1
(1675525710.985118) vcan0 210#93E080A0A869DC45
(1675525710.985122) vcan0 1B0#00C04C0004B070FC
(1675525710.985136) vcan0 1B5#FF2A536413E0FFEF
(1675525710.985140) vcan0 1D8#363339343234DA43
(1675525710.985204) vcan0 1E0#0028530300B917E0
(1675525710.985285) vcan0 288#83DB50AF00000080
(1675525710.986581) vcan0 2C3#528700FFFF985450
(1675525710.989068) vcan0 010#008800002FB031F8
(1675525710.989073) vcan0 291#0000000000000000
(1675525710.989077) vcan0 260#D0FF00AA497487B0
(1675525710.989081) vcan0 008#73900C3843810080
(1675525710.991627) vcan0 290#0000000000000000
(1675525710.992917) vcan0 072#F000FF3F0078A038
(1675525710.993010) vcan0 360#528700DBB964A041
(1675525710.994477) vcan0 0E0#E27370D000802B00
(1675525710.994581) vcan0 0F5#5084D284BF67618A
(1675525710.994654) vcan0 120#3884BC847FF45589
(1675525710.994730) vcan0 130#CFBF1DD2048DC711
(1675525710.994804) vcan0 150#9104819664F6CEC0
(1675525710.997143) vcan0 010#008800002FB031F8
(1675525710.997220) vcan0 1D0#0000000000000061
(1675525710.999582) vcan0 390#80FF051D021E584F
(1675525710.999587) vcan0 008#73901C6803810080
(1675525710.999661) vcan0 125#E5DE6FE4C1D0D735
(1675525711.002122) vcan0 055#D8F7FF67B3009C80
(1675525711.005012) vcan0 065#FDE2FFF7018E0002
(1675525711.005092) vcan0 070#000026F800E23200
(1675525711.005170) vcan0 075#0000000000005458
(1675525711.005249) vcan0 080#FF4F8000C2002C00
(1675525711.005401) vcan0 0B0#398377A200C239A3
(1675525711.005480) vcan0 145#FD22DD80FCC810A1
(1675525711.005570) vcan0 28C#000020000016BE89
(1675525711.005649) vcan0 2B5#4B6D4F6293A6433F
(1675525711.005725) vcan0 340#6600000000000000
(1675525711.005804) vcan0 1B0#00C04C0001B071FC
(1675525711.005883) vcan0 1B5#FF2C566514E0FFEF
(1675525711.006033) vcan0 1D8#363339343234DA43
(1675525711.006112) vcan0 1E0#002C434300B917E0
(1675525711.007660) vcan0 010#008800002FB031F8
(1675525711.007738) vcan0 072#F000FF3F00788038
(1675525711.007816) vcan0 210#95E080A0A869DC45
(1675525711.009019) vcan0 2A9#8C26009BC0000084
(1675525711.009098) vcan0 008#73902C9AC2800080
(1675525711.010519) vcan0 288#77DB609F00000080
(1675525711.013110) vcan0 0E0#E2736DD800800E00
(1675525711.014491) vcan0 0F5#3584BA84BF6B518B
(1675525711.014578) vcan0 120#2984AA847FF35589
(1675525711.014663) vcan0 130#D7BF1DBA0495C711
(1675525711.014738) vcan0 150#770483A668F6D8C0
(1675525711.017044) vcan0 3C8#5287008E882C008E
(1675525711.017049) vcan0 3CA#00000000540000C8
(1675525711.017123) vcan0 010#008800002FB031F8
(1675525711.017199) vcan0 1D0#0000000000000861
(1675525711.019537) vcan0 291#0000000000000000
(1675525711.019542) vcan0 260#D0FF00AA497487B0
(1675525711.019547) vcan0 008#73903CA7A5800080
(1675525711.019621) vcan0 125#E5E06FE4C1D0D735
(1675525711.022142) vcan0 055#D7F7FF67B3009C80
(1675525711.024957) vcan0 065#FEE2FFF7008E0002
(1675525711.025044) vcan0 070#000027F800E23300
(1675525711.025198) vcan0 075#0000000000005458
(1675525711.025276) vcan0 072#F000FF3F0078A038
(1675525711.025355) vcan0 080#FF4F8000C2002C00
(1675525711.025454) vcan0 0B0#398377A200C239A3
(1675525711.025533) vcan0 145#FD12DE80FCC810A1
(1675525711.025611) vcan0 290#0000000000000000
(1675525711.025689) vcan0 2C0#528700710300A0F1
(1675525711.025840) vcan0 2C5#00DF1B62FDE20070
(1675525711.025917) vcan0 370#0721C000611BC71F
(1675525711.026006) vcan0 1B0#00C04C0004B071FC
(1675525711.026085) vcan0 1B5#FF2F596716E0FFEF
(1675525711.026163) vcan0 1D8#363339343234DA43
(1675525711.026242) vcan0 1E0#0030334300B917E0
(1675525711.027634) vcan0 2C3#528700FFFF985450
(1675525711.027639) vcan0 3B0#00D86C383EB8C600
(1675525711.027644) vcan0 3E0#000000D932808090
(1675525711.027648) vcan0 010#008800002FB031F9
(1675525711.027797) vcan0 330#B600000000000000
(1675525711.029058) vcan0 008#73904CB488800080
(1675525711.033029) vcan0 0E0#E2736EE00080ED00
(1675525711.035431) vcan0 210#95E080A0A869DC4D
(1675525711.035436) vcan0 0F5#2A84AF84BF6F418B
(1675525711.035440) vcan0 120#2684A5847FF75589
(1675525711.035444) vcan0 130#DFBF1DAF0490C711
(1675525711.035449) vcan0 150#6C047DB66DF6D3C0
(1675525711.036860) vcan0 288#7BDB609F00000080
(1675525711.039576) vcan0 008#73905CD656800080
(1675525711.039581) vcan0 125#E5E06FE4C1D0D735
(1675525711.039657) vcan0 010#008800002FB031F8
(1675525711.039731) vcan0 072#F000FF3F00788038
(1675525711.039873) vcan0 1D0#0000000000000261
(1675525711.039949) vcan0 405#3156590000000010
(1675525711.042393) vcan0 055#D7F7FF67B3009C80
(1675525711.042469) vcan0 065#FEE2FFF7008E0002
(1675525711.042545) vcan0 070#000027F800E23300
(1675525711.042629) vcan0 075#0000000000005458
(1675525711.042773) vcan0 080#FF4F8000C2002C00
(1675525711.042846) vcan0 0B0#398377A200C239A3
(1675525711.045074) vcan0 145#FD02DF80FCC810A1
(1675525711.045079) vcan0 28C#000020000016BE89
(1675525711.045083) vcan0 2B5#4B6D4E6293A6433F
(1675525711.045087) vcan0 1B0#00C04D0004B071FC
(1675525711.045092) vcan0 1B5#FF325C6817E0FFEF
(1675525711.045096) vcan0 1D8#363339343234DA43
(1675525711.045242) vcan0 1E0#0030330300B917E0
(1675525711.047555) vcan0 260#D0FF0055497487B0
(1675525711.050014) vcan0 008#73906CD547800080
(1675525711.050097) vcan0 010#008800002FB031F8
(1675525711.050179) vcan0 291#0000000000000000
(1675525711.050278) vcan0 2A9#8C260082C0000084
(1675525711.051617) vcan0 290#0000000000000000
(1675525711.055441) vcan0 0E0#E27374E80080C700
(1675525711.055447) vcan0 072#F000FF3F0078A038
(1675525711.055451) vcan0 0F5#18849B84BF73318B
(1675525711.055455) vcan0 120#12849D847FFC5589
(1675525711.055597) vcan0 130#E7BF1D9D0492C711
(1675525711.056092) vcan0 150#590480C671F6D6C0
(1675525711.057996) vcan0 008#76907CE623800080
(1675525711.059311) vcan0 010#008800002FB031F8
(1675525711.059400) vcan0 125#E5DE6FE4C1D0D735
(1675525711.059473) vcan0 1D0#0000000000000061
(1675525711.059617) vcan0 210#95E080A0A869DC45
(1675525711.061955) vcan0 288#8FDB609F00000080
(1675525711.061960) vcan0 055#D6F7FF67B3009C80
(1675525711.062035) vcan0 065#FEE2FFF7008E0002
(1675525711.062178) vcan0 070#000027F800E23400
(1675525711.062252) vcan0 075#0000000000005458
(1675525711.063391) vcan0 080#FF4F8000C2002C00
(1675525711.063466) vcan0 0B0#398377A200C239A3
(1675525711.063542) vcan0 145#FDF2D080FCC810A1
(1675525711.064812) vcan0 1B0#00C04C0003B073FC
(1675525711.064907) vcan0 1B5#FF345F6919E0FFEF
(1675525711.065058) vcan0 1D8#363339343234DA43
(1675525711.065143) vcan0 1E0#0034234300B917E0
(1675525711.065213) vcan0 2C3#528700FFFF985450
(1675525711.067480) vcan0 010#008800002FB031F8
(1675525711.068900) vcan0 072#F000FF3F00788038
(1675525711.068979) vcan0 008#76908CD623800080
(1675525711.070395) vcan0 350#A200000000000080
(1675525711.073004) vcan0 0E0#E27374F00080A700
(1675525711.074396) vcan0 0F5#0A848884BF77218C
(1675525711.074472) vcan0 120#FC8380847FFA5589
(1675525711.074545) vcan0 130#EFBF1D880497C211
(1675525711.076895) vcan0 150#490485D676F6D6C0
(1675525711.076900) vcan0 010#008800002FB031F8
(1675525711.078381) vcan0 1D0#0000000000000061
(1675525711.078457) vcan0 291#0000000000000000
(1675525711.078533) vcan0 260#D0FF0055497487B0
(1675525711.078606) vcan0 008#78909CC423800080
(1675525711.079881) vcan0 125#E5DB6FE4C1D0D735
(1675525711.082534) vcan0 055#D6F7FF67B3009C80
(1675525711.082539) vcan0 065#FFE200F8008E0102
(1675525711.082543) vcan0 070#000028F800E23500
(1675525711.082617) vcan0 072#F000FF3F0078A038
(1675525711.082760) vcan0 075#0000000000005458
(1675525711.082835) vcan0 080#FF4F8000C2002C00
(1675525711.082910) vcan0 0B0#398378A200C239A3
(1675525711.087958) vcan0 145#FDE2D180FCC810A1
(1675525711.087967) vcan0 210#95E080A0A869DC4D
(1675525711.087980) vcan0 28C#000020000016BE89
(1675525711.087984) vcan0 290#0000000000000000
(1675525711.087988) vcan0 2B5#4B6D4E6293A64340
(1675525711.087993) vcan0 1B0#00C04C0003B073FC
(1675525711.087997) vcan0 1B5#FF37626B1AE0FFEF
(1675525711.088002) vcan0 1D8#363339343234DA43
(1675525711.088004) vcan0 1E0#0038134300B917E0
(1675525711.088008) vcan0 288#B4DB609F00000080
(1675525711.088013) vcan0 2C0#528700720300A0F1
(1675525711.088017) vcan0 2C5#00DF1B60FEE20070
(1675525711.088021) vcan0 340#6600000000000000
(1675525711.088025) vcan0 3AF#0000000000000020
(1675525711.088092) vcan0 010#008800002FB031F8
(1675525711.088243) vcan0 2A9#8C26009BC0000084
(1675525711.089383) vcan0 008#7890ACA532800080
(1675525711.091996) vcan0 360#528700DAB964A041
(1675525711.093365) vcan0 0E0#E27370F800808B00
(1675525711.094895) vcan0 0F5#00847784BF7B118C
(1675525711.094973) vcan0 120#EF8368847FF85589
(1675525711.095052) vcan0 130#F7BF1D770498BC11
(1675525711.095204) vcan0 150#3B0491E67CF6D4C0
(1675525711.097532) vcan0 010#008800002FB031F8
(1675525711.097611) vcan0 072#F000FF3F00788038
(1675525711.097690) vcan0 1D0#0000000000000861
(1675525711.097842) vcan0 390#80FF051D021A594F
(1675525711.098904) vcan0 008#7890BC9532800080
(1675525711.098984) vcan0 125#E5D86FE4C1D0D735
(1675525711.101488) vcan0 055#D5F7FF67B3009C80
(1675525711.101566) vcan0 065#00E300F8008E0102
(1675525711.102858) vcan0 070#000028F800E23500
(1675525711.103011) vcan0 075#0000000000005458
(1675525711.103090) vcan0 080#FF4F8000C2002C00
(1675525711.103178) vcan0 0B0#398378A200C239A3
(1675525711.103256) vcan0 145#FDD2D280FCC810A1
(1675525711.105480) vcan0 1B0#00C04D0002B072FC
(1675525711.105485) vcan0 1B5#FF3A656C1CE0FFEF
(1675525711.105489) vcan0 1D8#363339343234DB43
(1675525711.105562) vcan0 1E0#0038130300B917E0
(1675525711.105637) vcan0 2C3#528700FFFF985450
(1675525711.107971) vcan0 010#008800002FB031F9
(1675525711.111917) vcan0 210#95E08020A869DC4D
(1675525711.111922) vcan0 291#0000000000000000
(1675525711.111927) vcan0 330#B600000000000000
(1675525711.111931) vcan0 260#D0FF0055497487B0
(1675525711.111935) vcan0 3D0#8B0F6100C50580C3
(1675525711.111939) vcan0 008#7890CC8532800080
(1675525711.111944) vcan0 288#C0DB708F00000080
(1675525711.111948) vcan0 290#0000000000000000
(1675525711.112021) vcan0 072#F000FF3F0078A038
(1675525711.113361) vcan0 0E0#E2736FC000806C00
(1675525711.114857) vcan0 0F5#ED836A84BF7F018D
(1675525711.114937) vcan0 120#DF8360847FF85589
(1675525711.115016) vcan0 130#FFBF1D6A0495BC11
(1675525711.115094) vcan0 150#2C0494F682F6D3C0
(1675525711.117485) vcan0 010#008800002FB031F8
(1675525711.117566) vcan0 1D0#0000000000000261
(1675525711.118853) vcan0 008#7A90DC7A2B800080
(1675525711.118933) vcan0 125#E5D56FE4C1D0D735
(1675525711.121486) vcan0 055#D5F7FF67B3009C80
(1675525711.121565) vcan0 065#02E300F8008E0102
(1675525711.125441) vcan0 070#000029F800E23600
(1675525711.125447) vcan0 075#0000000000005458
(1675525711.125451) vcan0 080#FF4F8000C2002C00
(1675525711.125455) vcan0 0B0#398378A200C239A3
(1675525711.125468) vcan0 145#FDC2D380FCC810A1
(1675525711.125472) vcan0 28C#000020000016BE89
(1675525711.125477) vcan0 2B5#4B6D4E6293A64340
(1675525711.125481) vcan0 370#0721C000611BC71F
(1675525711.125485) vcan0 1B0#00C04D0003B073FC
(1675525711.125490) vcan0 1B5#FF3C686D1DE0FFEF
(1675525711.125494) vcan0 1D8#363339343234DA43
(1675525711.125498) vcan0 1E0#003C034300B917E0
(1675525711.128013) vcan0 010#008800002FB031F8
(1675525711.129294) vcan0 072#F000FF3F00788038
(1675525711.129453) vcan0 2A9#8C260082C0000084
(1675525711.129528) vcan0 008#7C90EC5340800080
(1675525711.131998) vcan0 210#95E080A0A869DC45
(1675525711.133396) vcan0 0E0#E2736FC800804C00
(1675525711.137428) vcan0 0F5#E3835684BF43F18D
(1675525711.137433) vcan0 120#CF8347847FFB5589
(1675525711.137444) vcan0 130#87BF1D560499BC11
(1675525711.137448) vcan0 150#1C049A0688F6D3C0
(1675525711.137452) vcan0 288#D5DB708F00000080
(1675525711.137457) vcan0 3C8#5287008E882C008E
(1675525711.137460) vcan0 3CA#00000000550000C8
(1675525711.137536) vcan0 010#008800002FB031F8
(1675525711.137613) vcan0 1D0#0000000000000061
(1675525711.137693) vcan0 291#0000000000000000
(1675525711.138810) vcan0 260#D0FF0055497487B0
(1675525711.138906) vcan0 008#7F90FC314F800080
(1675525711.138985) vcan0 125#E5D36FE4C1D0D735
(1675525711.141420) vcan0 055#D4F7FF67B3009C80
(1675525711.141573) vcan0 065#03E300F8018E0102
(1675525711.144312) vcan0 070#00002AF800E23700
(1675525711.144400) vcan0 075#0000000000005458
(1675525711.144545) vcan0 080#FF4F8000C2002C00
(1675525711.144627) vcan0 0B0#398378A200C239A3
(1675525711.144703) vcan0 072#F000FF3F0078A038
(1675525711.144776) vcan0 145#FDB2D480FCC810A1
(1675525711.144852) vcan0 290#0000000000000000
(1675525711.144995) vcan0 2C0#528700720300A0F1
(1675525711.145069) vcan0 2C5#00DF1B5B01E30070
(1675525711.145143) vcan0 3B0#00FC6C383EB8C400
(1675525711.145218) vcan0 1B0#00C04D0003B073FC
(1675525711.145360) vcan0 1B5#FF3F6B6E1FE0FFEF
(1675525711.145867) vcan0 1D8#363339343234DB43
(1675525711.145959) vcan0 1E0#0000F34300B917E0
(1675525711.146033) vcan0 2C3#528700FFFF985450
(1675525711.148383) vcan0 010#008800002FB031F8
(1675525711.148459) vcan0 008#81900C115D800080
(1675525711.152216) vcan0 0E0#E2736FD000802C00
(1675525711.154695) vcan0 0F5#CF834684BF47E18D
(1675525711.156141) vcan0 120#CE8348847FFF5589
(1675525711.156221) vcan0 130#8FBF1D480497BC11
(1675525711.156300) vcan0 150#0A04A2168DF6D5C0
(1675525711.160167) vcan0 010#008800002FB031F8
(1675525711.160171) vcan0 072#F000FF3F00788038
(1675525711.160176) vcan0 1D0#0000000000000061
(1675525711.160180) vcan0 210#95E080A0A869DC4D
(1675525711.160184) vcan0 008#85901CD981800080
(1675525711.160189) vcan0 125#E5CA6FE4C1D0D735
(1675525711.160193) vcan0 288#02DC708F00000080
(1675525711.161548) vcan0 350#A200000000000080
(1675525711.161643) vcan0 055#D4F7FF67B3009C80
(1675525711.161795) vcan0 065#03E300F8008E0102
(1675525711.161874) vcan0 070#00002AF800E23800
(1675525711.164562) vcan0 075#0000000000005458
(1675525711.164651) vcan0 080#FF4F8000C2002C00
(1675525711.164739) vcan0 0B0#398378A200C239A3
(1675525711.164814) vcan0 145#FDA2D580FCC810A1
(1675525711.164957) vcan0 28C#000020000016BE89
(1675525711.165031) vcan0 2B5#4B6D4E6293A6433F
(1675525711.165107) vcan0 340#6500000000000000
(1675525711.165180) vcan0 1B0#00C04D0003B073FC
(1675525711.165255) vcan0 1B5#FF416D7020E0FFEF
(1675525711.165398) vcan0 1D8#363339343234DB43
(1675525711.165470) vcan0 1E0#0000F30300B917E0
(1675525711.167227) vcan0 010#008800002FB031F8
(1675525711.168634) vcan0 291#0000000000000000
(1675525711.168710) vcan0 2A9#8C26008AC0000084
(1675525711.168785) vcan0 260#D0FF00AA497487B0
(1675525711.168858) vcan0 400#0F0102010100011E
(1675525711.169001) vcan0 008#8A902CB68F800080
(1675525711.171250) vcan0 290#0000000000000000
(1675525711.172675) vcan0 072#F000FF3F0078A038
(1675525711.175163) vcan0 0E0#E2736FD800800C00
(1675525711.175169) vcan0 0F5#C2833684BF4BD18E
(1675525711.175174) vcan0 120#B98330847FFF5589
(1675525711.175177) vcan0 130#97BF1D360499BF11
(1675525711.175252) vcan0 150#FC03AB2690F6D4C0
(1675525711.177724) vcan0 010#008800002FB031F8
(1675525711.179146) vcan0 1D0#0000000000000861
(1675525711.179225) vcan0 008#8F903C7DB3800080
(1675525711.179302) vcan0 125#E5BF6FE4C1D0D735
(1675525711.181638) vcan0 055#D3F7FF67B3009C80
(1675525711.181718) vcan0 065#05E300F8008E0102
(1675525711.181870) vcan0 070#00002BF800E23800
(1675525711.183056) vcan0 075#0000000000005458
(1675525711.183233) vcan0 080#FF4F8000C2002C00
(1675525711.183676) vcan0 0B0#398378A200C239A3
(1675525711.183764) vcan0 145#FD92D680FCC810A1
(1675525711.183844) vcan0 210#95E080A0A869DC45
(1675525711.187173) vcan0 1B0#00C04D0003B072FC
(1675525711.187178) vcan0 1B5#FF43707121E0FFEF
(1675525711.187183) vcan0 1D8#363339343234DB43
(1675525711.187186) vcan0 1E0#0004E34300B917E0
(1675525711.187191) vcan0 288#0EDC708F00000080
(1675525711.187195) vcan0 2C3#528700FFFF985450
(1675525711.187265) vcan0 010#008800002FB031F9
(1675525711.187341) vcan0 072#F000FF3F00788038
(1675525711.188614) vcan0 330#B600000000000000
(1675525711.188702) vcan0 008#95904C58C2800080
(1675525711.191209) vcan0 360#528700DAB964A041
(1675525711.193645) vcan0 0E0#E2736DE00080EE00
(1675525711.195147) vcan0 0F5#B0832884BF4FC18E
(1675525711.195228) vcan0 120#9F8313847FFB5589
(1675525711.195321) vcan0 130#9FBF1D280497C211
(1675525711.195704) vcan0 150#EC03AF3692F6D4C0
(1675525711.197879) vcan0 010#008800002FB031F8
(1675525711.197959) vcan0 1D0#0000000000000261
(1675525711.198111) vcan0 291#0000000000000000
(1675525711.198187) vcan0 390#80FF051D02165A6F
(1675525711.199118) vcan0 260#D0FF00AA497487B0
(1675525711.199211) vcan0 008#9A905C11F4800080
(1675525711.199289) vcan0 125#E5B16FE4C1D0D735
(1675525711.201668) vcan0 055#D3F7FF67B3009C80
(1675525711.201747) vcan0 065#05E300F8018E0102
(1675525711.201898) vcan0 070#00002BF800E23900
(1675525711.204565) vcan0 072#F000FF3F0078A038
(1675525711.204651) vcan0 075#0000000000005458
(1675525711.204726) vcan0 080#FF4F8000C2002C00
(1675525711.204868) vcan0 0B0#398379A200C239A3
(1675525711.204959) vcan0 145#FD82D780FCC810A1
(1675525711.205035) vcan0 28C#000020000016BE8A
(1675525711.205109) vcan0 290#0000000000000000
(1675525711.205185) vcan0 2B5#4B6D4E6293A6433F
(1675525711.205327) vcan0 1B0#00C04C0003B073FC
(1675525711.205401) vcan0 1B5#FF46737223E0FFEF
(1675525711.205476) vcan0 1D8#363339343234DB43
(1675525711.205550) vcan0 1E0#0008D34300B917E0
(1675525711.207165) vcan0 2C0#528700720300A0F1
(1675525711.207169) vcan0 2C5#00DF1B5903E30070
(1675525711.207172) vcan0 3AF#0000000000000020
(1675525711.207247) vcan0 010#008800002FB031F8
(1675525711.207321) vcan0 210#95E080A0A869DC45
(1675525711.208603) vcan0 2A9#8C260093C0000084
(1675525711.208748) vcan0 008#A1906CD518810080
(1675525711.210142) vcan0 288#0EDC807F00000080
(1675525711.212632) vcan0 0E0#E2736DE80080CE00
(1675525711.214149) vcan0 0F5#A5831C84BF53B18E
(1675525711.214229) vcan0 120#9A8311847FFD5589
(1675525711.214307) vcan0 130#A7BF1D1C0493C211
(1675525711.216631) vcan0 150#E003B14693F6D0C0
(1675525711.216712) vcan0 010#008800002FB031F8
(1675525711.218052) vcan0 072#F000FF3F00788038
(1675525711.218145) vcan0 1D0#0000000000000061
(1675525711.219556) vcan0 008#A8907C9A3C810080
(1675525711.219650) vcan0 125#E5A66FE4C1D0D735
(1675525711.222153) vcan0 055#D2F7FF67B3009C80
(1675525711.222305) vcan0 065#05E300F8008E0102
(1675525711.222830) vcan0 070#00002CF800E23A00
(1675525711.222910) vcan0 075#0000000000005458
(1675525711.222988) vcan0 080#FF4F8000C2002C00
(1675525711.223639) vcan0 0B0#398379A200C239A3
(1675525711.223734) vcan0 145#FD72D880FCC810A1
(1675525711.223815) vcan0 370#0721C000611BC71F
(1675525711.225144) vcan0 1B0#00C04D0003B072FC
(1675525711.225221) vcan0 1B5#FF48757324E0FFEF
(1675525711.225295) vcan0 1D8#363339343234DB43
(1675525711.225370) vcan0 1E0#0008D30300B917E0
(1675525711.225513) vcan0 2C3#528700FFFF995450
(1675525711.227659) vcan0 010#008800002FB031F8
(1675525711.227735) vcan0 291#0000000000000000
(1675525711.229058) vcan0 260#D0FF00AA497487B0
(1675525711.229150) vcan0 008#AA908C8143810080
(1675525711.231715) vcan0 290#0000000000000000
(1675525711.233117) vcan0 072#F000FF3F0078A038
(1675525711.233206) vcan0 210#95E080A0A869DC4D
(1675525711.233282) vcan0 0E0#E2736AF00080B100
(1675525711.234638) vcan0 0F5#94830684BF57A18F
(1675525711.234666) vcan0 120#8F83F9837FFF5589
(1675525711.234747) vcan0 130#AFBF1D060499C211
(1675525711.234898) vcan0 150#CD03AE5693F6D3C0
(1675525711.234976) vcan0 288#16DC807F00000080
(1675525711.237219) vcan0 010#008800002FB031F8
(1675525711.238646) vcan0 1D0#0000000000000061
(1675525711.238725) vcan0 008#AE909C5759810080
(1675525711.238805) vcan0 125#E59B6FE4C1D0D735
(1675525711.241145) vcan0 055#D1F7FF67B3009C80
(1675525711.244062) vcan0 065#06E300F8008E0102
(1675525711.244152) vcan0 070#00002DF800E23B00
(1675525711.244228) vcan0 075#0000000000005458
(1675525711.244372) vcan0 080#FF4F8000C2002C00
(1675525711.244445) vcan0 0B0#398379A200C239A3
(1675525711.244519) vcan0 145#FD62D980FCC810A1
(1675525711.244595) vcan0 28C#000020000016BE8A
(1675525711.244677) vcan0 2B5#4B6D4D6293A6433F
(1675525711.244820) vcan0 340#6500000000000000
(1675525711.244894) vcan0 1B0#00C04D0003B073FC
(1675525711.244969) vcan0 1B5#FF4A787425E0FFEF
(1675525711.245042) vcan0 1D8#363339343234DB43
(1675525711.245632) vcan0 1E0#000CC34300B917E0
(1675525711.248189) vcan0 008#B390AC1E7D810080
(1675525711.249436) vcan0 010#008800002FB031F8
(1675525711.249526) vcan0 072#F000FF3F00788038
(1675525711.249600) vcan0 2A9#8C26008AC0000084
(1675525711.251009) vcan0 350#A200000000000080
(1675525711.253590) vcan0 0E0#E2736BF800809000
(1675525711.257535) vcan0 0F5#8583F183BF5B918F
(1675525711.257540) vcan0 120#7983EF837FFF5589
(1675525711.257544) vcan0 130#B7BF1DF1039FBF11
(1675525711.257549) vcan0 150#BB03B86692F6D5C0
(1675525711.257559) vcan0 3C8#5287008E882C008E
(1675525711.257564) vcan0 3CA#00000000560000C8
(1675525711.257568) vcan0 010#008800002FB031F8
(1675525711.257720) vcan0 1D0#0000000000000861
(1675525711.257796) vcan0 210#95E08020A869DC45
(1675525711.259012) vcan0 291#0000000000000000
(1675525711.259090) vcan0 260#D0FF0055497487B0
(1675525711.259169) vcan0 008#BA90BC0E76810080
(1675525711.259247) vcan0 125#E5906FE4C1D0D735
(1675525711.261545) vcan0 288#3BDC807F00000080
(1675525711.261550) vcan0 055#D1F7FF67B3009C80
(1675525711.261629) vcan0 065#07E300F8018E0102
(1675525711.264521) vcan0 070#00002DF800E23C00
(1675525711.264601) vcan0 075#0000000000005458
(1675525711.264680) vcan0 072#F000FF3F0078A038
(1675525711.264756) vcan0 080#FF4F8000C2002C00
(1675525711.264847) vcan0 0B0#398379A200C239A3
(1675525711.264926) vcan0 145#FD52DA80FCC810A1
(1675525711.265003) vcan0 290#0000000000000000
(1675525711.265081) vcan0 2C0#528700740300A0F1
(1675525711.265160) vcan0 2C5#00DF1B5506E30070
(1675525711.265310) vcan0 3B0#00D86C3C3EB8C400
(1675525711.265389) vcan0 1B0#00C04C0003B073FC
(1675525711.265466) vcan0 1B5#FF4D7A7627E0FFEF
(1675525711.265545) vcan0 1D8#363339343234DB43
(1675525711.267027) vcan0 1E0#0010B34300B917E0
(1675525711.267032) vcan0 2C3#528700FFFF995450
(1675525711.267035) vcan0 010#008800002FB031F9
(1675525711.268439) vcan0 330#B600000000000000
(1675525711.268531) vcan0 008#BC90CC0B67810080
(1675525711.272401) vcan0 0E0#E27368C000807300
(1675525711.273670) vcan0 0F5#7783E983BF5F818F
(1675525711.275228) vcan0 120#7183DB837FFF5589
(1675525711.275304) vcan0 130#BFBF1DE90397C211
(1675525711.275380) vcan0 150#B003BE7691F6D0C0
(1675525711.277766) vcan0 010#008800002FB031F8
(1675525711.277842) vcan0 072#F000FF3F00788038
(1675525711.277917) vcan0 1D0#0000000000000261
(1675525711.279257) vcan0 008#C190DC0459810080
(1675525711.279332) vcan0 125#E58B6FE4C1D0D735
(1675525711.281761) vcan0 055#D0F7FF67B3009C80
(1675525711.281838) vcan0 065#07E300F8008E0102
(1675525711.281912) vcan0 070#00002EF800E23D00
(1675525711.284781) vcan0 075#0000000000005458
(1675525711.284861) vcan0 080#FF4F8000C2002C00
(1675525711.284938) vcan0 0B0#398379A200C239A3
(1675525711.285018) vcan0 145#FD42DB80FCC810A1
(1675525711.285096) vcan0 210#94E080A0A869DC4D
(1675525711.285185) vcan0 28C#000020000016BE8A
(1675525711.285262) vcan0 2B5#4B6D4D6293A6433F
(1675525711.285413) vcan0 1B0#00C04C0002B06DFC
(1675525711.285490) vcan0 1B5#FF4F7D7728E0FFEF
(1675525711.285569) vcan0 1D8#363339343234DB43
(1675525711.285648) vcan0 1E0#0010B30300B917E0
(1675525711.285726) vcan0 288#43DC807F00000080
(1675525711.287299) vcan0 010#008800002FB031F8
(1675525711.287405) vcan0 291#0000000000000000
(1675525711.288768) vcan0 2A9#8C260093C0000084
(1675525711.289358) vcan0 405#2AF81EFE46186701
(1675525711.289438) vcan0 260#D0FF0055497487B0
(1675525711.289516) vcan0 008#C390ECF259810080
(1675525711.291344) vcan0 290#0000000000000000
(1675525711.292769) vcan0 072#F000FF3F0078A038
(1675525711.292848) vcan0 360#528700D9B964A041
(1675525711.295331) vcan0 0E0#E27364C800805700
(1675525711.295336) vcan0 0F5#6C83D883BF63718F
(1675525711.295340) vcan0 120#5E83CA837FFE5589
(1675525711.295345) vcan0 130#C7BF1DD80398C211
(1675525711.295417) vcan0 150#A203C1868FF6CEC0
(1675525711.296685) vcan0 010#008800002FB031F8
(1675525711.299292) vcan0 1D0#0000000000000061
(1675525711.299297) vcan0 390#80FF051D02125B4F
(1675525711.299301) vcan0 008#C390FC1427810080
(1675525711.299374) vcan0 125#E5856FE4C1D0D735
(1675525711.301901) vcan0 055#CFF7FF67B3009C80
(1675525711.304782) vcan0 065#08E300F8008E0102
(1675525711.304860) vcan0 070#00002FF800E23E00
(1675525711.304940) vcan0 075#0000000000005458
(1675525711.305018) vcan0 080#FF4F8000C2002C00
(1675525711.305097) vcan0 0B0#398379A200C239A3
(1675525711.305187) vcan0 145#FD32DC80FCC810A1
(1675525711.305265) vcan0 1B0#00C04C0002B070FC
